<?xml version="1.0" encoding="utf-8"?>
<ShowPlanXML xmlns="http://schemas.microsoft.com/sqlserver/2004/07/showplan" Version="1.2" Build="11.0.3412.0">
  <BatchSequence>
    <Batch>
      <Statements>
        <StmtSimple StatementText="&#xD;&#xA;CREATE PROCEDURE [dbo].[spSaveSubmissionInNewSet]&#xD;&#xA;(&#xD;&#xA;&#x9;@submissionGuid UNIQUEIDENTIFIER,&#xD;&#xA;&#x9;@submissionSetPartition DATE,&#xD;&#xA;&#x9;@submissionCreateDateUtc DATETIME,&#x9;&#xD;&#xA;&#x9;@nameId BIGINT,&#xD;&#xA;&#x9;@workflowUriId BIGINT&#xD;&#xA;)&#xD;&#xA;AS&#xD;&#xA;BEGIN&#xD;&#xA;&#x9;-- Creates a new submission and submission set if submission does not already exist. Returns submission's primary key. The caller must provide a transaction to ensure atomicity of saving submission set &#xD;&#xA;&#x9;-- with its submission. &#xD;&#xA;&#x9;SET NOCOUNT ON;&#xD;&#xA;&#x9;&#xD;&#xA;" StatementId="1" StatementCompId="2" StatementType="SET ON/OFF" RetrievedFromCache="true" />
        <StmtSimple StatementText="&#x9;DECLARE @submissionId INT&#xD;&#xA;&#x9;DECLARE @submissionSetId INT&#xD;&#xA;&#x9;DECLARE @submissionIsComplete BIT&#xD;&#xA;&#x9;DECLARE @primaryResultCollectionId INT&#x9;&#xD;&#xA;&#x9;&#xD;&#xA;&#x9;DECLARE @primaryResultCollectionTypeId INT = (SELECT [PkId] FROM [monitoring].[ResultCollectionType] WHERE [Name] = 'Primary')&#xD;&#xA;&#xD;&#xA;&#x9;-- If input does not specify a partition, set it to current system value.&#xD;&#xA;" StatementId="2" StatementCompId="3" StatementType="SELECT" RetrievedFromCache="true" StatementSubTreeCost="0.00329218" StatementEstRows="1" StatementOptmLevel="FULL" QueryHash="0x7FB851F5FCF953DA" QueryPlanHash="0xC9B73CAD6DA8E242" StatementOptmEarlyAbortReason="GoodEnoughPlanFound">
          <StatementSetOptions QUOTED_IDENTIFIER="true" ARITHABORT="false" CONCAT_NULL_YIELDS_NULL="true" ANSI_NULLS="true" ANSI_PADDING="true" ANSI_WARNINGS="true" NUMERIC_ROUNDABORT="false" />
          <QueryPlan NonParallelPlanReason="MaxDOPSetToOne" CachedPlanSize="16" CompileTime="3" CompileCPU="3" CompileMemory="328">
            <MemoryGrantInfo SerialRequiredMemory="0" SerialDesiredMemory="0" />
            <OptimizerHardwareDependentProperties EstimatedAvailableMemoryGrant="193313" EstimatedPagesCached="773254" EstimatedAvailableDegreeOfParallelism="1" />
            <RelOp NodeId="0" PhysicalOp="Compute Scalar" LogicalOp="Compute Scalar" EstimateRows="1" EstimateIO="0" EstimateCPU="1e-007" AvgRowSize="11" EstimatedTotalSubtreeCost="0.00329218" Parallel="0" EstimateRebinds="0" EstimateRewinds="0" EstimatedExecutionMode="Row">
              <OutputList>
                <ColumnReference Column="Expr1004" />
              </OutputList>
              <ComputeScalar>
                <DefinedValues>
                  <DefinedValue>
                    <ColumnReference Column="Expr1004" />
                    <ScalarOperator ScalarString="[Expr1006]">
                      <Identifier>
                        <ColumnReference Column="Expr1006" />
                      </Identifier>
                    </ScalarOperator>
                  </DefinedValue>
                </DefinedValues>
                <RelOp NodeId="1" PhysicalOp="Nested Loops" LogicalOp="Left Outer Join" EstimateRows="1" EstimateIO="0" EstimateCPU="4.18e-006" AvgRowSize="11" EstimatedTotalSubtreeCost="0.00329208" Parallel="0" EstimateRebinds="0" EstimateRewinds="0" EstimatedExecutionMode="Row">
                  <OutputList>
                    <ColumnReference Column="Expr1006" />
                  </OutputList>
                  <NestedLoops Optimized="0">
                    <RelOp NodeId="2" PhysicalOp="Constant Scan" LogicalOp="Constant Scan" EstimateRows="1" EstimateIO="0" EstimateCPU="1.157e-006" AvgRowSize="9" EstimatedTotalSubtreeCost="1.157e-006" Parallel="0" EstimateRebinds="0" EstimateRewinds="0" EstimatedExecutionMode="Row">
                      <OutputList />
                      <ConstantScan />
                    </RelOp>
                    <RelOp NodeId="3" PhysicalOp="Assert" LogicalOp="Assert" EstimateRows="1" EstimateIO="0" EstimateCPU="4.8e-007" AvgRowSize="11" EstimatedTotalSubtreeCost="0.00328674" Parallel="0" EstimateRebinds="0" EstimateRewinds="0" EstimatedExecutionMode="Row">
                      <OutputList>
                        <ColumnReference Column="Expr1006" />
                      </OutputList>
                      <Assert StartupExpression="0">
                        <RelOp NodeId="4" PhysicalOp="Stream Aggregate" LogicalOp="Aggregate" EstimateRows="1" EstimateIO="0" EstimateCPU="1.1e-006" AvgRowSize="19" EstimatedTotalSubtreeCost="0.00328626" Parallel="0" EstimateRebinds="0" EstimateRewinds="0" EstimatedExecutionMode="Row">
                          <OutputList>
                            <ColumnReference Column="Expr1005" />
                            <ColumnReference Column="Expr1006" />
                          </OutputList>
                          <StreamAggregate>
                            <DefinedValues>
                              <DefinedValue>
                                <ColumnReference Column="Expr1005" />
                                <ScalarOperator ScalarString="Count(*)">
                                  <Aggregate AggType="countstar" Distinct="0" />
                                </ScalarOperator>
                              </DefinedValue>
                              <DefinedValue>
                                <ColumnReference Column="Expr1006" />
                                <ScalarOperator ScalarString="ANY([TexusResults].[monitoring].[ResultCollectionType].[PkId])">
                                  <Aggregate Distinct="0" AggType="ANY">
                                    <ScalarOperator>
                                      <Identifier>
                                        <ColumnReference Database="[TexusResults]" Schema="[monitoring]" Table="[ResultCollectionType]" Column="PkId" />
                                      </Identifier>
                                    </ScalarOperator>
                                  </Aggregate>
                                </ScalarOperator>
                              </DefinedValue>
                            </DefinedValues>
                            <RelOp NodeId="5" PhysicalOp="Clustered Index Scan" LogicalOp="Clustered Index Scan" EstimateRows="1" EstimateIO="0.003125" EstimateCPU="0.0001592" AvgRowSize="22" EstimatedTotalSubtreeCost="0.0032842" TableCardinality="2" Parallel="0" EstimateRebinds="0" EstimateRewinds="0" EstimatedExecutionMode="Row">
                              <OutputList>
                                <ColumnReference Database="[TexusResults]" Schema="[monitoring]" Table="[ResultCollectionType]" Column="PkId" />
                              </OutputList>
                              <IndexScan Ordered="0" ForcedIndex="0" ForceScan="0" NoExpandHint="0">
                                <DefinedValues>
                                  <DefinedValue>
                                    <ColumnReference Database="[TexusResults]" Schema="[monitoring]" Table="[ResultCollectionType]" Column="PkId" />
                                  </DefinedValue>
                                </DefinedValues>
                                <Object Database="[TexusResults]" Schema="[monitoring]" Table="[ResultCollectionType]" Index="[ResultCollectionType_PK]" IndexKind="Clustered" />
                                <Predicate>
                                  <ScalarOperator ScalarString="[TexusResults].[monitoring].[ResultCollectionType].[Name]='Primary'">
                                    <Compare CompareOp="EQ">
                                      <ScalarOperator>
                                        <Identifier>
                                          <ColumnReference Database="[TexusResults]" Schema="[monitoring]" Table="[ResultCollectionType]" Column="Name" />
                                        </Identifier>
                                      </ScalarOperator>
                                      <ScalarOperator>
                                        <Const ConstValue="'Primary'" />
                                      </ScalarOperator>
                                    </Compare>
                                  </ScalarOperator>
                                </Predicate>
                              </IndexScan>
                            </RelOp>
                          </StreamAggregate>
                        </RelOp>
                        <Predicate>
                          <ScalarOperator ScalarString="CASE WHEN [Expr1005]&gt;(1) THEN (0) ELSE NULL END">
                            <IF>
                              <Condition>
                                <ScalarOperator>
                                  <Compare CompareOp="GT">
                                    <ScalarOperator>
                                      <Identifier>
                                        <ColumnReference Column="Expr1005" />
                                      </Identifier>
                                    </ScalarOperator>
                                    <ScalarOperator>
                                      <Const ConstValue="(1)" />
                                    </ScalarOperator>
                                  </Compare>
                                </ScalarOperator>
                              </Condition>
                              <Then>
                                <ScalarOperator>
                                  <Const ConstValue="(0)" />
                                </ScalarOperator>
                              </Then>
                              <Else>
                                <ScalarOperator>
                                  <Const ConstValue="NULL" />
                                </ScalarOperator>
                              </Else>
                            </IF>
                          </ScalarOperator>
                        </Predicate>
                      </Assert>
                    </RelOp>
                  </NestedLoops>
                </RelOp>
              </ComputeScalar>
            </RelOp>
          </QueryPlan>
        </StmtSimple>
        <StmtCond StatementText="&#x9;IF @submissionSetPartition IS NULL" StatementId="3" StatementCompId="4" StatementType="COND" RetrievedFromCache="true">
          <Condition />
          <Then>
            <Statements>
              <StmtSimple StatementText=" SET @submissionSetPartition = GETUTCDATE()&#xD;&#xA;&#xD;&#xA;&#x9;-- Check if submission already exists.&#xD;&#xA;" StatementId="4" StatementCompId="5" StatementType="ASSIGN" RetrievedFromCache="true" />
            </Statements>
          </Then>
        </StmtCond>
        <StmtSimple StatementText="&#x9;SELECT&#x9;@submissionIsComplete = [IsComplete], &#xD;&#xA;&#x9;&#x9;&#x9;@submissionSetId = [PkSetId], &#xD;&#xA;&#x9;&#x9;&#x9;@submissionId = [PkId],  &#xD;&#xA;&#x9;&#x9;&#x9;@submissionSetPartition = [PkSetPartition]&#xD;&#xA;&#x9;FROM [execution].[Submission] WHERE [Guid] = @submissionGuid&#xD;&#xA;&#xD;&#xA;&#x9;-- If submission does not exist, create it.&#xD;&#xA;" StatementId="5" StatementCompId="7" StatementType="SELECT" RetrievedFromCache="true" StatementSubTreeCost="0.124722" StatementEstRows="1.00049" StatementOptmLevel="FULL" QueryHash="0xF89CD2AD751ED4B6" QueryPlanHash="0x7F4B70201D613918" StatementOptmEarlyAbortReason="GoodEnoughPlanFound">
          <StatementSetOptions QUOTED_IDENTIFIER="true" ARITHABORT="false" CONCAT_NULL_YIELDS_NULL="true" ANSI_NULLS="true" ANSI_PADDING="true" ANSI_WARNINGS="true" NUMERIC_ROUNDABORT="false" />
          <QueryPlan NonParallelPlanReason="MaxDOPSetToOne" CachedPlanSize="24" CompileTime="3" CompileCPU="3" CompileMemory="400">
            <MemoryGrantInfo SerialRequiredMemory="0" SerialDesiredMemory="0" />
            <OptimizerHardwareDependentProperties EstimatedAvailableMemoryGrant="193313" EstimatedPagesCached="773254" EstimatedAvailableDegreeOfParallelism="1" />
            <RelOp NodeId="0" PhysicalOp="Nested Loops" LogicalOp="Inner Join" EstimateRows="1.00049" EstimateIO="0" EstimateCPU="4.18206e-006" AvgRowSize="19" EstimatedTotalSubtreeCost="0.124722" Parallel="0" EstimateRebinds="0" EstimateRewinds="0" EstimatedExecutionMode="Row">
              <OutputList>
                <ColumnReference Database="[TexusResults]" Schema="[execution]" Table="[Submission]" Column="PkSetPartition" />
                <ColumnReference Database="[TexusResults]" Schema="[execution]" Table="[Submission]" Column="PkSetId" />
                <ColumnReference Database="[TexusResults]" Schema="[execution]" Table="[Submission]" Column="PkId" />
                <ColumnReference Database="[TexusResults]" Schema="[execution]" Table="[Submission]" Column="IsComplete" />
              </OutputList>
              <NestedLoops Optimized="0">
                <OuterReferences>
                  <ColumnReference Column="PtnId1000" ComputedColumn="1" />
                  <ColumnReference Database="[TexusResults]" Schema="[execution]" Table="[Submission]" Column="PkSetPartition" />
                  <ColumnReference Database="[TexusResults]" Schema="[execution]" Table="[Submission]" Column="PkSetId" />
                  <ColumnReference Database="[TexusResults]" Schema="[execution]" Table="[Submission]" Column="PkId" />
                </OuterReferences>
                <RelOp NodeId="1" PhysicalOp="Index Seek" LogicalOp="Index Seek" EstimateRows="1.00049" EstimateIO="0.115625" EstimateCPU="0.0058101" AvgRowSize="22" EstimatedTotalSubtreeCost="0.121435" TableCardinality="742200" Parallel="0" Partitioned="1" EstimateRebinds="0" EstimateRewinds="0" EstimatedExecutionMode="Row">
                  <OutputList>
                    <ColumnReference Column="PtnId1000" ComputedColumn="1" />
                    <ColumnReference Database="[TexusResults]" Schema="[execution]" Table="[Submission]" Column="PkSetPartition" />
                    <ColumnReference Database="[TexusResults]" Schema="[execution]" Table="[Submission]" Column="PkSetId" />
                    <ColumnReference Database="[TexusResults]" Schema="[execution]" Table="[Submission]" Column="PkId" />
                  </OutputList>
                  <IndexScan Ordered="1" ScanDirection="FORWARD" ForcedIndex="0" ForceSeek="0" ForceScan="0" NoExpandHint="0" Storage="RowStore">
                    <DefinedValues>
                      <DefinedValue>
                        <ColumnReference Column="PtnId1000" ComputedColumn="1" />
                      </DefinedValue>
                      <DefinedValue>
                        <ColumnReference Database="[TexusResults]" Schema="[execution]" Table="[Submission]" Column="PkSetPartition" />
                      </DefinedValue>
                      <DefinedValue>
                        <ColumnReference Database="[TexusResults]" Schema="[execution]" Table="[Submission]" Column="PkSetId" />
                      </DefinedValue>
                      <DefinedValue>
                        <ColumnReference Database="[TexusResults]" Schema="[execution]" Table="[Submission]" Column="PkId" />
                      </DefinedValue>
                    </DefinedValues>
                    <Object Database="[TexusResults]" Schema="[execution]" Table="[Submission]" Index="[Submission_IDX_Guid]" IndexKind="NonClustered" />
                    <SeekPredicates>
                      <SeekPredicateNew>
                        <SeekKeys>
                          <StartRange ScanType="GE">
                            <RangeColumns>
                              <ColumnReference Column="PtnId1000" />
                            </RangeColumns>
                            <RangeExpressions>
                              <ScalarOperator ScalarString="(1)">
                                <Const ConstValue="(1)" />
                              </ScalarOperator>
                            </RangeExpressions>
                          </StartRange>
                          <EndRange ScanType="LE">
                            <RangeColumns>
                              <ColumnReference Column="PtnId1000" />
                            </RangeColumns>
                            <RangeExpressions>
                              <ScalarOperator ScalarString="(37)">
                                <Const ConstValue="(37)" />
                              </ScalarOperator>
                            </RangeExpressions>
                          </EndRange>
                        </SeekKeys>
                        <SeekKeys>
                          <Prefix ScanType="EQ">
                            <RangeColumns>
                              <ColumnReference Database="[TexusResults]" Schema="[execution]" Table="[Submission]" Column="Guid" />
                            </RangeColumns>
                            <RangeExpressions>
                              <ScalarOperator ScalarString="[@submissionGuid]">
                                <Identifier>
                                  <ColumnReference Column="@submissionGuid" />
                                </Identifier>
                              </ScalarOperator>
                            </RangeExpressions>
                          </Prefix>
                        </SeekKeys>
                      </SeekPredicateNew>
                    </SeekPredicates>
                  </IndexScan>
                </RelOp>
                <RelOp NodeId="3" PhysicalOp="Clustered Index Seek" LogicalOp="Clustered Index Seek" EstimateRows="1" EstimateIO="0.003125" EstimateCPU="0.0001581" AvgRowSize="9" EstimatedTotalSubtreeCost="0.00328318" TableCardinality="742200" Parallel="0" Partitioned="1" EstimateRebinds="0.000493288" EstimateRewinds="0" EstimatedExecutionMode="Row">
                  <OutputList>
                    <ColumnReference Database="[TexusResults]" Schema="[execution]" Table="[Submission]" Column="IsComplete" />
                  </OutputList>
                  <IndexScan Lookup="1" Ordered="1" ScanDirection="FORWARD" ForcedIndex="0" ForceSeek="0" ForceScan="0" NoExpandHint="0" Storage="RowStore">
                    <DefinedValues>
                      <DefinedValue>
                        <ColumnReference Database="[TexusResults]" Schema="[execution]" Table="[Submission]" Column="IsComplete" />
                      </DefinedValue>
                    </DefinedValues>
                    <Object Database="[TexusResults]" Schema="[execution]" Table="[Submission]" Index="[Submission_PK]" TableReferenceId="-1" IndexKind="Clustered" />
                    <SeekPredicates>
                      <SeekPredicateNew>
                        <SeekKeys>
                          <Prefix ScanType="EQ">
                            <RangeColumns>
                              <ColumnReference Column="PtnId1000" />
                              <ColumnReference Database="[TexusResults]" Schema="[execution]" Table="[Submission]" Column="PkSetPartition" />
                              <ColumnReference Database="[TexusResults]" Schema="[execution]" Table="[Submission]" Column="PkSetId" />
                              <ColumnReference Database="[TexusResults]" Schema="[execution]" Table="[Submission]" Column="PkId" />
                            </RangeColumns>
                            <RangeExpressions>
                              <ScalarOperator ScalarString="[PtnId1000]">
                                <Identifier>
                                  <ColumnReference Column="PtnId1000" ComputedColumn="1" />
                                </Identifier>
                              </ScalarOperator>
                              <ScalarOperator ScalarString="[TexusResults].[execution].[Submission].[PkSetPartition]">
                                <Identifier>
                                  <ColumnReference Database="[TexusResults]" Schema="[execution]" Table="[Submission]" Column="PkSetPartition" />
                                </Identifier>
                              </ScalarOperator>
                              <ScalarOperator ScalarString="[TexusResults].[execution].[Submission].[PkSetId]">
                                <Identifier>
                                  <ColumnReference Database="[TexusResults]" Schema="[execution]" Table="[Submission]" Column="PkSetId" />
                                </Identifier>
                              </ScalarOperator>
                              <ScalarOperator ScalarString="[TexusResults].[execution].[Submission].[PkId]">
                                <Identifier>
                                  <ColumnReference Database="[TexusResults]" Schema="[execution]" Table="[Submission]" Column="PkId" />
                                </Identifier>
                              </ScalarOperator>
                            </RangeExpressions>
                          </Prefix>
                        </SeekKeys>
                      </SeekPredicateNew>
                    </SeekPredicates>
                  </IndexScan>
                </RelOp>
              </NestedLoops>
            </RelOp>
            <ParameterList>
              <ColumnReference Column="@submissionSetPartition" ParameterCompiledValue="NULL" />
              <ColumnReference Column="@submissionGuid" ParameterCompiledValue="{guid'C2666D78-3460-400D-9C89-EA8EA7723558'}" />
            </ParameterList>
          </QueryPlan>
        </StmtSimple>
        <StmtCond StatementText="&#x9;IF @submissionId IS NULL &#xD;&#xA;" StatementId="6" StatementCompId="8" StatementType="COND" RetrievedFromCache="true">
          <Condition />
          <Then>
            <Statements>
              <StmtSimple StatementText="&#x9;BEGIN&#xD;&#xA;&#xD;&#xA;&#x9;&#x9;-- Create a submission set with input partition value. Note: If query to check submission existence returned NULL, the input value of @submissionSetPartition variable is not overwritten.&#xD;&#xA;&#x9;&#x9;INSERT INTO execution.SubmissionSet (PkSetPartition) &#xD;&#xA;&#x9;&#x9;VALUES (@submissionSetPartition)&#xD;&#xA;&#x9;" StatementId="7" StatementCompId="9" StatementType="INSERT" RetrievedFromCache="true" StatementSubTreeCost="0.0100024" StatementEstRows="1" StatementOptmLevel="TRIVIAL" QueryHash="0xF99C575D79228B4D" QueryPlanHash="0xC7FC555BE288FF7F">
                <StatementSetOptions QUOTED_IDENTIFIER="true" ARITHABORT="false" CONCAT_NULL_YIELDS_NULL="true" ANSI_NULLS="true" ANSI_PADDING="true" ANSI_WARNINGS="true" NUMERIC_ROUNDABORT="false" />
                <QueryPlan NonParallelPlanReason="MaxDOPSetToOne" CachedPlanSize="24" CompileTime="2" CompileCPU="2" CompileMemory="312">
                  <MemoryGrantInfo SerialRequiredMemory="0" SerialDesiredMemory="0" />
                  <OptimizerHardwareDependentProperties EstimatedAvailableMemoryGrant="193313" EstimatedPagesCached="773254" EstimatedAvailableDegreeOfParallelism="1" />
                  <RelOp NodeId="0" PhysicalOp="Clustered Index Insert" LogicalOp="Insert" EstimateRows="1" EstimateIO="0.01" EstimateCPU="1e-006" AvgRowSize="9" EstimatedTotalSubtreeCost="0.0100024" Parallel="0" Partitioned="1" EstimateRebinds="0" EstimateRewinds="0" EstimatedExecutionMode="Row">
                    <OutputList />
                    <Update DMLRequestSort="0">
                      <Object Database="[TexusResults]" Schema="[execution]" Table="[SubmissionSet]" Index="[SubmissionSet_PK]" IndexKind="Clustered" />
                      <SetPredicate>
                        <ScalarOperator ScalarString="[TexusResults].[execution].[SubmissionSet].[PkSetPartition] = RaiseIfNullInsert([@submissionSetPartition]),[TexusResults].[execution].[SubmissionSet].[PkId] = [Expr1004],[TexusResults].[execution].[SubmissionSet].[IsOfficial] = [Expr1005],[PtnId1000] = RaiseIfNullInsert([Expr1006])">
                          <ScalarExpressionList>
                            <ScalarOperator>
                              <MultipleAssign>
                                <Assign>
                                  <ColumnReference Database="[TexusResults]" Schema="[execution]" Table="[SubmissionSet]" Column="PkSetPartition" />
                                  <ScalarOperator>
                                    <Intrinsic FunctionName="RaiseIfNullInsert">
                                      <ScalarOperator>
                                        <Identifier>
                                          <ColumnReference Column="@submissionSetPartition" />
                                        </Identifier>
                                      </ScalarOperator>
                                    </Intrinsic>
                                  </ScalarOperator>
                                </Assign>
                                <Assign>
                                  <ColumnReference Database="[TexusResults]" Schema="[execution]" Table="[SubmissionSet]" Column="PkId" />
                                  <ScalarOperator>
                                    <Identifier>
                                      <ColumnReference Column="Expr1004" />
                                    </Identifier>
                                  </ScalarOperator>
                                </Assign>
                                <Assign>
                                  <ColumnReference Database="[TexusResults]" Schema="[execution]" Table="[SubmissionSet]" Column="IsOfficial" />
                                  <ScalarOperator>
                                    <Identifier>
                                      <ColumnReference Column="Expr1005" />
                                    </Identifier>
                                  </ScalarOperator>
                                </Assign>
                                <Assign>
                                  <ColumnReference Column="PtnId1000" ComputedColumn="1" />
                                  <ScalarOperator>
                                    <Intrinsic FunctionName="RaiseIfNullInsert">
                                      <ScalarOperator>
                                        <Identifier>
                                          <ColumnReference Column="Expr1006" />
                                        </Identifier>
                                      </ScalarOperator>
                                    </Intrinsic>
                                  </ScalarOperator>
                                </Assign>
                              </MultipleAssign>
                            </ScalarOperator>
                          </ScalarExpressionList>
                        </ScalarOperator>
                      </SetPredicate>
                      <RelOp NodeId="1" PhysicalOp="Compute Scalar" LogicalOp="Compute Scalar" EstimateRows="1" EstimateIO="0" EstimateCPU="1e-007" AvgRowSize="16" EstimatedTotalSubtreeCost="1.357e-006" Parallel="0" EstimateRebinds="0" EstimateRewinds="0" EstimatedExecutionMode="Row">
                        <OutputList>
                          <ColumnReference Column="Expr1004" />
                          <ColumnReference Column="Expr1005" />
                          <ColumnReference Column="Expr1006" />
                        </OutputList>
                        <ComputeScalar>
                          <DefinedValues>
                            <DefinedValue>
                              <ColumnReference Column="Expr1005" />
                              <ScalarOperator ScalarString="(0)">
                                <Const ConstValue="(0)" />
                              </ScalarOperator>
                            </DefinedValue>
                            <DefinedValue>
                              <ColumnReference Column="Expr1006" />
                              <ScalarOperator ScalarString="RangePartitionNew([@submissionSetPartition],(1),'2011-02-01','2011-03-01','2011-04-01','2011-05-01','2011-06-01','2011-07-01','2011-08-01','2011-09-01','2011-10-01','2011-11-01','2011-12-01','2012-01-01','2012-02-01','2012-03-01','2012-04-01','2012-05-01','2012-06-01','2012-07-01','2012-08-01','2012-09-01','2012-10-01','2012-11-01','2012-12-01','2013-01-01','2013-02-01','2013-03-01','2013-04-01','2013-05-01','2013-06-01','2013-07-01','2013-08-01','2013-09-01','2013-10-01','2013-11-01','2013-12-01','2014-01-01')">
                                <Intrinsic FunctionName="RangePartitionNew">
                                  <ScalarOperator>
                                    <Identifier>
                                      <ColumnReference Column="@submissionSetPartition" />
                                    </Identifier>
                                  </ScalarOperator>
                                  <ScalarOperator>
                                    <Const ConstValue="(1)" />
                                  </ScalarOperator>
                                  <ScalarOperator>
                                    <Const ConstValue="'2011-02-01'" />
                                  </ScalarOperator>
                                  <ScalarOperator>
                                    <Const ConstValue="'2011-03-01'" />
                                  </ScalarOperator>
                                  <ScalarOperator>
                                    <Const ConstValue="'2011-04-01'" />
                                  </ScalarOperator>
                                  <ScalarOperator>
                                    <Const ConstValue="'2011-05-01'" />
                                  </ScalarOperator>
                                  <ScalarOperator>
                                    <Const ConstValue="'2011-06-01'" />
                                  </ScalarOperator>
                                  <ScalarOperator>
                                    <Const ConstValue="'2011-07-01'" />
                                  </ScalarOperator>
                                  <ScalarOperator>
                                    <Const ConstValue="'2011-08-01'" />
                                  </ScalarOperator>
                                  <ScalarOperator>
                                    <Const ConstValue="'2011-09-01'" />
                                  </ScalarOperator>
                                  <ScalarOperator>
                                    <Const ConstValue="'2011-10-01'" />
                                  </ScalarOperator>
                                  <ScalarOperator>
                                    <Const ConstValue="'2011-11-01'" />
                                  </ScalarOperator>
                                  <ScalarOperator>
                                    <Const ConstValue="'2011-12-01'" />
                                  </ScalarOperator>
                                  <ScalarOperator>
                                    <Const ConstValue="'2012-01-01'" />
                                  </ScalarOperator>
                                  <ScalarOperator>
                                    <Const ConstValue="'2012-02-01'" />
                                  </ScalarOperator>
                                  <ScalarOperator>
                                    <Const ConstValue="'2012-03-01'" />
                                  </ScalarOperator>
                                  <ScalarOperator>
                                    <Const ConstValue="'2012-04-01'" />
                                  </ScalarOperator>
                                  <ScalarOperator>
                                    <Const ConstValue="'2012-05-01'" />
                                  </ScalarOperator>
                                  <ScalarOperator>
                                    <Const ConstValue="'2012-06-01'" />
                                  </ScalarOperator>
                                  <ScalarOperator>
                                    <Const ConstValue="'2012-07-01'" />
                                  </ScalarOperator>
                                  <ScalarOperator>
                                    <Const ConstValue="'2012-08-01'" />
                                  </ScalarOperator>
                                  <ScalarOperator>
                                    <Const ConstValue="'2012-09-01'" />
                                  </ScalarOperator>
                                  <ScalarOperator>
                                    <Const ConstValue="'2012-10-01'" />
                                  </ScalarOperator>
                                  <ScalarOperator>
                                    <Const ConstValue="'2012-11-01'" />
                                  </ScalarOperator>
                                  <ScalarOperator>
                                    <Const ConstValue="'2012-12-01'" />
                                  </ScalarOperator>
                                  <ScalarOperator>
                                    <Const ConstValue="'2013-01-01'" />
                                  </ScalarOperator>
                                  <ScalarOperator>
                                    <Const ConstValue="'2013-02-01'" />
                                  </ScalarOperator>
                                  <ScalarOperator>
                                    <Const ConstValue="'2013-03-01'" />
                                  </ScalarOperator>
                                  <ScalarOperator>
                                    <Const ConstValue="'2013-04-01'" />
                                  </ScalarOperator>
                                  <ScalarOperator>
                                    <Const ConstValue="'2013-05-01'" />
                                  </ScalarOperator>
                                  <ScalarOperator>
                                    <Const ConstValue="'2013-06-01'" />
                                  </ScalarOperator>
                                  <ScalarOperator>
                                    <Const ConstValue="'2013-07-01'" />
                                  </ScalarOperator>
                                  <ScalarOperator>
                                    <Const ConstValue="'2013-08-01'" />
                                  </ScalarOperator>
                                  <ScalarOperator>
                                    <Const ConstValue="'2013-09-01'" />
                                  </ScalarOperator>
                                  <ScalarOperator>
                                    <Const ConstValue="'2013-10-01'" />
                                  </ScalarOperator>
                                  <ScalarOperator>
                                    <Const ConstValue="'2013-11-01'" />
                                  </ScalarOperator>
                                  <ScalarOperator>
                                    <Const ConstValue="'2013-12-01'" />
                                  </ScalarOperator>
                                  <ScalarOperator>
                                    <Const ConstValue="'2014-01-01'" />
                                  </ScalarOperator>
                                </Intrinsic>
                              </ScalarOperator>
                            </DefinedValue>
                          </DefinedValues>
                          <RelOp NodeId="2" PhysicalOp="Compute Scalar" LogicalOp="Compute Scalar" EstimateRows="1" EstimateIO="0" EstimateCPU="1e-007" AvgRowSize="11" EstimatedTotalSubtreeCost="1.257e-006" Parallel="0" EstimateRebinds="0" EstimateRewinds="0" EstimatedExecutionMode="Row">
                            <OutputList>
                              <ColumnReference Column="Expr1004" />
                            </OutputList>
                            <ComputeScalar ComputeSequence="1">
                              <DefinedValues>
                                <DefinedValue>
                                  <ColumnReference Column="Expr1004" />
                                  <ScalarOperator ScalarString="getidentity((1925581898),(7),NULL)">
                                    <Intrinsic FunctionName="getidentity">
                                      <ScalarOperator>
                                        <Const ConstValue="(1925581898)" />
                                      </ScalarOperator>
                                      <ScalarOperator>
                                        <Const ConstValue="(7)" />
                                      </ScalarOperator>
                                      <ScalarOperator>
                                        <Const ConstValue="NULL" />
                                      </ScalarOperator>
                                    </Intrinsic>
                                  </ScalarOperator>
                                </DefinedValue>
                              </DefinedValues>
                              <RelOp NodeId="3" PhysicalOp="Constant Scan" LogicalOp="Constant Scan" EstimateRows="1" EstimateIO="0" EstimateCPU="1.157e-006" AvgRowSize="9" EstimatedTotalSubtreeCost="1.157e-006" Parallel="0" EstimateRebinds="0" EstimateRewinds="0" EstimatedExecutionMode="Row">
                                <OutputList />
                                <ConstantScan />
                              </RelOp>
                            </ComputeScalar>
                          </RelOp>
                        </ComputeScalar>
                      </RelOp>
                    </Update>
                  </RelOp>
                  <ParameterList>
                    <ColumnReference Column="@submissionSetPartition" ParameterCompiledValue="NULL" />
                  </ParameterList>
                </QueryPlan>
              </StmtSimple>
              <StmtSimple StatementText="&#x9;SET @submissionSetId = (SELECT SCOPE_IDENTITY())&#xD;&#xA;&#x9;&#x9;&#xD;&#xA;&#x9;&#x9;-- Create primary result collection.&#xD;&#xA;&#x9;" StatementId="8" StatementCompId="10" StatementType="SELECT" RetrievedFromCache="true" StatementSubTreeCost="1.257e-006" StatementEstRows="1" StatementOptmLevel="FULL" QueryHash="0xF64D5F3A76F9D01B" QueryPlanHash="0xC6B0EF6DCFD8A05D" StatementOptmEarlyAbortReason="GoodEnoughPlanFound">
                <StatementSetOptions QUOTED_IDENTIFIER="true" ARITHABORT="false" CONCAT_NULL_YIELDS_NULL="true" ANSI_NULLS="true" ANSI_PADDING="true" ANSI_WARNINGS="true" NUMERIC_ROUNDABORT="false" />
                <QueryPlan NonParallelPlanReason="MaxDOPSetToOne" CachedPlanSize="8" CompileTime="0" CompileCPU="0" CompileMemory="248">
                  <MemoryGrantInfo SerialRequiredMemory="0" SerialDesiredMemory="0" />
                  <OptimizerHardwareDependentProperties EstimatedAvailableMemoryGrant="193313" EstimatedPagesCached="773254" EstimatedAvailableDegreeOfParallelism="1" />
                  <RelOp NodeId="0" PhysicalOp="Compute Scalar" LogicalOp="Compute Scalar" EstimateRows="1" EstimateIO="0" EstimateCPU="1e-007" AvgRowSize="11" EstimatedTotalSubtreeCost="1.257e-006" Parallel="0" EstimateRebinds="0" EstimateRewinds="0" EstimatedExecutionMode="Row">
                    <OutputList>
                      <ColumnReference Column="Expr1001" />
                    </OutputList>
                    <ComputeScalar>
                      <DefinedValues>
                        <DefinedValue>
                          <ColumnReference Column="Expr1001" />
                          <ScalarOperator ScalarString="CONVERT_IMPLICIT(int,[Expr1000],0)">
                            <Convert DataType="int" Style="0" Implicit="1">
                              <ScalarOperator>
                                <Identifier>
                                  <ColumnReference Column="Expr1000" />
                                </Identifier>
                              </ScalarOperator>
                            </Convert>
                          </ScalarOperator>
                        </DefinedValue>
                      </DefinedValues>
                      <RelOp NodeId="1" PhysicalOp="Constant Scan" LogicalOp="Constant Scan" EstimateRows="1" EstimateIO="0" EstimateCPU="1.157e-006" AvgRowSize="24" EstimatedTotalSubtreeCost="1.157e-006" Parallel="0" EstimateRebinds="0" EstimateRewinds="0" EstimatedExecutionMode="Row">
                        <OutputList>
                          <ColumnReference Column="Expr1000" />
                        </OutputList>
                        <ConstantScan>
                          <Values>
                            <Row>
                              <ScalarOperator ScalarString="scope_identity()">
                                <Intrinsic FunctionName="scope_identity" />
                              </ScalarOperator>
                            </Row>
                          </Values>
                        </ConstantScan>
                      </RelOp>
                    </ComputeScalar>
                  </RelOp>
                </QueryPlan>
              </StmtSimple>
              <StmtSimple StatementText="&#x9;INSERT INTO [monitoring].[ResultCollection] ([PkSetPartition], [PkSetId], [ResultCollectionTypeId])&#xD;&#xA;&#x9;&#x9;VALUES (@submissionSetPartition, @submissionSetId, @primaryResultCollectionTypeId)&#xD;&#xA;&#x9;" StatementId="9" StatementCompId="11" StatementType="INSERT" RetrievedFromCache="true" StatementSubTreeCost="0.0264389" StatementEstRows="1" StatementOptmLevel="TRIVIAL" QueryHash="0x8C43DEC9AE14C127" QueryPlanHash="0xC3BF6992CF503E3B">
                <StatementSetOptions QUOTED_IDENTIFIER="true" ARITHABORT="false" CONCAT_NULL_YIELDS_NULL="true" ANSI_NULLS="true" ANSI_PADDING="true" ANSI_WARNINGS="true" NUMERIC_ROUNDABORT="false" />
                <QueryPlan NonParallelPlanReason="MaxDOPSetToOne" CachedPlanSize="56" CompileTime="5" CompileCPU="5" CompileMemory="560">
                  <MemoryGrantInfo SerialRequiredMemory="0" SerialDesiredMemory="0" />
                  <OptimizerHardwareDependentProperties EstimatedAvailableMemoryGrant="193313" EstimatedPagesCached="773254" EstimatedAvailableDegreeOfParallelism="1" />
                  <RelOp NodeId="1" PhysicalOp="Assert" LogicalOp="Assert" EstimateRows="1" EstimateIO="0" EstimateCPU="1.8e-007" AvgRowSize="9" EstimatedTotalSubtreeCost="0.0264389" Parallel="0" EstimateRebinds="0" EstimateRewinds="0" EstimatedExecutionMode="Row">
                    <OutputList />
                    <Assert StartupExpression="0">
                      <RelOp NodeId="2" PhysicalOp="Nested Loops" LogicalOp="Left Semi Join" EstimateRows="1" EstimateIO="0" EstimateCPU="4.18e-006" AvgRowSize="9" EstimatedTotalSubtreeCost="0.0264388" Parallel="0" EstimateRebinds="0" EstimateRewinds="0" EstimatedExecutionMode="Row">
                        <OutputList>
                          <ColumnReference Column="Expr1040" />
                          <ColumnReference Column="Expr1041" />
                          <ColumnReference Column="Expr1042" />
                          <ColumnReference Column="Expr1043" />
                          <ColumnReference Column="Expr1044" />
                        </OutputList>
                        <NestedLoops Optimized="0">
                          <DefinedValues>
                            <DefinedValue>
                              <ColumnReference Column="Expr1044" />
                            </DefinedValue>
                          </DefinedValues>
                          <OuterReferences>
                            <ColumnReference Database="[TexusResults]" Schema="[monitoring]" Table="[ResultCollection]" Column="ResultCollectionTypeId" />
                          </OuterReferences>
                          <ProbeColumn>
                            <ColumnReference Column="Expr1044" />
                          </ProbeColumn>
                          <RelOp NodeId="3" PhysicalOp="Nested Loops" LogicalOp="Left Semi Join" EstimateRows="1" EstimateIO="0" EstimateCPU="4.18e-006" AvgRowSize="12" EstimatedTotalSubtreeCost="0.0231515" Parallel="0" EstimateRebinds="0" EstimateRewinds="0" EstimatedExecutionMode="Row">
                            <OutputList>
                              <ColumnReference Database="[TexusResults]" Schema="[monitoring]" Table="[ResultCollection]" Column="ResultCollectionTypeId" />
                              <ColumnReference Column="Expr1040" />
                              <ColumnReference Column="Expr1041" />
                              <ColumnReference Column="Expr1042" />
                              <ColumnReference Column="Expr1043" />
                            </OutputList>
                            <NestedLoops Optimized="0">
                              <DefinedValues>
                                <DefinedValue>
                                  <ColumnReference Column="Expr1043" />
                                </DefinedValue>
                              </DefinedValues>
                              <OuterReferences>
                                <ColumnReference Database="[TexusResults]" Schema="[monitoring]" Table="[ResultCollection]" Column="ExecutionErrorStateId" />
                              </OuterReferences>
                              <ProbeColumn>
                                <ColumnReference Column="Expr1043" />
                              </ProbeColumn>
                              <RelOp NodeId="4" PhysicalOp="Nested Loops" LogicalOp="Left Semi Join" EstimateRows="1" EstimateIO="0" EstimateCPU="4.18e-006" AvgRowSize="16" EstimatedTotalSubtreeCost="0.0198642" Parallel="0" EstimateRebinds="0" EstimateRewinds="0" EstimatedExecutionMode="Row">
                                <OutputList>
                                  <ColumnReference Database="[TexusResults]" Schema="[monitoring]" Table="[ResultCollection]" Column="ResultCollectionTypeId" />
                                  <ColumnReference Database="[TexusResults]" Schema="[monitoring]" Table="[ResultCollection]" Column="ExecutionErrorStateId" />
                                  <ColumnReference Column="Expr1040" />
                                  <ColumnReference Column="Expr1041" />
                                  <ColumnReference Column="Expr1042" />
                                </OutputList>
                                <NestedLoops Optimized="0">
                                  <DefinedValues>
                                    <DefinedValue>
                                      <ColumnReference Column="Expr1042" />
                                    </DefinedValue>
                                  </DefinedValues>
                                  <OuterReferences>
                                    <ColumnReference Database="[TexusResults]" Schema="[monitoring]" Table="[ResultCollection]" Column="ExecutionCompletionStateId" />
                                  </OuterReferences>
                                  <ProbeColumn>
                                    <ColumnReference Column="Expr1042" />
                                  </ProbeColumn>
                                  <RelOp NodeId="5" PhysicalOp="Nested Loops" LogicalOp="Left Semi Join" EstimateRows="1" EstimateIO="0" EstimateCPU="4.18e-006" AvgRowSize="20" EstimatedTotalSubtreeCost="0.0165769" Parallel="0" EstimateRebinds="0" EstimateRewinds="0" EstimatedExecutionMode="Row">
                                    <OutputList>
                                      <ColumnReference Database="[TexusResults]" Schema="[monitoring]" Table="[ResultCollection]" Column="ResultCollectionTypeId" />
                                      <ColumnReference Database="[TexusResults]" Schema="[monitoring]" Table="[ResultCollection]" Column="ExecutionCompletionStateId" />
                                      <ColumnReference Database="[TexusResults]" Schema="[monitoring]" Table="[ResultCollection]" Column="ExecutionErrorStateId" />
                                      <ColumnReference Column="Expr1040" />
                                      <ColumnReference Column="Expr1041" />
                                    </OutputList>
                                    <NestedLoops Optimized="0">
                                      <DefinedValues>
                                        <DefinedValue>
                                          <ColumnReference Column="Expr1041" />
                                        </DefinedValue>
                                      </DefinedValues>
                                      <OuterReferences>
                                        <ColumnReference Database="[TexusResults]" Schema="[monitoring]" Table="[ResultCollection]" Column="AnalysisErrorStateId" />
                                      </OuterReferences>
                                      <ProbeColumn>
                                        <ColumnReference Column="Expr1041" />
                                      </ProbeColumn>
                                      <RelOp NodeId="6" PhysicalOp="Nested Loops" LogicalOp="Left Semi Join" EstimateRows="1" EstimateIO="0" EstimateCPU="4.18e-006" AvgRowSize="24" EstimatedTotalSubtreeCost="0.0132896" Parallel="0" EstimateRebinds="0" EstimateRewinds="0" EstimatedExecutionMode="Row">
                                        <OutputList>
                                          <ColumnReference Database="[TexusResults]" Schema="[monitoring]" Table="[ResultCollection]" Column="ResultCollectionTypeId" />
                                          <ColumnReference Database="[TexusResults]" Schema="[monitoring]" Table="[ResultCollection]" Column="ExecutionCompletionStateId" />
                                          <ColumnReference Database="[TexusResults]" Schema="[monitoring]" Table="[ResultCollection]" Column="ExecutionErrorStateId" />
                                          <ColumnReference Database="[TexusResults]" Schema="[monitoring]" Table="[ResultCollection]" Column="AnalysisErrorStateId" />
                                          <ColumnReference Column="Expr1040" />
                                        </OutputList>
                                        <NestedLoops Optimized="0">
                                          <DefinedValues>
                                            <DefinedValue>
                                              <ColumnReference Column="Expr1040" />
                                            </DefinedValue>
                                          </DefinedValues>
                                          <OuterReferences>
                                            <ColumnReference Database="[TexusResults]" Schema="[monitoring]" Table="[ResultCollection]" Column="AnalysisCompletionStateId" />
                                          </OuterReferences>
                                          <ProbeColumn>
                                            <ColumnReference Column="Expr1040" />
                                          </ProbeColumn>
                                          <RelOp NodeId="7" PhysicalOp="Clustered Index Insert" LogicalOp="Insert" EstimateRows="1" EstimateIO="0.01" EstimateCPU="1e-006" AvgRowSize="27" EstimatedTotalSubtreeCost="0.0100024" Parallel="0" Partitioned="1" EstimateRebinds="0" EstimateRewinds="0" EstimatedExecutionMode="Row">
                                            <OutputList>
                                              <ColumnReference Database="[TexusResults]" Schema="[monitoring]" Table="[ResultCollection]" Column="ResultCollectionTypeId" />
                                              <ColumnReference Database="[TexusResults]" Schema="[monitoring]" Table="[ResultCollection]" Column="ExecutionCompletionStateId" />
                                              <ColumnReference Database="[TexusResults]" Schema="[monitoring]" Table="[ResultCollection]" Column="AnalysisCompletionStateId" />
                                              <ColumnReference Database="[TexusResults]" Schema="[monitoring]" Table="[ResultCollection]" Column="ExecutionErrorStateId" />
                                              <ColumnReference Database="[TexusResults]" Schema="[monitoring]" Table="[ResultCollection]" Column="AnalysisErrorStateId" />
                                            </OutputList>
                                            <Update DMLRequestSort="0">
                                              <Object Database="[TexusResults]" Schema="[monitoring]" Table="[ResultCollection]" Index="[ResultCollection_PK]" IndexKind="Clustered" />
                                              <SetPredicate>
                                                <ScalarOperator ScalarString="[TexusResults].[monitoring].[ResultCollection].[PkSetPartition] = RaiseIfNullInsert([@submissionSetPartition]),[TexusResults].[monitoring].[ResultCollection].[PkSetId] = RaiseIfNullInsert([@submissionSetId]),[TexusResults].[monitoring].[ResultCollection].[ResultCollectionTypeId] = RaiseIfNullInsert([@primaryResultCollectionTypeId]),[TexusResults].[monitoring].[ResultCollection].[PkId] = [Expr1004],[TexusResults].[monitoring].[ResultCollection].[ExecutionCompletionStateId] = [Expr1005],[TexusResults].[monitoring].[ResultCollection].[AnalysisCompletionStateId] = [Expr1006],[TexusResults].[monitoring].[ResultCollection].[ExecutionErrorStateId] = [Expr1007],[TexusResults].[monitoring].[ResultCollection].[AnalysisErrorStateId] = [Expr1008],[PtnId1000] = RaiseIfNullInsert([Expr1024])">
                                                  <ScalarExpressionList>
                                                    <ScalarOperator>
                                                      <MultipleAssign>
                                                        <Assign>
                                                          <ColumnReference Database="[TexusResults]" Schema="[monitoring]" Table="[ResultCollection]" Column="PkSetPartition" />
                                                          <ScalarOperator>
                                                            <Intrinsic FunctionName="RaiseIfNullInsert">
                                                              <ScalarOperator>
                                                                <Identifier>
                                                                  <ColumnReference Column="@submissionSetPartition" />
                                                                </Identifier>
                                                              </ScalarOperator>
                                                            </Intrinsic>
                                                          </ScalarOperator>
                                                        </Assign>
                                                        <Assign>
                                                          <ColumnReference Database="[TexusResults]" Schema="[monitoring]" Table="[ResultCollection]" Column="PkSetId" />
                                                          <ScalarOperator>
                                                            <Intrinsic FunctionName="RaiseIfNullInsert">
                                                              <ScalarOperator>
                                                                <Identifier>
                                                                  <ColumnReference Column="@submissionSetId" />
                                                                </Identifier>
                                                              </ScalarOperator>
                                                            </Intrinsic>
                                                          </ScalarOperator>
                                                        </Assign>
                                                        <Assign>
                                                          <ColumnReference Database="[TexusResults]" Schema="[monitoring]" Table="[ResultCollection]" Column="ResultCollectionTypeId" />
                                                          <ScalarOperator>
                                                            <Intrinsic FunctionName="RaiseIfNullInsert">
                                                              <ScalarOperator>
                                                                <Identifier>
                                                                  <ColumnReference Column="@primaryResultCollectionTypeId" />
                                                                </Identifier>
                                                              </ScalarOperator>
                                                            </Intrinsic>
                                                          </ScalarOperator>
                                                        </Assign>
                                                        <Assign>
                                                          <ColumnReference Database="[TexusResults]" Schema="[monitoring]" Table="[ResultCollection]" Column="PkId" />
                                                          <ScalarOperator>
                                                            <Identifier>
                                                              <ColumnReference Column="Expr1004" />
                                                            </Identifier>
                                                          </ScalarOperator>
                                                        </Assign>
                                                        <Assign>
                                                          <ColumnReference Database="[TexusResults]" Schema="[monitoring]" Table="[ResultCollection]" Column="ExecutionCompletionStateId" />
                                                          <ScalarOperator>
                                                            <Identifier>
                                                              <ColumnReference Column="Expr1005" />
                                                            </Identifier>
                                                          </ScalarOperator>
                                                        </Assign>
                                                        <Assign>
                                                          <ColumnReference Database="[TexusResults]" Schema="[monitoring]" Table="[ResultCollection]" Column="AnalysisCompletionStateId" />
                                                          <ScalarOperator>
                                                            <Identifier>
                                                              <ColumnReference Column="Expr1006" />
                                                            </Identifier>
                                                          </ScalarOperator>
                                                        </Assign>
                                                        <Assign>
                                                          <ColumnReference Database="[TexusResults]" Schema="[monitoring]" Table="[ResultCollection]" Column="ExecutionErrorStateId" />
                                                          <ScalarOperator>
                                                            <Identifier>
                                                              <ColumnReference Column="Expr1007" />
                                                            </Identifier>
                                                          </ScalarOperator>
                                                        </Assign>
                                                        <Assign>
                                                          <ColumnReference Database="[TexusResults]" Schema="[monitoring]" Table="[ResultCollection]" Column="AnalysisErrorStateId" />
                                                          <ScalarOperator>
                                                            <Identifier>
                                                              <ColumnReference Column="Expr1008" />
                                                            </Identifier>
                                                          </ScalarOperator>
                                                        </Assign>
                                                        <Assign>
                                                          <ColumnReference Column="PtnId1000" ComputedColumn="1" />
                                                          <ScalarOperator>
                                                            <Intrinsic FunctionName="RaiseIfNullInsert">
                                                              <ScalarOperator>
                                                                <Identifier>
                                                                  <ColumnReference Column="Expr1024" />
                                                                </Identifier>
                                                              </ScalarOperator>
                                                            </Intrinsic>
                                                          </ScalarOperator>
                                                        </Assign>
                                                      </MultipleAssign>
                                                    </ScalarOperator>
                                                  </ScalarExpressionList>
                                                </ScalarOperator>
                                              </SetPredicate>
                                              <RelOp NodeId="8" PhysicalOp="Compute Scalar" LogicalOp="Compute Scalar" EstimateRows="1" EstimateIO="0" EstimateCPU="1e-007" AvgRowSize="31" EstimatedTotalSubtreeCost="1.357e-006" Parallel="0" EstimateRebinds="0" EstimateRewinds="0" EstimatedExecutionMode="Row">
                                                <OutputList>
                                                  <ColumnReference Column="Expr1004" />
                                                  <ColumnReference Column="Expr1005" />
                                                  <ColumnReference Column="Expr1006" />
                                                  <ColumnReference Column="Expr1007" />
                                                  <ColumnReference Column="Expr1008" />
                                                  <ColumnReference Column="Expr1024" />
                                                </OutputList>
                                                <ComputeScalar>
                                                  <DefinedValues>
                                                    <DefinedValue>
                                                      <ColumnReference Column="Expr1005" />
                                                      <ScalarOperator ScalarString="(0)">
                                                        <Const ConstValue="(0)" />
                                                      </ScalarOperator>
                                                    </DefinedValue>
                                                    <DefinedValue>
                                                      <ColumnReference Column="Expr1006" />
                                                      <ScalarOperator ScalarString="(0)">
                                                        <Const ConstValue="(0)" />
                                                      </ScalarOperator>
                                                    </DefinedValue>
                                                    <DefinedValue>
                                                      <ColumnReference Column="Expr1007" />
                                                      <ScalarOperator ScalarString="(0)">
                                                        <Const ConstValue="(0)" />
                                                      </ScalarOperator>
                                                    </DefinedValue>
                                                    <DefinedValue>
                                                      <ColumnReference Column="Expr1008" />
                                                      <ScalarOperator ScalarString="(0)">
                                                        <Const ConstValue="(0)" />
                                                      </ScalarOperator>
                                                    </DefinedValue>
                                                    <DefinedValue>
                                                      <ColumnReference Column="Expr1024" />
                                                      <ScalarOperator ScalarString="RangePartitionNew([@submissionSetPartition],(1),'2011-02-01','2011-03-01','2011-04-01','2011-05-01','2011-06-01','2011-07-01','2011-08-01','2011-09-01','2011-10-01','2011-11-01','2011-12-01','2012-01-01','2012-02-01','2012-03-01','2012-04-01','2012-05-01','2012-06-01','2012-07-01','2012-08-01','2012-09-01','2012-10-01','2012-11-01','2012-12-01','2013-01-01','2013-02-01','2013-03-01','2013-04-01','2013-05-01','2013-06-01','2013-07-01','2013-08-01','2013-09-01','2013-10-01','2013-11-01','2013-12-01','2014-01-01')">
                                                        <Intrinsic FunctionName="RangePartitionNew">
                                                          <ScalarOperator>
                                                            <Identifier>
                                                              <ColumnReference Column="@submissionSetPartition" />
                                                            </Identifier>
                                                          </ScalarOperator>
                                                          <ScalarOperator>
                                                            <Const ConstValue="(1)" />
                                                          </ScalarOperator>
                                                          <ScalarOperator>
                                                            <Const ConstValue="'2011-02-01'" />
                                                          </ScalarOperator>
                                                          <ScalarOperator>
                                                            <Const ConstValue="'2011-03-01'" />
                                                          </ScalarOperator>
                                                          <ScalarOperator>
                                                            <Const ConstValue="'2011-04-01'" />
                                                          </ScalarOperator>
                                                          <ScalarOperator>
                                                            <Const ConstValue="'2011-05-01'" />
                                                          </ScalarOperator>
                                                          <ScalarOperator>
                                                            <Const ConstValue="'2011-06-01'" />
                                                          </ScalarOperator>
                                                          <ScalarOperator>
                                                            <Const ConstValue="'2011-07-01'" />
                                                          </ScalarOperator>
                                                          <ScalarOperator>
                                                            <Const ConstValue="'2011-08-01'" />
                                                          </ScalarOperator>
                                                          <ScalarOperator>
                                                            <Const ConstValue="'2011-09-01'" />
                                                          </ScalarOperator>
                                                          <ScalarOperator>
                                                            <Const ConstValue="'2011-10-01'" />
                                                          </ScalarOperator>
                                                          <ScalarOperator>
                                                            <Const ConstValue="'2011-11-01'" />
                                                          </ScalarOperator>
                                                          <ScalarOperator>
                                                            <Const ConstValue="'2011-12-01'" />
                                                          </ScalarOperator>
                                                          <ScalarOperator>
                                                            <Const ConstValue="'2012-01-01'" />
                                                          </ScalarOperator>
                                                          <ScalarOperator>
                                                            <Const ConstValue="'2012-02-01'" />
                                                          </ScalarOperator>
                                                          <ScalarOperator>
                                                            <Const ConstValue="'2012-03-01'" />
                                                          </ScalarOperator>
                                                          <ScalarOperator>
                                                            <Const ConstValue="'2012-04-01'" />
                                                          </ScalarOperator>
                                                          <ScalarOperator>
                                                            <Const ConstValue="'2012-05-01'" />
                                                          </ScalarOperator>
                                                          <ScalarOperator>
                                                            <Const ConstValue="'2012-06-01'" />
                                                          </ScalarOperator>
                                                          <ScalarOperator>
                                                            <Const ConstValue="'2012-07-01'" />
                                                          </ScalarOperator>
                                                          <ScalarOperator>
                                                            <Const ConstValue="'2012-08-01'" />
                                                          </ScalarOperator>
                                                          <ScalarOperator>
                                                            <Const ConstValue="'2012-09-01'" />
                                                          </ScalarOperator>
                                                          <ScalarOperator>
                                                            <Const ConstValue="'2012-10-01'" />
                                                          </ScalarOperator>
                                                          <ScalarOperator>
                                                            <Const ConstValue="'2012-11-01'" />
                                                          </ScalarOperator>
                                                          <ScalarOperator>
                                                            <Const ConstValue="'2012-12-01'" />
                                                          </ScalarOperator>
                                                          <ScalarOperator>
                                                            <Const ConstValue="'2013-01-01'" />
                                                          </ScalarOperator>
                                                          <ScalarOperator>
                                                            <Const ConstValue="'2013-02-01'" />
                                                          </ScalarOperator>
                                                          <ScalarOperator>
                                                            <Const ConstValue="'2013-03-01'" />
                                                          </ScalarOperator>
                                                          <ScalarOperator>
                                                            <Const ConstValue="'2013-04-01'" />
                                                          </ScalarOperator>
                                                          <ScalarOperator>
                                                            <Const ConstValue="'2013-05-01'" />
                                                          </ScalarOperator>
                                                          <ScalarOperator>
                                                            <Const ConstValue="'2013-06-01'" />
                                                          </ScalarOperator>
                                                          <ScalarOperator>
                                                            <Const ConstValue="'2013-07-01'" />
                                                          </ScalarOperator>
                                                          <ScalarOperator>
                                                            <Const ConstValue="'2013-08-01'" />
                                                          </ScalarOperator>
                                                          <ScalarOperator>
                                                            <Const ConstValue="'2013-09-01'" />
                                                          </ScalarOperator>
                                                          <ScalarOperator>
                                                            <Const ConstValue="'2013-10-01'" />
                                                          </ScalarOperator>
                                                          <ScalarOperator>
                                                            <Const ConstValue="'2013-11-01'" />
                                                          </ScalarOperator>
                                                          <ScalarOperator>
                                                            <Const ConstValue="'2013-12-01'" />
                                                          </ScalarOperator>
                                                          <ScalarOperator>
                                                            <Const ConstValue="'2014-01-01'" />
                                                          </ScalarOperator>
                                                        </Intrinsic>
                                                      </ScalarOperator>
                                                    </DefinedValue>
                                                  </DefinedValues>
                                                  <RelOp NodeId="9" PhysicalOp="Compute Scalar" LogicalOp="Compute Scalar" EstimateRows="1" EstimateIO="0" EstimateCPU="1e-007" AvgRowSize="11" EstimatedTotalSubtreeCost="1.257e-006" Parallel="0" EstimateRebinds="0" EstimateRewinds="0" EstimatedExecutionMode="Row">
                                                    <OutputList>
                                                      <ColumnReference Column="Expr1004" />
                                                    </OutputList>
                                                    <ComputeScalar ComputeSequence="1">
                                                      <DefinedValues>
                                                        <DefinedValue>
                                                          <ColumnReference Column="Expr1004" />
                                                          <ScalarOperator ScalarString="getidentity((482100758),(7),NULL)">
                                                            <Intrinsic FunctionName="getidentity">
                                                              <ScalarOperator>
                                                                <Const ConstValue="(482100758)" />
                                                              </ScalarOperator>
                                                              <ScalarOperator>
                                                                <Const ConstValue="(7)" />
                                                              </ScalarOperator>
                                                              <ScalarOperator>
                                                                <Const ConstValue="NULL" />
                                                              </ScalarOperator>
                                                            </Intrinsic>
                                                          </ScalarOperator>
                                                        </DefinedValue>
                                                      </DefinedValues>
                                                      <RelOp NodeId="10" PhysicalOp="Constant Scan" LogicalOp="Constant Scan" EstimateRows="1" EstimateIO="0" EstimateCPU="1.157e-006" AvgRowSize="9" EstimatedTotalSubtreeCost="1.157e-006" Parallel="0" EstimateRebinds="0" EstimateRewinds="0" EstimatedExecutionMode="Row">
                                                        <OutputList />
                                                        <ConstantScan />
                                                      </RelOp>
                                                    </ComputeScalar>
                                                  </RelOp>
                                                </ComputeScalar>
                                              </RelOp>
                                            </Update>
                                          </RelOp>
                                          <RelOp NodeId="25" PhysicalOp="Clustered Index Seek" LogicalOp="Clustered Index Seek" EstimateRows="1" EstimateIO="0.003125" EstimateCPU="0.0001581" AvgRowSize="9" EstimatedTotalSubtreeCost="0.0032831" TableCardinality="4" Parallel="0" EstimateRebinds="0" EstimateRewinds="0" EstimatedExecutionMode="Row">
                                            <OutputList />
                                            <IndexScan Ordered="1" ScanDirection="FORWARD" ForcedIndex="1" ForceSeek="0" ForceScan="0" NoExpandHint="0" Storage="RowStore">
                                              <DefinedValues />
                                              <Object Database="[TexusResults]" Schema="[execution]" Table="[ExecutionState]" Index="[ExecutionState_PK]" IndexKind="Clustered" />
                                              <SeekPredicates>
                                                <SeekPredicateNew>
                                                  <SeekKeys>
                                                    <Prefix ScanType="EQ">
                                                      <RangeColumns>
                                                        <ColumnReference Database="[TexusResults]" Schema="[execution]" Table="[ExecutionState]" Column="PkId" />
                                                      </RangeColumns>
                                                      <RangeExpressions>
                                                        <ScalarOperator ScalarString="[TexusResults].[monitoring].[ResultCollection].[AnalysisCompletionStateId]">
                                                          <Identifier>
                                                            <ColumnReference Database="[TexusResults]" Schema="[monitoring]" Table="[ResultCollection]" Column="AnalysisCompletionStateId" />
                                                          </Identifier>
                                                        </ScalarOperator>
                                                      </RangeExpressions>
                                                    </Prefix>
                                                  </SeekKeys>
                                                </SeekPredicateNew>
                                              </SeekPredicates>
                                            </IndexScan>
                                          </RelOp>
                                        </NestedLoops>
                                      </RelOp>
                                      <RelOp NodeId="26" PhysicalOp="Clustered Index Seek" LogicalOp="Clustered Index Seek" EstimateRows="1" EstimateIO="0.003125" EstimateCPU="0.0001581" AvgRowSize="9" EstimatedTotalSubtreeCost="0.0032831" TableCardinality="2" Parallel="0" EstimateRebinds="0" EstimateRewinds="0" EstimatedExecutionMode="Row">
                                        <OutputList />
                                        <IndexScan Ordered="1" ScanDirection="FORWARD" ForcedIndex="1" ForceSeek="0" ForceScan="0" NoExpandHint="0" Storage="RowStore">
                                          <DefinedValues />
                                          <Object Database="[TexusResults]" Schema="[execution]" Table="[ErrorState]" Index="[ErrorState_PK]" IndexKind="Clustered" />
                                          <SeekPredicates>
                                            <SeekPredicateNew>
                                              <SeekKeys>
                                                <Prefix ScanType="EQ">
                                                  <RangeColumns>
                                                    <ColumnReference Database="[TexusResults]" Schema="[execution]" Table="[ErrorState]" Column="PkId" />
                                                  </RangeColumns>
                                                  <RangeExpressions>
                                                    <ScalarOperator ScalarString="[TexusResults].[monitoring].[ResultCollection].[AnalysisErrorStateId]">
                                                      <Identifier>
                                                        <ColumnReference Database="[TexusResults]" Schema="[monitoring]" Table="[ResultCollection]" Column="AnalysisErrorStateId" />
                                                      </Identifier>
                                                    </ScalarOperator>
                                                  </RangeExpressions>
                                                </Prefix>
                                              </SeekKeys>
                                            </SeekPredicateNew>
                                          </SeekPredicates>
                                        </IndexScan>
                                      </RelOp>
                                    </NestedLoops>
                                  </RelOp>
                                  <RelOp NodeId="27" PhysicalOp="Clustered Index Seek" LogicalOp="Clustered Index Seek" EstimateRows="1" EstimateIO="0.003125" EstimateCPU="0.0001581" AvgRowSize="9" EstimatedTotalSubtreeCost="0.0032831" TableCardinality="4" Parallel="0" EstimateRebinds="0" EstimateRewinds="0" EstimatedExecutionMode="Row">
                                    <OutputList />
                                    <IndexScan Ordered="1" ScanDirection="FORWARD" ForcedIndex="1" ForceSeek="0" ForceScan="0" NoExpandHint="0" Storage="RowStore">
                                      <DefinedValues />
                                      <Object Database="[TexusResults]" Schema="[execution]" Table="[ExecutionState]" Index="[ExecutionState_PK]" IndexKind="Clustered" />
                                      <SeekPredicates>
                                        <SeekPredicateNew>
                                          <SeekKeys>
                                            <Prefix ScanType="EQ">
                                              <RangeColumns>
                                                <ColumnReference Database="[TexusResults]" Schema="[execution]" Table="[ExecutionState]" Column="PkId" />
                                              </RangeColumns>
                                              <RangeExpressions>
                                                <ScalarOperator ScalarString="[TexusResults].[monitoring].[ResultCollection].[ExecutionCompletionStateId]">
                                                  <Identifier>
                                                    <ColumnReference Database="[TexusResults]" Schema="[monitoring]" Table="[ResultCollection]" Column="ExecutionCompletionStateId" />
                                                  </Identifier>
                                                </ScalarOperator>
                                              </RangeExpressions>
                                            </Prefix>
                                          </SeekKeys>
                                        </SeekPredicateNew>
                                      </SeekPredicates>
                                    </IndexScan>
                                  </RelOp>
                                </NestedLoops>
                              </RelOp>
                              <RelOp NodeId="28" PhysicalOp="Clustered Index Seek" LogicalOp="Clustered Index Seek" EstimateRows="1" EstimateIO="0.003125" EstimateCPU="0.0001581" AvgRowSize="9" EstimatedTotalSubtreeCost="0.0032831" TableCardinality="2" Parallel="0" EstimateRebinds="0" EstimateRewinds="0" EstimatedExecutionMode="Row">
                                <OutputList />
                                <IndexScan Ordered="1" ScanDirection="FORWARD" ForcedIndex="1" ForceSeek="0" ForceScan="0" NoExpandHint="0" Storage="RowStore">
                                  <DefinedValues />
                                  <Object Database="[TexusResults]" Schema="[execution]" Table="[ErrorState]" Index="[ErrorState_PK]" IndexKind="Clustered" />
                                  <SeekPredicates>
                                    <SeekPredicateNew>
                                      <SeekKeys>
                                        <Prefix ScanType="EQ">
                                          <RangeColumns>
                                            <ColumnReference Database="[TexusResults]" Schema="[execution]" Table="[ErrorState]" Column="PkId" />
                                          </RangeColumns>
                                          <RangeExpressions>
                                            <ScalarOperator ScalarString="[TexusResults].[monitoring].[ResultCollection].[ExecutionErrorStateId]">
                                              <Identifier>
                                                <ColumnReference Database="[TexusResults]" Schema="[monitoring]" Table="[ResultCollection]" Column="ExecutionErrorStateId" />
                                              </Identifier>
                                            </ScalarOperator>
                                          </RangeExpressions>
                                        </Prefix>
                                      </SeekKeys>
                                    </SeekPredicateNew>
                                  </SeekPredicates>
                                </IndexScan>
                              </RelOp>
                            </NestedLoops>
                          </RelOp>
                          <RelOp NodeId="29" PhysicalOp="Clustered Index Seek" LogicalOp="Clustered Index Seek" EstimateRows="1" EstimateIO="0.003125" EstimateCPU="0.0001581" AvgRowSize="9" EstimatedTotalSubtreeCost="0.0032831" TableCardinality="2" Parallel="0" EstimateRebinds="0" EstimateRewinds="0" EstimatedExecutionMode="Row">
                            <OutputList />
                            <IndexScan Ordered="1" ScanDirection="FORWARD" ForcedIndex="1" ForceSeek="0" ForceScan="0" NoExpandHint="0" Storage="RowStore">
                              <DefinedValues />
                              <Object Database="[TexusResults]" Schema="[monitoring]" Table="[ResultCollectionType]" Index="[ResultCollectionType_PK]" IndexKind="Clustered" />
                              <SeekPredicates>
                                <SeekPredicateNew>
                                  <SeekKeys>
                                    <Prefix ScanType="EQ">
                                      <RangeColumns>
                                        <ColumnReference Database="[TexusResults]" Schema="[monitoring]" Table="[ResultCollectionType]" Column="PkId" />
                                      </RangeColumns>
                                      <RangeExpressions>
                                        <ScalarOperator ScalarString="[TexusResults].[monitoring].[ResultCollection].[ResultCollectionTypeId]">
                                          <Identifier>
                                            <ColumnReference Database="[TexusResults]" Schema="[monitoring]" Table="[ResultCollection]" Column="ResultCollectionTypeId" />
                                          </Identifier>
                                        </ScalarOperator>
                                      </RangeExpressions>
                                    </Prefix>
                                  </SeekKeys>
                                </SeekPredicateNew>
                              </SeekPredicates>
                            </IndexScan>
                          </RelOp>
                        </NestedLoops>
                      </RelOp>
                      <Predicate>
                        <ScalarOperator ScalarString="CASE WHEN [Expr1040] IS NULL THEN (0) ELSE CASE WHEN [Expr1041] IS NULL THEN (1) ELSE CASE WHEN [Expr1042] IS NULL THEN (2) ELSE CASE WHEN [Expr1043] IS NULL THEN (3) ELSE CASE WHEN [Expr1044] IS NULL THEN (4) ELSE NULL END END END END END">
                          <IF>
                            <Condition>
                              <ScalarOperator>
                                <Logical Operation="IS NULL">
                                  <ScalarOperator>
                                    <Identifier>
                                      <ColumnReference Column="Expr1040" />
                                    </Identifier>
                                  </ScalarOperator>
                                </Logical>
                              </ScalarOperator>
                            </Condition>
                            <Then>
                              <ScalarOperator>
                                <Const ConstValue="(0)" />
                              </ScalarOperator>
                            </Then>
                            <Else>
                              <ScalarOperator>
                                <IF>
                                  <Condition>
                                    <ScalarOperator>
                                      <Logical Operation="IS NULL">
                                        <ScalarOperator>
                                          <Identifier>
                                            <ColumnReference Column="Expr1041" />
                                          </Identifier>
                                        </ScalarOperator>
                                      </Logical>
                                    </ScalarOperator>
                                  </Condition>
                                  <Then>
                                    <ScalarOperator>
                                      <Const ConstValue="(1)" />
                                    </ScalarOperator>
                                  </Then>
                                  <Else>
                                    <ScalarOperator>
                                      <IF>
                                        <Condition>
                                          <ScalarOperator>
                                            <Logical Operation="IS NULL">
                                              <ScalarOperator>
                                                <Identifier>
                                                  <ColumnReference Column="Expr1042" />
                                                </Identifier>
                                              </ScalarOperator>
                                            </Logical>
                                          </ScalarOperator>
                                        </Condition>
                                        <Then>
                                          <ScalarOperator>
                                            <Const ConstValue="(2)" />
                                          </ScalarOperator>
                                        </Then>
                                        <Else>
                                          <ScalarOperator>
                                            <IF>
                                              <Condition>
                                                <ScalarOperator>
                                                  <Logical Operation="IS NULL">
                                                    <ScalarOperator>
                                                      <Identifier>
                                                        <ColumnReference Column="Expr1043" />
                                                      </Identifier>
                                                    </ScalarOperator>
                                                  </Logical>
                                                </ScalarOperator>
                                              </Condition>
                                              <Then>
                                                <ScalarOperator>
                                                  <Const ConstValue="(3)" />
                                                </ScalarOperator>
                                              </Then>
                                              <Else>
                                                <ScalarOperator>
                                                  <IF>
                                                    <Condition>
                                                      <ScalarOperator>
                                                        <Logical Operation="IS NULL">
                                                          <ScalarOperator>
                                                            <Identifier>
                                                              <ColumnReference Column="Expr1044" />
                                                            </Identifier>
                                                          </ScalarOperator>
                                                        </Logical>
                                                      </ScalarOperator>
                                                    </Condition>
                                                    <Then>
                                                      <ScalarOperator>
                                                        <Const ConstValue="(4)" />
                                                      </ScalarOperator>
                                                    </Then>
                                                    <Else>
                                                      <ScalarOperator>
                                                        <Const ConstValue="NULL" />
                                                      </ScalarOperator>
                                                    </Else>
                                                  </IF>
                                                </ScalarOperator>
                                              </Else>
                                            </IF>
                                          </ScalarOperator>
                                        </Else>
                                      </IF>
                                    </ScalarOperator>
                                  </Else>
                                </IF>
                              </ScalarOperator>
                            </Else>
                          </IF>
                        </ScalarOperator>
                      </Predicate>
                    </Assert>
                  </RelOp>
                  <ParameterList>
                    <ColumnReference Column="@submissionSetPartition" ParameterCompiledValue="NULL" />
                  </ParameterList>
                </QueryPlan>
              </StmtSimple>
              <StmtSimple StatementText="&#x9;SET @primaryResultCollectionId = (SELECT SCOPE_IDENTITY()) &#x9;&#x9;&#xD;&#xA;&#x9;&#x9;&#xD;&#xA;&#x9;&#x9;-- Create discard result collection to support re-runs.&#xD;&#xA;&#x9;" StatementId="10" StatementCompId="12" StatementType="SELECT" RetrievedFromCache="true" StatementSubTreeCost="1.257e-006" StatementEstRows="1" StatementOptmLevel="FULL" QueryHash="0xF64D5F3A76F9D01B" QueryPlanHash="0xC6B0EF6DCFD8A05D" StatementOptmEarlyAbortReason="GoodEnoughPlanFound">
                <StatementSetOptions QUOTED_IDENTIFIER="true" ARITHABORT="false" CONCAT_NULL_YIELDS_NULL="true" ANSI_NULLS="true" ANSI_PADDING="true" ANSI_WARNINGS="true" NUMERIC_ROUNDABORT="false" />
                <QueryPlan NonParallelPlanReason="MaxDOPSetToOne" CachedPlanSize="8" CompileTime="0" CompileCPU="0" CompileMemory="248">
                  <MemoryGrantInfo SerialRequiredMemory="0" SerialDesiredMemory="0" />
                  <OptimizerHardwareDependentProperties EstimatedAvailableMemoryGrant="193313" EstimatedPagesCached="773254" EstimatedAvailableDegreeOfParallelism="1" />
                  <RelOp NodeId="0" PhysicalOp="Compute Scalar" LogicalOp="Compute Scalar" EstimateRows="1" EstimateIO="0" EstimateCPU="1e-007" AvgRowSize="11" EstimatedTotalSubtreeCost="1.257e-006" Parallel="0" EstimateRebinds="0" EstimateRewinds="0" EstimatedExecutionMode="Row">
                    <OutputList>
                      <ColumnReference Column="Expr1001" />
                    </OutputList>
                    <ComputeScalar>
                      <DefinedValues>
                        <DefinedValue>
                          <ColumnReference Column="Expr1001" />
                          <ScalarOperator ScalarString="CONVERT_IMPLICIT(int,[Expr1000],0)">
                            <Convert DataType="int" Style="0" Implicit="1">
                              <ScalarOperator>
                                <Identifier>
                                  <ColumnReference Column="Expr1000" />
                                </Identifier>
                              </ScalarOperator>
                            </Convert>
                          </ScalarOperator>
                        </DefinedValue>
                      </DefinedValues>
                      <RelOp NodeId="1" PhysicalOp="Constant Scan" LogicalOp="Constant Scan" EstimateRows="1" EstimateIO="0" EstimateCPU="1.157e-006" AvgRowSize="24" EstimatedTotalSubtreeCost="1.157e-006" Parallel="0" EstimateRebinds="0" EstimateRewinds="0" EstimatedExecutionMode="Row">
                        <OutputList>
                          <ColumnReference Column="Expr1000" />
                        </OutputList>
                        <ConstantScan>
                          <Values>
                            <Row>
                              <ScalarOperator ScalarString="scope_identity()">
                                <Intrinsic FunctionName="scope_identity" />
                              </ScalarOperator>
                            </Row>
                          </Values>
                        </ConstantScan>
                      </RelOp>
                    </ComputeScalar>
                  </RelOp>
                </QueryPlan>
              </StmtSimple>
              <StmtSimple StatementText="&#x9;INSERT INTO [monitoring].[ResultCollection] ([PkSetPartition], [PkSetId], [ResultCollectionTypeId])&#xD;&#xA;&#x9;&#x9;VALUES (@submissionSetPartition, @submissionSetId, (SELECT [PkId] FROM [monitoring].[ResultCollectionType] WHERE [Name] = 'Discards'))&#xD;&#xA;&#x9;&#xD;&#xA;&#x9;&#x9;-- Create submission in new submission set.&#xD;&#xA;&#x9;" StatementId="11" StatementCompId="13" StatementType="INSERT" RetrievedFromCache="true" StatementSubTreeCost="0.029731" StatementEstRows="1" StatementOptmLevel="FULL" QueryHash="0xEB543146167B5E8E" QueryPlanHash="0x275096D4BD740588" StatementOptmEarlyAbortReason="GoodEnoughPlanFound">
                <StatementSetOptions QUOTED_IDENTIFIER="true" ARITHABORT="false" CONCAT_NULL_YIELDS_NULL="true" ANSI_NULLS="true" ANSI_PADDING="true" ANSI_WARNINGS="true" NUMERIC_ROUNDABORT="false" />
                <QueryPlan NonParallelPlanReason="MaxDOPSetToOne" CachedPlanSize="64" CompileTime="11" CompileCPU="11" CompileMemory="792">
                  <MemoryGrantInfo SerialRequiredMemory="0" SerialDesiredMemory="0" />
                  <OptimizerHardwareDependentProperties EstimatedAvailableMemoryGrant="193313" EstimatedPagesCached="773254" EstimatedAvailableDegreeOfParallelism="1" />
                  <RelOp NodeId="1" PhysicalOp="Assert" LogicalOp="Assert" EstimateRows="1" EstimateIO="0" EstimateCPU="1.28e-006" AvgRowSize="9" EstimatedTotalSubtreeCost="0.029731" Parallel="0" EstimateRebinds="0" EstimateRewinds="0" EstimatedExecutionMode="Row">
                    <OutputList />
                    <Assert StartupExpression="0">
                      <RelOp NodeId="2" PhysicalOp="Nested Loops" LogicalOp="Left Semi Join" EstimateRows="1" EstimateIO="0" EstimateCPU="4.18e-006" AvgRowSize="9" EstimatedTotalSubtreeCost="0.0297297" Parallel="0" EstimateRebinds="0" EstimateRewinds="0" EstimatedExecutionMode="Row">
                        <OutputList>
                          <ColumnReference Column="Expr1047" />
                          <ColumnReference Column="Expr1048" />
                          <ColumnReference Column="Expr1049" />
                          <ColumnReference Column="Expr1050" />
                          <ColumnReference Column="Expr1051" />
                        </OutputList>
                        <NestedLoops Optimized="0">
                          <DefinedValues>
                            <DefinedValue>
                              <ColumnReference Column="Expr1051" />
                            </DefinedValue>
                          </DefinedValues>
                          <OuterReferences>
                            <ColumnReference Database="[TexusResults]" Schema="[monitoring]" Table="[ResultCollection]" Column="ResultCollectionTypeId" />
                          </OuterReferences>
                          <ProbeColumn>
                            <ColumnReference Column="Expr1051" />
                          </ProbeColumn>
                          <RelOp NodeId="3" PhysicalOp="Nested Loops" LogicalOp="Left Semi Join" EstimateRows="1" EstimateIO="0" EstimateCPU="4.18e-006" AvgRowSize="12" EstimatedTotalSubtreeCost="0.0264424" Parallel="0" EstimateRebinds="0" EstimateRewinds="0" EstimatedExecutionMode="Row">
                            <OutputList>
                              <ColumnReference Database="[TexusResults]" Schema="[monitoring]" Table="[ResultCollection]" Column="ResultCollectionTypeId" />
                              <ColumnReference Column="Expr1047" />
                              <ColumnReference Column="Expr1048" />
                              <ColumnReference Column="Expr1049" />
                              <ColumnReference Column="Expr1050" />
                            </OutputList>
                            <NestedLoops Optimized="0">
                              <DefinedValues>
                                <DefinedValue>
                                  <ColumnReference Column="Expr1050" />
                                </DefinedValue>
                              </DefinedValues>
                              <OuterReferences>
                                <ColumnReference Database="[TexusResults]" Schema="[monitoring]" Table="[ResultCollection]" Column="ExecutionErrorStateId" />
                              </OuterReferences>
                              <ProbeColumn>
                                <ColumnReference Column="Expr1050" />
                              </ProbeColumn>
                              <RelOp NodeId="4" PhysicalOp="Nested Loops" LogicalOp="Left Semi Join" EstimateRows="1" EstimateIO="0" EstimateCPU="4.18e-006" AvgRowSize="16" EstimatedTotalSubtreeCost="0.0231551" Parallel="0" EstimateRebinds="0" EstimateRewinds="0" EstimatedExecutionMode="Row">
                                <OutputList>
                                  <ColumnReference Database="[TexusResults]" Schema="[monitoring]" Table="[ResultCollection]" Column="ResultCollectionTypeId" />
                                  <ColumnReference Database="[TexusResults]" Schema="[monitoring]" Table="[ResultCollection]" Column="ExecutionErrorStateId" />
                                  <ColumnReference Column="Expr1047" />
                                  <ColumnReference Column="Expr1048" />
                                  <ColumnReference Column="Expr1049" />
                                </OutputList>
                                <NestedLoops Optimized="0">
                                  <DefinedValues>
                                    <DefinedValue>
                                      <ColumnReference Column="Expr1049" />
                                    </DefinedValue>
                                  </DefinedValues>
                                  <OuterReferences>
                                    <ColumnReference Database="[TexusResults]" Schema="[monitoring]" Table="[ResultCollection]" Column="ExecutionCompletionStateId" />
                                  </OuterReferences>
                                  <ProbeColumn>
                                    <ColumnReference Column="Expr1049" />
                                  </ProbeColumn>
                                  <RelOp NodeId="5" PhysicalOp="Nested Loops" LogicalOp="Left Semi Join" EstimateRows="1" EstimateIO="0" EstimateCPU="4.18e-006" AvgRowSize="20" EstimatedTotalSubtreeCost="0.0198678" Parallel="0" EstimateRebinds="0" EstimateRewinds="0" EstimatedExecutionMode="Row">
                                    <OutputList>
                                      <ColumnReference Database="[TexusResults]" Schema="[monitoring]" Table="[ResultCollection]" Column="ResultCollectionTypeId" />
                                      <ColumnReference Database="[TexusResults]" Schema="[monitoring]" Table="[ResultCollection]" Column="ExecutionCompletionStateId" />
                                      <ColumnReference Database="[TexusResults]" Schema="[monitoring]" Table="[ResultCollection]" Column="ExecutionErrorStateId" />
                                      <ColumnReference Column="Expr1047" />
                                      <ColumnReference Column="Expr1048" />
                                    </OutputList>
                                    <NestedLoops Optimized="0">
                                      <DefinedValues>
                                        <DefinedValue>
                                          <ColumnReference Column="Expr1048" />
                                        </DefinedValue>
                                      </DefinedValues>
                                      <OuterReferences>
                                        <ColumnReference Database="[TexusResults]" Schema="[monitoring]" Table="[ResultCollection]" Column="AnalysisErrorStateId" />
                                      </OuterReferences>
                                      <ProbeColumn>
                                        <ColumnReference Column="Expr1048" />
                                      </ProbeColumn>
                                      <RelOp NodeId="6" PhysicalOp="Nested Loops" LogicalOp="Left Semi Join" EstimateRows="1" EstimateIO="0" EstimateCPU="4.18e-006" AvgRowSize="24" EstimatedTotalSubtreeCost="0.0165806" Parallel="0" EstimateRebinds="0" EstimateRewinds="0" EstimatedExecutionMode="Row">
                                        <OutputList>
                                          <ColumnReference Database="[TexusResults]" Schema="[monitoring]" Table="[ResultCollection]" Column="ResultCollectionTypeId" />
                                          <ColumnReference Database="[TexusResults]" Schema="[monitoring]" Table="[ResultCollection]" Column="ExecutionCompletionStateId" />
                                          <ColumnReference Database="[TexusResults]" Schema="[monitoring]" Table="[ResultCollection]" Column="ExecutionErrorStateId" />
                                          <ColumnReference Database="[TexusResults]" Schema="[monitoring]" Table="[ResultCollection]" Column="AnalysisErrorStateId" />
                                          <ColumnReference Column="Expr1047" />
                                        </OutputList>
                                        <NestedLoops Optimized="0">
                                          <DefinedValues>
                                            <DefinedValue>
                                              <ColumnReference Column="Expr1047" />
                                            </DefinedValue>
                                          </DefinedValues>
                                          <OuterReferences>
                                            <ColumnReference Database="[TexusResults]" Schema="[monitoring]" Table="[ResultCollection]" Column="AnalysisCompletionStateId" />
                                          </OuterReferences>
                                          <ProbeColumn>
                                            <ColumnReference Column="Expr1047" />
                                          </ProbeColumn>
                                          <RelOp NodeId="7" PhysicalOp="Clustered Index Insert" LogicalOp="Insert" EstimateRows="1" EstimateIO="0.01" EstimateCPU="1e-006" AvgRowSize="27" EstimatedTotalSubtreeCost="0.0132933" Parallel="0" Partitioned="1" EstimateRebinds="0" EstimateRewinds="0" EstimatedExecutionMode="Row">
                                            <OutputList>
                                              <ColumnReference Database="[TexusResults]" Schema="[monitoring]" Table="[ResultCollection]" Column="ResultCollectionTypeId" />
                                              <ColumnReference Database="[TexusResults]" Schema="[monitoring]" Table="[ResultCollection]" Column="ExecutionCompletionStateId" />
                                              <ColumnReference Database="[TexusResults]" Schema="[monitoring]" Table="[ResultCollection]" Column="AnalysisCompletionStateId" />
                                              <ColumnReference Database="[TexusResults]" Schema="[monitoring]" Table="[ResultCollection]" Column="ExecutionErrorStateId" />
                                              <ColumnReference Database="[TexusResults]" Schema="[monitoring]" Table="[ResultCollection]" Column="AnalysisErrorStateId" />
                                            </OutputList>
                                            <Update DMLRequestSort="0">
                                              <Object Database="[TexusResults]" Schema="[monitoring]" Table="[ResultCollection]" Index="[ResultCollection_PK]" IndexKind="Clustered" />
                                              <SetPredicate>
                                                <ScalarOperator ScalarString="[TexusResults].[monitoring].[ResultCollection].[PkSetPartition] = RaiseIfNullInsert([@submissionSetPartition]),[TexusResults].[monitoring].[ResultCollection].[PkSetId] = RaiseIfNullInsert([@submissionSetId]),[TexusResults].[monitoring].[ResultCollection].[ResultCollectionTypeId] = RaiseIfNullInsert([Expr1009]),[TexusResults].[monitoring].[ResultCollection].[PkId] = [Expr1004],[TexusResults].[monitoring].[ResultCollection].[ExecutionCompletionStateId] = [Expr1010],[TexusResults].[monitoring].[ResultCollection].[AnalysisCompletionStateId] = [Expr1011],[TexusResults].[monitoring].[ResultCollection].[ExecutionErrorStateId] = [Expr1012],[TexusResults].[monitoring].[ResultCollection].[AnalysisErrorStateId] = [Expr1013],[PtnId1000] = RaiseIfNullInsert([Expr1029])">
                                                  <ScalarExpressionList>
                                                    <ScalarOperator>
                                                      <MultipleAssign>
                                                        <Assign>
                                                          <ColumnReference Database="[TexusResults]" Schema="[monitoring]" Table="[ResultCollection]" Column="PkSetPartition" />
                                                          <ScalarOperator>
                                                            <Intrinsic FunctionName="RaiseIfNullInsert">
                                                              <ScalarOperator>
                                                                <Identifier>
                                                                  <ColumnReference Column="@submissionSetPartition" />
                                                                </Identifier>
                                                              </ScalarOperator>
                                                            </Intrinsic>
                                                          </ScalarOperator>
                                                        </Assign>
                                                        <Assign>
                                                          <ColumnReference Database="[TexusResults]" Schema="[monitoring]" Table="[ResultCollection]" Column="PkSetId" />
                                                          <ScalarOperator>
                                                            <Intrinsic FunctionName="RaiseIfNullInsert">
                                                              <ScalarOperator>
                                                                <Identifier>
                                                                  <ColumnReference Column="@submissionSetId" />
                                                                </Identifier>
                                                              </ScalarOperator>
                                                            </Intrinsic>
                                                          </ScalarOperator>
                                                        </Assign>
                                                        <Assign>
                                                          <ColumnReference Database="[TexusResults]" Schema="[monitoring]" Table="[ResultCollection]" Column="ResultCollectionTypeId" />
                                                          <ScalarOperator>
                                                            <Intrinsic FunctionName="RaiseIfNullInsert">
                                                              <ScalarOperator>
                                                                <Identifier>
                                                                  <ColumnReference Column="Expr1009" />
                                                                </Identifier>
                                                              </ScalarOperator>
                                                            </Intrinsic>
                                                          </ScalarOperator>
                                                        </Assign>
                                                        <Assign>
                                                          <ColumnReference Database="[TexusResults]" Schema="[monitoring]" Table="[ResultCollection]" Column="PkId" />
                                                          <ScalarOperator>
                                                            <Identifier>
                                                              <ColumnReference Column="Expr1004" />
                                                            </Identifier>
                                                          </ScalarOperator>
                                                        </Assign>
                                                        <Assign>
                                                          <ColumnReference Database="[TexusResults]" Schema="[monitoring]" Table="[ResultCollection]" Column="ExecutionCompletionStateId" />
                                                          <ScalarOperator>
                                                            <Identifier>
                                                              <ColumnReference Column="Expr1010" />
                                                            </Identifier>
                                                          </ScalarOperator>
                                                        </Assign>
                                                        <Assign>
                                                          <ColumnReference Database="[TexusResults]" Schema="[monitoring]" Table="[ResultCollection]" Column="AnalysisCompletionStateId" />
                                                          <ScalarOperator>
                                                            <Identifier>
                                                              <ColumnReference Column="Expr1011" />
                                                            </Identifier>
                                                          </ScalarOperator>
                                                        </Assign>
                                                        <Assign>
                                                          <ColumnReference Database="[TexusResults]" Schema="[monitoring]" Table="[ResultCollection]" Column="ExecutionErrorStateId" />
                                                          <ScalarOperator>
                                                            <Identifier>
                                                              <ColumnReference Column="Expr1012" />
                                                            </Identifier>
                                                          </ScalarOperator>
                                                        </Assign>
                                                        <Assign>
                                                          <ColumnReference Database="[TexusResults]" Schema="[monitoring]" Table="[ResultCollection]" Column="AnalysisErrorStateId" />
                                                          <ScalarOperator>
                                                            <Identifier>
                                                              <ColumnReference Column="Expr1013" />
                                                            </Identifier>
                                                          </ScalarOperator>
                                                        </Assign>
                                                        <Assign>
                                                          <ColumnReference Column="PtnId1000" ComputedColumn="1" />
                                                          <ScalarOperator>
                                                            <Intrinsic FunctionName="RaiseIfNullInsert">
                                                              <ScalarOperator>
                                                                <Identifier>
                                                                  <ColumnReference Column="Expr1029" />
                                                                </Identifier>
                                                              </ScalarOperator>
                                                            </Intrinsic>
                                                          </ScalarOperator>
                                                        </Assign>
                                                      </MultipleAssign>
                                                    </ScalarOperator>
                                                  </ScalarExpressionList>
                                                </ScalarOperator>
                                              </SetPredicate>
                                              <RelOp NodeId="8" PhysicalOp="Compute Scalar" LogicalOp="Compute Scalar" EstimateRows="1" EstimateIO="0" EstimateCPU="1e-007" AvgRowSize="35" EstimatedTotalSubtreeCost="0.00329228" Parallel="0" EstimateRebinds="0" EstimateRewinds="0" EstimatedExecutionMode="Row">
                                                <OutputList>
                                                  <ColumnReference Column="Expr1004" />
                                                  <ColumnReference Column="Expr1009" />
                                                  <ColumnReference Column="Expr1010" />
                                                  <ColumnReference Column="Expr1011" />
                                                  <ColumnReference Column="Expr1012" />
                                                  <ColumnReference Column="Expr1013" />
                                                  <ColumnReference Column="Expr1029" />
                                                </OutputList>
                                                <ComputeScalar>
                                                  <DefinedValues>
                                                    <DefinedValue>
                                                      <ColumnReference Column="Expr1009" />
                                                      <ScalarOperator ScalarString="[Expr1046]">
                                                        <Identifier>
                                                          <ColumnReference Column="Expr1046" />
                                                        </Identifier>
                                                      </ScalarOperator>
                                                    </DefinedValue>
                                                    <DefinedValue>
                                                      <ColumnReference Column="Expr1010" />
                                                      <ScalarOperator ScalarString="(0)">
                                                        <Const ConstValue="(0)" />
                                                      </ScalarOperator>
                                                    </DefinedValue>
                                                    <DefinedValue>
                                                      <ColumnReference Column="Expr1011" />
                                                      <ScalarOperator ScalarString="(0)">
                                                        <Const ConstValue="(0)" />
                                                      </ScalarOperator>
                                                    </DefinedValue>
                                                    <DefinedValue>
                                                      <ColumnReference Column="Expr1012" />
                                                      <ScalarOperator ScalarString="(0)">
                                                        <Const ConstValue="(0)" />
                                                      </ScalarOperator>
                                                    </DefinedValue>
                                                    <DefinedValue>
                                                      <ColumnReference Column="Expr1013" />
                                                      <ScalarOperator ScalarString="(0)">
                                                        <Const ConstValue="(0)" />
                                                      </ScalarOperator>
                                                    </DefinedValue>
                                                    <DefinedValue>
                                                      <ColumnReference Column="Expr1029" />
                                                      <ScalarOperator ScalarString="RangePartitionNew([@submissionSetPartition],(1),'2011-02-01','2011-03-01','2011-04-01','2011-05-01','2011-06-01','2011-07-01','2011-08-01','2011-09-01','2011-10-01','2011-11-01','2011-12-01','2012-01-01','2012-02-01','2012-03-01','2012-04-01','2012-05-01','2012-06-01','2012-07-01','2012-08-01','2012-09-01','2012-10-01','2012-11-01','2012-12-01','2013-01-01','2013-02-01','2013-03-01','2013-04-01','2013-05-01','2013-06-01','2013-07-01','2013-08-01','2013-09-01','2013-10-01','2013-11-01','2013-12-01','2014-01-01')">
                                                        <Intrinsic FunctionName="RangePartitionNew">
                                                          <ScalarOperator>
                                                            <Identifier>
                                                              <ColumnReference Column="@submissionSetPartition" />
                                                            </Identifier>
                                                          </ScalarOperator>
                                                          <ScalarOperator>
                                                            <Const ConstValue="(1)" />
                                                          </ScalarOperator>
                                                          <ScalarOperator>
                                                            <Const ConstValue="'2011-02-01'" />
                                                          </ScalarOperator>
                                                          <ScalarOperator>
                                                            <Const ConstValue="'2011-03-01'" />
                                                          </ScalarOperator>
                                                          <ScalarOperator>
                                                            <Const ConstValue="'2011-04-01'" />
                                                          </ScalarOperator>
                                                          <ScalarOperator>
                                                            <Const ConstValue="'2011-05-01'" />
                                                          </ScalarOperator>
                                                          <ScalarOperator>
                                                            <Const ConstValue="'2011-06-01'" />
                                                          </ScalarOperator>
                                                          <ScalarOperator>
                                                            <Const ConstValue="'2011-07-01'" />
                                                          </ScalarOperator>
                                                          <ScalarOperator>
                                                            <Const ConstValue="'2011-08-01'" />
                                                          </ScalarOperator>
                                                          <ScalarOperator>
                                                            <Const ConstValue="'2011-09-01'" />
                                                          </ScalarOperator>
                                                          <ScalarOperator>
                                                            <Const ConstValue="'2011-10-01'" />
                                                          </ScalarOperator>
                                                          <ScalarOperator>
                                                            <Const ConstValue="'2011-11-01'" />
                                                          </ScalarOperator>
                                                          <ScalarOperator>
                                                            <Const ConstValue="'2011-12-01'" />
                                                          </ScalarOperator>
                                                          <ScalarOperator>
                                                            <Const ConstValue="'2012-01-01'" />
                                                          </ScalarOperator>
                                                          <ScalarOperator>
                                                            <Const ConstValue="'2012-02-01'" />
                                                          </ScalarOperator>
                                                          <ScalarOperator>
                                                            <Const ConstValue="'2012-03-01'" />
                                                          </ScalarOperator>
                                                          <ScalarOperator>
                                                            <Const ConstValue="'2012-04-01'" />
                                                          </ScalarOperator>
                                                          <ScalarOperator>
                                                            <Const ConstValue="'2012-05-01'" />
                                                          </ScalarOperator>
                                                          <ScalarOperator>
                                                            <Const ConstValue="'2012-06-01'" />
                                                          </ScalarOperator>
                                                          <ScalarOperator>
                                                            <Const ConstValue="'2012-07-01'" />
                                                          </ScalarOperator>
                                                          <ScalarOperator>
                                                            <Const ConstValue="'2012-08-01'" />
                                                          </ScalarOperator>
                                                          <ScalarOperator>
                                                            <Const ConstValue="'2012-09-01'" />
                                                          </ScalarOperator>
                                                          <ScalarOperator>
                                                            <Const ConstValue="'2012-10-01'" />
                                                          </ScalarOperator>
                                                          <ScalarOperator>
                                                            <Const ConstValue="'2012-11-01'" />
                                                          </ScalarOperator>
                                                          <ScalarOperator>
                                                            <Const ConstValue="'2012-12-01'" />
                                                          </ScalarOperator>
                                                          <ScalarOperator>
                                                            <Const ConstValue="'2013-01-01'" />
                                                          </ScalarOperator>
                                                          <ScalarOperator>
                                                            <Const ConstValue="'2013-02-01'" />
                                                          </ScalarOperator>
                                                          <ScalarOperator>
                                                            <Const ConstValue="'2013-03-01'" />
                                                          </ScalarOperator>
                                                          <ScalarOperator>
                                                            <Const ConstValue="'2013-04-01'" />
                                                          </ScalarOperator>
                                                          <ScalarOperator>
                                                            <Const ConstValue="'2013-05-01'" />
                                                          </ScalarOperator>
                                                          <ScalarOperator>
                                                            <Const ConstValue="'2013-06-01'" />
                                                          </ScalarOperator>
                                                          <ScalarOperator>
                                                            <Const ConstValue="'2013-07-01'" />
                                                          </ScalarOperator>
                                                          <ScalarOperator>
                                                            <Const ConstValue="'2013-08-01'" />
                                                          </ScalarOperator>
                                                          <ScalarOperator>
                                                            <Const ConstValue="'2013-09-01'" />
                                                          </ScalarOperator>
                                                          <ScalarOperator>
                                                            <Const ConstValue="'2013-10-01'" />
                                                          </ScalarOperator>
                                                          <ScalarOperator>
                                                            <Const ConstValue="'2013-11-01'" />
                                                          </ScalarOperator>
                                                          <ScalarOperator>
                                                            <Const ConstValue="'2013-12-01'" />
                                                          </ScalarOperator>
                                                          <ScalarOperator>
                                                            <Const ConstValue="'2014-01-01'" />
                                                          </ScalarOperator>
                                                        </Intrinsic>
                                                      </ScalarOperator>
                                                    </DefinedValue>
                                                  </DefinedValues>
                                                  <RelOp NodeId="9" PhysicalOp="Nested Loops" LogicalOp="Left Outer Join" EstimateRows="1" EstimateIO="0" EstimateCPU="4.18e-006" AvgRowSize="15" EstimatedTotalSubtreeCost="0.00329218" Parallel="0" EstimateRebinds="0" EstimateRewinds="0" EstimatedExecutionMode="Row">
                                                    <OutputList>
                                                      <ColumnReference Column="Expr1004" />
                                                      <ColumnReference Column="Expr1046" />
                                                    </OutputList>
                                                    <NestedLoops Optimized="0">
                                                      <RelOp NodeId="10" PhysicalOp="Compute Scalar" LogicalOp="Compute Scalar" EstimateRows="1" EstimateIO="0" EstimateCPU="1e-007" AvgRowSize="11" EstimatedTotalSubtreeCost="1.257e-006" Parallel="0" EstimateRebinds="0" EstimateRewinds="0" EstimatedExecutionMode="Row">
                                                        <OutputList>
                                                          <ColumnReference Column="Expr1004" />
                                                        </OutputList>
                                                        <ComputeScalar ComputeSequence="1">
                                                          <DefinedValues>
                                                            <DefinedValue>
                                                              <ColumnReference Column="Expr1004" />
                                                              <ScalarOperator ScalarString="getidentity((482100758),(7),NULL)">
                                                                <Intrinsic FunctionName="getidentity">
                                                                  <ScalarOperator>
                                                                    <Const ConstValue="(482100758)" />
                                                                  </ScalarOperator>
                                                                  <ScalarOperator>
                                                                    <Const ConstValue="(7)" />
                                                                  </ScalarOperator>
                                                                  <ScalarOperator>
                                                                    <Const ConstValue="NULL" />
                                                                  </ScalarOperator>
                                                                </Intrinsic>
                                                              </ScalarOperator>
                                                            </DefinedValue>
                                                          </DefinedValues>
                                                          <RelOp NodeId="11" PhysicalOp="Constant Scan" LogicalOp="Constant Scan" EstimateRows="1" EstimateIO="0" EstimateCPU="1.157e-006" AvgRowSize="9" EstimatedTotalSubtreeCost="1.157e-006" Parallel="0" EstimateRebinds="0" EstimateRewinds="0" EstimatedExecutionMode="Row">
                                                            <OutputList />
                                                            <ConstantScan />
                                                          </RelOp>
                                                        </ComputeScalar>
                                                      </RelOp>
                                                      <RelOp NodeId="15" PhysicalOp="Assert" LogicalOp="Assert" EstimateRows="1" EstimateIO="0" EstimateCPU="4.8e-007" AvgRowSize="11" EstimatedTotalSubtreeCost="0.00328674" Parallel="0" EstimateRebinds="0" EstimateRewinds="0" EstimatedExecutionMode="Row">
                                                        <OutputList>
                                                          <ColumnReference Column="Expr1046" />
                                                        </OutputList>
                                                        <Assert StartupExpression="0">
                                                          <RelOp NodeId="16" PhysicalOp="Stream Aggregate" LogicalOp="Aggregate" EstimateRows="1" EstimateIO="0" EstimateCPU="1.1e-006" AvgRowSize="19" EstimatedTotalSubtreeCost="0.00328626" Parallel="0" EstimateRebinds="0" EstimateRewinds="0" EstimatedExecutionMode="Row">
                                                            <OutputList>
                                                              <ColumnReference Column="Expr1045" />
                                                              <ColumnReference Column="Expr1046" />
                                                            </OutputList>
                                                            <StreamAggregate>
                                                              <DefinedValues>
                                                                <DefinedValue>
                                                                  <ColumnReference Column="Expr1045" />
                                                                  <ScalarOperator ScalarString="Count(*)">
                                                                    <Aggregate AggType="countstar" Distinct="0" />
                                                                  </ScalarOperator>
                                                                </DefinedValue>
                                                                <DefinedValue>
                                                                  <ColumnReference Column="Expr1046" />
                                                                  <ScalarOperator ScalarString="ANY([TexusResults].[monitoring].[ResultCollectionType].[PkId])">
                                                                    <Aggregate Distinct="0" AggType="ANY">
                                                                      <ScalarOperator>
                                                                        <Identifier>
                                                                          <ColumnReference Database="[TexusResults]" Schema="[monitoring]" Table="[ResultCollectionType]" Column="PkId" />
                                                                        </Identifier>
                                                                      </ScalarOperator>
                                                                    </Aggregate>
                                                                  </ScalarOperator>
                                                                </DefinedValue>
                                                              </DefinedValues>
                                                              <RelOp NodeId="17" PhysicalOp="Clustered Index Scan" LogicalOp="Clustered Index Scan" EstimateRows="1" EstimateIO="0.003125" EstimateCPU="0.0001592" AvgRowSize="22" EstimatedTotalSubtreeCost="0.0032842" TableCardinality="2" Parallel="0" EstimateRebinds="0" EstimateRewinds="0" EstimatedExecutionMode="Row">
                                                                <OutputList>
                                                                  <ColumnReference Database="[TexusResults]" Schema="[monitoring]" Table="[ResultCollectionType]" Column="PkId" />
                                                                </OutputList>
                                                                <IndexScan Ordered="0" ForcedIndex="0" ForceScan="0" NoExpandHint="0">
                                                                  <DefinedValues>
                                                                    <DefinedValue>
                                                                      <ColumnReference Database="[TexusResults]" Schema="[monitoring]" Table="[ResultCollectionType]" Column="PkId" />
                                                                    </DefinedValue>
                                                                  </DefinedValues>
                                                                  <Object Database="[TexusResults]" Schema="[monitoring]" Table="[ResultCollectionType]" Index="[ResultCollectionType_PK]" IndexKind="Clustered" />
                                                                  <Predicate>
                                                                    <ScalarOperator ScalarString="[TexusResults].[monitoring].[ResultCollectionType].[Name]='Discards'">
                                                                      <Compare CompareOp="EQ">
                                                                        <ScalarOperator>
                                                                          <Identifier>
                                                                            <ColumnReference Database="[TexusResults]" Schema="[monitoring]" Table="[ResultCollectionType]" Column="Name" />
                                                                          </Identifier>
                                                                        </ScalarOperator>
                                                                        <ScalarOperator>
                                                                          <Const ConstValue="'Discards'" />
                                                                        </ScalarOperator>
                                                                      </Compare>
                                                                    </ScalarOperator>
                                                                  </Predicate>
                                                                </IndexScan>
                                                              </RelOp>
                                                            </StreamAggregate>
                                                          </RelOp>
                                                          <Predicate>
                                                            <ScalarOperator ScalarString="CASE WHEN [Expr1045]&gt;(1) THEN (0) ELSE NULL END">
                                                              <IF>
                                                                <Condition>
                                                                  <ScalarOperator>
                                                                    <Compare CompareOp="GT">
                                                                      <ScalarOperator>
                                                                        <Identifier>
                                                                          <ColumnReference Column="Expr1045" />
                                                                        </Identifier>
                                                                      </ScalarOperator>
                                                                      <ScalarOperator>
                                                                        <Const ConstValue="(1)" />
                                                                      </ScalarOperator>
                                                                    </Compare>
                                                                  </ScalarOperator>
                                                                </Condition>
                                                                <Then>
                                                                  <ScalarOperator>
                                                                    <Const ConstValue="(0)" />
                                                                  </ScalarOperator>
                                                                </Then>
                                                                <Else>
                                                                  <ScalarOperator>
                                                                    <Const ConstValue="NULL" />
                                                                  </ScalarOperator>
                                                                </Else>
                                                              </IF>
                                                            </ScalarOperator>
                                                          </Predicate>
                                                        </Assert>
                                                      </RelOp>
                                                    </NestedLoops>
                                                  </RelOp>
                                                </ComputeScalar>
                                              </RelOp>
                                            </Update>
                                          </RelOp>
                                          <RelOp NodeId="35" PhysicalOp="Clustered Index Seek" LogicalOp="Clustered Index Seek" EstimateRows="1" EstimateIO="0.003125" EstimateCPU="0.0001581" AvgRowSize="9" EstimatedTotalSubtreeCost="0.0032831" TableCardinality="4" Parallel="0" EstimateRebinds="0" EstimateRewinds="0" EstimatedExecutionMode="Row">
                                            <OutputList />
                                            <IndexScan Ordered="1" ScanDirection="FORWARD" ForcedIndex="1" ForceSeek="0" ForceScan="0" NoExpandHint="0" Storage="RowStore">
                                              <DefinedValues />
                                              <Object Database="[TexusResults]" Schema="[execution]" Table="[ExecutionState]" Index="[ExecutionState_PK]" IndexKind="Clustered" />
                                              <SeekPredicates>
                                                <SeekPredicateNew>
                                                  <SeekKeys>
                                                    <Prefix ScanType="EQ">
                                                      <RangeColumns>
                                                        <ColumnReference Database="[TexusResults]" Schema="[execution]" Table="[ExecutionState]" Column="PkId" />
                                                      </RangeColumns>
                                                      <RangeExpressions>
                                                        <ScalarOperator ScalarString="[TexusResults].[monitoring].[ResultCollection].[AnalysisCompletionStateId]">
                                                          <Identifier>
                                                            <ColumnReference Database="[TexusResults]" Schema="[monitoring]" Table="[ResultCollection]" Column="AnalysisCompletionStateId" />
                                                          </Identifier>
                                                        </ScalarOperator>
                                                      </RangeExpressions>
                                                    </Prefix>
                                                  </SeekKeys>
                                                </SeekPredicateNew>
                                              </SeekPredicates>
                                            </IndexScan>
                                          </RelOp>
                                        </NestedLoops>
                                      </RelOp>
                                      <RelOp NodeId="36" PhysicalOp="Clustered Index Seek" LogicalOp="Clustered Index Seek" EstimateRows="1" EstimateIO="0.003125" EstimateCPU="0.0001581" AvgRowSize="9" EstimatedTotalSubtreeCost="0.0032831" TableCardinality="2" Parallel="0" EstimateRebinds="0" EstimateRewinds="0" EstimatedExecutionMode="Row">
                                        <OutputList />
                                        <IndexScan Ordered="1" ScanDirection="FORWARD" ForcedIndex="1" ForceSeek="0" ForceScan="0" NoExpandHint="0" Storage="RowStore">
                                          <DefinedValues />
                                          <Object Database="[TexusResults]" Schema="[execution]" Table="[ErrorState]" Index="[ErrorState_PK]" IndexKind="Clustered" />
                                          <SeekPredicates>
                                            <SeekPredicateNew>
                                              <SeekKeys>
                                                <Prefix ScanType="EQ">
                                                  <RangeColumns>
                                                    <ColumnReference Database="[TexusResults]" Schema="[execution]" Table="[ErrorState]" Column="PkId" />
                                                  </RangeColumns>
                                                  <RangeExpressions>
                                                    <ScalarOperator ScalarString="[TexusResults].[monitoring].[ResultCollection].[AnalysisErrorStateId]">
                                                      <Identifier>
                                                        <ColumnReference Database="[TexusResults]" Schema="[monitoring]" Table="[ResultCollection]" Column="AnalysisErrorStateId" />
                                                      </Identifier>
                                                    </ScalarOperator>
                                                  </RangeExpressions>
                                                </Prefix>
                                              </SeekKeys>
                                            </SeekPredicateNew>
                                          </SeekPredicates>
                                        </IndexScan>
                                      </RelOp>
                                    </NestedLoops>
                                  </RelOp>
                                  <RelOp NodeId="37" PhysicalOp="Clustered Index Seek" LogicalOp="Clustered Index Seek" EstimateRows="1" EstimateIO="0.003125" EstimateCPU="0.0001581" AvgRowSize="9" EstimatedTotalSubtreeCost="0.0032831" TableCardinality="4" Parallel="0" EstimateRebinds="0" EstimateRewinds="0" EstimatedExecutionMode="Row">
                                    <OutputList />
                                    <IndexScan Ordered="1" ScanDirection="FORWARD" ForcedIndex="1" ForceSeek="0" ForceScan="0" NoExpandHint="0" Storage="RowStore">
                                      <DefinedValues />
                                      <Object Database="[TexusResults]" Schema="[execution]" Table="[ExecutionState]" Index="[ExecutionState_PK]" IndexKind="Clustered" />
                                      <SeekPredicates>
                                        <SeekPredicateNew>
                                          <SeekKeys>
                                            <Prefix ScanType="EQ">
                                              <RangeColumns>
                                                <ColumnReference Database="[TexusResults]" Schema="[execution]" Table="[ExecutionState]" Column="PkId" />
                                              </RangeColumns>
                                              <RangeExpressions>
                                                <ScalarOperator ScalarString="[TexusResults].[monitoring].[ResultCollection].[ExecutionCompletionStateId]">
                                                  <Identifier>
                                                    <ColumnReference Database="[TexusResults]" Schema="[monitoring]" Table="[ResultCollection]" Column="ExecutionCompletionStateId" />
                                                  </Identifier>
                                                </ScalarOperator>
                                              </RangeExpressions>
                                            </Prefix>
                                          </SeekKeys>
                                        </SeekPredicateNew>
                                      </SeekPredicates>
                                    </IndexScan>
                                  </RelOp>
                                </NestedLoops>
                              </RelOp>
                              <RelOp NodeId="38" PhysicalOp="Clustered Index Seek" LogicalOp="Clustered Index Seek" EstimateRows="1" EstimateIO="0.003125" EstimateCPU="0.0001581" AvgRowSize="9" EstimatedTotalSubtreeCost="0.0032831" TableCardinality="2" Parallel="0" EstimateRebinds="0" EstimateRewinds="0" EstimatedExecutionMode="Row">
                                <OutputList />
                                <IndexScan Ordered="1" ScanDirection="FORWARD" ForcedIndex="1" ForceSeek="0" ForceScan="0" NoExpandHint="0" Storage="RowStore">
                                  <DefinedValues />
                                  <Object Database="[TexusResults]" Schema="[execution]" Table="[ErrorState]" Index="[ErrorState_PK]" IndexKind="Clustered" />
                                  <SeekPredicates>
                                    <SeekPredicateNew>
                                      <SeekKeys>
                                        <Prefix ScanType="EQ">
                                          <RangeColumns>
                                            <ColumnReference Database="[TexusResults]" Schema="[execution]" Table="[ErrorState]" Column="PkId" />
                                          </RangeColumns>
                                          <RangeExpressions>
                                            <ScalarOperator ScalarString="[TexusResults].[monitoring].[ResultCollection].[ExecutionErrorStateId]">
                                              <Identifier>
                                                <ColumnReference Database="[TexusResults]" Schema="[monitoring]" Table="[ResultCollection]" Column="ExecutionErrorStateId" />
                                              </Identifier>
                                            </ScalarOperator>
                                          </RangeExpressions>
                                        </Prefix>
                                      </SeekKeys>
                                    </SeekPredicateNew>
                                  </SeekPredicates>
                                </IndexScan>
                              </RelOp>
                            </NestedLoops>
                          </RelOp>
                          <RelOp NodeId="39" PhysicalOp="Clustered Index Seek" LogicalOp="Clustered Index Seek" EstimateRows="1" EstimateIO="0.003125" EstimateCPU="0.0001581" AvgRowSize="9" EstimatedTotalSubtreeCost="0.0032831" TableCardinality="2" Parallel="0" EstimateRebinds="0" EstimateRewinds="0" EstimatedExecutionMode="Row">
                            <OutputList />
                            <IndexScan Ordered="1" ScanDirection="FORWARD" ForcedIndex="1" ForceSeek="0" ForceScan="0" NoExpandHint="0" Storage="RowStore">
                              <DefinedValues />
                              <Object Database="[TexusResults]" Schema="[monitoring]" Table="[ResultCollectionType]" Index="[ResultCollectionType_PK]" IndexKind="Clustered" />
                              <SeekPredicates>
                                <SeekPredicateNew>
                                  <SeekKeys>
                                    <Prefix ScanType="EQ">
                                      <RangeColumns>
                                        <ColumnReference Database="[TexusResults]" Schema="[monitoring]" Table="[ResultCollectionType]" Column="PkId" />
                                      </RangeColumns>
                                      <RangeExpressions>
                                        <ScalarOperator ScalarString="[TexusResults].[monitoring].[ResultCollection].[ResultCollectionTypeId]">
                                          <Identifier>
                                            <ColumnReference Database="[TexusResults]" Schema="[monitoring]" Table="[ResultCollection]" Column="ResultCollectionTypeId" />
                                          </Identifier>
                                        </ScalarOperator>
                                      </RangeExpressions>
                                    </Prefix>
                                  </SeekKeys>
                                </SeekPredicateNew>
                              </SeekPredicates>
                            </IndexScan>
                          </RelOp>
                        </NestedLoops>
                      </RelOp>
                      <Predicate>
                        <ScalarOperator ScalarString="CASE WHEN [Expr1047] IS NULL THEN (0) ELSE CASE WHEN [Expr1048] IS NULL THEN (1) ELSE CASE WHEN [Expr1049] IS NULL THEN (2) ELSE CASE WHEN [Expr1050] IS NULL THEN (3) ELSE CASE WHEN [Expr1051] IS NULL THEN (4) ELSE NULL END END END END END">
                          <IF>
                            <Condition>
                              <ScalarOperator>
                                <Logical Operation="IS NULL">
                                  <ScalarOperator>
                                    <Identifier>
                                      <ColumnReference Column="Expr1047" />
                                    </Identifier>
                                  </ScalarOperator>
                                </Logical>
                              </ScalarOperator>
                            </Condition>
                            <Then>
                              <ScalarOperator>
                                <Const ConstValue="(0)" />
                              </ScalarOperator>
                            </Then>
                            <Else>
                              <ScalarOperator>
                                <IF>
                                  <Condition>
                                    <ScalarOperator>
                                      <Logical Operation="IS NULL">
                                        <ScalarOperator>
                                          <Identifier>
                                            <ColumnReference Column="Expr1048" />
                                          </Identifier>
                                        </ScalarOperator>
                                      </Logical>
                                    </ScalarOperator>
                                  </Condition>
                                  <Then>
                                    <ScalarOperator>
                                      <Const ConstValue="(1)" />
                                    </ScalarOperator>
                                  </Then>
                                  <Else>
                                    <ScalarOperator>
                                      <IF>
                                        <Condition>
                                          <ScalarOperator>
                                            <Logical Operation="IS NULL">
                                              <ScalarOperator>
                                                <Identifier>
                                                  <ColumnReference Column="Expr1049" />
                                                </Identifier>
                                              </ScalarOperator>
                                            </Logical>
                                          </ScalarOperator>
                                        </Condition>
                                        <Then>
                                          <ScalarOperator>
                                            <Const ConstValue="(2)" />
                                          </ScalarOperator>
                                        </Then>
                                        <Else>
                                          <ScalarOperator>
                                            <IF>
                                              <Condition>
                                                <ScalarOperator>
                                                  <Logical Operation="IS NULL">
                                                    <ScalarOperator>
                                                      <Identifier>
                                                        <ColumnReference Column="Expr1050" />
                                                      </Identifier>
                                                    </ScalarOperator>
                                                  </Logical>
                                                </ScalarOperator>
                                              </Condition>
                                              <Then>
                                                <ScalarOperator>
                                                  <Const ConstValue="(3)" />
                                                </ScalarOperator>
                                              </Then>
                                              <Else>
                                                <ScalarOperator>
                                                  <IF>
                                                    <Condition>
                                                      <ScalarOperator>
                                                        <Logical Operation="IS NULL">
                                                          <ScalarOperator>
                                                            <Identifier>
                                                              <ColumnReference Column="Expr1051" />
                                                            </Identifier>
                                                          </ScalarOperator>
                                                        </Logical>
                                                      </ScalarOperator>
                                                    </Condition>
                                                    <Then>
                                                      <ScalarOperator>
                                                        <Const ConstValue="(4)" />
                                                      </ScalarOperator>
                                                    </Then>
                                                    <Else>
                                                      <ScalarOperator>
                                                        <Const ConstValue="NULL" />
                                                      </ScalarOperator>
                                                    </Else>
                                                  </IF>
                                                </ScalarOperator>
                                              </Else>
                                            </IF>
                                          </ScalarOperator>
                                        </Else>
                                      </IF>
                                    </ScalarOperator>
                                  </Else>
                                </IF>
                              </ScalarOperator>
                            </Else>
                          </IF>
                        </ScalarOperator>
                      </Predicate>
                    </Assert>
                  </RelOp>
                  <ParameterList>
                    <ColumnReference Column="@submissionSetPartition" ParameterCompiledValue="NULL" />
                  </ParameterList>
                </QueryPlan>
              </StmtSimple>
              <StmtSimple StatementText="&#x9;SET @submissionIsComplete = 0&#xD;&#xA;&#x9;" StatementId="12" StatementCompId="14" StatementType="ASSIGN" RetrievedFromCache="true" />
              <StmtSimple StatementText="&#x9;INSERT INTO [execution].[Submission] ([PkSetPartition], [PkSetId], [Guid], [CreationDateUtc], [NameId], [WorkflowManagerUriId], [IsComplete])&#xD;&#xA;&#x9;&#x9;VALUES (@submissionSetPartition, @submissionSetId, @submissionGuid, @submissionCreateDateUtc, @nameId, @workflowUriId, @submissionIsComplete)&#xD;&#xA;&#x9;" StatementId="13" StatementCompId="15" StatementType="INSERT" RetrievedFromCache="true" StatementSubTreeCost="0.0398664" StatementEstRows="1" StatementOptmLevel="TRIVIAL" QueryHash="0x29EE6D105BD295BC" QueryPlanHash="0xEB5C8AD2515703B3">
                <StatementSetOptions QUOTED_IDENTIFIER="true" ARITHABORT="false" CONCAT_NULL_YIELDS_NULL="true" ANSI_NULLS="true" ANSI_PADDING="true" ANSI_WARNINGS="true" NUMERIC_ROUNDABORT="false" />
                <QueryPlan NonParallelPlanReason="MaxDOPSetToOne" CachedPlanSize="64" CompileTime="7" CompileCPU="7" CompileMemory="536">
                  <MemoryGrantInfo SerialRequiredMemory="0" SerialDesiredMemory="0" />
                  <OptimizerHardwareDependentProperties EstimatedAvailableMemoryGrant="193313" EstimatedPagesCached="773254" EstimatedAvailableDegreeOfParallelism="1" />
                  <RelOp NodeId="1" PhysicalOp="Assert" LogicalOp="Assert" EstimateRows="1" EstimateIO="0" EstimateCPU="1.8e-007" AvgRowSize="9" EstimatedTotalSubtreeCost="0.0398664" Parallel="0" EstimateRebinds="0" EstimateRewinds="0" EstimatedExecutionMode="Row">
                    <OutputList />
                    <Assert StartupExpression="0">
                      <RelOp NodeId="2" PhysicalOp="Nested Loops" LogicalOp="Left Semi Join" EstimateRows="1" EstimateIO="0" EstimateCPU="4.18e-006" AvgRowSize="9" EstimatedTotalSubtreeCost="0.0398662" Parallel="0" EstimateRebinds="0" EstimateRewinds="0" EstimatedExecutionMode="Row">
                        <OutputList>
                          <ColumnReference Column="Expr1032" />
                          <ColumnReference Column="Expr1033" />
                          <ColumnReference Column="Expr1034" />
                        </OutputList>
                        <NestedLoops Optimized="0">
                          <DefinedValues>
                            <DefinedValue>
                              <ColumnReference Column="Expr1034" />
                            </DefinedValue>
                          </DefinedValues>
                          <OuterReferences>
                            <ColumnReference Database="[TexusResults]" Schema="[execution]" Table="[Submission]" Column="WorkflowManagerUriId" />
                          </OuterReferences>
                          <ProbeColumn>
                            <ColumnReference Column="Expr1034" />
                          </ProbeColumn>
                          <RelOp NodeId="3" PhysicalOp="Nested Loops" LogicalOp="Left Semi Join" EstimateRows="1" EstimateIO="0" EstimateCPU="4.18e-006" AvgRowSize="16" EstimatedTotalSubtreeCost="0.0365789" Parallel="0" EstimateRebinds="0" EstimateRewinds="0" EstimatedExecutionMode="Row">
                            <OutputList>
                              <ColumnReference Database="[TexusResults]" Schema="[execution]" Table="[Submission]" Column="WorkflowManagerUriId" />
                              <ColumnReference Column="Expr1032" />
                              <ColumnReference Column="Expr1033" />
                            </OutputList>
                            <NestedLoops Optimized="0">
                              <DefinedValues>
                                <DefinedValue>
                                  <ColumnReference Column="Expr1033" />
                                </DefinedValue>
                              </DefinedValues>
                              <OuterReferences>
                                <ColumnReference Database="[TexusResults]" Schema="[execution]" Table="[Submission]" Column="NameId" />
                              </OuterReferences>
                              <ProbeColumn>
                                <ColumnReference Column="Expr1033" />
                              </ProbeColumn>
                              <RelOp NodeId="4" PhysicalOp="Nested Loops" LogicalOp="Left Semi Join" EstimateRows="1" EstimateIO="0" EstimateCPU="4.18e-006" AvgRowSize="24" EstimatedTotalSubtreeCost="0.0332916" Parallel="0" EstimateRebinds="0" EstimateRewinds="0" EstimatedExecutionMode="Row">
                                <OutputList>
                                  <ColumnReference Database="[TexusResults]" Schema="[execution]" Table="[Submission]" Column="NameId" />
                                  <ColumnReference Database="[TexusResults]" Schema="[execution]" Table="[Submission]" Column="WorkflowManagerUriId" />
                                  <ColumnReference Column="Expr1032" />
                                </OutputList>
                                <NestedLoops Optimized="0">
                                  <DefinedValues>
                                    <DefinedValue>
                                      <ColumnReference Column="Expr1032" />
                                    </DefinedValue>
                                  </DefinedValues>
                                  <OuterReferences>
                                    <ColumnReference Database="[TexusResults]" Schema="[execution]" Table="[Submission]" Column="ExecutionStateId" />
                                  </OuterReferences>
                                  <ProbeColumn>
                                    <ColumnReference Column="Expr1032" />
                                  </ProbeColumn>
                                  <RelOp NodeId="5" PhysicalOp="Clustered Index Insert" LogicalOp="Insert" EstimateRows="1" EstimateIO="0.03" EstimateCPU="3e-006" AvgRowSize="27" EstimatedTotalSubtreeCost="0.0300044" Parallel="0" Partitioned="1" EstimateRebinds="0" EstimateRewinds="0" EstimatedExecutionMode="Row">
                                    <OutputList>
                                      <ColumnReference Database="[TexusResults]" Schema="[execution]" Table="[Submission]" Column="NameId" />
                                      <ColumnReference Database="[TexusResults]" Schema="[execution]" Table="[Submission]" Column="ExecutionStateId" />
                                      <ColumnReference Database="[TexusResults]" Schema="[execution]" Table="[Submission]" Column="WorkflowManagerUriId" />
                                    </OutputList>
                                    <Update DMLRequestSort="0">
                                      <Object Database="[TexusResults]" Schema="[execution]" Table="[Submission]" Index="[Submission_PK]" IndexKind="Clustered" />
                                      <Object Database="[TexusResults]" Schema="[execution]" Table="[Submission]" Index="[Submission_IDX_Crawl]" IndexKind="NonClustered" />
                                      <Object Database="[TexusResults]" Schema="[execution]" Table="[Submission]" Index="[Submission_IDX_Guid]" IndexKind="NonClustered" />
                                      <SetPredicate>
                                        <ScalarOperator ScalarString="[TexusResults].[execution].[Submission].[PkSetPartition] = RaiseIfNullInsert([@submissionSetPartition]),[TexusResults].[execution].[Submission].[PkSetId] = RaiseIfNullInsert([@submissionSetId]),[TexusResults].[execution].[Submission].[Guid] = RaiseIfNullInsert([@submissionGuid]),[TexusResults].[execution].[Submission].[CreationDateUtc] = RaiseIfNullInsert([Expr1005]),[TexusResults].[execution].[Submission].[NameId] = RaiseIfNullInsert([@nameId]),[TexusResults].[execution].[Submission].[WorkflowManagerUriId] = RaiseIfNullInsert([@workflowUriId]),[TexusResults].[execution].[Submission].[IsComplete] = RaiseIfNullInsert([@submissionIsComplete]),[TexusResults].[execution].[Submission].[PkId] = [Expr1004],[TexusResults].[execution].[Submission].[ExecutionStateId] = [Expr1006],[TexusResults].[execution].[Submission].[DirtyCount] = [Expr1007],[TexusResults].[execution].[Submission].[CrawlCount] = [Expr1008],[TexusResults].[execution].[Submission].[LastCrawlDateUtc] = [Expr1009],[TexusResults].[execution].[Submission].[IsDirty] = RaiseIfNullInsert([Expr1019]),[PtnId1000] = RaiseIfNullInsert([Expr1020]),[TexusResults].[execution].[Submission].[TellusFrTedId] = NULL,[TexusResults].[execution].[Submission].[BranchId] = NULL,[TexusResults].[execution].[Submission].[BuildId] = NULL,[TexusResults].[execution].[Submission].[DeviceTypeId] = NULL,[TexusResults].[execution].[Submission].[ImageTypeId] = NULL,[TexusResults].[execution].[Submission].[RequestedById] = NULL,[TexusResults].[execution].[Submission].[TeamId] = NULL,[TexusResults].[execution].[Submission].[TestPassId] = NULL,[TexusResults].[execution].[Submission].[UniqueKeyId] = NULL,[TexusResults].[execution].[Submission].[TestPassTypeId] = NULL,[TexusResults].[execution].[Submission].[TestLanguageId] = NULL">
                                          <ScalarExpressionList>
                                            <ScalarOperator>
                                              <MultipleAssign>
                                                <Assign>
                                                  <ColumnReference Database="[TexusResults]" Schema="[execution]" Table="[Submission]" Column="PkSetPartition" />
                                                  <ScalarOperator>
                                                    <Intrinsic FunctionName="RaiseIfNullInsert">
                                                      <ScalarOperator>
                                                        <Identifier>
                                                          <ColumnReference Column="@submissionSetPartition" />
                                                        </Identifier>
                                                      </ScalarOperator>
                                                    </Intrinsic>
                                                  </ScalarOperator>
                                                </Assign>
                                                <Assign>
                                                  <ColumnReference Database="[TexusResults]" Schema="[execution]" Table="[Submission]" Column="PkSetId" />
                                                  <ScalarOperator>
                                                    <Intrinsic FunctionName="RaiseIfNullInsert">
                                                      <ScalarOperator>
                                                        <Identifier>
                                                          <ColumnReference Column="@submissionSetId" />
                                                        </Identifier>
                                                      </ScalarOperator>
                                                    </Intrinsic>
                                                  </ScalarOperator>
                                                </Assign>
                                                <Assign>
                                                  <ColumnReference Database="[TexusResults]" Schema="[execution]" Table="[Submission]" Column="Guid" />
                                                  <ScalarOperator>
                                                    <Intrinsic FunctionName="RaiseIfNullInsert">
                                                      <ScalarOperator>
                                                        <Identifier>
                                                          <ColumnReference Column="@submissionGuid" />
                                                        </Identifier>
                                                      </ScalarOperator>
                                                    </Intrinsic>
                                                  </ScalarOperator>
                                                </Assign>
                                                <Assign>
                                                  <ColumnReference Database="[TexusResults]" Schema="[execution]" Table="[Submission]" Column="CreationDateUtc" />
                                                  <ScalarOperator>
                                                    <Intrinsic FunctionName="RaiseIfNullInsert">
                                                      <ScalarOperator>
                                                        <Identifier>
                                                          <ColumnReference Column="Expr1005" />
                                                        </Identifier>
                                                      </ScalarOperator>
                                                    </Intrinsic>
                                                  </ScalarOperator>
                                                </Assign>
                                                <Assign>
                                                  <ColumnReference Database="[TexusResults]" Schema="[execution]" Table="[Submission]" Column="NameId" />
                                                  <ScalarOperator>
                                                    <Intrinsic FunctionName="RaiseIfNullInsert">
                                                      <ScalarOperator>
                                                        <Identifier>
                                                          <ColumnReference Column="@nameId" />
                                                        </Identifier>
                                                      </ScalarOperator>
                                                    </Intrinsic>
                                                  </ScalarOperator>
                                                </Assign>
                                                <Assign>
                                                  <ColumnReference Database="[TexusResults]" Schema="[execution]" Table="[Submission]" Column="WorkflowManagerUriId" />
                                                  <ScalarOperator>
                                                    <Intrinsic FunctionName="RaiseIfNullInsert">
                                                      <ScalarOperator>
                                                        <Identifier>
                                                          <ColumnReference Column="@workflowUriId" />
                                                        </Identifier>
                                                      </ScalarOperator>
                                                    </Intrinsic>
                                                  </ScalarOperator>
                                                </Assign>
                                                <Assign>
                                                  <ColumnReference Database="[TexusResults]" Schema="[execution]" Table="[Submission]" Column="IsComplete" />
                                                  <ScalarOperator>
                                                    <Intrinsic FunctionName="RaiseIfNullInsert">
                                                      <ScalarOperator>
                                                        <Identifier>
                                                          <ColumnReference Column="@submissionIsComplete" />
                                                        </Identifier>
                                                      </ScalarOperator>
                                                    </Intrinsic>
                                                  </ScalarOperator>
                                                </Assign>
                                                <Assign>
                                                  <ColumnReference Database="[TexusResults]" Schema="[execution]" Table="[Submission]" Column="PkId" />
                                                  <ScalarOperator>
                                                    <Identifier>
                                                      <ColumnReference Column="Expr1004" />
                                                    </Identifier>
                                                  </ScalarOperator>
                                                </Assign>
                                                <Assign>
                                                  <ColumnReference Database="[TexusResults]" Schema="[execution]" Table="[Submission]" Column="ExecutionStateId" />
                                                  <ScalarOperator>
                                                    <Identifier>
                                                      <ColumnReference Column="Expr1006" />
                                                    </Identifier>
                                                  </ScalarOperator>
                                                </Assign>
                                                <Assign>
                                                  <ColumnReference Database="[TexusResults]" Schema="[execution]" Table="[Submission]" Column="DirtyCount" />
                                                  <ScalarOperator>
                                                    <Identifier>
                                                      <ColumnReference Column="Expr1007" />
                                                    </Identifier>
                                                  </ScalarOperator>
                                                </Assign>
                                                <Assign>
                                                  <ColumnReference Database="[TexusResults]" Schema="[execution]" Table="[Submission]" Column="CrawlCount" />
                                                  <ScalarOperator>
                                                    <Identifier>
                                                      <ColumnReference Column="Expr1008" />
                                                    </Identifier>
                                                  </ScalarOperator>
                                                </Assign>
                                                <Assign>
                                                  <ColumnReference Database="[TexusResults]" Schema="[execution]" Table="[Submission]" Column="LastCrawlDateUtc" />
                                                  <ScalarOperator>
                                                    <Identifier>
                                                      <ColumnReference Column="Expr1009" />
                                                    </Identifier>
                                                  </ScalarOperator>
                                                </Assign>
                                                <Assign>
                                                  <ColumnReference Database="[TexusResults]" Schema="[execution]" Table="[Submission]" Column="IsDirty" ComputedColumn="1" />
                                                  <ScalarOperator>
                                                    <Intrinsic FunctionName="RaiseIfNullInsert">
                                                      <ScalarOperator>
                                                        <Identifier>
                                                          <ColumnReference Column="Expr1019" />
                                                        </Identifier>
                                                      </ScalarOperator>
                                                    </Intrinsic>
                                                  </ScalarOperator>
                                                </Assign>
                                                <Assign>
                                                  <ColumnReference Column="PtnId1000" ComputedColumn="1" />
                                                  <ScalarOperator>
                                                    <Intrinsic FunctionName="RaiseIfNullInsert">
                                                      <ScalarOperator>
                                                        <Identifier>
                                                          <ColumnReference Column="Expr1020" />
                                                        </Identifier>
                                                      </ScalarOperator>
                                                    </Intrinsic>
                                                  </ScalarOperator>
                                                </Assign>
                                                <Assign>
                                                  <ColumnReference Database="[TexusResults]" Schema="[execution]" Table="[Submission]" Column="TellusFrTedId" />
                                                  <ScalarOperator>
                                                    <Const ConstValue="NULL" />
                                                  </ScalarOperator>
                                                </Assign>
                                                <Assign>
                                                  <ColumnReference Database="[TexusResults]" Schema="[execution]" Table="[Submission]" Column="BranchId" />
                                                  <ScalarOperator>
                                                    <Const ConstValue="NULL" />
                                                  </ScalarOperator>
                                                </Assign>
                                                <Assign>
                                                  <ColumnReference Database="[TexusResults]" Schema="[execution]" Table="[Submission]" Column="BuildId" />
                                                  <ScalarOperator>
                                                    <Const ConstValue="NULL" />
                                                  </ScalarOperator>
                                                </Assign>
                                                <Assign>
                                                  <ColumnReference Database="[TexusResults]" Schema="[execution]" Table="[Submission]" Column="DeviceTypeId" />
                                                  <ScalarOperator>
                                                    <Const ConstValue="NULL" />
                                                  </ScalarOperator>
                                                </Assign>
                                                <Assign>
                                                  <ColumnReference Database="[TexusResults]" Schema="[execution]" Table="[Submission]" Column="ImageTypeId" />
                                                  <ScalarOperator>
                                                    <Const ConstValue="NULL" />
                                                  </ScalarOperator>
                                                </Assign>
                                                <Assign>
                                                  <ColumnReference Database="[TexusResults]" Schema="[execution]" Table="[Submission]" Column="RequestedById" />
                                                  <ScalarOperator>
                                                    <Const ConstValue="NULL" />
                                                  </ScalarOperator>
                                                </Assign>
                                                <Assign>
                                                  <ColumnReference Database="[TexusResults]" Schema="[execution]" Table="[Submission]" Column="TeamId" />
                                                  <ScalarOperator>
                                                    <Const ConstValue="NULL" />
                                                  </ScalarOperator>
                                                </Assign>
                                                <Assign>
                                                  <ColumnReference Database="[TexusResults]" Schema="[execution]" Table="[Submission]" Column="TestPassId" />
                                                  <ScalarOperator>
                                                    <Const ConstValue="NULL" />
                                                  </ScalarOperator>
                                                </Assign>
                                                <Assign>
                                                  <ColumnReference Database="[TexusResults]" Schema="[execution]" Table="[Submission]" Column="UniqueKeyId" />
                                                  <ScalarOperator>
                                                    <Const ConstValue="NULL" />
                                                  </ScalarOperator>
                                                </Assign>
                                                <Assign>
                                                  <ColumnReference Database="[TexusResults]" Schema="[execution]" Table="[Submission]" Column="TestPassTypeId" />
                                                  <ScalarOperator>
                                                    <Const ConstValue="NULL" />
                                                  </ScalarOperator>
                                                </Assign>
                                                <Assign>
                                                  <ColumnReference Database="[TexusResults]" Schema="[execution]" Table="[Submission]" Column="TestLanguageId" />
                                                  <ScalarOperator>
                                                    <Const ConstValue="NULL" />
                                                  </ScalarOperator>
                                                </Assign>
                                              </MultipleAssign>
                                            </ScalarOperator>
                                          </ScalarExpressionList>
                                        </ScalarOperator>
                                      </SetPredicate>
                                      <RelOp NodeId="6" PhysicalOp="Compute Scalar" LogicalOp="Compute Scalar" EstimateRows="1" EstimateIO="0" EstimateCPU="1e-007" AvgRowSize="47" EstimatedTotalSubtreeCost="1.357e-006" Parallel="0" EstimateRebinds="0" EstimateRewinds="0" EstimatedExecutionMode="Row">
                                        <OutputList>
                                          <ColumnReference Column="Expr1004" />
                                          <ColumnReference Column="Expr1005" />
                                          <ColumnReference Column="Expr1006" />
                                          <ColumnReference Column="Expr1007" />
                                          <ColumnReference Column="Expr1008" />
                                          <ColumnReference Column="Expr1009" />
                                          <ColumnReference Column="Expr1019" />
                                          <ColumnReference Column="Expr1020" />
                                        </OutputList>
                                        <ComputeScalar>
                                          <DefinedValues>
                                            <DefinedValue>
                                              <ColumnReference Column="Expr1005" />
                                              <ScalarOperator ScalarString="CONVERT_IMPLICIT(datetime2(7),[@submissionCreateDateUtc],0)">
                                                <Convert DataType="datetime2" Style="0" Implicit="1">
                                                  <ScalarOperator>
                                                    <Identifier>
                                                      <ColumnReference Column="@submissionCreateDateUtc" />
                                                    </Identifier>
                                                  </ScalarOperator>
                                                </Convert>
                                              </ScalarOperator>
                                            </DefinedValue>
                                            <DefinedValue>
                                              <ColumnReference Column="Expr1006" />
                                              <ScalarOperator ScalarString="(0)">
                                                <Const ConstValue="(0)" />
                                              </ScalarOperator>
                                            </DefinedValue>
                                            <DefinedValue>
                                              <ColumnReference Column="Expr1007" />
                                              <ScalarOperator ScalarString="(1)">
                                                <Const ConstValue="(1)" />
                                              </ScalarOperator>
                                            </DefinedValue>
                                            <DefinedValue>
                                              <ColumnReference Column="Expr1008" />
                                              <ScalarOperator ScalarString="(0)">
                                                <Const ConstValue="(0)" />
                                              </ScalarOperator>
                                            </DefinedValue>
                                            <DefinedValue>
                                              <ColumnReference Column="Expr1009" />
                                              <ScalarOperator ScalarString="'1900-01-01 00:00:00.0000000'">
                                                <Const ConstValue="'1900-01-01 00:00:00.0000000'" />
                                              </ScalarOperator>
                                            </DefinedValue>
                                            <DefinedValue>
                                              <ColumnReference Column="Expr1019" />
                                              <ScalarOperator ScalarString="CASE WHEN (1)&gt;(0) THEN (1) ELSE (0) END">
                                                <IF>
                                                  <Condition>
                                                    <ScalarOperator>
                                                      <Compare CompareOp="GT">
                                                        <ScalarOperator>
                                                          <Const ConstValue="(1)" />
                                                        </ScalarOperator>
                                                        <ScalarOperator>
                                                          <Const ConstValue="(0)" />
                                                        </ScalarOperator>
                                                      </Compare>
                                                    </ScalarOperator>
                                                  </Condition>
                                                  <Then>
                                                    <ScalarOperator>
                                                      <Const ConstValue="(1)" />
                                                    </ScalarOperator>
                                                  </Then>
                                                  <Else>
                                                    <ScalarOperator>
                                                      <Const ConstValue="(0)" />
                                                    </ScalarOperator>
                                                  </Else>
                                                </IF>
                                              </ScalarOperator>
                                            </DefinedValue>
                                            <DefinedValue>
                                              <ColumnReference Column="Expr1020" />
                                              <ScalarOperator ScalarString="RangePartitionNew([@submissionSetPartition],(1),'2011-02-01','2011-03-01','2011-04-01','2011-05-01','2011-06-01','2011-07-01','2011-08-01','2011-09-01','2011-10-01','2011-11-01','2011-12-01','2012-01-01','2012-02-01','2012-03-01','2012-04-01','2012-05-01','2012-06-01','2012-07-01','2012-08-01','2012-09-01','2012-10-01','2012-11-01','2012-12-01','2013-01-01','2013-02-01','2013-03-01','2013-04-01','2013-05-01','2013-06-01','2013-07-01','2013-08-01','2013-09-01','2013-10-01','2013-11-01','2013-12-01','2014-01-01')">
                                                <Intrinsic FunctionName="RangePartitionNew">
                                                  <ScalarOperator>
                                                    <Identifier>
                                                      <ColumnReference Column="@submissionSetPartition" />
                                                    </Identifier>
                                                  </ScalarOperator>
                                                  <ScalarOperator>
                                                    <Const ConstValue="(1)" />
                                                  </ScalarOperator>
                                                  <ScalarOperator>
                                                    <Const ConstValue="'2011-02-01'" />
                                                  </ScalarOperator>
                                                  <ScalarOperator>
                                                    <Const ConstValue="'2011-03-01'" />
                                                  </ScalarOperator>
                                                  <ScalarOperator>
                                                    <Const ConstValue="'2011-04-01'" />
                                                  </ScalarOperator>
                                                  <ScalarOperator>
                                                    <Const ConstValue="'2011-05-01'" />
                                                  </ScalarOperator>
                                                  <ScalarOperator>
                                                    <Const ConstValue="'2011-06-01'" />
                                                  </ScalarOperator>
                                                  <ScalarOperator>
                                                    <Const ConstValue="'2011-07-01'" />
                                                  </ScalarOperator>
                                                  <ScalarOperator>
                                                    <Const ConstValue="'2011-08-01'" />
                                                  </ScalarOperator>
                                                  <ScalarOperator>
                                                    <Const ConstValue="'2011-09-01'" />
                                                  </ScalarOperator>
                                                  <ScalarOperator>
                                                    <Const ConstValue="'2011-10-01'" />
                                                  </ScalarOperator>
                                                  <ScalarOperator>
                                                    <Const ConstValue="'2011-11-01'" />
                                                  </ScalarOperator>
                                                  <ScalarOperator>
                                                    <Const ConstValue="'2011-12-01'" />
                                                  </ScalarOperator>
                                                  <ScalarOperator>
                                                    <Const ConstValue="'2012-01-01'" />
                                                  </ScalarOperator>
                                                  <ScalarOperator>
                                                    <Const ConstValue="'2012-02-01'" />
                                                  </ScalarOperator>
                                                  <ScalarOperator>
                                                    <Const ConstValue="'2012-03-01'" />
                                                  </ScalarOperator>
                                                  <ScalarOperator>
                                                    <Const ConstValue="'2012-04-01'" />
                                                  </ScalarOperator>
                                                  <ScalarOperator>
                                                    <Const ConstValue="'2012-05-01'" />
                                                  </ScalarOperator>
                                                  <ScalarOperator>
                                                    <Const ConstValue="'2012-06-01'" />
                                                  </ScalarOperator>
                                                  <ScalarOperator>
                                                    <Const ConstValue="'2012-07-01'" />
                                                  </ScalarOperator>
                                                  <ScalarOperator>
                                                    <Const ConstValue="'2012-08-01'" />
                                                  </ScalarOperator>
                                                  <ScalarOperator>
                                                    <Const ConstValue="'2012-09-01'" />
                                                  </ScalarOperator>
                                                  <ScalarOperator>
                                                    <Const ConstValue="'2012-10-01'" />
                                                  </ScalarOperator>
                                                  <ScalarOperator>
                                                    <Const ConstValue="'2012-11-01'" />
                                                  </ScalarOperator>
                                                  <ScalarOperator>
                                                    <Const ConstValue="'2012-12-01'" />
                                                  </ScalarOperator>
                                                  <ScalarOperator>
                                                    <Const ConstValue="'2013-01-01'" />
                                                  </ScalarOperator>
                                                  <ScalarOperator>
                                                    <Const ConstValue="'2013-02-01'" />
                                                  </ScalarOperator>
                                                  <ScalarOperator>
                                                    <Const ConstValue="'2013-03-01'" />
                                                  </ScalarOperator>
                                                  <ScalarOperator>
                                                    <Const ConstValue="'2013-04-01'" />
                                                  </ScalarOperator>
                                                  <ScalarOperator>
                                                    <Const ConstValue="'2013-05-01'" />
                                                  </ScalarOperator>
                                                  <ScalarOperator>
                                                    <Const ConstValue="'2013-06-01'" />
                                                  </ScalarOperator>
                                                  <ScalarOperator>
                                                    <Const ConstValue="'2013-07-01'" />
                                                  </ScalarOperator>
                                                  <ScalarOperator>
                                                    <Const ConstValue="'2013-08-01'" />
                                                  </ScalarOperator>
                                                  <ScalarOperator>
                                                    <Const ConstValue="'2013-09-01'" />
                                                  </ScalarOperator>
                                                  <ScalarOperator>
                                                    <Const ConstValue="'2013-10-01'" />
                                                  </ScalarOperator>
                                                  <ScalarOperator>
                                                    <Const ConstValue="'2013-11-01'" />
                                                  </ScalarOperator>
                                                  <ScalarOperator>
                                                    <Const ConstValue="'2013-12-01'" />
                                                  </ScalarOperator>
                                                  <ScalarOperator>
                                                    <Const ConstValue="'2014-01-01'" />
                                                  </ScalarOperator>
                                                </Intrinsic>
                                              </ScalarOperator>
                                            </DefinedValue>
                                          </DefinedValues>
                                          <RelOp NodeId="7" PhysicalOp="Compute Scalar" LogicalOp="Compute Scalar" EstimateRows="1" EstimateIO="0" EstimateCPU="1e-007" AvgRowSize="11" EstimatedTotalSubtreeCost="1.257e-006" Parallel="0" EstimateRebinds="0" EstimateRewinds="0" EstimatedExecutionMode="Row">
                                            <OutputList>
                                              <ColumnReference Column="Expr1004" />
                                            </OutputList>
                                            <ComputeScalar ComputeSequence="1">
                                              <DefinedValues>
                                                <DefinedValue>
                                                  <ColumnReference Column="Expr1004" />
                                                  <ScalarOperator ScalarString="getidentity((1749581271),(7),NULL)">
                                                    <Intrinsic FunctionName="getidentity">
                                                      <ScalarOperator>
                                                        <Const ConstValue="(1749581271)" />
                                                      </ScalarOperator>
                                                      <ScalarOperator>
                                                        <Const ConstValue="(7)" />
                                                      </ScalarOperator>
                                                      <ScalarOperator>
                                                        <Const ConstValue="NULL" />
                                                      </ScalarOperator>
                                                    </Intrinsic>
                                                  </ScalarOperator>
                                                </DefinedValue>
                                              </DefinedValues>
                                              <RelOp NodeId="8" PhysicalOp="Constant Scan" LogicalOp="Constant Scan" EstimateRows="1" EstimateIO="0" EstimateCPU="1.157e-006" AvgRowSize="9" EstimatedTotalSubtreeCost="1.157e-006" Parallel="0" EstimateRebinds="0" EstimateRewinds="0" EstimatedExecutionMode="Row">
                                                <OutputList />
                                                <ConstantScan />
                                              </RelOp>
                                            </ComputeScalar>
                                          </RelOp>
                                        </ComputeScalar>
                                      </RelOp>
                                    </Update>
                                  </RelOp>
                                  <RelOp NodeId="27" PhysicalOp="Clustered Index Seek" LogicalOp="Clustered Index Seek" EstimateRows="1" EstimateIO="0.003125" EstimateCPU="0.0001581" AvgRowSize="9" EstimatedTotalSubtreeCost="0.0032831" TableCardinality="4" Parallel="0" EstimateRebinds="0" EstimateRewinds="0" EstimatedExecutionMode="Row">
                                    <OutputList />
                                    <IndexScan Ordered="1" ScanDirection="FORWARD" ForcedIndex="1" ForceSeek="0" ForceScan="0" NoExpandHint="0" Storage="RowStore">
                                      <DefinedValues />
                                      <Object Database="[TexusResults]" Schema="[execution]" Table="[ExecutionState]" Index="[ExecutionState_PK]" IndexKind="Clustered" />
                                      <SeekPredicates>
                                        <SeekPredicateNew>
                                          <SeekKeys>
                                            <Prefix ScanType="EQ">
                                              <RangeColumns>
                                                <ColumnReference Database="[TexusResults]" Schema="[execution]" Table="[ExecutionState]" Column="PkId" />
                                              </RangeColumns>
                                              <RangeExpressions>
                                                <ScalarOperator ScalarString="[TexusResults].[execution].[Submission].[ExecutionStateId]">
                                                  <Identifier>
                                                    <ColumnReference Database="[TexusResults]" Schema="[execution]" Table="[Submission]" Column="ExecutionStateId" />
                                                  </Identifier>
                                                </ScalarOperator>
                                              </RangeExpressions>
                                            </Prefix>
                                          </SeekKeys>
                                        </SeekPredicateNew>
                                      </SeekPredicates>
                                    </IndexScan>
                                  </RelOp>
                                </NestedLoops>
                              </RelOp>
                              <RelOp NodeId="28" PhysicalOp="Clustered Index Seek" LogicalOp="Clustered Index Seek" EstimateRows="1" EstimateIO="0.003125" EstimateCPU="0.0001581" AvgRowSize="9" EstimatedTotalSubtreeCost="0.0032831" TableCardinality="29" Parallel="0" EstimateRebinds="0" EstimateRewinds="0" EstimatedExecutionMode="Row">
                                <OutputList />
                                <IndexScan Ordered="1" ScanDirection="FORWARD" ForcedIndex="1" ForceSeek="0" ForceScan="0" NoExpandHint="0" Storage="RowStore">
                                  <DefinedValues />
                                  <Object Database="[TexusResults]" Schema="[base]" Table="[PrimitiveName]" Index="[PrimitiveName_PK]" IndexKind="Clustered" />
                                  <SeekPredicates>
                                    <SeekPredicateNew>
                                      <SeekKeys>
                                        <Prefix ScanType="EQ">
                                          <RangeColumns>
                                            <ColumnReference Database="[TexusResults]" Schema="[base]" Table="[PrimitiveName]" Column="PkId" />
                                          </RangeColumns>
                                          <RangeExpressions>
                                            <ScalarOperator ScalarString="[TexusResults].[execution].[Submission].[NameId]">
                                              <Identifier>
                                                <ColumnReference Database="[TexusResults]" Schema="[execution]" Table="[Submission]" Column="NameId" />
                                              </Identifier>
                                            </ScalarOperator>
                                          </RangeExpressions>
                                        </Prefix>
                                      </SeekKeys>
                                    </SeekPredicateNew>
                                  </SeekPredicates>
                                </IndexScan>
                              </RelOp>
                            </NestedLoops>
                          </RelOp>
                          <RelOp NodeId="29" PhysicalOp="Clustered Index Seek" LogicalOp="Clustered Index Seek" EstimateRows="1" EstimateIO="0.003125" EstimateCPU="0.0001581" AvgRowSize="9" EstimatedTotalSubtreeCost="0.0032831" TableCardinality="608" Parallel="0" EstimateRebinds="0" EstimateRewinds="0" EstimatedExecutionMode="Row">
                            <OutputList />
                            <IndexScan Ordered="1" ScanDirection="FORWARD" ForcedIndex="1" ForceSeek="0" ForceScan="0" NoExpandHint="0" Storage="RowStore">
                              <DefinedValues />
                              <Object Database="[TexusResults]" Schema="[execution]" Table="[WorkflowManagerUri]" Index="[WorkflowManagerUri_PK]" IndexKind="Clustered" />
                              <SeekPredicates>
                                <SeekPredicateNew>
                                  <SeekKeys>
                                    <Prefix ScanType="EQ">
                                      <RangeColumns>
                                        <ColumnReference Database="[TexusResults]" Schema="[execution]" Table="[WorkflowManagerUri]" Column="PkId" />
                                      </RangeColumns>
                                      <RangeExpressions>
                                        <ScalarOperator ScalarString="[TexusResults].[execution].[Submission].[WorkflowManagerUriId]">
                                          <Identifier>
                                            <ColumnReference Database="[TexusResults]" Schema="[execution]" Table="[Submission]" Column="WorkflowManagerUriId" />
                                          </Identifier>
                                        </ScalarOperator>
                                      </RangeExpressions>
                                    </Prefix>
                                  </SeekKeys>
                                </SeekPredicateNew>
                              </SeekPredicates>
                            </IndexScan>
                          </RelOp>
                        </NestedLoops>
                      </RelOp>
                      <Predicate>
                        <ScalarOperator ScalarString="CASE WHEN [Expr1032] IS NULL THEN (0) ELSE CASE WHEN [Expr1033] IS NULL THEN (1) ELSE CASE WHEN [Expr1034] IS NULL THEN (2) ELSE NULL END END END">
                          <IF>
                            <Condition>
                              <ScalarOperator>
                                <Logical Operation="IS NULL">
                                  <ScalarOperator>
                                    <Identifier>
                                      <ColumnReference Column="Expr1032" />
                                    </Identifier>
                                  </ScalarOperator>
                                </Logical>
                              </ScalarOperator>
                            </Condition>
                            <Then>
                              <ScalarOperator>
                                <Const ConstValue="(0)" />
                              </ScalarOperator>
                            </Then>
                            <Else>
                              <ScalarOperator>
                                <IF>
                                  <Condition>
                                    <ScalarOperator>
                                      <Logical Operation="IS NULL">
                                        <ScalarOperator>
                                          <Identifier>
                                            <ColumnReference Column="Expr1033" />
                                          </Identifier>
                                        </ScalarOperator>
                                      </Logical>
                                    </ScalarOperator>
                                  </Condition>
                                  <Then>
                                    <ScalarOperator>
                                      <Const ConstValue="(1)" />
                                    </ScalarOperator>
                                  </Then>
                                  <Else>
                                    <ScalarOperator>
                                      <IF>
                                        <Condition>
                                          <ScalarOperator>
                                            <Logical Operation="IS NULL">
                                              <ScalarOperator>
                                                <Identifier>
                                                  <ColumnReference Column="Expr1034" />
                                                </Identifier>
                                              </ScalarOperator>
                                            </Logical>
                                          </ScalarOperator>
                                        </Condition>
                                        <Then>
                                          <ScalarOperator>
                                            <Const ConstValue="(2)" />
                                          </ScalarOperator>
                                        </Then>
                                        <Else>
                                          <ScalarOperator>
                                            <Const ConstValue="NULL" />
                                          </ScalarOperator>
                                        </Else>
                                      </IF>
                                    </ScalarOperator>
                                  </Else>
                                </IF>
                              </ScalarOperator>
                            </Else>
                          </IF>
                        </ScalarOperator>
                      </Predicate>
                    </Assert>
                  </RelOp>
                  <ParameterList>
                    <ColumnReference Column="@workflowUriId" ParameterCompiledValue="(327)" />
                    <ColumnReference Column="@nameId" ParameterCompiledValue="(22)" />
                    <ColumnReference Column="@submissionCreateDateUtc" ParameterCompiledValue="'2015-01-30 02:40:41.513'" />
                    <ColumnReference Column="@submissionGuid" ParameterCompiledValue="{guid'C2666D78-3460-400D-9C89-EA8EA7723558'}" />
                    <ColumnReference Column="@submissionSetPartition" ParameterCompiledValue="NULL" />
                  </ParameterList>
                </QueryPlan>
              </StmtSimple>
              <StmtSimple StatementText="&#x9;SET @submissionId = (SELECT SCOPE_IDENTITY())&#xD;&#xA;" StatementId="14" StatementCompId="16" StatementType="SELECT" RetrievedFromCache="true" StatementSubTreeCost="1.257e-006" StatementEstRows="1" StatementOptmLevel="FULL" QueryHash="0xF64D5F3A76F9D01B" QueryPlanHash="0xC6B0EF6DCFD8A05D" StatementOptmEarlyAbortReason="GoodEnoughPlanFound">
                <StatementSetOptions QUOTED_IDENTIFIER="true" ARITHABORT="false" CONCAT_NULL_YIELDS_NULL="true" ANSI_NULLS="true" ANSI_PADDING="true" ANSI_WARNINGS="true" NUMERIC_ROUNDABORT="false" />
                <QueryPlan NonParallelPlanReason="MaxDOPSetToOne" CachedPlanSize="8" CompileTime="0" CompileCPU="0" CompileMemory="248">
                  <MemoryGrantInfo SerialRequiredMemory="0" SerialDesiredMemory="0" />
                  <OptimizerHardwareDependentProperties EstimatedAvailableMemoryGrant="193313" EstimatedPagesCached="773254" EstimatedAvailableDegreeOfParallelism="1" />
                  <RelOp NodeId="0" PhysicalOp="Compute Scalar" LogicalOp="Compute Scalar" EstimateRows="1" EstimateIO="0" EstimateCPU="1e-007" AvgRowSize="11" EstimatedTotalSubtreeCost="1.257e-006" Parallel="0" EstimateRebinds="0" EstimateRewinds="0" EstimatedExecutionMode="Row">
                    <OutputList>
                      <ColumnReference Column="Expr1001" />
                    </OutputList>
                    <ComputeScalar>
                      <DefinedValues>
                        <DefinedValue>
                          <ColumnReference Column="Expr1001" />
                          <ScalarOperator ScalarString="CONVERT_IMPLICIT(int,[Expr1000],0)">
                            <Convert DataType="int" Style="0" Implicit="1">
                              <ScalarOperator>
                                <Identifier>
                                  <ColumnReference Column="Expr1000" />
                                </Identifier>
                              </ScalarOperator>
                            </Convert>
                          </ScalarOperator>
                        </DefinedValue>
                      </DefinedValues>
                      <RelOp NodeId="1" PhysicalOp="Constant Scan" LogicalOp="Constant Scan" EstimateRows="1" EstimateIO="0" EstimateCPU="1.157e-006" AvgRowSize="24" EstimatedTotalSubtreeCost="1.157e-006" Parallel="0" EstimateRebinds="0" EstimateRewinds="0" EstimatedExecutionMode="Row">
                        <OutputList>
                          <ColumnReference Column="Expr1000" />
                        </OutputList>
                        <ConstantScan>
                          <Values>
                            <Row>
                              <ScalarOperator ScalarString="scope_identity()">
                                <Intrinsic FunctionName="scope_identity" />
                              </ScalarOperator>
                            </Row>
                          </Values>
                        </ConstantScan>
                      </RelOp>
                    </ComputeScalar>
                  </RelOp>
                </QueryPlan>
              </StmtSimple>
            </Statements>
          </Then>
          <Else>
            <Statements>
              <StmtSimple StatementText="&#x9;END &#xD;&#xA;&#x9;ELSE &#xD;&#xA;&#x9;BEGIN&#xD;&#xA;&#x9;&#x9;-- Retrieve the primary result collection.&#xD;&#xA;&#x9;&#x9;SELECT @primaryResultCollectionId = [PkId] FROM [monitoring].[ResultCollection] &#xD;&#xA;&#x9;&#x9;WHERE [PkSetPartition] = @submissionSetPartition AND [PkSetId] = @submissionSetId AND ResultCollectionTypeId = @primaryResultCollectionTypeId&#xD;&#xA;" StatementId="15" StatementCompId="19" StatementType="SELECT" RetrievedFromCache="true" StatementSubTreeCost="0.0032831" StatementEstRows="1" StatementOptmLevel="TRIVIAL" QueryHash="0x7B9FB5A1361FBD22" QueryPlanHash="0xA813938A809E6186">
                <StatementSetOptions QUOTED_IDENTIFIER="true" ARITHABORT="false" CONCAT_NULL_YIELDS_NULL="true" ANSI_NULLS="true" ANSI_PADDING="true" ANSI_WARNINGS="true" NUMERIC_ROUNDABORT="false" />
                <QueryPlan NonParallelPlanReason="MaxDOPSetToOne" CachedPlanSize="16" CompileTime="3" CompileCPU="3" CompileMemory="400">
                  <MemoryGrantInfo SerialRequiredMemory="0" SerialDesiredMemory="0" />
                  <OptimizerHardwareDependentProperties EstimatedAvailableMemoryGrant="193313" EstimatedPagesCached="773254" EstimatedAvailableDegreeOfParallelism="1" />
                  <RelOp NodeId="0" PhysicalOp="Clustered Index Seek" LogicalOp="Clustered Index Seek" EstimateRows="1" EstimateIO="0.003125" EstimateCPU="0.0001581" AvgRowSize="15" EstimatedTotalSubtreeCost="0.0032831" TableCardinality="1.4844e+006" Parallel="0" Partitioned="1" EstimateRebinds="0" EstimateRewinds="0" EstimatedExecutionMode="Row">
                    <OutputList>
                      <ColumnReference Database="[TexusResults]" Schema="[monitoring]" Table="[ResultCollection]" Column="PkId" />
                    </OutputList>
                    <IndexScan Ordered="1" ScanDirection="FORWARD" ForcedIndex="0" ForceSeek="0" ForceScan="0" NoExpandHint="0" Storage="RowStore">
                      <DefinedValues>
                        <DefinedValue>
                          <ColumnReference Database="[TexusResults]" Schema="[monitoring]" Table="[ResultCollection]" Column="PkId" />
                        </DefinedValue>
                      </DefinedValues>
                      <Object Database="[TexusResults]" Schema="[monitoring]" Table="[ResultCollection]" Index="[ResultCollection_PK]" IndexKind="Clustered" />
                      <SeekPredicates>
                        <SeekPredicateNew>
                          <SeekKeys>
                            <Prefix ScanType="EQ">
                              <RangeColumns>
                                <ColumnReference Column="PtnId1000" />
                                <ColumnReference Database="[TexusResults]" Schema="[monitoring]" Table="[ResultCollection]" Column="PkSetPartition" />
                                <ColumnReference Database="[TexusResults]" Schema="[monitoring]" Table="[ResultCollection]" Column="PkSetId" />
                              </RangeColumns>
                              <RangeExpressions>
                                <ScalarOperator ScalarString="RangePartitionNew([@submissionSetPartition],(1),'2011-02-01','2011-03-01','2011-04-01','2011-05-01','2011-06-01','2011-07-01','2011-08-01','2011-09-01','2011-10-01','2011-11-01','2011-12-01','2012-01-01','2012-02-01','2012-03-01','2012-04-01','2012-05-01','2012-06-01','2012-07-01','2012-08-01','2012-09-01','2012-10-01','2012-11-01','2012-12-01','2013-01-01','2013-02-01','2013-03-01','2013-04-01','2013-05-01','2013-06-01','2013-07-01','2013-08-01','2013-09-01','2013-10-01','2013-11-01','2013-12-01','2014-01-01')">
                                  <Intrinsic FunctionName="RangePartitionNew">
                                    <ScalarOperator>
                                      <Identifier>
                                        <ColumnReference Column="@submissionSetPartition" />
                                      </Identifier>
                                    </ScalarOperator>
                                    <ScalarOperator>
                                      <Const ConstValue="(1)" />
                                    </ScalarOperator>
                                    <ScalarOperator>
                                      <Const ConstValue="'2011-02-01'" />
                                    </ScalarOperator>
                                    <ScalarOperator>
                                      <Const ConstValue="'2011-03-01'" />
                                    </ScalarOperator>
                                    <ScalarOperator>
                                      <Const ConstValue="'2011-04-01'" />
                                    </ScalarOperator>
                                    <ScalarOperator>
                                      <Const ConstValue="'2011-05-01'" />
                                    </ScalarOperator>
                                    <ScalarOperator>
                                      <Const ConstValue="'2011-06-01'" />
                                    </ScalarOperator>
                                    <ScalarOperator>
                                      <Const ConstValue="'2011-07-01'" />
                                    </ScalarOperator>
                                    <ScalarOperator>
                                      <Const ConstValue="'2011-08-01'" />
                                    </ScalarOperator>
                                    <ScalarOperator>
                                      <Const ConstValue="'2011-09-01'" />
                                    </ScalarOperator>
                                    <ScalarOperator>
                                      <Const ConstValue="'2011-10-01'" />
                                    </ScalarOperator>
                                    <ScalarOperator>
                                      <Const ConstValue="'2011-11-01'" />
                                    </ScalarOperator>
                                    <ScalarOperator>
                                      <Const ConstValue="'2011-12-01'" />
                                    </ScalarOperator>
                                    <ScalarOperator>
                                      <Const ConstValue="'2012-01-01'" />
                                    </ScalarOperator>
                                    <ScalarOperator>
                                      <Const ConstValue="'2012-02-01'" />
                                    </ScalarOperator>
                                    <ScalarOperator>
                                      <Const ConstValue="'2012-03-01'" />
                                    </ScalarOperator>
                                    <ScalarOperator>
                                      <Const ConstValue="'2012-04-01'" />
                                    </ScalarOperator>
                                    <ScalarOperator>
                                      <Const ConstValue="'2012-05-01'" />
                                    </ScalarOperator>
                                    <ScalarOperator>
                                      <Const ConstValue="'2012-06-01'" />
                                    </ScalarOperator>
                                    <ScalarOperator>
                                      <Const ConstValue="'2012-07-01'" />
                                    </ScalarOperator>
                                    <ScalarOperator>
                                      <Const ConstValue="'2012-08-01'" />
                                    </ScalarOperator>
                                    <ScalarOperator>
                                      <Const ConstValue="'2012-09-01'" />
                                    </ScalarOperator>
                                    <ScalarOperator>
                                      <Const ConstValue="'2012-10-01'" />
                                    </ScalarOperator>
                                    <ScalarOperator>
                                      <Const ConstValue="'2012-11-01'" />
                                    </ScalarOperator>
                                    <ScalarOperator>
                                      <Const ConstValue="'2012-12-01'" />
                                    </ScalarOperator>
                                    <ScalarOperator>
                                      <Const ConstValue="'2013-01-01'" />
                                    </ScalarOperator>
                                    <ScalarOperator>
                                      <Const ConstValue="'2013-02-01'" />
                                    </ScalarOperator>
                                    <ScalarOperator>
                                      <Const ConstValue="'2013-03-01'" />
                                    </ScalarOperator>
                                    <ScalarOperator>
                                      <Const ConstValue="'2013-04-01'" />
                                    </ScalarOperator>
                                    <ScalarOperator>
                                      <Const ConstValue="'2013-05-01'" />
                                    </ScalarOperator>
                                    <ScalarOperator>
                                      <Const ConstValue="'2013-06-01'" />
                                    </ScalarOperator>
                                    <ScalarOperator>
                                      <Const ConstValue="'2013-07-01'" />
                                    </ScalarOperator>
                                    <ScalarOperator>
                                      <Const ConstValue="'2013-08-01'" />
                                    </ScalarOperator>
                                    <ScalarOperator>
                                      <Const ConstValue="'2013-09-01'" />
                                    </ScalarOperator>
                                    <ScalarOperator>
                                      <Const ConstValue="'2013-10-01'" />
                                    </ScalarOperator>
                                    <ScalarOperator>
                                      <Const ConstValue="'2013-11-01'" />
                                    </ScalarOperator>
                                    <ScalarOperator>
                                      <Const ConstValue="'2013-12-01'" />
                                    </ScalarOperator>
                                    <ScalarOperator>
                                      <Const ConstValue="'2014-01-01'" />
                                    </ScalarOperator>
                                  </Intrinsic>
                                </ScalarOperator>
                                <ScalarOperator ScalarString="[@submissionSetPartition]">
                                  <Identifier>
                                    <ColumnReference Column="@submissionSetPartition" />
                                  </Identifier>
                                </ScalarOperator>
                                <ScalarOperator ScalarString="[@submissionSetId]">
                                  <Identifier>
                                    <ColumnReference Column="@submissionSetId" />
                                  </Identifier>
                                </ScalarOperator>
                              </RangeExpressions>
                            </Prefix>
                          </SeekKeys>
                        </SeekPredicateNew>
                      </SeekPredicates>
                      <Predicate>
                        <ScalarOperator ScalarString="[TexusResults].[monitoring].[ResultCollection].[ResultCollectionTypeId]=[@primaryResultCollectionTypeId]">
                          <Compare CompareOp="EQ">
                            <ScalarOperator>
                              <Identifier>
                                <ColumnReference Database="[TexusResults]" Schema="[monitoring]" Table="[ResultCollection]" Column="ResultCollectionTypeId" />
                              </Identifier>
                            </ScalarOperator>
                            <ScalarOperator>
                              <Identifier>
                                <ColumnReference Column="@primaryResultCollectionTypeId" />
                              </Identifier>
                            </ScalarOperator>
                          </Compare>
                        </ScalarOperator>
                      </Predicate>
                    </IndexScan>
                  </RelOp>
                  <ParameterList>
                    <ColumnReference Column="@submissionSetPartition" ParameterCompiledValue="NULL" />
                  </ParameterList>
                </QueryPlan>
              </StmtSimple>
            </Statements>
          </Else>
        </StmtCond>
        <StmtSimple StatementText="&#x9;END&#xD;&#xA;&#xD;&#xA;&#x9;-- Return submission and result collection identifiers.&#xD;&#xA;&#x9;SELECT &#xD;&#xA;&#x9;&#x9;@submissionSetPartition AS SubmissionSetPartition, &#xD;&#xA;&#x9;&#x9;@submissionSetId AS SubmissionSetId, &#xD;&#xA;&#x9;&#x9;@submissionId AS SubmissionId, &#xD;&#xA;&#x9;&#x9;@submissionIsComplete AS IsSubmissionComplete,&#xD;&#xA;&#x9;&#x9;@primaryResultCollectionId AS ResultCollectionId &#xD;" StatementId="16" StatementCompId="21" StatementType="SELECT WITHOUT QUERY" RetrievedFromCache="true" />
      </Statements>
    </Batch>
  </BatchSequence>
</ShowPlanXML>