<?xml version="1.0" encoding="utf-8"?>
<ShowPlanXML xmlns="http://schemas.microsoft.com/sqlserver/2004/07/showplan" Version="1.2" Build="11.0.3412.0">
  <BatchSequence>
    <Batch>
      <Statements>
        <StmtSimple StatementText="(@Product nvarchar(9),@Branch nvarchar(14),@Build nvarchar(36),@SectionEntryXml xml)--Uncomment these lines for debugging/testing&#xD;&#xA;--DECLARE @Product nvarchar(50) = N'Blue'&#xD;&#xA;--DECLARE @SectionEntryXml xml = N'&#xD;&#xA;--&lt;SectionEntries&gt;&#xD;&#xA;--  &lt;SectionEntry SectionId=&quot;36&quot; SectionEntryId=&quot;60&quot; SectionEntryName=&quot;MTBF MIN HyperV x86FRE QPS-PLOC GSM 768x1280&quot; Branch=&quot;WPB_SIPLAT&quot; Build=&quot;WPB_SIPLAT.9295.12003.20130206-1600&quot; RelativeBuild=&quot;9295.0.WPB_SIPLAT.130206-1600&quot; TestPassName=&quot;MTBF MIN HyperV x86FRE QPS-PLOC GSM 768x1280&quot; DeviceType=&quot;HyperV&quot; /&gt;&#xD;&#xA;--  &lt;SectionEntry SectionId=&quot;36&quot; SectionEntryId=&quot;60&quot; SectionEntryName=&quot;MTBF MIN HyperV x86FRE QPS-PLOC GSM 768x1280&quot; Branch=&quot;WPB_SIPLAT&quot; Build=&quot;WPB_SIPLAT.9295.12002.20130205-1600&quot; RelativeBuild=&quot;9295.0.WPB_SIPLAT.130205-1600&quot; TestPassName=&quot;MTBF MIN HyperV x86FRE QPS-PLOC GSM 768x1280&quot; DeviceType=&quot;HyperV&quot; /&gt;&#xD;&#xA;--  &lt;SectionEntry SectionId=&quot;36&quot; SectionEntryId=&quot;60&quot; SectionEntryName=&quot;MTBF MIN HyperV x86FRE QPS-PLOC GSM 768x1280&quot; Branch=&quot;WPMain&quot; Build=&quot;WPMAIN.9295.12003.20130206-1311&quot; RelativeBuild=&quot;9295.0.WPMAIN.130206-1311&quot; TestPassName=&quot;MTBF MIN HyperV x86FRE QPS-PLOC GSM 768x1280&quot; DeviceType=&quot;HyperV&quot; /&gt;&#xD;&#xA;--  &lt;SectionEntry SectionId=&quot;36&quot; SectionEntryId=&quot;60&quot; SectionEntryName=&quot;MTBF MIN HyperV x86FRE QPS-PLOC GSM 768x1280&quot; Branch=&quot;WPMain&quot; Build=&quot;WPMAIN.9295.12002.20130205-1126&quot; RelativeBuild=&quot;9295.0.WPMAIN.130205-1126&quot; TestPassName=&quot;MTBF MIN HyperV x86FRE QPS-PLOC GSM 768x1280&quot; DeviceType=&quot;HyperV&quot; /&gt;&#xD;&#xA;--&lt;/SectionEntries&gt;'&#xD;&#xA;&#xD;&#xA;--Avoid slow performance caused by parameter sniffing&#xD;&#xA;SET ARITHABORT ON&#xD;&#xA;&#xD;" StatementId="1" StatementCompId="1" StatementType="SET ON/OFF" RetrievedFromCache="true" />
        <StmtSimple StatementText="&#xA;DECLARE @SectionEntries table (&#xD;&#xA;    SortOrder smallint IDENTITY,&#xD;&#xA;    SectionId int NOT NULL,&#xD;&#xA;    SectionEntryId int NOT NULL,&#xD;&#xA;    SectionEntryName nvarchar(255),&#xD;&#xA;    Branch nvarchar(100),&#xD;&#xA;    Build nvarchar(256),&#xD;&#xA;    RelativeBuild nvarchar(256),&#xD;&#xA;    TellusBuild nvarchar(256),&#xD;&#xA;    TestPassName nvarchar(500)&#xD;&#xA;)&#xD;&#xA;&#xD;&#xA;--Extract section entry data from XML into a table variable&#xD;&#xA;INSERT INTO @SectionEntries&#xD;&#xA;SELECT&#xD;&#xA;    [Entry].value('@SectionId', 'int'),&#xD;&#xA;    [Entry].value('@SectionEntryId', 'int'),&#xD;&#xA;    [Entry].value('@SectionEntryName', 'nvarchar(255)'),&#xD;&#xA;    [Entry].value('@Branch', 'nvarchar(100)'),&#xD;&#xA;    [Entry].value('@Build', 'nvarchar(256)'),&#xD;&#xA;    [Entry].value('@RelativeBuild', 'nvarchar(256)'),&#xD;&#xA;    N'' AS TellusBuild,&#xD;&#xA;    [Entry].value('@TestPassName', 'nvarchar(500)')&#xD;&#xA;FROM @SectionEntryXml.nodes('//SectionEntry') AS Entries([Entry])&#xD;&#xA;OPTION (OPTIMIZE FOR (@SectionEntryXml = NULL))&#xD;&#xA;&#xD;" StatementId="2" StatementCompId="3" StatementType="INSERT" RetrievedFromCache="true" StatementSubTreeCost="8.01672" StatementEstRows="1" StatementOptmLevel="FULL" QueryHash="0xE068DE1C26880EB4" QueryPlanHash="0x767EE67247F152FF">
          <StatementSetOptions QUOTED_IDENTIFIER="true" ARITHABORT="true" CONCAT_NULL_YIELDS_NULL="true" ANSI_NULLS="true" ANSI_PADDING="true" ANSI_WARNINGS="true" NUMERIC_ROUNDABORT="false" />
          <QueryPlan NonParallelPlanReason="MaxDOPSetToOne" CachedPlanSize="144" CompileTime="19" CompileCPU="19" CompileMemory="2848">
            <MemoryGrantInfo SerialRequiredMemory="0" SerialDesiredMemory="0" />
            <OptimizerHardwareDependentProperties EstimatedAvailableMemoryGrant="193313" EstimatedPagesCached="773254" EstimatedAvailableDegreeOfParallelism="1" />
            <RelOp NodeId="0" PhysicalOp="Table Insert" LogicalOp="Insert" EstimateRows="1" EstimateIO="0.01" EstimateCPU="1e-006" AvgRowSize="9" EstimatedTotalSubtreeCost="8.01672" Parallel="0" EstimateRebinds="0" EstimateRewinds="0" EstimatedExecutionMode="Row">
              <OutputList />
              <Update DMLRequestSort="0">
                <Object Table="[@SectionEntries]" />
                <SetPredicate>
                  <ScalarOperator ScalarString="[SectionId] = RaiseIfNullInsert([Expr1013]),[SectionEntryId] = RaiseIfNullInsert([Expr1018]),[SectionEntryName] = [Expr1023],[Branch] = [Expr1028],[Build] = [Expr1033],[RelativeBuild] = [Expr1038],[TellusBuild] = [Expr1039],[TestPassName] = [Expr1044],[SortOrder] = [Expr1008]">
                    <ScalarExpressionList>
                      <ScalarOperator>
                        <MultipleAssign>
                          <Assign>
                            <ColumnReference Column="SectionId" />
                            <ScalarOperator>
                              <Intrinsic FunctionName="RaiseIfNullInsert">
                                <ScalarOperator>
                                  <Identifier>
                                    <ColumnReference Column="Expr1013" />
                                  </Identifier>
                                </ScalarOperator>
                              </Intrinsic>
                            </ScalarOperator>
                          </Assign>
                          <Assign>
                            <ColumnReference Column="SectionEntryId" />
                            <ScalarOperator>
                              <Intrinsic FunctionName="RaiseIfNullInsert">
                                <ScalarOperator>
                                  <Identifier>
                                    <ColumnReference Column="Expr1018" />
                                  </Identifier>
                                </ScalarOperator>
                              </Intrinsic>
                            </ScalarOperator>
                          </Assign>
                          <Assign>
                            <ColumnReference Column="SectionEntryName" />
                            <ScalarOperator>
                              <Identifier>
                                <ColumnReference Column="Expr1023" />
                              </Identifier>
                            </ScalarOperator>
                          </Assign>
                          <Assign>
                            <ColumnReference Column="Branch" />
                            <ScalarOperator>
                              <Identifier>
                                <ColumnReference Column="Expr1028" />
                              </Identifier>
                            </ScalarOperator>
                          </Assign>
                          <Assign>
                            <ColumnReference Column="Build" />
                            <ScalarOperator>
                              <Identifier>
                                <ColumnReference Column="Expr1033" />
                              </Identifier>
                            </ScalarOperator>
                          </Assign>
                          <Assign>
                            <ColumnReference Column="RelativeBuild" />
                            <ScalarOperator>
                              <Identifier>
                                <ColumnReference Column="Expr1038" />
                              </Identifier>
                            </ScalarOperator>
                          </Assign>
                          <Assign>
                            <ColumnReference Column="TellusBuild" />
                            <ScalarOperator>
                              <Identifier>
                                <ColumnReference Column="Expr1039" />
                              </Identifier>
                            </ScalarOperator>
                          </Assign>
                          <Assign>
                            <ColumnReference Column="TestPassName" />
                            <ScalarOperator>
                              <Identifier>
                                <ColumnReference Column="Expr1044" />
                              </Identifier>
                            </ScalarOperator>
                          </Assign>
                          <Assign>
                            <ColumnReference Column="SortOrder" />
                            <ScalarOperator>
                              <Identifier>
                                <ColumnReference Column="Expr1008" />
                              </Identifier>
                            </ScalarOperator>
                          </Assign>
                        </MultipleAssign>
                      </ScalarOperator>
                    </ScalarExpressionList>
                  </ScalarOperator>
                </SetPredicate>
                <RelOp NodeId="1" PhysicalOp="Compute Scalar" LogicalOp="Compute Scalar" EstimateRows="1" EstimateIO="0" EstimateCPU="1e-007" AvgRowSize="1655" EstimatedTotalSubtreeCost="8.00672" Parallel="0" EstimateRebinds="0" EstimateRewinds="0" EstimatedExecutionMode="Row">
                  <OutputList>
                    <ColumnReference Column="Expr1008" />
                    <ColumnReference Column="Expr1013" />
                    <ColumnReference Column="Expr1018" />
                    <ColumnReference Column="Expr1023" />
                    <ColumnReference Column="Expr1028" />
                    <ColumnReference Column="Expr1033" />
                    <ColumnReference Column="Expr1038" />
                    <ColumnReference Column="Expr1039" />
                    <ColumnReference Column="Expr1044" />
                  </OutputList>
                  <ComputeScalar>
                    <DefinedValues>
                      <DefinedValue>
                        <ColumnReference Column="Expr1013" />
                        <ScalarOperator ScalarString="[Expr1012]">
                          <Identifier>
                            <ColumnReference Column="Expr1012" />
                          </Identifier>
                        </ScalarOperator>
                      </DefinedValue>
                      <DefinedValue>
                        <ColumnReference Column="Expr1018" />
                        <ScalarOperator ScalarString="[Expr1017]">
                          <Identifier>
                            <ColumnReference Column="Expr1017" />
                          </Identifier>
                        </ScalarOperator>
                      </DefinedValue>
                      <DefinedValue>
                        <ColumnReference Column="Expr1023" />
                        <ScalarOperator ScalarString="[Expr1022]">
                          <Identifier>
                            <ColumnReference Column="Expr1022" />
                          </Identifier>
                        </ScalarOperator>
                      </DefinedValue>
                      <DefinedValue>
                        <ColumnReference Column="Expr1028" />
                        <ScalarOperator ScalarString="[Expr1027]">
                          <Identifier>
                            <ColumnReference Column="Expr1027" />
                          </Identifier>
                        </ScalarOperator>
                      </DefinedValue>
                      <DefinedValue>
                        <ColumnReference Column="Expr1033" />
                        <ScalarOperator ScalarString="[Expr1032]">
                          <Identifier>
                            <ColumnReference Column="Expr1032" />
                          </Identifier>
                        </ScalarOperator>
                      </DefinedValue>
                      <DefinedValue>
                        <ColumnReference Column="Expr1038" />
                        <ScalarOperator ScalarString="[Expr1037]">
                          <Identifier>
                            <ColumnReference Column="Expr1037" />
                          </Identifier>
                        </ScalarOperator>
                      </DefinedValue>
                      <DefinedValue>
                        <ColumnReference Column="Expr1039" />
                        <ScalarOperator ScalarString="N''">
                          <Const ConstValue="N''" />
                        </ScalarOperator>
                      </DefinedValue>
                      <DefinedValue>
                        <ColumnReference Column="Expr1044" />
                        <ScalarOperator ScalarString="[Expr1043]">
                          <Identifier>
                            <ColumnReference Column="Expr1043" />
                          </Identifier>
                        </ScalarOperator>
                      </DefinedValue>
                    </DefinedValues>
                    <RelOp NodeId="2" PhysicalOp="Nested Loops" LogicalOp="Inner Join" EstimateRows="1" EstimateIO="0" EstimateCPU="4.18e-006" AvgRowSize="1396" EstimatedTotalSubtreeCost="8.00672" Parallel="0" EstimateRebinds="0" EstimateRewinds="0" EstimatedExecutionMode="Row">
                      <OutputList>
                        <ColumnReference Column="Expr1008" />
                        <ColumnReference Column="Expr1012" />
                        <ColumnReference Column="Expr1017" />
                        <ColumnReference Column="Expr1022" />
                        <ColumnReference Column="Expr1027" />
                        <ColumnReference Column="Expr1032" />
                        <ColumnReference Column="Expr1037" />
                        <ColumnReference Column="Expr1043" />
                      </OutputList>
                      <NestedLoops Optimized="0">
                        <OuterReferences>
                          <ColumnReference Table="[XML Reader with XPath filter]" Column="id" />
                        </OuterReferences>
                        <RelOp NodeId="3" PhysicalOp="Nested Loops" LogicalOp="Inner Join" EstimateRows="1" EstimateIO="0" EstimateCPU="4.18e-006" AvgRowSize="902" EstimatedTotalSubtreeCost="7.00634" Parallel="0" EstimateRebinds="0" EstimateRewinds="0" EstimatedExecutionMode="Row">
                          <OutputList>
                            <ColumnReference Table="[XML Reader with XPath filter]" Column="id" />
                            <ColumnReference Column="Expr1008" />
                            <ColumnReference Column="Expr1012" />
                            <ColumnReference Column="Expr1017" />
                            <ColumnReference Column="Expr1022" />
                            <ColumnReference Column="Expr1027" />
                            <ColumnReference Column="Expr1032" />
                            <ColumnReference Column="Expr1037" />
                          </OutputList>
                          <NestedLoops Optimized="0">
                            <OuterReferences>
                              <ColumnReference Table="[XML Reader with XPath filter]" Column="id" />
                            </OuterReferences>
                            <RelOp NodeId="4" PhysicalOp="Nested Loops" LogicalOp="Inner Join" EstimateRows="1" EstimateIO="0" EstimateCPU="4.18e-006" AvgRowSize="644" EstimatedTotalSubtreeCost="6.00596" Parallel="0" EstimateRebinds="0" EstimateRewinds="0" EstimatedExecutionMode="Row">
                              <OutputList>
                                <ColumnReference Table="[XML Reader with XPath filter]" Column="id" />
                                <ColumnReference Column="Expr1008" />
                                <ColumnReference Column="Expr1012" />
                                <ColumnReference Column="Expr1017" />
                                <ColumnReference Column="Expr1022" />
                                <ColumnReference Column="Expr1027" />
                                <ColumnReference Column="Expr1032" />
                              </OutputList>
                              <NestedLoops Optimized="0">
                                <OuterReferences>
                                  <ColumnReference Table="[XML Reader with XPath filter]" Column="id" />
                                </OuterReferences>
                                <RelOp NodeId="5" PhysicalOp="Nested Loops" LogicalOp="Inner Join" EstimateRows="1" EstimateIO="0" EstimateCPU="4.18e-006" AvgRowSize="386" EstimatedTotalSubtreeCost="5.00558" Parallel="0" EstimateRebinds="0" EstimateRewinds="0" EstimatedExecutionMode="Row">
                                  <OutputList>
                                    <ColumnReference Table="[XML Reader with XPath filter]" Column="id" />
                                    <ColumnReference Column="Expr1008" />
                                    <ColumnReference Column="Expr1012" />
                                    <ColumnReference Column="Expr1017" />
                                    <ColumnReference Column="Expr1022" />
                                    <ColumnReference Column="Expr1027" />
                                  </OutputList>
                                  <NestedLoops Optimized="0">
                                    <OuterReferences>
                                      <ColumnReference Table="[XML Reader with XPath filter]" Column="id" />
                                    </OuterReferences>
                                    <RelOp NodeId="6" PhysicalOp="Nested Loops" LogicalOp="Inner Join" EstimateRows="1" EstimateIO="0" EstimateCPU="4.18e-006" AvgRowSize="284" EstimatedTotalSubtreeCost="4.0052" Parallel="0" EstimateRebinds="0" EstimateRewinds="0" EstimatedExecutionMode="Row">
                                      <OutputList>
                                        <ColumnReference Table="[XML Reader with XPath filter]" Column="id" />
                                        <ColumnReference Column="Expr1008" />
                                        <ColumnReference Column="Expr1012" />
                                        <ColumnReference Column="Expr1017" />
                                        <ColumnReference Column="Expr1022" />
                                      </OutputList>
                                      <NestedLoops Optimized="0">
                                        <OuterReferences>
                                          <ColumnReference Table="[XML Reader with XPath filter]" Column="id" />
                                        </OuterReferences>
                                        <RelOp NodeId="7" PhysicalOp="Nested Loops" LogicalOp="Inner Join" EstimateRows="1" EstimateIO="0" EstimateCPU="4.18e-006" AvgRowSize="27" EstimatedTotalSubtreeCost="3.00482" Parallel="0" EstimateRebinds="0" EstimateRewinds="0" EstimatedExecutionMode="Row">
                                          <OutputList>
                                            <ColumnReference Table="[XML Reader with XPath filter]" Column="id" />
                                            <ColumnReference Column="Expr1008" />
                                            <ColumnReference Column="Expr1012" />
                                            <ColumnReference Column="Expr1017" />
                                          </OutputList>
                                          <NestedLoops Optimized="0">
                                            <OuterReferences>
                                              <ColumnReference Table="[XML Reader with XPath filter]" Column="id" />
                                            </OuterReferences>
                                            <RelOp NodeId="8" PhysicalOp="Nested Loops" LogicalOp="Inner Join" EstimateRows="1" EstimateIO="0" EstimateCPU="4.18e-006" AvgRowSize="23" EstimatedTotalSubtreeCost="2.00444" Parallel="0" EstimateRebinds="0" EstimateRewinds="0" EstimatedExecutionMode="Row">
                                              <OutputList>
                                                <ColumnReference Table="[XML Reader with XPath filter]" Column="id" />
                                                <ColumnReference Column="Expr1008" />
                                                <ColumnReference Column="Expr1012" />
                                              </OutputList>
                                              <NestedLoops Optimized="0">
                                                <OuterReferences>
                                                  <ColumnReference Table="[XML Reader with XPath filter]" Column="id" />
                                                </OuterReferences>
                                                <RelOp NodeId="9" PhysicalOp="Compute Scalar" LogicalOp="Compute Scalar" EstimateRows="1" EstimateIO="0" EstimateCPU="1e-007" AvgRowSize="19" EstimatedTotalSubtreeCost="1.00406" Parallel="0" EstimateRebinds="0" EstimateRewinds="0" EstimatedExecutionMode="Row">
                                                  <OutputList>
                                                    <ColumnReference Table="[XML Reader with XPath filter]" Column="id" />
                                                    <ColumnReference Column="Expr1008" />
                                                  </OutputList>
                                                  <ComputeScalar ComputeSequence="1">
                                                    <DefinedValues>
                                                      <DefinedValue>
                                                        <ColumnReference Column="Expr1008" />
                                                        <ScalarOperator ScalarString="getidentity((-1300669529),(2),N'@SectionEntries')">
                                                          <Intrinsic FunctionName="getidentity">
                                                            <ScalarOperator>
                                                              <Const ConstValue="(-1300669529)" />
                                                            </ScalarOperator>
                                                            <ScalarOperator>
                                                              <Const ConstValue="(2)" />
                                                            </ScalarOperator>
                                                            <ScalarOperator>
                                                              <Const ConstValue="N'@SectionEntries'" />
                                                            </ScalarOperator>
                                                          </Intrinsic>
                                                        </ScalarOperator>
                                                      </DefinedValue>
                                                    </DefinedValues>
                                                    <RelOp NodeId="10" PhysicalOp="Filter" LogicalOp="Filter" EstimateRows="1" EstimateIO="0" EstimateCPU="5.6e-005" AvgRowSize="17" EstimatedTotalSubtreeCost="1.00406" Parallel="0" EstimateRebinds="0" EstimateRewinds="0" EstimatedExecutionMode="Row">
                                                      <OutputList>
                                                        <ColumnReference Table="[XML Reader with XPath filter]" Column="id" />
                                                      </OutputList>
                                                      <Filter StartupExpression="1">
                                                        <RelOp NodeId="11" PhysicalOp="Table-valued function" LogicalOp="Table-valued function" EstimateRows="200" EstimateIO="0" EstimateCPU="1.004" AvgRowSize="17" EstimatedTotalSubtreeCost="1.004" Parallel="0" EstimateRebinds="0" EstimateRewinds="0" EstimatedExecutionMode="Row">
                                                          <OutputList>
                                                            <ColumnReference Table="[XML Reader with XPath filter]" Column="id" />
                                                          </OutputList>
                                                          <TableValuedFunction>
                                                            <DefinedValues>
                                                              <DefinedValue>
                                                                <ColumnReference Table="[XML Reader with XPath filter]" Column="id" />
                                                              </DefinedValue>
                                                            </DefinedValues>
                                                            <Object Table="[XML Reader with XPath filter]" />
                                                            <ParameterList>
                                                              <ScalarOperator ScalarString="[@SectionEntryXml]">
                                                                <Identifier>
                                                                  <ColumnReference Column="@SectionEntryXml" />
                                                                </Identifier>
                                                              </ScalarOperator>
                                                              <ScalarOperator ScalarString="(0)">
                                                                <Const ConstValue="(0)" />
                                                              </ScalarOperator>
                                                              <ScalarOperator ScalarString="NULL">
                                                                <Const ConstValue="NULL" />
                                                              </ScalarOperator>
                                                              <ScalarOperator ScalarString="NULL">
                                                                <Const ConstValue="NULL" />
                                                              </ScalarOperator>
                                                            </ParameterList>
                                                          </TableValuedFunction>
                                                        </RelOp>
                                                        <Predicate>
                                                          <ScalarOperator ScalarString="[@SectionEntryXml] IS NOT NULL">
                                                            <Identifier>
                                                              <ColumnReference Column="ConstExpr1045">
                                                                <ScalarOperator>
                                                                  <Compare CompareOp="IS NOT">
                                                                    <ScalarOperator>
                                                                      <Identifier>
                                                                        <ColumnReference Column="@SectionEntryXml" />
                                                                      </Identifier>
                                                                    </ScalarOperator>
                                                                    <ScalarOperator>
                                                                      <Const ConstValue="NULL" />
                                                                    </ScalarOperator>
                                                                  </Compare>
                                                                </ScalarOperator>
                                                              </ColumnReference>
                                                            </Identifier>
                                                          </ScalarOperator>
                                                        </Predicate>
                                                      </Filter>
                                                    </RelOp>
                                                  </ComputeScalar>
                                                </RelOp>
                                                <RelOp NodeId="20" PhysicalOp="Stream Aggregate" LogicalOp="Aggregate" EstimateRows="1" EstimateIO="0" EstimateCPU="3.37188e-006" AvgRowSize="11" EstimatedTotalSubtreeCost="1.00038" Parallel="0" EstimateRebinds="0" EstimateRewinds="0" EstimatedExecutionMode="Row">
                                                  <OutputList>
                                                    <ColumnReference Column="Expr1012" />
                                                  </OutputList>
                                                  <StreamAggregate>
                                                    <DefinedValues>
                                                      <DefinedValue>
                                                        <ColumnReference Column="Expr1012" />
                                                        <ScalarOperator ScalarString="MIN(CASE WHEN [@SectionEntryXml] IS NULL THEN NULL ELSE CASE WHEN datalength(XML Reader with XPath filter.[value])&gt;=(128) THEN CONVERT_IMPLICIT(int,XML Reader with XPath filter.[lvalue],0) ELSE CONVERT_IMPLICIT(int,XML Reader with XPath filter.[value],0) END END)">
                                                          <Aggregate Distinct="0" AggType="MIN">
                                                            <ScalarOperator>
                                                              <IF>
                                                                <Condition>
                                                                  <ScalarOperator>
                                                                    <Compare CompareOp="IS">
                                                                      <ScalarOperator>
                                                                        <Identifier>
                                                                          <ColumnReference Column="@SectionEntryXml" />
                                                                        </Identifier>
                                                                      </ScalarOperator>
                                                                      <ScalarOperator>
                                                                        <Const ConstValue="NULL" />
                                                                      </ScalarOperator>
                                                                    </Compare>
                                                                  </ScalarOperator>
                                                                </Condition>
                                                                <Then>
                                                                  <ScalarOperator>
                                                                    <Const ConstValue="NULL" />
                                                                  </ScalarOperator>
                                                                </Then>
                                                                <Else>
                                                                  <ScalarOperator>
                                                                    <IF>
                                                                      <Condition>
                                                                        <ScalarOperator>
                                                                          <Compare CompareOp="GE">
                                                                            <ScalarOperator>
                                                                              <Intrinsic FunctionName="datalength">
                                                                                <ScalarOperator>
                                                                                  <Identifier>
                                                                                    <ColumnReference Table="[XML Reader with XPath filter]" Column="value" />
                                                                                  </Identifier>
                                                                                </ScalarOperator>
                                                                              </Intrinsic>
                                                                            </ScalarOperator>
                                                                            <ScalarOperator>
                                                                              <Const ConstValue="(128)" />
                                                                            </ScalarOperator>
                                                                          </Compare>
                                                                        </ScalarOperator>
                                                                      </Condition>
                                                                      <Then>
                                                                        <ScalarOperator>
                                                                          <Convert DataType="int" Style="0" Implicit="1">
                                                                            <ScalarOperator>
                                                                              <Identifier>
                                                                                <ColumnReference Table="[XML Reader with XPath filter]" Column="lvalue" />
                                                                              </Identifier>
                                                                            </ScalarOperator>
                                                                          </Convert>
                                                                        </ScalarOperator>
                                                                      </Then>
                                                                      <Else>
                                                                        <ScalarOperator>
                                                                          <Convert DataType="int" Style="0" Implicit="1">
                                                                            <ScalarOperator>
                                                                              <Identifier>
                                                                                <ColumnReference Table="[XML Reader with XPath filter]" Column="value" />
                                                                              </Identifier>
                                                                            </ScalarOperator>
                                                                          </Convert>
                                                                        </ScalarOperator>
                                                                      </Else>
                                                                    </IF>
                                                                  </ScalarOperator>
                                                                </Else>
                                                              </IF>
                                                            </ScalarOperator>
                                                          </Aggregate>
                                                        </ScalarOperator>
                                                      </DefinedValue>
                                                    </DefinedValues>
                                                    <RelOp NodeId="21" PhysicalOp="Filter" LogicalOp="Filter" EstimateRows="4.78647" EstimateIO="0" EstimateCPU="1.224e-005" AvgRowSize="4057" EstimatedTotalSubtreeCost="1.00037" Parallel="0" EstimateRebinds="0" EstimateRewinds="0" EstimatedExecutionMode="Row">
                                                      <OutputList>
                                                        <ColumnReference Table="[XML Reader with XPath filter]" Column="value" />
                                                        <ColumnReference Table="[XML Reader with XPath filter]" Column="lvalue" />
                                                      </OutputList>
                                                      <Filter StartupExpression="0">
                                                        <RelOp NodeId="22" PhysicalOp="Table-valued function" LogicalOp="Table-valued function" EstimateRows="18" EstimateIO="0" EstimateCPU="1.00036" AvgRowSize="4065" EstimatedTotalSubtreeCost="1.00036" Parallel="0" EstimateRebinds="0" EstimateRewinds="0" EstimatedExecutionMode="Row">
                                                          <OutputList>
                                                            <ColumnReference Table="[XML Reader with XPath filter]" Column="id" />
                                                            <ColumnReference Table="[XML Reader with XPath filter]" Column="value" />
                                                            <ColumnReference Table="[XML Reader with XPath filter]" Column="lvalue" />
                                                          </OutputList>
                                                          <TableValuedFunction>
                                                            <DefinedValues>
                                                              <DefinedValue>
                                                                <ColumnReference Table="[XML Reader with XPath filter]" Column="id" />
                                                              </DefinedValue>
                                                              <DefinedValue>
                                                                <ColumnReference Table="[XML Reader with XPath filter]" Column="value" />
                                                              </DefinedValue>
                                                              <DefinedValue>
                                                                <ColumnReference Table="[XML Reader with XPath filter]" Column="lvalue" />
                                                              </DefinedValue>
                                                            </DefinedValues>
                                                            <Object Table="[XML Reader with XPath filter]" />
                                                            <ParameterList>
                                                              <ScalarOperator ScalarString="[@SectionEntryXml]">
                                                                <Identifier>
                                                                  <ColumnReference Column="@SectionEntryXml" />
                                                                </Identifier>
                                                              </ScalarOperator>
                                                              <ScalarOperator ScalarString="(7)">
                                                                <Const ConstValue="(7)" />
                                                              </ScalarOperator>
                                                              <ScalarOperator ScalarString="XML Reader with XPath filter.[id]">
                                                                <Identifier>
                                                                  <ColumnReference Table="[XML Reader with XPath filter]" Column="id" />
                                                                </Identifier>
                                                              </ScalarOperator>
                                                              <ScalarOperator ScalarString="getdescendantlimit(XML Reader with XPath filter.[id])">
                                                                <Intrinsic FunctionName="getdescendantlimit">
                                                                  <ScalarOperator>
                                                                    <Identifier>
                                                                      <ColumnReference Table="[XML Reader with XPath filter]" Column="id" />
                                                                    </Identifier>
                                                                  </ScalarOperator>
                                                                </Intrinsic>
                                                              </ScalarOperator>
                                                            </ParameterList>
                                                          </TableValuedFunction>
                                                        </RelOp>
                                                        <Predicate>
                                                          <ScalarOperator ScalarString="XML Reader with XPath filter.[id]=getancestor(XML Reader with XPath filter.[id],(1))">
                                                            <Compare CompareOp="EQ">
                                                              <ScalarOperator>
                                                                <Identifier>
                                                                  <ColumnReference Table="[XML Reader with XPath filter]" Column="id" />
                                                                </Identifier>
                                                              </ScalarOperator>
                                                              <ScalarOperator>
                                                                <Intrinsic FunctionName="getancestor">
                                                                  <ScalarOperator>
                                                                    <Identifier>
                                                                      <ColumnReference Table="[XML Reader with XPath filter]" Column="id" />
                                                                    </Identifier>
                                                                  </ScalarOperator>
                                                                  <ScalarOperator>
                                                                    <Const ConstValue="(1)" />
                                                                  </ScalarOperator>
                                                                </Intrinsic>
                                                              </ScalarOperator>
                                                            </Compare>
                                                          </ScalarOperator>
                                                        </Predicate>
                                                      </Filter>
                                                    </RelOp>
                                                  </StreamAggregate>
                                                </RelOp>
                                              </NestedLoops>
                                            </RelOp>
                                            <RelOp NodeId="31" PhysicalOp="Stream Aggregate" LogicalOp="Aggregate" EstimateRows="1" EstimateIO="0" EstimateCPU="3.37188e-006" AvgRowSize="11" EstimatedTotalSubtreeCost="1.00038" Parallel="0" EstimateRebinds="0" EstimateRewinds="0" EstimatedExecutionMode="Row">
                                              <OutputList>
                                                <ColumnReference Column="Expr1017" />
                                              </OutputList>
                                              <StreamAggregate>
                                                <DefinedValues>
                                                  <DefinedValue>
                                                    <ColumnReference Column="Expr1017" />
                                                    <ScalarOperator ScalarString="MIN(CASE WHEN [@SectionEntryXml] IS NULL THEN NULL ELSE CASE WHEN datalength(XML Reader with XPath filter.[value])&gt;=(128) THEN CONVERT_IMPLICIT(int,XML Reader with XPath filter.[lvalue],0) ELSE CONVERT_IMPLICIT(int,XML Reader with XPath filter.[value],0) END END)">
                                                      <Aggregate Distinct="0" AggType="MIN">
                                                        <ScalarOperator>
                                                          <IF>
                                                            <Condition>
                                                              <ScalarOperator>
                                                                <Compare CompareOp="IS">
                                                                  <ScalarOperator>
                                                                    <Identifier>
                                                                      <ColumnReference Column="@SectionEntryXml" />
                                                                    </Identifier>
                                                                  </ScalarOperator>
                                                                  <ScalarOperator>
                                                                    <Const ConstValue="NULL" />
                                                                  </ScalarOperator>
                                                                </Compare>
                                                              </ScalarOperator>
                                                            </Condition>
                                                            <Then>
                                                              <ScalarOperator>
                                                                <Const ConstValue="NULL" />
                                                              </ScalarOperator>
                                                            </Then>
                                                            <Else>
                                                              <ScalarOperator>
                                                                <IF>
                                                                  <Condition>
                                                                    <ScalarOperator>
                                                                      <Compare CompareOp="GE">
                                                                        <ScalarOperator>
                                                                          <Intrinsic FunctionName="datalength">
                                                                            <ScalarOperator>
                                                                              <Identifier>
                                                                                <ColumnReference Table="[XML Reader with XPath filter]" Column="value" />
                                                                              </Identifier>
                                                                            </ScalarOperator>
                                                                          </Intrinsic>
                                                                        </ScalarOperator>
                                                                        <ScalarOperator>
                                                                          <Const ConstValue="(128)" />
                                                                        </ScalarOperator>
                                                                      </Compare>
                                                                    </ScalarOperator>
                                                                  </Condition>
                                                                  <Then>
                                                                    <ScalarOperator>
                                                                      <Convert DataType="int" Style="0" Implicit="1">
                                                                        <ScalarOperator>
                                                                          <Identifier>
                                                                            <ColumnReference Table="[XML Reader with XPath filter]" Column="lvalue" />
                                                                          </Identifier>
                                                                        </ScalarOperator>
                                                                      </Convert>
                                                                    </ScalarOperator>
                                                                  </Then>
                                                                  <Else>
                                                                    <ScalarOperator>
                                                                      <Convert DataType="int" Style="0" Implicit="1">
                                                                        <ScalarOperator>
                                                                          <Identifier>
                                                                            <ColumnReference Table="[XML Reader with XPath filter]" Column="value" />
                                                                          </Identifier>
                                                                        </ScalarOperator>
                                                                      </Convert>
                                                                    </ScalarOperator>
                                                                  </Else>
                                                                </IF>
                                                              </ScalarOperator>
                                                            </Else>
                                                          </IF>
                                                        </ScalarOperator>
                                                      </Aggregate>
                                                    </ScalarOperator>
                                                  </DefinedValue>
                                                </DefinedValues>
                                                <RelOp NodeId="32" PhysicalOp="Filter" LogicalOp="Filter" EstimateRows="4.78647" EstimateIO="0" EstimateCPU="1.224e-005" AvgRowSize="4057" EstimatedTotalSubtreeCost="1.00037" Parallel="0" EstimateRebinds="0" EstimateRewinds="0" EstimatedExecutionMode="Row">
                                                  <OutputList>
                                                    <ColumnReference Table="[XML Reader with XPath filter]" Column="value" />
                                                    <ColumnReference Table="[XML Reader with XPath filter]" Column="lvalue" />
                                                  </OutputList>
                                                  <Filter StartupExpression="0">
                                                    <RelOp NodeId="33" PhysicalOp="Table-valued function" LogicalOp="Table-valued function" EstimateRows="18" EstimateIO="0" EstimateCPU="1.00036" AvgRowSize="4065" EstimatedTotalSubtreeCost="1.00036" Parallel="0" EstimateRebinds="0" EstimateRewinds="0" EstimatedExecutionMode="Row">
                                                      <OutputList>
                                                        <ColumnReference Table="[XML Reader with XPath filter]" Column="id" />
                                                        <ColumnReference Table="[XML Reader with XPath filter]" Column="value" />
                                                        <ColumnReference Table="[XML Reader with XPath filter]" Column="lvalue" />
                                                      </OutputList>
                                                      <TableValuedFunction>
                                                        <DefinedValues>
                                                          <DefinedValue>
                                                            <ColumnReference Table="[XML Reader with XPath filter]" Column="id" />
                                                          </DefinedValue>
                                                          <DefinedValue>
                                                            <ColumnReference Table="[XML Reader with XPath filter]" Column="value" />
                                                          </DefinedValue>
                                                          <DefinedValue>
                                                            <ColumnReference Table="[XML Reader with XPath filter]" Column="lvalue" />
                                                          </DefinedValue>
                                                        </DefinedValues>
                                                        <Object Table="[XML Reader with XPath filter]" />
                                                        <ParameterList>
                                                          <ScalarOperator ScalarString="[@SectionEntryXml]">
                                                            <Identifier>
                                                              <ColumnReference Column="@SectionEntryXml" />
                                                            </Identifier>
                                                          </ScalarOperator>
                                                          <ScalarOperator ScalarString="(7)">
                                                            <Const ConstValue="(7)" />
                                                          </ScalarOperator>
                                                          <ScalarOperator ScalarString="XML Reader with XPath filter.[id]">
                                                            <Identifier>
                                                              <ColumnReference Table="[XML Reader with XPath filter]" Column="id" />
                                                            </Identifier>
                                                          </ScalarOperator>
                                                          <ScalarOperator ScalarString="getdescendantlimit(XML Reader with XPath filter.[id])">
                                                            <Intrinsic FunctionName="getdescendantlimit">
                                                              <ScalarOperator>
                                                                <Identifier>
                                                                  <ColumnReference Table="[XML Reader with XPath filter]" Column="id" />
                                                                </Identifier>
                                                              </ScalarOperator>
                                                            </Intrinsic>
                                                          </ScalarOperator>
                                                        </ParameterList>
                                                      </TableValuedFunction>
                                                    </RelOp>
                                                    <Predicate>
                                                      <ScalarOperator ScalarString="XML Reader with XPath filter.[id]=getancestor(XML Reader with XPath filter.[id],(1))">
                                                        <Compare CompareOp="EQ">
                                                          <ScalarOperator>
                                                            <Identifier>
                                                              <ColumnReference Table="[XML Reader with XPath filter]" Column="id" />
                                                            </Identifier>
                                                          </ScalarOperator>
                                                          <ScalarOperator>
                                                            <Intrinsic FunctionName="getancestor">
                                                              <ScalarOperator>
                                                                <Identifier>
                                                                  <ColumnReference Table="[XML Reader with XPath filter]" Column="id" />
                                                                </Identifier>
                                                              </ScalarOperator>
                                                              <ScalarOperator>
                                                                <Const ConstValue="(1)" />
                                                              </ScalarOperator>
                                                            </Intrinsic>
                                                          </ScalarOperator>
                                                        </Compare>
                                                      </ScalarOperator>
                                                    </Predicate>
                                                  </Filter>
                                                </RelOp>
                                              </StreamAggregate>
                                            </RelOp>
                                          </NestedLoops>
                                        </RelOp>
                                        <RelOp NodeId="42" PhysicalOp="Stream Aggregate" LogicalOp="Aggregate" EstimateRows="1" EstimateIO="0" EstimateCPU="3.37188e-006" AvgRowSize="266" EstimatedTotalSubtreeCost="1.00038" Parallel="0" EstimateRebinds="0" EstimateRewinds="0" EstimatedExecutionMode="Row">
                                          <OutputList>
                                            <ColumnReference Column="Expr1022" />
                                          </OutputList>
                                          <StreamAggregate>
                                            <DefinedValues>
                                              <DefinedValue>
                                                <ColumnReference Column="Expr1022" />
                                                <ScalarOperator ScalarString="MIN(CASE WHEN [@SectionEntryXml] IS NULL THEN NULL ELSE CASE WHEN datalength(XML Reader with XPath filter.[value])&gt;=(128) THEN CONVERT_IMPLICIT(nvarchar(255),XML Reader with XPath filter.[lvalue],0) ELSE CONVERT_IMPLICIT(nvarchar(255),XML Reader with XPath filter.[value],0) END END)">
                                                  <Aggregate Distinct="0" AggType="MIN">
                                                    <ScalarOperator>
                                                      <IF>
                                                        <Condition>
                                                          <ScalarOperator>
                                                            <Compare CompareOp="IS">
                                                              <ScalarOperator>
                                                                <Identifier>
                                                                  <ColumnReference Column="@SectionEntryXml" />
                                                                </Identifier>
                                                              </ScalarOperator>
                                                              <ScalarOperator>
                                                                <Const ConstValue="NULL" />
                                                              </ScalarOperator>
                                                            </Compare>
                                                          </ScalarOperator>
                                                        </Condition>
                                                        <Then>
                                                          <ScalarOperator>
                                                            <Const ConstValue="NULL" />
                                                          </ScalarOperator>
                                                        </Then>
                                                        <Else>
                                                          <ScalarOperator>
                                                            <IF>
                                                              <Condition>
                                                                <ScalarOperator>
                                                                  <Compare CompareOp="GE">
                                                                    <ScalarOperator>
                                                                      <Intrinsic FunctionName="datalength">
                                                                        <ScalarOperator>
                                                                          <Identifier>
                                                                            <ColumnReference Table="[XML Reader with XPath filter]" Column="value" />
                                                                          </Identifier>
                                                                        </ScalarOperator>
                                                                      </Intrinsic>
                                                                    </ScalarOperator>
                                                                    <ScalarOperator>
                                                                      <Const ConstValue="(128)" />
                                                                    </ScalarOperator>
                                                                  </Compare>
                                                                </ScalarOperator>
                                                              </Condition>
                                                              <Then>
                                                                <ScalarOperator>
                                                                  <Convert DataType="nvarchar" Length="510" Style="0" Implicit="1">
                                                                    <ScalarOperator>
                                                                      <Identifier>
                                                                        <ColumnReference Table="[XML Reader with XPath filter]" Column="lvalue" />
                                                                      </Identifier>
                                                                    </ScalarOperator>
                                                                  </Convert>
                                                                </ScalarOperator>
                                                              </Then>
                                                              <Else>
                                                                <ScalarOperator>
                                                                  <Convert DataType="nvarchar" Length="510" Style="0" Implicit="1">
                                                                    <ScalarOperator>
                                                                      <Identifier>
                                                                        <ColumnReference Table="[XML Reader with XPath filter]" Column="value" />
                                                                      </Identifier>
                                                                    </ScalarOperator>
                                                                  </Convert>
                                                                </ScalarOperator>
                                                              </Else>
                                                            </IF>
                                                          </ScalarOperator>
                                                        </Else>
                                                      </IF>
                                                    </ScalarOperator>
                                                  </Aggregate>
                                                </ScalarOperator>
                                              </DefinedValue>
                                            </DefinedValues>
                                            <RelOp NodeId="43" PhysicalOp="Filter" LogicalOp="Filter" EstimateRows="4.78647" EstimateIO="0" EstimateCPU="1.224e-005" AvgRowSize="4057" EstimatedTotalSubtreeCost="1.00037" Parallel="0" EstimateRebinds="0" EstimateRewinds="0" EstimatedExecutionMode="Row">
                                              <OutputList>
                                                <ColumnReference Table="[XML Reader with XPath filter]" Column="value" />
                                                <ColumnReference Table="[XML Reader with XPath filter]" Column="lvalue" />
                                              </OutputList>
                                              <Filter StartupExpression="0">
                                                <RelOp NodeId="44" PhysicalOp="Table-valued function" LogicalOp="Table-valued function" EstimateRows="18" EstimateIO="0" EstimateCPU="1.00036" AvgRowSize="4065" EstimatedTotalSubtreeCost="1.00036" Parallel="0" EstimateRebinds="0" EstimateRewinds="0" EstimatedExecutionMode="Row">
                                                  <OutputList>
                                                    <ColumnReference Table="[XML Reader with XPath filter]" Column="id" />
                                                    <ColumnReference Table="[XML Reader with XPath filter]" Column="value" />
                                                    <ColumnReference Table="[XML Reader with XPath filter]" Column="lvalue" />
                                                  </OutputList>
                                                  <TableValuedFunction>
                                                    <DefinedValues>
                                                      <DefinedValue>
                                                        <ColumnReference Table="[XML Reader with XPath filter]" Column="id" />
                                                      </DefinedValue>
                                                      <DefinedValue>
                                                        <ColumnReference Table="[XML Reader with XPath filter]" Column="value" />
                                                      </DefinedValue>
                                                      <DefinedValue>
                                                        <ColumnReference Table="[XML Reader with XPath filter]" Column="lvalue" />
                                                      </DefinedValue>
                                                    </DefinedValues>
                                                    <Object Table="[XML Reader with XPath filter]" />
                                                    <ParameterList>
                                                      <ScalarOperator ScalarString="[@SectionEntryXml]">
                                                        <Identifier>
                                                          <ColumnReference Column="@SectionEntryXml" />
                                                        </Identifier>
                                                      </ScalarOperator>
                                                      <ScalarOperator ScalarString="(7)">
                                                        <Const ConstValue="(7)" />
                                                      </ScalarOperator>
                                                      <ScalarOperator ScalarString="XML Reader with XPath filter.[id]">
                                                        <Identifier>
                                                          <ColumnReference Table="[XML Reader with XPath filter]" Column="id" />
                                                        </Identifier>
                                                      </ScalarOperator>
                                                      <ScalarOperator ScalarString="getdescendantlimit(XML Reader with XPath filter.[id])">
                                                        <Intrinsic FunctionName="getdescendantlimit">
                                                          <ScalarOperator>
                                                            <Identifier>
                                                              <ColumnReference Table="[XML Reader with XPath filter]" Column="id" />
                                                            </Identifier>
                                                          </ScalarOperator>
                                                        </Intrinsic>
                                                      </ScalarOperator>
                                                    </ParameterList>
                                                  </TableValuedFunction>
                                                </RelOp>
                                                <Predicate>
                                                  <ScalarOperator ScalarString="XML Reader with XPath filter.[id]=getancestor(XML Reader with XPath filter.[id],(1))">
                                                    <Compare CompareOp="EQ">
                                                      <ScalarOperator>
                                                        <Identifier>
                                                          <ColumnReference Table="[XML Reader with XPath filter]" Column="id" />
                                                        </Identifier>
                                                      </ScalarOperator>
                                                      <ScalarOperator>
                                                        <Intrinsic FunctionName="getancestor">
                                                          <ScalarOperator>
                                                            <Identifier>
                                                              <ColumnReference Table="[XML Reader with XPath filter]" Column="id" />
                                                            </Identifier>
                                                          </ScalarOperator>
                                                          <ScalarOperator>
                                                            <Const ConstValue="(1)" />
                                                          </ScalarOperator>
                                                        </Intrinsic>
                                                      </ScalarOperator>
                                                    </Compare>
                                                  </ScalarOperator>
                                                </Predicate>
                                              </Filter>
                                            </RelOp>
                                          </StreamAggregate>
                                        </RelOp>
                                      </NestedLoops>
                                    </RelOp>
                                    <RelOp NodeId="53" PhysicalOp="Stream Aggregate" LogicalOp="Aggregate" EstimateRows="1" EstimateIO="0" EstimateCPU="3.37188e-006" AvgRowSize="111" EstimatedTotalSubtreeCost="1.00038" Parallel="0" EstimateRebinds="0" EstimateRewinds="0" EstimatedExecutionMode="Row">
                                      <OutputList>
                                        <ColumnReference Column="Expr1027" />
                                      </OutputList>
                                      <StreamAggregate>
                                        <DefinedValues>
                                          <DefinedValue>
                                            <ColumnReference Column="Expr1027" />
                                            <ScalarOperator ScalarString="MIN(CASE WHEN [@SectionEntryXml] IS NULL THEN NULL ELSE CASE WHEN datalength(XML Reader with XPath filter.[value])&gt;=(128) THEN CONVERT_IMPLICIT(nvarchar(100),XML Reader with XPath filter.[lvalue],0) ELSE CONVERT_IMPLICIT(nvarchar(100),XML Reader with XPath filter.[value],0) END END)">
                                              <Aggregate Distinct="0" AggType="MIN">
                                                <ScalarOperator>
                                                  <IF>
                                                    <Condition>
                                                      <ScalarOperator>
                                                        <Compare CompareOp="IS">
                                                          <ScalarOperator>
                                                            <Identifier>
                                                              <ColumnReference Column="@SectionEntryXml" />
                                                            </Identifier>
                                                          </ScalarOperator>
                                                          <ScalarOperator>
                                                            <Const ConstValue="NULL" />
                                                          </ScalarOperator>
                                                        </Compare>
                                                      </ScalarOperator>
                                                    </Condition>
                                                    <Then>
                                                      <ScalarOperator>
                                                        <Const ConstValue="NULL" />
                                                      </ScalarOperator>
                                                    </Then>
                                                    <Else>
                                                      <ScalarOperator>
                                                        <IF>
                                                          <Condition>
                                                            <ScalarOperator>
                                                              <Compare CompareOp="GE">
                                                                <ScalarOperator>
                                                                  <Intrinsic FunctionName="datalength">
                                                                    <ScalarOperator>
                                                                      <Identifier>
                                                                        <ColumnReference Table="[XML Reader with XPath filter]" Column="value" />
                                                                      </Identifier>
                                                                    </ScalarOperator>
                                                                  </Intrinsic>
                                                                </ScalarOperator>
                                                                <ScalarOperator>
                                                                  <Const ConstValue="(128)" />
                                                                </ScalarOperator>
                                                              </Compare>
                                                            </ScalarOperator>
                                                          </Condition>
                                                          <Then>
                                                            <ScalarOperator>
                                                              <Convert DataType="nvarchar" Length="200" Style="0" Implicit="1">
                                                                <ScalarOperator>
                                                                  <Identifier>
                                                                    <ColumnReference Table="[XML Reader with XPath filter]" Column="lvalue" />
                                                                  </Identifier>
                                                                </ScalarOperator>
                                                              </Convert>
                                                            </ScalarOperator>
                                                          </Then>
                                                          <Else>
                                                            <ScalarOperator>
                                                              <Convert DataType="nvarchar" Length="200" Style="0" Implicit="1">
                                                                <ScalarOperator>
                                                                  <Identifier>
                                                                    <ColumnReference Table="[XML Reader with XPath filter]" Column="value" />
                                                                  </Identifier>
                                                                </ScalarOperator>
                                                              </Convert>
                                                            </ScalarOperator>
                                                          </Else>
                                                        </IF>
                                                      </ScalarOperator>
                                                    </Else>
                                                  </IF>
                                                </ScalarOperator>
                                              </Aggregate>
                                            </ScalarOperator>
                                          </DefinedValue>
                                        </DefinedValues>
                                        <RelOp NodeId="54" PhysicalOp="Filter" LogicalOp="Filter" EstimateRows="4.78647" EstimateIO="0" EstimateCPU="1.224e-005" AvgRowSize="4057" EstimatedTotalSubtreeCost="1.00037" Parallel="0" EstimateRebinds="0" EstimateRewinds="0" EstimatedExecutionMode="Row">
                                          <OutputList>
                                            <ColumnReference Table="[XML Reader with XPath filter]" Column="value" />
                                            <ColumnReference Table="[XML Reader with XPath filter]" Column="lvalue" />
                                          </OutputList>
                                          <Filter StartupExpression="0">
                                            <RelOp NodeId="55" PhysicalOp="Table-valued function" LogicalOp="Table-valued function" EstimateRows="18" EstimateIO="0" EstimateCPU="1.00036" AvgRowSize="4065" EstimatedTotalSubtreeCost="1.00036" Parallel="0" EstimateRebinds="0" EstimateRewinds="0" EstimatedExecutionMode="Row">
                                              <OutputList>
                                                <ColumnReference Table="[XML Reader with XPath filter]" Column="id" />
                                                <ColumnReference Table="[XML Reader with XPath filter]" Column="value" />
                                                <ColumnReference Table="[XML Reader with XPath filter]" Column="lvalue" />
                                              </OutputList>
                                              <TableValuedFunction>
                                                <DefinedValues>
                                                  <DefinedValue>
                                                    <ColumnReference Table="[XML Reader with XPath filter]" Column="id" />
                                                  </DefinedValue>
                                                  <DefinedValue>
                                                    <ColumnReference Table="[XML Reader with XPath filter]" Column="value" />
                                                  </DefinedValue>
                                                  <DefinedValue>
                                                    <ColumnReference Table="[XML Reader with XPath filter]" Column="lvalue" />
                                                  </DefinedValue>
                                                </DefinedValues>
                                                <Object Table="[XML Reader with XPath filter]" />
                                                <ParameterList>
                                                  <ScalarOperator ScalarString="[@SectionEntryXml]">
                                                    <Identifier>
                                                      <ColumnReference Column="@SectionEntryXml" />
                                                    </Identifier>
                                                  </ScalarOperator>
                                                  <ScalarOperator ScalarString="(7)">
                                                    <Const ConstValue="(7)" />
                                                  </ScalarOperator>
                                                  <ScalarOperator ScalarString="XML Reader with XPath filter.[id]">
                                                    <Identifier>
                                                      <ColumnReference Table="[XML Reader with XPath filter]" Column="id" />
                                                    </Identifier>
                                                  </ScalarOperator>
                                                  <ScalarOperator ScalarString="getdescendantlimit(XML Reader with XPath filter.[id])">
                                                    <Intrinsic FunctionName="getdescendantlimit">
                                                      <ScalarOperator>
                                                        <Identifier>
                                                          <ColumnReference Table="[XML Reader with XPath filter]" Column="id" />
                                                        </Identifier>
                                                      </ScalarOperator>
                                                    </Intrinsic>
                                                  </ScalarOperator>
                                                </ParameterList>
                                              </TableValuedFunction>
                                            </RelOp>
                                            <Predicate>
                                              <ScalarOperator ScalarString="XML Reader with XPath filter.[id]=getancestor(XML Reader with XPath filter.[id],(1))">
                                                <Compare CompareOp="EQ">
                                                  <ScalarOperator>
                                                    <Identifier>
                                                      <ColumnReference Table="[XML Reader with XPath filter]" Column="id" />
                                                    </Identifier>
                                                  </ScalarOperator>
                                                  <ScalarOperator>
                                                    <Intrinsic FunctionName="getancestor">
                                                      <ScalarOperator>
                                                        <Identifier>
                                                          <ColumnReference Table="[XML Reader with XPath filter]" Column="id" />
                                                        </Identifier>
                                                      </ScalarOperator>
                                                      <ScalarOperator>
                                                        <Const ConstValue="(1)" />
                                                      </ScalarOperator>
                                                    </Intrinsic>
                                                  </ScalarOperator>
                                                </Compare>
                                              </ScalarOperator>
                                            </Predicate>
                                          </Filter>
                                        </RelOp>
                                      </StreamAggregate>
                                    </RelOp>
                                  </NestedLoops>
                                </RelOp>
                                <RelOp NodeId="64" PhysicalOp="Stream Aggregate" LogicalOp="Aggregate" EstimateRows="1" EstimateIO="0" EstimateCPU="3.37188e-006" AvgRowSize="267" EstimatedTotalSubtreeCost="1.00038" Parallel="0" EstimateRebinds="0" EstimateRewinds="0" EstimatedExecutionMode="Row">
                                  <OutputList>
                                    <ColumnReference Column="Expr1032" />
                                  </OutputList>
                                  <StreamAggregate>
                                    <DefinedValues>
                                      <DefinedValue>
                                        <ColumnReference Column="Expr1032" />
                                        <ScalarOperator ScalarString="MIN(CASE WHEN [@SectionEntryXml] IS NULL THEN NULL ELSE CASE WHEN datalength(XML Reader with XPath filter.[value])&gt;=(128) THEN CONVERT_IMPLICIT(nvarchar(256),XML Reader with XPath filter.[lvalue],0) ELSE CONVERT_IMPLICIT(nvarchar(256),XML Reader with XPath filter.[value],0) END END)">
                                          <Aggregate Distinct="0" AggType="MIN">
                                            <ScalarOperator>
                                              <IF>
                                                <Condition>
                                                  <ScalarOperator>
                                                    <Compare CompareOp="IS">
                                                      <ScalarOperator>
                                                        <Identifier>
                                                          <ColumnReference Column="@SectionEntryXml" />
                                                        </Identifier>
                                                      </ScalarOperator>
                                                      <ScalarOperator>
                                                        <Const ConstValue="NULL" />
                                                      </ScalarOperator>
                                                    </Compare>
                                                  </ScalarOperator>
                                                </Condition>
                                                <Then>
                                                  <ScalarOperator>
                                                    <Const ConstValue="NULL" />
                                                  </ScalarOperator>
                                                </Then>
                                                <Else>
                                                  <ScalarOperator>
                                                    <IF>
                                                      <Condition>
                                                        <ScalarOperator>
                                                          <Compare CompareOp="GE">
                                                            <ScalarOperator>
                                                              <Intrinsic FunctionName="datalength">
                                                                <ScalarOperator>
                                                                  <Identifier>
                                                                    <ColumnReference Table="[XML Reader with XPath filter]" Column="value" />
                                                                  </Identifier>
                                                                </ScalarOperator>
                                                              </Intrinsic>
                                                            </ScalarOperator>
                                                            <ScalarOperator>
                                                              <Const ConstValue="(128)" />
                                                            </ScalarOperator>
                                                          </Compare>
                                                        </ScalarOperator>
                                                      </Condition>
                                                      <Then>
                                                        <ScalarOperator>
                                                          <Convert DataType="nvarchar" Length="512" Style="0" Implicit="1">
                                                            <ScalarOperator>
                                                              <Identifier>
                                                                <ColumnReference Table="[XML Reader with XPath filter]" Column="lvalue" />
                                                              </Identifier>
                                                            </ScalarOperator>
                                                          </Convert>
                                                        </ScalarOperator>
                                                      </Then>
                                                      <Else>
                                                        <ScalarOperator>
                                                          <Convert DataType="nvarchar" Length="512" Style="0" Implicit="1">
                                                            <ScalarOperator>
                                                              <Identifier>
                                                                <ColumnReference Table="[XML Reader with XPath filter]" Column="value" />
                                                              </Identifier>
                                                            </ScalarOperator>
                                                          </Convert>
                                                        </ScalarOperator>
                                                      </Else>
                                                    </IF>
                                                  </ScalarOperator>
                                                </Else>
                                              </IF>
                                            </ScalarOperator>
                                          </Aggregate>
                                        </ScalarOperator>
                                      </DefinedValue>
                                    </DefinedValues>
                                    <RelOp NodeId="65" PhysicalOp="Filter" LogicalOp="Filter" EstimateRows="4.78647" EstimateIO="0" EstimateCPU="1.224e-005" AvgRowSize="4057" EstimatedTotalSubtreeCost="1.00037" Parallel="0" EstimateRebinds="0" EstimateRewinds="0" EstimatedExecutionMode="Row">
                                      <OutputList>
                                        <ColumnReference Table="[XML Reader with XPath filter]" Column="value" />
                                        <ColumnReference Table="[XML Reader with XPath filter]" Column="lvalue" />
                                      </OutputList>
                                      <Filter StartupExpression="0">
                                        <RelOp NodeId="66" PhysicalOp="Table-valued function" LogicalOp="Table-valued function" EstimateRows="18" EstimateIO="0" EstimateCPU="1.00036" AvgRowSize="4065" EstimatedTotalSubtreeCost="1.00036" Parallel="0" EstimateRebinds="0" EstimateRewinds="0" EstimatedExecutionMode="Row">
                                          <OutputList>
                                            <ColumnReference Table="[XML Reader with XPath filter]" Column="id" />
                                            <ColumnReference Table="[XML Reader with XPath filter]" Column="value" />
                                            <ColumnReference Table="[XML Reader with XPath filter]" Column="lvalue" />
                                          </OutputList>
                                          <TableValuedFunction>
                                            <DefinedValues>
                                              <DefinedValue>
                                                <ColumnReference Table="[XML Reader with XPath filter]" Column="id" />
                                              </DefinedValue>
                                              <DefinedValue>
                                                <ColumnReference Table="[XML Reader with XPath filter]" Column="value" />
                                              </DefinedValue>
                                              <DefinedValue>
                                                <ColumnReference Table="[XML Reader with XPath filter]" Column="lvalue" />
                                              </DefinedValue>
                                            </DefinedValues>
                                            <Object Table="[XML Reader with XPath filter]" />
                                            <ParameterList>
                                              <ScalarOperator ScalarString="[@SectionEntryXml]">
                                                <Identifier>
                                                  <ColumnReference Column="@SectionEntryXml" />
                                                </Identifier>
                                              </ScalarOperator>
                                              <ScalarOperator ScalarString="(7)">
                                                <Const ConstValue="(7)" />
                                              </ScalarOperator>
                                              <ScalarOperator ScalarString="XML Reader with XPath filter.[id]">
                                                <Identifier>
                                                  <ColumnReference Table="[XML Reader with XPath filter]" Column="id" />
                                                </Identifier>
                                              </ScalarOperator>
                                              <ScalarOperator ScalarString="getdescendantlimit(XML Reader with XPath filter.[id])">
                                                <Intrinsic FunctionName="getdescendantlimit">
                                                  <ScalarOperator>
                                                    <Identifier>
                                                      <ColumnReference Table="[XML Reader with XPath filter]" Column="id" />
                                                    </Identifier>
                                                  </ScalarOperator>
                                                </Intrinsic>
                                              </ScalarOperator>
                                            </ParameterList>
                                          </TableValuedFunction>
                                        </RelOp>
                                        <Predicate>
                                          <ScalarOperator ScalarString="XML Reader with XPath filter.[id]=getancestor(XML Reader with XPath filter.[id],(1))">
                                            <Compare CompareOp="EQ">
                                              <ScalarOperator>
                                                <Identifier>
                                                  <ColumnReference Table="[XML Reader with XPath filter]" Column="id" />
                                                </Identifier>
                                              </ScalarOperator>
                                              <ScalarOperator>
                                                <Intrinsic FunctionName="getancestor">
                                                  <ScalarOperator>
                                                    <Identifier>
                                                      <ColumnReference Table="[XML Reader with XPath filter]" Column="id" />
                                                    </Identifier>
                                                  </ScalarOperator>
                                                  <ScalarOperator>
                                                    <Const ConstValue="(1)" />
                                                  </ScalarOperator>
                                                </Intrinsic>
                                              </ScalarOperator>
                                            </Compare>
                                          </ScalarOperator>
                                        </Predicate>
                                      </Filter>
                                    </RelOp>
                                  </StreamAggregate>
                                </RelOp>
                              </NestedLoops>
                            </RelOp>
                            <RelOp NodeId="75" PhysicalOp="Stream Aggregate" LogicalOp="Aggregate" EstimateRows="1" EstimateIO="0" EstimateCPU="3.37188e-006" AvgRowSize="267" EstimatedTotalSubtreeCost="1.00038" Parallel="0" EstimateRebinds="0" EstimateRewinds="0" EstimatedExecutionMode="Row">
                              <OutputList>
                                <ColumnReference Column="Expr1037" />
                              </OutputList>
                              <StreamAggregate>
                                <DefinedValues>
                                  <DefinedValue>
                                    <ColumnReference Column="Expr1037" />
                                    <ScalarOperator ScalarString="MIN(CASE WHEN [@SectionEntryXml] IS NULL THEN NULL ELSE CASE WHEN datalength(XML Reader with XPath filter.[value])&gt;=(128) THEN CONVERT_IMPLICIT(nvarchar(256),XML Reader with XPath filter.[lvalue],0) ELSE CONVERT_IMPLICIT(nvarchar(256),XML Reader with XPath filter.[value],0) END END)">
                                      <Aggregate Distinct="0" AggType="MIN">
                                        <ScalarOperator>
                                          <IF>
                                            <Condition>
                                              <ScalarOperator>
                                                <Compare CompareOp="IS">
                                                  <ScalarOperator>
                                                    <Identifier>
                                                      <ColumnReference Column="@SectionEntryXml" />
                                                    </Identifier>
                                                  </ScalarOperator>
                                                  <ScalarOperator>
                                                    <Const ConstValue="NULL" />
                                                  </ScalarOperator>
                                                </Compare>
                                              </ScalarOperator>
                                            </Condition>
                                            <Then>
                                              <ScalarOperator>
                                                <Const ConstValue="NULL" />
                                              </ScalarOperator>
                                            </Then>
                                            <Else>
                                              <ScalarOperator>
                                                <IF>
                                                  <Condition>
                                                    <ScalarOperator>
                                                      <Compare CompareOp="GE">
                                                        <ScalarOperator>
                                                          <Intrinsic FunctionName="datalength">
                                                            <ScalarOperator>
                                                              <Identifier>
                                                                <ColumnReference Table="[XML Reader with XPath filter]" Column="value" />
                                                              </Identifier>
                                                            </ScalarOperator>
                                                          </Intrinsic>
                                                        </ScalarOperator>
                                                        <ScalarOperator>
                                                          <Const ConstValue="(128)" />
                                                        </ScalarOperator>
                                                      </Compare>
                                                    </ScalarOperator>
                                                  </Condition>
                                                  <Then>
                                                    <ScalarOperator>
                                                      <Convert DataType="nvarchar" Length="512" Style="0" Implicit="1">
                                                        <ScalarOperator>
                                                          <Identifier>
                                                            <ColumnReference Table="[XML Reader with XPath filter]" Column="lvalue" />
                                                          </Identifier>
                                                        </ScalarOperator>
                                                      </Convert>
                                                    </ScalarOperator>
                                                  </Then>
                                                  <Else>
                                                    <ScalarOperator>
                                                      <Convert DataType="nvarchar" Length="512" Style="0" Implicit="1">
                                                        <ScalarOperator>
                                                          <Identifier>
                                                            <ColumnReference Table="[XML Reader with XPath filter]" Column="value" />
                                                          </Identifier>
                                                        </ScalarOperator>
                                                      </Convert>
                                                    </ScalarOperator>
                                                  </Else>
                                                </IF>
                                              </ScalarOperator>
                                            </Else>
                                          </IF>
                                        </ScalarOperator>
                                      </Aggregate>
                                    </ScalarOperator>
                                  </DefinedValue>
                                </DefinedValues>
                                <RelOp NodeId="76" PhysicalOp="Filter" LogicalOp="Filter" EstimateRows="4.78647" EstimateIO="0" EstimateCPU="1.224e-005" AvgRowSize="4057" EstimatedTotalSubtreeCost="1.00037" Parallel="0" EstimateRebinds="0" EstimateRewinds="0" EstimatedExecutionMode="Row">
                                  <OutputList>
                                    <ColumnReference Table="[XML Reader with XPath filter]" Column="value" />
                                    <ColumnReference Table="[XML Reader with XPath filter]" Column="lvalue" />
                                  </OutputList>
                                  <Filter StartupExpression="0">
                                    <RelOp NodeId="77" PhysicalOp="Table-valued function" LogicalOp="Table-valued function" EstimateRows="18" EstimateIO="0" EstimateCPU="1.00036" AvgRowSize="4065" EstimatedTotalSubtreeCost="1.00036" Parallel="0" EstimateRebinds="0" EstimateRewinds="0" EstimatedExecutionMode="Row">
                                      <OutputList>
                                        <ColumnReference Table="[XML Reader with XPath filter]" Column="id" />
                                        <ColumnReference Table="[XML Reader with XPath filter]" Column="value" />
                                        <ColumnReference Table="[XML Reader with XPath filter]" Column="lvalue" />
                                      </OutputList>
                                      <TableValuedFunction>
                                        <DefinedValues>
                                          <DefinedValue>
                                            <ColumnReference Table="[XML Reader with XPath filter]" Column="id" />
                                          </DefinedValue>
                                          <DefinedValue>
                                            <ColumnReference Table="[XML Reader with XPath filter]" Column="value" />
                                          </DefinedValue>
                                          <DefinedValue>
                                            <ColumnReference Table="[XML Reader with XPath filter]" Column="lvalue" />
                                          </DefinedValue>
                                        </DefinedValues>
                                        <Object Table="[XML Reader with XPath filter]" />
                                        <ParameterList>
                                          <ScalarOperator ScalarString="[@SectionEntryXml]">
                                            <Identifier>
                                              <ColumnReference Column="@SectionEntryXml" />
                                            </Identifier>
                                          </ScalarOperator>
                                          <ScalarOperator ScalarString="(7)">
                                            <Const ConstValue="(7)" />
                                          </ScalarOperator>
                                          <ScalarOperator ScalarString="XML Reader with XPath filter.[id]">
                                            <Identifier>
                                              <ColumnReference Table="[XML Reader with XPath filter]" Column="id" />
                                            </Identifier>
                                          </ScalarOperator>
                                          <ScalarOperator ScalarString="getdescendantlimit(XML Reader with XPath filter.[id])">
                                            <Intrinsic FunctionName="getdescendantlimit">
                                              <ScalarOperator>
                                                <Identifier>
                                                  <ColumnReference Table="[XML Reader with XPath filter]" Column="id" />
                                                </Identifier>
                                              </ScalarOperator>
                                            </Intrinsic>
                                          </ScalarOperator>
                                        </ParameterList>
                                      </TableValuedFunction>
                                    </RelOp>
                                    <Predicate>
                                      <ScalarOperator ScalarString="XML Reader with XPath filter.[id]=getancestor(XML Reader with XPath filter.[id],(1))">
                                        <Compare CompareOp="EQ">
                                          <ScalarOperator>
                                            <Identifier>
                                              <ColumnReference Table="[XML Reader with XPath filter]" Column="id" />
                                            </Identifier>
                                          </ScalarOperator>
                                          <ScalarOperator>
                                            <Intrinsic FunctionName="getancestor">
                                              <ScalarOperator>
                                                <Identifier>
                                                  <ColumnReference Table="[XML Reader with XPath filter]" Column="id" />
                                                </Identifier>
                                              </ScalarOperator>
                                              <ScalarOperator>
                                                <Const ConstValue="(1)" />
                                              </ScalarOperator>
                                            </Intrinsic>
                                          </ScalarOperator>
                                        </Compare>
                                      </ScalarOperator>
                                    </Predicate>
                                  </Filter>
                                </RelOp>
                              </StreamAggregate>
                            </RelOp>
                          </NestedLoops>
                        </RelOp>
                        <RelOp NodeId="86" PhysicalOp="Stream Aggregate" LogicalOp="Aggregate" EstimateRows="1" EstimateIO="0" EstimateCPU="3.37188e-006" AvgRowSize="511" EstimatedTotalSubtreeCost="1.00038" Parallel="0" EstimateRebinds="0" EstimateRewinds="0" EstimatedExecutionMode="Row">
                          <OutputList>
                            <ColumnReference Column="Expr1043" />
                          </OutputList>
                          <StreamAggregate>
                            <DefinedValues>
                              <DefinedValue>
                                <ColumnReference Column="Expr1043" />
                                <ScalarOperator ScalarString="MIN(CASE WHEN [@SectionEntryXml] IS NULL THEN NULL ELSE CASE WHEN datalength(XML Reader with XPath filter.[value])&gt;=(128) THEN CONVERT_IMPLICIT(nvarchar(500),XML Reader with XPath filter.[lvalue],0) ELSE CONVERT_IMPLICIT(nvarchar(500),XML Reader with XPath filter.[value],0) END END)">
                                  <Aggregate Distinct="0" AggType="MIN">
                                    <ScalarOperator>
                                      <IF>
                                        <Condition>
                                          <ScalarOperator>
                                            <Compare CompareOp="IS">
                                              <ScalarOperator>
                                                <Identifier>
                                                  <ColumnReference Column="@SectionEntryXml" />
                                                </Identifier>
                                              </ScalarOperator>
                                              <ScalarOperator>
                                                <Const ConstValue="NULL" />
                                              </ScalarOperator>
                                            </Compare>
                                          </ScalarOperator>
                                        </Condition>
                                        <Then>
                                          <ScalarOperator>
                                            <Const ConstValue="NULL" />
                                          </ScalarOperator>
                                        </Then>
                                        <Else>
                                          <ScalarOperator>
                                            <IF>
                                              <Condition>
                                                <ScalarOperator>
                                                  <Compare CompareOp="GE">
                                                    <ScalarOperator>
                                                      <Intrinsic FunctionName="datalength">
                                                        <ScalarOperator>
                                                          <Identifier>
                                                            <ColumnReference Table="[XML Reader with XPath filter]" Column="value" />
                                                          </Identifier>
                                                        </ScalarOperator>
                                                      </Intrinsic>
                                                    </ScalarOperator>
                                                    <ScalarOperator>
                                                      <Const ConstValue="(128)" />
                                                    </ScalarOperator>
                                                  </Compare>
                                                </ScalarOperator>
                                              </Condition>
                                              <Then>
                                                <ScalarOperator>
                                                  <Convert DataType="nvarchar" Length="1000" Style="0" Implicit="1">
                                                    <ScalarOperator>
                                                      <Identifier>
                                                        <ColumnReference Table="[XML Reader with XPath filter]" Column="lvalue" />
                                                      </Identifier>
                                                    </ScalarOperator>
                                                  </Convert>
                                                </ScalarOperator>
                                              </Then>
                                              <Else>
                                                <ScalarOperator>
                                                  <Convert DataType="nvarchar" Length="1000" Style="0" Implicit="1">
                                                    <ScalarOperator>
                                                      <Identifier>
                                                        <ColumnReference Table="[XML Reader with XPath filter]" Column="value" />
                                                      </Identifier>
                                                    </ScalarOperator>
                                                  </Convert>
                                                </ScalarOperator>
                                              </Else>
                                            </IF>
                                          </ScalarOperator>
                                        </Else>
                                      </IF>
                                    </ScalarOperator>
                                  </Aggregate>
                                </ScalarOperator>
                              </DefinedValue>
                            </DefinedValues>
                            <RelOp NodeId="87" PhysicalOp="Filter" LogicalOp="Filter" EstimateRows="4.78647" EstimateIO="0" EstimateCPU="1.224e-005" AvgRowSize="4057" EstimatedTotalSubtreeCost="1.00037" Parallel="0" EstimateRebinds="0" EstimateRewinds="0" EstimatedExecutionMode="Row">
                              <OutputList>
                                <ColumnReference Table="[XML Reader with XPath filter]" Column="value" />
                                <ColumnReference Table="[XML Reader with XPath filter]" Column="lvalue" />
                              </OutputList>
                              <Filter StartupExpression="0">
                                <RelOp NodeId="88" PhysicalOp="Table-valued function" LogicalOp="Table-valued function" EstimateRows="18" EstimateIO="0" EstimateCPU="1.00036" AvgRowSize="4065" EstimatedTotalSubtreeCost="1.00036" Parallel="0" EstimateRebinds="0" EstimateRewinds="0" EstimatedExecutionMode="Row">
                                  <OutputList>
                                    <ColumnReference Table="[XML Reader with XPath filter]" Column="id" />
                                    <ColumnReference Table="[XML Reader with XPath filter]" Column="value" />
                                    <ColumnReference Table="[XML Reader with XPath filter]" Column="lvalue" />
                                  </OutputList>
                                  <TableValuedFunction>
                                    <DefinedValues>
                                      <DefinedValue>
                                        <ColumnReference Table="[XML Reader with XPath filter]" Column="id" />
                                      </DefinedValue>
                                      <DefinedValue>
                                        <ColumnReference Table="[XML Reader with XPath filter]" Column="value" />
                                      </DefinedValue>
                                      <DefinedValue>
                                        <ColumnReference Table="[XML Reader with XPath filter]" Column="lvalue" />
                                      </DefinedValue>
                                    </DefinedValues>
                                    <Object Table="[XML Reader with XPath filter]" />
                                    <ParameterList>
                                      <ScalarOperator ScalarString="[@SectionEntryXml]">
                                        <Identifier>
                                          <ColumnReference Column="@SectionEntryXml" />
                                        </Identifier>
                                      </ScalarOperator>
                                      <ScalarOperator ScalarString="(7)">
                                        <Const ConstValue="(7)" />
                                      </ScalarOperator>
                                      <ScalarOperator ScalarString="XML Reader with XPath filter.[id]">
                                        <Identifier>
                                          <ColumnReference Table="[XML Reader with XPath filter]" Column="id" />
                                        </Identifier>
                                      </ScalarOperator>
                                      <ScalarOperator ScalarString="getdescendantlimit(XML Reader with XPath filter.[id])">
                                        <Intrinsic FunctionName="getdescendantlimit">
                                          <ScalarOperator>
                                            <Identifier>
                                              <ColumnReference Table="[XML Reader with XPath filter]" Column="id" />
                                            </Identifier>
                                          </ScalarOperator>
                                        </Intrinsic>
                                      </ScalarOperator>
                                    </ParameterList>
                                  </TableValuedFunction>
                                </RelOp>
                                <Predicate>
                                  <ScalarOperator ScalarString="XML Reader with XPath filter.[id]=getancestor(XML Reader with XPath filter.[id],(1))">
                                    <Compare CompareOp="EQ">
                                      <ScalarOperator>
                                        <Identifier>
                                          <ColumnReference Table="[XML Reader with XPath filter]" Column="id" />
                                        </Identifier>
                                      </ScalarOperator>
                                      <ScalarOperator>
                                        <Intrinsic FunctionName="getancestor">
                                          <ScalarOperator>
                                            <Identifier>
                                              <ColumnReference Table="[XML Reader with XPath filter]" Column="id" />
                                            </Identifier>
                                          </ScalarOperator>
                                          <ScalarOperator>
                                            <Const ConstValue="(1)" />
                                          </ScalarOperator>
                                        </Intrinsic>
                                      </ScalarOperator>
                                    </Compare>
                                  </ScalarOperator>
                                </Predicate>
                              </Filter>
                            </RelOp>
                          </StreamAggregate>
                        </RelOp>
                      </NestedLoops>
                    </RelOp>
                  </ComputeScalar>
                </RelOp>
              </Update>
            </RelOp>
            <ParameterList>
              <ColumnReference Column="@SectionEntryXml" ParameterCompiledValue="NULL" />
            </ParameterList>
          </QueryPlan>
        </StmtSimple>
        <StmtSimple StatementText="&#xA;UPDATE @SectionEntries SET TellusBuild = (&#xD;&#xA;    SELECT TOP 1 OutputBuildString FROM dbo.Function_ConvertTPMBuildToTellus(@Product, Branch, Build)&#xD;&#xA;)&#xD;&#xA;&#xD;" StatementId="3" StatementCompId="4" StatementType="UPDATE" RetrievedFromCache="true" StatementSubTreeCost="0.0265152" StatementEstRows="1" StatementOptmLevel="FULL" QueryHash="0x34C4FEA2BB9F353C" QueryPlanHash="0x27FFA34C9B356628" StatementOptmEarlyAbortReason="GoodEnoughPlanFound">
          <StatementSetOptions QUOTED_IDENTIFIER="true" ARITHABORT="true" CONCAT_NULL_YIELDS_NULL="true" ANSI_NULLS="true" ANSI_PADDING="true" ANSI_WARNINGS="true" NUMERIC_ROUNDABORT="false" />
          <QueryPlan NonParallelPlanReason="MaxDOPSetToOne" CachedPlanSize="24" CompileTime="2" CompileCPU="2" CompileMemory="728">
            <MemoryGrantInfo SerialRequiredMemory="0" SerialDesiredMemory="0" />
            <OptimizerHardwareDependentProperties EstimatedAvailableMemoryGrant="193313" EstimatedPagesCached="773254" EstimatedAvailableDegreeOfParallelism="1" />
            <RelOp NodeId="0" PhysicalOp="Table Update" LogicalOp="Update" EstimateRows="1" EstimateIO="0.01" EstimateCPU="1e-006" AvgRowSize="9" EstimatedTotalSubtreeCost="0.0265152" Parallel="0" EstimateRebinds="0" EstimateRewinds="0" EstimatedExecutionMode="Row">
              <OutputList />
              <Update DMLRequestSort="0">
                <Object Table="[@SectionEntries]" />
                <SetPredicate>
                  <ScalarOperator ScalarString="[TellusBuild] = [Expr1007]">
                    <ScalarExpressionList>
                      <ScalarOperator>
                        <MultipleAssign>
                          <Assign>
                            <ColumnReference Column="TellusBuild" />
                            <ScalarOperator>
                              <Identifier>
                                <ColumnReference Column="Expr1007" />
                              </Identifier>
                            </ScalarOperator>
                          </Assign>
                        </MultipleAssign>
                      </ScalarOperator>
                    </ScalarExpressionList>
                  </ScalarOperator>
                </SetPredicate>
                <RelOp NodeId="1" PhysicalOp="Table Spool" LogicalOp="Eager Spool" EstimateRows="1" EstimateIO="0.013125" EstimateCPU="0.00010056" AvgRowSize="275" EstimatedTotalSubtreeCost="0.0165142" Parallel="0" EstimateRebinds="0" EstimateRewinds="0" EstimatedExecutionMode="Row">
                  <OutputList>
                    <ColumnReference Column="Bmk1000" />
                    <ColumnReference Column="Expr1007" />
                  </OutputList>
                  <Spool>
                    <RelOp NodeId="2" PhysicalOp="Compute Scalar" LogicalOp="Compute Scalar" EstimateRows="1" EstimateIO="0" EstimateCPU="1e-007" AvgRowSize="275" EstimatedTotalSubtreeCost="0.00328864" Parallel="0" EstimateRebinds="0" EstimateRewinds="0" EstimatedExecutionMode="Row">
                      <OutputList>
                        <ColumnReference Column="Bmk1000" />
                        <ColumnReference Column="Expr1007" />
                      </OutputList>
                      <ComputeScalar>
                        <DefinedValues>
                          <DefinedValue>
                            <ColumnReference Column="Expr1007" />
                            <ScalarOperator ScalarString="[OurLabReporting].[dbo].[Function_ConvertTPMBuildToTellus].[OutputBuildString]">
                              <Identifier>
                                <ColumnReference Database="[OurLabReporting]" Schema="[dbo]" Table="[Function_ConvertTPMBuildToTellus]" Column="OutputBuildString" />
                              </Identifier>
                            </ScalarOperator>
                          </DefinedValue>
                        </DefinedValues>
                        <RelOp NodeId="3" PhysicalOp="Nested Loops" LogicalOp="Left Outer Join" EstimateRows="1" EstimateIO="0" EstimateCPU="4.18e-006" AvgRowSize="275" EstimatedTotalSubtreeCost="0.00328854" Parallel="0" EstimateRebinds="0" EstimateRewinds="0" EstimatedExecutionMode="Row">
                          <OutputList>
                            <ColumnReference Column="Bmk1000" />
                            <ColumnReference Database="[OurLabReporting]" Schema="[dbo]" Table="[Function_ConvertTPMBuildToTellus]" Column="OutputBuildString" />
                          </OutputList>
                          <NestedLoops Optimized="0">
                            <OuterReferences>
                              <ColumnReference Column="Branch" />
                              <ColumnReference Column="Build" />
                            </OuterReferences>
                            <RelOp NodeId="4" PhysicalOp="Table Scan" LogicalOp="Table Scan" EstimateRows="1" EstimateIO="0.003125" EstimateCPU="0.0001581" AvgRowSize="377" EstimatedTotalSubtreeCost="0.0032831" TableCardinality="0" Parallel="0" EstimateRebinds="0" EstimateRewinds="0" EstimatedExecutionMode="Row">
                              <OutputList>
                                <ColumnReference Column="Bmk1000" />
                                <ColumnReference Column="Branch" />
                                <ColumnReference Column="Build" />
                              </OutputList>
                              <TableScan Ordered="1" ForcedIndex="0" ForceScan="0" NoExpandHint="0">
                                <DefinedValues>
                                  <DefinedValue>
                                    <ColumnReference Column="Bmk1000" />
                                  </DefinedValue>
                                  <DefinedValue>
                                    <ColumnReference Column="Branch" />
                                  </DefinedValue>
                                  <DefinedValue>
                                    <ColumnReference Column="Build" />
                                  </DefinedValue>
                                </DefinedValues>
                                <Object Table="[@SectionEntries]" />
                              </TableScan>
                            </RelOp>
                            <RelOp NodeId="5" PhysicalOp="Top" LogicalOp="Top" EstimateRows="1" EstimateIO="0" EstimateCPU="1e-007" AvgRowSize="267" EstimatedTotalSubtreeCost="1.257e-006" Parallel="0" EstimateRebinds="0" EstimateRewinds="0" EstimatedExecutionMode="Row">
                              <OutputList>
                                <ColumnReference Database="[OurLabReporting]" Schema="[dbo]" Table="[Function_ConvertTPMBuildToTellus]" Column="OutputBuildString" />
                              </OutputList>
                              <Top RowCount="0" IsPercent="0" WithTies="0">
                                <TopExpression>
                                  <ScalarOperator ScalarString="(1)">
                                    <Const ConstValue="(1)" />
                                  </ScalarOperator>
                                </TopExpression>
                                <RelOp NodeId="6" PhysicalOp="Table-valued function" LogicalOp="Table-valued function" EstimateRows="1" EstimateIO="0" EstimateCPU="1.157e-006" AvgRowSize="267" EstimatedTotalSubtreeCost="1.157e-006" Parallel="0" EstimateRebinds="0" EstimateRewinds="0" EstimatedExecutionMode="Row">
                                  <OutputList>
                                    <ColumnReference Database="[OurLabReporting]" Schema="[dbo]" Table="[Function_ConvertTPMBuildToTellus]" Column="OutputBuildString" />
                                  </OutputList>
                                  <TableValuedFunction>
                                    <DefinedValues>
                                      <DefinedValue>
                                        <ColumnReference Database="[OurLabReporting]" Schema="[dbo]" Table="[Function_ConvertTPMBuildToTellus]" Column="OutputBuildString" />
                                      </DefinedValue>
                                    </DefinedValues>
                                    <Object Database="[OurLabReporting]" Schema="[dbo]" Table="[Function_ConvertTPMBuildToTellus]" />
                                    <ParameterList>
                                      <ScalarOperator ScalarString="[@Product]">
                                        <Identifier>
                                          <ColumnReference Column="@Product" />
                                        </Identifier>
                                      </ScalarOperator>
                                      <ScalarOperator ScalarString="[Branch]">
                                        <Identifier>
                                          <ColumnReference Column="Branch" />
                                        </Identifier>
                                      </ScalarOperator>
                                      <ScalarOperator ScalarString="[Build]">
                                        <Identifier>
                                          <ColumnReference Column="Build" />
                                        </Identifier>
                                      </ScalarOperator>
                                    </ParameterList>
                                  </TableValuedFunction>
                                </RelOp>
                              </Top>
                            </RelOp>
                          </NestedLoops>
                        </RelOp>
                      </ComputeScalar>
                    </RelOp>
                  </Spool>
                </RelOp>
              </Update>
            </RelOp>
            <ParameterList>
              <ColumnReference Column="@Product" ParameterCompiledValue="N'Threshold'" />
            </ParameterList>
          </QueryPlan>
        </StmtSimple>
        <StmtSimple StatementText="&#xA;DECLARE @TestPasses table (&#xD;&#xA;    SortOrder smallint,&#xD;&#xA;    SectionId int NOT NULL,&#xD;&#xA;    SectionEntryId int NOT NULL,&#xD;&#xA;    SectionEntryName nvarchar(255) NOT NULL,&#xD;&#xA;    Branch nvarchar(100) NOT NULL,&#xD;&#xA;    Build nvarchar(256) NOT NULL,&#xD;&#xA;    Id int,&#xD;&#xA;    Name nvarchar(150),&#xD;&#xA;    [State] nvarchar(20),&#xD;&#xA;&#x9;GradeState varchar(200),&#xD;&#xA;&#x9;FlightGradeState varchar(200),&#xD;&#xA;&#x9;ReportingUrl nvarchar(2000),&#xD;&#xA;&#x9;IsExternalTestPass bit,&#xD;&#xA;&#x9;TestPassType nvarchar(100),&#xD;&#xA;&#x9;StartDate datetime NULL,&#xD;&#xA;&#x9;EndDate datetime NULL&#xD;&#xA;)&#xD;&#xA;&#xD;&#xA;--Find matching test passes for each section entry&#xD;&#xA;INSERT INTO @TestPasses&#xD;&#xA;SELECT&#xD;&#xA;    se.SortOrder,&#xD;&#xA;    se.SectionId,&#xD;&#xA;    se.SectionEntryId,&#xD;&#xA;    se.SectionEntryName,&#xD;&#xA;    se.Branch,&#xD;&#xA;    se.Build,&#xD;&#xA;    btm.TestPassId AS Id,&#xD;&#xA;    tpd.Name,&#xD;&#xA;    CASE&#xD;&#xA;        WHEN tp.StartDate IS NOT NULL AND tp.EndDate IS NOT NULL THEN N'Completed'&#xD;&#xA;        WHEN btm.TestPassId IS NOT NULL THEN N'In Progress'&#xD;&#xA;        ELSE N'Unknown'&#xD;&#xA;    END AS [State],&#xD;&#xA;&#x9;ISNULL(s.[Status], 'NotGraded') AS GradeState,&#xD;&#xA;&#x9;ISNULL(s1.[Status], 'NotGraded') AS FlightGradeState,&#xD;&#xA;&#x9;tp.ReportingUrl,&#xD;&#xA;&#x9;tpd.IsExternalTestPass,&#xD;&#xA;&#x9;tpt.Name AS TestPassType,&#xD;&#xA;&#x9;tp.StartDate,&#xD;&#xA;&#x9;tp.EndDate&#xD;&#xA;FROM @SectionEntries se&#xD;&#xA;    LEFT JOIN (&#xD;&#xA;        SELECT tpd.Name, MAX(CAST(tpd.IsExternal AS TINYINT)) AS IsExternalTestPass, MAX(tpd.Id) AS Id &#xD;&#xA;        FROM dbo.TestpassDefinition tpd WITH (NOLOCK)&#xD;&#xA;        GROUP BY tpd.Name&#xD;&#xA;    ) tpd ON tpd.Name = se.TestPassName&#xD;&#xA;    LEFT JOIN (&#xD;&#xA;        SELECT&#xD;&#xA;            btm.TestPassDefinitionId,&#xD;&#xA;            btm.Branch,&#xD;&#xA;            btm.FullBuildNumber,&#xD;&#xA;            MAX(btm.TestPassId) AS TestPassId&#xD;&#xA;        FROM dbo.View_BuildTestpassMix btm WITH (NOLOCK, NOEXPAND)&#xD;&#xA;        GROUP BY btm.TestPassDefinitionId, btm.Branch, btm.FullBuildNumber&#xD;&#xA;    ) btm ON btm.TestPassDefinitionId = tpd.Id&#xD;&#xA;        AND btm.Branch = se.Branch&#xD;&#xA;        AND (btm.FullBuildNumber = se.TellusBuild OR btm.FullBuildNumber = se.RelativeBuild)&#xD;&#xA;    LEFT JOIN dbo.Testpass tp WITH (NOLOCK) ON tp.Id = btm.TestPassId&#xD;&#xA;&#x9;LEFT JOIN dbo.TestpassDefinition tpd1 WITH (NOLOCK) ON tpd1.Id = btm.TestPassDefinitionId &#xD;&#xA;&#x9;LEFT JOIN dbo.TestpassType tpt WITH (NOLOCK) ON tpd1.TestpassTypeId = tpt.Id&#xD;&#xA;&#x9;LEFT JOIN dbo.[Status] s WITH (NOLOCK) ON tp.GradingStatusId = s.Id AND s.[Type] = 'TestpassGrade'&#xD;&#xA;&#x9;LEFT JOIN dbo.[Status] s1 WITH (NOLOCK) ON tp.FlightGradingStatusId = s1.Id AND s.[Type] = 'TestpassGrade'&#xD;&#xA;&#xD;&#xA;" StatementId="4" StatementCompId="6" StatementType="INSERT" RetrievedFromCache="true" StatementSubTreeCost="0.0525067" StatementEstRows="1.00049" StatementOptmLevel="FULL" QueryHash="0x21FED9AA967B0520" QueryPlanHash="0x73944924079A7C5" StatementOptmEarlyAbortReason="GoodEnoughPlanFound">
          <StatementSetOptions QUOTED_IDENTIFIER="true" ARITHABORT="true" CONCAT_NULL_YIELDS_NULL="true" ANSI_NULLS="true" ANSI_PADDING="true" ANSI_WARNINGS="true" NUMERIC_ROUNDABORT="false" />
          <QueryPlan NonParallelPlanReason="MaxDOPSetToOne" CachedPlanSize="144" CompileTime="31" CompileCPU="31" CompileMemory="1864">
            <MemoryGrantInfo SerialRequiredMemory="16" SerialDesiredMemory="24" />
            <OptimizerHardwareDependentProperties EstimatedAvailableMemoryGrant="193313" EstimatedPagesCached="773254" EstimatedAvailableDegreeOfParallelism="1" />
            <RelOp NodeId="0" PhysicalOp="Table Insert" LogicalOp="Insert" EstimateRows="1.00049" EstimateIO="0.01" EstimateCPU="1.00049e-006" AvgRowSize="9" EstimatedTotalSubtreeCost="0.0525067" Parallel="0" EstimateRebinds="0" EstimateRewinds="0" EstimatedExecutionMode="Row">
              <OutputList />
              <Update DMLRequestSort="0">
                <Object Table="[@TestPasses]" />
                <SetPredicate>
                  <ScalarOperator ScalarString="[SortOrder] = @SectionEntries.[SortOrder] as [se].[SortOrder],[SectionId] = @SectionEntries.[SectionId] as [se].[SectionId],[SectionEntryId] = @SectionEntries.[SectionEntryId] as [se].[SectionEntryId],[SectionEntryName] = RaiseIfNullInsert(@SectionEntries.[SectionEntryName] as [se].[SectionEntryName]),[Branch] = RaiseIfNullInsert(@SectionEntries.[Branch] as [se].[Branch]),[Build] = RaiseIfNullInsert(@SectionEntries.[Build] as [se].[Build]),[Id] = [Expr1020],[Name] = [Expr1011],[State] = [Expr1031],[GradeState] = [Expr1032],[FlightGradeState] = [Expr1033],[ReportingUrl] = [OurLabReporting].[dbo].[Testpass].[ReportingUrl] as [tp].[ReportingUrl],[IsExternalTestPass] = [Expr1034],[TestPassType] = [OurLabReporting].[dbo].[TestpassType].[Name] as [tpt].[Name],[StartDate] = [OurLabReporting].[dbo].[Testpass].[StartDate] as [tp].[StartDate],[EndDate] = [OurLabReporting].[dbo].[Testpass].[EndDate] as [tp].[EndDate]">
                    <ScalarExpressionList>
                      <ScalarOperator>
                        <MultipleAssign>
                          <Assign>
                            <ColumnReference Column="SortOrder" />
                            <ScalarOperator>
                              <Identifier>
                                <ColumnReference Table="@SectionEntries" Alias="[se]" Column="SortOrder" />
                              </Identifier>
                            </ScalarOperator>
                          </Assign>
                          <Assign>
                            <ColumnReference Column="SectionId" />
                            <ScalarOperator>
                              <Identifier>
                                <ColumnReference Table="@SectionEntries" Alias="[se]" Column="SectionId" />
                              </Identifier>
                            </ScalarOperator>
                          </Assign>
                          <Assign>
                            <ColumnReference Column="SectionEntryId" />
                            <ScalarOperator>
                              <Identifier>
                                <ColumnReference Table="@SectionEntries" Alias="[se]" Column="SectionEntryId" />
                              </Identifier>
                            </ScalarOperator>
                          </Assign>
                          <Assign>
                            <ColumnReference Column="SectionEntryName" />
                            <ScalarOperator>
                              <Intrinsic FunctionName="RaiseIfNullInsert">
                                <ScalarOperator>
                                  <Identifier>
                                    <ColumnReference Table="@SectionEntries" Alias="[se]" Column="SectionEntryName" />
                                  </Identifier>
                                </ScalarOperator>
                              </Intrinsic>
                            </ScalarOperator>
                          </Assign>
                          <Assign>
                            <ColumnReference Column="Branch" />
                            <ScalarOperator>
                              <Intrinsic FunctionName="RaiseIfNullInsert">
                                <ScalarOperator>
                                  <Identifier>
                                    <ColumnReference Table="@SectionEntries" Alias="[se]" Column="Branch" />
                                  </Identifier>
                                </ScalarOperator>
                              </Intrinsic>
                            </ScalarOperator>
                          </Assign>
                          <Assign>
                            <ColumnReference Column="Build" />
                            <ScalarOperator>
                              <Intrinsic FunctionName="RaiseIfNullInsert">
                                <ScalarOperator>
                                  <Identifier>
                                    <ColumnReference Table="@SectionEntries" Alias="[se]" Column="Build" />
                                  </Identifier>
                                </ScalarOperator>
                              </Intrinsic>
                            </ScalarOperator>
                          </Assign>
                          <Assign>
                            <ColumnReference Column="Id" />
                            <ScalarOperator>
                              <Identifier>
                                <ColumnReference Column="Expr1020" />
                              </Identifier>
                            </ScalarOperator>
                          </Assign>
                          <Assign>
                            <ColumnReference Column="Name" />
                            <ScalarOperator>
                              <Identifier>
                                <ColumnReference Column="Expr1011" />
                              </Identifier>
                            </ScalarOperator>
                          </Assign>
                          <Assign>
                            <ColumnReference Column="State" />
                            <ScalarOperator>
                              <Identifier>
                                <ColumnReference Column="Expr1031" />
                              </Identifier>
                            </ScalarOperator>
                          </Assign>
                          <Assign>
                            <ColumnReference Column="GradeState" />
                            <ScalarOperator>
                              <Identifier>
                                <ColumnReference Column="Expr1032" />
                              </Identifier>
                            </ScalarOperator>
                          </Assign>
                          <Assign>
                            <ColumnReference Column="FlightGradeState" />
                            <ScalarOperator>
                              <Identifier>
                                <ColumnReference Column="Expr1033" />
                              </Identifier>
                            </ScalarOperator>
                          </Assign>
                          <Assign>
                            <ColumnReference Column="ReportingUrl" />
                            <ScalarOperator>
                              <Identifier>
                                <ColumnReference Database="[OurLabReporting]" Schema="[dbo]" Table="[Testpass]" Alias="[tp]" Column="ReportingUrl" />
                              </Identifier>
                            </ScalarOperator>
                          </Assign>
                          <Assign>
                            <ColumnReference Column="IsExternalTestPass" />
                            <ScalarOperator>
                              <Identifier>
                                <ColumnReference Column="Expr1034" />
                              </Identifier>
                            </ScalarOperator>
                          </Assign>
                          <Assign>
                            <ColumnReference Column="TestPassType" />
                            <ScalarOperator>
                              <Identifier>
                                <ColumnReference Database="[OurLabReporting]" Schema="[dbo]" Table="[TestpassType]" Alias="[tpt]" Column="Name" />
                              </Identifier>
                            </ScalarOperator>
                          </Assign>
                          <Assign>
                            <ColumnReference Column="StartDate" />
                            <ScalarOperator>
                              <Identifier>
                                <ColumnReference Database="[OurLabReporting]" Schema="[dbo]" Table="[Testpass]" Alias="[tp]" Column="StartDate" />
                              </Identifier>
                            </ScalarOperator>
                          </Assign>
                          <Assign>
                            <ColumnReference Column="EndDate" />
                            <ScalarOperator>
                              <Identifier>
                                <ColumnReference Database="[OurLabReporting]" Schema="[dbo]" Table="[Testpass]" Alias="[tp]" Column="EndDate" />
                              </Identifier>
                            </ScalarOperator>
                          </Assign>
                        </MultipleAssign>
                      </ScalarOperator>
                    </ScalarExpressionList>
                  </ScalarOperator>
                </SetPredicate>
                <RelOp NodeId="1" PhysicalOp="Compute Scalar" LogicalOp="Compute Scalar" EstimateRows="1.00049" EstimateIO="0" EstimateCPU="1.00049e-007" AvgRowSize="3140" EstimatedTotalSubtreeCost="0.0425057" Parallel="0" EstimateRebinds="0" EstimateRewinds="0" EstimatedExecutionMode="Row">
                  <OutputList>
                    <ColumnReference Table="@SectionEntries" Alias="[se]" Column="SortOrder" />
                    <ColumnReference Table="@SectionEntries" Alias="[se]" Column="SectionId" />
                    <ColumnReference Table="@SectionEntries" Alias="[se]" Column="SectionEntryId" />
                    <ColumnReference Table="@SectionEntries" Alias="[se]" Column="SectionEntryName" />
                    <ColumnReference Table="@SectionEntries" Alias="[se]" Column="Branch" />
                    <ColumnReference Table="@SectionEntries" Alias="[se]" Column="Build" />
                    <ColumnReference Column="Expr1011" />
                    <ColumnReference Column="Expr1020" />
                    <ColumnReference Database="[OurLabReporting]" Schema="[dbo]" Table="[Testpass]" Alias="[tp]" Column="StartDate" />
                    <ColumnReference Database="[OurLabReporting]" Schema="[dbo]" Table="[Testpass]" Alias="[tp]" Column="EndDate" />
                    <ColumnReference Database="[OurLabReporting]" Schema="[dbo]" Table="[Testpass]" Alias="[tp]" Column="ReportingUrl" />
                    <ColumnReference Database="[OurLabReporting]" Schema="[dbo]" Table="[TestpassType]" Alias="[tpt]" Column="Name" />
                    <ColumnReference Column="Expr1031" />
                    <ColumnReference Column="Expr1032" />
                    <ColumnReference Column="Expr1033" />
                    <ColumnReference Column="Expr1034" />
                  </OutputList>
                  <ComputeScalar>
                    <DefinedValues>
                      <DefinedValue>
                        <ColumnReference Column="Expr1031" />
                        <ScalarOperator ScalarString="CONVERT_IMPLICIT(nvarchar(20),CASE WHEN [OurLabReporting].[dbo].[Testpass].[StartDate] as [tp].[StartDate] IS NOT NULL AND [OurLabReporting].[dbo].[Testpass].[EndDate] as [tp].[EndDate] IS NOT NULL THEN N'Completed' ELSE CASE WHEN [Expr1020] IS NOT NULL THEN N'In Progress' ELSE N'Unknown' END END,0)">
                          <Convert DataType="nvarchar" Length="40" Style="0" Implicit="1">
                            <ScalarOperator>
                              <IF>
                                <Condition>
                                  <ScalarOperator>
                                    <Logical Operation="AND">
                                      <ScalarOperator>
                                        <Compare CompareOp="IS NOT">
                                          <ScalarOperator>
                                            <Identifier>
                                              <ColumnReference Database="[OurLabReporting]" Schema="[dbo]" Table="[Testpass]" Alias="[tp]" Column="StartDate" />
                                            </Identifier>
                                          </ScalarOperator>
                                          <ScalarOperator>
                                            <Const ConstValue="NULL" />
                                          </ScalarOperator>
                                        </Compare>
                                      </ScalarOperator>
                                      <ScalarOperator>
                                        <Compare CompareOp="IS NOT">
                                          <ScalarOperator>
                                            <Identifier>
                                              <ColumnReference Database="[OurLabReporting]" Schema="[dbo]" Table="[Testpass]" Alias="[tp]" Column="EndDate" />
                                            </Identifier>
                                          </ScalarOperator>
                                          <ScalarOperator>
                                            <Const ConstValue="NULL" />
                                          </ScalarOperator>
                                        </Compare>
                                      </ScalarOperator>
                                    </Logical>
                                  </ScalarOperator>
                                </Condition>
                                <Then>
                                  <ScalarOperator>
                                    <Const ConstValue="N'Completed'" />
                                  </ScalarOperator>
                                </Then>
                                <Else>
                                  <ScalarOperator>
                                    <IF>
                                      <Condition>
                                        <ScalarOperator>
                                          <Compare CompareOp="IS NOT">
                                            <ScalarOperator>
                                              <Identifier>
                                                <ColumnReference Column="Expr1020" />
                                              </Identifier>
                                            </ScalarOperator>
                                            <ScalarOperator>
                                              <Const ConstValue="NULL" />
                                            </ScalarOperator>
                                          </Compare>
                                        </ScalarOperator>
                                      </Condition>
                                      <Then>
                                        <ScalarOperator>
                                          <Const ConstValue="N'In Progress'" />
                                        </ScalarOperator>
                                      </Then>
                                      <Else>
                                        <ScalarOperator>
                                          <Const ConstValue="N'Unknown'" />
                                        </ScalarOperator>
                                      </Else>
                                    </IF>
                                  </ScalarOperator>
                                </Else>
                              </IF>
                            </ScalarOperator>
                          </Convert>
                        </ScalarOperator>
                      </DefinedValue>
                      <DefinedValue>
                        <ColumnReference Column="Expr1033" />
                        <ScalarOperator ScalarString="isnull([OurLabReporting].[dbo].[Status].[Status] as [s1].[Status],'NotGraded')">
                          <Intrinsic FunctionName="isnull">
                            <ScalarOperator>
                              <Identifier>
                                <ColumnReference Database="[OurLabReporting]" Schema="[dbo]" Table="[Status]" Alias="[s1]" Column="Status" />
                              </Identifier>
                            </ScalarOperator>
                            <ScalarOperator>
                              <Const ConstValue="'NotGraded'" />
                            </ScalarOperator>
                          </Intrinsic>
                        </ScalarOperator>
                      </DefinedValue>
                      <DefinedValue>
                        <ColumnReference Column="Expr1034" />
                        <ScalarOperator ScalarString="CONVERT_IMPLICIT(bit,[Expr1012],0)">
                          <Convert DataType="bit" Style="0" Implicit="1">
                            <ScalarOperator>
                              <Identifier>
                                <ColumnReference Column="Expr1012" />
                              </Identifier>
                            </ScalarOperator>
                          </Convert>
                        </ScalarOperator>
                      </DefinedValue>
                    </DefinedValues>
                    <RelOp NodeId="2" PhysicalOp="Nested Loops" LogicalOp="Left Outer Join" EstimateRows="1.00049" EstimateIO="0" EstimateCPU="4.18203e-006" AvgRowSize="3031" EstimatedTotalSubtreeCost="0.0425056" Parallel="0" EstimateRebinds="0" EstimateRewinds="0" EstimatedExecutionMode="Row">
                      <OutputList>
                        <ColumnReference Table="@SectionEntries" Alias="[se]" Column="SortOrder" />
                        <ColumnReference Table="@SectionEntries" Alias="[se]" Column="SectionId" />
                        <ColumnReference Table="@SectionEntries" Alias="[se]" Column="SectionEntryId" />
                        <ColumnReference Table="@SectionEntries" Alias="[se]" Column="SectionEntryName" />
                        <ColumnReference Table="@SectionEntries" Alias="[se]" Column="Branch" />
                        <ColumnReference Table="@SectionEntries" Alias="[se]" Column="Build" />
                        <ColumnReference Column="Expr1011" />
                        <ColumnReference Column="Expr1012" />
                        <ColumnReference Column="Expr1020" />
                        <ColumnReference Database="[OurLabReporting]" Schema="[dbo]" Table="[Testpass]" Alias="[tp]" Column="StartDate" />
                        <ColumnReference Database="[OurLabReporting]" Schema="[dbo]" Table="[Testpass]" Alias="[tp]" Column="EndDate" />
                        <ColumnReference Database="[OurLabReporting]" Schema="[dbo]" Table="[Testpass]" Alias="[tp]" Column="ReportingUrl" />
                        <ColumnReference Database="[OurLabReporting]" Schema="[dbo]" Table="[TestpassType]" Alias="[tpt]" Column="Name" />
                        <ColumnReference Database="[OurLabReporting]" Schema="[dbo]" Table="[Status]" Alias="[s1]" Column="Status" />
                        <ColumnReference Column="Expr1032" />
                      </OutputList>
                      <NestedLoops Optimized="0">
                        <OuterReferences>
                          <ColumnReference Database="[OurLabReporting]" Schema="[dbo]" Table="[Testpass]" Alias="[tp]" Column="FlightGradingStatusId" />
                          <ColumnReference Database="[OurLabReporting]" Schema="[dbo]" Table="[Status]" Alias="[s]" Column="Type" />
                        </OuterReferences>
                        <RelOp NodeId="3" PhysicalOp="Compute Scalar" LogicalOp="Compute Scalar" EstimateRows="1.00049" EstimateIO="0" EstimateCPU="1.00049e-007" AvgRowSize="3029" EstimatedTotalSubtreeCost="0.0392177" Parallel="0" EstimateRebinds="0" EstimateRewinds="0" EstimatedExecutionMode="Row">
                          <OutputList>
                            <ColumnReference Table="@SectionEntries" Alias="[se]" Column="SortOrder" />
                            <ColumnReference Table="@SectionEntries" Alias="[se]" Column="SectionId" />
                            <ColumnReference Table="@SectionEntries" Alias="[se]" Column="SectionEntryId" />
                            <ColumnReference Table="@SectionEntries" Alias="[se]" Column="SectionEntryName" />
                            <ColumnReference Table="@SectionEntries" Alias="[se]" Column="Branch" />
                            <ColumnReference Table="@SectionEntries" Alias="[se]" Column="Build" />
                            <ColumnReference Column="Expr1011" />
                            <ColumnReference Column="Expr1012" />
                            <ColumnReference Column="Expr1020" />
                            <ColumnReference Database="[OurLabReporting]" Schema="[dbo]" Table="[Testpass]" Alias="[tp]" Column="StartDate" />
                            <ColumnReference Database="[OurLabReporting]" Schema="[dbo]" Table="[Testpass]" Alias="[tp]" Column="EndDate" />
                            <ColumnReference Database="[OurLabReporting]" Schema="[dbo]" Table="[Testpass]" Alias="[tp]" Column="ReportingUrl" />
                            <ColumnReference Database="[OurLabReporting]" Schema="[dbo]" Table="[Testpass]" Alias="[tp]" Column="FlightGradingStatusId" />
                            <ColumnReference Database="[OurLabReporting]" Schema="[dbo]" Table="[TestpassType]" Alias="[tpt]" Column="Name" />
                            <ColumnReference Database="[OurLabReporting]" Schema="[dbo]" Table="[Status]" Alias="[s]" Column="Type" />
                            <ColumnReference Column="Expr1032" />
                          </OutputList>
                          <ComputeScalar>
                            <DefinedValues>
                              <DefinedValue>
                                <ColumnReference Column="Expr1032" />
                                <ScalarOperator ScalarString="isnull([OurLabReporting].[dbo].[Status].[Status] as [s].[Status],'NotGraded')">
                                  <Intrinsic FunctionName="isnull">
                                    <ScalarOperator>
                                      <Identifier>
                                        <ColumnReference Database="[OurLabReporting]" Schema="[dbo]" Table="[Status]" Alias="[s]" Column="Status" />
                                      </Identifier>
                                    </ScalarOperator>
                                    <ScalarOperator>
                                      <Const ConstValue="'NotGraded'" />
                                    </ScalarOperator>
                                  </Intrinsic>
                                </ScalarOperator>
                              </DefinedValue>
                            </DefinedValues>
                            <RelOp NodeId="4" PhysicalOp="Nested Loops" LogicalOp="Left Outer Join" EstimateRows="1.00049" EstimateIO="0" EstimateCPU="4.18203e-006" AvgRowSize="2942" EstimatedTotalSubtreeCost="0.0392176" Parallel="0" EstimateRebinds="0" EstimateRewinds="0" EstimatedExecutionMode="Row">
                              <OutputList>
                                <ColumnReference Table="@SectionEntries" Alias="[se]" Column="SortOrder" />
                                <ColumnReference Table="@SectionEntries" Alias="[se]" Column="SectionId" />
                                <ColumnReference Table="@SectionEntries" Alias="[se]" Column="SectionEntryId" />
                                <ColumnReference Table="@SectionEntries" Alias="[se]" Column="SectionEntryName" />
                                <ColumnReference Table="@SectionEntries" Alias="[se]" Column="Branch" />
                                <ColumnReference Table="@SectionEntries" Alias="[se]" Column="Build" />
                                <ColumnReference Column="Expr1011" />
                                <ColumnReference Column="Expr1012" />
                                <ColumnReference Column="Expr1020" />
                                <ColumnReference Database="[OurLabReporting]" Schema="[dbo]" Table="[Testpass]" Alias="[tp]" Column="StartDate" />
                                <ColumnReference Database="[OurLabReporting]" Schema="[dbo]" Table="[Testpass]" Alias="[tp]" Column="EndDate" />
                                <ColumnReference Database="[OurLabReporting]" Schema="[dbo]" Table="[Testpass]" Alias="[tp]" Column="ReportingUrl" />
                                <ColumnReference Database="[OurLabReporting]" Schema="[dbo]" Table="[Testpass]" Alias="[tp]" Column="FlightGradingStatusId" />
                                <ColumnReference Database="[OurLabReporting]" Schema="[dbo]" Table="[TestpassType]" Alias="[tpt]" Column="Name" />
                                <ColumnReference Database="[OurLabReporting]" Schema="[dbo]" Table="[Status]" Alias="[s]" Column="Type" />
                                <ColumnReference Database="[OurLabReporting]" Schema="[dbo]" Table="[Status]" Alias="[s]" Column="Status" />
                              </OutputList>
                              <NestedLoops Optimized="0">
                                <OuterReferences>
                                  <ColumnReference Database="[OurLabReporting]" Schema="[dbo]" Table="[Testpass]" Alias="[tp]" Column="GradingStatusId" />
                                </OuterReferences>
                                <RelOp NodeId="5" PhysicalOp="Nested Loops" LogicalOp="Left Outer Join" EstimateRows="1.00049" EstimateIO="0" EstimateCPU="4.18203e-006" AvgRowSize="2922" EstimatedTotalSubtreeCost="0.0359298" Parallel="0" EstimateRebinds="0" EstimateRewinds="0" EstimatedExecutionMode="Row">
                                  <OutputList>
                                    <ColumnReference Table="@SectionEntries" Alias="[se]" Column="SortOrder" />
                                    <ColumnReference Table="@SectionEntries" Alias="[se]" Column="SectionId" />
                                    <ColumnReference Table="@SectionEntries" Alias="[se]" Column="SectionEntryId" />
                                    <ColumnReference Table="@SectionEntries" Alias="[se]" Column="SectionEntryName" />
                                    <ColumnReference Table="@SectionEntries" Alias="[se]" Column="Branch" />
                                    <ColumnReference Table="@SectionEntries" Alias="[se]" Column="Build" />
                                    <ColumnReference Column="Expr1011" />
                                    <ColumnReference Column="Expr1012" />
                                    <ColumnReference Column="Expr1020" />
                                    <ColumnReference Database="[OurLabReporting]" Schema="[dbo]" Table="[Testpass]" Alias="[tp]" Column="StartDate" />
                                    <ColumnReference Database="[OurLabReporting]" Schema="[dbo]" Table="[Testpass]" Alias="[tp]" Column="EndDate" />
                                    <ColumnReference Database="[OurLabReporting]" Schema="[dbo]" Table="[Testpass]" Alias="[tp]" Column="GradingStatusId" />
                                    <ColumnReference Database="[OurLabReporting]" Schema="[dbo]" Table="[Testpass]" Alias="[tp]" Column="ReportingUrl" />
                                    <ColumnReference Database="[OurLabReporting]" Schema="[dbo]" Table="[Testpass]" Alias="[tp]" Column="FlightGradingStatusId" />
                                    <ColumnReference Database="[OurLabReporting]" Schema="[dbo]" Table="[TestpassType]" Alias="[tpt]" Column="Name" />
                                  </OutputList>
                                  <NestedLoops Optimized="0">
                                    <OuterReferences>
                                      <ColumnReference Database="[OurLabReporting]" Schema="[dbo]" Table="[TestpassDefinition]" Alias="[tpd1]" Column="TestpassTypeId" />
                                    </OuterReferences>
                                    <RelOp NodeId="6" PhysicalOp="Nested Loops" LogicalOp="Left Outer Join" EstimateRows="1.00049" EstimateIO="0" EstimateCPU="4.18203e-006" AvgRowSize="2821" EstimatedTotalSubtreeCost="0.0326424" Parallel="0" EstimateRebinds="0" EstimateRewinds="0" EstimatedExecutionMode="Row">
                                      <OutputList>
                                        <ColumnReference Table="@SectionEntries" Alias="[se]" Column="SortOrder" />
                                        <ColumnReference Table="@SectionEntries" Alias="[se]" Column="SectionId" />
                                        <ColumnReference Table="@SectionEntries" Alias="[se]" Column="SectionEntryId" />
                                        <ColumnReference Table="@SectionEntries" Alias="[se]" Column="SectionEntryName" />
                                        <ColumnReference Table="@SectionEntries" Alias="[se]" Column="Branch" />
                                        <ColumnReference Table="@SectionEntries" Alias="[se]" Column="Build" />
                                        <ColumnReference Column="Expr1011" />
                                        <ColumnReference Column="Expr1012" />
                                        <ColumnReference Column="Expr1020" />
                                        <ColumnReference Database="[OurLabReporting]" Schema="[dbo]" Table="[Testpass]" Alias="[tp]" Column="StartDate" />
                                        <ColumnReference Database="[OurLabReporting]" Schema="[dbo]" Table="[Testpass]" Alias="[tp]" Column="EndDate" />
                                        <ColumnReference Database="[OurLabReporting]" Schema="[dbo]" Table="[Testpass]" Alias="[tp]" Column="GradingStatusId" />
                                        <ColumnReference Database="[OurLabReporting]" Schema="[dbo]" Table="[Testpass]" Alias="[tp]" Column="ReportingUrl" />
                                        <ColumnReference Database="[OurLabReporting]" Schema="[dbo]" Table="[Testpass]" Alias="[tp]" Column="FlightGradingStatusId" />
                                        <ColumnReference Database="[OurLabReporting]" Schema="[dbo]" Table="[TestpassDefinition]" Alias="[tpd1]" Column="TestpassTypeId" />
                                      </OutputList>
                                      <NestedLoops Optimized="0">
                                        <OuterReferences>
                                          <ColumnReference Column="Expr1017" />
                                        </OuterReferences>
                                        <RelOp NodeId="7" PhysicalOp="Nested Loops" LogicalOp="Left Outer Join" EstimateRows="1.00049" EstimateIO="0" EstimateCPU="4.18203e-006" AvgRowSize="2824" EstimatedTotalSubtreeCost="0.0293551" Parallel="0" EstimateRebinds="0" EstimateRewinds="0" EstimatedExecutionMode="Row">
                                          <OutputList>
                                            <ColumnReference Table="@SectionEntries" Alias="[se]" Column="SortOrder" />
                                            <ColumnReference Table="@SectionEntries" Alias="[se]" Column="SectionId" />
                                            <ColumnReference Table="@SectionEntries" Alias="[se]" Column="SectionEntryId" />
                                            <ColumnReference Table="@SectionEntries" Alias="[se]" Column="SectionEntryName" />
                                            <ColumnReference Table="@SectionEntries" Alias="[se]" Column="Branch" />
                                            <ColumnReference Table="@SectionEntries" Alias="[se]" Column="Build" />
                                            <ColumnReference Column="Expr1011" />
                                            <ColumnReference Column="Expr1012" />
                                            <ColumnReference Column="Expr1017" />
                                            <ColumnReference Column="Expr1020" />
                                            <ColumnReference Database="[OurLabReporting]" Schema="[dbo]" Table="[Testpass]" Alias="[tp]" Column="StartDate" />
                                            <ColumnReference Database="[OurLabReporting]" Schema="[dbo]" Table="[Testpass]" Alias="[tp]" Column="EndDate" />
                                            <ColumnReference Database="[OurLabReporting]" Schema="[dbo]" Table="[Testpass]" Alias="[tp]" Column="GradingStatusId" />
                                            <ColumnReference Database="[OurLabReporting]" Schema="[dbo]" Table="[Testpass]" Alias="[tp]" Column="ReportingUrl" />
                                            <ColumnReference Database="[OurLabReporting]" Schema="[dbo]" Table="[Testpass]" Alias="[tp]" Column="FlightGradingStatusId" />
                                          </OutputList>
                                          <NestedLoops Optimized="0">
                                            <OuterReferences>
                                              <ColumnReference Column="Expr1020" />
                                            </OuterReferences>
                                            <RelOp NodeId="8" PhysicalOp="Nested Loops" LogicalOp="Left Outer Join" EstimateRows="1.00049" EstimateIO="0" EstimateCPU="4.18e-006" AvgRowSize="798" EstimatedTotalSubtreeCost="0.0260677" Parallel="0" EstimateRebinds="0" EstimateRewinds="0" EstimatedExecutionMode="Row">
                                              <OutputList>
                                                <ColumnReference Table="@SectionEntries" Alias="[se]" Column="SortOrder" />
                                                <ColumnReference Table="@SectionEntries" Alias="[se]" Column="SectionId" />
                                                <ColumnReference Table="@SectionEntries" Alias="[se]" Column="SectionEntryId" />
                                                <ColumnReference Table="@SectionEntries" Alias="[se]" Column="SectionEntryName" />
                                                <ColumnReference Table="@SectionEntries" Alias="[se]" Column="Branch" />
                                                <ColumnReference Table="@SectionEntries" Alias="[se]" Column="Build" />
                                                <ColumnReference Column="Expr1011" />
                                                <ColumnReference Column="Expr1012" />
                                                <ColumnReference Column="Expr1017" />
                                                <ColumnReference Column="Expr1020" />
                                              </OutputList>
                                              <NestedLoops Optimized="0">
                                                <OuterReferences>
                                                  <ColumnReference Table="@SectionEntries" Alias="[se]" Column="Branch" />
                                                  <ColumnReference Table="@SectionEntries" Alias="[se]" Column="RelativeBuild" />
                                                  <ColumnReference Table="@SectionEntries" Alias="[se]" Column="TellusBuild" />
                                                  <ColumnReference Column="Expr1013" />
                                                </OuterReferences>
                                                <RelOp NodeId="9" PhysicalOp="Nested Loops" LogicalOp="Left Outer Join" EstimateRows="1" EstimateIO="0" EstimateCPU="4.18e-006" AvgRowSize="1310" EstimatedTotalSubtreeCost="0.00986965" Parallel="0" EstimateRebinds="0" EstimateRewinds="0" EstimatedExecutionMode="Row">
                                                  <OutputList>
                                                    <ColumnReference Table="@SectionEntries" Alias="[se]" Column="SortOrder" />
                                                    <ColumnReference Table="@SectionEntries" Alias="[se]" Column="SectionId" />
                                                    <ColumnReference Table="@SectionEntries" Alias="[se]" Column="SectionEntryId" />
                                                    <ColumnReference Table="@SectionEntries" Alias="[se]" Column="SectionEntryName" />
                                                    <ColumnReference Table="@SectionEntries" Alias="[se]" Column="Branch" />
                                                    <ColumnReference Table="@SectionEntries" Alias="[se]" Column="Build" />
                                                    <ColumnReference Table="@SectionEntries" Alias="[se]" Column="RelativeBuild" />
                                                    <ColumnReference Table="@SectionEntries" Alias="[se]" Column="TellusBuild" />
                                                    <ColumnReference Column="Expr1011" />
                                                    <ColumnReference Column="Expr1012" />
                                                    <ColumnReference Column="Expr1013" />
                                                  </OutputList>
                                                  <NestedLoops Optimized="0">
                                                    <OuterReferences>
                                                      <ColumnReference Table="@SectionEntries" Alias="[se]" Column="TestPassName" />
                                                    </OuterReferences>
                                                    <RelOp NodeId="10" PhysicalOp="Table Scan" LogicalOp="Table Scan" EstimateRows="1" EstimateIO="0.003125" EstimateCPU="0.0001581" AvgRowSize="1655" EstimatedTotalSubtreeCost="0.0032831" TableCardinality="0" Parallel="0" EstimateRebinds="0" EstimateRewinds="0" EstimatedExecutionMode="Row">
                                                      <OutputList>
                                                        <ColumnReference Table="@SectionEntries" Alias="[se]" Column="SortOrder" />
                                                        <ColumnReference Table="@SectionEntries" Alias="[se]" Column="SectionId" />
                                                        <ColumnReference Table="@SectionEntries" Alias="[se]" Column="SectionEntryId" />
                                                        <ColumnReference Table="@SectionEntries" Alias="[se]" Column="SectionEntryName" />
                                                        <ColumnReference Table="@SectionEntries" Alias="[se]" Column="Branch" />
                                                        <ColumnReference Table="@SectionEntries" Alias="[se]" Column="Build" />
                                                        <ColumnReference Table="@SectionEntries" Alias="[se]" Column="RelativeBuild" />
                                                        <ColumnReference Table="@SectionEntries" Alias="[se]" Column="TellusBuild" />
                                                        <ColumnReference Table="@SectionEntries" Alias="[se]" Column="TestPassName" />
                                                      </OutputList>
                                                      <TableScan Ordered="0" ForcedIndex="0" ForceScan="0" NoExpandHint="0">
                                                        <DefinedValues>
                                                          <DefinedValue>
                                                            <ColumnReference Table="@SectionEntries" Alias="[se]" Column="SortOrder" />
                                                          </DefinedValue>
                                                          <DefinedValue>
                                                            <ColumnReference Table="@SectionEntries" Alias="[se]" Column="SectionId" />
                                                          </DefinedValue>
                                                          <DefinedValue>
                                                            <ColumnReference Table="@SectionEntries" Alias="[se]" Column="SectionEntryId" />
                                                          </DefinedValue>
                                                          <DefinedValue>
                                                            <ColumnReference Table="@SectionEntries" Alias="[se]" Column="SectionEntryName" />
                                                          </DefinedValue>
                                                          <DefinedValue>
                                                            <ColumnReference Table="@SectionEntries" Alias="[se]" Column="Branch" />
                                                          </DefinedValue>
                                                          <DefinedValue>
                                                            <ColumnReference Table="@SectionEntries" Alias="[se]" Column="Build" />
                                                          </DefinedValue>
                                                          <DefinedValue>
                                                            <ColumnReference Table="@SectionEntries" Alias="[se]" Column="RelativeBuild" />
                                                          </DefinedValue>
                                                          <DefinedValue>
                                                            <ColumnReference Table="@SectionEntries" Alias="[se]" Column="TellusBuild" />
                                                          </DefinedValue>
                                                          <DefinedValue>
                                                            <ColumnReference Table="@SectionEntries" Alias="[se]" Column="TestPassName" />
                                                          </DefinedValue>
                                                        </DefinedValues>
                                                        <Object Table="[@SectionEntries]" Alias="[se]" />
                                                      </TableScan>
                                                    </RelOp>
                                                    <RelOp NodeId="11" PhysicalOp="Compute Scalar" LogicalOp="Compute Scalar" EstimateRows="1" EstimateIO="0" EstimateCPU="1e-007" AvgRowSize="166" EstimatedTotalSubtreeCost="0.00658237" Parallel="0" EstimateRebinds="0" EstimateRewinds="0" EstimatedExecutionMode="Row">
                                                      <OutputList>
                                                        <ColumnReference Column="Expr1011" />
                                                        <ColumnReference Column="Expr1012" />
                                                        <ColumnReference Column="Expr1013" />
                                                      </OutputList>
                                                      <ComputeScalar>
                                                        <DefinedValues>
                                                          <DefinedValue>
                                                            <ColumnReference Column="Expr1011" />
                                                            <ScalarOperator ScalarString="[OurLabReporting].[dbo].[TestpassDefinition].[Name] as [tpd].[Name]">
                                                              <Identifier>
                                                                <ColumnReference Database="[OurLabReporting]" Schema="[dbo]" Table="[TestpassDefinition]" Alias="[tpd]" Column="Name" />
                                                              </Identifier>
                                                            </ScalarOperator>
                                                          </DefinedValue>
                                                          <DefinedValue>
                                                            <ColumnReference Column="Expr1012" />
                                                            <ScalarOperator ScalarString="[Expr1009]">
                                                              <Identifier>
                                                                <ColumnReference Column="Expr1009" />
                                                              </Identifier>
                                                            </ScalarOperator>
                                                          </DefinedValue>
                                                          <DefinedValue>
                                                            <ColumnReference Column="Expr1013" />
                                                            <ScalarOperator ScalarString="[Expr1010]">
                                                              <Identifier>
                                                                <ColumnReference Column="Expr1010" />
                                                              </Identifier>
                                                            </ScalarOperator>
                                                          </DefinedValue>
                                                        </DefinedValues>
                                                        <RelOp NodeId="12" PhysicalOp="Stream Aggregate" LogicalOp="Aggregate" EstimateRows="1" EstimateIO="0" EstimateCPU="1.11476e-006" AvgRowSize="99" EstimatedTotalSubtreeCost="0.00658227" Parallel="0" EstimateRebinds="0" EstimateRewinds="0" EstimatedExecutionMode="Row">
                                                          <OutputList>
                                                            <ColumnReference Database="[OurLabReporting]" Schema="[dbo]" Table="[TestpassDefinition]" Alias="[tpd]" Column="Name" />
                                                            <ColumnReference Column="Expr1009" />
                                                            <ColumnReference Column="Expr1010" />
                                                          </OutputList>
                                                          <StreamAggregate>
                                                            <DefinedValues>
                                                              <DefinedValue>
                                                                <ColumnReference Column="Expr1009" />
                                                                <ScalarOperator ScalarString="MAX([Expr1035])">
                                                                  <Aggregate Distinct="0" AggType="MAX">
                                                                    <ScalarOperator>
                                                                      <Identifier>
                                                                        <ColumnReference Column="Expr1035" />
                                                                      </Identifier>
                                                                    </ScalarOperator>
                                                                  </Aggregate>
                                                                </ScalarOperator>
                                                              </DefinedValue>
                                                              <DefinedValue>
                                                                <ColumnReference Column="Expr1010" />
                                                                <ScalarOperator ScalarString="MAX([OurLabReporting].[dbo].[TestpassDefinition].[Id] as [tpd].[Id])">
                                                                  <Aggregate Distinct="0" AggType="MAX">
                                                                    <ScalarOperator>
                                                                      <Identifier>
                                                                        <ColumnReference Database="[OurLabReporting]" Schema="[dbo]" Table="[TestpassDefinition]" Alias="[tpd]" Column="Id" />
                                                                      </Identifier>
                                                                    </ScalarOperator>
                                                                  </Aggregate>
                                                                </ScalarOperator>
                                                              </DefinedValue>
                                                              <DefinedValue>
                                                                <ColumnReference Database="[OurLabReporting]" Schema="[dbo]" Table="[TestpassDefinition]" Alias="[tpd]" Column="Name" />
                                                                <ScalarOperator ScalarString="ANY([OurLabReporting].[dbo].[TestpassDefinition].[Name] as [tpd].[Name])">
                                                                  <Aggregate Distinct="0" AggType="ANY">
                                                                    <ScalarOperator>
                                                                      <Identifier>
                                                                        <ColumnReference Database="[OurLabReporting]" Schema="[dbo]" Table="[TestpassDefinition]" Alias="[tpd]" Column="Name" />
                                                                      </Identifier>
                                                                    </ScalarOperator>
                                                                  </Aggregate>
                                                                </ScalarOperator>
                                                              </DefinedValue>
                                                            </DefinedValues>
                                                            <RelOp NodeId="13" PhysicalOp="Compute Scalar" LogicalOp="Compute Scalar" EstimateRows="1.0246" EstimateIO="0" EstimateCPU="1.0246e-007" AvgRowSize="99" EstimatedTotalSubtreeCost="0.00658116" Parallel="0" EstimateRebinds="0" EstimateRewinds="0" EstimatedExecutionMode="Row">
                                                              <OutputList>
                                                                <ColumnReference Database="[OurLabReporting]" Schema="[dbo]" Table="[TestpassDefinition]" Alias="[tpd]" Column="Id" />
                                                                <ColumnReference Database="[OurLabReporting]" Schema="[dbo]" Table="[TestpassDefinition]" Alias="[tpd]" Column="Name" />
                                                                <ColumnReference Column="Expr1035" />
                                                              </OutputList>
                                                              <ComputeScalar>
                                                                <DefinedValues>
                                                                  <DefinedValue>
                                                                    <ColumnReference Column="Expr1035" />
                                                                    <ScalarOperator ScalarString="CONVERT(tinyint,[OurLabReporting].[dbo].[TestpassDefinition].[IsExternal] as [tpd].[IsExternal],0)">
                                                                      <Convert DataType="tinyint" Style="0" Implicit="0">
                                                                        <ScalarOperator>
                                                                          <Identifier>
                                                                            <ColumnReference Database="[OurLabReporting]" Schema="[dbo]" Table="[TestpassDefinition]" Alias="[tpd]" Column="IsExternal" />
                                                                          </Identifier>
                                                                        </ScalarOperator>
                                                                      </Convert>
                                                                    </ScalarOperator>
                                                                  </DefinedValue>
                                                                </DefinedValues>
                                                                <RelOp NodeId="14" PhysicalOp="Nested Loops" LogicalOp="Inner Join" EstimateRows="1.0246" EstimateIO="0" EstimateCPU="4.28284e-006" AvgRowSize="99" EstimatedTotalSubtreeCost="0.00658105" Parallel="0" EstimateRebinds="0" EstimateRewinds="0" EstimatedExecutionMode="Row">
                                                                  <OutputList>
                                                                    <ColumnReference Database="[OurLabReporting]" Schema="[dbo]" Table="[TestpassDefinition]" Alias="[tpd]" Column="Id" />
                                                                    <ColumnReference Database="[OurLabReporting]" Schema="[dbo]" Table="[TestpassDefinition]" Alias="[tpd]" Column="Name" />
                                                                    <ColumnReference Database="[OurLabReporting]" Schema="[dbo]" Table="[TestpassDefinition]" Alias="[tpd]" Column="IsExternal" />
                                                                  </OutputList>
                                                                  <NestedLoops Optimized="0">
                                                                    <OuterReferences>
                                                                      <ColumnReference Database="[OurLabReporting]" Schema="[dbo]" Table="[TestpassDefinition]" Alias="[tpd]" Column="Id" />
                                                                    </OuterReferences>
                                                                    <RelOp NodeId="15" PhysicalOp="Index Seek" LogicalOp="Index Seek" EstimateRows="1.0246" EstimateIO="0.003125" EstimateCPU="0.000158127" AvgRowSize="98" EstimatedTotalSubtreeCost="0.00328313" TableCardinality="1875" Parallel="0" EstimateRebinds="0" EstimateRewinds="0" EstimatedExecutionMode="Row">
                                                                      <OutputList>
                                                                        <ColumnReference Database="[OurLabReporting]" Schema="[dbo]" Table="[TestpassDefinition]" Alias="[tpd]" Column="Id" />
                                                                        <ColumnReference Database="[OurLabReporting]" Schema="[dbo]" Table="[TestpassDefinition]" Alias="[tpd]" Column="Name" />
                                                                      </OutputList>
                                                                      <IndexScan Ordered="1" ScanDirection="FORWARD" ForcedIndex="0" ForceSeek="0" ForceScan="0" NoExpandHint="0" Storage="RowStore">
                                                                        <DefinedValues>
                                                                          <DefinedValue>
                                                                            <ColumnReference Database="[OurLabReporting]" Schema="[dbo]" Table="[TestpassDefinition]" Alias="[tpd]" Column="Id" />
                                                                          </DefinedValue>
                                                                          <DefinedValue>
                                                                            <ColumnReference Database="[OurLabReporting]" Schema="[dbo]" Table="[TestpassDefinition]" Alias="[tpd]" Column="Name" />
                                                                          </DefinedValue>
                                                                        </DefinedValues>
                                                                        <Object Database="[OurLabReporting]" Schema="[dbo]" Table="[TestpassDefinition]" Index="[IX_TestpassDefinition_Name_Include_Id]" Alias="[tpd]" IndexKind="NonClustered" />
                                                                        <SeekPredicates>
                                                                          <SeekPredicateNew>
                                                                            <SeekKeys>
                                                                              <Prefix ScanType="EQ">
                                                                                <RangeColumns>
                                                                                  <ColumnReference Database="[OurLabReporting]" Schema="[dbo]" Table="[TestpassDefinition]" Alias="[tpd]" Column="Name" />
                                                                                </RangeColumns>
                                                                                <RangeExpressions>
                                                                                  <ScalarOperator ScalarString="@SectionEntries.[TestPassName] as [se].[TestPassName]">
                                                                                    <Identifier>
                                                                                      <ColumnReference Table="@SectionEntries" Alias="[se]" Column="TestPassName" />
                                                                                    </Identifier>
                                                                                  </ScalarOperator>
                                                                                </RangeExpressions>
                                                                              </Prefix>
                                                                            </SeekKeys>
                                                                          </SeekPredicateNew>
                                                                        </SeekPredicates>
                                                                      </IndexScan>
                                                                    </RelOp>
                                                                    <RelOp NodeId="17" PhysicalOp="Clustered Index Seek" LogicalOp="Clustered Index Seek" EstimateRows="1" EstimateIO="0.003125" EstimateCPU="0.0001581" AvgRowSize="9" EstimatedTotalSubtreeCost="0.00329364" TableCardinality="1875" Parallel="0" EstimateRebinds="0.0246036" EstimateRewinds="0" EstimatedExecutionMode="Row">
                                                                      <OutputList>
                                                                        <ColumnReference Database="[OurLabReporting]" Schema="[dbo]" Table="[TestpassDefinition]" Alias="[tpd]" Column="IsExternal" />
                                                                      </OutputList>
                                                                      <IndexScan Lookup="1" Ordered="1" ScanDirection="FORWARD" ForcedIndex="0" ForceSeek="0" ForceScan="0" NoExpandHint="0" Storage="RowStore">
                                                                        <DefinedValues>
                                                                          <DefinedValue>
                                                                            <ColumnReference Database="[OurLabReporting]" Schema="[dbo]" Table="[TestpassDefinition]" Alias="[tpd]" Column="IsExternal" />
                                                                          </DefinedValue>
                                                                        </DefinedValues>
                                                                        <Object Database="[OurLabReporting]" Schema="[dbo]" Table="[TestpassDefinition]" Index="[PK_TestpassDefinition]" Alias="[tpd]" TableReferenceId="-1" IndexKind="Clustered" />
                                                                        <SeekPredicates>
                                                                          <SeekPredicateNew>
                                                                            <SeekKeys>
                                                                              <Prefix ScanType="EQ">
                                                                                <RangeColumns>
                                                                                  <ColumnReference Database="[OurLabReporting]" Schema="[dbo]" Table="[TestpassDefinition]" Alias="[tpd]" Column="Id" />
                                                                                </RangeColumns>
                                                                                <RangeExpressions>
                                                                                  <ScalarOperator ScalarString="[OurLabReporting].[dbo].[TestpassDefinition].[Id] as [tpd].[Id]">
                                                                                    <Identifier>
                                                                                      <ColumnReference Database="[OurLabReporting]" Schema="[dbo]" Table="[TestpassDefinition]" Alias="[tpd]" Column="Id" />
                                                                                    </Identifier>
                                                                                  </ScalarOperator>
                                                                                </RangeExpressions>
                                                                              </Prefix>
                                                                            </SeekKeys>
                                                                          </SeekPredicateNew>
                                                                        </SeekPredicates>
                                                                      </IndexScan>
                                                                    </RelOp>
                                                                  </NestedLoops>
                                                                </RelOp>
                                                              </ComputeScalar>
                                                            </RelOp>
                                                          </StreamAggregate>
                                                        </RelOp>
                                                      </ComputeScalar>
                                                    </RelOp>
                                                  </NestedLoops>
                                                </RelOp>
                                                <RelOp NodeId="38" PhysicalOp="Compute Scalar" LogicalOp="Compute Scalar" EstimateRows="1" EstimateIO="0" EstimateCPU="1e-007" AvgRowSize="15" EstimatedTotalSubtreeCost="0.0161939" Parallel="0" EstimateRebinds="0" EstimateRewinds="0" EstimatedExecutionMode="Row">
                                                  <OutputList>
                                                    <ColumnReference Column="Expr1017" />
                                                    <ColumnReference Column="Expr1020" />
                                                  </OutputList>
                                                  <ComputeScalar>
                                                    <DefinedValues>
                                                      <DefinedValue>
                                                        <ColumnReference Column="Expr1017" />
                                                        <ScalarOperator ScalarString="[OurLabReporting].[dbo].[View_BuildTestpassMix].[TestPassDefinitionId] as [btm].[TestPassDefinitionId]">
                                                          <Identifier>
                                                            <ColumnReference Database="[OurLabReporting]" Schema="[dbo]" Table="[View_BuildTestpassMix]" Alias="[btm]" Column="TestPassDefinitionId" />
                                                          </Identifier>
                                                        </ScalarOperator>
                                                      </DefinedValue>
                                                      <DefinedValue>
                                                        <ColumnReference Column="Expr1020" />
                                                        <ScalarOperator ScalarString="[Expr1016]">
                                                          <Identifier>
                                                            <ColumnReference Column="Expr1016" />
                                                          </Identifier>
                                                        </ScalarOperator>
                                                      </DefinedValue>
                                                    </DefinedValues>
                                                    <RelOp NodeId="39" PhysicalOp="Stream Aggregate" LogicalOp="Aggregate" EstimateRows="1" EstimateIO="0" EstimateCPU="1.1e-006" AvgRowSize="15" EstimatedTotalSubtreeCost="0.0161938" Parallel="0" EstimateRebinds="0" EstimateRewinds="0" EstimatedExecutionMode="Row">
                                                      <OutputList>
                                                        <ColumnReference Database="[OurLabReporting]" Schema="[dbo]" Table="[View_BuildTestpassMix]" Alias="[btm]" Column="TestPassDefinitionId" />
                                                        <ColumnReference Column="Expr1016" />
                                                      </OutputList>
                                                      <StreamAggregate>
                                                        <DefinedValues>
                                                          <DefinedValue>
                                                            <ColumnReference Column="Expr1016" />
                                                            <ScalarOperator ScalarString="MAX([OurLabReporting].[dbo].[View_BuildTestpassMix].[TestPassId] as [btm].[TestPassId])">
                                                              <Aggregate Distinct="0" AggType="MAX">
                                                                <ScalarOperator>
                                                                  <Identifier>
                                                                    <ColumnReference Database="[OurLabReporting]" Schema="[dbo]" Table="[View_BuildTestpassMix]" Alias="[btm]" Column="TestPassId" />
                                                                  </Identifier>
                                                                </ScalarOperator>
                                                              </Aggregate>
                                                            </ScalarOperator>
                                                          </DefinedValue>
                                                          <DefinedValue>
                                                            <ColumnReference Database="[OurLabReporting]" Schema="[dbo]" Table="[View_BuildTestpassMix]" Alias="[btm]" Column="TestPassDefinitionId" />
                                                            <ScalarOperator ScalarString="ANY([OurLabReporting].[dbo].[View_BuildTestpassMix].[TestPassDefinitionId] as [btm].[TestPassDefinitionId])">
                                                              <Aggregate Distinct="0" AggType="ANY">
                                                                <ScalarOperator>
                                                                  <Identifier>
                                                                    <ColumnReference Database="[OurLabReporting]" Schema="[dbo]" Table="[View_BuildTestpassMix]" Alias="[btm]" Column="TestPassDefinitionId" />
                                                                  </Identifier>
                                                                </ScalarOperator>
                                                              </Aggregate>
                                                            </ScalarOperator>
                                                          </DefinedValue>
                                                        </DefinedValues>
                                                        <GroupBy>
                                                          <ColumnReference Database="[OurLabReporting]" Schema="[dbo]" Table="[View_BuildTestpassMix]" Alias="[btm]" Column="FullBuildNumber" />
                                                        </GroupBy>
                                                        <RelOp NodeId="40" PhysicalOp="Nested Loops" LogicalOp="Inner Join" EstimateRows="1" EstimateIO="0" EstimateCPU="4.18e-006" AvgRowSize="111" EstimatedTotalSubtreeCost="0.0161922" Parallel="0" EstimateRebinds="0" EstimateRewinds="0" EstimatedExecutionMode="Row">
                                                          <OutputList>
                                                            <ColumnReference Database="[OurLabReporting]" Schema="[dbo]" Table="[View_BuildTestpassMix]" Alias="[btm]" Column="TestPassId" />
                                                            <ColumnReference Database="[OurLabReporting]" Schema="[dbo]" Table="[View_BuildTestpassMix]" Alias="[btm]" Column="TestPassDefinitionId" />
                                                            <ColumnReference Database="[OurLabReporting]" Schema="[dbo]" Table="[View_BuildTestpassMix]" Alias="[btm]" Column="FullBuildNumber" />
                                                          </OutputList>
                                                          <NestedLoops Optimized="0">
                                                            <OuterReferences>
                                                              <ColumnReference Database="[OurLabReporting]" Schema="[dbo]" Table="[View_BuildTestpassMix]" Alias="[btm]" Column="TestPassId" />
                                                              <ColumnReference Database="[OurLabReporting]" Schema="[dbo]" Table="[View_BuildTestpassMix]" Alias="[btm]" Column="TestPassDefinitionId" />
                                                              <ColumnReference Database="[OurLabReporting]" Schema="[dbo]" Table="[View_BuildTestpassMix]" Alias="[btm]" Column="MixId" />
                                                              <ColumnReference Database="[OurLabReporting]" Schema="[dbo]" Table="[View_BuildTestpassMix]" Alias="[btm]" Column="BuildVersionId" />
                                                            </OuterReferences>
                                                            <RelOp NodeId="41" PhysicalOp="Nested Loops" LogicalOp="Inner Join" EstimateRows="1" EstimateIO="0.0120139" EstimateCPU="0.000668032" AvgRowSize="93" EstimatedTotalSubtreeCost="0.0126819" TableCardinality="1.36062e+006" Parallel="0" EstimateRebinds="0" EstimateRewinds="0" EstimatedExecutionMode="Row">
                                                              <OutputList>
                                                                <ColumnReference Database="[OurLabReporting]" Schema="[dbo]" Table="[View_BuildTestpassMix]" Alias="[btm]" Column="TestPassId" />
                                                                <ColumnReference Database="[OurLabReporting]" Schema="[dbo]" Table="[View_BuildTestpassMix]" Alias="[btm]" Column="TestPassDefinitionId" />
                                                                <ColumnReference Database="[OurLabReporting]" Schema="[dbo]" Table="[View_BuildTestpassMix]" Alias="[btm]" Column="MixId" />
                                                                <ColumnReference Database="[OurLabReporting]" Schema="[dbo]" Table="[View_BuildTestpassMix]" Alias="[btm]" Column="BuildVersionId" />
                                                                <ColumnReference Database="[OurLabReporting]" Schema="[dbo]" Table="[View_BuildTestpassMix]" Alias="[btm]" Column="FullBuildNumber" />
                                                                <ColumnReference Column="KeyCo7" />
                                                              </OutputList>
                                                              <NestedLoops Optimized="0">
                                                                <OuterReferences>
                                                                  <ColumnReference Column="Expr1045" />
                                                                  <ColumnReference Column="Expr1046" />
                                                                  <ColumnReference Column="Expr1047" />
                                                                </OuterReferences>
                                                                <RelOp NodeId="42" PhysicalOp="Merge Interval" LogicalOp="Merge Interval" EstimateRows="2" EstimateIO="0" EstimateCPU="0" AvgRowSize="529" EstimatedTotalSubtreeCost="0" Parallel="0" EstimateRebinds="0" EstimateRewinds="0" EstimatedExecutionMode="Row">
                                                                  <OutputList>
                                                                    <ColumnReference Column="Expr1045" />
                                                                    <ColumnReference Column="Expr1046" />
                                                                    <ColumnReference Column="Expr1047" />
                                                                  </OutputList>
                                                                  <MergeInterval>
                                                                    <RelOp NodeId="43" PhysicalOp="Sort" LogicalOp="TopN Sort" EstimateRows="2" EstimateIO="0" EstimateCPU="0" AvgRowSize="529" EstimatedTotalSubtreeCost="0" Parallel="0" EstimateRebinds="0" EstimateRewinds="0" EstimatedExecutionMode="Row">
                                                                      <OutputList>
                                                                        <ColumnReference Column="Expr1045" />
                                                                        <ColumnReference Column="Expr1046" />
                                                                        <ColumnReference Column="Expr1047" />
                                                                        <ColumnReference Column="Expr1048" />
                                                                        <ColumnReference Column="Expr1049" />
                                                                        <ColumnReference Column="Expr1050" />
                                                                      </OutputList>
                                                                      <MemoryFractions Input="1" Output="1" />
                                                                      <TopSort Distinct="0" Rows="2">
                                                                        <OrderBy>
                                                                          <OrderByColumn Ascending="0">
                                                                            <ColumnReference Column="Expr1048" />
                                                                          </OrderByColumn>
                                                                          <OrderByColumn Ascending="1">
                                                                            <ColumnReference Column="Expr1049" />
                                                                          </OrderByColumn>
                                                                          <OrderByColumn Ascending="1">
                                                                            <ColumnReference Column="Expr1045" />
                                                                          </OrderByColumn>
                                                                          <OrderByColumn Ascending="0">
                                                                            <ColumnReference Column="Expr1050" />
                                                                          </OrderByColumn>
                                                                        </OrderBy>
                                                                        <RelOp NodeId="44" PhysicalOp="Compute Scalar" LogicalOp="Compute Scalar" EstimateRows="2" EstimateIO="0" EstimateCPU="0" AvgRowSize="529" EstimatedTotalSubtreeCost="0" Parallel="0" EstimateRebinds="0" EstimateRewinds="0" EstimatedExecutionMode="Row">
                                                                          <OutputList>
                                                                            <ColumnReference Column="Expr1045" />
                                                                            <ColumnReference Column="Expr1046" />
                                                                            <ColumnReference Column="Expr1047" />
                                                                            <ColumnReference Column="Expr1048" />
                                                                            <ColumnReference Column="Expr1049" />
                                                                            <ColumnReference Column="Expr1050" />
                                                                          </OutputList>
                                                                          <ComputeScalar>
                                                                            <DefinedValues>
                                                                              <DefinedValue>
                                                                                <ColumnReference Column="Expr1048" />
                                                                                <ScalarOperator ScalarString="((4)&amp;[Expr1047]) = (4) AND NULL = [Expr1045]">
                                                                                  <Logical Operation="AND">
                                                                                    <ScalarOperator>
                                                                                      <Compare CompareOp="IS">
                                                                                        <ScalarOperator>
                                                                                          <Arithmetic Operation="BIT_AND">
                                                                                            <ScalarOperator>
                                                                                              <Const ConstValue="(4)" />
                                                                                            </ScalarOperator>
                                                                                            <ScalarOperator>
                                                                                              <Identifier>
                                                                                                <ColumnReference Column="Expr1047" />
                                                                                              </Identifier>
                                                                                            </ScalarOperator>
                                                                                          </Arithmetic>
                                                                                        </ScalarOperator>
                                                                                        <ScalarOperator>
                                                                                          <Const ConstValue="(4)" />
                                                                                        </ScalarOperator>
                                                                                      </Compare>
                                                                                    </ScalarOperator>
                                                                                    <ScalarOperator>
                                                                                      <Compare CompareOp="IS">
                                                                                        <ScalarOperator>
                                                                                          <Const ConstValue="NULL" />
                                                                                        </ScalarOperator>
                                                                                        <ScalarOperator>
                                                                                          <Identifier>
                                                                                            <ColumnReference Column="Expr1045" />
                                                                                          </Identifier>
                                                                                        </ScalarOperator>
                                                                                      </Compare>
                                                                                    </ScalarOperator>
                                                                                  </Logical>
                                                                                </ScalarOperator>
                                                                              </DefinedValue>
                                                                              <DefinedValue>
                                                                                <ColumnReference Column="Expr1049" />
                                                                                <ScalarOperator ScalarString="(4)&amp;[Expr1047]">
                                                                                  <Arithmetic Operation="BIT_AND">
                                                                                    <ScalarOperator>
                                                                                      <Const ConstValue="(4)" />
                                                                                    </ScalarOperator>
                                                                                    <ScalarOperator>
                                                                                      <Identifier>
                                                                                        <ColumnReference Column="Expr1047" />
                                                                                      </Identifier>
                                                                                    </ScalarOperator>
                                                                                  </Arithmetic>
                                                                                </ScalarOperator>
                                                                              </DefinedValue>
                                                                              <DefinedValue>
                                                                                <ColumnReference Column="Expr1050" />
                                                                                <ScalarOperator ScalarString="(16)&amp;[Expr1047]">
                                                                                  <Arithmetic Operation="BIT_AND">
                                                                                    <ScalarOperator>
                                                                                      <Const ConstValue="(16)" />
                                                                                    </ScalarOperator>
                                                                                    <ScalarOperator>
                                                                                      <Identifier>
                                                                                        <ColumnReference Column="Expr1047" />
                                                                                      </Identifier>
                                                                                    </ScalarOperator>
                                                                                  </Arithmetic>
                                                                                </ScalarOperator>
                                                                              </DefinedValue>
                                                                            </DefinedValues>
                                                                            <RelOp NodeId="45" PhysicalOp="Concatenation" LogicalOp="Concatenation" EstimateRows="2" EstimateIO="0" EstimateCPU="0" AvgRowSize="529" EstimatedTotalSubtreeCost="0" Parallel="0" EstimateRebinds="0" EstimateRewinds="0" EstimatedExecutionMode="Row">
                                                                              <OutputList>
                                                                                <ColumnReference Column="Expr1045" />
                                                                                <ColumnReference Column="Expr1046" />
                                                                                <ColumnReference Column="Expr1047" />
                                                                              </OutputList>
                                                                              <Concat>
                                                                                <DefinedValues>
                                                                                  <DefinedValue>
                                                                                    <ColumnReference Column="Expr1045" />
                                                                                    <ColumnReference Column="Expr1040" />
                                                                                    <ColumnReference Column="Expr1043" />
                                                                                  </DefinedValue>
                                                                                  <DefinedValue>
                                                                                    <ColumnReference Column="Expr1046" />
                                                                                    <ColumnReference Column="Expr1041" />
                                                                                    <ColumnReference Column="Expr1044" />
                                                                                  </DefinedValue>
                                                                                  <DefinedValue>
                                                                                    <ColumnReference Column="Expr1047" />
                                                                                    <ColumnReference Column="Expr1039" />
                                                                                    <ColumnReference Column="Expr1042" />
                                                                                  </DefinedValue>
                                                                                </DefinedValues>
                                                                                <RelOp NodeId="46" PhysicalOp="Compute Scalar" LogicalOp="Compute Scalar" EstimateRows="1" EstimateIO="0" EstimateCPU="0" AvgRowSize="529" EstimatedTotalSubtreeCost="0" Parallel="0" EstimateRebinds="0" EstimateRewinds="0" EstimatedExecutionMode="Row">
                                                                                  <OutputList>
                                                                                    <ColumnReference Column="Expr1040" />
                                                                                    <ColumnReference Column="Expr1041" />
                                                                                    <ColumnReference Column="Expr1039" />
                                                                                  </OutputList>
                                                                                  <ComputeScalar>
                                                                                    <DefinedValues>
                                                                                      <DefinedValue>
                                                                                        <ColumnReference Column="Expr1040" />
                                                                                        <ScalarOperator ScalarString="@SectionEntries.[TellusBuild] as [se].[TellusBuild]">
                                                                                          <Identifier>
                                                                                            <ColumnReference Table="@SectionEntries" Alias="[se]" Column="TellusBuild" />
                                                                                          </Identifier>
                                                                                        </ScalarOperator>
                                                                                      </DefinedValue>
                                                                                      <DefinedValue>
                                                                                        <ColumnReference Column="Expr1041" />
                                                                                        <ScalarOperator ScalarString="@SectionEntries.[TellusBuild] as [se].[TellusBuild]">
                                                                                          <Identifier>
                                                                                            <ColumnReference Table="@SectionEntries" Alias="[se]" Column="TellusBuild" />
                                                                                          </Identifier>
                                                                                        </ScalarOperator>
                                                                                      </DefinedValue>
                                                                                      <DefinedValue>
                                                                                        <ColumnReference Column="Expr1039" />
                                                                                        <ScalarOperator ScalarString="(62)">
                                                                                          <Const ConstValue="(62)" />
                                                                                        </ScalarOperator>
                                                                                      </DefinedValue>
                                                                                    </DefinedValues>
                                                                                    <RelOp NodeId="47" PhysicalOp="Constant Scan" LogicalOp="Constant Scan" EstimateRows="1" EstimateIO="0" EstimateCPU="0" AvgRowSize="0" EstimatedTotalSubtreeCost="0" Parallel="0" EstimateRebinds="0" EstimateRewinds="0" EstimatedExecutionMode="Row">
                                                                                      <OutputList />
                                                                                      <ConstantScan />
                                                                                    </RelOp>
                                                                                  </ComputeScalar>
                                                                                </RelOp>
                                                                                <RelOp NodeId="55" PhysicalOp="Compute Scalar" LogicalOp="Compute Scalar" EstimateRows="1" EstimateIO="0" EstimateCPU="0" AvgRowSize="529" EstimatedTotalSubtreeCost="0" Parallel="0" EstimateRebinds="0" EstimateRewinds="0" EstimatedExecutionMode="Row">
                                                                                  <OutputList>
                                                                                    <ColumnReference Column="Expr1043" />
                                                                                    <ColumnReference Column="Expr1044" />
                                                                                    <ColumnReference Column="Expr1042" />
                                                                                  </OutputList>
                                                                                  <ComputeScalar>
                                                                                    <DefinedValues>
                                                                                      <DefinedValue>
                                                                                        <ColumnReference Column="Expr1043" />
                                                                                        <ScalarOperator ScalarString="@SectionEntries.[RelativeBuild] as [se].[RelativeBuild]">
                                                                                          <Identifier>
                                                                                            <ColumnReference Table="@SectionEntries" Alias="[se]" Column="RelativeBuild" />
                                                                                          </Identifier>
                                                                                        </ScalarOperator>
                                                                                      </DefinedValue>
                                                                                      <DefinedValue>
                                                                                        <ColumnReference Column="Expr1044" />
                                                                                        <ScalarOperator ScalarString="@SectionEntries.[RelativeBuild] as [se].[RelativeBuild]">
                                                                                          <Identifier>
                                                                                            <ColumnReference Table="@SectionEntries" Alias="[se]" Column="RelativeBuild" />
                                                                                          </Identifier>
                                                                                        </ScalarOperator>
                                                                                      </DefinedValue>
                                                                                      <DefinedValue>
                                                                                        <ColumnReference Column="Expr1042" />
                                                                                        <ScalarOperator ScalarString="(62)">
                                                                                          <Const ConstValue="(62)" />
                                                                                        </ScalarOperator>
                                                                                      </DefinedValue>
                                                                                    </DefinedValues>
                                                                                    <RelOp NodeId="56" PhysicalOp="Constant Scan" LogicalOp="Constant Scan" EstimateRows="1" EstimateIO="0" EstimateCPU="0" AvgRowSize="0" EstimatedTotalSubtreeCost="0" Parallel="0" EstimateRebinds="0" EstimateRewinds="0" EstimatedExecutionMode="Row">
                                                                                      <OutputList />
                                                                                      <ConstantScan />
                                                                                    </RelOp>
                                                                                  </ComputeScalar>
                                                                                </RelOp>
                                                                              </Concat>
                                                                            </RelOp>
                                                                          </ComputeScalar>
                                                                        </RelOp>
                                                                      </TopSort>
                                                                    </RelOp>
                                                                  </MergeInterval>
                                                                </RelOp>
                                                                <RelOp NodeId="71" PhysicalOp="Index Seek" LogicalOp="Index Seek" EstimateRows="1" EstimateIO="0.0120139" EstimateCPU="0.000668032" AvgRowSize="93" EstimatedTotalSubtreeCost="0.0126819" TableCardinality="1.36062e+006" Parallel="0" EstimateRebinds="0" EstimateRewinds="0" EstimatedExecutionMode="Row">
                                                                  <OutputList>
                                                                    <ColumnReference Database="[OurLabReporting]" Schema="[dbo]" Table="[View_BuildTestpassMix]" Alias="[btm]" Column="TestPassId" />
                                                                    <ColumnReference Database="[OurLabReporting]" Schema="[dbo]" Table="[View_BuildTestpassMix]" Alias="[btm]" Column="TestPassDefinitionId" />
                                                                    <ColumnReference Database="[OurLabReporting]" Schema="[dbo]" Table="[View_BuildTestpassMix]" Alias="[btm]" Column="MixId" />
                                                                    <ColumnReference Database="[OurLabReporting]" Schema="[dbo]" Table="[View_BuildTestpassMix]" Alias="[btm]" Column="BuildVersionId" />
                                                                    <ColumnReference Database="[OurLabReporting]" Schema="[dbo]" Table="[View_BuildTestpassMix]" Alias="[btm]" Column="FullBuildNumber" />
                                                                    <ColumnReference Column="KeyCo7" />
                                                                  </OutputList>
                                                                  <IndexScan Ordered="1" ScanDirection="FORWARD" ForcedIndex="0" ForceSeek="0" ForceScan="0" NoExpandHint="1" Storage="RowStore">
                                                                    <DefinedValues>
                                                                      <DefinedValue>
                                                                        <ColumnReference Database="[OurLabReporting]" Schema="[dbo]" Table="[View_BuildTestpassMix]" Alias="[btm]" Column="TestPassId" />
                                                                      </DefinedValue>
                                                                      <DefinedValue>
                                                                        <ColumnReference Database="[OurLabReporting]" Schema="[dbo]" Table="[View_BuildTestpassMix]" Alias="[btm]" Column="TestPassDefinitionId" />
                                                                      </DefinedValue>
                                                                      <DefinedValue>
                                                                        <ColumnReference Database="[OurLabReporting]" Schema="[dbo]" Table="[View_BuildTestpassMix]" Alias="[btm]" Column="MixId" />
                                                                      </DefinedValue>
                                                                      <DefinedValue>
                                                                        <ColumnReference Database="[OurLabReporting]" Schema="[dbo]" Table="[View_BuildTestpassMix]" Alias="[btm]" Column="BuildVersionId" />
                                                                      </DefinedValue>
                                                                      <DefinedValue>
                                                                        <ColumnReference Database="[OurLabReporting]" Schema="[dbo]" Table="[View_BuildTestpassMix]" Alias="[btm]" Column="FullBuildNumber" />
                                                                      </DefinedValue>
                                                                      <DefinedValue>
                                                                        <ColumnReference Column="KeyCo7" />
                                                                      </DefinedValue>
                                                                    </DefinedValues>
                                                                    <Object Database="[OurLabReporting]" Schema="[dbo]" Table="[View_BuildTestpassMix]" Index="[View_BuildTestpassMix_BuildTestPassName]" Alias="[btm]" IndexKind="ViewNonClustered" />
                                                                    <SeekPredicates>
                                                                      <SeekPredicateNew>
                                                                        <SeekKeys>
                                                                          <StartRange ScanType="GT">
                                                                            <RangeColumns>
                                                                              <ColumnReference Database="[OurLabReporting]" Schema="[dbo]" Table="[View_BuildTestpassMix]" Alias="[btm]" Column="FullBuildNumber" />
                                                                            </RangeColumns>
                                                                            <RangeExpressions>
                                                                              <ScalarOperator ScalarString="[Expr1045]">
                                                                                <Identifier>
                                                                                  <ColumnReference Column="Expr1045" />
                                                                                </Identifier>
                                                                              </ScalarOperator>
                                                                            </RangeExpressions>
                                                                          </StartRange>
                                                                          <EndRange ScanType="LT">
                                                                            <RangeColumns>
                                                                              <ColumnReference Database="[OurLabReporting]" Schema="[dbo]" Table="[View_BuildTestpassMix]" Alias="[btm]" Column="FullBuildNumber" />
                                                                            </RangeColumns>
                                                                            <RangeExpressions>
                                                                              <ScalarOperator ScalarString="[Expr1046]">
                                                                                <Identifier>
                                                                                  <ColumnReference Column="Expr1046" />
                                                                                </Identifier>
                                                                              </ScalarOperator>
                                                                            </RangeExpressions>
                                                                          </EndRange>
                                                                        </SeekKeys>
                                                                      </SeekPredicateNew>
                                                                    </SeekPredicates>
                                                                    <Predicate>
                                                                      <ScalarOperator ScalarString="[OurLabReporting].[dbo].[View_BuildTestpassMix].[TestPassDefinitionId] as [btm].[TestPassDefinitionId]=[Expr1013]">
                                                                        <Compare CompareOp="EQ">
                                                                          <ScalarOperator>
                                                                            <Identifier>
                                                                              <ColumnReference Database="[OurLabReporting]" Schema="[dbo]" Table="[View_BuildTestpassMix]" Alias="[btm]" Column="TestPassDefinitionId" />
                                                                            </Identifier>
                                                                          </ScalarOperator>
                                                                          <ScalarOperator>
                                                                            <Identifier>
                                                                              <ColumnReference Column="Expr1013" />
                                                                            </Identifier>
                                                                          </ScalarOperator>
                                                                        </Compare>
                                                                      </ScalarOperator>
                                                                    </Predicate>
                                                                  </IndexScan>
                                                                </RelOp>
                                                              </NestedLoops>
                                                            </RelOp>
                                                            <RelOp NodeId="73" PhysicalOp="Clustered Index Seek" LogicalOp="Clustered Index Seek" EstimateRows="1" EstimateIO="0.003125" EstimateCPU="0.0001581" AvgRowSize="111" EstimatedTotalSubtreeCost="0.0032831" TableCardinality="1.36062e+006" Parallel="0" EstimateRebinds="0" EstimateRewinds="0" EstimatedExecutionMode="Row">
                                                              <OutputList />
                                                              <IndexScan Lookup="1" Ordered="1" ScanDirection="FORWARD" ForcedIndex="0" ForceSeek="0" ForceScan="0" NoExpandHint="1" Storage="RowStore">
                                                                <DefinedValues />
                                                                <Object Database="[OurLabReporting]" Schema="[dbo]" Table="[View_BuildTestpassMix]" Index="[View_BuildTestpassMix_PK]" Alias="[btm]" TableReferenceId="-1" IndexKind="ViewClustered" />
                                                                <SeekPredicates>
                                                                  <SeekPredicateNew>
                                                                    <SeekKeys>
                                                                      <Prefix ScanType="EQ">
                                                                        <RangeColumns>
                                                                          <ColumnReference Database="[OurLabReporting]" Schema="[dbo]" Table="[View_BuildTestpassMix]" Alias="[btm]" Column="BuildVersionId" />
                                                                          <ColumnReference Database="[OurLabReporting]" Schema="[dbo]" Table="[View_BuildTestpassMix]" Alias="[btm]" Column="TestPassId" />
                                                                          <ColumnReference Database="[OurLabReporting]" Schema="[dbo]" Table="[View_BuildTestpassMix]" Alias="[btm]" Column="MixId" />
                                                                          <ColumnReference Database="[OurLabReporting]" Schema="[dbo]" Table="[View_BuildTestpassMix]" Alias="[btm]" Column="TestPassDefinitionId" />
                                                                        </RangeColumns>
                                                                        <RangeExpressions>
                                                                          <ScalarOperator ScalarString="[OurLabReporting].[dbo].[View_BuildTestpassMix].[BuildVersionId] as [btm].[BuildVersionId]">
                                                                            <Identifier>
                                                                              <ColumnReference Database="[OurLabReporting]" Schema="[dbo]" Table="[View_BuildTestpassMix]" Alias="[btm]" Column="BuildVersionId" />
                                                                            </Identifier>
                                                                          </ScalarOperator>
                                                                          <ScalarOperator ScalarString="[OurLabReporting].[dbo].[View_BuildTestpassMix].[TestPassId] as [btm].[TestPassId]">
                                                                            <Identifier>
                                                                              <ColumnReference Database="[OurLabReporting]" Schema="[dbo]" Table="[View_BuildTestpassMix]" Alias="[btm]" Column="TestPassId" />
                                                                            </Identifier>
                                                                          </ScalarOperator>
                                                                          <ScalarOperator ScalarString="[OurLabReporting].[dbo].[View_BuildTestpassMix].[MixId] as [btm].[MixId]">
                                                                            <Identifier>
                                                                              <ColumnReference Database="[OurLabReporting]" Schema="[dbo]" Table="[View_BuildTestpassMix]" Alias="[btm]" Column="MixId" />
                                                                            </Identifier>
                                                                          </ScalarOperator>
                                                                          <ScalarOperator ScalarString="[OurLabReporting].[dbo].[View_BuildTestpassMix].[TestPassDefinitionId] as [btm].[TestPassDefinitionId]">
                                                                            <Identifier>
                                                                              <ColumnReference Database="[OurLabReporting]" Schema="[dbo]" Table="[View_BuildTestpassMix]" Alias="[btm]" Column="TestPassDefinitionId" />
                                                                            </Identifier>
                                                                          </ScalarOperator>
                                                                        </RangeExpressions>
                                                                      </Prefix>
                                                                    </SeekKeys>
                                                                  </SeekPredicateNew>
                                                                </SeekPredicates>
                                                                <Predicate>
                                                                  <ScalarOperator ScalarString="[OurLabReporting].[dbo].[View_BuildTestpassMix].[Branch] as [btm].[Branch]=@SectionEntries.[Branch] as [se].[Branch]">
                                                                    <Compare CompareOp="EQ">
                                                                      <ScalarOperator>
                                                                        <Identifier>
                                                                          <ColumnReference Database="[OurLabReporting]" Schema="[dbo]" Table="[View_BuildTestpassMix]" Alias="[btm]" Column="Branch" />
                                                                        </Identifier>
                                                                      </ScalarOperator>
                                                                      <ScalarOperator>
                                                                        <Identifier>
                                                                          <ColumnReference Table="@SectionEntries" Alias="[se]" Column="Branch" />
                                                                        </Identifier>
                                                                      </ScalarOperator>
                                                                    </Compare>
                                                                  </ScalarOperator>
                                                                </Predicate>
                                                              </IndexScan>
                                                            </RelOp>
                                                          </NestedLoops>
                                                        </RelOp>
                                                      </StreamAggregate>
                                                    </RelOp>
                                                  </ComputeScalar>
                                                </RelOp>
                                              </NestedLoops>
                                            </RelOp>
                                            <RelOp NodeId="85" PhysicalOp="Clustered Index Seek" LogicalOp="Clustered Index Seek" EstimateRows="1" EstimateIO="0.003125" EstimateCPU="0.0001581" AvgRowSize="2035" EstimatedTotalSubtreeCost="0.00328318" TableCardinality="1.41186e+006" Parallel="0" EstimateRebinds="0.000485758" EstimateRewinds="0" EstimatedExecutionMode="Row">
                                              <OutputList>
                                                <ColumnReference Database="[OurLabReporting]" Schema="[dbo]" Table="[Testpass]" Alias="[tp]" Column="StartDate" />
                                                <ColumnReference Database="[OurLabReporting]" Schema="[dbo]" Table="[Testpass]" Alias="[tp]" Column="EndDate" />
                                                <ColumnReference Database="[OurLabReporting]" Schema="[dbo]" Table="[Testpass]" Alias="[tp]" Column="GradingStatusId" />
                                                <ColumnReference Database="[OurLabReporting]" Schema="[dbo]" Table="[Testpass]" Alias="[tp]" Column="ReportingUrl" />
                                                <ColumnReference Database="[OurLabReporting]" Schema="[dbo]" Table="[Testpass]" Alias="[tp]" Column="FlightGradingStatusId" />
                                              </OutputList>
                                              <IndexScan Ordered="1" ScanDirection="FORWARD" ForcedIndex="0" ForceSeek="0" ForceScan="0" NoExpandHint="0" Storage="RowStore">
                                                <DefinedValues>
                                                  <DefinedValue>
                                                    <ColumnReference Database="[OurLabReporting]" Schema="[dbo]" Table="[Testpass]" Alias="[tp]" Column="StartDate" />
                                                  </DefinedValue>
                                                  <DefinedValue>
                                                    <ColumnReference Database="[OurLabReporting]" Schema="[dbo]" Table="[Testpass]" Alias="[tp]" Column="EndDate" />
                                                  </DefinedValue>
                                                  <DefinedValue>
                                                    <ColumnReference Database="[OurLabReporting]" Schema="[dbo]" Table="[Testpass]" Alias="[tp]" Column="GradingStatusId" />
                                                  </DefinedValue>
                                                  <DefinedValue>
                                                    <ColumnReference Database="[OurLabReporting]" Schema="[dbo]" Table="[Testpass]" Alias="[tp]" Column="ReportingUrl" />
                                                  </DefinedValue>
                                                  <DefinedValue>
                                                    <ColumnReference Database="[OurLabReporting]" Schema="[dbo]" Table="[Testpass]" Alias="[tp]" Column="FlightGradingStatusId" />
                                                  </DefinedValue>
                                                </DefinedValues>
                                                <Object Database="[OurLabReporting]" Schema="[dbo]" Table="[Testpass]" Index="[Testpass_PK]" Alias="[tp]" IndexKind="Clustered" />
                                                <SeekPredicates>
                                                  <SeekPredicateNew>
                                                    <SeekKeys>
                                                      <Prefix ScanType="EQ">
                                                        <RangeColumns>
                                                          <ColumnReference Database="[OurLabReporting]" Schema="[dbo]" Table="[Testpass]" Alias="[tp]" Column="Id" />
                                                        </RangeColumns>
                                                        <RangeExpressions>
                                                          <ScalarOperator ScalarString="[Expr1020]">
                                                            <Identifier>
                                                              <ColumnReference Column="Expr1020" />
                                                            </Identifier>
                                                          </ScalarOperator>
                                                        </RangeExpressions>
                                                      </Prefix>
                                                    </SeekKeys>
                                                  </SeekPredicateNew>
                                                </SeekPredicates>
                                              </IndexScan>
                                            </RelOp>
                                          </NestedLoops>
                                        </RelOp>
                                        <RelOp NodeId="86" PhysicalOp="Clustered Index Seek" LogicalOp="Clustered Index Seek" EstimateRows="1" EstimateIO="0.003125" EstimateCPU="0.0001581" AvgRowSize="9" EstimatedTotalSubtreeCost="0.00328318" TableCardinality="1875" Parallel="0" EstimateRebinds="0.000485758" EstimateRewinds="0" EstimatedExecutionMode="Row">
                                          <OutputList>
                                            <ColumnReference Database="[OurLabReporting]" Schema="[dbo]" Table="[TestpassDefinition]" Alias="[tpd1]" Column="TestpassTypeId" />
                                          </OutputList>
                                          <IndexScan Ordered="1" ScanDirection="FORWARD" ForcedIndex="0" ForceSeek="0" ForceScan="0" NoExpandHint="0" Storage="RowStore">
                                            <DefinedValues>
                                              <DefinedValue>
                                                <ColumnReference Database="[OurLabReporting]" Schema="[dbo]" Table="[TestpassDefinition]" Alias="[tpd1]" Column="TestpassTypeId" />
                                              </DefinedValue>
                                            </DefinedValues>
                                            <Object Database="[OurLabReporting]" Schema="[dbo]" Table="[TestpassDefinition]" Index="[PK_TestpassDefinition]" Alias="[tpd1]" IndexKind="Clustered" />
                                            <SeekPredicates>
                                              <SeekPredicateNew>
                                                <SeekKeys>
                                                  <Prefix ScanType="EQ">
                                                    <RangeColumns>
                                                      <ColumnReference Database="[OurLabReporting]" Schema="[dbo]" Table="[TestpassDefinition]" Alias="[tpd1]" Column="Id" />
                                                    </RangeColumns>
                                                    <RangeExpressions>
                                                      <ScalarOperator ScalarString="[Expr1017]">
                                                        <Identifier>
                                                          <ColumnReference Column="Expr1017" />
                                                        </Identifier>
                                                      </ScalarOperator>
                                                    </RangeExpressions>
                                                  </Prefix>
                                                </SeekKeys>
                                              </SeekPredicateNew>
                                            </SeekPredicates>
                                          </IndexScan>
                                        </RelOp>
                                      </NestedLoops>
                                    </RelOp>
                                    <RelOp NodeId="87" PhysicalOp="Clustered Index Seek" LogicalOp="Clustered Index Seek" EstimateRows="1" EstimateIO="0.003125" EstimateCPU="0.0001581" AvgRowSize="111" EstimatedTotalSubtreeCost="0.00328318" TableCardinality="39" Parallel="0" EstimateRebinds="0.000485758" EstimateRewinds="0" EstimatedExecutionMode="Row">
                                      <OutputList>
                                        <ColumnReference Database="[OurLabReporting]" Schema="[dbo]" Table="[TestpassType]" Alias="[tpt]" Column="Name" />
                                      </OutputList>
                                      <IndexScan Ordered="1" ScanDirection="FORWARD" ForcedIndex="0" ForceSeek="0" ForceScan="0" NoExpandHint="0" Storage="RowStore">
                                        <DefinedValues>
                                          <DefinedValue>
                                            <ColumnReference Database="[OurLabReporting]" Schema="[dbo]" Table="[TestpassType]" Alias="[tpt]" Column="Name" />
                                          </DefinedValue>
                                        </DefinedValues>
                                        <Object Database="[OurLabReporting]" Schema="[dbo]" Table="[TestpassType]" Index="[PK_TestpassType]" Alias="[tpt]" IndexKind="Clustered" />
                                        <SeekPredicates>
                                          <SeekPredicateNew>
                                            <SeekKeys>
                                              <Prefix ScanType="EQ">
                                                <RangeColumns>
                                                  <ColumnReference Database="[OurLabReporting]" Schema="[dbo]" Table="[TestpassType]" Alias="[tpt]" Column="Id" />
                                                </RangeColumns>
                                                <RangeExpressions>
                                                  <ScalarOperator ScalarString="[OurLabReporting].[dbo].[TestpassDefinition].[TestpassTypeId] as [tpd1].[TestpassTypeId]">
                                                    <Identifier>
                                                      <ColumnReference Database="[OurLabReporting]" Schema="[dbo]" Table="[TestpassDefinition]" Alias="[tpd1]" Column="TestpassTypeId" />
                                                    </Identifier>
                                                  </ScalarOperator>
                                                </RangeExpressions>
                                              </Prefix>
                                            </SeekKeys>
                                          </SeekPredicateNew>
                                        </SeekPredicates>
                                      </IndexScan>
                                    </RelOp>
                                  </NestedLoops>
                                </RelOp>
                                <RelOp NodeId="88" PhysicalOp="Clustered Index Seek" LogicalOp="Clustered Index Seek" EstimateRows="1" EstimateIO="0.003125" EstimateCPU="0.0001581" AvgRowSize="33" EstimatedTotalSubtreeCost="0.00328318" TableCardinality="96" Parallel="0" EstimateRebinds="0.000485758" EstimateRewinds="0" EstimatedExecutionMode="Row">
                                  <OutputList>
                                    <ColumnReference Database="[OurLabReporting]" Schema="[dbo]" Table="[Status]" Alias="[s]" Column="Type" />
                                    <ColumnReference Database="[OurLabReporting]" Schema="[dbo]" Table="[Status]" Alias="[s]" Column="Status" />
                                  </OutputList>
                                  <IndexScan Ordered="1" ScanDirection="FORWARD" ForcedIndex="0" ForceSeek="0" ForceScan="0" NoExpandHint="0" Storage="RowStore">
                                    <DefinedValues>
                                      <DefinedValue>
                                        <ColumnReference Database="[OurLabReporting]" Schema="[dbo]" Table="[Status]" Alias="[s]" Column="Type" />
                                      </DefinedValue>
                                      <DefinedValue>
                                        <ColumnReference Database="[OurLabReporting]" Schema="[dbo]" Table="[Status]" Alias="[s]" Column="Status" />
                                      </DefinedValue>
                                    </DefinedValues>
                                    <Object Database="[OurLabReporting]" Schema="[dbo]" Table="[Status]" Index="[Status_PK]" Alias="[s]" IndexKind="Clustered" />
                                    <SeekPredicates>
                                      <SeekPredicateNew>
                                        <SeekKeys>
                                          <Prefix ScanType="EQ">
                                            <RangeColumns>
                                              <ColumnReference Database="[OurLabReporting]" Schema="[dbo]" Table="[Status]" Alias="[s]" Column="Id" />
                                            </RangeColumns>
                                            <RangeExpressions>
                                              <ScalarOperator ScalarString="[OurLabReporting].[dbo].[Testpass].[GradingStatusId] as [tp].[GradingStatusId]">
                                                <Identifier>
                                                  <ColumnReference Database="[OurLabReporting]" Schema="[dbo]" Table="[Testpass]" Alias="[tp]" Column="GradingStatusId" />
                                                </Identifier>
                                              </ScalarOperator>
                                            </RangeExpressions>
                                          </Prefix>
                                        </SeekKeys>
                                      </SeekPredicateNew>
                                    </SeekPredicates>
                                    <Predicate>
                                      <ScalarOperator ScalarString="[OurLabReporting].[dbo].[Status].[Type] as [s].[Type]='TestpassGrade'">
                                        <Compare CompareOp="EQ">
                                          <ScalarOperator>
                                            <Identifier>
                                              <ColumnReference Database="[OurLabReporting]" Schema="[dbo]" Table="[Status]" Alias="[s]" Column="Type" />
                                            </Identifier>
                                          </ScalarOperator>
                                          <ScalarOperator>
                                            <Const ConstValue="'TestpassGrade'" />
                                          </ScalarOperator>
                                        </Compare>
                                      </ScalarOperator>
                                    </Predicate>
                                  </IndexScan>
                                </RelOp>
                              </NestedLoops>
                            </RelOp>
                          </ComputeScalar>
                        </RelOp>
                        <RelOp NodeId="92" PhysicalOp="Filter" LogicalOp="Filter" EstimateRows="1" EstimateIO="0" EstimateCPU="4.8e-007" AvgRowSize="24" EstimatedTotalSubtreeCost="0.00328366" Parallel="0" EstimateRebinds="0" EstimateRewinds="0.000485758" EstimatedExecutionMode="Row">
                          <OutputList>
                            <ColumnReference Database="[OurLabReporting]" Schema="[dbo]" Table="[Status]" Alias="[s1]" Column="Status" />
                          </OutputList>
                          <Filter StartupExpression="1">
                            <RelOp NodeId="93" PhysicalOp="Clustered Index Seek" LogicalOp="Clustered Index Seek" EstimateRows="1" EstimateIO="0.003125" EstimateCPU="0.0001581" AvgRowSize="24" EstimatedTotalSubtreeCost="0.00328318" TableCardinality="96" Parallel="0" EstimateRebinds="0" EstimateRewinds="0.000485758" EstimatedExecutionMode="Row">
                              <OutputList>
                                <ColumnReference Database="[OurLabReporting]" Schema="[dbo]" Table="[Status]" Alias="[s1]" Column="Status" />
                              </OutputList>
                              <IndexScan Ordered="1" ScanDirection="FORWARD" ForcedIndex="0" ForceSeek="0" ForceScan="0" NoExpandHint="0" Storage="RowStore">
                                <DefinedValues>
                                  <DefinedValue>
                                    <ColumnReference Database="[OurLabReporting]" Schema="[dbo]" Table="[Status]" Alias="[s1]" Column="Status" />
                                  </DefinedValue>
                                </DefinedValues>
                                <Object Database="[OurLabReporting]" Schema="[dbo]" Table="[Status]" Index="[Status_PK]" Alias="[s1]" IndexKind="Clustered" />
                                <SeekPredicates>
                                  <SeekPredicateNew>
                                    <SeekKeys>
                                      <Prefix ScanType="EQ">
                                        <RangeColumns>
                                          <ColumnReference Database="[OurLabReporting]" Schema="[dbo]" Table="[Status]" Alias="[s1]" Column="Id" />
                                        </RangeColumns>
                                        <RangeExpressions>
                                          <ScalarOperator ScalarString="[OurLabReporting].[dbo].[Testpass].[FlightGradingStatusId] as [tp].[FlightGradingStatusId]">
                                            <Identifier>
                                              <ColumnReference Database="[OurLabReporting]" Schema="[dbo]" Table="[Testpass]" Alias="[tp]" Column="FlightGradingStatusId" />
                                            </Identifier>
                                          </ScalarOperator>
                                        </RangeExpressions>
                                      </Prefix>
                                    </SeekKeys>
                                  </SeekPredicateNew>
                                </SeekPredicates>
                              </IndexScan>
                            </RelOp>
                            <Predicate>
                              <ScalarOperator ScalarString="[OurLabReporting].[dbo].[Status].[Type] as [s].[Type]='TestpassGrade'">
                                <Compare CompareOp="EQ">
                                  <ScalarOperator>
                                    <Identifier>
                                      <ColumnReference Database="[OurLabReporting]" Schema="[dbo]" Table="[Status]" Alias="[s]" Column="Type" />
                                    </Identifier>
                                  </ScalarOperator>
                                  <ScalarOperator>
                                    <Const ConstValue="'TestpassGrade'" />
                                  </ScalarOperator>
                                </Compare>
                              </ScalarOperator>
                            </Predicate>
                          </Filter>
                        </RelOp>
                      </NestedLoops>
                    </RelOp>
                  </ComputeScalar>
                </RelOp>
              </Update>
            </RelOp>
          </QueryPlan>
        </StmtSimple>
        <StmtSimple StatementText=";WITH id AS (&#xD;&#xA;    SELECT SortOrder AS RowId, ROW_NUMBER() OVER (PARTITION BY SectionId, SectionEntryId, Build ORDER BY Id DESC) RowNumber&#xD;&#xA;    FROM @TestPasses&#xD;&#xA;)&#xD;&#xA;DELETE FROM @TestPasses&#xD;&#xA;WHERE NOT EXISTS (&#xD;&#xA;    SELECT 1&#xD;&#xA;    FROM id&#xD;&#xA;    WHERE RowNumber = 1 AND RowId = SortOrder&#xD;&#xA;)&#xD;&#xA;&#xD;&#xA;-- Cache test pass and mix info&#xD;" StatementId="5" StatementCompId="7" StatementType="DELETE" RetrievedFromCache="true" StatementSubTreeCost="0.0411593" StatementEstRows="1" StatementOptmLevel="FULL" QueryHash="0x9D5EE0C1FBF9A611" QueryPlanHash="0x8208DEE4981D7C1E" StatementOptmEarlyAbortReason="GoodEnoughPlanFound">
          <StatementSetOptions QUOTED_IDENTIFIER="true" ARITHABORT="true" CONCAT_NULL_YIELDS_NULL="true" ANSI_NULLS="true" ANSI_PADDING="true" ANSI_WARNINGS="true" NUMERIC_ROUNDABORT="false" />
          <QueryPlan NonParallelPlanReason="MaxDOPSetToOne" CachedPlanSize="32" CompileTime="7" CompileCPU="7" CompileMemory="856">
            <MemoryGrantInfo SerialRequiredMemory="512" SerialDesiredMemory="544" />
            <OptimizerHardwareDependentProperties EstimatedAvailableMemoryGrant="193313" EstimatedPagesCached="773254" EstimatedAvailableDegreeOfParallelism="1" />
            <RelOp NodeId="0" PhysicalOp="Table Delete" LogicalOp="Delete" EstimateRows="1" EstimateIO="0.01" EstimateCPU="1e-006" AvgRowSize="9" EstimatedTotalSubtreeCost="0.0411593" Parallel="0" EstimateRebinds="0" EstimateRewinds="0" EstimatedExecutionMode="Row">
              <OutputList />
              <Update DMLRequestSort="0">
                <Object Table="[@TestPasses]" />
                <RelOp NodeId="1" PhysicalOp="Table Spool" LogicalOp="Eager Spool" EstimateRows="1" EstimateIO="0.013125" EstimateCPU="0.00010046" AvgRowSize="15" EstimatedTotalSubtreeCost="0.0311583" Parallel="0" EstimateRebinds="0" EstimateRewinds="0" EstimatedExecutionMode="Row">
                  <OutputList>
                    <ColumnReference Column="Bmk1000" />
                  </OutputList>
                  <Spool>
                    <RelOp NodeId="2" PhysicalOp="Nested Loops" LogicalOp="Left Anti Semi Join" EstimateRows="1" EstimateIO="0" EstimateCPU="4.18e-006" AvgRowSize="15" EstimatedTotalSubtreeCost="0.0179328" Parallel="0" EstimateRebinds="0" EstimateRewinds="0" EstimatedExecutionMode="Row">
                      <OutputList>
                        <ColumnReference Column="Bmk1000" />
                      </OutputList>
                      <NestedLoops Optimized="0">
                        <Predicate>
                          <ScalarOperator ScalarString="[SortOrder]=[SortOrder]">
                            <Compare CompareOp="EQ">
                              <ScalarOperator>
                                <Identifier>
                                  <ColumnReference Column="SortOrder" />
                                </Identifier>
                              </ScalarOperator>
                              <ScalarOperator>
                                <Identifier>
                                  <ColumnReference Column="SortOrder" />
                                </Identifier>
                              </ScalarOperator>
                            </Compare>
                          </ScalarOperator>
                        </Predicate>
                        <RelOp NodeId="3" PhysicalOp="Table Scan" LogicalOp="Table Scan" EstimateRows="1" EstimateIO="0.003125" EstimateCPU="0.0001581" AvgRowSize="17" EstimatedTotalSubtreeCost="0.0032831" TableCardinality="0" Parallel="0" EstimateRebinds="0" EstimateRewinds="0" EstimatedExecutionMode="Row">
                          <OutputList>
                            <ColumnReference Column="Bmk1000" />
                            <ColumnReference Column="SortOrder" />
                          </OutputList>
                          <TableScan Ordered="1" ForcedIndex="0" ForceScan="0" NoExpandHint="0">
                            <DefinedValues>
                              <DefinedValue>
                                <ColumnReference Column="Bmk1000" />
                              </DefinedValue>
                              <DefinedValue>
                                <ColumnReference Column="SortOrder" />
                              </DefinedValue>
                            </DefinedValues>
                            <Object Table="[@TestPasses]" TableReferenceId="1" />
                          </TableScan>
                        </RelOp>
                        <RelOp NodeId="4" PhysicalOp="Filter" LogicalOp="Filter" EstimateRows="1" EstimateIO="0" EstimateCPU="4.8e-007" AvgRowSize="9" EstimatedTotalSubtreeCost="0.0146452" Parallel="0" EstimateRebinds="0" EstimateRewinds="0" EstimatedExecutionMode="Row">
                          <OutputList>
                            <ColumnReference Column="SortOrder" />
                          </OutputList>
                          <Filter StartupExpression="0">
                            <RelOp NodeId="5" PhysicalOp="Sequence Project" LogicalOp="Compute Scalar" EstimateRows="1" EstimateIO="0" EstimateCPU="8e-008" AvgRowSize="17" EstimatedTotalSubtreeCost="0.0146447" Parallel="0" EstimateRebinds="0" EstimateRewinds="0" EstimatedExecutionMode="Row">
                              <OutputList>
                                <ColumnReference Column="SortOrder" />
                                <ColumnReference Column="Expr1008" />
                              </OutputList>
                              <SequenceProject>
                                <DefinedValues>
                                  <DefinedValue>
                                    <ColumnReference Column="Expr1008" />
                                    <ScalarOperator ScalarString="row_number">
                                      <Sequence FunctionName="row_number" />
                                    </ScalarOperator>
                                  </DefinedValue>
                                </DefinedValues>
                                <RelOp NodeId="6" PhysicalOp="Segment" LogicalOp="Segment" EstimateRows="1" EstimateIO="0" EstimateCPU="2e-008" AvgRowSize="17" EstimatedTotalSubtreeCost="0.0146447" Parallel="0" EstimateRebinds="0" EstimateRewinds="0" EstimatedExecutionMode="Row">
                                  <OutputList>
                                    <ColumnReference Column="SortOrder" />
                                    <ColumnReference Column="SectionId" />
                                    <ColumnReference Column="SectionEntryId" />
                                    <ColumnReference Column="Build" />
                                    <ColumnReference Column="Id" />
                                    <ColumnReference Column="Segment1014" />
                                  </OutputList>
                                  <Segment>
                                    <GroupBy>
                                      <ColumnReference Column="SectionId" />
                                      <ColumnReference Column="SectionEntryId" />
                                      <ColumnReference Column="Build" />
                                    </GroupBy>
                                    <SegmentColumn>
                                      <ColumnReference Column="Segment1014" />
                                    </SegmentColumn>
                                    <RelOp NodeId="7" PhysicalOp="Sort" LogicalOp="Sort" EstimateRows="1" EstimateIO="0.0112613" EstimateCPU="0.000100281" AvgRowSize="281" EstimatedTotalSubtreeCost="0.0146446" Parallel="0" EstimateRebinds="0" EstimateRewinds="0" EstimatedExecutionMode="Row">
                                      <OutputList>
                                        <ColumnReference Column="SortOrder" />
                                        <ColumnReference Column="SectionId" />
                                        <ColumnReference Column="SectionEntryId" />
                                        <ColumnReference Column="Build" />
                                        <ColumnReference Column="Id" />
                                      </OutputList>
                                      <MemoryFractions Input="1" Output="1" />
                                      <Sort Distinct="0">
                                        <OrderBy>
                                          <OrderByColumn Ascending="1">
                                            <ColumnReference Column="SectionId" />
                                          </OrderByColumn>
                                          <OrderByColumn Ascending="1">
                                            <ColumnReference Column="SectionEntryId" />
                                          </OrderByColumn>
                                          <OrderByColumn Ascending="1">
                                            <ColumnReference Column="Build" />
                                          </OrderByColumn>
                                          <OrderByColumn Ascending="0">
                                            <ColumnReference Column="Id" />
                                          </OrderByColumn>
                                        </OrderBy>
                                        <RelOp NodeId="8" PhysicalOp="Table Scan" LogicalOp="Table Scan" EstimateRows="1" EstimateIO="0.003125" EstimateCPU="0.0001581" AvgRowSize="281" EstimatedTotalSubtreeCost="0.0032831" TableCardinality="0" Parallel="0" EstimateRebinds="0" EstimateRewinds="0" EstimatedExecutionMode="Row">
                                          <OutputList>
                                            <ColumnReference Column="SortOrder" />
                                            <ColumnReference Column="SectionId" />
                                            <ColumnReference Column="SectionEntryId" />
                                            <ColumnReference Column="Build" />
                                            <ColumnReference Column="Id" />
                                          </OutputList>
                                          <TableScan Ordered="0" ForcedIndex="0" ForceScan="0" NoExpandHint="0">
                                            <DefinedValues>
                                              <DefinedValue>
                                                <ColumnReference Column="SortOrder" />
                                              </DefinedValue>
                                              <DefinedValue>
                                                <ColumnReference Column="SectionId" />
                                              </DefinedValue>
                                              <DefinedValue>
                                                <ColumnReference Column="SectionEntryId" />
                                              </DefinedValue>
                                              <DefinedValue>
                                                <ColumnReference Column="Build" />
                                              </DefinedValue>
                                              <DefinedValue>
                                                <ColumnReference Column="Id" />
                                              </DefinedValue>
                                            </DefinedValues>
                                            <Object Table="[@TestPasses]" TableReferenceId="2" />
                                          </TableScan>
                                        </RelOp>
                                      </Sort>
                                    </RelOp>
                                  </Segment>
                                </RelOp>
                              </SequenceProject>
                            </RelOp>
                            <Predicate>
                              <ScalarOperator ScalarString="[Expr1008]=(1)">
                                <Compare CompareOp="EQ">
                                  <ScalarOperator>
                                    <Identifier>
                                      <ColumnReference Column="Expr1008" />
                                    </Identifier>
                                  </ScalarOperator>
                                  <ScalarOperator>
                                    <Const ConstValue="(1)" />
                                  </ScalarOperator>
                                </Compare>
                              </ScalarOperator>
                            </Predicate>
                          </Filter>
                        </RelOp>
                      </NestedLoops>
                    </RelOp>
                  </Spool>
                </RelOp>
              </Update>
            </RelOp>
          </QueryPlan>
        </StmtSimple>
        <StmtSimple StatementText="&#xA;DECLARE @TestPassMix table (&#xD;&#xA;    TestPassId int,&#xD;&#xA;    MixId int&#xD;&#xA;    PRIMARY KEY (TestPassId, MixId)&#xD;&#xA;)&#xD;&#xA;&#xD;&#xA;INSERT INTO @TestPassMix&#xD;&#xA;SELECT DISTINCT tp.Id, btm.MixId&#xD;&#xA;FROM @TestPasses tp&#xD;&#xA;    INNER JOIN dbo.View_BuildTestpassMix btm WITH (NOLOCK, NOEXPAND) ON btm.TestPassId = tp.Id&#xD;&#xA;&#xD;&#xA;-- Saves failures for test passes being queried&#xD;" StatementId="6" StatementCompId="9" StatementType="INSERT" RetrievedFromCache="true" StatementSubTreeCost="37.521" StatementEstRows="1.11828" StatementOptmLevel="FULL" QueryHash="0xFE36260ED017F595" QueryPlanHash="0xBE1C8548CDF3890C">
          <StatementSetOptions QUOTED_IDENTIFIER="true" ARITHABORT="true" CONCAT_NULL_YIELDS_NULL="true" ANSI_NULLS="true" ANSI_PADDING="true" ANSI_WARNINGS="true" NUMERIC_ROUNDABORT="false" />
          <QueryPlan NonParallelPlanReason="MaxDOPSetToOne" CachedPlanSize="40" CompileTime="3" CompileCPU="3" CompileMemory="760">
            <MissingIndexes>
              <MissingIndexGroup Impact="99.924">
                <MissingIndex Database="[OurLabReporting]" Schema="[dbo]" Table="[View_BuildTestpassMix]">
                  <ColumnGroup Usage="EQUALITY">
                    <Column Name="[TestPassId]" ColumnId="1" />
                  </ColumnGroup>
                  <ColumnGroup Usage="INCLUDE">
                    <Column Name="[MixId]" ColumnId="3" />
                  </ColumnGroup>
                </MissingIndex>
              </MissingIndexGroup>
            </MissingIndexes>
            <MemoryGrantInfo SerialRequiredMemory="1536" SerialDesiredMemory="2000" />
            <OptimizerHardwareDependentProperties EstimatedAvailableMemoryGrant="193313" EstimatedPagesCached="773254" EstimatedAvailableDegreeOfParallelism="1" />
            <RelOp NodeId="0" PhysicalOp="Clustered Index Insert" LogicalOp="Insert" EstimateRows="1.11828" EstimateIO="0.01" EstimateCPU="1.11828e-006" AvgRowSize="9" EstimatedTotalSubtreeCost="37.521" Parallel="0" EstimateRebinds="0" EstimateRewinds="0" EstimatedExecutionMode="Row">
              <OutputList />
              <Update DMLRequestSort="0">
                <Object Table="[@TestPassMix]" Index="[PK__#B461A41__A429706ACAD071D6]" />
                <SetPredicate>
                  <ScalarOperator ScalarString="[TestPassId] = @TestPasses.[Id] as [tp].[Id],[MixId] = [OurLabReporting].[dbo].[View_BuildTestpassMix].[MixId] as [btm].[MixId]">
                    <ScalarExpressionList>
                      <ScalarOperator>
                        <MultipleAssign>
                          <Assign>
                            <ColumnReference Column="TestPassId" />
                            <ScalarOperator>
                              <Identifier>
                                <ColumnReference Table="@TestPasses" Alias="[tp]" Column="Id" />
                              </Identifier>
                            </ScalarOperator>
                          </Assign>
                          <Assign>
                            <ColumnReference Column="MixId" />
                            <ScalarOperator>
                              <Identifier>
                                <ColumnReference Database="[OurLabReporting]" Schema="[dbo]" Table="[View_BuildTestpassMix]" Alias="[btm]" Column="MixId" />
                              </Identifier>
                            </ScalarOperator>
                          </Assign>
                        </MultipleAssign>
                      </ScalarOperator>
                    </ScalarExpressionList>
                  </ScalarOperator>
                </SetPredicate>
                <RelOp NodeId="1" PhysicalOp="Sort" LogicalOp="Distinct Sort" EstimateRows="1.11828" EstimateIO="0.0112613" EstimateCPU="0.000100296" AvgRowSize="15" EstimatedTotalSubtreeCost="37.511" Parallel="0" EstimateRebinds="0" EstimateRewinds="0" EstimatedExecutionMode="Row">
                  <OutputList>
                    <ColumnReference Table="@TestPasses" Alias="[tp]" Column="Id" />
                    <ColumnReference Database="[OurLabReporting]" Schema="[dbo]" Table="[View_BuildTestpassMix]" Alias="[btm]" Column="MixId" />
                  </OutputList>
                  <MemoryFractions Input="0.0689655" Output="1" />
                  <Sort Distinct="1">
                    <OrderBy>
                      <OrderByColumn Ascending="1">
                        <ColumnReference Table="@TestPasses" Alias="[tp]" Column="Id" />
                      </OrderByColumn>
                      <OrderByColumn Ascending="1">
                        <ColumnReference Database="[OurLabReporting]" Schema="[dbo]" Table="[View_BuildTestpassMix]" Alias="[btm]" Column="MixId" />
                      </OrderByColumn>
                    </OrderBy>
                    <RelOp NodeId="2" PhysicalOp="Hash Match" LogicalOp="Inner Join" EstimateRows="1.11828" EstimateIO="0" EstimateCPU="8.91041" AvgRowSize="15" EstimatedTotalSubtreeCost="37.4996" Parallel="0" EstimateRebinds="0" EstimateRewinds="0" EstimatedExecutionMode="Row">
                      <OutputList>
                        <ColumnReference Table="@TestPasses" Alias="[tp]" Column="Id" />
                        <ColumnReference Database="[OurLabReporting]" Schema="[dbo]" Table="[View_BuildTestpassMix]" Alias="[btm]" Column="MixId" />
                      </OutputList>
                      <MemoryFractions Input="1" Output="0.931034" />
                      <Hash>
                        <DefinedValues />
                        <HashKeysBuild>
                          <ColumnReference Table="@TestPasses" Alias="[tp]" Column="Id" />
                        </HashKeysBuild>
                        <HashKeysProbe>
                          <ColumnReference Database="[OurLabReporting]" Schema="[dbo]" Table="[View_BuildTestpassMix]" Alias="[btm]" Column="TestPassId" />
                        </HashKeysProbe>
                        <ProbeResidual>
                          <ScalarOperator ScalarString="@TestPasses.[Id] as [tp].[Id]=[OurLabReporting].[dbo].[View_BuildTestpassMix].[TestPassId] as [btm].[TestPassId]">
                            <Compare CompareOp="EQ">
                              <ScalarOperator>
                                <Identifier>
                                  <ColumnReference Table="@TestPasses" Alias="[tp]" Column="Id" />
                                </Identifier>
                              </ScalarOperator>
                              <ScalarOperator>
                                <Identifier>
                                  <ColumnReference Database="[OurLabReporting]" Schema="[dbo]" Table="[View_BuildTestpassMix]" Alias="[btm]" Column="TestPassId" />
                                </Identifier>
                              </ScalarOperator>
                            </Compare>
                          </ScalarOperator>
                        </ProbeResidual>
                        <RelOp NodeId="3" PhysicalOp="Table Scan" LogicalOp="Table Scan" EstimateRows="1" EstimateIO="0.003125" EstimateCPU="0.0001581" AvgRowSize="11" EstimatedTotalSubtreeCost="0.0032831" TableCardinality="0" Parallel="0" EstimateRebinds="0" EstimateRewinds="0" EstimatedExecutionMode="Row">
                          <OutputList>
                            <ColumnReference Table="@TestPasses" Alias="[tp]" Column="Id" />
                          </OutputList>
                          <TableScan Ordered="0" ForcedIndex="0" ForceScan="0" NoExpandHint="0">
                            <DefinedValues>
                              <DefinedValue>
                                <ColumnReference Table="@TestPasses" Alias="[tp]" Column="Id" />
                              </DefinedValue>
                            </DefinedValues>
                            <Object Table="[@TestPasses]" Alias="[tp]" />
                          </TableScan>
                        </RelOp>
                        <RelOp NodeId="4" PhysicalOp="Index Scan" LogicalOp="Index Scan" EstimateRows="1.36062e+006" EstimateIO="27.0891" EstimateCPU="1.49684" AvgRowSize="15" EstimatedTotalSubtreeCost="28.5859" TableCardinality="1.36062e+006" Parallel="0" EstimateRebinds="0" EstimateRewinds="0" EstimatedExecutionMode="Row">
                          <OutputList>
                            <ColumnReference Database="[OurLabReporting]" Schema="[dbo]" Table="[View_BuildTestpassMix]" Alias="[btm]" Column="TestPassId" />
                            <ColumnReference Database="[OurLabReporting]" Schema="[dbo]" Table="[View_BuildTestpassMix]" Alias="[btm]" Column="MixId" />
                          </OutputList>
                          <IndexScan Ordered="0" ForcedIndex="0" ForceSeek="0" ForceScan="0" NoExpandHint="1" Storage="RowStore">
                            <DefinedValues>
                              <DefinedValue>
                                <ColumnReference Database="[OurLabReporting]" Schema="[dbo]" Table="[View_BuildTestpassMix]" Alias="[btm]" Column="TestPassId" />
                              </DefinedValue>
                              <DefinedValue>
                                <ColumnReference Database="[OurLabReporting]" Schema="[dbo]" Table="[View_BuildTestpassMix]" Alias="[btm]" Column="MixId" />
                              </DefinedValue>
                            </DefinedValues>
                            <Object Database="[OurLabReporting]" Schema="[dbo]" Table="[View_BuildTestpassMix]" Index="[View_BuildTestpassMix_BuildTestPassName]" Alias="[btm]" IndexKind="ViewNonClustered" />
                          </IndexScan>
                        </RelOp>
                      </Hash>
                    </RelOp>
                  </Sort>
                </RelOp>
              </Update>
            </RelOp>
          </QueryPlan>
        </StmtSimple>
        <StmtSimple StatementText="&#xA;DECLARE @TestPassFailures table (&#xD;&#xA;    Id int,&#xD;&#xA;    StatusId int,&#xD;&#xA;    FailureTypeId int,&#xD;&#xA;    IsPrimary bit,&#xD;&#xA;    TestPassId int,&#xD;&#xA;    PRIMARY KEY (TestPassId, Id)&#xD;&#xA;)&#xD;&#xA;&#xD;&#xA;DECLARE @OverallTestPassFailures table (&#xD;&#xA;    Id int,&#xD;&#xA;    StatusId int,&#xD;&#xA;    FailureTypeId int,&#xD;&#xA;    IsPrimary bit,&#xD;&#xA;    TestPassId int,&#xD;&#xA;    PRIMARY KEY (TestPassId, Id)&#xD;&#xA;)&#xD;&#xA;&#xD;&#xA;&#xD;&#xA;DECLARE @InfrastructureFailureTypeId int = (SELECT Id FROM dbo.FailureType WITH (NOLOCK) WHERE [Type] = N'Infrastructure')&#xD;" StatementId="7" StatementCompId="12" StatementType="SELECT" RetrievedFromCache="true" StatementSubTreeCost="0.0032985" StatementEstRows="1" StatementOptmLevel="FULL" QueryHash="0x3B98B683BBD1274A" QueryPlanHash="0x4096651AAE5EC58F" StatementOptmEarlyAbortReason="GoodEnoughPlanFound">
          <StatementSetOptions QUOTED_IDENTIFIER="true" ARITHABORT="true" CONCAT_NULL_YIELDS_NULL="true" ANSI_NULLS="true" ANSI_PADDING="true" ANSI_WARNINGS="true" NUMERIC_ROUNDABORT="false" />
          <QueryPlan NonParallelPlanReason="MaxDOPSetToOne" CachedPlanSize="16" CompileTime="1" CompileCPU="1" CompileMemory="704">
            <MemoryGrantInfo SerialRequiredMemory="0" SerialDesiredMemory="0" />
            <OptimizerHardwareDependentProperties EstimatedAvailableMemoryGrant="193313" EstimatedPagesCached="773254" EstimatedAvailableDegreeOfParallelism="1" />
            <RelOp NodeId="0" PhysicalOp="Compute Scalar" LogicalOp="Compute Scalar" EstimateRows="1" EstimateIO="0" EstimateCPU="1e-007" AvgRowSize="11" EstimatedTotalSubtreeCost="0.0032985" Parallel="0" EstimateRebinds="0" EstimateRewinds="0" EstimatedExecutionMode="Row">
              <OutputList>
                <ColumnReference Column="Expr1004" />
              </OutputList>
              <ComputeScalar>
                <DefinedValues>
                  <DefinedValue>
                    <ColumnReference Column="Expr1004" />
                    <ScalarOperator ScalarString="[Expr1006]">
                      <Identifier>
                        <ColumnReference Column="Expr1006" />
                      </Identifier>
                    </ScalarOperator>
                  </DefinedValue>
                </DefinedValues>
                <RelOp NodeId="1" PhysicalOp="Nested Loops" LogicalOp="Left Outer Join" EstimateRows="1" EstimateIO="0" EstimateCPU="4.18e-006" AvgRowSize="11" EstimatedTotalSubtreeCost="0.0032984" Parallel="0" EstimateRebinds="0" EstimateRewinds="0" EstimatedExecutionMode="Row">
                  <OutputList>
                    <ColumnReference Column="Expr1006" />
                  </OutputList>
                  <NestedLoops Optimized="0">
                    <RelOp NodeId="2" PhysicalOp="Constant Scan" LogicalOp="Constant Scan" EstimateRows="1" EstimateIO="0" EstimateCPU="1.157e-006" AvgRowSize="9" EstimatedTotalSubtreeCost="1.157e-006" Parallel="0" EstimateRebinds="0" EstimateRewinds="0" EstimatedExecutionMode="Row">
                      <OutputList />
                      <ConstantScan />
                    </RelOp>
                    <RelOp NodeId="3" PhysicalOp="Assert" LogicalOp="Assert" EstimateRows="1" EstimateIO="0" EstimateCPU="4.8e-007" AvgRowSize="11" EstimatedTotalSubtreeCost="0.00329306" Parallel="0" EstimateRebinds="0" EstimateRewinds="0" EstimatedExecutionMode="Row">
                      <OutputList>
                        <ColumnReference Column="Expr1006" />
                      </OutputList>
                      <Assert StartupExpression="0">
                        <RelOp NodeId="4" PhysicalOp="Stream Aggregate" LogicalOp="Aggregate" EstimateRows="1" EstimateIO="0" EstimateCPU="1.1e-006" AvgRowSize="19" EstimatedTotalSubtreeCost="0.00329258" Parallel="0" EstimateRebinds="0" EstimateRewinds="0" EstimatedExecutionMode="Row">
                          <OutputList>
                            <ColumnReference Column="Expr1005" />
                            <ColumnReference Column="Expr1006" />
                          </OutputList>
                          <StreamAggregate>
                            <DefinedValues>
                              <DefinedValue>
                                <ColumnReference Column="Expr1005" />
                                <ScalarOperator ScalarString="Count(*)">
                                  <Aggregate AggType="countstar" Distinct="0" />
                                </ScalarOperator>
                              </DefinedValue>
                              <DefinedValue>
                                <ColumnReference Column="Expr1006" />
                                <ScalarOperator ScalarString="ANY([OurLabReporting].[dbo].[FailureType].[Id])">
                                  <Aggregate Distinct="0" AggType="ANY">
                                    <ScalarOperator>
                                      <Identifier>
                                        <ColumnReference Database="[OurLabReporting]" Schema="[dbo]" Table="[FailureType]" Column="Id" />
                                      </Identifier>
                                    </ScalarOperator>
                                  </Aggregate>
                                </ScalarOperator>
                              </DefinedValue>
                            </DefinedValues>
                            <RelOp NodeId="5" PhysicalOp="Clustered Index Scan" LogicalOp="Clustered Index Scan" EstimateRows="1" EstimateIO="0.003125" EstimateCPU="0.0001636" AvgRowSize="38" EstimatedTotalSubtreeCost="0.0032886" TableCardinality="6" Parallel="0" EstimateRebinds="0" EstimateRewinds="0" EstimatedExecutionMode="Row">
                              <OutputList>
                                <ColumnReference Database="[OurLabReporting]" Schema="[dbo]" Table="[FailureType]" Column="Id" />
                              </OutputList>
                              <IndexScan Ordered="0" ForcedIndex="0" ForceScan="0" NoExpandHint="0">
                                <DefinedValues>
                                  <DefinedValue>
                                    <ColumnReference Database="[OurLabReporting]" Schema="[dbo]" Table="[FailureType]" Column="Id" />
                                  </DefinedValue>
                                </DefinedValues>
                                <Object Database="[OurLabReporting]" Schema="[dbo]" Table="[FailureType]" Index="[FailureType_PK]" IndexKind="Clustered" />
                                <Predicate>
                                  <ScalarOperator ScalarString="[OurLabReporting].[dbo].[FailureType].[Type]=N'Infrastructure'">
                                    <Compare CompareOp="EQ">
                                      <ScalarOperator>
                                        <Identifier>
                                          <ColumnReference Database="[OurLabReporting]" Schema="[dbo]" Table="[FailureType]" Column="Type" />
                                        </Identifier>
                                      </ScalarOperator>
                                      <ScalarOperator>
                                        <Const ConstValue="N'Infrastructure'" />
                                      </ScalarOperator>
                                    </Compare>
                                  </ScalarOperator>
                                </Predicate>
                              </IndexScan>
                            </RelOp>
                          </StreamAggregate>
                        </RelOp>
                        <Predicate>
                          <ScalarOperator ScalarString="CASE WHEN [Expr1005]&gt;(1) THEN (0) ELSE NULL END">
                            <IF>
                              <Condition>
                                <ScalarOperator>
                                  <Compare CompareOp="GT">
                                    <ScalarOperator>
                                      <Identifier>
                                        <ColumnReference Column="Expr1005" />
                                      </Identifier>
                                    </ScalarOperator>
                                    <ScalarOperator>
                                      <Const ConstValue="(1)" />
                                    </ScalarOperator>
                                  </Compare>
                                </ScalarOperator>
                              </Condition>
                              <Then>
                                <ScalarOperator>
                                  <Const ConstValue="(0)" />
                                </ScalarOperator>
                              </Then>
                              <Else>
                                <ScalarOperator>
                                  <Const ConstValue="NULL" />
                                </ScalarOperator>
                              </Else>
                            </IF>
                          </ScalarOperator>
                        </Predicate>
                      </Assert>
                    </RelOp>
                  </NestedLoops>
                </RelOp>
              </ComputeScalar>
            </RelOp>
          </QueryPlan>
        </StmtSimple>
        <StmtSimple StatementText="&#xA;DECLARE @CrashFailureTypeId int = (SELECT Id FROM dbo.FailureType WITH (NOLOCK) WHERE [Type] = N'ProductCrash')&#xD;" StatementId="8" StatementCompId="13" StatementType="SELECT" RetrievedFromCache="true" StatementSubTreeCost="0.0032985" StatementEstRows="1" StatementOptmLevel="FULL" QueryHash="0x3B98B683BBD1274A" QueryPlanHash="0x4096651AAE5EC58F" StatementOptmEarlyAbortReason="GoodEnoughPlanFound">
          <StatementSetOptions QUOTED_IDENTIFIER="true" ARITHABORT="true" CONCAT_NULL_YIELDS_NULL="true" ANSI_NULLS="true" ANSI_PADDING="true" ANSI_WARNINGS="true" NUMERIC_ROUNDABORT="false" />
          <QueryPlan NonParallelPlanReason="MaxDOPSetToOne" CachedPlanSize="16" CompileTime="1" CompileCPU="1" CompileMemory="704">
            <MemoryGrantInfo SerialRequiredMemory="0" SerialDesiredMemory="0" />
            <OptimizerHardwareDependentProperties EstimatedAvailableMemoryGrant="193313" EstimatedPagesCached="773254" EstimatedAvailableDegreeOfParallelism="1" />
            <RelOp NodeId="0" PhysicalOp="Compute Scalar" LogicalOp="Compute Scalar" EstimateRows="1" EstimateIO="0" EstimateCPU="1e-007" AvgRowSize="11" EstimatedTotalSubtreeCost="0.0032985" Parallel="0" EstimateRebinds="0" EstimateRewinds="0" EstimatedExecutionMode="Row">
              <OutputList>
                <ColumnReference Column="Expr1004" />
              </OutputList>
              <ComputeScalar>
                <DefinedValues>
                  <DefinedValue>
                    <ColumnReference Column="Expr1004" />
                    <ScalarOperator ScalarString="[Expr1006]">
                      <Identifier>
                        <ColumnReference Column="Expr1006" />
                      </Identifier>
                    </ScalarOperator>
                  </DefinedValue>
                </DefinedValues>
                <RelOp NodeId="1" PhysicalOp="Nested Loops" LogicalOp="Left Outer Join" EstimateRows="1" EstimateIO="0" EstimateCPU="4.18e-006" AvgRowSize="11" EstimatedTotalSubtreeCost="0.0032984" Parallel="0" EstimateRebinds="0" EstimateRewinds="0" EstimatedExecutionMode="Row">
                  <OutputList>
                    <ColumnReference Column="Expr1006" />
                  </OutputList>
                  <NestedLoops Optimized="0">
                    <RelOp NodeId="2" PhysicalOp="Constant Scan" LogicalOp="Constant Scan" EstimateRows="1" EstimateIO="0" EstimateCPU="1.157e-006" AvgRowSize="9" EstimatedTotalSubtreeCost="1.157e-006" Parallel="0" EstimateRebinds="0" EstimateRewinds="0" EstimatedExecutionMode="Row">
                      <OutputList />
                      <ConstantScan />
                    </RelOp>
                    <RelOp NodeId="3" PhysicalOp="Assert" LogicalOp="Assert" EstimateRows="1" EstimateIO="0" EstimateCPU="4.8e-007" AvgRowSize="11" EstimatedTotalSubtreeCost="0.00329306" Parallel="0" EstimateRebinds="0" EstimateRewinds="0" EstimatedExecutionMode="Row">
                      <OutputList>
                        <ColumnReference Column="Expr1006" />
                      </OutputList>
                      <Assert StartupExpression="0">
                        <RelOp NodeId="4" PhysicalOp="Stream Aggregate" LogicalOp="Aggregate" EstimateRows="1" EstimateIO="0" EstimateCPU="1.1e-006" AvgRowSize="19" EstimatedTotalSubtreeCost="0.00329258" Parallel="0" EstimateRebinds="0" EstimateRewinds="0" EstimatedExecutionMode="Row">
                          <OutputList>
                            <ColumnReference Column="Expr1005" />
                            <ColumnReference Column="Expr1006" />
                          </OutputList>
                          <StreamAggregate>
                            <DefinedValues>
                              <DefinedValue>
                                <ColumnReference Column="Expr1005" />
                                <ScalarOperator ScalarString="Count(*)">
                                  <Aggregate AggType="countstar" Distinct="0" />
                                </ScalarOperator>
                              </DefinedValue>
                              <DefinedValue>
                                <ColumnReference Column="Expr1006" />
                                <ScalarOperator ScalarString="ANY([OurLabReporting].[dbo].[FailureType].[Id])">
                                  <Aggregate Distinct="0" AggType="ANY">
                                    <ScalarOperator>
                                      <Identifier>
                                        <ColumnReference Database="[OurLabReporting]" Schema="[dbo]" Table="[FailureType]" Column="Id" />
                                      </Identifier>
                                    </ScalarOperator>
                                  </Aggregate>
                                </ScalarOperator>
                              </DefinedValue>
                            </DefinedValues>
                            <RelOp NodeId="5" PhysicalOp="Clustered Index Scan" LogicalOp="Clustered Index Scan" EstimateRows="1" EstimateIO="0.003125" EstimateCPU="0.0001636" AvgRowSize="38" EstimatedTotalSubtreeCost="0.0032886" TableCardinality="6" Parallel="0" EstimateRebinds="0" EstimateRewinds="0" EstimatedExecutionMode="Row">
                              <OutputList>
                                <ColumnReference Database="[OurLabReporting]" Schema="[dbo]" Table="[FailureType]" Column="Id" />
                              </OutputList>
                              <IndexScan Ordered="0" ForcedIndex="0" ForceScan="0" NoExpandHint="0">
                                <DefinedValues>
                                  <DefinedValue>
                                    <ColumnReference Database="[OurLabReporting]" Schema="[dbo]" Table="[FailureType]" Column="Id" />
                                  </DefinedValue>
                                </DefinedValues>
                                <Object Database="[OurLabReporting]" Schema="[dbo]" Table="[FailureType]" Index="[FailureType_PK]" IndexKind="Clustered" />
                                <Predicate>
                                  <ScalarOperator ScalarString="[OurLabReporting].[dbo].[FailureType].[Type]=N'ProductCrash'">
                                    <Compare CompareOp="EQ">
                                      <ScalarOperator>
                                        <Identifier>
                                          <ColumnReference Database="[OurLabReporting]" Schema="[dbo]" Table="[FailureType]" Column="Type" />
                                        </Identifier>
                                      </ScalarOperator>
                                      <ScalarOperator>
                                        <Const ConstValue="N'ProductCrash'" />
                                      </ScalarOperator>
                                    </Compare>
                                  </ScalarOperator>
                                </Predicate>
                              </IndexScan>
                            </RelOp>
                          </StreamAggregate>
                        </RelOp>
                        <Predicate>
                          <ScalarOperator ScalarString="CASE WHEN [Expr1005]&gt;(1) THEN (0) ELSE NULL END">
                            <IF>
                              <Condition>
                                <ScalarOperator>
                                  <Compare CompareOp="GT">
                                    <ScalarOperator>
                                      <Identifier>
                                        <ColumnReference Column="Expr1005" />
                                      </Identifier>
                                    </ScalarOperator>
                                    <ScalarOperator>
                                      <Const ConstValue="(1)" />
                                    </ScalarOperator>
                                  </Compare>
                                </ScalarOperator>
                              </Condition>
                              <Then>
                                <ScalarOperator>
                                  <Const ConstValue="(0)" />
                                </ScalarOperator>
                              </Then>
                              <Else>
                                <ScalarOperator>
                                  <Const ConstValue="NULL" />
                                </ScalarOperator>
                              </Else>
                            </IF>
                          </ScalarOperator>
                        </Predicate>
                      </Assert>
                    </RelOp>
                  </NestedLoops>
                </RelOp>
              </ComputeScalar>
            </RelOp>
          </QueryPlan>
        </StmtSimple>
        <StmtSimple StatementText="&#xA;DECLARE @NonExecutionFailureTypeId int = (SELECT Id FROM dbo.FailureType WITH (NOLOCK) WHERE [Type] = N'NonExecution')&#xD;&#xA;&#xD;&#xA;--Find internal failures for test passes and will be used to get T3 generated failure counts&#xD;" StatementId="9" StatementCompId="14" StatementType="SELECT" RetrievedFromCache="true" StatementSubTreeCost="0.0032985" StatementEstRows="1" StatementOptmLevel="FULL" QueryHash="0x3B98B683BBD1274A" QueryPlanHash="0x4096651AAE5EC58F" StatementOptmEarlyAbortReason="GoodEnoughPlanFound">
          <StatementSetOptions QUOTED_IDENTIFIER="true" ARITHABORT="true" CONCAT_NULL_YIELDS_NULL="true" ANSI_NULLS="true" ANSI_PADDING="true" ANSI_WARNINGS="true" NUMERIC_ROUNDABORT="false" />
          <QueryPlan NonParallelPlanReason="MaxDOPSetToOne" CachedPlanSize="16" CompileTime="1" CompileCPU="1" CompileMemory="704">
            <MemoryGrantInfo SerialRequiredMemory="0" SerialDesiredMemory="0" />
            <OptimizerHardwareDependentProperties EstimatedAvailableMemoryGrant="193313" EstimatedPagesCached="773254" EstimatedAvailableDegreeOfParallelism="1" />
            <RelOp NodeId="0" PhysicalOp="Compute Scalar" LogicalOp="Compute Scalar" EstimateRows="1" EstimateIO="0" EstimateCPU="1e-007" AvgRowSize="11" EstimatedTotalSubtreeCost="0.0032985" Parallel="0" EstimateRebinds="0" EstimateRewinds="0" EstimatedExecutionMode="Row">
              <OutputList>
                <ColumnReference Column="Expr1004" />
              </OutputList>
              <ComputeScalar>
                <DefinedValues>
                  <DefinedValue>
                    <ColumnReference Column="Expr1004" />
                    <ScalarOperator ScalarString="[Expr1006]">
                      <Identifier>
                        <ColumnReference Column="Expr1006" />
                      </Identifier>
                    </ScalarOperator>
                  </DefinedValue>
                </DefinedValues>
                <RelOp NodeId="1" PhysicalOp="Nested Loops" LogicalOp="Left Outer Join" EstimateRows="1" EstimateIO="0" EstimateCPU="4.18e-006" AvgRowSize="11" EstimatedTotalSubtreeCost="0.0032984" Parallel="0" EstimateRebinds="0" EstimateRewinds="0" EstimatedExecutionMode="Row">
                  <OutputList>
                    <ColumnReference Column="Expr1006" />
                  </OutputList>
                  <NestedLoops Optimized="0">
                    <RelOp NodeId="2" PhysicalOp="Constant Scan" LogicalOp="Constant Scan" EstimateRows="1" EstimateIO="0" EstimateCPU="1.157e-006" AvgRowSize="9" EstimatedTotalSubtreeCost="1.157e-006" Parallel="0" EstimateRebinds="0" EstimateRewinds="0" EstimatedExecutionMode="Row">
                      <OutputList />
                      <ConstantScan />
                    </RelOp>
                    <RelOp NodeId="3" PhysicalOp="Assert" LogicalOp="Assert" EstimateRows="1" EstimateIO="0" EstimateCPU="4.8e-007" AvgRowSize="11" EstimatedTotalSubtreeCost="0.00329306" Parallel="0" EstimateRebinds="0" EstimateRewinds="0" EstimatedExecutionMode="Row">
                      <OutputList>
                        <ColumnReference Column="Expr1006" />
                      </OutputList>
                      <Assert StartupExpression="0">
                        <RelOp NodeId="4" PhysicalOp="Stream Aggregate" LogicalOp="Aggregate" EstimateRows="1" EstimateIO="0" EstimateCPU="1.1e-006" AvgRowSize="19" EstimatedTotalSubtreeCost="0.00329258" Parallel="0" EstimateRebinds="0" EstimateRewinds="0" EstimatedExecutionMode="Row">
                          <OutputList>
                            <ColumnReference Column="Expr1005" />
                            <ColumnReference Column="Expr1006" />
                          </OutputList>
                          <StreamAggregate>
                            <DefinedValues>
                              <DefinedValue>
                                <ColumnReference Column="Expr1005" />
                                <ScalarOperator ScalarString="Count(*)">
                                  <Aggregate AggType="countstar" Distinct="0" />
                                </ScalarOperator>
                              </DefinedValue>
                              <DefinedValue>
                                <ColumnReference Column="Expr1006" />
                                <ScalarOperator ScalarString="ANY([OurLabReporting].[dbo].[FailureType].[Id])">
                                  <Aggregate Distinct="0" AggType="ANY">
                                    <ScalarOperator>
                                      <Identifier>
                                        <ColumnReference Database="[OurLabReporting]" Schema="[dbo]" Table="[FailureType]" Column="Id" />
                                      </Identifier>
                                    </ScalarOperator>
                                  </Aggregate>
                                </ScalarOperator>
                              </DefinedValue>
                            </DefinedValues>
                            <RelOp NodeId="5" PhysicalOp="Clustered Index Scan" LogicalOp="Clustered Index Scan" EstimateRows="1" EstimateIO="0.003125" EstimateCPU="0.0001636" AvgRowSize="38" EstimatedTotalSubtreeCost="0.0032886" TableCardinality="6" Parallel="0" EstimateRebinds="0" EstimateRewinds="0" EstimatedExecutionMode="Row">
                              <OutputList>
                                <ColumnReference Database="[OurLabReporting]" Schema="[dbo]" Table="[FailureType]" Column="Id" />
                              </OutputList>
                              <IndexScan Ordered="0" ForcedIndex="0" ForceScan="0" NoExpandHint="0">
                                <DefinedValues>
                                  <DefinedValue>
                                    <ColumnReference Database="[OurLabReporting]" Schema="[dbo]" Table="[FailureType]" Column="Id" />
                                  </DefinedValue>
                                </DefinedValues>
                                <Object Database="[OurLabReporting]" Schema="[dbo]" Table="[FailureType]" Index="[FailureType_PK]" IndexKind="Clustered" />
                                <Predicate>
                                  <ScalarOperator ScalarString="[OurLabReporting].[dbo].[FailureType].[Type]=N'NonExecution'">
                                    <Compare CompareOp="EQ">
                                      <ScalarOperator>
                                        <Identifier>
                                          <ColumnReference Database="[OurLabReporting]" Schema="[dbo]" Table="[FailureType]" Column="Type" />
                                        </Identifier>
                                      </ScalarOperator>
                                      <ScalarOperator>
                                        <Const ConstValue="N'NonExecution'" />
                                      </ScalarOperator>
                                    </Compare>
                                  </ScalarOperator>
                                </Predicate>
                              </IndexScan>
                            </RelOp>
                          </StreamAggregate>
                        </RelOp>
                        <Predicate>
                          <ScalarOperator ScalarString="CASE WHEN [Expr1005]&gt;(1) THEN (0) ELSE NULL END">
                            <IF>
                              <Condition>
                                <ScalarOperator>
                                  <Compare CompareOp="GT">
                                    <ScalarOperator>
                                      <Identifier>
                                        <ColumnReference Column="Expr1005" />
                                      </Identifier>
                                    </ScalarOperator>
                                    <ScalarOperator>
                                      <Const ConstValue="(1)" />
                                    </ScalarOperator>
                                  </Compare>
                                </ScalarOperator>
                              </Condition>
                              <Then>
                                <ScalarOperator>
                                  <Const ConstValue="(0)" />
                                </ScalarOperator>
                              </Then>
                              <Else>
                                <ScalarOperator>
                                  <Const ConstValue="NULL" />
                                </ScalarOperator>
                              </Else>
                            </IF>
                          </ScalarOperator>
                        </Predicate>
                      </Assert>
                    </RelOp>
                  </NestedLoops>
                </RelOp>
              </ComputeScalar>
            </RelOp>
          </QueryPlan>
        </StmtSimple>
        <StmtSimple StatementText="&#xA;INSERT INTO @TestPassFailures&#xD;&#xA;SELECT f.Id, f.StatusId, f.FailureTypeId, t.IsRerunPrimary, tpm.TestPassId&#xD;&#xA;FROM @TestPassMix tpm&#xD;&#xA;    INNER JOIN dbo.TEU t WITH (NOLOCK) ON t.MixId = tpm.MixId&#xD;&#xA;    INNER JOIN dbo.Failure f WITH (NOLOCK) ON f.TEUId = t.Id&#xD;&#xA;WHERE t.IsRerunPrimary = 1&#xD;&#xA;&#x9;OR f.FailureTypeId = @InfrastructureFailureTypeId&#xD;&#xA;&#xD;&#xA;--Store internal + external failures for test passes and will be used to get complete bug list for test pass&#xD;" StatementId="10" StatementCompId="15" StatementType="INSERT" RetrievedFromCache="true" StatementSubTreeCost="8.89444" StatementEstRows="2200.58" StatementOptmLevel="FULL" QueryHash="0xF839DC18D44B4194" QueryPlanHash="0xF7F0DC64A047AC46">
          <StatementSetOptions QUOTED_IDENTIFIER="true" ARITHABORT="true" CONCAT_NULL_YIELDS_NULL="true" ANSI_NULLS="true" ANSI_PADDING="true" ANSI_WARNINGS="true" NUMERIC_ROUNDABORT="false" />
          <QueryPlan NonParallelPlanReason="MaxDOPSetToOne" CachedPlanSize="48" CompileTime="22" CompileCPU="22" CompileMemory="1272">
            <MemoryGrantInfo SerialRequiredMemory="1536" SerialDesiredMemory="2192" />
            <OptimizerHardwareDependentProperties EstimatedAvailableMemoryGrant="193313" EstimatedPagesCached="773254" EstimatedAvailableDegreeOfParallelism="1" />
            <RelOp NodeId="0" PhysicalOp="Clustered Index Insert" LogicalOp="Insert" EstimateRows="2200.58" EstimateIO="0.0468041" EstimateCPU="0.00220058" AvgRowSize="9" EstimatedTotalSubtreeCost="8.89444" Parallel="0" EstimateRebinds="0" EstimateRewinds="0" EstimatedExecutionMode="Row">
              <OutputList />
              <Update DMLRequestSort="1">
                <Object Table="[@TestPassFailures]" Index="[PK__#B649EC8__00F64C6ECAEE036B]" />
                <SetPredicate>
                  <ScalarOperator ScalarString="[Id] = [OurLabReporting].[dbo].[Failure].[Id] as [f].[Id],[StatusId] = [OurLabReporting].[dbo].[Failure].[StatusId] as [f].[StatusId],[FailureTypeId] = [OurLabReporting].[dbo].[Failure].[FailureTypeId] as [f].[FailureTypeId],[IsPrimary] = [OurLabReporting].[dbo].[TEU].[IsRerunPrimary] as [t].[IsRerunPrimary],[TestPassId] = @TestPassMix.[TestPassId] as [tpm].[TestPassId]">
                    <ScalarExpressionList>
                      <ScalarOperator>
                        <MultipleAssign>
                          <Assign>
                            <ColumnReference Column="Id" />
                            <ScalarOperator>
                              <Identifier>
                                <ColumnReference Database="[OurLabReporting]" Schema="[dbo]" Table="[Failure]" Alias="[f]" Column="Id" />
                              </Identifier>
                            </ScalarOperator>
                          </Assign>
                          <Assign>
                            <ColumnReference Column="StatusId" />
                            <ScalarOperator>
                              <Identifier>
                                <ColumnReference Database="[OurLabReporting]" Schema="[dbo]" Table="[Failure]" Alias="[f]" Column="StatusId" />
                              </Identifier>
                            </ScalarOperator>
                          </Assign>
                          <Assign>
                            <ColumnReference Column="FailureTypeId" />
                            <ScalarOperator>
                              <Identifier>
                                <ColumnReference Database="[OurLabReporting]" Schema="[dbo]" Table="[Failure]" Alias="[f]" Column="FailureTypeId" />
                              </Identifier>
                            </ScalarOperator>
                          </Assign>
                          <Assign>
                            <ColumnReference Column="IsPrimary" />
                            <ScalarOperator>
                              <Identifier>
                                <ColumnReference Database="[OurLabReporting]" Schema="[dbo]" Table="[TEU]" Alias="[t]" Column="IsRerunPrimary" />
                              </Identifier>
                            </ScalarOperator>
                          </Assign>
                          <Assign>
                            <ColumnReference Column="TestPassId" />
                            <ScalarOperator>
                              <Identifier>
                                <ColumnReference Table="@TestPassMix" Alias="[tpm]" Column="TestPassId" />
                              </Identifier>
                            </ScalarOperator>
                          </Assign>
                        </MultipleAssign>
                      </ScalarOperator>
                    </ScalarExpressionList>
                  </ScalarOperator>
                </SetPredicate>
                <RelOp NodeId="1" PhysicalOp="Sort" LogicalOp="Sort" EstimateRows="2200.58" EstimateIO="0.0112613" EstimateCPU="0.0382178" AvgRowSize="24" EstimatedTotalSubtreeCost="8.84543" Parallel="0" EstimateRebinds="0" EstimateRewinds="0" EstimatedExecutionMode="Row">
                  <OutputList>
                    <ColumnReference Table="@TestPassMix" Alias="[tpm]" Column="TestPassId" />
                    <ColumnReference Database="[OurLabReporting]" Schema="[dbo]" Table="[TEU]" Alias="[t]" Column="IsRerunPrimary" />
                    <ColumnReference Database="[OurLabReporting]" Schema="[dbo]" Table="[Failure]" Alias="[f]" Column="Id" />
                    <ColumnReference Database="[OurLabReporting]" Schema="[dbo]" Table="[Failure]" Alias="[f]" Column="StatusId" />
                    <ColumnReference Database="[OurLabReporting]" Schema="[dbo]" Table="[Failure]" Alias="[f]" Column="FailureTypeId" />
                  </OutputList>
                  <MemoryFractions Input="0.439024" Output="1" />
                  <Sort Distinct="0">
                    <OrderBy>
                      <OrderByColumn Ascending="1">
                        <ColumnReference Table="@TestPassMix" Alias="[tpm]" Column="TestPassId" />
                      </OrderByColumn>
                      <OrderByColumn Ascending="1">
                        <ColumnReference Database="[OurLabReporting]" Schema="[dbo]" Table="[Failure]" Alias="[f]" Column="Id" />
                      </OrderByColumn>
                    </OrderBy>
                    <RelOp NodeId="2" PhysicalOp="Nested Loops" LogicalOp="Inner Join" EstimateRows="2200.58" EstimateIO="0" EstimateCPU="0.011181" AvgRowSize="24" EstimatedTotalSubtreeCost="8.79595" Parallel="0" EstimateRebinds="0" EstimateRewinds="0" EstimatedExecutionMode="Row">
                      <OutputList>
                        <ColumnReference Table="@TestPassMix" Alias="[tpm]" Column="TestPassId" />
                        <ColumnReference Database="[OurLabReporting]" Schema="[dbo]" Table="[TEU]" Alias="[t]" Column="IsRerunPrimary" />
                        <ColumnReference Database="[OurLabReporting]" Schema="[dbo]" Table="[Failure]" Alias="[f]" Column="Id" />
                        <ColumnReference Database="[OurLabReporting]" Schema="[dbo]" Table="[Failure]" Alias="[f]" Column="StatusId" />
                        <ColumnReference Database="[OurLabReporting]" Schema="[dbo]" Table="[Failure]" Alias="[f]" Column="FailureTypeId" />
                      </OutputList>
                      <NestedLoops Optimized="1" WithUnorderedPrefetch="1">
                        <OuterReferences>
                          <ColumnReference Database="[OurLabReporting]" Schema="[dbo]" Table="[TEU]" Alias="[t]" Column="Id" />
                          <ColumnReference Database="[OurLabReporting]" Schema="[dbo]" Table="[TEU]" Alias="[t]" Column="IsRerunPrimary" />
                          <ColumnReference Column="Expr1010" />
                        </OuterReferences>
                        <RelOp NodeId="5" PhysicalOp="Nested Loops" LogicalOp="Inner Join" EstimateRows="2674.87" EstimateIO="0" EstimateCPU="0.011181" AvgRowSize="20" EstimatedTotalSubtreeCost="0.033281" Parallel="0" EstimateRebinds="0" EstimateRewinds="0" EstimatedExecutionMode="Row">
                          <OutputList>
                            <ColumnReference Table="@TestPassMix" Alias="[tpm]" Column="TestPassId" />
                            <ColumnReference Database="[OurLabReporting]" Schema="[dbo]" Table="[TEU]" Alias="[t]" Column="Id" />
                            <ColumnReference Database="[OurLabReporting]" Schema="[dbo]" Table="[TEU]" Alias="[t]" Column="IsRerunPrimary" />
                          </OutputList>
                          <NestedLoops Optimized="1">
                            <OuterReferences>
                              <ColumnReference Table="@TestPassMix" Alias="[tpm]" Column="MixId" />
                            </OuterReferences>
                            <RelOp NodeId="7" PhysicalOp="Clustered Index Scan" LogicalOp="Clustered Index Scan" EstimateRows="1" EstimateIO="0.003125" EstimateCPU="0.0001581" AvgRowSize="15" EstimatedTotalSubtreeCost="0.0032831" TableCardinality="0" Parallel="0" EstimateRebinds="0" EstimateRewinds="0" EstimatedExecutionMode="Row">
                              <OutputList>
                                <ColumnReference Table="@TestPassMix" Alias="[tpm]" Column="TestPassId" />
                                <ColumnReference Table="@TestPassMix" Alias="[tpm]" Column="MixId" />
                              </OutputList>
                              <IndexScan Ordered="0" ForcedIndex="0" ForceScan="0" NoExpandHint="0">
                                <DefinedValues>
                                  <DefinedValue>
                                    <ColumnReference Table="@TestPassMix" Alias="[tpm]" Column="TestPassId" />
                                  </DefinedValue>
                                  <DefinedValue>
                                    <ColumnReference Table="@TestPassMix" Alias="[tpm]" Column="MixId" />
                                  </DefinedValue>
                                </DefinedValues>
                                <Object Table="[@TestPassMix]" Index="[PK__#B461A41__A429706ACAD071D6]" Alias="[tpm]" />
                              </IndexScan>
                            </RelOp>
                            <RelOp NodeId="8" PhysicalOp="Index Seek" LogicalOp="Index Seek" EstimateRows="2674.87" EstimateIO="0.0157176" EstimateCPU="0.00309936" AvgRowSize="16" EstimatedTotalSubtreeCost="0.0188169" TableCardinality="4.12024e+007" Parallel="0" EstimateRebinds="0" EstimateRewinds="0" EstimatedExecutionMode="Row">
                              <OutputList>
                                <ColumnReference Database="[OurLabReporting]" Schema="[dbo]" Table="[TEU]" Alias="[t]" Column="Id" />
                                <ColumnReference Database="[OurLabReporting]" Schema="[dbo]" Table="[TEU]" Alias="[t]" Column="IsRerunPrimary" />
                              </OutputList>
                              <IndexScan Ordered="1" ScanDirection="FORWARD" ForcedIndex="0" ForceSeek="0" ForceScan="0" NoExpandHint="0" Storage="RowStore">
                                <DefinedValues>
                                  <DefinedValue>
                                    <ColumnReference Database="[OurLabReporting]" Schema="[dbo]" Table="[TEU]" Alias="[t]" Column="Id" />
                                  </DefinedValue>
                                  <DefinedValue>
                                    <ColumnReference Database="[OurLabReporting]" Schema="[dbo]" Table="[TEU]" Alias="[t]" Column="IsRerunPrimary" />
                                  </DefinedValue>
                                </DefinedValues>
                                <Object Database="[OurLabReporting]" Schema="[dbo]" Table="[TEU]" Index="[Teu_IDX_Mix]" Alias="[t]" IndexKind="NonClustered" />
                                <SeekPredicates>
                                  <SeekPredicateNew>
                                    <SeekKeys>
                                      <Prefix ScanType="EQ">
                                        <RangeColumns>
                                          <ColumnReference Database="[OurLabReporting]" Schema="[dbo]" Table="[TEU]" Alias="[t]" Column="MixId" />
                                        </RangeColumns>
                                        <RangeExpressions>
                                          <ScalarOperator ScalarString="@TestPassMix.[MixId] as [tpm].[MixId]">
                                            <Identifier>
                                              <ColumnReference Table="@TestPassMix" Alias="[tpm]" Column="MixId" />
                                            </Identifier>
                                          </ScalarOperator>
                                        </RangeExpressions>
                                      </Prefix>
                                    </SeekKeys>
                                  </SeekPredicateNew>
                                </SeekPredicates>
                              </IndexScan>
                            </RelOp>
                          </NestedLoops>
                        </RelOp>
                        <RelOp NodeId="9" PhysicalOp="Index Seek" LogicalOp="Index Seek" EstimateRows="1" EstimateIO="0.003125" EstimateCPU="0.0001581" AvgRowSize="19" EstimatedTotalSubtreeCost="8.74914" TableCardinality="3.38966e+007" Parallel="0" EstimateRebinds="2673.87" EstimateRewinds="0" EstimatedExecutionMode="Row">
                          <OutputList>
                            <ColumnReference Database="[OurLabReporting]" Schema="[dbo]" Table="[Failure]" Alias="[f]" Column="Id" />
                            <ColumnReference Database="[OurLabReporting]" Schema="[dbo]" Table="[Failure]" Alias="[f]" Column="StatusId" />
                            <ColumnReference Database="[OurLabReporting]" Schema="[dbo]" Table="[Failure]" Alias="[f]" Column="FailureTypeId" />
                          </OutputList>
                          <IndexScan Ordered="1" ScanDirection="FORWARD" ForcedIndex="0" ForceSeek="0" ForceScan="0" NoExpandHint="0" Storage="RowStore">
                            <DefinedValues>
                              <DefinedValue>
                                <ColumnReference Database="[OurLabReporting]" Schema="[dbo]" Table="[Failure]" Alias="[f]" Column="Id" />
                              </DefinedValue>
                              <DefinedValue>
                                <ColumnReference Database="[OurLabReporting]" Schema="[dbo]" Table="[Failure]" Alias="[f]" Column="StatusId" />
                              </DefinedValue>
                              <DefinedValue>
                                <ColumnReference Database="[OurLabReporting]" Schema="[dbo]" Table="[Failure]" Alias="[f]" Column="FailureTypeId" />
                              </DefinedValue>
                            </DefinedValues>
                            <Object Database="[OurLabReporting]" Schema="[dbo]" Table="[Failure]" Index="[Failure_IDX_TEU]" Alias="[f]" IndexKind="NonClustered" />
                            <SeekPredicates>
                              <SeekPredicateNew>
                                <SeekKeys>
                                  <Prefix ScanType="EQ">
                                    <RangeColumns>
                                      <ColumnReference Database="[OurLabReporting]" Schema="[dbo]" Table="[Failure]" Alias="[f]" Column="TEUId" />
                                    </RangeColumns>
                                    <RangeExpressions>
                                      <ScalarOperator ScalarString="[OurLabReporting].[dbo].[TEU].[Id] as [t].[Id]">
                                        <Identifier>
                                          <ColumnReference Database="[OurLabReporting]" Schema="[dbo]" Table="[TEU]" Alias="[t]" Column="Id" />
                                        </Identifier>
                                      </ScalarOperator>
                                    </RangeExpressions>
                                  </Prefix>
                                </SeekKeys>
                              </SeekPredicateNew>
                            </SeekPredicates>
                            <Predicate>
                              <ScalarOperator ScalarString="[OurLabReporting].[dbo].[TEU].[IsRerunPrimary] as [t].[IsRerunPrimary]=(1) OR [OurLabReporting].[dbo].[Failure].[FailureTypeId] as [f].[FailureTypeId]=[@InfrastructureFailureTypeId]">
                                <Logical Operation="OR">
                                  <ScalarOperator>
                                    <Compare CompareOp="EQ">
                                      <ScalarOperator>
                                        <Identifier>
                                          <ColumnReference Database="[OurLabReporting]" Schema="[dbo]" Table="[TEU]" Alias="[t]" Column="IsRerunPrimary" />
                                        </Identifier>
                                      </ScalarOperator>
                                      <ScalarOperator>
                                        <Const ConstValue="(1)" />
                                      </ScalarOperator>
                                    </Compare>
                                  </ScalarOperator>
                                  <ScalarOperator>
                                    <Compare CompareOp="EQ">
                                      <ScalarOperator>
                                        <Identifier>
                                          <ColumnReference Database="[OurLabReporting]" Schema="[dbo]" Table="[Failure]" Alias="[f]" Column="FailureTypeId" />
                                        </Identifier>
                                      </ScalarOperator>
                                      <ScalarOperator>
                                        <Identifier>
                                          <ColumnReference Column="@InfrastructureFailureTypeId" />
                                        </Identifier>
                                      </ScalarOperator>
                                    </Compare>
                                  </ScalarOperator>
                                </Logical>
                              </ScalarOperator>
                            </Predicate>
                          </IndexScan>
                        </RelOp>
                      </NestedLoops>
                    </RelOp>
                  </Sort>
                </RelOp>
              </Update>
            </RelOp>
          </QueryPlan>
        </StmtSimple>
        <StmtSimple StatementText="&#xA;INSERT INTO @OverallTestPassFailures&#xD;&#xA;SELECT Id, StatusId, FailureTypeId, IsPrimary, TestPassId &#xD;&#xA;FROM @TestPassFailures&#xD;&#xA;UNION&#xD;&#xA;SELECT f.Id, f.StatusId, f.FailureTypeId, 1, tpm.TestPassId&#xD;&#xA;FROM @TestPassMix tpm&#xD;&#xA;     INNER JOIN dbo.Failure f WITH (NOLOCK) ON tpm.TestPassId = f.TestpassId&#xD;&#xA;WHERE f.FailureTypeId = @NonExecutionFailureTypeId&#xD;&#xA;&#xD;" StatementId="11" StatementCompId="16" StatementType="INSERT" RetrievedFromCache="true" StatementSubTreeCost="4.77569" StatementEstRows="298.244" StatementOptmLevel="FULL" QueryHash="0x73E9BB4A7836482D" QueryPlanHash="0x4099A29E41683E92">
          <StatementSetOptions QUOTED_IDENTIFIER="true" ARITHABORT="true" CONCAT_NULL_YIELDS_NULL="true" ANSI_NULLS="true" ANSI_PADDING="true" ANSI_WARNINGS="true" NUMERIC_ROUNDABORT="false" />
          <QueryPlan NonParallelPlanReason="MaxDOPSetToOne" CachedPlanSize="48" CompileTime="14" CompileCPU="14" CompileMemory="1088">
            <MemoryGrantInfo SerialRequiredMemory="1024" SerialDesiredMemory="1280" />
            <OptimizerHardwareDependentProperties EstimatedAvailableMemoryGrant="193313" EstimatedPagesCached="773254" EstimatedAvailableDegreeOfParallelism="1" />
            <RelOp NodeId="0" PhysicalOp="Clustered Index Insert" LogicalOp="Insert" EstimateRows="298.244" EstimateIO="0.01" EstimateCPU="0.000298244" AvgRowSize="9" EstimatedTotalSubtreeCost="4.77569" Parallel="0" EstimateRebinds="0" EstimateRewinds="0" EstimatedExecutionMode="Row">
              <OutputList />
              <Update DMLRequestSort="0">
                <Object Table="[@OverallTestPassFailures]" Index="[PK__#B83234F__00F64C6E46F289ED]" />
                <SetPredicate>
                  <ScalarOperator ScalarString="[Id] = [Union1012],[StatusId] = [Union1013],[FailureTypeId] = [Union1014],[IsPrimary] = [Expr1017],[TestPassId] = [Union1016]">
                    <ScalarExpressionList>
                      <ScalarOperator>
                        <MultipleAssign>
                          <Assign>
                            <ColumnReference Column="Id" />
                            <ScalarOperator>
                              <Identifier>
                                <ColumnReference Column="Union1012" />
                              </Identifier>
                            </ScalarOperator>
                          </Assign>
                          <Assign>
                            <ColumnReference Column="StatusId" />
                            <ScalarOperator>
                              <Identifier>
                                <ColumnReference Column="Union1013" />
                              </Identifier>
                            </ScalarOperator>
                          </Assign>
                          <Assign>
                            <ColumnReference Column="FailureTypeId" />
                            <ScalarOperator>
                              <Identifier>
                                <ColumnReference Column="Union1014" />
                              </Identifier>
                            </ScalarOperator>
                          </Assign>
                          <Assign>
                            <ColumnReference Column="IsPrimary" />
                            <ScalarOperator>
                              <Identifier>
                                <ColumnReference Column="Expr1017" />
                              </Identifier>
                            </ScalarOperator>
                          </Assign>
                          <Assign>
                            <ColumnReference Column="TestPassId" />
                            <ScalarOperator>
                              <Identifier>
                                <ColumnReference Column="Union1016" />
                              </Identifier>
                            </ScalarOperator>
                          </Assign>
                        </MultipleAssign>
                      </ScalarOperator>
                    </ScalarExpressionList>
                  </ScalarOperator>
                </SetPredicate>
                <RelOp NodeId="1" PhysicalOp="Compute Scalar" LogicalOp="Compute Scalar" EstimateRows="298.244" EstimateIO="0" EstimateCPU="2.98244e-005" AvgRowSize="24" EstimatedTotalSubtreeCost="4.76539" Parallel="0" EstimateRebinds="0" EstimateRewinds="0" EstimatedExecutionMode="Row">
                  <OutputList>
                    <ColumnReference Column="Union1012" />
                    <ColumnReference Column="Union1013" />
                    <ColumnReference Column="Union1014" />
                    <ColumnReference Column="Union1016" />
                    <ColumnReference Column="Expr1017" />
                  </OutputList>
                  <ComputeScalar>
                    <DefinedValues>
                      <DefinedValue>
                        <ColumnReference Column="Expr1017" />
                        <ScalarOperator ScalarString="CONVERT_IMPLICIT(bit,[Union1015],0)">
                          <Convert DataType="bit" Style="0" Implicit="1">
                            <ScalarOperator>
                              <Identifier>
                                <ColumnReference Column="Union1015" />
                              </Identifier>
                            </ScalarOperator>
                          </Convert>
                        </ScalarOperator>
                      </DefinedValue>
                    </DefinedValues>
                    <RelOp NodeId="2" PhysicalOp="Sort" LogicalOp="Distinct Sort" EstimateRows="298.244" EstimateIO="0.0112613" EstimateCPU="0.00392463" AvgRowSize="27" EstimatedTotalSubtreeCost="4.76536" Parallel="0" EstimateRebinds="0" EstimateRewinds="0" EstimatedExecutionMode="Row">
                      <OutputList>
                        <ColumnReference Column="Union1012" />
                        <ColumnReference Column="Union1013" />
                        <ColumnReference Column="Union1014" />
                        <ColumnReference Column="Union1015" />
                        <ColumnReference Column="Union1016" />
                      </OutputList>
                      <MemoryFractions Input="0.1875" Output="1" />
                      <Sort Distinct="1">
                        <OrderBy>
                          <OrderByColumn Ascending="1">
                            <ColumnReference Column="Union1012" />
                          </OrderByColumn>
                          <OrderByColumn Ascending="1">
                            <ColumnReference Column="Union1013" />
                          </OrderByColumn>
                          <OrderByColumn Ascending="1">
                            <ColumnReference Column="Union1014" />
                          </OrderByColumn>
                          <OrderByColumn Ascending="1">
                            <ColumnReference Column="Union1015" />
                          </OrderByColumn>
                          <OrderByColumn Ascending="1">
                            <ColumnReference Column="Union1016" />
                          </OrderByColumn>
                        </OrderBy>
                        <RelOp NodeId="3" PhysicalOp="Concatenation" LogicalOp="Concatenation" EstimateRows="298.244" EstimateIO="0" EstimateCPU="2.98244e-005" AvgRowSize="27" EstimatedTotalSubtreeCost="4.75017" Parallel="0" EstimateRebinds="0" EstimateRewinds="0" EstimatedExecutionMode="Row">
                          <OutputList>
                            <ColumnReference Column="Union1012" />
                            <ColumnReference Column="Union1013" />
                            <ColumnReference Column="Union1014" />
                            <ColumnReference Column="Union1015" />
                            <ColumnReference Column="Union1016" />
                          </OutputList>
                          <Concat>
                            <DefinedValues>
                              <DefinedValue>
                                <ColumnReference Column="Union1012" />
                                <ColumnReference Column="Id" />
                                <ColumnReference Database="[OurLabReporting]" Schema="[dbo]" Table="[Failure]" Alias="[f]" Column="Id" />
                              </DefinedValue>
                              <DefinedValue>
                                <ColumnReference Column="Union1013" />
                                <ColumnReference Column="StatusId" />
                                <ColumnReference Database="[OurLabReporting]" Schema="[dbo]" Table="[Failure]" Alias="[f]" Column="StatusId" />
                              </DefinedValue>
                              <DefinedValue>
                                <ColumnReference Column="Union1014" />
                                <ColumnReference Column="FailureTypeId" />
                                <ColumnReference Database="[OurLabReporting]" Schema="[dbo]" Table="[Failure]" Alias="[f]" Column="FailureTypeId" />
                              </DefinedValue>
                              <DefinedValue>
                                <ColumnReference Column="Union1015" />
                                <ColumnReference Column="Expr1006" />
                                <ColumnReference Column="Expr1011" />
                              </DefinedValue>
                              <DefinedValue>
                                <ColumnReference Column="Union1016" />
                                <ColumnReference Column="TestPassId" />
                                <ColumnReference Table="@TestPassMix" Alias="[tpm]" Column="TestPassId" />
                              </DefinedValue>
                            </DefinedValues>
                            <RelOp NodeId="4" PhysicalOp="Compute Scalar" LogicalOp="Compute Scalar" EstimateRows="1" EstimateIO="0" EstimateCPU="1e-007" AvgRowSize="27" EstimatedTotalSubtreeCost="0.0032832" Parallel="0" EstimateRebinds="0" EstimateRewinds="0" EstimatedExecutionMode="Row">
                              <OutputList>
                                <ColumnReference Column="Id" />
                                <ColumnReference Column="StatusId" />
                                <ColumnReference Column="FailureTypeId" />
                                <ColumnReference Column="TestPassId" />
                                <ColumnReference Column="Expr1006" />
                              </OutputList>
                              <ComputeScalar>
                                <DefinedValues>
                                  <DefinedValue>
                                    <ColumnReference Column="Expr1006" />
                                    <ScalarOperator ScalarString="CONVERT_IMPLICIT(int,[IsPrimary],0)">
                                      <Convert DataType="int" Style="0" Implicit="1">
                                        <ScalarOperator>
                                          <Identifier>
                                            <ColumnReference Column="IsPrimary" />
                                          </Identifier>
                                        </ScalarOperator>
                                      </Convert>
                                    </ScalarOperator>
                                  </DefinedValue>
                                </DefinedValues>
                                <RelOp NodeId="5" PhysicalOp="Clustered Index Scan" LogicalOp="Clustered Index Scan" EstimateRows="1" EstimateIO="0.003125" EstimateCPU="0.0001581" AvgRowSize="24" EstimatedTotalSubtreeCost="0.0032831" TableCardinality="0" Parallel="0" EstimateRebinds="0" EstimateRewinds="0" EstimatedExecutionMode="Row">
                                  <OutputList>
                                    <ColumnReference Column="Id" />
                                    <ColumnReference Column="StatusId" />
                                    <ColumnReference Column="FailureTypeId" />
                                    <ColumnReference Column="IsPrimary" />
                                    <ColumnReference Column="TestPassId" />
                                  </OutputList>
                                  <IndexScan Ordered="0" ForcedIndex="0" ForceScan="0" NoExpandHint="0">
                                    <DefinedValues>
                                      <DefinedValue>
                                        <ColumnReference Column="Id" />
                                      </DefinedValue>
                                      <DefinedValue>
                                        <ColumnReference Column="StatusId" />
                                      </DefinedValue>
                                      <DefinedValue>
                                        <ColumnReference Column="FailureTypeId" />
                                      </DefinedValue>
                                      <DefinedValue>
                                        <ColumnReference Column="IsPrimary" />
                                      </DefinedValue>
                                      <DefinedValue>
                                        <ColumnReference Column="TestPassId" />
                                      </DefinedValue>
                                    </DefinedValues>
                                    <Object Table="[@TestPassFailures]" Index="[PK__#B649EC8__00F64C6ECAEE036B]" />
                                  </IndexScan>
                                </RelOp>
                              </ComputeScalar>
                            </RelOp>
                            <RelOp NodeId="9" PhysicalOp="Compute Scalar" LogicalOp="Compute Scalar" EstimateRows="297.244" EstimateIO="0" EstimateCPU="2.97244e-005" AvgRowSize="27" EstimatedTotalSubtreeCost="4.74686" Parallel="0" EstimateRebinds="0" EstimateRewinds="0" EstimatedExecutionMode="Row">
                              <OutputList>
                                <ColumnReference Table="@TestPassMix" Alias="[tpm]" Column="TestPassId" />
                                <ColumnReference Database="[OurLabReporting]" Schema="[dbo]" Table="[Failure]" Alias="[f]" Column="Id" />
                                <ColumnReference Database="[OurLabReporting]" Schema="[dbo]" Table="[Failure]" Alias="[f]" Column="StatusId" />
                                <ColumnReference Database="[OurLabReporting]" Schema="[dbo]" Table="[Failure]" Alias="[f]" Column="FailureTypeId" />
                                <ColumnReference Column="Expr1011" />
                              </OutputList>
                              <ComputeScalar>
                                <DefinedValues>
                                  <DefinedValue>
                                    <ColumnReference Column="Expr1011" />
                                    <ScalarOperator ScalarString="(1)">
                                      <Const ConstValue="(1)" />
                                    </ScalarOperator>
                                  </DefinedValue>
                                </DefinedValues>
                                <RelOp NodeId="10" PhysicalOp="Nested Loops" LogicalOp="Inner Join" EstimateRows="1783.57" EstimateIO="0" EstimateCPU="0.00745533" AvgRowSize="23" EstimatedTotalSubtreeCost="4.74597" Parallel="0" EstimateRebinds="0" EstimateRewinds="0" EstimatedExecutionMode="Row">
                                  <OutputList>
                                    <ColumnReference Table="@TestPassMix" Alias="[tpm]" Column="TestPassId" />
                                    <ColumnReference Database="[OurLabReporting]" Schema="[dbo]" Table="[Failure]" Alias="[f]" Column="Id" />
                                    <ColumnReference Database="[OurLabReporting]" Schema="[dbo]" Table="[Failure]" Alias="[f]" Column="StatusId" />
                                    <ColumnReference Database="[OurLabReporting]" Schema="[dbo]" Table="[Failure]" Alias="[f]" Column="FailureTypeId" />
                                  </OutputList>
                                  <NestedLoops Optimized="1" WithUnorderedPrefetch="1">
                                    <OuterReferences>
                                      <ColumnReference Database="[OurLabReporting]" Schema="[dbo]" Table="[Failure]" Alias="[f]" Column="Id" />
                                      <ColumnReference Column="Expr1018" />
                                    </OuterReferences>
                                    <RelOp NodeId="13" PhysicalOp="Nested Loops" LogicalOp="Inner Join" EstimateRows="1783.57" EstimateIO="0" EstimateCPU="0.00745533" AvgRowSize="15" EstimatedTotalSubtreeCost="0.0204268" Parallel="0" EstimateRebinds="0" EstimateRewinds="0" EstimatedExecutionMode="Row">
                                      <OutputList>
                                        <ColumnReference Table="@TestPassMix" Alias="[tpm]" Column="TestPassId" />
                                        <ColumnReference Database="[OurLabReporting]" Schema="[dbo]" Table="[Failure]" Alias="[f]" Column="Id" />
                                      </OutputList>
                                      <NestedLoops Optimized="0">
                                        <OuterReferences>
                                          <ColumnReference Table="@TestPassMix" Alias="[tpm]" Column="TestPassId" />
                                        </OuterReferences>
                                        <RelOp NodeId="14" PhysicalOp="Clustered Index Scan" LogicalOp="Clustered Index Scan" EstimateRows="1" EstimateIO="0.003125" EstimateCPU="0.0001581" AvgRowSize="11" EstimatedTotalSubtreeCost="0.0032831" TableCardinality="0" Parallel="0" EstimateRebinds="0" EstimateRewinds="0" EstimatedExecutionMode="Row">
                                          <OutputList>
                                            <ColumnReference Table="@TestPassMix" Alias="[tpm]" Column="TestPassId" />
                                          </OutputList>
                                          <IndexScan Ordered="0" ForcedIndex="0" ForceScan="0" NoExpandHint="0">
                                            <DefinedValues>
                                              <DefinedValue>
                                                <ColumnReference Table="@TestPassMix" Alias="[tpm]" Column="TestPassId" />
                                              </DefinedValue>
                                            </DefinedValues>
                                            <Object Table="[@TestPassMix]" Index="[PK__#B461A41__A429706ACAD071D6]" Alias="[tpm]" />
                                          </IndexScan>
                                        </RelOp>
                                        <RelOp NodeId="15" PhysicalOp="Index Seek" LogicalOp="Index Seek" EstimateRows="1783.57" EstimateIO="0.00756944" EstimateCPU="0.00211893" AvgRowSize="11" EstimatedTotalSubtreeCost="0.00968837" TableCardinality="3.38966e+007" Parallel="0" EstimateRebinds="0" EstimateRewinds="0" EstimatedExecutionMode="Row">
                                          <OutputList>
                                            <ColumnReference Database="[OurLabReporting]" Schema="[dbo]" Table="[Failure]" Alias="[f]" Column="Id" />
                                          </OutputList>
                                          <IndexScan Ordered="1" ScanDirection="FORWARD" ForcedIndex="0" ForceSeek="0" ForceScan="0" NoExpandHint="0" Storage="RowStore">
                                            <DefinedValues>
                                              <DefinedValue>
                                                <ColumnReference Database="[OurLabReporting]" Schema="[dbo]" Table="[Failure]" Alias="[f]" Column="Id" />
                                              </DefinedValue>
                                            </DefinedValues>
                                            <Object Database="[OurLabReporting]" Schema="[dbo]" Table="[Failure]" Index="[Failure_IDX_TestPass]" Alias="[f]" IndexKind="NonClustered" />
                                            <SeekPredicates>
                                              <SeekPredicateNew>
                                                <SeekKeys>
                                                  <Prefix ScanType="EQ">
                                                    <RangeColumns>
                                                      <ColumnReference Database="[OurLabReporting]" Schema="[dbo]" Table="[Failure]" Alias="[f]" Column="TestpassId" />
                                                    </RangeColumns>
                                                    <RangeExpressions>
                                                      <ScalarOperator ScalarString="@TestPassMix.[TestPassId] as [tpm].[TestPassId]">
                                                        <Identifier>
                                                          <ColumnReference Table="@TestPassMix" Alias="[tpm]" Column="TestPassId" />
                                                        </Identifier>
                                                      </ScalarOperator>
                                                    </RangeExpressions>
                                                  </Prefix>
                                                </SeekKeys>
                                              </SeekPredicateNew>
                                            </SeekPredicates>
                                          </IndexScan>
                                        </RelOp>
                                      </NestedLoops>
                                    </RelOp>
                                    <RelOp NodeId="17" PhysicalOp="Clustered Index Seek" LogicalOp="Clustered Index Seek" EstimateRows="297.244" EstimateIO="0.003125" EstimateCPU="0.0001581" AvgRowSize="15" EstimatedTotalSubtreeCost="4.71809" TableCardinality="3.38966e+007" Parallel="0" EstimateRebinds="1782.03" EstimateRewinds="0.541445" EstimatedExecutionMode="Row">
                                      <OutputList>
                                        <ColumnReference Database="[OurLabReporting]" Schema="[dbo]" Table="[Failure]" Alias="[f]" Column="StatusId" />
                                        <ColumnReference Database="[OurLabReporting]" Schema="[dbo]" Table="[Failure]" Alias="[f]" Column="FailureTypeId" />
                                      </OutputList>
                                      <IndexScan Lookup="1" Ordered="1" ScanDirection="FORWARD" ForcedIndex="0" ForceSeek="0" ForceScan="0" NoExpandHint="0" Storage="RowStore">
                                        <DefinedValues>
                                          <DefinedValue>
                                            <ColumnReference Database="[OurLabReporting]" Schema="[dbo]" Table="[Failure]" Alias="[f]" Column="StatusId" />
                                          </DefinedValue>
                                          <DefinedValue>
                                            <ColumnReference Database="[OurLabReporting]" Schema="[dbo]" Table="[Failure]" Alias="[f]" Column="FailureTypeId" />
                                          </DefinedValue>
                                        </DefinedValues>
                                        <Object Database="[OurLabReporting]" Schema="[dbo]" Table="[Failure]" Index="[Failure_PK]" Alias="[f]" TableReferenceId="-1" IndexKind="Clustered" />
                                        <SeekPredicates>
                                          <SeekPredicateNew>
                                            <SeekKeys>
                                              <Prefix ScanType="EQ">
                                                <RangeColumns>
                                                  <ColumnReference Database="[OurLabReporting]" Schema="[dbo]" Table="[Failure]" Alias="[f]" Column="Id" />
                                                </RangeColumns>
                                                <RangeExpressions>
                                                  <ScalarOperator ScalarString="[OurLabReporting].[dbo].[Failure].[Id] as [f].[Id]">
                                                    <Identifier>
                                                      <ColumnReference Database="[OurLabReporting]" Schema="[dbo]" Table="[Failure]" Alias="[f]" Column="Id" />
                                                    </Identifier>
                                                  </ScalarOperator>
                                                </RangeExpressions>
                                              </Prefix>
                                            </SeekKeys>
                                          </SeekPredicateNew>
                                        </SeekPredicates>
                                        <Predicate>
                                          <ScalarOperator ScalarString="[OurLabReporting].[dbo].[Failure].[FailureTypeId] as [f].[FailureTypeId]=[@NonExecutionFailureTypeId]">
                                            <Compare CompareOp="EQ">
                                              <ScalarOperator>
                                                <Identifier>
                                                  <ColumnReference Database="[OurLabReporting]" Schema="[dbo]" Table="[Failure]" Alias="[f]" Column="FailureTypeId" />
                                                </Identifier>
                                              </ScalarOperator>
                                              <ScalarOperator>
                                                <Identifier>
                                                  <ColumnReference Column="@NonExecutionFailureTypeId" />
                                                </Identifier>
                                              </ScalarOperator>
                                            </Compare>
                                          </ScalarOperator>
                                        </Predicate>
                                      </IndexScan>
                                    </RelOp>
                                  </NestedLoops>
                                </RelOp>
                              </ComputeScalar>
                            </RelOp>
                          </Concat>
                        </RelOp>
                      </Sort>
                    </RelOp>
                  </ComputeScalar>
                </RelOp>
              </Update>
            </RelOp>
          </QueryPlan>
        </StmtSimple>
        <StmtSimple StatementText="&#xA;DECLARE @FilteredStatusId int = (SELECT Id FROM dbo.[Status] WITH (NOLOCK) WHERE [Status] = N'Filtered' AND [Type] = N'TEU')&#xD;" StatementId="12" StatementCompId="17" StatementType="SELECT" RetrievedFromCache="true" StatementSubTreeCost="0.0034887" StatementEstRows="1" StatementOptmLevel="FULL" QueryHash="0xEBFB9EAED1D5663A" QueryPlanHash="0x4CD33315D4274327" StatementOptmEarlyAbortReason="GoodEnoughPlanFound">
          <StatementSetOptions QUOTED_IDENTIFIER="true" ARITHABORT="true" CONCAT_NULL_YIELDS_NULL="true" ANSI_NULLS="true" ANSI_PADDING="true" ANSI_WARNINGS="true" NUMERIC_ROUNDABORT="false" />
          <QueryPlan NonParallelPlanReason="MaxDOPSetToOne" CachedPlanSize="24" CompileTime="2" CompileCPU="2" CompileMemory="760">
            <Warnings>
              <PlanAffectingConvert ConvertIssue="Cardinality Estimate" Expression="CONVERT_IMPLICIT(nvarchar(200),[OurLabReporting].[dbo].[Status].[Status],0)" />
              <PlanAffectingConvert ConvertIssue="Cardinality Estimate" Expression="CONVERT_IMPLICIT(nvarchar(50),[OurLabReporting].[dbo].[Status].[Type],0)" />
              <PlanAffectingConvert ConvertIssue="Seek Plan" Expression="CONVERT_IMPLICIT(nvarchar(200),[OurLabReporting].[dbo].[Status].[Status],0)=N'Filtered'" />
              <PlanAffectingConvert ConvertIssue="Seek Plan" Expression="CONVERT_IMPLICIT(nvarchar(50),[OurLabReporting].[dbo].[Status].[Type],0)=N'TEU'" />
            </Warnings>
            <MemoryGrantInfo SerialRequiredMemory="0" SerialDesiredMemory="0" />
            <OptimizerHardwareDependentProperties EstimatedAvailableMemoryGrant="193313" EstimatedPagesCached="773254" EstimatedAvailableDegreeOfParallelism="1" />
            <RelOp NodeId="0" PhysicalOp="Compute Scalar" LogicalOp="Compute Scalar" EstimateRows="1" EstimateIO="0" EstimateCPU="1e-007" AvgRowSize="11" EstimatedTotalSubtreeCost="0.0034887" Parallel="0" EstimateRebinds="0" EstimateRewinds="0" EstimatedExecutionMode="Row">
              <OutputList>
                <ColumnReference Column="Expr1004" />
              </OutputList>
              <ComputeScalar>
                <DefinedValues>
                  <DefinedValue>
                    <ColumnReference Column="Expr1004" />
                    <ScalarOperator ScalarString="[Expr1006]">
                      <Identifier>
                        <ColumnReference Column="Expr1006" />
                      </Identifier>
                    </ScalarOperator>
                  </DefinedValue>
                </DefinedValues>
                <RelOp NodeId="1" PhysicalOp="Nested Loops" LogicalOp="Left Outer Join" EstimateRows="1" EstimateIO="0" EstimateCPU="4.18e-006" AvgRowSize="11" EstimatedTotalSubtreeCost="0.0034886" Parallel="0" EstimateRebinds="0" EstimateRewinds="0" EstimatedExecutionMode="Row">
                  <OutputList>
                    <ColumnReference Column="Expr1006" />
                  </OutputList>
                  <NestedLoops Optimized="0">
                    <RelOp NodeId="2" PhysicalOp="Constant Scan" LogicalOp="Constant Scan" EstimateRows="1" EstimateIO="0" EstimateCPU="1.157e-006" AvgRowSize="9" EstimatedTotalSubtreeCost="1.157e-006" Parallel="0" EstimateRebinds="0" EstimateRewinds="0" EstimatedExecutionMode="Row">
                      <OutputList />
                      <ConstantScan />
                    </RelOp>
                    <RelOp NodeId="3" PhysicalOp="Assert" LogicalOp="Assert" EstimateRows="1" EstimateIO="0" EstimateCPU="4.8e-007" AvgRowSize="11" EstimatedTotalSubtreeCost="0.00348326" Parallel="0" EstimateRebinds="0" EstimateRewinds="0" EstimatedExecutionMode="Row">
                      <OutputList>
                        <ColumnReference Column="Expr1006" />
                      </OutputList>
                      <Assert StartupExpression="0">
                        <RelOp NodeId="4" PhysicalOp="Stream Aggregate" LogicalOp="Aggregate" EstimateRows="1" EstimateIO="0" EstimateCPU="1.1e-006" AvgRowSize="19" EstimatedTotalSubtreeCost="0.00348278" Parallel="0" EstimateRebinds="0" EstimateRewinds="0" EstimatedExecutionMode="Row">
                          <OutputList>
                            <ColumnReference Column="Expr1005" />
                            <ColumnReference Column="Expr1006" />
                          </OutputList>
                          <StreamAggregate>
                            <DefinedValues>
                              <DefinedValue>
                                <ColumnReference Column="Expr1005" />
                                <ScalarOperator ScalarString="Count(*)">
                                  <Aggregate AggType="countstar" Distinct="0" />
                                </ScalarOperator>
                              </DefinedValue>
                              <DefinedValue>
                                <ColumnReference Column="Expr1006" />
                                <ScalarOperator ScalarString="ANY([OurLabReporting].[dbo].[Status].[Id])">
                                  <Aggregate Distinct="0" AggType="ANY">
                                    <ScalarOperator>
                                      <Identifier>
                                        <ColumnReference Database="[OurLabReporting]" Schema="[dbo]" Table="[Status]" Column="Id" />
                                      </Identifier>
                                    </ScalarOperator>
                                  </Aggregate>
                                </ScalarOperator>
                              </DefinedValue>
                            </DefinedValues>
                            <RelOp NodeId="6" PhysicalOp="Index Scan" LogicalOp="Index Scan" EstimateRows="1" EstimateIO="0.003125" EstimateCPU="0.0002626" AvgRowSize="37" EstimatedTotalSubtreeCost="0.0033876" TableCardinality="96" Parallel="0" EstimateRebinds="0" EstimateRewinds="0" EstimatedExecutionMode="Row">
                              <OutputList>
                                <ColumnReference Database="[OurLabReporting]" Schema="[dbo]" Table="[Status]" Column="Id" />
                              </OutputList>
                              <IndexScan Ordered="0" ForcedIndex="0" ForceSeek="0" ForceScan="0" NoExpandHint="0" Storage="RowStore">
                                <DefinedValues>
                                  <DefinedValue>
                                    <ColumnReference Database="[OurLabReporting]" Schema="[dbo]" Table="[Status]" Column="Id" />
                                  </DefinedValue>
                                </DefinedValues>
                                <Object Database="[OurLabReporting]" Schema="[dbo]" Table="[Status]" Index="[IX_Status_StatusType]" IndexKind="NonClustered" />
                                <Predicate>
                                  <ScalarOperator ScalarString="CONVERT_IMPLICIT(nvarchar(200),[OurLabReporting].[dbo].[Status].[Status],0)=N'Filtered' AND CONVERT_IMPLICIT(nvarchar(50),[OurLabReporting].[dbo].[Status].[Type],0)=N'TEU'">
                                    <Logical Operation="AND">
                                      <ScalarOperator>
                                        <Compare CompareOp="EQ">
                                          <ScalarOperator>
                                            <Convert DataType="nvarchar" Length="400" Style="0" Implicit="1">
                                              <ScalarOperator>
                                                <Identifier>
                                                  <ColumnReference Database="[OurLabReporting]" Schema="[dbo]" Table="[Status]" Column="Status" />
                                                </Identifier>
                                              </ScalarOperator>
                                            </Convert>
                                          </ScalarOperator>
                                          <ScalarOperator>
                                            <Const ConstValue="N'Filtered'" />
                                          </ScalarOperator>
                                        </Compare>
                                      </ScalarOperator>
                                      <ScalarOperator>
                                        <Compare CompareOp="EQ">
                                          <ScalarOperator>
                                            <Convert DataType="nvarchar" Length="100" Style="0" Implicit="1">
                                              <ScalarOperator>
                                                <Identifier>
                                                  <ColumnReference Database="[OurLabReporting]" Schema="[dbo]" Table="[Status]" Column="Type" />
                                                </Identifier>
                                              </ScalarOperator>
                                            </Convert>
                                          </ScalarOperator>
                                          <ScalarOperator>
                                            <Const ConstValue="N'TEU'" />
                                          </ScalarOperator>
                                        </Compare>
                                      </ScalarOperator>
                                    </Logical>
                                  </ScalarOperator>
                                </Predicate>
                              </IndexScan>
                            </RelOp>
                          </StreamAggregate>
                        </RelOp>
                        <Predicate>
                          <ScalarOperator ScalarString="CASE WHEN [Expr1005]&gt;(1) THEN (0) ELSE NULL END">
                            <IF>
                              <Condition>
                                <ScalarOperator>
                                  <Compare CompareOp="GT">
                                    <ScalarOperator>
                                      <Identifier>
                                        <ColumnReference Column="Expr1005" />
                                      </Identifier>
                                    </ScalarOperator>
                                    <ScalarOperator>
                                      <Const ConstValue="(1)" />
                                    </ScalarOperator>
                                  </Compare>
                                </ScalarOperator>
                              </Condition>
                              <Then>
                                <ScalarOperator>
                                  <Const ConstValue="(0)" />
                                </ScalarOperator>
                              </Then>
                              <Else>
                                <ScalarOperator>
                                  <Const ConstValue="NULL" />
                                </ScalarOperator>
                              </Else>
                            </IF>
                          </ScalarOperator>
                        </Predicate>
                      </Assert>
                    </RelOp>
                  </NestedLoops>
                </RelOp>
              </ComputeScalar>
            </RelOp>
          </QueryPlan>
        </StmtSimple>
        <StmtSimple StatementText="&#xA;DECLARE @ActiveStatusId int = (SELECT Id FROM dbo.[Status] WITH (NOLOCK) WHERE [Status] = N'Active' AND [Type] = N'Failure')&#xD;&#xA;&#xD;" StatementId="13" StatementCompId="18" StatementType="SELECT" RetrievedFromCache="true" StatementSubTreeCost="0.0034887" StatementEstRows="1" StatementOptmLevel="FULL" QueryHash="0xEBFB9EAED1D5663A" QueryPlanHash="0x4CD33315D4274327" StatementOptmEarlyAbortReason="GoodEnoughPlanFound">
          <StatementSetOptions QUOTED_IDENTIFIER="true" ARITHABORT="true" CONCAT_NULL_YIELDS_NULL="true" ANSI_NULLS="true" ANSI_PADDING="true" ANSI_WARNINGS="true" NUMERIC_ROUNDABORT="false" />
          <QueryPlan NonParallelPlanReason="MaxDOPSetToOne" CachedPlanSize="24" CompileTime="2" CompileCPU="2" CompileMemory="760">
            <Warnings>
              <PlanAffectingConvert ConvertIssue="Cardinality Estimate" Expression="CONVERT_IMPLICIT(nvarchar(200),[OurLabReporting].[dbo].[Status].[Status],0)" />
              <PlanAffectingConvert ConvertIssue="Cardinality Estimate" Expression="CONVERT_IMPLICIT(nvarchar(50),[OurLabReporting].[dbo].[Status].[Type],0)" />
              <PlanAffectingConvert ConvertIssue="Seek Plan" Expression="CONVERT_IMPLICIT(nvarchar(200),[OurLabReporting].[dbo].[Status].[Status],0)=N'Active'" />
              <PlanAffectingConvert ConvertIssue="Seek Plan" Expression="CONVERT_IMPLICIT(nvarchar(50),[OurLabReporting].[dbo].[Status].[Type],0)=N'Failure'" />
            </Warnings>
            <MemoryGrantInfo SerialRequiredMemory="0" SerialDesiredMemory="0" />
            <OptimizerHardwareDependentProperties EstimatedAvailableMemoryGrant="193313" EstimatedPagesCached="773254" EstimatedAvailableDegreeOfParallelism="1" />
            <RelOp NodeId="0" PhysicalOp="Compute Scalar" LogicalOp="Compute Scalar" EstimateRows="1" EstimateIO="0" EstimateCPU="1e-007" AvgRowSize="11" EstimatedTotalSubtreeCost="0.0034887" Parallel="0" EstimateRebinds="0" EstimateRewinds="0" EstimatedExecutionMode="Row">
              <OutputList>
                <ColumnReference Column="Expr1004" />
              </OutputList>
              <ComputeScalar>
                <DefinedValues>
                  <DefinedValue>
                    <ColumnReference Column="Expr1004" />
                    <ScalarOperator ScalarString="[Expr1006]">
                      <Identifier>
                        <ColumnReference Column="Expr1006" />
                      </Identifier>
                    </ScalarOperator>
                  </DefinedValue>
                </DefinedValues>
                <RelOp NodeId="1" PhysicalOp="Nested Loops" LogicalOp="Left Outer Join" EstimateRows="1" EstimateIO="0" EstimateCPU="4.18e-006" AvgRowSize="11" EstimatedTotalSubtreeCost="0.0034886" Parallel="0" EstimateRebinds="0" EstimateRewinds="0" EstimatedExecutionMode="Row">
                  <OutputList>
                    <ColumnReference Column="Expr1006" />
                  </OutputList>
                  <NestedLoops Optimized="0">
                    <RelOp NodeId="2" PhysicalOp="Constant Scan" LogicalOp="Constant Scan" EstimateRows="1" EstimateIO="0" EstimateCPU="1.157e-006" AvgRowSize="9" EstimatedTotalSubtreeCost="1.157e-006" Parallel="0" EstimateRebinds="0" EstimateRewinds="0" EstimatedExecutionMode="Row">
                      <OutputList />
                      <ConstantScan />
                    </RelOp>
                    <RelOp NodeId="3" PhysicalOp="Assert" LogicalOp="Assert" EstimateRows="1" EstimateIO="0" EstimateCPU="4.8e-007" AvgRowSize="11" EstimatedTotalSubtreeCost="0.00348326" Parallel="0" EstimateRebinds="0" EstimateRewinds="0" EstimatedExecutionMode="Row">
                      <OutputList>
                        <ColumnReference Column="Expr1006" />
                      </OutputList>
                      <Assert StartupExpression="0">
                        <RelOp NodeId="4" PhysicalOp="Stream Aggregate" LogicalOp="Aggregate" EstimateRows="1" EstimateIO="0" EstimateCPU="1.1e-006" AvgRowSize="19" EstimatedTotalSubtreeCost="0.00348278" Parallel="0" EstimateRebinds="0" EstimateRewinds="0" EstimatedExecutionMode="Row">
                          <OutputList>
                            <ColumnReference Column="Expr1005" />
                            <ColumnReference Column="Expr1006" />
                          </OutputList>
                          <StreamAggregate>
                            <DefinedValues>
                              <DefinedValue>
                                <ColumnReference Column="Expr1005" />
                                <ScalarOperator ScalarString="Count(*)">
                                  <Aggregate AggType="countstar" Distinct="0" />
                                </ScalarOperator>
                              </DefinedValue>
                              <DefinedValue>
                                <ColumnReference Column="Expr1006" />
                                <ScalarOperator ScalarString="ANY([OurLabReporting].[dbo].[Status].[Id])">
                                  <Aggregate Distinct="0" AggType="ANY">
                                    <ScalarOperator>
                                      <Identifier>
                                        <ColumnReference Database="[OurLabReporting]" Schema="[dbo]" Table="[Status]" Column="Id" />
                                      </Identifier>
                                    </ScalarOperator>
                                  </Aggregate>
                                </ScalarOperator>
                              </DefinedValue>
                            </DefinedValues>
                            <RelOp NodeId="6" PhysicalOp="Index Scan" LogicalOp="Index Scan" EstimateRows="1" EstimateIO="0.003125" EstimateCPU="0.0002626" AvgRowSize="37" EstimatedTotalSubtreeCost="0.0033876" TableCardinality="96" Parallel="0" EstimateRebinds="0" EstimateRewinds="0" EstimatedExecutionMode="Row">
                              <OutputList>
                                <ColumnReference Database="[OurLabReporting]" Schema="[dbo]" Table="[Status]" Column="Id" />
                              </OutputList>
                              <IndexScan Ordered="0" ForcedIndex="0" ForceSeek="0" ForceScan="0" NoExpandHint="0" Storage="RowStore">
                                <DefinedValues>
                                  <DefinedValue>
                                    <ColumnReference Database="[OurLabReporting]" Schema="[dbo]" Table="[Status]" Column="Id" />
                                  </DefinedValue>
                                </DefinedValues>
                                <Object Database="[OurLabReporting]" Schema="[dbo]" Table="[Status]" Index="[IX_Status_StatusType]" IndexKind="NonClustered" />
                                <Predicate>
                                  <ScalarOperator ScalarString="CONVERT_IMPLICIT(nvarchar(200),[OurLabReporting].[dbo].[Status].[Status],0)=N'Active' AND CONVERT_IMPLICIT(nvarchar(50),[OurLabReporting].[dbo].[Status].[Type],0)=N'Failure'">
                                    <Logical Operation="AND">
                                      <ScalarOperator>
                                        <Compare CompareOp="EQ">
                                          <ScalarOperator>
                                            <Convert DataType="nvarchar" Length="400" Style="0" Implicit="1">
                                              <ScalarOperator>
                                                <Identifier>
                                                  <ColumnReference Database="[OurLabReporting]" Schema="[dbo]" Table="[Status]" Column="Status" />
                                                </Identifier>
                                              </ScalarOperator>
                                            </Convert>
                                          </ScalarOperator>
                                          <ScalarOperator>
                                            <Const ConstValue="N'Active'" />
                                          </ScalarOperator>
                                        </Compare>
                                      </ScalarOperator>
                                      <ScalarOperator>
                                        <Compare CompareOp="EQ">
                                          <ScalarOperator>
                                            <Convert DataType="nvarchar" Length="100" Style="0" Implicit="1">
                                              <ScalarOperator>
                                                <Identifier>
                                                  <ColumnReference Database="[OurLabReporting]" Schema="[dbo]" Table="[Status]" Column="Type" />
                                                </Identifier>
                                              </ScalarOperator>
                                            </Convert>
                                          </ScalarOperator>
                                          <ScalarOperator>
                                            <Const ConstValue="N'Failure'" />
                                          </ScalarOperator>
                                        </Compare>
                                      </ScalarOperator>
                                    </Logical>
                                  </ScalarOperator>
                                </Predicate>
                              </IndexScan>
                            </RelOp>
                          </StreamAggregate>
                        </RelOp>
                        <Predicate>
                          <ScalarOperator ScalarString="CASE WHEN [Expr1005]&gt;(1) THEN (0) ELSE NULL END">
                            <IF>
                              <Condition>
                                <ScalarOperator>
                                  <Compare CompareOp="GT">
                                    <ScalarOperator>
                                      <Identifier>
                                        <ColumnReference Column="Expr1005" />
                                      </Identifier>
                                    </ScalarOperator>
                                    <ScalarOperator>
                                      <Const ConstValue="(1)" />
                                    </ScalarOperator>
                                  </Compare>
                                </ScalarOperator>
                              </Condition>
                              <Then>
                                <ScalarOperator>
                                  <Const ConstValue="(0)" />
                                </ScalarOperator>
                              </Then>
                              <Else>
                                <ScalarOperator>
                                  <Const ConstValue="NULL" />
                                </ScalarOperator>
                              </Else>
                            </IF>
                          </ScalarOperator>
                        </Predicate>
                      </Assert>
                    </RelOp>
                  </NestedLoops>
                </RelOp>
              </ComputeScalar>
            </RelOp>
          </QueryPlan>
        </StmtSimple>
        <StmtSimple StatementText="&#xA;SELECT&#xD;&#xA;    tp.SectionId,&#xD;&#xA;    tp.SectionEntryId,&#xD;&#xA;    tp.SectionEntryName,&#xD;&#xA;    tp.Branch AS BranchName,&#xD;&#xA;    tp.Build AS BuildString,&#xD;&#xA;    tp.Id AS TestPassId,&#xD;&#xA;    tp.Name AS TestPassName,&#xD;&#xA;&#x9;tp.TestPassType AS TestPassType,&#xD;&#xA;    tp.[State] AS TestPassState,&#xD;&#xA;&#x9;tp.GradeState,&#xD;&#xA;&#x9;tp.FlightGradeState,&#xD;&#xA;&#x9;tp.ReportingUrl,&#xD;&#xA;&#x9;tp.IsExternalTestPass,&#xD;&#xA;&#x9;tp.StartDate AS StartTime,&#xD;&#xA;&#x9;tp.EndDate AS EndTime,&#xD;&#xA;    r.HasReruns,&#xD;&#xA;    cnt.TotalTestCaseCount,&#xD;&#xA;    cnt.PassedTestCaseCount,&#xD;&#xA;    cnt.FailedTestCaseCount,&#xD;&#xA;    cnt.SkippedTestCaseCount,&#xD;&#xA;    cnt.WarnedTestCaseCount,&#xD;&#xA;    cnt.BlockedTestCaseCount,&#xD;&#xA;    cnt.TotalTeuCount,&#xD;&#xA;    cnt.CompletedTeuCount,&#xD;&#xA;    cnt.InProgressTeuCount,&#xD;&#xA;    cnt.FailedTeuCount,&#xD;&#xA;    cnt.CancelledTeuCount,&#xD;&#xA;    cnt.WaitingTeuCount,&#xD;&#xA;    cnt.NotScheduledTeuCount,&#xD;&#xA;    t.FilteredTeuCount,&#xD;&#xA;    f.TotalFailureCount,&#xD;&#xA;    f.ActiveFailureCount,&#xD;&#xA;    f.TotalInfrastructureFailureCount,&#xD;&#xA;    f.ActiveInfrastructureFailureCount,&#xD;&#xA;    f.TotalCrashFailureCount,&#xD;&#xA;    f.ActiveCrashFailureCount,&#xD;&#xA;    bug.BugsXml&#xD;&#xA;FROM @TestPasses tp&#xD;&#xA;    LEFT JOIN (&#xD;&#xA;        SELECT tpm.TestPassId, CONVERT(bit, COUNT(1)) AS HasReruns&#xD;&#xA;        FROM @TestPassMix tpm&#xD;&#xA;            INNER JOIN dbo.TEU t WITH (NOLOCK) ON t.MixId = tpm.MixId&#xD;&#xA;        WHERE t.RerunSourceId IS NOT NULL&#xD;&#xA;        GROUP BY tpm.TestPassId&#xD;&#xA;    ) r ON r.TestPassId = tp.Id&#xD;&#xA;    LEFT JOIN (&#xD;&#xA;        SELECT&#xD;&#xA;            tpm.TestPassId,&#xD;&#xA;            SUM(cnt.Total) AS TotalTestCaseCount,&#xD;&#xA;            SUM(cnt.PassTotal) AS PassedTestCaseCount,&#xD;&#xA;            SUM(cnt.FailTotal) AS FailedTestCaseCount,&#xD;&#xA;            SUM(cnt.SkipTotal) AS SkippedTestCaseCount,&#xD;&#xA;            SUM(cnt.WarnTotal) AS WarnedTestCaseCount,&#xD;&#xA;            SUM(cnt.BlockTotal) AS BlockedTestCaseCount,&#xD;&#xA;            SUM(cnt.TotalTEUs) AS TotalTeuCount,&#xD;&#xA;            SUM(cnt.TEUsCompleted) AS CompletedTeuCount,&#xD;&#xA;            SUM(cnt.TEUsInProgress) AS InProgressTeuCount,&#xD;&#xA;            SUM(cnt.TEUsFailed) AS FailedTeuCount,&#xD;&#xA;            SUM(cnt.TEUsCancelled) AS CancelledTeuCount,&#xD;&#xA;            SUM(cnt.TEUsWaiting) AS WaitingTeuCount,&#xD;&#xA;            SUM(cnt.TEUsNotScheduled) AS NotScheduledTeuCount&#xD;&#xA;        FROM dbo.View_TEUAndTCCountsByMix cnt WITH (NOLOCK)&#xD;&#xA;            INNER JOIN @TestPassMix tpm ON tpm.MixId = cnt.MixId&#xD;&#xA;        GROUP BY tpm.TestPassId&#xD;&#xA;    ) cnt ON cnt.TestPassId = tp.Id&#xD;&#xA;    LEFT JOIN (&#xD;&#xA;        SELECT tpm.TestPassId, COUNT(1) AS FilteredTeuCount&#xD;&#xA;        FROM dbo.View_PrimaryTeu teu WITH (NOLOCK)&#xD;&#xA;            INNER JOIN @TestPassMix tpm ON tpm.MixId = teu.MixId&#xD;&#xA;        WHERE teu.StatusId = @FilteredStatusId&#xD;&#xA;        GROUP BY tpm.TestPassId&#xD;&#xA;    ) t ON t.TestPassId = tp.Id&#xD;&#xA;    OUTER APPLY (&#xD;&#xA;        SELECT&#xD;&#xA;            (&#xD;&#xA;                SELECT COUNT(1)&#xD;&#xA;                FROM @TestPassFailures f&#xD;&#xA;                WHERE f.TestPassId = tp.Id&#xD;&#xA;            ) AS TotalFailureCount,&#xD;&#xA;            (&#xD;&#xA;                SELECT COUNT(1)&#xD;&#xA;                FROM @TestPassFailures f&#xD;&#xA;                WHERE f.TestPassId = tp.Id AND f.StatusId = @ActiveStatusId&#xD;&#xA;            ) AS ActiveFailureCount,&#xD;&#xA;            (&#xD;&#xA;                SELECT COUNT(1)&#xD;&#xA;                FROM @TestPassFailures f&#xD;&#xA;                WHERE f.TestPassId = tp.Id AND f.FailureTypeId = @InfrastructureFailureTypeId&#xD;&#xA;            ) AS TotalInfrastructureFailureCount,&#xD;&#xA;            (&#xD;&#xA;                SELECT COUNT(1)&#xD;&#xA;                FROM @TestPassFailures f&#xD;&#xA;                WHERE f.TestPassId = tp.Id&#xD;&#xA;                    AND f.FailureTypeId = @InfrastructureFailureTypeId&#xD;&#xA;                    AND f.StatusId = @ActiveStatusId&#xD;&#xA;            ) AS ActiveInfrastructureFailureCount,&#xD;&#xA;            (&#xD;&#xA;                SELECT COUNT(1)&#xD;&#xA;                FROM @TestPassFailures f&#xD;&#xA;                WHERE f.TestPassId = tp.Id AND f.FailureTypeId = @CrashFailureTypeId&#xD;&#xA;            ) AS TotalCrashFailureCount,&#xD;&#xA;            (&#xD;&#xA;                SELECT COUNT(1)&#xD;&#xA;                FROM @TestPassFailures f&#xD;&#xA;                WHERE f.TestPassId = tp.Id&#xD;&#xA;                    AND f.FailureTypeId = @" StatementId="14" StatementCompId="19" StatementType="SELECT" RetrievedFromCache="true" StatementSubTreeCost="0.117438" StatementEstRows="1" StatementOptmLevel="FULL" QueryHash="0x39990FFB4A79F8D7" QueryPlanHash="0xE1136F982C57F6DD" StatementOptmEarlyAbortReason="GoodEnoughPlanFound">
          <StatementSetOptions QUOTED_IDENTIFIER="true" ARITHABORT="true" CONCAT_NULL_YIELDS_NULL="true" ANSI_NULLS="true" ANSI_PADDING="true" ANSI_WARNINGS="true" NUMERIC_ROUNDABORT="false" />
          <QueryPlan NonParallelPlanReason="MaxDOPSetToOne" CachedPlanSize="304" CompileTime="177" CompileCPU="177" CompileMemory="5584">
            <MemoryGrantInfo SerialRequiredMemory="768" SerialDesiredMemory="864" />
            <OptimizerHardwareDependentProperties EstimatedAvailableMemoryGrant="193313" EstimatedPagesCached="773254" EstimatedAvailableDegreeOfParallelism="1" />
            <RelOp NodeId="0" PhysicalOp="Nested Loops" LogicalOp="Left Outer Join" EstimateRows="1" EstimateIO="0" EstimateCPU="4.18e-006" AvgRowSize="7249" EstimatedTotalSubtreeCost="0.117438" Parallel="0" EstimateRebinds="0" EstimateRewinds="0" EstimatedExecutionMode="Row">
              <OutputList>
                <ColumnReference Table="@TestPasses" Alias="[tp]" Column="SortOrder" />
                <ColumnReference Table="@TestPasses" Alias="[tp]" Column="SectionId" />
                <ColumnReference Table="@TestPasses" Alias="[tp]" Column="SectionEntryId" />
                <ColumnReference Table="@TestPasses" Alias="[tp]" Column="SectionEntryName" />
                <ColumnReference Table="@TestPasses" Alias="[tp]" Column="Branch" />
                <ColumnReference Table="@TestPasses" Alias="[tp]" Column="Build" />
                <ColumnReference Table="@TestPasses" Alias="[tp]" Column="Id" />
                <ColumnReference Table="@TestPasses" Alias="[tp]" Column="Name" />
                <ColumnReference Table="@TestPasses" Alias="[tp]" Column="State" />
                <ColumnReference Table="@TestPasses" Alias="[tp]" Column="GradeState" />
                <ColumnReference Table="@TestPasses" Alias="[tp]" Column="FlightGradeState" />
                <ColumnReference Table="@TestPasses" Alias="[tp]" Column="ReportingUrl" />
                <ColumnReference Table="@TestPasses" Alias="[tp]" Column="IsExternalTestPass" />
                <ColumnReference Table="@TestPasses" Alias="[tp]" Column="TestPassType" />
                <ColumnReference Table="@TestPasses" Alias="[tp]" Column="StartDate" />
                <ColumnReference Table="@TestPasses" Alias="[tp]" Column="EndDate" />
                <ColumnReference Column="Expr1009" />
                <ColumnReference Column="Expr1043" />
                <ColumnReference Column="Expr1044" />
                <ColumnReference Column="Expr1045" />
                <ColumnReference Column="Expr1046" />
                <ColumnReference Column="Expr1047" />
                <ColumnReference Column="Expr1048" />
                <ColumnReference Column="Expr1049" />
                <ColumnReference Column="Expr1050" />
                <ColumnReference Column="Expr1051" />
                <ColumnReference Column="Expr1052" />
                <ColumnReference Column="Expr1053" />
                <ColumnReference Column="Expr1054" />
                <ColumnReference Column="Expr1055" />
                <ColumnReference Column="Expr1063" />
                <ColumnReference Column="Expr1068" />
                <ColumnReference Column="Expr1073" />
                <ColumnReference Column="Expr1078" />
                <ColumnReference Column="Expr1083" />
                <ColumnReference Column="Expr1088" />
                <ColumnReference Column="Expr1093" />
                <ColumnReference Column="Expr1111" />
              </OutputList>
              <NestedLoops Optimized="0">
                <OuterReferences>
                  <ColumnReference Table="@TestPasses" Alias="[tp]" Column="Id" />
                </OuterReferences>
                <RelOp NodeId="1" PhysicalOp="Nested Loops" LogicalOp="Left Outer Join" EstimateRows="1" EstimateIO="0" EstimateCPU="4.18e-006" AvgRowSize="3223" EstimatedTotalSubtreeCost="0.0782732" Parallel="0" EstimateRebinds="0" EstimateRewinds="0" EstimatedExecutionMode="Row">
                  <OutputList>
                    <ColumnReference Table="@TestPasses" Alias="[tp]" Column="SortOrder" />
                    <ColumnReference Table="@TestPasses" Alias="[tp]" Column="SectionId" />
                    <ColumnReference Table="@TestPasses" Alias="[tp]" Column="SectionEntryId" />
                    <ColumnReference Table="@TestPasses" Alias="[tp]" Column="SectionEntryName" />
                    <ColumnReference Table="@TestPasses" Alias="[tp]" Column="Branch" />
                    <ColumnReference Table="@TestPasses" Alias="[tp]" Column="Build" />
                    <ColumnReference Table="@TestPasses" Alias="[tp]" Column="Id" />
                    <ColumnReference Table="@TestPasses" Alias="[tp]" Column="Name" />
                    <ColumnReference Table="@TestPasses" Alias="[tp]" Column="State" />
                    <ColumnReference Table="@TestPasses" Alias="[tp]" Column="GradeState" />
                    <ColumnReference Table="@TestPasses" Alias="[tp]" Column="FlightGradeState" />
                    <ColumnReference Table="@TestPasses" Alias="[tp]" Column="ReportingUrl" />
                    <ColumnReference Table="@TestPasses" Alias="[tp]" Column="IsExternalTestPass" />
                    <ColumnReference Table="@TestPasses" Alias="[tp]" Column="TestPassType" />
                    <ColumnReference Table="@TestPasses" Alias="[tp]" Column="StartDate" />
                    <ColumnReference Table="@TestPasses" Alias="[tp]" Column="EndDate" />
                    <ColumnReference Column="Expr1009" />
                    <ColumnReference Column="Expr1043" />
                    <ColumnReference Column="Expr1044" />
                    <ColumnReference Column="Expr1045" />
                    <ColumnReference Column="Expr1046" />
                    <ColumnReference Column="Expr1047" />
                    <ColumnReference Column="Expr1048" />
                    <ColumnReference Column="Expr1049" />
                    <ColumnReference Column="Expr1050" />
                    <ColumnReference Column="Expr1051" />
                    <ColumnReference Column="Expr1052" />
                    <ColumnReference Column="Expr1053" />
                    <ColumnReference Column="Expr1054" />
                    <ColumnReference Column="Expr1055" />
                    <ColumnReference Column="Expr1063" />
                    <ColumnReference Column="Expr1068" />
                    <ColumnReference Column="Expr1073" />
                    <ColumnReference Column="Expr1078" />
                    <ColumnReference Column="Expr1083" />
                    <ColumnReference Column="Expr1088" />
                    <ColumnReference Column="Expr1093" />
                  </OutputList>
                  <NestedLoops Optimized="0">
                    <OuterReferences>
                      <ColumnReference Table="@TestPasses" Alias="[tp]" Column="Id" />
                    </OuterReferences>
                    <RelOp NodeId="2" PhysicalOp="Nested Loops" LogicalOp="Left Outer Join" EstimateRows="1" EstimateIO="0" EstimateCPU="4.18e-006" AvgRowSize="3198" EstimatedTotalSubtreeCost="0.0585397" Parallel="0" EstimateRebinds="0" EstimateRewinds="0" EstimatedExecutionMode="Row">
                      <OutputList>
                        <ColumnReference Table="@TestPasses" Alias="[tp]" Column="SortOrder" />
                        <ColumnReference Table="@TestPasses" Alias="[tp]" Column="SectionId" />
                        <ColumnReference Table="@TestPasses" Alias="[tp]" Column="SectionEntryId" />
                        <ColumnReference Table="@TestPasses" Alias="[tp]" Column="SectionEntryName" />
                        <ColumnReference Table="@TestPasses" Alias="[tp]" Column="Branch" />
                        <ColumnReference Table="@TestPasses" Alias="[tp]" Column="Build" />
                        <ColumnReference Table="@TestPasses" Alias="[tp]" Column="Id" />
                        <ColumnReference Table="@TestPasses" Alias="[tp]" Column="Name" />
                        <ColumnReference Table="@TestPasses" Alias="[tp]" Column="State" />
                        <ColumnReference Table="@TestPasses" Alias="[tp]" Column="GradeState" />
                        <ColumnReference Table="@TestPasses" Alias="[tp]" Column="FlightGradeState" />
                        <ColumnReference Table="@TestPasses" Alias="[tp]" Column="ReportingUrl" />
                        <ColumnReference Table="@TestPasses" Alias="[tp]" Column="IsExternalTestPass" />
                        <ColumnReference Table="@TestPasses" Alias="[tp]" Column="TestPassType" />
                        <ColumnReference Table="@TestPasses" Alias="[tp]" Column="StartDate" />
                        <ColumnReference Table="@TestPasses" Alias="[tp]" Column="EndDate" />
                        <ColumnReference Column="Expr1009" />
                        <ColumnReference Column="Expr1043" />
                        <ColumnReference Column="Expr1044" />
                        <ColumnReference Column="Expr1045" />
                        <ColumnReference Column="Expr1046" />
                        <ColumnReference Column="Expr1047" />
                        <ColumnReference Column="Expr1048" />
                        <ColumnReference Column="Expr1049" />
                        <ColumnReference Column="Expr1050" />
                        <ColumnReference Column="Expr1051" />
                        <ColumnReference Column="Expr1052" />
                        <ColumnReference Column="Expr1053" />
                        <ColumnReference Column="Expr1054" />
                        <ColumnReference Column="Expr1055" />
                        <ColumnReference Column="Expr1063" />
                      </OutputList>
                      <NestedLoops Optimized="0">
                        <OuterReferences>
                          <ColumnReference Table="@TestPasses" Alias="[tp]" Column="Id" />
                        </OuterReferences>
                        <RelOp NodeId="3" PhysicalOp="Nested Loops" LogicalOp="Left Outer Join" EstimateRows="1" EstimateIO="0" EstimateCPU="4.18e-006" AvgRowSize="3194" EstimatedTotalSubtreeCost="0.0325274" Parallel="0" EstimateRebinds="0" EstimateRewinds="0" EstimatedExecutionMode="Row">
                          <OutputList>
                            <ColumnReference Table="@TestPasses" Alias="[tp]" Column="SortOrder" />
                            <ColumnReference Table="@TestPasses" Alias="[tp]" Column="SectionId" />
                            <ColumnReference Table="@TestPasses" Alias="[tp]" Column="SectionEntryId" />
                            <ColumnReference Table="@TestPasses" Alias="[tp]" Column="SectionEntryName" />
                            <ColumnReference Table="@TestPasses" Alias="[tp]" Column="Branch" />
                            <ColumnReference Table="@TestPasses" Alias="[tp]" Column="Build" />
                            <ColumnReference Table="@TestPasses" Alias="[tp]" Column="Id" />
                            <ColumnReference Table="@TestPasses" Alias="[tp]" Column="Name" />
                            <ColumnReference Table="@TestPasses" Alias="[tp]" Column="State" />
                            <ColumnReference Table="@TestPasses" Alias="[tp]" Column="GradeState" />
                            <ColumnReference Table="@TestPasses" Alias="[tp]" Column="FlightGradeState" />
                            <ColumnReference Table="@TestPasses" Alias="[tp]" Column="ReportingUrl" />
                            <ColumnReference Table="@TestPasses" Alias="[tp]" Column="IsExternalTestPass" />
                            <ColumnReference Table="@TestPasses" Alias="[tp]" Column="TestPassType" />
                            <ColumnReference Table="@TestPasses" Alias="[tp]" Column="StartDate" />
                            <ColumnReference Table="@TestPasses" Alias="[tp]" Column="EndDate" />
                            <ColumnReference Column="Expr1009" />
                            <ColumnReference Column="Expr1043" />
                            <ColumnReference Column="Expr1044" />
                            <ColumnReference Column="Expr1045" />
                            <ColumnReference Column="Expr1046" />
                            <ColumnReference Column="Expr1047" />
                            <ColumnReference Column="Expr1048" />
                            <ColumnReference Column="Expr1049" />
                            <ColumnReference Column="Expr1050" />
                            <ColumnReference Column="Expr1051" />
                            <ColumnReference Column="Expr1052" />
                            <ColumnReference Column="Expr1053" />
                            <ColumnReference Column="Expr1054" />
                            <ColumnReference Column="Expr1055" />
                          </OutputList>
                          <NestedLoops Optimized="0">
                            <OuterReferences>
                              <ColumnReference Table="@TestPasses" Alias="[tp]" Column="Id" />
                            </OuterReferences>
                            <RelOp NodeId="4" PhysicalOp="Nested Loops" LogicalOp="Left Outer Join" EstimateRows="1" EstimateIO="0" EstimateCPU="4.18e-006" AvgRowSize="3141" EstimatedTotalSubtreeCost="0.0214853" Parallel="0" EstimateRebinds="0" EstimateRewinds="0" EstimatedExecutionMode="Row">
                              <OutputList>
                                <ColumnReference Table="@TestPasses" Alias="[tp]" Column="SortOrder" />
                                <ColumnReference Table="@TestPasses" Alias="[tp]" Column="SectionId" />
                                <ColumnReference Table="@TestPasses" Alias="[tp]" Column="SectionEntryId" />
                                <ColumnReference Table="@TestPasses" Alias="[tp]" Column="SectionEntryName" />
                                <ColumnReference Table="@TestPasses" Alias="[tp]" Column="Branch" />
                                <ColumnReference Table="@TestPasses" Alias="[tp]" Column="Build" />
                                <ColumnReference Table="@TestPasses" Alias="[tp]" Column="Id" />
                                <ColumnReference Table="@TestPasses" Alias="[tp]" Column="Name" />
                                <ColumnReference Table="@TestPasses" Alias="[tp]" Column="State" />
                                <ColumnReference Table="@TestPasses" Alias="[tp]" Column="GradeState" />
                                <ColumnReference Table="@TestPasses" Alias="[tp]" Column="FlightGradeState" />
                                <ColumnReference Table="@TestPasses" Alias="[tp]" Column="ReportingUrl" />
                                <ColumnReference Table="@TestPasses" Alias="[tp]" Column="IsExternalTestPass" />
                                <ColumnReference Table="@TestPasses" Alias="[tp]" Column="TestPassType" />
                                <ColumnReference Table="@TestPasses" Alias="[tp]" Column="StartDate" />
                                <ColumnReference Table="@TestPasses" Alias="[tp]" Column="EndDate" />
                                <ColumnReference Column="Expr1009" />
                              </OutputList>
                              <NestedLoops Optimized="0">
                                <OuterReferences>
                                  <ColumnReference Table="@TestPasses" Alias="[tp]" Column="Id" />
                                </OuterReferences>
                                <RelOp NodeId="5" PhysicalOp="Sort" LogicalOp="Sort" EstimateRows="1" EstimateIO="0.0112613" EstimateCPU="0.00010314" AvgRowSize="3140" EstimatedTotalSubtreeCost="0.0146475" Parallel="0" EstimateRebinds="0" EstimateRewinds="0" EstimatedExecutionMode="Row">
                                  <OutputList>
                                    <ColumnReference Table="@TestPasses" Alias="[tp]" Column="SortOrder" />
                                    <ColumnReference Table="@TestPasses" Alias="[tp]" Column="SectionId" />
                                    <ColumnReference Table="@TestPasses" Alias="[tp]" Column="SectionEntryId" />
                                    <ColumnReference Table="@TestPasses" Alias="[tp]" Column="SectionEntryName" />
                                    <ColumnReference Table="@TestPasses" Alias="[tp]" Column="Branch" />
                                    <ColumnReference Table="@TestPasses" Alias="[tp]" Column="Build" />
                                    <ColumnReference Table="@TestPasses" Alias="[tp]" Column="Id" />
                                    <ColumnReference Table="@TestPasses" Alias="[tp]" Column="Name" />
                                    <ColumnReference Table="@TestPasses" Alias="[tp]" Column="State" />
                                    <ColumnReference Table="@TestPasses" Alias="[tp]" Column="GradeState" />
                                    <ColumnReference Table="@TestPasses" Alias="[tp]" Column="FlightGradeState" />
                                    <ColumnReference Table="@TestPasses" Alias="[tp]" Column="ReportingUrl" />
                                    <ColumnReference Table="@TestPasses" Alias="[tp]" Column="IsExternalTestPass" />
                                    <ColumnReference Table="@TestPasses" Alias="[tp]" Column="TestPassType" />
                                    <ColumnReference Table="@TestPasses" Alias="[tp]" Column="StartDate" />
                                    <ColumnReference Table="@TestPasses" Alias="[tp]" Column="EndDate" />
                                  </OutputList>
                                  <MemoryFractions Input="1" Output="0.333333" />
                                  <Sort Distinct="0">
                                    <OrderBy>
                                      <OrderByColumn Ascending="1">
                                        <ColumnReference Table="@TestPasses" Alias="[tp]" Column="SortOrder" />
                                      </OrderByColumn>
                                    </OrderBy>
                                    <RelOp NodeId="6" PhysicalOp="Table Scan" LogicalOp="Table Scan" EstimateRows="1" EstimateIO="0.003125" EstimateCPU="0.0001581" AvgRowSize="3140" EstimatedTotalSubtreeCost="0.0032831" TableCardinality="0" Parallel="0" EstimateRebinds="0" EstimateRewinds="0" EstimatedExecutionMode="Row">
                                      <OutputList>
                                        <ColumnReference Table="@TestPasses" Alias="[tp]" Column="SortOrder" />
                                        <ColumnReference Table="@TestPasses" Alias="[tp]" Column="SectionId" />
                                        <ColumnReference Table="@TestPasses" Alias="[tp]" Column="SectionEntryId" />
                                        <ColumnReference Table="@TestPasses" Alias="[tp]" Column="SectionEntryName" />
                                        <ColumnReference Table="@TestPasses" Alias="[tp]" Column="Branch" />
                                        <ColumnReference Table="@TestPasses" Alias="[tp]" Column="Build" />
                                        <ColumnReference Table="@TestPasses" Alias="[tp]" Column="Id" />
                                        <ColumnReference Table="@TestPasses" Alias="[tp]" Column="Name" />
                                        <ColumnReference Table="@TestPasses" Alias="[tp]" Column="State" />
                                        <ColumnReference Table="@TestPasses" Alias="[tp]" Column="GradeState" />
                                        <ColumnReference Table="@TestPasses" Alias="[tp]" Column="FlightGradeState" />
                                        <ColumnReference Table="@TestPasses" Alias="[tp]" Column="ReportingUrl" />
                                        <ColumnReference Table="@TestPasses" Alias="[tp]" Column="IsExternalTestPass" />
                                        <ColumnReference Table="@TestPasses" Alias="[tp]" Column="TestPassType" />
                                        <ColumnReference Table="@TestPasses" Alias="[tp]" Column="StartDate" />
                                        <ColumnReference Table="@TestPasses" Alias="[tp]" Column="EndDate" />
                                      </OutputList>
                                      <TableScan Ordered="0" ForcedIndex="0" ForceScan="0" NoExpandHint="0">
                                        <DefinedValues>
                                          <DefinedValue>
                                            <ColumnReference Table="@TestPasses" Alias="[tp]" Column="SortOrder" />
                                          </DefinedValue>
                                          <DefinedValue>
                                            <ColumnReference Table="@TestPasses" Alias="[tp]" Column="SectionId" />
                                          </DefinedValue>
                                          <DefinedValue>
                                            <ColumnReference Table="@TestPasses" Alias="[tp]" Column="SectionEntryId" />
                                          </DefinedValue>
                                          <DefinedValue>
                                            <ColumnReference Table="@TestPasses" Alias="[tp]" Column="SectionEntryName" />
                                          </DefinedValue>
                                          <DefinedValue>
                                            <ColumnReference Table="@TestPasses" Alias="[tp]" Column="Branch" />
                                          </DefinedValue>
                                          <DefinedValue>
                                            <ColumnReference Table="@TestPasses" Alias="[tp]" Column="Build" />
                                          </DefinedValue>
                                          <DefinedValue>
                                            <ColumnReference Table="@TestPasses" Alias="[tp]" Column="Id" />
                                          </DefinedValue>
                                          <DefinedValue>
                                            <ColumnReference Table="@TestPasses" Alias="[tp]" Column="Name" />
                                          </DefinedValue>
                                          <DefinedValue>
                                            <ColumnReference Table="@TestPasses" Alias="[tp]" Column="State" />
                                          </DefinedValue>
                                          <DefinedValue>
                                            <ColumnReference Table="@TestPasses" Alias="[tp]" Column="GradeState" />
                                          </DefinedValue>
                                          <DefinedValue>
                                            <ColumnReference Table="@TestPasses" Alias="[tp]" Column="FlightGradeState" />
                                          </DefinedValue>
                                          <DefinedValue>
                                            <ColumnReference Table="@TestPasses" Alias="[tp]" Column="ReportingUrl" />
                                          </DefinedValue>
                                          <DefinedValue>
                                            <ColumnReference Table="@TestPasses" Alias="[tp]" Column="IsExternalTestPass" />
                                          </DefinedValue>
                                          <DefinedValue>
                                            <ColumnReference Table="@TestPasses" Alias="[tp]" Column="TestPassType" />
                                          </DefinedValue>
                                          <DefinedValue>
                                            <ColumnReference Table="@TestPasses" Alias="[tp]" Column="StartDate" />
                                          </DefinedValue>
                                          <DefinedValue>
                                            <ColumnReference Table="@TestPasses" Alias="[tp]" Column="EndDate" />
                                          </DefinedValue>
                                        </DefinedValues>
                                        <Object Table="[@TestPasses]" Alias="[tp]" />
                                      </TableScan>
                                    </RelOp>
                                  </Sort>
                                </RelOp>
                                <RelOp NodeId="7" PhysicalOp="Compute Scalar" LogicalOp="Compute Scalar" EstimateRows="1" EstimateIO="0" EstimateCPU="1e-007" AvgRowSize="9" EstimatedTotalSubtreeCost="0.00683359" Parallel="0" EstimateRebinds="0" EstimateRewinds="0" EstimatedExecutionMode="Row">
                                  <OutputList>
                                    <ColumnReference Column="Expr1009" />
                                  </OutputList>
                                  <ComputeScalar>
                                    <DefinedValues>
                                      <DefinedValue>
                                        <ColumnReference Column="Expr1009" />
                                        <ScalarOperator ScalarString="CONVERT(bit,[Expr1007],0)">
                                          <Convert DataType="bit" Style="0" Implicit="0">
                                            <ScalarOperator>
                                              <Identifier>
                                                <ColumnReference Column="Expr1007" />
                                              </Identifier>
                                            </ScalarOperator>
                                          </Convert>
                                        </ScalarOperator>
                                      </DefinedValue>
                                    </DefinedValues>
                                    <RelOp NodeId="8" PhysicalOp="Compute Scalar" LogicalOp="Compute Scalar" EstimateRows="1" EstimateIO="0" EstimateCPU="2.78352e-005" AvgRowSize="11" EstimatedTotalSubtreeCost="0.00683349" Parallel="0" EstimateRebinds="0" EstimateRewinds="0" EstimatedExecutionMode="Row">
                                      <OutputList>
                                        <ColumnReference Column="Expr1007" />
                                      </OutputList>
                                      <ComputeScalar>
                                        <DefinedValues>
                                          <DefinedValue>
                                            <ColumnReference Column="Expr1007" />
                                            <ScalarOperator ScalarString="CONVERT_IMPLICIT(int,[Expr1217],0)">
                                              <Convert DataType="int" Style="0" Implicit="1">
                                                <ScalarOperator>
                                                  <Identifier>
                                                    <ColumnReference Column="Expr1217" />
                                                  </Identifier>
                                                </ScalarOperator>
                                              </Convert>
                                            </ScalarOperator>
                                          </DefinedValue>
                                        </DefinedValues>
                                        <RelOp NodeId="9" PhysicalOp="Stream Aggregate" LogicalOp="Aggregate" EstimateRows="1" EstimateIO="0" EstimateCPU="2.78352e-005" AvgRowSize="11" EstimatedTotalSubtreeCost="0.00683349" Parallel="0" EstimateRebinds="0" EstimateRewinds="0" EstimatedExecutionMode="Row">
                                          <OutputList>
                                            <ColumnReference Column="Expr1217" />
                                          </OutputList>
                                          <StreamAggregate>
                                            <DefinedValues>
                                              <DefinedValue>
                                                <ColumnReference Column="Expr1217" />
                                                <ScalarOperator ScalarString="Count(*)">
                                                  <Aggregate AggType="countstar" Distinct="0" />
                                                </ScalarOperator>
                                              </DefinedValue>
                                            </DefinedValues>
                                            <RelOp NodeId="10" PhysicalOp="Nested Loops" LogicalOp="Inner Join" EstimateRows="45.5587" EstimateIO="0" EstimateCPU="0.000190435" AvgRowSize="9" EstimatedTotalSubtreeCost="0.00680565" Parallel="0" EstimateRebinds="0" EstimateRewinds="0" EstimatedExecutionMode="Row">
                                              <OutputList />
                                              <NestedLoops Optimized="0">
                                                <OuterReferences>
                                                  <ColumnReference Table="@TestPassMix" Alias="[tpm]" Column="MixId" />
                                                </OuterReferences>
                                                <RelOp NodeId="11" PhysicalOp="Clustered Index Seek" LogicalOp="Clustered Index Seek" EstimateRows="1" EstimateIO="0.003125" EstimateCPU="0.0001581" AvgRowSize="11" EstimatedTotalSubtreeCost="0.0032831" TableCardinality="0" Parallel="0" EstimateRebinds="0" EstimateRewinds="0" EstimatedExecutionMode="Row">
                                                  <OutputList>
                                                    <ColumnReference Table="@TestPassMix" Alias="[tpm]" Column="MixId" />
                                                  </OutputList>
                                                  <IndexScan Ordered="1" ScanDirection="FORWARD" ForcedIndex="0" ForceSeek="0" ForceScan="0" NoExpandHint="0" Storage="RowStore">
                                                    <DefinedValues>
                                                      <DefinedValue>
                                                        <ColumnReference Table="@TestPassMix" Alias="[tpm]" Column="MixId" />
                                                      </DefinedValue>
                                                    </DefinedValues>
                                                    <Object Table="[@TestPassMix]" Index="[PK__#B461A41__A429706ACAD071D6]" Alias="[tpm]" TableReferenceId="1" />
                                                    <SeekPredicates>
                                                      <SeekPredicateNew>
                                                        <SeekKeys>
                                                          <Prefix ScanType="EQ">
                                                            <RangeColumns>
                                                              <ColumnReference Table="@TestPassMix" Alias="[tpm]" Column="TestPassId" />
                                                            </RangeColumns>
                                                            <RangeExpressions>
                                                              <ScalarOperator ScalarString="@TestPasses.[Id] as [tp].[Id]">
                                                                <Identifier>
                                                                  <ColumnReference Table="@TestPasses" Alias="[tp]" Column="Id" />
                                                                </Identifier>
                                                              </ScalarOperator>
                                                            </RangeExpressions>
                                                          </Prefix>
                                                        </SeekKeys>
                                                      </SeekPredicateNew>
                                                    </SeekPredicates>
                                                  </IndexScan>
                                                </RelOp>
                                                <RelOp NodeId="12" PhysicalOp="Index Seek" LogicalOp="Index Seek" EstimateRows="45.5587" EstimateIO="0.003125" EstimateCPU="0.000207115" AvgRowSize="9" EstimatedTotalSubtreeCost="0.00333211" TableCardinality="4.12024e+007" Parallel="0" EstimateRebinds="0" EstimateRewinds="0" EstimatedExecutionMode="Row">
                                                  <OutputList />
                                                  <IndexScan Ordered="1" ScanDirection="FORWARD" ForcedIndex="0" ForceSeek="0" ForceScan="0" NoExpandHint="0" Storage="RowStore">
                                                    <DefinedValues />
                                                    <Object Database="[OurLabReporting]" Schema="[dbo]" Table="[TEU]" Index="[Teu_IDX_Mix]" Alias="[t]" IndexKind="NonClustered" />
                                                    <SeekPredicates>
                                                      <SeekPredicateNew>
                                                        <SeekKeys>
                                                          <Prefix ScanType="EQ">
                                                            <RangeColumns>
                                                              <ColumnReference Database="[OurLabReporting]" Schema="[dbo]" Table="[TEU]" Alias="[t]" Column="MixId" />
                                                            </RangeColumns>
                                                            <RangeExpressions>
                                                              <ScalarOperator ScalarString="@TestPassMix.[MixId] as [tpm].[MixId]">
                                                                <Identifier>
                                                                  <ColumnReference Table="@TestPassMix" Alias="[tpm]" Column="MixId" />
                                                                </Identifier>
                                                              </ScalarOperator>
                                                            </RangeExpressions>
                                                          </Prefix>
                                                          <IsNotNull>
                                                            <ColumnReference Database="[OurLabReporting]" Schema="[dbo]" Table="[TEU]" Alias="[t]" Column="RerunSourceId" />
                                                          </IsNotNull>
                                                        </SeekKeys>
                                                      </SeekPredicateNew>
                                                    </SeekPredicates>
                                                  </IndexScan>
                                                </RelOp>
                                              </NestedLoops>
                                            </RelOp>
                                          </StreamAggregate>
                                        </RelOp>
                                      </ComputeScalar>
                                    </RelOp>
                                  </ComputeScalar>
                                </RelOp>
                              </NestedLoops>
                            </RelOp>
                            <RelOp NodeId="20" PhysicalOp="Compute Scalar" LogicalOp="Compute Scalar" EstimateRows="1" EstimateIO="0" EstimateCPU="1e-007" AvgRowSize="60" EstimatedTotalSubtreeCost="0.0110379" Parallel="0" EstimateRebinds="0" EstimateRewinds="0" EstimatedExecutionMode="Row">
                              <OutputList>
                                <ColumnReference Column="Expr1043" />
                                <ColumnReference Column="Expr1044" />
                                <ColumnReference Column="Expr1045" />
                                <ColumnReference Column="Expr1046" />
                                <ColumnReference Column="Expr1047" />
                                <ColumnReference Column="Expr1048" />
                                <ColumnReference Column="Expr1049" />
                                <ColumnReference Column="Expr1050" />
                                <ColumnReference Column="Expr1051" />
                                <ColumnReference Column="Expr1052" />
                                <ColumnReference Column="Expr1053" />
                                <ColumnReference Column="Expr1054" />
                                <ColumnReference Column="Expr1055" />
                              </OutputList>
                              <ComputeScalar>
                                <DefinedValues>
                                  <DefinedValue>
                                    <ColumnReference Column="Expr1043" />
                                    <ScalarOperator ScalarString="[Expr1029]">
                                      <Identifier>
                                        <ColumnReference Column="Expr1029" />
                                      </Identifier>
                                    </ScalarOperator>
                                  </DefinedValue>
                                  <DefinedValue>
                                    <ColumnReference Column="Expr1044" />
                                    <ScalarOperator ScalarString="[Expr1030]">
                                      <Identifier>
                                        <ColumnReference Column="Expr1030" />
                                      </Identifier>
                                    </ScalarOperator>
                                  </DefinedValue>
                                  <DefinedValue>
                                    <ColumnReference Column="Expr1045" />
                                    <ScalarOperator ScalarString="[Expr1031]">
                                      <Identifier>
                                        <ColumnReference Column="Expr1031" />
                                      </Identifier>
                                    </ScalarOperator>
                                  </DefinedValue>
                                  <DefinedValue>
                                    <ColumnReference Column="Expr1046" />
                                    <ScalarOperator ScalarString="[Expr1032]">
                                      <Identifier>
                                        <ColumnReference Column="Expr1032" />
                                      </Identifier>
                                    </ScalarOperator>
                                  </DefinedValue>
                                  <DefinedValue>
                                    <ColumnReference Column="Expr1047" />
                                    <ScalarOperator ScalarString="[Expr1033]">
                                      <Identifier>
                                        <ColumnReference Column="Expr1033" />
                                      </Identifier>
                                    </ScalarOperator>
                                  </DefinedValue>
                                  <DefinedValue>
                                    <ColumnReference Column="Expr1048" />
                                    <ScalarOperator ScalarString="[Expr1034]">
                                      <Identifier>
                                        <ColumnReference Column="Expr1034" />
                                      </Identifier>
                                    </ScalarOperator>
                                  </DefinedValue>
                                  <DefinedValue>
                                    <ColumnReference Column="Expr1049" />
                                    <ScalarOperator ScalarString="[Expr1035]">
                                      <Identifier>
                                        <ColumnReference Column="Expr1035" />
                                      </Identifier>
                                    </ScalarOperator>
                                  </DefinedValue>
                                  <DefinedValue>
                                    <ColumnReference Column="Expr1050" />
                                    <ScalarOperator ScalarString="[Expr1036]">
                                      <Identifier>
                                        <ColumnReference Column="Expr1036" />
                                      </Identifier>
                                    </ScalarOperator>
                                  </DefinedValue>
                                  <DefinedValue>
                                    <ColumnReference Column="Expr1051" />
                                    <ScalarOperator ScalarString="[Expr1037]">
                                      <Identifier>
                                        <ColumnReference Column="Expr1037" />
                                      </Identifier>
                                    </ScalarOperator>
                                  </DefinedValue>
                                  <DefinedValue>
                                    <ColumnReference Column="Expr1052" />
                                    <ScalarOperator ScalarString="[Expr1038]">
                                      <Identifier>
                                        <ColumnReference Column="Expr1038" />
                                      </Identifier>
                                    </ScalarOperator>
                                  </DefinedValue>
                                  <DefinedValue>
                                    <ColumnReference Column="Expr1053" />
                                    <ScalarOperator ScalarString="[Expr1039]">
                                      <Identifier>
                                        <ColumnReference Column="Expr1039" />
                                      </Identifier>
                                    </ScalarOperator>
                                  </DefinedValue>
                                  <DefinedValue>
                                    <ColumnReference Column="Expr1054" />
                                    <ScalarOperator ScalarString="[Expr1040]">
                                      <Identifier>
                                        <ColumnReference Column="Expr1040" />
                                      </Identifier>
                                    </ScalarOperator>
                                  </DefinedValue>
                                  <DefinedValue>
                                    <ColumnReference Column="Expr1055" />
                                    <ScalarOperator ScalarString="[Expr1041]">
                                      <Identifier>
                                        <ColumnReference Column="Expr1041" />
                                      </Identifier>
                                    </ScalarOperator>
                                  </DefinedValue>
                                </DefinedValues>
                                <RelOp NodeId="21" PhysicalOp="Compute Scalar" LogicalOp="Compute Scalar" EstimateRows="1" EstimateIO="0" EstimateCPU="1.1e-006" AvgRowSize="60" EstimatedTotalSubtreeCost="0.0110378" Parallel="0" EstimateRebinds="0" EstimateRewinds="0" EstimatedExecutionMode="Row">
                                  <OutputList>
                                    <ColumnReference Column="Expr1029" />
                                    <ColumnReference Column="Expr1030" />
                                    <ColumnReference Column="Expr1031" />
                                    <ColumnReference Column="Expr1032" />
                                    <ColumnReference Column="Expr1033" />
                                    <ColumnReference Column="Expr1034" />
                                    <ColumnReference Column="Expr1035" />
                                    <ColumnReference Column="Expr1036" />
                                    <ColumnReference Column="Expr1037" />
                                    <ColumnReference Column="Expr1038" />
                                    <ColumnReference Column="Expr1039" />
                                    <ColumnReference Column="Expr1040" />
                                    <ColumnReference Column="Expr1041" />
                                  </OutputList>
                                  <ComputeScalar>
                                    <DefinedValues>
                                      <DefinedValue>
                                        <ColumnReference Column="Expr1029" />
                                        <ScalarOperator ScalarString="CASE WHEN [Expr1218]=(0) THEN NULL ELSE [Expr1219] END">
                                          <IF>
                                            <Condition>
                                              <ScalarOperator>
                                                <Compare CompareOp="EQ">
                                                  <ScalarOperator>
                                                    <Identifier>
                                                      <ColumnReference Column="Expr1218" />
                                                    </Identifier>
                                                  </ScalarOperator>
                                                  <ScalarOperator>
                                                    <Const ConstValue="(0)" />
                                                  </ScalarOperator>
                                                </Compare>
                                              </ScalarOperator>
                                            </Condition>
                                            <Then>
                                              <ScalarOperator>
                                                <Const ConstValue="NULL" />
                                              </ScalarOperator>
                                            </Then>
                                            <Else>
                                              <ScalarOperator>
                                                <Identifier>
                                                  <ColumnReference Column="Expr1219" />
                                                </Identifier>
                                              </ScalarOperator>
                                            </Else>
                                          </IF>
                                        </ScalarOperator>
                                      </DefinedValue>
                                      <DefinedValue>
                                        <ColumnReference Column="Expr1030" />
                                        <ScalarOperator ScalarString="CASE WHEN [Expr1220]=(0) THEN NULL ELSE [Expr1221] END">
                                          <IF>
                                            <Condition>
                                              <ScalarOperator>
                                                <Compare CompareOp="EQ">
                                                  <ScalarOperator>
                                                    <Identifier>
                                                      <ColumnReference Column="Expr1220" />
                                                    </Identifier>
                                                  </ScalarOperator>
                                                  <ScalarOperator>
                                                    <Const ConstValue="(0)" />
                                                  </ScalarOperator>
                                                </Compare>
                                              </ScalarOperator>
                                            </Condition>
                                            <Then>
                                              <ScalarOperator>
                                                <Const ConstValue="NULL" />
                                              </ScalarOperator>
                                            </Then>
                                            <Else>
                                              <ScalarOperator>
                                                <Identifier>
                                                  <ColumnReference Column="Expr1221" />
                                                </Identifier>
                                              </ScalarOperator>
                                            </Else>
                                          </IF>
                                        </ScalarOperator>
                                      </DefinedValue>
                                      <DefinedValue>
                                        <ColumnReference Column="Expr1031" />
                                        <ScalarOperator ScalarString="CASE WHEN [Expr1222]=(0) THEN NULL ELSE [Expr1223] END">
                                          <IF>
                                            <Condition>
                                              <ScalarOperator>
                                                <Compare CompareOp="EQ">
                                                  <ScalarOperator>
                                                    <Identifier>
                                                      <ColumnReference Column="Expr1222" />
                                                    </Identifier>
                                                  </ScalarOperator>
                                                  <ScalarOperator>
                                                    <Const ConstValue="(0)" />
                                                  </ScalarOperator>
                                                </Compare>
                                              </ScalarOperator>
                                            </Condition>
                                            <Then>
                                              <ScalarOperator>
                                                <Const ConstValue="NULL" />
                                              </ScalarOperator>
                                            </Then>
                                            <Else>
                                              <ScalarOperator>
                                                <Identifier>
                                                  <ColumnReference Column="Expr1223" />
                                                </Identifier>
                                              </ScalarOperator>
                                            </Else>
                                          </IF>
                                        </ScalarOperator>
                                      </DefinedValue>
                                      <DefinedValue>
                                        <ColumnReference Column="Expr1032" />
                                        <ScalarOperator ScalarString="CASE WHEN [Expr1224]=(0) THEN NULL ELSE [Expr1225] END">
                                          <IF>
                                            <Condition>
                                              <ScalarOperator>
                                                <Compare CompareOp="EQ">
                                                  <ScalarOperator>
                                                    <Identifier>
                                                      <ColumnReference Column="Expr1224" />
                                                    </Identifier>
                                                  </ScalarOperator>
                                                  <ScalarOperator>
                                                    <Const ConstValue="(0)" />
                                                  </ScalarOperator>
                                                </Compare>
                                              </ScalarOperator>
                                            </Condition>
                                            <Then>
                                              <ScalarOperator>
                                                <Const ConstValue="NULL" />
                                              </ScalarOperator>
                                            </Then>
                                            <Else>
                                              <ScalarOperator>
                                                <Identifier>
                                                  <ColumnReference Column="Expr1225" />
                                                </Identifier>
                                              </ScalarOperator>
                                            </Else>
                                          </IF>
                                        </ScalarOperator>
                                      </DefinedValue>
                                      <DefinedValue>
                                        <ColumnReference Column="Expr1033" />
                                        <ScalarOperator ScalarString="CASE WHEN [Expr1226]=(0) THEN NULL ELSE [Expr1227] END">
                                          <IF>
                                            <Condition>
                                              <ScalarOperator>
                                                <Compare CompareOp="EQ">
                                                  <ScalarOperator>
                                                    <Identifier>
                                                      <ColumnReference Column="Expr1226" />
                                                    </Identifier>
                                                  </ScalarOperator>
                                                  <ScalarOperator>
                                                    <Const ConstValue="(0)" />
                                                  </ScalarOperator>
                                                </Compare>
                                              </ScalarOperator>
                                            </Condition>
                                            <Then>
                                              <ScalarOperator>
                                                <Const ConstValue="NULL" />
                                              </ScalarOperator>
                                            </Then>
                                            <Else>
                                              <ScalarOperator>
                                                <Identifier>
                                                  <ColumnReference Column="Expr1227" />
                                                </Identifier>
                                              </ScalarOperator>
                                            </Else>
                                          </IF>
                                        </ScalarOperator>
                                      </DefinedValue>
                                      <DefinedValue>
                                        <ColumnReference Column="Expr1034" />
                                        <ScalarOperator ScalarString="CASE WHEN [Expr1228]=(0) THEN NULL ELSE [Expr1229] END">
                                          <IF>
                                            <Condition>
                                              <ScalarOperator>
                                                <Compare CompareOp="EQ">
                                                  <ScalarOperator>
                                                    <Identifier>
                                                      <ColumnReference Column="Expr1228" />
                                                    </Identifier>
                                                  </ScalarOperator>
                                                  <ScalarOperator>
                                                    <Const ConstValue="(0)" />
                                                  </ScalarOperator>
                                                </Compare>
                                              </ScalarOperator>
                                            </Condition>
                                            <Then>
                                              <ScalarOperator>
                                                <Const ConstValue="NULL" />
                                              </ScalarOperator>
                                            </Then>
                                            <Else>
                                              <ScalarOperator>
                                                <Identifier>
                                                  <ColumnReference Column="Expr1229" />
                                                </Identifier>
                                              </ScalarOperator>
                                            </Else>
                                          </IF>
                                        </ScalarOperator>
                                      </DefinedValue>
                                      <DefinedValue>
                                        <ColumnReference Column="Expr1035" />
                                        <ScalarOperator ScalarString="CASE WHEN [Expr1230]=(0) THEN NULL ELSE [Expr1231] END">
                                          <IF>
                                            <Condition>
                                              <ScalarOperator>
                                                <Compare CompareOp="EQ">
                                                  <ScalarOperator>
                                                    <Identifier>
                                                      <ColumnReference Column="Expr1230" />
                                                    </Identifier>
                                                  </ScalarOperator>
                                                  <ScalarOperator>
                                                    <Const ConstValue="(0)" />
                                                  </ScalarOperator>
                                                </Compare>
                                              </ScalarOperator>
                                            </Condition>
                                            <Then>
                                              <ScalarOperator>
                                                <Const ConstValue="NULL" />
                                              </ScalarOperator>
                                            </Then>
                                            <Else>
                                              <ScalarOperator>
                                                <Identifier>
                                                  <ColumnReference Column="Expr1231" />
                                                </Identifier>
                                              </ScalarOperator>
                                            </Else>
                                          </IF>
                                        </ScalarOperator>
                                      </DefinedValue>
                                      <DefinedValue>
                                        <ColumnReference Column="Expr1036" />
                                        <ScalarOperator ScalarString="CASE WHEN [Expr1232]=(0) THEN NULL ELSE [Expr1233] END">
                                          <IF>
                                            <Condition>
                                              <ScalarOperator>
                                                <Compare CompareOp="EQ">
                                                  <ScalarOperator>
                                                    <Identifier>
                                                      <ColumnReference Column="Expr1232" />
                                                    </Identifier>
                                                  </ScalarOperator>
                                                  <ScalarOperator>
                                                    <Const ConstValue="(0)" />
                                                  </ScalarOperator>
                                                </Compare>
                                              </ScalarOperator>
                                            </Condition>
                                            <Then>
                                              <ScalarOperator>
                                                <Const ConstValue="NULL" />
                                              </ScalarOperator>
                                            </Then>
                                            <Else>
                                              <ScalarOperator>
                                                <Identifier>
                                                  <ColumnReference Column="Expr1233" />
                                                </Identifier>
                                              </ScalarOperator>
                                            </Else>
                                          </IF>
                                        </ScalarOperator>
                                      </DefinedValue>
                                      <DefinedValue>
                                        <ColumnReference Column="Expr1037" />
                                        <ScalarOperator ScalarString="CASE WHEN [Expr1234]=(0) THEN NULL ELSE [Expr1235] END">
                                          <IF>
                                            <Condition>
                                              <ScalarOperator>
                                                <Compare CompareOp="EQ">
                                                  <ScalarOperator>
                                                    <Identifier>
                                                      <ColumnReference Column="Expr1234" />
                                                    </Identifier>
                                                  </ScalarOperator>
                                                  <ScalarOperator>
                                                    <Const ConstValue="(0)" />
                                                  </ScalarOperator>
                                                </Compare>
                                              </ScalarOperator>
                                            </Condition>
                                            <Then>
                                              <ScalarOperator>
                                                <Const ConstValue="NULL" />
                                              </ScalarOperator>
                                            </Then>
                                            <Else>
                                              <ScalarOperator>
                                                <Identifier>
                                                  <ColumnReference Column="Expr1235" />
                                                </Identifier>
                                              </ScalarOperator>
                                            </Else>
                                          </IF>
                                        </ScalarOperator>
                                      </DefinedValue>
                                      <DefinedValue>
                                        <ColumnReference Column="Expr1038" />
                                        <ScalarOperator ScalarString="CASE WHEN [Expr1236]=(0) THEN NULL ELSE [Expr1237] END">
                                          <IF>
                                            <Condition>
                                              <ScalarOperator>
                                                <Compare CompareOp="EQ">
                                                  <ScalarOperator>
                                                    <Identifier>
                                                      <ColumnReference Column="Expr1236" />
                                                    </Identifier>
                                                  </ScalarOperator>
                                                  <ScalarOperator>
                                                    <Const ConstValue="(0)" />
                                                  </ScalarOperator>
                                                </Compare>
                                              </ScalarOperator>
                                            </Condition>
                                            <Then>
                                              <ScalarOperator>
                                                <Const ConstValue="NULL" />
                                              </ScalarOperator>
                                            </Then>
                                            <Else>
                                              <ScalarOperator>
                                                <Identifier>
                                                  <ColumnReference Column="Expr1237" />
                                                </Identifier>
                                              </ScalarOperator>
                                            </Else>
                                          </IF>
                                        </ScalarOperator>
                                      </DefinedValue>
                                      <DefinedValue>
                                        <ColumnReference Column="Expr1039" />
                                        <ScalarOperator ScalarString="CASE WHEN [Expr1238]=(0) THEN NULL ELSE [Expr1239] END">
                                          <IF>
                                            <Condition>
                                              <ScalarOperator>
                                                <Compare CompareOp="EQ">
                                                  <ScalarOperator>
                                                    <Identifier>
                                                      <ColumnReference Column="Expr1238" />
                                                    </Identifier>
                                                  </ScalarOperator>
                                                  <ScalarOperator>
                                                    <Const ConstValue="(0)" />
                                                  </ScalarOperator>
                                                </Compare>
                                              </ScalarOperator>
                                            </Condition>
                                            <Then>
                                              <ScalarOperator>
                                                <Const ConstValue="NULL" />
                                              </ScalarOperator>
                                            </Then>
                                            <Else>
                                              <ScalarOperator>
                                                <Identifier>
                                                  <ColumnReference Column="Expr1239" />
                                                </Identifier>
                                              </ScalarOperator>
                                            </Else>
                                          </IF>
                                        </ScalarOperator>
                                      </DefinedValue>
                                      <DefinedValue>
                                        <ColumnReference Column="Expr1040" />
                                        <ScalarOperator ScalarString="CASE WHEN [Expr1240]=(0) THEN NULL ELSE [Expr1241] END">
                                          <IF>
                                            <Condition>
                                              <ScalarOperator>
                                                <Compare CompareOp="EQ">
                                                  <ScalarOperator>
                                                    <Identifier>
                                                      <ColumnReference Column="Expr1240" />
                                                    </Identifier>
                                                  </ScalarOperator>
                                                  <ScalarOperator>
                                                    <Const ConstValue="(0)" />
                                                  </ScalarOperator>
                                                </Compare>
                                              </ScalarOperator>
                                            </Condition>
                                            <Then>
                                              <ScalarOperator>
                                                <Const ConstValue="NULL" />
                                              </ScalarOperator>
                                            </Then>
                                            <Else>
                                              <ScalarOperator>
                                                <Identifier>
                                                  <ColumnReference Column="Expr1241" />
                                                </Identifier>
                                              </ScalarOperator>
                                            </Else>
                                          </IF>
                                        </ScalarOperator>
                                      </DefinedValue>
                                      <DefinedValue>
                                        <ColumnReference Column="Expr1041" />
                                        <ScalarOperator ScalarString="CASE WHEN [Expr1242]=(0) THEN NULL ELSE [Expr1243] END">
                                          <IF>
                                            <Condition>
                                              <ScalarOperator>
                                                <Compare CompareOp="EQ">
                                                  <ScalarOperator>
                                                    <Identifier>
                                                      <ColumnReference Column="Expr1242" />
                                                    </Identifier>
                                                  </ScalarOperator>
                                                  <ScalarOperator>
                                                    <Const ConstValue="(0)" />
                                                  </ScalarOperator>
                                                </Compare>
                                              </ScalarOperator>
                                            </Condition>
                                            <Then>
                                              <ScalarOperator>
                                                <Const ConstValue="NULL" />
                                              </ScalarOperator>
                                            </Then>
                                            <Else>
                                              <ScalarOperator>
                                                <Identifier>
                                                  <ColumnReference Column="Expr1243" />
                                                </Identifier>
                                              </ScalarOperator>
                                            </Else>
                                          </IF>
                                        </ScalarOperator>
                                      </DefinedValue>
                                    </DefinedValues>
                                    <RelOp NodeId="22" PhysicalOp="Stream Aggregate" LogicalOp="Aggregate" EstimateRows="1" EstimateIO="0" EstimateCPU="1.1e-006" AvgRowSize="60" EstimatedTotalSubtreeCost="0.0110378" Parallel="0" EstimateRebinds="0" EstimateRewinds="0" EstimatedExecutionMode="Row">
                                      <OutputList>
                                        <ColumnReference Column="Expr1218" />
                                        <ColumnReference Column="Expr1219" />
                                        <ColumnReference Column="Expr1220" />
                                        <ColumnReference Column="Expr1221" />
                                        <ColumnReference Column="Expr1222" />
                                        <ColumnReference Column="Expr1223" />
                                        <ColumnReference Column="Expr1224" />
                                        <ColumnReference Column="Expr1225" />
                                        <ColumnReference Column="Expr1226" />
                                        <ColumnReference Column="Expr1227" />
                                        <ColumnReference Column="Expr1228" />
                                        <ColumnReference Column="Expr1229" />
                                        <ColumnReference Column="Expr1230" />
                                        <ColumnReference Column="Expr1231" />
                                        <ColumnReference Column="Expr1232" />
                                        <ColumnReference Column="Expr1233" />
                                        <ColumnReference Column="Expr1234" />
                                        <ColumnReference Column="Expr1235" />
                                        <ColumnReference Column="Expr1236" />
                                        <ColumnReference Column="Expr1237" />
                                        <ColumnReference Column="Expr1238" />
                                        <ColumnReference Column="Expr1239" />
                                        <ColumnReference Column="Expr1240" />
                                        <ColumnReference Column="Expr1241" />
                                        <ColumnReference Column="Expr1242" />
                                        <ColumnReference Column="Expr1243" />
                                      </OutputList>
                                      <StreamAggregate>
                                        <DefinedValues>
                                          <DefinedValue>
                                            <ColumnReference Column="Expr1218" />
                                            <ScalarOperator ScalarString="COUNT_BIG([Expr1026])">
                                              <Aggregate Distinct="0" AggType="COUNT_BIG">
                                                <ScalarOperator>
                                                  <Identifier>
                                                    <ColumnReference Column="Expr1026" />
                                                  </Identifier>
                                                </ScalarOperator>
                                              </Aggregate>
                                            </ScalarOperator>
                                          </DefinedValue>
                                          <DefinedValue>
                                            <ColumnReference Column="Expr1219" />
                                            <ScalarOperator ScalarString="SUM([Expr1026])">
                                              <Aggregate Distinct="0" AggType="SUM">
                                                <ScalarOperator>
                                                  <Identifier>
                                                    <ColumnReference Column="Expr1026" />
                                                  </Identifier>
                                                </ScalarOperator>
                                              </Aggregate>
                                            </ScalarOperator>
                                          </DefinedValue>
                                          <DefinedValue>
                                            <ColumnReference Column="Expr1220" />
                                            <ScalarOperator ScalarString="COUNT_BIG([Expr1021])">
                                              <Aggregate Distinct="0" AggType="COUNT_BIG">
                                                <ScalarOperator>
                                                  <Identifier>
                                                    <ColumnReference Column="Expr1021" />
                                                  </Identifier>
                                                </ScalarOperator>
                                              </Aggregate>
                                            </ScalarOperator>
                                          </DefinedValue>
                                          <DefinedValue>
                                            <ColumnReference Column="Expr1221" />
                                            <ScalarOperator ScalarString="SUM([Expr1021])">
                                              <Aggregate Distinct="0" AggType="SUM">
                                                <ScalarOperator>
                                                  <Identifier>
                                                    <ColumnReference Column="Expr1021" />
                                                  </Identifier>
                                                </ScalarOperator>
                                              </Aggregate>
                                            </ScalarOperator>
                                          </DefinedValue>
                                          <DefinedValue>
                                            <ColumnReference Column="Expr1222" />
                                            <ScalarOperator ScalarString="COUNT_BIG([Expr1022])">
                                              <Aggregate Distinct="0" AggType="COUNT_BIG">
                                                <ScalarOperator>
                                                  <Identifier>
                                                    <ColumnReference Column="Expr1022" />
                                                  </Identifier>
                                                </ScalarOperator>
                                              </Aggregate>
                                            </ScalarOperator>
                                          </DefinedValue>
                                          <DefinedValue>
                                            <ColumnReference Column="Expr1223" />
                                            <ScalarOperator ScalarString="SUM([Expr1022])">
                                              <Aggregate Distinct="0" AggType="SUM">
                                                <ScalarOperator>
                                                  <Identifier>
                                                    <ColumnReference Column="Expr1022" />
                                                  </Identifier>
                                                </ScalarOperator>
                                              </Aggregate>
                                            </ScalarOperator>
                                          </DefinedValue>
                                          <DefinedValue>
                                            <ColumnReference Column="Expr1224" />
                                            <ScalarOperator ScalarString="COUNT_BIG([Expr1024])">
                                              <Aggregate Distinct="0" AggType="COUNT_BIG">
                                                <ScalarOperator>
                                                  <Identifier>
                                                    <ColumnReference Column="Expr1024" />
                                                  </Identifier>
                                                </ScalarOperator>
                                              </Aggregate>
                                            </ScalarOperator>
                                          </DefinedValue>
                                          <DefinedValue>
                                            <ColumnReference Column="Expr1225" />
                                            <ScalarOperator ScalarString="SUM([Expr1024])">
                                              <Aggregate Distinct="0" AggType="SUM">
                                                <ScalarOperator>
                                                  <Identifier>
                                                    <ColumnReference Column="Expr1024" />
                                                  </Identifier>
                                                </ScalarOperator>
                                              </Aggregate>
                                            </ScalarOperator>
                                          </DefinedValue>
                                          <DefinedValue>
                                            <ColumnReference Column="Expr1226" />
                                            <ScalarOperator ScalarString="COUNT_BIG([Expr1023])">
                                              <Aggregate Distinct="0" AggType="COUNT_BIG">
                                                <ScalarOperator>
                                                  <Identifier>
                                                    <ColumnReference Column="Expr1023" />
                                                  </Identifier>
                                                </ScalarOperator>
                                              </Aggregate>
                                            </ScalarOperator>
                                          </DefinedValue>
                                          <DefinedValue>
                                            <ColumnReference Column="Expr1227" />
                                            <ScalarOperator ScalarString="SUM([Expr1023])">
                                              <Aggregate Distinct="0" AggType="SUM">
                                                <ScalarOperator>
                                                  <Identifier>
                                                    <ColumnReference Column="Expr1023" />
                                                  </Identifier>
                                                </ScalarOperator>
                                              </Aggregate>
                                            </ScalarOperator>
                                          </DefinedValue>
                                          <DefinedValue>
                                            <ColumnReference Column="Expr1228" />
                                            <ScalarOperator ScalarString="COUNT_BIG([Expr1025])">
                                              <Aggregate Distinct="0" AggType="COUNT_BIG">
                                                <ScalarOperator>
                                                  <Identifier>
                                                    <ColumnReference Column="Expr1025" />
                                                  </Identifier>
                                                </ScalarOperator>
                                              </Aggregate>
                                            </ScalarOperator>
                                          </DefinedValue>
                                          <DefinedValue>
                                            <ColumnReference Column="Expr1229" />
                                            <ScalarOperator ScalarString="SUM([Expr1025])">
                                              <Aggregate Distinct="0" AggType="SUM">
                                                <ScalarOperator>
                                                  <Identifier>
                                                    <ColumnReference Column="Expr1025" />
                                                  </Identifier>
                                                </ScalarOperator>
                                              </Aggregate>
                                            </ScalarOperator>
                                          </DefinedValue>
                                          <DefinedValue>
                                            <ColumnReference Column="Expr1230" />
                                            <ScalarOperator ScalarString="COUNT_BIG([Expr1020])">
                                              <Aggregate Distinct="0" AggType="COUNT_BIG">
                                                <ScalarOperator>
                                                  <Identifier>
                                                    <ColumnReference Column="Expr1020" />
                                                  </Identifier>
                                                </ScalarOperator>
                                              </Aggregate>
                                            </ScalarOperator>
                                          </DefinedValue>
                                          <DefinedValue>
                                            <ColumnReference Column="Expr1231" />
                                            <ScalarOperator ScalarString="SUM([Expr1020])">
                                              <Aggregate Distinct="0" AggType="SUM">
                                                <ScalarOperator>
                                                  <Identifier>
                                                    <ColumnReference Column="Expr1020" />
                                                  </Identifier>
                                                </ScalarOperator>
                                              </Aggregate>
                                            </ScalarOperator>
                                          </DefinedValue>
                                          <DefinedValue>
                                            <ColumnReference Column="Expr1232" />
                                            <ScalarOperator ScalarString="COUNT_BIG([Expr1014])">
                                              <Aggregate Distinct="0" AggType="COUNT_BIG">
                                                <ScalarOperator>
                                                  <Identifier>
                                                    <ColumnReference Column="Expr1014" />
                                                  </Identifier>
                                                </ScalarOperator>
                                              </Aggregate>
                                            </ScalarOperator>
                                          </DefinedValue>
                                          <DefinedValue>
                                            <ColumnReference Column="Expr1233" />
                                            <ScalarOperator ScalarString="SUM([Expr1014])">
                                              <Aggregate Distinct="0" AggType="SUM">
                                                <ScalarOperator>
                                                  <Identifier>
                                                    <ColumnReference Column="Expr1014" />
                                                  </Identifier>
                                                </ScalarOperator>
                                              </Aggregate>
                                            </ScalarOperator>
                                          </DefinedValue>
                                          <DefinedValue>
                                            <ColumnReference Column="Expr1234" />
                                            <ScalarOperator ScalarString="COUNT_BIG([Expr1018])">
                                              <Aggregate Distinct="0" AggType="COUNT_BIG">
                                                <ScalarOperator>
                                                  <Identifier>
                                                    <ColumnReference Column="Expr1018" />
                                                  </Identifier>
                                                </ScalarOperator>
                                              </Aggregate>
                                            </ScalarOperator>
                                          </DefinedValue>
                                          <DefinedValue>
                                            <ColumnReference Column="Expr1235" />
                                            <ScalarOperator ScalarString="SUM([Expr1018])">
                                              <Aggregate Distinct="0" AggType="SUM">
                                                <ScalarOperator>
                                                  <Identifier>
                                                    <ColumnReference Column="Expr1018" />
                                                  </Identifier>
                                                </ScalarOperator>
                                              </Aggregate>
                                            </ScalarOperator>
                                          </DefinedValue>
                                          <DefinedValue>
                                            <ColumnReference Column="Expr1236" />
                                            <ScalarOperator ScalarString="COUNT_BIG([Expr1017])">
                                              <Aggregate Distinct="0" AggType="COUNT_BIG">
                                                <ScalarOperator>
                                                  <Identifier>
                                                    <ColumnReference Column="Expr1017" />
                                                  </Identifier>
                                                </ScalarOperator>
                                              </Aggregate>
                                            </ScalarOperator>
                                          </DefinedValue>
                                          <DefinedValue>
                                            <ColumnReference Column="Expr1237" />
                                            <ScalarOperator ScalarString="SUM([Expr1017])">
                                              <Aggregate Distinct="0" AggType="SUM">
                                                <ScalarOperator>
                                                  <Identifier>
                                                    <ColumnReference Column="Expr1017" />
                                                  </Identifier>
                                                </ScalarOperator>
                                              </Aggregate>
                                            </ScalarOperator>
                                          </DefinedValue>
                                          <DefinedValue>
                                            <ColumnReference Column="Expr1238" />
                                            <ScalarOperator ScalarString="COUNT_BIG([Expr1015])">
                                              <Aggregate Distinct="0" AggType="COUNT_BIG">
                                                <ScalarOperator>
                                                  <Identifier>
                                                    <ColumnReference Column="Expr1015" />
                                                  </Identifier>
                                                </ScalarOperator>
                                              </Aggregate>
                                            </ScalarOperator>
                                          </DefinedValue>
                                          <DefinedValue>
                                            <ColumnReference Column="Expr1239" />
                                            <ScalarOperator ScalarString="SUM([Expr1015])">
                                              <Aggregate Distinct="0" AggType="SUM">
                                                <ScalarOperator>
                                                  <Identifier>
                                                    <ColumnReference Column="Expr1015" />
                                                  </Identifier>
                                                </ScalarOperator>
                                              </Aggregate>
                                            </ScalarOperator>
                                          </DefinedValue>
                                          <DefinedValue>
                                            <ColumnReference Column="Expr1240" />
                                            <ScalarOperator ScalarString="COUNT_BIG([Expr1019])">
                                              <Aggregate Distinct="0" AggType="COUNT_BIG">
                                                <ScalarOperator>
                                                  <Identifier>
                                                    <ColumnReference Column="Expr1019" />
                                                  </Identifier>
                                                </ScalarOperator>
                                              </Aggregate>
                                            </ScalarOperator>
                                          </DefinedValue>
                                          <DefinedValue>
                                            <ColumnReference Column="Expr1241" />
                                            <ScalarOperator ScalarString="SUM([Expr1019])">
                                              <Aggregate Distinct="0" AggType="SUM">
                                                <ScalarOperator>
                                                  <Identifier>
                                                    <ColumnReference Column="Expr1019" />
                                                  </Identifier>
                                                </ScalarOperator>
                                              </Aggregate>
                                            </ScalarOperator>
                                          </DefinedValue>
                                          <DefinedValue>
                                            <ColumnReference Column="Expr1242" />
                                            <ScalarOperator ScalarString="COUNT_BIG([Expr1016])">
                                              <Aggregate Distinct="0" AggType="COUNT_BIG">
                                                <ScalarOperator>
                                                  <Identifier>
                                                    <ColumnReference Column="Expr1016" />
                                                  </Identifier>
                                                </ScalarOperator>
                                              </Aggregate>
                                            </ScalarOperator>
                                          </DefinedValue>
                                          <DefinedValue>
                                            <ColumnReference Column="Expr1243" />
                                            <ScalarOperator ScalarString="SUM([Expr1016])">
                                              <Aggregate Distinct="0" AggType="SUM">
                                                <ScalarOperator>
                                                  <Identifier>
                                                    <ColumnReference Column="Expr1016" />
                                                  </Identifier>
                                                </ScalarOperator>
                                              </Aggregate>
                                            </ScalarOperator>
                                          </DefinedValue>
                                        </DefinedValues>
                                        <RelOp NodeId="23" PhysicalOp="Nested Loops" LogicalOp="Inner Join" EstimateRows="1" EstimateIO="0" EstimateCPU="4.18e-006" AvgRowSize="60" EstimatedTotalSubtreeCost="0.0110367" Parallel="0" EstimateRebinds="0" EstimateRewinds="0" EstimatedExecutionMode="Row">
                                          <OutputList>
                                            <ColumnReference Column="Expr1014" />
                                            <ColumnReference Column="Expr1015" />
                                            <ColumnReference Column="Expr1016" />
                                            <ColumnReference Column="Expr1017" />
                                            <ColumnReference Column="Expr1018" />
                                            <ColumnReference Column="Expr1019" />
                                            <ColumnReference Column="Expr1020" />
                                            <ColumnReference Column="Expr1021" />
                                            <ColumnReference Column="Expr1022" />
                                            <ColumnReference Column="Expr1023" />
                                            <ColumnReference Column="Expr1024" />
                                            <ColumnReference Column="Expr1025" />
                                            <ColumnReference Column="Expr1026" />
                                          </OutputList>
                                          <NestedLoops Optimized="0">
                                            <OuterReferences>
                                              <ColumnReference Table="@TestPassMix" Alias="[tpm]" Column="MixId" />
                                            </OuterReferences>
                                            <RelOp NodeId="24" PhysicalOp="Clustered Index Seek" LogicalOp="Clustered Index Seek" EstimateRows="1" EstimateIO="0.003125" EstimateCPU="0.0001581" AvgRowSize="11" EstimatedTotalSubtreeCost="0.0032831" TableCardinality="0" Parallel="0" EstimateRebinds="0" EstimateRewinds="0" EstimatedExecutionMode="Row">
                                              <OutputList>
                                                <ColumnReference Table="@TestPassMix" Alias="[tpm]" Column="MixId" />
                                              </OutputList>
                                              <IndexScan Ordered="1" ScanDirection="FORWARD" ForcedIndex="0" ForceSeek="0" ForceScan="0" NoExpandHint="0" Storage="RowStore">
                                                <DefinedValues>
                                                  <DefinedValue>
                                                    <ColumnReference Table="@TestPassMix" Alias="[tpm]" Column="MixId" />
                                                  </DefinedValue>
                                                </DefinedValues>
                                                <Object Table="[@TestPassMix]" Index="[PK__#B461A41__A429706ACAD071D6]" Alias="[tpm]" TableReferenceId="2" />
                                                <SeekPredicates>
                                                  <SeekPredicateNew>
                                                    <SeekKeys>
                                                      <Prefix ScanType="EQ">
                                                        <RangeColumns>
                                                          <ColumnReference Table="@TestPassMix" Alias="[tpm]" Column="TestPassId" />
                                                        </RangeColumns>
                                                        <RangeExpressions>
                                                          <ScalarOperator ScalarString="@TestPasses.[Id] as [tp].[Id]">
                                                            <Identifier>
                                                              <ColumnReference Table="@TestPasses" Alias="[tp]" Column="Id" />
                                                            </Identifier>
                                                          </ScalarOperator>
                                                        </RangeExpressions>
                                                      </Prefix>
                                                    </SeekKeys>
                                                  </SeekPredicateNew>
                                                </SeekPredicates>
                                              </IndexScan>
                                            </RelOp>
                                            <RelOp NodeId="25" PhysicalOp="Stream Aggregate" LogicalOp="Aggregate" EstimateRows="1" EstimateIO="0" EstimateCPU="1.53552e-006" AvgRowSize="60" EstimatedTotalSubtreeCost="0.00774947" Parallel="0" EstimateRebinds="0" EstimateRewinds="0" EstimatedExecutionMode="Row">
                                              <OutputList>
                                                <ColumnReference Column="Expr1014" />
                                                <ColumnReference Column="Expr1015" />
                                                <ColumnReference Column="Expr1016" />
                                                <ColumnReference Column="Expr1017" />
                                                <ColumnReference Column="Expr1018" />
                                                <ColumnReference Column="Expr1019" />
                                                <ColumnReference Column="Expr1020" />
                                                <ColumnReference Column="Expr1021" />
                                                <ColumnReference Column="Expr1022" />
                                                <ColumnReference Column="Expr1023" />
                                                <ColumnReference Column="Expr1024" />
                                                <ColumnReference Column="Expr1025" />
                                                <ColumnReference Column="Expr1026" />
                                              </OutputList>
                                              <StreamAggregate>
                                                <DefinedValues>
                                                  <DefinedValue>
                                                    <ColumnReference Column="Expr1014" />
                                                    <ScalarOperator ScalarString="SUM([OurLabReporting].[dbo].[TEUCountsByResolvedTED].[TEUsCompleted] as [cache].[TEUsCompleted])">
                                                      <Aggregate Distinct="0" AggType="SUM">
                                                        <ScalarOperator>
                                                          <Identifier>
                                                            <ColumnReference Database="[OurLabReporting]" Schema="[dbo]" Table="[TEUCountsByResolvedTED]" Alias="[cache]" Column="TEUsCompleted" />
                                                          </Identifier>
                                                        </ScalarOperator>
                                                      </Aggregate>
                                                    </ScalarOperator>
                                                  </DefinedValue>
                                                  <DefinedValue>
                                                    <ColumnReference Column="Expr1015" />
                                                    <ScalarOperator ScalarString="SUM([OurLabReporting].[dbo].[TEUCountsByResolvedTED].[TEUsCancelled] as [cache].[TEUsCancelled])">
                                                      <Aggregate Distinct="0" AggType="SUM">
                                                        <ScalarOperator>
                                                          <Identifier>
                                                            <ColumnReference Database="[OurLabReporting]" Schema="[dbo]" Table="[TEUCountsByResolvedTED]" Alias="[cache]" Column="TEUsCancelled" />
                                                          </Identifier>
                                                        </ScalarOperator>
                                                      </Aggregate>
                                                    </ScalarOperator>
                                                  </DefinedValue>
                                                  <DefinedValue>
                                                    <ColumnReference Column="Expr1016" />
                                                    <ScalarOperator ScalarString="SUM([OurLabReporting].[dbo].[TEUCountsByResolvedTED].[TEUsNotScheduled] as [cache].[TEUsNotScheduled])">
                                                      <Aggregate Distinct="0" AggType="SUM">
                                                        <ScalarOperator>
                                                          <Identifier>
                                                            <ColumnReference Database="[OurLabReporting]" Schema="[dbo]" Table="[TEUCountsByResolvedTED]" Alias="[cache]" Column="TEUsNotScheduled" />
                                                          </Identifier>
                                                        </ScalarOperator>
                                                      </Aggregate>
                                                    </ScalarOperator>
                                                  </DefinedValue>
                                                  <DefinedValue>
                                                    <ColumnReference Column="Expr1017" />
                                                    <ScalarOperator ScalarString="SUM([OurLabReporting].[dbo].[TEUCountsByResolvedTED].[TEUsFailed] as [cache].[TEUsFailed])">
                                                      <Aggregate Distinct="0" AggType="SUM">
                                                        <ScalarOperator>
                                                          <Identifier>
                                                            <ColumnReference Database="[OurLabReporting]" Schema="[dbo]" Table="[TEUCountsByResolvedTED]" Alias="[cache]" Column="TEUsFailed" />
                                                          </Identifier>
                                                        </ScalarOperator>
                                                      </Aggregate>
                                                    </ScalarOperator>
                                                  </DefinedValue>
                                                  <DefinedValue>
                                                    <ColumnReference Column="Expr1018" />
                                                    <ScalarOperator ScalarString="SUM([OurLabReporting].[dbo].[TEUCountsByResolvedTED].[TEUsInProgress] as [cache].[TEUsInProgress])">
                                                      <Aggregate Distinct="0" AggType="SUM">
                                                        <ScalarOperator>
                                                          <Identifier>
                                                            <ColumnReference Database="[OurLabReporting]" Schema="[dbo]" Table="[TEUCountsByResolvedTED]" Alias="[cache]" Column="TEUsInProgress" />
                                                          </Identifier>
                                                        </ScalarOperator>
                                                      </Aggregate>
                                                    </ScalarOperator>
                                                  </DefinedValue>
                                                  <DefinedValue>
                                                    <ColumnReference Column="Expr1019" />
                                                    <ScalarOperator ScalarString="SUM([OurLabReporting].[dbo].[TEUCountsByResolvedTED].[TEUsWaiting] as [cache].[TEUsWaiting])">
                                                      <Aggregate Distinct="0" AggType="SUM">
                                                        <ScalarOperator>
                                                          <Identifier>
                                                            <ColumnReference Database="[OurLabReporting]" Schema="[dbo]" Table="[TEUCountsByResolvedTED]" Alias="[cache]" Column="TEUsWaiting" />
                                                          </Identifier>
                                                        </ScalarOperator>
                                                      </Aggregate>
                                                    </ScalarOperator>
                                                  </DefinedValue>
                                                  <DefinedValue>
                                                    <ColumnReference Column="Expr1020" />
                                                    <ScalarOperator ScalarString="SUM([OurLabReporting].[dbo].[TEUCountsByResolvedTED].[TotalTEUs] as [cache].[TotalTEUs])">
                                                      <Aggregate Distinct="0" AggType="SUM">
                                                        <ScalarOperator>
                                                          <Identifier>
                                                            <ColumnReference Database="[OurLabReporting]" Schema="[dbo]" Table="[TEUCountsByResolvedTED]" Alias="[cache]" Column="TotalTEUs" />
                                                          </Identifier>
                                                        </ScalarOperator>
                                                      </Aggregate>
                                                    </ScalarOperator>
                                                  </DefinedValue>
                                                  <DefinedValue>
                                                    <ColumnReference Column="Expr1021" />
                                                    <ScalarOperator ScalarString="SUM([OurLabReporting].[dbo].[TEUCountsByResolvedTED].[PassTotal] as [cache].[PassTotal])">
                                                      <Aggregate Distinct="0" AggType="SUM">
                                                        <ScalarOperator>
                                                          <Identifier>
                                                            <ColumnReference Database="[OurLabReporting]" Schema="[dbo]" Table="[TEUCountsByResolvedTED]" Alias="[cache]" Column="PassTotal" />
                                                          </Identifier>
                                                        </ScalarOperator>
                                                      </Aggregate>
                                                    </ScalarOperator>
                                                  </DefinedValue>
                                                  <DefinedValue>
                                                    <ColumnReference Column="Expr1022" />
                                                    <ScalarOperator ScalarString="SUM([OurLabReporting].[dbo].[TEUCountsByResolvedTED].[FailTotal] as [cache].[FailTotal])">
                                                      <Aggregate Distinct="0" AggType="SUM">
                                                        <ScalarOperator>
                                                          <Identifier>
                                                            <ColumnReference Database="[OurLabReporting]" Schema="[dbo]" Table="[TEUCountsByResolvedTED]" Alias="[cache]" Column="FailTotal" />
                                                          </Identifier>
                                                        </ScalarOperator>
                                                      </Aggregate>
                                                    </ScalarOperator>
                                                  </DefinedValue>
                                                  <DefinedValue>
                                                    <ColumnReference Column="Expr1023" />
                                                    <ScalarOperator ScalarString="SUM([OurLabReporting].[dbo].[TEUCountsByResolvedTED].[WarnTotal] as [cache].[WarnTotal])">
                                                      <Aggregate Distinct="0" AggType="SUM">
                                                        <ScalarOperator>
                                                          <Identifier>
                                                            <ColumnReference Database="[OurLabReporting]" Schema="[dbo]" Table="[TEUCountsByResolvedTED]" Alias="[cache]" Column="WarnTotal" />
                                                          </Identifier>
                                                        </ScalarOperator>
                                                      </Aggregate>
                                                    </ScalarOperator>
                                                  </DefinedValue>
                                                  <DefinedValue>
                                                    <ColumnReference Column="Expr1024" />
                                                    <ScalarOperator ScalarString="SUM([OurLabReporting].[dbo].[TEUCountsByResolvedTED].[SkipTotal] as [cache].[SkipTotal])">
                                                      <Aggregate Distinct="0" AggType="SUM">
                                                        <ScalarOperator>
                                                          <Identifier>
                                                            <ColumnReference Database="[OurLabReporting]" Schema="[dbo]" Table="[TEUCountsByResolvedTED]" Alias="[cache]" Column="SkipTotal" />
                                                          </Identifier>
                                                        </ScalarOperator>
                                                      </Aggregate>
                                                    </ScalarOperator>
                                                  </DefinedValue>
                                                  <DefinedValue>
                                                    <ColumnReference Column="Expr1025" />
                                                    <ScalarOperator ScalarString="SUM([OurLabReporting].[dbo].[TEUCountsByResolvedTED].[BlockTotal] as [cache].[BlockTotal])">
                                                      <Aggregate Distinct="0" AggType="SUM">
                                                        <ScalarOperator>
                                                          <Identifier>
                                                            <ColumnReference Database="[OurLabReporting]" Schema="[dbo]" Table="[TEUCountsByResolvedTED]" Alias="[cache]" Column="BlockTotal" />
                                                          </Identifier>
                                                        </ScalarOperator>
                                                      </Aggregate>
                                                    </ScalarOperator>
                                                  </DefinedValue>
                                                  <DefinedValue>
                                                    <ColumnReference Column="Expr1026" />
                                                    <ScalarOperator ScalarString="SUM([Expr1112])">
                                                      <Aggregate Distinct="0" AggType="SUM">
                                                        <ScalarOperator>
                                                          <Identifier>
                                                            <ColumnReference Column="Expr1112" />
                                                          </Identifier>
                                                        </ScalarOperator>
                                                      </Aggregate>
                                                    </ScalarOperator>
                                                  </DefinedValue>
                                                </DefinedValues>
                                                <RelOp NodeId="26" PhysicalOp="Compute Scalar" LogicalOp="Compute Scalar" EstimateRows="1.72587" EstimateIO="0" EstimateCPU="1.72587e-007" AvgRowSize="60" EstimatedTotalSubtreeCost="0.00774793" Parallel="0" EstimateRebinds="0" EstimateRewinds="0" EstimatedExecutionMode="Row">
                                                  <OutputList>
                                                    <ColumnReference Database="[OurLabReporting]" Schema="[dbo]" Table="[TEUCountsByResolvedTED]" Alias="[cache]" Column="TEUsCompleted" />
                                                    <ColumnReference Database="[OurLabReporting]" Schema="[dbo]" Table="[TEUCountsByResolvedTED]" Alias="[cache]" Column="TEUsCancelled" />
                                                    <ColumnReference Database="[OurLabReporting]" Schema="[dbo]" Table="[TEUCountsByResolvedTED]" Alias="[cache]" Column="TEUsNotScheduled" />
                                                    <ColumnReference Database="[OurLabReporting]" Schema="[dbo]" Table="[TEUCountsByResolvedTED]" Alias="[cache]" Column="TEUsFailed" />
                                                    <ColumnReference Database="[OurLabReporting]" Schema="[dbo]" Table="[TEUCountsByResolvedTED]" Alias="[cache]" Column="TEUsInProgress" />
                                                    <ColumnReference Database="[OurLabReporting]" Schema="[dbo]" Table="[TEUCountsByResolvedTED]" Alias="[cache]" Column="TEUsWaiting" />
                                                    <ColumnReference Database="[OurLabReporting]" Schema="[dbo]" Table="[TEUCountsByResolvedTED]" Alias="[cache]" Column="TotalTEUs" />
                                                    <ColumnReference Database="[OurLabReporting]" Schema="[dbo]" Table="[TEUCountsByResolvedTED]" Alias="[cache]" Column="PassTotal" />
                                                    <ColumnReference Database="[OurLabReporting]" Schema="[dbo]" Table="[TEUCountsByResolvedTED]" Alias="[cache]" Column="FailTotal" />
                                                    <ColumnReference Database="[OurLabReporting]" Schema="[dbo]" Table="[TEUCountsByResolvedTED]" Alias="[cache]" Column="WarnTotal" />
                                                    <ColumnReference Database="[OurLabReporting]" Schema="[dbo]" Table="[TEUCountsByResolvedTED]" Alias="[cache]" Column="SkipTotal" />
                                                    <ColumnReference Database="[OurLabReporting]" Schema="[dbo]" Table="[TEUCountsByResolvedTED]" Alias="[cache]" Column="BlockTotal" />
                                                    <ColumnReference Column="Expr1112" />
                                                  </OutputList>
                                                  <ComputeScalar>
                                                    <DefinedValues>
                                                      <DefinedValue>
                                                        <ColumnReference Column="Expr1112" />
                                                        <ScalarOperator ScalarString="[OurLabReporting].[dbo].[TEUCountsByResolvedTED].[Total] as [cache].[Total]">
                                                          <Identifier>
                                                            <ColumnReference Database="[OurLabReporting]" Schema="[dbo]" Table="[TEUCountsByResolvedTED]" Alias="[cache]" Column="Total" ComputedColumn="1" />
                                                          </Identifier>
                                                        </ScalarOperator>
                                                      </DefinedValue>
                                                    </DefinedValues>
                                                    <RelOp NodeId="27" PhysicalOp="Nested Loops" LogicalOp="Inner Join" EstimateRows="1.72587" EstimateIO="0" EstimateCPU="7.21415e-006" AvgRowSize="60" EstimatedTotalSubtreeCost="0.00774776" Parallel="0" EstimateRebinds="0" EstimateRewinds="0" EstimatedExecutionMode="Row">
                                                      <OutputList>
                                                        <ColumnReference Database="[OurLabReporting]" Schema="[dbo]" Table="[TEUCountsByResolvedTED]" Alias="[cache]" Column="TEUsCompleted" />
                                                        <ColumnReference Database="[OurLabReporting]" Schema="[dbo]" Table="[TEUCountsByResolvedTED]" Alias="[cache]" Column="TEUsCancelled" />
                                                        <ColumnReference Database="[OurLabReporting]" Schema="[dbo]" Table="[TEUCountsByResolvedTED]" Alias="[cache]" Column="TEUsNotScheduled" />
                                                        <ColumnReference Database="[OurLabReporting]" Schema="[dbo]" Table="[TEUCountsByResolvedTED]" Alias="[cache]" Column="TEUsFailed" />
                                                        <ColumnReference Database="[OurLabReporting]" Schema="[dbo]" Table="[TEUCountsByResolvedTED]" Alias="[cache]" Column="TEUsInProgress" />
                                                        <ColumnReference Database="[OurLabReporting]" Schema="[dbo]" Table="[TEUCountsByResolvedTED]" Alias="[cache]" Column="TEUsWaiting" />
                                                        <ColumnReference Database="[OurLabReporting]" Schema="[dbo]" Table="[TEUCountsByResolvedTED]" Alias="[cache]" Column="TotalTEUs" />
                                                        <ColumnReference Database="[OurLabReporting]" Schema="[dbo]" Table="[TEUCountsByResolvedTED]" Alias="[cache]" Column="PassTotal" />
                                                        <ColumnReference Database="[OurLabReporting]" Schema="[dbo]" Table="[TEUCountsByResolvedTED]" Alias="[cache]" Column="FailTotal" />
                                                        <ColumnReference Database="[OurLabReporting]" Schema="[dbo]" Table="[TEUCountsByResolvedTED]" Alias="[cache]" Column="WarnTotal" />
                                                        <ColumnReference Database="[OurLabReporting]" Schema="[dbo]" Table="[TEUCountsByResolvedTED]" Alias="[cache]" Column="SkipTotal" />
                                                        <ColumnReference Database="[OurLabReporting]" Schema="[dbo]" Table="[TEUCountsByResolvedTED]" Alias="[cache]" Column="BlockTotal" />
                                                        <ColumnReference Database="[OurLabReporting]" Schema="[dbo]" Table="[TEUCountsByResolvedTED]" Alias="[cache]" Column="Total" ComputedColumn="1" />
                                                      </OutputList>
                                                      <NestedLoops Optimized="0">
                                                        <OuterReferences>
                                                          <ColumnReference Database="[OurLabReporting]" Schema="[dbo]" Table="[ResolvedTED]" Alias="[rted]" Column="Id" />
                                                        </OuterReferences>
                                                        <RelOp NodeId="28" PhysicalOp="Index Seek" LogicalOp="Index Seek" EstimateRows="1.72587" EstimateIO="0.003125" EstimateCPU="0.000158898" AvgRowSize="11" EstimatedTotalSubtreeCost="0.0032839" TableCardinality="1.37084e+006" Parallel="0" EstimateRebinds="0" EstimateRewinds="0" EstimatedExecutionMode="Row">
                                                          <OutputList>
                                                            <ColumnReference Database="[OurLabReporting]" Schema="[dbo]" Table="[ResolvedTED]" Alias="[rted]" Column="Id" />
                                                          </OutputList>
                                                          <IndexScan Ordered="1" ScanDirection="FORWARD" ForcedIndex="0" ForceSeek="0" ForceScan="0" NoExpandHint="0" Storage="RowStore">
                                                            <DefinedValues>
                                                              <DefinedValue>
                                                                <ColumnReference Database="[OurLabReporting]" Schema="[dbo]" Table="[ResolvedTED]" Alias="[rted]" Column="Id" />
                                                              </DefinedValue>
                                                            </DefinedValues>
                                                            <Object Database="[OurLabReporting]" Schema="[dbo]" Table="[ResolvedTED]" Index="[ResolvedTED_IDX_MixId]" Alias="[rted]" IndexKind="NonClustered" />
                                                            <SeekPredicates>
                                                              <SeekPredicateNew>
                                                                <SeekKeys>
                                                                  <Prefix ScanType="EQ">
                                                                    <RangeColumns>
                                                                      <ColumnReference Database="[OurLabReporting]" Schema="[dbo]" Table="[ResolvedTED]" Alias="[rted]" Column="MixId" />
                                                                    </RangeColumns>
                                                                    <RangeExpressions>
                                                                      <ScalarOperator ScalarString="@TestPassMix.[MixId] as [tpm].[MixId]">
                                                                        <Identifier>
                                                                          <ColumnReference Table="@TestPassMix" Alias="[tpm]" Column="MixId" />
                                                                        </Identifier>
                                                                      </ScalarOperator>
                                                                    </RangeExpressions>
                                                                  </Prefix>
                                                                </SeekKeys>
                                                              </SeekPredicateNew>
                                                            </SeekPredicates>
                                                          </IndexScan>
                                                        </RelOp>
                                                        <RelOp NodeId="29" PhysicalOp="Compute Scalar" LogicalOp="Compute Scalar" EstimateRows="1" EstimateIO="0" EstimateCPU="1e-007" AvgRowSize="60" EstimatedTotalSubtreeCost="0.00445665" Parallel="0" EstimateRebinds="0.725873" EstimateRewinds="0" EstimatedExecutionMode="Row">
                                                          <OutputList>
                                                            <ColumnReference Database="[OurLabReporting]" Schema="[dbo]" Table="[TEUCountsByResolvedTED]" Alias="[cache]" Column="TEUsCompleted" />
                                                            <ColumnReference Database="[OurLabReporting]" Schema="[dbo]" Table="[TEUCountsByResolvedTED]" Alias="[cache]" Column="TEUsCancelled" />
                                                            <ColumnReference Database="[OurLabReporting]" Schema="[dbo]" Table="[TEUCountsByResolvedTED]" Alias="[cache]" Column="TEUsNotScheduled" />
                                                            <ColumnReference Database="[OurLabReporting]" Schema="[dbo]" Table="[TEUCountsByResolvedTED]" Alias="[cache]" Column="TEUsFailed" />
                                                            <ColumnReference Database="[OurLabReporting]" Schema="[dbo]" Table="[TEUCountsByResolvedTED]" Alias="[cache]" Column="TEUsInProgress" />
                                                            <ColumnReference Database="[OurLabReporting]" Schema="[dbo]" Table="[TEUCountsByResolvedTED]" Alias="[cache]" Column="TEUsWaiting" />
                                                            <ColumnReference Database="[OurLabReporting]" Schema="[dbo]" Table="[TEUCountsByResolvedTED]" Alias="[cache]" Column="TotalTEUs" />
                                                            <ColumnReference Database="[OurLabReporting]" Schema="[dbo]" Table="[TEUCountsByResolvedTED]" Alias="[cache]" Column="PassTotal" />
                                                            <ColumnReference Database="[OurLabReporting]" Schema="[dbo]" Table="[TEUCountsByResolvedTED]" Alias="[cache]" Column="FailTotal" />
                                                            <ColumnReference Database="[OurLabReporting]" Schema="[dbo]" Table="[TEUCountsByResolvedTED]" Alias="[cache]" Column="WarnTotal" />
                                                            <ColumnReference Database="[OurLabReporting]" Schema="[dbo]" Table="[TEUCountsByResolvedTED]" Alias="[cache]" Column="SkipTotal" />
                                                            <ColumnReference Database="[OurLabReporting]" Schema="[dbo]" Table="[TEUCountsByResolvedTED]" Alias="[cache]" Column="BlockTotal" />
                                                            <ColumnReference Database="[OurLabReporting]" Schema="[dbo]" Table="[TEUCountsByResolvedTED]" Alias="[cache]" Column="Total" ComputedColumn="1" />
                                                          </OutputList>
                                                          <ComputeScalar>
                                                            <DefinedValues>
                                                              <DefinedValue>
                                                                <ColumnReference Database="[OurLabReporting]" Schema="[dbo]" Table="[TEUCountsByResolvedTED]" Alias="[cache]" Column="Total" ComputedColumn="1" />
                                                                <ScalarOperator ScalarString="[OurLabReporting].[dbo].[TEUCountsByResolvedTED].[PassTotal] as [cache].[PassTotal]+[OurLabReporting].[dbo].[TEUCountsByResolvedTED].[FailTotal] as [cache].[FailTotal]+[OurLabReporting].[dbo].[TEUCountsByResolvedTED].[WarnTotal] as [cache].[WarnTotal]+[OurLabReporting].[dbo].[TEUCountsByResolvedTED].[SkipTotal] as [cache].[SkipTotal]+[OurLabReporting].[dbo].[TEUCountsByResolvedTED].[BlockTotal] as [cache].[BlockTotal]">
                                                                  <Arithmetic Operation="ADD">
                                                                    <ScalarOperator>
                                                                      <Arithmetic Operation="ADD">
                                                                        <ScalarOperator>
                                                                          <Arithmetic Operation="ADD">
                                                                            <ScalarOperator>
                                                                              <Arithmetic Operation="ADD">
                                                                                <ScalarOperator>
                                                                                  <Identifier>
                                                                                    <ColumnReference Database="[OurLabReporting]" Schema="[dbo]" Table="[TEUCountsByResolvedTED]" Alias="[cache]" Column="PassTotal" />
                                                                                  </Identifier>
                                                                                </ScalarOperator>
                                                                                <ScalarOperator>
                                                                                  <Identifier>
                                                                                    <ColumnReference Database="[OurLabReporting]" Schema="[dbo]" Table="[TEUCountsByResolvedTED]" Alias="[cache]" Column="FailTotal" />
                                                                                  </Identifier>
                                                                                </ScalarOperator>
                                                                              </Arithmetic>
                                                                            </ScalarOperator>
                                                                            <ScalarOperator>
                                                                              <Identifier>
                                                                                <ColumnReference Database="[OurLabReporting]" Schema="[dbo]" Table="[TEUCountsByResolvedTED]" Alias="[cache]" Column="WarnTotal" />
                                                                              </Identifier>
                                                                            </ScalarOperator>
                                                                          </Arithmetic>
                                                                        </ScalarOperator>
                                                                        <ScalarOperator>
                                                                          <Identifier>
                                                                            <ColumnReference Database="[OurLabReporting]" Schema="[dbo]" Table="[TEUCountsByResolvedTED]" Alias="[cache]" Column="SkipTotal" />
                                                                          </Identifier>
                                                                        </ScalarOperator>
                                                                      </Arithmetic>
                                                                    </ScalarOperator>
                                                                    <ScalarOperator>
                                                                      <Identifier>
                                                                        <ColumnReference Database="[OurLabReporting]" Schema="[dbo]" Table="[TEUCountsByResolvedTED]" Alias="[cache]" Column="BlockTotal" />
                                                                      </Identifier>
                                                                    </ScalarOperator>
                                                                  </Arithmetic>
                                                                </ScalarOperator>
                                                              </DefinedValue>
                                                            </DefinedValues>
                                                            <RelOp NodeId="30" PhysicalOp="Clustered Index Seek" LogicalOp="Clustered Index Seek" EstimateRows="1" EstimateIO="0.003125" EstimateCPU="0.0001581" AvgRowSize="56" EstimatedTotalSubtreeCost="0.00445647" TableCardinality="1.37084e+006" Parallel="0" EstimateRebinds="0.725873" EstimateRewinds="0" EstimatedExecutionMode="Row">
                                                              <OutputList>
                                                                <ColumnReference Database="[OurLabReporting]" Schema="[dbo]" Table="[TEUCountsByResolvedTED]" Alias="[cache]" Column="TEUsCompleted" />
                                                                <ColumnReference Database="[OurLabReporting]" Schema="[dbo]" Table="[TEUCountsByResolvedTED]" Alias="[cache]" Column="TEUsCancelled" />
                                                                <ColumnReference Database="[OurLabReporting]" Schema="[dbo]" Table="[TEUCountsByResolvedTED]" Alias="[cache]" Column="TEUsNotScheduled" />
                                                                <ColumnReference Database="[OurLabReporting]" Schema="[dbo]" Table="[TEUCountsByResolvedTED]" Alias="[cache]" Column="TEUsFailed" />
                                                                <ColumnReference Database="[OurLabReporting]" Schema="[dbo]" Table="[TEUCountsByResolvedTED]" Alias="[cache]" Column="TEUsInProgress" />
                                                                <ColumnReference Database="[OurLabReporting]" Schema="[dbo]" Table="[TEUCountsByResolvedTED]" Alias="[cache]" Column="TEUsWaiting" />
                                                                <ColumnReference Database="[OurLabReporting]" Schema="[dbo]" Table="[TEUCountsByResolvedTED]" Alias="[cache]" Column="TotalTEUs" />
                                                                <ColumnReference Database="[OurLabReporting]" Schema="[dbo]" Table="[TEUCountsByResolvedTED]" Alias="[cache]" Column="PassTotal" />
                                                                <ColumnReference Database="[OurLabReporting]" Schema="[dbo]" Table="[TEUCountsByResolvedTED]" Alias="[cache]" Column="FailTotal" />
                                                                <ColumnReference Database="[OurLabReporting]" Schema="[dbo]" Table="[TEUCountsByResolvedTED]" Alias="[cache]" Column="WarnTotal" />
                                                                <ColumnReference Database="[OurLabReporting]" Schema="[dbo]" Table="[TEUCountsByResolvedTED]" Alias="[cache]" Column="SkipTotal" />
                                                                <ColumnReference Database="[OurLabReporting]" Schema="[dbo]" Table="[TEUCountsByResolvedTED]" Alias="[cache]" Column="BlockTotal" />
                                                              </OutputList>
                                                              <IndexScan Ordered="1" ScanDirection="FORWARD" ForcedIndex="0" ForceSeek="0" ForceScan="0" NoExpandHint="0" Storage="RowStore">
                                                                <DefinedValues>
                                                                  <DefinedValue>
                                                                    <ColumnReference Database="[OurLabReporting]" Schema="[dbo]" Table="[TEUCountsByResolvedTED]" Alias="[cache]" Column="TEUsCompleted" />
                                                                  </DefinedValue>
                                                                  <DefinedValue>
                                                                    <ColumnReference Database="[OurLabReporting]" Schema="[dbo]" Table="[TEUCountsByResolvedTED]" Alias="[cache]" Column="TEUsCancelled" />
                                                                  </DefinedValue>
                                                                  <DefinedValue>
                                                                    <ColumnReference Database="[OurLabReporting]" Schema="[dbo]" Table="[TEUCountsByResolvedTED]" Alias="[cache]" Column="TEUsNotScheduled" />
                                                                  </DefinedValue>
                                                                  <DefinedValue>
                                                                    <ColumnReference Database="[OurLabReporting]" Schema="[dbo]" Table="[TEUCountsByResolvedTED]" Alias="[cache]" Column="TEUsFailed" />
                                                                  </DefinedValue>
                                                                  <DefinedValue>
                                                                    <ColumnReference Database="[OurLabReporting]" Schema="[dbo]" Table="[TEUCountsByResolvedTED]" Alias="[cache]" Column="TEUsInProgress" />
                                                                  </DefinedValue>
                                                                  <DefinedValue>
                                                                    <ColumnReference Database="[OurLabReporting]" Schema="[dbo]" Table="[TEUCountsByResolvedTED]" Alias="[cache]" Column="TEUsWaiting" />
                                                                  </DefinedValue>
                                                                  <DefinedValue>
                                                                    <ColumnReference Database="[OurLabReporting]" Schema="[dbo]" Table="[TEUCountsByResolvedTED]" Alias="[cache]" Column="TotalTEUs" />
                                                                  </DefinedValue>
                                                                  <DefinedValue>
                                                                    <ColumnReference Database="[OurLabReporting]" Schema="[dbo]" Table="[TEUCountsByResolvedTED]" Alias="[cache]" Column="PassTotal" />
                                                                  </DefinedValue>
                                                                  <DefinedValue>
                                                                    <ColumnReference Database="[OurLabReporting]" Schema="[dbo]" Table="[TEUCountsByResolvedTED]" Alias="[cache]" Column="FailTotal" />
                                                                  </DefinedValue>
                                                                  <DefinedValue>
                                                                    <ColumnReference Database="[OurLabReporting]" Schema="[dbo]" Table="[TEUCountsByResolvedTED]" Alias="[cache]" Column="WarnTotal" />
                                                                  </DefinedValue>
                                                                  <DefinedValue>
                                                                    <ColumnReference Database="[OurLabReporting]" Schema="[dbo]" Table="[TEUCountsByResolvedTED]" Alias="[cache]" Column="SkipTotal" />
                                                                  </DefinedValue>
                                                                  <DefinedValue>
                                                                    <ColumnReference Database="[OurLabReporting]" Schema="[dbo]" Table="[TEUCountsByResolvedTED]" Alias="[cache]" Column="BlockTotal" />
                                                                  </DefinedValue>
                                                                </DefinedValues>
                                                                <Object Database="[OurLabReporting]" Schema="[dbo]" Table="[TEUCountsByResolvedTED]" Index="[TEUCountsByResolvedTED_PK]" Alias="[cache]" IndexKind="Clustered" />
                                                                <SeekPredicates>
                                                                  <SeekPredicateNew>
                                                                    <SeekKeys>
                                                                      <Prefix ScanType="EQ">
                                                                        <RangeColumns>
                                                                          <ColumnReference Database="[OurLabReporting]" Schema="[dbo]" Table="[TEUCountsByResolvedTED]" Alias="[cache]" Column="ResolvedTEDId" />
                                                                        </RangeColumns>
                                                                        <RangeExpressions>
                                                                          <ScalarOperator ScalarString="[OurLabReporting].[dbo].[ResolvedTED].[Id] as [rted].[Id]">
                                                                            <Identifier>
                                                                              <ColumnReference Database="[OurLabReporting]" Schema="[dbo]" Table="[ResolvedTED]" Alias="[rted]" Column="Id" />
                                                                            </Identifier>
                                                                          </ScalarOperator>
                                                                        </RangeExpressions>
                                                                      </Prefix>
                                                                    </SeekKeys>
                                                                  </SeekPredicateNew>
                                                                </SeekPredicates>
                                                              </IndexScan>
                                                            </RelOp>
                                                          </ComputeScalar>
                                                        </RelOp>
                                                      </NestedLoops>
                                                    </RelOp>
                                                  </ComputeScalar>
                                                </RelOp>
                                              </StreamAggregate>
                                            </RelOp>
                                          </NestedLoops>
                                        </RelOp>
                                      </StreamAggregate>
                                    </RelOp>
                                  </ComputeScalar>
                                </RelOp>
                              </ComputeScalar>
                            </RelOp>
                          </NestedLoops>
                        </RelOp>
                        <RelOp NodeId="171" PhysicalOp="Compute Scalar" LogicalOp="Compute Scalar" EstimateRows="1" EstimateIO="0" EstimateCPU="1e-007" AvgRowSize="11" EstimatedTotalSubtreeCost="0.0260081" Parallel="0" EstimateRebinds="0" EstimateRewinds="0" EstimatedExecutionMode="Row">
                          <OutputList>
                            <ColumnReference Column="Expr1063" />
                          </OutputList>
                          <ComputeScalar>
                            <DefinedValues>
                              <DefinedValue>
                                <ColumnReference Column="Expr1063" />
                                <ScalarOperator ScalarString="[Expr1061]">
                                  <Identifier>
                                    <ColumnReference Column="Expr1061" />
                                  </Identifier>
                                </ScalarOperator>
                              </DefinedValue>
                            </DefinedValues>
                            <RelOp NodeId="172" PhysicalOp="Compute Scalar" LogicalOp="Compute Scalar" EstimateRows="1" EstimateIO="0" EstimateCPU="5.00682e-005" AvgRowSize="11" EstimatedTotalSubtreeCost="0.026008" Parallel="0" EstimateRebinds="0" EstimateRewinds="0" EstimatedExecutionMode="Row">
                              <OutputList>
                                <ColumnReference Column="Expr1061" />
                              </OutputList>
                              <ComputeScalar>
                                <DefinedValues>
                                  <DefinedValue>
                                    <ColumnReference Column="Expr1061" />
                                    <ScalarOperator ScalarString="CONVERT_IMPLICIT(int,[Expr1244],0)">
                                      <Convert DataType="int" Style="0" Implicit="1">
                                        <ScalarOperator>
                                          <Identifier>
                                            <ColumnReference Column="Expr1244" />
                                          </Identifier>
                                        </ScalarOperator>
                                      </Convert>
                                    </ScalarOperator>
                                  </DefinedValue>
                                </DefinedValues>
                                <RelOp NodeId="173" PhysicalOp="Stream Aggregate" LogicalOp="Aggregate" EstimateRows="1" EstimateIO="0" EstimateCPU="5.00682e-005" AvgRowSize="11" EstimatedTotalSubtreeCost="0.026008" Parallel="0" EstimateRebinds="0" EstimateRewinds="0" EstimatedExecutionMode="Row">
                                  <OutputList>
                                    <ColumnReference Column="Expr1244" />
                                  </OutputList>
                                  <StreamAggregate>
                                    <DefinedValues>
                                      <DefinedValue>
                                        <ColumnReference Column="Expr1244" />
                                        <ScalarOperator ScalarString="Count(*)">
                                          <Aggregate AggType="countstar" Distinct="0" />
                                        </ScalarOperator>
                                      </DefinedValue>
                                    </DefinedValues>
                                    <RelOp NodeId="174" PhysicalOp="Nested Loops" LogicalOp="Inner Join" EstimateRows="82.6137" EstimateIO="0" EstimateCPU="0.00150399" AvgRowSize="9" EstimatedTotalSubtreeCost="0.0259579" Parallel="0" EstimateRebinds="0" EstimateRewinds="0" EstimatedExecutionMode="Row">
                                      <OutputList />
                                      <NestedLoops Optimized="0">
                                        <OuterReferences>
                                          <ColumnReference Table="@TestPassMix" Alias="[tpm]" Column="MixId" />
                                        </OuterReferences>
                                        <RelOp NodeId="175" PhysicalOp="Clustered Index Seek" LogicalOp="Clustered Index Seek" EstimateRows="1" EstimateIO="0.003125" EstimateCPU="0.0001581" AvgRowSize="11" EstimatedTotalSubtreeCost="0.0032831" TableCardinality="0" Parallel="0" EstimateRebinds="0" EstimateRewinds="0" EstimatedExecutionMode="Row">
                                          <OutputList>
                                            <ColumnReference Table="@TestPassMix" Alias="[tpm]" Column="MixId" />
                                          </OutputList>
                                          <IndexScan Ordered="1" ScanDirection="FORWARD" ForcedIndex="0" ForceSeek="0" ForceScan="0" NoExpandHint="0" Storage="RowStore">
                                            <DefinedValues>
                                              <DefinedValue>
                                                <ColumnReference Table="@TestPassMix" Alias="[tpm]" Column="MixId" />
                                              </DefinedValue>
                                            </DefinedValues>
                                            <Object Table="[@TestPassMix]" Index="[PK__#B461A41__A429706ACAD071D6]" Alias="[tpm]" TableReferenceId="3" />
                                            <SeekPredicates>
                                              <SeekPredicateNew>
                                                <SeekKeys>
                                                  <Prefix ScanType="EQ">
                                                    <RangeColumns>
                                                      <ColumnReference Table="@TestPassMix" Alias="[tpm]" Column="TestPassId" />
                                                    </RangeColumns>
                                                    <RangeExpressions>
                                                      <ScalarOperator ScalarString="@TestPasses.[Id] as [tp].[Id]">
                                                        <Identifier>
                                                          <ColumnReference Table="@TestPasses" Alias="[tp]" Column="Id" />
                                                        </Identifier>
                                                      </ScalarOperator>
                                                    </RangeExpressions>
                                                  </Prefix>
                                                </SeekKeys>
                                              </SeekPredicateNew>
                                            </SeekPredicates>
                                          </IndexScan>
                                        </RelOp>
                                        <RelOp NodeId="176" PhysicalOp="Index Seek" LogicalOp="Index Seek" EstimateRows="359.807" EstimateIO="0.0157176" EstimateCPU="0.00309936" AvgRowSize="12" EstimatedTotalSubtreeCost="0.0188169" TableCardinality="4.12024e+007" Parallel="0" EstimateRebinds="0" EstimateRewinds="0" EstimatedExecutionMode="Row">
                                          <OutputList />
                                          <IndexScan Ordered="1" ScanDirection="FORWARD" ForcedIndex="0" ForceSeek="0" ForceScan="0" NoExpandHint="0" Storage="RowStore">
                                            <DefinedValues />
                                            <Object Database="[OurLabReporting]" Schema="[dbo]" Table="[TEU]" Index="[Teu_IDX_Mix]" IndexKind="NonClustered" />
                                            <SeekPredicates>
                                              <SeekPredicateNew>
                                                <SeekKeys>
                                                  <Prefix ScanType="EQ">
                                                    <RangeColumns>
                                                      <ColumnReference Database="[OurLabReporting]" Schema="[dbo]" Table="[TEU]" Column="MixId" />
                                                    </RangeColumns>
                                                    <RangeExpressions>
                                                      <ScalarOperator ScalarString="@TestPassMix.[MixId] as [tpm].[MixId]">
                                                        <Identifier>
                                                          <ColumnReference Table="@TestPassMix" Alias="[tpm]" Column="MixId" />
                                                        </Identifier>
                                                      </ScalarOperator>
                                                    </RangeExpressions>
                                                  </Prefix>
                                                </SeekKeys>
                                              </SeekPredicateNew>
                                            </SeekPredicates>
                                            <Predicate>
                                              <ScalarOperator ScalarString="[OurLabReporting].[dbo].[TEU].[StatusId]=[@FilteredStatusId] AND [OurLabReporting].[dbo].[TEU].[IsRerunPrimary]=(1)">
                                                <Logical Operation="AND">
                                                  <ScalarOperator>
                                                    <Compare CompareOp="EQ">
                                                      <ScalarOperator>
                                                        <Identifier>
                                                          <ColumnReference Database="[OurLabReporting]" Schema="[dbo]" Table="[TEU]" Column="StatusId" />
                                                        </Identifier>
                                                      </ScalarOperator>
                                                      <ScalarOperator>
                                                        <Identifier>
                                                          <ColumnReference Column="@FilteredStatusId" />
                                                        </Identifier>
                                                      </ScalarOperator>
                                                    </Compare>
                                                  </ScalarOperator>
                                                  <ScalarOperator>
                                                    <Compare CompareOp="EQ">
                                                      <ScalarOperator>
                                                        <Identifier>
                                                          <ColumnReference Database="[OurLabReporting]" Schema="[dbo]" Table="[TEU]" Column="IsRerunPrimary" />
                                                        </Identifier>
                                                      </ScalarOperator>
                                                      <ScalarOperator>
                                                        <Const ConstValue="(1)" />
                                                      </ScalarOperator>
                                                    </Compare>
                                                  </ScalarOperator>
                                                </Logical>
                                              </ScalarOperator>
                                            </Predicate>
                                          </IndexScan>
                                        </RelOp>
                                      </NestedLoops>
                                    </RelOp>
                                  </StreamAggregate>
                                </RelOp>
                              </ComputeScalar>
                            </RelOp>
                          </ComputeScalar>
                        </RelOp>
                      </NestedLoops>
                    </RelOp>
                    <RelOp NodeId="184" PhysicalOp="Compute Scalar" LogicalOp="Compute Scalar" EstimateRows="1" EstimateIO="0" EstimateCPU="1e-007" AvgRowSize="31" EstimatedTotalSubtreeCost="0.0197294" Parallel="0" EstimateRebinds="0" EstimateRewinds="0" EstimatedExecutionMode="Row">
                      <OutputList>
                        <ColumnReference Column="Expr1068" />
                        <ColumnReference Column="Expr1073" />
                        <ColumnReference Column="Expr1078" />
                        <ColumnReference Column="Expr1083" />
                        <ColumnReference Column="Expr1088" />
                        <ColumnReference Column="Expr1093" />
                      </OutputList>
                      <ComputeScalar>
                        <DefinedValues>
                          <DefinedValue>
                            <ColumnReference Column="Expr1068" />
                            <ScalarOperator ScalarString="[Expr1066]">
                              <Identifier>
                                <ColumnReference Column="Expr1066" />
                              </Identifier>
                            </ScalarOperator>
                          </DefinedValue>
                          <DefinedValue>
                            <ColumnReference Column="Expr1073" />
                            <ScalarOperator ScalarString="[Expr1071]">
                              <Identifier>
                                <ColumnReference Column="Expr1071" />
                              </Identifier>
                            </ScalarOperator>
                          </DefinedValue>
                          <DefinedValue>
                            <ColumnReference Column="Expr1078" />
                            <ScalarOperator ScalarString="[Expr1076]">
                              <Identifier>
                                <ColumnReference Column="Expr1076" />
                              </Identifier>
                            </ScalarOperator>
                          </DefinedValue>
                          <DefinedValue>
                            <ColumnReference Column="Expr1083" />
                            <ScalarOperator ScalarString="[Expr1081]">
                              <Identifier>
                                <ColumnReference Column="Expr1081" />
                              </Identifier>
                            </ScalarOperator>
                          </DefinedValue>
                          <DefinedValue>
                            <ColumnReference Column="Expr1088" />
                            <ScalarOperator ScalarString="[Expr1086]">
                              <Identifier>
                                <ColumnReference Column="Expr1086" />
                              </Identifier>
                            </ScalarOperator>
                          </DefinedValue>
                          <DefinedValue>
                            <ColumnReference Column="Expr1093" />
                            <ScalarOperator ScalarString="[Expr1091]">
                              <Identifier>
                                <ColumnReference Column="Expr1091" />
                              </Identifier>
                            </ScalarOperator>
                          </DefinedValue>
                        </DefinedValues>
                        <RelOp NodeId="185" PhysicalOp="Nested Loops" LogicalOp="Inner Join" EstimateRows="1" EstimateIO="0" EstimateCPU="4.18e-006" AvgRowSize="31" EstimatedTotalSubtreeCost="0.0197293" Parallel="0" EstimateRebinds="0" EstimateRewinds="0" EstimatedExecutionMode="Row">
                          <OutputList>
                            <ColumnReference Column="Expr1066" />
                            <ColumnReference Column="Expr1071" />
                            <ColumnReference Column="Expr1076" />
                            <ColumnReference Column="Expr1081" />
                            <ColumnReference Column="Expr1086" />
                            <ColumnReference Column="Expr1091" />
                          </OutputList>
                          <NestedLoops Optimized="0">
                            <RelOp NodeId="186" PhysicalOp="Nested Loops" LogicalOp="Inner Join" EstimateRows="1" EstimateIO="0" EstimateCPU="4.18e-006" AvgRowSize="27" EstimatedTotalSubtreeCost="0.0164404" Parallel="0" EstimateRebinds="0" EstimateRewinds="0" EstimatedExecutionMode="Row">
                              <OutputList>
                                <ColumnReference Column="Expr1066" />
                                <ColumnReference Column="Expr1076" />
                                <ColumnReference Column="Expr1081" />
                                <ColumnReference Column="Expr1086" />
                                <ColumnReference Column="Expr1091" />
                              </OutputList>
                              <NestedLoops Optimized="0">
                                <RelOp NodeId="187" PhysicalOp="Nested Loops" LogicalOp="Inner Join" EstimateRows="1" EstimateIO="0" EstimateCPU="4.18e-006" AvgRowSize="23" EstimatedTotalSubtreeCost="0.0131516" Parallel="0" EstimateRebinds="0" EstimateRewinds="0" EstimatedExecutionMode="Row">
                                  <OutputList>
                                    <ColumnReference Column="Expr1066" />
                                    <ColumnReference Column="Expr1081" />
                                    <ColumnReference Column="Expr1086" />
                                    <ColumnReference Column="Expr1091" />
                                  </OutputList>
                                  <NestedLoops Optimized="0">
                                    <RelOp NodeId="188" PhysicalOp="Nested Loops" LogicalOp="Inner Join" EstimateRows="1" EstimateIO="0" EstimateCPU="4.18e-006" AvgRowSize="19" EstimatedTotalSubtreeCost="0.00986232" Parallel="0" EstimateRebinds="0" EstimateRewinds="0" EstimatedExecutionMode="Row">
                                      <OutputList>
                                        <ColumnReference Column="Expr1066" />
                                        <ColumnReference Column="Expr1086" />
                                        <ColumnReference Column="Expr1091" />
                                      </OutputList>
                                      <NestedLoops Optimized="0">
                                        <RelOp NodeId="189" PhysicalOp="Nested Loops" LogicalOp="Inner Join" EstimateRows="1" EstimateIO="0" EstimateCPU="4.18e-006" AvgRowSize="15" EstimatedTotalSubtreeCost="0.00657346" Parallel="0" EstimateRebinds="0" EstimateRewinds="0" EstimatedExecutionMode="Row">
                                          <OutputList>
                                            <ColumnReference Column="Expr1066" />
                                            <ColumnReference Column="Expr1091" />
                                          </OutputList>
                                          <NestedLoops Optimized="0">
                                            <RelOp NodeId="190" PhysicalOp="Compute Scalar" LogicalOp="Compute Scalar" EstimateRows="1" EstimateIO="0" EstimateCPU="1.1e-006" AvgRowSize="11" EstimatedTotalSubtreeCost="0.0032842" Parallel="0" EstimateRebinds="0" EstimateRewinds="0" EstimatedExecutionMode="Row">
                                              <OutputList>
                                                <ColumnReference Column="Expr1066" />
                                              </OutputList>
                                              <ComputeScalar>
                                                <DefinedValues>
                                                  <DefinedValue>
                                                    <ColumnReference Column="Expr1066" />
                                                    <ScalarOperator ScalarString="CONVERT_IMPLICIT(int,[Expr1245],0)">
                                                      <Convert DataType="int" Style="0" Implicit="1">
                                                        <ScalarOperator>
                                                          <Identifier>
                                                            <ColumnReference Column="Expr1245" />
                                                          </Identifier>
                                                        </ScalarOperator>
                                                      </Convert>
                                                    </ScalarOperator>
                                                  </DefinedValue>
                                                </DefinedValues>
                                                <RelOp NodeId="191" PhysicalOp="Stream Aggregate" LogicalOp="Aggregate" EstimateRows="1" EstimateIO="0" EstimateCPU="1.1e-006" AvgRowSize="11" EstimatedTotalSubtreeCost="0.0032842" Parallel="0" EstimateRebinds="0" EstimateRewinds="0" EstimatedExecutionMode="Row">
                                                  <OutputList>
                                                    <ColumnReference Column="Expr1245" />
                                                  </OutputList>
                                                  <StreamAggregate>
                                                    <DefinedValues>
                                                      <DefinedValue>
                                                        <ColumnReference Column="Expr1245" />
                                                        <ScalarOperator ScalarString="Count(*)">
                                                          <Aggregate AggType="countstar" Distinct="0" />
                                                        </ScalarOperator>
                                                      </DefinedValue>
                                                    </DefinedValues>
                                                    <RelOp NodeId="192" PhysicalOp="Clustered Index Seek" LogicalOp="Clustered Index Seek" EstimateRows="1" EstimateIO="0.003125" EstimateCPU="0.0001581" AvgRowSize="9" EstimatedTotalSubtreeCost="0.0032831" TableCardinality="0" Parallel="0" EstimateRebinds="0" EstimateRewinds="0" EstimatedExecutionMode="Row">
                                                      <OutputList />
                                                      <IndexScan Ordered="1" ScanDirection="FORWARD" ForcedIndex="0" ForceSeek="0" ForceScan="0" NoExpandHint="0" Storage="RowStore">
                                                        <DefinedValues />
                                                        <Object Table="[@TestPassFailures]" Index="[PK__#B649EC8__00F64C6ECAEE036B]" Alias="[f]" TableReferenceId="1" />
                                                        <SeekPredicates>
                                                          <SeekPredicateNew>
                                                            <SeekKeys>
                                                              <Prefix ScanType="EQ">
                                                                <RangeColumns>
                                                                  <ColumnReference Table="@TestPassFailures" Alias="[f]" Column="TestPassId" />
                                                                </RangeColumns>
                                                                <RangeExpressions>
                                                                  <ScalarOperator ScalarString="@TestPasses.[Id] as [tp].[Id]">
                                                                    <Identifier>
                                                                      <ColumnReference Table="@TestPasses" Alias="[tp]" Column="Id" />
                                                                    </Identifier>
                                                                  </ScalarOperator>
                                                                </RangeExpressions>
                                                              </Prefix>
                                                            </SeekKeys>
                                                          </SeekPredicateNew>
                                                        </SeekPredicates>
                                                      </IndexScan>
                                                    </RelOp>
                                                  </StreamAggregate>
                                                </RelOp>
                                              </ComputeScalar>
                                            </RelOp>
                                            <RelOp NodeId="197" PhysicalOp="Compute Scalar" LogicalOp="Compute Scalar" EstimateRows="1" EstimateIO="0" EstimateCPU="1.1e-006" AvgRowSize="11" EstimatedTotalSubtreeCost="0.00328508" Parallel="0" EstimateRebinds="0" EstimateRewinds="0" EstimatedExecutionMode="Row">
                                              <OutputList>
                                                <ColumnReference Column="Expr1091" />
                                              </OutputList>
                                              <ComputeScalar>
                                                <DefinedValues>
                                                  <DefinedValue>
                                                    <ColumnReference Column="Expr1091" />
                                                    <ScalarOperator ScalarString="CONVERT_IMPLICIT(int,[Expr1246],0)">
                                                      <Convert DataType="int" Style="0" Implicit="1">
                                                        <ScalarOperator>
                                                          <Identifier>
                                                            <ColumnReference Column="Expr1246" />
                                                          </Identifier>
                                                        </ScalarOperator>
                                                      </Convert>
                                                    </ScalarOperator>
                                                  </DefinedValue>
                                                </DefinedValues>
                                                <RelOp NodeId="198" PhysicalOp="Stream Aggregate" LogicalOp="Aggregate" EstimateRows="1" EstimateIO="0" EstimateCPU="1.1e-006" AvgRowSize="11" EstimatedTotalSubtreeCost="0.00328508" Parallel="0" EstimateRebinds="0" EstimateRewinds="0" EstimatedExecutionMode="Row">
                                                  <OutputList>
                                                    <ColumnReference Column="Expr1246" />
                                                  </OutputList>
                                                  <StreamAggregate>
                                                    <DefinedValues>
                                                      <DefinedValue>
                                                        <ColumnReference Column="Expr1246" />
                                                        <ScalarOperator ScalarString="Count(*)">
                                                          <Aggregate AggType="countstar" Distinct="0" />
                                                        </ScalarOperator>
                                                      </DefinedValue>
                                                    </DefinedValues>
                                                    <RelOp NodeId="199" PhysicalOp="Clustered Index Seek" LogicalOp="Clustered Index Seek" EstimateRows="1" EstimateIO="0.003125" EstimateCPU="0.0001581" AvgRowSize="15" EstimatedTotalSubtreeCost="0.0032831" TableCardinality="0" Parallel="0" EstimateRebinds="0" EstimateRewinds="0" EstimatedExecutionMode="Row">
                                                      <OutputList />
                                                      <IndexScan Ordered="1" ScanDirection="FORWARD" ForcedIndex="0" ForceSeek="0" ForceScan="0" NoExpandHint="0" Storage="RowStore">
                                                        <DefinedValues />
                                                        <Object Table="[@TestPassFailures]" Index="[PK__#B649EC8__00F64C6ECAEE036B]" Alias="[f]" TableReferenceId="6" />
                                                        <SeekPredicates>
                                                          <SeekPredicateNew>
                                                            <SeekKeys>
                                                              <Prefix ScanType="EQ">
                                                                <RangeColumns>
                                                                  <ColumnReference Table="@TestPassFailures" Alias="[f]" Column="TestPassId" />
                                                                </RangeColumns>
                                                                <RangeExpressions>
                                                                  <ScalarOperator ScalarString="@TestPasses.[Id] as [tp].[Id]">
                                                                    <Identifier>
                                                                      <ColumnReference Table="@TestPasses" Alias="[tp]" Column="Id" />
                                                                    </Identifier>
                                                                  </ScalarOperator>
                                                                </RangeExpressions>
                                                              </Prefix>
                                                            </SeekKeys>
                                                          </SeekPredicateNew>
                                                        </SeekPredicates>
                                                        <Predicate>
                                                          <ScalarOperator ScalarString="@TestPassFailures.[FailureTypeId] as [f].[FailureTypeId]=[@CrashFailureTypeId] AND @TestPassFailures.[StatusId] as [f].[StatusId]=[@ActiveStatusId]">
                                                            <Logical Operation="AND">
                                                              <ScalarOperator>
                                                                <Compare CompareOp="EQ">
                                                                  <ScalarOperator>
                                                                    <Identifier>
                                                                      <ColumnReference Table="@TestPassFailures" Alias="[f]" Column="FailureTypeId" />
                                                                    </Identifier>
                                                                  </ScalarOperator>
                                                                  <ScalarOperator>
                                                                    <Identifier>
                                                                      <ColumnReference Column="@CrashFailureTypeId" />
                                                                    </Identifier>
                                                                  </ScalarOperator>
                                                                </Compare>
                                                              </ScalarOperator>
                                                              <ScalarOperator>
                                                                <Compare CompareOp="EQ">
                                                                  <ScalarOperator>
                                                                    <Identifier>
                                                                      <ColumnReference Table="@TestPassFailures" Alias="[f]" Column="StatusId" />
                                                                    </Identifier>
                                                                  </ScalarOperator>
                                                                  <ScalarOperator>
                                                                    <Identifier>
                                                                      <ColumnReference Column="@ActiveStatusId" />
                                                                    </Identifier>
                                                                  </ScalarOperator>
                                                                </Compare>
                                                              </ScalarOperator>
                                                            </Logical>
                                                          </ScalarOperator>
                                                        </Predicate>
                                                      </IndexScan>
                                                    </RelOp>
                                                  </StreamAggregate>
                                                </RelOp>
                                              </ComputeScalar>
                                            </RelOp>
                                          </NestedLoops>
                                        </RelOp>
                                        <RelOp NodeId="204" PhysicalOp="Compute Scalar" LogicalOp="Compute Scalar" EstimateRows="1" EstimateIO="0" EstimateCPU="1.1e-006" AvgRowSize="11" EstimatedTotalSubtreeCost="0.00328468" Parallel="0" EstimateRebinds="0" EstimateRewinds="0" EstimatedExecutionMode="Row">
                                          <OutputList>
                                            <ColumnReference Column="Expr1086" />
                                          </OutputList>
                                          <ComputeScalar>
                                            <DefinedValues>
                                              <DefinedValue>
                                                <ColumnReference Column="Expr1086" />
                                                <ScalarOperator ScalarString="CONVERT_IMPLICIT(int,[Expr1247],0)">
                                                  <Convert DataType="int" Style="0" Implicit="1">
                                                    <ScalarOperator>
                                                      <Identifier>
                                                        <ColumnReference Column="Expr1247" />
                                                      </Identifier>
                                                    </ScalarOperator>
                                                  </Convert>
                                                </ScalarOperator>
                                              </DefinedValue>
                                            </DefinedValues>
                                            <RelOp NodeId="205" PhysicalOp="Stream Aggregate" LogicalOp="Aggregate" EstimateRows="1" EstimateIO="0" EstimateCPU="1.1e-006" AvgRowSize="11" EstimatedTotalSubtreeCost="0.00328468" Parallel="0" EstimateRebinds="0" EstimateRewinds="0" EstimatedExecutionMode="Row">
                                              <OutputList>
                                                <ColumnReference Column="Expr1247" />
                                              </OutputList>
                                              <StreamAggregate>
                                                <DefinedValues>
                                                  <DefinedValue>
                                                    <ColumnReference Column="Expr1247" />
                                                    <ScalarOperator ScalarString="Count(*)">
                                                      <Aggregate AggType="countstar" Distinct="0" />
                                                    </ScalarOperator>
                                                  </DefinedValue>
                                                </DefinedValues>
                                                <RelOp NodeId="206" PhysicalOp="Clustered Index Seek" LogicalOp="Clustered Index Seek" EstimateRows="1" EstimateIO="0.003125" EstimateCPU="0.0001581" AvgRowSize="11" EstimatedTotalSubtreeCost="0.0032831" TableCardinality="0" Parallel="0" EstimateRebinds="0" EstimateRewinds="0" EstimatedExecutionMode="Row">
                                                  <OutputList />
                                                  <IndexScan Ordered="1" ScanDirection="FORWARD" ForcedIndex="0" ForceSeek="0" ForceScan="0" NoExpandHint="0" Storage="RowStore">
                                                    <DefinedValues />
                                                    <Object Table="[@TestPassFailures]" Index="[PK__#B649EC8__00F64C6ECAEE036B]" Alias="[f]" TableReferenceId="5" />
                                                    <SeekPredicates>
                                                      <SeekPredicateNew>
                                                        <SeekKeys>
                                                          <Prefix ScanType="EQ">
                                                            <RangeColumns>
                                                              <ColumnReference Table="@TestPassFailures" Alias="[f]" Column="TestPassId" />
                                                            </RangeColumns>
                                                            <RangeExpressions>
                                                              <ScalarOperator ScalarString="@TestPasses.[Id] as [tp].[Id]">
                                                                <Identifier>
                                                                  <ColumnReference Table="@TestPasses" Alias="[tp]" Column="Id" />
                                                                </Identifier>
                                                              </ScalarOperator>
                                                            </RangeExpressions>
                                                          </Prefix>
                                                        </SeekKeys>
                                                      </SeekPredicateNew>
                                                    </SeekPredicates>
                                                    <Predicate>
                                                      <ScalarOperator ScalarString="@TestPassFailures.[FailureTypeId] as [f].[FailureTypeId]=[@CrashFailureTypeId]">
                                                        <Compare CompareOp="EQ">
                                                          <ScalarOperator>
                                                            <Identifier>
                                                              <ColumnReference Table="@TestPassFailures" Alias="[f]" Column="FailureTypeId" />
                                                            </Identifier>
                                                          </ScalarOperator>
                                                          <ScalarOperator>
                                                            <Identifier>
                                                              <ColumnReference Column="@CrashFailureTypeId" />
                                                            </Identifier>
                                                          </ScalarOperator>
                                                        </Compare>
                                                      </ScalarOperator>
                                                    </Predicate>
                                                  </IndexScan>
                                                </RelOp>
                                              </StreamAggregate>
                                            </RelOp>
                                          </ComputeScalar>
                                        </RelOp>
                                      </NestedLoops>
                                    </RelOp>
                                    <RelOp NodeId="211" PhysicalOp="Compute Scalar" LogicalOp="Compute Scalar" EstimateRows="1" EstimateIO="0" EstimateCPU="1.1e-006" AvgRowSize="11" EstimatedTotalSubtreeCost="0.00328508" Parallel="0" EstimateRebinds="0" EstimateRewinds="0" EstimatedExecutionMode="Row">
                                      <OutputList>
                                        <ColumnReference Column="Expr1081" />
                                      </OutputList>
                                      <ComputeScalar>
                                        <DefinedValues>
                                          <DefinedValue>
                                            <ColumnReference Column="Expr1081" />
                                            <ScalarOperator ScalarString="CONVERT_IMPLICIT(int,[Expr1248],0)">
                                              <Convert DataType="int" Style="0" Implicit="1">
                                                <ScalarOperator>
                                                  <Identifier>
                                                    <ColumnReference Column="Expr1248" />
                                                  </Identifier>
                                                </ScalarOperator>
                                              </Convert>
                                            </ScalarOperator>
                                          </DefinedValue>
                                        </DefinedValues>
                                        <RelOp NodeId="212" PhysicalOp="Stream Aggregate" LogicalOp="Aggregate" EstimateRows="1" EstimateIO="0" EstimateCPU="1.1e-006" AvgRowSize="11" EstimatedTotalSubtreeCost="0.00328508" Parallel="0" EstimateRebinds="0" EstimateRewinds="0" EstimatedExecutionMode="Row">
                                          <OutputList>
                                            <ColumnReference Column="Expr1248" />
                                          </OutputList>
                                          <StreamAggregate>
                                            <DefinedValues>
                                              <DefinedValue>
                                                <ColumnReference Column="Expr1248" />
                                                <ScalarOperator ScalarString="Count(*)">
                                                  <Aggregate AggType="countstar" Distinct="0" />
                                                </ScalarOperator>
                                              </DefinedValue>
                                            </DefinedValues>
                                            <RelOp NodeId="213" PhysicalOp="Clustered Index Seek" LogicalOp="Clustered Index Seek" EstimateRows="1" EstimateIO="0.003125" EstimateCPU="0.0001581" AvgRowSize="15" EstimatedTotalSubtreeCost="0.0032831" TableCardinality="0" Parallel="0" EstimateRebinds="0" EstimateRewinds="0" EstimatedExecutionMode="Row">
                                              <OutputList />
                                              <IndexScan Ordered="1" ScanDirection="FORWARD" ForcedIndex="0" ForceSeek="0" ForceScan="0" NoExpandHint="0" Storage="RowStore">
                                                <DefinedValues />
                                                <Object Table="[@TestPassFailures]" Index="[PK__#B649EC8__00F64C6ECAEE036B]" Alias="[f]" TableReferenceId="4" />
                                                <SeekPredicates>
                                                  <SeekPredicateNew>
                                                    <SeekKeys>
                                                      <Prefix ScanType="EQ">
                                                        <RangeColumns>
                                                          <ColumnReference Table="@TestPassFailures" Alias="[f]" Column="TestPassId" />
                                                        </RangeColumns>
                                                        <RangeExpressions>
                                                          <ScalarOperator ScalarString="@TestPasses.[Id] as [tp].[Id]">
                                                            <Identifier>
                                                              <ColumnReference Table="@TestPasses" Alias="[tp]" Column="Id" />
                                                            </Identifier>
                                                          </ScalarOperator>
                                                        </RangeExpressions>
                                                      </Prefix>
                                                    </SeekKeys>
                                                  </SeekPredicateNew>
                                                </SeekPredicates>
                                                <Predicate>
                                                  <ScalarOperator ScalarString="@TestPassFailures.[FailureTypeId] as [f].[FailureTypeId]=[@InfrastructureFailureTypeId] AND @TestPassFailures.[StatusId] as [f].[StatusId]=[@ActiveStatusId]">
                                                    <Logical Operation="AND">
                                                      <ScalarOperator>
                                                        <Compare CompareOp="EQ">
                                                          <ScalarOperator>
                                                            <Identifier>
                                                              <ColumnReference Table="@TestPassFailures" Alias="[f]" Column="FailureTypeId" />
                                                            </Identifier>
                                                          </ScalarOperator>
                                                          <ScalarOperator>
                                                            <Identifier>
                                                              <ColumnReference Column="@InfrastructureFailureTypeId" />
                                                            </Identifier>
                                                          </ScalarOperator>
                                                        </Compare>
                                                      </ScalarOperator>
                                                      <ScalarOperator>
                                                        <Compare CompareOp="EQ">
                                                          <ScalarOperator>
                                                            <Identifier>
                                                              <ColumnReference Table="@TestPassFailures" Alias="[f]" Column="StatusId" />
                                                            </Identifier>
                                                          </ScalarOperator>
                                                          <ScalarOperator>
                                                            <Identifier>
                                                              <ColumnReference Column="@ActiveStatusId" />
                                                            </Identifier>
                                                          </ScalarOperator>
                                                        </Compare>
                                                      </ScalarOperator>
                                                    </Logical>
                                                  </ScalarOperator>
                                                </Predicate>
                                              </IndexScan>
                                            </RelOp>
                                          </StreamAggregate>
                                        </RelOp>
                                      </ComputeScalar>
                                    </RelOp>
                                  </NestedLoops>
                                </RelOp>
                                <RelOp NodeId="218" PhysicalOp="Compute Scalar" LogicalOp="Compute Scalar" EstimateRows="1" EstimateIO="0" EstimateCPU="1.1e-006" AvgRowSize="11" EstimatedTotalSubtreeCost="0.00328468" Parallel="0" EstimateRebinds="0" EstimateRewinds="0" EstimatedExecutionMode="Row">
                                  <OutputList>
                                    <ColumnReference Column="Expr1076" />
                                  </OutputList>
                                  <ComputeScalar>
                                    <DefinedValues>
                                      <DefinedValue>
                                        <ColumnReference Column="Expr1076" />
                                        <ScalarOperator ScalarString="CONVERT_IMPLICIT(int,[Expr1249],0)">
                                          <Convert DataType="int" Style="0" Implicit="1">
                                            <ScalarOperator>
                                              <Identifier>
                                                <ColumnReference Column="Expr1249" />
                                              </Identifier>
                                            </ScalarOperator>
                                          </Convert>
                                        </ScalarOperator>
                                      </DefinedValue>
                                    </DefinedValues>
                                    <RelOp NodeId="219" PhysicalOp="Stream Aggregate" LogicalOp="Aggregate" EstimateRows="1" EstimateIO="0" EstimateCPU="1.1e-006" AvgRowSize="11" EstimatedTotalSubtreeCost="0.00328468" Parallel="0" EstimateRebinds="0" EstimateRewinds="0" EstimatedExecutionMode="Row">
                                      <OutputList>
                                        <ColumnReference Column="Expr1249" />
                                      </OutputList>
                                      <StreamAggregate>
                                        <DefinedValues>
                                          <DefinedValue>
                                            <ColumnReference Column="Expr1249" />
                                            <ScalarOperator ScalarString="Count(*)">
                                              <Aggregate AggType="countstar" Distinct="0" />
                                            </ScalarOperator>
                                          </DefinedValue>
                                        </DefinedValues>
                                        <RelOp NodeId="220" PhysicalOp="Clustered Index Seek" LogicalOp="Clustered Index Seek" EstimateRows="1" EstimateIO="0.003125" EstimateCPU="0.0001581" AvgRowSize="11" EstimatedTotalSubtreeCost="0.0032831" TableCardinality="0" Parallel="0" EstimateRebinds="0" EstimateRewinds="0" EstimatedExecutionMode="Row">
                                          <OutputList />
                                          <IndexScan Ordered="1" ScanDirection="FORWARD" ForcedIndex="0" ForceSeek="0" ForceScan="0" NoExpandHint="0" Storage="RowStore">
                                            <DefinedValues />
                                            <Object Table="[@TestPassFailures]" Index="[PK__#B649EC8__00F64C6ECAEE036B]" Alias="[f]" TableReferenceId="3" />
                                            <SeekPredicates>
                                              <SeekPredicateNew>
                                                <SeekKeys>
                                                  <Prefix ScanType="EQ">
                                                    <RangeColumns>
                                                      <ColumnReference Table="@TestPassFailures" Alias="[f]" Column="TestPassId" />
                                                    </RangeColumns>
                                                    <RangeExpressions>
                                                      <ScalarOperator ScalarString="@TestPasses.[Id] as [tp].[Id]">
                                                        <Identifier>
                                                          <ColumnReference Table="@TestPasses" Alias="[tp]" Column="Id" />
                                                        </Identifier>
                                                      </ScalarOperator>
                                                    </RangeExpressions>
                                                  </Prefix>
                                                </SeekKeys>
                                              </SeekPredicateNew>
                                            </SeekPredicates>
                                            <Predicate>
                                              <ScalarOperator ScalarString="@TestPassFailures.[FailureTypeId] as [f].[FailureTypeId]=[@InfrastructureFailureTypeId]">
                                                <Compare CompareOp="EQ">
                                                  <ScalarOperator>
                                                    <Identifier>
                                                      <ColumnReference Table="@TestPassFailures" Alias="[f]" Column="FailureTypeId" />
                                                    </Identifier>
                                                  </ScalarOperator>
                                                  <ScalarOperator>
                                                    <Identifier>
                                                      <ColumnReference Column="@InfrastructureFailureTypeId" />
                                                    </Identifier>
                                                  </ScalarOperator>
                                                </Compare>
                                              </ScalarOperator>
                                            </Predicate>
                                          </IndexScan>
                                        </RelOp>
                                      </StreamAggregate>
                                    </RelOp>
                                  </ComputeScalar>
                                </RelOp>
                              </NestedLoops>
                            </RelOp>
                            <RelOp NodeId="225" PhysicalOp="Compute Scalar" LogicalOp="Compute Scalar" EstimateRows="1" EstimateIO="0" EstimateCPU="1.1e-006" AvgRowSize="11" EstimatedTotalSubtreeCost="0.00328468" Parallel="0" EstimateRebinds="0" EstimateRewinds="0" EstimatedExecutionMode="Row">
                              <OutputList>
                                <ColumnReference Column="Expr1071" />
                              </OutputList>
                              <ComputeScalar>
                                <DefinedValues>
                                  <DefinedValue>
                                    <ColumnReference Column="Expr1071" />
                                    <ScalarOperator ScalarString="CONVERT_IMPLICIT(int,[Expr1250],0)">
                                      <Convert DataType="int" Style="0" Implicit="1">
                                        <ScalarOperator>
                                          <Identifier>
                                            <ColumnReference Column="Expr1250" />
                                          </Identifier>
                                        </ScalarOperator>
                                      </Convert>
                                    </ScalarOperator>
                                  </DefinedValue>
                                </DefinedValues>
                                <RelOp NodeId="226" PhysicalOp="Stream Aggregate" LogicalOp="Aggregate" EstimateRows="1" EstimateIO="0" EstimateCPU="1.1e-006" AvgRowSize="11" EstimatedTotalSubtreeCost="0.00328468" Parallel="0" EstimateRebinds="0" EstimateRewinds="0" EstimatedExecutionMode="Row">
                                  <OutputList>
                                    <ColumnReference Column="Expr1250" />
                                  </OutputList>
                                  <StreamAggregate>
                                    <DefinedValues>
                                      <DefinedValue>
                                        <ColumnReference Column="Expr1250" />
                                        <ScalarOperator ScalarString="Count(*)">
                                          <Aggregate AggType="countstar" Distinct="0" />
                                        </ScalarOperator>
                                      </DefinedValue>
                                    </DefinedValues>
                                    <RelOp NodeId="227" PhysicalOp="Clustered Index Seek" LogicalOp="Clustered Index Seek" EstimateRows="1" EstimateIO="0.003125" EstimateCPU="0.0001581" AvgRowSize="11" EstimatedTotalSubtreeCost="0.0032831" TableCardinality="0" Parallel="0" EstimateRebinds="0" EstimateRewinds="0" EstimatedExecutionMode="Row">
                                      <OutputList />
                                      <IndexScan Ordered="1" ScanDirection="FORWARD" ForcedIndex="0" ForceSeek="0" ForceScan="0" NoExpandHint="0" Storage="RowStore">
                                        <DefinedValues />
                                        <Object Table="[@TestPassFailures]" Index="[PK__#B649EC8__00F64C6ECAEE036B]" Alias="[f]" TableReferenceId="2" />
                                        <SeekPredicates>
                                          <SeekPredicateNew>
                                            <SeekKeys>
                                              <Prefix ScanType="EQ">
                                                <RangeColumns>
                                                  <ColumnReference Table="@TestPassFailures" Alias="[f]" Column="TestPassId" />
                                                </RangeColumns>
                                                <RangeExpressions>
                                                  <ScalarOperator ScalarString="@TestPasses.[Id] as [tp].[Id]">
                                                    <Identifier>
                                                      <ColumnReference Table="@TestPasses" Alias="[tp]" Column="Id" />
                                                    </Identifier>
                                                  </ScalarOperator>
                                                </RangeExpressions>
                                              </Prefix>
                                            </SeekKeys>
                                          </SeekPredicateNew>
                                        </SeekPredicates>
                                        <Predicate>
                                          <ScalarOperator ScalarString="@TestPassFailures.[StatusId] as [f].[StatusId]=[@ActiveStatusId]">
                                            <Compare CompareOp="EQ">
                                              <ScalarOperator>
                                                <Identifier>
                                                  <ColumnReference Table="@TestPassFailures" Alias="[f]" Column="StatusId" />
                                                </Identifier>
                                              </ScalarOperator>
                                              <ScalarOperator>
                                                <Identifier>
                                                  <ColumnReference Column="@ActiveStatusId" />
                                                </Identifier>
                                              </ScalarOperator>
                                            </Compare>
                                          </ScalarOperator>
                                        </Predicate>
                                      </IndexScan>
                                    </RelOp>
                                  </StreamAggregate>
                                </RelOp>
                              </ComputeScalar>
                            </RelOp>
                          </NestedLoops>
                        </RelOp>
                      </ComputeScalar>
                    </RelOp>
                  </NestedLoops>
                </RelOp>
                <RelOp NodeId="245" PhysicalOp="Compute Scalar" LogicalOp="Compute Scalar" EstimateRows="1" EstimateIO="0" EstimateCPU="1e-007" AvgRowSize="4035" EstimatedTotalSubtreeCost="0.0391604" Parallel="0" EstimateRebinds="0" EstimateRewinds="0" EstimatedExecutionMode="Row">
                  <OutputList>
                    <ColumnReference Column="Expr1111" />
                  </OutputList>
                  <ComputeScalar>
                    <DefinedValues>
                      <DefinedValue>
                        <ColumnReference Column="Expr1111" />
                        <ScalarOperator ScalarString="[Expr1109]">
                          <Identifier>
                            <ColumnReference Column="Expr1109" />
                          </Identifier>
                        </ScalarOperator>
                      </DefinedValue>
                    </DefinedValues>
                    <RelOp NodeId="246" PhysicalOp="UDX" LogicalOp="UDX" EstimateRows="1" EstimateIO="0" EstimateCPU="1e-006" AvgRowSize="4035" EstimatedTotalSubtreeCost="0.0391603" Parallel="0" EstimateRebinds="0" EstimateRewinds="0" EstimatedExecutionMode="Row">
                      <OutputList>
                        <ColumnReference Column="Expr1109" />
                      </OutputList>
                      <Extension UDXName="FOR XML">
                        <DefinedValues>
                          <DefinedValue>
                            <ColumnReference Column="Expr1109" />
                          </DefinedValue>
                        </DefinedValues>
                        <UsedUDXColumns>
                          <ColumnReference Database="[OurLabReporting]" Schema="[dbo]" Table="[Bug]" Alias="[b]" Column="Number" />
                          <ColumnReference Column="Expr1106" />
                          <ColumnReference Database="[OurLabReporting]" Schema="[dbo]" Table="[Bug]" Alias="[b]" Column="DatabaseName" />
                          <ColumnReference Database="[OurLabReporting]" Schema="[dbo]" Table="[Bug]" Alias="[b]" Column="Status" />
                          <ColumnReference Column="Expr1107" />
                          <ColumnReference Column="Expr1103" />
                          <ColumnReference Column="Expr1104" />
                          <ColumnReference Column="Expr1108" />
                        </UsedUDXColumns>
                        <RelOp NodeId="247" PhysicalOp="Compute Scalar" LogicalOp="Compute Scalar" EstimateRows="1" EstimateIO="0" EstimateCPU="1e-007" AvgRowSize="4195" EstimatedTotalSubtreeCost="0.0391593" Parallel="0" EstimateRebinds="0" EstimateRewinds="0" EstimatedExecutionMode="Row">
                          <OutputList>
                            <ColumnReference Database="[OurLabReporting]" Schema="[dbo]" Table="[Bug]" Alias="[b]" Column="Number" />
                            <ColumnReference Database="[OurLabReporting]" Schema="[dbo]" Table="[Bug]" Alias="[b]" Column="DatabaseName" />
                            <ColumnReference Database="[OurLabReporting]" Schema="[dbo]" Table="[Bug]" Alias="[b]" Column="Status" />
                            <ColumnReference Column="Expr1103" />
                            <ColumnReference Column="Expr1104" />
                            <ColumnReference Column="Expr1106" />
                            <ColumnReference Column="Expr1107" />
                            <ColumnReference Column="Expr1108" />
                          </OutputList>
                          <ComputeScalar>
                            <DefinedValues>
                              <DefinedValue>
                                <ColumnReference Column="Expr1106" />
                                <ScalarOperator ScalarString="replace([OurLabReporting].[dbo].[Bug].[Title] as [b].[Title],N'&quot;',N'&amp;quot;')">
                                  <Intrinsic FunctionName="replace">
                                    <ScalarOperator>
                                      <Identifier>
                                        <ColumnReference Database="[OurLabReporting]" Schema="[dbo]" Table="[Bug]" Alias="[b]" Column="Title" />
                                      </Identifier>
                                    </ScalarOperator>
                                    <ScalarOperator>
                                      <Const ConstValue="N'&quot;'" />
                                    </ScalarOperator>
                                    <ScalarOperator>
                                      <Const ConstValue="N'&amp;quot;'" />
                                    </ScalarOperator>
                                  </Intrinsic>
                                </ScalarOperator>
                              </DefinedValue>
                              <DefinedValue>
                                <ColumnReference Column="Expr1107" />
                                <ScalarOperator ScalarString="CONVERT(bit,[Expr1102],0)">
                                  <Convert DataType="bit" Style="0" Implicit="0">
                                    <ScalarOperator>
                                      <Identifier>
                                        <ColumnReference Column="Expr1102" />
                                      </Identifier>
                                    </ScalarOperator>
                                  </Convert>
                                </ScalarOperator>
                              </DefinedValue>
                              <DefinedValue>
                                <ColumnReference Column="Expr1108" />
                                <ScalarOperator ScalarString="CONVERT(bit,[Expr1105],0)">
                                  <Convert DataType="bit" Style="0" Implicit="0">
                                    <ScalarOperator>
                                      <Identifier>
                                        <ColumnReference Column="Expr1105" />
                                      </Identifier>
                                    </ScalarOperator>
                                  </Convert>
                                </ScalarOperator>
                              </DefinedValue>
                            </DefinedValues>
                            <RelOp NodeId="248" PhysicalOp="Sort" LogicalOp="Sort" EstimateRows="1" EstimateIO="0.0112613" EstimateCPU="0.00010122" AvgRowSize="1220" EstimatedTotalSubtreeCost="0.0391592" Parallel="0" EstimateRebinds="0" EstimateRewinds="0" EstimatedExecutionMode="Row">
                              <OutputList>
                                <ColumnReference Database="[OurLabReporting]" Schema="[dbo]" Table="[Bug]" Alias="[b]" Column="Number" />
                                <ColumnReference Database="[OurLabReporting]" Schema="[dbo]" Table="[Bug]" Alias="[b]" Column="DatabaseName" />
                                <ColumnReference Database="[OurLabReporting]" Schema="[dbo]" Table="[Bug]" Alias="[b]" Column="Title" />
                                <ColumnReference Database="[OurLabReporting]" Schema="[dbo]" Table="[Bug]" Alias="[b]" Column="Status" />
                                <ColumnReference Column="Expr1102" />
                                <ColumnReference Column="Expr1103" />
                                <ColumnReference Column="Expr1104" />
                                <ColumnReference Column="Expr1105" />
                              </OutputList>
                              <MemoryFractions Input="0.333333" Output="0.666667" />
                              <Sort Distinct="0">
                                <OrderBy>
                                  <OrderByColumn Ascending="0">
                                    <ColumnReference Column="Expr1103" />
                                  </OrderByColumn>
                                </OrderBy>
                                <RelOp NodeId="249" PhysicalOp="Compute Scalar" LogicalOp="Compute Scalar" EstimateRows="1" EstimateIO="0" EstimateCPU="1.1e-006" AvgRowSize="1220" EstimatedTotalSubtreeCost="0.0277968" Parallel="0" EstimateRebinds="0" EstimateRewinds="0" EstimatedExecutionMode="Row">
                                  <OutputList>
                                    <ColumnReference Database="[OurLabReporting]" Schema="[dbo]" Table="[Bug]" Alias="[b]" Column="Number" />
                                    <ColumnReference Database="[OurLabReporting]" Schema="[dbo]" Table="[Bug]" Alias="[b]" Column="DatabaseName" />
                                    <ColumnReference Database="[OurLabReporting]" Schema="[dbo]" Table="[Bug]" Alias="[b]" Column="Title" />
                                    <ColumnReference Database="[OurLabReporting]" Schema="[dbo]" Table="[Bug]" Alias="[b]" Column="Status" />
                                    <ColumnReference Column="Expr1102" />
                                    <ColumnReference Column="Expr1103" />
                                    <ColumnReference Column="Expr1104" />
                                    <ColumnReference Column="Expr1105" />
                                  </OutputList>
                                  <ComputeScalar>
                                    <DefinedValues>
                                      <DefinedValue>
                                        <ColumnReference Column="Expr1103" />
                                        <ScalarOperator ScalarString="CONVERT_IMPLICIT(int,[Expr1251],0)">
                                          <Convert DataType="int" Style="0" Implicit="1">
                                            <ScalarOperator>
                                              <Identifier>
                                                <ColumnReference Column="Expr1251" />
                                              </Identifier>
                                            </ScalarOperator>
                                          </Convert>
                                        </ScalarOperator>
                                      </DefinedValue>
                                    </DefinedValues>
                                    <RelOp NodeId="250" PhysicalOp="Stream Aggregate" LogicalOp="Aggregate" EstimateRows="1" EstimateIO="0" EstimateCPU="1.1e-006" AvgRowSize="1220" EstimatedTotalSubtreeCost="0.0277968" Parallel="0" EstimateRebinds="0" EstimateRewinds="0" EstimatedExecutionMode="Row">
                                      <OutputList>
                                        <ColumnReference Database="[OurLabReporting]" Schema="[dbo]" Table="[Bug]" Alias="[b]" Column="Number" />
                                        <ColumnReference Database="[OurLabReporting]" Schema="[dbo]" Table="[Bug]" Alias="[b]" Column="DatabaseName" />
                                        <ColumnReference Database="[OurLabReporting]" Schema="[dbo]" Table="[Bug]" Alias="[b]" Column="Title" />
                                        <ColumnReference Database="[OurLabReporting]" Schema="[dbo]" Table="[Bug]" Alias="[b]" Column="Status" />
                                        <ColumnReference Column="Expr1102" />
                                        <ColumnReference Column="Expr1104" />
                                        <ColumnReference Column="Expr1105" />
                                        <ColumnReference Column="Expr1251" />
                                      </OutputList>
                                      <StreamAggregate>
                                        <DefinedValues>
                                          <DefinedValue>
                                            <ColumnReference Column="Expr1251" />
                                            <ScalarOperator ScalarString="Count(*)">
                                              <Aggregate AggType="countstar" Distinct="0" />
                                            </ScalarOperator>
                                          </DefinedValue>
                                          <DefinedValue>
                                            <ColumnReference Column="Expr1102" />
                                            <ScalarOperator ScalarString="MAX([Expr1113])">
                                              <Aggregate Distinct="0" AggType="MAX">
                                                <ScalarOperator>
                                                  <Identifier>
                                                    <ColumnReference Column="Expr1113" />
                                                  </Identifier>
                                                </ScalarOperator>
                                              </Aggregate>
                                            </ScalarOperator>
                                          </DefinedValue>
                                          <DefinedValue>
                                            <ColumnReference Column="Expr1104" />
                                            <ScalarOperator ScalarString="MAX([OurLabReporting].[dbo].[FailureType].[Type] as [ft].[Type])">
                                              <Aggregate Distinct="0" AggType="MAX">
                                                <ScalarOperator>
                                                  <Identifier>
                                                    <ColumnReference Database="[OurLabReporting]" Schema="[dbo]" Table="[FailureType]" Alias="[ft]" Column="Type" />
                                                  </Identifier>
                                                </ScalarOperator>
                                              </Aggregate>
                                            </ScalarOperator>
                                          </DefinedValue>
                                          <DefinedValue>
                                            <ColumnReference Column="Expr1105" />
                                            <ScalarOperator ScalarString="MAX([Expr1114])">
                                              <Aggregate Distinct="0" AggType="MAX">
                                                <ScalarOperator>
                                                  <Identifier>
                                                    <ColumnReference Column="Expr1114" />
                                                  </Identifier>
                                                </ScalarOperator>
                                              </Aggregate>
                                            </ScalarOperator>
                                          </DefinedValue>
                                          <DefinedValue>
                                            <ColumnReference Database="[OurLabReporting]" Schema="[dbo]" Table="[Bug]" Alias="[b]" Column="Title" />
                                            <ScalarOperator ScalarString="ANY([OurLabReporting].[dbo].[Bug].[Title] as [b].[Title])">
                                              <Aggregate Distinct="0" AggType="ANY">
                                                <ScalarOperator>
                                                  <Identifier>
                                                    <ColumnReference Database="[OurLabReporting]" Schema="[dbo]" Table="[Bug]" Alias="[b]" Column="Title" />
                                                  </Identifier>
                                                </ScalarOperator>
                                              </Aggregate>
                                            </ScalarOperator>
                                          </DefinedValue>
                                          <DefinedValue>
                                            <ColumnReference Database="[OurLabReporting]" Schema="[dbo]" Table="[Bug]" Alias="[b]" Column="Status" />
                                            <ScalarOperator ScalarString="ANY([OurLabReporting].[dbo].[Bug].[Status] as [b].[Status])">
                                              <Aggregate Distinct="0" AggType="ANY">
                                                <ScalarOperator>
                                                  <Identifier>
                                                    <ColumnReference Database="[OurLabReporting]" Schema="[dbo]" Table="[Bug]" Alias="[b]" Column="Status" />
                                                  </Identifier>
                                                </ScalarOperator>
                                              </Aggregate>
                                            </ScalarOperator>
                                          </DefinedValue>
                                        </DefinedValues>
                                        <GroupBy>
                                          <ColumnReference Database="[OurLabReporting]" Schema="[dbo]" Table="[Bug]" Alias="[b]" Column="DatabaseName" />
                                          <ColumnReference Database="[OurLabReporting]" Schema="[dbo]" Table="[Bug]" Alias="[b]" Column="Number" />
                                        </GroupBy>
                                        <RelOp NodeId="251" PhysicalOp="Sort" LogicalOp="Sort" EstimateRows="1" EstimateIO="0.0112613" EstimateCPU="0.000101216" AvgRowSize="1216" EstimatedTotalSubtreeCost="0.0277957" Parallel="0" EstimateRebinds="0" EstimateRewinds="0" EstimatedExecutionMode="Row">
                                          <OutputList>
                                            <ColumnReference Database="[OurLabReporting]" Schema="[dbo]" Table="[Bug]" Alias="[b]" Column="Number" />
                                            <ColumnReference Database="[OurLabReporting]" Schema="[dbo]" Table="[Bug]" Alias="[b]" Column="DatabaseName" />
                                            <ColumnReference Database="[OurLabReporting]" Schema="[dbo]" Table="[Bug]" Alias="[b]" Column="Title" />
                                            <ColumnReference Database="[OurLabReporting]" Schema="[dbo]" Table="[Bug]" Alias="[b]" Column="Status" />
                                            <ColumnReference Database="[OurLabReporting]" Schema="[dbo]" Table="[FailureType]" Alias="[ft]" Column="Type" />
                                            <ColumnReference Column="Expr1113" />
                                            <ColumnReference Column="Expr1114" />
                                          </OutputList>
                                          <MemoryFractions Input="0.666667" Output="0.333333" />
                                          <Sort Distinct="0">
                                            <OrderBy>
                                              <OrderByColumn Ascending="1">
                                                <ColumnReference Database="[OurLabReporting]" Schema="[dbo]" Table="[Bug]" Alias="[b]" Column="DatabaseName" />
                                              </OrderByColumn>
                                              <OrderByColumn Ascending="1">
                                                <ColumnReference Database="[OurLabReporting]" Schema="[dbo]" Table="[Bug]" Alias="[b]" Column="Number" />
                                              </OrderByColumn>
                                            </OrderBy>
                                            <RelOp NodeId="252" PhysicalOp="Nested Loops" LogicalOp="Inner Join" EstimateRows="1" EstimateIO="0" EstimateCPU="4.18795e-006" AvgRowSize="1216" EstimatedTotalSubtreeCost="0.0164332" Parallel="0" EstimateRebinds="0" EstimateRewinds="0" EstimatedExecutionMode="Row">
                                              <OutputList>
                                                <ColumnReference Database="[OurLabReporting]" Schema="[dbo]" Table="[Bug]" Alias="[b]" Column="Number" />
                                                <ColumnReference Database="[OurLabReporting]" Schema="[dbo]" Table="[Bug]" Alias="[b]" Column="DatabaseName" />
                                                <ColumnReference Database="[OurLabReporting]" Schema="[dbo]" Table="[Bug]" Alias="[b]" Column="Title" />
                                                <ColumnReference Database="[OurLabReporting]" Schema="[dbo]" Table="[Bug]" Alias="[b]" Column="Status" />
                                                <ColumnReference Database="[OurLabReporting]" Schema="[dbo]" Table="[FailureType]" Alias="[ft]" Column="Type" />
                                                <ColumnReference Column="Expr1113" />
                                                <ColumnReference Column="Expr1114" />
                                              </OutputList>
                                              <NestedLoops Optimized="0">
                                                <OuterReferences>
                                                  <ColumnReference Database="[OurLabReporting]" Schema="[dbo]" Table="[FailureBugMapping]" Alias="[fbm]" Column="BugId" />
                                                </OuterReferences>
                                                <RelOp NodeId="253" PhysicalOp="Compute Scalar" LogicalOp="Compute Scalar" EstimateRows="1.0019" EstimateIO="0" EstimateCPU="1.0019e-007" AvgRowSize="117" EstimatedTotalSubtreeCost="0.0131455" Parallel="0" EstimateRebinds="0" EstimateRewinds="0" EstimatedExecutionMode="Row">
                                                  <OutputList>
                                                    <ColumnReference Database="[OurLabReporting]" Schema="[dbo]" Table="[FailureBugMapping]" Alias="[fbm]" Column="BugId" />
                                                    <ColumnReference Database="[OurLabReporting]" Schema="[dbo]" Table="[FailureType]" Alias="[ft]" Column="Type" />
                                                    <ColumnReference Column="Expr1113" />
                                                    <ColumnReference Column="Expr1114" />
                                                  </OutputList>
                                                  <ComputeScalar>
                                                    <DefinedValues>
                                                      <DefinedValue>
                                                        <ColumnReference Column="Expr1113" />
                                                        <ScalarOperator ScalarString="CONVERT(tinyint,isnull([OurLabReporting].[dbo].[FailureBugMapping].[IsBranchSpecific] as [fbm].[IsBranchSpecific],(0)),0)">
                                                          <Convert DataType="tinyint" Style="0" Implicit="0">
                                                            <ScalarOperator>
                                                              <Intrinsic FunctionName="isnull">
                                                                <ScalarOperator>
                                                                  <Identifier>
                                                                    <ColumnReference Database="[OurLabReporting]" Schema="[dbo]" Table="[FailureBugMapping]" Alias="[fbm]" Column="IsBranchSpecific" />
                                                                  </Identifier>
                                                                </ScalarOperator>
                                                                <ScalarOperator>
                                                                  <Const ConstValue="(0)" />
                                                                </ScalarOperator>
                                                              </Intrinsic>
                                                            </ScalarOperator>
                                                          </Convert>
                                                        </ScalarOperator>
                                                      </DefinedValue>
                                                    </DefinedValues>
                                                    <RelOp NodeId="254" PhysicalOp="Nested Loops" LogicalOp="Inner Join" EstimateRows="1.0019" EstimateIO="0" EstimateCPU="4.18795e-006" AvgRowSize="117" EstimatedTotalSubtreeCost="0.0131454" Parallel="0" EstimateRebinds="0" EstimateRewinds="0" EstimatedExecutionMode="Row">
                                                      <OutputList>
                                                        <ColumnReference Database="[OurLabReporting]" Schema="[dbo]" Table="[FailureBugMapping]" Alias="[fbm]" Column="BugId" />
                                                        <ColumnReference Database="[OurLabReporting]" Schema="[dbo]" Table="[FailureBugMapping]" Alias="[fbm]" Column="IsBranchSpecific" />
                                                        <ColumnReference Database="[OurLabReporting]" Schema="[dbo]" Table="[FailureType]" Alias="[ft]" Column="Type" />
                                                        <ColumnReference Column="Expr1114" />
                                                      </OutputList>
                                                      <NestedLoops Optimized="0">
                                                        <OuterReferences>
                                                          <ColumnReference Database="[OurLabReporting]" Schema="[dbo]" Table="[FailureBugMapping]" Alias="[fbm]" Column="BugId" />
                                                          <ColumnReference Database="[OurLabReporting]" Schema="[dbo]" Table="[FailureBugMapping]" Alias="[fbm]" Column="FailureId" />
                                                        </OuterReferences>
                                                        <RelOp NodeId="255" PhysicalOp="Nested Loops" LogicalOp="Inner Join" EstimateRows="1.0019" EstimateIO="0" EstimateCPU="4.18795e-006" AvgRowSize="120" EstimatedTotalSubtreeCost="0.00985777" Parallel="0" EstimateRebinds="0" EstimateRewinds="0" EstimatedExecutionMode="Row">
                                                          <OutputList>
                                                            <ColumnReference Database="[OurLabReporting]" Schema="[dbo]" Table="[FailureBugMapping]" Alias="[fbm]" Column="BugId" />
                                                            <ColumnReference Database="[OurLabReporting]" Schema="[dbo]" Table="[FailureBugMapping]" Alias="[fbm]" Column="FailureId" />
                                                            <ColumnReference Database="[OurLabReporting]" Schema="[dbo]" Table="[FailureType]" Alias="[ft]" Column="Type" />
                                                            <ColumnReference Column="Expr1114" />
                                                          </OutputList>
                                                          <NestedLoops Optimized="0">
                                                            <OuterReferences>
                                                              <ColumnReference Table="@OverallTestPassFailures" Alias="[f]" Column="Id" />
                                                            </OuterReferences>
                                                            <RelOp NodeId="256" PhysicalOp="Nested Loops" LogicalOp="Inner Join" EstimateRows="1" EstimateIO="0" EstimateCPU="4.18e-006" AvgRowSize="116" EstimatedTotalSubtreeCost="0.00657048" Parallel="0" EstimateRebinds="0" EstimateRewinds="0" EstimatedExecutionMode="Row">
                                                              <OutputList>
                                                                <ColumnReference Table="@OverallTestPassFailures" Alias="[f]" Column="Id" />
                                                                <ColumnReference Database="[OurLabReporting]" Schema="[dbo]" Table="[FailureType]" Alias="[ft]" Column="Type" />
                                                                <ColumnReference Column="Expr1114" />
                                                              </OutputList>
                                                              <NestedLoops Optimized="0">
                                                                <OuterReferences>
                                                                  <ColumnReference Table="@OverallTestPassFailures" Alias="[f]" Column="FailureTypeId" />
                                                                </OuterReferences>
                                                                <RelOp NodeId="257" PhysicalOp="Compute Scalar" LogicalOp="Compute Scalar" EstimateRows="1" EstimateIO="0" EstimateCPU="1e-007" AvgRowSize="16" EstimatedTotalSubtreeCost="0.0032832" Parallel="0" EstimateRebinds="0" EstimateRewinds="0" EstimatedExecutionMode="Row">
                                                                  <OutputList>
                                                                    <ColumnReference Table="@OverallTestPassFailures" Alias="[f]" Column="Id" />
                                                                    <ColumnReference Table="@OverallTestPassFailures" Alias="[f]" Column="FailureTypeId" />
                                                                    <ColumnReference Column="Expr1114" />
                                                                  </OutputList>
                                                                  <ComputeScalar>
                                                                    <DefinedValues>
                                                                      <DefinedValue>
                                                                        <ColumnReference Column="Expr1114" />
                                                                        <ScalarOperator ScalarString="CONVERT(tinyint,@OverallTestPassFailures.[IsPrimary] as [f].[IsPrimary],0)">
                                                                          <Convert DataType="tinyint" Style="0" Implicit="0">
                                                                            <ScalarOperator>
                                                                              <Identifier>
                                                                                <ColumnReference Table="@OverallTestPassFailures" Alias="[f]" Column="IsPrimary" />
                                                                              </Identifier>
                                                                            </ScalarOperator>
                                                                          </Convert>
                                                                        </ScalarOperator>
                                                                      </DefinedValue>
                                                                    </DefinedValues>
                                                                    <RelOp NodeId="258" PhysicalOp="Clustered Index Seek" LogicalOp="Clustered Index Seek" EstimateRows="1" EstimateIO="0.003125" EstimateCPU="0.0001581" AvgRowSize="16" EstimatedTotalSubtreeCost="0.0032831" TableCardinality="0" Parallel="0" EstimateRebinds="0" EstimateRewinds="0" EstimatedExecutionMode="Row">
                                                                      <OutputList>
                                                                        <ColumnReference Table="@OverallTestPassFailures" Alias="[f]" Column="Id" />
                                                                        <ColumnReference Table="@OverallTestPassFailures" Alias="[f]" Column="FailureTypeId" />
                                                                        <ColumnReference Table="@OverallTestPassFailures" Alias="[f]" Column="IsPrimary" />
                                                                      </OutputList>
                                                                      <IndexScan Ordered="1" ScanDirection="FORWARD" ForcedIndex="0" ForceSeek="0" ForceScan="0" NoExpandHint="0" Storage="RowStore">
                                                                        <DefinedValues>
                                                                          <DefinedValue>
                                                                            <ColumnReference Table="@OverallTestPassFailures" Alias="[f]" Column="Id" />
                                                                          </DefinedValue>
                                                                          <DefinedValue>
                                                                            <ColumnReference Table="@OverallTestPassFailures" Alias="[f]" Column="FailureTypeId" />
                                                                          </DefinedValue>
                                                                          <DefinedValue>
                                                                            <ColumnReference Table="@OverallTestPassFailures" Alias="[f]" Column="IsPrimary" />
                                                                          </DefinedValue>
                                                                        </DefinedValues>
                                                                        <Object Table="[@OverallTestPassFailures]" Index="[PK__#B83234F__00F64C6E46F289ED]" Alias="[f]" />
                                                                        <SeekPredicates>
                                                                          <SeekPredicateNew>
                                                                            <SeekKeys>
                                                                              <Prefix ScanType="EQ">
                                                                                <RangeColumns>
                                                                                  <ColumnReference Table="@OverallTestPassFailures" Alias="[f]" Column="TestPassId" />
                                                                                </RangeColumns>
                                                                                <RangeExpressions>
                                                                                  <ScalarOperator ScalarString="@TestPasses.[Id] as [tp].[Id]">
                                                                                    <Identifier>
                                                                                      <ColumnReference Table="@TestPasses" Alias="[tp]" Column="Id" />
                                                                                    </Identifier>
                                                                                  </ScalarOperator>
                                                                                </RangeExpressions>
                                                                              </Prefix>
                                                                            </SeekKeys>
                                                                          </SeekPredicateNew>
                                                                        </SeekPredicates>
                                                                      </IndexScan>
                                                                    </RelOp>
                                                                  </ComputeScalar>
                                                                </RelOp>
                                                                <RelOp NodeId="262" PhysicalOp="Clustered Index Seek" LogicalOp="Clustered Index Seek" EstimateRows="1" EstimateIO="0.003125" EstimateCPU="0.0001581" AvgRowSize="111" EstimatedTotalSubtreeCost="0.0032831" TableCardinality="6" Parallel="0" EstimateRebinds="0" EstimateRewinds="0" EstimatedExecutionMode="Row">
                                                                  <OutputList>
                                                                    <ColumnReference Database="[OurLabReporting]" Schema="[dbo]" Table="[FailureType]" Alias="[ft]" Column="Type" />
                                                                  </OutputList>
                                                                  <IndexScan Ordered="1" ScanDirection="FORWARD" ForcedIndex="0" ForceSeek="0" ForceScan="0" NoExpandHint="0" Storage="RowStore">
                                                                    <DefinedValues>
                                                                      <DefinedValue>
                                                                        <ColumnReference Database="[OurLabReporting]" Schema="[dbo]" Table="[FailureType]" Alias="[ft]" Column="Type" />
                                                                      </DefinedValue>
                                                                    </DefinedValues>
                                                                    <Object Database="[OurLabReporting]" Schema="[dbo]" Table="[FailureType]" Index="[FailureType_PK]" Alias="[ft]" IndexKind="Clustered" />
                                                                    <SeekPredicates>
                                                                      <SeekPredicateNew>
                                                                        <SeekKeys>
                                                                          <Prefix ScanType="EQ">
                                                                            <RangeColumns>
                                                                              <ColumnReference Database="[OurLabReporting]" Schema="[dbo]" Table="[FailureType]" Alias="[ft]" Column="Id" />
                                                                            </RangeColumns>
                                                                            <RangeExpressions>
                                                                              <ScalarOperator ScalarString="@OverallTestPassFailures.[FailureTypeId] as [f].[FailureTypeId]">
                                                                                <Identifier>
                                                                                  <ColumnReference Table="@OverallTestPassFailures" Alias="[f]" Column="FailureTypeId" />
                                                                                </Identifier>
                                                                              </ScalarOperator>
                                                                            </RangeExpressions>
                                                                          </Prefix>
                                                                        </SeekKeys>
                                                                      </SeekPredicateNew>
                                                                    </SeekPredicates>
                                                                  </IndexScan>
                                                                </RelOp>
                                                              </NestedLoops>
                                                            </RelOp>
                                                            <RelOp NodeId="263" PhysicalOp="Index Seek" LogicalOp="Index Seek" EstimateRows="1.0019" EstimateIO="0.003125" EstimateCPU="0.000158102" AvgRowSize="15" EstimatedTotalSubtreeCost="0.0032831" TableCardinality="5.01329e+006" Parallel="0" EstimateRebinds="0" EstimateRewinds="0" EstimatedExecutionMode="Row">
                                                              <OutputList>
                                                                <ColumnReference Database="[OurLabReporting]" Schema="[dbo]" Table="[FailureBugMapping]" Alias="[fbm]" Column="BugId" />
                                                                <ColumnReference Database="[OurLabReporting]" Schema="[dbo]" Table="[FailureBugMapping]" Alias="[fbm]" Column="FailureId" />
                                                              </OutputList>
                                                              <IndexScan Ordered="1" ScanDirection="FORWARD" ForcedIndex="0" ForceSeek="0" ForceScan="0" NoExpandHint="0" Storage="RowStore">
                                                                <DefinedValues>
                                                                  <DefinedValue>
                                                                    <ColumnReference Database="[OurLabReporting]" Schema="[dbo]" Table="[FailureBugMapping]" Alias="[fbm]" Column="BugId" />
                                                                  </DefinedValue>
                                                                  <DefinedValue>
                                                                    <ColumnReference Database="[OurLabReporting]" Schema="[dbo]" Table="[FailureBugMapping]" Alias="[fbm]" Column="FailureId" />
                                                                  </DefinedValue>
                                                                </DefinedValues>
                                                                <Object Database="[OurLabReporting]" Schema="[dbo]" Table="[FailureBugMapping]" Index="[FailureBugMapping_IDX_Failure]" Alias="[fbm]" IndexKind="NonClustered" />
                                                                <SeekPredicates>
                                                                  <SeekPredicateNew>
                                                                    <SeekKeys>
                                                                      <Prefix ScanType="EQ">
                                                                        <RangeColumns>
                                                                          <ColumnReference Database="[OurLabReporting]" Schema="[dbo]" Table="[FailureBugMapping]" Alias="[fbm]" Column="FailureId" />
                                                                        </RangeColumns>
                                                                        <RangeExpressions>
                                                                          <ScalarOperator ScalarString="@OverallTestPassFailures.[Id] as [f].[Id]">
                                                                            <Identifier>
                                                                              <ColumnReference Table="@OverallTestPassFailures" Alias="[f]" Column="Id" />
                                                                            </Identifier>
                                                                          </ScalarOperator>
                                                                        </RangeExpressions>
                                                                      </Prefix>
                                                                    </SeekKeys>
                                                                  </SeekPredicateNew>
                                                                </SeekPredicates>
                                                              </IndexScan>
                                                            </RelOp>
                                                          </NestedLoops>
                                                        </RelOp>
                                                        <RelOp NodeId="265" PhysicalOp="Clustered Index Seek" LogicalOp="Clustered Index Seek" EstimateRows="1" EstimateIO="0.003125" EstimateCPU="0.0001581" AvgRowSize="9" EstimatedTotalSubtreeCost="0.00328347" TableCardinality="5.01329e+006" Parallel="0" EstimateRebinds="0.00190183" EstimateRewinds="0" EstimatedExecutionMode="Row">
                                                          <OutputList>
                                                            <ColumnReference Database="[OurLabReporting]" Schema="[dbo]" Table="[FailureBugMapping]" Alias="[fbm]" Column="IsBranchSpecific" />
                                                          </OutputList>
                                                          <IndexScan Lookup="1" Ordered="1" ScanDirection="FORWARD" ForcedIndex="0" ForceSeek="0" ForceScan="0" NoExpandHint="0" Storage="RowStore">
                                                            <DefinedValues>
                                                              <DefinedValue>
                                                                <ColumnReference Database="[OurLabReporting]" Schema="[dbo]" Table="[FailureBugMapping]" Alias="[fbm]" Column="IsBranchSpecific" />
                                                              </DefinedValue>
                                                            </DefinedValues>
                                                            <Object Database="[OurLabReporting]" Schema="[dbo]" Table="[FailureBugMapping]" Index="[FailureBugMapping_PK]" Alias="[fbm]" TableReferenceId="-1" IndexKind="Clustered" />
                                                            <SeekPredicates>
                                                              <SeekPredicateNew>
                                                                <SeekKeys>
                                                                  <Prefix ScanType="EQ">
                                                                    <RangeColumns>
                                                                      <ColumnReference Database="[OurLabReporting]" Schema="[dbo]" Table="[FailureBugMapping]" Alias="[fbm]" Column="BugId" />
                                                                      <ColumnReference Database="[OurLabReporting]" Schema="[dbo]" Table="[FailureBugMapping]" Alias="[fbm]" Column="FailureId" />
                                                                    </RangeColumns>
                                                                    <RangeExpressions>
                                                                      <ScalarOperator ScalarString="[OurLabReporting].[dbo].[FailureBugMapping].[BugId] as [fbm].[BugId]">
                                                                        <Identifier>
                                                                          <ColumnReference Database="[OurLabReporting]" Schema="[dbo]" Table="[FailureBugMapping]" Alias="[fbm]" Column="BugId" />
                                                                        </Identifier>
                                                                      </ScalarOperator>
                                                                      <ScalarOperator ScalarString="[OurLabReporting].[dbo].[FailureBugMapping].[FailureId] as [fbm].[FailureId]">
                                                                        <Identifier>
                                                                          <ColumnReference Database="[OurLabReporting]" Schema="[dbo]" Table="[FailureBugMapping]" Alias="[fbm]" Column="FailureId" />
                                                                        </Identifier>
                                                                      </ScalarOperator>
                                                                    </RangeExpressions>
                                                                  </Prefix>
                                                                </SeekKeys>
                                                              </SeekPredicateNew>
                                                            </SeekPredicates>
                                                          </IndexScan>
                                                        </RelOp>
                                                      </NestedLoops>
                                                    </RelOp>
                                                  </ComputeScalar>
                                                </RelOp>
                                                <RelOp NodeId="272" PhysicalOp="Clustered Index Seek" LogicalOp="Clustered Index Seek" EstimateRows="1" EstimateIO="0.003125" EstimateCPU="0.0001581" AvgRowSize="1112" EstimatedTotalSubtreeCost="0.00328347" TableCardinality="37279" Parallel="0" EstimateRebinds="0.00190183" EstimateRewinds="0" EstimatedExecutionMode="Row">
                                                  <OutputList>
                                                    <ColumnReference Database="[OurLabReporting]" Schema="[dbo]" Table="[Bug]" Alias="[b]" Column="Number" />
                                                    <ColumnReference Database="[OurLabReporting]" Schema="[dbo]" Table="[Bug]" Alias="[b]" Column="DatabaseName" />
                                                    <ColumnReference Database="[OurLabReporting]" Schema="[dbo]" Table="[Bug]" Alias="[b]" Column="Title" />
                                                    <ColumnReference Database="[OurLabReporting]" Schema="[dbo]" Table="[Bug]" Alias="[b]" Column="Status" />
                                                  </OutputList>
                                                  <IndexScan Ordered="1" ScanDirection="FORWARD" ForcedIndex="0" ForceSeek="0" ForceScan="0" NoExpandHint="0" Storage="RowStore">
                                                    <DefinedValues>
                                                      <DefinedValue>
                                                        <ColumnReference Database="[OurLabReporting]" Schema="[dbo]" Table="[Bug]" Alias="[b]" Column="Number" />
                                                      </DefinedValue>
                                                      <DefinedValue>
                                                        <ColumnReference Database="[OurLabReporting]" Schema="[dbo]" Table="[Bug]" Alias="[b]" Column="DatabaseName" />
                                                      </DefinedValue>
                                                      <DefinedValue>
                                                        <ColumnReference Database="[OurLabReporting]" Schema="[dbo]" Table="[Bug]" Alias="[b]" Column="Title" />
                                                      </DefinedValue>
                                                      <DefinedValue>
                                                        <ColumnReference Database="[OurLabReporting]" Schema="[dbo]" Table="[Bug]" Alias="[b]" Column="Status" />
                                                      </DefinedValue>
                                                    </DefinedValues>
                                                    <Object Database="[OurLabReporting]" Schema="[dbo]" Table="[Bug]" Index="[Bug_PK]" Alias="[b]" IndexKind="Clustered" />
                                                    <SeekPredicates>
                                                      <SeekPredicateNew>
                                                        <SeekKeys>
                                                          <Prefix ScanType="EQ">
                                                            <RangeColumns>
                                                              <ColumnReference Database="[OurLabReporting]" Schema="[dbo]" Table="[Bug]" Alias="[b]" Column="Id" />
                                                            </RangeColumns>
                                                            <RangeExpressions>
                                                              <ScalarOperator ScalarString="[OurLabReporting].[dbo].[FailureBugMapping].[BugId] as [fbm].[BugId]">
                                                                <Identifier>
                                                                  <ColumnReference Database="[OurLabReporting]" Schema="[dbo]" Table="[FailureBugMapping]" Alias="[fbm]" Column="BugId" />
                                                                </Identifier>
                                                              </ScalarOperator>
                                                            </RangeExpressions>
                                                          </Prefix>
                                                        </SeekKeys>
                                                      </SeekPredicateNew>
                                                    </SeekPredicates>
                                                  </IndexScan>
                                                </RelOp>
                                              </NestedLoops>
                                            </RelOp>
                                          </Sort>
                                        </RelOp>
                                      </StreamAggregate>
                                    </RelOp>
                                  </ComputeScalar>
                                </RelOp>
                              </Sort>
                            </RelOp>
                          </ComputeScalar>
                        </RelOp>
                      </Extension>
                    </RelOp>
                  </ComputeScalar>
                </RelOp>
              </NestedLoops>
            </RelOp>
          </QueryPlan>
        </StmtSimple>
      </Statements>
    </Batch>
  </BatchSequence>
</ShowPlanXML>