<?xml version="1.0" encoding="utf-8"?>
<ShowPlanXML xmlns="http://schemas.microsoft.com/sqlserver/2004/07/showplan" Version="1.2" Build="11.0.3412.0">
  <BatchSequence>
    <Batch>
      <Statements>
        <StmtSimple StatementText="(@BugsXml xml,@BugDatabase nvarchar(4000),@ObjectIds nvarchar(4000),@FailureType nvarchar(4000),@PrimaryOnly nvarchar(4000),@BugIds nvarchar(4000),@Branch nvarchar(19),@BuildDateTime nvarchar(4000),@RootBranchName nvarchar(7),@AncestorBranchNames nvarchar(18))--Uncomment these lines for debugging/testing&#xD;&#xA;--DECLARE @Branch nvarchar(100) = N'FBL_DART_TOOLS'&#xD;&#xA;--DECLARE @RootBranchName nvarchar(100) = N'WINMAIN'&#xD;&#xA;--DECLARE @AncestorBranchNames nvarchar(MAX) = N'FBL_DART,WINMAIN'&#xD;&#xA;--DECLARE @BugIds nvarchar(MAX) = NULL&#xD;&#xA;--DECLARE @BugsXml xml = N'&#xD;&#xA;--&lt;Bugs&gt;&#xD;&#xA;--    &lt;Bug Number=&quot;112953&quot; RunHits=&quot;1&quot; BugDatabase=&quot;Threshold&quot; FailureType=&quot;Testcase&quot; PrimaryFailure=&quot;1&quot; BranchSpecific=&quot;1&quot; OwnerId=&quot;0&quot; /&gt;&#xD;&#xA;--&lt;/Bugs&gt;'&#xD;&#xA;&#xD;&#xA;--Sort bugs by status&#xD;&#xA;DECLARE @BugStatusSort table (&#xD;&#xA;    [Status] nvarchar(8),&#xD;&#xA;    [Order] int&#xD;&#xA;)&#xD;&#xA;&#xD;&#xA;INSERT INTO @BugStatusSort VALUES (N'Active', 1)&#xD;" StatementId="1" StatementCompId="2" StatementType="INSERT" RetrievedFromCache="true" StatementSubTreeCost="0.0100022" StatementEstRows="1" StatementOptmLevel="TRIVIAL" QueryHash="0xC8AAA1390413AACA" QueryPlanHash="0xB9B321102DB6D703">
          <StatementSetOptions QUOTED_IDENTIFIER="true" ARITHABORT="true" CONCAT_NULL_YIELDS_NULL="true" ANSI_NULLS="true" ANSI_PADDING="true" ANSI_WARNINGS="true" NUMERIC_ROUNDABORT="false" />
          <QueryPlan NonParallelPlanReason="MaxDOPSetToOne" CachedPlanSize="8" CompileTime="1" CompileCPU="1" CompileMemory="632">
            <MemoryGrantInfo SerialRequiredMemory="0" SerialDesiredMemory="0" />
            <OptimizerHardwareDependentProperties EstimatedAvailableMemoryGrant="193313" EstimatedPagesCached="773254" EstimatedAvailableDegreeOfParallelism="1" />
            <RelOp NodeId="0" PhysicalOp="Table Insert" LogicalOp="Insert" EstimateRows="1" EstimateIO="0.01" EstimateCPU="1e-006" AvgRowSize="9" EstimatedTotalSubtreeCost="0.0100022" Parallel="0" EstimateRebinds="0" EstimateRewinds="0" EstimatedExecutionMode="Row">
              <OutputList />
              <ScalarInsert DMLRequestSort="0">
                <DefinedValues>
                  <DefinedValue>
                    <ColumnReference Column="Expr1004" />
                    <ScalarOperator ScalarString="N'Active'">
                      <Const ConstValue="N'Active'" />
                    </ScalarOperator>
                  </DefinedValue>
                  <DefinedValue>
                    <ColumnReference Column="Expr1005" />
                    <ScalarOperator ScalarString="(1)">
                      <Const ConstValue="(1)" />
                    </ScalarOperator>
                  </DefinedValue>
                </DefinedValues>
                <Object Table="[@BugStatusSort]" />
                <SetPredicate>
                  <ScalarOperator ScalarString="[Status] = [Expr1004],[Order] = [Expr1005]">
                    <ScalarExpressionList>
                      <ScalarOperator>
                        <MultipleAssign>
                          <Assign>
                            <ColumnReference Column="Status" />
                            <ScalarOperator>
                              <Identifier>
                                <ColumnReference Column="Expr1004" />
                              </Identifier>
                            </ScalarOperator>
                          </Assign>
                          <Assign>
                            <ColumnReference Column="Order" />
                            <ScalarOperator>
                              <Identifier>
                                <ColumnReference Column="Expr1005" />
                              </Identifier>
                            </ScalarOperator>
                          </Assign>
                        </MultipleAssign>
                      </ScalarOperator>
                    </ScalarExpressionList>
                  </ScalarOperator>
                </SetPredicate>
              </ScalarInsert>
            </RelOp>
          </QueryPlan>
        </StmtSimple>
        <StmtSimple StatementText="&#xA;INSERT INTO @BugStatusSort VALUES (N'Resolved', 2)&#xD;" StatementId="2" StatementCompId="3" StatementType="INSERT" RetrievedFromCache="true" StatementSubTreeCost="0.0100022" StatementEstRows="1" StatementOptmLevel="TRIVIAL" QueryHash="0xC8AAA1390413AACA" QueryPlanHash="0xB9B321102DB6D703">
          <StatementSetOptions QUOTED_IDENTIFIER="true" ARITHABORT="true" CONCAT_NULL_YIELDS_NULL="true" ANSI_NULLS="true" ANSI_PADDING="true" ANSI_WARNINGS="true" NUMERIC_ROUNDABORT="false" />
          <QueryPlan NonParallelPlanReason="MaxDOPSetToOne" CachedPlanSize="8" CompileTime="0" CompileCPU="0" CompileMemory="632">
            <MemoryGrantInfo SerialRequiredMemory="0" SerialDesiredMemory="0" />
            <OptimizerHardwareDependentProperties EstimatedAvailableMemoryGrant="193313" EstimatedPagesCached="773254" EstimatedAvailableDegreeOfParallelism="1" />
            <RelOp NodeId="0" PhysicalOp="Table Insert" LogicalOp="Insert" EstimateRows="1" EstimateIO="0.01" EstimateCPU="1e-006" AvgRowSize="9" EstimatedTotalSubtreeCost="0.0100022" Parallel="0" EstimateRebinds="0" EstimateRewinds="0" EstimatedExecutionMode="Row">
              <OutputList />
              <ScalarInsert DMLRequestSort="0">
                <DefinedValues>
                  <DefinedValue>
                    <ColumnReference Column="Expr1004" />
                    <ScalarOperator ScalarString="N'Resolved'">
                      <Const ConstValue="N'Resolved'" />
                    </ScalarOperator>
                  </DefinedValue>
                  <DefinedValue>
                    <ColumnReference Column="Expr1005" />
                    <ScalarOperator ScalarString="(2)">
                      <Const ConstValue="(2)" />
                    </ScalarOperator>
                  </DefinedValue>
                </DefinedValues>
                <Object Table="[@BugStatusSort]" />
                <SetPredicate>
                  <ScalarOperator ScalarString="[Status] = [Expr1004],[Order] = [Expr1005]">
                    <ScalarExpressionList>
                      <ScalarOperator>
                        <MultipleAssign>
                          <Assign>
                            <ColumnReference Column="Status" />
                            <ScalarOperator>
                              <Identifier>
                                <ColumnReference Column="Expr1004" />
                              </Identifier>
                            </ScalarOperator>
                          </Assign>
                          <Assign>
                            <ColumnReference Column="Order" />
                            <ScalarOperator>
                              <Identifier>
                                <ColumnReference Column="Expr1005" />
                              </Identifier>
                            </ScalarOperator>
                          </Assign>
                        </MultipleAssign>
                      </ScalarOperator>
                    </ScalarExpressionList>
                  </ScalarOperator>
                </SetPredicate>
              </ScalarInsert>
            </RelOp>
          </QueryPlan>
        </StmtSimple>
        <StmtSimple StatementText="&#xA;INSERT INTO @BugStatusSort VALUES (N'Closed', 3)&#xD;&#xA;&#xD;" StatementId="3" StatementCompId="4" StatementType="INSERT" RetrievedFromCache="true" StatementSubTreeCost="0.0100022" StatementEstRows="1" StatementOptmLevel="TRIVIAL" QueryHash="0xC8AAA1390413AACA" QueryPlanHash="0xB9B321102DB6D703">
          <StatementSetOptions QUOTED_IDENTIFIER="true" ARITHABORT="true" CONCAT_NULL_YIELDS_NULL="true" ANSI_NULLS="true" ANSI_PADDING="true" ANSI_WARNINGS="true" NUMERIC_ROUNDABORT="false" />
          <QueryPlan NonParallelPlanReason="MaxDOPSetToOne" CachedPlanSize="8" CompileTime="0" CompileCPU="0" CompileMemory="632">
            <MemoryGrantInfo SerialRequiredMemory="0" SerialDesiredMemory="0" />
            <OptimizerHardwareDependentProperties EstimatedAvailableMemoryGrant="193313" EstimatedPagesCached="773254" EstimatedAvailableDegreeOfParallelism="1" />
            <RelOp NodeId="0" PhysicalOp="Table Insert" LogicalOp="Insert" EstimateRows="1" EstimateIO="0.01" EstimateCPU="1e-006" AvgRowSize="9" EstimatedTotalSubtreeCost="0.0100022" Parallel="0" EstimateRebinds="0" EstimateRewinds="0" EstimatedExecutionMode="Row">
              <OutputList />
              <ScalarInsert DMLRequestSort="0">
                <DefinedValues>
                  <DefinedValue>
                    <ColumnReference Column="Expr1004" />
                    <ScalarOperator ScalarString="N'Closed'">
                      <Const ConstValue="N'Closed'" />
                    </ScalarOperator>
                  </DefinedValue>
                  <DefinedValue>
                    <ColumnReference Column="Expr1005" />
                    <ScalarOperator ScalarString="(3)">
                      <Const ConstValue="(3)" />
                    </ScalarOperator>
                  </DefinedValue>
                </DefinedValues>
                <Object Table="[@BugStatusSort]" />
                <SetPredicate>
                  <ScalarOperator ScalarString="[Status] = [Expr1004],[Order] = [Expr1005]">
                    <ScalarExpressionList>
                      <ScalarOperator>
                        <MultipleAssign>
                          <Assign>
                            <ColumnReference Column="Status" />
                            <ScalarOperator>
                              <Identifier>
                                <ColumnReference Column="Expr1004" />
                              </Identifier>
                            </ScalarOperator>
                          </Assign>
                          <Assign>
                            <ColumnReference Column="Order" />
                            <ScalarOperator>
                              <Identifier>
                                <ColumnReference Column="Expr1005" />
                              </Identifier>
                            </ScalarOperator>
                          </Assign>
                        </MultipleAssign>
                      </ScalarOperator>
                    </ScalarExpressionList>
                  </ScalarOperator>
                </SetPredicate>
              </ScalarInsert>
            </RelOp>
          </QueryPlan>
        </StmtSimple>
        <StmtCond StatementText="&#xA;IF @RootBranchName IS NULL" StatementId="4" StatementCompId="5" StatementType="COND" RetrievedFromCache="true">
          <Condition />
          <Then>
            <Statements>
              <StmtSimple StatementText=" SET @RootBranchName = N'WINMAIN'&#xD;&#xA;&#xD;&#xA;--Extract ancestor branches&#xD;" StatementId="5" StatementCompId="6" StatementType="ASSIGN" RetrievedFromCache="true" />
            </Statements>
          </Then>
        </StmtCond>
        <StmtSimple StatementText="&#xA;DECLARE @AncestorBranches table (Name nvarchar(100))&#xD;&#xA;INSERT INTO @AncestorBranches SELECT String FROM dbo.Function_Split(@AncestorBranchNames, ',')&#xD;&#xA;&#xD;&#xA;-- Extract bug IDs into a table variable&#xD;" StatementId="6" StatementCompId="9" StatementType="INSERT" RetrievedFromCache="true" StatementSubTreeCost="0.0100083" StatementEstRows="1" StatementOptmLevel="FULL" QueryHash="0xB930A22F7999865A" QueryPlanHash="0xA217B50D02D00B63" StatementOptmEarlyAbortReason="GoodEnoughPlanFound">
          <StatementSetOptions QUOTED_IDENTIFIER="true" ARITHABORT="true" CONCAT_NULL_YIELDS_NULL="true" ANSI_NULLS="true" ANSI_PADDING="true" ANSI_WARNINGS="true" NUMERIC_ROUNDABORT="false" />
          <QueryPlan NonParallelPlanReason="MaxDOPSetToOne" CachedPlanSize="32" CompileTime="3" CompileCPU="3" CompileMemory="856">
            <MemoryGrantInfo SerialRequiredMemory="0" SerialDesiredMemory="0" />
            <OptimizerHardwareDependentProperties EstimatedAvailableMemoryGrant="193313" EstimatedPagesCached="773254" EstimatedAvailableDegreeOfParallelism="1" />
            <RelOp NodeId="0" PhysicalOp="Table Insert" LogicalOp="Insert" EstimateRows="1" EstimateIO="0.01" EstimateCPU="1e-006" AvgRowSize="9" EstimatedTotalSubtreeCost="0.0100083" Parallel="0" EstimateRebinds="0" EstimateRewinds="0" EstimatedExecutionMode="Row">
              <OutputList />
              <Update DMLRequestSort="0">
                <Object Table="[@AncestorBranches]" />
                <SetPredicate>
                  <ScalarOperator ScalarString="[Name] = [Expr1012]">
                    <ScalarExpressionList>
                      <ScalarOperator>
                        <MultipleAssign>
                          <Assign>
                            <ColumnReference Column="Name" />
                            <ScalarOperator>
                              <Identifier>
                                <ColumnReference Column="Expr1012" />
                              </Identifier>
                            </ScalarOperator>
                          </Assign>
                        </MultipleAssign>
                      </ScalarOperator>
                    </ScalarExpressionList>
                  </ScalarOperator>
                </SetPredicate>
                <RelOp NodeId="1" PhysicalOp="Compute Scalar" LogicalOp="Compute Scalar" EstimateRows="1" EstimateIO="0" EstimateCPU="1e-007" AvgRowSize="111" EstimatedTotalSubtreeCost="7.314e-006" Parallel="0" EstimateRebinds="0" EstimateRewinds="0" EstimatedExecutionMode="Row">
                  <OutputList>
                    <ColumnReference Column="Expr1012" />
                  </OutputList>
                  <ComputeScalar>
                    <DefinedValues>
                      <DefinedValue>
                        <ColumnReference Column="Expr1012" />
                        <ScalarOperator ScalarString="CONVERT_IMPLICIT(nvarchar(100),substring(CONVERT_IMPLICIT(varchar(2048),[@AncestorBranchNames],0),[Recr1009],CASE WHEN [Recr1010]&gt;(1) THEN [Recr1010]-[Recr1009]-(1) ELSE len(CONVERT_IMPLICIT(varchar(2048),[@AncestorBranchNames],0))-[Recr1009]+(1) END),0)">
                          <Convert DataType="nvarchar" Length="200" Style="0" Implicit="1">
                            <ScalarOperator>
                              <Intrinsic FunctionName="substring">
                                <ScalarOperator>
                                  <Identifier>
                                    <ColumnReference Column="ConstExpr1014">
                                      <ScalarOperator>
                                        <Convert DataType="varchar" Length="2048" Style="0" Implicit="1">
                                          <ScalarOperator>
                                            <Identifier>
                                              <ColumnReference Column="@AncestorBranchNames" />
                                            </Identifier>
                                          </ScalarOperator>
                                        </Convert>
                                      </ScalarOperator>
                                    </ColumnReference>
                                  </Identifier>
                                </ScalarOperator>
                                <ScalarOperator>
                                  <Identifier>
                                    <ColumnReference Column="Recr1009" />
                                  </Identifier>
                                </ScalarOperator>
                                <ScalarOperator>
                                  <IF>
                                    <Condition>
                                      <ScalarOperator>
                                        <Compare CompareOp="GT">
                                          <ScalarOperator>
                                            <Identifier>
                                              <ColumnReference Column="Recr1010" />
                                            </Identifier>
                                          </ScalarOperator>
                                          <ScalarOperator>
                                            <Const ConstValue="(1)" />
                                          </ScalarOperator>
                                        </Compare>
                                      </ScalarOperator>
                                    </Condition>
                                    <Then>
                                      <ScalarOperator>
                                        <Arithmetic Operation="SUB">
                                          <ScalarOperator>
                                            <Arithmetic Operation="SUB">
                                              <ScalarOperator>
                                                <Identifier>
                                                  <ColumnReference Column="Recr1010" />
                                                </Identifier>
                                              </ScalarOperator>
                                              <ScalarOperator>
                                                <Identifier>
                                                  <ColumnReference Column="Recr1009" />
                                                </Identifier>
                                              </ScalarOperator>
                                            </Arithmetic>
                                          </ScalarOperator>
                                          <ScalarOperator>
                                            <Const ConstValue="(1)" />
                                          </ScalarOperator>
                                        </Arithmetic>
                                      </ScalarOperator>
                                    </Then>
                                    <Else>
                                      <ScalarOperator>
                                        <Arithmetic Operation="ADD">
                                          <ScalarOperator>
                                            <Arithmetic Operation="SUB">
                                              <ScalarOperator>
                                                <Intrinsic FunctionName="len">
                                                  <ScalarOperator>
                                                    <Convert DataType="varchar" Length="2048" Style="0" Implicit="1">
                                                      <ScalarOperator>
                                                        <Identifier>
                                                          <ColumnReference Column="@AncestorBranchNames" />
                                                        </Identifier>
                                                      </ScalarOperator>
                                                    </Convert>
                                                  </ScalarOperator>
                                                </Intrinsic>
                                              </ScalarOperator>
                                              <ScalarOperator>
                                                <Identifier>
                                                  <ColumnReference Column="Recr1009" />
                                                </Identifier>
                                              </ScalarOperator>
                                            </Arithmetic>
                                          </ScalarOperator>
                                          <ScalarOperator>
                                            <Const ConstValue="(1)" />
                                          </ScalarOperator>
                                        </Arithmetic>
                                      </ScalarOperator>
                                    </Else>
                                  </IF>
                                </ScalarOperator>
                              </Intrinsic>
                            </ScalarOperator>
                          </Convert>
                        </ScalarOperator>
                      </DefinedValue>
                    </DefinedValues>
                    <RelOp NodeId="2" PhysicalOp="Filter" LogicalOp="Filter" EstimateRows="1" EstimateIO="0" EstimateCPU="9.6e-007" AvgRowSize="15" EstimatedTotalSubtreeCost="7.214e-006" Parallel="0" EstimateRebinds="0" EstimateRewinds="0" EstimatedExecutionMode="Row">
                      <OutputList>
                        <ColumnReference Column="Recr1009" />
                        <ColumnReference Column="Recr1010" />
                      </OutputList>
                      <Filter StartupExpression="0">
                        <RelOp NodeId="3" PhysicalOp="Index Spool" LogicalOp="Lazy Spool" EstimateRows="2" EstimateIO="0" EstimateCPU="1e-008" AvgRowSize="15" EstimatedTotalSubtreeCost="6.254e-006" Parallel="0" EstimateRebinds="0" EstimateRewinds="0" EstimatedExecutionMode="Row">
                          <OutputList>
                            <ColumnReference Column="Expr1018" />
                            <ColumnReference Column="Recr1009" />
                            <ColumnReference Column="Recr1010" />
                          </OutputList>
                          <Spool Stack="1">
                            <RelOp NodeId="4" PhysicalOp="Concatenation" LogicalOp="Concatenation" EstimateRows="2" EstimateIO="0" EstimateCPU="2e-009" AvgRowSize="15" EstimatedTotalSubtreeCost="4.664e-006" Parallel="0" EstimateRebinds="0" EstimateRewinds="0" EstimatedExecutionMode="Row">
                              <OutputList>
                                <ColumnReference Column="Expr1018" />
                                <ColumnReference Column="Recr1009" />
                                <ColumnReference Column="Recr1010" />
                              </OutputList>
                              <Concat>
                                <DefinedValues>
                                  <DefinedValue>
                                    <ColumnReference Column="Expr1018" />
                                    <ColumnReference Column="Expr1015" />
                                    <ColumnReference Column="Expr1017" />
                                  </DefinedValue>
                                  <DefinedValue>
                                    <ColumnReference Column="Recr1009" />
                                    <ColumnReference Column="Expr1004" />
                                    <ColumnReference Column="Recr1007" />
                                  </DefinedValue>
                                  <DefinedValue>
                                    <ColumnReference Column="Recr1010" />
                                    <ColumnReference Column="Expr1005" />
                                    <ColumnReference Column="Expr1008" />
                                  </DefinedValue>
                                </DefinedValues>
                                <RelOp NodeId="5" PhysicalOp="Compute Scalar" LogicalOp="Compute Scalar" EstimateRows="1" EstimateIO="0" EstimateCPU="2e-008" AvgRowSize="15" EstimatedTotalSubtreeCost="2e-008" Parallel="0" EstimateRebinds="2" EstimateRewinds="0" EstimatedExecutionMode="Row">
                                  <OutputList>
                                    <ColumnReference Column="Expr1015" />
                                    <ColumnReference Column="Expr1004" />
                                    <ColumnReference Column="Expr1005" />
                                  </OutputList>
                                  <ComputeScalar>
                                    <DefinedValues>
                                      <DefinedValue>
                                        <ColumnReference Column="Expr1015" />
                                        <ScalarOperator ScalarString="(0)">
                                          <Const ConstValue="(0)" />
                                        </ScalarOperator>
                                      </DefinedValue>
                                    </DefinedValues>
                                    <RelOp NodeId="6" PhysicalOp="Constant Scan" LogicalOp="Constant Scan" EstimateRows="1" EstimateIO="0" EstimateCPU="1.157e-006" AvgRowSize="15" EstimatedTotalSubtreeCost="1.157e-006" Parallel="0" EstimateRebinds="0" EstimateRewinds="0" EstimatedExecutionMode="Row">
                                      <OutputList>
                                        <ColumnReference Column="Expr1004" />
                                        <ColumnReference Column="Expr1005" />
                                      </OutputList>
                                      <ConstantScan>
                                        <Values>
                                          <Row>
                                            <ScalarOperator ScalarString="(0)">
                                              <Const ConstValue="(0)" />
                                            </ScalarOperator>
                                            <ScalarOperator ScalarString="(1)">
                                              <Const ConstValue="(1)" />
                                            </ScalarOperator>
                                          </Row>
                                        </Values>
                                      </ConstantScan>
                                    </RelOp>
                                  </ComputeScalar>
                                </RelOp>
                                <RelOp NodeId="12" PhysicalOp="Assert" LogicalOp="Assert" EstimateRows="2" EstimateIO="0" EstimateCPU="1.68e-007" AvgRowSize="15" EstimatedTotalSubtreeCost="3.505e-006" Parallel="0" EstimateRebinds="2" EstimateRewinds="0" EstimatedExecutionMode="Row">
                                  <OutputList>
                                    <ColumnReference Column="Expr1017" />
                                    <ColumnReference Column="Recr1007" />
                                    <ColumnReference Column="Expr1008" />
                                  </OutputList>
                                  <Assert StartupExpression="0">
                                    <RelOp NodeId="13" PhysicalOp="Nested Loops" LogicalOp="Inner Join" EstimateRows="2" EstimateIO="0" EstimateCPU="1.68e-007" AvgRowSize="15" EstimatedTotalSubtreeCost="3.505e-006" Parallel="0" EstimateRebinds="2" EstimateRewinds="0" EstimatedExecutionMode="Row">
                                      <OutputList>
                                        <ColumnReference Column="Expr1017" />
                                        <ColumnReference Column="Recr1007" />
                                        <ColumnReference Column="Expr1008" />
                                      </OutputList>
                                      <NestedLoops Optimized="0">
                                        <OuterReferences>
                                          <ColumnReference Column="Expr1017" />
                                          <ColumnReference Column="Recr1006" />
                                          <ColumnReference Column="Recr1007" />
                                        </OuterReferences>
                                        <RelOp NodeId="14" PhysicalOp="Compute Scalar" LogicalOp="Compute Scalar" EstimateRows="1" EstimateIO="0" EstimateCPU="2e-008" AvgRowSize="15" EstimatedTotalSubtreeCost="2e-008" Parallel="0" EstimateRebinds="2" EstimateRewinds="0" EstimatedExecutionMode="Row">
                                          <OutputList>
                                            <ColumnReference Column="Expr1017" />
                                            <ColumnReference Column="Recr1006" />
                                            <ColumnReference Column="Recr1007" />
                                          </OutputList>
                                          <ComputeScalar>
                                            <DefinedValues>
                                              <DefinedValue>
                                                <ColumnReference Column="Expr1017" />
                                                <ScalarOperator ScalarString="[Expr1016]+(1)">
                                                  <Arithmetic Operation="ADD">
                                                    <ScalarOperator>
                                                      <Identifier>
                                                        <ColumnReference Column="Expr1016" />
                                                      </Identifier>
                                                    </ScalarOperator>
                                                    <ScalarOperator>
                                                      <Const ConstValue="(1)" />
                                                    </ScalarOperator>
                                                  </Arithmetic>
                                                </ScalarOperator>
                                              </DefinedValue>
                                            </DefinedValues>
                                            <RelOp NodeId="15" PhysicalOp="Table Spool" LogicalOp="Lazy Spool" EstimateRows="1" EstimateIO="0" EstimateCPU="2e-008" AvgRowSize="15" EstimatedTotalSubtreeCost="2e-008" Parallel="0" EstimateRebinds="2" EstimateRewinds="0" EstimatedExecutionMode="Row">
                                              <OutputList>
                                                <ColumnReference Column="Expr1016" />
                                                <ColumnReference Column="Recr1006" />
                                                <ColumnReference Column="Recr1007" />
                                              </OutputList>
                                              <Spool PrimaryNodeId="3" Stack="1" />
                                            </RelOp>
                                          </ComputeScalar>
                                        </RelOp>
                                        <RelOp NodeId="19" PhysicalOp="Compute Scalar" LogicalOp="Compute Scalar" EstimateRows="1" EstimateIO="0" EstimateCPU="1e-007" AvgRowSize="11" EstimatedTotalSubtreeCost="3.317e-006" Parallel="0" EstimateRebinds="1" EstimateRewinds="0" EstimatedExecutionMode="Row">
                                          <OutputList>
                                            <ColumnReference Column="Expr1008" />
                                          </OutputList>
                                          <ComputeScalar>
                                            <DefinedValues>
                                              <DefinedValue>
                                                <ColumnReference Column="Expr1008" />
                                                <ScalarOperator ScalarString="charindex(',',CONVERT_IMPLICIT(varchar(2048),[@AncestorBranchNames],0),[Recr1007])+(1)">
                                                  <Arithmetic Operation="ADD">
                                                    <ScalarOperator>
                                                      <Intrinsic FunctionName="charindex">
                                                        <ScalarOperator>
                                                          <Const ConstValue="','" />
                                                        </ScalarOperator>
                                                        <ScalarOperator>
                                                          <Identifier>
                                                            <ColumnReference Column="ConstExpr1013">
                                                              <ScalarOperator>
                                                                <Convert DataType="varchar" Length="2048" Style="0" Implicit="1">
                                                                  <ScalarOperator>
                                                                    <Identifier>
                                                                      <ColumnReference Column="@AncestorBranchNames" />
                                                                    </Identifier>
                                                                  </ScalarOperator>
                                                                </Convert>
                                                              </ScalarOperator>
                                                            </ColumnReference>
                                                          </Identifier>
                                                        </ScalarOperator>
                                                        <ScalarOperator>
                                                          <Identifier>
                                                            <ColumnReference Column="Recr1007" />
                                                          </Identifier>
                                                        </ScalarOperator>
                                                      </Intrinsic>
                                                    </ScalarOperator>
                                                    <ScalarOperator>
                                                      <Const ConstValue="(1)" />
                                                    </ScalarOperator>
                                                  </Arithmetic>
                                                </ScalarOperator>
                                              </DefinedValue>
                                            </DefinedValues>
                                            <RelOp NodeId="20" PhysicalOp="Filter" LogicalOp="Filter" EstimateRows="1" EstimateIO="0" EstimateCPU="4.8e-007" AvgRowSize="9" EstimatedTotalSubtreeCost="3.117e-006" Parallel="0" EstimateRebinds="1" EstimateRewinds="0" EstimatedExecutionMode="Row">
                                              <OutputList />
                                              <Filter StartupExpression="1">
                                                <RelOp NodeId="21" PhysicalOp="Constant Scan" LogicalOp="Constant Scan" EstimateRows="1" EstimateIO="0" EstimateCPU="1.157e-006" AvgRowSize="9" EstimatedTotalSubtreeCost="2.157e-006" Parallel="0" EstimateRebinds="0" EstimateRewinds="1" EstimatedExecutionMode="Row">
                                                  <OutputList />
                                                  <ConstantScan />
                                                </RelOp>
                                                <Predicate>
                                                  <ScalarOperator ScalarString="[Recr1007]&gt;[Recr1006]">
                                                    <Compare CompareOp="GT">
                                                      <ScalarOperator>
                                                        <Identifier>
                                                          <ColumnReference Column="Recr1007" />
                                                        </Identifier>
                                                      </ScalarOperator>
                                                      <ScalarOperator>
                                                        <Identifier>
                                                          <ColumnReference Column="Recr1006" />
                                                        </Identifier>
                                                      </ScalarOperator>
                                                    </Compare>
                                                  </ScalarOperator>
                                                </Predicate>
                                              </Filter>
                                            </RelOp>
                                          </ComputeScalar>
                                        </RelOp>
                                      </NestedLoops>
                                    </RelOp>
                                    <Predicate>
                                      <ScalarOperator ScalarString="CASE WHEN [Expr1017]&gt;(100) THEN (0) ELSE NULL END">
                                        <IF>
                                          <Condition>
                                            <ScalarOperator>
                                              <Compare CompareOp="GT">
                                                <ScalarOperator>
                                                  <Identifier>
                                                    <ColumnReference Column="Expr1017" />
                                                  </Identifier>
                                                </ScalarOperator>
                                                <ScalarOperator>
                                                  <Const ConstValue="(100)" />
                                                </ScalarOperator>
                                              </Compare>
                                            </ScalarOperator>
                                          </Condition>
                                          <Then>
                                            <ScalarOperator>
                                              <Const ConstValue="(0)" />
                                            </ScalarOperator>
                                          </Then>
                                          <Else>
                                            <ScalarOperator>
                                              <Const ConstValue="NULL" />
                                            </ScalarOperator>
                                          </Else>
                                        </IF>
                                      </ScalarOperator>
                                    </Predicate>
                                  </Assert>
                                </RelOp>
                              </Concat>
                            </RelOp>
                          </Spool>
                        </RelOp>
                        <Predicate>
                          <ScalarOperator ScalarString="[Recr1009]&gt;(0)">
                            <Compare CompareOp="GT">
                              <ScalarOperator>
                                <Identifier>
                                  <ColumnReference Column="Recr1009" />
                                </Identifier>
                              </ScalarOperator>
                              <ScalarOperator>
                                <Const ConstValue="(0)" />
                              </ScalarOperator>
                            </Compare>
                          </ScalarOperator>
                        </Predicate>
                      </Filter>
                    </RelOp>
                  </ComputeScalar>
                </RelOp>
              </Update>
            </RelOp>
            <ParameterList>
              <ColumnReference Column="@AncestorBranchNames" ParameterCompiledValue="N'FBL_SHELL1,WINMAIN'" />
            </ParameterList>
          </QueryPlan>
        </StmtSimple>
        <StmtSimple StatementText="&#xA;DECLARE @InputBugs table (&#xD;&#xA;    Number int NOT NULL,&#xD;&#xA;    BugDatabase nvarchar(250),&#xD;&#xA;    Title nvarchar(255),&#xD;&#xA;    [Status] nvarchar(8),&#xD;&#xA;    DuplicateNumber int,&#xD;&#xA;    RunHits int,&#xD;&#xA;    FailureType nvarchar(100),&#xD;&#xA;    PrimaryFailure tinyint,&#xD;&#xA;    BranchSpecific tinyint,&#xD;&#xA;&#x9;OwnerId bigint&#xD;&#xA;)&#xD;&#xA;&#xD;&#xA;INSERT INTO @InputBugs&#xD;&#xA;SELECT&#xD;&#xA;    Number,&#xD;&#xA;    BugDatabase,&#xD;&#xA;    MAX(Title),&#xD;&#xA;    MAX([Status]),&#xD;&#xA;    Number, -- Set DuplicateNumber to bug number itself by default&#xD;&#xA;    SUM(RunHits),&#xD;&#xA;    MAX(FailureType),&#xD;&#xA;    MAX(PrimaryFailure),&#xD;&#xA;    MAX(BranchSpecific),&#xD;&#xA;&#x9;OwnerId&#xD;&#xA;FROM&#xD;&#xA;(&#xD;&#xA;    SELECT&#xD;&#xA;        [Bug].value('@Number', 'int') AS Number,&#xD;&#xA;        [Bug].value('@BugDatabase', 'nvarchar(250)') AS BugDatabase,&#xD;&#xA;        [Bug].value('@Title', 'nvarchar(255)') AS Title,&#xD;&#xA;        [Bug].value('@Status', 'nvarchar(8)') AS [Status],&#xD;&#xA;        [Bug].value('@RunHits', 'int') AS RunHits,&#xD;&#xA;        [Bug].value('@FailureType', 'nvarchar(100)') AS FailureType,&#xD;&#xA;        [Bug].value('@PrimaryFailure', 'tinyint') AS PrimaryFailure,&#xD;&#xA;        [Bug].value('@BranchSpecific', 'tinyint') AS BranchSpecific,&#xD;&#xA;&#x9;&#x9;[Bug].value('@OwnerId', 'bigint') AS OwnerId&#xD;&#xA;    FROM @BugsXml.nodes('//Bug') AS Bugs([Bug])&#xD;&#xA;) bugs&#xD;&#xA;GROUP BY Number, BugDatabase, OwnerId&#xD;&#xA;OPTION (OPTIMIZE FOR (@BugsXml = NULL))&#xD;&#xA;&#xD;" StatementId="7" StatementCompId="11" StatementType="INSERT" RetrievedFromCache="true" StatementSubTreeCost="10.0288" StatementEstRows="1" StatementOptmLevel="FULL" QueryHash="0xE42562CBDA97C079" QueryPlanHash="0xE1B022E19E0B56DC">
          <StatementSetOptions QUOTED_IDENTIFIER="true" ARITHABORT="true" CONCAT_NULL_YIELDS_NULL="true" ANSI_NULLS="true" ANSI_PADDING="true" ANSI_WARNINGS="true" NUMERIC_ROUNDABORT="false" />
          <QueryPlan NonParallelPlanReason="MaxDOPSetToOne" CachedPlanSize="192" CompileTime="27" CompileCPU="27" CompileMemory="3664">
            <MemoryGrantInfo SerialRequiredMemory="512" SerialDesiredMemory="544" />
            <OptimizerHardwareDependentProperties EstimatedAvailableMemoryGrant="193313" EstimatedPagesCached="773254" EstimatedAvailableDegreeOfParallelism="1" />
            <RelOp NodeId="0" PhysicalOp="Table Insert" LogicalOp="Insert" EstimateRows="1" EstimateIO="0.01" EstimateCPU="1e-006" AvgRowSize="9" EstimatedTotalSubtreeCost="10.0288" Parallel="0" EstimateRebinds="0" EstimateRewinds="0" EstimatedExecutionMode="Row">
              <OutputList />
              <Update DMLRequestSort="0">
                <Object Table="[@InputBugs]" />
                <SetPredicate>
                  <ScalarOperator ScalarString="[Number] = RaiseIfNullInsert([Expr1012]),[BugDatabase] = [Expr1017],[Title] = [Expr1053],[Status] = [Expr1054],[DuplicateNumber] = [Expr1012],[RunHits] = [Expr1055],[FailureType] = [Expr1056],[PrimaryFailure] = [Expr1057],[BranchSpecific] = [Expr1058],[OwnerId] = [Expr1052]">
                    <ScalarExpressionList>
                      <ScalarOperator>
                        <MultipleAssign>
                          <Assign>
                            <ColumnReference Column="Number" />
                            <ScalarOperator>
                              <Intrinsic FunctionName="RaiseIfNullInsert">
                                <ScalarOperator>
                                  <Identifier>
                                    <ColumnReference Column="Expr1012" />
                                  </Identifier>
                                </ScalarOperator>
                              </Intrinsic>
                            </ScalarOperator>
                          </Assign>
                          <Assign>
                            <ColumnReference Column="BugDatabase" />
                            <ScalarOperator>
                              <Identifier>
                                <ColumnReference Column="Expr1017" />
                              </Identifier>
                            </ScalarOperator>
                          </Assign>
                          <Assign>
                            <ColumnReference Column="Title" />
                            <ScalarOperator>
                              <Identifier>
                                <ColumnReference Column="Expr1053" />
                              </Identifier>
                            </ScalarOperator>
                          </Assign>
                          <Assign>
                            <ColumnReference Column="Status" />
                            <ScalarOperator>
                              <Identifier>
                                <ColumnReference Column="Expr1054" />
                              </Identifier>
                            </ScalarOperator>
                          </Assign>
                          <Assign>
                            <ColumnReference Column="DuplicateNumber" />
                            <ScalarOperator>
                              <Identifier>
                                <ColumnReference Column="Expr1012" />
                              </Identifier>
                            </ScalarOperator>
                          </Assign>
                          <Assign>
                            <ColumnReference Column="RunHits" />
                            <ScalarOperator>
                              <Identifier>
                                <ColumnReference Column="Expr1055" />
                              </Identifier>
                            </ScalarOperator>
                          </Assign>
                          <Assign>
                            <ColumnReference Column="FailureType" />
                            <ScalarOperator>
                              <Identifier>
                                <ColumnReference Column="Expr1056" />
                              </Identifier>
                            </ScalarOperator>
                          </Assign>
                          <Assign>
                            <ColumnReference Column="PrimaryFailure" />
                            <ScalarOperator>
                              <Identifier>
                                <ColumnReference Column="Expr1057" />
                              </Identifier>
                            </ScalarOperator>
                          </Assign>
                          <Assign>
                            <ColumnReference Column="BranchSpecific" />
                            <ScalarOperator>
                              <Identifier>
                                <ColumnReference Column="Expr1058" />
                              </Identifier>
                            </ScalarOperator>
                          </Assign>
                          <Assign>
                            <ColumnReference Column="OwnerId" />
                            <ScalarOperator>
                              <Identifier>
                                <ColumnReference Column="Expr1052" />
                              </Identifier>
                            </ScalarOperator>
                          </Assign>
                        </MultipleAssign>
                      </ScalarOperator>
                    </ScalarExpressionList>
                  </ScalarOperator>
                </SetPredicate>
                <RelOp NodeId="1" PhysicalOp="Compute Scalar" LogicalOp="Compute Scalar" EstimateRows="1" EstimateIO="0" EstimateCPU="1.1e-006" AvgRowSize="649" EstimatedTotalSubtreeCost="10.0188" Parallel="0" EstimateRebinds="0" EstimateRewinds="0" EstimatedExecutionMode="Row">
                  <OutputList>
                    <ColumnReference Column="Expr1012" />
                    <ColumnReference Column="Expr1017" />
                    <ColumnReference Column="Expr1052" />
                    <ColumnReference Column="Expr1053" />
                    <ColumnReference Column="Expr1054" />
                    <ColumnReference Column="Expr1055" />
                    <ColumnReference Column="Expr1056" />
                    <ColumnReference Column="Expr1057" />
                    <ColumnReference Column="Expr1058" />
                  </OutputList>
                  <ComputeScalar>
                    <DefinedValues>
                      <DefinedValue>
                        <ColumnReference Column="Expr1055" />
                        <ScalarOperator ScalarString="CASE WHEN [Expr1087]=(0) THEN NULL ELSE [Expr1088] END">
                          <IF>
                            <Condition>
                              <ScalarOperator>
                                <Compare CompareOp="EQ">
                                  <ScalarOperator>
                                    <Identifier>
                                      <ColumnReference Column="Expr1087" />
                                    </Identifier>
                                  </ScalarOperator>
                                  <ScalarOperator>
                                    <Const ConstValue="(0)" />
                                  </ScalarOperator>
                                </Compare>
                              </ScalarOperator>
                            </Condition>
                            <Then>
                              <ScalarOperator>
                                <Const ConstValue="NULL" />
                              </ScalarOperator>
                            </Then>
                            <Else>
                              <ScalarOperator>
                                <Identifier>
                                  <ColumnReference Column="Expr1088" />
                                </Identifier>
                              </ScalarOperator>
                            </Else>
                          </IF>
                        </ScalarOperator>
                      </DefinedValue>
                    </DefinedValues>
                    <RelOp NodeId="2" PhysicalOp="Stream Aggregate" LogicalOp="Aggregate" EstimateRows="1" EstimateIO="0" EstimateCPU="1.1e-006" AvgRowSize="649" EstimatedTotalSubtreeCost="10.0188" Parallel="0" EstimateRebinds="0" EstimateRewinds="0" EstimatedExecutionMode="Row">
                      <OutputList>
                        <ColumnReference Column="Expr1012" />
                        <ColumnReference Column="Expr1017" />
                        <ColumnReference Column="Expr1052" />
                        <ColumnReference Column="Expr1053" />
                        <ColumnReference Column="Expr1054" />
                        <ColumnReference Column="Expr1056" />
                        <ColumnReference Column="Expr1057" />
                        <ColumnReference Column="Expr1058" />
                        <ColumnReference Column="Expr1087" />
                        <ColumnReference Column="Expr1088" />
                      </OutputList>
                      <StreamAggregate>
                        <DefinedValues>
                          <DefinedValue>
                            <ColumnReference Column="Expr1053" />
                            <ScalarOperator ScalarString="MAX([Expr1021])">
                              <Aggregate Distinct="0" AggType="MAX">
                                <ScalarOperator>
                                  <Identifier>
                                    <ColumnReference Column="Expr1021" />
                                  </Identifier>
                                </ScalarOperator>
                              </Aggregate>
                            </ScalarOperator>
                          </DefinedValue>
                          <DefinedValue>
                            <ColumnReference Column="Expr1054" />
                            <ScalarOperator ScalarString="MAX([Expr1026])">
                              <Aggregate Distinct="0" AggType="MAX">
                                <ScalarOperator>
                                  <Identifier>
                                    <ColumnReference Column="Expr1026" />
                                  </Identifier>
                                </ScalarOperator>
                              </Aggregate>
                            </ScalarOperator>
                          </DefinedValue>
                          <DefinedValue>
                            <ColumnReference Column="Expr1087" />
                            <ScalarOperator ScalarString="COUNT_BIG([Expr1031])">
                              <Aggregate Distinct="0" AggType="COUNT_BIG">
                                <ScalarOperator>
                                  <Identifier>
                                    <ColumnReference Column="Expr1031" />
                                  </Identifier>
                                </ScalarOperator>
                              </Aggregate>
                            </ScalarOperator>
                          </DefinedValue>
                          <DefinedValue>
                            <ColumnReference Column="Expr1088" />
                            <ScalarOperator ScalarString="SUM([Expr1031])">
                              <Aggregate Distinct="0" AggType="SUM">
                                <ScalarOperator>
                                  <Identifier>
                                    <ColumnReference Column="Expr1031" />
                                  </Identifier>
                                </ScalarOperator>
                              </Aggregate>
                            </ScalarOperator>
                          </DefinedValue>
                          <DefinedValue>
                            <ColumnReference Column="Expr1056" />
                            <ScalarOperator ScalarString="MAX([Expr1036])">
                              <Aggregate Distinct="0" AggType="MAX">
                                <ScalarOperator>
                                  <Identifier>
                                    <ColumnReference Column="Expr1036" />
                                  </Identifier>
                                </ScalarOperator>
                              </Aggregate>
                            </ScalarOperator>
                          </DefinedValue>
                          <DefinedValue>
                            <ColumnReference Column="Expr1057" />
                            <ScalarOperator ScalarString="MAX([Expr1041])">
                              <Aggregate Distinct="0" AggType="MAX">
                                <ScalarOperator>
                                  <Identifier>
                                    <ColumnReference Column="Expr1041" />
                                  </Identifier>
                                </ScalarOperator>
                              </Aggregate>
                            </ScalarOperator>
                          </DefinedValue>
                          <DefinedValue>
                            <ColumnReference Column="Expr1058" />
                            <ScalarOperator ScalarString="MAX([Expr1046])">
                              <Aggregate Distinct="0" AggType="MAX">
                                <ScalarOperator>
                                  <Identifier>
                                    <ColumnReference Column="Expr1046" />
                                  </Identifier>
                                </ScalarOperator>
                              </Aggregate>
                            </ScalarOperator>
                          </DefinedValue>
                        </DefinedValues>
                        <GroupBy>
                          <ColumnReference Column="Expr1012" />
                          <ColumnReference Column="Expr1017" />
                          <ColumnReference Column="Expr1052" />
                        </GroupBy>
                        <RelOp NodeId="3" PhysicalOp="Compute Scalar" LogicalOp="Compute Scalar" EstimateRows="1" EstimateIO="0" EstimateCPU="1e-007" AvgRowSize="913" EstimatedTotalSubtreeCost="10.0188" Parallel="0" EstimateRebinds="0" EstimateRewinds="0" EstimatedExecutionMode="Row">
                          <OutputList>
                            <ColumnReference Column="Expr1011" />
                            <ColumnReference Column="Expr1012" />
                            <ColumnReference Column="Expr1016" />
                            <ColumnReference Column="Expr1017" />
                            <ColumnReference Column="Expr1021" />
                            <ColumnReference Column="Expr1026" />
                            <ColumnReference Column="Expr1031" />
                            <ColumnReference Column="Expr1036" />
                            <ColumnReference Column="Expr1041" />
                            <ColumnReference Column="Expr1046" />
                            <ColumnReference Column="Expr1051" />
                            <ColumnReference Column="Expr1052" />
                          </OutputList>
                          <ComputeScalar>
                            <DefinedValues>
                              <DefinedValue>
                                <ColumnReference Column="Expr1012" />
                                <ScalarOperator ScalarString="[Expr1011]">
                                  <Identifier>
                                    <ColumnReference Column="Expr1011" />
                                  </Identifier>
                                </ScalarOperator>
                              </DefinedValue>
                              <DefinedValue>
                                <ColumnReference Column="Expr1017" />
                                <ScalarOperator ScalarString="[Expr1016]">
                                  <Identifier>
                                    <ColumnReference Column="Expr1016" />
                                  </Identifier>
                                </ScalarOperator>
                              </DefinedValue>
                              <DefinedValue>
                                <ColumnReference Column="Expr1052" />
                                <ScalarOperator ScalarString="[Expr1051]">
                                  <Identifier>
                                    <ColumnReference Column="Expr1051" />
                                  </Identifier>
                                </ScalarOperator>
                              </DefinedValue>
                            </DefinedValues>
                            <RelOp NodeId="4" PhysicalOp="Sort" LogicalOp="Sort" EstimateRows="1" EstimateIO="0.0112613" EstimateCPU="0.000100649" AvgRowSize="649" EstimatedTotalSubtreeCost="10.0188" Parallel="0" EstimateRebinds="0" EstimateRewinds="0" EstimatedExecutionMode="Row">
                              <OutputList>
                                <ColumnReference Column="Expr1011" />
                                <ColumnReference Column="Expr1016" />
                                <ColumnReference Column="Expr1021" />
                                <ColumnReference Column="Expr1026" />
                                <ColumnReference Column="Expr1031" />
                                <ColumnReference Column="Expr1036" />
                                <ColumnReference Column="Expr1041" />
                                <ColumnReference Column="Expr1046" />
                                <ColumnReference Column="Expr1051" />
                              </OutputList>
                              <MemoryFractions Input="1" Output="1" />
                              <Sort Distinct="0">
                                <OrderBy>
                                  <OrderByColumn Ascending="1">
                                    <ColumnReference Column="Expr1011" />
                                  </OrderByColumn>
                                  <OrderByColumn Ascending="1">
                                    <ColumnReference Column="Expr1016" />
                                  </OrderByColumn>
                                  <OrderByColumn Ascending="1">
                                    <ColumnReference Column="Expr1051" />
                                  </OrderByColumn>
                                </OrderBy>
                                <RelOp NodeId="5" PhysicalOp="Nested Loops" LogicalOp="Inner Join" EstimateRows="1" EstimateIO="0" EstimateCPU="4.18e-006" AvgRowSize="649" EstimatedTotalSubtreeCost="10.0075" Parallel="0" EstimateRebinds="0" EstimateRewinds="0" EstimatedExecutionMode="Row">
                                  <OutputList>
                                    <ColumnReference Column="Expr1011" />
                                    <ColumnReference Column="Expr1016" />
                                    <ColumnReference Column="Expr1021" />
                                    <ColumnReference Column="Expr1026" />
                                    <ColumnReference Column="Expr1031" />
                                    <ColumnReference Column="Expr1036" />
                                    <ColumnReference Column="Expr1041" />
                                    <ColumnReference Column="Expr1046" />
                                    <ColumnReference Column="Expr1051" />
                                  </OutputList>
                                  <NestedLoops Optimized="0">
                                    <OuterReferences>
                                      <ColumnReference Table="[XML Reader with XPath filter]" Column="id" />
                                    </OuterReferences>
                                    <RelOp NodeId="6" PhysicalOp="Nested Loops" LogicalOp="Inner Join" EstimateRows="1" EstimateIO="0" EstimateCPU="4.18e-006" AvgRowSize="649" EstimatedTotalSubtreeCost="9.0071" Parallel="0" EstimateRebinds="0" EstimateRewinds="0" EstimatedExecutionMode="Row">
                                      <OutputList>
                                        <ColumnReference Table="[XML Reader with XPath filter]" Column="id" />
                                        <ColumnReference Column="Expr1011" />
                                        <ColumnReference Column="Expr1016" />
                                        <ColumnReference Column="Expr1021" />
                                        <ColumnReference Column="Expr1026" />
                                        <ColumnReference Column="Expr1031" />
                                        <ColumnReference Column="Expr1036" />
                                        <ColumnReference Column="Expr1041" />
                                        <ColumnReference Column="Expr1046" />
                                      </OutputList>
                                      <NestedLoops Optimized="0">
                                        <OuterReferences>
                                          <ColumnReference Table="[XML Reader with XPath filter]" Column="id" />
                                        </OuterReferences>
                                        <RelOp NodeId="7" PhysicalOp="Nested Loops" LogicalOp="Inner Join" EstimateRows="1" EstimateIO="0" EstimateCPU="4.18e-006" AvgRowSize="647" EstimatedTotalSubtreeCost="8.00672" Parallel="0" EstimateRebinds="0" EstimateRewinds="0" EstimatedExecutionMode="Row">
                                          <OutputList>
                                            <ColumnReference Table="[XML Reader with XPath filter]" Column="id" />
                                            <ColumnReference Column="Expr1011" />
                                            <ColumnReference Column="Expr1016" />
                                            <ColumnReference Column="Expr1021" />
                                            <ColumnReference Column="Expr1026" />
                                            <ColumnReference Column="Expr1031" />
                                            <ColumnReference Column="Expr1036" />
                                            <ColumnReference Column="Expr1041" />
                                          </OutputList>
                                          <NestedLoops Optimized="0">
                                            <OuterReferences>
                                              <ColumnReference Table="[XML Reader with XPath filter]" Column="id" />
                                            </OuterReferences>
                                            <RelOp NodeId="8" PhysicalOp="Nested Loops" LogicalOp="Inner Join" EstimateRows="1" EstimateIO="0" EstimateCPU="4.18e-006" AvgRowSize="646" EstimatedTotalSubtreeCost="7.00634" Parallel="0" EstimateRebinds="0" EstimateRewinds="0" EstimatedExecutionMode="Row">
                                              <OutputList>
                                                <ColumnReference Table="[XML Reader with XPath filter]" Column="id" />
                                                <ColumnReference Column="Expr1011" />
                                                <ColumnReference Column="Expr1016" />
                                                <ColumnReference Column="Expr1021" />
                                                <ColumnReference Column="Expr1026" />
                                                <ColumnReference Column="Expr1031" />
                                                <ColumnReference Column="Expr1036" />
                                              </OutputList>
                                              <NestedLoops Optimized="0">
                                                <OuterReferences>
                                                  <ColumnReference Table="[XML Reader with XPath filter]" Column="id" />
                                                </OuterReferences>
                                                <RelOp NodeId="9" PhysicalOp="Nested Loops" LogicalOp="Inner Join" EstimateRows="1" EstimateIO="0" EstimateCPU="4.18e-006" AvgRowSize="544" EstimatedTotalSubtreeCost="6.00596" Parallel="0" EstimateRebinds="0" EstimateRewinds="0" EstimatedExecutionMode="Row">
                                                  <OutputList>
                                                    <ColumnReference Table="[XML Reader with XPath filter]" Column="id" />
                                                    <ColumnReference Column="Expr1011" />
                                                    <ColumnReference Column="Expr1016" />
                                                    <ColumnReference Column="Expr1021" />
                                                    <ColumnReference Column="Expr1026" />
                                                    <ColumnReference Column="Expr1031" />
                                                  </OutputList>
                                                  <NestedLoops Optimized="0">
                                                    <OuterReferences>
                                                      <ColumnReference Table="[XML Reader with XPath filter]" Column="id" />
                                                    </OuterReferences>
                                                    <RelOp NodeId="10" PhysicalOp="Nested Loops" LogicalOp="Inner Join" EstimateRows="1" EstimateIO="0" EstimateCPU="4.18e-006" AvgRowSize="540" EstimatedTotalSubtreeCost="5.00558" Parallel="0" EstimateRebinds="0" EstimateRewinds="0" EstimatedExecutionMode="Row">
                                                      <OutputList>
                                                        <ColumnReference Table="[XML Reader with XPath filter]" Column="id" />
                                                        <ColumnReference Column="Expr1011" />
                                                        <ColumnReference Column="Expr1016" />
                                                        <ColumnReference Column="Expr1021" />
                                                        <ColumnReference Column="Expr1026" />
                                                      </OutputList>
                                                      <NestedLoops Optimized="0">
                                                        <OuterReferences>
                                                          <ColumnReference Table="[XML Reader with XPath filter]" Column="id" />
                                                        </OuterReferences>
                                                        <RelOp NodeId="11" PhysicalOp="Nested Loops" LogicalOp="Inner Join" EstimateRows="1" EstimateIO="0" EstimateCPU="4.18e-006" AvgRowSize="530" EstimatedTotalSubtreeCost="4.0052" Parallel="0" EstimateRebinds="0" EstimateRewinds="0" EstimatedExecutionMode="Row">
                                                          <OutputList>
                                                            <ColumnReference Table="[XML Reader with XPath filter]" Column="id" />
                                                            <ColumnReference Column="Expr1011" />
                                                            <ColumnReference Column="Expr1016" />
                                                            <ColumnReference Column="Expr1021" />
                                                          </OutputList>
                                                          <NestedLoops Optimized="0">
                                                            <OuterReferences>
                                                              <ColumnReference Table="[XML Reader with XPath filter]" Column="id" />
                                                            </OuterReferences>
                                                            <RelOp NodeId="12" PhysicalOp="Nested Loops" LogicalOp="Inner Join" EstimateRows="1" EstimateIO="0" EstimateCPU="4.18e-006" AvgRowSize="273" EstimatedTotalSubtreeCost="3.00482" Parallel="0" EstimateRebinds="0" EstimateRewinds="0" EstimatedExecutionMode="Row">
                                                              <OutputList>
                                                                <ColumnReference Table="[XML Reader with XPath filter]" Column="id" />
                                                                <ColumnReference Column="Expr1011" />
                                                                <ColumnReference Column="Expr1016" />
                                                              </OutputList>
                                                              <NestedLoops Optimized="0">
                                                                <OuterReferences>
                                                                  <ColumnReference Table="[XML Reader with XPath filter]" Column="id" />
                                                                </OuterReferences>
                                                                <RelOp NodeId="13" PhysicalOp="Nested Loops" LogicalOp="Inner Join" EstimateRows="1" EstimateIO="0" EstimateCPU="4.18e-006" AvgRowSize="21" EstimatedTotalSubtreeCost="2.00444" Parallel="0" EstimateRebinds="0" EstimateRewinds="0" EstimatedExecutionMode="Row">
                                                                  <OutputList>
                                                                    <ColumnReference Table="[XML Reader with XPath filter]" Column="id" />
                                                                    <ColumnReference Column="Expr1011" />
                                                                  </OutputList>
                                                                  <NestedLoops Optimized="0">
                                                                    <OuterReferences>
                                                                      <ColumnReference Table="[XML Reader with XPath filter]" Column="id" />
                                                                    </OuterReferences>
                                                                    <RelOp NodeId="14" PhysicalOp="Filter" LogicalOp="Filter" EstimateRows="1" EstimateIO="0" EstimateCPU="5.6e-005" AvgRowSize="17" EstimatedTotalSubtreeCost="1.00406" Parallel="0" EstimateRebinds="0" EstimateRewinds="0" EstimatedExecutionMode="Row">
                                                                      <OutputList>
                                                                        <ColumnReference Table="[XML Reader with XPath filter]" Column="id" />
                                                                      </OutputList>
                                                                      <Filter StartupExpression="1">
                                                                        <RelOp NodeId="15" PhysicalOp="Table-valued function" LogicalOp="Table-valued function" EstimateRows="200" EstimateIO="0" EstimateCPU="1.004" AvgRowSize="17" EstimatedTotalSubtreeCost="1.004" Parallel="0" EstimateRebinds="0" EstimateRewinds="0" EstimatedExecutionMode="Row">
                                                                          <OutputList>
                                                                            <ColumnReference Table="[XML Reader with XPath filter]" Column="id" />
                                                                          </OutputList>
                                                                          <TableValuedFunction>
                                                                            <DefinedValues>
                                                                              <DefinedValue>
                                                                                <ColumnReference Table="[XML Reader with XPath filter]" Column="id" />
                                                                              </DefinedValue>
                                                                            </DefinedValues>
                                                                            <Object Table="[XML Reader with XPath filter]" />
                                                                            <ParameterList>
                                                                              <ScalarOperator ScalarString="[@BugsXml]">
                                                                                <Identifier>
                                                                                  <ColumnReference Column="@BugsXml" />
                                                                                </Identifier>
                                                                              </ScalarOperator>
                                                                              <ScalarOperator ScalarString="(0)">
                                                                                <Const ConstValue="(0)" />
                                                                              </ScalarOperator>
                                                                              <ScalarOperator ScalarString="NULL">
                                                                                <Const ConstValue="NULL" />
                                                                              </ScalarOperator>
                                                                              <ScalarOperator ScalarString="NULL">
                                                                                <Const ConstValue="NULL" />
                                                                              </ScalarOperator>
                                                                            </ParameterList>
                                                                          </TableValuedFunction>
                                                                        </RelOp>
                                                                        <Predicate>
                                                                          <ScalarOperator ScalarString="[@BugsXml] IS NOT NULL">
                                                                            <Identifier>
                                                                              <ColumnReference Column="ConstExpr1059">
                                                                                <ScalarOperator>
                                                                                  <Compare CompareOp="IS NOT">
                                                                                    <ScalarOperator>
                                                                                      <Identifier>
                                                                                        <ColumnReference Column="@BugsXml" />
                                                                                      </Identifier>
                                                                                    </ScalarOperator>
                                                                                    <ScalarOperator>
                                                                                      <Const ConstValue="NULL" />
                                                                                    </ScalarOperator>
                                                                                  </Compare>
                                                                                </ScalarOperator>
                                                                              </ColumnReference>
                                                                            </Identifier>
                                                                          </ScalarOperator>
                                                                        </Predicate>
                                                                      </Filter>
                                                                    </RelOp>
                                                                    <RelOp NodeId="21" PhysicalOp="Stream Aggregate" LogicalOp="Aggregate" EstimateRows="1" EstimateIO="0" EstimateCPU="3.37188e-006" AvgRowSize="11" EstimatedTotalSubtreeCost="1.00038" Parallel="0" EstimateRebinds="0" EstimateRewinds="0" EstimatedExecutionMode="Row">
                                                                      <OutputList>
                                                                        <ColumnReference Column="Expr1011" />
                                                                      </OutputList>
                                                                      <StreamAggregate>
                                                                        <DefinedValues>
                                                                          <DefinedValue>
                                                                            <ColumnReference Column="Expr1011" />
                                                                            <ScalarOperator ScalarString="MIN(CASE WHEN [@BugsXml] IS NULL THEN NULL ELSE CASE WHEN datalength(XML Reader with XPath filter.[value])&gt;=(128) THEN CONVERT_IMPLICIT(int,XML Reader with XPath filter.[lvalue],0) ELSE CONVERT_IMPLICIT(int,XML Reader with XPath filter.[value],0) END END)">
                                                                              <Aggregate Distinct="0" AggType="MIN">
                                                                                <ScalarOperator>
                                                                                  <IF>
                                                                                    <Condition>
                                                                                      <ScalarOperator>
                                                                                        <Compare CompareOp="IS">
                                                                                          <ScalarOperator>
                                                                                            <Identifier>
                                                                                              <ColumnReference Column="@BugsXml" />
                                                                                            </Identifier>
                                                                                          </ScalarOperator>
                                                                                          <ScalarOperator>
                                                                                            <Const ConstValue="NULL" />
                                                                                          </ScalarOperator>
                                                                                        </Compare>
                                                                                      </ScalarOperator>
                                                                                    </Condition>
                                                                                    <Then>
                                                                                      <ScalarOperator>
                                                                                        <Const ConstValue="NULL" />
                                                                                      </ScalarOperator>
                                                                                    </Then>
                                                                                    <Else>
                                                                                      <ScalarOperator>
                                                                                        <IF>
                                                                                          <Condition>
                                                                                            <ScalarOperator>
                                                                                              <Compare CompareOp="GE">
                                                                                                <ScalarOperator>
                                                                                                  <Intrinsic FunctionName="datalength">
                                                                                                    <ScalarOperator>
                                                                                                      <Identifier>
                                                                                                        <ColumnReference Table="[XML Reader with XPath filter]" Column="value" />
                                                                                                      </Identifier>
                                                                                                    </ScalarOperator>
                                                                                                  </Intrinsic>
                                                                                                </ScalarOperator>
                                                                                                <ScalarOperator>
                                                                                                  <Const ConstValue="(128)" />
                                                                                                </ScalarOperator>
                                                                                              </Compare>
                                                                                            </ScalarOperator>
                                                                                          </Condition>
                                                                                          <Then>
                                                                                            <ScalarOperator>
                                                                                              <Convert DataType="int" Style="0" Implicit="1">
                                                                                                <ScalarOperator>
                                                                                                  <Identifier>
                                                                                                    <ColumnReference Table="[XML Reader with XPath filter]" Column="lvalue" />
                                                                                                  </Identifier>
                                                                                                </ScalarOperator>
                                                                                              </Convert>
                                                                                            </ScalarOperator>
                                                                                          </Then>
                                                                                          <Else>
                                                                                            <ScalarOperator>
                                                                                              <Convert DataType="int" Style="0" Implicit="1">
                                                                                                <ScalarOperator>
                                                                                                  <Identifier>
                                                                                                    <ColumnReference Table="[XML Reader with XPath filter]" Column="value" />
                                                                                                  </Identifier>
                                                                                                </ScalarOperator>
                                                                                              </Convert>
                                                                                            </ScalarOperator>
                                                                                          </Else>
                                                                                        </IF>
                                                                                      </ScalarOperator>
                                                                                    </Else>
                                                                                  </IF>
                                                                                </ScalarOperator>
                                                                              </Aggregate>
                                                                            </ScalarOperator>
                                                                          </DefinedValue>
                                                                        </DefinedValues>
                                                                        <RelOp NodeId="22" PhysicalOp="Filter" LogicalOp="Filter" EstimateRows="4.78647" EstimateIO="0" EstimateCPU="1.224e-005" AvgRowSize="4057" EstimatedTotalSubtreeCost="1.00037" Parallel="0" EstimateRebinds="0" EstimateRewinds="0" EstimatedExecutionMode="Row">
                                                                          <OutputList>
                                                                            <ColumnReference Table="[XML Reader with XPath filter]" Column="value" />
                                                                            <ColumnReference Table="[XML Reader with XPath filter]" Column="lvalue" />
                                                                          </OutputList>
                                                                          <Filter StartupExpression="0">
                                                                            <RelOp NodeId="23" PhysicalOp="Table-valued function" LogicalOp="Table-valued function" EstimateRows="18" EstimateIO="0" EstimateCPU="1.00036" AvgRowSize="4065" EstimatedTotalSubtreeCost="1.00036" Parallel="0" EstimateRebinds="0" EstimateRewinds="0" EstimatedExecutionMode="Row">
                                                                              <OutputList>
                                                                                <ColumnReference Table="[XML Reader with XPath filter]" Column="id" />
                                                                                <ColumnReference Table="[XML Reader with XPath filter]" Column="value" />
                                                                                <ColumnReference Table="[XML Reader with XPath filter]" Column="lvalue" />
                                                                              </OutputList>
                                                                              <TableValuedFunction>
                                                                                <DefinedValues>
                                                                                  <DefinedValue>
                                                                                    <ColumnReference Table="[XML Reader with XPath filter]" Column="id" />
                                                                                  </DefinedValue>
                                                                                  <DefinedValue>
                                                                                    <ColumnReference Table="[XML Reader with XPath filter]" Column="value" />
                                                                                  </DefinedValue>
                                                                                  <DefinedValue>
                                                                                    <ColumnReference Table="[XML Reader with XPath filter]" Column="lvalue" />
                                                                                  </DefinedValue>
                                                                                </DefinedValues>
                                                                                <Object Table="[XML Reader with XPath filter]" />
                                                                                <ParameterList>
                                                                                  <ScalarOperator ScalarString="[@BugsXml]">
                                                                                    <Identifier>
                                                                                      <ColumnReference Column="@BugsXml" />
                                                                                    </Identifier>
                                                                                  </ScalarOperator>
                                                                                  <ScalarOperator ScalarString="(7)">
                                                                                    <Const ConstValue="(7)" />
                                                                                  </ScalarOperator>
                                                                                  <ScalarOperator ScalarString="XML Reader with XPath filter.[id]">
                                                                                    <Identifier>
                                                                                      <ColumnReference Table="[XML Reader with XPath filter]" Column="id" />
                                                                                    </Identifier>
                                                                                  </ScalarOperator>
                                                                                  <ScalarOperator ScalarString="getdescendantlimit(XML Reader with XPath filter.[id])">
                                                                                    <Intrinsic FunctionName="getdescendantlimit">
                                                                                      <ScalarOperator>
                                                                                        <Identifier>
                                                                                          <ColumnReference Table="[XML Reader with XPath filter]" Column="id" />
                                                                                        </Identifier>
                                                                                      </ScalarOperator>
                                                                                    </Intrinsic>
                                                                                  </ScalarOperator>
                                                                                </ParameterList>
                                                                              </TableValuedFunction>
                                                                            </RelOp>
                                                                            <Predicate>
                                                                              <ScalarOperator ScalarString="XML Reader with XPath filter.[id]=getancestor(XML Reader with XPath filter.[id],(1))">
                                                                                <Compare CompareOp="EQ">
                                                                                  <ScalarOperator>
                                                                                    <Identifier>
                                                                                      <ColumnReference Table="[XML Reader with XPath filter]" Column="id" />
                                                                                    </Identifier>
                                                                                  </ScalarOperator>
                                                                                  <ScalarOperator>
                                                                                    <Intrinsic FunctionName="getancestor">
                                                                                      <ScalarOperator>
                                                                                        <Identifier>
                                                                                          <ColumnReference Table="[XML Reader with XPath filter]" Column="id" />
                                                                                        </Identifier>
                                                                                      </ScalarOperator>
                                                                                      <ScalarOperator>
                                                                                        <Const ConstValue="(1)" />
                                                                                      </ScalarOperator>
                                                                                    </Intrinsic>
                                                                                  </ScalarOperator>
                                                                                </Compare>
                                                                              </ScalarOperator>
                                                                            </Predicate>
                                                                          </Filter>
                                                                        </RelOp>
                                                                      </StreamAggregate>
                                                                    </RelOp>
                                                                  </NestedLoops>
                                                                </RelOp>
                                                                <RelOp NodeId="32" PhysicalOp="Stream Aggregate" LogicalOp="Aggregate" EstimateRows="1" EstimateIO="0" EstimateCPU="3.37188e-006" AvgRowSize="261" EstimatedTotalSubtreeCost="1.00038" Parallel="0" EstimateRebinds="0" EstimateRewinds="0" EstimatedExecutionMode="Row">
                                                                  <OutputList>
                                                                    <ColumnReference Column="Expr1016" />
                                                                  </OutputList>
                                                                  <StreamAggregate>
                                                                    <DefinedValues>
                                                                      <DefinedValue>
                                                                        <ColumnReference Column="Expr1016" />
                                                                        <ScalarOperator ScalarString="MIN(CASE WHEN [@BugsXml] IS NULL THEN NULL ELSE CASE WHEN datalength(XML Reader with XPath filter.[value])&gt;=(128) THEN CONVERT_IMPLICIT(nvarchar(250),XML Reader with XPath filter.[lvalue],0) ELSE CONVERT_IMPLICIT(nvarchar(250),XML Reader with XPath filter.[value],0) END END)">
                                                                          <Aggregate Distinct="0" AggType="MIN">
                                                                            <ScalarOperator>
                                                                              <IF>
                                                                                <Condition>
                                                                                  <ScalarOperator>
                                                                                    <Compare CompareOp="IS">
                                                                                      <ScalarOperator>
                                                                                        <Identifier>
                                                                                          <ColumnReference Column="@BugsXml" />
                                                                                        </Identifier>
                                                                                      </ScalarOperator>
                                                                                      <ScalarOperator>
                                                                                        <Const ConstValue="NULL" />
                                                                                      </ScalarOperator>
                                                                                    </Compare>
                                                                                  </ScalarOperator>
                                                                                </Condition>
                                                                                <Then>
                                                                                  <ScalarOperator>
                                                                                    <Const ConstValue="NULL" />
                                                                                  </ScalarOperator>
                                                                                </Then>
                                                                                <Else>
                                                                                  <ScalarOperator>
                                                                                    <IF>
                                                                                      <Condition>
                                                                                        <ScalarOperator>
                                                                                          <Compare CompareOp="GE">
                                                                                            <ScalarOperator>
                                                                                              <Intrinsic FunctionName="datalength">
                                                                                                <ScalarOperator>
                                                                                                  <Identifier>
                                                                                                    <ColumnReference Table="[XML Reader with XPath filter]" Column="value" />
                                                                                                  </Identifier>
                                                                                                </ScalarOperator>
                                                                                              </Intrinsic>
                                                                                            </ScalarOperator>
                                                                                            <ScalarOperator>
                                                                                              <Const ConstValue="(128)" />
                                                                                            </ScalarOperator>
                                                                                          </Compare>
                                                                                        </ScalarOperator>
                                                                                      </Condition>
                                                                                      <Then>
                                                                                        <ScalarOperator>
                                                                                          <Convert DataType="nvarchar" Length="500" Style="0" Implicit="1">
                                                                                            <ScalarOperator>
                                                                                              <Identifier>
                                                                                                <ColumnReference Table="[XML Reader with XPath filter]" Column="lvalue" />
                                                                                              </Identifier>
                                                                                            </ScalarOperator>
                                                                                          </Convert>
                                                                                        </ScalarOperator>
                                                                                      </Then>
                                                                                      <Else>
                                                                                        <ScalarOperator>
                                                                                          <Convert DataType="nvarchar" Length="500" Style="0" Implicit="1">
                                                                                            <ScalarOperator>
                                                                                              <Identifier>
                                                                                                <ColumnReference Table="[XML Reader with XPath filter]" Column="value" />
                                                                                              </Identifier>
                                                                                            </ScalarOperator>
                                                                                          </Convert>
                                                                                        </ScalarOperator>
                                                                                      </Else>
                                                                                    </IF>
                                                                                  </ScalarOperator>
                                                                                </Else>
                                                                              </IF>
                                                                            </ScalarOperator>
                                                                          </Aggregate>
                                                                        </ScalarOperator>
                                                                      </DefinedValue>
                                                                    </DefinedValues>
                                                                    <RelOp NodeId="33" PhysicalOp="Filter" LogicalOp="Filter" EstimateRows="4.78647" EstimateIO="0" EstimateCPU="1.224e-005" AvgRowSize="4057" EstimatedTotalSubtreeCost="1.00037" Parallel="0" EstimateRebinds="0" EstimateRewinds="0" EstimatedExecutionMode="Row">
                                                                      <OutputList>
                                                                        <ColumnReference Table="[XML Reader with XPath filter]" Column="value" />
                                                                        <ColumnReference Table="[XML Reader with XPath filter]" Column="lvalue" />
                                                                      </OutputList>
                                                                      <Filter StartupExpression="0">
                                                                        <RelOp NodeId="34" PhysicalOp="Table-valued function" LogicalOp="Table-valued function" EstimateRows="18" EstimateIO="0" EstimateCPU="1.00036" AvgRowSize="4065" EstimatedTotalSubtreeCost="1.00036" Parallel="0" EstimateRebinds="0" EstimateRewinds="0" EstimatedExecutionMode="Row">
                                                                          <OutputList>
                                                                            <ColumnReference Table="[XML Reader with XPath filter]" Column="id" />
                                                                            <ColumnReference Table="[XML Reader with XPath filter]" Column="value" />
                                                                            <ColumnReference Table="[XML Reader with XPath filter]" Column="lvalue" />
                                                                          </OutputList>
                                                                          <TableValuedFunction>
                                                                            <DefinedValues>
                                                                              <DefinedValue>
                                                                                <ColumnReference Table="[XML Reader with XPath filter]" Column="id" />
                                                                              </DefinedValue>
                                                                              <DefinedValue>
                                                                                <ColumnReference Table="[XML Reader with XPath filter]" Column="value" />
                                                                              </DefinedValue>
                                                                              <DefinedValue>
                                                                                <ColumnReference Table="[XML Reader with XPath filter]" Column="lvalue" />
                                                                              </DefinedValue>
                                                                            </DefinedValues>
                                                                            <Object Table="[XML Reader with XPath filter]" />
                                                                            <ParameterList>
                                                                              <ScalarOperator ScalarString="[@BugsXml]">
                                                                                <Identifier>
                                                                                  <ColumnReference Column="@BugsXml" />
                                                                                </Identifier>
                                                                              </ScalarOperator>
                                                                              <ScalarOperator ScalarString="(7)">
                                                                                <Const ConstValue="(7)" />
                                                                              </ScalarOperator>
                                                                              <ScalarOperator ScalarString="XML Reader with XPath filter.[id]">
                                                                                <Identifier>
                                                                                  <ColumnReference Table="[XML Reader with XPath filter]" Column="id" />
                                                                                </Identifier>
                                                                              </ScalarOperator>
                                                                              <ScalarOperator ScalarString="getdescendantlimit(XML Reader with XPath filter.[id])">
                                                                                <Intrinsic FunctionName="getdescendantlimit">
                                                                                  <ScalarOperator>
                                                                                    <Identifier>
                                                                                      <ColumnReference Table="[XML Reader with XPath filter]" Column="id" />
                                                                                    </Identifier>
                                                                                  </ScalarOperator>
                                                                                </Intrinsic>
                                                                              </ScalarOperator>
                                                                            </ParameterList>
                                                                          </TableValuedFunction>
                                                                        </RelOp>
                                                                        <Predicate>
                                                                          <ScalarOperator ScalarString="XML Reader with XPath filter.[id]=getancestor(XML Reader with XPath filter.[id],(1))">
                                                                            <Compare CompareOp="EQ">
                                                                              <ScalarOperator>
                                                                                <Identifier>
                                                                                  <ColumnReference Table="[XML Reader with XPath filter]" Column="id" />
                                                                                </Identifier>
                                                                              </ScalarOperator>
                                                                              <ScalarOperator>
                                                                                <Intrinsic FunctionName="getancestor">
                                                                                  <ScalarOperator>
                                                                                    <Identifier>
                                                                                      <ColumnReference Table="[XML Reader with XPath filter]" Column="id" />
                                                                                    </Identifier>
                                                                                  </ScalarOperator>
                                                                                  <ScalarOperator>
                                                                                    <Const ConstValue="(1)" />
                                                                                  </ScalarOperator>
                                                                                </Intrinsic>
                                                                              </ScalarOperator>
                                                                            </Compare>
                                                                          </ScalarOperator>
                                                                        </Predicate>
                                                                      </Filter>
                                                                    </RelOp>
                                                                  </StreamAggregate>
                                                                </RelOp>
                                                              </NestedLoops>
                                                            </RelOp>
                                                            <RelOp NodeId="43" PhysicalOp="Stream Aggregate" LogicalOp="Aggregate" EstimateRows="1" EstimateIO="0" EstimateCPU="3.37188e-006" AvgRowSize="266" EstimatedTotalSubtreeCost="1.00038" Parallel="0" EstimateRebinds="0" EstimateRewinds="0" EstimatedExecutionMode="Row">
                                                              <OutputList>
                                                                <ColumnReference Column="Expr1021" />
                                                              </OutputList>
                                                              <StreamAggregate>
                                                                <DefinedValues>
                                                                  <DefinedValue>
                                                                    <ColumnReference Column="Expr1021" />
                                                                    <ScalarOperator ScalarString="MIN(CASE WHEN [@BugsXml] IS NULL THEN NULL ELSE CASE WHEN datalength(XML Reader with XPath filter.[value])&gt;=(128) THEN CONVERT_IMPLICIT(nvarchar(255),XML Reader with XPath filter.[lvalue],0) ELSE CONVERT_IMPLICIT(nvarchar(255),XML Reader with XPath filter.[value],0) END END)">
                                                                      <Aggregate Distinct="0" AggType="MIN">
                                                                        <ScalarOperator>
                                                                          <IF>
                                                                            <Condition>
                                                                              <ScalarOperator>
                                                                                <Compare CompareOp="IS">
                                                                                  <ScalarOperator>
                                                                                    <Identifier>
                                                                                      <ColumnReference Column="@BugsXml" />
                                                                                    </Identifier>
                                                                                  </ScalarOperator>
                                                                                  <ScalarOperator>
                                                                                    <Const ConstValue="NULL" />
                                                                                  </ScalarOperator>
                                                                                </Compare>
                                                                              </ScalarOperator>
                                                                            </Condition>
                                                                            <Then>
                                                                              <ScalarOperator>
                                                                                <Const ConstValue="NULL" />
                                                                              </ScalarOperator>
                                                                            </Then>
                                                                            <Else>
                                                                              <ScalarOperator>
                                                                                <IF>
                                                                                  <Condition>
                                                                                    <ScalarOperator>
                                                                                      <Compare CompareOp="GE">
                                                                                        <ScalarOperator>
                                                                                          <Intrinsic FunctionName="datalength">
                                                                                            <ScalarOperator>
                                                                                              <Identifier>
                                                                                                <ColumnReference Table="[XML Reader with XPath filter]" Column="value" />
                                                                                              </Identifier>
                                                                                            </ScalarOperator>
                                                                                          </Intrinsic>
                                                                                        </ScalarOperator>
                                                                                        <ScalarOperator>
                                                                                          <Const ConstValue="(128)" />
                                                                                        </ScalarOperator>
                                                                                      </Compare>
                                                                                    </ScalarOperator>
                                                                                  </Condition>
                                                                                  <Then>
                                                                                    <ScalarOperator>
                                                                                      <Convert DataType="nvarchar" Length="510" Style="0" Implicit="1">
                                                                                        <ScalarOperator>
                                                                                          <Identifier>
                                                                                            <ColumnReference Table="[XML Reader with XPath filter]" Column="lvalue" />
                                                                                          </Identifier>
                                                                                        </ScalarOperator>
                                                                                      </Convert>
                                                                                    </ScalarOperator>
                                                                                  </Then>
                                                                                  <Else>
                                                                                    <ScalarOperator>
                                                                                      <Convert DataType="nvarchar" Length="510" Style="0" Implicit="1">
                                                                                        <ScalarOperator>
                                                                                          <Identifier>
                                                                                            <ColumnReference Table="[XML Reader with XPath filter]" Column="value" />
                                                                                          </Identifier>
                                                                                        </ScalarOperator>
                                                                                      </Convert>
                                                                                    </ScalarOperator>
                                                                                  </Else>
                                                                                </IF>
                                                                              </ScalarOperator>
                                                                            </Else>
                                                                          </IF>
                                                                        </ScalarOperator>
                                                                      </Aggregate>
                                                                    </ScalarOperator>
                                                                  </DefinedValue>
                                                                </DefinedValues>
                                                                <RelOp NodeId="44" PhysicalOp="Filter" LogicalOp="Filter" EstimateRows="4.78647" EstimateIO="0" EstimateCPU="1.224e-005" AvgRowSize="4057" EstimatedTotalSubtreeCost="1.00037" Parallel="0" EstimateRebinds="0" EstimateRewinds="0" EstimatedExecutionMode="Row">
                                                                  <OutputList>
                                                                    <ColumnReference Table="[XML Reader with XPath filter]" Column="value" />
                                                                    <ColumnReference Table="[XML Reader with XPath filter]" Column="lvalue" />
                                                                  </OutputList>
                                                                  <Filter StartupExpression="0">
                                                                    <RelOp NodeId="45" PhysicalOp="Table-valued function" LogicalOp="Table-valued function" EstimateRows="18" EstimateIO="0" EstimateCPU="1.00036" AvgRowSize="4065" EstimatedTotalSubtreeCost="1.00036" Parallel="0" EstimateRebinds="0" EstimateRewinds="0" EstimatedExecutionMode="Row">
                                                                      <OutputList>
                                                                        <ColumnReference Table="[XML Reader with XPath filter]" Column="id" />
                                                                        <ColumnReference Table="[XML Reader with XPath filter]" Column="value" />
                                                                        <ColumnReference Table="[XML Reader with XPath filter]" Column="lvalue" />
                                                                      </OutputList>
                                                                      <TableValuedFunction>
                                                                        <DefinedValues>
                                                                          <DefinedValue>
                                                                            <ColumnReference Table="[XML Reader with XPath filter]" Column="id" />
                                                                          </DefinedValue>
                                                                          <DefinedValue>
                                                                            <ColumnReference Table="[XML Reader with XPath filter]" Column="value" />
                                                                          </DefinedValue>
                                                                          <DefinedValue>
                                                                            <ColumnReference Table="[XML Reader with XPath filter]" Column="lvalue" />
                                                                          </DefinedValue>
                                                                        </DefinedValues>
                                                                        <Object Table="[XML Reader with XPath filter]" />
                                                                        <ParameterList>
                                                                          <ScalarOperator ScalarString="[@BugsXml]">
                                                                            <Identifier>
                                                                              <ColumnReference Column="@BugsXml" />
                                                                            </Identifier>
                                                                          </ScalarOperator>
                                                                          <ScalarOperator ScalarString="(7)">
                                                                            <Const ConstValue="(7)" />
                                                                          </ScalarOperator>
                                                                          <ScalarOperator ScalarString="XML Reader with XPath filter.[id]">
                                                                            <Identifier>
                                                                              <ColumnReference Table="[XML Reader with XPath filter]" Column="id" />
                                                                            </Identifier>
                                                                          </ScalarOperator>
                                                                          <ScalarOperator ScalarString="getdescendantlimit(XML Reader with XPath filter.[id])">
                                                                            <Intrinsic FunctionName="getdescendantlimit">
                                                                              <ScalarOperator>
                                                                                <Identifier>
                                                                                  <ColumnReference Table="[XML Reader with XPath filter]" Column="id" />
                                                                                </Identifier>
                                                                              </ScalarOperator>
                                                                            </Intrinsic>
                                                                          </ScalarOperator>
                                                                        </ParameterList>
                                                                      </TableValuedFunction>
                                                                    </RelOp>
                                                                    <Predicate>
                                                                      <ScalarOperator ScalarString="XML Reader with XPath filter.[id]=getancestor(XML Reader with XPath filter.[id],(1))">
                                                                        <Compare CompareOp="EQ">
                                                                          <ScalarOperator>
                                                                            <Identifier>
                                                                              <ColumnReference Table="[XML Reader with XPath filter]" Column="id" />
                                                                            </Identifier>
                                                                          </ScalarOperator>
                                                                          <ScalarOperator>
                                                                            <Intrinsic FunctionName="getancestor">
                                                                              <ScalarOperator>
                                                                                <Identifier>
                                                                                  <ColumnReference Table="[XML Reader with XPath filter]" Column="id" />
                                                                                </Identifier>
                                                                              </ScalarOperator>
                                                                              <ScalarOperator>
                                                                                <Const ConstValue="(1)" />
                                                                              </ScalarOperator>
                                                                            </Intrinsic>
                                                                          </ScalarOperator>
                                                                        </Compare>
                                                                      </ScalarOperator>
                                                                    </Predicate>
                                                                  </Filter>
                                                                </RelOp>
                                                              </StreamAggregate>
                                                            </RelOp>
                                                          </NestedLoops>
                                                        </RelOp>
                                                        <RelOp NodeId="54" PhysicalOp="Stream Aggregate" LogicalOp="Aggregate" EstimateRows="1" EstimateIO="0" EstimateCPU="3.37188e-006" AvgRowSize="19" EstimatedTotalSubtreeCost="1.00038" Parallel="0" EstimateRebinds="0" EstimateRewinds="0" EstimatedExecutionMode="Row">
                                                          <OutputList>
                                                            <ColumnReference Column="Expr1026" />
                                                          </OutputList>
                                                          <StreamAggregate>
                                                            <DefinedValues>
                                                              <DefinedValue>
                                                                <ColumnReference Column="Expr1026" />
                                                                <ScalarOperator ScalarString="MIN(CASE WHEN [@BugsXml] IS NULL THEN NULL ELSE CASE WHEN datalength(XML Reader with XPath filter.[value])&gt;=(128) THEN CONVERT_IMPLICIT(nvarchar(8),XML Reader with XPath filter.[lvalue],0) ELSE CONVERT_IMPLICIT(nvarchar(8),XML Reader with XPath filter.[value],0) END END)">
                                                                  <Aggregate Distinct="0" AggType="MIN">
                                                                    <ScalarOperator>
                                                                      <IF>
                                                                        <Condition>
                                                                          <ScalarOperator>
                                                                            <Compare CompareOp="IS">
                                                                              <ScalarOperator>
                                                                                <Identifier>
                                                                                  <ColumnReference Column="@BugsXml" />
                                                                                </Identifier>
                                                                              </ScalarOperator>
                                                                              <ScalarOperator>
                                                                                <Const ConstValue="NULL" />
                                                                              </ScalarOperator>
                                                                            </Compare>
                                                                          </ScalarOperator>
                                                                        </Condition>
                                                                        <Then>
                                                                          <ScalarOperator>
                                                                            <Const ConstValue="NULL" />
                                                                          </ScalarOperator>
                                                                        </Then>
                                                                        <Else>
                                                                          <ScalarOperator>
                                                                            <IF>
                                                                              <Condition>
                                                                                <ScalarOperator>
                                                                                  <Compare CompareOp="GE">
                                                                                    <ScalarOperator>
                                                                                      <Intrinsic FunctionName="datalength">
                                                                                        <ScalarOperator>
                                                                                          <Identifier>
                                                                                            <ColumnReference Table="[XML Reader with XPath filter]" Column="value" />
                                                                                          </Identifier>
                                                                                        </ScalarOperator>
                                                                                      </Intrinsic>
                                                                                    </ScalarOperator>
                                                                                    <ScalarOperator>
                                                                                      <Const ConstValue="(128)" />
                                                                                    </ScalarOperator>
                                                                                  </Compare>
                                                                                </ScalarOperator>
                                                                              </Condition>
                                                                              <Then>
                                                                                <ScalarOperator>
                                                                                  <Convert DataType="nvarchar" Length="16" Style="0" Implicit="1">
                                                                                    <ScalarOperator>
                                                                                      <Identifier>
                                                                                        <ColumnReference Table="[XML Reader with XPath filter]" Column="lvalue" />
                                                                                      </Identifier>
                                                                                    </ScalarOperator>
                                                                                  </Convert>
                                                                                </ScalarOperator>
                                                                              </Then>
                                                                              <Else>
                                                                                <ScalarOperator>
                                                                                  <Convert DataType="nvarchar" Length="16" Style="0" Implicit="1">
                                                                                    <ScalarOperator>
                                                                                      <Identifier>
                                                                                        <ColumnReference Table="[XML Reader with XPath filter]" Column="value" />
                                                                                      </Identifier>
                                                                                    </ScalarOperator>
                                                                                  </Convert>
                                                                                </ScalarOperator>
                                                                              </Else>
                                                                            </IF>
                                                                          </ScalarOperator>
                                                                        </Else>
                                                                      </IF>
                                                                    </ScalarOperator>
                                                                  </Aggregate>
                                                                </ScalarOperator>
                                                              </DefinedValue>
                                                            </DefinedValues>
                                                            <RelOp NodeId="55" PhysicalOp="Filter" LogicalOp="Filter" EstimateRows="4.78647" EstimateIO="0" EstimateCPU="1.224e-005" AvgRowSize="4057" EstimatedTotalSubtreeCost="1.00037" Parallel="0" EstimateRebinds="0" EstimateRewinds="0" EstimatedExecutionMode="Row">
                                                              <OutputList>
                                                                <ColumnReference Table="[XML Reader with XPath filter]" Column="value" />
                                                                <ColumnReference Table="[XML Reader with XPath filter]" Column="lvalue" />
                                                              </OutputList>
                                                              <Filter StartupExpression="0">
                                                                <RelOp NodeId="56" PhysicalOp="Table-valued function" LogicalOp="Table-valued function" EstimateRows="18" EstimateIO="0" EstimateCPU="1.00036" AvgRowSize="4065" EstimatedTotalSubtreeCost="1.00036" Parallel="0" EstimateRebinds="0" EstimateRewinds="0" EstimatedExecutionMode="Row">
                                                                  <OutputList>
                                                                    <ColumnReference Table="[XML Reader with XPath filter]" Column="id" />
                                                                    <ColumnReference Table="[XML Reader with XPath filter]" Column="value" />
                                                                    <ColumnReference Table="[XML Reader with XPath filter]" Column="lvalue" />
                                                                  </OutputList>
                                                                  <TableValuedFunction>
                                                                    <DefinedValues>
                                                                      <DefinedValue>
                                                                        <ColumnReference Table="[XML Reader with XPath filter]" Column="id" />
                                                                      </DefinedValue>
                                                                      <DefinedValue>
                                                                        <ColumnReference Table="[XML Reader with XPath filter]" Column="value" />
                                                                      </DefinedValue>
                                                                      <DefinedValue>
                                                                        <ColumnReference Table="[XML Reader with XPath filter]" Column="lvalue" />
                                                                      </DefinedValue>
                                                                    </DefinedValues>
                                                                    <Object Table="[XML Reader with XPath filter]" />
                                                                    <ParameterList>
                                                                      <ScalarOperator ScalarString="[@BugsXml]">
                                                                        <Identifier>
                                                                          <ColumnReference Column="@BugsXml" />
                                                                        </Identifier>
                                                                      </ScalarOperator>
                                                                      <ScalarOperator ScalarString="(7)">
                                                                        <Const ConstValue="(7)" />
                                                                      </ScalarOperator>
                                                                      <ScalarOperator ScalarString="XML Reader with XPath filter.[id]">
                                                                        <Identifier>
                                                                          <ColumnReference Table="[XML Reader with XPath filter]" Column="id" />
                                                                        </Identifier>
                                                                      </ScalarOperator>
                                                                      <ScalarOperator ScalarString="getdescendantlimit(XML Reader with XPath filter.[id])">
                                                                        <Intrinsic FunctionName="getdescendantlimit">
                                                                          <ScalarOperator>
                                                                            <Identifier>
                                                                              <ColumnReference Table="[XML Reader with XPath filter]" Column="id" />
                                                                            </Identifier>
                                                                          </ScalarOperator>
                                                                        </Intrinsic>
                                                                      </ScalarOperator>
                                                                    </ParameterList>
                                                                  </TableValuedFunction>
                                                                </RelOp>
                                                                <Predicate>
                                                                  <ScalarOperator ScalarString="XML Reader with XPath filter.[id]=getancestor(XML Reader with XPath filter.[id],(1))">
                                                                    <Compare CompareOp="EQ">
                                                                      <ScalarOperator>
                                                                        <Identifier>
                                                                          <ColumnReference Table="[XML Reader with XPath filter]" Column="id" />
                                                                        </Identifier>
                                                                      </ScalarOperator>
                                                                      <ScalarOperator>
                                                                        <Intrinsic FunctionName="getancestor">
                                                                          <ScalarOperator>
                                                                            <Identifier>
                                                                              <ColumnReference Table="[XML Reader with XPath filter]" Column="id" />
                                                                            </Identifier>
                                                                          </ScalarOperator>
                                                                          <ScalarOperator>
                                                                            <Const ConstValue="(1)" />
                                                                          </ScalarOperator>
                                                                        </Intrinsic>
                                                                      </ScalarOperator>
                                                                    </Compare>
                                                                  </ScalarOperator>
                                                                </Predicate>
                                                              </Filter>
                                                            </RelOp>
                                                          </StreamAggregate>
                                                        </RelOp>
                                                      </NestedLoops>
                                                    </RelOp>
                                                    <RelOp NodeId="65" PhysicalOp="Stream Aggregate" LogicalOp="Aggregate" EstimateRows="1" EstimateIO="0" EstimateCPU="3.37188e-006" AvgRowSize="11" EstimatedTotalSubtreeCost="1.00038" Parallel="0" EstimateRebinds="0" EstimateRewinds="0" EstimatedExecutionMode="Row">
                                                      <OutputList>
                                                        <ColumnReference Column="Expr1031" />
                                                      </OutputList>
                                                      <StreamAggregate>
                                                        <DefinedValues>
                                                          <DefinedValue>
                                                            <ColumnReference Column="Expr1031" />
                                                            <ScalarOperator ScalarString="MIN(CASE WHEN [@BugsXml] IS NULL THEN NULL ELSE CASE WHEN datalength(XML Reader with XPath filter.[value])&gt;=(128) THEN CONVERT_IMPLICIT(int,XML Reader with XPath filter.[lvalue],0) ELSE CONVERT_IMPLICIT(int,XML Reader with XPath filter.[value],0) END END)">
                                                              <Aggregate Distinct="0" AggType="MIN">
                                                                <ScalarOperator>
                                                                  <IF>
                                                                    <Condition>
                                                                      <ScalarOperator>
                                                                        <Compare CompareOp="IS">
                                                                          <ScalarOperator>
                                                                            <Identifier>
                                                                              <ColumnReference Column="@BugsXml" />
                                                                            </Identifier>
                                                                          </ScalarOperator>
                                                                          <ScalarOperator>
                                                                            <Const ConstValue="NULL" />
                                                                          </ScalarOperator>
                                                                        </Compare>
                                                                      </ScalarOperator>
                                                                    </Condition>
                                                                    <Then>
                                                                      <ScalarOperator>
                                                                        <Const ConstValue="NULL" />
                                                                      </ScalarOperator>
                                                                    </Then>
                                                                    <Else>
                                                                      <ScalarOperator>
                                                                        <IF>
                                                                          <Condition>
                                                                            <ScalarOperator>
                                                                              <Compare CompareOp="GE">
                                                                                <ScalarOperator>
                                                                                  <Intrinsic FunctionName="datalength">
                                                                                    <ScalarOperator>
                                                                                      <Identifier>
                                                                                        <ColumnReference Table="[XML Reader with XPath filter]" Column="value" />
                                                                                      </Identifier>
                                                                                    </ScalarOperator>
                                                                                  </Intrinsic>
                                                                                </ScalarOperator>
                                                                                <ScalarOperator>
                                                                                  <Const ConstValue="(128)" />
                                                                                </ScalarOperator>
                                                                              </Compare>
                                                                            </ScalarOperator>
                                                                          </Condition>
                                                                          <Then>
                                                                            <ScalarOperator>
                                                                              <Convert DataType="int" Style="0" Implicit="1">
                                                                                <ScalarOperator>
                                                                                  <Identifier>
                                                                                    <ColumnReference Table="[XML Reader with XPath filter]" Column="lvalue" />
                                                                                  </Identifier>
                                                                                </ScalarOperator>
                                                                              </Convert>
                                                                            </ScalarOperator>
                                                                          </Then>
                                                                          <Else>
                                                                            <ScalarOperator>
                                                                              <Convert DataType="int" Style="0" Implicit="1">
                                                                                <ScalarOperator>
                                                                                  <Identifier>
                                                                                    <ColumnReference Table="[XML Reader with XPath filter]" Column="value" />
                                                                                  </Identifier>
                                                                                </ScalarOperator>
                                                                              </Convert>
                                                                            </ScalarOperator>
                                                                          </Else>
                                                                        </IF>
                                                                      </ScalarOperator>
                                                                    </Else>
                                                                  </IF>
                                                                </ScalarOperator>
                                                              </Aggregate>
                                                            </ScalarOperator>
                                                          </DefinedValue>
                                                        </DefinedValues>
                                                        <RelOp NodeId="66" PhysicalOp="Filter" LogicalOp="Filter" EstimateRows="4.78647" EstimateIO="0" EstimateCPU="1.224e-005" AvgRowSize="4057" EstimatedTotalSubtreeCost="1.00037" Parallel="0" EstimateRebinds="0" EstimateRewinds="0" EstimatedExecutionMode="Row">
                                                          <OutputList>
                                                            <ColumnReference Table="[XML Reader with XPath filter]" Column="value" />
                                                            <ColumnReference Table="[XML Reader with XPath filter]" Column="lvalue" />
                                                          </OutputList>
                                                          <Filter StartupExpression="0">
                                                            <RelOp NodeId="67" PhysicalOp="Table-valued function" LogicalOp="Table-valued function" EstimateRows="18" EstimateIO="0" EstimateCPU="1.00036" AvgRowSize="4065" EstimatedTotalSubtreeCost="1.00036" Parallel="0" EstimateRebinds="0" EstimateRewinds="0" EstimatedExecutionMode="Row">
                                                              <OutputList>
                                                                <ColumnReference Table="[XML Reader with XPath filter]" Column="id" />
                                                                <ColumnReference Table="[XML Reader with XPath filter]" Column="value" />
                                                                <ColumnReference Table="[XML Reader with XPath filter]" Column="lvalue" />
                                                              </OutputList>
                                                              <TableValuedFunction>
                                                                <DefinedValues>
                                                                  <DefinedValue>
                                                                    <ColumnReference Table="[XML Reader with XPath filter]" Column="id" />
                                                                  </DefinedValue>
                                                                  <DefinedValue>
                                                                    <ColumnReference Table="[XML Reader with XPath filter]" Column="value" />
                                                                  </DefinedValue>
                                                                  <DefinedValue>
                                                                    <ColumnReference Table="[XML Reader with XPath filter]" Column="lvalue" />
                                                                  </DefinedValue>
                                                                </DefinedValues>
                                                                <Object Table="[XML Reader with XPath filter]" />
                                                                <ParameterList>
                                                                  <ScalarOperator ScalarString="[@BugsXml]">
                                                                    <Identifier>
                                                                      <ColumnReference Column="@BugsXml" />
                                                                    </Identifier>
                                                                  </ScalarOperator>
                                                                  <ScalarOperator ScalarString="(7)">
                                                                    <Const ConstValue="(7)" />
                                                                  </ScalarOperator>
                                                                  <ScalarOperator ScalarString="XML Reader with XPath filter.[id]">
                                                                    <Identifier>
                                                                      <ColumnReference Table="[XML Reader with XPath filter]" Column="id" />
                                                                    </Identifier>
                                                                  </ScalarOperator>
                                                                  <ScalarOperator ScalarString="getdescendantlimit(XML Reader with XPath filter.[id])">
                                                                    <Intrinsic FunctionName="getdescendantlimit">
                                                                      <ScalarOperator>
                                                                        <Identifier>
                                                                          <ColumnReference Table="[XML Reader with XPath filter]" Column="id" />
                                                                        </Identifier>
                                                                      </ScalarOperator>
                                                                    </Intrinsic>
                                                                  </ScalarOperator>
                                                                </ParameterList>
                                                              </TableValuedFunction>
                                                            </RelOp>
                                                            <Predicate>
                                                              <ScalarOperator ScalarString="XML Reader with XPath filter.[id]=getancestor(XML Reader with XPath filter.[id],(1))">
                                                                <Compare CompareOp="EQ">
                                                                  <ScalarOperator>
                                                                    <Identifier>
                                                                      <ColumnReference Table="[XML Reader with XPath filter]" Column="id" />
                                                                    </Identifier>
                                                                  </ScalarOperator>
                                                                  <ScalarOperator>
                                                                    <Intrinsic FunctionName="getancestor">
                                                                      <ScalarOperator>
                                                                        <Identifier>
                                                                          <ColumnReference Table="[XML Reader with XPath filter]" Column="id" />
                                                                        </Identifier>
                                                                      </ScalarOperator>
                                                                      <ScalarOperator>
                                                                        <Const ConstValue="(1)" />
                                                                      </ScalarOperator>
                                                                    </Intrinsic>
                                                                  </ScalarOperator>
                                                                </Compare>
                                                              </ScalarOperator>
                                                            </Predicate>
                                                          </Filter>
                                                        </RelOp>
                                                      </StreamAggregate>
                                                    </RelOp>
                                                  </NestedLoops>
                                                </RelOp>
                                                <RelOp NodeId="76" PhysicalOp="Stream Aggregate" LogicalOp="Aggregate" EstimateRows="1" EstimateIO="0" EstimateCPU="3.37188e-006" AvgRowSize="111" EstimatedTotalSubtreeCost="1.00038" Parallel="0" EstimateRebinds="0" EstimateRewinds="0" EstimatedExecutionMode="Row">
                                                  <OutputList>
                                                    <ColumnReference Column="Expr1036" />
                                                  </OutputList>
                                                  <StreamAggregate>
                                                    <DefinedValues>
                                                      <DefinedValue>
                                                        <ColumnReference Column="Expr1036" />
                                                        <ScalarOperator ScalarString="MIN(CASE WHEN [@BugsXml] IS NULL THEN NULL ELSE CASE WHEN datalength(XML Reader with XPath filter.[value])&gt;=(128) THEN CONVERT_IMPLICIT(nvarchar(100),XML Reader with XPath filter.[lvalue],0) ELSE CONVERT_IMPLICIT(nvarchar(100),XML Reader with XPath filter.[value],0) END END)">
                                                          <Aggregate Distinct="0" AggType="MIN">
                                                            <ScalarOperator>
                                                              <IF>
                                                                <Condition>
                                                                  <ScalarOperator>
                                                                    <Compare CompareOp="IS">
                                                                      <ScalarOperator>
                                                                        <Identifier>
                                                                          <ColumnReference Column="@BugsXml" />
                                                                        </Identifier>
                                                                      </ScalarOperator>
                                                                      <ScalarOperator>
                                                                        <Const ConstValue="NULL" />
                                                                      </ScalarOperator>
                                                                    </Compare>
                                                                  </ScalarOperator>
                                                                </Condition>
                                                                <Then>
                                                                  <ScalarOperator>
                                                                    <Const ConstValue="NULL" />
                                                                  </ScalarOperator>
                                                                </Then>
                                                                <Else>
                                                                  <ScalarOperator>
                                                                    <IF>
                                                                      <Condition>
                                                                        <ScalarOperator>
                                                                          <Compare CompareOp="GE">
                                                                            <ScalarOperator>
                                                                              <Intrinsic FunctionName="datalength">
                                                                                <ScalarOperator>
                                                                                  <Identifier>
                                                                                    <ColumnReference Table="[XML Reader with XPath filter]" Column="value" />
                                                                                  </Identifier>
                                                                                </ScalarOperator>
                                                                              </Intrinsic>
                                                                            </ScalarOperator>
                                                                            <ScalarOperator>
                                                                              <Const ConstValue="(128)" />
                                                                            </ScalarOperator>
                                                                          </Compare>
                                                                        </ScalarOperator>
                                                                      </Condition>
                                                                      <Then>
                                                                        <ScalarOperator>
                                                                          <Convert DataType="nvarchar" Length="200" Style="0" Implicit="1">
                                                                            <ScalarOperator>
                                                                              <Identifier>
                                                                                <ColumnReference Table="[XML Reader with XPath filter]" Column="lvalue" />
                                                                              </Identifier>
                                                                            </ScalarOperator>
                                                                          </Convert>
                                                                        </ScalarOperator>
                                                                      </Then>
                                                                      <Else>
                                                                        <ScalarOperator>
                                                                          <Convert DataType="nvarchar" Length="200" Style="0" Implicit="1">
                                                                            <ScalarOperator>
                                                                              <Identifier>
                                                                                <ColumnReference Table="[XML Reader with XPath filter]" Column="value" />
                                                                              </Identifier>
                                                                            </ScalarOperator>
                                                                          </Convert>
                                                                        </ScalarOperator>
                                                                      </Else>
                                                                    </IF>
                                                                  </ScalarOperator>
                                                                </Else>
                                                              </IF>
                                                            </ScalarOperator>
                                                          </Aggregate>
                                                        </ScalarOperator>
                                                      </DefinedValue>
                                                    </DefinedValues>
                                                    <RelOp NodeId="77" PhysicalOp="Filter" LogicalOp="Filter" EstimateRows="4.78647" EstimateIO="0" EstimateCPU="1.224e-005" AvgRowSize="4057" EstimatedTotalSubtreeCost="1.00037" Parallel="0" EstimateRebinds="0" EstimateRewinds="0" EstimatedExecutionMode="Row">
                                                      <OutputList>
                                                        <ColumnReference Table="[XML Reader with XPath filter]" Column="value" />
                                                        <ColumnReference Table="[XML Reader with XPath filter]" Column="lvalue" />
                                                      </OutputList>
                                                      <Filter StartupExpression="0">
                                                        <RelOp NodeId="78" PhysicalOp="Table-valued function" LogicalOp="Table-valued function" EstimateRows="18" EstimateIO="0" EstimateCPU="1.00036" AvgRowSize="4065" EstimatedTotalSubtreeCost="1.00036" Parallel="0" EstimateRebinds="0" EstimateRewinds="0" EstimatedExecutionMode="Row">
                                                          <OutputList>
                                                            <ColumnReference Table="[XML Reader with XPath filter]" Column="id" />
                                                            <ColumnReference Table="[XML Reader with XPath filter]" Column="value" />
                                                            <ColumnReference Table="[XML Reader with XPath filter]" Column="lvalue" />
                                                          </OutputList>
                                                          <TableValuedFunction>
                                                            <DefinedValues>
                                                              <DefinedValue>
                                                                <ColumnReference Table="[XML Reader with XPath filter]" Column="id" />
                                                              </DefinedValue>
                                                              <DefinedValue>
                                                                <ColumnReference Table="[XML Reader with XPath filter]" Column="value" />
                                                              </DefinedValue>
                                                              <DefinedValue>
                                                                <ColumnReference Table="[XML Reader with XPath filter]" Column="lvalue" />
                                                              </DefinedValue>
                                                            </DefinedValues>
                                                            <Object Table="[XML Reader with XPath filter]" />
                                                            <ParameterList>
                                                              <ScalarOperator ScalarString="[@BugsXml]">
                                                                <Identifier>
                                                                  <ColumnReference Column="@BugsXml" />
                                                                </Identifier>
                                                              </ScalarOperator>
                                                              <ScalarOperator ScalarString="(7)">
                                                                <Const ConstValue="(7)" />
                                                              </ScalarOperator>
                                                              <ScalarOperator ScalarString="XML Reader with XPath filter.[id]">
                                                                <Identifier>
                                                                  <ColumnReference Table="[XML Reader with XPath filter]" Column="id" />
                                                                </Identifier>
                                                              </ScalarOperator>
                                                              <ScalarOperator ScalarString="getdescendantlimit(XML Reader with XPath filter.[id])">
                                                                <Intrinsic FunctionName="getdescendantlimit">
                                                                  <ScalarOperator>
                                                                    <Identifier>
                                                                      <ColumnReference Table="[XML Reader with XPath filter]" Column="id" />
                                                                    </Identifier>
                                                                  </ScalarOperator>
                                                                </Intrinsic>
                                                              </ScalarOperator>
                                                            </ParameterList>
                                                          </TableValuedFunction>
                                                        </RelOp>
                                                        <Predicate>
                                                          <ScalarOperator ScalarString="XML Reader with XPath filter.[id]=getancestor(XML Reader with XPath filter.[id],(1))">
                                                            <Compare CompareOp="EQ">
                                                              <ScalarOperator>
                                                                <Identifier>
                                                                  <ColumnReference Table="[XML Reader with XPath filter]" Column="id" />
                                                                </Identifier>
                                                              </ScalarOperator>
                                                              <ScalarOperator>
                                                                <Intrinsic FunctionName="getancestor">
                                                                  <ScalarOperator>
                                                                    <Identifier>
                                                                      <ColumnReference Table="[XML Reader with XPath filter]" Column="id" />
                                                                    </Identifier>
                                                                  </ScalarOperator>
                                                                  <ScalarOperator>
                                                                    <Const ConstValue="(1)" />
                                                                  </ScalarOperator>
                                                                </Intrinsic>
                                                              </ScalarOperator>
                                                            </Compare>
                                                          </ScalarOperator>
                                                        </Predicate>
                                                      </Filter>
                                                    </RelOp>
                                                  </StreamAggregate>
                                                </RelOp>
                                              </NestedLoops>
                                            </RelOp>
                                            <RelOp NodeId="87" PhysicalOp="Stream Aggregate" LogicalOp="Aggregate" EstimateRows="1" EstimateIO="0" EstimateCPU="3.37188e-006" AvgRowSize="9" EstimatedTotalSubtreeCost="1.00038" Parallel="0" EstimateRebinds="0" EstimateRewinds="0" EstimatedExecutionMode="Row">
                                              <OutputList>
                                                <ColumnReference Column="Expr1041" />
                                              </OutputList>
                                              <StreamAggregate>
                                                <DefinedValues>
                                                  <DefinedValue>
                                                    <ColumnReference Column="Expr1041" />
                                                    <ScalarOperator ScalarString="MIN(CASE WHEN [@BugsXml] IS NULL THEN NULL ELSE CASE WHEN datalength(XML Reader with XPath filter.[value])&gt;=(128) THEN CONVERT_IMPLICIT(tinyint,XML Reader with XPath filter.[lvalue],0) ELSE CONVERT_IMPLICIT(tinyint,XML Reader with XPath filter.[value],0) END END)">
                                                      <Aggregate Distinct="0" AggType="MIN">
                                                        <ScalarOperator>
                                                          <IF>
                                                            <Condition>
                                                              <ScalarOperator>
                                                                <Compare CompareOp="IS">
                                                                  <ScalarOperator>
                                                                    <Identifier>
                                                                      <ColumnReference Column="@BugsXml" />
                                                                    </Identifier>
                                                                  </ScalarOperator>
                                                                  <ScalarOperator>
                                                                    <Const ConstValue="NULL" />
                                                                  </ScalarOperator>
                                                                </Compare>
                                                              </ScalarOperator>
                                                            </Condition>
                                                            <Then>
                                                              <ScalarOperator>
                                                                <Const ConstValue="NULL" />
                                                              </ScalarOperator>
                                                            </Then>
                                                            <Else>
                                                              <ScalarOperator>
                                                                <IF>
                                                                  <Condition>
                                                                    <ScalarOperator>
                                                                      <Compare CompareOp="GE">
                                                                        <ScalarOperator>
                                                                          <Intrinsic FunctionName="datalength">
                                                                            <ScalarOperator>
                                                                              <Identifier>
                                                                                <ColumnReference Table="[XML Reader with XPath filter]" Column="value" />
                                                                              </Identifier>
                                                                            </ScalarOperator>
                                                                          </Intrinsic>
                                                                        </ScalarOperator>
                                                                        <ScalarOperator>
                                                                          <Const ConstValue="(128)" />
                                                                        </ScalarOperator>
                                                                      </Compare>
                                                                    </ScalarOperator>
                                                                  </Condition>
                                                                  <Then>
                                                                    <ScalarOperator>
                                                                      <Convert DataType="tinyint" Style="0" Implicit="1">
                                                                        <ScalarOperator>
                                                                          <Identifier>
                                                                            <ColumnReference Table="[XML Reader with XPath filter]" Column="lvalue" />
                                                                          </Identifier>
                                                                        </ScalarOperator>
                                                                      </Convert>
                                                                    </ScalarOperator>
                                                                  </Then>
                                                                  <Else>
                                                                    <ScalarOperator>
                                                                      <Convert DataType="tinyint" Style="0" Implicit="1">
                                                                        <ScalarOperator>
                                                                          <Identifier>
                                                                            <ColumnReference Table="[XML Reader with XPath filter]" Column="value" />
                                                                          </Identifier>
                                                                        </ScalarOperator>
                                                                      </Convert>
                                                                    </ScalarOperator>
                                                                  </Else>
                                                                </IF>
                                                              </ScalarOperator>
                                                            </Else>
                                                          </IF>
                                                        </ScalarOperator>
                                                      </Aggregate>
                                                    </ScalarOperator>
                                                  </DefinedValue>
                                                </DefinedValues>
                                                <RelOp NodeId="88" PhysicalOp="Filter" LogicalOp="Filter" EstimateRows="4.78647" EstimateIO="0" EstimateCPU="1.224e-005" AvgRowSize="4057" EstimatedTotalSubtreeCost="1.00037" Parallel="0" EstimateRebinds="0" EstimateRewinds="0" EstimatedExecutionMode="Row">
                                                  <OutputList>
                                                    <ColumnReference Table="[XML Reader with XPath filter]" Column="value" />
                                                    <ColumnReference Table="[XML Reader with XPath filter]" Column="lvalue" />
                                                  </OutputList>
                                                  <Filter StartupExpression="0">
                                                    <RelOp NodeId="89" PhysicalOp="Table-valued function" LogicalOp="Table-valued function" EstimateRows="18" EstimateIO="0" EstimateCPU="1.00036" AvgRowSize="4065" EstimatedTotalSubtreeCost="1.00036" Parallel="0" EstimateRebinds="0" EstimateRewinds="0" EstimatedExecutionMode="Row">
                                                      <OutputList>
                                                        <ColumnReference Table="[XML Reader with XPath filter]" Column="id" />
                                                        <ColumnReference Table="[XML Reader with XPath filter]" Column="value" />
                                                        <ColumnReference Table="[XML Reader with XPath filter]" Column="lvalue" />
                                                      </OutputList>
                                                      <TableValuedFunction>
                                                        <DefinedValues>
                                                          <DefinedValue>
                                                            <ColumnReference Table="[XML Reader with XPath filter]" Column="id" />
                                                          </DefinedValue>
                                                          <DefinedValue>
                                                            <ColumnReference Table="[XML Reader with XPath filter]" Column="value" />
                                                          </DefinedValue>
                                                          <DefinedValue>
                                                            <ColumnReference Table="[XML Reader with XPath filter]" Column="lvalue" />
                                                          </DefinedValue>
                                                        </DefinedValues>
                                                        <Object Table="[XML Reader with XPath filter]" />
                                                        <ParameterList>
                                                          <ScalarOperator ScalarString="[@BugsXml]">
                                                            <Identifier>
                                                              <ColumnReference Column="@BugsXml" />
                                                            </Identifier>
                                                          </ScalarOperator>
                                                          <ScalarOperator ScalarString="(7)">
                                                            <Const ConstValue="(7)" />
                                                          </ScalarOperator>
                                                          <ScalarOperator ScalarString="XML Reader with XPath filter.[id]">
                                                            <Identifier>
                                                              <ColumnReference Table="[XML Reader with XPath filter]" Column="id" />
                                                            </Identifier>
                                                          </ScalarOperator>
                                                          <ScalarOperator ScalarString="getdescendantlimit(XML Reader with XPath filter.[id])">
                                                            <Intrinsic FunctionName="getdescendantlimit">
                                                              <ScalarOperator>
                                                                <Identifier>
                                                                  <ColumnReference Table="[XML Reader with XPath filter]" Column="id" />
                                                                </Identifier>
                                                              </ScalarOperator>
                                                            </Intrinsic>
                                                          </ScalarOperator>
                                                        </ParameterList>
                                                      </TableValuedFunction>
                                                    </RelOp>
                                                    <Predicate>
                                                      <ScalarOperator ScalarString="XML Reader with XPath filter.[id]=getancestor(XML Reader with XPath filter.[id],(1))">
                                                        <Compare CompareOp="EQ">
                                                          <ScalarOperator>
                                                            <Identifier>
                                                              <ColumnReference Table="[XML Reader with XPath filter]" Column="id" />
                                                            </Identifier>
                                                          </ScalarOperator>
                                                          <ScalarOperator>
                                                            <Intrinsic FunctionName="getancestor">
                                                              <ScalarOperator>
                                                                <Identifier>
                                                                  <ColumnReference Table="[XML Reader with XPath filter]" Column="id" />
                                                                </Identifier>
                                                              </ScalarOperator>
                                                              <ScalarOperator>
                                                                <Const ConstValue="(1)" />
                                                              </ScalarOperator>
                                                            </Intrinsic>
                                                          </ScalarOperator>
                                                        </Compare>
                                                      </ScalarOperator>
                                                    </Predicate>
                                                  </Filter>
                                                </RelOp>
                                              </StreamAggregate>
                                            </RelOp>
                                          </NestedLoops>
                                        </RelOp>
                                        <RelOp NodeId="98" PhysicalOp="Stream Aggregate" LogicalOp="Aggregate" EstimateRows="1" EstimateIO="0" EstimateCPU="3.37188e-006" AvgRowSize="9" EstimatedTotalSubtreeCost="1.00038" Parallel="0" EstimateRebinds="0" EstimateRewinds="0" EstimatedExecutionMode="Row">
                                          <OutputList>
                                            <ColumnReference Column="Expr1046" />
                                          </OutputList>
                                          <StreamAggregate>
                                            <DefinedValues>
                                              <DefinedValue>
                                                <ColumnReference Column="Expr1046" />
                                                <ScalarOperator ScalarString="MIN(CASE WHEN [@BugsXml] IS NULL THEN NULL ELSE CASE WHEN datalength(XML Reader with XPath filter.[value])&gt;=(128) THEN CONVERT_IMPLICIT(tinyint,XML Reader with XPath filter.[lvalue],0) ELSE CONVERT_IMPLICIT(tinyint,XML Reader with XPath filter.[value],0) END END)">
                                                  <Aggregate Distinct="0" AggType="MIN">
                                                    <ScalarOperator>
                                                      <IF>
                                                        <Condition>
                                                          <ScalarOperator>
                                                            <Compare CompareOp="IS">
                                                              <ScalarOperator>
                                                                <Identifier>
                                                                  <ColumnReference Column="@BugsXml" />
                                                                </Identifier>
                                                              </ScalarOperator>
                                                              <ScalarOperator>
                                                                <Const ConstValue="NULL" />
                                                              </ScalarOperator>
                                                            </Compare>
                                                          </ScalarOperator>
                                                        </Condition>
                                                        <Then>
                                                          <ScalarOperator>
                                                            <Const ConstValue="NULL" />
                                                          </ScalarOperator>
                                                        </Then>
                                                        <Else>
                                                          <ScalarOperator>
                                                            <IF>
                                                              <Condition>
                                                                <ScalarOperator>
                                                                  <Compare CompareOp="GE">
                                                                    <ScalarOperator>
                                                                      <Intrinsic FunctionName="datalength">
                                                                        <ScalarOperator>
                                                                          <Identifier>
                                                                            <ColumnReference Table="[XML Reader with XPath filter]" Column="value" />
                                                                          </Identifier>
                                                                        </ScalarOperator>
                                                                      </Intrinsic>
                                                                    </ScalarOperator>
                                                                    <ScalarOperator>
                                                                      <Const ConstValue="(128)" />
                                                                    </ScalarOperator>
                                                                  </Compare>
                                                                </ScalarOperator>
                                                              </Condition>
                                                              <Then>
                                                                <ScalarOperator>
                                                                  <Convert DataType="tinyint" Style="0" Implicit="1">
                                                                    <ScalarOperator>
                                                                      <Identifier>
                                                                        <ColumnReference Table="[XML Reader with XPath filter]" Column="lvalue" />
                                                                      </Identifier>
                                                                    </ScalarOperator>
                                                                  </Convert>
                                                                </ScalarOperator>
                                                              </Then>
                                                              <Else>
                                                                <ScalarOperator>
                                                                  <Convert DataType="tinyint" Style="0" Implicit="1">
                                                                    <ScalarOperator>
                                                                      <Identifier>
                                                                        <ColumnReference Table="[XML Reader with XPath filter]" Column="value" />
                                                                      </Identifier>
                                                                    </ScalarOperator>
                                                                  </Convert>
                                                                </ScalarOperator>
                                                              </Else>
                                                            </IF>
                                                          </ScalarOperator>
                                                        </Else>
                                                      </IF>
                                                    </ScalarOperator>
                                                  </Aggregate>
                                                </ScalarOperator>
                                              </DefinedValue>
                                            </DefinedValues>
                                            <RelOp NodeId="99" PhysicalOp="Filter" LogicalOp="Filter" EstimateRows="4.78647" EstimateIO="0" EstimateCPU="1.224e-005" AvgRowSize="4057" EstimatedTotalSubtreeCost="1.00037" Parallel="0" EstimateRebinds="0" EstimateRewinds="0" EstimatedExecutionMode="Row">
                                              <OutputList>
                                                <ColumnReference Table="[XML Reader with XPath filter]" Column="value" />
                                                <ColumnReference Table="[XML Reader with XPath filter]" Column="lvalue" />
                                              </OutputList>
                                              <Filter StartupExpression="0">
                                                <RelOp NodeId="100" PhysicalOp="Table-valued function" LogicalOp="Table-valued function" EstimateRows="18" EstimateIO="0" EstimateCPU="1.00036" AvgRowSize="4065" EstimatedTotalSubtreeCost="1.00036" Parallel="0" EstimateRebinds="0" EstimateRewinds="0" EstimatedExecutionMode="Row">
                                                  <OutputList>
                                                    <ColumnReference Table="[XML Reader with XPath filter]" Column="id" />
                                                    <ColumnReference Table="[XML Reader with XPath filter]" Column="value" />
                                                    <ColumnReference Table="[XML Reader with XPath filter]" Column="lvalue" />
                                                  </OutputList>
                                                  <TableValuedFunction>
                                                    <DefinedValues>
                                                      <DefinedValue>
                                                        <ColumnReference Table="[XML Reader with XPath filter]" Column="id" />
                                                      </DefinedValue>
                                                      <DefinedValue>
                                                        <ColumnReference Table="[XML Reader with XPath filter]" Column="value" />
                                                      </DefinedValue>
                                                      <DefinedValue>
                                                        <ColumnReference Table="[XML Reader with XPath filter]" Column="lvalue" />
                                                      </DefinedValue>
                                                    </DefinedValues>
                                                    <Object Table="[XML Reader with XPath filter]" />
                                                    <ParameterList>
                                                      <ScalarOperator ScalarString="[@BugsXml]">
                                                        <Identifier>
                                                          <ColumnReference Column="@BugsXml" />
                                                        </Identifier>
                                                      </ScalarOperator>
                                                      <ScalarOperator ScalarString="(7)">
                                                        <Const ConstValue="(7)" />
                                                      </ScalarOperator>
                                                      <ScalarOperator ScalarString="XML Reader with XPath filter.[id]">
                                                        <Identifier>
                                                          <ColumnReference Table="[XML Reader with XPath filter]" Column="id" />
                                                        </Identifier>
                                                      </ScalarOperator>
                                                      <ScalarOperator ScalarString="getdescendantlimit(XML Reader with XPath filter.[id])">
                                                        <Intrinsic FunctionName="getdescendantlimit">
                                                          <ScalarOperator>
                                                            <Identifier>
                                                              <ColumnReference Table="[XML Reader with XPath filter]" Column="id" />
                                                            </Identifier>
                                                          </ScalarOperator>
                                                        </Intrinsic>
                                                      </ScalarOperator>
                                                    </ParameterList>
                                                  </TableValuedFunction>
                                                </RelOp>
                                                <Predicate>
                                                  <ScalarOperator ScalarString="XML Reader with XPath filter.[id]=getancestor(XML Reader with XPath filter.[id],(1))">
                                                    <Compare CompareOp="EQ">
                                                      <ScalarOperator>
                                                        <Identifier>
                                                          <ColumnReference Table="[XML Reader with XPath filter]" Column="id" />
                                                        </Identifier>
                                                      </ScalarOperator>
                                                      <ScalarOperator>
                                                        <Intrinsic FunctionName="getancestor">
                                                          <ScalarOperator>
                                                            <Identifier>
                                                              <ColumnReference Table="[XML Reader with XPath filter]" Column="id" />
                                                            </Identifier>
                                                          </ScalarOperator>
                                                          <ScalarOperator>
                                                            <Const ConstValue="(1)" />
                                                          </ScalarOperator>
                                                        </Intrinsic>
                                                      </ScalarOperator>
                                                    </Compare>
                                                  </ScalarOperator>
                                                </Predicate>
                                              </Filter>
                                            </RelOp>
                                          </StreamAggregate>
                                        </RelOp>
                                      </NestedLoops>
                                    </RelOp>
                                    <RelOp NodeId="109" PhysicalOp="Stream Aggregate" LogicalOp="Aggregate" EstimateRows="1" EstimateIO="0" EstimateCPU="3.37188e-006" AvgRowSize="15" EstimatedTotalSubtreeCost="1.00038" Parallel="0" EstimateRebinds="0" EstimateRewinds="0" EstimatedExecutionMode="Row">
                                      <OutputList>
                                        <ColumnReference Column="Expr1051" />
                                      </OutputList>
                                      <StreamAggregate>
                                        <DefinedValues>
                                          <DefinedValue>
                                            <ColumnReference Column="Expr1051" />
                                            <ScalarOperator ScalarString="MIN(CASE WHEN [@BugsXml] IS NULL THEN NULL ELSE CASE WHEN datalength(XML Reader with XPath filter.[value])&gt;=(128) THEN CONVERT_IMPLICIT(bigint,XML Reader with XPath filter.[lvalue],0) ELSE CONVERT_IMPLICIT(bigint,XML Reader with XPath filter.[value],0) END END)">
                                              <Aggregate Distinct="0" AggType="MIN">
                                                <ScalarOperator>
                                                  <IF>
                                                    <Condition>
                                                      <ScalarOperator>
                                                        <Compare CompareOp="IS">
                                                          <ScalarOperator>
                                                            <Identifier>
                                                              <ColumnReference Column="@BugsXml" />
                                                            </Identifier>
                                                          </ScalarOperator>
                                                          <ScalarOperator>
                                                            <Const ConstValue="NULL" />
                                                          </ScalarOperator>
                                                        </Compare>
                                                      </ScalarOperator>
                                                    </Condition>
                                                    <Then>
                                                      <ScalarOperator>
                                                        <Const ConstValue="NULL" />
                                                      </ScalarOperator>
                                                    </Then>
                                                    <Else>
                                                      <ScalarOperator>
                                                        <IF>
                                                          <Condition>
                                                            <ScalarOperator>
                                                              <Compare CompareOp="GE">
                                                                <ScalarOperator>
                                                                  <Intrinsic FunctionName="datalength">
                                                                    <ScalarOperator>
                                                                      <Identifier>
                                                                        <ColumnReference Table="[XML Reader with XPath filter]" Column="value" />
                                                                      </Identifier>
                                                                    </ScalarOperator>
                                                                  </Intrinsic>
                                                                </ScalarOperator>
                                                                <ScalarOperator>
                                                                  <Const ConstValue="(128)" />
                                                                </ScalarOperator>
                                                              </Compare>
                                                            </ScalarOperator>
                                                          </Condition>
                                                          <Then>
                                                            <ScalarOperator>
                                                              <Convert DataType="bigint" Style="0" Implicit="1">
                                                                <ScalarOperator>
                                                                  <Identifier>
                                                                    <ColumnReference Table="[XML Reader with XPath filter]" Column="lvalue" />
                                                                  </Identifier>
                                                                </ScalarOperator>
                                                              </Convert>
                                                            </ScalarOperator>
                                                          </Then>
                                                          <Else>
                                                            <ScalarOperator>
                                                              <Convert DataType="bigint" Style="0" Implicit="1">
                                                                <ScalarOperator>
                                                                  <Identifier>
                                                                    <ColumnReference Table="[XML Reader with XPath filter]" Column="value" />
                                                                  </Identifier>
                                                                </ScalarOperator>
                                                              </Convert>
                                                            </ScalarOperator>
                                                          </Else>
                                                        </IF>
                                                      </ScalarOperator>
                                                    </Else>
                                                  </IF>
                                                </ScalarOperator>
                                              </Aggregate>
                                            </ScalarOperator>
                                          </DefinedValue>
                                        </DefinedValues>
                                        <RelOp NodeId="110" PhysicalOp="Filter" LogicalOp="Filter" EstimateRows="4.78647" EstimateIO="0" EstimateCPU="1.224e-005" AvgRowSize="4057" EstimatedTotalSubtreeCost="1.00037" Parallel="0" EstimateRebinds="0" EstimateRewinds="0" EstimatedExecutionMode="Row">
                                          <OutputList>
                                            <ColumnReference Table="[XML Reader with XPath filter]" Column="value" />
                                            <ColumnReference Table="[XML Reader with XPath filter]" Column="lvalue" />
                                          </OutputList>
                                          <Filter StartupExpression="0">
                                            <RelOp NodeId="111" PhysicalOp="Table-valued function" LogicalOp="Table-valued function" EstimateRows="18" EstimateIO="0" EstimateCPU="1.00036" AvgRowSize="4065" EstimatedTotalSubtreeCost="1.00036" Parallel="0" EstimateRebinds="0" EstimateRewinds="0" EstimatedExecutionMode="Row">
                                              <OutputList>
                                                <ColumnReference Table="[XML Reader with XPath filter]" Column="id" />
                                                <ColumnReference Table="[XML Reader with XPath filter]" Column="value" />
                                                <ColumnReference Table="[XML Reader with XPath filter]" Column="lvalue" />
                                              </OutputList>
                                              <TableValuedFunction>
                                                <DefinedValues>
                                                  <DefinedValue>
                                                    <ColumnReference Table="[XML Reader with XPath filter]" Column="id" />
                                                  </DefinedValue>
                                                  <DefinedValue>
                                                    <ColumnReference Table="[XML Reader with XPath filter]" Column="value" />
                                                  </DefinedValue>
                                                  <DefinedValue>
                                                    <ColumnReference Table="[XML Reader with XPath filter]" Column="lvalue" />
                                                  </DefinedValue>
                                                </DefinedValues>
                                                <Object Table="[XML Reader with XPath filter]" />
                                                <ParameterList>
                                                  <ScalarOperator ScalarString="[@BugsXml]">
                                                    <Identifier>
                                                      <ColumnReference Column="@BugsXml" />
                                                    </Identifier>
                                                  </ScalarOperator>
                                                  <ScalarOperator ScalarString="(7)">
                                                    <Const ConstValue="(7)" />
                                                  </ScalarOperator>
                                                  <ScalarOperator ScalarString="XML Reader with XPath filter.[id]">
                                                    <Identifier>
                                                      <ColumnReference Table="[XML Reader with XPath filter]" Column="id" />
                                                    </Identifier>
                                                  </ScalarOperator>
                                                  <ScalarOperator ScalarString="getdescendantlimit(XML Reader with XPath filter.[id])">
                                                    <Intrinsic FunctionName="getdescendantlimit">
                                                      <ScalarOperator>
                                                        <Identifier>
                                                          <ColumnReference Table="[XML Reader with XPath filter]" Column="id" />
                                                        </Identifier>
                                                      </ScalarOperator>
                                                    </Intrinsic>
                                                  </ScalarOperator>
                                                </ParameterList>
                                              </TableValuedFunction>
                                            </RelOp>
                                            <Predicate>
                                              <ScalarOperator ScalarString="XML Reader with XPath filter.[id]=getancestor(XML Reader with XPath filter.[id],(1))">
                                                <Compare CompareOp="EQ">
                                                  <ScalarOperator>
                                                    <Identifier>
                                                      <ColumnReference Table="[XML Reader with XPath filter]" Column="id" />
                                                    </Identifier>
                                                  </ScalarOperator>
                                                  <ScalarOperator>
                                                    <Intrinsic FunctionName="getancestor">
                                                      <ScalarOperator>
                                                        <Identifier>
                                                          <ColumnReference Table="[XML Reader with XPath filter]" Column="id" />
                                                        </Identifier>
                                                      </ScalarOperator>
                                                      <ScalarOperator>
                                                        <Const ConstValue="(1)" />
                                                      </ScalarOperator>
                                                    </Intrinsic>
                                                  </ScalarOperator>
                                                </Compare>
                                              </ScalarOperator>
                                            </Predicate>
                                          </Filter>
                                        </RelOp>
                                      </StreamAggregate>
                                    </RelOp>
                                  </NestedLoops>
                                </RelOp>
                              </Sort>
                            </RelOp>
                          </ComputeScalar>
                        </RelOp>
                      </StreamAggregate>
                    </RelOp>
                  </ComputeScalar>
                </RelOp>
              </Update>
            </RelOp>
            <ParameterList>
              <ColumnReference Column="@BugsXml" ParameterCompiledValue="NULL" />
            </ParameterList>
          </QueryPlan>
        </StmtSimple>
        <StmtSimple StatementText="&#xA;UPDATE @InputBugs&#xD;&#xA;SET Title = b.Title, [Status] = b.[Status], DuplicateNumber = ISNULL(b.DuplicateNumber, b.Number)&#xD;&#xA;FROM @InputBugs ib&#xD;&#xA;    INNER JOIN dbo.Bug b WITH (NOLOCK) ON b.Number = ib.Number AND b.DatabaseName = ib.BugDatabase&#xD;&#xA;&#x9;-- This is to ensure the primary bugs also exists in DB. If not, the duplicate bug is kept&#xD;&#xA;&#x9;INNER JOIN dbo.Bug p WITH (NOLOCK) ON p.Number = b.DuplicateNumber AND p.DatabaseName = b.DatabaseName&#xD;&#xA;&#xD;" StatementId="8" StatementCompId="12" StatementType="UPDATE" RetrievedFromCache="true" StatementSubTreeCost="0.023146" StatementEstRows="1" StatementOptmLevel="FULL" QueryHash="0x8EAABFDEC9CC15C2" QueryPlanHash="0x4EC08B239987053E" StatementOptmEarlyAbortReason="GoodEnoughPlanFound">
          <StatementSetOptions QUOTED_IDENTIFIER="true" ARITHABORT="true" CONCAT_NULL_YIELDS_NULL="true" ANSI_NULLS="true" ANSI_PADDING="true" ANSI_WARNINGS="true" NUMERIC_ROUNDABORT="false" />
          <QueryPlan NonParallelPlanReason="MaxDOPSetToOne" CachedPlanSize="40" CompileTime="33" CompileCPU="33" CompileMemory="1560">
            <MemoryGrantInfo SerialRequiredMemory="0" SerialDesiredMemory="0" />
            <OptimizerHardwareDependentProperties EstimatedAvailableMemoryGrant="193313" EstimatedPagesCached="773254" EstimatedAvailableDegreeOfParallelism="1" />
            <RelOp NodeId="0" PhysicalOp="Table Update" LogicalOp="Update" EstimateRows="1" EstimateIO="0.01" EstimateCPU="1e-006" AvgRowSize="9" EstimatedTotalSubtreeCost="0.023146" Parallel="0" EstimateRebinds="0" EstimateRewinds="0" EstimatedExecutionMode="Row">
              <OutputList />
              <Update DMLRequestSort="0">
                <Object Table="[@InputBugs]" Alias="[ib]" />
                <SetPredicate>
                  <ScalarOperator ScalarString="@InputBugs.[Title] as [ib].[Title] = [Expr1007],@InputBugs.[Status] as [ib].[Status] = [Expr1008],@InputBugs.[DuplicateNumber] as [ib].[DuplicateNumber] = [Expr1009]">
                    <ScalarExpressionList>
                      <ScalarOperator>
                        <MultipleAssign>
                          <Assign>
                            <ColumnReference Table="@InputBugs" Alias="[ib]" Column="Title" />
                            <ScalarOperator>
                              <Identifier>
                                <ColumnReference Column="Expr1007" />
                              </Identifier>
                            </ScalarOperator>
                          </Assign>
                          <Assign>
                            <ColumnReference Table="@InputBugs" Alias="[ib]" Column="Status" />
                            <ScalarOperator>
                              <Identifier>
                                <ColumnReference Column="Expr1008" />
                              </Identifier>
                            </ScalarOperator>
                          </Assign>
                          <Assign>
                            <ColumnReference Table="@InputBugs" Alias="[ib]" Column="DuplicateNumber" />
                            <ScalarOperator>
                              <Identifier>
                                <ColumnReference Column="Expr1009" />
                              </Identifier>
                            </ScalarOperator>
                          </Assign>
                        </MultipleAssign>
                      </ScalarOperator>
                    </ScalarExpressionList>
                  </ScalarOperator>
                </SetPredicate>
                <RelOp NodeId="1" PhysicalOp="Nested Loops" LogicalOp="Inner Join" EstimateRows="1" EstimateIO="0" EstimateCPU="4.18e-006" AvgRowSize="288" EstimatedTotalSubtreeCost="0.013145" Parallel="0" EstimateRebinds="0" EstimateRewinds="0" EstimatedExecutionMode="Row">
                  <OutputList>
                    <ColumnReference Column="Bmk1000" />
                    <ColumnReference Column="Expr1007" />
                    <ColumnReference Column="Expr1008" />
                    <ColumnReference Column="Expr1009" />
                  </OutputList>
                  <NestedLoops Optimized="0">
                    <OuterReferences>
                      <ColumnReference Database="[OurLabReporting]" Schema="[dbo]" Table="[Bug]" Alias="[b]" Column="DatabaseName" />
                      <ColumnReference Database="[OurLabReporting]" Schema="[dbo]" Table="[Bug]" Alias="[b]" Column="DuplicateNumber" />
                    </OuterReferences>
                    <RelOp NodeId="2" PhysicalOp="Compute Scalar" LogicalOp="Compute Scalar" EstimateRows="1" EstimateIO="0" EstimateCPU="1e-007" AvgRowSize="313" EstimatedTotalSubtreeCost="0.00985776" Parallel="0" EstimateRebinds="0" EstimateRewinds="0" EstimatedExecutionMode="Row">
                      <OutputList>
                        <ColumnReference Column="Bmk1000" />
                        <ColumnReference Database="[OurLabReporting]" Schema="[dbo]" Table="[Bug]" Alias="[b]" Column="DatabaseName" />
                        <ColumnReference Database="[OurLabReporting]" Schema="[dbo]" Table="[Bug]" Alias="[b]" Column="DuplicateNumber" />
                        <ColumnReference Column="Expr1007" />
                        <ColumnReference Column="Expr1008" />
                        <ColumnReference Column="Expr1009" />
                      </OutputList>
                      <ComputeScalar>
                        <DefinedValues>
                          <DefinedValue>
                            <ColumnReference Column="Expr1007" />
                            <ScalarOperator ScalarString="CONVERT_IMPLICIT(nvarchar(255),[OurLabReporting].[dbo].[Bug].[Title] as [b].[Title],0)">
                              <Convert DataType="nvarchar" Length="510" Style="0" Implicit="1">
                                <ScalarOperator>
                                  <Identifier>
                                    <ColumnReference Database="[OurLabReporting]" Schema="[dbo]" Table="[Bug]" Alias="[b]" Column="Title" />
                                  </Identifier>
                                </ScalarOperator>
                              </Convert>
                            </ScalarOperator>
                          </DefinedValue>
                          <DefinedValue>
                            <ColumnReference Column="Expr1008" />
                            <ScalarOperator ScalarString="CONVERT_IMPLICIT(nvarchar(8),[OurLabReporting].[dbo].[Bug].[Status] as [b].[Status],0)">
                              <Convert DataType="nvarchar" Length="16" Style="0" Implicit="1">
                                <ScalarOperator>
                                  <Identifier>
                                    <ColumnReference Database="[OurLabReporting]" Schema="[dbo]" Table="[Bug]" Alias="[b]" Column="Status" />
                                  </Identifier>
                                </ScalarOperator>
                              </Convert>
                            </ScalarOperator>
                          </DefinedValue>
                          <DefinedValue>
                            <ColumnReference Column="Expr1009" />
                            <ScalarOperator ScalarString="[OurLabReporting].[dbo].[Bug].[DuplicateNumber] as [b].[DuplicateNumber]">
                              <Identifier>
                                <ColumnReference Database="[OurLabReporting]" Schema="[dbo]" Table="[Bug]" Alias="[b]" Column="DuplicateNumber" />
                              </Identifier>
                            </ScalarOperator>
                          </DefinedValue>
                        </DefinedValues>
                        <RelOp NodeId="3" PhysicalOp="Nested Loops" LogicalOp="Inner Join" EstimateRows="1" EstimateIO="0" EstimateCPU="4.18e-006" AvgRowSize="1120" EstimatedTotalSubtreeCost="0.00985766" Parallel="0" EstimateRebinds="0" EstimateRewinds="0" EstimatedExecutionMode="Row">
                          <OutputList>
                            <ColumnReference Column="Bmk1000" />
                            <ColumnReference Database="[OurLabReporting]" Schema="[dbo]" Table="[Bug]" Alias="[b]" Column="DatabaseName" />
                            <ColumnReference Database="[OurLabReporting]" Schema="[dbo]" Table="[Bug]" Alias="[b]" Column="Title" />
                            <ColumnReference Database="[OurLabReporting]" Schema="[dbo]" Table="[Bug]" Alias="[b]" Column="Status" />
                            <ColumnReference Database="[OurLabReporting]" Schema="[dbo]" Table="[Bug]" Alias="[b]" Column="DuplicateNumber" />
                          </OutputList>
                          <NestedLoops Optimized="0">
                            <OuterReferences>
                              <ColumnReference Database="[OurLabReporting]" Schema="[dbo]" Table="[Bug]" Alias="[b]" Column="Id" />
                            </OuterReferences>
                            <RelOp NodeId="4" PhysicalOp="Nested Loops" LogicalOp="Inner Join" EstimateRows="1" EstimateIO="0" EstimateCPU="4.18e-006" AvgRowSize="42" EstimatedTotalSubtreeCost="0.00657038" Parallel="0" EstimateRebinds="0" EstimateRewinds="0" EstimatedExecutionMode="Row">
                              <OutputList>
                                <ColumnReference Column="Bmk1000" />
                                <ColumnReference Database="[OurLabReporting]" Schema="[dbo]" Table="[Bug]" Alias="[b]" Column="DatabaseName" />
                                <ColumnReference Database="[OurLabReporting]" Schema="[dbo]" Table="[Bug]" Alias="[b]" Column="Id" />
                              </OutputList>
                              <NestedLoops Optimized="0">
                                <OuterReferences>
                                  <ColumnReference Table="@InputBugs" Alias="[ib]" Column="Number" />
                                  <ColumnReference Table="@InputBugs" Alias="[ib]" Column="BugDatabase" />
                                </OuterReferences>
                                <RelOp NodeId="5" PhysicalOp="Table Scan" LogicalOp="Table Scan" EstimateRows="1" EstimateIO="0.003125" EstimateCPU="0.0001581" AvgRowSize="273" EstimatedTotalSubtreeCost="0.0032831" TableCardinality="0" Parallel="0" EstimateRebinds="0" EstimateRewinds="0" EstimatedExecutionMode="Row">
                                  <OutputList>
                                    <ColumnReference Column="Bmk1000" />
                                    <ColumnReference Table="@InputBugs" Alias="[ib]" Column="Number" />
                                    <ColumnReference Table="@InputBugs" Alias="[ib]" Column="BugDatabase" />
                                  </OutputList>
                                  <TableScan Ordered="1" ForcedIndex="0" ForceScan="0" NoExpandHint="0">
                                    <DefinedValues>
                                      <DefinedValue>
                                        <ColumnReference Column="Bmk1000" />
                                      </DefinedValue>
                                      <DefinedValue>
                                        <ColumnReference Table="@InputBugs" Alias="[ib]" Column="Number" />
                                      </DefinedValue>
                                      <DefinedValue>
                                        <ColumnReference Table="@InputBugs" Alias="[ib]" Column="BugDatabase" />
                                      </DefinedValue>
                                    </DefinedValues>
                                    <Object Table="[@InputBugs]" Alias="[ib]" />
                                  </TableScan>
                                </RelOp>
                                <RelOp NodeId="6" PhysicalOp="Index Seek" LogicalOp="Index Seek" EstimateRows="1" EstimateIO="0.003125" EstimateCPU="0.0001581" AvgRowSize="34" EstimatedTotalSubtreeCost="0.0032831" TableCardinality="37279" Parallel="0" EstimateRebinds="0" EstimateRewinds="0" EstimatedExecutionMode="Row">
                                  <OutputList>
                                    <ColumnReference Database="[OurLabReporting]" Schema="[dbo]" Table="[Bug]" Alias="[b]" Column="DatabaseName" />
                                    <ColumnReference Database="[OurLabReporting]" Schema="[dbo]" Table="[Bug]" Alias="[b]" Column="Id" />
                                  </OutputList>
                                  <IndexScan Ordered="1" ScanDirection="FORWARD" ForcedIndex="0" ForceSeek="0" ForceScan="0" NoExpandHint="0" Storage="RowStore">
                                    <DefinedValues>
                                      <DefinedValue>
                                        <ColumnReference Database="[OurLabReporting]" Schema="[dbo]" Table="[Bug]" Alias="[b]" Column="DatabaseName" />
                                      </DefinedValue>
                                      <DefinedValue>
                                        <ColumnReference Database="[OurLabReporting]" Schema="[dbo]" Table="[Bug]" Alias="[b]" Column="Id" />
                                      </DefinedValue>
                                    </DefinedValues>
                                    <Object Database="[OurLabReporting]" Schema="[dbo]" Table="[Bug]" Index="[AK_Database_Number]" Alias="[b]" IndexKind="NonClustered" />
                                    <SeekPredicates>
                                      <SeekPredicateNew>
                                        <SeekKeys>
                                          <Prefix ScanType="EQ">
                                            <RangeColumns>
                                              <ColumnReference Database="[OurLabReporting]" Schema="[dbo]" Table="[Bug]" Alias="[b]" Column="DatabaseName" />
                                              <ColumnReference Database="[OurLabReporting]" Schema="[dbo]" Table="[Bug]" Alias="[b]" Column="Number" />
                                            </RangeColumns>
                                            <RangeExpressions>
                                              <ScalarOperator ScalarString="@InputBugs.[BugDatabase] as [ib].[BugDatabase]">
                                                <Identifier>
                                                  <ColumnReference Table="@InputBugs" Alias="[ib]" Column="BugDatabase" />
                                                </Identifier>
                                              </ScalarOperator>
                                              <ScalarOperator ScalarString="@InputBugs.[Number] as [ib].[Number]">
                                                <Identifier>
                                                  <ColumnReference Table="@InputBugs" Alias="[ib]" Column="Number" />
                                                </Identifier>
                                              </ScalarOperator>
                                            </RangeExpressions>
                                          </Prefix>
                                        </SeekKeys>
                                      </SeekPredicateNew>
                                    </SeekPredicates>
                                  </IndexScan>
                                </RelOp>
                              </NestedLoops>
                            </RelOp>
                            <RelOp NodeId="8" PhysicalOp="Clustered Index Seek" LogicalOp="Clustered Index Seek" EstimateRows="1" EstimateIO="0.003125" EstimateCPU="0.0001581" AvgRowSize="1091" EstimatedTotalSubtreeCost="0.0032831" TableCardinality="37279" Parallel="0" EstimateRebinds="0" EstimateRewinds="0" EstimatedExecutionMode="Row">
                              <OutputList>
                                <ColumnReference Database="[OurLabReporting]" Schema="[dbo]" Table="[Bug]" Alias="[b]" Column="Title" />
                                <ColumnReference Database="[OurLabReporting]" Schema="[dbo]" Table="[Bug]" Alias="[b]" Column="Status" />
                                <ColumnReference Database="[OurLabReporting]" Schema="[dbo]" Table="[Bug]" Alias="[b]" Column="DuplicateNumber" />
                              </OutputList>
                              <IndexScan Lookup="1" Ordered="1" ScanDirection="FORWARD" ForcedIndex="0" ForceSeek="0" ForceScan="0" NoExpandHint="0" Storage="RowStore">
                                <DefinedValues>
                                  <DefinedValue>
                                    <ColumnReference Database="[OurLabReporting]" Schema="[dbo]" Table="[Bug]" Alias="[b]" Column="Title" />
                                  </DefinedValue>
                                  <DefinedValue>
                                    <ColumnReference Database="[OurLabReporting]" Schema="[dbo]" Table="[Bug]" Alias="[b]" Column="Status" />
                                  </DefinedValue>
                                  <DefinedValue>
                                    <ColumnReference Database="[OurLabReporting]" Schema="[dbo]" Table="[Bug]" Alias="[b]" Column="DuplicateNumber" />
                                  </DefinedValue>
                                </DefinedValues>
                                <Object Database="[OurLabReporting]" Schema="[dbo]" Table="[Bug]" Index="[Bug_PK]" Alias="[b]" TableReferenceId="-1" IndexKind="Clustered" />
                                <SeekPredicates>
                                  <SeekPredicateNew>
                                    <SeekKeys>
                                      <Prefix ScanType="EQ">
                                        <RangeColumns>
                                          <ColumnReference Database="[OurLabReporting]" Schema="[dbo]" Table="[Bug]" Alias="[b]" Column="Id" />
                                        </RangeColumns>
                                        <RangeExpressions>
                                          <ScalarOperator ScalarString="[OurLabReporting].[dbo].[Bug].[Id] as [b].[Id]">
                                            <Identifier>
                                              <ColumnReference Database="[OurLabReporting]" Schema="[dbo]" Table="[Bug]" Alias="[b]" Column="Id" />
                                            </Identifier>
                                          </ScalarOperator>
                                        </RangeExpressions>
                                      </Prefix>
                                    </SeekKeys>
                                  </SeekPredicateNew>
                                </SeekPredicates>
                              </IndexScan>
                            </RelOp>
                          </NestedLoops>
                        </RelOp>
                      </ComputeScalar>
                    </RelOp>
                    <RelOp NodeId="23" PhysicalOp="Index Seek" LogicalOp="Index Seek" EstimateRows="1" EstimateIO="0.003125" EstimateCPU="0.0001581" AvgRowSize="9" EstimatedTotalSubtreeCost="0.0032831" TableCardinality="37279" Parallel="0" EstimateRebinds="0" EstimateRewinds="0" EstimatedExecutionMode="Row">
                      <OutputList />
                      <IndexScan Ordered="1" ScanDirection="FORWARD" ForcedIndex="0" ForceSeek="0" ForceScan="0" NoExpandHint="0" Storage="RowStore">
                        <DefinedValues />
                        <Object Database="[OurLabReporting]" Schema="[dbo]" Table="[Bug]" Index="[AK_Database_Number]" Alias="[p]" IndexKind="NonClustered" />
                        <SeekPredicates>
                          <SeekPredicateNew>
                            <SeekKeys>
                              <Prefix ScanType="EQ">
                                <RangeColumns>
                                  <ColumnReference Database="[OurLabReporting]" Schema="[dbo]" Table="[Bug]" Alias="[p]" Column="DatabaseName" />
                                  <ColumnReference Database="[OurLabReporting]" Schema="[dbo]" Table="[Bug]" Alias="[p]" Column="Number" />
                                </RangeColumns>
                                <RangeExpressions>
                                  <ScalarOperator ScalarString="[OurLabReporting].[dbo].[Bug].[DatabaseName] as [b].[DatabaseName]">
                                    <Identifier>
                                      <ColumnReference Database="[OurLabReporting]" Schema="[dbo]" Table="[Bug]" Alias="[b]" Column="DatabaseName" />
                                    </Identifier>
                                  </ScalarOperator>
                                  <ScalarOperator ScalarString="[OurLabReporting].[dbo].[Bug].[DuplicateNumber] as [b].[DuplicateNumber]">
                                    <Identifier>
                                      <ColumnReference Database="[OurLabReporting]" Schema="[dbo]" Table="[Bug]" Alias="[b]" Column="DuplicateNumber" />
                                    </Identifier>
                                  </ScalarOperator>
                                </RangeExpressions>
                              </Prefix>
                            </SeekKeys>
                          </SeekPredicateNew>
                        </SeekPredicates>
                      </IndexScan>
                    </RelOp>
                  </NestedLoops>
                </RelOp>
              </Update>
            </RelOp>
          </QueryPlan>
        </StmtSimple>
        <StmtSimple StatementText="&#xA;DECLARE @PrimaryBugs table (&#xD;&#xA;    Number int,&#xD;&#xA;    BugDatabase nvarchar(250),&#xD;&#xA;    RunHits int,&#xD;&#xA;    FailureType nvarchar(100),&#xD;&#xA;    PrimaryFailure bit,&#xD;&#xA;    BranchSpecific bit,&#xD;&#xA;&#x9;OwnerId bigint,&#xD;&#xA;&#x9;FoundInBranch nvarchar(255) NULL,&#xD;&#xA;&#x9;FamilyCount int&#xD;&#xA;)&#xD;&#xA;&#xD;&#xA;-- Find all primary bug IDs&#xD;&#xA;INSERT INTO @PrimaryBugs&#xD;&#xA;SELECT&#xD;&#xA;    DuplicateNumber,&#xD;&#xA;    BugDatabase,&#xD;&#xA;    SUM(RunHits),&#xD;&#xA;    MAX(FailureType),&#xD;&#xA;    MAX(PrimaryFailure),&#xD;&#xA;    MAX(BranchSpecific),&#xD;&#xA;&#x9;OwnerId,&#xD;&#xA;&#x9;NULL,&#xD;&#xA;&#x9;0&#xD;&#xA;FROM @InputBugs&#xD;&#xA;GROUP BY DuplicateNumber, BugDatabase, OwnerId&#xD;&#xA;&#xD;" StatementId="9" StatementCompId="14" StatementType="INSERT" RetrievedFromCache="true" StatementSubTreeCost="0.0246469" StatementEstRows="1" StatementOptmLevel="FULL" QueryHash="0x872900DC92708D1C" QueryPlanHash="0xCDD02B43D56BC73E" StatementOptmEarlyAbortReason="GoodEnoughPlanFound">
          <StatementSetOptions QUOTED_IDENTIFIER="true" ARITHABORT="true" CONCAT_NULL_YIELDS_NULL="true" ANSI_NULLS="true" ANSI_PADDING="true" ANSI_WARNINGS="true" NUMERIC_ROUNDABORT="false" />
          <QueryPlan NonParallelPlanReason="MaxDOPSetToOne" CachedPlanSize="40" CompileTime="2" CompileCPU="2" CompileMemory="832">
            <MemoryGrantInfo SerialRequiredMemory="512" SerialDesiredMemory="544" />
            <OptimizerHardwareDependentProperties EstimatedAvailableMemoryGrant="193313" EstimatedPagesCached="773254" EstimatedAvailableDegreeOfParallelism="1" />
            <RelOp NodeId="0" PhysicalOp="Table Insert" LogicalOp="Insert" EstimateRows="1" EstimateIO="0.01" EstimateCPU="1e-006" AvgRowSize="9" EstimatedTotalSubtreeCost="0.0246469" Parallel="0" EstimateRebinds="0" EstimateRewinds="0" EstimatedExecutionMode="Row">
              <OutputList />
              <Update DMLRequestSort="0">
                <Object Table="[@PrimaryBugs]" />
                <SetPredicate>
                  <ScalarOperator ScalarString="[Number] = [DuplicateNumber],[BugDatabase] = [BugDatabase],[RunHits] = [Expr1008],[FailureType] = [Expr1009],[PrimaryFailure] = [Expr1012],[BranchSpecific] = [Expr1013],[OwnerId] = [OwnerId],[FoundInBranch] = [Expr1014],[FamilyCount] = [Expr1015]">
                    <ScalarExpressionList>
                      <ScalarOperator>
                        <MultipleAssign>
                          <Assign>
                            <ColumnReference Column="Number" />
                            <ScalarOperator>
                              <Identifier>
                                <ColumnReference Column="DuplicateNumber" />
                              </Identifier>
                            </ScalarOperator>
                          </Assign>
                          <Assign>
                            <ColumnReference Column="BugDatabase" />
                            <ScalarOperator>
                              <Identifier>
                                <ColumnReference Column="BugDatabase" />
                              </Identifier>
                            </ScalarOperator>
                          </Assign>
                          <Assign>
                            <ColumnReference Column="RunHits" />
                            <ScalarOperator>
                              <Identifier>
                                <ColumnReference Column="Expr1008" />
                              </Identifier>
                            </ScalarOperator>
                          </Assign>
                          <Assign>
                            <ColumnReference Column="FailureType" />
                            <ScalarOperator>
                              <Identifier>
                                <ColumnReference Column="Expr1009" />
                              </Identifier>
                            </ScalarOperator>
                          </Assign>
                          <Assign>
                            <ColumnReference Column="PrimaryFailure" />
                            <ScalarOperator>
                              <Identifier>
                                <ColumnReference Column="Expr1012" />
                              </Identifier>
                            </ScalarOperator>
                          </Assign>
                          <Assign>
                            <ColumnReference Column="BranchSpecific" />
                            <ScalarOperator>
                              <Identifier>
                                <ColumnReference Column="Expr1013" />
                              </Identifier>
                            </ScalarOperator>
                          </Assign>
                          <Assign>
                            <ColumnReference Column="OwnerId" />
                            <ScalarOperator>
                              <Identifier>
                                <ColumnReference Column="OwnerId" />
                              </Identifier>
                            </ScalarOperator>
                          </Assign>
                          <Assign>
                            <ColumnReference Column="FoundInBranch" />
                            <ScalarOperator>
                              <Identifier>
                                <ColumnReference Column="Expr1014" />
                              </Identifier>
                            </ScalarOperator>
                          </Assign>
                          <Assign>
                            <ColumnReference Column="FamilyCount" />
                            <ScalarOperator>
                              <Identifier>
                                <ColumnReference Column="Expr1015" />
                              </Identifier>
                            </ScalarOperator>
                          </Assign>
                        </MultipleAssign>
                      </ScalarOperator>
                    </ScalarExpressionList>
                  </ScalarOperator>
                </SetPredicate>
                <RelOp NodeId="1" PhysicalOp="Compute Scalar" LogicalOp="Compute Scalar" EstimateRows="1" EstimateIO="0" EstimateCPU="1e-007" AvgRowSize="642" EstimatedTotalSubtreeCost="0.0146459" Parallel="0" EstimateRebinds="0" EstimateRewinds="0" EstimatedExecutionMode="Row">
                  <OutputList>
                    <ColumnReference Column="BugDatabase" />
                    <ColumnReference Column="DuplicateNumber" />
                    <ColumnReference Column="OwnerId" />
                    <ColumnReference Column="Expr1008" />
                    <ColumnReference Column="Expr1009" />
                    <ColumnReference Column="Expr1012" />
                    <ColumnReference Column="Expr1013" />
                    <ColumnReference Column="Expr1014" />
                    <ColumnReference Column="Expr1015" />
                  </OutputList>
                  <ComputeScalar>
                    <DefinedValues>
                      <DefinedValue>
                        <ColumnReference Column="Expr1012" />
                        <ScalarOperator ScalarString="CONVERT_IMPLICIT(bit,[Expr1010],0)">
                          <Convert DataType="bit" Style="0" Implicit="1">
                            <ScalarOperator>
                              <Identifier>
                                <ColumnReference Column="Expr1010" />
                              </Identifier>
                            </ScalarOperator>
                          </Convert>
                        </ScalarOperator>
                      </DefinedValue>
                      <DefinedValue>
                        <ColumnReference Column="Expr1013" />
                        <ScalarOperator ScalarString="CONVERT_IMPLICIT(bit,[Expr1011],0)">
                          <Convert DataType="bit" Style="0" Implicit="1">
                            <ScalarOperator>
                              <Identifier>
                                <ColumnReference Column="Expr1011" />
                              </Identifier>
                            </ScalarOperator>
                          </Convert>
                        </ScalarOperator>
                      </DefinedValue>
                      <DefinedValue>
                        <ColumnReference Column="Expr1014" />
                        <ScalarOperator ScalarString="NULL">
                          <Const ConstValue="NULL" />
                        </ScalarOperator>
                      </DefinedValue>
                      <DefinedValue>
                        <ColumnReference Column="Expr1015" />
                        <ScalarOperator ScalarString="(0)">
                          <Const ConstValue="(0)" />
                        </ScalarOperator>
                      </DefinedValue>
                    </DefinedValues>
                    <RelOp NodeId="2" PhysicalOp="Compute Scalar" LogicalOp="Compute Scalar" EstimateRows="1" EstimateIO="0" EstimateCPU="1.1e-006" AvgRowSize="381" EstimatedTotalSubtreeCost="0.0146458" Parallel="0" EstimateRebinds="0" EstimateRewinds="0" EstimatedExecutionMode="Row">
                      <OutputList>
                        <ColumnReference Column="BugDatabase" />
                        <ColumnReference Column="DuplicateNumber" />
                        <ColumnReference Column="OwnerId" />
                        <ColumnReference Column="Expr1008" />
                        <ColumnReference Column="Expr1009" />
                        <ColumnReference Column="Expr1010" />
                        <ColumnReference Column="Expr1011" />
                      </OutputList>
                      <ComputeScalar>
                        <DefinedValues>
                          <DefinedValue>
                            <ColumnReference Column="Expr1008" />
                            <ScalarOperator ScalarString="CASE WHEN [Expr1023]=(0) THEN NULL ELSE [Expr1024] END">
                              <IF>
                                <Condition>
                                  <ScalarOperator>
                                    <Compare CompareOp="EQ">
                                      <ScalarOperator>
                                        <Identifier>
                                          <ColumnReference Column="Expr1023" />
                                        </Identifier>
                                      </ScalarOperator>
                                      <ScalarOperator>
                                        <Const ConstValue="(0)" />
                                      </ScalarOperator>
                                    </Compare>
                                  </ScalarOperator>
                                </Condition>
                                <Then>
                                  <ScalarOperator>
                                    <Const ConstValue="NULL" />
                                  </ScalarOperator>
                                </Then>
                                <Else>
                                  <ScalarOperator>
                                    <Identifier>
                                      <ColumnReference Column="Expr1024" />
                                    </Identifier>
                                  </ScalarOperator>
                                </Else>
                              </IF>
                            </ScalarOperator>
                          </DefinedValue>
                        </DefinedValues>
                        <RelOp NodeId="3" PhysicalOp="Stream Aggregate" LogicalOp="Aggregate" EstimateRows="1" EstimateIO="0" EstimateCPU="1.1e-006" AvgRowSize="381" EstimatedTotalSubtreeCost="0.0146458" Parallel="0" EstimateRebinds="0" EstimateRewinds="0" EstimatedExecutionMode="Row">
                          <OutputList>
                            <ColumnReference Column="BugDatabase" />
                            <ColumnReference Column="DuplicateNumber" />
                            <ColumnReference Column="OwnerId" />
                            <ColumnReference Column="Expr1009" />
                            <ColumnReference Column="Expr1010" />
                            <ColumnReference Column="Expr1011" />
                            <ColumnReference Column="Expr1023" />
                            <ColumnReference Column="Expr1024" />
                          </OutputList>
                          <StreamAggregate>
                            <DefinedValues>
                              <DefinedValue>
                                <ColumnReference Column="Expr1023" />
                                <ScalarOperator ScalarString="COUNT_BIG([RunHits])">
                                  <Aggregate Distinct="0" AggType="COUNT_BIG">
                                    <ScalarOperator>
                                      <Identifier>
                                        <ColumnReference Column="RunHits" />
                                      </Identifier>
                                    </ScalarOperator>
                                  </Aggregate>
                                </ScalarOperator>
                              </DefinedValue>
                              <DefinedValue>
                                <ColumnReference Column="Expr1024" />
                                <ScalarOperator ScalarString="SUM([RunHits])">
                                  <Aggregate Distinct="0" AggType="SUM">
                                    <ScalarOperator>
                                      <Identifier>
                                        <ColumnReference Column="RunHits" />
                                      </Identifier>
                                    </ScalarOperator>
                                  </Aggregate>
                                </ScalarOperator>
                              </DefinedValue>
                              <DefinedValue>
                                <ColumnReference Column="Expr1009" />
                                <ScalarOperator ScalarString="MAX([FailureType])">
                                  <Aggregate Distinct="0" AggType="MAX">
                                    <ScalarOperator>
                                      <Identifier>
                                        <ColumnReference Column="FailureType" />
                                      </Identifier>
                                    </ScalarOperator>
                                  </Aggregate>
                                </ScalarOperator>
                              </DefinedValue>
                              <DefinedValue>
                                <ColumnReference Column="Expr1010" />
                                <ScalarOperator ScalarString="MAX([PrimaryFailure])">
                                  <Aggregate Distinct="0" AggType="MAX">
                                    <ScalarOperator>
                                      <Identifier>
                                        <ColumnReference Column="PrimaryFailure" />
                                      </Identifier>
                                    </ScalarOperator>
                                  </Aggregate>
                                </ScalarOperator>
                              </DefinedValue>
                              <DefinedValue>
                                <ColumnReference Column="Expr1011" />
                                <ScalarOperator ScalarString="MAX([BranchSpecific])">
                                  <Aggregate Distinct="0" AggType="MAX">
                                    <ScalarOperator>
                                      <Identifier>
                                        <ColumnReference Column="BranchSpecific" />
                                      </Identifier>
                                    </ScalarOperator>
                                  </Aggregate>
                                </ScalarOperator>
                              </DefinedValue>
                            </DefinedValues>
                            <GroupBy>
                              <ColumnReference Column="DuplicateNumber" />
                              <ColumnReference Column="BugDatabase" />
                              <ColumnReference Column="OwnerId" />
                            </GroupBy>
                            <RelOp NodeId="4" PhysicalOp="Sort" LogicalOp="Sort" EstimateRows="1" EstimateIO="0.0112613" EstimateCPU="0.000100381" AvgRowSize="381" EstimatedTotalSubtreeCost="0.0146447" Parallel="0" EstimateRebinds="0" EstimateRewinds="0" EstimatedExecutionMode="Row">
                              <OutputList>
                                <ColumnReference Column="BugDatabase" />
                                <ColumnReference Column="DuplicateNumber" />
                                <ColumnReference Column="RunHits" />
                                <ColumnReference Column="FailureType" />
                                <ColumnReference Column="PrimaryFailure" />
                                <ColumnReference Column="BranchSpecific" />
                                <ColumnReference Column="OwnerId" />
                              </OutputList>
                              <MemoryFractions Input="1" Output="1" />
                              <Sort Distinct="0">
                                <OrderBy>
                                  <OrderByColumn Ascending="1">
                                    <ColumnReference Column="DuplicateNumber" />
                                  </OrderByColumn>
                                  <OrderByColumn Ascending="1">
                                    <ColumnReference Column="BugDatabase" />
                                  </OrderByColumn>
                                  <OrderByColumn Ascending="1">
                                    <ColumnReference Column="OwnerId" />
                                  </OrderByColumn>
                                </OrderBy>
                                <RelOp NodeId="5" PhysicalOp="Table Scan" LogicalOp="Table Scan" EstimateRows="1" EstimateIO="0.003125" EstimateCPU="0.0001581" AvgRowSize="381" EstimatedTotalSubtreeCost="0.0032831" TableCardinality="0" Parallel="0" EstimateRebinds="0" EstimateRewinds="0" EstimatedExecutionMode="Row">
                                  <OutputList>
                                    <ColumnReference Column="BugDatabase" />
                                    <ColumnReference Column="DuplicateNumber" />
                                    <ColumnReference Column="RunHits" />
                                    <ColumnReference Column="FailureType" />
                                    <ColumnReference Column="PrimaryFailure" />
                                    <ColumnReference Column="BranchSpecific" />
                                    <ColumnReference Column="OwnerId" />
                                  </OutputList>
                                  <TableScan Ordered="0" ForcedIndex="0" ForceScan="0" NoExpandHint="0">
                                    <DefinedValues>
                                      <DefinedValue>
                                        <ColumnReference Column="BugDatabase" />
                                      </DefinedValue>
                                      <DefinedValue>
                                        <ColumnReference Column="DuplicateNumber" />
                                      </DefinedValue>
                                      <DefinedValue>
                                        <ColumnReference Column="RunHits" />
                                      </DefinedValue>
                                      <DefinedValue>
                                        <ColumnReference Column="FailureType" />
                                      </DefinedValue>
                                      <DefinedValue>
                                        <ColumnReference Column="PrimaryFailure" />
                                      </DefinedValue>
                                      <DefinedValue>
                                        <ColumnReference Column="BranchSpecific" />
                                      </DefinedValue>
                                      <DefinedValue>
                                        <ColumnReference Column="OwnerId" />
                                      </DefinedValue>
                                    </DefinedValues>
                                    <Object Table="[@InputBugs]" />
                                  </TableScan>
                                </RelOp>
                              </Sort>
                            </RelOp>
                          </StreamAggregate>
                        </RelOp>
                      </ComputeScalar>
                    </RelOp>
                  </ComputeScalar>
                </RelOp>
              </Update>
            </RelOp>
          </QueryPlan>
        </StmtSimple>
        <StmtCond StatementText="&#xA;IF @BugIds IS NOT NULL&#xD;" StatementId="10" StatementCompId="15" StatementType="COND" RetrievedFromCache="true">
          <Condition />
          <Then>
            <Statements>
              <StmtSimple StatementText="&#xA;BEGIN&#xD;&#xA;&#x9;-- If bug IDs are explicitly given, then just return the information for these bugs&#xD;&#xA;&#x9;INSERT INTO @PrimaryBugs&#xD;&#xA;&#x9;SELECT&#xD;&#xA;&#x9;&#x9;b.Number,&#xD;&#xA;&#x9;&#x9;b.DatabaseName,&#xD;&#xA;&#x9;&#x9;0,&#xD;&#xA;&#x9;&#x9;NULL,&#xD;&#xA;&#x9;&#x9;0,&#xD;&#xA;&#x9;&#x9;0,&#xD;&#xA;&#x9;&#x9;0,&#xD;&#xA;&#x9;&#x9;NULL,&#xD;&#xA;&#x9;&#x9;0&#xD;&#xA;&#x9;FROM (SELECT DISTINCT String FROM dbo.Function_Split(@BugIds, ',')) id&#xD;&#xA;&#x9;&#x9;INNER JOIN dbo.Bug b WITH (NOLOCK) ON b.Id = CAST(id.String AS int)&#xD;" StatementId="11" StatementCompId="16" StatementType="INSERT" RetrievedFromCache="true" StatementSubTreeCost="0.024658" StatementEstRows="1" StatementOptmLevel="FULL" QueryHash="0x79EA7DDC4C89E326" QueryPlanHash="0xDD2D99563D8F4C92" StatementOptmEarlyAbortReason="GoodEnoughPlanFound">
                <StatementSetOptions QUOTED_IDENTIFIER="true" ARITHABORT="true" CONCAT_NULL_YIELDS_NULL="true" ANSI_NULLS="true" ANSI_PADDING="true" ANSI_WARNINGS="true" NUMERIC_ROUNDABORT="false" />
                <QueryPlan NonParallelPlanReason="MaxDOPSetToOne" CachedPlanSize="48" CompileTime="5" CompileCPU="5" CompileMemory="1040">
                  <MemoryGrantInfo SerialRequiredMemory="512" SerialDesiredMemory="544" />
                  <OptimizerHardwareDependentProperties EstimatedAvailableMemoryGrant="193313" EstimatedPagesCached="773254" EstimatedAvailableDegreeOfParallelism="1" />
                  <RelOp NodeId="0" PhysicalOp="Table Insert" LogicalOp="Insert" EstimateRows="1" EstimateIO="0.01" EstimateCPU="1e-006" AvgRowSize="9" EstimatedTotalSubtreeCost="0.024658" Parallel="0" EstimateRebinds="0" EstimateRewinds="0" EstimatedExecutionMode="Row">
                    <OutputList />
                    <Update DMLRequestSort="0">
                      <Object Table="[@PrimaryBugs]" />
                      <SetPredicate>
                        <ScalarOperator ScalarString="[Number] = [OurLabReporting].[dbo].[Bug].[Number] as [b].[Number],[BugDatabase] = [OurLabReporting].[dbo].[Bug].[DatabaseName] as [b].[DatabaseName],[RunHits] = [Expr1014],[FailureType] = [Expr1015],[PrimaryFailure] = [Expr1016],[BranchSpecific] = [Expr1017],[OwnerId] = [Expr1018],[FoundInBranch] = [Expr1019],[FamilyCount] = [Expr1020]">
                          <ScalarExpressionList>
                            <ScalarOperator>
                              <MultipleAssign>
                                <Assign>
                                  <ColumnReference Column="Number" />
                                  <ScalarOperator>
                                    <Identifier>
                                      <ColumnReference Database="[OurLabReporting]" Schema="[dbo]" Table="[Bug]" Alias="[b]" Column="Number" />
                                    </Identifier>
                                  </ScalarOperator>
                                </Assign>
                                <Assign>
                                  <ColumnReference Column="BugDatabase" />
                                  <ScalarOperator>
                                    <Identifier>
                                      <ColumnReference Database="[OurLabReporting]" Schema="[dbo]" Table="[Bug]" Alias="[b]" Column="DatabaseName" />
                                    </Identifier>
                                  </ScalarOperator>
                                </Assign>
                                <Assign>
                                  <ColumnReference Column="RunHits" />
                                  <ScalarOperator>
                                    <Identifier>
                                      <ColumnReference Column="Expr1014" />
                                    </Identifier>
                                  </ScalarOperator>
                                </Assign>
                                <Assign>
                                  <ColumnReference Column="FailureType" />
                                  <ScalarOperator>
                                    <Identifier>
                                      <ColumnReference Column="Expr1015" />
                                    </Identifier>
                                  </ScalarOperator>
                                </Assign>
                                <Assign>
                                  <ColumnReference Column="PrimaryFailure" />
                                  <ScalarOperator>
                                    <Identifier>
                                      <ColumnReference Column="Expr1016" />
                                    </Identifier>
                                  </ScalarOperator>
                                </Assign>
                                <Assign>
                                  <ColumnReference Column="BranchSpecific" />
                                  <ScalarOperator>
                                    <Identifier>
                                      <ColumnReference Column="Expr1017" />
                                    </Identifier>
                                  </ScalarOperator>
                                </Assign>
                                <Assign>
                                  <ColumnReference Column="OwnerId" />
                                  <ScalarOperator>
                                    <Identifier>
                                      <ColumnReference Column="Expr1018" />
                                    </Identifier>
                                  </ScalarOperator>
                                </Assign>
                                <Assign>
                                  <ColumnReference Column="FoundInBranch" />
                                  <ScalarOperator>
                                    <Identifier>
                                      <ColumnReference Column="Expr1019" />
                                    </Identifier>
                                  </ScalarOperator>
                                </Assign>
                                <Assign>
                                  <ColumnReference Column="FamilyCount" />
                                  <ScalarOperator>
                                    <Identifier>
                                      <ColumnReference Column="Expr1020" />
                                    </Identifier>
                                  </ScalarOperator>
                                </Assign>
                              </MultipleAssign>
                            </ScalarOperator>
                          </ScalarExpressionList>
                        </ScalarOperator>
                      </SetPredicate>
                      <RelOp NodeId="1" PhysicalOp="Compute Scalar" LogicalOp="Compute Scalar" EstimateRows="1" EstimateIO="0" EstimateCPU="1e-007" AvgRowSize="642" EstimatedTotalSubtreeCost="0.014657" Parallel="0" EstimateRebinds="0" EstimateRewinds="0" EstimatedExecutionMode="Row">
                        <OutputList>
                          <ColumnReference Database="[OurLabReporting]" Schema="[dbo]" Table="[Bug]" Alias="[b]" Column="Number" />
                          <ColumnReference Database="[OurLabReporting]" Schema="[dbo]" Table="[Bug]" Alias="[b]" Column="DatabaseName" />
                          <ColumnReference Column="Expr1014" />
                          <ColumnReference Column="Expr1015" />
                          <ColumnReference Column="Expr1016" />
                          <ColumnReference Column="Expr1017" />
                          <ColumnReference Column="Expr1018" />
                          <ColumnReference Column="Expr1019" />
                          <ColumnReference Column="Expr1020" />
                        </OutputList>
                        <ComputeScalar>
                          <DefinedValues>
                            <DefinedValue>
                              <ColumnReference Column="Expr1014" />
                              <ScalarOperator ScalarString="(0)">
                                <Const ConstValue="(0)" />
                              </ScalarOperator>
                            </DefinedValue>
                            <DefinedValue>
                              <ColumnReference Column="Expr1015" />
                              <ScalarOperator ScalarString="NULL">
                                <Const ConstValue="NULL" />
                              </ScalarOperator>
                            </DefinedValue>
                            <DefinedValue>
                              <ColumnReference Column="Expr1016" />
                              <ScalarOperator ScalarString="(0)">
                                <Const ConstValue="(0)" />
                              </ScalarOperator>
                            </DefinedValue>
                            <DefinedValue>
                              <ColumnReference Column="Expr1017" />
                              <ScalarOperator ScalarString="(0)">
                                <Const ConstValue="(0)" />
                              </ScalarOperator>
                            </DefinedValue>
                            <DefinedValue>
                              <ColumnReference Column="Expr1018" />
                              <ScalarOperator ScalarString="(0)">
                                <Const ConstValue="(0)" />
                              </ScalarOperator>
                            </DefinedValue>
                            <DefinedValue>
                              <ColumnReference Column="Expr1019" />
                              <ScalarOperator ScalarString="NULL">
                                <Const ConstValue="NULL" />
                              </ScalarOperator>
                            </DefinedValue>
                            <DefinedValue>
                              <ColumnReference Column="Expr1020" />
                              <ScalarOperator ScalarString="(0)">
                                <Const ConstValue="(0)" />
                              </ScalarOperator>
                            </DefinedValue>
                          </DefinedValues>
                          <RelOp NodeId="2" PhysicalOp="Nested Loops" LogicalOp="Inner Join" EstimateRows="1" EstimateIO="0" EstimateCPU="4.18e-006" AvgRowSize="265" EstimatedTotalSubtreeCost="0.0146569" Parallel="0" EstimateRebinds="0" EstimateRewinds="0" EstimatedExecutionMode="Row">
                            <OutputList>
                              <ColumnReference Database="[OurLabReporting]" Schema="[dbo]" Table="[Bug]" Alias="[b]" Column="Number" />
                              <ColumnReference Database="[OurLabReporting]" Schema="[dbo]" Table="[Bug]" Alias="[b]" Column="DatabaseName" />
                            </OutputList>
                            <NestedLoops Optimized="0">
                              <OuterReferences>
                                <ColumnReference Column="Expr1011" />
                              </OuterReferences>
                              <RelOp NodeId="3" PhysicalOp="Sort" LogicalOp="Distinct Sort" EstimateRows="1" EstimateIO="0.0112613" EstimateCPU="0.000101035" AvgRowSize="1035" EstimatedTotalSubtreeCost="0.0113696" Parallel="0" EstimateRebinds="0" EstimateRewinds="0" EstimatedExecutionMode="Row">
                                <OutputList>
                                  <ColumnReference Column="Expr1011" />
                                </OutputList>
                                <MemoryFractions Input="1" Output="1" />
                                <Sort Distinct="1">
                                  <OrderBy>
                                    <OrderByColumn Ascending="1">
                                      <ColumnReference Column="Expr1011" />
                                    </OrderByColumn>
                                  </OrderBy>
                                  <RelOp NodeId="4" PhysicalOp="Compute Scalar" LogicalOp="Compute Scalar" EstimateRows="1" EstimateIO="0" EstimateCPU="1e-007" AvgRowSize="1035" EstimatedTotalSubtreeCost="7.314e-006" Parallel="0" EstimateRebinds="0" EstimateRewinds="0" EstimatedExecutionMode="Row">
                                    <OutputList>
                                      <ColumnReference Column="Expr1011" />
                                    </OutputList>
                                    <ComputeScalar>
                                      <DefinedValues>
                                        <DefinedValue>
                                          <ColumnReference Column="Expr1011" />
                                          <ScalarOperator ScalarString="substring(CONVERT_IMPLICIT(varchar(2048),[@BugIds],0),[Recr1009],CASE WHEN [Recr1010]&gt;(1) THEN [Recr1010]-[Recr1009]-(1) ELSE len(CONVERT_IMPLICIT(varchar(2048),[@BugIds],0))-[Recr1009]+(1) END)">
                                            <Intrinsic FunctionName="substring">
                                              <ScalarOperator>
                                                <Identifier>
                                                  <ColumnReference Column="ConstExpr1022">
                                                    <ScalarOperator>
                                                      <Convert DataType="varchar" Length="2048" Style="0" Implicit="1">
                                                        <ScalarOperator>
                                                          <Identifier>
                                                            <ColumnReference Column="@BugIds" />
                                                          </Identifier>
                                                        </ScalarOperator>
                                                      </Convert>
                                                    </ScalarOperator>
                                                  </ColumnReference>
                                                </Identifier>
                                              </ScalarOperator>
                                              <ScalarOperator>
                                                <Identifier>
                                                  <ColumnReference Column="Recr1009" />
                                                </Identifier>
                                              </ScalarOperator>
                                              <ScalarOperator>
                                                <IF>
                                                  <Condition>
                                                    <ScalarOperator>
                                                      <Compare CompareOp="GT">
                                                        <ScalarOperator>
                                                          <Identifier>
                                                            <ColumnReference Column="Recr1010" />
                                                          </Identifier>
                                                        </ScalarOperator>
                                                        <ScalarOperator>
                                                          <Const ConstValue="(1)" />
                                                        </ScalarOperator>
                                                      </Compare>
                                                    </ScalarOperator>
                                                  </Condition>
                                                  <Then>
                                                    <ScalarOperator>
                                                      <Arithmetic Operation="SUB">
                                                        <ScalarOperator>
                                                          <Arithmetic Operation="SUB">
                                                            <ScalarOperator>
                                                              <Identifier>
                                                                <ColumnReference Column="Recr1010" />
                                                              </Identifier>
                                                            </ScalarOperator>
                                                            <ScalarOperator>
                                                              <Identifier>
                                                                <ColumnReference Column="Recr1009" />
                                                              </Identifier>
                                                            </ScalarOperator>
                                                          </Arithmetic>
                                                        </ScalarOperator>
                                                        <ScalarOperator>
                                                          <Const ConstValue="(1)" />
                                                        </ScalarOperator>
                                                      </Arithmetic>
                                                    </ScalarOperator>
                                                  </Then>
                                                  <Else>
                                                    <ScalarOperator>
                                                      <Arithmetic Operation="ADD">
                                                        <ScalarOperator>
                                                          <Arithmetic Operation="SUB">
                                                            <ScalarOperator>
                                                              <Intrinsic FunctionName="len">
                                                                <ScalarOperator>
                                                                  <Convert DataType="varchar" Length="2048" Style="0" Implicit="1">
                                                                    <ScalarOperator>
                                                                      <Identifier>
                                                                        <ColumnReference Column="@BugIds" />
                                                                      </Identifier>
                                                                    </ScalarOperator>
                                                                  </Convert>
                                                                </ScalarOperator>
                                                              </Intrinsic>
                                                            </ScalarOperator>
                                                            <ScalarOperator>
                                                              <Identifier>
                                                                <ColumnReference Column="Recr1009" />
                                                              </Identifier>
                                                            </ScalarOperator>
                                                          </Arithmetic>
                                                        </ScalarOperator>
                                                        <ScalarOperator>
                                                          <Const ConstValue="(1)" />
                                                        </ScalarOperator>
                                                      </Arithmetic>
                                                    </ScalarOperator>
                                                  </Else>
                                                </IF>
                                              </ScalarOperator>
                                            </Intrinsic>
                                          </ScalarOperator>
                                        </DefinedValue>
                                      </DefinedValues>
                                      <RelOp NodeId="5" PhysicalOp="Filter" LogicalOp="Filter" EstimateRows="1" EstimateIO="0" EstimateCPU="9.6e-007" AvgRowSize="15" EstimatedTotalSubtreeCost="7.214e-006" Parallel="0" EstimateRebinds="0" EstimateRewinds="0" EstimatedExecutionMode="Row">
                                        <OutputList>
                                          <ColumnReference Column="Recr1009" />
                                          <ColumnReference Column="Recr1010" />
                                        </OutputList>
                                        <Filter StartupExpression="0">
                                          <RelOp NodeId="6" PhysicalOp="Index Spool" LogicalOp="Lazy Spool" EstimateRows="2" EstimateIO="0" EstimateCPU="1e-008" AvgRowSize="15" EstimatedTotalSubtreeCost="6.254e-006" Parallel="0" EstimateRebinds="0" EstimateRewinds="0" EstimatedExecutionMode="Row">
                                            <OutputList>
                                              <ColumnReference Column="Expr1026" />
                                              <ColumnReference Column="Recr1009" />
                                              <ColumnReference Column="Recr1010" />
                                            </OutputList>
                                            <Spool Stack="1">
                                              <RelOp NodeId="7" PhysicalOp="Concatenation" LogicalOp="Concatenation" EstimateRows="2" EstimateIO="0" EstimateCPU="2e-009" AvgRowSize="15" EstimatedTotalSubtreeCost="4.664e-006" Parallel="0" EstimateRebinds="0" EstimateRewinds="0" EstimatedExecutionMode="Row">
                                                <OutputList>
                                                  <ColumnReference Column="Expr1026" />
                                                  <ColumnReference Column="Recr1009" />
                                                  <ColumnReference Column="Recr1010" />
                                                </OutputList>
                                                <Concat>
                                                  <DefinedValues>
                                                    <DefinedValue>
                                                      <ColumnReference Column="Expr1026" />
                                                      <ColumnReference Column="Expr1023" />
                                                      <ColumnReference Column="Expr1025" />
                                                    </DefinedValue>
                                                    <DefinedValue>
                                                      <ColumnReference Column="Recr1009" />
                                                      <ColumnReference Column="Expr1004" />
                                                      <ColumnReference Column="Recr1007" />
                                                    </DefinedValue>
                                                    <DefinedValue>
                                                      <ColumnReference Column="Recr1010" />
                                                      <ColumnReference Column="Expr1005" />
                                                      <ColumnReference Column="Expr1008" />
                                                    </DefinedValue>
                                                  </DefinedValues>
                                                  <RelOp NodeId="8" PhysicalOp="Compute Scalar" LogicalOp="Compute Scalar" EstimateRows="1" EstimateIO="0" EstimateCPU="2e-008" AvgRowSize="15" EstimatedTotalSubtreeCost="2e-008" Parallel="0" EstimateRebinds="2" EstimateRewinds="0" EstimatedExecutionMode="Row">
                                                    <OutputList>
                                                      <ColumnReference Column="Expr1023" />
                                                      <ColumnReference Column="Expr1004" />
                                                      <ColumnReference Column="Expr1005" />
                                                    </OutputList>
                                                    <ComputeScalar>
                                                      <DefinedValues>
                                                        <DefinedValue>
                                                          <ColumnReference Column="Expr1023" />
                                                          <ScalarOperator ScalarString="(0)">
                                                            <Const ConstValue="(0)" />
                                                          </ScalarOperator>
                                                        </DefinedValue>
                                                      </DefinedValues>
                                                      <RelOp NodeId="9" PhysicalOp="Constant Scan" LogicalOp="Constant Scan" EstimateRows="1" EstimateIO="0" EstimateCPU="1.157e-006" AvgRowSize="15" EstimatedTotalSubtreeCost="1.157e-006" Parallel="0" EstimateRebinds="0" EstimateRewinds="0" EstimatedExecutionMode="Row">
                                                        <OutputList>
                                                          <ColumnReference Column="Expr1004" />
                                                          <ColumnReference Column="Expr1005" />
                                                        </OutputList>
                                                        <ConstantScan>
                                                          <Values>
                                                            <Row>
                                                              <ScalarOperator ScalarString="(0)">
                                                                <Const ConstValue="(0)" />
                                                              </ScalarOperator>
                                                              <ScalarOperator ScalarString="(1)">
                                                                <Const ConstValue="(1)" />
                                                              </ScalarOperator>
                                                            </Row>
                                                          </Values>
                                                        </ConstantScan>
                                                      </RelOp>
                                                    </ComputeScalar>
                                                  </RelOp>
                                                  <RelOp NodeId="15" PhysicalOp="Assert" LogicalOp="Assert" EstimateRows="2" EstimateIO="0" EstimateCPU="1.68e-007" AvgRowSize="15" EstimatedTotalSubtreeCost="3.505e-006" Parallel="0" EstimateRebinds="2" EstimateRewinds="0" EstimatedExecutionMode="Row">
                                                    <OutputList>
                                                      <ColumnReference Column="Expr1025" />
                                                      <ColumnReference Column="Recr1007" />
                                                      <ColumnReference Column="Expr1008" />
                                                    </OutputList>
                                                    <Assert StartupExpression="0">
                                                      <RelOp NodeId="16" PhysicalOp="Nested Loops" LogicalOp="Inner Join" EstimateRows="2" EstimateIO="0" EstimateCPU="1.68e-007" AvgRowSize="15" EstimatedTotalSubtreeCost="3.505e-006" Parallel="0" EstimateRebinds="2" EstimateRewinds="0" EstimatedExecutionMode="Row">
                                                        <OutputList>
                                                          <ColumnReference Column="Expr1025" />
                                                          <ColumnReference Column="Recr1007" />
                                                          <ColumnReference Column="Expr1008" />
                                                        </OutputList>
                                                        <NestedLoops Optimized="0">
                                                          <OuterReferences>
                                                            <ColumnReference Column="Expr1025" />
                                                            <ColumnReference Column="Recr1006" />
                                                            <ColumnReference Column="Recr1007" />
                                                          </OuterReferences>
                                                          <RelOp NodeId="17" PhysicalOp="Compute Scalar" LogicalOp="Compute Scalar" EstimateRows="1" EstimateIO="0" EstimateCPU="2e-008" AvgRowSize="15" EstimatedTotalSubtreeCost="2e-008" Parallel="0" EstimateRebinds="2" EstimateRewinds="0" EstimatedExecutionMode="Row">
                                                            <OutputList>
                                                              <ColumnReference Column="Expr1025" />
                                                              <ColumnReference Column="Recr1006" />
                                                              <ColumnReference Column="Recr1007" />
                                                            </OutputList>
                                                            <ComputeScalar>
                                                              <DefinedValues>
                                                                <DefinedValue>
                                                                  <ColumnReference Column="Expr1025" />
                                                                  <ScalarOperator ScalarString="[Expr1024]+(1)">
                                                                    <Arithmetic Operation="ADD">
                                                                      <ScalarOperator>
                                                                        <Identifier>
                                                                          <ColumnReference Column="Expr1024" />
                                                                        </Identifier>
                                                                      </ScalarOperator>
                                                                      <ScalarOperator>
                                                                        <Const ConstValue="(1)" />
                                                                      </ScalarOperator>
                                                                    </Arithmetic>
                                                                  </ScalarOperator>
                                                                </DefinedValue>
                                                              </DefinedValues>
                                                              <RelOp NodeId="18" PhysicalOp="Table Spool" LogicalOp="Lazy Spool" EstimateRows="1" EstimateIO="0" EstimateCPU="2e-008" AvgRowSize="15" EstimatedTotalSubtreeCost="2e-008" Parallel="0" EstimateRebinds="2" EstimateRewinds="0" EstimatedExecutionMode="Row">
                                                                <OutputList>
                                                                  <ColumnReference Column="Expr1024" />
                                                                  <ColumnReference Column="Recr1006" />
                                                                  <ColumnReference Column="Recr1007" />
                                                                </OutputList>
                                                                <Spool PrimaryNodeId="6" Stack="1" />
                                                              </RelOp>
                                                            </ComputeScalar>
                                                          </RelOp>
                                                          <RelOp NodeId="22" PhysicalOp="Compute Scalar" LogicalOp="Compute Scalar" EstimateRows="1" EstimateIO="0" EstimateCPU="1e-007" AvgRowSize="11" EstimatedTotalSubtreeCost="3.317e-006" Parallel="0" EstimateRebinds="1" EstimateRewinds="0" EstimatedExecutionMode="Row">
                                                            <OutputList>
                                                              <ColumnReference Column="Expr1008" />
                                                            </OutputList>
                                                            <ComputeScalar>
                                                              <DefinedValues>
                                                                <DefinedValue>
                                                                  <ColumnReference Column="Expr1008" />
                                                                  <ScalarOperator ScalarString="charindex(',',CONVERT_IMPLICIT(varchar(2048),[@BugIds],0),[Recr1007])+(1)">
                                                                    <Arithmetic Operation="ADD">
                                                                      <ScalarOperator>
                                                                        <Intrinsic FunctionName="charindex">
                                                                          <ScalarOperator>
                                                                            <Const ConstValue="','" />
                                                                          </ScalarOperator>
                                                                          <ScalarOperator>
                                                                            <Identifier>
                                                                              <ColumnReference Column="ConstExpr1021">
                                                                                <ScalarOperator>
                                                                                  <Convert DataType="varchar" Length="2048" Style="0" Implicit="1">
                                                                                    <ScalarOperator>
                                                                                      <Identifier>
                                                                                        <ColumnReference Column="@BugIds" />
                                                                                      </Identifier>
                                                                                    </ScalarOperator>
                                                                                  </Convert>
                                                                                </ScalarOperator>
                                                                              </ColumnReference>
                                                                            </Identifier>
                                                                          </ScalarOperator>
                                                                          <ScalarOperator>
                                                                            <Identifier>
                                                                              <ColumnReference Column="Recr1007" />
                                                                            </Identifier>
                                                                          </ScalarOperator>
                                                                        </Intrinsic>
                                                                      </ScalarOperator>
                                                                      <ScalarOperator>
                                                                        <Const ConstValue="(1)" />
                                                                      </ScalarOperator>
                                                                    </Arithmetic>
                                                                  </ScalarOperator>
                                                                </DefinedValue>
                                                              </DefinedValues>
                                                              <RelOp NodeId="23" PhysicalOp="Filter" LogicalOp="Filter" EstimateRows="1" EstimateIO="0" EstimateCPU="4.8e-007" AvgRowSize="9" EstimatedTotalSubtreeCost="3.117e-006" Parallel="0" EstimateRebinds="1" EstimateRewinds="0" EstimatedExecutionMode="Row">
                                                                <OutputList />
                                                                <Filter StartupExpression="1">
                                                                  <RelOp NodeId="24" PhysicalOp="Constant Scan" LogicalOp="Constant Scan" EstimateRows="1" EstimateIO="0" EstimateCPU="1.157e-006" AvgRowSize="9" EstimatedTotalSubtreeCost="2.157e-006" Parallel="0" EstimateRebinds="0" EstimateRewinds="1" EstimatedExecutionMode="Row">
                                                                    <OutputList />
                                                                    <ConstantScan />
                                                                  </RelOp>
                                                                  <Predicate>
                                                                    <ScalarOperator ScalarString="[Recr1007]&gt;[Recr1006]">
                                                                      <Compare CompareOp="GT">
                                                                        <ScalarOperator>
                                                                          <Identifier>
                                                                            <ColumnReference Column="Recr1007" />
                                                                          </Identifier>
                                                                        </ScalarOperator>
                                                                        <ScalarOperator>
                                                                          <Identifier>
                                                                            <ColumnReference Column="Recr1006" />
                                                                          </Identifier>
                                                                        </ScalarOperator>
                                                                      </Compare>
                                                                    </ScalarOperator>
                                                                  </Predicate>
                                                                </Filter>
                                                              </RelOp>
                                                            </ComputeScalar>
                                                          </RelOp>
                                                        </NestedLoops>
                                                      </RelOp>
                                                      <Predicate>
                                                        <ScalarOperator ScalarString="CASE WHEN [Expr1025]&gt;(100) THEN (0) ELSE NULL END">
                                                          <IF>
                                                            <Condition>
                                                              <ScalarOperator>
                                                                <Compare CompareOp="GT">
                                                                  <ScalarOperator>
                                                                    <Identifier>
                                                                      <ColumnReference Column="Expr1025" />
                                                                    </Identifier>
                                                                  </ScalarOperator>
                                                                  <ScalarOperator>
                                                                    <Const ConstValue="(100)" />
                                                                  </ScalarOperator>
                                                                </Compare>
                                                              </ScalarOperator>
                                                            </Condition>
                                                            <Then>
                                                              <ScalarOperator>
                                                                <Const ConstValue="(0)" />
                                                              </ScalarOperator>
                                                            </Then>
                                                            <Else>
                                                              <ScalarOperator>
                                                                <Const ConstValue="NULL" />
                                                              </ScalarOperator>
                                                            </Else>
                                                          </IF>
                                                        </ScalarOperator>
                                                      </Predicate>
                                                    </Assert>
                                                  </RelOp>
                                                </Concat>
                                              </RelOp>
                                            </Spool>
                                          </RelOp>
                                          <Predicate>
                                            <ScalarOperator ScalarString="[Recr1009]&gt;(0)">
                                              <Compare CompareOp="GT">
                                                <ScalarOperator>
                                                  <Identifier>
                                                    <ColumnReference Column="Recr1009" />
                                                  </Identifier>
                                                </ScalarOperator>
                                                <ScalarOperator>
                                                  <Const ConstValue="(0)" />
                                                </ScalarOperator>
                                              </Compare>
                                            </ScalarOperator>
                                          </Predicate>
                                        </Filter>
                                      </RelOp>
                                    </ComputeScalar>
                                  </RelOp>
                                </Sort>
                              </RelOp>
                              <RelOp NodeId="34" PhysicalOp="Clustered Index Seek" LogicalOp="Clustered Index Seek" EstimateRows="1" EstimateIO="0.003125" EstimateCPU="0.0001581" AvgRowSize="265" EstimatedTotalSubtreeCost="0.0032831" TableCardinality="37279" Parallel="0" EstimateRebinds="0" EstimateRewinds="0" EstimatedExecutionMode="Row">
                                <OutputList>
                                  <ColumnReference Database="[OurLabReporting]" Schema="[dbo]" Table="[Bug]" Alias="[b]" Column="Number" />
                                  <ColumnReference Database="[OurLabReporting]" Schema="[dbo]" Table="[Bug]" Alias="[b]" Column="DatabaseName" />
                                </OutputList>
                                <IndexScan Ordered="1" ScanDirection="FORWARD" ForcedIndex="0" ForceSeek="0" ForceScan="0" NoExpandHint="0" Storage="RowStore">
                                  <DefinedValues>
                                    <DefinedValue>
                                      <ColumnReference Database="[OurLabReporting]" Schema="[dbo]" Table="[Bug]" Alias="[b]" Column="Number" />
                                    </DefinedValue>
                                    <DefinedValue>
                                      <ColumnReference Database="[OurLabReporting]" Schema="[dbo]" Table="[Bug]" Alias="[b]" Column="DatabaseName" />
                                    </DefinedValue>
                                  </DefinedValues>
                                  <Object Database="[OurLabReporting]" Schema="[dbo]" Table="[Bug]" Index="[Bug_PK]" Alias="[b]" IndexKind="Clustered" />
                                  <SeekPredicates>
                                    <SeekPredicateNew>
                                      <SeekKeys>
                                        <Prefix ScanType="EQ">
                                          <RangeColumns>
                                            <ColumnReference Database="[OurLabReporting]" Schema="[dbo]" Table="[Bug]" Alias="[b]" Column="Id" />
                                          </RangeColumns>
                                          <RangeExpressions>
                                            <ScalarOperator ScalarString="CONVERT(int,[Expr1011],0)">
                                              <Convert DataType="int" Style="0" Implicit="0">
                                                <ScalarOperator>
                                                  <Identifier>
                                                    <ColumnReference Column="Expr1011" />
                                                  </Identifier>
                                                </ScalarOperator>
                                              </Convert>
                                            </ScalarOperator>
                                          </RangeExpressions>
                                        </Prefix>
                                      </SeekKeys>
                                    </SeekPredicateNew>
                                  </SeekPredicates>
                                </IndexScan>
                              </RelOp>
                            </NestedLoops>
                          </RelOp>
                        </ComputeScalar>
                      </RelOp>
                    </Update>
                  </RelOp>
                  <ParameterList>
                    <ColumnReference Column="@BugIds" ParameterCompiledValue="NULL" />
                  </ParameterList>
                </QueryPlan>
              </StmtSimple>
            </Statements>
          </Then>
        </StmtCond>
        <StmtSimple StatementText="&#xA;END&#xD;&#xA;&#xD;&#xA;-- Calculate the number of L1 families in which the bug is hit&#xD;&#xA;-- An L1 family includes the L1 branch and all its descendents (L2, L3, ...)&#xD;&#xA;-- If the number is greater than 1, then the bug has been spread to the whole branch forest&#xD;&#xA;DECLARE @FamilyCount table (Number int, BugDatabase nvarchar(250), FamilyCount int)&#xD;&#xA;INSERT INTO @FamilyCount&#xD;&#xA;SELECT b.Number, b.BugDatabase, COUNT(DISTINCT IIF(b.L1Name = N'', b.Branch + N'_', b.L1Name))&#xD;&#xA;FROM (&#xD;&#xA;&#x9;-- Find the L1 branch name of each bug hit&#xD;&#xA;&#x9;SELECT DISTINCT&#xD;&#xA;&#x9;&#x9;pb.Number,&#xD;&#xA;&#x9;&#x9;pb.BugDatabase,&#xD;&#xA;&#x9;&#x9;fc.Branch,&#xD;&#xA;&#x9;&#x9;LEFT(fc.Branch, CHARINDEX(N'_', fc.Branch, CHARINDEX(N'_', fc.Branch) + 1)) AS L1Name&#xD;&#xA;&#x9;FROM @PrimaryBugs pb&#xD;&#xA;&#x9;&#x9;INNER JOIN dbo.BugBranchFailureCount fc WITH (NOLOCK, NOEXPAND)&#xD;&#xA;&#x9;&#x9;&#x9;ON fc.Number = pb.Number AND fc.DatabaseName = pb.BugDatabase&#xD;&#xA;&#x9;WHERE fc.Branch &lt;&gt; @RootBranchName&#xD;&#xA;&#x9;&#x9;AND CHARINDEX(N'_', fc.Branch) &gt; 0&#xD;&#xA;) AS b&#xD;&#xA;GROUP BY b.Number, b.BugDatabase&#xD;&#xA;&#xD;" StatementId="12" StatementCompId="19" StatementType="INSERT" RetrievedFromCache="true" StatementSubTreeCost="0.0395759" StatementEstRows="13.8187" StatementOptmLevel="FULL" QueryHash="0xD13E4CB4A9DCD94E" QueryPlanHash="0x136D28C6F7799783" StatementOptmEarlyAbortReason="GoodEnoughPlanFound">
          <StatementSetOptions QUOTED_IDENTIFIER="true" ARITHABORT="true" CONCAT_NULL_YIELDS_NULL="true" ANSI_NULLS="true" ANSI_PADDING="true" ANSI_WARNINGS="true" NUMERIC_ROUNDABORT="false" />
          <QueryPlan NonParallelPlanReason="MaxDOPSetToOne" CachedPlanSize="48" CompileTime="8" CompileCPU="8" CompileMemory="1088">
            <MemoryGrantInfo SerialRequiredMemory="640" SerialDesiredMemory="704" />
            <OptimizerHardwareDependentProperties EstimatedAvailableMemoryGrant="193313" EstimatedPagesCached="773254" EstimatedAvailableDegreeOfParallelism="1" />
            <RelOp NodeId="0" PhysicalOp="Table Insert" LogicalOp="Insert" EstimateRows="13.8187" EstimateIO="0.01" EstimateCPU="1.38187e-005" AvgRowSize="9" EstimatedTotalSubtreeCost="0.0395759" Parallel="0" EstimateRebinds="0" EstimateRewinds="0" EstimatedExecutionMode="Row">
              <OutputList />
              <Update DMLRequestSort="0">
                <Object Table="[@FamilyCount]" />
                <SetPredicate>
                  <ScalarOperator ScalarString="[Number] = @PrimaryBugs.[Number] as [pb].[Number],[BugDatabase] = @PrimaryBugs.[BugDatabase] as [pb].[BugDatabase],[FamilyCount] = [Expr1010]">
                    <ScalarExpressionList>
                      <ScalarOperator>
                        <MultipleAssign>
                          <Assign>
                            <ColumnReference Column="Number" />
                            <ScalarOperator>
                              <Identifier>
                                <ColumnReference Table="@PrimaryBugs" Alias="[pb]" Column="Number" />
                              </Identifier>
                            </ScalarOperator>
                          </Assign>
                          <Assign>
                            <ColumnReference Column="BugDatabase" />
                            <ScalarOperator>
                              <Identifier>
                                <ColumnReference Table="@PrimaryBugs" Alias="[pb]" Column="BugDatabase" />
                              </Identifier>
                            </ScalarOperator>
                          </Assign>
                          <Assign>
                            <ColumnReference Column="FamilyCount" />
                            <ScalarOperator>
                              <Identifier>
                                <ColumnReference Column="Expr1010" />
                              </Identifier>
                            </ScalarOperator>
                          </Assign>
                        </MultipleAssign>
                      </ScalarOperator>
                    </ScalarExpressionList>
                  </ScalarOperator>
                </SetPredicate>
                <RelOp NodeId="1" PhysicalOp="Compute Scalar" LogicalOp="Compute Scalar" EstimateRows="13.8187" EstimateIO="0" EstimateCPU="1.5247e-005" AvgRowSize="269" EstimatedTotalSubtreeCost="0.0295621" Parallel="0" EstimateRebinds="0" EstimateRewinds="0" EstimatedExecutionMode="Row">
                  <OutputList>
                    <ColumnReference Table="@PrimaryBugs" Alias="[pb]" Column="Number" />
                    <ColumnReference Table="@PrimaryBugs" Alias="[pb]" Column="BugDatabase" />
                    <ColumnReference Column="Expr1010" />
                  </OutputList>
                  <ComputeScalar>
                    <DefinedValues>
                      <DefinedValue>
                        <ColumnReference Column="Expr1010" />
                        <ScalarOperator ScalarString="CONVERT_IMPLICIT(int,[Expr1015],0)">
                          <Convert DataType="int" Style="0" Implicit="1">
                            <ScalarOperator>
                              <Identifier>
                                <ColumnReference Column="Expr1015" />
                              </Identifier>
                            </ScalarOperator>
                          </Convert>
                        </ScalarOperator>
                      </DefinedValue>
                    </DefinedValues>
                    <RelOp NodeId="2" PhysicalOp="Stream Aggregate" LogicalOp="Aggregate" EstimateRows="13.8187" EstimateIO="0" EstimateCPU="1.5247e-005" AvgRowSize="269" EstimatedTotalSubtreeCost="0.0295621" Parallel="0" EstimateRebinds="0" EstimateRewinds="0" EstimatedExecutionMode="Row">
                      <OutputList>
                        <ColumnReference Table="@PrimaryBugs" Alias="[pb]" Column="Number" />
                        <ColumnReference Table="@PrimaryBugs" Alias="[pb]" Column="BugDatabase" />
                        <ColumnReference Column="Expr1015" />
                      </OutputList>
                      <StreamAggregate>
                        <DefinedValues>
                          <DefinedValue>
                            <ColumnReference Column="Expr1015" />
                            <ScalarOperator ScalarString="COUNT([Expr1012])">
                              <Aggregate Distinct="0" AggType="COUNT_BIG">
                                <ScalarOperator>
                                  <Identifier>
                                    <ColumnReference Column="Expr1012" />
                                  </Identifier>
                                </ScalarOperator>
                              </Aggregate>
                            </ScalarOperator>
                          </DefinedValue>
                        </DefinedValues>
                        <GroupBy>
                          <ColumnReference Table="@PrimaryBugs" Alias="[pb]" Column="BugDatabase" />
                          <ColumnReference Table="@PrimaryBugs" Alias="[pb]" Column="Number" />
                        </GroupBy>
                        <RelOp NodeId="3" PhysicalOp="Sort" LogicalOp="Distinct Sort" EstimateRows="13.8961" EstimateIO="0.0112613" EstimateCPU="0.000182671" AvgRowSize="368" EstimatedTotalSubtreeCost="0.0295469" Parallel="0" EstimateRebinds="0" EstimateRewinds="0" EstimatedExecutionMode="Row">
                          <OutputList>
                            <ColumnReference Table="@PrimaryBugs" Alias="[pb]" Column="Number" />
                            <ColumnReference Table="@PrimaryBugs" Alias="[pb]" Column="BugDatabase" />
                            <ColumnReference Column="Expr1012" />
                          </OutputList>
                          <MemoryFractions Input="0.5" Output="1" />
                          <Sort Distinct="1">
                            <OrderBy>
                              <OrderByColumn Ascending="1">
                                <ColumnReference Table="@PrimaryBugs" Alias="[pb]" Column="BugDatabase" />
                              </OrderByColumn>
                              <OrderByColumn Ascending="1">
                                <ColumnReference Table="@PrimaryBugs" Alias="[pb]" Column="Number" />
                              </OrderByColumn>
                              <OrderByColumn Ascending="1">
                                <ColumnReference Column="Expr1012" />
                              </OrderByColumn>
                            </OrderBy>
                            <RelOp NodeId="4" PhysicalOp="Compute Scalar" LogicalOp="Compute Scalar" EstimateRows="13.8962" EstimateIO="0" EstimateCPU="1.38962e-006" AvgRowSize="368" EstimatedTotalSubtreeCost="0.0181029" Parallel="0" EstimateRebinds="0" EstimateRewinds="0" EstimatedExecutionMode="Row">
                              <OutputList>
                                <ColumnReference Table="@PrimaryBugs" Alias="[pb]" Column="Number" />
                                <ColumnReference Table="@PrimaryBugs" Alias="[pb]" Column="BugDatabase" />
                                <ColumnReference Column="Expr1012" />
                              </OutputList>
                              <ComputeScalar>
                                <DefinedValues>
                                  <DefinedValue>
                                    <ColumnReference Column="Expr1012" />
                                    <ScalarOperator ScalarString="CASE WHEN [Expr1009]=N'' THEN [OurLabReporting].[dbo].[BugBranchFailureCount].[Branch] as [fc].[Branch]+N'_' ELSE [Expr1009] END">
                                      <IF>
                                        <Condition>
                                          <ScalarOperator>
                                            <Compare CompareOp="EQ">
                                              <ScalarOperator>
                                                <Identifier>
                                                  <ColumnReference Column="Expr1009" />
                                                </Identifier>
                                              </ScalarOperator>
                                              <ScalarOperator>
                                                <Const ConstValue="N''" />
                                              </ScalarOperator>
                                            </Compare>
                                          </ScalarOperator>
                                        </Condition>
                                        <Then>
                                          <ScalarOperator>
                                            <Arithmetic Operation="ADD">
                                              <ScalarOperator>
                                                <Identifier>
                                                  <ColumnReference Database="[OurLabReporting]" Schema="[dbo]" Table="[BugBranchFailureCount]" Alias="[fc]" Column="Branch" />
                                                </Identifier>
                                              </ScalarOperator>
                                              <ScalarOperator>
                                                <Const ConstValue="N'_'" />
                                              </ScalarOperator>
                                            </Arithmetic>
                                          </ScalarOperator>
                                        </Then>
                                        <Else>
                                          <ScalarOperator>
                                            <Identifier>
                                              <ColumnReference Column="Expr1009" />
                                            </Identifier>
                                          </ScalarOperator>
                                        </Else>
                                      </IF>
                                    </ScalarOperator>
                                  </DefinedValue>
                                </DefinedValues>
                                <RelOp NodeId="5" PhysicalOp="Sort" LogicalOp="Distinct Sort" EstimateRows="13.8962" EstimateIO="0.0112613" EstimateCPU="0.000182695" AvgRowSize="392" EstimatedTotalSubtreeCost="0.0181016" Parallel="0" EstimateRebinds="0" EstimateRewinds="0" EstimatedExecutionMode="Row">
                                  <OutputList>
                                    <ColumnReference Table="@PrimaryBugs" Alias="[pb]" Column="Number" />
                                    <ColumnReference Table="@PrimaryBugs" Alias="[pb]" Column="BugDatabase" />
                                    <ColumnReference Database="[OurLabReporting]" Schema="[dbo]" Table="[BugBranchFailureCount]" Alias="[fc]" Column="Branch" />
                                    <ColumnReference Column="Expr1009" />
                                  </OutputList>
                                  <MemoryFractions Input="1" Output="0.5" />
                                  <Sort Distinct="1">
                                    <OrderBy>
                                      <OrderByColumn Ascending="1">
                                        <ColumnReference Table="@PrimaryBugs" Alias="[pb]" Column="Number" />
                                      </OrderByColumn>
                                      <OrderByColumn Ascending="1">
                                        <ColumnReference Table="@PrimaryBugs" Alias="[pb]" Column="BugDatabase" />
                                      </OrderByColumn>
                                      <OrderByColumn Ascending="1">
                                        <ColumnReference Database="[OurLabReporting]" Schema="[dbo]" Table="[BugBranchFailureCount]" Alias="[fc]" Column="Branch" />
                                      </OrderByColumn>
                                      <OrderByColumn Ascending="1">
                                        <ColumnReference Column="Expr1009" />
                                      </OrderByColumn>
                                    </OrderBy>
                                    <RelOp NodeId="6" PhysicalOp="Compute Scalar" LogicalOp="Compute Scalar" EstimateRows="13.8962" EstimateIO="0" EstimateCPU="1.38962e-006" AvgRowSize="392" EstimatedTotalSubtreeCost="0.00665759" Parallel="0" EstimateRebinds="0" EstimateRewinds="0" EstimatedExecutionMode="Row">
                                      <OutputList>
                                        <ColumnReference Table="@PrimaryBugs" Alias="[pb]" Column="Number" />
                                        <ColumnReference Table="@PrimaryBugs" Alias="[pb]" Column="BugDatabase" />
                                        <ColumnReference Database="[OurLabReporting]" Schema="[dbo]" Table="[BugBranchFailureCount]" Alias="[fc]" Column="Branch" />
                                        <ColumnReference Column="Expr1009" />
                                      </OutputList>
                                      <ComputeScalar>
                                        <DefinedValues>
                                          <DefinedValue>
                                            <ColumnReference Column="Expr1009" />
                                            <ScalarOperator ScalarString="substring([OurLabReporting].[dbo].[BugBranchFailureCount].[Branch] as [fc].[Branch],(1),charindex(N'_',[OurLabReporting].[dbo].[BugBranchFailureCount].[Branch] as [fc].[Branch],charindex(N'_',[OurLabReporting].[dbo].[BugBranchFailureCount].[Branch] as [fc].[Branch])+(1)))">
                                              <Intrinsic FunctionName="substring">
                                                <ScalarOperator>
                                                  <Identifier>
                                                    <ColumnReference Database="[OurLabReporting]" Schema="[dbo]" Table="[BugBranchFailureCount]" Alias="[fc]" Column="Branch" />
                                                  </Identifier>
                                                </ScalarOperator>
                                                <ScalarOperator>
                                                  <Const ConstValue="(1)" />
                                                </ScalarOperator>
                                                <ScalarOperator>
                                                  <Intrinsic FunctionName="charindex">
                                                    <ScalarOperator>
                                                      <Const ConstValue="N'_'" />
                                                    </ScalarOperator>
                                                    <ScalarOperator>
                                                      <Identifier>
                                                        <ColumnReference Database="[OurLabReporting]" Schema="[dbo]" Table="[BugBranchFailureCount]" Alias="[fc]" Column="Branch" />
                                                      </Identifier>
                                                    </ScalarOperator>
                                                    <ScalarOperator>
                                                      <Arithmetic Operation="ADD">
                                                        <ScalarOperator>
                                                          <Intrinsic FunctionName="charindex">
                                                            <ScalarOperator>
                                                              <Const ConstValue="N'_'" />
                                                            </ScalarOperator>
                                                            <ScalarOperator>
                                                              <Identifier>
                                                                <ColumnReference Database="[OurLabReporting]" Schema="[dbo]" Table="[BugBranchFailureCount]" Alias="[fc]" Column="Branch" />
                                                              </Identifier>
                                                            </ScalarOperator>
                                                            <ScalarOperator>
                                                              <Const ConstValue="" />
                                                            </ScalarOperator>
                                                          </Intrinsic>
                                                        </ScalarOperator>
                                                        <ScalarOperator>
                                                          <Const ConstValue="(1)" />
                                                        </ScalarOperator>
                                                      </Arithmetic>
                                                    </ScalarOperator>
                                                  </Intrinsic>
                                                </ScalarOperator>
                                              </Intrinsic>
                                            </ScalarOperator>
                                          </DefinedValue>
                                        </DefinedValues>
                                        <RelOp NodeId="7" PhysicalOp="Nested Loops" LogicalOp="Inner Join" EstimateRows="13.8962" EstimateIO="0" EstimateCPU="5.8086e-005" AvgRowSize="290" EstimatedTotalSubtreeCost="0.00665621" Parallel="0" EstimateRebinds="0" EstimateRewinds="0" EstimatedExecutionMode="Row">
                                          <OutputList>
                                            <ColumnReference Table="@PrimaryBugs" Alias="[pb]" Column="Number" />
                                            <ColumnReference Table="@PrimaryBugs" Alias="[pb]" Column="BugDatabase" />
                                            <ColumnReference Database="[OurLabReporting]" Schema="[dbo]" Table="[BugBranchFailureCount]" Alias="[fc]" Column="Branch" />
                                          </OutputList>
                                          <NestedLoops Optimized="0">
                                            <OuterReferences>
                                              <ColumnReference Table="@PrimaryBugs" Alias="[pb]" Column="Number" />
                                              <ColumnReference Table="@PrimaryBugs" Alias="[pb]" Column="BugDatabase" />
                                            </OuterReferences>
                                            <RelOp NodeId="8" PhysicalOp="Table Scan" LogicalOp="Table Scan" EstimateRows="1" EstimateIO="0.003125" EstimateCPU="0.0001581" AvgRowSize="265" EstimatedTotalSubtreeCost="0.0032831" TableCardinality="0" Parallel="0" EstimateRebinds="0" EstimateRewinds="0" EstimatedExecutionMode="Row">
                                              <OutputList>
                                                <ColumnReference Table="@PrimaryBugs" Alias="[pb]" Column="Number" />
                                                <ColumnReference Table="@PrimaryBugs" Alias="[pb]" Column="BugDatabase" />
                                              </OutputList>
                                              <TableScan Ordered="0" ForcedIndex="0" ForceScan="0" NoExpandHint="0">
                                                <DefinedValues>
                                                  <DefinedValue>
                                                    <ColumnReference Table="@PrimaryBugs" Alias="[pb]" Column="Number" />
                                                  </DefinedValue>
                                                  <DefinedValue>
                                                    <ColumnReference Table="@PrimaryBugs" Alias="[pb]" Column="BugDatabase" />
                                                  </DefinedValue>
                                                </DefinedValues>
                                                <Object Table="[@PrimaryBugs]" Alias="[pb]" />
                                              </TableScan>
                                            </RelOp>
                                            <RelOp NodeId="9" PhysicalOp="Clustered Index Seek" LogicalOp="Clustered Index Seek" EstimateRows="13.8962" EstimateIO="0.003125" EstimateCPU="0.00017293" AvgRowSize="34" EstimatedTotalSubtreeCost="0.00329793" TableCardinality="218711" Parallel="0" EstimateRebinds="0" EstimateRewinds="0" EstimatedExecutionMode="Row">
                                              <OutputList>
                                                <ColumnReference Database="[OurLabReporting]" Schema="[dbo]" Table="[BugBranchFailureCount]" Alias="[fc]" Column="Branch" />
                                              </OutputList>
                                              <IndexScan Ordered="1" ScanDirection="FORWARD" ForcedIndex="0" ForceSeek="0" ForceScan="0" NoExpandHint="1" Storage="RowStore">
                                                <DefinedValues>
                                                  <DefinedValue>
                                                    <ColumnReference Database="[OurLabReporting]" Schema="[dbo]" Table="[BugBranchFailureCount]" Alias="[fc]" Column="Branch" />
                                                  </DefinedValue>
                                                </DefinedValues>
                                                <Object Database="[OurLabReporting]" Schema="[dbo]" Table="[BugBranchFailureCount]" Index="[IDX_BugBranchFailureCount]" Alias="[fc]" IndexKind="ViewClustered" />
                                                <SeekPredicates>
                                                  <SeekPredicateNew>
                                                    <SeekKeys>
                                                      <Prefix ScanType="EQ">
                                                        <RangeColumns>
                                                          <ColumnReference Database="[OurLabReporting]" Schema="[dbo]" Table="[BugBranchFailureCount]" Alias="[fc]" Column="Number" />
                                                          <ColumnReference Database="[OurLabReporting]" Schema="[dbo]" Table="[BugBranchFailureCount]" Alias="[fc]" Column="DatabaseName" />
                                                        </RangeColumns>
                                                        <RangeExpressions>
                                                          <ScalarOperator ScalarString="@PrimaryBugs.[Number] as [pb].[Number]">
                                                            <Identifier>
                                                              <ColumnReference Table="@PrimaryBugs" Alias="[pb]" Column="Number" />
                                                            </Identifier>
                                                          </ScalarOperator>
                                                          <ScalarOperator ScalarString="@PrimaryBugs.[BugDatabase] as [pb].[BugDatabase]">
                                                            <Identifier>
                                                              <ColumnReference Table="@PrimaryBugs" Alias="[pb]" Column="BugDatabase" />
                                                            </Identifier>
                                                          </ScalarOperator>
                                                        </RangeExpressions>
                                                      </Prefix>
                                                    </SeekKeys>
                                                  </SeekPredicateNew>
                                                </SeekPredicates>
                                                <Predicate>
                                                  <ScalarOperator ScalarString="[OurLabReporting].[dbo].[BugBranchFailureCount].[Branch] as [fc].[Branch]&lt;&gt;[@RootBranchName] AND charindex(N'_',[OurLabReporting].[dbo].[BugBranchFailureCount].[Branch] as [fc].[Branch])&gt;(0)">
                                                    <Logical Operation="AND">
                                                      <ScalarOperator>
                                                        <Compare CompareOp="NE">
                                                          <ScalarOperator>
                                                            <Identifier>
                                                              <ColumnReference Database="[OurLabReporting]" Schema="[dbo]" Table="[BugBranchFailureCount]" Alias="[fc]" Column="Branch" />
                                                            </Identifier>
                                                          </ScalarOperator>
                                                          <ScalarOperator>
                                                            <Identifier>
                                                              <ColumnReference Column="@RootBranchName" />
                                                            </Identifier>
                                                          </ScalarOperator>
                                                        </Compare>
                                                      </ScalarOperator>
                                                      <ScalarOperator>
                                                        <Compare CompareOp="GT">
                                                          <ScalarOperator>
                                                            <Intrinsic FunctionName="charindex">
                                                              <ScalarOperator>
                                                                <Const ConstValue="N'_'" />
                                                              </ScalarOperator>
                                                              <ScalarOperator>
                                                                <Identifier>
                                                                  <ColumnReference Database="[OurLabReporting]" Schema="[dbo]" Table="[BugBranchFailureCount]" Alias="[fc]" Column="Branch" />
                                                                </Identifier>
                                                              </ScalarOperator>
                                                              <ScalarOperator>
                                                                <Const ConstValue="" />
                                                              </ScalarOperator>
                                                            </Intrinsic>
                                                          </ScalarOperator>
                                                          <ScalarOperator>
                                                            <Const ConstValue="(0)" />
                                                          </ScalarOperator>
                                                        </Compare>
                                                      </ScalarOperator>
                                                    </Logical>
                                                  </ScalarOperator>
                                                </Predicate>
                                              </IndexScan>
                                            </RelOp>
                                          </NestedLoops>
                                        </RelOp>
                                      </ComputeScalar>
                                    </RelOp>
                                  </Sort>
                                </RelOp>
                              </ComputeScalar>
                            </RelOp>
                          </Sort>
                        </RelOp>
                      </StreamAggregate>
                    </RelOp>
                  </ComputeScalar>
                </RelOp>
              </Update>
            </RelOp>
            <ParameterList>
              <ColumnReference Column="@RootBranchName" ParameterCompiledValue="N'WINMAIN'" />
            </ParameterList>
          </QueryPlan>
        </StmtSimple>
        <StmtSimple StatementText="&#xA;UPDATE @PrimaryBugs&#xD;&#xA;SET FamilyCount = fc.FamilyCount&#xD;&#xA;FROM @PrimaryBugs pb&#xD;&#xA;&#x9;INNER JOIN @FamilyCount fc ON fc.Number = pb.Number AND fc.BugDatabase = pb.BugDatabase&#xD;&#xA;&#xD;&#xA;-- Update FoundInBranch information for primary bugs&#xD;" StatementId="13" StatementCompId="20" StatementType="UPDATE" RetrievedFromCache="true" StatementSubTreeCost="0.0165731" StatementEstRows="1" StatementOptmLevel="FULL" QueryHash="0xF9781A100BDE224B" QueryPlanHash="0xA11D66CDCBC89904" StatementOptmEarlyAbortReason="GoodEnoughPlanFound">
          <StatementSetOptions QUOTED_IDENTIFIER="true" ARITHABORT="true" CONCAT_NULL_YIELDS_NULL="true" ANSI_NULLS="true" ANSI_PADDING="true" ANSI_WARNINGS="true" NUMERIC_ROUNDABORT="false" />
          <QueryPlan NonParallelPlanReason="MaxDOPSetToOne" CachedPlanSize="24" CompileTime="3" CompileCPU="3" CompileMemory="808">
            <MemoryGrantInfo SerialRequiredMemory="0" SerialDesiredMemory="0" />
            <OptimizerHardwareDependentProperties EstimatedAvailableMemoryGrant="193313" EstimatedPagesCached="773254" EstimatedAvailableDegreeOfParallelism="1" />
            <RelOp NodeId="0" PhysicalOp="Table Update" LogicalOp="Update" EstimateRows="1" EstimateIO="0.01" EstimateCPU="1e-006" AvgRowSize="9" EstimatedTotalSubtreeCost="0.0165731" Parallel="0" EstimateRebinds="0" EstimateRewinds="0" EstimatedExecutionMode="Row">
              <OutputList />
              <Update DMLRequestSort="0">
                <Object Table="[@PrimaryBugs]" Alias="[pb]" />
                <SetPredicate>
                  <ScalarOperator ScalarString="@PrimaryBugs.[FamilyCount] as [pb].[FamilyCount] = @FamilyCount.[FamilyCount] as [fc].[FamilyCount]">
                    <ScalarExpressionList>
                      <ScalarOperator>
                        <MultipleAssign>
                          <Assign>
                            <ColumnReference Table="@PrimaryBugs" Alias="[pb]" Column="FamilyCount" />
                            <ScalarOperator>
                              <Identifier>
                                <ColumnReference Table="@FamilyCount" Alias="[fc]" Column="FamilyCount" />
                              </Identifier>
                            </ScalarOperator>
                          </Assign>
                        </MultipleAssign>
                      </ScalarOperator>
                    </ScalarExpressionList>
                  </ScalarOperator>
                </SetPredicate>
                <RelOp NodeId="1" PhysicalOp="Stream Aggregate" LogicalOp="Aggregate" EstimateRows="1" EstimateIO="0" EstimateCPU="1e-006" AvgRowSize="19" EstimatedTotalSubtreeCost="0.00657208" Parallel="0" EstimateRebinds="0" EstimateRewinds="0" EstimatedExecutionMode="Row">
                  <OutputList>
                    <ColumnReference Column="Bmk1000" />
                    <ColumnReference Table="@FamilyCount" Alias="[fc]" Column="FamilyCount" />
                  </OutputList>
                  <StreamAggregate>
                    <DefinedValues>
                      <DefinedValue>
                        <ColumnReference Table="@FamilyCount" Alias="[fc]" Column="FamilyCount" />
                        <ScalarOperator ScalarString="ANY(@FamilyCount.[FamilyCount] as [fc].[FamilyCount])">
                          <Aggregate Distinct="0" AggType="ANY">
                            <ScalarOperator>
                              <Identifier>
                                <ColumnReference Table="@FamilyCount" Alias="[fc]" Column="FamilyCount" />
                              </Identifier>
                            </ScalarOperator>
                          </Aggregate>
                        </ScalarOperator>
                      </DefinedValue>
                    </DefinedValues>
                    <GroupBy>
                      <ColumnReference Column="Bmk1000" />
                    </GroupBy>
                    <RelOp NodeId="2" PhysicalOp="Nested Loops" LogicalOp="Inner Join" EstimateRows="1" EstimateIO="0" EstimateCPU="4.18e-006" AvgRowSize="19" EstimatedTotalSubtreeCost="0.00657108" Parallel="0" EstimateRebinds="0" EstimateRewinds="0" EstimatedExecutionMode="Row">
                      <OutputList>
                        <ColumnReference Column="Bmk1000" />
                        <ColumnReference Table="@FamilyCount" Alias="[fc]" Column="FamilyCount" />
                      </OutputList>
                      <NestedLoops Optimized="0">
                        <Predicate>
                          <ScalarOperator ScalarString="@FamilyCount.[Number] as [fc].[Number]=@PrimaryBugs.[Number] as [pb].[Number] AND @FamilyCount.[BugDatabase] as [fc].[BugDatabase]=@PrimaryBugs.[BugDatabase] as [pb].[BugDatabase]">
                            <Logical Operation="AND">
                              <ScalarOperator>
                                <Compare CompareOp="EQ">
                                  <ScalarOperator>
                                    <Identifier>
                                      <ColumnReference Table="@FamilyCount" Alias="[fc]" Column="Number" />
                                    </Identifier>
                                  </ScalarOperator>
                                  <ScalarOperator>
                                    <Identifier>
                                      <ColumnReference Table="@PrimaryBugs" Alias="[pb]" Column="Number" />
                                    </Identifier>
                                  </ScalarOperator>
                                </Compare>
                              </ScalarOperator>
                              <ScalarOperator>
                                <Compare CompareOp="EQ">
                                  <ScalarOperator>
                                    <Identifier>
                                      <ColumnReference Table="@FamilyCount" Alias="[fc]" Column="BugDatabase" />
                                    </Identifier>
                                  </ScalarOperator>
                                  <ScalarOperator>
                                    <Identifier>
                                      <ColumnReference Table="@PrimaryBugs" Alias="[pb]" Column="BugDatabase" />
                                    </Identifier>
                                  </ScalarOperator>
                                </Compare>
                              </ScalarOperator>
                            </Logical>
                          </ScalarOperator>
                        </Predicate>
                        <RelOp NodeId="3" PhysicalOp="Table Scan" LogicalOp="Table Scan" EstimateRows="1" EstimateIO="0.003125" EstimateCPU="0.0001581" AvgRowSize="273" EstimatedTotalSubtreeCost="0.0032831" TableCardinality="0" Parallel="0" EstimateRebinds="0" EstimateRewinds="0" EstimatedExecutionMode="Row">
                          <OutputList>
                            <ColumnReference Column="Bmk1000" />
                            <ColumnReference Table="@PrimaryBugs" Alias="[pb]" Column="Number" />
                            <ColumnReference Table="@PrimaryBugs" Alias="[pb]" Column="BugDatabase" />
                          </OutputList>
                          <TableScan Ordered="1" ForcedIndex="0" ForceScan="0" NoExpandHint="0">
                            <DefinedValues>
                              <DefinedValue>
                                <ColumnReference Column="Bmk1000" />
                              </DefinedValue>
                              <DefinedValue>
                                <ColumnReference Table="@PrimaryBugs" Alias="[pb]" Column="Number" />
                              </DefinedValue>
                              <DefinedValue>
                                <ColumnReference Table="@PrimaryBugs" Alias="[pb]" Column="BugDatabase" />
                              </DefinedValue>
                            </DefinedValues>
                            <Object Table="[@PrimaryBugs]" Alias="[pb]" />
                          </TableScan>
                        </RelOp>
                        <RelOp NodeId="4" PhysicalOp="Table Scan" LogicalOp="Table Scan" EstimateRows="1" EstimateIO="0.003125" EstimateCPU="0.0001581" AvgRowSize="269" EstimatedTotalSubtreeCost="0.0032831" TableCardinality="0" Parallel="0" EstimateRebinds="0" EstimateRewinds="0" EstimatedExecutionMode="Row">
                          <OutputList>
                            <ColumnReference Table="@FamilyCount" Alias="[fc]" Column="Number" />
                            <ColumnReference Table="@FamilyCount" Alias="[fc]" Column="BugDatabase" />
                            <ColumnReference Table="@FamilyCount" Alias="[fc]" Column="FamilyCount" />
                          </OutputList>
                          <TableScan Ordered="0" ForcedIndex="0" ForceScan="0" NoExpandHint="0">
                            <DefinedValues>
                              <DefinedValue>
                                <ColumnReference Table="@FamilyCount" Alias="[fc]" Column="Number" />
                              </DefinedValue>
                              <DefinedValue>
                                <ColumnReference Table="@FamilyCount" Alias="[fc]" Column="BugDatabase" />
                              </DefinedValue>
                              <DefinedValue>
                                <ColumnReference Table="@FamilyCount" Alias="[fc]" Column="FamilyCount" />
                              </DefinedValue>
                            </DefinedValues>
                            <Object Table="[@FamilyCount]" Alias="[fc]" />
                          </TableScan>
                        </RelOp>
                      </NestedLoops>
                    </RelOp>
                  </StreamAggregate>
                </RelOp>
              </Update>
            </RelOp>
          </QueryPlan>
        </StmtSimple>
        <StmtSimple StatementText="&#xA;UPDATE @PrimaryBugs&#xD;&#xA;SET FoundInBranch = b.FoundInBranch&#xD;&#xA;FROM @PrimaryBugs pb&#xD;&#xA;&#x9;INNER JOIN dbo.Bug b WITH (NOLOCK) ON pb.Number = b.Number AND pb.BugDatabase = b.DatabaseName&#xD;&#xA;&#xD;&#xA;-- Calculate Watson hits in case the WatsonHitsWithDupes column is not properly populated&#xD;" StatementId="14" StatementCompId="21" StatementType="UPDATE" RetrievedFromCache="true" StatementSubTreeCost="0.0198587" StatementEstRows="1" StatementOptmLevel="FULL" QueryHash="0xD4F4688D801E39AF" QueryPlanHash="0xB325310E859AFB1C" StatementOptmEarlyAbortReason="GoodEnoughPlanFound">
          <StatementSetOptions QUOTED_IDENTIFIER="true" ARITHABORT="true" CONCAT_NULL_YIELDS_NULL="true" ANSI_NULLS="true" ANSI_PADDING="true" ANSI_WARNINGS="true" NUMERIC_ROUNDABORT="false" />
          <QueryPlan NonParallelPlanReason="MaxDOPSetToOne" CachedPlanSize="24" CompileTime="3" CompileCPU="3" CompileMemory="864">
            <MemoryGrantInfo SerialRequiredMemory="0" SerialDesiredMemory="0" />
            <OptimizerHardwareDependentProperties EstimatedAvailableMemoryGrant="193313" EstimatedPagesCached="773254" EstimatedAvailableDegreeOfParallelism="1" />
            <RelOp NodeId="0" PhysicalOp="Table Update" LogicalOp="Update" EstimateRows="1" EstimateIO="0.01" EstimateCPU="1e-006" AvgRowSize="9" EstimatedTotalSubtreeCost="0.0198587" Parallel="0" EstimateRebinds="0" EstimateRewinds="0" EstimatedExecutionMode="Row">
              <OutputList />
              <Update DMLRequestSort="0">
                <Object Table="[@PrimaryBugs]" Alias="[pb]" />
                <SetPredicate>
                  <ScalarOperator ScalarString="@PrimaryBugs.[FoundInBranch] as [pb].[FoundInBranch] = [OurLabReporting].[dbo].[Bug].[FoundInBranch] as [b].[FoundInBranch]">
                    <ScalarExpressionList>
                      <ScalarOperator>
                        <MultipleAssign>
                          <Assign>
                            <ColumnReference Table="@PrimaryBugs" Alias="[pb]" Column="FoundInBranch" />
                            <ScalarOperator>
                              <Identifier>
                                <ColumnReference Database="[OurLabReporting]" Schema="[dbo]" Table="[Bug]" Alias="[b]" Column="FoundInBranch" />
                              </Identifier>
                            </ScalarOperator>
                          </Assign>
                        </MultipleAssign>
                      </ScalarOperator>
                    </ScalarExpressionList>
                  </ScalarOperator>
                </SetPredicate>
                <RelOp NodeId="1" PhysicalOp="Nested Loops" LogicalOp="Inner Join" EstimateRows="1" EstimateIO="0" EstimateCPU="4.18e-006" AvgRowSize="274" EstimatedTotalSubtreeCost="0.00985766" Parallel="0" EstimateRebinds="0" EstimateRewinds="0" EstimatedExecutionMode="Row">
                  <OutputList>
                    <ColumnReference Column="Bmk1000" />
                    <ColumnReference Database="[OurLabReporting]" Schema="[dbo]" Table="[Bug]" Alias="[b]" Column="FoundInBranch" />
                  </OutputList>
                  <NestedLoops Optimized="0">
                    <OuterReferences>
                      <ColumnReference Database="[OurLabReporting]" Schema="[dbo]" Table="[Bug]" Alias="[b]" Column="Id" />
                    </OuterReferences>
                    <RelOp NodeId="2" PhysicalOp="Nested Loops" LogicalOp="Inner Join" EstimateRows="1" EstimateIO="0" EstimateCPU="4.18e-006" AvgRowSize="19" EstimatedTotalSubtreeCost="0.00657038" Parallel="0" EstimateRebinds="0" EstimateRewinds="0" EstimatedExecutionMode="Row">
                      <OutputList>
                        <ColumnReference Column="Bmk1000" />
                        <ColumnReference Database="[OurLabReporting]" Schema="[dbo]" Table="[Bug]" Alias="[b]" Column="Id" />
                      </OutputList>
                      <NestedLoops Optimized="0">
                        <OuterReferences>
                          <ColumnReference Table="@PrimaryBugs" Alias="[pb]" Column="Number" />
                          <ColumnReference Table="@PrimaryBugs" Alias="[pb]" Column="BugDatabase" />
                        </OuterReferences>
                        <RelOp NodeId="3" PhysicalOp="Table Scan" LogicalOp="Table Scan" EstimateRows="1" EstimateIO="0.003125" EstimateCPU="0.0001581" AvgRowSize="273" EstimatedTotalSubtreeCost="0.0032831" TableCardinality="0" Parallel="0" EstimateRebinds="0" EstimateRewinds="0" EstimatedExecutionMode="Row">
                          <OutputList>
                            <ColumnReference Column="Bmk1000" />
                            <ColumnReference Table="@PrimaryBugs" Alias="[pb]" Column="Number" />
                            <ColumnReference Table="@PrimaryBugs" Alias="[pb]" Column="BugDatabase" />
                          </OutputList>
                          <TableScan Ordered="1" ForcedIndex="0" ForceScan="0" NoExpandHint="0">
                            <DefinedValues>
                              <DefinedValue>
                                <ColumnReference Column="Bmk1000" />
                              </DefinedValue>
                              <DefinedValue>
                                <ColumnReference Table="@PrimaryBugs" Alias="[pb]" Column="Number" />
                              </DefinedValue>
                              <DefinedValue>
                                <ColumnReference Table="@PrimaryBugs" Alias="[pb]" Column="BugDatabase" />
                              </DefinedValue>
                            </DefinedValues>
                            <Object Table="[@PrimaryBugs]" Alias="[pb]" />
                          </TableScan>
                        </RelOp>
                        <RelOp NodeId="4" PhysicalOp="Index Seek" LogicalOp="Index Seek" EstimateRows="1" EstimateIO="0.003125" EstimateCPU="0.0001581" AvgRowSize="11" EstimatedTotalSubtreeCost="0.0032831" TableCardinality="37279" Parallel="0" EstimateRebinds="0" EstimateRewinds="0" EstimatedExecutionMode="Row">
                          <OutputList>
                            <ColumnReference Database="[OurLabReporting]" Schema="[dbo]" Table="[Bug]" Alias="[b]" Column="Id" />
                          </OutputList>
                          <IndexScan Ordered="1" ScanDirection="FORWARD" ForcedIndex="0" ForceSeek="0" ForceScan="0" NoExpandHint="0" Storage="RowStore">
                            <DefinedValues>
                              <DefinedValue>
                                <ColumnReference Database="[OurLabReporting]" Schema="[dbo]" Table="[Bug]" Alias="[b]" Column="Id" />
                              </DefinedValue>
                            </DefinedValues>
                            <Object Database="[OurLabReporting]" Schema="[dbo]" Table="[Bug]" Index="[AK_Database_Number]" Alias="[b]" IndexKind="NonClustered" />
                            <SeekPredicates>
                              <SeekPredicateNew>
                                <SeekKeys>
                                  <Prefix ScanType="EQ">
                                    <RangeColumns>
                                      <ColumnReference Database="[OurLabReporting]" Schema="[dbo]" Table="[Bug]" Alias="[b]" Column="DatabaseName" />
                                      <ColumnReference Database="[OurLabReporting]" Schema="[dbo]" Table="[Bug]" Alias="[b]" Column="Number" />
                                    </RangeColumns>
                                    <RangeExpressions>
                                      <ScalarOperator ScalarString="@PrimaryBugs.[BugDatabase] as [pb].[BugDatabase]">
                                        <Identifier>
                                          <ColumnReference Table="@PrimaryBugs" Alias="[pb]" Column="BugDatabase" />
                                        </Identifier>
                                      </ScalarOperator>
                                      <ScalarOperator ScalarString="@PrimaryBugs.[Number] as [pb].[Number]">
                                        <Identifier>
                                          <ColumnReference Table="@PrimaryBugs" Alias="[pb]" Column="Number" />
                                        </Identifier>
                                      </ScalarOperator>
                                    </RangeExpressions>
                                  </Prefix>
                                </SeekKeys>
                              </SeekPredicateNew>
                            </SeekPredicates>
                          </IndexScan>
                        </RelOp>
                      </NestedLoops>
                    </RelOp>
                    <RelOp NodeId="6" PhysicalOp="Clustered Index Seek" LogicalOp="Clustered Index Seek" EstimateRows="1" EstimateIO="0.003125" EstimateCPU="0.0001581" AvgRowSize="266" EstimatedTotalSubtreeCost="0.0032831" TableCardinality="37279" Parallel="0" EstimateRebinds="0" EstimateRewinds="0" EstimatedExecutionMode="Row">
                      <OutputList>
                        <ColumnReference Database="[OurLabReporting]" Schema="[dbo]" Table="[Bug]" Alias="[b]" Column="FoundInBranch" />
                      </OutputList>
                      <IndexScan Lookup="1" Ordered="1" ScanDirection="FORWARD" ForcedIndex="0" ForceSeek="0" ForceScan="0" NoExpandHint="0" Storage="RowStore">
                        <DefinedValues>
                          <DefinedValue>
                            <ColumnReference Database="[OurLabReporting]" Schema="[dbo]" Table="[Bug]" Alias="[b]" Column="FoundInBranch" />
                          </DefinedValue>
                        </DefinedValues>
                        <Object Database="[OurLabReporting]" Schema="[dbo]" Table="[Bug]" Index="[Bug_PK]" Alias="[b]" TableReferenceId="-1" IndexKind="Clustered" />
                        <SeekPredicates>
                          <SeekPredicateNew>
                            <SeekKeys>
                              <Prefix ScanType="EQ">
                                <RangeColumns>
                                  <ColumnReference Database="[OurLabReporting]" Schema="[dbo]" Table="[Bug]" Alias="[b]" Column="Id" />
                                </RangeColumns>
                                <RangeExpressions>
                                  <ScalarOperator ScalarString="[OurLabReporting].[dbo].[Bug].[Id] as [b].[Id]">
                                    <Identifier>
                                      <ColumnReference Database="[OurLabReporting]" Schema="[dbo]" Table="[Bug]" Alias="[b]" Column="Id" />
                                    </Identifier>
                                  </ScalarOperator>
                                </RangeExpressions>
                              </Prefix>
                            </SeekKeys>
                          </SeekPredicateNew>
                        </SeekPredicates>
                      </IndexScan>
                    </RelOp>
                  </NestedLoops>
                </RelOp>
              </Update>
            </RelOp>
          </QueryPlan>
        </StmtSimple>
        <StmtSimple StatementText="&#xA;DECLARE @Watson table (Number int, BugDatabase nvarchar(250), Hits int)&#xD;&#xA;INSERT INTO @Watson&#xD;&#xA;SELECT pb.Number, pb.BugDatabase, SUM(ISNULL(b.WatsonHits, 0))&#xD;&#xA;FROM (SELECT DISTINCT Number, BugDatabase FROM @PrimaryBugs) AS pb&#xD;&#xA;    INNER JOIN dbo.Bug b WITH (NOLOCK) ON b.DuplicateNumber = pb.Number AND b.DatabaseName = pb.BugDatabase&#xD;&#xA;GROUP BY pb.Number, pb.BugDatabase&#xD;&#xA;&#xD;&#xA;-- Determine whether bugs are branch specific&#xD;" StatementId="15" StatementCompId="23" StatementType="INSERT" RetrievedFromCache="true" StatementSubTreeCost="0.0383115" StatementEstRows="4.10123" StatementOptmLevel="FULL" QueryHash="0x2279E1E02B08B0DC" QueryPlanHash="0x17C1B7C065CB880C" StatementOptmEarlyAbortReason="GoodEnoughPlanFound">
          <StatementSetOptions QUOTED_IDENTIFIER="true" ARITHABORT="true" CONCAT_NULL_YIELDS_NULL="true" ANSI_NULLS="true" ANSI_PADDING="true" ANSI_WARNINGS="true" NUMERIC_ROUNDABORT="false" />
          <QueryPlan NonParallelPlanReason="MaxDOPSetToOne" CachedPlanSize="40" CompileTime="9" CompileCPU="9" CompileMemory="1024">
            <MemoryGrantInfo SerialRequiredMemory="512" SerialDesiredMemory="544" />
            <OptimizerHardwareDependentProperties EstimatedAvailableMemoryGrant="193313" EstimatedPagesCached="773254" EstimatedAvailableDegreeOfParallelism="1" />
            <RelOp NodeId="0" PhysicalOp="Table Insert" LogicalOp="Insert" EstimateRows="4.10123" EstimateIO="0.01" EstimateCPU="4.10123e-006" AvgRowSize="9" EstimatedTotalSubtreeCost="0.0383115" Parallel="0" EstimateRebinds="0" EstimateRewinds="0" EstimatedExecutionMode="Row">
              <OutputList />
              <Update DMLRequestSort="0">
                <Object Table="[@Watson]" />
                <SetPredicate>
                  <ScalarOperator ScalarString="[Number] = [Number],[BugDatabase] = [BugDatabase],[Hits] = [Expr1010]">
                    <ScalarExpressionList>
                      <ScalarOperator>
                        <MultipleAssign>
                          <Assign>
                            <ColumnReference Column="Number" />
                            <ScalarOperator>
                              <Identifier>
                                <ColumnReference Column="Number" />
                              </Identifier>
                            </ScalarOperator>
                          </Assign>
                          <Assign>
                            <ColumnReference Column="BugDatabase" />
                            <ScalarOperator>
                              <Identifier>
                                <ColumnReference Column="BugDatabase" />
                              </Identifier>
                            </ScalarOperator>
                          </Assign>
                          <Assign>
                            <ColumnReference Column="Hits" />
                            <ScalarOperator>
                              <Identifier>
                                <ColumnReference Column="Expr1010" />
                              </Identifier>
                            </ScalarOperator>
                          </Assign>
                        </MultipleAssign>
                      </ScalarOperator>
                    </ScalarExpressionList>
                  </ScalarOperator>
                </SetPredicate>
                <RelOp NodeId="1" PhysicalOp="Stream Aggregate" LogicalOp="Aggregate" EstimateRows="4.10123" EstimateIO="0" EstimateCPU="4.51135e-006" AvgRowSize="269" EstimatedTotalSubtreeCost="0.0283074" Parallel="0" EstimateRebinds="0" EstimateRewinds="0" EstimatedExecutionMode="Row">
                  <OutputList>
                    <ColumnReference Column="Number" />
                    <ColumnReference Column="BugDatabase" />
                    <ColumnReference Column="Expr1010" />
                  </OutputList>
                  <StreamAggregate>
                    <DefinedValues>
                      <DefinedValue>
                        <ColumnReference Column="Expr1010" />
                        <ScalarOperator ScalarString="SUM([Expr1011])">
                          <Aggregate Distinct="0" AggType="SUM">
                            <ScalarOperator>
                              <Identifier>
                                <ColumnReference Column="Expr1011" />
                              </Identifier>
                            </ScalarOperator>
                          </Aggregate>
                        </ScalarOperator>
                      </DefinedValue>
                    </DefinedValues>
                    <GroupBy>
                      <ColumnReference Column="BugDatabase" />
                      <ColumnReference Column="Number" />
                    </GroupBy>
                    <RelOp NodeId="2" PhysicalOp="Compute Scalar" LogicalOp="Compute Scalar" EstimateRows="4.10123" EstimateIO="0" EstimateCPU="4.10123e-007" AvgRowSize="269" EstimatedTotalSubtreeCost="0.0283028" Parallel="0" EstimateRebinds="0" EstimateRewinds="0" EstimatedExecutionMode="Row">
                      <OutputList>
                        <ColumnReference Column="Number" />
                        <ColumnReference Column="BugDatabase" />
                        <ColumnReference Column="Expr1011" />
                      </OutputList>
                      <ComputeScalar>
                        <DefinedValues>
                          <DefinedValue>
                            <ColumnReference Column="Expr1011" />
                            <ScalarOperator ScalarString="isnull([OurLabReporting].[dbo].[Bug].[WatsonHits] as [b].[WatsonHits],(0))">
                              <Intrinsic FunctionName="isnull">
                                <ScalarOperator>
                                  <Identifier>
                                    <ColumnReference Database="[OurLabReporting]" Schema="[dbo]" Table="[Bug]" Alias="[b]" Column="WatsonHits" />
                                  </Identifier>
                                </ScalarOperator>
                                <ScalarOperator>
                                  <Const ConstValue="(0)" />
                                </ScalarOperator>
                              </Intrinsic>
                            </ScalarOperator>
                          </DefinedValue>
                        </DefinedValues>
                        <RelOp NodeId="3" PhysicalOp="Nested Loops" LogicalOp="Inner Join" EstimateRows="4.10123" EstimateIO="0" EstimateCPU="1.71431e-005" AvgRowSize="269" EstimatedTotalSubtreeCost="0.0283024" Parallel="0" EstimateRebinds="0" EstimateRewinds="0" EstimatedExecutionMode="Row">
                          <OutputList>
                            <ColumnReference Column="Number" />
                            <ColumnReference Column="BugDatabase" />
                            <ColumnReference Database="[OurLabReporting]" Schema="[dbo]" Table="[Bug]" Alias="[b]" Column="WatsonHits" />
                          </OutputList>
                          <NestedLoops Optimized="0">
                            <OuterReferences>
                              <ColumnReference Database="[OurLabReporting]" Schema="[dbo]" Table="[Bug]" Alias="[b]" Column="Id" />
                            </OuterReferences>
                            <RelOp NodeId="4" PhysicalOp="Nested Loops" LogicalOp="Inner Join" EstimateRows="4.10123" EstimateIO="0" EstimateCPU="1.71431e-005" AvgRowSize="269" EstimatedTotalSubtreeCost="0.0179483" Parallel="0" EstimateRebinds="0" EstimateRewinds="0" EstimatedExecutionMode="Row">
                              <OutputList>
                                <ColumnReference Column="Number" />
                                <ColumnReference Column="BugDatabase" />
                                <ColumnReference Database="[OurLabReporting]" Schema="[dbo]" Table="[Bug]" Alias="[b]" Column="Id" />
                              </OutputList>
                              <NestedLoops Optimized="0">
                                <OuterReferences>
                                  <ColumnReference Column="Number" />
                                  <ColumnReference Column="BugDatabase" />
                                </OuterReferences>
                                <RelOp NodeId="5" PhysicalOp="Sort" LogicalOp="Distinct Sort" EstimateRows="1" EstimateIO="0.0112613" EstimateCPU="0.000100265" AvgRowSize="265" EstimatedTotalSubtreeCost="0.0146446" Parallel="0" EstimateRebinds="0" EstimateRewinds="0" EstimatedExecutionMode="Row">
                                  <OutputList>
                                    <ColumnReference Column="Number" />
                                    <ColumnReference Column="BugDatabase" />
                                  </OutputList>
                                  <MemoryFractions Input="1" Output="1" />
                                  <Sort Distinct="1">
                                    <OrderBy>
                                      <OrderByColumn Ascending="1">
                                        <ColumnReference Column="BugDatabase" />
                                      </OrderByColumn>
                                      <OrderByColumn Ascending="1">
                                        <ColumnReference Column="Number" />
                                      </OrderByColumn>
                                    </OrderBy>
                                    <RelOp NodeId="6" PhysicalOp="Table Scan" LogicalOp="Table Scan" EstimateRows="1" EstimateIO="0.003125" EstimateCPU="0.0001581" AvgRowSize="265" EstimatedTotalSubtreeCost="0.0032831" TableCardinality="0" Parallel="0" EstimateRebinds="0" EstimateRewinds="0" EstimatedExecutionMode="Row">
                                      <OutputList>
                                        <ColumnReference Column="Number" />
                                        <ColumnReference Column="BugDatabase" />
                                      </OutputList>
                                      <TableScan Ordered="0" ForcedIndex="0" ForceScan="0" NoExpandHint="0">
                                        <DefinedValues>
                                          <DefinedValue>
                                            <ColumnReference Column="Number" />
                                          </DefinedValue>
                                          <DefinedValue>
                                            <ColumnReference Column="BugDatabase" />
                                          </DefinedValue>
                                        </DefinedValues>
                                        <Object Table="[@PrimaryBugs]" />
                                      </TableScan>
                                    </RelOp>
                                  </Sort>
                                </RelOp>
                                <RelOp NodeId="7" PhysicalOp="Index Seek" LogicalOp="Index Seek" EstimateRows="4.10123" EstimateIO="0.003125" EstimateCPU="0.000161511" AvgRowSize="11" EstimatedTotalSubtreeCost="0.00328651" TableCardinality="37279" Parallel="0" EstimateRebinds="0" EstimateRewinds="0" EstimatedExecutionMode="Row">
                                  <OutputList>
                                    <ColumnReference Database="[OurLabReporting]" Schema="[dbo]" Table="[Bug]" Alias="[b]" Column="Id" />
                                  </OutputList>
                                  <IndexScan Ordered="1" ScanDirection="FORWARD" ForcedIndex="0" ForceSeek="0" ForceScan="0" NoExpandHint="0" Storage="RowStore">
                                    <DefinedValues>
                                      <DefinedValue>
                                        <ColumnReference Database="[OurLabReporting]" Schema="[dbo]" Table="[Bug]" Alias="[b]" Column="Id" />
                                      </DefinedValue>
                                    </DefinedValues>
                                    <Object Database="[OurLabReporting]" Schema="[dbo]" Table="[Bug]" Index="[Bug_IX_DupNumber_DatabaseName]" Alias="[b]" IndexKind="NonClustered" />
                                    <SeekPredicates>
                                      <SeekPredicateNew>
                                        <SeekKeys>
                                          <Prefix ScanType="EQ">
                                            <RangeColumns>
                                              <ColumnReference Database="[OurLabReporting]" Schema="[dbo]" Table="[Bug]" Alias="[b]" Column="DuplicateNumber" />
                                              <ColumnReference Database="[OurLabReporting]" Schema="[dbo]" Table="[Bug]" Alias="[b]" Column="DatabaseName" />
                                            </RangeColumns>
                                            <RangeExpressions>
                                              <ScalarOperator ScalarString="[Number]">
                                                <Identifier>
                                                  <ColumnReference Column="Number" />
                                                </Identifier>
                                              </ScalarOperator>
                                              <ScalarOperator ScalarString="[BugDatabase]">
                                                <Identifier>
                                                  <ColumnReference Column="BugDatabase" />
                                                </Identifier>
                                              </ScalarOperator>
                                            </RangeExpressions>
                                          </Prefix>
                                        </SeekKeys>
                                      </SeekPredicateNew>
                                    </SeekPredicates>
                                  </IndexScan>
                                </RelOp>
                              </NestedLoops>
                            </RelOp>
                            <RelOp NodeId="9" PhysicalOp="Clustered Index Seek" LogicalOp="Clustered Index Seek" EstimateRows="1" EstimateIO="0.003125" EstimateCPU="0.0001581" AvgRowSize="11" EstimatedTotalSubtreeCost="0.010337" TableCardinality="37279" Parallel="0" EstimateRebinds="3.10123" EstimateRewinds="0" EstimatedExecutionMode="Row">
                              <OutputList>
                                <ColumnReference Database="[OurLabReporting]" Schema="[dbo]" Table="[Bug]" Alias="[b]" Column="WatsonHits" />
                              </OutputList>
                              <IndexScan Lookup="1" Ordered="1" ScanDirection="FORWARD" ForcedIndex="0" ForceSeek="0" ForceScan="0" NoExpandHint="0" Storage="RowStore">
                                <DefinedValues>
                                  <DefinedValue>
                                    <ColumnReference Database="[OurLabReporting]" Schema="[dbo]" Table="[Bug]" Alias="[b]" Column="WatsonHits" />
                                  </DefinedValue>
                                </DefinedValues>
                                <Object Database="[OurLabReporting]" Schema="[dbo]" Table="[Bug]" Index="[Bug_PK]" Alias="[b]" TableReferenceId="-1" IndexKind="Clustered" />
                                <SeekPredicates>
                                  <SeekPredicateNew>
                                    <SeekKeys>
                                      <Prefix ScanType="EQ">
                                        <RangeColumns>
                                          <ColumnReference Database="[OurLabReporting]" Schema="[dbo]" Table="[Bug]" Alias="[b]" Column="Id" />
                                        </RangeColumns>
                                        <RangeExpressions>
                                          <ScalarOperator ScalarString="[OurLabReporting].[dbo].[Bug].[Id] as [b].[Id]">
                                            <Identifier>
                                              <ColumnReference Database="[OurLabReporting]" Schema="[dbo]" Table="[Bug]" Alias="[b]" Column="Id" />
                                            </Identifier>
                                          </ScalarOperator>
                                        </RangeExpressions>
                                      </Prefix>
                                    </SeekKeys>
                                  </SeekPredicateNew>
                                </SeekPredicates>
                              </IndexScan>
                            </RelOp>
                          </NestedLoops>
                        </RelOp>
                      </ComputeScalar>
                    </RelOp>
                  </StreamAggregate>
                </RelOp>
              </Update>
            </RelOp>
          </QueryPlan>
        </StmtSimple>
        <StmtCond StatementText="&#xA;DECLARE @BranchSpecific table (Number int, BugDatabase nvarchar(250), BranchSpecific bit)&#xD;&#xA;IF @AncestorBranchNames IS NULL&#xD;" StatementId="16" StatementCompId="25" StatementType="COND" RetrievedFromCache="true">
          <Condition />
          <Then>
            <Statements>
              <StmtSimple StatementText="&#xA;BEGIN&#xD;&#xA;&#x9;-- Root branch, bug is branch specific if it is found in root branch&#xD;&#xA;&#x9;INSERT INTO @BranchSpecific&#xD;&#xA;&#x9;SELECT pb.Number, pb.BugDatabase, IIF(MAX(b.FoundInBranch) = @RootBranchName, 1, 0)&#xD;&#xA;&#x9;FROM @PrimaryBugs pb&#xD;&#xA;&#x9;&#x9;INNER JOIN dbo.Bug b WITH (NOLOCK) ON b.Number = pb.Number AND b.DatabaseName = pb.BugDatabase&#xD;&#xA;&#x9;WHERE pb.FailureType &lt;&gt; N'NonExecution'&#xD;&#xA;&#x9;GROUP BY pb.Number, pb.BugDatabase&#xD;" StatementId="17" StatementCompId="26" StatementType="INSERT" RetrievedFromCache="true" StatementSubTreeCost="0.0312219" StatementEstRows="1" StatementOptmLevel="FULL" QueryHash="0x9F4B748F342CE6FA" QueryPlanHash="0x1983797E094A86BA" StatementOptmEarlyAbortReason="GoodEnoughPlanFound">
                <StatementSetOptions QUOTED_IDENTIFIER="true" ARITHABORT="true" CONCAT_NULL_YIELDS_NULL="true" ANSI_NULLS="true" ANSI_PADDING="true" ANSI_WARNINGS="true" NUMERIC_ROUNDABORT="false" />
                <QueryPlan NonParallelPlanReason="MaxDOPSetToOne" CachedPlanSize="40" CompileTime="5" CompileCPU="5" CompileMemory="936">
                  <MemoryGrantInfo SerialRequiredMemory="512" SerialDesiredMemory="544" />
                  <OptimizerHardwareDependentProperties EstimatedAvailableMemoryGrant="193313" EstimatedPagesCached="773254" EstimatedAvailableDegreeOfParallelism="1" />
                  <RelOp NodeId="0" PhysicalOp="Table Insert" LogicalOp="Insert" EstimateRows="1" EstimateIO="0.01" EstimateCPU="1e-006" AvgRowSize="9" EstimatedTotalSubtreeCost="0.0312219" Parallel="0" EstimateRebinds="0" EstimateRewinds="0" EstimatedExecutionMode="Row">
                    <OutputList />
                    <Update DMLRequestSort="0">
                      <Object Table="[@BranchSpecific]" />
                      <SetPredicate>
                        <ScalarOperator ScalarString="[Number] = @PrimaryBugs.[Number] as [pb].[Number],[BugDatabase] = @PrimaryBugs.[BugDatabase] as [pb].[BugDatabase],[BranchSpecific] = [Expr1010]">
                          <ScalarExpressionList>
                            <ScalarOperator>
                              <MultipleAssign>
                                <Assign>
                                  <ColumnReference Column="Number" />
                                  <ScalarOperator>
                                    <Identifier>
                                      <ColumnReference Table="@PrimaryBugs" Alias="[pb]" Column="Number" />
                                    </Identifier>
                                  </ScalarOperator>
                                </Assign>
                                <Assign>
                                  <ColumnReference Column="BugDatabase" />
                                  <ScalarOperator>
                                    <Identifier>
                                      <ColumnReference Table="@PrimaryBugs" Alias="[pb]" Column="BugDatabase" />
                                    </Identifier>
                                  </ScalarOperator>
                                </Assign>
                                <Assign>
                                  <ColumnReference Column="BranchSpecific" />
                                  <ScalarOperator>
                                    <Identifier>
                                      <ColumnReference Column="Expr1010" />
                                    </Identifier>
                                  </ScalarOperator>
                                </Assign>
                              </MultipleAssign>
                            </ScalarOperator>
                          </ScalarExpressionList>
                        </ScalarOperator>
                      </SetPredicate>
                      <RelOp NodeId="1" PhysicalOp="Compute Scalar" LogicalOp="Compute Scalar" EstimateRows="1" EstimateIO="0" EstimateCPU="1e-007" AvgRowSize="266" EstimatedTotalSubtreeCost="0.0212209" Parallel="0" EstimateRebinds="0" EstimateRewinds="0" EstimatedExecutionMode="Row">
                        <OutputList>
                          <ColumnReference Table="@PrimaryBugs" Alias="[pb]" Column="Number" />
                          <ColumnReference Table="@PrimaryBugs" Alias="[pb]" Column="BugDatabase" />
                          <ColumnReference Column="Expr1010" />
                        </OutputList>
                        <ComputeScalar>
                          <DefinedValues>
                            <DefinedValue>
                              <ColumnReference Column="Expr1010" />
                              <ScalarOperator ScalarString="CONVERT_IMPLICIT(bit,CASE WHEN [Expr1009]=[@RootBranchName] THEN (1) ELSE (0) END,0)">
                                <Convert DataType="bit" Style="0" Implicit="1">
                                  <ScalarOperator>
                                    <IF>
                                      <Condition>
                                        <ScalarOperator>
                                          <Compare CompareOp="EQ">
                                            <ScalarOperator>
                                              <Identifier>
                                                <ColumnReference Column="Expr1009" />
                                              </Identifier>
                                            </ScalarOperator>
                                            <ScalarOperator>
                                              <Identifier>
                                                <ColumnReference Column="@RootBranchName" />
                                              </Identifier>
                                            </ScalarOperator>
                                          </Compare>
                                        </ScalarOperator>
                                      </Condition>
                                      <Then>
                                        <ScalarOperator>
                                          <Const ConstValue="(1)" />
                                        </ScalarOperator>
                                      </Then>
                                      <Else>
                                        <ScalarOperator>
                                          <Const ConstValue="(0)" />
                                        </ScalarOperator>
                                      </Else>
                                    </IF>
                                  </ScalarOperator>
                                </Convert>
                              </ScalarOperator>
                            </DefinedValue>
                          </DefinedValues>
                          <RelOp NodeId="2" PhysicalOp="Stream Aggregate" LogicalOp="Aggregate" EstimateRows="1" EstimateIO="0" EstimateCPU="1.1e-006" AvgRowSize="522" EstimatedTotalSubtreeCost="0.0212208" Parallel="0" EstimateRebinds="0" EstimateRewinds="0" EstimatedExecutionMode="Row">
                            <OutputList>
                              <ColumnReference Table="@PrimaryBugs" Alias="[pb]" Column="Number" />
                              <ColumnReference Table="@PrimaryBugs" Alias="[pb]" Column="BugDatabase" />
                              <ColumnReference Column="Expr1009" />
                            </OutputList>
                            <StreamAggregate>
                              <DefinedValues>
                                <DefinedValue>
                                  <ColumnReference Column="Expr1009" />
                                  <ScalarOperator ScalarString="MAX([OurLabReporting].[dbo].[Bug].[FoundInBranch] as [b].[FoundInBranch])">
                                    <Aggregate Distinct="0" AggType="MAX">
                                      <ScalarOperator>
                                        <Identifier>
                                          <ColumnReference Database="[OurLabReporting]" Schema="[dbo]" Table="[Bug]" Alias="[b]" Column="FoundInBranch" />
                                        </Identifier>
                                      </ScalarOperator>
                                    </Aggregate>
                                  </ScalarOperator>
                                </DefinedValue>
                              </DefinedValues>
                              <GroupBy>
                                <ColumnReference Table="@PrimaryBugs" Alias="[pb]" Column="BugDatabase" />
                                <ColumnReference Table="@PrimaryBugs" Alias="[pb]" Column="Number" />
                              </GroupBy>
                              <RelOp NodeId="3" PhysicalOp="Nested Loops" LogicalOp="Inner Join" EstimateRows="1" EstimateIO="0" EstimateCPU="4.18e-006" AvgRowSize="522" EstimatedTotalSubtreeCost="0.0212197" Parallel="0" EstimateRebinds="0" EstimateRewinds="0" EstimatedExecutionMode="Row">
                                <OutputList>
                                  <ColumnReference Table="@PrimaryBugs" Alias="[pb]" Column="Number" />
                                  <ColumnReference Table="@PrimaryBugs" Alias="[pb]" Column="BugDatabase" />
                                  <ColumnReference Database="[OurLabReporting]" Schema="[dbo]" Table="[Bug]" Alias="[b]" Column="FoundInBranch" />
                                </OutputList>
                                <NestedLoops Optimized="0">
                                  <OuterReferences>
                                    <ColumnReference Database="[OurLabReporting]" Schema="[dbo]" Table="[Bug]" Alias="[b]" Column="Id" />
                                  </OuterReferences>
                                  <RelOp NodeId="4" PhysicalOp="Nested Loops" LogicalOp="Inner Join" EstimateRows="1" EstimateIO="0" EstimateCPU="4.18e-006" AvgRowSize="269" EstimatedTotalSubtreeCost="0.0179324" Parallel="0" EstimateRebinds="0" EstimateRewinds="0" EstimatedExecutionMode="Row">
                                    <OutputList>
                                      <ColumnReference Table="@PrimaryBugs" Alias="[pb]" Column="Number" />
                                      <ColumnReference Table="@PrimaryBugs" Alias="[pb]" Column="BugDatabase" />
                                      <ColumnReference Database="[OurLabReporting]" Schema="[dbo]" Table="[Bug]" Alias="[b]" Column="Id" />
                                    </OutputList>
                                    <NestedLoops Optimized="0">
                                      <OuterReferences>
                                        <ColumnReference Table="@PrimaryBugs" Alias="[pb]" Column="Number" />
                                        <ColumnReference Table="@PrimaryBugs" Alias="[pb]" Column="BugDatabase" />
                                      </OuterReferences>
                                      <RelOp NodeId="5" PhysicalOp="Sort" LogicalOp="Sort" EstimateRows="1" EstimateIO="0.0112613" EstimateCPU="0.000100265" AvgRowSize="265" EstimatedTotalSubtreeCost="0.0146451" Parallel="0" EstimateRebinds="0" EstimateRewinds="0" EstimatedExecutionMode="Row">
                                        <OutputList>
                                          <ColumnReference Table="@PrimaryBugs" Alias="[pb]" Column="Number" />
                                          <ColumnReference Table="@PrimaryBugs" Alias="[pb]" Column="BugDatabase" />
                                        </OutputList>
                                        <MemoryFractions Input="1" Output="1" />
                                        <Sort Distinct="0">
                                          <OrderBy>
                                            <OrderByColumn Ascending="1">
                                              <ColumnReference Table="@PrimaryBugs" Alias="[pb]" Column="BugDatabase" />
                                            </OrderByColumn>
                                            <OrderByColumn Ascending="1">
                                              <ColumnReference Table="@PrimaryBugs" Alias="[pb]" Column="Number" />
                                            </OrderByColumn>
                                          </OrderBy>
                                          <RelOp NodeId="6" PhysicalOp="Table Scan" LogicalOp="Table Scan" EstimateRows="1" EstimateIO="0.003125" EstimateCPU="0.0001581" AvgRowSize="367" EstimatedTotalSubtreeCost="0.0032831" TableCardinality="0" Parallel="0" EstimateRebinds="0" EstimateRewinds="0" EstimatedExecutionMode="Row">
                                            <OutputList>
                                              <ColumnReference Table="@PrimaryBugs" Alias="[pb]" Column="Number" />
                                              <ColumnReference Table="@PrimaryBugs" Alias="[pb]" Column="BugDatabase" />
                                            </OutputList>
                                            <TableScan Ordered="0" ForcedIndex="0" ForceScan="0" NoExpandHint="0">
                                              <DefinedValues>
                                                <DefinedValue>
                                                  <ColumnReference Table="@PrimaryBugs" Alias="[pb]" Column="Number" />
                                                </DefinedValue>
                                                <DefinedValue>
                                                  <ColumnReference Table="@PrimaryBugs" Alias="[pb]" Column="BugDatabase" />
                                                </DefinedValue>
                                              </DefinedValues>
                                              <Object Table="[@PrimaryBugs]" Alias="[pb]" />
                                              <Predicate>
                                                <ScalarOperator ScalarString="@PrimaryBugs.[FailureType] as [pb].[FailureType]&lt;&gt;N'NonExecution'">
                                                  <Compare CompareOp="NE">
                                                    <ScalarOperator>
                                                      <Identifier>
                                                        <ColumnReference Table="@PrimaryBugs" Alias="[pb]" Column="FailureType" />
                                                      </Identifier>
                                                    </ScalarOperator>
                                                    <ScalarOperator>
                                                      <Const ConstValue="N'NonExecution'" />
                                                    </ScalarOperator>
                                                  </Compare>
                                                </ScalarOperator>
                                              </Predicate>
                                            </TableScan>
                                          </RelOp>
                                        </Sort>
                                      </RelOp>
                                      <RelOp NodeId="7" PhysicalOp="Index Seek" LogicalOp="Index Seek" EstimateRows="1" EstimateIO="0.003125" EstimateCPU="0.0001581" AvgRowSize="11" EstimatedTotalSubtreeCost="0.0032831" TableCardinality="37279" Parallel="0" EstimateRebinds="0" EstimateRewinds="0" EstimatedExecutionMode="Row">
                                        <OutputList>
                                          <ColumnReference Database="[OurLabReporting]" Schema="[dbo]" Table="[Bug]" Alias="[b]" Column="Id" />
                                        </OutputList>
                                        <IndexScan Ordered="1" ScanDirection="FORWARD" ForcedIndex="0" ForceSeek="0" ForceScan="0" NoExpandHint="0" Storage="RowStore">
                                          <DefinedValues>
                                            <DefinedValue>
                                              <ColumnReference Database="[OurLabReporting]" Schema="[dbo]" Table="[Bug]" Alias="[b]" Column="Id" />
                                            </DefinedValue>
                                          </DefinedValues>
                                          <Object Database="[OurLabReporting]" Schema="[dbo]" Table="[Bug]" Index="[AK_Database_Number]" Alias="[b]" IndexKind="NonClustered" />
                                          <SeekPredicates>
                                            <SeekPredicateNew>
                                              <SeekKeys>
                                                <Prefix ScanType="EQ">
                                                  <RangeColumns>
                                                    <ColumnReference Database="[OurLabReporting]" Schema="[dbo]" Table="[Bug]" Alias="[b]" Column="DatabaseName" />
                                                    <ColumnReference Database="[OurLabReporting]" Schema="[dbo]" Table="[Bug]" Alias="[b]" Column="Number" />
                                                  </RangeColumns>
                                                  <RangeExpressions>
                                                    <ScalarOperator ScalarString="@PrimaryBugs.[BugDatabase] as [pb].[BugDatabase]">
                                                      <Identifier>
                                                        <ColumnReference Table="@PrimaryBugs" Alias="[pb]" Column="BugDatabase" />
                                                      </Identifier>
                                                    </ScalarOperator>
                                                    <ScalarOperator ScalarString="@PrimaryBugs.[Number] as [pb].[Number]">
                                                      <Identifier>
                                                        <ColumnReference Table="@PrimaryBugs" Alias="[pb]" Column="Number" />
                                                      </Identifier>
                                                    </ScalarOperator>
                                                  </RangeExpressions>
                                                </Prefix>
                                              </SeekKeys>
                                            </SeekPredicateNew>
                                          </SeekPredicates>
                                        </IndexScan>
                                      </RelOp>
                                    </NestedLoops>
                                  </RelOp>
                                  <RelOp NodeId="9" PhysicalOp="Clustered Index Seek" LogicalOp="Clustered Index Seek" EstimateRows="1" EstimateIO="0.003125" EstimateCPU="0.0001581" AvgRowSize="266" EstimatedTotalSubtreeCost="0.0032831" TableCardinality="37279" Parallel="0" EstimateRebinds="0" EstimateRewinds="0" EstimatedExecutionMode="Row">
                                    <OutputList>
                                      <ColumnReference Database="[OurLabReporting]" Schema="[dbo]" Table="[Bug]" Alias="[b]" Column="FoundInBranch" />
                                    </OutputList>
                                    <IndexScan Lookup="1" Ordered="1" ScanDirection="FORWARD" ForcedIndex="0" ForceSeek="0" ForceScan="0" NoExpandHint="0" Storage="RowStore">
                                      <DefinedValues>
                                        <DefinedValue>
                                          <ColumnReference Database="[OurLabReporting]" Schema="[dbo]" Table="[Bug]" Alias="[b]" Column="FoundInBranch" />
                                        </DefinedValue>
                                      </DefinedValues>
                                      <Object Database="[OurLabReporting]" Schema="[dbo]" Table="[Bug]" Index="[Bug_PK]" Alias="[b]" TableReferenceId="-1" IndexKind="Clustered" />
                                      <SeekPredicates>
                                        <SeekPredicateNew>
                                          <SeekKeys>
                                            <Prefix ScanType="EQ">
                                              <RangeColumns>
                                                <ColumnReference Database="[OurLabReporting]" Schema="[dbo]" Table="[Bug]" Alias="[b]" Column="Id" />
                                              </RangeColumns>
                                              <RangeExpressions>
                                                <ScalarOperator ScalarString="[OurLabReporting].[dbo].[Bug].[Id] as [b].[Id]">
                                                  <Identifier>
                                                    <ColumnReference Database="[OurLabReporting]" Schema="[dbo]" Table="[Bug]" Alias="[b]" Column="Id" />
                                                  </Identifier>
                                                </ScalarOperator>
                                              </RangeExpressions>
                                            </Prefix>
                                          </SeekKeys>
                                        </SeekPredicateNew>
                                      </SeekPredicates>
                                    </IndexScan>
                                  </RelOp>
                                </NestedLoops>
                              </RelOp>
                            </StreamAggregate>
                          </RelOp>
                        </ComputeScalar>
                      </RelOp>
                    </Update>
                  </RelOp>
                  <ParameterList>
                    <ColumnReference Column="@RootBranchName" ParameterCompiledValue="N'WINMAIN'" />
                  </ParameterList>
                </QueryPlan>
              </StmtSimple>
            </Statements>
          </Then>
          <Else>
            <Statements>
              <StmtCond StatementText="&#xA;END&#xD;&#xA;ELSE IF @AncestorBranchNames = @RootBranchName&#xD;" StatementId="18" StatementCompId="29" StatementType="COND" RetrievedFromCache="true">
                <Condition />
                <Then>
                  <Statements>
                    <StmtSimple StatementText="&#xA;BEGIN&#xD;&#xA;&#x9;-- In L1 branch, bug is branch specific if it originates from the specified L1 branch or one of its descendents&#xD;&#xA;&#x9;INSERT INTO @BranchSpecific&#xD;&#xA;&#x9;SELECT pb.Number, pb.BugDatabase, IIF(MAX(b.FoundInBranch) LIKE @Branch + N'%', 1, 0)&#xD;&#xA;&#x9;FROM @PrimaryBugs pb&#xD;&#xA;&#x9;&#x9;INNER JOIN dbo.Bug b WITH (NOLOCK) ON b.Number = pb.Number AND b.DatabaseName = pb.BugDatabase&#xD;&#xA;&#x9;WHERE pb.FailureType &lt;&gt; N'NonExecution'&#xD;&#xA;&#x9;GROUP BY pb.Number, pb.BugDatabase&#xD;&#xA;&#xD;&#xA;&#x9;-- In case FoundInBranch has not been populated, use alternative method to set branch specific flag&#xD;&#xA;&#x9;" StatementId="19" StatementCompId="30" StatementType="INSERT" RetrievedFromCache="true" StatementSubTreeCost="0.0312219" StatementEstRows="1" StatementOptmLevel="FULL" QueryHash="0xB4B2EC03C2C25FA4" QueryPlanHash="0x28D2BFDCF2733D8B" StatementOptmEarlyAbortReason="GoodEnoughPlanFound">
                      <StatementSetOptions QUOTED_IDENTIFIER="true" ARITHABORT="true" CONCAT_NULL_YIELDS_NULL="true" ANSI_NULLS="true" ANSI_PADDING="true" ANSI_WARNINGS="true" NUMERIC_ROUNDABORT="false" />
                      <QueryPlan NonParallelPlanReason="MaxDOPSetToOne" CachedPlanSize="40" CompileTime="5" CompileCPU="5" CompileMemory="968">
                        <MemoryGrantInfo SerialRequiredMemory="512" SerialDesiredMemory="544" />
                        <OptimizerHardwareDependentProperties EstimatedAvailableMemoryGrant="193313" EstimatedPagesCached="773254" EstimatedAvailableDegreeOfParallelism="1" />
                        <RelOp NodeId="0" PhysicalOp="Table Insert" LogicalOp="Insert" EstimateRows="1" EstimateIO="0.01" EstimateCPU="1e-006" AvgRowSize="9" EstimatedTotalSubtreeCost="0.0312219" Parallel="0" EstimateRebinds="0" EstimateRewinds="0" EstimatedExecutionMode="Row">
                          <OutputList />
                          <Update DMLRequestSort="0">
                            <Object Table="[@BranchSpecific]" />
                            <SetPredicate>
                              <ScalarOperator ScalarString="[Number] = @PrimaryBugs.[Number] as [pb].[Number],[BugDatabase] = @PrimaryBugs.[BugDatabase] as [pb].[BugDatabase],[BranchSpecific] = [Expr1010]">
                                <ScalarExpressionList>
                                  <ScalarOperator>
                                    <MultipleAssign>
                                      <Assign>
                                        <ColumnReference Column="Number" />
                                        <ScalarOperator>
                                          <Identifier>
                                            <ColumnReference Table="@PrimaryBugs" Alias="[pb]" Column="Number" />
                                          </Identifier>
                                        </ScalarOperator>
                                      </Assign>
                                      <Assign>
                                        <ColumnReference Column="BugDatabase" />
                                        <ScalarOperator>
                                          <Identifier>
                                            <ColumnReference Table="@PrimaryBugs" Alias="[pb]" Column="BugDatabase" />
                                          </Identifier>
                                        </ScalarOperator>
                                      </Assign>
                                      <Assign>
                                        <ColumnReference Column="BranchSpecific" />
                                        <ScalarOperator>
                                          <Identifier>
                                            <ColumnReference Column="Expr1010" />
                                          </Identifier>
                                        </ScalarOperator>
                                      </Assign>
                                    </MultipleAssign>
                                  </ScalarOperator>
                                </ScalarExpressionList>
                              </ScalarOperator>
                            </SetPredicate>
                            <RelOp NodeId="1" PhysicalOp="Compute Scalar" LogicalOp="Compute Scalar" EstimateRows="1" EstimateIO="0" EstimateCPU="1e-007" AvgRowSize="266" EstimatedTotalSubtreeCost="0.0212209" Parallel="0" EstimateRebinds="0" EstimateRewinds="0" EstimatedExecutionMode="Row">
                              <OutputList>
                                <ColumnReference Table="@PrimaryBugs" Alias="[pb]" Column="Number" />
                                <ColumnReference Table="@PrimaryBugs" Alias="[pb]" Column="BugDatabase" />
                                <ColumnReference Column="Expr1010" />
                              </OutputList>
                              <ComputeScalar>
                                <DefinedValues>
                                  <DefinedValue>
                                    <ColumnReference Column="Expr1010" />
                                    <ScalarOperator ScalarString="CONVERT_IMPLICIT(bit,CASE WHEN [Expr1009] like [@Branch]+N'%' THEN (1) ELSE (0) END,0)">
                                      <Convert DataType="bit" Style="0" Implicit="1">
                                        <ScalarOperator>
                                          <IF>
                                            <Condition>
                                              <ScalarOperator>
                                                <Intrinsic FunctionName="like">
                                                  <ScalarOperator>
                                                    <Identifier>
                                                      <ColumnReference Column="Expr1009" />
                                                    </Identifier>
                                                  </ScalarOperator>
                                                  <ScalarOperator>
                                                    <Arithmetic Operation="ADD">
                                                      <ScalarOperator>
                                                        <Identifier>
                                                          <ColumnReference Column="@Branch" />
                                                        </Identifier>
                                                      </ScalarOperator>
                                                      <ScalarOperator>
                                                        <Const ConstValue="N'%'" />
                                                      </ScalarOperator>
                                                    </Arithmetic>
                                                  </ScalarOperator>
                                                </Intrinsic>
                                              </ScalarOperator>
                                            </Condition>
                                            <Then>
                                              <ScalarOperator>
                                                <Const ConstValue="(1)" />
                                              </ScalarOperator>
                                            </Then>
                                            <Else>
                                              <ScalarOperator>
                                                <Const ConstValue="(0)" />
                                              </ScalarOperator>
                                            </Else>
                                          </IF>
                                        </ScalarOperator>
                                      </Convert>
                                    </ScalarOperator>
                                  </DefinedValue>
                                </DefinedValues>
                                <RelOp NodeId="2" PhysicalOp="Stream Aggregate" LogicalOp="Aggregate" EstimateRows="1" EstimateIO="0" EstimateCPU="1.1e-006" AvgRowSize="522" EstimatedTotalSubtreeCost="0.0212208" Parallel="0" EstimateRebinds="0" EstimateRewinds="0" EstimatedExecutionMode="Row">
                                  <OutputList>
                                    <ColumnReference Table="@PrimaryBugs" Alias="[pb]" Column="Number" />
                                    <ColumnReference Table="@PrimaryBugs" Alias="[pb]" Column="BugDatabase" />
                                    <ColumnReference Column="Expr1009" />
                                  </OutputList>
                                  <StreamAggregate>
                                    <DefinedValues>
                                      <DefinedValue>
                                        <ColumnReference Column="Expr1009" />
                                        <ScalarOperator ScalarString="MAX([OurLabReporting].[dbo].[Bug].[FoundInBranch] as [b].[FoundInBranch])">
                                          <Aggregate Distinct="0" AggType="MAX">
                                            <ScalarOperator>
                                              <Identifier>
                                                <ColumnReference Database="[OurLabReporting]" Schema="[dbo]" Table="[Bug]" Alias="[b]" Column="FoundInBranch" />
                                              </Identifier>
                                            </ScalarOperator>
                                          </Aggregate>
                                        </ScalarOperator>
                                      </DefinedValue>
                                    </DefinedValues>
                                    <GroupBy>
                                      <ColumnReference Table="@PrimaryBugs" Alias="[pb]" Column="BugDatabase" />
                                      <ColumnReference Table="@PrimaryBugs" Alias="[pb]" Column="Number" />
                                    </GroupBy>
                                    <RelOp NodeId="3" PhysicalOp="Nested Loops" LogicalOp="Inner Join" EstimateRows="1" EstimateIO="0" EstimateCPU="4.18e-006" AvgRowSize="522" EstimatedTotalSubtreeCost="0.0212197" Parallel="0" EstimateRebinds="0" EstimateRewinds="0" EstimatedExecutionMode="Row">
                                      <OutputList>
                                        <ColumnReference Table="@PrimaryBugs" Alias="[pb]" Column="Number" />
                                        <ColumnReference Table="@PrimaryBugs" Alias="[pb]" Column="BugDatabase" />
                                        <ColumnReference Database="[OurLabReporting]" Schema="[dbo]" Table="[Bug]" Alias="[b]" Column="FoundInBranch" />
                                      </OutputList>
                                      <NestedLoops Optimized="0">
                                        <OuterReferences>
                                          <ColumnReference Database="[OurLabReporting]" Schema="[dbo]" Table="[Bug]" Alias="[b]" Column="Id" />
                                        </OuterReferences>
                                        <RelOp NodeId="4" PhysicalOp="Nested Loops" LogicalOp="Inner Join" EstimateRows="1" EstimateIO="0" EstimateCPU="4.18e-006" AvgRowSize="269" EstimatedTotalSubtreeCost="0.0179324" Parallel="0" EstimateRebinds="0" EstimateRewinds="0" EstimatedExecutionMode="Row">
                                          <OutputList>
                                            <ColumnReference Table="@PrimaryBugs" Alias="[pb]" Column="Number" />
                                            <ColumnReference Table="@PrimaryBugs" Alias="[pb]" Column="BugDatabase" />
                                            <ColumnReference Database="[OurLabReporting]" Schema="[dbo]" Table="[Bug]" Alias="[b]" Column="Id" />
                                          </OutputList>
                                          <NestedLoops Optimized="0">
                                            <OuterReferences>
                                              <ColumnReference Table="@PrimaryBugs" Alias="[pb]" Column="Number" />
                                              <ColumnReference Table="@PrimaryBugs" Alias="[pb]" Column="BugDatabase" />
                                            </OuterReferences>
                                            <RelOp NodeId="5" PhysicalOp="Sort" LogicalOp="Sort" EstimateRows="1" EstimateIO="0.0112613" EstimateCPU="0.000100265" AvgRowSize="265" EstimatedTotalSubtreeCost="0.0146451" Parallel="0" EstimateRebinds="0" EstimateRewinds="0" EstimatedExecutionMode="Row">
                                              <OutputList>
                                                <ColumnReference Table="@PrimaryBugs" Alias="[pb]" Column="Number" />
                                                <ColumnReference Table="@PrimaryBugs" Alias="[pb]" Column="BugDatabase" />
                                              </OutputList>
                                              <MemoryFractions Input="1" Output="1" />
                                              <Sort Distinct="0">
                                                <OrderBy>
                                                  <OrderByColumn Ascending="1">
                                                    <ColumnReference Table="@PrimaryBugs" Alias="[pb]" Column="BugDatabase" />
                                                  </OrderByColumn>
                                                  <OrderByColumn Ascending="1">
                                                    <ColumnReference Table="@PrimaryBugs" Alias="[pb]" Column="Number" />
                                                  </OrderByColumn>
                                                </OrderBy>
                                                <RelOp NodeId="6" PhysicalOp="Table Scan" LogicalOp="Table Scan" EstimateRows="1" EstimateIO="0.003125" EstimateCPU="0.0001581" AvgRowSize="367" EstimatedTotalSubtreeCost="0.0032831" TableCardinality="0" Parallel="0" EstimateRebinds="0" EstimateRewinds="0" EstimatedExecutionMode="Row">
                                                  <OutputList>
                                                    <ColumnReference Table="@PrimaryBugs" Alias="[pb]" Column="Number" />
                                                    <ColumnReference Table="@PrimaryBugs" Alias="[pb]" Column="BugDatabase" />
                                                  </OutputList>
                                                  <TableScan Ordered="0" ForcedIndex="0" ForceScan="0" NoExpandHint="0">
                                                    <DefinedValues>
                                                      <DefinedValue>
                                                        <ColumnReference Table="@PrimaryBugs" Alias="[pb]" Column="Number" />
                                                      </DefinedValue>
                                                      <DefinedValue>
                                                        <ColumnReference Table="@PrimaryBugs" Alias="[pb]" Column="BugDatabase" />
                                                      </DefinedValue>
                                                    </DefinedValues>
                                                    <Object Table="[@PrimaryBugs]" Alias="[pb]" />
                                                    <Predicate>
                                                      <ScalarOperator ScalarString="@PrimaryBugs.[FailureType] as [pb].[FailureType]&lt;&gt;N'NonExecution'">
                                                        <Compare CompareOp="NE">
                                                          <ScalarOperator>
                                                            <Identifier>
                                                              <ColumnReference Table="@PrimaryBugs" Alias="[pb]" Column="FailureType" />
                                                            </Identifier>
                                                          </ScalarOperator>
                                                          <ScalarOperator>
                                                            <Const ConstValue="N'NonExecution'" />
                                                          </ScalarOperator>
                                                        </Compare>
                                                      </ScalarOperator>
                                                    </Predicate>
                                                  </TableScan>
                                                </RelOp>
                                              </Sort>
                                            </RelOp>
                                            <RelOp NodeId="7" PhysicalOp="Index Seek" LogicalOp="Index Seek" EstimateRows="1" EstimateIO="0.003125" EstimateCPU="0.0001581" AvgRowSize="11" EstimatedTotalSubtreeCost="0.0032831" TableCardinality="37279" Parallel="0" EstimateRebinds="0" EstimateRewinds="0" EstimatedExecutionMode="Row">
                                              <OutputList>
                                                <ColumnReference Database="[OurLabReporting]" Schema="[dbo]" Table="[Bug]" Alias="[b]" Column="Id" />
                                              </OutputList>
                                              <IndexScan Ordered="1" ScanDirection="FORWARD" ForcedIndex="0" ForceSeek="0" ForceScan="0" NoExpandHint="0" Storage="RowStore">
                                                <DefinedValues>
                                                  <DefinedValue>
                                                    <ColumnReference Database="[OurLabReporting]" Schema="[dbo]" Table="[Bug]" Alias="[b]" Column="Id" />
                                                  </DefinedValue>
                                                </DefinedValues>
                                                <Object Database="[OurLabReporting]" Schema="[dbo]" Table="[Bug]" Index="[AK_Database_Number]" Alias="[b]" IndexKind="NonClustered" />
                                                <SeekPredicates>
                                                  <SeekPredicateNew>
                                                    <SeekKeys>
                                                      <Prefix ScanType="EQ">
                                                        <RangeColumns>
                                                          <ColumnReference Database="[OurLabReporting]" Schema="[dbo]" Table="[Bug]" Alias="[b]" Column="DatabaseName" />
                                                          <ColumnReference Database="[OurLabReporting]" Schema="[dbo]" Table="[Bug]" Alias="[b]" Column="Number" />
                                                        </RangeColumns>
                                                        <RangeExpressions>
                                                          <ScalarOperator ScalarString="@PrimaryBugs.[BugDatabase] as [pb].[BugDatabase]">
                                                            <Identifier>
                                                              <ColumnReference Table="@PrimaryBugs" Alias="[pb]" Column="BugDatabase" />
                                                            </Identifier>
                                                          </ScalarOperator>
                                                          <ScalarOperator ScalarString="@PrimaryBugs.[Number] as [pb].[Number]">
                                                            <Identifier>
                                                              <ColumnReference Table="@PrimaryBugs" Alias="[pb]" Column="Number" />
                                                            </Identifier>
                                                          </ScalarOperator>
                                                        </RangeExpressions>
                                                      </Prefix>
                                                    </SeekKeys>
                                                  </SeekPredicateNew>
                                                </SeekPredicates>
                                              </IndexScan>
                                            </RelOp>
                                          </NestedLoops>
                                        </RelOp>
                                        <RelOp NodeId="9" PhysicalOp="Clustered Index Seek" LogicalOp="Clustered Index Seek" EstimateRows="1" EstimateIO="0.003125" EstimateCPU="0.0001581" AvgRowSize="266" EstimatedTotalSubtreeCost="0.0032831" TableCardinality="37279" Parallel="0" EstimateRebinds="0" EstimateRewinds="0" EstimatedExecutionMode="Row">
                                          <OutputList>
                                            <ColumnReference Database="[OurLabReporting]" Schema="[dbo]" Table="[Bug]" Alias="[b]" Column="FoundInBranch" />
                                          </OutputList>
                                          <IndexScan Lookup="1" Ordered="1" ScanDirection="FORWARD" ForcedIndex="0" ForceSeek="0" ForceScan="0" NoExpandHint="0" Storage="RowStore">
                                            <DefinedValues>
                                              <DefinedValue>
                                                <ColumnReference Database="[OurLabReporting]" Schema="[dbo]" Table="[Bug]" Alias="[b]" Column="FoundInBranch" />
                                              </DefinedValue>
                                            </DefinedValues>
                                            <Object Database="[OurLabReporting]" Schema="[dbo]" Table="[Bug]" Index="[Bug_PK]" Alias="[b]" TableReferenceId="-1" IndexKind="Clustered" />
                                            <SeekPredicates>
                                              <SeekPredicateNew>
                                                <SeekKeys>
                                                  <Prefix ScanType="EQ">
                                                    <RangeColumns>
                                                      <ColumnReference Database="[OurLabReporting]" Schema="[dbo]" Table="[Bug]" Alias="[b]" Column="Id" />
                                                    </RangeColumns>
                                                    <RangeExpressions>
                                                      <ScalarOperator ScalarString="[OurLabReporting].[dbo].[Bug].[Id] as [b].[Id]">
                                                        <Identifier>
                                                          <ColumnReference Database="[OurLabReporting]" Schema="[dbo]" Table="[Bug]" Alias="[b]" Column="Id" />
                                                        </Identifier>
                                                      </ScalarOperator>
                                                    </RangeExpressions>
                                                  </Prefix>
                                                </SeekKeys>
                                              </SeekPredicateNew>
                                            </SeekPredicates>
                                          </IndexScan>
                                        </RelOp>
                                      </NestedLoops>
                                    </RelOp>
                                  </StreamAggregate>
                                </RelOp>
                              </ComputeScalar>
                            </RelOp>
                          </Update>
                        </RelOp>
                        <ParameterList>
                          <ColumnReference Column="@Branch" ParameterCompiledValue="N'fbl_shell1_dev_aie1'" />
                        </ParameterList>
                      </QueryPlan>
                    </StmtSimple>
                    <StmtSimple StatementText=";WITH nf AS (&#xD;&#xA;&#x9;&#x9;SELECT bs.Number, bs.BugDatabase, SUM(IIF(f.Branch NOT LIKE @Branch + N'%', 1, 0)) AS NonFamilyBranchCount&#xD;&#xA;&#x9;&#x9;FROM @BranchSpecific bs&#xD;&#xA;&#x9;&#x9;&#x9;INNER JOIN dbo.Bug b WITH (NOLOCK)&#xD;&#xA;&#x9;&#x9;&#x9;&#x9;ON ISNULL(b.DuplicateNumber, b.Number) = bs.Number AND b.DatabaseName = bs.BugDatabase&#xD;&#xA;&#x9;&#x9;&#x9;INNER JOIN dbo.BugBranchFailureCount f WITH (NOLOCK, NOEXPAND)&#xD;&#xA;&#x9;&#x9;&#x9;&#x9;ON f.Number = b.Number AND f.DatabaseName = b.DatabaseName&#xD;&#xA;&#x9;&#x9;GROUP BY bs.Number, bs.BugDatabase&#xD;&#xA;&#x9;)&#xD;&#xA;&#x9;UPDATE @BranchSpecific&#xD;&#xA;&#x9;SET BranchSpecific = 1&#xD;&#xA;&#x9;FROM @BranchSpecific AS bs&#xD;&#xA;&#x9;&#x9;INNER JOIN dbo.Bug b WITH (NOLOCK) ON b.Number = bs.Number AND b.DatabaseName = bs.BugDatabase&#xD;&#xA;&#x9;&#x9;INNER JOIN nf ON nf.Number = bs.Number AND nf.BugDatabase = bs.BugDatabase&#xD;&#xA;&#x9;WHERE bs.BranchSpecific = 0&#xD;&#xA;&#x9;&#x9;AND LTRIM(RTRIM(ISNULL(b.FoundInBranch, N''))) = N''&#xD;&#xA;&#x9;&#x9;AND nf.NonFamilyBranchCount = 0&#xD;" StatementId="20" StatementCompId="31" StatementType="UPDATE" RetrievedFromCache="true" StatementSubTreeCost="8.32161" StatementEstRows="1" StatementOptmLevel="FULL" QueryHash="0x6D286635A1D8B2FD" QueryPlanHash="0x5061A5C6C900C790" StatementOptmEarlyAbortReason="TimeOut">
                      <StatementSetOptions QUOTED_IDENTIFIER="true" ARITHABORT="true" CONCAT_NULL_YIELDS_NULL="true" ANSI_NULLS="true" ANSI_PADDING="true" ANSI_WARNINGS="true" NUMERIC_ROUNDABORT="false" />
                      <QueryPlan NonParallelPlanReason="MaxDOPSetToOne" CachedPlanSize="72" CompileTime="229" CompileCPU="229" CompileMemory="3136">
                        <MemoryGrantInfo SerialRequiredMemory="0" SerialDesiredMemory="0" />
                        <OptimizerHardwareDependentProperties EstimatedAvailableMemoryGrant="193313" EstimatedPagesCached="773254" EstimatedAvailableDegreeOfParallelism="1" />
                        <RelOp NodeId="0" PhysicalOp="Table Update" LogicalOp="Update" EstimateRows="1" EstimateIO="0.01" EstimateCPU="1e-006" AvgRowSize="9" EstimatedTotalSubtreeCost="8.32161" Parallel="0" EstimateRebinds="0" EstimateRewinds="0" EstimatedExecutionMode="Row">
                          <OutputList />
                          <Update DMLRequestSort="0">
                            <Object Table="[@BranchSpecific]" Alias="[bs]" />
                            <SetPredicate>
                              <ScalarOperator ScalarString="@BranchSpecific.[BranchSpecific] as [bs].[BranchSpecific] = [Expr1013]">
                                <ScalarExpressionList>
                                  <ScalarOperator>
                                    <MultipleAssign>
                                      <Assign>
                                        <ColumnReference Table="@BranchSpecific" Alias="[bs]" Column="BranchSpecific" />
                                        <ScalarOperator>
                                          <Identifier>
                                            <ColumnReference Column="Expr1013" />
                                          </Identifier>
                                        </ScalarOperator>
                                      </Assign>
                                    </MultipleAssign>
                                  </ScalarOperator>
                                </ScalarExpressionList>
                              </ScalarOperator>
                            </SetPredicate>
                            <RelOp NodeId="1" PhysicalOp="Compute Scalar" LogicalOp="Compute Scalar" EstimateRows="1" EstimateIO="0" EstimateCPU="1e-007" AvgRowSize="16" EstimatedTotalSubtreeCost="8.31161" Parallel="0" EstimateRebinds="0" EstimateRewinds="0" EstimatedExecutionMode="Row">
                              <OutputList>
                                <ColumnReference Column="Bmk1000" />
                                <ColumnReference Column="Expr1013" />
                              </OutputList>
                              <ComputeScalar>
                                <DefinedValues>
                                  <DefinedValue>
                                    <ColumnReference Column="Expr1013" />
                                    <ScalarOperator ScalarString="(1)">
                                      <Const ConstValue="(1)" />
                                    </ScalarOperator>
                                  </DefinedValue>
                                </DefinedValues>
                                <RelOp NodeId="2" PhysicalOp="Table Spool" LogicalOp="Eager Spool" EstimateRows="1" EstimateIO="0.013125" EstimateCPU="0.00010046" AvgRowSize="15" EstimatedTotalSubtreeCost="8.31161" Parallel="0" EstimateRebinds="0" EstimateRewinds="0" EstimatedExecutionMode="Row">
                                  <OutputList>
                                    <ColumnReference Column="Bmk1000" />
                                  </OutputList>
                                  <Spool>
                                    <RelOp NodeId="3" PhysicalOp="Filter" LogicalOp="Filter" EstimateRows="1" EstimateIO="0" EstimateCPU="2.07536e-006" AvgRowSize="15" EstimatedTotalSubtreeCost="8.29838" Parallel="0" EstimateRebinds="0" EstimateRewinds="0" EstimatedExecutionMode="Row">
                                      <OutputList>
                                        <ColumnReference Column="Bmk1000" />
                                      </OutputList>
                                      <Filter StartupExpression="0">
                                        <RelOp NodeId="4" PhysicalOp="Stream Aggregate" LogicalOp="Aggregate" EstimateRows="4.32368" EstimateIO="0" EstimateCPU="4.75604e-006" AvgRowSize="19" EstimatedTotalSubtreeCost="8.29838" Parallel="0" EstimateRebinds="0" EstimateRewinds="0" EstimatedExecutionMode="Row">
                                          <OutputList>
                                            <ColumnReference Column="Bmk1000" />
                                            <ColumnReference Column="Expr1012" />
                                          </OutputList>
                                          <StreamAggregate>
                                            <DefinedValues>
                                              <DefinedValue>
                                                <ColumnReference Column="Expr1012" />
                                                <ScalarOperator ScalarString="SUM(CASE WHEN NOT [OurLabReporting].[dbo].[BugBranchFailureCount].[Branch] as [f].[Branch] like [@Branch]+N'%' THEN (1) ELSE (0) END)">
                                                  <Aggregate Distinct="0" AggType="SUM">
                                                    <ScalarOperator>
                                                      <IF>
                                                        <Condition>
                                                          <ScalarOperator>
                                                            <Logical Operation="NOT">
                                                              <ScalarOperator>
                                                                <Intrinsic FunctionName="like">
                                                                  <ScalarOperator>
                                                                    <Identifier>
                                                                      <ColumnReference Database="[OurLabReporting]" Schema="[dbo]" Table="[BugBranchFailureCount]" Alias="[f]" Column="Branch" />
                                                                    </Identifier>
                                                                  </ScalarOperator>
                                                                  <ScalarOperator>
                                                                    <Arithmetic Operation="ADD">
                                                                      <ScalarOperator>
                                                                        <Identifier>
                                                                          <ColumnReference Column="@Branch" />
                                                                        </Identifier>
                                                                      </ScalarOperator>
                                                                      <ScalarOperator>
                                                                        <Const ConstValue="N'%'" />
                                                                      </ScalarOperator>
                                                                    </Arithmetic>
                                                                  </ScalarOperator>
                                                                </Intrinsic>
                                                              </ScalarOperator>
                                                            </Logical>
                                                          </ScalarOperator>
                                                        </Condition>
                                                        <Then>
                                                          <ScalarOperator>
                                                            <Const ConstValue="(1)" />
                                                          </ScalarOperator>
                                                        </Then>
                                                        <Else>
                                                          <ScalarOperator>
                                                            <Const ConstValue="(0)" />
                                                          </ScalarOperator>
                                                        </Else>
                                                      </IF>
                                                    </ScalarOperator>
                                                  </Aggregate>
                                                </ScalarOperator>
                                              </DefinedValue>
                                            </DefinedValues>
                                            <GroupBy>
                                              <ColumnReference Column="Bmk1000" />
                                            </GroupBy>
                                            <RelOp NodeId="5" PhysicalOp="Nested Loops" LogicalOp="Inner Join" EstimateRows="4.32368" EstimateIO="0" EstimateCPU="0.0018073" AvgRowSize="42" EstimatedTotalSubtreeCost="8.29838" Parallel="0" EstimateRebinds="0" EstimateRewinds="0" EstimatedExecutionMode="Row">
                                              <OutputList>
                                                <ColumnReference Column="Bmk1000" />
                                                <ColumnReference Database="[OurLabReporting]" Schema="[dbo]" Table="[BugBranchFailureCount]" Alias="[f]" Column="Branch" />
                                              </OutputList>
                                              <NestedLoops Optimized="0">
                                                <Predicate>
                                                  <ScalarOperator ScalarString="[OurLabReporting].[dbo].[Bug].[Number] as [b].[Number]=@BranchSpecific.[Number] as [bs].[Number] AND [OurLabReporting].[dbo].[Bug].[DatabaseName] as [b].[DatabaseName]=@BranchSpecific.[BugDatabase] as [bs].[BugDatabase]">
                                                    <Logical Operation="AND">
                                                      <ScalarOperator>
                                                        <Compare CompareOp="EQ">
                                                          <ScalarOperator>
                                                            <Identifier>
                                                              <ColumnReference Database="[OurLabReporting]" Schema="[dbo]" Table="[Bug]" Alias="[b]" Column="Number" />
                                                            </Identifier>
                                                          </ScalarOperator>
                                                          <ScalarOperator>
                                                            <Identifier>
                                                              <ColumnReference Table="@BranchSpecific" Alias="[bs]" Column="Number" />
                                                            </Identifier>
                                                          </ScalarOperator>
                                                        </Compare>
                                                      </ScalarOperator>
                                                      <ScalarOperator>
                                                        <Compare CompareOp="EQ">
                                                          <ScalarOperator>
                                                            <Identifier>
                                                              <ColumnReference Database="[OurLabReporting]" Schema="[dbo]" Table="[Bug]" Alias="[b]" Column="DatabaseName" />
                                                            </Identifier>
                                                          </ScalarOperator>
                                                          <ScalarOperator>
                                                            <Identifier>
                                                              <ColumnReference Table="@BranchSpecific" Alias="[bs]" Column="BugDatabase" />
                                                            </Identifier>
                                                          </ScalarOperator>
                                                        </Compare>
                                                      </ScalarOperator>
                                                    </Logical>
                                                  </ScalarOperator>
                                                </Predicate>
                                                <RelOp NodeId="7" PhysicalOp="Nested Loops" LogicalOp="Inner Join" EstimateRows="1" EstimateIO="0" EstimateCPU="4.18e-006" AvgRowSize="61" EstimatedTotalSubtreeCost="0.00985814" Parallel="0" EstimateRebinds="0" EstimateRewinds="0" EstimatedExecutionMode="Row">
                                                  <OutputList>
                                                    <ColumnReference Column="Bmk1000" />
                                                    <ColumnReference Database="[OurLabReporting]" Schema="[dbo]" Table="[Bug]" Alias="[b]" Column="Number" />
                                                    <ColumnReference Database="[OurLabReporting]" Schema="[dbo]" Table="[Bug]" Alias="[b]" Column="DatabaseName" />
                                                  </OutputList>
                                                  <NestedLoops Optimized="0">
                                                    <OuterReferences>
                                                      <ColumnReference Database="[OurLabReporting]" Schema="[dbo]" Table="[Bug]" Alias="[b]" Column="Id" />
                                                    </OuterReferences>
                                                    <RelOp NodeId="8" PhysicalOp="Nested Loops" LogicalOp="Inner Join" EstimateRows="1" EstimateIO="0" EstimateCPU="4.18e-006" AvgRowSize="47" EstimatedTotalSubtreeCost="0.00657086" Parallel="0" EstimateRebinds="0" EstimateRewinds="0" EstimatedExecutionMode="Row">
                                                      <OutputList>
                                                        <ColumnReference Column="Bmk1000" />
                                                        <ColumnReference Database="[OurLabReporting]" Schema="[dbo]" Table="[Bug]" Alias="[b]" Column="Number" />
                                                        <ColumnReference Database="[OurLabReporting]" Schema="[dbo]" Table="[Bug]" Alias="[b]" Column="DatabaseName" />
                                                        <ColumnReference Database="[OurLabReporting]" Schema="[dbo]" Table="[Bug]" Alias="[b]" Column="Id" />
                                                      </OutputList>
                                                      <NestedLoops Optimized="0">
                                                        <OuterReferences>
                                                          <ColumnReference Table="@BranchSpecific" Alias="[bs]" Column="Number" />
                                                          <ColumnReference Table="@BranchSpecific" Alias="[bs]" Column="BugDatabase" />
                                                        </OuterReferences>
                                                        <RelOp NodeId="9" PhysicalOp="Table Scan" LogicalOp="Table Scan" EstimateRows="1" EstimateIO="0.003125" EstimateCPU="0.0001581" AvgRowSize="274" EstimatedTotalSubtreeCost="0.0032831" TableCardinality="0" Parallel="0" EstimateRebinds="0" EstimateRewinds="0" EstimatedExecutionMode="Row">
                                                          <OutputList>
                                                            <ColumnReference Column="Bmk1000" />
                                                            <ColumnReference Table="@BranchSpecific" Alias="[bs]" Column="Number" />
                                                            <ColumnReference Table="@BranchSpecific" Alias="[bs]" Column="BugDatabase" />
                                                          </OutputList>
                                                          <TableScan Ordered="1" ForcedIndex="0" ForceScan="0" NoExpandHint="0">
                                                            <DefinedValues>
                                                              <DefinedValue>
                                                                <ColumnReference Column="Bmk1000" />
                                                              </DefinedValue>
                                                              <DefinedValue>
                                                                <ColumnReference Table="@BranchSpecific" Alias="[bs]" Column="Number" />
                                                              </DefinedValue>
                                                              <DefinedValue>
                                                                <ColumnReference Table="@BranchSpecific" Alias="[bs]" Column="BugDatabase" />
                                                              </DefinedValue>
                                                            </DefinedValues>
                                                            <Object Table="[@BranchSpecific]" Alias="[bs]" TableReferenceId="1" />
                                                            <Predicate>
                                                              <ScalarOperator ScalarString="@BranchSpecific.[BranchSpecific] as [bs].[BranchSpecific]=(0)">
                                                                <Compare CompareOp="EQ">
                                                                  <ScalarOperator>
                                                                    <Identifier>
                                                                      <ColumnReference Table="@BranchSpecific" Alias="[bs]" Column="BranchSpecific" />
                                                                    </Identifier>
                                                                  </ScalarOperator>
                                                                  <ScalarOperator>
                                                                    <Const ConstValue="(0)" />
                                                                  </ScalarOperator>
                                                                </Compare>
                                                              </ScalarOperator>
                                                            </Predicate>
                                                          </TableScan>
                                                        </RelOp>
                                                        <RelOp NodeId="10" PhysicalOp="Index Seek" LogicalOp="Index Seek" EstimateRows="1" EstimateIO="0.003125" EstimateCPU="0.0001581" AvgRowSize="39" EstimatedTotalSubtreeCost="0.0032831" TableCardinality="37279" Parallel="0" EstimateRebinds="0" EstimateRewinds="0" EstimatedExecutionMode="Row">
                                                          <OutputList>
                                                            <ColumnReference Database="[OurLabReporting]" Schema="[dbo]" Table="[Bug]" Alias="[b]" Column="Number" />
                                                            <ColumnReference Database="[OurLabReporting]" Schema="[dbo]" Table="[Bug]" Alias="[b]" Column="DatabaseName" />
                                                            <ColumnReference Database="[OurLabReporting]" Schema="[dbo]" Table="[Bug]" Alias="[b]" Column="Id" />
                                                          </OutputList>
                                                          <IndexScan Ordered="1" ScanDirection="FORWARD" ForcedIndex="0" ForceSeek="0" ForceScan="0" NoExpandHint="0" Storage="RowStore">
                                                            <DefinedValues>
                                                              <DefinedValue>
                                                                <ColumnReference Database="[OurLabReporting]" Schema="[dbo]" Table="[Bug]" Alias="[b]" Column="Number" />
                                                              </DefinedValue>
                                                              <DefinedValue>
                                                                <ColumnReference Database="[OurLabReporting]" Schema="[dbo]" Table="[Bug]" Alias="[b]" Column="DatabaseName" />
                                                              </DefinedValue>
                                                              <DefinedValue>
                                                                <ColumnReference Database="[OurLabReporting]" Schema="[dbo]" Table="[Bug]" Alias="[b]" Column="Id" />
                                                              </DefinedValue>
                                                            </DefinedValues>
                                                            <Object Database="[OurLabReporting]" Schema="[dbo]" Table="[Bug]" Index="[AK_Database_Number]" Alias="[b]" TableReferenceId="1" IndexKind="NonClustered" />
                                                            <SeekPredicates>
                                                              <SeekPredicateNew>
                                                                <SeekKeys>
                                                                  <Prefix ScanType="EQ">
                                                                    <RangeColumns>
                                                                      <ColumnReference Database="[OurLabReporting]" Schema="[dbo]" Table="[Bug]" Alias="[b]" Column="DatabaseName" />
                                                                      <ColumnReference Database="[OurLabReporting]" Schema="[dbo]" Table="[Bug]" Alias="[b]" Column="Number" />
                                                                    </RangeColumns>
                                                                    <RangeExpressions>
                                                                      <ScalarOperator ScalarString="@BranchSpecific.[BugDatabase] as [bs].[BugDatabase]">
                                                                        <Identifier>
                                                                          <ColumnReference Table="@BranchSpecific" Alias="[bs]" Column="BugDatabase" />
                                                                        </Identifier>
                                                                      </ScalarOperator>
                                                                      <ScalarOperator ScalarString="@BranchSpecific.[Number] as [bs].[Number]">
                                                                        <Identifier>
                                                                          <ColumnReference Table="@BranchSpecific" Alias="[bs]" Column="Number" />
                                                                        </Identifier>
                                                                      </ScalarOperator>
                                                                    </RangeExpressions>
                                                                  </Prefix>
                                                                </SeekKeys>
                                                              </SeekPredicateNew>
                                                            </SeekPredicates>
                                                          </IndexScan>
                                                        </RelOp>
                                                      </NestedLoops>
                                                    </RelOp>
                                                    <RelOp NodeId="12" PhysicalOp="Clustered Index Seek" LogicalOp="Clustered Index Seek" EstimateRows="1" EstimateIO="0.003125" EstimateCPU="0.0001581" AvgRowSize="266" EstimatedTotalSubtreeCost="0.0032831" TableCardinality="37279" Parallel="0" EstimateRebinds="0" EstimateRewinds="0" EstimatedExecutionMode="Row">
                                                      <OutputList />
                                                      <IndexScan Lookup="1" Ordered="1" ScanDirection="FORWARD" ForcedIndex="0" ForceSeek="0" ForceScan="0" NoExpandHint="0" Storage="RowStore">
                                                        <DefinedValues />
                                                        <Object Database="[OurLabReporting]" Schema="[dbo]" Table="[Bug]" Index="[Bug_PK]" Alias="[b]" TableReferenceId="-1" IndexKind="Clustered" />
                                                        <SeekPredicates>
                                                          <SeekPredicateNew>
                                                            <SeekKeys>
                                                              <Prefix ScanType="EQ">
                                                                <RangeColumns>
                                                                  <ColumnReference Database="[OurLabReporting]" Schema="[dbo]" Table="[Bug]" Alias="[b]" Column="Id" />
                                                                </RangeColumns>
                                                                <RangeExpressions>
                                                                  <ScalarOperator ScalarString="[OurLabReporting].[dbo].[Bug].[Id] as [b].[Id]">
                                                                    <Identifier>
                                                                      <ColumnReference Database="[OurLabReporting]" Schema="[dbo]" Table="[Bug]" Alias="[b]" Column="Id" />
                                                                    </Identifier>
                                                                  </ScalarOperator>
                                                                </RangeExpressions>
                                                              </Prefix>
                                                            </SeekKeys>
                                                          </SeekPredicateNew>
                                                        </SeekPredicates>
                                                        <Predicate>
                                                          <ScalarOperator ScalarString="ltrim(rtrim(isnull([OurLabReporting].[dbo].[Bug].[FoundInBranch] as [b].[FoundInBranch],N'')))=N''">
                                                            <Compare CompareOp="EQ">
                                                              <ScalarOperator>
                                                                <Intrinsic FunctionName="ltrim">
                                                                  <ScalarOperator>
                                                                    <Intrinsic FunctionName="rtrim">
                                                                      <ScalarOperator>
                                                                        <Intrinsic FunctionName="isnull">
                                                                          <ScalarOperator>
                                                                            <Identifier>
                                                                              <ColumnReference Database="[OurLabReporting]" Schema="[dbo]" Table="[Bug]" Alias="[b]" Column="FoundInBranch" />
                                                                            </Identifier>
                                                                          </ScalarOperator>
                                                                          <ScalarOperator>
                                                                            <Const ConstValue="N''" />
                                                                          </ScalarOperator>
                                                                        </Intrinsic>
                                                                      </ScalarOperator>
                                                                    </Intrinsic>
                                                                  </ScalarOperator>
                                                                </Intrinsic>
                                                              </ScalarOperator>
                                                              <ScalarOperator>
                                                                <Const ConstValue="N''" />
                                                              </ScalarOperator>
                                                            </Compare>
                                                          </ScalarOperator>
                                                        </Predicate>
                                                      </IndexScan>
                                                    </RelOp>
                                                  </NestedLoops>
                                                </RelOp>
                                                <RelOp NodeId="15" PhysicalOp="Table Spool" LogicalOp="Lazy Spool" EstimateRows="432.368" EstimateIO="0.01" EstimateCPU="0.000178126" AvgRowSize="290" EstimatedTotalSubtreeCost="8.28641" Parallel="0" EstimateRebinds="0" EstimateRewinds="0" EstimatedExecutionMode="Row">
                                                  <OutputList>
                                                    <ColumnReference Table="@BranchSpecific" Alias="[bs]" Column="Number" />
                                                    <ColumnReference Table="@BranchSpecific" Alias="[bs]" Column="BugDatabase" />
                                                    <ColumnReference Database="[OurLabReporting]" Schema="[dbo]" Table="[BugBranchFailureCount]" Alias="[f]" Column="Branch" />
                                                  </OutputList>
                                                  <Spool>
                                                    <RelOp NodeId="16" PhysicalOp="Nested Loops" LogicalOp="Inner Join" EstimateRows="432.368" EstimateIO="0" EstimateCPU="0.0018073" AvgRowSize="290" EstimatedTotalSubtreeCost="8.27623" Parallel="0" EstimateRebinds="0" EstimateRewinds="0" EstimatedExecutionMode="Row">
                                                      <OutputList>
                                                        <ColumnReference Table="@BranchSpecific" Alias="[bs]" Column="Number" />
                                                        <ColumnReference Table="@BranchSpecific" Alias="[bs]" Column="BugDatabase" />
                                                        <ColumnReference Database="[OurLabReporting]" Schema="[dbo]" Table="[BugBranchFailureCount]" Alias="[f]" Column="Branch" />
                                                      </OutputList>
                                                      <NestedLoops Optimized="0" WithUnorderedPrefetch="1">
                                                        <OuterReferences>
                                                          <ColumnReference Database="[OurLabReporting]" Schema="[dbo]" Table="[Bug]" Alias="[b]" Column="Number" />
                                                          <ColumnReference Database="[OurLabReporting]" Schema="[dbo]" Table="[Bug]" Alias="[b]" Column="DatabaseName" />
                                                          <ColumnReference Column="Expr1025" />
                                                        </OuterReferences>
                                                        <RelOp NodeId="19" PhysicalOp="Nested Loops" LogicalOp="Inner Join" EstimateRows="3727.9" EstimateIO="0" EstimateCPU="0.0155826" AvgRowSize="294" EstimatedTotalSubtreeCost="8.0158" Parallel="0" EstimateRebinds="0" EstimateRewinds="0" EstimatedExecutionMode="Row">
                                                          <OutputList>
                                                            <ColumnReference Table="@BranchSpecific" Alias="[bs]" Column="Number" />
                                                            <ColumnReference Table="@BranchSpecific" Alias="[bs]" Column="BugDatabase" />
                                                            <ColumnReference Database="[OurLabReporting]" Schema="[dbo]" Table="[Bug]" Alias="[b]" Column="Number" />
                                                            <ColumnReference Database="[OurLabReporting]" Schema="[dbo]" Table="[Bug]" Alias="[b]" Column="DatabaseName" />
                                                          </OutputList>
                                                          <NestedLoops Optimized="0" WithUnorderedPrefetch="1">
                                                            <OuterReferences>
                                                              <ColumnReference Database="[OurLabReporting]" Schema="[dbo]" Table="[Bug]" Alias="[b]" Column="Id" />
                                                              <ColumnReference Table="@BranchSpecific" Alias="[bs]" Column="Number" />
                                                              <ColumnReference Column="Expr1024" />
                                                            </OuterReferences>
                                                            <RelOp NodeId="21" PhysicalOp="Nested Loops" LogicalOp="Inner Join" EstimateRows="3727.9" EstimateIO="0" EstimateCPU="0.0155826" AvgRowSize="294" EstimatedTotalSubtreeCost="0.0440262" Parallel="0" EstimateRebinds="0" EstimateRewinds="0" EstimatedExecutionMode="Row">
                                                              <OutputList>
                                                                <ColumnReference Table="@BranchSpecific" Alias="[bs]" Column="Number" />
                                                                <ColumnReference Table="@BranchSpecific" Alias="[bs]" Column="BugDatabase" />
                                                                <ColumnReference Database="[OurLabReporting]" Schema="[dbo]" Table="[Bug]" Alias="[b]" Column="Number" />
                                                                <ColumnReference Database="[OurLabReporting]" Schema="[dbo]" Table="[Bug]" Alias="[b]" Column="DatabaseName" />
                                                                <ColumnReference Database="[OurLabReporting]" Schema="[dbo]" Table="[Bug]" Alias="[b]" Column="Id" />
                                                              </OutputList>
                                                              <NestedLoops Optimized="0">
                                                                <OuterReferences>
                                                                  <ColumnReference Table="@BranchSpecific" Alias="[bs]" Column="BugDatabase" />
                                                                </OuterReferences>
                                                                <RelOp NodeId="22" PhysicalOp="Table Scan" LogicalOp="Table Scan" EstimateRows="1" EstimateIO="0.003125" EstimateCPU="0.0001581" AvgRowSize="265" EstimatedTotalSubtreeCost="0.0032831" TableCardinality="0" Parallel="0" EstimateRebinds="0" EstimateRewinds="0" EstimatedExecutionMode="Row">
                                                                  <OutputList>
                                                                    <ColumnReference Table="@BranchSpecific" Alias="[bs]" Column="Number" />
                                                                    <ColumnReference Table="@BranchSpecific" Alias="[bs]" Column="BugDatabase" />
                                                                  </OutputList>
                                                                  <TableScan Ordered="0" ForcedIndex="0" ForceScan="0" NoExpandHint="0">
                                                                    <DefinedValues>
                                                                      <DefinedValue>
                                                                        <ColumnReference Table="@BranchSpecific" Alias="[bs]" Column="Number" />
                                                                      </DefinedValue>
                                                                      <DefinedValue>
                                                                        <ColumnReference Table="@BranchSpecific" Alias="[bs]" Column="BugDatabase" />
                                                                      </DefinedValue>
                                                                    </DefinedValues>
                                                                    <Object Table="[@BranchSpecific]" Alias="[bs]" TableReferenceId="2" />
                                                                  </TableScan>
                                                                </RelOp>
                                                                <RelOp NodeId="23" PhysicalOp="Index Seek" LogicalOp="Index Seek" EstimateRows="3727.9" EstimateIO="0.0209028" EstimateCPU="0.00425769" AvgRowSize="38" EstimatedTotalSubtreeCost="0.0251605" TableCardinality="37279" Parallel="0" EstimateRebinds="0" EstimateRewinds="0" EstimatedExecutionMode="Row">
                                                                  <OutputList>
                                                                    <ColumnReference Database="[OurLabReporting]" Schema="[dbo]" Table="[Bug]" Alias="[b]" Column="Number" />
                                                                    <ColumnReference Database="[OurLabReporting]" Schema="[dbo]" Table="[Bug]" Alias="[b]" Column="DatabaseName" />
                                                                    <ColumnReference Database="[OurLabReporting]" Schema="[dbo]" Table="[Bug]" Alias="[b]" Column="Id" />
                                                                  </OutputList>
                                                                  <IndexScan Ordered="1" ScanDirection="FORWARD" ForcedIndex="0" ForceSeek="0" ForceScan="0" NoExpandHint="0" Storage="RowStore">
                                                                    <DefinedValues>
                                                                      <DefinedValue>
                                                                        <ColumnReference Database="[OurLabReporting]" Schema="[dbo]" Table="[Bug]" Alias="[b]" Column="Number" />
                                                                      </DefinedValue>
                                                                      <DefinedValue>
                                                                        <ColumnReference Database="[OurLabReporting]" Schema="[dbo]" Table="[Bug]" Alias="[b]" Column="DatabaseName" />
                                                                      </DefinedValue>
                                                                      <DefinedValue>
                                                                        <ColumnReference Database="[OurLabReporting]" Schema="[dbo]" Table="[Bug]" Alias="[b]" Column="Id" />
                                                                      </DefinedValue>
                                                                    </DefinedValues>
                                                                    <Object Database="[OurLabReporting]" Schema="[dbo]" Table="[Bug]" Index="[Bug_IX_BugDb_INC_BugNo]" Alias="[b]" TableReferenceId="2" IndexKind="NonClustered" />
                                                                    <SeekPredicates>
                                                                      <SeekPredicateNew>
                                                                        <SeekKeys>
                                                                          <Prefix ScanType="EQ">
                                                                            <RangeColumns>
                                                                              <ColumnReference Database="[OurLabReporting]" Schema="[dbo]" Table="[Bug]" Alias="[b]" Column="DatabaseName" />
                                                                            </RangeColumns>
                                                                            <RangeExpressions>
                                                                              <ScalarOperator ScalarString="@BranchSpecific.[BugDatabase] as [bs].[BugDatabase]">
                                                                                <Identifier>
                                                                                  <ColumnReference Table="@BranchSpecific" Alias="[bs]" Column="BugDatabase" />
                                                                                </Identifier>
                                                                              </ScalarOperator>
                                                                            </RangeExpressions>
                                                                          </Prefix>
                                                                        </SeekKeys>
                                                                      </SeekPredicateNew>
                                                                    </SeekPredicates>
                                                                  </IndexScan>
                                                                </RelOp>
                                                              </NestedLoops>
                                                            </RelOp>
                                                            <RelOp NodeId="25" PhysicalOp="Clustered Index Seek" LogicalOp="Clustered Index Seek" EstimateRows="4.10123" EstimateIO="0.003125" EstimateCPU="0.0001581" AvgRowSize="11" EstimatedTotalSubtreeCost="7.95619" TableCardinality="37279" Parallel="0" EstimateRebinds="3726.9" EstimateRewinds="0" EstimatedExecutionMode="Row">
                                                              <OutputList />
                                                              <IndexScan Lookup="1" Ordered="1" ScanDirection="FORWARD" ForcedIndex="0" ForceSeek="0" ForceScan="0" NoExpandHint="0" Storage="RowStore">
                                                                <DefinedValues />
                                                                <Object Database="[OurLabReporting]" Schema="[dbo]" Table="[Bug]" Index="[Bug_PK]" Alias="[b]" TableReferenceId="-1" IndexKind="Clustered" />
                                                                <SeekPredicates>
                                                                  <SeekPredicateNew>
                                                                    <SeekKeys>
                                                                      <Prefix ScanType="EQ">
                                                                        <RangeColumns>
                                                                          <ColumnReference Database="[OurLabReporting]" Schema="[dbo]" Table="[Bug]" Alias="[b]" Column="Id" />
                                                                        </RangeColumns>
                                                                        <RangeExpressions>
                                                                          <ScalarOperator ScalarString="[OurLabReporting].[dbo].[Bug].[Id] as [b].[Id]">
                                                                            <Identifier>
                                                                              <ColumnReference Database="[OurLabReporting]" Schema="[dbo]" Table="[Bug]" Alias="[b]" Column="Id" />
                                                                            </Identifier>
                                                                          </ScalarOperator>
                                                                        </RangeExpressions>
                                                                      </Prefix>
                                                                    </SeekKeys>
                                                                  </SeekPredicateNew>
                                                                </SeekPredicates>
                                                                <Predicate>
                                                                  <ScalarOperator ScalarString="isnull([OurLabReporting].[dbo].[Bug].[DuplicateNumber] as [b].[DuplicateNumber],[OurLabReporting].[dbo].[Bug].[Number] as [b].[Number])=@BranchSpecific.[Number] as [bs].[Number]">
                                                                    <Compare CompareOp="EQ">
                                                                      <ScalarOperator>
                                                                        <Intrinsic FunctionName="isnull">
                                                                          <ScalarOperator>
                                                                            <Identifier>
                                                                              <ColumnReference Database="[OurLabReporting]" Schema="[dbo]" Table="[Bug]" Alias="[b]" Column="DuplicateNumber" />
                                                                            </Identifier>
                                                                          </ScalarOperator>
                                                                          <ScalarOperator>
                                                                            <Identifier>
                                                                              <ColumnReference Database="[OurLabReporting]" Schema="[dbo]" Table="[Bug]" Alias="[b]" Column="Number" />
                                                                            </Identifier>
                                                                          </ScalarOperator>
                                                                        </Intrinsic>
                                                                      </ScalarOperator>
                                                                      <ScalarOperator>
                                                                        <Identifier>
                                                                          <ColumnReference Table="@BranchSpecific" Alias="[bs]" Column="Number" />
                                                                        </Identifier>
                                                                      </ScalarOperator>
                                                                    </Compare>
                                                                  </ScalarOperator>
                                                                </Predicate>
                                                              </IndexScan>
                                                            </RelOp>
                                                          </NestedLoops>
                                                        </RelOp>
                                                        <RelOp NodeId="28" PhysicalOp="Clustered Index Seek" LogicalOp="Clustered Index Seek" EstimateRows="5.38934" EstimateIO="0.003125" EstimateCPU="0.000162928" AvgRowSize="34" EstimatedTotalSubtreeCost="0.256083" TableCardinality="218711" Parallel="0" EstimateRebinds="79.2265" EstimateRewinds="0" EstimatedExecutionMode="Row">
                                                          <OutputList>
                                                            <ColumnReference Database="[OurLabReporting]" Schema="[dbo]" Table="[BugBranchFailureCount]" Alias="[f]" Column="Branch" />
                                                          </OutputList>
                                                          <IndexScan Ordered="1" ScanDirection="FORWARD" ForcedIndex="0" ForceSeek="0" ForceScan="0" NoExpandHint="1" Storage="RowStore">
                                                            <DefinedValues>
                                                              <DefinedValue>
                                                                <ColumnReference Database="[OurLabReporting]" Schema="[dbo]" Table="[BugBranchFailureCount]" Alias="[f]" Column="Branch" />
                                                              </DefinedValue>
                                                            </DefinedValues>
                                                            <Object Database="[OurLabReporting]" Schema="[dbo]" Table="[BugBranchFailureCount]" Index="[IDX_BugBranchFailureCount]" Alias="[f]" IndexKind="ViewClustered" />
                                                            <SeekPredicates>
                                                              <SeekPredicateNew>
                                                                <SeekKeys>
                                                                  <Prefix ScanType="EQ">
                                                                    <RangeColumns>
                                                                      <ColumnReference Database="[OurLabReporting]" Schema="[dbo]" Table="[BugBranchFailureCount]" Alias="[f]" Column="Number" />
                                                                      <ColumnReference Database="[OurLabReporting]" Schema="[dbo]" Table="[BugBranchFailureCount]" Alias="[f]" Column="DatabaseName" />
                                                                    </RangeColumns>
                                                                    <RangeExpressions>
                                                                      <ScalarOperator ScalarString="[OurLabReporting].[dbo].[Bug].[Number] as [b].[Number]">
                                                                        <Identifier>
                                                                          <ColumnReference Database="[OurLabReporting]" Schema="[dbo]" Table="[Bug]" Alias="[b]" Column="Number" />
                                                                        </Identifier>
                                                                      </ScalarOperator>
                                                                      <ScalarOperator ScalarString="[OurLabReporting].[dbo].[Bug].[DatabaseName] as [b].[DatabaseName]">
                                                                        <Identifier>
                                                                          <ColumnReference Database="[OurLabReporting]" Schema="[dbo]" Table="[Bug]" Alias="[b]" Column="DatabaseName" />
                                                                        </Identifier>
                                                                      </ScalarOperator>
                                                                    </RangeExpressions>
                                                                  </Prefix>
                                                                </SeekKeys>
                                                              </SeekPredicateNew>
                                                            </SeekPredicates>
                                                          </IndexScan>
                                                        </RelOp>
                                                      </NestedLoops>
                                                    </RelOp>
                                                  </Spool>
                                                </RelOp>
                                              </NestedLoops>
                                            </RelOp>
                                          </StreamAggregate>
                                        </RelOp>
                                        <Predicate>
                                          <ScalarOperator ScalarString="[Expr1012]=(0)">
                                            <Compare CompareOp="EQ">
                                              <ScalarOperator>
                                                <Identifier>
                                                  <ColumnReference Column="Expr1012" />
                                                </Identifier>
                                              </ScalarOperator>
                                              <ScalarOperator>
                                                <Const ConstValue="(0)" />
                                              </ScalarOperator>
                                            </Compare>
                                          </ScalarOperator>
                                        </Predicate>
                                      </Filter>
                                    </RelOp>
                                  </Spool>
                                </RelOp>
                              </ComputeScalar>
                            </RelOp>
                          </Update>
                        </RelOp>
                        <ParameterList>
                          <ColumnReference Column="@Branch" ParameterCompiledValue="N'fbl_shell1_dev_aie1'" />
                        </ParameterList>
                      </QueryPlan>
                    </StmtSimple>
                  </Statements>
                </Then>
                <Else>
                  <Statements>
                    <StmtSimple StatementText="&#xA;END&#xD;&#xA;ELSE&#xD;&#xA;BEGIN&#xD;&#xA;&#x9;INSERT INTO @BranchSpecific&#xD;&#xA;&#x9;SELECT DISTINCT&#xD;&#xA;&#x9;&#x9;pb.Number,&#xD;&#xA;&#x9;&#x9;pb.BugDatabase,&#xD;&#xA;&#x9;&#x9;IIF(LTRIM(RTRIM(ISNULL(b.FoundInBranch, N''))) = N'' OR b.FoundInBranch LIKE @Branch + N'%', 1, 0)&#xD;&#xA;&#x9;FROM @PrimaryBugs pb&#xD;&#xA;&#x9;&#x9;INNER JOIN dbo.Bug b WITH (NOLOCK) ON b.Number = pb.Number AND b.DatabaseName = pb.BugDatabase&#xD;&#xA;&#x9;WHERE pb.FailureType &lt;&gt; N'NonExecution'&#xD;&#xA;&#xD;&#xA;&#x9;-- Bug is branch specific if it is NOT hit in ancestor branches&#xD;&#xA;" StatementId="21" StatementCompId="34" StatementType="INSERT" RetrievedFromCache="true" StatementSubTreeCost="0.031221" StatementEstRows="1" StatementOptmLevel="FULL" QueryHash="0x6A72B977FDEFADCF" QueryPlanHash="0xB7AA3989F1F037CC" StatementOptmEarlyAbortReason="GoodEnoughPlanFound">
                      <StatementSetOptions QUOTED_IDENTIFIER="true" ARITHABORT="true" CONCAT_NULL_YIELDS_NULL="true" ANSI_NULLS="true" ANSI_PADDING="true" ANSI_WARNINGS="true" NUMERIC_ROUNDABORT="false" />
                      <QueryPlan NonParallelPlanReason="MaxDOPSetToOne" CachedPlanSize="40" CompileTime="7" CompileCPU="7" CompileMemory="1032">
                        <MemoryGrantInfo SerialRequiredMemory="512" SerialDesiredMemory="544" />
                        <OptimizerHardwareDependentProperties EstimatedAvailableMemoryGrant="193313" EstimatedPagesCached="773254" EstimatedAvailableDegreeOfParallelism="1" />
                        <RelOp NodeId="0" PhysicalOp="Table Insert" LogicalOp="Insert" EstimateRows="1" EstimateIO="0.01" EstimateCPU="1e-006" AvgRowSize="9" EstimatedTotalSubtreeCost="0.031221" Parallel="0" EstimateRebinds="0" EstimateRewinds="0" EstimatedExecutionMode="Row">
                          <OutputList />
                          <Update DMLRequestSort="0">
                            <Object Table="[@BranchSpecific]" />
                            <SetPredicate>
                              <ScalarOperator ScalarString="[Number] = @PrimaryBugs.[Number] as [pb].[Number],[BugDatabase] = @PrimaryBugs.[BugDatabase] as [pb].[BugDatabase],[BranchSpecific] = [Expr1010]">
                                <ScalarExpressionList>
                                  <ScalarOperator>
                                    <MultipleAssign>
                                      <Assign>
                                        <ColumnReference Column="Number" />
                                        <ScalarOperator>
                                          <Identifier>
                                            <ColumnReference Table="@PrimaryBugs" Alias="[pb]" Column="Number" />
                                          </Identifier>
                                        </ScalarOperator>
                                      </Assign>
                                      <Assign>
                                        <ColumnReference Column="BugDatabase" />
                                        <ScalarOperator>
                                          <Identifier>
                                            <ColumnReference Table="@PrimaryBugs" Alias="[pb]" Column="BugDatabase" />
                                          </Identifier>
                                        </ScalarOperator>
                                      </Assign>
                                      <Assign>
                                        <ColumnReference Column="BranchSpecific" />
                                        <ScalarOperator>
                                          <Identifier>
                                            <ColumnReference Column="Expr1010" />
                                          </Identifier>
                                        </ScalarOperator>
                                      </Assign>
                                    </MultipleAssign>
                                  </ScalarOperator>
                                </ScalarExpressionList>
                              </ScalarOperator>
                            </SetPredicate>
                            <RelOp NodeId="1" PhysicalOp="Compute Scalar" LogicalOp="Compute Scalar" EstimateRows="1" EstimateIO="0" EstimateCPU="1e-007" AvgRowSize="266" EstimatedTotalSubtreeCost="0.02122" Parallel="0" EstimateRebinds="0" EstimateRewinds="0" EstimatedExecutionMode="Row">
                              <OutputList>
                                <ColumnReference Table="@PrimaryBugs" Alias="[pb]" Column="Number" />
                                <ColumnReference Table="@PrimaryBugs" Alias="[pb]" Column="BugDatabase" />
                                <ColumnReference Column="Expr1010" />
                              </OutputList>
                              <ComputeScalar>
                                <DefinedValues>
                                  <DefinedValue>
                                    <ColumnReference Column="Expr1010" />
                                    <ScalarOperator ScalarString="CONVERT_IMPLICIT(bit,[Expr1009],0)">
                                      <Convert DataType="bit" Style="0" Implicit="1">
                                        <ScalarOperator>
                                          <Identifier>
                                            <ColumnReference Column="Expr1009" />
                                          </Identifier>
                                        </ScalarOperator>
                                      </Convert>
                                    </ScalarOperator>
                                  </DefinedValue>
                                </DefinedValues>
                                <RelOp NodeId="2" PhysicalOp="Sort" LogicalOp="Distinct Sort" EstimateRows="1" EstimateIO="0.0112613" EstimateCPU="0.000100269" AvgRowSize="269" EstimatedTotalSubtreeCost="0.0212199" Parallel="0" EstimateRebinds="0" EstimateRewinds="0" EstimatedExecutionMode="Row">
                                  <OutputList>
                                    <ColumnReference Table="@PrimaryBugs" Alias="[pb]" Column="Number" />
                                    <ColumnReference Table="@PrimaryBugs" Alias="[pb]" Column="BugDatabase" />
                                    <ColumnReference Column="Expr1009" />
                                  </OutputList>
                                  <MemoryFractions Input="1" Output="1" />
                                  <Sort Distinct="1">
                                    <OrderBy>
                                      <OrderByColumn Ascending="1">
                                        <ColumnReference Table="@PrimaryBugs" Alias="[pb]" Column="Number" />
                                      </OrderByColumn>
                                      <OrderByColumn Ascending="1">
                                        <ColumnReference Table="@PrimaryBugs" Alias="[pb]" Column="BugDatabase" />
                                      </OrderByColumn>
                                      <OrderByColumn Ascending="1">
                                        <ColumnReference Column="Expr1009" />
                                      </OrderByColumn>
                                    </OrderBy>
                                    <RelOp NodeId="3" PhysicalOp="Compute Scalar" LogicalOp="Compute Scalar" EstimateRows="1" EstimateIO="0" EstimateCPU="1e-007" AvgRowSize="269" EstimatedTotalSubtreeCost="0.00985834" Parallel="0" EstimateRebinds="0" EstimateRewinds="0" EstimatedExecutionMode="Row">
                                      <OutputList>
                                        <ColumnReference Table="@PrimaryBugs" Alias="[pb]" Column="Number" />
                                        <ColumnReference Table="@PrimaryBugs" Alias="[pb]" Column="BugDatabase" />
                                        <ColumnReference Column="Expr1009" />
                                      </OutputList>
                                      <ComputeScalar>
                                        <DefinedValues>
                                          <DefinedValue>
                                            <ColumnReference Column="Expr1009" />
                                            <ScalarOperator ScalarString="CASE WHEN [Expr1012]=N'' OR [OurLabReporting].[dbo].[Bug].[FoundInBranch] as [b].[FoundInBranch] like [@Branch]+N'%' THEN (1) ELSE (0) END">
                                              <IF>
                                                <Condition>
                                                  <ScalarOperator>
                                                    <Logical Operation="OR">
                                                      <ScalarOperator>
                                                        <Compare CompareOp="EQ">
                                                          <ScalarOperator>
                                                            <Identifier>
                                                              <ColumnReference Column="Expr1012" />
                                                            </Identifier>
                                                          </ScalarOperator>
                                                          <ScalarOperator>
                                                            <Const ConstValue="N''" />
                                                          </ScalarOperator>
                                                        </Compare>
                                                      </ScalarOperator>
                                                      <ScalarOperator>
                                                        <Intrinsic FunctionName="like">
                                                          <ScalarOperator>
                                                            <Identifier>
                                                              <ColumnReference Database="[OurLabReporting]" Schema="[dbo]" Table="[Bug]" Alias="[b]" Column="FoundInBranch" />
                                                            </Identifier>
                                                          </ScalarOperator>
                                                          <ScalarOperator>
                                                            <Arithmetic Operation="ADD">
                                                              <ScalarOperator>
                                                                <Identifier>
                                                                  <ColumnReference Column="@Branch" />
                                                                </Identifier>
                                                              </ScalarOperator>
                                                              <ScalarOperator>
                                                                <Const ConstValue="N'%'" />
                                                              </ScalarOperator>
                                                            </Arithmetic>
                                                          </ScalarOperator>
                                                        </Intrinsic>
                                                      </ScalarOperator>
                                                    </Logical>
                                                  </ScalarOperator>
                                                </Condition>
                                                <Then>
                                                  <ScalarOperator>
                                                    <Const ConstValue="(1)" />
                                                  </ScalarOperator>
                                                </Then>
                                                <Else>
                                                  <ScalarOperator>
                                                    <Const ConstValue="(0)" />
                                                  </ScalarOperator>
                                                </Else>
                                              </IF>
                                            </ScalarOperator>
                                          </DefinedValue>
                                        </DefinedValues>
                                        <RelOp NodeId="4" PhysicalOp="Compute Scalar" LogicalOp="Compute Scalar" EstimateRows="1" EstimateIO="0" EstimateCPU="1e-007" AvgRowSize="540" EstimatedTotalSubtreeCost="0.00985824" Parallel="0" EstimateRebinds="0" EstimateRewinds="0" EstimatedExecutionMode="Row">
                                          <OutputList>
                                            <ColumnReference Table="@PrimaryBugs" Alias="[pb]" Column="Number" />
                                            <ColumnReference Table="@PrimaryBugs" Alias="[pb]" Column="BugDatabase" />
                                            <ColumnReference Database="[OurLabReporting]" Schema="[dbo]" Table="[Bug]" Alias="[b]" Column="FoundInBranch" />
                                            <ColumnReference Column="Expr1012" />
                                          </OutputList>
                                          <ComputeScalar>
                                            <DefinedValues>
                                              <DefinedValue>
                                                <ColumnReference Column="Expr1012" />
                                                <ScalarOperator ScalarString="ltrim(rtrim(isnull([OurLabReporting].[dbo].[Bug].[FoundInBranch] as [b].[FoundInBranch],N'')))">
                                                  <Intrinsic FunctionName="ltrim">
                                                    <ScalarOperator>
                                                      <Intrinsic FunctionName="rtrim">
                                                        <ScalarOperator>
                                                          <Intrinsic FunctionName="isnull">
                                                            <ScalarOperator>
                                                              <Identifier>
                                                                <ColumnReference Database="[OurLabReporting]" Schema="[dbo]" Table="[Bug]" Alias="[b]" Column="FoundInBranch" />
                                                              </Identifier>
                                                            </ScalarOperator>
                                                            <ScalarOperator>
                                                              <Const ConstValue="N''" />
                                                            </ScalarOperator>
                                                          </Intrinsic>
                                                        </ScalarOperator>
                                                      </Intrinsic>
                                                    </ScalarOperator>
                                                  </Intrinsic>
                                                </ScalarOperator>
                                              </DefinedValue>
                                            </DefinedValues>
                                            <RelOp NodeId="5" PhysicalOp="Nested Loops" LogicalOp="Inner Join" EstimateRows="1" EstimateIO="0" EstimateCPU="4.18e-006" AvgRowSize="283" EstimatedTotalSubtreeCost="0.00985814" Parallel="0" EstimateRebinds="0" EstimateRewinds="0" EstimatedExecutionMode="Row">
                                              <OutputList>
                                                <ColumnReference Table="@PrimaryBugs" Alias="[pb]" Column="Number" />
                                                <ColumnReference Table="@PrimaryBugs" Alias="[pb]" Column="BugDatabase" />
                                                <ColumnReference Database="[OurLabReporting]" Schema="[dbo]" Table="[Bug]" Alias="[b]" Column="FoundInBranch" />
                                              </OutputList>
                                              <NestedLoops Optimized="0">
                                                <OuterReferences>
                                                  <ColumnReference Database="[OurLabReporting]" Schema="[dbo]" Table="[Bug]" Alias="[b]" Column="Id" />
                                                </OuterReferences>
                                                <RelOp NodeId="6" PhysicalOp="Nested Loops" LogicalOp="Inner Join" EstimateRows="1" EstimateIO="0" EstimateCPU="4.18e-006" AvgRowSize="269" EstimatedTotalSubtreeCost="0.00657086" Parallel="0" EstimateRebinds="0" EstimateRewinds="0" EstimatedExecutionMode="Row">
                                                  <OutputList>
                                                    <ColumnReference Table="@PrimaryBugs" Alias="[pb]" Column="Number" />
                                                    <ColumnReference Table="@PrimaryBugs" Alias="[pb]" Column="BugDatabase" />
                                                    <ColumnReference Database="[OurLabReporting]" Schema="[dbo]" Table="[Bug]" Alias="[b]" Column="Id" />
                                                  </OutputList>
                                                  <NestedLoops Optimized="0">
                                                    <OuterReferences>
                                                      <ColumnReference Table="@PrimaryBugs" Alias="[pb]" Column="Number" />
                                                      <ColumnReference Table="@PrimaryBugs" Alias="[pb]" Column="BugDatabase" />
                                                    </OuterReferences>
                                                    <RelOp NodeId="7" PhysicalOp="Table Scan" LogicalOp="Table Scan" EstimateRows="1" EstimateIO="0.003125" EstimateCPU="0.0001581" AvgRowSize="367" EstimatedTotalSubtreeCost="0.0032831" TableCardinality="0" Parallel="0" EstimateRebinds="0" EstimateRewinds="0" EstimatedExecutionMode="Row">
                                                      <OutputList>
                                                        <ColumnReference Table="@PrimaryBugs" Alias="[pb]" Column="Number" />
                                                        <ColumnReference Table="@PrimaryBugs" Alias="[pb]" Column="BugDatabase" />
                                                      </OutputList>
                                                      <TableScan Ordered="0" ForcedIndex="0" ForceScan="0" NoExpandHint="0">
                                                        <DefinedValues>
                                                          <DefinedValue>
                                                            <ColumnReference Table="@PrimaryBugs" Alias="[pb]" Column="Number" />
                                                          </DefinedValue>
                                                          <DefinedValue>
                                                            <ColumnReference Table="@PrimaryBugs" Alias="[pb]" Column="BugDatabase" />
                                                          </DefinedValue>
                                                        </DefinedValues>
                                                        <Object Table="[@PrimaryBugs]" Alias="[pb]" />
                                                        <Predicate>
                                                          <ScalarOperator ScalarString="@PrimaryBugs.[FailureType] as [pb].[FailureType]&lt;&gt;N'NonExecution'">
                                                            <Compare CompareOp="NE">
                                                              <ScalarOperator>
                                                                <Identifier>
                                                                  <ColumnReference Table="@PrimaryBugs" Alias="[pb]" Column="FailureType" />
                                                                </Identifier>
                                                              </ScalarOperator>
                                                              <ScalarOperator>
                                                                <Const ConstValue="N'NonExecution'" />
                                                              </ScalarOperator>
                                                            </Compare>
                                                          </ScalarOperator>
                                                        </Predicate>
                                                      </TableScan>
                                                    </RelOp>
                                                    <RelOp NodeId="8" PhysicalOp="Index Seek" LogicalOp="Index Seek" EstimateRows="1" EstimateIO="0.003125" EstimateCPU="0.0001581" AvgRowSize="11" EstimatedTotalSubtreeCost="0.0032831" TableCardinality="37279" Parallel="0" EstimateRebinds="0" EstimateRewinds="0" EstimatedExecutionMode="Row">
                                                      <OutputList>
                                                        <ColumnReference Database="[OurLabReporting]" Schema="[dbo]" Table="[Bug]" Alias="[b]" Column="Id" />
                                                      </OutputList>
                                                      <IndexScan Ordered="1" ScanDirection="FORWARD" ForcedIndex="0" ForceSeek="0" ForceScan="0" NoExpandHint="0" Storage="RowStore">
                                                        <DefinedValues>
                                                          <DefinedValue>
                                                            <ColumnReference Database="[OurLabReporting]" Schema="[dbo]" Table="[Bug]" Alias="[b]" Column="Id" />
                                                          </DefinedValue>
                                                        </DefinedValues>
                                                        <Object Database="[OurLabReporting]" Schema="[dbo]" Table="[Bug]" Index="[AK_Database_Number]" Alias="[b]" IndexKind="NonClustered" />
                                                        <SeekPredicates>
                                                          <SeekPredicateNew>
                                                            <SeekKeys>
                                                              <Prefix ScanType="EQ">
                                                                <RangeColumns>
                                                                  <ColumnReference Database="[OurLabReporting]" Schema="[dbo]" Table="[Bug]" Alias="[b]" Column="DatabaseName" />
                                                                  <ColumnReference Database="[OurLabReporting]" Schema="[dbo]" Table="[Bug]" Alias="[b]" Column="Number" />
                                                                </RangeColumns>
                                                                <RangeExpressions>
                                                                  <ScalarOperator ScalarString="@PrimaryBugs.[BugDatabase] as [pb].[BugDatabase]">
                                                                    <Identifier>
                                                                      <ColumnReference Table="@PrimaryBugs" Alias="[pb]" Column="BugDatabase" />
                                                                    </Identifier>
                                                                  </ScalarOperator>
                                                                  <ScalarOperator ScalarString="@PrimaryBugs.[Number] as [pb].[Number]">
                                                                    <Identifier>
                                                                      <ColumnReference Table="@PrimaryBugs" Alias="[pb]" Column="Number" />
                                                                    </Identifier>
                                                                  </ScalarOperator>
                                                                </RangeExpressions>
                                                              </Prefix>
                                                            </SeekKeys>
                                                          </SeekPredicateNew>
                                                        </SeekPredicates>
                                                      </IndexScan>
                                                    </RelOp>
                                                  </NestedLoops>
                                                </RelOp>
                                                <RelOp NodeId="10" PhysicalOp="Clustered Index Seek" LogicalOp="Clustered Index Seek" EstimateRows="1" EstimateIO="0.003125" EstimateCPU="0.0001581" AvgRowSize="266" EstimatedTotalSubtreeCost="0.0032831" TableCardinality="37279" Parallel="0" EstimateRebinds="0" EstimateRewinds="0" EstimatedExecutionMode="Row">
                                                  <OutputList>
                                                    <ColumnReference Database="[OurLabReporting]" Schema="[dbo]" Table="[Bug]" Alias="[b]" Column="FoundInBranch" />
                                                  </OutputList>
                                                  <IndexScan Lookup="1" Ordered="1" ScanDirection="FORWARD" ForcedIndex="0" ForceSeek="0" ForceScan="0" NoExpandHint="0" Storage="RowStore">
                                                    <DefinedValues>
                                                      <DefinedValue>
                                                        <ColumnReference Database="[OurLabReporting]" Schema="[dbo]" Table="[Bug]" Alias="[b]" Column="FoundInBranch" />
                                                      </DefinedValue>
                                                    </DefinedValues>
                                                    <Object Database="[OurLabReporting]" Schema="[dbo]" Table="[Bug]" Index="[Bug_PK]" Alias="[b]" TableReferenceId="-1" IndexKind="Clustered" />
                                                    <SeekPredicates>
                                                      <SeekPredicateNew>
                                                        <SeekKeys>
                                                          <Prefix ScanType="EQ">
                                                            <RangeColumns>
                                                              <ColumnReference Database="[OurLabReporting]" Schema="[dbo]" Table="[Bug]" Alias="[b]" Column="Id" />
                                                            </RangeColumns>
                                                            <RangeExpressions>
                                                              <ScalarOperator ScalarString="[OurLabReporting].[dbo].[Bug].[Id] as [b].[Id]">
                                                                <Identifier>
                                                                  <ColumnReference Database="[OurLabReporting]" Schema="[dbo]" Table="[Bug]" Alias="[b]" Column="Id" />
                                                                </Identifier>
                                                              </ScalarOperator>
                                                            </RangeExpressions>
                                                          </Prefix>
                                                        </SeekKeys>
                                                      </SeekPredicateNew>
                                                    </SeekPredicates>
                                                  </IndexScan>
                                                </RelOp>
                                              </NestedLoops>
                                            </RelOp>
                                          </ComputeScalar>
                                        </RelOp>
                                      </ComputeScalar>
                                    </RelOp>
                                  </Sort>
                                </RelOp>
                              </ComputeScalar>
                            </RelOp>
                          </Update>
                        </RelOp>
                        <ParameterList>
                          <ColumnReference Column="@Branch" ParameterCompiledValue="N'fbl_shell1_dev_aie1'" />
                        </ParameterList>
                      </QueryPlan>
                    </StmtSimple>
                    <StmtSimple StatementText="&#x9;UPDATE @BranchSpecific&#xD;&#xA;&#x9;SET BranchSpecific = 0&#xD;&#xA;&#x9;FROM @BranchSpecific bs&#xD;&#xA;&#x9;&#x9;INNER JOIN (&#xD;&#xA;&#x9;&#x9;&#x9;SELECT pb.Number, pb.BugDatabase&#xD;&#xA;&#x9;&#x9;&#x9;FROM @PrimaryBugs pb&#xD;&#xA;&#x9;&#x9;&#x9;&#x9;INNER JOIN dbo.Bug b WITH (NOLOCK) ON b.Number = pb.Number AND b.DatabaseName = pb.BugDatabase&#xD;&#xA;&#x9;&#x9;&#x9;&#x9;INNER JOIN dbo.BugBranchFailureCount f WITH (NOLOCK, NOEXPAND)&#xD;&#xA;&#x9;&#x9;&#x9;&#x9;&#x9;ON ISNULL(b.DuplicateNumber, b.Number) = f.Number AND b.DatabaseName = f.DatabaseName&#xD;&#xA;&#x9;&#x9;&#x9;&#x9;INNER JOIN @AncestorBranches ab ON ab.Name = f.Branch&#xD;&#xA;&#x9;&#x9;&#x9;WHERE pb.FailureType &lt;&gt; N'NonExecution'&#xD;&#xA;&#x9;&#x9;&#x9;GROUP BY pb.Number, pb.BugDatabase&#xD;&#xA;&#x9;&#x9;&#x9;HAVING COUNT(*) &gt; 0&#xD;&#xA;&#x9;&#x9;) a ON bs.Number = a.Number AND bs.BugDatabase = a.BugDatabase&#xD;&#xA;&#x9;WHERE bs.BranchSpecific = 1&#xD;" StatementId="22" StatementCompId="35" StatementType="UPDATE" RetrievedFromCache="true" StatementSubTreeCost="0.0592242" StatementEstRows="1" StatementOptmLevel="FULL" QueryHash="0xA606A3F3937EEB09" QueryPlanHash="0x5154BFCF6C0B2A39" StatementOptmEarlyAbortReason="GoodEnoughPlanFound">
                      <StatementSetOptions QUOTED_IDENTIFIER="true" ARITHABORT="true" CONCAT_NULL_YIELDS_NULL="true" ANSI_NULLS="true" ANSI_PADDING="true" ANSI_WARNINGS="true" NUMERIC_ROUNDABORT="false" />
                      <QueryPlan NonParallelPlanReason="MaxDOPSetToOne" CachedPlanSize="80" CompileTime="18" CompileCPU="18" CompileMemory="1512">
                        <MemoryGrantInfo SerialRequiredMemory="1152" SerialDesiredMemory="1216" />
                        <OptimizerHardwareDependentProperties EstimatedAvailableMemoryGrant="193313" EstimatedPagesCached="773254" EstimatedAvailableDegreeOfParallelism="1" />
                        <RelOp NodeId="0" PhysicalOp="Table Update" LogicalOp="Update" EstimateRows="1" EstimateIO="0.01" EstimateCPU="1e-006" AvgRowSize="9" EstimatedTotalSubtreeCost="0.0592242" Parallel="0" EstimateRebinds="0" EstimateRewinds="0" EstimatedExecutionMode="Row">
                          <OutputList />
                          <Update DMLRequestSort="0">
                            <Object Table="[@BranchSpecific]" Alias="[bs]" />
                            <SetPredicate>
                              <ScalarOperator ScalarString="@BranchSpecific.[BranchSpecific] as [bs].[BranchSpecific] = [Expr1014]">
                                <ScalarExpressionList>
                                  <ScalarOperator>
                                    <MultipleAssign>
                                      <Assign>
                                        <ColumnReference Table="@BranchSpecific" Alias="[bs]" Column="BranchSpecific" />
                                        <ScalarOperator>
                                          <Identifier>
                                            <ColumnReference Column="Expr1014" />
                                          </Identifier>
                                        </ScalarOperator>
                                      </Assign>
                                    </MultipleAssign>
                                  </ScalarOperator>
                                </ScalarExpressionList>
                              </ScalarOperator>
                            </SetPredicate>
                            <RelOp NodeId="1" PhysicalOp="Compute Scalar" LogicalOp="Compute Scalar" EstimateRows="1" EstimateIO="0" EstimateCPU="1e-007" AvgRowSize="16" EstimatedTotalSubtreeCost="0.0492232" Parallel="0" EstimateRebinds="0" EstimateRewinds="0" EstimatedExecutionMode="Row">
                              <OutputList>
                                <ColumnReference Column="Bmk1000" />
                                <ColumnReference Column="Expr1014" />
                              </OutputList>
                              <ComputeScalar>
                                <DefinedValues>
                                  <DefinedValue>
                                    <ColumnReference Column="Expr1014" />
                                    <ScalarOperator ScalarString="(0)">
                                      <Const ConstValue="(0)" />
                                    </ScalarOperator>
                                  </DefinedValue>
                                </DefinedValues>
                                <RelOp NodeId="2" PhysicalOp="Hash Match" LogicalOp="Inner Join" EstimateRows="1" EstimateIO="0" EstimateCPU="0.0179431" AvgRowSize="15" EstimatedTotalSubtreeCost="0.0492231" Parallel="0" EstimateRebinds="0" EstimateRewinds="0" EstimatedExecutionMode="Row">
                                  <OutputList>
                                    <ColumnReference Column="Bmk1000" />
                                  </OutputList>
                                  <MemoryFractions Input="0.5" Output="1" />
                                  <Hash>
                                    <DefinedValues />
                                    <HashKeysBuild>
                                      <ColumnReference Table="@PrimaryBugs" Alias="[pb]" Column="Number" />
                                      <ColumnReference Table="@PrimaryBugs" Alias="[pb]" Column="BugDatabase" />
                                    </HashKeysBuild>
                                    <HashKeysProbe>
                                      <ColumnReference Table="@BranchSpecific" Alias="[bs]" Column="Number" />
                                      <ColumnReference Table="@BranchSpecific" Alias="[bs]" Column="BugDatabase" />
                                    </HashKeysProbe>
                                    <ProbeResidual>
                                      <ScalarOperator ScalarString="@BranchSpecific.[Number] as [bs].[Number]=@PrimaryBugs.[Number] as [pb].[Number] AND @BranchSpecific.[BugDatabase] as [bs].[BugDatabase]=@PrimaryBugs.[BugDatabase] as [pb].[BugDatabase]">
                                        <Logical Operation="AND">
                                          <ScalarOperator>
                                            <Compare CompareOp="EQ">
                                              <ScalarOperator>
                                                <Identifier>
                                                  <ColumnReference Table="@BranchSpecific" Alias="[bs]" Column="Number" />
                                                </Identifier>
                                              </ScalarOperator>
                                              <ScalarOperator>
                                                <Identifier>
                                                  <ColumnReference Table="@PrimaryBugs" Alias="[pb]" Column="Number" />
                                                </Identifier>
                                              </ScalarOperator>
                                            </Compare>
                                          </ScalarOperator>
                                          <ScalarOperator>
                                            <Compare CompareOp="EQ">
                                              <ScalarOperator>
                                                <Identifier>
                                                  <ColumnReference Table="@BranchSpecific" Alias="[bs]" Column="BugDatabase" />
                                                </Identifier>
                                              </ScalarOperator>
                                              <ScalarOperator>
                                                <Identifier>
                                                  <ColumnReference Table="@PrimaryBugs" Alias="[pb]" Column="BugDatabase" />
                                                </Identifier>
                                              </ScalarOperator>
                                            </Compare>
                                          </ScalarOperator>
                                        </Logical>
                                      </ScalarOperator>
                                    </ProbeResidual>
                                    <RelOp NodeId="3" PhysicalOp="Filter" LogicalOp="Filter" EstimateRows="1" EstimateIO="0" EstimateCPU="4.8e-007" AvgRowSize="265" EstimatedTotalSubtreeCost="0.0279895" Parallel="0" EstimateRebinds="0" EstimateRewinds="0" EstimatedExecutionMode="Row">
                                      <OutputList>
                                        <ColumnReference Table="@PrimaryBugs" Alias="[pb]" Column="Number" />
                                        <ColumnReference Table="@PrimaryBugs" Alias="[pb]" Column="BugDatabase" />
                                      </OutputList>
                                      <Filter StartupExpression="0">
                                        <RelOp NodeId="4" PhysicalOp="Compute Scalar" LogicalOp="Compute Scalar" EstimateRows="1" EstimateIO="0" EstimateCPU="1.1e-006" AvgRowSize="269" EstimatedTotalSubtreeCost="0.027989" Parallel="0" EstimateRebinds="0" EstimateRewinds="0" EstimatedExecutionMode="Row">
                                          <OutputList>
                                            <ColumnReference Table="@PrimaryBugs" Alias="[pb]" Column="Number" />
                                            <ColumnReference Table="@PrimaryBugs" Alias="[pb]" Column="BugDatabase" />
                                            <ColumnReference Column="Expr1013" />
                                          </OutputList>
                                          <ComputeScalar>
                                            <DefinedValues>
                                              <DefinedValue>
                                                <ColumnReference Column="Expr1013" />
                                                <ScalarOperator ScalarString="CONVERT_IMPLICIT(int,[Expr1023],0)">
                                                  <Convert DataType="int" Style="0" Implicit="1">
                                                    <ScalarOperator>
                                                      <Identifier>
                                                        <ColumnReference Column="Expr1023" />
                                                      </Identifier>
                                                    </ScalarOperator>
                                                  </Convert>
                                                </ScalarOperator>
                                              </DefinedValue>
                                            </DefinedValues>
                                            <RelOp NodeId="5" PhysicalOp="Stream Aggregate" LogicalOp="Aggregate" EstimateRows="1" EstimateIO="0" EstimateCPU="1.1e-006" AvgRowSize="269" EstimatedTotalSubtreeCost="0.027989" Parallel="0" EstimateRebinds="0" EstimateRewinds="0" EstimatedExecutionMode="Row">
                                              <OutputList>
                                                <ColumnReference Table="@PrimaryBugs" Alias="[pb]" Column="Number" />
                                                <ColumnReference Table="@PrimaryBugs" Alias="[pb]" Column="BugDatabase" />
                                                <ColumnReference Column="Expr1023" />
                                              </OutputList>
                                              <StreamAggregate>
                                                <DefinedValues>
                                                  <DefinedValue>
                                                    <ColumnReference Column="Expr1023" />
                                                    <ScalarOperator ScalarString="Count(*)">
                                                      <Aggregate AggType="countstar" Distinct="0" />
                                                    </ScalarOperator>
                                                  </DefinedValue>
                                                </DefinedValues>
                                                <GroupBy>
                                                  <ColumnReference Table="@PrimaryBugs" Alias="[pb]" Column="Number" />
                                                  <ColumnReference Table="@PrimaryBugs" Alias="[pb]" Column="BugDatabase" />
                                                </GroupBy>
                                                <RelOp NodeId="6" PhysicalOp="Nested Loops" LogicalOp="Inner Join" EstimateRows="1" EstimateIO="0" EstimateCPU="1.32219e-005" AvgRowSize="265" EstimatedTotalSubtreeCost="0.0279879" Parallel="0" EstimateRebinds="0" EstimateRewinds="0" EstimatedExecutionMode="Row">
                                                  <OutputList>
                                                    <ColumnReference Table="@PrimaryBugs" Alias="[pb]" Column="Number" />
                                                    <ColumnReference Table="@PrimaryBugs" Alias="[pb]" Column="BugDatabase" />
                                                  </OutputList>
                                                  <NestedLoops Optimized="0">
                                                    <Predicate>
                                                      <ScalarOperator ScalarString="@AncestorBranches.[Name] as [ab].[Name]=[OurLabReporting].[dbo].[BugBranchFailureCount].[Branch] as [f].[Branch]">
                                                        <Compare CompareOp="EQ">
                                                          <ScalarOperator>
                                                            <Identifier>
                                                              <ColumnReference Table="@AncestorBranches" Alias="[ab]" Column="Name" />
                                                            </Identifier>
                                                          </ScalarOperator>
                                                          <ScalarOperator>
                                                            <Identifier>
                                                              <ColumnReference Database="[OurLabReporting]" Schema="[dbo]" Table="[BugBranchFailureCount]" Alias="[f]" Column="Branch" />
                                                            </Identifier>
                                                          </ScalarOperator>
                                                        </Compare>
                                                      </ScalarOperator>
                                                    </Predicate>
                                                    <RelOp NodeId="7" PhysicalOp="Nested Loops" LogicalOp="Inner Join" EstimateRows="3.16313" EstimateIO="0" EstimateCPU="1.32219e-005" AvgRowSize="290" EstimatedTotalSubtreeCost="0.0245185" Parallel="0" EstimateRebinds="0" EstimateRewinds="0" EstimatedExecutionMode="Row">
                                                      <OutputList>
                                                        <ColumnReference Table="@PrimaryBugs" Alias="[pb]" Column="Number" />
                                                        <ColumnReference Table="@PrimaryBugs" Alias="[pb]" Column="BugDatabase" />
                                                        <ColumnReference Database="[OurLabReporting]" Schema="[dbo]" Table="[BugBranchFailureCount]" Alias="[f]" Column="Branch" />
                                                      </OutputList>
                                                      <NestedLoops Optimized="0">
                                                        <OuterReferences>
                                                          <ColumnReference Database="[OurLabReporting]" Schema="[dbo]" Table="[Bug]" Alias="[b]" Column="DatabaseName" />
                                                          <ColumnReference Column="Expr1021" />
                                                        </OuterReferences>
                                                        <RelOp NodeId="8" PhysicalOp="Compute Scalar" LogicalOp="Compute Scalar" EstimateRows="1" EstimateIO="0" EstimateCPU="1e-007" AvgRowSize="290" EstimatedTotalSubtreeCost="0.0212198" Parallel="0" EstimateRebinds="0" EstimateRewinds="0" EstimatedExecutionMode="Row">
                                                          <OutputList>
                                                            <ColumnReference Table="@PrimaryBugs" Alias="[pb]" Column="Number" />
                                                            <ColumnReference Table="@PrimaryBugs" Alias="[pb]" Column="BugDatabase" />
                                                            <ColumnReference Database="[OurLabReporting]" Schema="[dbo]" Table="[Bug]" Alias="[b]" Column="DatabaseName" />
                                                            <ColumnReference Column="Expr1021" />
                                                          </OutputList>
                                                          <ComputeScalar>
                                                            <DefinedValues>
                                                              <DefinedValue>
                                                                <ColumnReference Column="Expr1021" />
                                                                <ScalarOperator ScalarString="isnull([OurLabReporting].[dbo].[Bug].[DuplicateNumber] as [b].[DuplicateNumber],[OurLabReporting].[dbo].[Bug].[Number] as [b].[Number])">
                                                                  <Intrinsic FunctionName="isnull">
                                                                    <ScalarOperator>
                                                                      <Identifier>
                                                                        <ColumnReference Database="[OurLabReporting]" Schema="[dbo]" Table="[Bug]" Alias="[b]" Column="DuplicateNumber" />
                                                                      </Identifier>
                                                                    </ScalarOperator>
                                                                    <ScalarOperator>
                                                                      <Identifier>
                                                                        <ColumnReference Database="[OurLabReporting]" Schema="[dbo]" Table="[Bug]" Alias="[b]" Column="Number" />
                                                                      </Identifier>
                                                                    </ScalarOperator>
                                                                  </Intrinsic>
                                                                </ScalarOperator>
                                                              </DefinedValue>
                                                            </DefinedValues>
                                                            <RelOp NodeId="9" PhysicalOp="Nested Loops" LogicalOp="Inner Join" EstimateRows="1" EstimateIO="0" EstimateCPU="4.18e-006" AvgRowSize="294" EstimatedTotalSubtreeCost="0.0212197" Parallel="0" EstimateRebinds="0" EstimateRewinds="0" EstimatedExecutionMode="Row">
                                                              <OutputList>
                                                                <ColumnReference Table="@PrimaryBugs" Alias="[pb]" Column="Number" />
                                                                <ColumnReference Table="@PrimaryBugs" Alias="[pb]" Column="BugDatabase" />
                                                                <ColumnReference Database="[OurLabReporting]" Schema="[dbo]" Table="[Bug]" Alias="[b]" Column="Number" />
                                                                <ColumnReference Database="[OurLabReporting]" Schema="[dbo]" Table="[Bug]" Alias="[b]" Column="DatabaseName" />
                                                                <ColumnReference Database="[OurLabReporting]" Schema="[dbo]" Table="[Bug]" Alias="[b]" Column="DuplicateNumber" />
                                                              </OutputList>
                                                              <NestedLoops Optimized="0">
                                                                <OuterReferences>
                                                                  <ColumnReference Database="[OurLabReporting]" Schema="[dbo]" Table="[Bug]" Alias="[b]" Column="Id" />
                                                                </OuterReferences>
                                                                <RelOp NodeId="10" PhysicalOp="Nested Loops" LogicalOp="Inner Join" EstimateRows="1" EstimateIO="0" EstimateCPU="4.18e-006" AvgRowSize="294" EstimatedTotalSubtreeCost="0.0179324" Parallel="0" EstimateRebinds="0" EstimateRewinds="0" EstimatedExecutionMode="Row">
                                                                  <OutputList>
                                                                    <ColumnReference Table="@PrimaryBugs" Alias="[pb]" Column="Number" />
                                                                    <ColumnReference Table="@PrimaryBugs" Alias="[pb]" Column="BugDatabase" />
                                                                    <ColumnReference Database="[OurLabReporting]" Schema="[dbo]" Table="[Bug]" Alias="[b]" Column="Number" />
                                                                    <ColumnReference Database="[OurLabReporting]" Schema="[dbo]" Table="[Bug]" Alias="[b]" Column="DatabaseName" />
                                                                    <ColumnReference Database="[OurLabReporting]" Schema="[dbo]" Table="[Bug]" Alias="[b]" Column="Id" />
                                                                  </OutputList>
                                                                  <NestedLoops Optimized="0">
                                                                    <OuterReferences>
                                                                      <ColumnReference Table="@PrimaryBugs" Alias="[pb]" Column="Number" />
                                                                      <ColumnReference Table="@PrimaryBugs" Alias="[pb]" Column="BugDatabase" />
                                                                    </OuterReferences>
                                                                    <RelOp NodeId="11" PhysicalOp="Sort" LogicalOp="Sort" EstimateRows="1" EstimateIO="0.0112613" EstimateCPU="0.000100265" AvgRowSize="265" EstimatedTotalSubtreeCost="0.0146451" Parallel="0" EstimateRebinds="0" EstimateRewinds="0" EstimatedExecutionMode="Row">
                                                                      <OutputList>
                                                                        <ColumnReference Table="@PrimaryBugs" Alias="[pb]" Column="Number" />
                                                                        <ColumnReference Table="@PrimaryBugs" Alias="[pb]" Column="BugDatabase" />
                                                                      </OutputList>
                                                                      <MemoryFractions Input="1" Output="0.5" />
                                                                      <Sort Distinct="0">
                                                                        <OrderBy>
                                                                          <OrderByColumn Ascending="1">
                                                                            <ColumnReference Table="@PrimaryBugs" Alias="[pb]" Column="Number" />
                                                                          </OrderByColumn>
                                                                          <OrderByColumn Ascending="1">
                                                                            <ColumnReference Table="@PrimaryBugs" Alias="[pb]" Column="BugDatabase" />
                                                                          </OrderByColumn>
                                                                        </OrderBy>
                                                                        <RelOp NodeId="12" PhysicalOp="Table Scan" LogicalOp="Table Scan" EstimateRows="1" EstimateIO="0.003125" EstimateCPU="0.0001581" AvgRowSize="367" EstimatedTotalSubtreeCost="0.0032831" TableCardinality="0" Parallel="0" EstimateRebinds="0" EstimateRewinds="0" EstimatedExecutionMode="Row">
                                                                          <OutputList>
                                                                            <ColumnReference Table="@PrimaryBugs" Alias="[pb]" Column="Number" />
                                                                            <ColumnReference Table="@PrimaryBugs" Alias="[pb]" Column="BugDatabase" />
                                                                          </OutputList>
                                                                          <TableScan Ordered="0" ForcedIndex="0" ForceScan="0" NoExpandHint="0">
                                                                            <DefinedValues>
                                                                              <DefinedValue>
                                                                                <ColumnReference Table="@PrimaryBugs" Alias="[pb]" Column="Number" />
                                                                              </DefinedValue>
                                                                              <DefinedValue>
                                                                                <ColumnReference Table="@PrimaryBugs" Alias="[pb]" Column="BugDatabase" />
                                                                              </DefinedValue>
                                                                            </DefinedValues>
                                                                            <Object Table="[@PrimaryBugs]" Alias="[pb]" />
                                                                            <Predicate>
                                                                              <ScalarOperator ScalarString="@PrimaryBugs.[FailureType] as [pb].[FailureType]&lt;&gt;N'NonExecution'">
                                                                                <Compare CompareOp="NE">
                                                                                  <ScalarOperator>
                                                                                    <Identifier>
                                                                                      <ColumnReference Table="@PrimaryBugs" Alias="[pb]" Column="FailureType" />
                                                                                    </Identifier>
                                                                                  </ScalarOperator>
                                                                                  <ScalarOperator>
                                                                                    <Const ConstValue="N'NonExecution'" />
                                                                                  </ScalarOperator>
                                                                                </Compare>
                                                                              </ScalarOperator>
                                                                            </Predicate>
                                                                          </TableScan>
                                                                        </RelOp>
                                                                      </Sort>
                                                                    </RelOp>
                                                                    <RelOp NodeId="13" PhysicalOp="Index Seek" LogicalOp="Index Seek" EstimateRows="1" EstimateIO="0.003125" EstimateCPU="0.0001581" AvgRowSize="38" EstimatedTotalSubtreeCost="0.0032831" TableCardinality="37279" Parallel="0" EstimateRebinds="0" EstimateRewinds="0" EstimatedExecutionMode="Row">
                                                                      <OutputList>
                                                                        <ColumnReference Database="[OurLabReporting]" Schema="[dbo]" Table="[Bug]" Alias="[b]" Column="Number" />
                                                                        <ColumnReference Database="[OurLabReporting]" Schema="[dbo]" Table="[Bug]" Alias="[b]" Column="DatabaseName" />
                                                                        <ColumnReference Database="[OurLabReporting]" Schema="[dbo]" Table="[Bug]" Alias="[b]" Column="Id" />
                                                                      </OutputList>
                                                                      <IndexScan Ordered="1" ScanDirection="FORWARD" ForcedIndex="0" ForceSeek="0" ForceScan="0" NoExpandHint="0" Storage="RowStore">
                                                                        <DefinedValues>
                                                                          <DefinedValue>
                                                                            <ColumnReference Database="[OurLabReporting]" Schema="[dbo]" Table="[Bug]" Alias="[b]" Column="Number" />
                                                                          </DefinedValue>
                                                                          <DefinedValue>
                                                                            <ColumnReference Database="[OurLabReporting]" Schema="[dbo]" Table="[Bug]" Alias="[b]" Column="DatabaseName" />
                                                                          </DefinedValue>
                                                                          <DefinedValue>
                                                                            <ColumnReference Database="[OurLabReporting]" Schema="[dbo]" Table="[Bug]" Alias="[b]" Column="Id" />
                                                                          </DefinedValue>
                                                                        </DefinedValues>
                                                                        <Object Database="[OurLabReporting]" Schema="[dbo]" Table="[Bug]" Index="[AK_Database_Number]" Alias="[b]" IndexKind="NonClustered" />
                                                                        <SeekPredicates>
                                                                          <SeekPredicateNew>
                                                                            <SeekKeys>
                                                                              <Prefix ScanType="EQ">
                                                                                <RangeColumns>
                                                                                  <ColumnReference Database="[OurLabReporting]" Schema="[dbo]" Table="[Bug]" Alias="[b]" Column="DatabaseName" />
                                                                                  <ColumnReference Database="[OurLabReporting]" Schema="[dbo]" Table="[Bug]" Alias="[b]" Column="Number" />
                                                                                </RangeColumns>
                                                                                <RangeExpressions>
                                                                                  <ScalarOperator ScalarString="@PrimaryBugs.[BugDatabase] as [pb].[BugDatabase]">
                                                                                    <Identifier>
                                                                                      <ColumnReference Table="@PrimaryBugs" Alias="[pb]" Column="BugDatabase" />
                                                                                    </Identifier>
                                                                                  </ScalarOperator>
                                                                                  <ScalarOperator ScalarString="@PrimaryBugs.[Number] as [pb].[Number]">
                                                                                    <Identifier>
                                                                                      <ColumnReference Table="@PrimaryBugs" Alias="[pb]" Column="Number" />
                                                                                    </Identifier>
                                                                                  </ScalarOperator>
                                                                                </RangeExpressions>
                                                                              </Prefix>
                                                                            </SeekKeys>
                                                                          </SeekPredicateNew>
                                                                        </SeekPredicates>
                                                                      </IndexScan>
                                                                    </RelOp>
                                                                  </NestedLoops>
                                                                </RelOp>
                                                                <RelOp NodeId="15" PhysicalOp="Clustered Index Seek" LogicalOp="Clustered Index Seek" EstimateRows="1" EstimateIO="0.003125" EstimateCPU="0.0001581" AvgRowSize="11" EstimatedTotalSubtreeCost="0.0032831" TableCardinality="37279" Parallel="0" EstimateRebinds="0" EstimateRewinds="0" EstimatedExecutionMode="Row">
                                                                  <OutputList>
                                                                    <ColumnReference Database="[OurLabReporting]" Schema="[dbo]" Table="[Bug]" Alias="[b]" Column="DuplicateNumber" />
                                                                  </OutputList>
                                                                  <IndexScan Lookup="1" Ordered="1" ScanDirection="FORWARD" ForcedIndex="0" ForceSeek="0" ForceScan="0" NoExpandHint="0" Storage="RowStore">
                                                                    <DefinedValues>
                                                                      <DefinedValue>
                                                                        <ColumnReference Database="[OurLabReporting]" Schema="[dbo]" Table="[Bug]" Alias="[b]" Column="DuplicateNumber" />
                                                                      </DefinedValue>
                                                                    </DefinedValues>
                                                                    <Object Database="[OurLabReporting]" Schema="[dbo]" Table="[Bug]" Index="[Bug_PK]" Alias="[b]" TableReferenceId="-1" IndexKind="Clustered" />
                                                                    <SeekPredicates>
                                                                      <SeekPredicateNew>
                                                                        <SeekKeys>
                                                                          <Prefix ScanType="EQ">
                                                                            <RangeColumns>
                                                                              <ColumnReference Database="[OurLabReporting]" Schema="[dbo]" Table="[Bug]" Alias="[b]" Column="Id" />
                                                                            </RangeColumns>
                                                                            <RangeExpressions>
                                                                              <ScalarOperator ScalarString="[OurLabReporting].[dbo].[Bug].[Id] as [b].[Id]">
                                                                                <Identifier>
                                                                                  <ColumnReference Database="[OurLabReporting]" Schema="[dbo]" Table="[Bug]" Alias="[b]" Column="Id" />
                                                                                </Identifier>
                                                                              </ScalarOperator>
                                                                            </RangeExpressions>
                                                                          </Prefix>
                                                                        </SeekKeys>
                                                                      </SeekPredicateNew>
                                                                    </SeekPredicates>
                                                                  </IndexScan>
                                                                </RelOp>
                                                              </NestedLoops>
                                                            </RelOp>
                                                          </ComputeScalar>
                                                        </RelOp>
                                                        <RelOp NodeId="22" PhysicalOp="Clustered Index Seek" LogicalOp="Clustered Index Seek" EstimateRows="3.16313" EstimateIO="0.003125" EstimateCPU="0.000160479" AvgRowSize="34" EstimatedTotalSubtreeCost="0.00328548" TableCardinality="218711" Parallel="0" EstimateRebinds="0" EstimateRewinds="0" EstimatedExecutionMode="Row">
                                                          <OutputList>
                                                            <ColumnReference Database="[OurLabReporting]" Schema="[dbo]" Table="[BugBranchFailureCount]" Alias="[f]" Column="Branch" />
                                                          </OutputList>
                                                          <IndexScan Ordered="1" ScanDirection="FORWARD" ForcedIndex="0" ForceSeek="0" ForceScan="0" NoExpandHint="1" Storage="RowStore">
                                                            <DefinedValues>
                                                              <DefinedValue>
                                                                <ColumnReference Database="[OurLabReporting]" Schema="[dbo]" Table="[BugBranchFailureCount]" Alias="[f]" Column="Branch" />
                                                              </DefinedValue>
                                                            </DefinedValues>
                                                            <Object Database="[OurLabReporting]" Schema="[dbo]" Table="[BugBranchFailureCount]" Index="[IDX_BugBranchFailureCount]" Alias="[f]" IndexKind="ViewClustered" />
                                                            <SeekPredicates>
                                                              <SeekPredicateNew>
                                                                <SeekKeys>
                                                                  <Prefix ScanType="EQ">
                                                                    <RangeColumns>
                                                                      <ColumnReference Database="[OurLabReporting]" Schema="[dbo]" Table="[BugBranchFailureCount]" Alias="[f]" Column="Number" />
                                                                      <ColumnReference Database="[OurLabReporting]" Schema="[dbo]" Table="[BugBranchFailureCount]" Alias="[f]" Column="DatabaseName" />
                                                                    </RangeColumns>
                                                                    <RangeExpressions>
                                                                      <ScalarOperator ScalarString="[Expr1021]">
                                                                        <Identifier>
                                                                          <ColumnReference Column="Expr1021" />
                                                                        </Identifier>
                                                                      </ScalarOperator>
                                                                      <ScalarOperator ScalarString="[OurLabReporting].[dbo].[Bug].[DatabaseName] as [b].[DatabaseName]">
                                                                        <Identifier>
                                                                          <ColumnReference Database="[OurLabReporting]" Schema="[dbo]" Table="[Bug]" Alias="[b]" Column="DatabaseName" />
                                                                        </Identifier>
                                                                      </ScalarOperator>
                                                                    </RangeExpressions>
                                                                  </Prefix>
                                                                </SeekKeys>
                                                              </SeekPredicateNew>
                                                            </SeekPredicates>
                                                          </IndexScan>
                                                        </RelOp>
                                                      </NestedLoops>
                                                    </RelOp>
                                                    <RelOp NodeId="23" PhysicalOp="Table Scan" LogicalOp="Table Scan" EstimateRows="1" EstimateIO="0.0032035" EstimateCPU="7.96e-005" AvgRowSize="111" EstimatedTotalSubtreeCost="0.00345528" TableCardinality="0" Parallel="0" EstimateRebinds="0" EstimateRewinds="2.16313" EstimatedExecutionMode="Row">
                                                      <OutputList>
                                                        <ColumnReference Table="@AncestorBranches" Alias="[ab]" Column="Name" />
                                                      </OutputList>
                                                      <TableScan Ordered="0" ForcedIndex="0" ForceScan="0" NoExpandHint="0">
                                                        <DefinedValues>
                                                          <DefinedValue>
                                                            <ColumnReference Table="@AncestorBranches" Alias="[ab]" Column="Name" />
                                                          </DefinedValue>
                                                        </DefinedValues>
                                                        <Object Table="[@AncestorBranches]" Alias="[ab]" />
                                                      </TableScan>
                                                    </RelOp>
                                                  </NestedLoops>
                                                </RelOp>
                                              </StreamAggregate>
                                            </RelOp>
                                          </ComputeScalar>
                                        </RelOp>
                                        <Predicate>
                                          <ScalarOperator ScalarString="[Expr1013]&gt;(0)">
                                            <Compare CompareOp="GT">
                                              <ScalarOperator>
                                                <Identifier>
                                                  <ColumnReference Column="Expr1013" />
                                                </Identifier>
                                              </ScalarOperator>
                                              <ScalarOperator>
                                                <Const ConstValue="(0)" />
                                              </ScalarOperator>
                                            </Compare>
                                          </ScalarOperator>
                                        </Predicate>
                                      </Filter>
                                    </RelOp>
                                    <RelOp NodeId="30" PhysicalOp="Table Scan" LogicalOp="Table Scan" EstimateRows="1" EstimateIO="0.003125" EstimateCPU="0.0001581" AvgRowSize="274" EstimatedTotalSubtreeCost="0.0032831" TableCardinality="0" Parallel="0" EstimateRebinds="0" EstimateRewinds="0" EstimatedExecutionMode="Row">
                                      <OutputList>
                                        <ColumnReference Column="Bmk1000" />
                                        <ColumnReference Table="@BranchSpecific" Alias="[bs]" Column="Number" />
                                        <ColumnReference Table="@BranchSpecific" Alias="[bs]" Column="BugDatabase" />
                                      </OutputList>
                                      <TableScan Ordered="1" ForcedIndex="0" ForceScan="0" NoExpandHint="0">
                                        <DefinedValues>
                                          <DefinedValue>
                                            <ColumnReference Column="Bmk1000" />
                                          </DefinedValue>
                                          <DefinedValue>
                                            <ColumnReference Table="@BranchSpecific" Alias="[bs]" Column="Number" />
                                          </DefinedValue>
                                          <DefinedValue>
                                            <ColumnReference Table="@BranchSpecific" Alias="[bs]" Column="BugDatabase" />
                                          </DefinedValue>
                                        </DefinedValues>
                                        <Object Table="[@BranchSpecific]" Alias="[bs]" />
                                        <Predicate>
                                          <ScalarOperator ScalarString="@BranchSpecific.[BranchSpecific] as [bs].[BranchSpecific]=(1)">
                                            <Compare CompareOp="EQ">
                                              <ScalarOperator>
                                                <Identifier>
                                                  <ColumnReference Table="@BranchSpecific" Alias="[bs]" Column="BranchSpecific" />
                                                </Identifier>
                                              </ScalarOperator>
                                              <ScalarOperator>
                                                <Const ConstValue="(1)" />
                                              </ScalarOperator>
                                            </Compare>
                                          </ScalarOperator>
                                        </Predicate>
                                      </TableScan>
                                    </RelOp>
                                  </Hash>
                                </RelOp>
                              </ComputeScalar>
                            </RelOp>
                          </Update>
                        </RelOp>
                      </QueryPlan>
                    </StmtSimple>
                  </Statements>
                </Else>
              </StmtCond>
            </Statements>
          </Else>
        </StmtCond>
        <StmtSimple StatementText="&#xA;END&#xD;&#xA;&#xD;&#xA;DECLARE @DiffMinutes int = DATEDIFF(minute, GETUTCDATE(), GETDATE())&#xD;&#xA;&#xD;" StatementId="23" StatementCompId="38" StatementType="ASSIGN" RetrievedFromCache="true" />
        <StmtSimple StatementText="&#xA;SELECT&#xD;&#xA;&#x9;b.Id,&#xD;&#xA;    pb.Number,&#xD;&#xA;    pb.BugDatabase AS BugDatabase,&#x9;&#xD;&#xA;    b.Title,&#xD;&#xA;    pb.RunHits,&#xD;&#xA;    ISNULL(ISNULL(b.SubProduct, b.ExternalPartner), N'') AS Triad,&#xD;&#xA;    b.[Path] AS AreaPath,&#xD;&#xA;    b.Milestone,&#xD;&#xA;    b.AssignedTo,&#xD;&#xA;    b.IssueType,&#xD;&#xA;    b.[Priority],&#xD;&#xA;    b.Severity,&#xD;&#xA;    b.[Status],&#xD;&#xA;    b.SubStatus,&#xD;&#xA;&#x9;b.OpenedDate,&#xD;&#xA;    DATEADD(minute, @DiffMinutes, b.InMainDate) AS InMainDate,&#xD;&#xA;    ISNULL(b.WatsonHitsWithDupes, IIF(w.Hits = 0, NULL, w.Hits)) AS WatsonHits,&#xD;&#xA;    b.NumInstances AS IncidenceCount,&#xD;&#xA;    IIF(b.WatsonSelfHostHits = 0, NULL, b.WatsonSelfHostHits) AS SelfHostHits,&#xD;&#xA;    CASE pb.FailureType&#xD;&#xA;        WHEN N'Infrastructure' THEN N'Infrastructure'&#xD;&#xA;        WHEN N'ProductCrash' THEN N'ProductCrash'&#xD;&#xA;        ELSE N'Other'&#xD;&#xA;    END AS FailureType,&#xD;&#xA;    pb.PrimaryFailure,&#xD;&#xA;    CAST(ISNULL(bs.BranchSpecific, pb.BranchSpecific) AS bit) AS BranchSpecific,&#xD;&#xA;&#x9;pb.FamilyCount,&#xD;&#xA;    dupe.DuplicatesXml,&#xD;&#xA;&#x9;pb.OwnerId,&#xD;&#xA;&#x9;IIF(pb.FailureType = N'NonExecution', NULL, pb.FoundInBranch) AS FoundInBranch&#xD;&#xA;FROM @PrimaryBugs pb&#xD;&#xA;    INNER JOIN dbo.Bug b WITH (NOLOCK) ON b.Number = pb.Number AND b.DatabaseName = pb.BugDatabase&#xD;&#xA;    LEFT JOIN @Watson w ON w.Number = pb.Number AND w.BugDatabase = pb.BugDatabase&#xD;&#xA;&#x9;LEFT JOIN @BranchSpecific bs ON bs.Number = pb.Number AND bs.BugDatabase = pb.BugDatabase&#xD;&#xA;    CROSS APPLY (&#xD;&#xA;        SELECT (&#xD;&#xA;            SELECT ib.Number, ib.Title, ib.BugDatabase, ib.[Status], ib.RunHits&#xD;&#xA;            FROM @InputBugs ib&#xD;&#xA;            WHERE ib.DuplicateNumber = pb.Number&#xD;&#xA;                AND ib.DuplicateNumber &lt;&gt; ib.Number -- Exclude the primary bug itself&#xD;&#xA;                AND ib.BugDatabase = pb.BugDatabase&#xD;&#xA;            FOR XML RAW('Bug'), TYPE, ROOT('Duplicates')&#xD;&#xA;        ) AS DuplicatesXml&#xD;&#xA;    ) dupe&#xD;&#xA;    LEFT JOIN @BugStatusSort bss ON bss.[Status] = b.[Status]&#xD;&#xA;ORDER BY ISNULL(bss.[Order], 4), IncidenceCount DESC, pb.Number" StatementId="24" StatementCompId="39" StatementType="SELECT" RetrievedFromCache="true" StatementSubTreeCost="0.0343792" StatementEstRows="1" StatementOptmLevel="FULL" QueryHash="0x91F4DDE7F0FEB8C4" QueryPlanHash="0x7816D3B2737AE3A5" StatementOptmEarlyAbortReason="GoodEnoughPlanFound">
          <StatementSetOptions QUOTED_IDENTIFIER="true" ARITHABORT="true" CONCAT_NULL_YIELDS_NULL="true" ANSI_NULLS="true" ANSI_PADDING="true" ANSI_WARNINGS="true" NUMERIC_ROUNDABORT="false" />
          <QueryPlan NonParallelPlanReason="MaxDOPSetToOne" CachedPlanSize="104" CompileTime="16" CompileCPU="16" CompileMemory="1384">
            <MemoryGrantInfo SerialRequiredMemory="512" SerialDesiredMemory="544" />
            <OptimizerHardwareDependentProperties EstimatedAvailableMemoryGrant="193313" EstimatedPagesCached="773254" EstimatedAvailableDegreeOfParallelism="1" />
            <RelOp NodeId="0" PhysicalOp="Sort" LogicalOp="Sort" EstimateRows="1" EstimateIO="0.0112613" EstimateCPU="0.000106883" AvgRowSize="6883" EstimatedTotalSubtreeCost="0.0343792" Parallel="0" EstimateRebinds="0" EstimateRewinds="0" EstimatedExecutionMode="Row">
              <OutputList>
                <ColumnReference Table="@PrimaryBugs" Alias="[pb]" Column="Number" />
                <ColumnReference Table="@PrimaryBugs" Alias="[pb]" Column="BugDatabase" />
                <ColumnReference Table="@PrimaryBugs" Alias="[pb]" Column="RunHits" />
                <ColumnReference Table="@PrimaryBugs" Alias="[pb]" Column="PrimaryFailure" />
                <ColumnReference Table="@PrimaryBugs" Alias="[pb]" Column="OwnerId" />
                <ColumnReference Table="@PrimaryBugs" Alias="[pb]" Column="FamilyCount" />
                <ColumnReference Database="[OurLabReporting]" Schema="[dbo]" Table="[Bug]" Alias="[b]" Column="Title" />
                <ColumnReference Database="[OurLabReporting]" Schema="[dbo]" Table="[Bug]" Alias="[b]" Column="Status" />
                <ColumnReference Database="[OurLabReporting]" Schema="[dbo]" Table="[Bug]" Alias="[b]" Column="AssignedTo" />
                <ColumnReference Database="[OurLabReporting]" Schema="[dbo]" Table="[Bug]" Alias="[b]" Column="IssueType" />
                <ColumnReference Database="[OurLabReporting]" Schema="[dbo]" Table="[Bug]" Alias="[b]" Column="Priority" />
                <ColumnReference Database="[OurLabReporting]" Schema="[dbo]" Table="[Bug]" Alias="[b]" Column="Severity" />
                <ColumnReference Database="[OurLabReporting]" Schema="[dbo]" Table="[Bug]" Alias="[b]" Column="OpenedDate" />
                <ColumnReference Database="[OurLabReporting]" Schema="[dbo]" Table="[Bug]" Alias="[b]" Column="Milestone" />
                <ColumnReference Database="[OurLabReporting]" Schema="[dbo]" Table="[Bug]" Alias="[b]" Column="Path" />
                <ColumnReference Database="[OurLabReporting]" Schema="[dbo]" Table="[Bug]" Alias="[b]" Column="Id" />
                <ColumnReference Database="[OurLabReporting]" Schema="[dbo]" Table="[Bug]" Alias="[b]" Column="NumInstances" />
                <ColumnReference Database="[OurLabReporting]" Schema="[dbo]" Table="[Bug]" Alias="[b]" Column="SubStatus" />
                <ColumnReference Column="Expr1016" />
                <ColumnReference Column="Expr1020" />
                <ColumnReference Column="Expr1021" />
                <ColumnReference Column="Expr1022" />
                <ColumnReference Column="Expr1023" />
                <ColumnReference Column="Expr1024" />
                <ColumnReference Column="Expr1025" />
                <ColumnReference Column="Expr1026" />
                <ColumnReference Column="Expr1027" />
              </OutputList>
              <MemoryFractions Input="1" Output="1" />
              <Sort Distinct="0">
                <OrderBy>
                  <OrderByColumn Ascending="1">
                    <ColumnReference Column="Expr1027" />
                  </OrderByColumn>
                  <OrderByColumn Ascending="0">
                    <ColumnReference Database="[OurLabReporting]" Schema="[dbo]" Table="[Bug]" Alias="[b]" Column="NumInstances" />
                  </OrderByColumn>
                  <OrderByColumn Ascending="1">
                    <ColumnReference Table="@PrimaryBugs" Alias="[pb]" Column="Number" />
                  </OrderByColumn>
                </OrderBy>
                <RelOp NodeId="1" PhysicalOp="Compute Scalar" LogicalOp="Compute Scalar" EstimateRows="1" EstimateIO="0" EstimateCPU="1e-007" AvgRowSize="6883" EstimatedTotalSubtreeCost="0.0230111" Parallel="0" EstimateRebinds="0" EstimateRewinds="0" EstimatedExecutionMode="Row">
                  <OutputList>
                    <ColumnReference Table="@PrimaryBugs" Alias="[pb]" Column="Number" />
                    <ColumnReference Table="@PrimaryBugs" Alias="[pb]" Column="BugDatabase" />
                    <ColumnReference Table="@PrimaryBugs" Alias="[pb]" Column="RunHits" />
                    <ColumnReference Table="@PrimaryBugs" Alias="[pb]" Column="PrimaryFailure" />
                    <ColumnReference Table="@PrimaryBugs" Alias="[pb]" Column="OwnerId" />
                    <ColumnReference Table="@PrimaryBugs" Alias="[pb]" Column="FamilyCount" />
                    <ColumnReference Database="[OurLabReporting]" Schema="[dbo]" Table="[Bug]" Alias="[b]" Column="Title" />
                    <ColumnReference Database="[OurLabReporting]" Schema="[dbo]" Table="[Bug]" Alias="[b]" Column="Status" />
                    <ColumnReference Database="[OurLabReporting]" Schema="[dbo]" Table="[Bug]" Alias="[b]" Column="AssignedTo" />
                    <ColumnReference Database="[OurLabReporting]" Schema="[dbo]" Table="[Bug]" Alias="[b]" Column="IssueType" />
                    <ColumnReference Database="[OurLabReporting]" Schema="[dbo]" Table="[Bug]" Alias="[b]" Column="Priority" />
                    <ColumnReference Database="[OurLabReporting]" Schema="[dbo]" Table="[Bug]" Alias="[b]" Column="Severity" />
                    <ColumnReference Database="[OurLabReporting]" Schema="[dbo]" Table="[Bug]" Alias="[b]" Column="OpenedDate" />
                    <ColumnReference Database="[OurLabReporting]" Schema="[dbo]" Table="[Bug]" Alias="[b]" Column="Milestone" />
                    <ColumnReference Database="[OurLabReporting]" Schema="[dbo]" Table="[Bug]" Alias="[b]" Column="Path" />
                    <ColumnReference Database="[OurLabReporting]" Schema="[dbo]" Table="[Bug]" Alias="[b]" Column="Id" />
                    <ColumnReference Database="[OurLabReporting]" Schema="[dbo]" Table="[Bug]" Alias="[b]" Column="NumInstances" />
                    <ColumnReference Database="[OurLabReporting]" Schema="[dbo]" Table="[Bug]" Alias="[b]" Column="SubStatus" />
                    <ColumnReference Column="Expr1016" />
                    <ColumnReference Column="Expr1020" />
                    <ColumnReference Column="Expr1021" />
                    <ColumnReference Column="Expr1022" />
                    <ColumnReference Column="Expr1023" />
                    <ColumnReference Column="Expr1024" />
                    <ColumnReference Column="Expr1025" />
                    <ColumnReference Column="Expr1026" />
                    <ColumnReference Column="Expr1027" />
                  </OutputList>
                  <ComputeScalar>
                    <DefinedValues>
                      <DefinedValue>
                        <ColumnReference Column="Expr1016" />
                        <ScalarOperator ScalarString="[Expr1014]">
                          <Identifier>
                            <ColumnReference Column="Expr1014" />
                          </Identifier>
                        </ScalarOperator>
                      </DefinedValue>
                      <DefinedValue>
                        <ColumnReference Column="Expr1021" />
                        <ScalarOperator ScalarString="dateadd(minute,[@DiffMinutes],[OurLabReporting].[dbo].[Bug].[InMainDate] as [b].[InMainDate])">
                          <Intrinsic FunctionName="dateadd">
                            <ScalarOperator>
                              <Const ConstValue="(7)" />
                            </ScalarOperator>
                            <ScalarOperator>
                              <Identifier>
                                <ColumnReference Column="@DiffMinutes" />
                              </Identifier>
                            </ScalarOperator>
                            <ScalarOperator>
                              <Identifier>
                                <ColumnReference Database="[OurLabReporting]" Schema="[dbo]" Table="[Bug]" Alias="[b]" Column="InMainDate" />
                              </Identifier>
                            </ScalarOperator>
                          </Intrinsic>
                        </ScalarOperator>
                      </DefinedValue>
                      <DefinedValue>
                        <ColumnReference Column="Expr1022" />
                        <ScalarOperator ScalarString="isnull([OurLabReporting].[dbo].[Bug].[WatsonHitsWithDupes] as [b].[WatsonHitsWithDupes],[Expr1032])">
                          <Intrinsic FunctionName="isnull">
                            <ScalarOperator>
                              <Identifier>
                                <ColumnReference Database="[OurLabReporting]" Schema="[dbo]" Table="[Bug]" Alias="[b]" Column="WatsonHitsWithDupes" />
                              </Identifier>
                            </ScalarOperator>
                            <ScalarOperator>
                              <Identifier>
                                <ColumnReference Column="Expr1032" />
                              </Identifier>
                            </ScalarOperator>
                          </Intrinsic>
                        </ScalarOperator>
                      </DefinedValue>
                      <DefinedValue>
                        <ColumnReference Column="Expr1025" />
                        <ScalarOperator ScalarString="isnull(@BranchSpecific.[BranchSpecific] as [bs].[BranchSpecific],@PrimaryBugs.[BranchSpecific] as [pb].[BranchSpecific])">
                          <Intrinsic FunctionName="isnull">
                            <ScalarOperator>
                              <Identifier>
                                <ColumnReference Table="@BranchSpecific" Alias="[bs]" Column="BranchSpecific" />
                              </Identifier>
                            </ScalarOperator>
                            <ScalarOperator>
                              <Identifier>
                                <ColumnReference Table="@PrimaryBugs" Alias="[pb]" Column="BranchSpecific" />
                              </Identifier>
                            </ScalarOperator>
                          </Intrinsic>
                        </ScalarOperator>
                      </DefinedValue>
                      <DefinedValue>
                        <ColumnReference Column="Expr1027" />
                        <ScalarOperator ScalarString="isnull(@BugStatusSort.[Order] as [bss].[Order],(4))">
                          <Intrinsic FunctionName="isnull">
                            <ScalarOperator>
                              <Identifier>
                                <ColumnReference Table="@BugStatusSort" Alias="[bss]" Column="Order" />
                              </Identifier>
                            </ScalarOperator>
                            <ScalarOperator>
                              <Const ConstValue="(4)" />
                            </ScalarOperator>
                          </Intrinsic>
                        </ScalarOperator>
                      </DefinedValue>
                    </DefinedValues>
                    <RelOp NodeId="2" PhysicalOp="Nested Loops" LogicalOp="Left Outer Join" EstimateRows="1" EstimateIO="0" EstimateCPU="4.18e-006" AvgRowSize="6887" EstimatedTotalSubtreeCost="0.023011" Parallel="0" EstimateRebinds="0" EstimateRewinds="0" EstimatedExecutionMode="Row">
                      <OutputList>
                        <ColumnReference Table="@PrimaryBugs" Alias="[pb]" Column="Number" />
                        <ColumnReference Table="@PrimaryBugs" Alias="[pb]" Column="BugDatabase" />
                        <ColumnReference Table="@PrimaryBugs" Alias="[pb]" Column="RunHits" />
                        <ColumnReference Table="@PrimaryBugs" Alias="[pb]" Column="PrimaryFailure" />
                        <ColumnReference Table="@PrimaryBugs" Alias="[pb]" Column="BranchSpecific" />
                        <ColumnReference Table="@PrimaryBugs" Alias="[pb]" Column="OwnerId" />
                        <ColumnReference Table="@PrimaryBugs" Alias="[pb]" Column="FamilyCount" />
                        <ColumnReference Database="[OurLabReporting]" Schema="[dbo]" Table="[Bug]" Alias="[b]" Column="Title" />
                        <ColumnReference Database="[OurLabReporting]" Schema="[dbo]" Table="[Bug]" Alias="[b]" Column="Status" />
                        <ColumnReference Database="[OurLabReporting]" Schema="[dbo]" Table="[Bug]" Alias="[b]" Column="AssignedTo" />
                        <ColumnReference Database="[OurLabReporting]" Schema="[dbo]" Table="[Bug]" Alias="[b]" Column="IssueType" />
                        <ColumnReference Database="[OurLabReporting]" Schema="[dbo]" Table="[Bug]" Alias="[b]" Column="Priority" />
                        <ColumnReference Database="[OurLabReporting]" Schema="[dbo]" Table="[Bug]" Alias="[b]" Column="Severity" />
                        <ColumnReference Database="[OurLabReporting]" Schema="[dbo]" Table="[Bug]" Alias="[b]" Column="OpenedDate" />
                        <ColumnReference Database="[OurLabReporting]" Schema="[dbo]" Table="[Bug]" Alias="[b]" Column="Milestone" />
                        <ColumnReference Database="[OurLabReporting]" Schema="[dbo]" Table="[Bug]" Alias="[b]" Column="Path" />
                        <ColumnReference Database="[OurLabReporting]" Schema="[dbo]" Table="[Bug]" Alias="[b]" Column="Id" />
                        <ColumnReference Database="[OurLabReporting]" Schema="[dbo]" Table="[Bug]" Alias="[b]" Column="NumInstances" />
                        <ColumnReference Database="[OurLabReporting]" Schema="[dbo]" Table="[Bug]" Alias="[b]" Column="SubStatus" />
                        <ColumnReference Database="[OurLabReporting]" Schema="[dbo]" Table="[Bug]" Alias="[b]" Column="InMainDate" />
                        <ColumnReference Database="[OurLabReporting]" Schema="[dbo]" Table="[Bug]" Alias="[b]" Column="WatsonHitsWithDupes" />
                        <ColumnReference Table="@BranchSpecific" Alias="[bs]" Column="BranchSpecific" />
                        <ColumnReference Column="Expr1014" />
                        <ColumnReference Table="@BugStatusSort" Alias="[bss]" Column="Order" />
                        <ColumnReference Column="Expr1020" />
                        <ColumnReference Column="Expr1023" />
                        <ColumnReference Column="Expr1024" />
                        <ColumnReference Column="Expr1026" />
                        <ColumnReference Column="Expr1032" />
                      </OutputList>
                      <NestedLoops Optimized="0">
                        <Predicate>
                          <ScalarOperator ScalarString="@BugStatusSort.[Status] as [bss].[Status]=[OurLabReporting].[dbo].[Bug].[Status] as [b].[Status]">
                            <Compare CompareOp="EQ">
                              <ScalarOperator>
                                <Identifier>
                                  <ColumnReference Table="@BugStatusSort" Alias="[bss]" Column="Status" />
                                </Identifier>
                              </ScalarOperator>
                              <ScalarOperator>
                                <Identifier>
                                  <ColumnReference Database="[OurLabReporting]" Schema="[dbo]" Table="[Bug]" Alias="[b]" Column="Status" />
                                </Identifier>
                              </ScalarOperator>
                            </Compare>
                          </ScalarOperator>
                        </Predicate>
                        <RelOp NodeId="3" PhysicalOp="Nested Loops" LogicalOp="Inner Join" EstimateRows="1" EstimateIO="0" EstimateCPU="4.18e-006" AvgRowSize="6883" EstimatedTotalSubtreeCost="0.0197234" Parallel="0" EstimateRebinds="0" EstimateRewinds="0" EstimatedExecutionMode="Row">
                          <OutputList>
                            <ColumnReference Table="@PrimaryBugs" Alias="[pb]" Column="Number" />
                            <ColumnReference Table="@PrimaryBugs" Alias="[pb]" Column="BugDatabase" />
                            <ColumnReference Table="@PrimaryBugs" Alias="[pb]" Column="RunHits" />
                            <ColumnReference Table="@PrimaryBugs" Alias="[pb]" Column="PrimaryFailure" />
                            <ColumnReference Table="@PrimaryBugs" Alias="[pb]" Column="BranchSpecific" />
                            <ColumnReference Table="@PrimaryBugs" Alias="[pb]" Column="OwnerId" />
                            <ColumnReference Table="@PrimaryBugs" Alias="[pb]" Column="FamilyCount" />
                            <ColumnReference Database="[OurLabReporting]" Schema="[dbo]" Table="[Bug]" Alias="[b]" Column="Title" />
                            <ColumnReference Database="[OurLabReporting]" Schema="[dbo]" Table="[Bug]" Alias="[b]" Column="Status" />
                            <ColumnReference Database="[OurLabReporting]" Schema="[dbo]" Table="[Bug]" Alias="[b]" Column="AssignedTo" />
                            <ColumnReference Database="[OurLabReporting]" Schema="[dbo]" Table="[Bug]" Alias="[b]" Column="IssueType" />
                            <ColumnReference Database="[OurLabReporting]" Schema="[dbo]" Table="[Bug]" Alias="[b]" Column="Priority" />
                            <ColumnReference Database="[OurLabReporting]" Schema="[dbo]" Table="[Bug]" Alias="[b]" Column="Severity" />
                            <ColumnReference Database="[OurLabReporting]" Schema="[dbo]" Table="[Bug]" Alias="[b]" Column="OpenedDate" />
                            <ColumnReference Database="[OurLabReporting]" Schema="[dbo]" Table="[Bug]" Alias="[b]" Column="Milestone" />
                            <ColumnReference Database="[OurLabReporting]" Schema="[dbo]" Table="[Bug]" Alias="[b]" Column="Path" />
                            <ColumnReference Database="[OurLabReporting]" Schema="[dbo]" Table="[Bug]" Alias="[b]" Column="Id" />
                            <ColumnReference Database="[OurLabReporting]" Schema="[dbo]" Table="[Bug]" Alias="[b]" Column="NumInstances" />
                            <ColumnReference Database="[OurLabReporting]" Schema="[dbo]" Table="[Bug]" Alias="[b]" Column="SubStatus" />
                            <ColumnReference Database="[OurLabReporting]" Schema="[dbo]" Table="[Bug]" Alias="[b]" Column="InMainDate" />
                            <ColumnReference Database="[OurLabReporting]" Schema="[dbo]" Table="[Bug]" Alias="[b]" Column="WatsonHitsWithDupes" />
                            <ColumnReference Table="@BranchSpecific" Alias="[bs]" Column="BranchSpecific" />
                            <ColumnReference Column="Expr1014" />
                            <ColumnReference Column="Expr1020" />
                            <ColumnReference Column="Expr1023" />
                            <ColumnReference Column="Expr1024" />
                            <ColumnReference Column="Expr1026" />
                            <ColumnReference Column="Expr1032" />
                          </OutputList>
                          <NestedLoops Optimized="0">
                            <OuterReferences>
                              <ColumnReference Table="@PrimaryBugs" Alias="[pb]" Column="Number" />
                              <ColumnReference Table="@PrimaryBugs" Alias="[pb]" Column="BugDatabase" />
                            </OuterReferences>
                            <RelOp NodeId="4" PhysicalOp="Nested Loops" LogicalOp="Left Outer Join" EstimateRows="1" EstimateIO="0" EstimateCPU="4.18e-006" AvgRowSize="2857" EstimatedTotalSubtreeCost="0.0164339" Parallel="0" EstimateRebinds="0" EstimateRewinds="0" EstimatedExecutionMode="Row">
                              <OutputList>
                                <ColumnReference Table="@PrimaryBugs" Alias="[pb]" Column="Number" />
                                <ColumnReference Table="@PrimaryBugs" Alias="[pb]" Column="BugDatabase" />
                                <ColumnReference Table="@PrimaryBugs" Alias="[pb]" Column="RunHits" />
                                <ColumnReference Table="@PrimaryBugs" Alias="[pb]" Column="PrimaryFailure" />
                                <ColumnReference Table="@PrimaryBugs" Alias="[pb]" Column="BranchSpecific" />
                                <ColumnReference Table="@PrimaryBugs" Alias="[pb]" Column="OwnerId" />
                                <ColumnReference Table="@PrimaryBugs" Alias="[pb]" Column="FamilyCount" />
                                <ColumnReference Database="[OurLabReporting]" Schema="[dbo]" Table="[Bug]" Alias="[b]" Column="Title" />
                                <ColumnReference Database="[OurLabReporting]" Schema="[dbo]" Table="[Bug]" Alias="[b]" Column="Status" />
                                <ColumnReference Database="[OurLabReporting]" Schema="[dbo]" Table="[Bug]" Alias="[b]" Column="AssignedTo" />
                                <ColumnReference Database="[OurLabReporting]" Schema="[dbo]" Table="[Bug]" Alias="[b]" Column="IssueType" />
                                <ColumnReference Database="[OurLabReporting]" Schema="[dbo]" Table="[Bug]" Alias="[b]" Column="Priority" />
                                <ColumnReference Database="[OurLabReporting]" Schema="[dbo]" Table="[Bug]" Alias="[b]" Column="Severity" />
                                <ColumnReference Database="[OurLabReporting]" Schema="[dbo]" Table="[Bug]" Alias="[b]" Column="OpenedDate" />
                                <ColumnReference Database="[OurLabReporting]" Schema="[dbo]" Table="[Bug]" Alias="[b]" Column="Milestone" />
                                <ColumnReference Database="[OurLabReporting]" Schema="[dbo]" Table="[Bug]" Alias="[b]" Column="Path" />
                                <ColumnReference Database="[OurLabReporting]" Schema="[dbo]" Table="[Bug]" Alias="[b]" Column="Id" />
                                <ColumnReference Database="[OurLabReporting]" Schema="[dbo]" Table="[Bug]" Alias="[b]" Column="NumInstances" />
                                <ColumnReference Database="[OurLabReporting]" Schema="[dbo]" Table="[Bug]" Alias="[b]" Column="SubStatus" />
                                <ColumnReference Database="[OurLabReporting]" Schema="[dbo]" Table="[Bug]" Alias="[b]" Column="InMainDate" />
                                <ColumnReference Database="[OurLabReporting]" Schema="[dbo]" Table="[Bug]" Alias="[b]" Column="WatsonHitsWithDupes" />
                                <ColumnReference Table="@BranchSpecific" Alias="[bs]" Column="BranchSpecific" />
                                <ColumnReference Column="Expr1020" />
                                <ColumnReference Column="Expr1023" />
                                <ColumnReference Column="Expr1024" />
                                <ColumnReference Column="Expr1026" />
                                <ColumnReference Column="Expr1032" />
                              </OutputList>
                              <NestedLoops Optimized="0">
                                <Predicate>
                                  <ScalarOperator ScalarString="@BranchSpecific.[Number] as [bs].[Number]=@PrimaryBugs.[Number] as [pb].[Number] AND @BranchSpecific.[BugDatabase] as [bs].[BugDatabase]=@PrimaryBugs.[BugDatabase] as [pb].[BugDatabase]">
                                    <Logical Operation="AND">
                                      <ScalarOperator>
                                        <Compare CompareOp="EQ">
                                          <ScalarOperator>
                                            <Identifier>
                                              <ColumnReference Table="@BranchSpecific" Alias="[bs]" Column="Number" />
                                            </Identifier>
                                          </ScalarOperator>
                                          <ScalarOperator>
                                            <Identifier>
                                              <ColumnReference Table="@PrimaryBugs" Alias="[pb]" Column="Number" />
                                            </Identifier>
                                          </ScalarOperator>
                                        </Compare>
                                      </ScalarOperator>
                                      <ScalarOperator>
                                        <Compare CompareOp="EQ">
                                          <ScalarOperator>
                                            <Identifier>
                                              <ColumnReference Table="@BranchSpecific" Alias="[bs]" Column="BugDatabase" />
                                            </Identifier>
                                          </ScalarOperator>
                                          <ScalarOperator>
                                            <Identifier>
                                              <ColumnReference Table="@PrimaryBugs" Alias="[pb]" Column="BugDatabase" />
                                            </Identifier>
                                          </ScalarOperator>
                                        </Compare>
                                      </ScalarOperator>
                                    </Logical>
                                  </ScalarOperator>
                                </Predicate>
                                <RelOp NodeId="5" PhysicalOp="Compute Scalar" LogicalOp="Compute Scalar" EstimateRows="1" EstimateIO="0" EstimateCPU="1e-007" AvgRowSize="2857" EstimatedTotalSubtreeCost="0.0131459" Parallel="0" EstimateRebinds="0" EstimateRewinds="0" EstimatedExecutionMode="Row">
                                  <OutputList>
                                    <ColumnReference Table="@PrimaryBugs" Alias="[pb]" Column="Number" />
                                    <ColumnReference Table="@PrimaryBugs" Alias="[pb]" Column="BugDatabase" />
                                    <ColumnReference Table="@PrimaryBugs" Alias="[pb]" Column="RunHits" />
                                    <ColumnReference Table="@PrimaryBugs" Alias="[pb]" Column="PrimaryFailure" />
                                    <ColumnReference Table="@PrimaryBugs" Alias="[pb]" Column="BranchSpecific" />
                                    <ColumnReference Table="@PrimaryBugs" Alias="[pb]" Column="OwnerId" />
                                    <ColumnReference Table="@PrimaryBugs" Alias="[pb]" Column="FamilyCount" />
                                    <ColumnReference Database="[OurLabReporting]" Schema="[dbo]" Table="[Bug]" Alias="[b]" Column="Title" />
                                    <ColumnReference Database="[OurLabReporting]" Schema="[dbo]" Table="[Bug]" Alias="[b]" Column="Status" />
                                    <ColumnReference Database="[OurLabReporting]" Schema="[dbo]" Table="[Bug]" Alias="[b]" Column="AssignedTo" />
                                    <ColumnReference Database="[OurLabReporting]" Schema="[dbo]" Table="[Bug]" Alias="[b]" Column="IssueType" />
                                    <ColumnReference Database="[OurLabReporting]" Schema="[dbo]" Table="[Bug]" Alias="[b]" Column="Priority" />
                                    <ColumnReference Database="[OurLabReporting]" Schema="[dbo]" Table="[Bug]" Alias="[b]" Column="Severity" />
                                    <ColumnReference Database="[OurLabReporting]" Schema="[dbo]" Table="[Bug]" Alias="[b]" Column="OpenedDate" />
                                    <ColumnReference Database="[OurLabReporting]" Schema="[dbo]" Table="[Bug]" Alias="[b]" Column="Milestone" />
                                    <ColumnReference Database="[OurLabReporting]" Schema="[dbo]" Table="[Bug]" Alias="[b]" Column="Path" />
                                    <ColumnReference Database="[OurLabReporting]" Schema="[dbo]" Table="[Bug]" Alias="[b]" Column="Id" />
                                    <ColumnReference Database="[OurLabReporting]" Schema="[dbo]" Table="[Bug]" Alias="[b]" Column="NumInstances" />
                                    <ColumnReference Database="[OurLabReporting]" Schema="[dbo]" Table="[Bug]" Alias="[b]" Column="SubStatus" />
                                    <ColumnReference Database="[OurLabReporting]" Schema="[dbo]" Table="[Bug]" Alias="[b]" Column="InMainDate" />
                                    <ColumnReference Database="[OurLabReporting]" Schema="[dbo]" Table="[Bug]" Alias="[b]" Column="WatsonHitsWithDupes" />
                                    <ColumnReference Column="Expr1020" />
                                    <ColumnReference Column="Expr1023" />
                                    <ColumnReference Column="Expr1024" />
                                    <ColumnReference Column="Expr1026" />
                                    <ColumnReference Column="Expr1032" />
                                  </OutputList>
                                  <ComputeScalar>
                                    <DefinedValues>
                                      <DefinedValue>
                                        <ColumnReference Column="Expr1032" />
                                        <ScalarOperator ScalarString="CASE WHEN @Watson.[Hits] as [w].[Hits]=(0) THEN NULL ELSE @Watson.[Hits] as [w].[Hits] END">
                                          <IF>
                                            <Condition>
                                              <ScalarOperator>
                                                <Compare CompareOp="EQ">
                                                  <ScalarOperator>
                                                    <Identifier>
                                                      <ColumnReference Table="@Watson" Alias="[w]" Column="Hits" />
                                                    </Identifier>
                                                  </ScalarOperator>
                                                  <ScalarOperator>
                                                    <Const ConstValue="(0)" />
                                                  </ScalarOperator>
                                                </Compare>
                                              </ScalarOperator>
                                            </Condition>
                                            <Then>
                                              <ScalarOperator>
                                                <Const ConstValue="NULL" />
                                              </ScalarOperator>
                                            </Then>
                                            <Else>
                                              <ScalarOperator>
                                                <Identifier>
                                                  <ColumnReference Table="@Watson" Alias="[w]" Column="Hits" />
                                                </Identifier>
                                              </ScalarOperator>
                                            </Else>
                                          </IF>
                                        </ScalarOperator>
                                      </DefinedValue>
                                    </DefinedValues>
                                    <RelOp NodeId="6" PhysicalOp="Nested Loops" LogicalOp="Left Outer Join" EstimateRows="1" EstimateIO="0" EstimateCPU="4.18e-006" AvgRowSize="2857" EstimatedTotalSubtreeCost="0.0131458" Parallel="0" EstimateRebinds="0" EstimateRewinds="0" EstimatedExecutionMode="Row">
                                      <OutputList>
                                        <ColumnReference Table="@PrimaryBugs" Alias="[pb]" Column="Number" />
                                        <ColumnReference Table="@PrimaryBugs" Alias="[pb]" Column="BugDatabase" />
                                        <ColumnReference Table="@PrimaryBugs" Alias="[pb]" Column="RunHits" />
                                        <ColumnReference Table="@PrimaryBugs" Alias="[pb]" Column="PrimaryFailure" />
                                        <ColumnReference Table="@PrimaryBugs" Alias="[pb]" Column="BranchSpecific" />
                                        <ColumnReference Table="@PrimaryBugs" Alias="[pb]" Column="OwnerId" />
                                        <ColumnReference Table="@PrimaryBugs" Alias="[pb]" Column="FamilyCount" />
                                        <ColumnReference Database="[OurLabReporting]" Schema="[dbo]" Table="[Bug]" Alias="[b]" Column="Title" />
                                        <ColumnReference Database="[OurLabReporting]" Schema="[dbo]" Table="[Bug]" Alias="[b]" Column="Status" />
                                        <ColumnReference Database="[OurLabReporting]" Schema="[dbo]" Table="[Bug]" Alias="[b]" Column="AssignedTo" />
                                        <ColumnReference Database="[OurLabReporting]" Schema="[dbo]" Table="[Bug]" Alias="[b]" Column="IssueType" />
                                        <ColumnReference Database="[OurLabReporting]" Schema="[dbo]" Table="[Bug]" Alias="[b]" Column="Priority" />
                                        <ColumnReference Database="[OurLabReporting]" Schema="[dbo]" Table="[Bug]" Alias="[b]" Column="Severity" />
                                        <ColumnReference Database="[OurLabReporting]" Schema="[dbo]" Table="[Bug]" Alias="[b]" Column="OpenedDate" />
                                        <ColumnReference Database="[OurLabReporting]" Schema="[dbo]" Table="[Bug]" Alias="[b]" Column="Milestone" />
                                        <ColumnReference Database="[OurLabReporting]" Schema="[dbo]" Table="[Bug]" Alias="[b]" Column="Path" />
                                        <ColumnReference Database="[OurLabReporting]" Schema="[dbo]" Table="[Bug]" Alias="[b]" Column="Id" />
                                        <ColumnReference Database="[OurLabReporting]" Schema="[dbo]" Table="[Bug]" Alias="[b]" Column="NumInstances" />
                                        <ColumnReference Database="[OurLabReporting]" Schema="[dbo]" Table="[Bug]" Alias="[b]" Column="SubStatus" />
                                        <ColumnReference Database="[OurLabReporting]" Schema="[dbo]" Table="[Bug]" Alias="[b]" Column="InMainDate" />
                                        <ColumnReference Database="[OurLabReporting]" Schema="[dbo]" Table="[Bug]" Alias="[b]" Column="WatsonHitsWithDupes" />
                                        <ColumnReference Table="@Watson" Alias="[w]" Column="Hits" />
                                        <ColumnReference Column="Expr1020" />
                                        <ColumnReference Column="Expr1023" />
                                        <ColumnReference Column="Expr1024" />
                                        <ColumnReference Column="Expr1026" />
                                      </OutputList>
                                      <NestedLoops Optimized="0">
                                        <Predicate>
                                          <ScalarOperator ScalarString="@Watson.[Number] as [w].[Number]=@PrimaryBugs.[Number] as [pb].[Number] AND @Watson.[BugDatabase] as [w].[BugDatabase]=@PrimaryBugs.[BugDatabase] as [pb].[BugDatabase]">
                                            <Logical Operation="AND">
                                              <ScalarOperator>
                                                <Compare CompareOp="EQ">
                                                  <ScalarOperator>
                                                    <Identifier>
                                                      <ColumnReference Table="@Watson" Alias="[w]" Column="Number" />
                                                    </Identifier>
                                                  </ScalarOperator>
                                                  <ScalarOperator>
                                                    <Identifier>
                                                      <ColumnReference Table="@PrimaryBugs" Alias="[pb]" Column="Number" />
                                                    </Identifier>
                                                  </ScalarOperator>
                                                </Compare>
                                              </ScalarOperator>
                                              <ScalarOperator>
                                                <Compare CompareOp="EQ">
                                                  <ScalarOperator>
                                                    <Identifier>
                                                      <ColumnReference Table="@Watson" Alias="[w]" Column="BugDatabase" />
                                                    </Identifier>
                                                  </ScalarOperator>
                                                  <ScalarOperator>
                                                    <Identifier>
                                                      <ColumnReference Table="@PrimaryBugs" Alias="[pb]" Column="BugDatabase" />
                                                    </Identifier>
                                                  </ScalarOperator>
                                                </Compare>
                                              </ScalarOperator>
                                            </Logical>
                                          </ScalarOperator>
                                        </Predicate>
                                        <RelOp NodeId="7" PhysicalOp="Compute Scalar" LogicalOp="Compute Scalar" EstimateRows="1" EstimateIO="0" EstimateCPU="1e-007" AvgRowSize="2853" EstimatedTotalSubtreeCost="0.00985786" Parallel="0" EstimateRebinds="0" EstimateRewinds="0" EstimatedExecutionMode="Row">
                                          <OutputList>
                                            <ColumnReference Table="@PrimaryBugs" Alias="[pb]" Column="Number" />
                                            <ColumnReference Table="@PrimaryBugs" Alias="[pb]" Column="BugDatabase" />
                                            <ColumnReference Table="@PrimaryBugs" Alias="[pb]" Column="RunHits" />
                                            <ColumnReference Table="@PrimaryBugs" Alias="[pb]" Column="PrimaryFailure" />
                                            <ColumnReference Table="@PrimaryBugs" Alias="[pb]" Column="BranchSpecific" />
                                            <ColumnReference Table="@PrimaryBugs" Alias="[pb]" Column="OwnerId" />
                                            <ColumnReference Table="@PrimaryBugs" Alias="[pb]" Column="FamilyCount" />
                                            <ColumnReference Database="[OurLabReporting]" Schema="[dbo]" Table="[Bug]" Alias="[b]" Column="Title" />
                                            <ColumnReference Database="[OurLabReporting]" Schema="[dbo]" Table="[Bug]" Alias="[b]" Column="Status" />
                                            <ColumnReference Database="[OurLabReporting]" Schema="[dbo]" Table="[Bug]" Alias="[b]" Column="AssignedTo" />
                                            <ColumnReference Database="[OurLabReporting]" Schema="[dbo]" Table="[Bug]" Alias="[b]" Column="IssueType" />
                                            <ColumnReference Database="[OurLabReporting]" Schema="[dbo]" Table="[Bug]" Alias="[b]" Column="Priority" />
                                            <ColumnReference Database="[OurLabReporting]" Schema="[dbo]" Table="[Bug]" Alias="[b]" Column="Severity" />
                                            <ColumnReference Database="[OurLabReporting]" Schema="[dbo]" Table="[Bug]" Alias="[b]" Column="OpenedDate" />
                                            <ColumnReference Database="[OurLabReporting]" Schema="[dbo]" Table="[Bug]" Alias="[b]" Column="Milestone" />
                                            <ColumnReference Database="[OurLabReporting]" Schema="[dbo]" Table="[Bug]" Alias="[b]" Column="Path" />
                                            <ColumnReference Database="[OurLabReporting]" Schema="[dbo]" Table="[Bug]" Alias="[b]" Column="Id" />
                                            <ColumnReference Database="[OurLabReporting]" Schema="[dbo]" Table="[Bug]" Alias="[b]" Column="NumInstances" />
                                            <ColumnReference Database="[OurLabReporting]" Schema="[dbo]" Table="[Bug]" Alias="[b]" Column="SubStatus" />
                                            <ColumnReference Database="[OurLabReporting]" Schema="[dbo]" Table="[Bug]" Alias="[b]" Column="InMainDate" />
                                            <ColumnReference Database="[OurLabReporting]" Schema="[dbo]" Table="[Bug]" Alias="[b]" Column="WatsonHitsWithDupes" />
                                            <ColumnReference Column="Expr1020" />
                                            <ColumnReference Column="Expr1023" />
                                            <ColumnReference Column="Expr1024" />
                                            <ColumnReference Column="Expr1026" />
                                          </OutputList>
                                          <ComputeScalar>
                                            <DefinedValues>
                                              <DefinedValue>
                                                <ColumnReference Column="Expr1020" />
                                                <ScalarOperator ScalarString="isnull(isnull([OurLabReporting].[dbo].[Bug].[SubProduct] as [b].[SubProduct],[OurLabReporting].[dbo].[Bug].[ExternalPartner] as [b].[ExternalPartner]),N'')">
                                                  <Intrinsic FunctionName="isnull">
                                                    <ScalarOperator>
                                                      <Intrinsic FunctionName="isnull">
                                                        <ScalarOperator>
                                                          <Identifier>
                                                            <ColumnReference Database="[OurLabReporting]" Schema="[dbo]" Table="[Bug]" Alias="[b]" Column="SubProduct" />
                                                          </Identifier>
                                                        </ScalarOperator>
                                                        <ScalarOperator>
                                                          <Identifier>
                                                            <ColumnReference Database="[OurLabReporting]" Schema="[dbo]" Table="[Bug]" Alias="[b]" Column="ExternalPartner" />
                                                          </Identifier>
                                                        </ScalarOperator>
                                                      </Intrinsic>
                                                    </ScalarOperator>
                                                    <ScalarOperator>
                                                      <Const ConstValue="N''" />
                                                    </ScalarOperator>
                                                  </Intrinsic>
                                                </ScalarOperator>
                                              </DefinedValue>
                                              <DefinedValue>
                                                <ColumnReference Column="Expr1023" />
                                                <ScalarOperator ScalarString="CASE WHEN [OurLabReporting].[dbo].[Bug].[WatsonSelfHostHits] as [b].[WatsonSelfHostHits]=(0) THEN NULL ELSE [OurLabReporting].[dbo].[Bug].[WatsonSelfHostHits] as [b].[WatsonSelfHostHits] END">
                                                  <IF>
                                                    <Condition>
                                                      <ScalarOperator>
                                                        <Compare CompareOp="EQ">
                                                          <ScalarOperator>
                                                            <Identifier>
                                                              <ColumnReference Database="[OurLabReporting]" Schema="[dbo]" Table="[Bug]" Alias="[b]" Column="WatsonSelfHostHits" />
                                                            </Identifier>
                                                          </ScalarOperator>
                                                          <ScalarOperator>
                                                            <Const ConstValue="(0)" />
                                                          </ScalarOperator>
                                                        </Compare>
                                                      </ScalarOperator>
                                                    </Condition>
                                                    <Then>
                                                      <ScalarOperator>
                                                        <Const ConstValue="NULL" />
                                                      </ScalarOperator>
                                                    </Then>
                                                    <Else>
                                                      <ScalarOperator>
                                                        <Identifier>
                                                          <ColumnReference Database="[OurLabReporting]" Schema="[dbo]" Table="[Bug]" Alias="[b]" Column="WatsonSelfHostHits" />
                                                        </Identifier>
                                                      </ScalarOperator>
                                                    </Else>
                                                  </IF>
                                                </ScalarOperator>
                                              </DefinedValue>
                                            </DefinedValues>
                                            <RelOp NodeId="8" PhysicalOp="Nested Loops" LogicalOp="Inner Join" EstimateRows="1" EstimateIO="0" EstimateCPU="4.18e-006" AvgRowSize="2887" EstimatedTotalSubtreeCost="0.00985776" Parallel="0" EstimateRebinds="0" EstimateRewinds="0" EstimatedExecutionMode="Row">
                                              <OutputList>
                                                <ColumnReference Table="@PrimaryBugs" Alias="[pb]" Column="Number" />
                                                <ColumnReference Table="@PrimaryBugs" Alias="[pb]" Column="BugDatabase" />
                                                <ColumnReference Table="@PrimaryBugs" Alias="[pb]" Column="RunHits" />
                                                <ColumnReference Table="@PrimaryBugs" Alias="[pb]" Column="PrimaryFailure" />
                                                <ColumnReference Table="@PrimaryBugs" Alias="[pb]" Column="BranchSpecific" />
                                                <ColumnReference Table="@PrimaryBugs" Alias="[pb]" Column="OwnerId" />
                                                <ColumnReference Table="@PrimaryBugs" Alias="[pb]" Column="FamilyCount" />
                                                <ColumnReference Database="[OurLabReporting]" Schema="[dbo]" Table="[Bug]" Alias="[b]" Column="Title" />
                                                <ColumnReference Database="[OurLabReporting]" Schema="[dbo]" Table="[Bug]" Alias="[b]" Column="Status" />
                                                <ColumnReference Database="[OurLabReporting]" Schema="[dbo]" Table="[Bug]" Alias="[b]" Column="AssignedTo" />
                                                <ColumnReference Database="[OurLabReporting]" Schema="[dbo]" Table="[Bug]" Alias="[b]" Column="IssueType" />
                                                <ColumnReference Database="[OurLabReporting]" Schema="[dbo]" Table="[Bug]" Alias="[b]" Column="Priority" />
                                                <ColumnReference Database="[OurLabReporting]" Schema="[dbo]" Table="[Bug]" Alias="[b]" Column="Severity" />
                                                <ColumnReference Database="[OurLabReporting]" Schema="[dbo]" Table="[Bug]" Alias="[b]" Column="OpenedDate" />
                                                <ColumnReference Database="[OurLabReporting]" Schema="[dbo]" Table="[Bug]" Alias="[b]" Column="Milestone" />
                                                <ColumnReference Database="[OurLabReporting]" Schema="[dbo]" Table="[Bug]" Alias="[b]" Column="Path" />
                                                <ColumnReference Database="[OurLabReporting]" Schema="[dbo]" Table="[Bug]" Alias="[b]" Column="Id" />
                                                <ColumnReference Database="[OurLabReporting]" Schema="[dbo]" Table="[Bug]" Alias="[b]" Column="NumInstances" />
                                                <ColumnReference Database="[OurLabReporting]" Schema="[dbo]" Table="[Bug]" Alias="[b]" Column="SubProduct" />
                                                <ColumnReference Database="[OurLabReporting]" Schema="[dbo]" Table="[Bug]" Alias="[b]" Column="ExternalPartner" />
                                                <ColumnReference Database="[OurLabReporting]" Schema="[dbo]" Table="[Bug]" Alias="[b]" Column="SubStatus" />
                                                <ColumnReference Database="[OurLabReporting]" Schema="[dbo]" Table="[Bug]" Alias="[b]" Column="InMainDate" />
                                                <ColumnReference Database="[OurLabReporting]" Schema="[dbo]" Table="[Bug]" Alias="[b]" Column="WatsonHitsWithDupes" />
                                                <ColumnReference Database="[OurLabReporting]" Schema="[dbo]" Table="[Bug]" Alias="[b]" Column="WatsonSelfHostHits" />
                                                <ColumnReference Column="Expr1024" />
                                                <ColumnReference Column="Expr1026" />
                                              </OutputList>
                                              <NestedLoops Optimized="0">
                                                <OuterReferences>
                                                  <ColumnReference Database="[OurLabReporting]" Schema="[dbo]" Table="[Bug]" Alias="[b]" Column="Id" />
                                                </OuterReferences>
                                                <RelOp NodeId="9" PhysicalOp="Nested Loops" LogicalOp="Inner Join" EstimateRows="1" EstimateIO="0" EstimateCPU="4.18e-006" AvgRowSize="560" EstimatedTotalSubtreeCost="0.00657048" Parallel="0" EstimateRebinds="0" EstimateRewinds="0" EstimatedExecutionMode="Row">
                                                  <OutputList>
                                                    <ColumnReference Table="@PrimaryBugs" Alias="[pb]" Column="Number" />
                                                    <ColumnReference Table="@PrimaryBugs" Alias="[pb]" Column="BugDatabase" />
                                                    <ColumnReference Table="@PrimaryBugs" Alias="[pb]" Column="RunHits" />
                                                    <ColumnReference Table="@PrimaryBugs" Alias="[pb]" Column="PrimaryFailure" />
                                                    <ColumnReference Table="@PrimaryBugs" Alias="[pb]" Column="BranchSpecific" />
                                                    <ColumnReference Table="@PrimaryBugs" Alias="[pb]" Column="OwnerId" />
                                                    <ColumnReference Table="@PrimaryBugs" Alias="[pb]" Column="FamilyCount" />
                                                    <ColumnReference Database="[OurLabReporting]" Schema="[dbo]" Table="[Bug]" Alias="[b]" Column="Id" />
                                                    <ColumnReference Column="Expr1024" />
                                                    <ColumnReference Column="Expr1026" />
                                                  </OutputList>
                                                  <NestedLoops Optimized="0">
                                                    <OuterReferences>
                                                      <ColumnReference Table="@PrimaryBugs" Alias="[pb]" Column="Number" />
                                                      <ColumnReference Table="@PrimaryBugs" Alias="[pb]" Column="BugDatabase" />
                                                    </OuterReferences>
                                                    <RelOp NodeId="10" PhysicalOp="Compute Scalar" LogicalOp="Compute Scalar" EstimateRows="1" EstimateIO="0" EstimateCPU="1e-007" AvgRowSize="556" EstimatedTotalSubtreeCost="0.0032832" Parallel="0" EstimateRebinds="0" EstimateRewinds="0" EstimatedExecutionMode="Row">
                                                      <OutputList>
                                                        <ColumnReference Table="@PrimaryBugs" Alias="[pb]" Column="Number" />
                                                        <ColumnReference Table="@PrimaryBugs" Alias="[pb]" Column="BugDatabase" />
                                                        <ColumnReference Table="@PrimaryBugs" Alias="[pb]" Column="RunHits" />
                                                        <ColumnReference Table="@PrimaryBugs" Alias="[pb]" Column="PrimaryFailure" />
                                                        <ColumnReference Table="@PrimaryBugs" Alias="[pb]" Column="BranchSpecific" />
                                                        <ColumnReference Table="@PrimaryBugs" Alias="[pb]" Column="OwnerId" />
                                                        <ColumnReference Table="@PrimaryBugs" Alias="[pb]" Column="FamilyCount" />
                                                        <ColumnReference Column="Expr1024" />
                                                        <ColumnReference Column="Expr1026" />
                                                      </OutputList>
                                                      <ComputeScalar>
                                                        <DefinedValues>
                                                          <DefinedValue>
                                                            <ColumnReference Column="Expr1024" />
                                                            <ScalarOperator ScalarString="CASE WHEN @PrimaryBugs.[FailureType] as [pb].[FailureType]=N'Infrastructure' THEN N'Infrastructure' ELSE CASE WHEN @PrimaryBugs.[FailureType] as [pb].[FailureType]=N'ProductCrash' THEN N'ProductCrash' ELSE N'Other' END END">
                                                              <IF>
                                                                <Condition>
                                                                  <ScalarOperator>
                                                                    <Compare CompareOp="EQ">
                                                                      <ScalarOperator>
                                                                        <Identifier>
                                                                          <ColumnReference Table="@PrimaryBugs" Alias="[pb]" Column="FailureType" />
                                                                        </Identifier>
                                                                      </ScalarOperator>
                                                                      <ScalarOperator>
                                                                        <Const ConstValue="N'Infrastructure'" />
                                                                      </ScalarOperator>
                                                                    </Compare>
                                                                  </ScalarOperator>
                                                                </Condition>
                                                                <Then>
                                                                  <ScalarOperator>
                                                                    <Const ConstValue="N'Infrastructure'" />
                                                                  </ScalarOperator>
                                                                </Then>
                                                                <Else>
                                                                  <ScalarOperator>
                                                                    <IF>
                                                                      <Condition>
                                                                        <ScalarOperator>
                                                                          <Compare CompareOp="EQ">
                                                                            <ScalarOperator>
                                                                              <Identifier>
                                                                                <ColumnReference Table="@PrimaryBugs" Alias="[pb]" Column="FailureType" />
                                                                              </Identifier>
                                                                            </ScalarOperator>
                                                                            <ScalarOperator>
                                                                              <Const ConstValue="N'ProductCrash'" />
                                                                            </ScalarOperator>
                                                                          </Compare>
                                                                        </ScalarOperator>
                                                                      </Condition>
                                                                      <Then>
                                                                        <ScalarOperator>
                                                                          <Const ConstValue="N'ProductCrash'" />
                                                                        </ScalarOperator>
                                                                      </Then>
                                                                      <Else>
                                                                        <ScalarOperator>
                                                                          <Const ConstValue="N'Other'" />
                                                                        </ScalarOperator>
                                                                      </Else>
                                                                    </IF>
                                                                  </ScalarOperator>
                                                                </Else>
                                                              </IF>
                                                            </ScalarOperator>
                                                          </DefinedValue>
                                                          <DefinedValue>
                                                            <ColumnReference Column="Expr1026" />
                                                            <ScalarOperator ScalarString="CASE WHEN @PrimaryBugs.[FailureType] as [pb].[FailureType]=N'NonExecution' THEN NULL ELSE @PrimaryBugs.[FoundInBranch] as [pb].[FoundInBranch] END">
                                                              <IF>
                                                                <Condition>
                                                                  <ScalarOperator>
                                                                    <Compare CompareOp="EQ">
                                                                      <ScalarOperator>
                                                                        <Identifier>
                                                                          <ColumnReference Table="@PrimaryBugs" Alias="[pb]" Column="FailureType" />
                                                                        </Identifier>
                                                                      </ScalarOperator>
                                                                      <ScalarOperator>
                                                                        <Const ConstValue="N'NonExecution'" />
                                                                      </ScalarOperator>
                                                                    </Compare>
                                                                  </ScalarOperator>
                                                                </Condition>
                                                                <Then>
                                                                  <ScalarOperator>
                                                                    <Const ConstValue="NULL" />
                                                                  </ScalarOperator>
                                                                </Then>
                                                                <Else>
                                                                  <ScalarOperator>
                                                                    <Identifier>
                                                                      <ColumnReference Table="@PrimaryBugs" Alias="[pb]" Column="FoundInBranch" />
                                                                    </Identifier>
                                                                  </ScalarOperator>
                                                                </Else>
                                                              </IF>
                                                            </ScalarOperator>
                                                          </DefinedValue>
                                                        </DefinedValues>
                                                        <RelOp NodeId="11" PhysicalOp="Table Scan" LogicalOp="Table Scan" EstimateRows="1" EstimateIO="0.003125" EstimateCPU="0.0001581" AvgRowSize="642" EstimatedTotalSubtreeCost="0.0032831" TableCardinality="0" Parallel="0" EstimateRebinds="0" EstimateRewinds="0" EstimatedExecutionMode="Row">
                                                          <OutputList>
                                                            <ColumnReference Table="@PrimaryBugs" Alias="[pb]" Column="Number" />
                                                            <ColumnReference Table="@PrimaryBugs" Alias="[pb]" Column="BugDatabase" />
                                                            <ColumnReference Table="@PrimaryBugs" Alias="[pb]" Column="RunHits" />
                                                            <ColumnReference Table="@PrimaryBugs" Alias="[pb]" Column="FailureType" />
                                                            <ColumnReference Table="@PrimaryBugs" Alias="[pb]" Column="PrimaryFailure" />
                                                            <ColumnReference Table="@PrimaryBugs" Alias="[pb]" Column="BranchSpecific" />
                                                            <ColumnReference Table="@PrimaryBugs" Alias="[pb]" Column="OwnerId" />
                                                            <ColumnReference Table="@PrimaryBugs" Alias="[pb]" Column="FoundInBranch" />
                                                            <ColumnReference Table="@PrimaryBugs" Alias="[pb]" Column="FamilyCount" />
                                                          </OutputList>
                                                          <TableScan Ordered="0" ForcedIndex="0" ForceScan="0" NoExpandHint="0">
                                                            <DefinedValues>
                                                              <DefinedValue>
                                                                <ColumnReference Table="@PrimaryBugs" Alias="[pb]" Column="Number" />
                                                              </DefinedValue>
                                                              <DefinedValue>
                                                                <ColumnReference Table="@PrimaryBugs" Alias="[pb]" Column="BugDatabase" />
                                                              </DefinedValue>
                                                              <DefinedValue>
                                                                <ColumnReference Table="@PrimaryBugs" Alias="[pb]" Column="RunHits" />
                                                              </DefinedValue>
                                                              <DefinedValue>
                                                                <ColumnReference Table="@PrimaryBugs" Alias="[pb]" Column="FailureType" />
                                                              </DefinedValue>
                                                              <DefinedValue>
                                                                <ColumnReference Table="@PrimaryBugs" Alias="[pb]" Column="PrimaryFailure" />
                                                              </DefinedValue>
                                                              <DefinedValue>
                                                                <ColumnReference Table="@PrimaryBugs" Alias="[pb]" Column="BranchSpecific" />
                                                              </DefinedValue>
                                                              <DefinedValue>
                                                                <ColumnReference Table="@PrimaryBugs" Alias="[pb]" Column="OwnerId" />
                                                              </DefinedValue>
                                                              <DefinedValue>
                                                                <ColumnReference Table="@PrimaryBugs" Alias="[pb]" Column="FoundInBranch" />
                                                              </DefinedValue>
                                                              <DefinedValue>
                                                                <ColumnReference Table="@PrimaryBugs" Alias="[pb]" Column="FamilyCount" />
                                                              </DefinedValue>
                                                            </DefinedValues>
                                                            <Object Table="[@PrimaryBugs]" Alias="[pb]" />
                                                          </TableScan>
                                                        </RelOp>
                                                      </ComputeScalar>
                                                    </RelOp>
                                                    <RelOp NodeId="17" PhysicalOp="Index Seek" LogicalOp="Index Seek" EstimateRows="1" EstimateIO="0.003125" EstimateCPU="0.0001581" AvgRowSize="11" EstimatedTotalSubtreeCost="0.0032831" TableCardinality="37279" Parallel="0" EstimateRebinds="0" EstimateRewinds="0" EstimatedExecutionMode="Row">
                                                      <OutputList>
                                                        <ColumnReference Database="[OurLabReporting]" Schema="[dbo]" Table="[Bug]" Alias="[b]" Column="Id" />
                                                      </OutputList>
                                                      <IndexScan Ordered="1" ScanDirection="FORWARD" ForcedIndex="0" ForceSeek="0" ForceScan="0" NoExpandHint="0" Storage="RowStore">
                                                        <DefinedValues>
                                                          <DefinedValue>
                                                            <ColumnReference Database="[OurLabReporting]" Schema="[dbo]" Table="[Bug]" Alias="[b]" Column="Id" />
                                                          </DefinedValue>
                                                        </DefinedValues>
                                                        <Object Database="[OurLabReporting]" Schema="[dbo]" Table="[Bug]" Index="[AK_Database_Number]" Alias="[b]" IndexKind="NonClustered" />
                                                        <SeekPredicates>
                                                          <SeekPredicateNew>
                                                            <SeekKeys>
                                                              <Prefix ScanType="EQ">
                                                                <RangeColumns>
                                                                  <ColumnReference Database="[OurLabReporting]" Schema="[dbo]" Table="[Bug]" Alias="[b]" Column="DatabaseName" />
                                                                  <ColumnReference Database="[OurLabReporting]" Schema="[dbo]" Table="[Bug]" Alias="[b]" Column="Number" />
                                                                </RangeColumns>
                                                                <RangeExpressions>
                                                                  <ScalarOperator ScalarString="@PrimaryBugs.[BugDatabase] as [pb].[BugDatabase]">
                                                                    <Identifier>
                                                                      <ColumnReference Table="@PrimaryBugs" Alias="[pb]" Column="BugDatabase" />
                                                                    </Identifier>
                                                                  </ScalarOperator>
                                                                  <ScalarOperator ScalarString="@PrimaryBugs.[Number] as [pb].[Number]">
                                                                    <Identifier>
                                                                      <ColumnReference Table="@PrimaryBugs" Alias="[pb]" Column="Number" />
                                                                    </Identifier>
                                                                  </ScalarOperator>
                                                                </RangeExpressions>
                                                              </Prefix>
                                                            </SeekKeys>
                                                          </SeekPredicateNew>
                                                        </SeekPredicates>
                                                      </IndexScan>
                                                    </RelOp>
                                                  </NestedLoops>
                                                </RelOp>
                                                <RelOp NodeId="19" PhysicalOp="Clustered Index Seek" LogicalOp="Clustered Index Seek" EstimateRows="1" EstimateIO="0.003125" EstimateCPU="0.0001581" AvgRowSize="2374" EstimatedTotalSubtreeCost="0.0032831" TableCardinality="37279" Parallel="0" EstimateRebinds="0" EstimateRewinds="0" EstimatedExecutionMode="Row">
                                                  <OutputList>
                                                    <ColumnReference Database="[OurLabReporting]" Schema="[dbo]" Table="[Bug]" Alias="[b]" Column="Title" />
                                                    <ColumnReference Database="[OurLabReporting]" Schema="[dbo]" Table="[Bug]" Alias="[b]" Column="Status" />
                                                    <ColumnReference Database="[OurLabReporting]" Schema="[dbo]" Table="[Bug]" Alias="[b]" Column="AssignedTo" />
                                                    <ColumnReference Database="[OurLabReporting]" Schema="[dbo]" Table="[Bug]" Alias="[b]" Column="IssueType" />
                                                    <ColumnReference Database="[OurLabReporting]" Schema="[dbo]" Table="[Bug]" Alias="[b]" Column="Priority" />
                                                    <ColumnReference Database="[OurLabReporting]" Schema="[dbo]" Table="[Bug]" Alias="[b]" Column="Severity" />
                                                    <ColumnReference Database="[OurLabReporting]" Schema="[dbo]" Table="[Bug]" Alias="[b]" Column="OpenedDate" />
                                                    <ColumnReference Database="[OurLabReporting]" Schema="[dbo]" Table="[Bug]" Alias="[b]" Column="Milestone" />
                                                    <ColumnReference Database="[OurLabReporting]" Schema="[dbo]" Table="[Bug]" Alias="[b]" Column="Path" />
                                                    <ColumnReference Database="[OurLabReporting]" Schema="[dbo]" Table="[Bug]" Alias="[b]" Column="NumInstances" />
                                                    <ColumnReference Database="[OurLabReporting]" Schema="[dbo]" Table="[Bug]" Alias="[b]" Column="SubProduct" />
                                                    <ColumnReference Database="[OurLabReporting]" Schema="[dbo]" Table="[Bug]" Alias="[b]" Column="ExternalPartner" />
                                                    <ColumnReference Database="[OurLabReporting]" Schema="[dbo]" Table="[Bug]" Alias="[b]" Column="SubStatus" />
                                                    <ColumnReference Database="[OurLabReporting]" Schema="[dbo]" Table="[Bug]" Alias="[b]" Column="InMainDate" />
                                                    <ColumnReference Database="[OurLabReporting]" Schema="[dbo]" Table="[Bug]" Alias="[b]" Column="WatsonHitsWithDupes" />
                                                    <ColumnReference Database="[OurLabReporting]" Schema="[dbo]" Table="[Bug]" Alias="[b]" Column="WatsonSelfHostHits" />
                                                  </OutputList>
                                                  <IndexScan Lookup="1" Ordered="1" ScanDirection="FORWARD" ForcedIndex="0" ForceSeek="0" ForceScan="0" NoExpandHint="0" Storage="RowStore">
                                                    <DefinedValues>
                                                      <DefinedValue>
                                                        <ColumnReference Database="[OurLabReporting]" Schema="[dbo]" Table="[Bug]" Alias="[b]" Column="Title" />
                                                      </DefinedValue>
                                                      <DefinedValue>
                                                        <ColumnReference Database="[OurLabReporting]" Schema="[dbo]" Table="[Bug]" Alias="[b]" Column="Status" />
                                                      </DefinedValue>
                                                      <DefinedValue>
                                                        <ColumnReference Database="[OurLabReporting]" Schema="[dbo]" Table="[Bug]" Alias="[b]" Column="AssignedTo" />
                                                      </DefinedValue>
                                                      <DefinedValue>
                                                        <ColumnReference Database="[OurLabReporting]" Schema="[dbo]" Table="[Bug]" Alias="[b]" Column="IssueType" />
                                                      </DefinedValue>
                                                      <DefinedValue>
                                                        <ColumnReference Database="[OurLabReporting]" Schema="[dbo]" Table="[Bug]" Alias="[b]" Column="Priority" />
                                                      </DefinedValue>
                                                      <DefinedValue>
                                                        <ColumnReference Database="[OurLabReporting]" Schema="[dbo]" Table="[Bug]" Alias="[b]" Column="Severity" />
                                                      </DefinedValue>
                                                      <DefinedValue>
                                                        <ColumnReference Database="[OurLabReporting]" Schema="[dbo]" Table="[Bug]" Alias="[b]" Column="OpenedDate" />
                                                      </DefinedValue>
                                                      <DefinedValue>
                                                        <ColumnReference Database="[OurLabReporting]" Schema="[dbo]" Table="[Bug]" Alias="[b]" Column="Milestone" />
                                                      </DefinedValue>
                                                      <DefinedValue>
                                                        <ColumnReference Database="[OurLabReporting]" Schema="[dbo]" Table="[Bug]" Alias="[b]" Column="Path" />
                                                      </DefinedValue>
                                                      <DefinedValue>
                                                        <ColumnReference Database="[OurLabReporting]" Schema="[dbo]" Table="[Bug]" Alias="[b]" Column="NumInstances" />
                                                      </DefinedValue>
                                                      <DefinedValue>
                                                        <ColumnReference Database="[OurLabReporting]" Schema="[dbo]" Table="[Bug]" Alias="[b]" Column="SubProduct" />
                                                      </DefinedValue>
                                                      <DefinedValue>
                                                        <ColumnReference Database="[OurLabReporting]" Schema="[dbo]" Table="[Bug]" Alias="[b]" Column="ExternalPartner" />
                                                      </DefinedValue>
                                                      <DefinedValue>
                                                        <ColumnReference Database="[OurLabReporting]" Schema="[dbo]" Table="[Bug]" Alias="[b]" Column="SubStatus" />
                                                      </DefinedValue>
                                                      <DefinedValue>
                                                        <ColumnReference Database="[OurLabReporting]" Schema="[dbo]" Table="[Bug]" Alias="[b]" Column="InMainDate" />
                                                      </DefinedValue>
                                                      <DefinedValue>
                                                        <ColumnReference Database="[OurLabReporting]" Schema="[dbo]" Table="[Bug]" Alias="[b]" Column="WatsonHitsWithDupes" />
                                                      </DefinedValue>
                                                      <DefinedValue>
                                                        <ColumnReference Database="[OurLabReporting]" Schema="[dbo]" Table="[Bug]" Alias="[b]" Column="WatsonSelfHostHits" />
                                                      </DefinedValue>
                                                    </DefinedValues>
                                                    <Object Database="[OurLabReporting]" Schema="[dbo]" Table="[Bug]" Index="[Bug_PK]" Alias="[b]" TableReferenceId="-1" IndexKind="Clustered" />
                                                    <SeekPredicates>
                                                      <SeekPredicateNew>
                                                        <SeekKeys>
                                                          <Prefix ScanType="EQ">
                                                            <RangeColumns>
                                                              <ColumnReference Database="[OurLabReporting]" Schema="[dbo]" Table="[Bug]" Alias="[b]" Column="Id" />
                                                            </RangeColumns>
                                                            <RangeExpressions>
                                                              <ScalarOperator ScalarString="[OurLabReporting].[dbo].[Bug].[Id] as [b].[Id]">
                                                                <Identifier>
                                                                  <ColumnReference Database="[OurLabReporting]" Schema="[dbo]" Table="[Bug]" Alias="[b]" Column="Id" />
                                                                </Identifier>
                                                              </ScalarOperator>
                                                            </RangeExpressions>
                                                          </Prefix>
                                                        </SeekKeys>
                                                      </SeekPredicateNew>
                                                    </SeekPredicates>
                                                  </IndexScan>
                                                </RelOp>
                                              </NestedLoops>
                                            </RelOp>
                                          </ComputeScalar>
                                        </RelOp>
                                        <RelOp NodeId="58" PhysicalOp="Table Scan" LogicalOp="Table Scan" EstimateRows="1" EstimateIO="0.003125" EstimateCPU="0.0001581" AvgRowSize="269" EstimatedTotalSubtreeCost="0.0032831" TableCardinality="0" Parallel="0" EstimateRebinds="0" EstimateRewinds="0" EstimatedExecutionMode="Row">
                                          <OutputList>
                                            <ColumnReference Table="@Watson" Alias="[w]" Column="Number" />
                                            <ColumnReference Table="@Watson" Alias="[w]" Column="BugDatabase" />
                                            <ColumnReference Table="@Watson" Alias="[w]" Column="Hits" />
                                          </OutputList>
                                          <TableScan Ordered="0" ForcedIndex="0" ForceScan="0" NoExpandHint="0">
                                            <DefinedValues>
                                              <DefinedValue>
                                                <ColumnReference Table="@Watson" Alias="[w]" Column="Number" />
                                              </DefinedValue>
                                              <DefinedValue>
                                                <ColumnReference Table="@Watson" Alias="[w]" Column="BugDatabase" />
                                              </DefinedValue>
                                              <DefinedValue>
                                                <ColumnReference Table="@Watson" Alias="[w]" Column="Hits" />
                                              </DefinedValue>
                                            </DefinedValues>
                                            <Object Table="[@Watson]" Alias="[w]" />
                                          </TableScan>
                                        </RelOp>
                                      </NestedLoops>
                                    </RelOp>
                                  </ComputeScalar>
                                </RelOp>
                                <RelOp NodeId="63" PhysicalOp="Table Scan" LogicalOp="Table Scan" EstimateRows="1" EstimateIO="0.003125" EstimateCPU="0.0001581" AvgRowSize="266" EstimatedTotalSubtreeCost="0.0032831" TableCardinality="0" Parallel="0" EstimateRebinds="0" EstimateRewinds="0" EstimatedExecutionMode="Row">
                                  <OutputList>
                                    <ColumnReference Table="@BranchSpecific" Alias="[bs]" Column="Number" />
                                    <ColumnReference Table="@BranchSpecific" Alias="[bs]" Column="BugDatabase" />
                                    <ColumnReference Table="@BranchSpecific" Alias="[bs]" Column="BranchSpecific" />
                                  </OutputList>
                                  <TableScan Ordered="0" ForcedIndex="0" ForceScan="0" NoExpandHint="0">
                                    <DefinedValues>
                                      <DefinedValue>
                                        <ColumnReference Table="@BranchSpecific" Alias="[bs]" Column="Number" />
                                      </DefinedValue>
                                      <DefinedValue>
                                        <ColumnReference Table="@BranchSpecific" Alias="[bs]" Column="BugDatabase" />
                                      </DefinedValue>
                                      <DefinedValue>
                                        <ColumnReference Table="@BranchSpecific" Alias="[bs]" Column="BranchSpecific" />
                                      </DefinedValue>
                                    </DefinedValues>
                                    <Object Table="[@BranchSpecific]" Alias="[bs]" />
                                  </TableScan>
                                </RelOp>
                              </NestedLoops>
                            </RelOp>
                            <RelOp NodeId="65" PhysicalOp="UDX" LogicalOp="UDX" EstimateRows="1" EstimateIO="0" EstimateCPU="1e-006" AvgRowSize="4035" EstimatedTotalSubtreeCost="0.00328528" Parallel="0" EstimateRebinds="0" EstimateRewinds="0" EstimatedExecutionMode="Row">
                              <OutputList>
                                <ColumnReference Column="Expr1014" />
                              </OutputList>
                              <Extension UDXName="FOR XML">
                                <DefinedValues>
                                  <DefinedValue>
                                    <ColumnReference Column="Expr1014" />
                                  </DefinedValue>
                                </DefinedValues>
                                <UsedUDXColumns>
                                  <ColumnReference Table="@InputBugs" Alias="[ib]" Column="Number" />
                                  <ColumnReference Table="@InputBugs" Alias="[ib]" Column="Title" />
                                  <ColumnReference Table="@InputBugs" Alias="[ib]" Column="BugDatabase" />
                                  <ColumnReference Table="@InputBugs" Alias="[ib]" Column="Status" />
                                  <ColumnReference Table="@InputBugs" Alias="[ib]" Column="RunHits" />
                                </UsedUDXColumns>
                                <RelOp NodeId="66" PhysicalOp="Table Scan" LogicalOp="Table Scan" EstimateRows="1" EstimateIO="0.003125" EstimateCPU="0.0001581" AvgRowSize="540" EstimatedTotalSubtreeCost="0.0032831" TableCardinality="0" Parallel="0" EstimateRebinds="0" EstimateRewinds="0" EstimatedExecutionMode="Row">
                                  <OutputList>
                                    <ColumnReference Table="@InputBugs" Alias="[ib]" Column="Number" />
                                    <ColumnReference Table="@InputBugs" Alias="[ib]" Column="BugDatabase" />
                                    <ColumnReference Table="@InputBugs" Alias="[ib]" Column="Title" />
                                    <ColumnReference Table="@InputBugs" Alias="[ib]" Column="Status" />
                                    <ColumnReference Table="@InputBugs" Alias="[ib]" Column="RunHits" />
                                  </OutputList>
                                  <TableScan Ordered="0" ForcedIndex="0" ForceScan="0" NoExpandHint="0">
                                    <DefinedValues>
                                      <DefinedValue>
                                        <ColumnReference Table="@InputBugs" Alias="[ib]" Column="Number" />
                                      </DefinedValue>
                                      <DefinedValue>
                                        <ColumnReference Table="@InputBugs" Alias="[ib]" Column="BugDatabase" />
                                      </DefinedValue>
                                      <DefinedValue>
                                        <ColumnReference Table="@InputBugs" Alias="[ib]" Column="Title" />
                                      </DefinedValue>
                                      <DefinedValue>
                                        <ColumnReference Table="@InputBugs" Alias="[ib]" Column="Status" />
                                      </DefinedValue>
                                      <DefinedValue>
                                        <ColumnReference Table="@InputBugs" Alias="[ib]" Column="RunHits" />
                                      </DefinedValue>
                                    </DefinedValues>
                                    <Object Table="[@InputBugs]" Alias="[ib]" />
                                    <Predicate>
                                      <ScalarOperator ScalarString="@InputBugs.[DuplicateNumber] as [ib].[DuplicateNumber]=@PrimaryBugs.[Number] as [pb].[Number] AND @InputBugs.[DuplicateNumber] as [ib].[DuplicateNumber]&lt;&gt;@InputBugs.[Number] as [ib].[Number] AND @InputBugs.[BugDatabase] as [ib].[BugDatabase]=@PrimaryBugs.[BugDatabase] as [pb].[BugDatabase]">
                                        <Logical Operation="AND">
                                          <ScalarOperator>
                                            <Compare CompareOp="EQ">
                                              <ScalarOperator>
                                                <Identifier>
                                                  <ColumnReference Table="@InputBugs" Alias="[ib]" Column="DuplicateNumber" />
                                                </Identifier>
                                              </ScalarOperator>
                                              <ScalarOperator>
                                                <Identifier>
                                                  <ColumnReference Table="@PrimaryBugs" Alias="[pb]" Column="Number" />
                                                </Identifier>
                                              </ScalarOperator>
                                            </Compare>
                                          </ScalarOperator>
                                          <ScalarOperator>
                                            <Compare CompareOp="NE">
                                              <ScalarOperator>
                                                <Identifier>
                                                  <ColumnReference Table="@InputBugs" Alias="[ib]" Column="DuplicateNumber" />
                                                </Identifier>
                                              </ScalarOperator>
                                              <ScalarOperator>
                                                <Identifier>
                                                  <ColumnReference Table="@InputBugs" Alias="[ib]" Column="Number" />
                                                </Identifier>
                                              </ScalarOperator>
                                            </Compare>
                                          </ScalarOperator>
                                          <ScalarOperator>
                                            <Compare CompareOp="EQ">
                                              <ScalarOperator>
                                                <Identifier>
                                                  <ColumnReference Table="@InputBugs" Alias="[ib]" Column="BugDatabase" />
                                                </Identifier>
                                              </ScalarOperator>
                                              <ScalarOperator>
                                                <Identifier>
                                                  <ColumnReference Table="@PrimaryBugs" Alias="[pb]" Column="BugDatabase" />
                                                </Identifier>
                                              </ScalarOperator>
                                            </Compare>
                                          </ScalarOperator>
                                        </Logical>
                                      </ScalarOperator>
                                    </Predicate>
                                  </TableScan>
                                </RelOp>
                              </Extension>
                            </RelOp>
                          </NestedLoops>
                        </RelOp>
                        <RelOp NodeId="67" PhysicalOp="Table Scan" LogicalOp="Table Scan" EstimateRows="1" EstimateIO="0.003125" EstimateCPU="0.0001581" AvgRowSize="23" EstimatedTotalSubtreeCost="0.0032831" TableCardinality="0" Parallel="0" EstimateRebinds="0" EstimateRewinds="0" EstimatedExecutionMode="Row">
                          <OutputList>
                            <ColumnReference Table="@BugStatusSort" Alias="[bss]" Column="Status" />
                            <ColumnReference Table="@BugStatusSort" Alias="[bss]" Column="Order" />
                          </OutputList>
                          <TableScan Ordered="0" ForcedIndex="0" ForceScan="0" NoExpandHint="0">
                            <DefinedValues>
                              <DefinedValue>
                                <ColumnReference Table="@BugStatusSort" Alias="[bss]" Column="Status" />
                              </DefinedValue>
                              <DefinedValue>
                                <ColumnReference Table="@BugStatusSort" Alias="[bss]" Column="Order" />
                              </DefinedValue>
                            </DefinedValues>
                            <Object Table="[@BugStatusSort]" Alias="[bss]" />
                          </TableScan>
                        </RelOp>
                      </NestedLoops>
                    </RelOp>
                  </ComputeScalar>
                </RelOp>
              </Sort>
            </RelOp>
          </QueryPlan>
        </StmtSimple>
      </Statements>
    </Batch>
  </BatchSequence>
</ShowPlanXML>