<?xml version="1.0" encoding="utf-8"?>
<ShowPlanXML xmlns="http://schemas.microsoft.com/sqlserver/2004/07/showplan" Version="1.2" Build="11.0.3412.0">
  <BatchSequence>
    <Batch>
      <Statements>
        <StmtSimple StatementText="CREATE PROCEDURE [dbo].[Web_GetMixDetails]&#xD;&#xA;      @MixId    INT&#xD;&#xA;    , @UserName NVARCHAR (50)&#xD;&#xA;AS&#xD;&#xA;BEGIN&#xD;&#xA;&#x9;SET NOCOUNT ON;&#xD;&#xA;&#xD;&#xA;" StatementId="1" StatementCompId="2" StatementType="SET ON/OFF" RetrievedFromCache="true" />
        <StmtSimple StatementText="&#x9;declare @StatusId int&#xD;&#xA;&#xD;&#xA;&#x9;-- get failures that are not resolved&#xD;&#xA;&#x9;SET @StatusId = dbo.Function_GetStatusId('Failure', 'Resolved')&#xD;&#xA;&#xD;&#xA;   " StatementId="2" StatementCompId="3" StatementType="ASSIGN WITH QUERY" RetrievedFromCache="true" />
        <StmtSimple StatementText=" declare @BugListForMix TABLE(MixId int, BugCount int); &#xD;&#xA;&#xD;&#xA;    INSERT INTO @BugListForMix (MixId, BugCount)&#xD;&#xA;    SELECT  dbo.ResolvedTED.MixId, count(DISTINCT dbo.FailureBugMapping.BugId)&#xD;&#xA;    FROM    dbo.FailureBugMapping WITH (NOLOCK) &#xD;&#xA;&#x9;&#x9;    INNER JOIN dbo.View_PrimaryFailure AS F WITH (NOLOCK) ON dbo.FailureBugMapping.FailureId = F.Id &#xD;&#xA;&#x9;&#x9;    RIGHT OUTER JOIN dbo.ResolvedTED WITH (NOLOCK) ON F.ResolvedTEDId = dbo.ResolvedTED.Id&#xD;&#xA;&#x9;&#x9;    INNER JOIN dbo.Mix WITH (NOLOCK) on dbo.Mix.Id = dbo.ResolvedTED.MixId&#xD;&#xA;    WHERE dbo.FailureBugMapping.BugId IS NOT NULL&#x9;&#x9;&#xD;&#xA;&#x9;      and dbo.Mix.Id = @MixId &#xD;&#xA;    GROUP BY dbo.ResolvedTED.MixId;&#xD;&#xA;    &#xD;&#xA;   " StatementId="3" StatementCompId="5" StatementType="INSERT" RetrievedFromCache="true" StatementSubTreeCost="16.347" StatementEstRows="1" StatementOptmLevel="FULL" QueryHash="0x4F4DFB867978CD13" QueryPlanHash="0x7F599579D7838A31">
          <StatementSetOptions QUOTED_IDENTIFIER="true" ARITHABORT="true" CONCAT_NULL_YIELDS_NULL="true" ANSI_NULLS="true" ANSI_PADDING="true" ANSI_WARNINGS="true" NUMERIC_ROUNDABORT="false" />
          <QueryPlan NonParallelPlanReason="MaxDOPSetToOne" CachedPlanSize="72" CompileTime="127" CompileCPU="113" CompileMemory="2704">
            <MemoryGrantInfo SerialRequiredMemory="2048" SerialDesiredMemory="2688" />
            <OptimizerHardwareDependentProperties EstimatedAvailableMemoryGrant="193313" EstimatedPagesCached="773254" EstimatedAvailableDegreeOfParallelism="1" />
            <RelOp NodeId="0" PhysicalOp="Table Insert" LogicalOp="Insert" EstimateRows="1" EstimateIO="0.01" EstimateCPU="1e-006" AvgRowSize="9" EstimatedTotalSubtreeCost="16.347" Parallel="0" EstimateRebinds="0" EstimateRewinds="0" EstimatedExecutionMode="Row">
              <OutputList />
              <Update DMLRequestSort="0">
                <Object Table="[@BugListForMix]" />
                <SetPredicate>
                  <ScalarOperator ScalarString="[MixId] = [OurLabReporting].[dbo].[ResolvedTED].[MixId],[BugCount] = [Expr1018]">
                    <ScalarExpressionList>
                      <ScalarOperator>
                        <MultipleAssign>
                          <Assign>
                            <ColumnReference Column="MixId" />
                            <ScalarOperator>
                              <Identifier>
                                <ColumnReference Database="[OurLabReporting]" Schema="[dbo]" Table="[ResolvedTED]" Column="MixId" />
                              </Identifier>
                            </ScalarOperator>
                          </Assign>
                          <Assign>
                            <ColumnReference Column="BugCount" />
                            <ScalarOperator>
                              <Identifier>
                                <ColumnReference Column="Expr1018" />
                              </Identifier>
                            </ScalarOperator>
                          </Assign>
                        </MultipleAssign>
                      </ScalarOperator>
                    </ScalarExpressionList>
                  </ScalarOperator>
                </SetPredicate>
                <RelOp NodeId="1" PhysicalOp="Compute Scalar" LogicalOp="Compute Scalar" EstimateRows="1" EstimateIO="0" EstimateCPU="0.00106903" AvgRowSize="15" EstimatedTotalSubtreeCost="16.337" Parallel="0" EstimateRebinds="0" EstimateRewinds="0" EstimatedExecutionMode="Row">
                  <OutputList>
                    <ColumnReference Database="[OurLabReporting]" Schema="[dbo]" Table="[ResolvedTED]" Column="MixId" />
                    <ColumnReference Column="Expr1018" />
                  </OutputList>
                  <ComputeScalar>
                    <DefinedValues>
                      <DefinedValue>
                        <ColumnReference Column="Expr1018" />
                        <ScalarOperator ScalarString="CONVERT_IMPLICIT(int,[Expr1024],0)">
                          <Convert DataType="int" Style="0" Implicit="1">
                            <ScalarOperator>
                              <Identifier>
                                <ColumnReference Column="Expr1024" />
                              </Identifier>
                            </ScalarOperator>
                          </Convert>
                        </ScalarOperator>
                      </DefinedValue>
                    </DefinedValues>
                    <RelOp NodeId="2" PhysicalOp="Stream Aggregate" LogicalOp="Aggregate" EstimateRows="1" EstimateIO="0" EstimateCPU="0.00106903" AvgRowSize="15" EstimatedTotalSubtreeCost="16.337" Parallel="0" EstimateRebinds="0" EstimateRewinds="0" EstimatedExecutionMode="Row">
                      <OutputList>
                        <ColumnReference Database="[OurLabReporting]" Schema="[dbo]" Table="[ResolvedTED]" Column="MixId" />
                        <ColumnReference Column="Expr1024" />
                      </OutputList>
                      <StreamAggregate>
                        <DefinedValues>
                          <DefinedValue>
                            <ColumnReference Column="Expr1024" />
                            <ScalarOperator ScalarString="Count(*)">
                              <Aggregate AggType="countstar" Distinct="0" />
                            </ScalarOperator>
                          </DefinedValue>
                          <DefinedValue>
                            <ColumnReference Database="[OurLabReporting]" Schema="[dbo]" Table="[ResolvedTED]" Column="MixId" />
                            <ScalarOperator ScalarString="ANY([OurLabReporting].[dbo].[ResolvedTED].[MixId])">
                              <Aggregate Distinct="0" AggType="ANY">
                                <ScalarOperator>
                                  <Identifier>
                                    <ColumnReference Database="[OurLabReporting]" Schema="[dbo]" Table="[ResolvedTED]" Column="MixId" />
                                  </Identifier>
                                </ScalarOperator>
                              </Aggregate>
                            </ScalarOperator>
                          </DefinedValue>
                        </DefinedValues>
                        <RelOp NodeId="3" PhysicalOp="Hash Match" LogicalOp="Aggregate" EstimateRows="1780.88" EstimateIO="0" EstimateCPU="0.0516557" AvgRowSize="15" EstimatedTotalSubtreeCost="16.3359" Parallel="0" EstimateRebinds="0" EstimateRewinds="0" EstimatedExecutionMode="Row">
                          <OutputList>
                            <ColumnReference Database="[OurLabReporting]" Schema="[dbo]" Table="[FailureBugMapping]" Column="BugId" />
                            <ColumnReference Database="[OurLabReporting]" Schema="[dbo]" Table="[ResolvedTED]" Column="MixId" />
                          </OutputList>
                          <MemoryFractions Input="0.425" Output="1" />
                          <Hash>
                            <DefinedValues>
                              <DefinedValue>
                                <ColumnReference Database="[OurLabReporting]" Schema="[dbo]" Table="[ResolvedTED]" Column="MixId" />
                                <ScalarOperator ScalarString="ANY([OurLabReporting].[dbo].[ResolvedTED].[MixId])">
                                  <Aggregate Distinct="0" AggType="ANY">
                                    <ScalarOperator>
                                      <Identifier>
                                        <ColumnReference Database="[OurLabReporting]" Schema="[dbo]" Table="[ResolvedTED]" Column="MixId" />
                                      </Identifier>
                                    </ScalarOperator>
                                  </Aggregate>
                                </ScalarOperator>
                              </DefinedValue>
                            </DefinedValues>
                            <HashKeysBuild>
                              <ColumnReference Database="[OurLabReporting]" Schema="[dbo]" Table="[FailureBugMapping]" Column="BugId" />
                            </HashKeysBuild>
                            <RelOp NodeId="4" PhysicalOp="Nested Loops" LogicalOp="Inner Join" EstimateRows="2616.2" EstimateIO="0" EstimateCPU="0.0109357" AvgRowSize="15" EstimatedTotalSubtreeCost="16.2843" Parallel="0" EstimateRebinds="0" EstimateRewinds="0" EstimatedExecutionMode="Row">
                              <OutputList>
                                <ColumnReference Database="[OurLabReporting]" Schema="[dbo]" Table="[FailureBugMapping]" Column="BugId" />
                                <ColumnReference Database="[OurLabReporting]" Schema="[dbo]" Table="[ResolvedTED]" Column="MixId" />
                              </OutputList>
                              <NestedLoops Optimized="0" WithUnorderedPrefetch="1">
                                <OuterReferences>
                                  <ColumnReference Database="[OurLabReporting]" Schema="[dbo]" Table="[Failure]" Alias="[F]" Column="Id" />
                                  <ColumnReference Column="Expr1023" />
                                </OuterReferences>
                                <RelOp NodeId="6" PhysicalOp="Nested Loops" LogicalOp="Inner Join" EstimateRows="2608.03" EstimateIO="0" EstimateCPU="0.0109015" AvgRowSize="15" EstimatedTotalSubtreeCost="8.26736" Parallel="0" EstimateRebinds="0" EstimateRewinds="0" EstimatedExecutionMode="Row">
                                  <OutputList>
                                    <ColumnReference Database="[OurLabReporting]" Schema="[dbo]" Table="[Failure]" Alias="[F]" Column="Id" />
                                    <ColumnReference Database="[OurLabReporting]" Schema="[dbo]" Table="[ResolvedTED]" Column="MixId" />
                                  </OutputList>
                                  <NestedLoops Optimized="1" WithUnorderedPrefetch="1">
                                    <OuterReferences>
                                      <ColumnReference Database="[OurLabReporting]" Schema="[dbo]" Table="[Failure]" Alias="[F]" Column="TEUId" />
                                      <ColumnReference Column="Expr1022" />
                                    </OuterReferences>
                                    <RelOp NodeId="9" PhysicalOp="Nested Loops" LogicalOp="Inner Join" EstimateRows="2608.03" EstimateIO="0" EstimateCPU="0.0109015" AvgRowSize="23" EstimatedTotalSubtreeCost="0.0384376" Parallel="0" EstimateRebinds="0" EstimateRewinds="0" EstimatedExecutionMode="Row">
                                      <OutputList>
                                        <ColumnReference Database="[OurLabReporting]" Schema="[dbo]" Table="[Failure]" Alias="[F]" Column="Id" />
                                        <ColumnReference Database="[OurLabReporting]" Schema="[dbo]" Table="[Failure]" Alias="[F]" Column="TEUId" />
                                        <ColumnReference Database="[OurLabReporting]" Schema="[dbo]" Table="[ResolvedTED]" Column="MixId" />
                                      </OutputList>
                                      <NestedLoops Optimized="1">
                                        <OuterReferences>
                                          <ColumnReference Database="[OurLabReporting]" Schema="[dbo]" Table="[ResolvedTED]" Column="Id" />
                                        </OuterReferences>
                                        <RelOp NodeId="11" PhysicalOp="Nested Loops" LogicalOp="Inner Join" EstimateRows="1" EstimateIO="0" EstimateCPU="4.18e-006" AvgRowSize="15" EstimatedTotalSubtreeCost="0.00657038" Parallel="0" EstimateRebinds="0" EstimateRewinds="0" EstimatedExecutionMode="Row">
                                          <OutputList>
                                            <ColumnReference Database="[OurLabReporting]" Schema="[dbo]" Table="[ResolvedTED]" Column="Id" />
                                            <ColumnReference Database="[OurLabReporting]" Schema="[dbo]" Table="[ResolvedTED]" Column="MixId" />
                                          </OutputList>
                                          <NestedLoops Optimized="0">
                                            <RelOp NodeId="12" PhysicalOp="Clustered Index Seek" LogicalOp="Clustered Index Seek" EstimateRows="1" EstimateIO="0.003125" EstimateCPU="0.0001581" AvgRowSize="9" EstimatedTotalSubtreeCost="0.0032831" TableCardinality="1.48176e+006" Parallel="0" EstimateRebinds="0" EstimateRewinds="0" EstimatedExecutionMode="Row">
                                              <OutputList />
                                              <IndexScan Ordered="1" ScanDirection="FORWARD" ForcedIndex="0" ForceSeek="0" ForceScan="0" NoExpandHint="0" Storage="RowStore">
                                                <DefinedValues />
                                                <Object Database="[OurLabReporting]" Schema="[dbo]" Table="[Mix]" Index="[Mix_PK]" IndexKind="Clustered" />
                                                <SeekPredicates>
                                                  <SeekPredicateNew>
                                                    <SeekKeys>
                                                      <Prefix ScanType="EQ">
                                                        <RangeColumns>
                                                          <ColumnReference Database="[OurLabReporting]" Schema="[dbo]" Table="[Mix]" Column="Id" />
                                                        </RangeColumns>
                                                        <RangeExpressions>
                                                          <ScalarOperator ScalarString="[@MixId]">
                                                            <Identifier>
                                                              <ColumnReference Column="@MixId" />
                                                            </Identifier>
                                                          </ScalarOperator>
                                                        </RangeExpressions>
                                                      </Prefix>
                                                    </SeekKeys>
                                                  </SeekPredicateNew>
                                                </SeekPredicates>
                                              </IndexScan>
                                            </RelOp>
                                            <RelOp NodeId="13" PhysicalOp="Index Seek" LogicalOp="Index Seek" EstimateRows="1" EstimateIO="0.003125" EstimateCPU="0.0001581" AvgRowSize="15" EstimatedTotalSubtreeCost="0.0032831" TableCardinality="1.37084e+006" Parallel="0" EstimateRebinds="0" EstimateRewinds="0" EstimatedExecutionMode="Row">
                                              <OutputList>
                                                <ColumnReference Database="[OurLabReporting]" Schema="[dbo]" Table="[ResolvedTED]" Column="Id" />
                                                <ColumnReference Database="[OurLabReporting]" Schema="[dbo]" Table="[ResolvedTED]" Column="MixId" />
                                              </OutputList>
                                              <IndexScan Ordered="1" ScanDirection="FORWARD" ForcedIndex="0" ForceSeek="0" ForceScan="0" NoExpandHint="0" Storage="RowStore">
                                                <DefinedValues>
                                                  <DefinedValue>
                                                    <ColumnReference Database="[OurLabReporting]" Schema="[dbo]" Table="[ResolvedTED]" Column="Id" />
                                                  </DefinedValue>
                                                  <DefinedValue>
                                                    <ColumnReference Database="[OurLabReporting]" Schema="[dbo]" Table="[ResolvedTED]" Column="MixId" />
                                                  </DefinedValue>
                                                </DefinedValues>
                                                <Object Database="[OurLabReporting]" Schema="[dbo]" Table="[ResolvedTED]" Index="[ResolvedTED_IDX_MixId]" IndexKind="NonClustered" />
                                                <SeekPredicates>
                                                  <SeekPredicateNew>
                                                    <SeekKeys>
                                                      <Prefix ScanType="EQ">
                                                        <RangeColumns>
                                                          <ColumnReference Database="[OurLabReporting]" Schema="[dbo]" Table="[ResolvedTED]" Column="MixId" />
                                                        </RangeColumns>
                                                        <RangeExpressions>
                                                          <ScalarOperator ScalarString="[@MixId]">
                                                            <Identifier>
                                                              <ColumnReference Column="@MixId" />
                                                            </Identifier>
                                                          </ScalarOperator>
                                                        </RangeExpressions>
                                                      </Prefix>
                                                    </SeekKeys>
                                                  </SeekPredicateNew>
                                                </SeekPredicates>
                                              </IndexScan>
                                            </RelOp>
                                          </NestedLoops>
                                        </RelOp>
                                        <RelOp NodeId="14" PhysicalOp="Index Seek" LogicalOp="Index Seek" EstimateRows="2608.03" EstimateIO="0.0179398" EstimateCPU="0.00302583" AvgRowSize="19" EstimatedTotalSubtreeCost="0.0209656" TableCardinality="3.38966e+007" Parallel="0" EstimateRebinds="0" EstimateRewinds="0" EstimatedExecutionMode="Row">
                                          <OutputList>
                                            <ColumnReference Database="[OurLabReporting]" Schema="[dbo]" Table="[Failure]" Alias="[F]" Column="Id" />
                                            <ColumnReference Database="[OurLabReporting]" Schema="[dbo]" Table="[Failure]" Alias="[F]" Column="TEUId" />
                                          </OutputList>
                                          <IndexScan Ordered="1" ScanDirection="FORWARD" ForcedIndex="0" ForceSeek="0" ForceScan="0" NoExpandHint="0" Storage="RowStore">
                                            <DefinedValues>
                                              <DefinedValue>
                                                <ColumnReference Database="[OurLabReporting]" Schema="[dbo]" Table="[Failure]" Alias="[F]" Column="Id" />
                                              </DefinedValue>
                                              <DefinedValue>
                                                <ColumnReference Database="[OurLabReporting]" Schema="[dbo]" Table="[Failure]" Alias="[F]" Column="TEUId" />
                                              </DefinedValue>
                                            </DefinedValues>
                                            <Object Database="[OurLabReporting]" Schema="[dbo]" Table="[Failure]" Index="[Failure_IDX_ResolvedTED]" Alias="[F]" IndexKind="NonClustered" />
                                            <SeekPredicates>
                                              <SeekPredicateNew>
                                                <SeekKeys>
                                                  <Prefix ScanType="EQ">
                                                    <RangeColumns>
                                                      <ColumnReference Database="[OurLabReporting]" Schema="[dbo]" Table="[Failure]" Alias="[F]" Column="ResolvedTEDId" />
                                                    </RangeColumns>
                                                    <RangeExpressions>
                                                      <ScalarOperator ScalarString="[OurLabReporting].[dbo].[ResolvedTED].[Id]">
                                                        <Identifier>
                                                          <ColumnReference Database="[OurLabReporting]" Schema="[dbo]" Table="[ResolvedTED]" Column="Id" />
                                                        </Identifier>
                                                      </ScalarOperator>
                                                    </RangeExpressions>
                                                  </Prefix>
                                                </SeekKeys>
                                              </SeekPredicateNew>
                                            </SeekPredicates>
                                          </IndexScan>
                                        </RelOp>
                                      </NestedLoops>
                                    </RelOp>
                                    <RelOp NodeId="15" PhysicalOp="Index Seek" LogicalOp="Index Seek" EstimateRows="1" EstimateIO="0.003125" EstimateCPU="0.0001581" AvgRowSize="9" EstimatedTotalSubtreeCost="8.21677" TableCardinality="4.12024e+007" Parallel="0" EstimateRebinds="2606.93" EstimateRewinds="0.090612" EstimatedExecutionMode="Row">
                                      <OutputList />
                                      <IndexScan Ordered="1" ScanDirection="FORWARD" ForcedIndex="0" ForceSeek="0" ForceScan="0" NoExpandHint="0" Storage="RowStore">
                                        <DefinedValues />
                                        <Object Database="[OurLabReporting]" Schema="[dbo]" Table="[TEU]" Index="[Teu_IDX_Id]" IndexKind="NonClustered" />
                                        <SeekPredicates>
                                          <SeekPredicateNew>
                                            <SeekKeys>
                                              <Prefix ScanType="EQ">
                                                <RangeColumns>
                                                  <ColumnReference Database="[OurLabReporting]" Schema="[dbo]" Table="[TEU]" Column="Id" />
                                                </RangeColumns>
                                                <RangeExpressions>
                                                  <ScalarOperator ScalarString="[OurLabReporting].[dbo].[Failure].[TEUId] as [F].[TEUId]">
                                                    <Identifier>
                                                      <ColumnReference Database="[OurLabReporting]" Schema="[dbo]" Table="[Failure]" Alias="[F]" Column="TEUId" />
                                                    </Identifier>
                                                  </ScalarOperator>
                                                </RangeExpressions>
                                              </Prefix>
                                            </SeekKeys>
                                          </SeekPredicateNew>
                                        </SeekPredicates>
                                        <Predicate>
                                          <ScalarOperator ScalarString="[OurLabReporting].[dbo].[TEU].[IsRerunPrimary]=(1)">
                                            <Compare CompareOp="EQ">
                                              <ScalarOperator>
                                                <Identifier>
                                                  <ColumnReference Database="[OurLabReporting]" Schema="[dbo]" Table="[TEU]" Column="IsRerunPrimary" />
                                                </Identifier>
                                              </ScalarOperator>
                                              <ScalarOperator>
                                                <Const ConstValue="(1)" />
                                              </ScalarOperator>
                                            </Compare>
                                          </ScalarOperator>
                                        </Predicate>
                                      </IndexScan>
                                    </RelOp>
                                  </NestedLoops>
                                </RelOp>
                                <RelOp NodeId="16" PhysicalOp="Index Seek" LogicalOp="Index Seek" EstimateRows="1.00314" EstimateIO="0.003125" EstimateCPU="0.000158103" AvgRowSize="11" EstimatedTotalSubtreeCost="8.006" TableCardinality="5.01329e+006" Parallel="0" EstimateRebinds="2607.02" EstimateRewinds="0.00170372" EstimatedExecutionMode="Row">
                                  <OutputList>
                                    <ColumnReference Database="[OurLabReporting]" Schema="[dbo]" Table="[FailureBugMapping]" Column="BugId" />
                                  </OutputList>
                                  <IndexScan Ordered="1" ScanDirection="FORWARD" ForcedIndex="0" ForceSeek="0" ForceScan="0" NoExpandHint="0" Storage="RowStore">
                                    <DefinedValues>
                                      <DefinedValue>
                                        <ColumnReference Database="[OurLabReporting]" Schema="[dbo]" Table="[FailureBugMapping]" Column="BugId" />
                                      </DefinedValue>
                                    </DefinedValues>
                                    <Object Database="[OurLabReporting]" Schema="[dbo]" Table="[FailureBugMapping]" Index="[FailureBugMapping_IDX_Failure]" IndexKind="NonClustered" />
                                    <SeekPredicates>
                                      <SeekPredicateNew>
                                        <SeekKeys>
                                          <Prefix ScanType="EQ">
                                            <RangeColumns>
                                              <ColumnReference Database="[OurLabReporting]" Schema="[dbo]" Table="[FailureBugMapping]" Column="FailureId" />
                                            </RangeColumns>
                                            <RangeExpressions>
                                              <ScalarOperator ScalarString="[OurLabReporting].[dbo].[Failure].[Id] as [F].[Id]">
                                                <Identifier>
                                                  <ColumnReference Database="[OurLabReporting]" Schema="[dbo]" Table="[Failure]" Alias="[F]" Column="Id" />
                                                </Identifier>
                                              </ScalarOperator>
                                            </RangeExpressions>
                                          </Prefix>
                                        </SeekKeys>
                                      </SeekPredicateNew>
                                    </SeekPredicates>
                                  </IndexScan>
                                </RelOp>
                              </NestedLoops>
                            </RelOp>
                          </Hash>
                        </RelOp>
                      </StreamAggregate>
                    </RelOp>
                  </ComputeScalar>
                </RelOp>
              </Update>
            </RelOp>
            <ParameterList>
              <ColumnReference Column="@MixId" ParameterCompiledValue="(1482441)" />
            </ParameterList>
          </QueryPlan>
        </StmtSimple>
        <StmtSimple StatementText=" SELECT a.*,&#xD;&#xA;    ISNULL(TotalFailures,0) as TotalFailureCount,&#xD;&#xA;    ISNULL(Failures,0) as UnResolvedFailureCount,&#xD;&#xA;    ISNULL(BugsByMix.BugCount,0) as BugCount,&#xD;&#xA;    ISNULL(MyFailures,0) as MyUnResolvedFailureCount&#xD;&#xA;    FROM&#xD;&#xA;    (&#xD;&#xA;        SELECT mix.Id as MixId, mix.PackageName, mix.ContextName, mix.EffectiveContextName, mix.StartDate, mix.EndDate, mix.ScheduleId, &#xD;&#xA;&#x9;          bf.Sku, bv.FullBuildNumber, st.[Status], bf.Architecture + bf.Type AS Flavor, &#xD;&#xA;&#x9;          bf.Language + '-' + bf.Culture AS LanguageCulture, TEUCount.TotalTEUs, &#xD;&#xA;&#x9;          TEUCount.TEUsFailed AS FailedTEUs, TEUCount.TEUsNotScheduled AS NotScheduledTEUs, &#xD;&#xA;&#x9;          TEUCount.TEUsCompleted AS CompletedTEUs, TEUCount.PassTotal, &#xD;&#xA;&#x9;          TEUCount.FailTotal, TEUCount.WarnTotal, TEUCount.SkipTotal as SkippedTotal, &#xD;&#xA;&#x9;          TEUCount.BlockTotal as BlockedTotal, &#xD;&#xA;&#x9;          TEUCount.Total, &#xD;&#xA;&#x9;          TEUCount.WarnTotal + TEUCount.SkipTotal + TEUCount.BlockTotal AS WarnSkippedBlockedCount,&#xD;&#xA;&#x9;           mix.EffectivePackageName,&#xD;&#xA;&#x9;           mix.Comments, mix.RunLogDirectory, &#xD;&#xA;               I.[Platform]&#xD;&#xA;               ,I.BSP&#xD;&#xA;               ,I.Firmware&#xD;&#xA;        FROM  dbo.Mix AS mix WITH (NOLOCK) LEFT OUTER JOIN&#xD;&#xA;&#x9;          dbo.BuildFlavor AS bf WITH (NOLOCK) ON mix.BuildFlavorId = bf.Id LEFT OUTER JOIN&#xD;&#xA;&#x9;          dbo.BuildVersion AS bv WITH (NOLOCK) ON bv.Id = bf.BuildVersionId INNER JOIN&#xD;&#xA;&#x9;          dbo.[Status] AS st WITH (NOLOCK) ON mix.StatusId = st.Id INNER JOIN&#xD;&#xA;&#x9;          dbo.Schedule AS sch WITH (NOLOCK) ON mix.ScheduleId = sch.Id LEFT OUTER JOIN&#xD;&#xA;&#x9;          dbo.View_TEUAndTCCountsByMix AS TEUCount WITH (NOLOCK) ON Mix.Id = TEUCount.MixId &#xD;&#xA;              LEFT JOIN dbo.View_ImageInfo AS I WITH (NOLOCK) ON Mix.ImageId = I.ImageId&#xD;&#xA;        WHERE mix.Id = @MixId                          &#xD;&#xA;    ) a      &#xD;&#xA;    left join (select mix.Id as mixid, count(DISTINCT F.Id) as TotalFailures&#xD;&#xA;&#x9;&#x9;&#x9;          from dbo.View_PrimaryFailure AS F WITH (NOLOCK) &#xD;&#xA;&#x9;&#x9;&#x9;          inner join dbo.ResolvedTED  WITH (NOLOCK) on ResolvedTED.Id = F.ResolvedTEDId &#xD;&#xA;                      inner join dbo.Mix  WITH (NOLOCK) on Mix.Id = resolvedted.mixid &#xD;&#xA;&#x9;&#x9;&#x9;          group by Mix.Id&#xD;&#xA;&#x9;&#x9;&#x9;          ) TotalFailuresByMix on TotalFailuresByMix.MixId=a.MixId&#xD;&#xA;    left join (select mix.Id as mixid, count(DISTINCT F.Id) as Failures&#xD;&#xA;&#x9;&#x9;&#x9;          from dbo.View_PrimaryFailure AS F  WITH (NOLOCK) &#xD;&#xA;&#x9;&#x9;&#x9;          inner join dbo.ResolvedTED  WITH (NOLOCK) on ResolvedTED.Id = F.ResolvedTEDId &#xD;&#xA;                      inner join dbo.Mix  WITH (NOLOCK) on Mix.Id = resolvedted.mixid &#xD;&#xA;&#x9;&#x9;&#x9;          where F.StatusId != @StatusId &#xD;&#xA;&#x9;&#x9;&#x9;          group by Mix.Id&#xD;&#xA;&#x9;&#x9;&#x9;          ) FailuresByMix on FailuresByMix.MixId=a.MixId&#xD;&#xA;    left join (select mix.Id as mixid, count(DISTINCT F.Id) as MyFailures&#xD;&#xA;&#x9;&#x9;&#x9;          from dbo.View_PrimaryFailure AS F WITH (NOLOCK) &#xD;&#xA;&#x9;&#x9;&#x9;          inner join dbo.ResolvedTED  WITH (NOLOCK) on ResolvedTED.Id = F.ResolvedTEDId &#xD;&#xA;                 inner join dbo.Mix  WITH (NOLOCK) on Mix.Id = resolvedted.mixid&#xD;&#xA;&#x9;&#x9;&#x9;          where F.StatusId != @StatusId  &#xD;&#xA;&#x9;&#x9;&#x9;          and assignedTo= @UserName  &#xD;&#xA;&#x9;&#x9;&#x9;          group by Mix.Id &#xD;&#xA;&#x9;&#x9;&#x9;          ) FailuresByMix2 on FailuresByMix2.MixId=a.MixId&#xD;&#xA;    left join @BugListForMix As BugsByMix on BugsByMix.MixId=a.MixId  &#xD;&#xA;    ORDER BY a.EffectivePackageName ASC, a.EffectiveContextName, a.StartDate ASC&#xD;&#xA;&#xD;" StatementId="4" StatementCompId="6" StatementType="SELECT" RetrievedFromCache="true" StatementSubTreeCost="16.6093" StatementEstRows="1" StatementOptmLevel="FULL" QueryHash="0xF2C42E53225116AB" QueryPlanHash="0xC2F1343DF56B6E94">
          <StatementSetOptions QUOTED_IDENTIFIER="true" ARITHABORT="true" CONCAT_NULL_YIELDS_NULL="true" ANSI_NULLS="true" ANSI_PADDING="true" ANSI_WARNINGS="true" NUMERIC_ROUNDABORT="false" />
          <QueryPlan NonParallelPlanReason="MaxDOPSetToOne" CachedPlanSize="256" CompileTime="242" CompileCPU="240" CompileMemory="7544">
            <MemoryGrantInfo SerialRequiredMemory="2064" SerialDesiredMemory="2776" />
            <OptimizerHardwareDependentProperties EstimatedAvailableMemoryGrant="193313" EstimatedPagesCached="773254" EstimatedAvailableDegreeOfParallelism="1" />
            <RelOp NodeId="0" PhysicalOp="Compute Scalar" LogicalOp="Compute Scalar" EstimateRows="1" EstimateIO="0" EstimateCPU="1e-007" AvgRowSize="2768" EstimatedTotalSubtreeCost="16.6093" Parallel="0" EstimateRebinds="0" EstimateRewinds="0" EstimatedExecutionMode="Row">
              <OutputList>
                <ColumnReference Database="[OurLabReporting]" Schema="[dbo]" Table="[Mix]" Alias="[mix]" Column="Id" />
                <ColumnReference Database="[OurLabReporting]" Schema="[dbo]" Table="[Mix]" Alias="[mix]" Column="ScheduleId" />
                <ColumnReference Database="[OurLabReporting]" Schema="[dbo]" Table="[Mix]" Alias="[mix]" Column="StartDate" />
                <ColumnReference Database="[OurLabReporting]" Schema="[dbo]" Table="[Mix]" Alias="[mix]" Column="EndDate" />
                <ColumnReference Database="[OurLabReporting]" Schema="[dbo]" Table="[Mix]" Alias="[mix]" Column="EffectiveContextName" />
                <ColumnReference Database="[OurLabReporting]" Schema="[dbo]" Table="[Mix]" Alias="[mix]" Column="EffectivePackageName" />
                <ColumnReference Database="[OurLabReporting]" Schema="[dbo]" Table="[Mix]" Alias="[mix]" Column="PackageName" />
                <ColumnReference Database="[OurLabReporting]" Schema="[dbo]" Table="[Mix]" Alias="[mix]" Column="ContextName" />
                <ColumnReference Database="[OurLabReporting]" Schema="[dbo]" Table="[Mix]" Alias="[mix]" Column="RunLogDirectory" />
                <ColumnReference Database="[OurLabReporting]" Schema="[dbo]" Table="[Mix]" Alias="[mix]" Column="Comments" />
                <ColumnReference Database="[OurLabReporting]" Schema="[dbo]" Table="[BuildFlavor]" Alias="[bf]" Column="Sku" />
                <ColumnReference Database="[OurLabReporting]" Schema="[dbo]" Table="[BuildVersion]" Alias="[bv]" Column="FullBuildNumber" />
                <ColumnReference Database="[OurLabReporting]" Schema="[dbo]" Table="[Status]" Alias="[st]" Column="Status" />
                <ColumnReference Column="Expr1014" />
                <ColumnReference Column="Expr1016" />
                <ColumnReference Column="Expr1017" />
                <ColumnReference Column="Expr1020" />
                <ColumnReference Column="Expr1021" />
                <ColumnReference Column="Expr1022" />
                <ColumnReference Column="Expr1023" />
                <ColumnReference Column="Expr1024" />
                <ColumnReference Column="Expr1025" />
                <ColumnReference Column="Expr1026" />
                <ColumnReference Database="[OurLabReporting]" Schema="[dbo]" Table="[PlatformBspFirmware]" Alias="[F]" Column="Name" />
                <ColumnReference Database="[OurLabReporting]" Schema="[dbo]" Table="[PlatformBsp]" Alias="[BSP]" Column="Name" />
                <ColumnReference Database="[OurLabReporting]" Schema="[dbo]" Table="[Platform]" Alias="[P]" Column="Name" />
                <ColumnReference Column="Expr1037" />
                <ColumnReference Column="Expr1038" />
                <ColumnReference Column="Expr1039" />
                <ColumnReference Column="Expr1085" />
                <ColumnReference Column="Expr1086" />
                <ColumnReference Column="Expr1087" />
                <ColumnReference Column="Expr1088" />
              </OutputList>
              <ComputeScalar>
                <DefinedValues>
                  <DefinedValue>
                    <ColumnReference Column="Expr1039" />
                    <ScalarOperator ScalarString="[Expr1023]+[Expr1024]+[Expr1025]">
                      <Arithmetic Operation="ADD">
                        <ScalarOperator>
                          <Arithmetic Operation="ADD">
                            <ScalarOperator>
                              <Identifier>
                                <ColumnReference Column="Expr1023" />
                              </Identifier>
                            </ScalarOperator>
                            <ScalarOperator>
                              <Identifier>
                                <ColumnReference Column="Expr1024" />
                              </Identifier>
                            </ScalarOperator>
                          </Arithmetic>
                        </ScalarOperator>
                        <ScalarOperator>
                          <Identifier>
                            <ColumnReference Column="Expr1025" />
                          </Identifier>
                        </ScalarOperator>
                      </Arithmetic>
                    </ScalarOperator>
                  </DefinedValue>
                  <DefinedValue>
                    <ColumnReference Column="Expr1085" />
                    <ScalarOperator ScalarString="isnull([Expr1053],(0))">
                      <Intrinsic FunctionName="isnull">
                        <ScalarOperator>
                          <Identifier>
                            <ColumnReference Column="Expr1053" />
                          </Identifier>
                        </ScalarOperator>
                        <ScalarOperator>
                          <Const ConstValue="(0)" />
                        </ScalarOperator>
                      </Intrinsic>
                    </ScalarOperator>
                  </DefinedValue>
                  <DefinedValue>
                    <ColumnReference Column="Expr1086" />
                    <ScalarOperator ScalarString="isnull([Expr1067],(0))">
                      <Intrinsic FunctionName="isnull">
                        <ScalarOperator>
                          <Identifier>
                            <ColumnReference Column="Expr1067" />
                          </Identifier>
                        </ScalarOperator>
                        <ScalarOperator>
                          <Const ConstValue="(0)" />
                        </ScalarOperator>
                      </Intrinsic>
                    </ScalarOperator>
                  </DefinedValue>
                  <DefinedValue>
                    <ColumnReference Column="Expr1087" />
                    <ScalarOperator ScalarString="isnull(@BugListForMix.[BugCount] as [BugsByMix].[BugCount],(0))">
                      <Intrinsic FunctionName="isnull">
                        <ScalarOperator>
                          <Identifier>
                            <ColumnReference Table="@BugListForMix" Alias="[BugsByMix]" Column="BugCount" />
                          </Identifier>
                        </ScalarOperator>
                        <ScalarOperator>
                          <Const ConstValue="(0)" />
                        </ScalarOperator>
                      </Intrinsic>
                    </ScalarOperator>
                  </DefinedValue>
                  <DefinedValue>
                    <ColumnReference Column="Expr1088" />
                    <ScalarOperator ScalarString="isnull([Expr1081],(0))">
                      <Intrinsic FunctionName="isnull">
                        <ScalarOperator>
                          <Identifier>
                            <ColumnReference Column="Expr1081" />
                          </Identifier>
                        </ScalarOperator>
                        <ScalarOperator>
                          <Const ConstValue="(0)" />
                        </ScalarOperator>
                      </Intrinsic>
                    </ScalarOperator>
                  </DefinedValue>
                </DefinedValues>
                <RelOp NodeId="1" PhysicalOp="Nested Loops" LogicalOp="Left Outer Join" EstimateRows="1" EstimateIO="0" EstimateCPU="4.18e-006" AvgRowSize="2763" EstimatedTotalSubtreeCost="16.6093" Parallel="0" EstimateRebinds="0" EstimateRewinds="0" EstimatedExecutionMode="Row">
                  <OutputList>
                    <ColumnReference Database="[OurLabReporting]" Schema="[dbo]" Table="[Mix]" Alias="[mix]" Column="Id" />
                    <ColumnReference Database="[OurLabReporting]" Schema="[dbo]" Table="[Mix]" Alias="[mix]" Column="ScheduleId" />
                    <ColumnReference Database="[OurLabReporting]" Schema="[dbo]" Table="[Mix]" Alias="[mix]" Column="StartDate" />
                    <ColumnReference Database="[OurLabReporting]" Schema="[dbo]" Table="[Mix]" Alias="[mix]" Column="EndDate" />
                    <ColumnReference Database="[OurLabReporting]" Schema="[dbo]" Table="[Mix]" Alias="[mix]" Column="EffectiveContextName" />
                    <ColumnReference Database="[OurLabReporting]" Schema="[dbo]" Table="[Mix]" Alias="[mix]" Column="EffectivePackageName" />
                    <ColumnReference Database="[OurLabReporting]" Schema="[dbo]" Table="[Mix]" Alias="[mix]" Column="PackageName" />
                    <ColumnReference Database="[OurLabReporting]" Schema="[dbo]" Table="[Mix]" Alias="[mix]" Column="ContextName" />
                    <ColumnReference Database="[OurLabReporting]" Schema="[dbo]" Table="[Mix]" Alias="[mix]" Column="RunLogDirectory" />
                    <ColumnReference Database="[OurLabReporting]" Schema="[dbo]" Table="[Mix]" Alias="[mix]" Column="Comments" />
                    <ColumnReference Database="[OurLabReporting]" Schema="[dbo]" Table="[BuildFlavor]" Alias="[bf]" Column="Sku" />
                    <ColumnReference Database="[OurLabReporting]" Schema="[dbo]" Table="[BuildVersion]" Alias="[bv]" Column="FullBuildNumber" />
                    <ColumnReference Database="[OurLabReporting]" Schema="[dbo]" Table="[Status]" Alias="[st]" Column="Status" />
                    <ColumnReference Column="Expr1014" />
                    <ColumnReference Column="Expr1016" />
                    <ColumnReference Column="Expr1017" />
                    <ColumnReference Column="Expr1020" />
                    <ColumnReference Column="Expr1021" />
                    <ColumnReference Column="Expr1022" />
                    <ColumnReference Column="Expr1023" />
                    <ColumnReference Column="Expr1024" />
                    <ColumnReference Column="Expr1025" />
                    <ColumnReference Column="Expr1026" />
                    <ColumnReference Database="[OurLabReporting]" Schema="[dbo]" Table="[PlatformBspFirmware]" Alias="[F]" Column="Name" />
                    <ColumnReference Database="[OurLabReporting]" Schema="[dbo]" Table="[PlatformBsp]" Alias="[BSP]" Column="Name" />
                    <ColumnReference Database="[OurLabReporting]" Schema="[dbo]" Table="[Platform]" Alias="[P]" Column="Name" />
                    <ColumnReference Column="Expr1037" />
                    <ColumnReference Column="Expr1038" />
                    <ColumnReference Column="Expr1053" />
                    <ColumnReference Column="Expr1067" />
                    <ColumnReference Column="Expr1081" />
                    <ColumnReference Table="@BugListForMix" Alias="[BugsByMix]" Column="BugCount" />
                  </OutputList>
                  <NestedLoops Optimized="0">
                    <RelOp NodeId="2" PhysicalOp="Nested Loops" LogicalOp="Left Outer Join" EstimateRows="1" EstimateIO="0" EstimateCPU="4.18e-006" AvgRowSize="2759" EstimatedTotalSubtreeCost="16.606" Parallel="0" EstimateRebinds="0" EstimateRewinds="0" EstimatedExecutionMode="Row">
                      <OutputList>
                        <ColumnReference Database="[OurLabReporting]" Schema="[dbo]" Table="[Mix]" Alias="[mix]" Column="Id" />
                        <ColumnReference Database="[OurLabReporting]" Schema="[dbo]" Table="[Mix]" Alias="[mix]" Column="ScheduleId" />
                        <ColumnReference Database="[OurLabReporting]" Schema="[dbo]" Table="[Mix]" Alias="[mix]" Column="StartDate" />
                        <ColumnReference Database="[OurLabReporting]" Schema="[dbo]" Table="[Mix]" Alias="[mix]" Column="EndDate" />
                        <ColumnReference Database="[OurLabReporting]" Schema="[dbo]" Table="[Mix]" Alias="[mix]" Column="EffectiveContextName" />
                        <ColumnReference Database="[OurLabReporting]" Schema="[dbo]" Table="[Mix]" Alias="[mix]" Column="EffectivePackageName" />
                        <ColumnReference Database="[OurLabReporting]" Schema="[dbo]" Table="[Mix]" Alias="[mix]" Column="PackageName" />
                        <ColumnReference Database="[OurLabReporting]" Schema="[dbo]" Table="[Mix]" Alias="[mix]" Column="ContextName" />
                        <ColumnReference Database="[OurLabReporting]" Schema="[dbo]" Table="[Mix]" Alias="[mix]" Column="RunLogDirectory" />
                        <ColumnReference Database="[OurLabReporting]" Schema="[dbo]" Table="[Mix]" Alias="[mix]" Column="Comments" />
                        <ColumnReference Database="[OurLabReporting]" Schema="[dbo]" Table="[BuildFlavor]" Alias="[bf]" Column="Sku" />
                        <ColumnReference Database="[OurLabReporting]" Schema="[dbo]" Table="[BuildVersion]" Alias="[bv]" Column="FullBuildNumber" />
                        <ColumnReference Database="[OurLabReporting]" Schema="[dbo]" Table="[Status]" Alias="[st]" Column="Status" />
                        <ColumnReference Column="Expr1014" />
                        <ColumnReference Column="Expr1016" />
                        <ColumnReference Column="Expr1017" />
                        <ColumnReference Column="Expr1020" />
                        <ColumnReference Column="Expr1021" />
                        <ColumnReference Column="Expr1022" />
                        <ColumnReference Column="Expr1023" />
                        <ColumnReference Column="Expr1024" />
                        <ColumnReference Column="Expr1025" />
                        <ColumnReference Column="Expr1026" />
                        <ColumnReference Database="[OurLabReporting]" Schema="[dbo]" Table="[PlatformBspFirmware]" Alias="[F]" Column="Name" />
                        <ColumnReference Database="[OurLabReporting]" Schema="[dbo]" Table="[PlatformBsp]" Alias="[BSP]" Column="Name" />
                        <ColumnReference Database="[OurLabReporting]" Schema="[dbo]" Table="[Platform]" Alias="[P]" Column="Name" />
                        <ColumnReference Column="Expr1037" />
                        <ColumnReference Column="Expr1038" />
                        <ColumnReference Column="Expr1053" />
                        <ColumnReference Column="Expr1067" />
                        <ColumnReference Column="Expr1081" />
                      </OutputList>
                      <NestedLoops Optimized="0">
                        <RelOp NodeId="3" PhysicalOp="Nested Loops" LogicalOp="Left Outer Join" EstimateRows="1" EstimateIO="0" EstimateCPU="4.18e-006" AvgRowSize="2755" EstimatedTotalSubtreeCost="16.5753" Parallel="0" EstimateRebinds="0" EstimateRewinds="0" EstimatedExecutionMode="Row">
                          <OutputList>
                            <ColumnReference Database="[OurLabReporting]" Schema="[dbo]" Table="[Mix]" Alias="[mix]" Column="Id" />
                            <ColumnReference Database="[OurLabReporting]" Schema="[dbo]" Table="[Mix]" Alias="[mix]" Column="ScheduleId" />
                            <ColumnReference Database="[OurLabReporting]" Schema="[dbo]" Table="[Mix]" Alias="[mix]" Column="StartDate" />
                            <ColumnReference Database="[OurLabReporting]" Schema="[dbo]" Table="[Mix]" Alias="[mix]" Column="EndDate" />
                            <ColumnReference Database="[OurLabReporting]" Schema="[dbo]" Table="[Mix]" Alias="[mix]" Column="EffectiveContextName" />
                            <ColumnReference Database="[OurLabReporting]" Schema="[dbo]" Table="[Mix]" Alias="[mix]" Column="EffectivePackageName" />
                            <ColumnReference Database="[OurLabReporting]" Schema="[dbo]" Table="[Mix]" Alias="[mix]" Column="PackageName" />
                            <ColumnReference Database="[OurLabReporting]" Schema="[dbo]" Table="[Mix]" Alias="[mix]" Column="ContextName" />
                            <ColumnReference Database="[OurLabReporting]" Schema="[dbo]" Table="[Mix]" Alias="[mix]" Column="RunLogDirectory" />
                            <ColumnReference Database="[OurLabReporting]" Schema="[dbo]" Table="[Mix]" Alias="[mix]" Column="Comments" />
                            <ColumnReference Database="[OurLabReporting]" Schema="[dbo]" Table="[BuildFlavor]" Alias="[bf]" Column="Sku" />
                            <ColumnReference Database="[OurLabReporting]" Schema="[dbo]" Table="[BuildVersion]" Alias="[bv]" Column="FullBuildNumber" />
                            <ColumnReference Database="[OurLabReporting]" Schema="[dbo]" Table="[Status]" Alias="[st]" Column="Status" />
                            <ColumnReference Column="Expr1014" />
                            <ColumnReference Column="Expr1016" />
                            <ColumnReference Column="Expr1017" />
                            <ColumnReference Column="Expr1020" />
                            <ColumnReference Column="Expr1021" />
                            <ColumnReference Column="Expr1022" />
                            <ColumnReference Column="Expr1023" />
                            <ColumnReference Column="Expr1024" />
                            <ColumnReference Column="Expr1025" />
                            <ColumnReference Column="Expr1026" />
                            <ColumnReference Database="[OurLabReporting]" Schema="[dbo]" Table="[PlatformBspFirmware]" Alias="[F]" Column="Name" />
                            <ColumnReference Database="[OurLabReporting]" Schema="[dbo]" Table="[PlatformBsp]" Alias="[BSP]" Column="Name" />
                            <ColumnReference Database="[OurLabReporting]" Schema="[dbo]" Table="[Platform]" Alias="[P]" Column="Name" />
                            <ColumnReference Column="Expr1037" />
                            <ColumnReference Column="Expr1038" />
                            <ColumnReference Column="Expr1053" />
                            <ColumnReference Column="Expr1067" />
                          </OutputList>
                          <NestedLoops Optimized="0">
                            <RelOp NodeId="4" PhysicalOp="Nested Loops" LogicalOp="Left Outer Join" EstimateRows="1" EstimateIO="0" EstimateCPU="4.18e-006" AvgRowSize="2751" EstimatedTotalSubtreeCost="8.30509" Parallel="0" EstimateRebinds="0" EstimateRewinds="0" EstimatedExecutionMode="Row">
                              <OutputList>
                                <ColumnReference Database="[OurLabReporting]" Schema="[dbo]" Table="[Mix]" Alias="[mix]" Column="Id" />
                                <ColumnReference Database="[OurLabReporting]" Schema="[dbo]" Table="[Mix]" Alias="[mix]" Column="ScheduleId" />
                                <ColumnReference Database="[OurLabReporting]" Schema="[dbo]" Table="[Mix]" Alias="[mix]" Column="StartDate" />
                                <ColumnReference Database="[OurLabReporting]" Schema="[dbo]" Table="[Mix]" Alias="[mix]" Column="EndDate" />
                                <ColumnReference Database="[OurLabReporting]" Schema="[dbo]" Table="[Mix]" Alias="[mix]" Column="EffectiveContextName" />
                                <ColumnReference Database="[OurLabReporting]" Schema="[dbo]" Table="[Mix]" Alias="[mix]" Column="EffectivePackageName" />
                                <ColumnReference Database="[OurLabReporting]" Schema="[dbo]" Table="[Mix]" Alias="[mix]" Column="PackageName" />
                                <ColumnReference Database="[OurLabReporting]" Schema="[dbo]" Table="[Mix]" Alias="[mix]" Column="ContextName" />
                                <ColumnReference Database="[OurLabReporting]" Schema="[dbo]" Table="[Mix]" Alias="[mix]" Column="RunLogDirectory" />
                                <ColumnReference Database="[OurLabReporting]" Schema="[dbo]" Table="[Mix]" Alias="[mix]" Column="Comments" />
                                <ColumnReference Database="[OurLabReporting]" Schema="[dbo]" Table="[BuildFlavor]" Alias="[bf]" Column="Sku" />
                                <ColumnReference Database="[OurLabReporting]" Schema="[dbo]" Table="[BuildVersion]" Alias="[bv]" Column="FullBuildNumber" />
                                <ColumnReference Database="[OurLabReporting]" Schema="[dbo]" Table="[Status]" Alias="[st]" Column="Status" />
                                <ColumnReference Column="Expr1014" />
                                <ColumnReference Column="Expr1016" />
                                <ColumnReference Column="Expr1017" />
                                <ColumnReference Column="Expr1020" />
                                <ColumnReference Column="Expr1021" />
                                <ColumnReference Column="Expr1022" />
                                <ColumnReference Column="Expr1023" />
                                <ColumnReference Column="Expr1024" />
                                <ColumnReference Column="Expr1025" />
                                <ColumnReference Column="Expr1026" />
                                <ColumnReference Database="[OurLabReporting]" Schema="[dbo]" Table="[PlatformBspFirmware]" Alias="[F]" Column="Name" />
                                <ColumnReference Database="[OurLabReporting]" Schema="[dbo]" Table="[PlatformBsp]" Alias="[BSP]" Column="Name" />
                                <ColumnReference Database="[OurLabReporting]" Schema="[dbo]" Table="[Platform]" Alias="[P]" Column="Name" />
                                <ColumnReference Column="Expr1037" />
                                <ColumnReference Column="Expr1038" />
                                <ColumnReference Column="Expr1053" />
                              </OutputList>
                              <NestedLoops Optimized="0">
                                <RelOp NodeId="5" PhysicalOp="Nested Loops" LogicalOp="Left Outer Join" EstimateRows="1" EstimateIO="0" EstimateCPU="4.18e-006" AvgRowSize="2747" EstimatedTotalSubtreeCost="0.0361573" Parallel="0" EstimateRebinds="0" EstimateRewinds="0" EstimatedExecutionMode="Row">
                                  <OutputList>
                                    <ColumnReference Database="[OurLabReporting]" Schema="[dbo]" Table="[Mix]" Alias="[mix]" Column="Id" />
                                    <ColumnReference Database="[OurLabReporting]" Schema="[dbo]" Table="[Mix]" Alias="[mix]" Column="ScheduleId" />
                                    <ColumnReference Database="[OurLabReporting]" Schema="[dbo]" Table="[Mix]" Alias="[mix]" Column="StartDate" />
                                    <ColumnReference Database="[OurLabReporting]" Schema="[dbo]" Table="[Mix]" Alias="[mix]" Column="EndDate" />
                                    <ColumnReference Database="[OurLabReporting]" Schema="[dbo]" Table="[Mix]" Alias="[mix]" Column="EffectiveContextName" />
                                    <ColumnReference Database="[OurLabReporting]" Schema="[dbo]" Table="[Mix]" Alias="[mix]" Column="EffectivePackageName" />
                                    <ColumnReference Database="[OurLabReporting]" Schema="[dbo]" Table="[Mix]" Alias="[mix]" Column="PackageName" />
                                    <ColumnReference Database="[OurLabReporting]" Schema="[dbo]" Table="[Mix]" Alias="[mix]" Column="ContextName" />
                                    <ColumnReference Database="[OurLabReporting]" Schema="[dbo]" Table="[Mix]" Alias="[mix]" Column="RunLogDirectory" />
                                    <ColumnReference Database="[OurLabReporting]" Schema="[dbo]" Table="[Mix]" Alias="[mix]" Column="Comments" />
                                    <ColumnReference Database="[OurLabReporting]" Schema="[dbo]" Table="[BuildFlavor]" Alias="[bf]" Column="Sku" />
                                    <ColumnReference Database="[OurLabReporting]" Schema="[dbo]" Table="[BuildVersion]" Alias="[bv]" Column="FullBuildNumber" />
                                    <ColumnReference Database="[OurLabReporting]" Schema="[dbo]" Table="[Status]" Alias="[st]" Column="Status" />
                                    <ColumnReference Column="Expr1014" />
                                    <ColumnReference Column="Expr1016" />
                                    <ColumnReference Column="Expr1017" />
                                    <ColumnReference Column="Expr1020" />
                                    <ColumnReference Column="Expr1021" />
                                    <ColumnReference Column="Expr1022" />
                                    <ColumnReference Column="Expr1023" />
                                    <ColumnReference Column="Expr1024" />
                                    <ColumnReference Column="Expr1025" />
                                    <ColumnReference Column="Expr1026" />
                                    <ColumnReference Database="[OurLabReporting]" Schema="[dbo]" Table="[PlatformBspFirmware]" Alias="[F]" Column="Name" />
                                    <ColumnReference Database="[OurLabReporting]" Schema="[dbo]" Table="[PlatformBsp]" Alias="[BSP]" Column="Name" />
                                    <ColumnReference Database="[OurLabReporting]" Schema="[dbo]" Table="[Platform]" Alias="[P]" Column="Name" />
                                    <ColumnReference Column="Expr1037" />
                                    <ColumnReference Column="Expr1038" />
                                  </OutputList>
                                  <NestedLoops Optimized="0">
                                    <OuterReferences>
                                      <ColumnReference Database="[OurLabReporting]" Schema="[dbo]" Table="[Mix]" Alias="[mix]" Column="ImageId" />
                                    </OuterReferences>
                                    <RelOp NodeId="6" PhysicalOp="Nested Loops" LogicalOp="Left Outer Join" EstimateRows="1" EstimateIO="0" EstimateCPU="4.18e-006" AvgRowSize="2594" EstimatedTotalSubtreeCost="0.0230082" Parallel="0" EstimateRebinds="0" EstimateRewinds="0" EstimatedExecutionMode="Row">
                                      <OutputList>
                                        <ColumnReference Database="[OurLabReporting]" Schema="[dbo]" Table="[Mix]" Alias="[mix]" Column="Id" />
                                        <ColumnReference Database="[OurLabReporting]" Schema="[dbo]" Table="[Mix]" Alias="[mix]" Column="ScheduleId" />
                                        <ColumnReference Database="[OurLabReporting]" Schema="[dbo]" Table="[Mix]" Alias="[mix]" Column="StartDate" />
                                        <ColumnReference Database="[OurLabReporting]" Schema="[dbo]" Table="[Mix]" Alias="[mix]" Column="EndDate" />
                                        <ColumnReference Database="[OurLabReporting]" Schema="[dbo]" Table="[Mix]" Alias="[mix]" Column="EffectiveContextName" />
                                        <ColumnReference Database="[OurLabReporting]" Schema="[dbo]" Table="[Mix]" Alias="[mix]" Column="EffectivePackageName" />
                                        <ColumnReference Database="[OurLabReporting]" Schema="[dbo]" Table="[Mix]" Alias="[mix]" Column="PackageName" />
                                        <ColumnReference Database="[OurLabReporting]" Schema="[dbo]" Table="[Mix]" Alias="[mix]" Column="ContextName" />
                                        <ColumnReference Database="[OurLabReporting]" Schema="[dbo]" Table="[Mix]" Alias="[mix]" Column="RunLogDirectory" />
                                        <ColumnReference Database="[OurLabReporting]" Schema="[dbo]" Table="[Mix]" Alias="[mix]" Column="Comments" />
                                        <ColumnReference Database="[OurLabReporting]" Schema="[dbo]" Table="[Mix]" Alias="[mix]" Column="ImageId" />
                                        <ColumnReference Database="[OurLabReporting]" Schema="[dbo]" Table="[BuildFlavor]" Alias="[bf]" Column="Sku" />
                                        <ColumnReference Database="[OurLabReporting]" Schema="[dbo]" Table="[BuildVersion]" Alias="[bv]" Column="FullBuildNumber" />
                                        <ColumnReference Database="[OurLabReporting]" Schema="[dbo]" Table="[Status]" Alias="[st]" Column="Status" />
                                        <ColumnReference Column="Expr1014" />
                                        <ColumnReference Column="Expr1016" />
                                        <ColumnReference Column="Expr1017" />
                                        <ColumnReference Column="Expr1020" />
                                        <ColumnReference Column="Expr1021" />
                                        <ColumnReference Column="Expr1022" />
                                        <ColumnReference Column="Expr1023" />
                                        <ColumnReference Column="Expr1024" />
                                        <ColumnReference Column="Expr1025" />
                                        <ColumnReference Column="Expr1026" />
                                        <ColumnReference Column="Expr1037" />
                                        <ColumnReference Column="Expr1038" />
                                      </OutputList>
                                      <NestedLoops Optimized="0">
                                        <RelOp NodeId="7" PhysicalOp="Nested Loops" LogicalOp="Left Outer Join" EstimateRows="1" EstimateIO="0" EstimateCPU="4.18e-006" AvgRowSize="2552" EstimatedTotalSubtreeCost="0.0164323" Parallel="0" EstimateRebinds="0" EstimateRewinds="0" EstimatedExecutionMode="Row">
                                          <OutputList>
                                            <ColumnReference Database="[OurLabReporting]" Schema="[dbo]" Table="[Mix]" Alias="[mix]" Column="Id" />
                                            <ColumnReference Database="[OurLabReporting]" Schema="[dbo]" Table="[Mix]" Alias="[mix]" Column="ScheduleId" />
                                            <ColumnReference Database="[OurLabReporting]" Schema="[dbo]" Table="[Mix]" Alias="[mix]" Column="StartDate" />
                                            <ColumnReference Database="[OurLabReporting]" Schema="[dbo]" Table="[Mix]" Alias="[mix]" Column="EndDate" />
                                            <ColumnReference Database="[OurLabReporting]" Schema="[dbo]" Table="[Mix]" Alias="[mix]" Column="EffectiveContextName" />
                                            <ColumnReference Database="[OurLabReporting]" Schema="[dbo]" Table="[Mix]" Alias="[mix]" Column="EffectivePackageName" />
                                            <ColumnReference Database="[OurLabReporting]" Schema="[dbo]" Table="[Mix]" Alias="[mix]" Column="PackageName" />
                                            <ColumnReference Database="[OurLabReporting]" Schema="[dbo]" Table="[Mix]" Alias="[mix]" Column="ContextName" />
                                            <ColumnReference Database="[OurLabReporting]" Schema="[dbo]" Table="[Mix]" Alias="[mix]" Column="RunLogDirectory" />
                                            <ColumnReference Database="[OurLabReporting]" Schema="[dbo]" Table="[Mix]" Alias="[mix]" Column="Comments" />
                                            <ColumnReference Database="[OurLabReporting]" Schema="[dbo]" Table="[Mix]" Alias="[mix]" Column="ImageId" />
                                            <ColumnReference Database="[OurLabReporting]" Schema="[dbo]" Table="[BuildFlavor]" Alias="[bf]" Column="Sku" />
                                            <ColumnReference Database="[OurLabReporting]" Schema="[dbo]" Table="[BuildVersion]" Alias="[bv]" Column="FullBuildNumber" />
                                            <ColumnReference Database="[OurLabReporting]" Schema="[dbo]" Table="[Status]" Alias="[st]" Column="Status" />
                                            <ColumnReference Column="Expr1037" />
                                            <ColumnReference Column="Expr1038" />
                                          </OutputList>
                                          <NestedLoops Optimized="0">
                                            <OuterReferences>
                                              <ColumnReference Database="[OurLabReporting]" Schema="[dbo]" Table="[BuildFlavor]" Alias="[bf]" Column="BuildVersionId" />
                                            </OuterReferences>
                                            <RelOp NodeId="8" PhysicalOp="Compute Scalar" LogicalOp="Compute Scalar" EstimateRows="1" EstimateIO="0" EstimateCPU="1e-007" AvgRowSize="2298" EstimatedTotalSubtreeCost="0.013145" Parallel="0" EstimateRebinds="0" EstimateRewinds="0" EstimatedExecutionMode="Row">
                                              <OutputList>
                                                <ColumnReference Database="[OurLabReporting]" Schema="[dbo]" Table="[Mix]" Alias="[mix]" Column="Id" />
                                                <ColumnReference Database="[OurLabReporting]" Schema="[dbo]" Table="[Mix]" Alias="[mix]" Column="ScheduleId" />
                                                <ColumnReference Database="[OurLabReporting]" Schema="[dbo]" Table="[Mix]" Alias="[mix]" Column="StartDate" />
                                                <ColumnReference Database="[OurLabReporting]" Schema="[dbo]" Table="[Mix]" Alias="[mix]" Column="EndDate" />
                                                <ColumnReference Database="[OurLabReporting]" Schema="[dbo]" Table="[Mix]" Alias="[mix]" Column="EffectiveContextName" />
                                                <ColumnReference Database="[OurLabReporting]" Schema="[dbo]" Table="[Mix]" Alias="[mix]" Column="EffectivePackageName" />
                                                <ColumnReference Database="[OurLabReporting]" Schema="[dbo]" Table="[Mix]" Alias="[mix]" Column="PackageName" />
                                                <ColumnReference Database="[OurLabReporting]" Schema="[dbo]" Table="[Mix]" Alias="[mix]" Column="ContextName" />
                                                <ColumnReference Database="[OurLabReporting]" Schema="[dbo]" Table="[Mix]" Alias="[mix]" Column="RunLogDirectory" />
                                                <ColumnReference Database="[OurLabReporting]" Schema="[dbo]" Table="[Mix]" Alias="[mix]" Column="Comments" />
                                                <ColumnReference Database="[OurLabReporting]" Schema="[dbo]" Table="[Mix]" Alias="[mix]" Column="ImageId" />
                                                <ColumnReference Database="[OurLabReporting]" Schema="[dbo]" Table="[BuildFlavor]" Alias="[bf]" Column="BuildVersionId" />
                                                <ColumnReference Database="[OurLabReporting]" Schema="[dbo]" Table="[BuildFlavor]" Alias="[bf]" Column="Sku" />
                                                <ColumnReference Database="[OurLabReporting]" Schema="[dbo]" Table="[Status]" Alias="[st]" Column="Status" />
                                                <ColumnReference Column="Expr1037" />
                                                <ColumnReference Column="Expr1038" />
                                              </OutputList>
                                              <ComputeScalar>
                                                <DefinedValues>
                                                  <DefinedValue>
                                                    <ColumnReference Column="Expr1037" />
                                                    <ScalarOperator ScalarString="[OurLabReporting].[dbo].[BuildFlavor].[Architecture] as [bf].[Architecture]+[OurLabReporting].[dbo].[BuildFlavor].[Type] as [bf].[Type]">
                                                      <Arithmetic Operation="ADD">
                                                        <ScalarOperator>
                                                          <Identifier>
                                                            <ColumnReference Database="[OurLabReporting]" Schema="[dbo]" Table="[BuildFlavor]" Alias="[bf]" Column="Architecture" />
                                                          </Identifier>
                                                        </ScalarOperator>
                                                        <ScalarOperator>
                                                          <Identifier>
                                                            <ColumnReference Database="[OurLabReporting]" Schema="[dbo]" Table="[BuildFlavor]" Alias="[bf]" Column="Type" />
                                                          </Identifier>
                                                        </ScalarOperator>
                                                      </Arithmetic>
                                                    </ScalarOperator>
                                                  </DefinedValue>
                                                  <DefinedValue>
                                                    <ColumnReference Column="Expr1038" />
                                                    <ScalarOperator ScalarString="[OurLabReporting].[dbo].[BuildFlavor].[Language] as [bf].[Language]+N'-'+[OurLabReporting].[dbo].[BuildFlavor].[Culture] as [bf].[Culture]">
                                                      <Arithmetic Operation="ADD">
                                                        <ScalarOperator>
                                                          <Arithmetic Operation="ADD">
                                                            <ScalarOperator>
                                                              <Identifier>
                                                                <ColumnReference Database="[OurLabReporting]" Schema="[dbo]" Table="[BuildFlavor]" Alias="[bf]" Column="Language" />
                                                              </Identifier>
                                                            </ScalarOperator>
                                                            <ScalarOperator>
                                                              <Const ConstValue="N'-'" />
                                                            </ScalarOperator>
                                                          </Arithmetic>
                                                        </ScalarOperator>
                                                        <ScalarOperator>
                                                          <Identifier>
                                                            <ColumnReference Database="[OurLabReporting]" Schema="[dbo]" Table="[BuildFlavor]" Alias="[bf]" Column="Culture" />
                                                          </Identifier>
                                                        </ScalarOperator>
                                                      </Arithmetic>
                                                    </ScalarOperator>
                                                  </DefinedValue>
                                                </DefinedValues>
                                                <RelOp NodeId="9" PhysicalOp="Nested Loops" LogicalOp="Left Outer Join" EstimateRows="1" EstimateIO="0" EstimateCPU="4.18e-006" AvgRowSize="2302" EstimatedTotalSubtreeCost="0.0131449" Parallel="0" EstimateRebinds="0" EstimateRewinds="0" EstimatedExecutionMode="Row">
                                                  <OutputList>
                                                    <ColumnReference Database="[OurLabReporting]" Schema="[dbo]" Table="[Mix]" Alias="[mix]" Column="Id" />
                                                    <ColumnReference Database="[OurLabReporting]" Schema="[dbo]" Table="[Mix]" Alias="[mix]" Column="ScheduleId" />
                                                    <ColumnReference Database="[OurLabReporting]" Schema="[dbo]" Table="[Mix]" Alias="[mix]" Column="StartDate" />
                                                    <ColumnReference Database="[OurLabReporting]" Schema="[dbo]" Table="[Mix]" Alias="[mix]" Column="EndDate" />
                                                    <ColumnReference Database="[OurLabReporting]" Schema="[dbo]" Table="[Mix]" Alias="[mix]" Column="EffectiveContextName" />
                                                    <ColumnReference Database="[OurLabReporting]" Schema="[dbo]" Table="[Mix]" Alias="[mix]" Column="EffectivePackageName" />
                                                    <ColumnReference Database="[OurLabReporting]" Schema="[dbo]" Table="[Mix]" Alias="[mix]" Column="PackageName" />
                                                    <ColumnReference Database="[OurLabReporting]" Schema="[dbo]" Table="[Mix]" Alias="[mix]" Column="ContextName" />
                                                    <ColumnReference Database="[OurLabReporting]" Schema="[dbo]" Table="[Mix]" Alias="[mix]" Column="RunLogDirectory" />
                                                    <ColumnReference Database="[OurLabReporting]" Schema="[dbo]" Table="[Mix]" Alias="[mix]" Column="Comments" />
                                                    <ColumnReference Database="[OurLabReporting]" Schema="[dbo]" Table="[Mix]" Alias="[mix]" Column="ImageId" />
                                                    <ColumnReference Database="[OurLabReporting]" Schema="[dbo]" Table="[BuildFlavor]" Alias="[bf]" Column="BuildVersionId" />
                                                    <ColumnReference Database="[OurLabReporting]" Schema="[dbo]" Table="[BuildFlavor]" Alias="[bf]" Column="Sku" />
                                                    <ColumnReference Database="[OurLabReporting]" Schema="[dbo]" Table="[BuildFlavor]" Alias="[bf]" Column="Architecture" />
                                                    <ColumnReference Database="[OurLabReporting]" Schema="[dbo]" Table="[BuildFlavor]" Alias="[bf]" Column="Type" />
                                                    <ColumnReference Database="[OurLabReporting]" Schema="[dbo]" Table="[BuildFlavor]" Alias="[bf]" Column="Culture" />
                                                    <ColumnReference Database="[OurLabReporting]" Schema="[dbo]" Table="[BuildFlavor]" Alias="[bf]" Column="Language" />
                                                    <ColumnReference Database="[OurLabReporting]" Schema="[dbo]" Table="[Status]" Alias="[st]" Column="Status" />
                                                  </OutputList>
                                                  <NestedLoops Optimized="0">
                                                    <OuterReferences>
                                                      <ColumnReference Database="[OurLabReporting]" Schema="[dbo]" Table="[Mix]" Alias="[mix]" Column="BuildFlavorId" />
                                                    </OuterReferences>
                                                    <RelOp NodeId="10" PhysicalOp="Nested Loops" LogicalOp="Inner Join" EstimateRows="1" EstimateIO="0" EstimateCPU="4.18e-006" AvgRowSize="2016" EstimatedTotalSubtreeCost="0.00985766" Parallel="0" EstimateRebinds="0" EstimateRewinds="0" EstimatedExecutionMode="Row">
                                                      <OutputList>
                                                        <ColumnReference Database="[OurLabReporting]" Schema="[dbo]" Table="[Mix]" Alias="[mix]" Column="Id" />
                                                        <ColumnReference Database="[OurLabReporting]" Schema="[dbo]" Table="[Mix]" Alias="[mix]" Column="ScheduleId" />
                                                        <ColumnReference Database="[OurLabReporting]" Schema="[dbo]" Table="[Mix]" Alias="[mix]" Column="StartDate" />
                                                        <ColumnReference Database="[OurLabReporting]" Schema="[dbo]" Table="[Mix]" Alias="[mix]" Column="EndDate" />
                                                        <ColumnReference Database="[OurLabReporting]" Schema="[dbo]" Table="[Mix]" Alias="[mix]" Column="EffectiveContextName" />
                                                        <ColumnReference Database="[OurLabReporting]" Schema="[dbo]" Table="[Mix]" Alias="[mix]" Column="EffectivePackageName" />
                                                        <ColumnReference Database="[OurLabReporting]" Schema="[dbo]" Table="[Mix]" Alias="[mix]" Column="PackageName" />
                                                        <ColumnReference Database="[OurLabReporting]" Schema="[dbo]" Table="[Mix]" Alias="[mix]" Column="ContextName" />
                                                        <ColumnReference Database="[OurLabReporting]" Schema="[dbo]" Table="[Mix]" Alias="[mix]" Column="RunLogDirectory" />
                                                        <ColumnReference Database="[OurLabReporting]" Schema="[dbo]" Table="[Mix]" Alias="[mix]" Column="Comments" />
                                                        <ColumnReference Database="[OurLabReporting]" Schema="[dbo]" Table="[Mix]" Alias="[mix]" Column="BuildFlavorId" />
                                                        <ColumnReference Database="[OurLabReporting]" Schema="[dbo]" Table="[Mix]" Alias="[mix]" Column="ImageId" />
                                                        <ColumnReference Database="[OurLabReporting]" Schema="[dbo]" Table="[Status]" Alias="[st]" Column="Status" />
                                                      </OutputList>
                                                      <NestedLoops Optimized="0">
                                                        <OuterReferences>
                                                          <ColumnReference Database="[OurLabReporting]" Schema="[dbo]" Table="[Mix]" Alias="[mix]" Column="ScheduleId" />
                                                        </OuterReferences>
                                                        <RelOp NodeId="11" PhysicalOp="Nested Loops" LogicalOp="Inner Join" EstimateRows="1" EstimateIO="0" EstimateCPU="4.18e-006" AvgRowSize="2016" EstimatedTotalSubtreeCost="0.00657038" Parallel="0" EstimateRebinds="0" EstimateRewinds="0" EstimatedExecutionMode="Row">
                                                          <OutputList>
                                                            <ColumnReference Database="[OurLabReporting]" Schema="[dbo]" Table="[Mix]" Alias="[mix]" Column="Id" />
                                                            <ColumnReference Database="[OurLabReporting]" Schema="[dbo]" Table="[Mix]" Alias="[mix]" Column="ScheduleId" />
                                                            <ColumnReference Database="[OurLabReporting]" Schema="[dbo]" Table="[Mix]" Alias="[mix]" Column="StartDate" />
                                                            <ColumnReference Database="[OurLabReporting]" Schema="[dbo]" Table="[Mix]" Alias="[mix]" Column="EndDate" />
                                                            <ColumnReference Database="[OurLabReporting]" Schema="[dbo]" Table="[Mix]" Alias="[mix]" Column="EffectiveContextName" />
                                                            <ColumnReference Database="[OurLabReporting]" Schema="[dbo]" Table="[Mix]" Alias="[mix]" Column="EffectivePackageName" />
                                                            <ColumnReference Database="[OurLabReporting]" Schema="[dbo]" Table="[Mix]" Alias="[mix]" Column="PackageName" />
                                                            <ColumnReference Database="[OurLabReporting]" Schema="[dbo]" Table="[Mix]" Alias="[mix]" Column="ContextName" />
                                                            <ColumnReference Database="[OurLabReporting]" Schema="[dbo]" Table="[Mix]" Alias="[mix]" Column="RunLogDirectory" />
                                                            <ColumnReference Database="[OurLabReporting]" Schema="[dbo]" Table="[Mix]" Alias="[mix]" Column="Comments" />
                                                            <ColumnReference Database="[OurLabReporting]" Schema="[dbo]" Table="[Mix]" Alias="[mix]" Column="BuildFlavorId" />
                                                            <ColumnReference Database="[OurLabReporting]" Schema="[dbo]" Table="[Mix]" Alias="[mix]" Column="ImageId" />
                                                            <ColumnReference Database="[OurLabReporting]" Schema="[dbo]" Table="[Status]" Alias="[st]" Column="Status" />
                                                          </OutputList>
                                                          <NestedLoops Optimized="0">
                                                            <OuterReferences>
                                                              <ColumnReference Database="[OurLabReporting]" Schema="[dbo]" Table="[Mix]" Alias="[mix]" Column="StatusId" />
                                                            </OuterReferences>
                                                            <RelOp NodeId="12" PhysicalOp="Clustered Index Seek" LogicalOp="Clustered Index Seek" EstimateRows="1" EstimateIO="0.003125" EstimateCPU="0.0001581" AvgRowSize="1918" EstimatedTotalSubtreeCost="0.0032831" TableCardinality="1.48176e+006" Parallel="0" EstimateRebinds="0" EstimateRewinds="0" EstimatedExecutionMode="Row">
                                                              <OutputList>
                                                                <ColumnReference Database="[OurLabReporting]" Schema="[dbo]" Table="[Mix]" Alias="[mix]" Column="Id" />
                                                                <ColumnReference Database="[OurLabReporting]" Schema="[dbo]" Table="[Mix]" Alias="[mix]" Column="ScheduleId" />
                                                                <ColumnReference Database="[OurLabReporting]" Schema="[dbo]" Table="[Mix]" Alias="[mix]" Column="StartDate" />
                                                                <ColumnReference Database="[OurLabReporting]" Schema="[dbo]" Table="[Mix]" Alias="[mix]" Column="EndDate" />
                                                                <ColumnReference Database="[OurLabReporting]" Schema="[dbo]" Table="[Mix]" Alias="[mix]" Column="EffectiveContextName" />
                                                                <ColumnReference Database="[OurLabReporting]" Schema="[dbo]" Table="[Mix]" Alias="[mix]" Column="EffectivePackageName" />
                                                                <ColumnReference Database="[OurLabReporting]" Schema="[dbo]" Table="[Mix]" Alias="[mix]" Column="PackageName" />
                                                                <ColumnReference Database="[OurLabReporting]" Schema="[dbo]" Table="[Mix]" Alias="[mix]" Column="ContextName" />
                                                                <ColumnReference Database="[OurLabReporting]" Schema="[dbo]" Table="[Mix]" Alias="[mix]" Column="RunLogDirectory" />
                                                                <ColumnReference Database="[OurLabReporting]" Schema="[dbo]" Table="[Mix]" Alias="[mix]" Column="Comments" />
                                                                <ColumnReference Database="[OurLabReporting]" Schema="[dbo]" Table="[Mix]" Alias="[mix]" Column="BuildFlavorId" />
                                                                <ColumnReference Database="[OurLabReporting]" Schema="[dbo]" Table="[Mix]" Alias="[mix]" Column="ImageId" />
                                                                <ColumnReference Database="[OurLabReporting]" Schema="[dbo]" Table="[Mix]" Alias="[mix]" Column="StatusId" />
                                                              </OutputList>
                                                              <IndexScan Ordered="1" ScanDirection="FORWARD" ForcedIndex="0" ForceSeek="0" ForceScan="0" NoExpandHint="0" Storage="RowStore">
                                                                <DefinedValues>
                                                                  <DefinedValue>
                                                                    <ColumnReference Database="[OurLabReporting]" Schema="[dbo]" Table="[Mix]" Alias="[mix]" Column="Id" />
                                                                  </DefinedValue>
                                                                  <DefinedValue>
                                                                    <ColumnReference Database="[OurLabReporting]" Schema="[dbo]" Table="[Mix]" Alias="[mix]" Column="ScheduleId" />
                                                                  </DefinedValue>
                                                                  <DefinedValue>
                                                                    <ColumnReference Database="[OurLabReporting]" Schema="[dbo]" Table="[Mix]" Alias="[mix]" Column="StartDate" />
                                                                  </DefinedValue>
                                                                  <DefinedValue>
                                                                    <ColumnReference Database="[OurLabReporting]" Schema="[dbo]" Table="[Mix]" Alias="[mix]" Column="EndDate" />
                                                                  </DefinedValue>
                                                                  <DefinedValue>
                                                                    <ColumnReference Database="[OurLabReporting]" Schema="[dbo]" Table="[Mix]" Alias="[mix]" Column="EffectiveContextName" />
                                                                  </DefinedValue>
                                                                  <DefinedValue>
                                                                    <ColumnReference Database="[OurLabReporting]" Schema="[dbo]" Table="[Mix]" Alias="[mix]" Column="EffectivePackageName" />
                                                                  </DefinedValue>
                                                                  <DefinedValue>
                                                                    <ColumnReference Database="[OurLabReporting]" Schema="[dbo]" Table="[Mix]" Alias="[mix]" Column="PackageName" />
                                                                  </DefinedValue>
                                                                  <DefinedValue>
                                                                    <ColumnReference Database="[OurLabReporting]" Schema="[dbo]" Table="[Mix]" Alias="[mix]" Column="ContextName" />
                                                                  </DefinedValue>
                                                                  <DefinedValue>
                                                                    <ColumnReference Database="[OurLabReporting]" Schema="[dbo]" Table="[Mix]" Alias="[mix]" Column="RunLogDirectory" />
                                                                  </DefinedValue>
                                                                  <DefinedValue>
                                                                    <ColumnReference Database="[OurLabReporting]" Schema="[dbo]" Table="[Mix]" Alias="[mix]" Column="Comments" />
                                                                  </DefinedValue>
                                                                  <DefinedValue>
                                                                    <ColumnReference Database="[OurLabReporting]" Schema="[dbo]" Table="[Mix]" Alias="[mix]" Column="BuildFlavorId" />
                                                                  </DefinedValue>
                                                                  <DefinedValue>
                                                                    <ColumnReference Database="[OurLabReporting]" Schema="[dbo]" Table="[Mix]" Alias="[mix]" Column="ImageId" />
                                                                  </DefinedValue>
                                                                  <DefinedValue>
                                                                    <ColumnReference Database="[OurLabReporting]" Schema="[dbo]" Table="[Mix]" Alias="[mix]" Column="StatusId" />
                                                                  </DefinedValue>
                                                                </DefinedValues>
                                                                <Object Database="[OurLabReporting]" Schema="[dbo]" Table="[Mix]" Index="[Mix_PK]" Alias="[mix]" IndexKind="Clustered" />
                                                                <SeekPredicates>
                                                                  <SeekPredicateNew>
                                                                    <SeekKeys>
                                                                      <Prefix ScanType="EQ">
                                                                        <RangeColumns>
                                                                          <ColumnReference Database="[OurLabReporting]" Schema="[dbo]" Table="[Mix]" Alias="[mix]" Column="Id" />
                                                                        </RangeColumns>
                                                                        <RangeExpressions>
                                                                          <ScalarOperator ScalarString="[@MixId]">
                                                                            <Identifier>
                                                                              <ColumnReference Column="@MixId" />
                                                                            </Identifier>
                                                                          </ScalarOperator>
                                                                        </RangeExpressions>
                                                                      </Prefix>
                                                                    </SeekKeys>
                                                                  </SeekPredicateNew>
                                                                </SeekPredicates>
                                                              </IndexScan>
                                                            </RelOp>
                                                            <RelOp NodeId="13" PhysicalOp="Clustered Index Seek" LogicalOp="Clustered Index Seek" EstimateRows="1" EstimateIO="0.003125" EstimateCPU="0.0001581" AvgRowSize="111" EstimatedTotalSubtreeCost="0.0032831" TableCardinality="96" Parallel="0" EstimateRebinds="0" EstimateRewinds="0" EstimatedExecutionMode="Row">
                                                              <OutputList>
                                                                <ColumnReference Database="[OurLabReporting]" Schema="[dbo]" Table="[Status]" Alias="[st]" Column="Status" />
                                                              </OutputList>
                                                              <IndexScan Ordered="1" ScanDirection="FORWARD" ForcedIndex="0" ForceSeek="0" ForceScan="0" NoExpandHint="0" Storage="RowStore">
                                                                <DefinedValues>
                                                                  <DefinedValue>
                                                                    <ColumnReference Database="[OurLabReporting]" Schema="[dbo]" Table="[Status]" Alias="[st]" Column="Status" />
                                                                  </DefinedValue>
                                                                </DefinedValues>
                                                                <Object Database="[OurLabReporting]" Schema="[dbo]" Table="[Status]" Index="[Status_PK]" Alias="[st]" IndexKind="Clustered" />
                                                                <SeekPredicates>
                                                                  <SeekPredicateNew>
                                                                    <SeekKeys>
                                                                      <Prefix ScanType="EQ">
                                                                        <RangeColumns>
                                                                          <ColumnReference Database="[OurLabReporting]" Schema="[dbo]" Table="[Status]" Alias="[st]" Column="Id" />
                                                                        </RangeColumns>
                                                                        <RangeExpressions>
                                                                          <ScalarOperator ScalarString="[OurLabReporting].[dbo].[Mix].[StatusId] as [mix].[StatusId]">
                                                                            <Identifier>
                                                                              <ColumnReference Database="[OurLabReporting]" Schema="[dbo]" Table="[Mix]" Alias="[mix]" Column="StatusId" />
                                                                            </Identifier>
                                                                          </ScalarOperator>
                                                                        </RangeExpressions>
                                                                      </Prefix>
                                                                    </SeekKeys>
                                                                  </SeekPredicateNew>
                                                                </SeekPredicates>
                                                              </IndexScan>
                                                            </RelOp>
                                                          </NestedLoops>
                                                        </RelOp>
                                                        <RelOp NodeId="14" PhysicalOp="Clustered Index Seek" LogicalOp="Clustered Index Seek" EstimateRows="1" EstimateIO="0.003125" EstimateCPU="0.0001581" AvgRowSize="9" EstimatedTotalSubtreeCost="0.0032831" TableCardinality="1.44031e+006" Parallel="0" EstimateRebinds="0" EstimateRewinds="0" EstimatedExecutionMode="Row">
                                                          <OutputList />
                                                          <IndexScan Ordered="1" ScanDirection="FORWARD" ForcedIndex="0" ForceSeek="0" ForceScan="0" NoExpandHint="0" Storage="RowStore">
                                                            <DefinedValues />
                                                            <Object Database="[OurLabReporting]" Schema="[dbo]" Table="[Schedule]" Index="[Schedule_PK]" Alias="[sch]" IndexKind="Clustered" />
                                                            <SeekPredicates>
                                                              <SeekPredicateNew>
                                                                <SeekKeys>
                                                                  <Prefix ScanType="EQ">
                                                                    <RangeColumns>
                                                                      <ColumnReference Database="[OurLabReporting]" Schema="[dbo]" Table="[Schedule]" Alias="[sch]" Column="Id" />
                                                                    </RangeColumns>
                                                                    <RangeExpressions>
                                                                      <ScalarOperator ScalarString="[OurLabReporting].[dbo].[Mix].[ScheduleId] as [mix].[ScheduleId]">
                                                                        <Identifier>
                                                                          <ColumnReference Database="[OurLabReporting]" Schema="[dbo]" Table="[Mix]" Alias="[mix]" Column="ScheduleId" />
                                                                        </Identifier>
                                                                      </ScalarOperator>
                                                                    </RangeExpressions>
                                                                  </Prefix>
                                                                </SeekKeys>
                                                              </SeekPredicateNew>
                                                            </SeekPredicates>
                                                          </IndexScan>
                                                        </RelOp>
                                                      </NestedLoops>
                                                    </RelOp>
                                                    <RelOp NodeId="15" PhysicalOp="Clustered Index Seek" LogicalOp="Clustered Index Seek" EstimateRows="1" EstimateIO="0.003125" EstimateCPU="0.0001581" AvgRowSize="298" EstimatedTotalSubtreeCost="0.0032831" TableCardinality="805176" Parallel="0" EstimateRebinds="0" EstimateRewinds="0" EstimatedExecutionMode="Row">
                                                      <OutputList>
                                                        <ColumnReference Database="[OurLabReporting]" Schema="[dbo]" Table="[BuildFlavor]" Alias="[bf]" Column="BuildVersionId" />
                                                        <ColumnReference Database="[OurLabReporting]" Schema="[dbo]" Table="[BuildFlavor]" Alias="[bf]" Column="Sku" />
                                                        <ColumnReference Database="[OurLabReporting]" Schema="[dbo]" Table="[BuildFlavor]" Alias="[bf]" Column="Architecture" />
                                                        <ColumnReference Database="[OurLabReporting]" Schema="[dbo]" Table="[BuildFlavor]" Alias="[bf]" Column="Type" />
                                                        <ColumnReference Database="[OurLabReporting]" Schema="[dbo]" Table="[BuildFlavor]" Alias="[bf]" Column="Culture" />
                                                        <ColumnReference Database="[OurLabReporting]" Schema="[dbo]" Table="[BuildFlavor]" Alias="[bf]" Column="Language" />
                                                      </OutputList>
                                                      <IndexScan Ordered="1" ScanDirection="FORWARD" ForcedIndex="0" ForceSeek="0" ForceScan="0" NoExpandHint="0" Storage="RowStore">
                                                        <DefinedValues>
                                                          <DefinedValue>
                                                            <ColumnReference Database="[OurLabReporting]" Schema="[dbo]" Table="[BuildFlavor]" Alias="[bf]" Column="BuildVersionId" />
                                                          </DefinedValue>
                                                          <DefinedValue>
                                                            <ColumnReference Database="[OurLabReporting]" Schema="[dbo]" Table="[BuildFlavor]" Alias="[bf]" Column="Sku" />
                                                          </DefinedValue>
                                                          <DefinedValue>
                                                            <ColumnReference Database="[OurLabReporting]" Schema="[dbo]" Table="[BuildFlavor]" Alias="[bf]" Column="Architecture" />
                                                          </DefinedValue>
                                                          <DefinedValue>
                                                            <ColumnReference Database="[OurLabReporting]" Schema="[dbo]" Table="[BuildFlavor]" Alias="[bf]" Column="Type" />
                                                          </DefinedValue>
                                                          <DefinedValue>
                                                            <ColumnReference Database="[OurLabReporting]" Schema="[dbo]" Table="[BuildFlavor]" Alias="[bf]" Column="Culture" />
                                                          </DefinedValue>
                                                          <DefinedValue>
                                                            <ColumnReference Database="[OurLabReporting]" Schema="[dbo]" Table="[BuildFlavor]" Alias="[bf]" Column="Language" />
                                                          </DefinedValue>
                                                        </DefinedValues>
                                                        <Object Database="[OurLabReporting]" Schema="[dbo]" Table="[BuildFlavor]" Index="[BuildFlavor_PK]" Alias="[bf]" IndexKind="Clustered" />
                                                        <SeekPredicates>
                                                          <SeekPredicateNew>
                                                            <SeekKeys>
                                                              <Prefix ScanType="EQ">
                                                                <RangeColumns>
                                                                  <ColumnReference Database="[OurLabReporting]" Schema="[dbo]" Table="[BuildFlavor]" Alias="[bf]" Column="Id" />
                                                                </RangeColumns>
                                                                <RangeExpressions>
                                                                  <ScalarOperator ScalarString="[OurLabReporting].[dbo].[Mix].[BuildFlavorId] as [mix].[BuildFlavorId]">
                                                                    <Identifier>
                                                                      <ColumnReference Database="[OurLabReporting]" Schema="[dbo]" Table="[Mix]" Alias="[mix]" Column="BuildFlavorId" />
                                                                    </Identifier>
                                                                  </ScalarOperator>
                                                                </RangeExpressions>
                                                              </Prefix>
                                                            </SeekKeys>
                                                          </SeekPredicateNew>
                                                        </SeekPredicates>
                                                      </IndexScan>
                                                    </RelOp>
                                                  </NestedLoops>
                                                </RelOp>
                                              </ComputeScalar>
                                            </RelOp>
                                            <RelOp NodeId="21" PhysicalOp="Clustered Index Seek" LogicalOp="Clustered Index Seek" EstimateRows="1" EstimateIO="0.003125" EstimateCPU="0.0001581" AvgRowSize="267" EstimatedTotalSubtreeCost="0.0032831" TableCardinality="78971" Parallel="0" EstimateRebinds="0" EstimateRewinds="0" EstimatedExecutionMode="Row">
                                              <OutputList>
                                                <ColumnReference Database="[OurLabReporting]" Schema="[dbo]" Table="[BuildVersion]" Alias="[bv]" Column="FullBuildNumber" />
                                              </OutputList>
                                              <IndexScan Ordered="1" ScanDirection="FORWARD" ForcedIndex="0" ForceSeek="0" ForceScan="0" NoExpandHint="0" Storage="RowStore">
                                                <DefinedValues>
                                                  <DefinedValue>
                                                    <ColumnReference Database="[OurLabReporting]" Schema="[dbo]" Table="[BuildVersion]" Alias="[bv]" Column="FullBuildNumber" />
                                                  </DefinedValue>
                                                </DefinedValues>
                                                <Object Database="[OurLabReporting]" Schema="[dbo]" Table="[BuildVersion]" Index="[BuildVersion_PK]" Alias="[bv]" TableReferenceId="1" IndexKind="Clustered" />
                                                <SeekPredicates>
                                                  <SeekPredicateNew>
                                                    <SeekKeys>
                                                      <Prefix ScanType="EQ">
                                                        <RangeColumns>
                                                          <ColumnReference Database="[OurLabReporting]" Schema="[dbo]" Table="[BuildVersion]" Alias="[bv]" Column="Id" />
                                                        </RangeColumns>
                                                        <RangeExpressions>
                                                          <ScalarOperator ScalarString="[OurLabReporting].[dbo].[BuildFlavor].[BuildVersionId] as [bf].[BuildVersionId]">
                                                            <Identifier>
                                                              <ColumnReference Database="[OurLabReporting]" Schema="[dbo]" Table="[BuildFlavor]" Alias="[bf]" Column="BuildVersionId" />
                                                            </Identifier>
                                                          </ScalarOperator>
                                                        </RangeExpressions>
                                                      </Prefix>
                                                    </SeekKeys>
                                                  </SeekPredicateNew>
                                                </SeekPredicates>
                                              </IndexScan>
                                            </RelOp>
                                          </NestedLoops>
                                        </RelOp>
                                        <RelOp NodeId="22" PhysicalOp="Stream Aggregate" LogicalOp="Aggregate" EstimateRows="1" EstimateIO="0" EstimateCPU="1.1e-006" AvgRowSize="48" EstimatedTotalSubtreeCost="0.00657168" Parallel="0" EstimateRebinds="0" EstimateRewinds="0" EstimatedExecutionMode="Row">
                                          <OutputList>
                                            <ColumnReference Column="Expr1014" />
                                            <ColumnReference Column="Expr1016" />
                                            <ColumnReference Column="Expr1017" />
                                            <ColumnReference Column="Expr1020" />
                                            <ColumnReference Column="Expr1021" />
                                            <ColumnReference Column="Expr1022" />
                                            <ColumnReference Column="Expr1023" />
                                            <ColumnReference Column="Expr1024" />
                                            <ColumnReference Column="Expr1025" />
                                            <ColumnReference Column="Expr1026" />
                                          </OutputList>
                                          <StreamAggregate>
                                            <DefinedValues>
                                              <DefinedValue>
                                                <ColumnReference Column="Expr1014" />
                                                <ScalarOperator ScalarString="SUM([OurLabReporting].[dbo].[TEUCountsByResolvedTED].[TEUsCompleted] as [cache].[TEUsCompleted])">
                                                  <Aggregate Distinct="0" AggType="SUM">
                                                    <ScalarOperator>
                                                      <Identifier>
                                                        <ColumnReference Database="[OurLabReporting]" Schema="[dbo]" Table="[TEUCountsByResolvedTED]" Alias="[cache]" Column="TEUsCompleted" />
                                                      </Identifier>
                                                    </ScalarOperator>
                                                  </Aggregate>
                                                </ScalarOperator>
                                              </DefinedValue>
                                              <DefinedValue>
                                                <ColumnReference Column="Expr1016" />
                                                <ScalarOperator ScalarString="SUM([OurLabReporting].[dbo].[TEUCountsByResolvedTED].[TEUsNotScheduled] as [cache].[TEUsNotScheduled])">
                                                  <Aggregate Distinct="0" AggType="SUM">
                                                    <ScalarOperator>
                                                      <Identifier>
                                                        <ColumnReference Database="[OurLabReporting]" Schema="[dbo]" Table="[TEUCountsByResolvedTED]" Alias="[cache]" Column="TEUsNotScheduled" />
                                                      </Identifier>
                                                    </ScalarOperator>
                                                  </Aggregate>
                                                </ScalarOperator>
                                              </DefinedValue>
                                              <DefinedValue>
                                                <ColumnReference Column="Expr1017" />
                                                <ScalarOperator ScalarString="SUM([OurLabReporting].[dbo].[TEUCountsByResolvedTED].[TEUsFailed] as [cache].[TEUsFailed])">
                                                  <Aggregate Distinct="0" AggType="SUM">
                                                    <ScalarOperator>
                                                      <Identifier>
                                                        <ColumnReference Database="[OurLabReporting]" Schema="[dbo]" Table="[TEUCountsByResolvedTED]" Alias="[cache]" Column="TEUsFailed" />
                                                      </Identifier>
                                                    </ScalarOperator>
                                                  </Aggregate>
                                                </ScalarOperator>
                                              </DefinedValue>
                                              <DefinedValue>
                                                <ColumnReference Column="Expr1020" />
                                                <ScalarOperator ScalarString="SUM([OurLabReporting].[dbo].[TEUCountsByResolvedTED].[TotalTEUs] as [cache].[TotalTEUs])">
                                                  <Aggregate Distinct="0" AggType="SUM">
                                                    <ScalarOperator>
                                                      <Identifier>
                                                        <ColumnReference Database="[OurLabReporting]" Schema="[dbo]" Table="[TEUCountsByResolvedTED]" Alias="[cache]" Column="TotalTEUs" />
                                                      </Identifier>
                                                    </ScalarOperator>
                                                  </Aggregate>
                                                </ScalarOperator>
                                              </DefinedValue>
                                              <DefinedValue>
                                                <ColumnReference Column="Expr1021" />
                                                <ScalarOperator ScalarString="SUM([OurLabReporting].[dbo].[TEUCountsByResolvedTED].[PassTotal] as [cache].[PassTotal])">
                                                  <Aggregate Distinct="0" AggType="SUM">
                                                    <ScalarOperator>
                                                      <Identifier>
                                                        <ColumnReference Database="[OurLabReporting]" Schema="[dbo]" Table="[TEUCountsByResolvedTED]" Alias="[cache]" Column="PassTotal" />
                                                      </Identifier>
                                                    </ScalarOperator>
                                                  </Aggregate>
                                                </ScalarOperator>
                                              </DefinedValue>
                                              <DefinedValue>
                                                <ColumnReference Column="Expr1022" />
                                                <ScalarOperator ScalarString="SUM([OurLabReporting].[dbo].[TEUCountsByResolvedTED].[FailTotal] as [cache].[FailTotal])">
                                                  <Aggregate Distinct="0" AggType="SUM">
                                                    <ScalarOperator>
                                                      <Identifier>
                                                        <ColumnReference Database="[OurLabReporting]" Schema="[dbo]" Table="[TEUCountsByResolvedTED]" Alias="[cache]" Column="FailTotal" />
                                                      </Identifier>
                                                    </ScalarOperator>
                                                  </Aggregate>
                                                </ScalarOperator>
                                              </DefinedValue>
                                              <DefinedValue>
                                                <ColumnReference Column="Expr1023" />
                                                <ScalarOperator ScalarString="SUM([OurLabReporting].[dbo].[TEUCountsByResolvedTED].[WarnTotal] as [cache].[WarnTotal])">
                                                  <Aggregate Distinct="0" AggType="SUM">
                                                    <ScalarOperator>
                                                      <Identifier>
                                                        <ColumnReference Database="[OurLabReporting]" Schema="[dbo]" Table="[TEUCountsByResolvedTED]" Alias="[cache]" Column="WarnTotal" />
                                                      </Identifier>
                                                    </ScalarOperator>
                                                  </Aggregate>
                                                </ScalarOperator>
                                              </DefinedValue>
                                              <DefinedValue>
                                                <ColumnReference Column="Expr1024" />
                                                <ScalarOperator ScalarString="SUM([OurLabReporting].[dbo].[TEUCountsByResolvedTED].[SkipTotal] as [cache].[SkipTotal])">
                                                  <Aggregate Distinct="0" AggType="SUM">
                                                    <ScalarOperator>
                                                      <Identifier>
                                                        <ColumnReference Database="[OurLabReporting]" Schema="[dbo]" Table="[TEUCountsByResolvedTED]" Alias="[cache]" Column="SkipTotal" />
                                                      </Identifier>
                                                    </ScalarOperator>
                                                  </Aggregate>
                                                </ScalarOperator>
                                              </DefinedValue>
                                              <DefinedValue>
                                                <ColumnReference Column="Expr1025" />
                                                <ScalarOperator ScalarString="SUM([OurLabReporting].[dbo].[TEUCountsByResolvedTED].[BlockTotal] as [cache].[BlockTotal])">
                                                  <Aggregate Distinct="0" AggType="SUM">
                                                    <ScalarOperator>
                                                      <Identifier>
                                                        <ColumnReference Database="[OurLabReporting]" Schema="[dbo]" Table="[TEUCountsByResolvedTED]" Alias="[cache]" Column="BlockTotal" />
                                                      </Identifier>
                                                    </ScalarOperator>
                                                  </Aggregate>
                                                </ScalarOperator>
                                              </DefinedValue>
                                              <DefinedValue>
                                                <ColumnReference Column="Expr1026" />
                                                <ScalarOperator ScalarString="SUM([Expr1089])">
                                                  <Aggregate Distinct="0" AggType="SUM">
                                                    <ScalarOperator>
                                                      <Identifier>
                                                        <ColumnReference Column="Expr1089" />
                                                      </Identifier>
                                                    </ScalarOperator>
                                                  </Aggregate>
                                                </ScalarOperator>
                                              </DefinedValue>
                                            </DefinedValues>
                                            <RelOp NodeId="23" PhysicalOp="Compute Scalar" LogicalOp="Compute Scalar" EstimateRows="1" EstimateIO="0" EstimateCPU="1e-007" AvgRowSize="48" EstimatedTotalSubtreeCost="0.00657058" Parallel="0" EstimateRebinds="0" EstimateRewinds="0" EstimatedExecutionMode="Row">
                                              <OutputList>
                                                <ColumnReference Database="[OurLabReporting]" Schema="[dbo]" Table="[TEUCountsByResolvedTED]" Alias="[cache]" Column="TEUsCompleted" />
                                                <ColumnReference Database="[OurLabReporting]" Schema="[dbo]" Table="[TEUCountsByResolvedTED]" Alias="[cache]" Column="TEUsNotScheduled" />
                                                <ColumnReference Database="[OurLabReporting]" Schema="[dbo]" Table="[TEUCountsByResolvedTED]" Alias="[cache]" Column="TEUsFailed" />
                                                <ColumnReference Database="[OurLabReporting]" Schema="[dbo]" Table="[TEUCountsByResolvedTED]" Alias="[cache]" Column="TotalTEUs" />
                                                <ColumnReference Database="[OurLabReporting]" Schema="[dbo]" Table="[TEUCountsByResolvedTED]" Alias="[cache]" Column="PassTotal" />
                                                <ColumnReference Database="[OurLabReporting]" Schema="[dbo]" Table="[TEUCountsByResolvedTED]" Alias="[cache]" Column="FailTotal" />
                                                <ColumnReference Database="[OurLabReporting]" Schema="[dbo]" Table="[TEUCountsByResolvedTED]" Alias="[cache]" Column="WarnTotal" />
                                                <ColumnReference Database="[OurLabReporting]" Schema="[dbo]" Table="[TEUCountsByResolvedTED]" Alias="[cache]" Column="SkipTotal" />
                                                <ColumnReference Database="[OurLabReporting]" Schema="[dbo]" Table="[TEUCountsByResolvedTED]" Alias="[cache]" Column="BlockTotal" />
                                                <ColumnReference Column="Expr1089" />
                                              </OutputList>
                                              <ComputeScalar>
                                                <DefinedValues>
                                                  <DefinedValue>
                                                    <ColumnReference Column="Expr1089" />
                                                    <ScalarOperator ScalarString="[OurLabReporting].[dbo].[TEUCountsByResolvedTED].[Total] as [cache].[Total]">
                                                      <Identifier>
                                                        <ColumnReference Database="[OurLabReporting]" Schema="[dbo]" Table="[TEUCountsByResolvedTED]" Alias="[cache]" Column="Total" ComputedColumn="1" />
                                                      </Identifier>
                                                    </ScalarOperator>
                                                  </DefinedValue>
                                                </DefinedValues>
                                                <RelOp NodeId="24" PhysicalOp="Nested Loops" LogicalOp="Inner Join" EstimateRows="1" EstimateIO="0" EstimateCPU="4.18e-006" AvgRowSize="48" EstimatedTotalSubtreeCost="0.00657048" Parallel="0" EstimateRebinds="0" EstimateRewinds="0" EstimatedExecutionMode="Row">
                                                  <OutputList>
                                                    <ColumnReference Database="[OurLabReporting]" Schema="[dbo]" Table="[TEUCountsByResolvedTED]" Alias="[cache]" Column="TEUsCompleted" />
                                                    <ColumnReference Database="[OurLabReporting]" Schema="[dbo]" Table="[TEUCountsByResolvedTED]" Alias="[cache]" Column="TEUsNotScheduled" />
                                                    <ColumnReference Database="[OurLabReporting]" Schema="[dbo]" Table="[TEUCountsByResolvedTED]" Alias="[cache]" Column="TEUsFailed" />
                                                    <ColumnReference Database="[OurLabReporting]" Schema="[dbo]" Table="[TEUCountsByResolvedTED]" Alias="[cache]" Column="TotalTEUs" />
                                                    <ColumnReference Database="[OurLabReporting]" Schema="[dbo]" Table="[TEUCountsByResolvedTED]" Alias="[cache]" Column="PassTotal" />
                                                    <ColumnReference Database="[OurLabReporting]" Schema="[dbo]" Table="[TEUCountsByResolvedTED]" Alias="[cache]" Column="FailTotal" />
                                                    <ColumnReference Database="[OurLabReporting]" Schema="[dbo]" Table="[TEUCountsByResolvedTED]" Alias="[cache]" Column="WarnTotal" />
                                                    <ColumnReference Database="[OurLabReporting]" Schema="[dbo]" Table="[TEUCountsByResolvedTED]" Alias="[cache]" Column="SkipTotal" />
                                                    <ColumnReference Database="[OurLabReporting]" Schema="[dbo]" Table="[TEUCountsByResolvedTED]" Alias="[cache]" Column="BlockTotal" />
                                                    <ColumnReference Database="[OurLabReporting]" Schema="[dbo]" Table="[TEUCountsByResolvedTED]" Alias="[cache]" Column="Total" ComputedColumn="1" />
                                                  </OutputList>
                                                  <NestedLoops Optimized="0">
                                                    <OuterReferences>
                                                      <ColumnReference Database="[OurLabReporting]" Schema="[dbo]" Table="[ResolvedTED]" Alias="[rted]" Column="Id" />
                                                    </OuterReferences>
                                                    <RelOp NodeId="25" PhysicalOp="Index Seek" LogicalOp="Index Seek" EstimateRows="1" EstimateIO="0.003125" EstimateCPU="0.0001581" AvgRowSize="11" EstimatedTotalSubtreeCost="0.0032831" TableCardinality="1.37084e+006" Parallel="0" EstimateRebinds="0" EstimateRewinds="0" EstimatedExecutionMode="Row">
                                                      <OutputList>
                                                        <ColumnReference Database="[OurLabReporting]" Schema="[dbo]" Table="[ResolvedTED]" Alias="[rted]" Column="Id" />
                                                      </OutputList>
                                                      <IndexScan Ordered="1" ScanDirection="FORWARD" ForcedIndex="0" ForceSeek="0" ForceScan="0" NoExpandHint="0" Storage="RowStore">
                                                        <DefinedValues>
                                                          <DefinedValue>
                                                            <ColumnReference Database="[OurLabReporting]" Schema="[dbo]" Table="[ResolvedTED]" Alias="[rted]" Column="Id" />
                                                          </DefinedValue>
                                                        </DefinedValues>
                                                        <Object Database="[OurLabReporting]" Schema="[dbo]" Table="[ResolvedTED]" Index="[ResolvedTED_IDX_MixId]" Alias="[rted]" IndexKind="NonClustered" />
                                                        <SeekPredicates>
                                                          <SeekPredicateNew>
                                                            <SeekKeys>
                                                              <Prefix ScanType="EQ">
                                                                <RangeColumns>
                                                                  <ColumnReference Database="[OurLabReporting]" Schema="[dbo]" Table="[ResolvedTED]" Alias="[rted]" Column="MixId" />
                                                                </RangeColumns>
                                                                <RangeExpressions>
                                                                  <ScalarOperator ScalarString="[@MixId]">
                                                                    <Identifier>
                                                                      <ColumnReference Column="@MixId" />
                                                                    </Identifier>
                                                                  </ScalarOperator>
                                                                </RangeExpressions>
                                                              </Prefix>
                                                            </SeekKeys>
                                                          </SeekPredicateNew>
                                                        </SeekPredicates>
                                                      </IndexScan>
                                                    </RelOp>
                                                    <RelOp NodeId="26" PhysicalOp="Compute Scalar" LogicalOp="Compute Scalar" EstimateRows="1" EstimateIO="0" EstimateCPU="1e-007" AvgRowSize="48" EstimatedTotalSubtreeCost="0.0032832" Parallel="0" EstimateRebinds="0" EstimateRewinds="0" EstimatedExecutionMode="Row">
                                                      <OutputList>
                                                        <ColumnReference Database="[OurLabReporting]" Schema="[dbo]" Table="[TEUCountsByResolvedTED]" Alias="[cache]" Column="TEUsCompleted" />
                                                        <ColumnReference Database="[OurLabReporting]" Schema="[dbo]" Table="[TEUCountsByResolvedTED]" Alias="[cache]" Column="TEUsNotScheduled" />
                                                        <ColumnReference Database="[OurLabReporting]" Schema="[dbo]" Table="[TEUCountsByResolvedTED]" Alias="[cache]" Column="TEUsFailed" />
                                                        <ColumnReference Database="[OurLabReporting]" Schema="[dbo]" Table="[TEUCountsByResolvedTED]" Alias="[cache]" Column="TotalTEUs" />
                                                        <ColumnReference Database="[OurLabReporting]" Schema="[dbo]" Table="[TEUCountsByResolvedTED]" Alias="[cache]" Column="PassTotal" />
                                                        <ColumnReference Database="[OurLabReporting]" Schema="[dbo]" Table="[TEUCountsByResolvedTED]" Alias="[cache]" Column="FailTotal" />
                                                        <ColumnReference Database="[OurLabReporting]" Schema="[dbo]" Table="[TEUCountsByResolvedTED]" Alias="[cache]" Column="WarnTotal" />
                                                        <ColumnReference Database="[OurLabReporting]" Schema="[dbo]" Table="[TEUCountsByResolvedTED]" Alias="[cache]" Column="SkipTotal" />
                                                        <ColumnReference Database="[OurLabReporting]" Schema="[dbo]" Table="[TEUCountsByResolvedTED]" Alias="[cache]" Column="BlockTotal" />
                                                        <ColumnReference Database="[OurLabReporting]" Schema="[dbo]" Table="[TEUCountsByResolvedTED]" Alias="[cache]" Column="Total" ComputedColumn="1" />
                                                      </OutputList>
                                                      <ComputeScalar>
                                                        <DefinedValues>
                                                          <DefinedValue>
                                                            <ColumnReference Database="[OurLabReporting]" Schema="[dbo]" Table="[TEUCountsByResolvedTED]" Alias="[cache]" Column="Total" ComputedColumn="1" />
                                                            <ScalarOperator ScalarString="[OurLabReporting].[dbo].[TEUCountsByResolvedTED].[PassTotal] as [cache].[PassTotal]+[OurLabReporting].[dbo].[TEUCountsByResolvedTED].[FailTotal] as [cache].[FailTotal]+[OurLabReporting].[dbo].[TEUCountsByResolvedTED].[WarnTotal] as [cache].[WarnTotal]+[OurLabReporting].[dbo].[TEUCountsByResolvedTED].[SkipTotal] as [cache].[SkipTotal]+[OurLabReporting].[dbo].[TEUCountsByResolvedTED].[BlockTotal] as [cache].[BlockTotal]">
                                                              <Arithmetic Operation="ADD">
                                                                <ScalarOperator>
                                                                  <Arithmetic Operation="ADD">
                                                                    <ScalarOperator>
                                                                      <Arithmetic Operation="ADD">
                                                                        <ScalarOperator>
                                                                          <Arithmetic Operation="ADD">
                                                                            <ScalarOperator>
                                                                              <Identifier>
                                                                                <ColumnReference Database="[OurLabReporting]" Schema="[dbo]" Table="[TEUCountsByResolvedTED]" Alias="[cache]" Column="PassTotal" />
                                                                              </Identifier>
                                                                            </ScalarOperator>
                                                                            <ScalarOperator>
                                                                              <Identifier>
                                                                                <ColumnReference Database="[OurLabReporting]" Schema="[dbo]" Table="[TEUCountsByResolvedTED]" Alias="[cache]" Column="FailTotal" />
                                                                              </Identifier>
                                                                            </ScalarOperator>
                                                                          </Arithmetic>
                                                                        </ScalarOperator>
                                                                        <ScalarOperator>
                                                                          <Identifier>
                                                                            <ColumnReference Database="[OurLabReporting]" Schema="[dbo]" Table="[TEUCountsByResolvedTED]" Alias="[cache]" Column="WarnTotal" />
                                                                          </Identifier>
                                                                        </ScalarOperator>
                                                                      </Arithmetic>
                                                                    </ScalarOperator>
                                                                    <ScalarOperator>
                                                                      <Identifier>
                                                                        <ColumnReference Database="[OurLabReporting]" Schema="[dbo]" Table="[TEUCountsByResolvedTED]" Alias="[cache]" Column="SkipTotal" />
                                                                      </Identifier>
                                                                    </ScalarOperator>
                                                                  </Arithmetic>
                                                                </ScalarOperator>
                                                                <ScalarOperator>
                                                                  <Identifier>
                                                                    <ColumnReference Database="[OurLabReporting]" Schema="[dbo]" Table="[TEUCountsByResolvedTED]" Alias="[cache]" Column="BlockTotal" />
                                                                  </Identifier>
                                                                </ScalarOperator>
                                                              </Arithmetic>
                                                            </ScalarOperator>
                                                          </DefinedValue>
                                                        </DefinedValues>
                                                        <RelOp NodeId="27" PhysicalOp="Clustered Index Seek" LogicalOp="Clustered Index Seek" EstimateRows="1" EstimateIO="0.003125" EstimateCPU="0.0001581" AvgRowSize="44" EstimatedTotalSubtreeCost="0.0032831" TableCardinality="1.37084e+006" Parallel="0" EstimateRebinds="0" EstimateRewinds="0" EstimatedExecutionMode="Row">
                                                          <OutputList>
                                                            <ColumnReference Database="[OurLabReporting]" Schema="[dbo]" Table="[TEUCountsByResolvedTED]" Alias="[cache]" Column="TEUsCompleted" />
                                                            <ColumnReference Database="[OurLabReporting]" Schema="[dbo]" Table="[TEUCountsByResolvedTED]" Alias="[cache]" Column="TEUsNotScheduled" />
                                                            <ColumnReference Database="[OurLabReporting]" Schema="[dbo]" Table="[TEUCountsByResolvedTED]" Alias="[cache]" Column="TEUsFailed" />
                                                            <ColumnReference Database="[OurLabReporting]" Schema="[dbo]" Table="[TEUCountsByResolvedTED]" Alias="[cache]" Column="TotalTEUs" />
                                                            <ColumnReference Database="[OurLabReporting]" Schema="[dbo]" Table="[TEUCountsByResolvedTED]" Alias="[cache]" Column="PassTotal" />
                                                            <ColumnReference Database="[OurLabReporting]" Schema="[dbo]" Table="[TEUCountsByResolvedTED]" Alias="[cache]" Column="FailTotal" />
                                                            <ColumnReference Database="[OurLabReporting]" Schema="[dbo]" Table="[TEUCountsByResolvedTED]" Alias="[cache]" Column="WarnTotal" />
                                                            <ColumnReference Database="[OurLabReporting]" Schema="[dbo]" Table="[TEUCountsByResolvedTED]" Alias="[cache]" Column="SkipTotal" />
                                                            <ColumnReference Database="[OurLabReporting]" Schema="[dbo]" Table="[TEUCountsByResolvedTED]" Alias="[cache]" Column="BlockTotal" />
                                                          </OutputList>
                                                          <IndexScan Ordered="1" ScanDirection="FORWARD" ForcedIndex="0" ForceSeek="0" ForceScan="0" NoExpandHint="0" Storage="RowStore">
                                                            <DefinedValues>
                                                              <DefinedValue>
                                                                <ColumnReference Database="[OurLabReporting]" Schema="[dbo]" Table="[TEUCountsByResolvedTED]" Alias="[cache]" Column="TEUsCompleted" />
                                                              </DefinedValue>
                                                              <DefinedValue>
                                                                <ColumnReference Database="[OurLabReporting]" Schema="[dbo]" Table="[TEUCountsByResolvedTED]" Alias="[cache]" Column="TEUsNotScheduled" />
                                                              </DefinedValue>
                                                              <DefinedValue>
                                                                <ColumnReference Database="[OurLabReporting]" Schema="[dbo]" Table="[TEUCountsByResolvedTED]" Alias="[cache]" Column="TEUsFailed" />
                                                              </DefinedValue>
                                                              <DefinedValue>
                                                                <ColumnReference Database="[OurLabReporting]" Schema="[dbo]" Table="[TEUCountsByResolvedTED]" Alias="[cache]" Column="TotalTEUs" />
                                                              </DefinedValue>
                                                              <DefinedValue>
                                                                <ColumnReference Database="[OurLabReporting]" Schema="[dbo]" Table="[TEUCountsByResolvedTED]" Alias="[cache]" Column="PassTotal" />
                                                              </DefinedValue>
                                                              <DefinedValue>
                                                                <ColumnReference Database="[OurLabReporting]" Schema="[dbo]" Table="[TEUCountsByResolvedTED]" Alias="[cache]" Column="FailTotal" />
                                                              </DefinedValue>
                                                              <DefinedValue>
                                                                <ColumnReference Database="[OurLabReporting]" Schema="[dbo]" Table="[TEUCountsByResolvedTED]" Alias="[cache]" Column="WarnTotal" />
                                                              </DefinedValue>
                                                              <DefinedValue>
                                                                <ColumnReference Database="[OurLabReporting]" Schema="[dbo]" Table="[TEUCountsByResolvedTED]" Alias="[cache]" Column="SkipTotal" />
                                                              </DefinedValue>
                                                              <DefinedValue>
                                                                <ColumnReference Database="[OurLabReporting]" Schema="[dbo]" Table="[TEUCountsByResolvedTED]" Alias="[cache]" Column="BlockTotal" />
                                                              </DefinedValue>
                                                            </DefinedValues>
                                                            <Object Database="[OurLabReporting]" Schema="[dbo]" Table="[TEUCountsByResolvedTED]" Index="[TEUCountsByResolvedTED_PK]" Alias="[cache]" IndexKind="Clustered" />
                                                            <SeekPredicates>
                                                              <SeekPredicateNew>
                                                                <SeekKeys>
                                                                  <Prefix ScanType="EQ">
                                                                    <RangeColumns>
                                                                      <ColumnReference Database="[OurLabReporting]" Schema="[dbo]" Table="[TEUCountsByResolvedTED]" Alias="[cache]" Column="ResolvedTEDId" />
                                                                    </RangeColumns>
                                                                    <RangeExpressions>
                                                                      <ScalarOperator ScalarString="[OurLabReporting].[dbo].[ResolvedTED].[Id] as [rted].[Id]">
                                                                        <Identifier>
                                                                          <ColumnReference Database="[OurLabReporting]" Schema="[dbo]" Table="[ResolvedTED]" Alias="[rted]" Column="Id" />
                                                                        </Identifier>
                                                                      </ScalarOperator>
                                                                    </RangeExpressions>
                                                                  </Prefix>
                                                                </SeekKeys>
                                                              </SeekPredicateNew>
                                                            </SeekPredicates>
                                                          </IndexScan>
                                                        </RelOp>
                                                      </ComputeScalar>
                                                    </RelOp>
                                                  </NestedLoops>
                                                </RelOp>
                                              </ComputeScalar>
                                            </RelOp>
                                          </StreamAggregate>
                                        </RelOp>
                                      </NestedLoops>
                                    </RelOp>
                                    <RelOp NodeId="55" PhysicalOp="Nested Loops" LogicalOp="Inner Join" EstimateRows="1" EstimateIO="0" EstimateCPU="4.18e-006" AvgRowSize="166" EstimatedTotalSubtreeCost="0.0131449" Parallel="0" EstimateRebinds="0" EstimateRewinds="0" EstimatedExecutionMode="Row">
                                      <OutputList>
                                        <ColumnReference Database="[OurLabReporting]" Schema="[dbo]" Table="[PlatformBspFirmware]" Alias="[F]" Column="Name" />
                                        <ColumnReference Database="[OurLabReporting]" Schema="[dbo]" Table="[PlatformBsp]" Alias="[BSP]" Column="Name" />
                                        <ColumnReference Database="[OurLabReporting]" Schema="[dbo]" Table="[Platform]" Alias="[P]" Column="Name" />
                                      </OutputList>
                                      <NestedLoops Optimized="0">
                                        <OuterReferences>
                                          <ColumnReference Database="[OurLabReporting]" Schema="[dbo]" Table="[PlatformBsp]" Alias="[BSP]" Column="PlatformId" />
                                        </OuterReferences>
                                        <RelOp NodeId="56" PhysicalOp="Nested Loops" LogicalOp="Inner Join" EstimateRows="1" EstimateIO="0" EstimateCPU="4.18e-006" AvgRowSize="68" EstimatedTotalSubtreeCost="0.00985766" Parallel="0" EstimateRebinds="0" EstimateRewinds="0" EstimatedExecutionMode="Row">
                                          <OutputList>
                                            <ColumnReference Database="[OurLabReporting]" Schema="[dbo]" Table="[PlatformBspFirmware]" Alias="[F]" Column="Name" />
                                            <ColumnReference Database="[OurLabReporting]" Schema="[dbo]" Table="[PlatformBsp]" Alias="[BSP]" Column="PlatformId" />
                                            <ColumnReference Database="[OurLabReporting]" Schema="[dbo]" Table="[PlatformBsp]" Alias="[BSP]" Column="Name" />
                                          </OutputList>
                                          <NestedLoops Optimized="0">
                                            <OuterReferences>
                                              <ColumnReference Database="[OurLabReporting]" Schema="[dbo]" Table="[PlatformBspFirmware]" Alias="[F]" Column="PlatformBspId" />
                                            </OuterReferences>
                                            <RelOp NodeId="57" PhysicalOp="Nested Loops" LogicalOp="Inner Join" EstimateRows="1" EstimateIO="0" EstimateCPU="4.18e-006" AvgRowSize="52" EstimatedTotalSubtreeCost="0.00657038" Parallel="0" EstimateRebinds="0" EstimateRewinds="0" EstimatedExecutionMode="Row">
                                              <OutputList>
                                                <ColumnReference Database="[OurLabReporting]" Schema="[dbo]" Table="[PlatformBspFirmware]" Alias="[F]" Column="PlatformBspId" />
                                                <ColumnReference Database="[OurLabReporting]" Schema="[dbo]" Table="[PlatformBspFirmware]" Alias="[F]" Column="Name" />
                                              </OutputList>
                                              <NestedLoops Optimized="0">
                                                <OuterReferences>
                                                  <ColumnReference Database="[OurLabReporting]" Schema="[dbo]" Table="[Image]" Alias="[I]" Column="PlatformBspFirmwareId" />
                                                </OuterReferences>
                                                <RelOp NodeId="58" PhysicalOp="Clustered Index Seek" LogicalOp="Clustered Index Seek" EstimateRows="1" EstimateIO="0.003125" EstimateCPU="0.0001581" AvgRowSize="11" EstimatedTotalSubtreeCost="0.0032831" TableCardinality="104141" Parallel="0" EstimateRebinds="0" EstimateRewinds="0" EstimatedExecutionMode="Row">
                                                  <OutputList>
                                                    <ColumnReference Database="[OurLabReporting]" Schema="[dbo]" Table="[Image]" Alias="[I]" Column="PlatformBspFirmwareId" />
                                                  </OutputList>
                                                  <IndexScan Ordered="1" ScanDirection="FORWARD" ForcedIndex="0" ForceSeek="0" ForceScan="0" NoExpandHint="0" Storage="RowStore">
                                                    <DefinedValues>
                                                      <DefinedValue>
                                                        <ColumnReference Database="[OurLabReporting]" Schema="[dbo]" Table="[Image]" Alias="[I]" Column="PlatformBspFirmwareId" />
                                                      </DefinedValue>
                                                    </DefinedValues>
                                                    <Object Database="[OurLabReporting]" Schema="[dbo]" Table="[Image]" Index="[Image_PK]" Alias="[I]" IndexKind="Clustered" />
                                                    <SeekPredicates>
                                                      <SeekPredicateNew>
                                                        <SeekKeys>
                                                          <Prefix ScanType="EQ">
                                                            <RangeColumns>
                                                              <ColumnReference Database="[OurLabReporting]" Schema="[dbo]" Table="[Image]" Alias="[I]" Column="Id" />
                                                            </RangeColumns>
                                                            <RangeExpressions>
                                                              <ScalarOperator ScalarString="[OurLabReporting].[dbo].[Mix].[ImageId] as [mix].[ImageId]">
                                                                <Identifier>
                                                                  <ColumnReference Database="[OurLabReporting]" Schema="[dbo]" Table="[Mix]" Alias="[mix]" Column="ImageId" />
                                                                </Identifier>
                                                              </ScalarOperator>
                                                            </RangeExpressions>
                                                          </Prefix>
                                                        </SeekKeys>
                                                      </SeekPredicateNew>
                                                    </SeekPredicates>
                                                  </IndexScan>
                                                </RelOp>
                                                <RelOp NodeId="59" PhysicalOp="Clustered Index Seek" LogicalOp="Clustered Index Seek" EstimateRows="1" EstimateIO="0.003125" EstimateCPU="0.0001581" AvgRowSize="52" EstimatedTotalSubtreeCost="0.0032831" TableCardinality="3944" Parallel="0" EstimateRebinds="0" EstimateRewinds="0" EstimatedExecutionMode="Row">
                                                  <OutputList>
                                                    <ColumnReference Database="[OurLabReporting]" Schema="[dbo]" Table="[PlatformBspFirmware]" Alias="[F]" Column="PlatformBspId" />
                                                    <ColumnReference Database="[OurLabReporting]" Schema="[dbo]" Table="[PlatformBspFirmware]" Alias="[F]" Column="Name" />
                                                  </OutputList>
                                                  <IndexScan Ordered="1" ScanDirection="FORWARD" ForcedIndex="0" ForceSeek="0" ForceScan="0" NoExpandHint="0" Storage="RowStore">
                                                    <DefinedValues>
                                                      <DefinedValue>
                                                        <ColumnReference Database="[OurLabReporting]" Schema="[dbo]" Table="[PlatformBspFirmware]" Alias="[F]" Column="PlatformBspId" />
                                                      </DefinedValue>
                                                      <DefinedValue>
                                                        <ColumnReference Database="[OurLabReporting]" Schema="[dbo]" Table="[PlatformBspFirmware]" Alias="[F]" Column="Name" />
                                                      </DefinedValue>
                                                    </DefinedValues>
                                                    <Object Database="[OurLabReporting]" Schema="[dbo]" Table="[PlatformBspFirmware]" Index="[PlatformBspFirmware_PK]" Alias="[F]" IndexKind="Clustered" />
                                                    <SeekPredicates>
                                                      <SeekPredicateNew>
                                                        <SeekKeys>
                                                          <Prefix ScanType="EQ">
                                                            <RangeColumns>
                                                              <ColumnReference Database="[OurLabReporting]" Schema="[dbo]" Table="[PlatformBspFirmware]" Alias="[F]" Column="Id" />
                                                            </RangeColumns>
                                                            <RangeExpressions>
                                                              <ScalarOperator ScalarString="[OurLabReporting].[dbo].[Image].[PlatformBspFirmwareId] as [I].[PlatformBspFirmwareId]">
                                                                <Identifier>
                                                                  <ColumnReference Database="[OurLabReporting]" Schema="[dbo]" Table="[Image]" Alias="[I]" Column="PlatformBspFirmwareId" />
                                                                </Identifier>
                                                              </ScalarOperator>
                                                            </RangeExpressions>
                                                          </Prefix>
                                                        </SeekKeys>
                                                      </SeekPredicateNew>
                                                    </SeekPredicates>
                                                  </IndexScan>
                                                </RelOp>
                                              </NestedLoops>
                                            </RelOp>
                                            <RelOp NodeId="60" PhysicalOp="Clustered Index Seek" LogicalOp="Clustered Index Seek" EstimateRows="1" EstimateIO="0.003125" EstimateCPU="0.0001581" AvgRowSize="29" EstimatedTotalSubtreeCost="0.0032831" TableCardinality="7" Parallel="0" EstimateRebinds="0" EstimateRewinds="0" EstimatedExecutionMode="Row">
                                              <OutputList>
                                                <ColumnReference Database="[OurLabReporting]" Schema="[dbo]" Table="[PlatformBsp]" Alias="[BSP]" Column="PlatformId" />
                                                <ColumnReference Database="[OurLabReporting]" Schema="[dbo]" Table="[PlatformBsp]" Alias="[BSP]" Column="Name" />
                                              </OutputList>
                                              <IndexScan Ordered="1" ScanDirection="FORWARD" ForcedIndex="0" ForceSeek="0" ForceScan="0" NoExpandHint="0" Storage="RowStore">
                                                <DefinedValues>
                                                  <DefinedValue>
                                                    <ColumnReference Database="[OurLabReporting]" Schema="[dbo]" Table="[PlatformBsp]" Alias="[BSP]" Column="PlatformId" />
                                                  </DefinedValue>
                                                  <DefinedValue>
                                                    <ColumnReference Database="[OurLabReporting]" Schema="[dbo]" Table="[PlatformBsp]" Alias="[BSP]" Column="Name" />
                                                  </DefinedValue>
                                                </DefinedValues>
                                                <Object Database="[OurLabReporting]" Schema="[dbo]" Table="[PlatformBsp]" Index="[PlatformBsp_PK]" Alias="[BSP]" IndexKind="Clustered" />
                                                <SeekPredicates>
                                                  <SeekPredicateNew>
                                                    <SeekKeys>
                                                      <Prefix ScanType="EQ">
                                                        <RangeColumns>
                                                          <ColumnReference Database="[OurLabReporting]" Schema="[dbo]" Table="[PlatformBsp]" Alias="[BSP]" Column="Id" />
                                                        </RangeColumns>
                                                        <RangeExpressions>
                                                          <ScalarOperator ScalarString="[OurLabReporting].[dbo].[PlatformBspFirmware].[PlatformBspId] as [F].[PlatformBspId]">
                                                            <Identifier>
                                                              <ColumnReference Database="[OurLabReporting]" Schema="[dbo]" Table="[PlatformBspFirmware]" Alias="[F]" Column="PlatformBspId" />
                                                            </Identifier>
                                                          </ScalarOperator>
                                                        </RangeExpressions>
                                                      </Prefix>
                                                    </SeekKeys>
                                                  </SeekPredicateNew>
                                                </SeekPredicates>
                                              </IndexScan>
                                            </RelOp>
                                          </NestedLoops>
                                        </RelOp>
                                        <RelOp NodeId="61" PhysicalOp="Clustered Index Seek" LogicalOp="Clustered Index Seek" EstimateRows="1" EstimateIO="0.003125" EstimateCPU="0.0001581" AvgRowSize="111" EstimatedTotalSubtreeCost="0.0032831" TableCardinality="5" Parallel="0" EstimateRebinds="0" EstimateRewinds="0" EstimatedExecutionMode="Row">
                                          <OutputList>
                                            <ColumnReference Database="[OurLabReporting]" Schema="[dbo]" Table="[Platform]" Alias="[P]" Column="Name" />
                                          </OutputList>
                                          <IndexScan Ordered="1" ScanDirection="FORWARD" ForcedIndex="0" ForceSeek="0" ForceScan="0" NoExpandHint="0" Storage="RowStore">
                                            <DefinedValues>
                                              <DefinedValue>
                                                <ColumnReference Database="[OurLabReporting]" Schema="[dbo]" Table="[Platform]" Alias="[P]" Column="Name" />
                                              </DefinedValue>
                                            </DefinedValues>
                                            <Object Database="[OurLabReporting]" Schema="[dbo]" Table="[Platform]" Index="[Platform_PK]" Alias="[P]" IndexKind="Clustered" />
                                            <SeekPredicates>
                                              <SeekPredicateNew>
                                                <SeekKeys>
                                                  <Prefix ScanType="EQ">
                                                    <RangeColumns>
                                                      <ColumnReference Database="[OurLabReporting]" Schema="[dbo]" Table="[Platform]" Alias="[P]" Column="Id" />
                                                    </RangeColumns>
                                                    <RangeExpressions>
                                                      <ScalarOperator ScalarString="[OurLabReporting].[dbo].[PlatformBsp].[PlatformId] as [BSP].[PlatformId]">
                                                        <Identifier>
                                                          <ColumnReference Database="[OurLabReporting]" Schema="[dbo]" Table="[PlatformBsp]" Alias="[BSP]" Column="PlatformId" />
                                                        </Identifier>
                                                      </ScalarOperator>
                                                    </RangeExpressions>
                                                  </Prefix>
                                                </SeekKeys>
                                              </SeekPredicateNew>
                                            </SeekPredicates>
                                          </IndexScan>
                                        </RelOp>
                                      </NestedLoops>
                                    </RelOp>
                                  </NestedLoops>
                                </RelOp>
                                <RelOp NodeId="62" PhysicalOp="Compute Scalar" LogicalOp="Compute Scalar" EstimateRows="1" EstimateIO="0" EstimateCPU="1e-007" AvgRowSize="11" EstimatedTotalSubtreeCost="8.26893" Parallel="0" EstimateRebinds="0" EstimateRewinds="0" EstimatedExecutionMode="Row">
                                  <OutputList>
                                    <ColumnReference Column="Expr1053" />
                                  </OutputList>
                                  <ComputeScalar>
                                    <DefinedValues>
                                      <DefinedValue>
                                        <ColumnReference Column="Expr1053" />
                                        <ScalarOperator ScalarString="[Expr1051]">
                                          <Identifier>
                                            <ColumnReference Column="Expr1051" />
                                          </Identifier>
                                        </ScalarOperator>
                                      </DefinedValue>
                                    </DefinedValues>
                                    <RelOp NodeId="63" PhysicalOp="Compute Scalar" LogicalOp="Compute Scalar" EstimateRows="1" EstimateIO="0" EstimateCPU="0.00156532" AvgRowSize="11" EstimatedTotalSubtreeCost="8.26892" Parallel="0" EstimateRebinds="0" EstimateRewinds="0" EstimatedExecutionMode="Row">
                                      <OutputList>
                                        <ColumnReference Column="Expr1051" />
                                      </OutputList>
                                      <ComputeScalar>
                                        <DefinedValues>
                                          <DefinedValue>
                                            <ColumnReference Column="Expr1051" />
                                            <ScalarOperator ScalarString="CONVERT_IMPLICIT(int,[Expr1112],0)">
                                              <Convert DataType="int" Style="0" Implicit="1">
                                                <ScalarOperator>
                                                  <Identifier>
                                                    <ColumnReference Column="Expr1112" />
                                                  </Identifier>
                                                </ScalarOperator>
                                              </Convert>
                                            </ScalarOperator>
                                          </DefinedValue>
                                        </DefinedValues>
                                        <RelOp NodeId="64" PhysicalOp="Stream Aggregate" LogicalOp="Aggregate" EstimateRows="1" EstimateIO="0" EstimateCPU="0.00156532" AvgRowSize="11" EstimatedTotalSubtreeCost="8.26892" Parallel="0" EstimateRebinds="0" EstimateRewinds="0" EstimatedExecutionMode="Row">
                                          <OutputList>
                                            <ColumnReference Column="Expr1112" />
                                          </OutputList>
                                          <StreamAggregate>
                                            <DefinedValues>
                                              <DefinedValue>
                                                <ColumnReference Column="Expr1112" />
                                                <ScalarOperator ScalarString="Count(*)">
                                                  <Aggregate AggType="countstar" Distinct="0" />
                                                </ScalarOperator>
                                              </DefinedValue>
                                            </DefinedValues>
                                            <RelOp NodeId="65" PhysicalOp="Nested Loops" LogicalOp="Inner Join" EstimateRows="2608.03" EstimateIO="0" EstimateCPU="0.0109015" AvgRowSize="11" EstimatedTotalSubtreeCost="8.26736" Parallel="0" EstimateRebinds="0" EstimateRewinds="0" EstimatedExecutionMode="Row">
                                              <OutputList>
                                                <ColumnReference Database="[OurLabReporting]" Schema="[dbo]" Table="[Failure]" Alias="[F]" Column="Id" />
                                              </OutputList>
                                              <NestedLoops Optimized="1" WithUnorderedPrefetch="1">
                                                <OuterReferences>
                                                  <ColumnReference Database="[OurLabReporting]" Schema="[dbo]" Table="[Failure]" Alias="[F]" Column="TEUId" />
                                                  <ColumnReference Column="Expr1111" />
                                                </OuterReferences>
                                                <RelOp NodeId="68" PhysicalOp="Nested Loops" LogicalOp="Inner Join" EstimateRows="2608.03" EstimateIO="0" EstimateCPU="0.0109015" AvgRowSize="19" EstimatedTotalSubtreeCost="0.0384376" Parallel="0" EstimateRebinds="0" EstimateRewinds="0" EstimatedExecutionMode="Row">
                                                  <OutputList>
                                                    <ColumnReference Database="[OurLabReporting]" Schema="[dbo]" Table="[Failure]" Alias="[F]" Column="Id" />
                                                    <ColumnReference Database="[OurLabReporting]" Schema="[dbo]" Table="[Failure]" Alias="[F]" Column="TEUId" />
                                                  </OutputList>
                                                  <NestedLoops Optimized="0">
                                                    <OuterReferences>
                                                      <ColumnReference Database="[OurLabReporting]" Schema="[dbo]" Table="[ResolvedTED]" Column="Id" />
                                                    </OuterReferences>
                                                    <RelOp NodeId="69" PhysicalOp="Nested Loops" LogicalOp="Inner Join" EstimateRows="1" EstimateIO="0" EstimateCPU="4.18e-006" AvgRowSize="11" EstimatedTotalSubtreeCost="0.00657038" Parallel="0" EstimateRebinds="0" EstimateRewinds="0" EstimatedExecutionMode="Row">
                                                      <OutputList>
                                                        <ColumnReference Database="[OurLabReporting]" Schema="[dbo]" Table="[ResolvedTED]" Column="Id" />
                                                      </OutputList>
                                                      <NestedLoops Optimized="0">
                                                        <RelOp NodeId="70" PhysicalOp="Clustered Index Seek" LogicalOp="Clustered Index Seek" EstimateRows="1" EstimateIO="0.003125" EstimateCPU="0.0001581" AvgRowSize="9" EstimatedTotalSubtreeCost="0.0032831" TableCardinality="1.48176e+006" Parallel="0" EstimateRebinds="0" EstimateRewinds="0" EstimatedExecutionMode="Row">
                                                          <OutputList />
                                                          <IndexScan Ordered="1" ScanDirection="FORWARD" ForcedIndex="0" ForceSeek="0" ForceScan="0" NoExpandHint="0" Storage="RowStore">
                                                            <DefinedValues />
                                                            <Object Database="[OurLabReporting]" Schema="[dbo]" Table="[Mix]" Index="[Mix_PK]" TableReferenceId="1" IndexKind="Clustered" />
                                                            <SeekPredicates>
                                                              <SeekPredicateNew>
                                                                <SeekKeys>
                                                                  <Prefix ScanType="EQ">
                                                                    <RangeColumns>
                                                                      <ColumnReference Database="[OurLabReporting]" Schema="[dbo]" Table="[Mix]" Column="Id" />
                                                                    </RangeColumns>
                                                                    <RangeExpressions>
                                                                      <ScalarOperator ScalarString="[@MixId]">
                                                                        <Identifier>
                                                                          <ColumnReference Column="@MixId" />
                                                                        </Identifier>
                                                                      </ScalarOperator>
                                                                    </RangeExpressions>
                                                                  </Prefix>
                                                                </SeekKeys>
                                                              </SeekPredicateNew>
                                                            </SeekPredicates>
                                                          </IndexScan>
                                                        </RelOp>
                                                        <RelOp NodeId="71" PhysicalOp="Index Seek" LogicalOp="Index Seek" EstimateRows="1" EstimateIO="0.003125" EstimateCPU="0.0001581" AvgRowSize="11" EstimatedTotalSubtreeCost="0.0032831" TableCardinality="1.37084e+006" Parallel="0" EstimateRebinds="0" EstimateRewinds="0" EstimatedExecutionMode="Row">
                                                          <OutputList>
                                                            <ColumnReference Database="[OurLabReporting]" Schema="[dbo]" Table="[ResolvedTED]" Column="Id" />
                                                          </OutputList>
                                                          <IndexScan Ordered="1" ScanDirection="FORWARD" ForcedIndex="0" ForceSeek="0" ForceScan="0" NoExpandHint="0" Storage="RowStore">
                                                            <DefinedValues>
                                                              <DefinedValue>
                                                                <ColumnReference Database="[OurLabReporting]" Schema="[dbo]" Table="[ResolvedTED]" Column="Id" />
                                                              </DefinedValue>
                                                            </DefinedValues>
                                                            <Object Database="[OurLabReporting]" Schema="[dbo]" Table="[ResolvedTED]" Index="[ResolvedTED_IDX_MixId]" TableReferenceId="1" IndexKind="NonClustered" />
                                                            <SeekPredicates>
                                                              <SeekPredicateNew>
                                                                <SeekKeys>
                                                                  <Prefix ScanType="EQ">
                                                                    <RangeColumns>
                                                                      <ColumnReference Database="[OurLabReporting]" Schema="[dbo]" Table="[ResolvedTED]" Column="MixId" />
                                                                    </RangeColumns>
                                                                    <RangeExpressions>
                                                                      <ScalarOperator ScalarString="[@MixId]">
                                                                        <Identifier>
                                                                          <ColumnReference Column="@MixId" />
                                                                        </Identifier>
                                                                      </ScalarOperator>
                                                                    </RangeExpressions>
                                                                  </Prefix>
                                                                </SeekKeys>
                                                              </SeekPredicateNew>
                                                            </SeekPredicates>
                                                          </IndexScan>
                                                        </RelOp>
                                                      </NestedLoops>
                                                    </RelOp>
                                                    <RelOp NodeId="72" PhysicalOp="Index Seek" LogicalOp="Index Seek" EstimateRows="2608.03" EstimateIO="0.0179398" EstimateCPU="0.00302583" AvgRowSize="19" EstimatedTotalSubtreeCost="0.0209656" TableCardinality="3.38966e+007" Parallel="0" EstimateRebinds="0" EstimateRewinds="0" EstimatedExecutionMode="Row">
                                                      <OutputList>
                                                        <ColumnReference Database="[OurLabReporting]" Schema="[dbo]" Table="[Failure]" Alias="[F]" Column="Id" />
                                                        <ColumnReference Database="[OurLabReporting]" Schema="[dbo]" Table="[Failure]" Alias="[F]" Column="TEUId" />
                                                      </OutputList>
                                                      <IndexScan Ordered="1" ScanDirection="FORWARD" ForcedIndex="0" ForceSeek="0" ForceScan="0" NoExpandHint="0" Storage="RowStore">
                                                        <DefinedValues>
                                                          <DefinedValue>
                                                            <ColumnReference Database="[OurLabReporting]" Schema="[dbo]" Table="[Failure]" Alias="[F]" Column="Id" />
                                                          </DefinedValue>
                                                          <DefinedValue>
                                                            <ColumnReference Database="[OurLabReporting]" Schema="[dbo]" Table="[Failure]" Alias="[F]" Column="TEUId" />
                                                          </DefinedValue>
                                                        </DefinedValues>
                                                        <Object Database="[OurLabReporting]" Schema="[dbo]" Table="[Failure]" Index="[Failure_IDX_ResolvedTED]" Alias="[F]" TableReferenceId="1" IndexKind="NonClustered" />
                                                        <SeekPredicates>
                                                          <SeekPredicateNew>
                                                            <SeekKeys>
                                                              <Prefix ScanType="EQ">
                                                                <RangeColumns>
                                                                  <ColumnReference Database="[OurLabReporting]" Schema="[dbo]" Table="[Failure]" Alias="[F]" Column="ResolvedTEDId" />
                                                                </RangeColumns>
                                                                <RangeExpressions>
                                                                  <ScalarOperator ScalarString="[OurLabReporting].[dbo].[ResolvedTED].[Id]">
                                                                    <Identifier>
                                                                      <ColumnReference Database="[OurLabReporting]" Schema="[dbo]" Table="[ResolvedTED]" Column="Id" />
                                                                    </Identifier>
                                                                  </ScalarOperator>
                                                                </RangeExpressions>
                                                              </Prefix>
                                                            </SeekKeys>
                                                          </SeekPredicateNew>
                                                        </SeekPredicates>
                                                      </IndexScan>
                                                    </RelOp>
                                                  </NestedLoops>
                                                </RelOp>
                                                <RelOp NodeId="73" PhysicalOp="Index Seek" LogicalOp="Index Seek" EstimateRows="1" EstimateIO="0.003125" EstimateCPU="0.0001581" AvgRowSize="9" EstimatedTotalSubtreeCost="8.21677" TableCardinality="4.12024e+007" Parallel="0" EstimateRebinds="2606.93" EstimateRewinds="0.090612" EstimatedExecutionMode="Row">
                                                  <OutputList />
                                                  <IndexScan Ordered="1" ScanDirection="FORWARD" ForcedIndex="0" ForceSeek="0" ForceScan="0" NoExpandHint="0" Storage="RowStore">
                                                    <DefinedValues />
                                                    <Object Database="[OurLabReporting]" Schema="[dbo]" Table="[TEU]" Index="[Teu_IDX_Id]" TableReferenceId="1" IndexKind="NonClustered" />
                                                    <SeekPredicates>
                                                      <SeekPredicateNew>
                                                        <SeekKeys>
                                                          <Prefix ScanType="EQ">
                                                            <RangeColumns>
                                                              <ColumnReference Database="[OurLabReporting]" Schema="[dbo]" Table="[TEU]" Column="Id" />
                                                            </RangeColumns>
                                                            <RangeExpressions>
                                                              <ScalarOperator ScalarString="[OurLabReporting].[dbo].[Failure].[TEUId] as [F].[TEUId]">
                                                                <Identifier>
                                                                  <ColumnReference Database="[OurLabReporting]" Schema="[dbo]" Table="[Failure]" Alias="[F]" Column="TEUId" />
                                                                </Identifier>
                                                              </ScalarOperator>
                                                            </RangeExpressions>
                                                          </Prefix>
                                                        </SeekKeys>
                                                      </SeekPredicateNew>
                                                    </SeekPredicates>
                                                    <Predicate>
                                                      <ScalarOperator ScalarString="[OurLabReporting].[dbo].[TEU].[IsRerunPrimary]=(1)">
                                                        <Compare CompareOp="EQ">
                                                          <ScalarOperator>
                                                            <Identifier>
                                                              <ColumnReference Database="[OurLabReporting]" Schema="[dbo]" Table="[TEU]" Column="IsRerunPrimary" />
                                                            </Identifier>
                                                          </ScalarOperator>
                                                          <ScalarOperator>
                                                            <Const ConstValue="(1)" />
                                                          </ScalarOperator>
                                                        </Compare>
                                                      </ScalarOperator>
                                                    </Predicate>
                                                  </IndexScan>
                                                </RelOp>
                                              </NestedLoops>
                                            </RelOp>
                                          </StreamAggregate>
                                        </RelOp>
                                      </ComputeScalar>
                                    </RelOp>
                                  </ComputeScalar>
                                </RelOp>
                              </NestedLoops>
                            </RelOp>
                            <RelOp NodeId="81" PhysicalOp="Compute Scalar" LogicalOp="Compute Scalar" EstimateRows="1" EstimateIO="0" EstimateCPU="1e-007" AvgRowSize="11" EstimatedTotalSubtreeCost="8.27018" Parallel="0" EstimateRebinds="0" EstimateRewinds="0" EstimatedExecutionMode="Row">
                              <OutputList>
                                <ColumnReference Column="Expr1067" />
                              </OutputList>
                              <ComputeScalar>
                                <DefinedValues>
                                  <DefinedValue>
                                    <ColumnReference Column="Expr1067" />
                                    <ScalarOperator ScalarString="[Expr1065]">
                                      <Identifier>
                                        <ColumnReference Column="Expr1065" />
                                      </Identifier>
                                    </ScalarOperator>
                                  </DefinedValue>
                                </DefinedValues>
                                <RelOp NodeId="82" PhysicalOp="Compute Scalar" LogicalOp="Compute Scalar" EstimateRows="1" EstimateIO="0" EstimateCPU="0.00156532" AvgRowSize="11" EstimatedTotalSubtreeCost="8.27018" Parallel="0" EstimateRebinds="0" EstimateRewinds="0" EstimatedExecutionMode="Row">
                                  <OutputList>
                                    <ColumnReference Column="Expr1065" />
                                  </OutputList>
                                  <ComputeScalar>
                                    <DefinedValues>
                                      <DefinedValue>
                                        <ColumnReference Column="Expr1065" />
                                        <ScalarOperator ScalarString="CONVERT_IMPLICIT(int,[Expr1114],0)">
                                          <Convert DataType="int" Style="0" Implicit="1">
                                            <ScalarOperator>
                                              <Identifier>
                                                <ColumnReference Column="Expr1114" />
                                              </Identifier>
                                            </ScalarOperator>
                                          </Convert>
                                        </ScalarOperator>
                                      </DefinedValue>
                                    </DefinedValues>
                                    <RelOp NodeId="83" PhysicalOp="Stream Aggregate" LogicalOp="Aggregate" EstimateRows="1" EstimateIO="0" EstimateCPU="0.00156532" AvgRowSize="11" EstimatedTotalSubtreeCost="8.27018" Parallel="0" EstimateRebinds="0" EstimateRewinds="0" EstimatedExecutionMode="Row">
                                      <OutputList>
                                        <ColumnReference Column="Expr1114" />
                                      </OutputList>
                                      <StreamAggregate>
                                        <DefinedValues>
                                          <DefinedValue>
                                            <ColumnReference Column="Expr1114" />
                                            <ScalarOperator ScalarString="Count(*)">
                                              <Aggregate AggType="countstar" Distinct="0" />
                                            </ScalarOperator>
                                          </DefinedValue>
                                        </DefinedValues>
                                        <RelOp NodeId="84" PhysicalOp="Nested Loops" LogicalOp="Inner Join" EstimateRows="2608.03" EstimateIO="0" EstimateCPU="0.0109015" AvgRowSize="11" EstimatedTotalSubtreeCost="8.26861" Parallel="0" EstimateRebinds="0" EstimateRewinds="0" EstimatedExecutionMode="Row">
                                          <OutputList>
                                            <ColumnReference Database="[OurLabReporting]" Schema="[dbo]" Table="[Failure]" Alias="[F]" Column="Id" />
                                          </OutputList>
                                          <NestedLoops Optimized="1" WithUnorderedPrefetch="1">
                                            <OuterReferences>
                                              <ColumnReference Database="[OurLabReporting]" Schema="[dbo]" Table="[Failure]" Alias="[F]" Column="TEUId" />
                                              <ColumnReference Column="Expr1113" />
                                            </OuterReferences>
                                            <RelOp NodeId="87" PhysicalOp="Nested Loops" LogicalOp="Inner Join" EstimateRows="2608.03" EstimateIO="0" EstimateCPU="0.0109015" AvgRowSize="19" EstimatedTotalSubtreeCost="0.0396894" Parallel="0" EstimateRebinds="0" EstimateRewinds="0" EstimatedExecutionMode="Row">
                                              <OutputList>
                                                <ColumnReference Database="[OurLabReporting]" Schema="[dbo]" Table="[Failure]" Alias="[F]" Column="Id" />
                                                <ColumnReference Database="[OurLabReporting]" Schema="[dbo]" Table="[Failure]" Alias="[F]" Column="TEUId" />
                                              </OutputList>
                                              <NestedLoops Optimized="0">
                                                <OuterReferences>
                                                  <ColumnReference Database="[OurLabReporting]" Schema="[dbo]" Table="[ResolvedTED]" Column="Id" />
                                                </OuterReferences>
                                                <RelOp NodeId="88" PhysicalOp="Nested Loops" LogicalOp="Inner Join" EstimateRows="1" EstimateIO="0" EstimateCPU="4.18e-006" AvgRowSize="11" EstimatedTotalSubtreeCost="0.00657038" Parallel="0" EstimateRebinds="0" EstimateRewinds="0" EstimatedExecutionMode="Row">
                                                  <OutputList>
                                                    <ColumnReference Database="[OurLabReporting]" Schema="[dbo]" Table="[ResolvedTED]" Column="Id" />
                                                  </OutputList>
                                                  <NestedLoops Optimized="0">
                                                    <RelOp NodeId="89" PhysicalOp="Clustered Index Seek" LogicalOp="Clustered Index Seek" EstimateRows="1" EstimateIO="0.003125" EstimateCPU="0.0001581" AvgRowSize="9" EstimatedTotalSubtreeCost="0.0032831" TableCardinality="1.48176e+006" Parallel="0" EstimateRebinds="0" EstimateRewinds="0" EstimatedExecutionMode="Row">
                                                      <OutputList />
                                                      <IndexScan Ordered="1" ScanDirection="FORWARD" ForcedIndex="0" ForceSeek="0" ForceScan="0" NoExpandHint="0" Storage="RowStore">
                                                        <DefinedValues />
                                                        <Object Database="[OurLabReporting]" Schema="[dbo]" Table="[Mix]" Index="[Mix_PK]" TableReferenceId="2" IndexKind="Clustered" />
                                                        <SeekPredicates>
                                                          <SeekPredicateNew>
                                                            <SeekKeys>
                                                              <Prefix ScanType="EQ">
                                                                <RangeColumns>
                                                                  <ColumnReference Database="[OurLabReporting]" Schema="[dbo]" Table="[Mix]" Column="Id" />
                                                                </RangeColumns>
                                                                <RangeExpressions>
                                                                  <ScalarOperator ScalarString="[@MixId]">
                                                                    <Identifier>
                                                                      <ColumnReference Column="@MixId" />
                                                                    </Identifier>
                                                                  </ScalarOperator>
                                                                </RangeExpressions>
                                                              </Prefix>
                                                            </SeekKeys>
                                                          </SeekPredicateNew>
                                                        </SeekPredicates>
                                                      </IndexScan>
                                                    </RelOp>
                                                    <RelOp NodeId="90" PhysicalOp="Index Seek" LogicalOp="Index Seek" EstimateRows="1" EstimateIO="0.003125" EstimateCPU="0.0001581" AvgRowSize="11" EstimatedTotalSubtreeCost="0.0032831" TableCardinality="1.37084e+006" Parallel="0" EstimateRebinds="0" EstimateRewinds="0" EstimatedExecutionMode="Row">
                                                      <OutputList>
                                                        <ColumnReference Database="[OurLabReporting]" Schema="[dbo]" Table="[ResolvedTED]" Column="Id" />
                                                      </OutputList>
                                                      <IndexScan Ordered="1" ScanDirection="FORWARD" ForcedIndex="0" ForceSeek="0" ForceScan="0" NoExpandHint="0" Storage="RowStore">
                                                        <DefinedValues>
                                                          <DefinedValue>
                                                            <ColumnReference Database="[OurLabReporting]" Schema="[dbo]" Table="[ResolvedTED]" Column="Id" />
                                                          </DefinedValue>
                                                        </DefinedValues>
                                                        <Object Database="[OurLabReporting]" Schema="[dbo]" Table="[ResolvedTED]" Index="[ResolvedTED_IDX_MixId]" TableReferenceId="2" IndexKind="NonClustered" />
                                                        <SeekPredicates>
                                                          <SeekPredicateNew>
                                                            <SeekKeys>
                                                              <Prefix ScanType="EQ">
                                                                <RangeColumns>
                                                                  <ColumnReference Database="[OurLabReporting]" Schema="[dbo]" Table="[ResolvedTED]" Column="MixId" />
                                                                </RangeColumns>
                                                                <RangeExpressions>
                                                                  <ScalarOperator ScalarString="[@MixId]">
                                                                    <Identifier>
                                                                      <ColumnReference Column="@MixId" />
                                                                    </Identifier>
                                                                  </ScalarOperator>
                                                                </RangeExpressions>
                                                              </Prefix>
                                                            </SeekKeys>
                                                          </SeekPredicateNew>
                                                        </SeekPredicates>
                                                      </IndexScan>
                                                    </RelOp>
                                                  </NestedLoops>
                                                </RelOp>
                                                <RelOp NodeId="91" PhysicalOp="Index Seek" LogicalOp="Index Seek" EstimateRows="2608.03" EstimateIO="0.0179398" EstimateCPU="0.00302583" AvgRowSize="23" EstimatedTotalSubtreeCost="0.0209656" TableCardinality="3.38966e+007" Parallel="0" EstimateRebinds="0" EstimateRewinds="0" EstimatedExecutionMode="Row">
                                                  <OutputList>
                                                    <ColumnReference Database="[OurLabReporting]" Schema="[dbo]" Table="[Failure]" Alias="[F]" Column="Id" />
                                                    <ColumnReference Database="[OurLabReporting]" Schema="[dbo]" Table="[Failure]" Alias="[F]" Column="TEUId" />
                                                  </OutputList>
                                                  <IndexScan Ordered="1" ScanDirection="FORWARD" ForcedIndex="0" ForceSeek="0" ForceScan="0" NoExpandHint="0" Storage="RowStore">
                                                    <DefinedValues>
                                                      <DefinedValue>
                                                        <ColumnReference Database="[OurLabReporting]" Schema="[dbo]" Table="[Failure]" Alias="[F]" Column="Id" />
                                                      </DefinedValue>
                                                      <DefinedValue>
                                                        <ColumnReference Database="[OurLabReporting]" Schema="[dbo]" Table="[Failure]" Alias="[F]" Column="TEUId" />
                                                      </DefinedValue>
                                                    </DefinedValues>
                                                    <Object Database="[OurLabReporting]" Schema="[dbo]" Table="[Failure]" Index="[Failure_IDX_ResolvedTED]" Alias="[F]" TableReferenceId="2" IndexKind="NonClustered" />
                                                    <SeekPredicates>
                                                      <SeekPredicateNew>
                                                        <SeekKeys>
                                                          <Prefix ScanType="EQ">
                                                            <RangeColumns>
                                                              <ColumnReference Database="[OurLabReporting]" Schema="[dbo]" Table="[Failure]" Alias="[F]" Column="ResolvedTEDId" />
                                                            </RangeColumns>
                                                            <RangeExpressions>
                                                              <ScalarOperator ScalarString="[OurLabReporting].[dbo].[ResolvedTED].[Id]">
                                                                <Identifier>
                                                                  <ColumnReference Database="[OurLabReporting]" Schema="[dbo]" Table="[ResolvedTED]" Column="Id" />
                                                                </Identifier>
                                                              </ScalarOperator>
                                                            </RangeExpressions>
                                                          </Prefix>
                                                        </SeekKeys>
                                                      </SeekPredicateNew>
                                                    </SeekPredicates>
                                                    <Predicate>
                                                      <ScalarOperator ScalarString="[OurLabReporting].[dbo].[Failure].[StatusId] as [F].[StatusId]&lt;&gt;[@StatusId]">
                                                        <Compare CompareOp="NE">
                                                          <ScalarOperator>
                                                            <Identifier>
                                                              <ColumnReference Database="[OurLabReporting]" Schema="[dbo]" Table="[Failure]" Alias="[F]" Column="StatusId" />
                                                            </Identifier>
                                                          </ScalarOperator>
                                                          <ScalarOperator>
                                                            <Identifier>
                                                              <ColumnReference Column="@StatusId" />
                                                            </Identifier>
                                                          </ScalarOperator>
                                                        </Compare>
                                                      </ScalarOperator>
                                                    </Predicate>
                                                  </IndexScan>
                                                </RelOp>
                                              </NestedLoops>
                                            </RelOp>
                                            <RelOp NodeId="92" PhysicalOp="Index Seek" LogicalOp="Index Seek" EstimateRows="1" EstimateIO="0.003125" EstimateCPU="0.0001581" AvgRowSize="9" EstimatedTotalSubtreeCost="8.21677" TableCardinality="4.12024e+007" Parallel="0" EstimateRebinds="2606.93" EstimateRewinds="0.090612" EstimatedExecutionMode="Row">
                                              <OutputList />
                                              <IndexScan Ordered="1" ScanDirection="FORWARD" ForcedIndex="0" ForceSeek="0" ForceScan="0" NoExpandHint="0" Storage="RowStore">
                                                <DefinedValues />
                                                <Object Database="[OurLabReporting]" Schema="[dbo]" Table="[TEU]" Index="[Teu_IDX_Id]" TableReferenceId="2" IndexKind="NonClustered" />
                                                <SeekPredicates>
                                                  <SeekPredicateNew>
                                                    <SeekKeys>
                                                      <Prefix ScanType="EQ">
                                                        <RangeColumns>
                                                          <ColumnReference Database="[OurLabReporting]" Schema="[dbo]" Table="[TEU]" Column="Id" />
                                                        </RangeColumns>
                                                        <RangeExpressions>
                                                          <ScalarOperator ScalarString="[OurLabReporting].[dbo].[Failure].[TEUId] as [F].[TEUId]">
                                                            <Identifier>
                                                              <ColumnReference Database="[OurLabReporting]" Schema="[dbo]" Table="[Failure]" Alias="[F]" Column="TEUId" />
                                                            </Identifier>
                                                          </ScalarOperator>
                                                        </RangeExpressions>
                                                      </Prefix>
                                                    </SeekKeys>
                                                  </SeekPredicateNew>
                                                </SeekPredicates>
                                                <Predicate>
                                                  <ScalarOperator ScalarString="[OurLabReporting].[dbo].[TEU].[IsRerunPrimary]=(1)">
                                                    <Compare CompareOp="EQ">
                                                      <ScalarOperator>
                                                        <Identifier>
                                                          <ColumnReference Database="[OurLabReporting]" Schema="[dbo]" Table="[TEU]" Column="IsRerunPrimary" />
                                                        </Identifier>
                                                      </ScalarOperator>
                                                      <ScalarOperator>
                                                        <Const ConstValue="(1)" />
                                                      </ScalarOperator>
                                                    </Compare>
                                                  </ScalarOperator>
                                                </Predicate>
                                              </IndexScan>
                                            </RelOp>
                                          </NestedLoops>
                                        </RelOp>
                                      </StreamAggregate>
                                    </RelOp>
                                  </ComputeScalar>
                                </RelOp>
                              </ComputeScalar>
                            </RelOp>
                          </NestedLoops>
                        </RelOp>
                        <RelOp NodeId="100" PhysicalOp="Compute Scalar" LogicalOp="Compute Scalar" EstimateRows="1" EstimateIO="0" EstimateCPU="1e-007" AvgRowSize="11" EstimatedTotalSubtreeCost="0.0307534" Parallel="0" EstimateRebinds="0" EstimateRewinds="0" EstimatedExecutionMode="Row">
                          <OutputList>
                            <ColumnReference Column="Expr1081" />
                          </OutputList>
                          <ComputeScalar>
                            <DefinedValues>
                              <DefinedValue>
                                <ColumnReference Column="Expr1081" />
                                <ScalarOperator ScalarString="[Expr1079]">
                                  <Identifier>
                                    <ColumnReference Column="Expr1079" />
                                  </Identifier>
                                </ScalarOperator>
                              </DefinedValue>
                            </DefinedValues>
                            <RelOp NodeId="101" PhysicalOp="Compute Scalar" LogicalOp="Compute Scalar" EstimateRows="1" EstimateIO="0" EstimateCPU="1.1e-006" AvgRowSize="11" EstimatedTotalSubtreeCost="0.0307533" Parallel="0" EstimateRebinds="0" EstimateRewinds="0" EstimatedExecutionMode="Row">
                              <OutputList>
                                <ColumnReference Column="Expr1079" />
                              </OutputList>
                              <ComputeScalar>
                                <DefinedValues>
                                  <DefinedValue>
                                    <ColumnReference Column="Expr1079" />
                                    <ScalarOperator ScalarString="CONVERT_IMPLICIT(int,[Expr1128],0)">
                                      <Convert DataType="int" Style="0" Implicit="1">
                                        <ScalarOperator>
                                          <Identifier>
                                            <ColumnReference Column="Expr1128" />
                                          </Identifier>
                                        </ScalarOperator>
                                      </Convert>
                                    </ScalarOperator>
                                  </DefinedValue>
                                </DefinedValues>
                                <RelOp NodeId="102" PhysicalOp="Stream Aggregate" LogicalOp="Aggregate" EstimateRows="1" EstimateIO="0" EstimateCPU="1.1e-006" AvgRowSize="11" EstimatedTotalSubtreeCost="0.0307533" Parallel="0" EstimateRebinds="0" EstimateRewinds="0" EstimatedExecutionMode="Row">
                                  <OutputList>
                                    <ColumnReference Column="Expr1128" />
                                  </OutputList>
                                  <StreamAggregate>
                                    <DefinedValues>
                                      <DefinedValue>
                                        <ColumnReference Column="Expr1128" />
                                        <ScalarOperator ScalarString="Count(*)">
                                          <Aggregate AggType="countstar" Distinct="0" />
                                        </ScalarOperator>
                                      </DefinedValue>
                                    </DefinedValues>
                                    <RelOp NodeId="103" PhysicalOp="Nested Loops" LogicalOp="Inner Join" EstimateRows="1" EstimateIO="0" EstimateCPU="4.18e-006" AvgRowSize="11" EstimatedTotalSubtreeCost="0.0307522" Parallel="0" EstimateRebinds="0" EstimateRewinds="0" EstimatedExecutionMode="Row">
                                      <OutputList>
                                        <ColumnReference Database="[OurLabReporting]" Schema="[dbo]" Table="[Failure]" Alias="[F]" Column="Id" />
                                      </OutputList>
                                      <NestedLoops Optimized="0">
                                        <RelOp NodeId="104" PhysicalOp="Clustered Index Seek" LogicalOp="Clustered Index Seek" EstimateRows="1" EstimateIO="0.003125" EstimateCPU="0.0001581" AvgRowSize="9" EstimatedTotalSubtreeCost="0.0032831" TableCardinality="1.48176e+006" Parallel="0" EstimateRebinds="0" EstimateRewinds="0" EstimatedExecutionMode="Row">
                                          <OutputList />
                                          <IndexScan Ordered="1" ScanDirection="FORWARD" ForcedIndex="0" ForceSeek="0" ForceScan="0" NoExpandHint="0" Storage="RowStore">
                                            <DefinedValues />
                                            <Object Database="[OurLabReporting]" Schema="[dbo]" Table="[Mix]" Index="[Mix_PK]" TableReferenceId="3" IndexKind="Clustered" />
                                            <SeekPredicates>
                                              <SeekPredicateNew>
                                                <SeekKeys>
                                                  <Prefix ScanType="EQ">
                                                    <RangeColumns>
                                                      <ColumnReference Database="[OurLabReporting]" Schema="[dbo]" Table="[Mix]" Column="Id" />
                                                    </RangeColumns>
                                                    <RangeExpressions>
                                                      <ScalarOperator ScalarString="[@MixId]">
                                                        <Identifier>
                                                          <ColumnReference Column="@MixId" />
                                                        </Identifier>
                                                      </ScalarOperator>
                                                    </RangeExpressions>
                                                  </Prefix>
                                                </SeekKeys>
                                              </SeekPredicateNew>
                                            </SeekPredicates>
                                          </IndexScan>
                                        </RelOp>
                                        <RelOp NodeId="105" PhysicalOp="Nested Loops" LogicalOp="Inner Join" EstimateRows="1" EstimateIO="0" EstimateCPU="4.18e-006" AvgRowSize="11" EstimatedTotalSubtreeCost="0.0274649" Parallel="0" EstimateRebinds="0" EstimateRewinds="0" EstimatedExecutionMode="Row">
                                          <OutputList>
                                            <ColumnReference Database="[OurLabReporting]" Schema="[dbo]" Table="[Failure]" Alias="[F]" Column="Id" />
                                          </OutputList>
                                          <NestedLoops Optimized="1">
                                            <OuterReferences>
                                              <ColumnReference Database="[OurLabReporting]" Schema="[dbo]" Table="[Failure]" Alias="[F]" Column="TEUId" />
                                            </OuterReferences>
                                            <RelOp NodeId="107" PhysicalOp="Nested Loops" LogicalOp="Inner Join" EstimateRows="1" EstimateIO="0" EstimateCPU="0.000435689" AvgRowSize="19" EstimatedTotalSubtreeCost="0.0241771" Parallel="0" EstimateRebinds="0" EstimateRewinds="0" EstimatedExecutionMode="Row">
                                              <OutputList>
                                                <ColumnReference Database="[OurLabReporting]" Schema="[dbo]" Table="[Failure]" Alias="[F]" Column="Id" />
                                                <ColumnReference Database="[OurLabReporting]" Schema="[dbo]" Table="[Failure]" Alias="[F]" Column="TEUId" />
                                              </OutputList>
                                              <NestedLoops Optimized="1" WithUnorderedPrefetch="1">
                                                <OuterReferences>
                                                  <ColumnReference Database="[OurLabReporting]" Schema="[dbo]" Table="[Failure]" Alias="[F]" Column="ResolvedTEDId" />
                                                  <ColumnReference Column="Expr1127" />
                                                </OuterReferences>
                                                <RelOp NodeId="110" PhysicalOp="Nested Loops" LogicalOp="Inner Join" EstimateRows="104.232" EstimateIO="0.00386574" EstimateCPU="0.000271655" AvgRowSize="23" EstimatedTotalSubtreeCost="0.0041374" TableCardinality="3.38966e+007" Parallel="0" EstimateRebinds="0" EstimateRewinds="0" EstimatedExecutionMode="Row">
                                                  <OutputList>
                                                    <ColumnReference Database="[OurLabReporting]" Schema="[dbo]" Table="[Failure]" Alias="[F]" Column="Id" />
                                                    <ColumnReference Database="[OurLabReporting]" Schema="[dbo]" Table="[Failure]" Alias="[F]" Column="ResolvedTEDId" />
                                                    <ColumnReference Database="[OurLabReporting]" Schema="[dbo]" Table="[Failure]" Alias="[F]" Column="TEUId" />
                                                  </OutputList>
                                                  <NestedLoops Optimized="0">
                                                    <OuterReferences>
                                                      <ColumnReference Column="Expr1121" />
                                                      <ColumnReference Column="Expr1122" />
                                                      <ColumnReference Column="Expr1123" />
                                                    </OuterReferences>
                                                    <RelOp NodeId="111" PhysicalOp="Merge Interval" LogicalOp="Merge Interval" EstimateRows="2" EstimateIO="0" EstimateCPU="0" AvgRowSize="19" EstimatedTotalSubtreeCost="0" Parallel="0" EstimateRebinds="0" EstimateRewinds="0" EstimatedExecutionMode="Row">
                                                      <OutputList>
                                                        <ColumnReference Column="Expr1121" />
                                                        <ColumnReference Column="Expr1122" />
                                                        <ColumnReference Column="Expr1123" />
                                                      </OutputList>
                                                      <MergeInterval>
                                                        <RelOp NodeId="112" PhysicalOp="Sort" LogicalOp="TopN Sort" EstimateRows="2" EstimateIO="0" EstimateCPU="0" AvgRowSize="19" EstimatedTotalSubtreeCost="0" Parallel="0" EstimateRebinds="0" EstimateRewinds="0" EstimatedExecutionMode="Row">
                                                          <OutputList>
                                                            <ColumnReference Column="Expr1121" />
                                                            <ColumnReference Column="Expr1122" />
                                                            <ColumnReference Column="Expr1123" />
                                                            <ColumnReference Column="Expr1124" />
                                                            <ColumnReference Column="Expr1125" />
                                                            <ColumnReference Column="Expr1126" />
                                                          </OutputList>
                                                          <MemoryFractions Input="0.101124" Output="0.011236" />
                                                          <TopSort Distinct="0" Rows="2">
                                                            <OrderBy>
                                                              <OrderByColumn Ascending="0">
                                                                <ColumnReference Column="Expr1124" />
                                                              </OrderByColumn>
                                                              <OrderByColumn Ascending="1">
                                                                <ColumnReference Column="Expr1125" />
                                                              </OrderByColumn>
                                                              <OrderByColumn Ascending="1">
                                                                <ColumnReference Column="Expr1121" />
                                                              </OrderByColumn>
                                                              <OrderByColumn Ascending="0">
                                                                <ColumnReference Column="Expr1126" />
                                                              </OrderByColumn>
                                                            </OrderBy>
                                                            <RelOp NodeId="113" PhysicalOp="Compute Scalar" LogicalOp="Compute Scalar" EstimateRows="2" EstimateIO="0" EstimateCPU="0" AvgRowSize="19" EstimatedTotalSubtreeCost="0" Parallel="0" EstimateRebinds="0" EstimateRewinds="0" EstimatedExecutionMode="Row">
                                                              <OutputList>
                                                                <ColumnReference Column="Expr1121" />
                                                                <ColumnReference Column="Expr1122" />
                                                                <ColumnReference Column="Expr1123" />
                                                                <ColumnReference Column="Expr1124" />
                                                                <ColumnReference Column="Expr1125" />
                                                                <ColumnReference Column="Expr1126" />
                                                              </OutputList>
                                                              <ComputeScalar>
                                                                <DefinedValues>
                                                                  <DefinedValue>
                                                                    <ColumnReference Column="Expr1124" />
                                                                    <ScalarOperator ScalarString="((4)&amp;[Expr1123]) = (4) AND NULL = [Expr1121]">
                                                                      <Logical Operation="AND">
                                                                        <ScalarOperator>
                                                                          <Compare CompareOp="IS">
                                                                            <ScalarOperator>
                                                                              <Arithmetic Operation="BIT_AND">
                                                                                <ScalarOperator>
                                                                                  <Const ConstValue="(4)" />
                                                                                </ScalarOperator>
                                                                                <ScalarOperator>
                                                                                  <Identifier>
                                                                                    <ColumnReference Column="Expr1123" />
                                                                                  </Identifier>
                                                                                </ScalarOperator>
                                                                              </Arithmetic>
                                                                            </ScalarOperator>
                                                                            <ScalarOperator>
                                                                              <Const ConstValue="(4)" />
                                                                            </ScalarOperator>
                                                                          </Compare>
                                                                        </ScalarOperator>
                                                                        <ScalarOperator>
                                                                          <Compare CompareOp="IS">
                                                                            <ScalarOperator>
                                                                              <Const ConstValue="NULL" />
                                                                            </ScalarOperator>
                                                                            <ScalarOperator>
                                                                              <Identifier>
                                                                                <ColumnReference Column="Expr1121" />
                                                                              </Identifier>
                                                                            </ScalarOperator>
                                                                          </Compare>
                                                                        </ScalarOperator>
                                                                      </Logical>
                                                                    </ScalarOperator>
                                                                  </DefinedValue>
                                                                  <DefinedValue>
                                                                    <ColumnReference Column="Expr1125" />
                                                                    <ScalarOperator ScalarString="(4)&amp;[Expr1123]">
                                                                      <Arithmetic Operation="BIT_AND">
                                                                        <ScalarOperator>
                                                                          <Const ConstValue="(4)" />
                                                                        </ScalarOperator>
                                                                        <ScalarOperator>
                                                                          <Identifier>
                                                                            <ColumnReference Column="Expr1123" />
                                                                          </Identifier>
                                                                        </ScalarOperator>
                                                                      </Arithmetic>
                                                                    </ScalarOperator>
                                                                  </DefinedValue>
                                                                  <DefinedValue>
                                                                    <ColumnReference Column="Expr1126" />
                                                                    <ScalarOperator ScalarString="(16)&amp;[Expr1123]">
                                                                      <Arithmetic Operation="BIT_AND">
                                                                        <ScalarOperator>
                                                                          <Const ConstValue="(16)" />
                                                                        </ScalarOperator>
                                                                        <ScalarOperator>
                                                                          <Identifier>
                                                                            <ColumnReference Column="Expr1123" />
                                                                          </Identifier>
                                                                        </ScalarOperator>
                                                                      </Arithmetic>
                                                                    </ScalarOperator>
                                                                  </DefinedValue>
                                                                </DefinedValues>
                                                                <RelOp NodeId="114" PhysicalOp="Concatenation" LogicalOp="Concatenation" EstimateRows="2" EstimateIO="0" EstimateCPU="0" AvgRowSize="19" EstimatedTotalSubtreeCost="0" Parallel="0" EstimateRebinds="0" EstimateRewinds="0" EstimatedExecutionMode="Row">
                                                                  <OutputList>
                                                                    <ColumnReference Column="Expr1121" />
                                                                    <ColumnReference Column="Expr1122" />
                                                                    <ColumnReference Column="Expr1123" />
                                                                  </OutputList>
                                                                  <Concat>
                                                                    <DefinedValues>
                                                                      <DefinedValue>
                                                                        <ColumnReference Column="Expr1121" />
                                                                        <ColumnReference Column="Expr1116" />
                                                                        <ColumnReference Column="Expr1119" />
                                                                      </DefinedValue>
                                                                      <DefinedValue>
                                                                        <ColumnReference Column="Expr1122" />
                                                                        <ColumnReference Column="Expr1117" />
                                                                        <ColumnReference Column="Expr1120" />
                                                                      </DefinedValue>
                                                                      <DefinedValue>
                                                                        <ColumnReference Column="Expr1123" />
                                                                        <ColumnReference Column="Expr1115" />
                                                                        <ColumnReference Column="Expr1118" />
                                                                      </DefinedValue>
                                                                    </DefinedValues>
                                                                    <RelOp NodeId="115" PhysicalOp="Compute Scalar" LogicalOp="Compute Scalar" EstimateRows="1" EstimateIO="0" EstimateCPU="0" AvgRowSize="19" EstimatedTotalSubtreeCost="0" Parallel="0" EstimateRebinds="0" EstimateRewinds="0" EstimatedExecutionMode="Row">
                                                                      <OutputList>
                                                                        <ColumnReference Column="Expr1116" />
                                                                        <ColumnReference Column="Expr1117" />
                                                                        <ColumnReference Column="Expr1115" />
                                                                      </OutputList>
                                                                      <ComputeScalar>
                                                                        <DefinedValues>
                                                                          <DefinedValue>
                                                                            <ColumnReference Column="Expr1116" />
                                                                            <ScalarOperator ScalarString="NULL">
                                                                              <Const ConstValue="NULL" />
                                                                            </ScalarOperator>
                                                                          </DefinedValue>
                                                                          <DefinedValue>
                                                                            <ColumnReference Column="Expr1117" />
                                                                            <ScalarOperator ScalarString="[@StatusId]">
                                                                              <Identifier>
                                                                                <ColumnReference Column="@StatusId" />
                                                                              </Identifier>
                                                                            </ScalarOperator>
                                                                          </DefinedValue>
                                                                          <DefinedValue>
                                                                            <ColumnReference Column="Expr1115" />
                                                                            <ScalarOperator ScalarString="(10)">
                                                                              <Const ConstValue="(10)" />
                                                                            </ScalarOperator>
                                                                          </DefinedValue>
                                                                        </DefinedValues>
                                                                        <RelOp NodeId="116" PhysicalOp="Constant Scan" LogicalOp="Constant Scan" EstimateRows="1" EstimateIO="0" EstimateCPU="0" AvgRowSize="0" EstimatedTotalSubtreeCost="0" Parallel="0" EstimateRebinds="0" EstimateRewinds="0" EstimatedExecutionMode="Row">
                                                                          <OutputList />
                                                                          <ConstantScan />
                                                                        </RelOp>
                                                                      </ComputeScalar>
                                                                    </RelOp>
                                                                    <RelOp NodeId="124" PhysicalOp="Compute Scalar" LogicalOp="Compute Scalar" EstimateRows="1" EstimateIO="0" EstimateCPU="0" AvgRowSize="19" EstimatedTotalSubtreeCost="0" Parallel="0" EstimateRebinds="0" EstimateRewinds="0" EstimatedExecutionMode="Row">
                                                                      <OutputList>
                                                                        <ColumnReference Column="Expr1119" />
                                                                        <ColumnReference Column="Expr1120" />
                                                                        <ColumnReference Column="Expr1118" />
                                                                      </OutputList>
                                                                      <ComputeScalar>
                                                                        <DefinedValues>
                                                                          <DefinedValue>
                                                                            <ColumnReference Column="Expr1119" />
                                                                            <ScalarOperator ScalarString="[@StatusId]">
                                                                              <Identifier>
                                                                                <ColumnReference Column="@StatusId" />
                                                                              </Identifier>
                                                                            </ScalarOperator>
                                                                          </DefinedValue>
                                                                          <DefinedValue>
                                                                            <ColumnReference Column="Expr1120" />
                                                                            <ScalarOperator ScalarString="NULL">
                                                                              <Const ConstValue="NULL" />
                                                                            </ScalarOperator>
                                                                          </DefinedValue>
                                                                          <DefinedValue>
                                                                            <ColumnReference Column="Expr1118" />
                                                                            <ScalarOperator ScalarString="(6)">
                                                                              <Const ConstValue="(6)" />
                                                                            </ScalarOperator>
                                                                          </DefinedValue>
                                                                        </DefinedValues>
                                                                        <RelOp NodeId="125" PhysicalOp="Constant Scan" LogicalOp="Constant Scan" EstimateRows="1" EstimateIO="0" EstimateCPU="0" AvgRowSize="0" EstimatedTotalSubtreeCost="0" Parallel="0" EstimateRebinds="0" EstimateRewinds="0" EstimatedExecutionMode="Row">
                                                                          <OutputList />
                                                                          <ConstantScan />
                                                                        </RelOp>
                                                                      </ComputeScalar>
                                                                    </RelOp>
                                                                  </Concat>
                                                                </RelOp>
                                                              </ComputeScalar>
                                                            </RelOp>
                                                          </TopSort>
                                                        </RelOp>
                                                      </MergeInterval>
                                                    </RelOp>
                                                    <RelOp NodeId="140" PhysicalOp="Index Seek" LogicalOp="Index Seek" EstimateRows="104.232" EstimateIO="0.00386574" EstimateCPU="0.000271655" AvgRowSize="23" EstimatedTotalSubtreeCost="0.0041374" TableCardinality="3.38966e+007" Parallel="0" EstimateRebinds="0" EstimateRewinds="0" EstimatedExecutionMode="Row">
                                                      <OutputList>
                                                        <ColumnReference Database="[OurLabReporting]" Schema="[dbo]" Table="[Failure]" Alias="[F]" Column="Id" />
                                                        <ColumnReference Database="[OurLabReporting]" Schema="[dbo]" Table="[Failure]" Alias="[F]" Column="ResolvedTEDId" />
                                                        <ColumnReference Database="[OurLabReporting]" Schema="[dbo]" Table="[Failure]" Alias="[F]" Column="TEUId" />
                                                      </OutputList>
                                                      <IndexScan Ordered="1" ScanDirection="FORWARD" ForcedIndex="0" ForceSeek="0" ForceScan="0" NoExpandHint="0" Storage="RowStore">
                                                        <DefinedValues>
                                                          <DefinedValue>
                                                            <ColumnReference Database="[OurLabReporting]" Schema="[dbo]" Table="[Failure]" Alias="[F]" Column="Id" />
                                                          </DefinedValue>
                                                          <DefinedValue>
                                                            <ColumnReference Database="[OurLabReporting]" Schema="[dbo]" Table="[Failure]" Alias="[F]" Column="ResolvedTEDId" />
                                                          </DefinedValue>
                                                          <DefinedValue>
                                                            <ColumnReference Database="[OurLabReporting]" Schema="[dbo]" Table="[Failure]" Alias="[F]" Column="TEUId" />
                                                          </DefinedValue>
                                                        </DefinedValues>
                                                        <Object Database="[OurLabReporting]" Schema="[dbo]" Table="[Failure]" Index="[Failure_IDX_AssignedTo]" Alias="[F]" TableReferenceId="3" IndexKind="NonClustered" />
                                                        <SeekPredicates>
                                                          <SeekPredicateNew>
                                                            <SeekKeys>
                                                              <Prefix ScanType="EQ">
                                                                <RangeColumns>
                                                                  <ColumnReference Database="[OurLabReporting]" Schema="[dbo]" Table="[Failure]" Alias="[F]" Column="AssignedTo" />
                                                                </RangeColumns>
                                                                <RangeExpressions>
                                                                  <ScalarOperator ScalarString="[@UserName]">
                                                                    <Identifier>
                                                                      <ColumnReference Column="@UserName" />
                                                                    </Identifier>
                                                                  </ScalarOperator>
                                                                </RangeExpressions>
                                                              </Prefix>
                                                              <StartRange ScanType="GT">
                                                                <RangeColumns>
                                                                  <ColumnReference Database="[OurLabReporting]" Schema="[dbo]" Table="[Failure]" Alias="[F]" Column="StatusId" />
                                                                </RangeColumns>
                                                                <RangeExpressions>
                                                                  <ScalarOperator ScalarString="[Expr1121]">
                                                                    <Identifier>
                                                                      <ColumnReference Column="Expr1121" />
                                                                    </Identifier>
                                                                  </ScalarOperator>
                                                                </RangeExpressions>
                                                              </StartRange>
                                                              <EndRange ScanType="LT">
                                                                <RangeColumns>
                                                                  <ColumnReference Database="[OurLabReporting]" Schema="[dbo]" Table="[Failure]" Alias="[F]" Column="StatusId" />
                                                                </RangeColumns>
                                                                <RangeExpressions>
                                                                  <ScalarOperator ScalarString="[Expr1122]">
                                                                    <Identifier>
                                                                      <ColumnReference Column="Expr1122" />
                                                                    </Identifier>
                                                                  </ScalarOperator>
                                                                </RangeExpressions>
                                                              </EndRange>
                                                            </SeekKeys>
                                                          </SeekPredicateNew>
                                                        </SeekPredicates>
                                                      </IndexScan>
                                                    </RelOp>
                                                  </NestedLoops>
                                                </RelOp>
                                                <RelOp NodeId="141" PhysicalOp="Index Seek" LogicalOp="Index Seek" EstimateRows="1" EstimateIO="0.003125" EstimateCPU="0.0001581" AvgRowSize="9" EstimatedTotalSubtreeCost="0.019604" TableCardinality="1.37084e+006" Parallel="0" EstimateRebinds="103.232" EstimateRewinds="0" EstimatedExecutionMode="Row">
                                                  <OutputList />
                                                  <IndexScan Ordered="1" ScanDirection="FORWARD" ForcedIndex="0" ForceSeek="0" ForceScan="0" NoExpandHint="0" Storage="RowStore">
                                                    <DefinedValues />
                                                    <Object Database="[OurLabReporting]" Schema="[dbo]" Table="[ResolvedTED]" Index="[ResolvedTED_IDX_MixId]" TableReferenceId="3" IndexKind="NonClustered" />
                                                    <SeekPredicates>
                                                      <SeekPredicateNew>
                                                        <SeekKeys>
                                                          <Prefix ScanType="EQ">
                                                            <RangeColumns>
                                                              <ColumnReference Database="[OurLabReporting]" Schema="[dbo]" Table="[ResolvedTED]" Column="MixId" />
                                                              <ColumnReference Database="[OurLabReporting]" Schema="[dbo]" Table="[ResolvedTED]" Column="Id" />
                                                            </RangeColumns>
                                                            <RangeExpressions>
                                                              <ScalarOperator ScalarString="[@MixId]">
                                                                <Identifier>
                                                                  <ColumnReference Column="@MixId" />
                                                                </Identifier>
                                                              </ScalarOperator>
                                                              <ScalarOperator ScalarString="[OurLabReporting].[dbo].[Failure].[ResolvedTEDId] as [F].[ResolvedTEDId]">
                                                                <Identifier>
                                                                  <ColumnReference Database="[OurLabReporting]" Schema="[dbo]" Table="[Failure]" Alias="[F]" Column="ResolvedTEDId" />
                                                                </Identifier>
                                                              </ScalarOperator>
                                                            </RangeExpressions>
                                                          </Prefix>
                                                        </SeekKeys>
                                                      </SeekPredicateNew>
                                                    </SeekPredicates>
                                                  </IndexScan>
                                                </RelOp>
                                              </NestedLoops>
                                            </RelOp>
                                            <RelOp NodeId="142" PhysicalOp="Index Seek" LogicalOp="Index Seek" EstimateRows="1" EstimateIO="0.003125" EstimateCPU="0.0001581" AvgRowSize="9" EstimatedTotalSubtreeCost="0.0032831" TableCardinality="4.12024e+007" Parallel="0" EstimateRebinds="0" EstimateRewinds="0" EstimatedExecutionMode="Row">
                                              <OutputList />
                                              <IndexScan Ordered="1" ScanDirection="FORWARD" ForcedIndex="0" ForceSeek="0" ForceScan="0" NoExpandHint="0" Storage="RowStore">
                                                <DefinedValues />
                                                <Object Database="[OurLabReporting]" Schema="[dbo]" Table="[TEU]" Index="[Teu_IDX_Id]" TableReferenceId="3" IndexKind="NonClustered" />
                                                <SeekPredicates>
                                                  <SeekPredicateNew>
                                                    <SeekKeys>
                                                      <Prefix ScanType="EQ">
                                                        <RangeColumns>
                                                          <ColumnReference Database="[OurLabReporting]" Schema="[dbo]" Table="[TEU]" Column="Id" />
                                                        </RangeColumns>
                                                        <RangeExpressions>
                                                          <ScalarOperator ScalarString="[OurLabReporting].[dbo].[Failure].[TEUId] as [F].[TEUId]">
                                                            <Identifier>
                                                              <ColumnReference Database="[OurLabReporting]" Schema="[dbo]" Table="[Failure]" Alias="[F]" Column="TEUId" />
                                                            </Identifier>
                                                          </ScalarOperator>
                                                        </RangeExpressions>
                                                      </Prefix>
                                                    </SeekKeys>
                                                  </SeekPredicateNew>
                                                </SeekPredicates>
                                                <Predicate>
                                                  <ScalarOperator ScalarString="[OurLabReporting].[dbo].[TEU].[IsRerunPrimary]=(1)">
                                                    <Compare CompareOp="EQ">
                                                      <ScalarOperator>
                                                        <Identifier>
                                                          <ColumnReference Database="[OurLabReporting]" Schema="[dbo]" Table="[TEU]" Column="IsRerunPrimary" />
                                                        </Identifier>
                                                      </ScalarOperator>
                                                      <ScalarOperator>
                                                        <Const ConstValue="(1)" />
                                                      </ScalarOperator>
                                                    </Compare>
                                                  </ScalarOperator>
                                                </Predicate>
                                              </IndexScan>
                                            </RelOp>
                                          </NestedLoops>
                                        </RelOp>
                                      </NestedLoops>
                                    </RelOp>
                                  </StreamAggregate>
                                </RelOp>
                              </ComputeScalar>
                            </RelOp>
                          </ComputeScalar>
                        </RelOp>
                      </NestedLoops>
                    </RelOp>
                    <RelOp NodeId="150" PhysicalOp="Table Scan" LogicalOp="Table Scan" EstimateRows="1" EstimateIO="0.003125" EstimateCPU="0.0001581" AvgRowSize="15" EstimatedTotalSubtreeCost="0.0032831" TableCardinality="0" Parallel="0" EstimateRebinds="0" EstimateRewinds="0" EstimatedExecutionMode="Row">
                      <OutputList>
                        <ColumnReference Table="@BugListForMix" Alias="[BugsByMix]" Column="BugCount" />
                      </OutputList>
                      <TableScan Ordered="0" ForcedIndex="0" ForceScan="0" NoExpandHint="0">
                        <DefinedValues>
                          <DefinedValue>
                            <ColumnReference Table="@BugListForMix" Alias="[BugsByMix]" Column="BugCount" />
                          </DefinedValue>
                        </DefinedValues>
                        <Object Table="[@BugListForMix]" Alias="[BugsByMix]" />
                        <Predicate>
                          <ScalarOperator ScalarString="@BugListForMix.[MixId] as [BugsByMix].[MixId]=[@MixId]">
                            <Compare CompareOp="EQ">
                              <ScalarOperator>
                                <Identifier>
                                  <ColumnReference Table="@BugListForMix" Alias="[BugsByMix]" Column="MixId" />
                                </Identifier>
                              </ScalarOperator>
                              <ScalarOperator>
                                <Identifier>
                                  <ColumnReference Column="@MixId" />
                                </Identifier>
                              </ScalarOperator>
                            </Compare>
                          </ScalarOperator>
                        </Predicate>
                      </TableScan>
                    </RelOp>
                  </NestedLoops>
                </RelOp>
              </ComputeScalar>
            </RelOp>
            <ParameterList>
              <ColumnReference Column="@UserName" ParameterCompiledValue="N'v-mabhau'" />
              <ColumnReference Column="@MixId" ParameterCompiledValue="(1482441)" />
            </ParameterList>
          </QueryPlan>
        </StmtSimple>
      </Statements>
    </Batch>
  </BatchSequence>
</ShowPlanXML>