<?xml version="1.0" encoding="utf-8"?>
<ShowPlanXML xmlns="http://schemas.microsoft.com/sqlserver/2004/07/showplan" Version="1.2" Build="11.0.3412.0">
  <BatchSequence>
    <Batch>
      <Statements>
        <StmtSimple StatementText="CREATE PROCEDURE [dbo].[Web_AddOrUpdateNonT3FailureBugMappings]&#xD;&#xA;&#x9;@FailureBugMappings dbo.FailureBugCollection READONLY&#xD;&#xA;AS&#xD;&#xA;&#x9;SET NOCOUNT ON;&#xD;&#xA;&#xD;&#xA;" StatementId="1" StatementCompId="3" StatementType="SET ON/OFF" RetrievedFromCache="true" />
        <StmtCond StatementText="&#x9;IF OBJECT_ID('tempdb..#FailureBugCollection') IS NOT NULL&#xD;&#xA;&#x9;" StatementId="2" StatementCompId="4" StatementType="COND" RetrievedFromCache="true">
          <Condition />
          <Then>
            <Statements>
              <StmtSimple StatementText="&#x9;DROP TABLE #FailureBugCollection&#xD;&#xA;&#xD;&#xA;" StatementId="3" StatementCompId="5" StatementType="DROP OBJECT" RetrievedFromCache="true" />
            </Statements>
          </Then>
        </StmtCond>
        <StmtSimple StatementText="&#x9;CREATE TABLE #FailureBugCollection&#xD;&#xA;&#x9;(&#xD;&#xA;&#x9;&#x9;Id INT IDENTITY(1,1),&#xD;&#xA;&#x9;&#x9;InternalFailureId INT NULL,&#xD;&#xA;&#x9;&#x9;FailureGuid UNIQUEIDENTIFIER NULL,&#xD;&#xA;&#x9;&#x9;FailureStatus NVARCHAR(200) NOT NULL,&#xD;&#xA;&#x9;&#x9;UpdatedByAlias NVARCHAR(50) NULL,&#xD;&#xA;&#x9;&#x9;InternalBugId INT NULL,&#xD;&#xA;&#x9;&#x9;[BugNumber] INT NULL,&#xD;&#xA;&#x9;&#x9;[BugDatabaseName] NVARCHAR(250) NULL,&#xD;&#xA;&#x9;&#x9;[IsBranchSpecificBug] BIT NOT NULL&#xD;&#xA;&#x9;)&#xD;&#xA;&#xD;&#xA;" StatementId="4" StatementCompId="7" StatementType="CREATE TABLE" RetrievedFromCache="true" />
        <StmtSimple StatementText="&#x9;CREATE CLUSTERED INDEX CIX_FailureBugCollection_InternalFailureId_InternalBugId &#xD;&#xA;&#x9;ON #FailureBugCollection(InternalFailureId, InternalBugId);&#xD;&#xA;" StatementId="5" StatementCompId="8" StatementType="CREATE INDEX" RetrievedFromCache="true" />
        <StmtSimple StatementText="&#x9;CREATE NONCLUSTERED INDEX IDX_FailureBugCollection_FailureGuid ON #FailureBugCollection(FailureGuid);&#xD;&#xA;" StatementId="6" StatementCompId="9" StatementType="CREATE INDEX" RetrievedFromCache="true" />
        <StmtSimple StatementText="&#x9;CREATE NONCLUSTERED INDEX IDX_FailureBugCollection_Bug ON #FailureBugCollection(BugDatabaseName, BugNumber);&#xD;&#xA;&#xD;&#xA;" StatementId="7" StatementCompId="10" StatementType="CREATE INDEX" RetrievedFromCache="true" />
        <StmtSimple StatementText="&#x9;INSERT INTO #FailureBugCollection&#xD;&#xA;&#x9;(&#xD;&#xA;&#x9;&#x9;InternalFailureId,&#xD;&#xA;&#x9;&#x9;FailureGuid,&#xD;&#xA;&#x9;&#x9;FailureStatus,&#xD;&#xA;&#x9;&#x9;UpdatedByAlias,&#xD;&#xA;&#x9;&#x9;InternalBugId,&#xD;&#xA;&#x9;&#x9;[BugNumber],&#xD;&#xA;&#x9;&#x9;[BugDatabaseName],&#xD;&#xA;&#x9;&#x9;[IsBranchSpecificBug]&#xD;&#xA;&#x9;)&#xD;&#xA;&#x9;SELECT F.InternalFailureId,&#xD;&#xA;&#x9;&#x9;   F.FailureGuid,&#xD;&#xA;&#x9;&#x9;   F.FailureStatus,&#xD;&#xA;&#x9;&#x9;   F.UpdatedByAlias,&#xD;&#xA;&#x9;&#x9;   F.InternalBugId,&#xD;&#xA;&#x9;&#x9;   F.BugNumber,&#xD;&#xA;&#x9;&#x9;   F.BugDatabaseName,&#xD;&#xA;&#x9;&#x9;   F.IsBranchSpecificBug&#xD;&#xA;&#x9;FROM @FailureBugMappings F&#xD;&#xA;&#xD;&#xA;&#x9;-- Resolve FailureId (If needed)&#xD;&#xA;" StatementId="8" StatementCompId="11" StatementType="INSERT" RetrievedFromCache="true" StatementSubTreeCost="0.0332862" StatementEstRows="1" StatementOptmLevel="TRIVIAL" QueryHash="0x56796154B3F4B1F9" QueryPlanHash="0x24F241FFD7C9B1C7">
          <StatementSetOptions QUOTED_IDENTIFIER="true" ARITHABORT="true" CONCAT_NULL_YIELDS_NULL="true" ANSI_NULLS="true" ANSI_PADDING="true" ANSI_WARNINGS="true" NUMERIC_ROUNDABORT="false" />
          <QueryPlan NonParallelPlanReason="MaxDOPSetToOne" CachedPlanSize="24" CompileTime="0" CompileCPU="0" CompileMemory="136">
            <MemoryGrantInfo SerialRequiredMemory="0" SerialDesiredMemory="0" />
            <OptimizerHardwareDependentProperties EstimatedAvailableMemoryGrant="193313" EstimatedPagesCached="773254" EstimatedAvailableDegreeOfParallelism="1" />
            <RelOp NodeId="0" PhysicalOp="Clustered Index Insert" LogicalOp="Insert" EstimateRows="1" EstimateIO="0.03" EstimateCPU="3e-006" AvgRowSize="9" EstimatedTotalSubtreeCost="0.0332862" Parallel="0" EstimateRebinds="0" EstimateRewinds="0" EstimatedExecutionMode="Row">
              <OutputList />
              <Update DMLRequestSort="0">
                <Object Database="[tempdb]" Schema="[dbo]" Table="[#FailureBugCollection]" Index="[CIX_FailureBugCollection_InternalFailureId_InternalBugId]" />
                <Object Database="[tempdb]" Schema="[dbo]" Table="[#FailureBugCollection]" Index="[IDX_FailureBugCollection_FailureGuid]" />
                <Object Database="[tempdb]" Schema="[dbo]" Table="[#FailureBugCollection]" Index="[IDX_FailureBugCollection_Bug]" />
                <SetPredicate>
                  <ScalarOperator ScalarString="[#FailureBugCollection].[InternalFailureId] = @FailureBugMappings.[InternalFailureId] as [F].[InternalFailureId],[#FailureBugCollection].[FailureGuid] = @FailureBugMappings.[FailureGuid] as [F].[FailureGuid],[#FailureBugCollection].[FailureStatus] = @FailureBugMappings.[FailureStatus] as [F].[FailureStatus],[#FailureBugCollection].[UpdatedByAlias] = @FailureBugMappings.[UpdatedByAlias] as [F].[UpdatedByAlias],[#FailureBugCollection].[InternalBugId] = @FailureBugMappings.[InternalBugId] as [F].[InternalBugId],[#FailureBugCollection].[BugNumber] = @FailureBugMappings.[BugNumber] as [F].[BugNumber],[#FailureBugCollection].[BugDatabaseName] = @FailureBugMappings.[BugDatabaseName] as [F].[BugDatabaseName],[#FailureBugCollection].[IsBranchSpecificBug] = @FailureBugMappings.[IsBranchSpecificBug] as [F].[IsBranchSpecificBug],[#FailureBugCollection].[Id] = [Expr1007]">
                    <ScalarExpressionList>
                      <ScalarOperator>
                        <MultipleAssign>
                          <Assign>
                            <ColumnReference Table="[#FailureBugCollection]" Column="InternalFailureId" />
                            <ScalarOperator>
                              <Identifier>
                                <ColumnReference Table="@FailureBugMappings" Alias="[F]" Column="InternalFailureId" />
                              </Identifier>
                            </ScalarOperator>
                          </Assign>
                          <Assign>
                            <ColumnReference Table="[#FailureBugCollection]" Column="FailureGuid" />
                            <ScalarOperator>
                              <Identifier>
                                <ColumnReference Table="@FailureBugMappings" Alias="[F]" Column="FailureGuid" />
                              </Identifier>
                            </ScalarOperator>
                          </Assign>
                          <Assign>
                            <ColumnReference Table="[#FailureBugCollection]" Column="FailureStatus" />
                            <ScalarOperator>
                              <Identifier>
                                <ColumnReference Table="@FailureBugMappings" Alias="[F]" Column="FailureStatus" />
                              </Identifier>
                            </ScalarOperator>
                          </Assign>
                          <Assign>
                            <ColumnReference Table="[#FailureBugCollection]" Column="UpdatedByAlias" />
                            <ScalarOperator>
                              <Identifier>
                                <ColumnReference Table="@FailureBugMappings" Alias="[F]" Column="UpdatedByAlias" />
                              </Identifier>
                            </ScalarOperator>
                          </Assign>
                          <Assign>
                            <ColumnReference Table="[#FailureBugCollection]" Column="InternalBugId" />
                            <ScalarOperator>
                              <Identifier>
                                <ColumnReference Table="@FailureBugMappings" Alias="[F]" Column="InternalBugId" />
                              </Identifier>
                            </ScalarOperator>
                          </Assign>
                          <Assign>
                            <ColumnReference Table="[#FailureBugCollection]" Column="BugNumber" />
                            <ScalarOperator>
                              <Identifier>
                                <ColumnReference Table="@FailureBugMappings" Alias="[F]" Column="BugNumber" />
                              </Identifier>
                            </ScalarOperator>
                          </Assign>
                          <Assign>
                            <ColumnReference Table="[#FailureBugCollection]" Column="BugDatabaseName" />
                            <ScalarOperator>
                              <Identifier>
                                <ColumnReference Table="@FailureBugMappings" Alias="[F]" Column="BugDatabaseName" />
                              </Identifier>
                            </ScalarOperator>
                          </Assign>
                          <Assign>
                            <ColumnReference Table="[#FailureBugCollection]" Column="IsBranchSpecificBug" />
                            <ScalarOperator>
                              <Identifier>
                                <ColumnReference Table="@FailureBugMappings" Alias="[F]" Column="IsBranchSpecificBug" />
                              </Identifier>
                            </ScalarOperator>
                          </Assign>
                          <Assign>
                            <ColumnReference Table="[#FailureBugCollection]" Column="Id" />
                            <ScalarOperator>
                              <Identifier>
                                <ColumnReference Column="Expr1007" />
                              </Identifier>
                            </ScalarOperator>
                          </Assign>
                        </MultipleAssign>
                      </ScalarOperator>
                    </ScalarExpressionList>
                  </ScalarOperator>
                </SetPredicate>
                <RelOp NodeId="1" PhysicalOp="Compute Scalar" LogicalOp="Compute Scalar" EstimateRows="1" EstimateIO="0" EstimateCPU="1e-007" AvgRowSize="549" EstimatedTotalSubtreeCost="0.0032832" Parallel="0" EstimateRebinds="0" EstimateRewinds="0" EstimatedExecutionMode="Row">
                  <OutputList>
                    <ColumnReference Table="@FailureBugMappings" Alias="[F]" Column="InternalFailureId" />
                    <ColumnReference Table="@FailureBugMappings" Alias="[F]" Column="FailureGuid" />
                    <ColumnReference Table="@FailureBugMappings" Alias="[F]" Column="FailureStatus" />
                    <ColumnReference Table="@FailureBugMappings" Alias="[F]" Column="UpdatedByAlias" />
                    <ColumnReference Table="@FailureBugMappings" Alias="[F]" Column="InternalBugId" />
                    <ColumnReference Table="@FailureBugMappings" Alias="[F]" Column="BugNumber" />
                    <ColumnReference Table="@FailureBugMappings" Alias="[F]" Column="BugDatabaseName" />
                    <ColumnReference Table="@FailureBugMappings" Alias="[F]" Column="IsBranchSpecificBug" />
                    <ColumnReference Column="Expr1007" />
                  </OutputList>
                  <ComputeScalar ComputeSequence="1">
                    <DefinedValues>
                      <DefinedValue>
                        <ColumnReference Column="Expr1007" />
                        <ScalarOperator ScalarString="getidentity((-1353906556),(2),N'#FailureBugCollection')">
                          <Intrinsic FunctionName="getidentity">
                            <ScalarOperator>
                              <Const ConstValue="(-1353906556)" />
                            </ScalarOperator>
                            <ScalarOperator>
                              <Const ConstValue="(2)" />
                            </ScalarOperator>
                            <ScalarOperator>
                              <Const ConstValue="N'#FailureBugCollection'" />
                            </ScalarOperator>
                          </Intrinsic>
                        </ScalarOperator>
                      </DefinedValue>
                    </DefinedValues>
                    <RelOp NodeId="2" PhysicalOp="Table Scan" LogicalOp="Table Scan" EstimateRows="1" EstimateIO="0.0032035" EstimateCPU="7.96e-005" AvgRowSize="544" EstimatedTotalSubtreeCost="0.0032831" TableCardinality="0" Parallel="0" EstimateRebinds="0" EstimateRewinds="0" EstimatedExecutionMode="Row">
                      <OutputList>
                        <ColumnReference Table="@FailureBugMappings" Alias="[F]" Column="InternalFailureId" />
                        <ColumnReference Table="@FailureBugMappings" Alias="[F]" Column="FailureGuid" />
                        <ColumnReference Table="@FailureBugMappings" Alias="[F]" Column="FailureStatus" />
                        <ColumnReference Table="@FailureBugMappings" Alias="[F]" Column="UpdatedByAlias" />
                        <ColumnReference Table="@FailureBugMappings" Alias="[F]" Column="InternalBugId" />
                        <ColumnReference Table="@FailureBugMappings" Alias="[F]" Column="BugNumber" />
                        <ColumnReference Table="@FailureBugMappings" Alias="[F]" Column="BugDatabaseName" />
                        <ColumnReference Table="@FailureBugMappings" Alias="[F]" Column="IsBranchSpecificBug" />
                      </OutputList>
                      <TableScan Ordered="0" ForcedIndex="0" ForceScan="0" NoExpandHint="0">
                        <DefinedValues>
                          <DefinedValue>
                            <ColumnReference Table="@FailureBugMappings" Alias="[F]" Column="InternalFailureId" />
                          </DefinedValue>
                          <DefinedValue>
                            <ColumnReference Table="@FailureBugMappings" Alias="[F]" Column="FailureGuid" />
                          </DefinedValue>
                          <DefinedValue>
                            <ColumnReference Table="@FailureBugMappings" Alias="[F]" Column="FailureStatus" />
                          </DefinedValue>
                          <DefinedValue>
                            <ColumnReference Table="@FailureBugMappings" Alias="[F]" Column="UpdatedByAlias" />
                          </DefinedValue>
                          <DefinedValue>
                            <ColumnReference Table="@FailureBugMappings" Alias="[F]" Column="InternalBugId" />
                          </DefinedValue>
                          <DefinedValue>
                            <ColumnReference Table="@FailureBugMappings" Alias="[F]" Column="BugNumber" />
                          </DefinedValue>
                          <DefinedValue>
                            <ColumnReference Table="@FailureBugMappings" Alias="[F]" Column="BugDatabaseName" />
                          </DefinedValue>
                          <DefinedValue>
                            <ColumnReference Table="@FailureBugMappings" Alias="[F]" Column="IsBranchSpecificBug" />
                          </DefinedValue>
                        </DefinedValues>
                        <Object Table="[@FailureBugMappings]" Alias="[F]" />
                      </TableScan>
                    </RelOp>
                  </ComputeScalar>
                </RelOp>
              </Update>
            </RelOp>
          </QueryPlan>
        </StmtSimple>
        <StmtSimple StatementText="&#x9;UPDATE FB&#xD;&#xA;&#x9;SET FB.InternalFailureId = F.Id&#xD;&#xA;&#x9;FROM #FailureBugCollection FB&#xD;&#xA;&#x9;INNER JOIN dbo.Failure F WITH(NOLOCK)&#xD;&#xA;&#x9;ON&#xD;&#xA;&#x9;&#x9;FB.FailureGuid = F.[Guid]&#xD;&#xA;&#x9;WHERE FB.InternalFailureId IS NULL&#xD;&#xA;&#xD;&#xA;&#x9;-- Resolve BugId (If needed)&#xD;&#xA;" StatementId="9" StatementCompId="12" StatementType="UPDATE" RetrievedFromCache="true" StatementSubTreeCost="0.0365734" StatementEstRows="1" StatementOptmLevel="FULL" QueryHash="0x9D7132B69385674D" QueryPlanHash="0xF6CE43BEB4C8130F" StatementOptmEarlyAbortReason="GoodEnoughPlanFound">
          <StatementSetOptions QUOTED_IDENTIFIER="true" ARITHABORT="true" CONCAT_NULL_YIELDS_NULL="true" ANSI_NULLS="true" ANSI_PADDING="true" ANSI_WARNINGS="true" NUMERIC_ROUNDABORT="false" />
          <QueryPlan NonParallelPlanReason="MaxDOPSetToOne" CachedPlanSize="32" CompileTime="3" CompileCPU="3" CompileMemory="320">
            <MemoryGrantInfo SerialRequiredMemory="512" SerialDesiredMemory="544" />
            <OptimizerHardwareDependentProperties EstimatedAvailableMemoryGrant="193313" EstimatedPagesCached="773254" EstimatedAvailableDegreeOfParallelism="1" />
            <RelOp NodeId="0" PhysicalOp="Clustered Index Update" LogicalOp="Update" EstimateRows="1" EstimateIO="0.03" EstimateCPU="3e-006" AvgRowSize="9" EstimatedTotalSubtreeCost="0.0365734" Parallel="0" EstimateRebinds="0" EstimateRewinds="0" EstimatedExecutionMode="Row">
              <OutputList />
              <Update DMLRequestSort="0">
                <Object Database="[tempdb]" Schema="[dbo]" Table="[#FailureBugCollection]" Index="[CIX_FailureBugCollection_InternalFailureId_InternalBugId]" Alias="[FB]" />
                <Object Database="[tempdb]" Schema="[dbo]" Table="[#FailureBugCollection]" Index="[IDX_FailureBugCollection_FailureGuid]" Alias="[FB]" />
                <Object Database="[tempdb]" Schema="[dbo]" Table="[#FailureBugCollection]" Index="[IDX_FailureBugCollection_Bug]" Alias="[FB]" />
                <SetPredicate>
                  <ScalarOperator ScalarString="#FailureBugCollection.[InternalFailureId] as [FB].[InternalFailureId] = [OurLabReporting].[dbo].[Failure].[Id] as [F].[Id]">
                    <ScalarExpressionList>
                      <ScalarOperator>
                        <MultipleAssign>
                          <Assign>
                            <ColumnReference Table="#FailureBugCollection" Alias="[FB]" Column="InternalFailureId" />
                            <ScalarOperator>
                              <Identifier>
                                <ColumnReference Database="[OurLabReporting]" Schema="[dbo]" Table="[Failure]" Alias="[F]" Column="Id" />
                              </Identifier>
                            </ScalarOperator>
                          </Assign>
                        </MultipleAssign>
                      </ScalarOperator>
                    </ScalarExpressionList>
                  </ScalarOperator>
                </SetPredicate>
                <RelOp NodeId="1" PhysicalOp="Nested Loops" LogicalOp="Inner Join" EstimateRows="1" EstimateIO="0" EstimateCPU="4.18e-006" AvgRowSize="23" EstimatedTotalSubtreeCost="0.00657038" Parallel="0" EstimateRebinds="0" EstimateRewinds="0" EstimatedExecutionMode="Row">
                  <OutputList>
                    <ColumnReference Column="Uniq1002" />
                    <ColumnReference Table="#FailureBugCollection" Alias="[FB]" Column="InternalFailureId" />
                    <ColumnReference Table="#FailureBugCollection" Alias="[FB]" Column="InternalBugId" />
                    <ColumnReference Database="[OurLabReporting]" Schema="[dbo]" Table="[Failure]" Alias="[F]" Column="Id" />
                  </OutputList>
                  <NestedLoops Optimized="1">
                    <OuterReferences>
                      <ColumnReference Table="#FailureBugCollection" Alias="[FB]" Column="FailureGuid" />
                    </OuterReferences>
                    <RelOp NodeId="3" PhysicalOp="Clustered Index Seek" LogicalOp="Clustered Index Seek" EstimateRows="1" EstimateIO="0.003125" EstimateCPU="0.0001581" AvgRowSize="35" EstimatedTotalSubtreeCost="0.0032831" TableCardinality="0" Parallel="0" EstimateRebinds="0" EstimateRewinds="0" EstimatedExecutionMode="Row">
                      <OutputList>
                        <ColumnReference Column="Uniq1002" />
                        <ColumnReference Table="#FailureBugCollection" Alias="[FB]" Column="InternalFailureId" />
                        <ColumnReference Table="#FailureBugCollection" Alias="[FB]" Column="FailureGuid" />
                        <ColumnReference Table="#FailureBugCollection" Alias="[FB]" Column="InternalBugId" />
                      </OutputList>
                      <IndexScan Ordered="1" ScanDirection="FORWARD" ForcedIndex="0" ForceSeek="0" ForceScan="0" NoExpandHint="0" Storage="RowStore">
                        <DefinedValues>
                          <DefinedValue>
                            <ColumnReference Column="Uniq1002" />
                          </DefinedValue>
                          <DefinedValue>
                            <ColumnReference Table="#FailureBugCollection" Alias="[FB]" Column="InternalFailureId" />
                          </DefinedValue>
                          <DefinedValue>
                            <ColumnReference Table="#FailureBugCollection" Alias="[FB]" Column="FailureGuid" />
                          </DefinedValue>
                          <DefinedValue>
                            <ColumnReference Table="#FailureBugCollection" Alias="[FB]" Column="InternalBugId" />
                          </DefinedValue>
                        </DefinedValues>
                        <Object Database="[tempdb]" Schema="[dbo]" Table="[#FailureBugCollection]" Index="[CIX_FailureBugCollection_InternalFailureId_InternalBugId]" Alias="[FB]" />
                        <SeekPredicates>
                          <SeekPredicateNew>
                            <SeekKeys>
                              <Prefix ScanType="EQ">
                                <RangeColumns>
                                  <ColumnReference Table="#FailureBugCollection" Alias="[FB]" Column="InternalFailureId" />
                                </RangeColumns>
                                <RangeExpressions>
                                  <ScalarOperator ScalarString="NULL">
                                    <Const ConstValue="NULL" />
                                  </ScalarOperator>
                                </RangeExpressions>
                              </Prefix>
                            </SeekKeys>
                          </SeekPredicateNew>
                        </SeekPredicates>
                      </IndexScan>
                    </RelOp>
                    <RelOp NodeId="4" PhysicalOp="Index Seek" LogicalOp="Index Seek" EstimateRows="1" EstimateIO="0.003125" EstimateCPU="0.0001581" AvgRowSize="11" EstimatedTotalSubtreeCost="0.0032831" TableCardinality="3.38967e+007" Parallel="0" EstimateRebinds="0" EstimateRewinds="0" EstimatedExecutionMode="Row">
                      <OutputList>
                        <ColumnReference Database="[OurLabReporting]" Schema="[dbo]" Table="[Failure]" Alias="[F]" Column="Id" />
                      </OutputList>
                      <IndexScan Ordered="1" ScanDirection="FORWARD" ForcedIndex="0" ForceSeek="0" ForceScan="0" NoExpandHint="0" Storage="RowStore">
                        <DefinedValues>
                          <DefinedValue>
                            <ColumnReference Database="[OurLabReporting]" Schema="[dbo]" Table="[Failure]" Alias="[F]" Column="Id" />
                          </DefinedValue>
                        </DefinedValues>
                        <Object Database="[OurLabReporting]" Schema="[dbo]" Table="[Failure]" Index="[Failure_IDX_Guid]" Alias="[F]" IndexKind="NonClustered" />
                        <SeekPredicates>
                          <SeekPredicateNew>
                            <SeekKeys>
                              <Prefix ScanType="EQ">
                                <RangeColumns>
                                  <ColumnReference Database="[OurLabReporting]" Schema="[dbo]" Table="[Failure]" Alias="[F]" Column="Guid" />
                                </RangeColumns>
                                <RangeExpressions>
                                  <ScalarOperator ScalarString="#FailureBugCollection.[FailureGuid] as [FB].[FailureGuid]">
                                    <Identifier>
                                      <ColumnReference Table="#FailureBugCollection" Alias="[FB]" Column="FailureGuid" />
                                    </Identifier>
                                  </ScalarOperator>
                                </RangeExpressions>
                              </Prefix>
                            </SeekKeys>
                          </SeekPredicateNew>
                        </SeekPredicates>
                      </IndexScan>
                    </RelOp>
                  </NestedLoops>
                </RelOp>
              </Update>
            </RelOp>
          </QueryPlan>
        </StmtSimple>
        <StmtSimple StatementText="&#x9;UPDATE FB&#xD;&#xA;&#x9;SET FB.InternalBugId = B.Id&#xD;&#xA;&#x9;FROM #FailureBugCollection FB&#xD;&#xA;&#x9;INNER JOIN dbo.Bug B WITH(NOLOCK)&#xD;&#xA;&#x9;ON&#xD;&#xA;&#x9;&#x9;FB.BugNumber = B.Number&#xD;&#xA;&#x9;&#x9;AND FB.BugDatabaseName = B.DatabaseName&#xD;&#xA;&#x9;WHERE FB.InternalBugId IS NULL&#xD;&#xA;&#xD;&#xA;&#x9;-- Remove rows with lookup failed (These rows will be reported as outliers below)&#xD;&#xA;" StatementId="10" StatementCompId="13" StatementType="UPDATE" RetrievedFromCache="true" StatementSubTreeCost="0.0497996" StatementEstRows="1" StatementOptmLevel="FULL" QueryHash="0x812E815F59AD2FF5" QueryPlanHash="0x79F0C41E6F713793" StatementOptmEarlyAbortReason="GoodEnoughPlanFound">
          <StatementSetOptions QUOTED_IDENTIFIER="true" ARITHABORT="true" CONCAT_NULL_YIELDS_NULL="true" ANSI_NULLS="true" ANSI_PADDING="true" ANSI_WARNINGS="true" NUMERIC_ROUNDABORT="false" />
          <QueryPlan NonParallelPlanReason="MaxDOPSetToOne" CachedPlanSize="32" CompileTime="5" CompileCPU="5" CompileMemory="376">
            <MemoryGrantInfo SerialRequiredMemory="0" SerialDesiredMemory="0" />
            <OptimizerHardwareDependentProperties EstimatedAvailableMemoryGrant="193313" EstimatedPagesCached="773254" EstimatedAvailableDegreeOfParallelism="1" />
            <RelOp NodeId="0" PhysicalOp="Clustered Index Update" LogicalOp="Update" EstimateRows="1" EstimateIO="0.03" EstimateCPU="3e-006" AvgRowSize="9" EstimatedTotalSubtreeCost="0.0497996" Parallel="0" EstimateRebinds="0" EstimateRewinds="0" EstimatedExecutionMode="Row">
              <OutputList />
              <Update DMLRequestSort="0">
                <Object Database="[tempdb]" Schema="[dbo]" Table="[#FailureBugCollection]" Index="[CIX_FailureBugCollection_InternalFailureId_InternalBugId]" Alias="[FB]" />
                <Object Database="[tempdb]" Schema="[dbo]" Table="[#FailureBugCollection]" Index="[IDX_FailureBugCollection_FailureGuid]" Alias="[FB]" />
                <Object Database="[tempdb]" Schema="[dbo]" Table="[#FailureBugCollection]" Index="[IDX_FailureBugCollection_Bug]" Alias="[FB]" />
                <SetPredicate>
                  <ScalarOperator ScalarString="#FailureBugCollection.[InternalBugId] as [FB].[InternalBugId] = [OurLabReporting].[dbo].[Bug].[Id] as [B].[Id]">
                    <ScalarExpressionList>
                      <ScalarOperator>
                        <MultipleAssign>
                          <Assign>
                            <ColumnReference Table="#FailureBugCollection" Alias="[FB]" Column="InternalBugId" />
                            <ScalarOperator>
                              <Identifier>
                                <ColumnReference Database="[OurLabReporting]" Schema="[dbo]" Table="[Bug]" Alias="[B]" Column="Id" />
                              </Identifier>
                            </ScalarOperator>
                          </Assign>
                        </MultipleAssign>
                      </ScalarOperator>
                    </ScalarExpressionList>
                  </ScalarOperator>
                </SetPredicate>
                <RelOp NodeId="1" PhysicalOp="Table Spool" LogicalOp="Eager Spool" EstimateRows="1" EstimateIO="0.013125" EstimateCPU="0.00010076" AvgRowSize="23" EstimatedTotalSubtreeCost="0.0197966" Parallel="0" EstimateRebinds="0" EstimateRewinds="0" EstimatedExecutionMode="Row">
                  <OutputList>
                    <ColumnReference Column="Uniq1002" />
                    <ColumnReference Table="#FailureBugCollection" Alias="[FB]" Column="InternalFailureId" />
                    <ColumnReference Table="#FailureBugCollection" Alias="[FB]" Column="InternalBugId" />
                    <ColumnReference Database="[OurLabReporting]" Schema="[dbo]" Table="[Bug]" Alias="[B]" Column="Id" />
                  </OutputList>
                  <Spool>
                    <RelOp NodeId="2" PhysicalOp="Nested Loops" LogicalOp="Inner Join" EstimateRows="1" EstimateIO="0" EstimateCPU="4.18e-006" AvgRowSize="23" EstimatedTotalSubtreeCost="0.00657086" Parallel="0" EstimateRebinds="0" EstimateRewinds="0" EstimatedExecutionMode="Row">
                      <OutputList>
                        <ColumnReference Column="Uniq1002" />
                        <ColumnReference Table="#FailureBugCollection" Alias="[FB]" Column="InternalFailureId" />
                        <ColumnReference Table="#FailureBugCollection" Alias="[FB]" Column="InternalBugId" />
                        <ColumnReference Database="[OurLabReporting]" Schema="[dbo]" Table="[Bug]" Alias="[B]" Column="Id" />
                      </OutputList>
                      <NestedLoops Optimized="0">
                        <OuterReferences>
                          <ColumnReference Table="#FailureBugCollection" Alias="[FB]" Column="BugNumber" />
                          <ColumnReference Table="#FailureBugCollection" Alias="[FB]" Column="BugDatabaseName" />
                        </OuterReferences>
                        <RelOp NodeId="3" PhysicalOp="Index Scan" LogicalOp="Index Scan" EstimateRows="1" EstimateIO="0.003125" EstimateCPU="0.0001581" AvgRowSize="28" EstimatedTotalSubtreeCost="0.0032831" TableCardinality="0" Parallel="0" EstimateRebinds="0" EstimateRewinds="0" EstimatedExecutionMode="Row">
                          <OutputList>
                            <ColumnReference Column="Uniq1002" />
                            <ColumnReference Table="#FailureBugCollection" Alias="[FB]" Column="InternalFailureId" />
                            <ColumnReference Table="#FailureBugCollection" Alias="[FB]" Column="InternalBugId" />
                            <ColumnReference Table="#FailureBugCollection" Alias="[FB]" Column="BugNumber" />
                            <ColumnReference Table="#FailureBugCollection" Alias="[FB]" Column="BugDatabaseName" />
                          </OutputList>
                          <IndexScan Ordered="1" ScanDirection="FORWARD" ForcedIndex="0" ForceSeek="0" ForceScan="0" NoExpandHint="0" Storage="RowStore">
                            <DefinedValues>
                              <DefinedValue>
                                <ColumnReference Column="Uniq1002" />
                              </DefinedValue>
                              <DefinedValue>
                                <ColumnReference Table="#FailureBugCollection" Alias="[FB]" Column="InternalFailureId" />
                              </DefinedValue>
                              <DefinedValue>
                                <ColumnReference Table="#FailureBugCollection" Alias="[FB]" Column="InternalBugId" />
                              </DefinedValue>
                              <DefinedValue>
                                <ColumnReference Table="#FailureBugCollection" Alias="[FB]" Column="BugNumber" />
                              </DefinedValue>
                              <DefinedValue>
                                <ColumnReference Table="#FailureBugCollection" Alias="[FB]" Column="BugDatabaseName" />
                              </DefinedValue>
                            </DefinedValues>
                            <Object Database="[tempdb]" Schema="[dbo]" Table="[#FailureBugCollection]" Index="[IDX_FailureBugCollection_Bug]" Alias="[FB]" />
                            <Predicate>
                              <ScalarOperator ScalarString="#FailureBugCollection.[InternalBugId] as [FB].[InternalBugId] IS NULL">
                                <Compare CompareOp="IS">
                                  <ScalarOperator>
                                    <Identifier>
                                      <ColumnReference Table="#FailureBugCollection" Alias="[FB]" Column="InternalBugId" />
                                    </Identifier>
                                  </ScalarOperator>
                                  <ScalarOperator>
                                    <Const ConstValue="NULL" />
                                  </ScalarOperator>
                                </Compare>
                              </ScalarOperator>
                            </Predicate>
                          </IndexScan>
                        </RelOp>
                        <RelOp NodeId="4" PhysicalOp="Index Seek" LogicalOp="Index Seek" EstimateRows="1" EstimateIO="0.003125" EstimateCPU="0.0001581" AvgRowSize="11" EstimatedTotalSubtreeCost="0.0032831" TableCardinality="37279" Parallel="0" EstimateRebinds="0" EstimateRewinds="0" EstimatedExecutionMode="Row">
                          <OutputList>
                            <ColumnReference Database="[OurLabReporting]" Schema="[dbo]" Table="[Bug]" Alias="[B]" Column="Id" />
                          </OutputList>
                          <IndexScan Ordered="1" ScanDirection="FORWARD" ForcedIndex="0" ForceSeek="0" ForceScan="0" NoExpandHint="0" Storage="RowStore">
                            <DefinedValues>
                              <DefinedValue>
                                <ColumnReference Database="[OurLabReporting]" Schema="[dbo]" Table="[Bug]" Alias="[B]" Column="Id" />
                              </DefinedValue>
                            </DefinedValues>
                            <Object Database="[OurLabReporting]" Schema="[dbo]" Table="[Bug]" Index="[AK_Database_Number]" Alias="[B]" IndexKind="NonClustered" />
                            <SeekPredicates>
                              <SeekPredicateNew>
                                <SeekKeys>
                                  <Prefix ScanType="EQ">
                                    <RangeColumns>
                                      <ColumnReference Database="[OurLabReporting]" Schema="[dbo]" Table="[Bug]" Alias="[B]" Column="DatabaseName" />
                                      <ColumnReference Database="[OurLabReporting]" Schema="[dbo]" Table="[Bug]" Alias="[B]" Column="Number" />
                                    </RangeColumns>
                                    <RangeExpressions>
                                      <ScalarOperator ScalarString="#FailureBugCollection.[BugDatabaseName] as [FB].[BugDatabaseName]">
                                        <Identifier>
                                          <ColumnReference Table="#FailureBugCollection" Alias="[FB]" Column="BugDatabaseName" />
                                        </Identifier>
                                      </ScalarOperator>
                                      <ScalarOperator ScalarString="#FailureBugCollection.[BugNumber] as [FB].[BugNumber]">
                                        <Identifier>
                                          <ColumnReference Table="#FailureBugCollection" Alias="[FB]" Column="BugNumber" />
                                        </Identifier>
                                      </ScalarOperator>
                                    </RangeExpressions>
                                  </Prefix>
                                </SeekKeys>
                              </SeekPredicateNew>
                            </SeekPredicates>
                          </IndexScan>
                        </RelOp>
                      </NestedLoops>
                    </RelOp>
                  </Spool>
                </RelOp>
              </Update>
            </RelOp>
          </QueryPlan>
        </StmtSimple>
        <StmtSimple StatementText="&#x9;DELETE FROM #FailureBugCollection WHERE (InternalFailureId IS NULL OR InternalBugId IS NULL)&#xD;&#xA;&#xD;&#xA;&#x9;-- Remove duplicates&#xD;&#xA;&#x9;-- (Note: This can be done before resolving Ids, however it is easier/faster to remove it based on internalId)&#xD;&#xA;" StatementId="11" StatementCompId="14" StatementType="DELETE" RetrievedFromCache="true" StatementSubTreeCost="0.033287" StatementEstRows="1" StatementOptmLevel="FULL" QueryHash="0x825863E4B004B96D" QueryPlanHash="0xCF4208B03262B958" StatementOptmEarlyAbortReason="GoodEnoughPlanFound">
          <StatementSetOptions QUOTED_IDENTIFIER="true" ARITHABORT="true" CONCAT_NULL_YIELDS_NULL="true" ANSI_NULLS="true" ANSI_PADDING="true" ANSI_WARNINGS="true" NUMERIC_ROUNDABORT="false" />
          <QueryPlan NonParallelPlanReason="MaxDOPSetToOne" CachedPlanSize="16" CompileTime="1" CompileCPU="1" CompileMemory="176">
            <MemoryGrantInfo SerialRequiredMemory="0" SerialDesiredMemory="0" />
            <OptimizerHardwareDependentProperties EstimatedAvailableMemoryGrant="193313" EstimatedPagesCached="773254" EstimatedAvailableDegreeOfParallelism="1" />
            <RelOp NodeId="0" PhysicalOp="Clustered Index Delete" LogicalOp="Delete" EstimateRows="1" EstimateIO="0.03" EstimateCPU="3e-006" AvgRowSize="9" EstimatedTotalSubtreeCost="0.033287" Parallel="0" EstimateRebinds="0" EstimateRewinds="0" EstimatedExecutionMode="Row">
              <OutputList />
              <Update DMLRequestSort="0">
                <Object Database="[tempdb]" Schema="[dbo]" Table="[#FailureBugCollection]" Index="[CIX_FailureBugCollection_InternalFailureId_InternalBugId]" />
                <Object Database="[tempdb]" Schema="[dbo]" Table="[#FailureBugCollection]" Index="[IDX_FailureBugCollection_FailureGuid]" />
                <Object Database="[tempdb]" Schema="[dbo]" Table="[#FailureBugCollection]" Index="[IDX_FailureBugCollection_Bug]" />
                <RelOp NodeId="1" PhysicalOp="Index Scan" LogicalOp="Index Scan" EstimateRows="1" EstimateIO="0.003125" EstimateCPU="0.0001581" AvgRowSize="19" EstimatedTotalSubtreeCost="0.0032831" TableCardinality="0" Parallel="0" EstimateRebinds="0" EstimateRewinds="0" EstimatedExecutionMode="Row">
                  <OutputList>
                    <ColumnReference Column="Uniq1002" />
                    <ColumnReference Table="[#FailureBugCollection]" Column="InternalFailureId" />
                    <ColumnReference Table="[#FailureBugCollection]" Column="InternalBugId" />
                  </OutputList>
                  <IndexScan Ordered="1" ScanDirection="FORWARD" ForcedIndex="0" ForceSeek="0" ForceScan="0" NoExpandHint="0" Storage="RowStore">
                    <DefinedValues>
                      <DefinedValue>
                        <ColumnReference Column="Uniq1002" />
                      </DefinedValue>
                      <DefinedValue>
                        <ColumnReference Table="[#FailureBugCollection]" Column="InternalFailureId" />
                      </DefinedValue>
                      <DefinedValue>
                        <ColumnReference Table="[#FailureBugCollection]" Column="InternalBugId" />
                      </DefinedValue>
                    </DefinedValues>
                    <Object Database="[tempdb]" Schema="[dbo]" Table="[#FailureBugCollection]" Index="[IDX_FailureBugCollection_Bug]" />
                    <Predicate>
                      <ScalarOperator ScalarString="[#FailureBugCollection].[InternalFailureId] IS NULL OR [#FailureBugCollection].[InternalBugId] IS NULL">
                        <Logical Operation="OR">
                          <ScalarOperator>
                            <Compare CompareOp="IS">
                              <ScalarOperator>
                                <Identifier>
                                  <ColumnReference Table="[#FailureBugCollection]" Column="InternalFailureId" />
                                </Identifier>
                              </ScalarOperator>
                              <ScalarOperator>
                                <Const ConstValue="NULL" />
                              </ScalarOperator>
                            </Compare>
                          </ScalarOperator>
                          <ScalarOperator>
                            <Compare CompareOp="IS">
                              <ScalarOperator>
                                <Identifier>
                                  <ColumnReference Table="[#FailureBugCollection]" Column="InternalBugId" />
                                </Identifier>
                              </ScalarOperator>
                              <ScalarOperator>
                                <Const ConstValue="NULL" />
                              </ScalarOperator>
                            </Compare>
                          </ScalarOperator>
                        </Logical>
                      </ScalarOperator>
                    </Predicate>
                  </IndexScan>
                </RelOp>
              </Update>
            </RelOp>
          </QueryPlan>
        </StmtSimple>
        <StmtSimple StatementText="&#x9;DELETE FROM FC&#xD;&#xA;&#x9;FROM #FailureBugCollection FC&#xD;&#xA;&#x9;INNER JOIN&#xD;&#xA;&#x9;(SELECT InternalFailureId,&#xD;&#xA;&#x9;&#x9;    InternalBugId,&#xD;&#xA;&#x9;&#x9;    MIN(Id) AS DistinctId&#xD;&#xA;&#x9;FROM #FailureBugCollection&#xD;&#xA;&#x9;GROUP BY InternalFailureId, InternalBugId) AS Duplicates&#xD;&#xA;&#x9;ON&#xD;&#xA;&#x9;&#x9;FC.InternalFailureId = Duplicates.InternalFailureId&#xD;&#xA;&#x9;&#x9;AND FC.InternalBugId = Duplicates.InternalBugId&#xD;&#xA;&#x9;WHERE FC.Id &lt;&gt; Duplicates.DistinctId&#xD;&#xA;&#xD;&#xA;&#x9;-- Insert / Update FailureBugMapping&#xD;&#xA;" StatementId="12" StatementCompId="15" StatementType="DELETE" RetrievedFromCache="true" StatementSubTreeCost="0.0446759" StatementEstRows="1" StatementOptmLevel="FULL" QueryHash="0x814742E56A4E6A4B" QueryPlanHash="0xF34A6571F3C82144" StatementOptmEarlyAbortReason="GoodEnoughPlanFound">
          <StatementSetOptions QUOTED_IDENTIFIER="true" ARITHABORT="true" CONCAT_NULL_YIELDS_NULL="true" ANSI_NULLS="true" ANSI_PADDING="true" ANSI_WARNINGS="true" NUMERIC_ROUNDABORT="false" />
          <QueryPlan NonParallelPlanReason="MaxDOPSetToOne" CachedPlanSize="40" CompileTime="4" CompileCPU="4" CompileMemory="360">
            <MemoryGrantInfo SerialRequiredMemory="512" SerialDesiredMemory="544" />
            <OptimizerHardwareDependentProperties EstimatedAvailableMemoryGrant="193313" EstimatedPagesCached="773254" EstimatedAvailableDegreeOfParallelism="1" />
            <RelOp NodeId="0" PhysicalOp="Clustered Index Delete" LogicalOp="Delete" EstimateRows="1" EstimateIO="0.03" EstimateCPU="3e-006" AvgRowSize="9" EstimatedTotalSubtreeCost="0.0446759" Parallel="0" EstimateRebinds="0" EstimateRewinds="0" EstimatedExecutionMode="Row">
              <OutputList />
              <Update DMLRequestSort="0">
                <Object Database="[tempdb]" Schema="[dbo]" Table="[#FailureBugCollection]" Index="[CIX_FailureBugCollection_InternalFailureId_InternalBugId]" Alias="[FC]" />
                <Object Database="[tempdb]" Schema="[dbo]" Table="[#FailureBugCollection]" Index="[IDX_FailureBugCollection_FailureGuid]" Alias="[FC]" />
                <Object Database="[tempdb]" Schema="[dbo]" Table="[#FailureBugCollection]" Index="[IDX_FailureBugCollection_Bug]" Alias="[FC]" />
                <RelOp NodeId="2" PhysicalOp="Nested Loops" LogicalOp="Inner Join" EstimateRows="1" EstimateIO="0" EstimateCPU="2.156e-005" AvgRowSize="19" EstimatedTotalSubtreeCost="0.0146729" Parallel="0" EstimateRebinds="0" EstimateRewinds="0" EstimatedExecutionMode="Row">
                  <OutputList>
                    <ColumnReference Column="Uniq1002" />
                    <ColumnReference Table="#FailureBugCollection" Alias="[FC]" Column="InternalFailureId" />
                    <ColumnReference Table="#FailureBugCollection" Alias="[FC]" Column="InternalBugId" />
                  </OutputList>
                  <NestedLoops Optimized="0">
                    <RelOp NodeId="3" PhysicalOp="Table Spool" LogicalOp="Lazy Spool" EstimateRows="1" EstimateIO="0" EstimateCPU="0" AvgRowSize="23" EstimatedTotalSubtreeCost="0.0146505" Parallel="0" EstimateRebinds="0" EstimateRewinds="0" EstimatedExecutionMode="Row">
                      <OutputList>
                        <ColumnReference Column="Uniq1002" />
                        <ColumnReference Table="#FailureBugCollection" Alias="[FC]" Column="Id" />
                        <ColumnReference Table="#FailureBugCollection" Alias="[FC]" Column="InternalFailureId" />
                        <ColumnReference Table="#FailureBugCollection" Alias="[FC]" Column="InternalBugId" />
                      </OutputList>
                      <Spool>
                        <RelOp NodeId="4" PhysicalOp="Segment" LogicalOp="Segment" EstimateRows="1" EstimateIO="0" EstimateCPU="2.8e-006" AvgRowSize="23" EstimatedTotalSubtreeCost="0.0146477" Parallel="0" EstimateRebinds="0" EstimateRewinds="0" EstimatedExecutionMode="Row">
                          <OutputList>
                            <ColumnReference Column="Uniq1002" />
                            <ColumnReference Table="#FailureBugCollection" Alias="[FC]" Column="Id" />
                            <ColumnReference Table="#FailureBugCollection" Alias="[FC]" Column="InternalFailureId" />
                            <ColumnReference Table="#FailureBugCollection" Alias="[FC]" Column="InternalBugId" />
                            <ColumnReference Column="Segment1012" />
                          </OutputList>
                          <Segment>
                            <GroupBy>
                              <ColumnReference Table="#FailureBugCollection" Alias="[FC]" Column="InternalFailureId" />
                              <ColumnReference Table="#FailureBugCollection" Alias="[FC]" Column="InternalBugId" />
                            </GroupBy>
                            <SegmentColumn>
                              <ColumnReference Column="Segment1012" />
                            </SegmentColumn>
                            <RelOp NodeId="5" PhysicalOp="Sort" LogicalOp="Sort" EstimateRows="1" EstimateIO="0.0112613" EstimateCPU="0.000100023" AvgRowSize="23" EstimatedTotalSubtreeCost="0.0146449" Parallel="0" EstimateRebinds="0" EstimateRewinds="0" EstimatedExecutionMode="Row">
                              <OutputList>
                                <ColumnReference Column="Uniq1002" />
                                <ColumnReference Table="#FailureBugCollection" Alias="[FC]" Column="Id" />
                                <ColumnReference Table="#FailureBugCollection" Alias="[FC]" Column="InternalFailureId" />
                                <ColumnReference Table="#FailureBugCollection" Alias="[FC]" Column="InternalBugId" />
                              </OutputList>
                              <MemoryFractions Input="1" Output="1" />
                              <Sort Distinct="0">
                                <OrderBy>
                                  <OrderByColumn Ascending="1">
                                    <ColumnReference Table="#FailureBugCollection" Alias="[FC]" Column="InternalFailureId" />
                                  </OrderByColumn>
                                  <OrderByColumn Ascending="1">
                                    <ColumnReference Table="#FailureBugCollection" Alias="[FC]" Column="InternalBugId" />
                                  </OrderByColumn>
                                </OrderBy>
                                <RelOp NodeId="6" PhysicalOp="Clustered Index Seek" LogicalOp="Clustered Index Seek" EstimateRows="1" EstimateIO="0.003125" EstimateCPU="0.0001581" AvgRowSize="23" EstimatedTotalSubtreeCost="0.0032831" TableCardinality="0" Parallel="0" EstimateRebinds="0" EstimateRewinds="0" EstimatedExecutionMode="Row">
                                  <OutputList>
                                    <ColumnReference Column="Uniq1002" />
                                    <ColumnReference Table="#FailureBugCollection" Alias="[FC]" Column="Id" />
                                    <ColumnReference Table="#FailureBugCollection" Alias="[FC]" Column="InternalFailureId" />
                                    <ColumnReference Table="#FailureBugCollection" Alias="[FC]" Column="InternalBugId" />
                                  </OutputList>
                                  <IndexScan Ordered="1" ScanDirection="FORWARD" ForcedIndex="0" ForceSeek="0" ForceScan="0" NoExpandHint="0" Storage="RowStore">
                                    <DefinedValues>
                                      <DefinedValue>
                                        <ColumnReference Column="Uniq1002" />
                                      </DefinedValue>
                                      <DefinedValue>
                                        <ColumnReference Table="#FailureBugCollection" Alias="[FC]" Column="Id" />
                                      </DefinedValue>
                                      <DefinedValue>
                                        <ColumnReference Table="#FailureBugCollection" Alias="[FC]" Column="InternalFailureId" />
                                      </DefinedValue>
                                      <DefinedValue>
                                        <ColumnReference Table="#FailureBugCollection" Alias="[FC]" Column="InternalBugId" />
                                      </DefinedValue>
                                    </DefinedValues>
                                    <Object Database="[tempdb]" Schema="[dbo]" Table="[#FailureBugCollection]" Index="[CIX_FailureBugCollection_InternalFailureId_InternalBugId]" Alias="[FC]" />
                                    <SeekPredicates>
                                      <SeekPredicateNew>
                                        <SeekKeys>
                                          <IsNotNull>
                                            <ColumnReference Table="#FailureBugCollection" Alias="[FC]" Column="InternalFailureId" />
                                          </IsNotNull>
                                        </SeekKeys>
                                      </SeekPredicateNew>
                                    </SeekPredicates>
                                    <Predicate>
                                      <ScalarOperator ScalarString="#FailureBugCollection.[InternalBugId] as [FC].[InternalBugId] IS NOT NULL">
                                        <Compare CompareOp="IS NOT">
                                          <ScalarOperator>
                                            <Identifier>
                                              <ColumnReference Table="#FailureBugCollection" Alias="[FC]" Column="InternalBugId" />
                                            </Identifier>
                                          </ScalarOperator>
                                          <ScalarOperator>
                                            <Const ConstValue="NULL" />
                                          </ScalarOperator>
                                        </Compare>
                                      </ScalarOperator>
                                    </Predicate>
                                  </IndexScan>
                                </RelOp>
                              </Sort>
                            </RelOp>
                          </Segment>
                        </RelOp>
                      </Spool>
                    </RelOp>
                    <RelOp NodeId="7" PhysicalOp="Nested Loops" LogicalOp="Inner Join" EstimateRows="1" EstimateIO="0" EstimateCPU="2.8e-007" AvgRowSize="23" EstimatedTotalSubtreeCost="5.6e-007" Parallel="0" EstimateRebinds="1" EstimateRewinds="0" EstimatedExecutionMode="Row">
                      <OutputList>
                        <ColumnReference Column="Uniq1002" />
                        <ColumnReference Table="#FailureBugCollection" Alias="[FC]" Column="InternalFailureId" />
                        <ColumnReference Table="#FailureBugCollection" Alias="[FC]" Column="InternalBugId" />
                      </OutputList>
                      <NestedLoops Optimized="0">
                        <Predicate>
                          <ScalarOperator ScalarString="#FailureBugCollection.[Id] as [FC].[Id]&lt;&gt;[Expr1007]">
                            <Compare CompareOp="NE">
                              <ScalarOperator>
                                <Identifier>
                                  <ColumnReference Table="#FailureBugCollection" Alias="[FC]" Column="Id" />
                                </Identifier>
                              </ScalarOperator>
                              <ScalarOperator>
                                <Identifier>
                                  <ColumnReference Column="Expr1007" />
                                </Identifier>
                              </ScalarOperator>
                            </Compare>
                          </ScalarOperator>
                        </Predicate>
                        <RelOp NodeId="8" PhysicalOp="Stream Aggregate" LogicalOp="Aggregate" EstimateRows="1" EstimateIO="0" EstimateCPU="2.8e-007" AvgRowSize="23" EstimatedTotalSubtreeCost="2.8e-007" Parallel="0" EstimateRebinds="1" EstimateRewinds="0" EstimatedExecutionMode="Row">
                          <OutputList>
                            <ColumnReference Column="Expr1007" />
                          </OutputList>
                          <StreamAggregate>
                            <DefinedValues>
                              <DefinedValue>
                                <ColumnReference Column="Expr1007" />
                                <ScalarOperator ScalarString="MIN(#FailureBugCollection.[Id] as [FC].[Id])">
                                  <Aggregate Distinct="0" AggType="MIN">
                                    <ScalarOperator>
                                      <Identifier>
                                        <ColumnReference Table="#FailureBugCollection" Alias="[FC]" Column="Id" />
                                      </Identifier>
                                    </ScalarOperator>
                                  </Aggregate>
                                </ScalarOperator>
                              </DefinedValue>
                            </DefinedValues>
                            <RelOp NodeId="9" PhysicalOp="Table Spool" LogicalOp="Lazy Spool" EstimateRows="1" EstimateIO="0" EstimateCPU="0" AvgRowSize="23" EstimatedTotalSubtreeCost="0" Parallel="0" EstimateRebinds="1" EstimateRewinds="0" EstimatedExecutionMode="Row">
                              <OutputList>
                                <ColumnReference Column="Uniq1002" />
                                <ColumnReference Table="#FailureBugCollection" Alias="[FC]" Column="Id" />
                                <ColumnReference Table="#FailureBugCollection" Alias="[FC]" Column="InternalFailureId" />
                                <ColumnReference Table="#FailureBugCollection" Alias="[FC]" Column="InternalBugId" />
                              </OutputList>
                              <Spool PrimaryNodeId="3" />
                            </RelOp>
                          </StreamAggregate>
                        </RelOp>
                        <RelOp NodeId="13" PhysicalOp="Table Spool" LogicalOp="Lazy Spool" EstimateRows="1" EstimateIO="0" EstimateCPU="0" AvgRowSize="23" EstimatedTotalSubtreeCost="0" Parallel="0" EstimateRebinds="1" EstimateRewinds="0" EstimatedExecutionMode="Row">
                          <OutputList>
                            <ColumnReference Column="Uniq1002" />
                            <ColumnReference Table="#FailureBugCollection" Alias="[FC]" Column="Id" />
                            <ColumnReference Table="#FailureBugCollection" Alias="[FC]" Column="InternalFailureId" />
                            <ColumnReference Table="#FailureBugCollection" Alias="[FC]" Column="InternalBugId" />
                          </OutputList>
                          <Spool PrimaryNodeId="3" />
                        </RelOp>
                      </NestedLoops>
                    </RelOp>
                  </NestedLoops>
                </RelOp>
              </Update>
            </RelOp>
          </QueryPlan>
        </StmtSimple>
        <StmtSimple StatementText="&#x9;MERGE dbo.FailureBugMapping AS Trg&#xD;&#xA;&#x9;USING #FailureBugCollection AS Src&#xD;&#xA;&#x9;ON&#xD;&#xA;&#x9;&#x9;Trg.FailureId = Src.InternalFailureId&#xD;&#xA;&#x9;&#x9;AND Trg.BugId = Src.InternalBugId&#xD;&#xA;&#x9;WHEN MATCHED THEN&#xD;&#xA;&#x9;UPDATE &#xD;&#xA;&#x9;SET [IsBranchSpecific] = Src.IsBranchSpecificBug,&#xD;&#xA;&#x9;&#x9;[RecordLastUpdated] = GETDATE()&#xD;&#xA;&#x9;WHEN NOT MATCHED THEN&#xD;&#xA;&#x9;INSERT (FailureId, BugId, IsBranchSpecific)&#xD;&#xA;&#x9;VALUES (Src.InternalFailureId, Src.InternalBugId, Src.IsBranchSpecificBug);&#xD;&#xA;&#xD;&#xA;&#x9;-- Resolve Failure(s)&#xD;&#xA;" StatementId="13" StatementCompId="16" StatementType="MERGE" RetrievedFromCache="true" StatementSubTreeCost="0.119646" StatementEstRows="1.8" StatementOptmLevel="FULL" QueryHash="0x390F2338A069F09C" QueryPlanHash="0x947DA5A744EFCDD5" StatementOptmEarlyAbortReason="GoodEnoughPlanFound">
          <StatementSetOptions QUOTED_IDENTIFIER="true" ARITHABORT="true" CONCAT_NULL_YIELDS_NULL="true" ANSI_NULLS="true" ANSI_PADDING="true" ANSI_WARNINGS="true" NUMERIC_ROUNDABORT="false" />
          <QueryPlan NonParallelPlanReason="MaxDOPSetToOne" CachedPlanSize="176" CompileTime="54" CompileCPU="54" CompileMemory="2616">
            <MemoryGrantInfo SerialRequiredMemory="1024" SerialDesiredMemory="1088" />
            <OptimizerHardwareDependentProperties EstimatedAvailableMemoryGrant="193313" EstimatedPagesCached="773254" EstimatedAvailableDegreeOfParallelism="1" />
            <RelOp NodeId="1" PhysicalOp="Sequence" LogicalOp="Sequence" EstimateRows="1.8" EstimateIO="0" EstimateCPU="4.8e-006" AvgRowSize="9" EstimatedTotalSubtreeCost="0.119646" Parallel="0" EstimateRebinds="0" EstimateRewinds="0" EstimatedExecutionMode="Row">
              <OutputList />
              <Sequence>
                <RelOp NodeId="2" PhysicalOp="Table Spool" LogicalOp="Eager Spool" EstimateRows="2" EstimateIO="0" EstimateCPU="3.35153e-005" AvgRowSize="23" EstimatedTotalSubtreeCost="0.0194129" Parallel="0" EstimateRebinds="0" EstimateRewinds="0" EstimatedExecutionMode="Row">
                  <OutputList>
                    <ColumnReference Column="Action1007" />
                    <ColumnReference Database="[OurLabReporting]" Schema="[dbo]" Table="[FailureBugMapping]" Alias="[Trg]" Column="BugId" />
                    <ColumnReference Database="[OurLabReporting]" Schema="[dbo]" Table="[FailureBugMapping]" Alias="[Trg]" Column="FailureId" />
                    <ColumnReference Column="OriginalMergeAction1059" />
                  </OutputList>
                  <Spool>
                    <RelOp NodeId="3" PhysicalOp="Split" LogicalOp="Split" EstimateRows="2" EstimateIO="0" EstimateCPU="1.5e-006" AvgRowSize="23" EstimatedTotalSubtreeCost="0.0579382" Parallel="0" EstimateRebinds="0" EstimateRewinds="0" EstimatedExecutionMode="Row">
                      <OutputList>
                        <ColumnReference Column="Action1007" />
                        <ColumnReference Database="[OurLabReporting]" Schema="[dbo]" Table="[FailureBugMapping]" Alias="[Trg]" Column="BugId" />
                        <ColumnReference Database="[OurLabReporting]" Schema="[dbo]" Table="[FailureBugMapping]" Alias="[Trg]" Column="FailureId" />
                        <ColumnReference Column="OriginalMergeAction1059" />
                      </OutputList>
                      <Split>
                        <DefinedValues>
                          <DefinedValue>
                            <ColumnReference Column="Action1007" />
                          </DefinedValue>
                        </DefinedValues>
                        <ActionColumn>
                          <ColumnReference Column="Action1007" />
                        </ActionColumn>
                        <RelOp NodeId="4" PhysicalOp="Clustered Index Merge" LogicalOp="Merge" EstimateRows="1" EstimateIO="0.04" EstimateCPU="4e-006" AvgRowSize="31" EstimatedTotalSubtreeCost="0.0579367" Parallel="0" EstimateRebinds="0" EstimateRewinds="0" EstimatedExecutionMode="Row">
                          <OutputList>
                            <ColumnReference Column="Action1007" />
                            <ColumnReference Database="[OurLabReporting]" Schema="[dbo]" Table="[FailureBugMapping]" Alias="[Trg]" Column="BugId" />
                            <ColumnReference Database="[OurLabReporting]" Schema="[dbo]" Table="[FailureBugMapping]" Alias="[Trg]" Column="FailureId" />
                            <ColumnReference Column="BugId_OLD" />
                            <ColumnReference Column="FailureId_OLD" />
                            <ColumnReference Column="OriginalMergeAction1059" />
                          </OutputList>
                          <Update DMLRequestSort="0">
                            <Object Database="[OurLabReporting]" Schema="[dbo]" Table="[FailureBugMapping]" Index="[FailureBugMapping_PK]" Alias="[Trg]" IndexKind="Clustered" />
                            <Object Database="[OurLabReporting]" Schema="[dbo]" Table="[FailureBugMapping]" Index="[FailureBugMapping_IDX_Failure]" Alias="[Trg]" IndexKind="NonClustered" />
                            <Object Database="[OurLabReporting]" Schema="[dbo]" Table="[FailureBugMapping]" Index="[FailureBugMapping_IDX_LastUpdated]" Alias="[Trg]" IndexKind="NonClustered" />
                            <Object Database="[OurLabReporting]" Schema="[dbo]" Table="[FailureBugMapping]" Index="[FailureBugMapping_IDX_TeuNameHash]" Alias="[Trg]" IndexKind="NonClustered" />
                            <SetPredicate SetPredicateType="Insert">
                              <ScalarOperator ScalarString="[OurLabReporting].[dbo].[FailureBugMapping].[RecordLastUpdated] as [Trg].[RecordLastUpdated] = [Expr1008],[OurLabReporting].[dbo].[FailureBugMapping].[IsBranchSpecific] as [Trg].[IsBranchSpecific] = [Expr1009],[OurLabReporting].[dbo].[FailureBugMapping].[BugId] as [Trg].[BugId] = RaiseIfNullUpdate([Expr1010]),[OurLabReporting].[dbo].[FailureBugMapping].[FailureId] as [Trg].[FailureId] = RaiseIfNullUpdate([Expr1011]),[OurLabReporting].[dbo].[FailureBugMapping].[TeuNameHash] as [Trg].[TeuNameHash] = [Expr1012]">
                                <ScalarExpressionList>
                                  <ScalarOperator>
                                    <MultipleAssign>
                                      <Assign>
                                        <ColumnReference Database="[OurLabReporting]" Schema="[dbo]" Table="[FailureBugMapping]" Alias="[Trg]" Column="RecordLastUpdated" />
                                        <ScalarOperator>
                                          <Identifier>
                                            <ColumnReference Column="Expr1008" />
                                          </Identifier>
                                        </ScalarOperator>
                                      </Assign>
                                      <Assign>
                                        <ColumnReference Database="[OurLabReporting]" Schema="[dbo]" Table="[FailureBugMapping]" Alias="[Trg]" Column="IsBranchSpecific" />
                                        <ScalarOperator>
                                          <Identifier>
                                            <ColumnReference Column="Expr1009" />
                                          </Identifier>
                                        </ScalarOperator>
                                      </Assign>
                                      <Assign>
                                        <ColumnReference Database="[OurLabReporting]" Schema="[dbo]" Table="[FailureBugMapping]" Alias="[Trg]" Column="BugId" />
                                        <ScalarOperator>
                                          <Intrinsic FunctionName="RaiseIfNullUpdate">
                                            <ScalarOperator>
                                              <Identifier>
                                                <ColumnReference Column="Expr1010" />
                                              </Identifier>
                                            </ScalarOperator>
                                          </Intrinsic>
                                        </ScalarOperator>
                                      </Assign>
                                      <Assign>
                                        <ColumnReference Database="[OurLabReporting]" Schema="[dbo]" Table="[FailureBugMapping]" Alias="[Trg]" Column="FailureId" />
                                        <ScalarOperator>
                                          <Intrinsic FunctionName="RaiseIfNullUpdate">
                                            <ScalarOperator>
                                              <Identifier>
                                                <ColumnReference Column="Expr1011" />
                                              </Identifier>
                                            </ScalarOperator>
                                          </Intrinsic>
                                        </ScalarOperator>
                                      </Assign>
                                      <Assign>
                                        <ColumnReference Database="[OurLabReporting]" Schema="[dbo]" Table="[FailureBugMapping]" Alias="[Trg]" Column="TeuNameHash" />
                                        <ScalarOperator>
                                          <Identifier>
                                            <ColumnReference Column="Expr1012" />
                                          </Identifier>
                                        </ScalarOperator>
                                      </Assign>
                                    </MultipleAssign>
                                  </ScalarOperator>
                                </ScalarExpressionList>
                              </ScalarOperator>
                            </SetPredicate>
                            <SetPredicate SetPredicateType="Update">
                              <ScalarOperator ScalarString="[OurLabReporting].[dbo].[FailureBugMapping].[RecordLastUpdated] as [Trg].[RecordLastUpdated] = [Expr1008],[OurLabReporting].[dbo].[FailureBugMapping].[IsBranchSpecific] as [Trg].[IsBranchSpecific] = [Expr1009]">
                                <ScalarExpressionList>
                                  <ScalarOperator>
                                    <MultipleAssign>
                                      <Assign>
                                        <ColumnReference Database="[OurLabReporting]" Schema="[dbo]" Table="[FailureBugMapping]" Alias="[Trg]" Column="RecordLastUpdated" />
                                        <ScalarOperator>
                                          <Identifier>
                                            <ColumnReference Column="Expr1008" />
                                          </Identifier>
                                        </ScalarOperator>
                                      </Assign>
                                      <Assign>
                                        <ColumnReference Database="[OurLabReporting]" Schema="[dbo]" Table="[FailureBugMapping]" Alias="[Trg]" Column="IsBranchSpecific" />
                                        <ScalarOperator>
                                          <Identifier>
                                            <ColumnReference Column="Expr1009" />
                                          </Identifier>
                                        </ScalarOperator>
                                      </Assign>
                                    </MultipleAssign>
                                  </ScalarOperator>
                                </ScalarExpressionList>
                              </ScalarOperator>
                            </SetPredicate>
                            <ActionColumn>
                              <ColumnReference Column="Action1007" />
                            </ActionColumn>
                            <RelOp NodeId="5" PhysicalOp="Compute Scalar" LogicalOp="Compute Scalar" EstimateRows="1" EstimateIO="0" EstimateCPU="1e-007" AvgRowSize="57" EstimatedTotalSubtreeCost="0.0179327" Parallel="0" EstimateRebinds="0" EstimateRewinds="0" EstimatedExecutionMode="Row">
                              <OutputList>
                                <ColumnReference Database="[OurLabReporting]" Schema="[dbo]" Table="[FailureBugMapping]" Alias="[Trg]" Column="BugId" />
                                <ColumnReference Database="[OurLabReporting]" Schema="[dbo]" Table="[FailureBugMapping]" Alias="[Trg]" Column="FailureId" />
                                <ColumnReference Column="Action1007" />
                                <ColumnReference Column="Expr1008" />
                                <ColumnReference Column="Expr1009" />
                                <ColumnReference Column="Expr1010" />
                                <ColumnReference Column="Expr1011" />
                                <ColumnReference Column="Expr1012" />
                                <ColumnReference Column="Expr1056" />
                                <ColumnReference Column="Expr1057" />
                                <ColumnReference Column="Expr1058" />
                                <ColumnReference Column="OriginalMergeAction1059" />
                              </OutputList>
                              <ComputeScalar>
                                <DefinedValues>
                                  <DefinedValue>
                                    <ColumnReference Column="Action1007" />
                                    <ScalarOperator ScalarString="[Action1007]">
                                      <Identifier>
                                        <ColumnReference Column="Action1007" />
                                      </Identifier>
                                    </ScalarOperator>
                                  </DefinedValue>
                                  <DefinedValue>
                                    <ColumnReference Column="OriginalMergeAction1059" />
                                    <ScalarOperator ScalarString="[OriginalMergeAction1059]">
                                      <Identifier>
                                        <ColumnReference Column="OriginalMergeAction1059" />
                                      </Identifier>
                                    </ScalarOperator>
                                  </DefinedValue>
                                  <DefinedValue>
                                    <ColumnReference Column="Expr1056" />
                                    <ScalarOperator ScalarString="[Expr1056]">
                                      <Identifier>
                                        <ColumnReference Column="Expr1056" />
                                      </Identifier>
                                    </ScalarOperator>
                                  </DefinedValue>
                                  <DefinedValue>
                                    <ColumnReference Column="Expr1057" />
                                    <ScalarOperator ScalarString="[Expr1057]">
                                      <Identifier>
                                        <ColumnReference Column="Expr1057" />
                                      </Identifier>
                                    </ScalarOperator>
                                  </DefinedValue>
                                  <DefinedValue>
                                    <ColumnReference Column="Expr1058" />
                                    <ScalarOperator ScalarString="[Expr1058]">
                                      <Identifier>
                                        <ColumnReference Column="Expr1058" />
                                      </Identifier>
                                    </ScalarOperator>
                                  </DefinedValue>
                                </DefinedValues>
                                <RelOp NodeId="6" PhysicalOp="Compute Scalar" LogicalOp="Compute Scalar" EstimateRows="1" EstimateIO="0" EstimateCPU="1e-007" AvgRowSize="57" EstimatedTotalSubtreeCost="0.0179327" Parallel="0" EstimateRebinds="0" EstimateRewinds="0" EstimatedExecutionMode="Row">
                                  <OutputList>
                                    <ColumnReference Database="[OurLabReporting]" Schema="[dbo]" Table="[FailureBugMapping]" Alias="[Trg]" Column="BugId" />
                                    <ColumnReference Database="[OurLabReporting]" Schema="[dbo]" Table="[FailureBugMapping]" Alias="[Trg]" Column="FailureId" />
                                    <ColumnReference Column="Action1007" />
                                    <ColumnReference Column="Expr1008" />
                                    <ColumnReference Column="Expr1009" />
                                    <ColumnReference Column="Expr1010" />
                                    <ColumnReference Column="Expr1011" />
                                    <ColumnReference Column="Expr1012" />
                                    <ColumnReference Column="Expr1056" />
                                    <ColumnReference Column="Expr1057" />
                                    <ColumnReference Column="Expr1058" />
                                    <ColumnReference Column="OriginalMergeAction1059" />
                                  </OutputList>
                                  <ComputeScalar>
                                    <DefinedValues>
                                      <DefinedValue>
                                        <ColumnReference Column="Expr1056" />
                                        <ScalarOperator ScalarString="CASE WHEN [Action1007] = (1) THEN (0) ELSE [Action1007] END">
                                          <IF>
                                            <Condition>
                                              <ScalarOperator>
                                                <Compare CompareOp="IS">
                                                  <ScalarOperator>
                                                    <Identifier>
                                                      <ColumnReference Column="Action1007" />
                                                    </Identifier>
                                                  </ScalarOperator>
                                                  <ScalarOperator>
                                                    <Const ConstValue="(1)" />
                                                  </ScalarOperator>
                                                </Compare>
                                              </ScalarOperator>
                                            </Condition>
                                            <Then>
                                              <ScalarOperator>
                                                <Const ConstValue="(0)" />
                                              </ScalarOperator>
                                            </Then>
                                            <Else>
                                              <ScalarOperator>
                                                <Identifier>
                                                  <ColumnReference Column="Action1007" />
                                                </Identifier>
                                              </ScalarOperator>
                                            </Else>
                                          </IF>
                                        </ScalarOperator>
                                      </DefinedValue>
                                      <DefinedValue>
                                        <ColumnReference Column="Expr1057" />
                                        <ScalarOperator ScalarString="CASE WHEN [Action1007] = (1) THEN CASE WHEN [Expr1034] THEN (0) ELSE (1) END ELSE [Action1007] END">
                                          <IF>
                                            <Condition>
                                              <ScalarOperator>
                                                <Compare CompareOp="IS">
                                                  <ScalarOperator>
                                                    <Identifier>
                                                      <ColumnReference Column="Action1007" />
                                                    </Identifier>
                                                  </ScalarOperator>
                                                  <ScalarOperator>
                                                    <Const ConstValue="(1)" />
                                                  </ScalarOperator>
                                                </Compare>
                                              </ScalarOperator>
                                            </Condition>
                                            <Then>
                                              <ScalarOperator>
                                                <IF>
                                                  <Condition>
                                                    <ScalarOperator>
                                                      <Identifier>
                                                        <ColumnReference Column="Expr1034" />
                                                      </Identifier>
                                                    </ScalarOperator>
                                                  </Condition>
                                                  <Then>
                                                    <ScalarOperator>
                                                      <Const ConstValue="(0)" />
                                                    </ScalarOperator>
                                                  </Then>
                                                  <Else>
                                                    <ScalarOperator>
                                                      <Const ConstValue="(1)" />
                                                    </ScalarOperator>
                                                  </Else>
                                                </IF>
                                              </ScalarOperator>
                                            </Then>
                                            <Else>
                                              <ScalarOperator>
                                                <Identifier>
                                                  <ColumnReference Column="Action1007" />
                                                </Identifier>
                                              </ScalarOperator>
                                            </Else>
                                          </IF>
                                        </ScalarOperator>
                                      </DefinedValue>
                                      <DefinedValue>
                                        <ColumnReference Column="Expr1058" />
                                        <ScalarOperator ScalarString="CASE WHEN [Action1007] = (1) THEN (0) ELSE [Action1007] END">
                                          <IF>
                                            <Condition>
                                              <ScalarOperator>
                                                <Compare CompareOp="IS">
                                                  <ScalarOperator>
                                                    <Identifier>
                                                      <ColumnReference Column="Action1007" />
                                                    </Identifier>
                                                  </ScalarOperator>
                                                  <ScalarOperator>
                                                    <Const ConstValue="(1)" />
                                                  </ScalarOperator>
                                                </Compare>
                                              </ScalarOperator>
                                            </Condition>
                                            <Then>
                                              <ScalarOperator>
                                                <Const ConstValue="(0)" />
                                              </ScalarOperator>
                                            </Then>
                                            <Else>
                                              <ScalarOperator>
                                                <Identifier>
                                                  <ColumnReference Column="Action1007" />
                                                </Identifier>
                                              </ScalarOperator>
                                            </Else>
                                          </IF>
                                        </ScalarOperator>
                                      </DefinedValue>
                                      <DefinedValue>
                                        <ColumnReference Column="OriginalMergeAction1059" />
                                        <ScalarOperator ScalarString="[Action1007]">
                                          <Identifier>
                                            <ColumnReference Column="Action1007" />
                                          </Identifier>
                                        </ScalarOperator>
                                      </DefinedValue>
                                    </DefinedValues>
                                    <RelOp NodeId="7" PhysicalOp="Assert" LogicalOp="Assert" EstimateRows="1" EstimateIO="0" EstimateCPU="4.8e-007" AvgRowSize="41" EstimatedTotalSubtreeCost="0.0179326" Parallel="0" EstimateRebinds="0" EstimateRewinds="0" EstimatedExecutionMode="Row">
                                      <OutputList>
                                        <ColumnReference Database="[OurLabReporting]" Schema="[dbo]" Table="[FailureBugMapping]" Alias="[Trg]" Column="BugId" />
                                        <ColumnReference Database="[OurLabReporting]" Schema="[dbo]" Table="[FailureBugMapping]" Alias="[Trg]" Column="FailureId" />
                                        <ColumnReference Column="Action1007" />
                                        <ColumnReference Column="Expr1008" />
                                        <ColumnReference Column="Expr1009" />
                                        <ColumnReference Column="Expr1010" />
                                        <ColumnReference Column="Expr1011" />
                                        <ColumnReference Column="Expr1012" />
                                        <ColumnReference Column="Expr1034" />
                                      </OutputList>
                                      <Assert StartupExpression="0">
                                        <RelOp NodeId="8" PhysicalOp="Sequence Project" LogicalOp="Compute Scalar" EstimateRows="1" EstimateIO="0" EstimateCPU="8e-008" AvgRowSize="49" EstimatedTotalSubtreeCost="0.0179321" Parallel="0" EstimateRebinds="0" EstimateRewinds="0" EstimatedExecutionMode="Row">
                                          <OutputList>
                                            <ColumnReference Database="[OurLabReporting]" Schema="[dbo]" Table="[FailureBugMapping]" Alias="[Trg]" Column="BugId" />
                                            <ColumnReference Database="[OurLabReporting]" Schema="[dbo]" Table="[FailureBugMapping]" Alias="[Trg]" Column="FailureId" />
                                            <ColumnReference Column="Action1007" />
                                            <ColumnReference Column="Expr1008" />
                                            <ColumnReference Column="Expr1009" />
                                            <ColumnReference Column="Expr1010" />
                                            <ColumnReference Column="Expr1011" />
                                            <ColumnReference Column="Expr1012" />
                                            <ColumnReference Column="Expr1034" />
                                            <ColumnReference Column="Expr1040" />
                                          </OutputList>
                                          <SequenceProject>
                                            <DefinedValues>
                                              <DefinedValue>
                                                <ColumnReference Column="Expr1040" />
                                                <ScalarOperator ScalarString="conditional_row_number">
                                                  <Sequence FunctionName="conditional_row_number" />
                                                </ScalarOperator>
                                              </DefinedValue>
                                            </DefinedValues>
                                            <RelOp NodeId="9" PhysicalOp="Segment" LogicalOp="Segment" EstimateRows="1" EstimateIO="0" EstimateCPU="2e-008" AvgRowSize="49" EstimatedTotalSubtreeCost="0.017932" Parallel="0" EstimateRebinds="0" EstimateRewinds="0" EstimatedExecutionMode="Row">
                                              <OutputList>
                                                <ColumnReference Table="#FailureBugCollection" Alias="[Src]" Column="InternalFailureId" />
                                                <ColumnReference Table="#FailureBugCollection" Alias="[Src]" Column="InternalBugId" />
                                                <ColumnReference Database="[OurLabReporting]" Schema="[dbo]" Table="[FailureBugMapping]" Alias="[Trg]" Column="BugId" />
                                                <ColumnReference Database="[OurLabReporting]" Schema="[dbo]" Table="[FailureBugMapping]" Alias="[Trg]" Column="FailureId" />
                                                <ColumnReference Column="Action1007" />
                                                <ColumnReference Column="Expr1008" />
                                                <ColumnReference Column="Expr1009" />
                                                <ColumnReference Column="Expr1010" />
                                                <ColumnReference Column="Expr1011" />
                                                <ColumnReference Column="Expr1012" />
                                                <ColumnReference Column="Expr1034" />
                                                <ColumnReference Column="Segment1076" />
                                              </OutputList>
                                              <Segment>
                                                <GroupBy>
                                                  <ColumnReference Table="#FailureBugCollection" Alias="[Src]" Column="InternalBugId" />
                                                  <ColumnReference Table="#FailureBugCollection" Alias="[Src]" Column="InternalFailureId" />
                                                </GroupBy>
                                                <SegmentColumn>
                                                  <ColumnReference Column="Segment1076" />
                                                </SegmentColumn>
                                                <RelOp NodeId="10" PhysicalOp="Compute Scalar" LogicalOp="Compute Scalar" EstimateRows="1" EstimateIO="0" EstimateCPU="1e-007" AvgRowSize="49" EstimatedTotalSubtreeCost="0.017932" Parallel="0" EstimateRebinds="0" EstimateRewinds="0" EstimatedExecutionMode="Row">
                                                  <OutputList>
                                                    <ColumnReference Table="#FailureBugCollection" Alias="[Src]" Column="InternalFailureId" />
                                                    <ColumnReference Table="#FailureBugCollection" Alias="[Src]" Column="InternalBugId" />
                                                    <ColumnReference Database="[OurLabReporting]" Schema="[dbo]" Table="[FailureBugMapping]" Alias="[Trg]" Column="BugId" />
                                                    <ColumnReference Database="[OurLabReporting]" Schema="[dbo]" Table="[FailureBugMapping]" Alias="[Trg]" Column="FailureId" />
                                                    <ColumnReference Column="Action1007" />
                                                    <ColumnReference Column="Expr1008" />
                                                    <ColumnReference Column="Expr1009" />
                                                    <ColumnReference Column="Expr1010" />
                                                    <ColumnReference Column="Expr1011" />
                                                    <ColumnReference Column="Expr1012" />
                                                    <ColumnReference Column="Expr1034" />
                                                  </OutputList>
                                                  <ComputeScalar>
                                                    <DefinedValues>
                                                      <DefinedValue>
                                                        <ColumnReference Column="Expr1008" />
                                                        <ScalarOperator ScalarString="getdate()">
                                                          <Identifier>
                                                            <ColumnReference Column="ConstExpr1041">
                                                              <ScalarOperator>
                                                                <Intrinsic FunctionName="getdate" />
                                                              </ScalarOperator>
                                                            </ColumnReference>
                                                          </Identifier>
                                                        </ScalarOperator>
                                                      </DefinedValue>
                                                      <DefinedValue>
                                                        <ColumnReference Column="Expr1009" />
                                                        <ScalarOperator ScalarString="#FailureBugCollection.[IsBranchSpecificBug] as [Src].[IsBranchSpecificBug]">
                                                          <Identifier>
                                                            <ColumnReference Table="#FailureBugCollection" Alias="[Src]" Column="IsBranchSpecificBug" />
                                                          </Identifier>
                                                        </ScalarOperator>
                                                      </DefinedValue>
                                                      <DefinedValue>
                                                        <ColumnReference Column="Expr1010" />
                                                        <ScalarOperator ScalarString="CASE WHEN [Action1007]=(4) THEN #FailureBugCollection.[InternalBugId] as [Src].[InternalBugId] ELSE [OurLabReporting].[dbo].[FailureBugMapping].[BugId] as [Trg].[BugId] END">
                                                          <IF>
                                                            <Condition>
                                                              <ScalarOperator>
                                                                <Compare CompareOp="EQ">
                                                                  <ScalarOperator>
                                                                    <Identifier>
                                                                      <ColumnReference Column="Action1007" />
                                                                    </Identifier>
                                                                  </ScalarOperator>
                                                                  <ScalarOperator>
                                                                    <Const ConstValue="(4)" />
                                                                  </ScalarOperator>
                                                                </Compare>
                                                              </ScalarOperator>
                                                            </Condition>
                                                            <Then>
                                                              <ScalarOperator>
                                                                <Identifier>
                                                                  <ColumnReference Table="#FailureBugCollection" Alias="[Src]" Column="InternalBugId" />
                                                                </Identifier>
                                                              </ScalarOperator>
                                                            </Then>
                                                            <Else>
                                                              <ScalarOperator>
                                                                <Identifier>
                                                                  <ColumnReference Database="[OurLabReporting]" Schema="[dbo]" Table="[FailureBugMapping]" Alias="[Trg]" Column="BugId" />
                                                                </Identifier>
                                                              </ScalarOperator>
                                                            </Else>
                                                          </IF>
                                                        </ScalarOperator>
                                                      </DefinedValue>
                                                      <DefinedValue>
                                                        <ColumnReference Column="Expr1011" />
                                                        <ScalarOperator ScalarString="CASE WHEN [Action1007]=(4) THEN #FailureBugCollection.[InternalFailureId] as [Src].[InternalFailureId] ELSE [OurLabReporting].[dbo].[FailureBugMapping].[FailureId] as [Trg].[FailureId] END">
                                                          <IF>
                                                            <Condition>
                                                              <ScalarOperator>
                                                                <Compare CompareOp="EQ">
                                                                  <ScalarOperator>
                                                                    <Identifier>
                                                                      <ColumnReference Column="Action1007" />
                                                                    </Identifier>
                                                                  </ScalarOperator>
                                                                  <ScalarOperator>
                                                                    <Const ConstValue="(4)" />
                                                                  </ScalarOperator>
                                                                </Compare>
                                                              </ScalarOperator>
                                                            </Condition>
                                                            <Then>
                                                              <ScalarOperator>
                                                                <Identifier>
                                                                  <ColumnReference Table="#FailureBugCollection" Alias="[Src]" Column="InternalFailureId" />
                                                                </Identifier>
                                                              </ScalarOperator>
                                                            </Then>
                                                            <Else>
                                                              <ScalarOperator>
                                                                <Identifier>
                                                                  <ColumnReference Database="[OurLabReporting]" Schema="[dbo]" Table="[FailureBugMapping]" Alias="[Trg]" Column="FailureId" />
                                                                </Identifier>
                                                              </ScalarOperator>
                                                            </Else>
                                                          </IF>
                                                        </ScalarOperator>
                                                      </DefinedValue>
                                                      <DefinedValue>
                                                        <ColumnReference Column="Expr1012" />
                                                        <ScalarOperator ScalarString="CASE WHEN [Action1007]=(4) THEN NULL ELSE [OurLabReporting].[dbo].[FailureBugMapping].[TeuNameHash] as [Trg].[TeuNameHash] END">
                                                          <IF>
                                                            <Condition>
                                                              <ScalarOperator>
                                                                <Compare CompareOp="EQ">
                                                                  <ScalarOperator>
                                                                    <Identifier>
                                                                      <ColumnReference Column="Action1007" />
                                                                    </Identifier>
                                                                  </ScalarOperator>
                                                                  <ScalarOperator>
                                                                    <Const ConstValue="(4)" />
                                                                  </ScalarOperator>
                                                                </Compare>
                                                              </ScalarOperator>
                                                            </Condition>
                                                            <Then>
                                                              <ScalarOperator>
                                                                <Const ConstValue="NULL" />
                                                              </ScalarOperator>
                                                            </Then>
                                                            <Else>
                                                              <ScalarOperator>
                                                                <Identifier>
                                                                  <ColumnReference Database="[OurLabReporting]" Schema="[dbo]" Table="[FailureBugMapping]" Alias="[Trg]" Column="TeuNameHash" />
                                                                </Identifier>
                                                              </ScalarOperator>
                                                            </Else>
                                                          </IF>
                                                        </ScalarOperator>
                                                      </DefinedValue>
                                                      <DefinedValue>
                                                        <ColumnReference Column="Expr1034" />
                                                        <ScalarOperator ScalarString="[Action1007]=(1) AND CASE WHEN [OurLabReporting].[dbo].[FailureBugMapping].[RecordLastUpdated] as [Trg].[RecordLastUpdated] = getdate() THEN (1) ELSE (0) END">
                                                          <Logical Operation="AND">
                                                            <ScalarOperator>
                                                              <Compare CompareOp="EQ">
                                                                <ScalarOperator>
                                                                  <Identifier>
                                                                    <ColumnReference Column="Action1007" />
                                                                  </Identifier>
                                                                </ScalarOperator>
                                                                <ScalarOperator>
                                                                  <Const ConstValue="(1)" />
                                                                </ScalarOperator>
                                                              </Compare>
                                                            </ScalarOperator>
                                                            <ScalarOperator>
                                                              <IF>
                                                                <Condition>
                                                                  <ScalarOperator>
                                                                    <Compare CompareOp="BINARY IS">
                                                                      <ScalarOperator>
                                                                        <Identifier>
                                                                          <ColumnReference Database="[OurLabReporting]" Schema="[dbo]" Table="[FailureBugMapping]" Alias="[Trg]" Column="RecordLastUpdated" />
                                                                        </Identifier>
                                                                      </ScalarOperator>
                                                                      <ScalarOperator>
                                                                        <Identifier>
                                                                          <ColumnReference Column="ConstExpr1041">
                                                                            <ScalarOperator>
                                                                              <Intrinsic FunctionName="getdate" />
                                                                            </ScalarOperator>
                                                                          </ColumnReference>
                                                                        </Identifier>
                                                                      </ScalarOperator>
                                                                    </Compare>
                                                                  </ScalarOperator>
                                                                </Condition>
                                                                <Then>
                                                                  <ScalarOperator>
                                                                    <Const ConstValue="(1)" />
                                                                  </ScalarOperator>
                                                                </Then>
                                                                <Else>
                                                                  <ScalarOperator>
                                                                    <Const ConstValue="(0)" />
                                                                  </ScalarOperator>
                                                                </Else>
                                                              </IF>
                                                            </ScalarOperator>
                                                          </Logical>
                                                        </ScalarOperator>
                                                      </DefinedValue>
                                                    </DefinedValues>
                                                    <RelOp NodeId="11" PhysicalOp="Sort" LogicalOp="Sort" EstimateRows="1" EstimateIO="0.0112613" EstimateCPU="0.00010004" AvgRowSize="40" EstimatedTotalSubtreeCost="0.0179319" Parallel="0" EstimateRebinds="0" EstimateRewinds="0" EstimatedExecutionMode="Row">
                                                      <OutputList>
                                                        <ColumnReference Table="#FailureBugCollection" Alias="[Src]" Column="InternalFailureId" />
                                                        <ColumnReference Table="#FailureBugCollection" Alias="[Src]" Column="InternalBugId" />
                                                        <ColumnReference Table="#FailureBugCollection" Alias="[Src]" Column="IsBranchSpecificBug" />
                                                        <ColumnReference Database="[OurLabReporting]" Schema="[dbo]" Table="[FailureBugMapping]" Alias="[Trg]" Column="BugId" />
                                                        <ColumnReference Database="[OurLabReporting]" Schema="[dbo]" Table="[FailureBugMapping]" Alias="[Trg]" Column="FailureId" />
                                                        <ColumnReference Database="[OurLabReporting]" Schema="[dbo]" Table="[FailureBugMapping]" Alias="[Trg]" Column="TeuNameHash" />
                                                        <ColumnReference Database="[OurLabReporting]" Schema="[dbo]" Table="[FailureBugMapping]" Alias="[Trg]" Column="RecordLastUpdated" />
                                                        <ColumnReference Column="Action1007" />
                                                      </OutputList>
                                                      <MemoryFractions Input="1" Output="1" />
                                                      <Sort Distinct="0">
                                                        <OrderBy>
                                                          <OrderByColumn Ascending="1">
                                                            <ColumnReference Table="#FailureBugCollection" Alias="[Src]" Column="InternalBugId" />
                                                          </OrderByColumn>
                                                          <OrderByColumn Ascending="1">
                                                            <ColumnReference Table="#FailureBugCollection" Alias="[Src]" Column="InternalFailureId" />
                                                          </OrderByColumn>
                                                        </OrderBy>
                                                        <RelOp NodeId="12" PhysicalOp="Compute Scalar" LogicalOp="Compute Scalar" EstimateRows="1" EstimateIO="0" EstimateCPU="1e-007" AvgRowSize="40" EstimatedTotalSubtreeCost="0.00657058" Parallel="0" EstimateRebinds="0" EstimateRewinds="0" EstimatedExecutionMode="Row">
                                                          <OutputList>
                                                            <ColumnReference Table="#FailureBugCollection" Alias="[Src]" Column="InternalFailureId" />
                                                            <ColumnReference Table="#FailureBugCollection" Alias="[Src]" Column="InternalBugId" />
                                                            <ColumnReference Table="#FailureBugCollection" Alias="[Src]" Column="IsBranchSpecificBug" />
                                                            <ColumnReference Database="[OurLabReporting]" Schema="[dbo]" Table="[FailureBugMapping]" Alias="[Trg]" Column="BugId" />
                                                            <ColumnReference Database="[OurLabReporting]" Schema="[dbo]" Table="[FailureBugMapping]" Alias="[Trg]" Column="FailureId" />
                                                            <ColumnReference Database="[OurLabReporting]" Schema="[dbo]" Table="[FailureBugMapping]" Alias="[Trg]" Column="TeuNameHash" />
                                                            <ColumnReference Database="[OurLabReporting]" Schema="[dbo]" Table="[FailureBugMapping]" Alias="[Trg]" Column="RecordLastUpdated" />
                                                            <ColumnReference Column="Action1007" />
                                                          </OutputList>
                                                          <ComputeScalar ComputeSequence="1">
                                                            <DefinedValues>
                                                              <DefinedValue>
                                                                <ColumnReference Column="Action1007" />
                                                                <ScalarOperator ScalarString="ForceOrder(CASE WHEN [TrgPrb1005] IS NOT NULL THEN (1) ELSE (4) END)">
                                                                  <Intrinsic FunctionName="ForceOrder">
                                                                    <ScalarOperator>
                                                                      <IF>
                                                                        <Condition>
                                                                          <ScalarOperator>
                                                                            <Compare CompareOp="IS NOT">
                                                                              <ScalarOperator>
                                                                                <Identifier>
                                                                                  <ColumnReference Column="TrgPrb1005" />
                                                                                </Identifier>
                                                                              </ScalarOperator>
                                                                              <ScalarOperator>
                                                                                <Const ConstValue="NULL" />
                                                                              </ScalarOperator>
                                                                            </Compare>
                                                                          </ScalarOperator>
                                                                        </Condition>
                                                                        <Then>
                                                                          <ScalarOperator>
                                                                            <Const ConstValue="(1)" />
                                                                          </ScalarOperator>
                                                                        </Then>
                                                                        <Else>
                                                                          <ScalarOperator>
                                                                            <Const ConstValue="(4)" />
                                                                          </ScalarOperator>
                                                                        </Else>
                                                                      </IF>
                                                                    </ScalarOperator>
                                                                  </Intrinsic>
                                                                </ScalarOperator>
                                                              </DefinedValue>
                                                            </DefinedValues>
                                                            <RelOp NodeId="13" PhysicalOp="Nested Loops" LogicalOp="Left Outer Join" EstimateRows="1" EstimateIO="0" EstimateCPU="4.18e-006" AvgRowSize="40" EstimatedTotalSubtreeCost="0.00657048" Parallel="0" EstimateRebinds="0" EstimateRewinds="0" EstimatedExecutionMode="Row">
                                                              <OutputList>
                                                                <ColumnReference Table="#FailureBugCollection" Alias="[Src]" Column="InternalFailureId" />
                                                                <ColumnReference Table="#FailureBugCollection" Alias="[Src]" Column="InternalBugId" />
                                                                <ColumnReference Table="#FailureBugCollection" Alias="[Src]" Column="IsBranchSpecificBug" />
                                                                <ColumnReference Database="[OurLabReporting]" Schema="[dbo]" Table="[FailureBugMapping]" Alias="[Trg]" Column="BugId" />
                                                                <ColumnReference Database="[OurLabReporting]" Schema="[dbo]" Table="[FailureBugMapping]" Alias="[Trg]" Column="FailureId" />
                                                                <ColumnReference Database="[OurLabReporting]" Schema="[dbo]" Table="[FailureBugMapping]" Alias="[Trg]" Column="TeuNameHash" />
                                                                <ColumnReference Database="[OurLabReporting]" Schema="[dbo]" Table="[FailureBugMapping]" Alias="[Trg]" Column="RecordLastUpdated" />
                                                                <ColumnReference Column="TrgPrb1005" />
                                                              </OutputList>
                                                              <NestedLoops Optimized="0">
                                                                <OuterReferences>
                                                                  <ColumnReference Table="#FailureBugCollection" Alias="[Src]" Column="InternalFailureId" />
                                                                  <ColumnReference Table="#FailureBugCollection" Alias="[Src]" Column="InternalBugId" />
                                                                </OuterReferences>
                                                                <RelOp NodeId="14" PhysicalOp="Clustered Index Scan" LogicalOp="Clustered Index Scan" EstimateRows="1" EstimateIO="0.003125" EstimateCPU="0.0001581" AvgRowSize="16" EstimatedTotalSubtreeCost="0.0032831" TableCardinality="0" Parallel="0" EstimateRebinds="0" EstimateRewinds="0" EstimatedExecutionMode="Row">
                                                                  <OutputList>
                                                                    <ColumnReference Table="#FailureBugCollection" Alias="[Src]" Column="InternalFailureId" />
                                                                    <ColumnReference Table="#FailureBugCollection" Alias="[Src]" Column="InternalBugId" />
                                                                    <ColumnReference Table="#FailureBugCollection" Alias="[Src]" Column="IsBranchSpecificBug" />
                                                                  </OutputList>
                                                                  <IndexScan Ordered="0" ForcedIndex="0" ForceScan="0" NoExpandHint="0">
                                                                    <DefinedValues>
                                                                      <DefinedValue>
                                                                        <ColumnReference Table="#FailureBugCollection" Alias="[Src]" Column="InternalFailureId" />
                                                                      </DefinedValue>
                                                                      <DefinedValue>
                                                                        <ColumnReference Table="#FailureBugCollection" Alias="[Src]" Column="InternalBugId" />
                                                                      </DefinedValue>
                                                                      <DefinedValue>
                                                                        <ColumnReference Table="#FailureBugCollection" Alias="[Src]" Column="IsBranchSpecificBug" />
                                                                      </DefinedValue>
                                                                    </DefinedValues>
                                                                    <Object Database="[tempdb]" Schema="[dbo]" Table="[#FailureBugCollection]" Index="[CIX_FailureBugCollection_InternalFailureId_InternalBugId]" Alias="[Src]" />
                                                                  </IndexScan>
                                                                </RelOp>
                                                                <RelOp NodeId="15" PhysicalOp="Compute Scalar" LogicalOp="Compute Scalar" EstimateRows="1" EstimateIO="0" EstimateCPU="1e-007" AvgRowSize="31" EstimatedTotalSubtreeCost="0.0032832" Parallel="0" EstimateRebinds="0" EstimateRewinds="0" EstimatedExecutionMode="Row">
                                                                  <OutputList>
                                                                    <ColumnReference Database="[OurLabReporting]" Schema="[dbo]" Table="[FailureBugMapping]" Alias="[Trg]" Column="BugId" />
                                                                    <ColumnReference Database="[OurLabReporting]" Schema="[dbo]" Table="[FailureBugMapping]" Alias="[Trg]" Column="FailureId" />
                                                                    <ColumnReference Database="[OurLabReporting]" Schema="[dbo]" Table="[FailureBugMapping]" Alias="[Trg]" Column="TeuNameHash" />
                                                                    <ColumnReference Database="[OurLabReporting]" Schema="[dbo]" Table="[FailureBugMapping]" Alias="[Trg]" Column="RecordLastUpdated" />
                                                                    <ColumnReference Column="TrgPrb1005" />
                                                                  </OutputList>
                                                                  <ComputeScalar>
                                                                    <DefinedValues>
                                                                      <DefinedValue>
                                                                        <ColumnReference Column="TrgPrb1005" />
                                                                        <ScalarOperator ScalarString="(1)">
                                                                          <Const ConstValue="(1)" />
                                                                        </ScalarOperator>
                                                                      </DefinedValue>
                                                                    </DefinedValues>
                                                                    <RelOp NodeId="16" PhysicalOp="Clustered Index Seek" LogicalOp="Clustered Index Seek" EstimateRows="1" EstimateIO="0.003125" EstimateCPU="0.0001581" AvgRowSize="27" EstimatedTotalSubtreeCost="0.0032831" TableCardinality="5.01329e+006" Parallel="0" EstimateRebinds="0" EstimateRewinds="0" EstimatedExecutionMode="Row">
                                                                      <OutputList>
                                                                        <ColumnReference Database="[OurLabReporting]" Schema="[dbo]" Table="[FailureBugMapping]" Alias="[Trg]" Column="BugId" />
                                                                        <ColumnReference Database="[OurLabReporting]" Schema="[dbo]" Table="[FailureBugMapping]" Alias="[Trg]" Column="FailureId" />
                                                                        <ColumnReference Database="[OurLabReporting]" Schema="[dbo]" Table="[FailureBugMapping]" Alias="[Trg]" Column="TeuNameHash" />
                                                                        <ColumnReference Database="[OurLabReporting]" Schema="[dbo]" Table="[FailureBugMapping]" Alias="[Trg]" Column="RecordLastUpdated" />
                                                                      </OutputList>
                                                                      <IndexScan Ordered="1" ScanDirection="FORWARD" ForcedIndex="0" ForceSeek="0" ForceScan="0" NoExpandHint="0" Storage="RowStore">
                                                                        <DefinedValues>
                                                                          <DefinedValue>
                                                                            <ColumnReference Database="[OurLabReporting]" Schema="[dbo]" Table="[FailureBugMapping]" Alias="[Trg]" Column="BugId" />
                                                                          </DefinedValue>
                                                                          <DefinedValue>
                                                                            <ColumnReference Database="[OurLabReporting]" Schema="[dbo]" Table="[FailureBugMapping]" Alias="[Trg]" Column="FailureId" />
                                                                          </DefinedValue>
                                                                          <DefinedValue>
                                                                            <ColumnReference Database="[OurLabReporting]" Schema="[dbo]" Table="[FailureBugMapping]" Alias="[Trg]" Column="TeuNameHash" />
                                                                          </DefinedValue>
                                                                          <DefinedValue>
                                                                            <ColumnReference Database="[OurLabReporting]" Schema="[dbo]" Table="[FailureBugMapping]" Alias="[Trg]" Column="RecordLastUpdated" />
                                                                          </DefinedValue>
                                                                        </DefinedValues>
                                                                        <Object Database="[OurLabReporting]" Schema="[dbo]" Table="[FailureBugMapping]" Index="[FailureBugMapping_PK]" Alias="[Trg]" IndexKind="Clustered" />
                                                                        <SeekPredicates>
                                                                          <SeekPredicateNew>
                                                                            <SeekKeys>
                                                                              <Prefix ScanType="EQ">
                                                                                <RangeColumns>
                                                                                  <ColumnReference Database="[OurLabReporting]" Schema="[dbo]" Table="[FailureBugMapping]" Alias="[Trg]" Column="BugId" />
                                                                                  <ColumnReference Database="[OurLabReporting]" Schema="[dbo]" Table="[FailureBugMapping]" Alias="[Trg]" Column="FailureId" />
                                                                                </RangeColumns>
                                                                                <RangeExpressions>
                                                                                  <ScalarOperator ScalarString="#FailureBugCollection.[InternalBugId] as [Src].[InternalBugId]">
                                                                                    <Identifier>
                                                                                      <ColumnReference Table="#FailureBugCollection" Alias="[Src]" Column="InternalBugId" />
                                                                                    </Identifier>
                                                                                  </ScalarOperator>
                                                                                  <ScalarOperator ScalarString="#FailureBugCollection.[InternalFailureId] as [Src].[InternalFailureId]">
                                                                                    <Identifier>
                                                                                      <ColumnReference Table="#FailureBugCollection" Alias="[Src]" Column="InternalFailureId" />
                                                                                    </Identifier>
                                                                                  </ScalarOperator>
                                                                                </RangeExpressions>
                                                                              </Prefix>
                                                                            </SeekKeys>
                                                                          </SeekPredicateNew>
                                                                        </SeekPredicates>
                                                                      </IndexScan>
                                                                    </RelOp>
                                                                  </ComputeScalar>
                                                                </RelOp>
                                                              </NestedLoops>
                                                            </RelOp>
                                                          </ComputeScalar>
                                                        </RelOp>
                                                      </Sort>
                                                    </RelOp>
                                                  </ComputeScalar>
                                                </RelOp>
                                              </Segment>
                                            </RelOp>
                                          </SequenceProject>
                                        </RelOp>
                                        <Predicate>
                                          <ScalarOperator ScalarString="CASE WHEN [Expr1040]&gt;(1) THEN (0) ELSE NULL END">
                                            <IF>
                                              <Condition>
                                                <ScalarOperator>
                                                  <Compare CompareOp="GT">
                                                    <ScalarOperator>
                                                      <Identifier>
                                                        <ColumnReference Column="Expr1040" />
                                                      </Identifier>
                                                    </ScalarOperator>
                                                    <ScalarOperator>
                                                      <Const ConstValue="(1)" />
                                                    </ScalarOperator>
                                                  </Compare>
                                                </ScalarOperator>
                                              </Condition>
                                              <Then>
                                                <ScalarOperator>
                                                  <Const ConstValue="(0)" />
                                                </ScalarOperator>
                                              </Then>
                                              <Else>
                                                <ScalarOperator>
                                                  <Const ConstValue="NULL" />
                                                </ScalarOperator>
                                              </Else>
                                            </IF>
                                          </ScalarOperator>
                                        </Predicate>
                                      </Assert>
                                    </RelOp>
                                  </ComputeScalar>
                                </RelOp>
                              </ComputeScalar>
                            </RelOp>
                          </Update>
                        </RelOp>
                      </Split>
                    </RelOp>
                  </Spool>
                </RelOp>
                <RelOp NodeId="60" PhysicalOp="Clustered Index Update" LogicalOp="Update" EstimateRows="1" EstimateIO="0.01" EstimateCPU="1e-006" AvgRowSize="9" EstimatedTotalSubtreeCost="0.0758001" Parallel="0" EstimateRebinds="0" EstimateRewinds="0" EstimatedExecutionMode="Row">
                  <OutputList />
                  <Update DMLRequestSort="1">
                    <Object Database="[OurLabReporting]" Schema="[dbo]" Table="[BugBranchFailureCount]" Index="[IDX_BugBranchFailureCount]" IndexKind="ViewClustered" />
                    <SetPredicate>
                      <ScalarOperator ScalarString="[OurLabReporting].[dbo].[BugBranchFailureCount].[Number] = RaiseIfNullUpdate([OurLabReporting].[dbo].[Bug].[Number] as [b].[Number]),[OurLabReporting].[dbo].[BugBranchFailureCount].[DatabaseName] = RaiseIfNullUpdate([OurLabReporting].[dbo].[Bug].[DatabaseName] as [b].[DatabaseName]),[OurLabReporting].[dbo].[BugBranchFailureCount].[Branch] = RaiseIfNullUpdate([OurLabReporting].[dbo].[BuildVersion].[Branch] as [BV].[Branch]),[OurLabReporting].[dbo].[BugBranchFailureCount].[FailCount] = [Expr1030]">
                        <ScalarExpressionList>
                          <ScalarOperator>
                            <MultipleAssign>
                              <Assign>
                                <ColumnReference Database="[OurLabReporting]" Schema="[dbo]" Table="[BugBranchFailureCount]" Column="Number" />
                                <ScalarOperator>
                                  <Intrinsic FunctionName="RaiseIfNullUpdate">
                                    <ScalarOperator>
                                      <Identifier>
                                        <ColumnReference Database="[OurLabReporting]" Schema="[dbo]" Table="[Bug]" Alias="[b]" Column="Number" />
                                      </Identifier>
                                    </ScalarOperator>
                                  </Intrinsic>
                                </ScalarOperator>
                              </Assign>
                              <Assign>
                                <ColumnReference Database="[OurLabReporting]" Schema="[dbo]" Table="[BugBranchFailureCount]" Column="DatabaseName" />
                                <ScalarOperator>
                                  <Intrinsic FunctionName="RaiseIfNullUpdate">
                                    <ScalarOperator>
                                      <Identifier>
                                        <ColumnReference Database="[OurLabReporting]" Schema="[dbo]" Table="[Bug]" Alias="[b]" Column="DatabaseName" />
                                      </Identifier>
                                    </ScalarOperator>
                                  </Intrinsic>
                                </ScalarOperator>
                              </Assign>
                              <Assign>
                                <ColumnReference Database="[OurLabReporting]" Schema="[dbo]" Table="[BugBranchFailureCount]" Column="Branch" />
                                <ScalarOperator>
                                  <Intrinsic FunctionName="RaiseIfNullUpdate">
                                    <ScalarOperator>
                                      <Identifier>
                                        <ColumnReference Database="[OurLabReporting]" Schema="[dbo]" Table="[BuildVersion]" Alias="[BV]" Column="Branch" />
                                      </Identifier>
                                    </ScalarOperator>
                                  </Intrinsic>
                                </ScalarOperator>
                              </Assign>
                              <Assign>
                                <ColumnReference Database="[OurLabReporting]" Schema="[dbo]" Table="[BugBranchFailureCount]" Column="FailCount" />
                                <ScalarOperator>
                                  <Identifier>
                                    <ColumnReference Column="Expr1030" />
                                  </Identifier>
                                </ScalarOperator>
                              </Assign>
                            </MultipleAssign>
                          </ScalarOperator>
                        </ScalarExpressionList>
                      </ScalarOperator>
                    </SetPredicate>
                    <ActionColumn>
                      <ColumnReference Column="Act1066" />
                    </ActionColumn>
                    <RelOp NodeId="61" PhysicalOp="Collapse" LogicalOp="Collapse" EstimateRows="1" EstimateIO="0" EstimateCPU="2e-006" AvgRowSize="431" EstimatedTotalSubtreeCost="0.0657991" Parallel="0" EstimateRebinds="0" EstimateRewinds="0" EstimatedExecutionMode="Row">
                      <OutputList>
                        <ColumnReference Database="[OurLabReporting]" Schema="[dbo]" Table="[Bug]" Alias="[b]" Column="Number" />
                        <ColumnReference Database="[OurLabReporting]" Schema="[dbo]" Table="[Bug]" Alias="[b]" Column="DatabaseName" />
                        <ColumnReference Database="[OurLabReporting]" Schema="[dbo]" Table="[BuildVersion]" Alias="[BV]" Column="Branch" />
                        <ColumnReference Column="Expr1030" />
                        <ColumnReference Column="Act1066" />
                        <ColumnReference Database="[OurLabReporting]" Schema="[dbo]" Table="[BugBranchFailureCount]" Column="Number" />
                        <ColumnReference Database="[OurLabReporting]" Schema="[dbo]" Table="[BugBranchFailureCount]" Column="DatabaseName" />
                        <ColumnReference Database="[OurLabReporting]" Schema="[dbo]" Table="[BugBranchFailureCount]" Column="Branch" />
                      </OutputList>
                      <Collapse>
                        <GroupBy>
                          <ColumnReference Database="[OurLabReporting]" Schema="[dbo]" Table="[Bug]" Alias="[b]" Column="Number" />
                          <ColumnReference Database="[OurLabReporting]" Schema="[dbo]" Table="[Bug]" Alias="[b]" Column="DatabaseName" />
                          <ColumnReference Database="[OurLabReporting]" Schema="[dbo]" Table="[BuildVersion]" Alias="[BV]" Column="Branch" />
                        </GroupBy>
                        <RelOp NodeId="63" PhysicalOp="Sort" LogicalOp="Sort" EstimateRows="1" EstimateIO="0.0112613" EstimateCPU="0.000100431" AvgRowSize="431" EstimatedTotalSubtreeCost="0.0657971" Parallel="0" EstimateRebinds="0" EstimateRewinds="0" EstimatedExecutionMode="Row">
                          <OutputList>
                            <ColumnReference Database="[OurLabReporting]" Schema="[dbo]" Table="[Bug]" Alias="[b]" Column="Number" />
                            <ColumnReference Database="[OurLabReporting]" Schema="[dbo]" Table="[Bug]" Alias="[b]" Column="DatabaseName" />
                            <ColumnReference Database="[OurLabReporting]" Schema="[dbo]" Table="[BuildVersion]" Alias="[BV]" Column="Branch" />
                            <ColumnReference Column="Expr1030" />
                            <ColumnReference Column="Act1066" />
                            <ColumnReference Database="[OurLabReporting]" Schema="[dbo]" Table="[Bug]" Alias="[b]" Column="DatabaseName" />
                            <ColumnReference Database="[OurLabReporting]" Schema="[dbo]" Table="[BuildVersion]" Alias="[BV]" Column="Branch" />
                          </OutputList>
                          <MemoryFractions Input="0.5" Output="1" />
                          <Sort Distinct="0">
                            <OrderBy>
                              <OrderByColumn Ascending="1">
                                <ColumnReference Database="[OurLabReporting]" Schema="[dbo]" Table="[Bug]" Alias="[b]" Column="Number" />
                              </OrderByColumn>
                              <OrderByColumn Ascending="1">
                                <ColumnReference Database="[OurLabReporting]" Schema="[dbo]" Table="[Bug]" Alias="[b]" Column="DatabaseName" />
                              </OrderByColumn>
                              <OrderByColumn Ascending="1">
                                <ColumnReference Database="[OurLabReporting]" Schema="[dbo]" Table="[BuildVersion]" Alias="[BV]" Column="Branch" />
                              </OrderByColumn>
                              <OrderByColumn Ascending="1">
                                <ColumnReference Column="Act1066" />
                              </OrderByColumn>
                            </OrderBy>
                            <RelOp NodeId="65" PhysicalOp="Compute Scalar" LogicalOp="Compute Scalar" EstimateRows="1" EstimateIO="0" EstimateCPU="1e-007" AvgRowSize="73" EstimatedTotalSubtreeCost="0.0544354" Parallel="0" EstimateRebinds="0" EstimateRewinds="0" EstimatedExecutionMode="Row">
                              <OutputList>
                                <ColumnReference Database="[OurLabReporting]" Schema="[dbo]" Table="[Bug]" Alias="[b]" Column="Number" />
                                <ColumnReference Database="[OurLabReporting]" Schema="[dbo]" Table="[Bug]" Alias="[b]" Column="DatabaseName" />
                                <ColumnReference Database="[OurLabReporting]" Schema="[dbo]" Table="[BuildVersion]" Alias="[BV]" Column="Branch" />
                                <ColumnReference Column="Expr1030" />
                                <ColumnReference Column="Act1066" />
                              </OutputList>
                              <ComputeScalar>
                                <DefinedValues>
                                  <DefinedValue>
                                    <ColumnReference Column="Expr1030" />
                                    <ScalarOperator ScalarString="CASE WHEN [OurLabReporting].[dbo].[BugBranchFailureCount].[FailCount] IS NULL THEN [Expr1030] ELSE [OurLabReporting].[dbo].[BugBranchFailureCount].[FailCount]+[Expr1030] END">
                                      <IF>
                                        <Condition>
                                          <ScalarOperator>
                                            <Logical Operation="IS NULL">
                                              <ScalarOperator>
                                                <Identifier>
                                                  <ColumnReference Database="[OurLabReporting]" Schema="[dbo]" Table="[BugBranchFailureCount]" Column="FailCount" />
                                                </Identifier>
                                              </ScalarOperator>
                                            </Logical>
                                          </ScalarOperator>
                                        </Condition>
                                        <Then>
                                          <ScalarOperator>
                                            <Identifier>
                                              <ColumnReference Column="Expr1030" />
                                            </Identifier>
                                          </ScalarOperator>
                                        </Then>
                                        <Else>
                                          <ScalarOperator>
                                            <Arithmetic Operation="ADD">
                                              <ScalarOperator>
                                                <Identifier>
                                                  <ColumnReference Database="[OurLabReporting]" Schema="[dbo]" Table="[BugBranchFailureCount]" Column="FailCount" />
                                                </Identifier>
                                              </ScalarOperator>
                                              <ScalarOperator>
                                                <Identifier>
                                                  <ColumnReference Column="Expr1030" />
                                                </Identifier>
                                              </ScalarOperator>
                                            </Arithmetic>
                                          </ScalarOperator>
                                        </Else>
                                      </IF>
                                    </ScalarOperator>
                                  </DefinedValue>
                                  <DefinedValue>
                                    <ColumnReference Column="Act1066" />
                                    <ScalarOperator ScalarString="CASE WHEN [OurLabReporting].[dbo].[BugBranchFailureCount].[FailCount] IS NULL THEN (4) ELSE CASE WHEN ([OurLabReporting].[dbo].[BugBranchFailureCount].[FailCount]+[Expr1030]) = (0) THEN (3) ELSE (1) END END">
                                      <IF>
                                        <Condition>
                                          <ScalarOperator>
                                            <Logical Operation="IS NULL">
                                              <ScalarOperator>
                                                <Identifier>
                                                  <ColumnReference Database="[OurLabReporting]" Schema="[dbo]" Table="[BugBranchFailureCount]" Column="FailCount" />
                                                </Identifier>
                                              </ScalarOperator>
                                            </Logical>
                                          </ScalarOperator>
                                        </Condition>
                                        <Then>
                                          <ScalarOperator>
                                            <Const ConstValue="(4)" />
                                          </ScalarOperator>
                                        </Then>
                                        <Else>
                                          <ScalarOperator>
                                            <IF>
                                              <Condition>
                                                <ScalarOperator>
                                                  <Compare CompareOp="IS">
                                                    <ScalarOperator>
                                                      <Arithmetic Operation="ADD">
                                                        <ScalarOperator>
                                                          <Identifier>
                                                            <ColumnReference Database="[OurLabReporting]" Schema="[dbo]" Table="[BugBranchFailureCount]" Column="FailCount" />
                                                          </Identifier>
                                                        </ScalarOperator>
                                                        <ScalarOperator>
                                                          <Identifier>
                                                            <ColumnReference Column="Expr1030" />
                                                          </Identifier>
                                                        </ScalarOperator>
                                                      </Arithmetic>
                                                    </ScalarOperator>
                                                    <ScalarOperator>
                                                      <Const ConstValue="(0)" />
                                                    </ScalarOperator>
                                                  </Compare>
                                                </ScalarOperator>
                                              </Condition>
                                              <Then>
                                                <ScalarOperator>
                                                  <Const ConstValue="(3)" />
                                                </ScalarOperator>
                                              </Then>
                                              <Else>
                                                <ScalarOperator>
                                                  <Const ConstValue="(1)" />
                                                </ScalarOperator>
                                              </Else>
                                            </IF>
                                          </ScalarOperator>
                                        </Else>
                                      </IF>
                                    </ScalarOperator>
                                  </DefinedValue>
                                </DefinedValues>
                                <RelOp NodeId="66" PhysicalOp="Nested Loops" LogicalOp="Left Outer Join" EstimateRows="1" EstimateIO="0" EstimateCPU="4.18e-006" AvgRowSize="77" EstimatedTotalSubtreeCost="0.0544353" Parallel="0" EstimateRebinds="0" EstimateRewinds="0" EstimatedExecutionMode="Row">
                                  <OutputList>
                                    <ColumnReference Database="[OurLabReporting]" Schema="[dbo]" Table="[Bug]" Alias="[b]" Column="Number" />
                                    <ColumnReference Database="[OurLabReporting]" Schema="[dbo]" Table="[Bug]" Alias="[b]" Column="DatabaseName" />
                                    <ColumnReference Database="[OurLabReporting]" Schema="[dbo]" Table="[BuildVersion]" Alias="[BV]" Column="Branch" />
                                    <ColumnReference Column="Expr1030" />
                                    <ColumnReference Database="[OurLabReporting]" Schema="[dbo]" Table="[BugBranchFailureCount]" Column="FailCount" />
                                  </OutputList>
                                  <NestedLoops Optimized="0">
                                    <OuterReferences>
                                      <ColumnReference Database="[OurLabReporting]" Schema="[dbo]" Table="[Bug]" Alias="[b]" Column="Number" />
                                      <ColumnReference Database="[OurLabReporting]" Schema="[dbo]" Table="[Bug]" Alias="[b]" Column="DatabaseName" />
                                      <ColumnReference Database="[OurLabReporting]" Schema="[dbo]" Table="[BuildVersion]" Alias="[BV]" Column="Branch" />
                                    </OuterReferences>
                                    <RelOp NodeId="67" PhysicalOp="Stream Aggregate" LogicalOp="Aggregate" EstimateRows="1" EstimateIO="0" EstimateCPU="1.6991e-006" AvgRowSize="69" EstimatedTotalSubtreeCost="0.051148" Parallel="0" EstimateRebinds="0" EstimateRewinds="0" EstimatedExecutionMode="Row">
                                      <OutputList>
                                        <ColumnReference Database="[OurLabReporting]" Schema="[dbo]" Table="[Bug]" Alias="[b]" Column="Number" />
                                        <ColumnReference Database="[OurLabReporting]" Schema="[dbo]" Table="[Bug]" Alias="[b]" Column="DatabaseName" />
                                        <ColumnReference Database="[OurLabReporting]" Schema="[dbo]" Table="[BuildVersion]" Alias="[BV]" Column="Branch" />
                                        <ColumnReference Column="Expr1030" />
                                      </OutputList>
                                      <StreamAggregate>
                                        <DefinedValues>
                                          <DefinedValue>
                                            <ColumnReference Column="Expr1030" />
                                            <ScalarOperator ScalarString="SUM(CASE WHEN [Action1007] = (3) THEN (-1) ELSE (1) END)">
                                              <Aggregate Distinct="0" AggType="SUM">
                                                <ScalarOperator>
                                                  <IF>
                                                    <Condition>
                                                      <ScalarOperator>
                                                        <Compare CompareOp="IS">
                                                          <ScalarOperator>
                                                            <Identifier>
                                                              <ColumnReference Column="Action1007" />
                                                            </Identifier>
                                                          </ScalarOperator>
                                                          <ScalarOperator>
                                                            <Const ConstValue="(3)" />
                                                          </ScalarOperator>
                                                        </Compare>
                                                      </ScalarOperator>
                                                    </Condition>
                                                    <Then>
                                                      <ScalarOperator>
                                                        <Const ConstValue="(-1)" />
                                                      </ScalarOperator>
                                                    </Then>
                                                    <Else>
                                                      <ScalarOperator>
                                                        <Const ConstValue="(1)" />
                                                      </ScalarOperator>
                                                    </Else>
                                                  </IF>
                                                </ScalarOperator>
                                              </Aggregate>
                                            </ScalarOperator>
                                          </DefinedValue>
                                        </DefinedValues>
                                        <GroupBy>
                                          <ColumnReference Database="[OurLabReporting]" Schema="[dbo]" Table="[Bug]" Alias="[b]" Column="Number" />
                                          <ColumnReference Database="[OurLabReporting]" Schema="[dbo]" Table="[Bug]" Alias="[b]" Column="DatabaseName" />
                                          <ColumnReference Database="[OurLabReporting]" Schema="[dbo]" Table="[BuildVersion]" Alias="[BV]" Column="Branch" />
                                        </GroupBy>
                                        <RelOp NodeId="68" PhysicalOp="Sort" LogicalOp="Sort" EstimateRows="1.99849" EstimateIO="0.0112613" EstimateCPU="0.000103179" AvgRowSize="65" EstimatedTotalSubtreeCost="0.0511463" Parallel="0" EstimateRebinds="0" EstimateRewinds="0" EstimatedExecutionMode="Row">
                                          <OutputList>
                                            <ColumnReference Column="Action1007" />
                                            <ColumnReference Database="[OurLabReporting]" Schema="[dbo]" Table="[Bug]" Alias="[b]" Column="Number" />
                                            <ColumnReference Database="[OurLabReporting]" Schema="[dbo]" Table="[Bug]" Alias="[b]" Column="DatabaseName" />
                                            <ColumnReference Database="[OurLabReporting]" Schema="[dbo]" Table="[BuildVersion]" Alias="[BV]" Column="Branch" />
                                          </OutputList>
                                          <MemoryFractions Input="0.5" Output="0.5" />
                                          <Sort Distinct="0">
                                            <OrderBy>
                                              <OrderByColumn Ascending="1">
                                                <ColumnReference Database="[OurLabReporting]" Schema="[dbo]" Table="[Bug]" Alias="[b]" Column="Number" />
                                              </OrderByColumn>
                                              <OrderByColumn Ascending="1">
                                                <ColumnReference Database="[OurLabReporting]" Schema="[dbo]" Table="[Bug]" Alias="[b]" Column="DatabaseName" />
                                              </OrderByColumn>
                                              <OrderByColumn Ascending="1">
                                                <ColumnReference Database="[OurLabReporting]" Schema="[dbo]" Table="[BuildVersion]" Alias="[BV]" Column="Branch" />
                                              </OrderByColumn>
                                            </OrderBy>
                                            <RelOp NodeId="69" PhysicalOp="Nested Loops" LogicalOp="Inner Join" EstimateRows="1.99849" EstimateIO="0" EstimateCPU="8.35371e-006" AvgRowSize="65" EstimatedTotalSubtreeCost="0.0397819" Parallel="0" EstimateRebinds="0" EstimateRewinds="0" EstimatedExecutionMode="Row">
                                              <OutputList>
                                                <ColumnReference Column="Action1007" />
                                                <ColumnReference Database="[OurLabReporting]" Schema="[dbo]" Table="[Bug]" Alias="[b]" Column="Number" />
                                                <ColumnReference Database="[OurLabReporting]" Schema="[dbo]" Table="[Bug]" Alias="[b]" Column="DatabaseName" />
                                                <ColumnReference Database="[OurLabReporting]" Schema="[dbo]" Table="[BuildVersion]" Alias="[BV]" Column="Branch" />
                                              </OutputList>
                                              <NestedLoops Optimized="0">
                                                <OuterReferences>
                                                  <ColumnReference Database="[OurLabReporting]" Schema="[dbo]" Table="[FailureBugMapping]" Alias="[fbm]" Column="BugId" />
                                                </OuterReferences>
                                                <RelOp NodeId="70" PhysicalOp="Nested Loops" LogicalOp="Inner Join" EstimateRows="1.99849" EstimateIO="0" EstimateCPU="8.35371e-006" AvgRowSize="44" EstimatedTotalSubtreeCost="0.0347732" Parallel="0" EstimateRebinds="0" EstimateRewinds="0" EstimatedExecutionMode="Row">
                                                  <OutputList>
                                                    <ColumnReference Column="Action1007" />
                                                    <ColumnReference Database="[OurLabReporting]" Schema="[dbo]" Table="[FailureBugMapping]" Alias="[fbm]" Column="BugId" />
                                                    <ColumnReference Database="[OurLabReporting]" Schema="[dbo]" Table="[BuildVersion]" Alias="[BV]" Column="Branch" />
                                                  </OutputList>
                                                  <NestedLoops Optimized="0">
                                                    <OuterReferences>
                                                      <ColumnReference Database="[OurLabReporting]" Schema="[dbo]" Table="[BuildFlavor]" Alias="[BF]" Column="BuildVersionId" />
                                                    </OuterReferences>
                                                    <RelOp NodeId="71" PhysicalOp="Nested Loops" LogicalOp="Inner Join" EstimateRows="1.99849" EstimateIO="0" EstimateCPU="8.35371e-006" AvgRowSize="19" EstimatedTotalSubtreeCost="0.0313239" Parallel="0" EstimateRebinds="0" EstimateRewinds="0" EstimatedExecutionMode="Row">
                                                      <OutputList>
                                                        <ColumnReference Column="Action1007" />
                                                        <ColumnReference Database="[OurLabReporting]" Schema="[dbo]" Table="[FailureBugMapping]" Alias="[fbm]" Column="BugId" />
                                                        <ColumnReference Database="[OurLabReporting]" Schema="[dbo]" Table="[BuildFlavor]" Alias="[BF]" Column="BuildVersionId" />
                                                      </OutputList>
                                                      <NestedLoops Optimized="0">
                                                        <OuterReferences>
                                                          <ColumnReference Database="[OurLabReporting]" Schema="[dbo]" Table="[Mix]" Alias="[M]" Column="BuildFlavorId" />
                                                        </OuterReferences>
                                                        <RelOp NodeId="72" PhysicalOp="Nested Loops" LogicalOp="Inner Join" EstimateRows="1.99849" EstimateIO="0" EstimateCPU="8.36e-006" AvgRowSize="19" EstimatedTotalSubtreeCost="0.0278745" Parallel="0" EstimateRebinds="0" EstimateRewinds="0" EstimatedExecutionMode="Row">
                                                          <OutputList>
                                                            <ColumnReference Column="Action1007" />
                                                            <ColumnReference Database="[OurLabReporting]" Schema="[dbo]" Table="[FailureBugMapping]" Alias="[fbm]" Column="BugId" />
                                                            <ColumnReference Database="[OurLabReporting]" Schema="[dbo]" Table="[Mix]" Alias="[M]" Column="BuildFlavorId" />
                                                          </OutputList>
                                                          <NestedLoops Optimized="0">
                                                            <OuterReferences>
                                                              <ColumnReference Database="[OurLabReporting]" Schema="[dbo]" Table="[Failure]" Alias="[f]" Column="MixId" />
                                                            </OuterReferences>
                                                            <RelOp NodeId="73" PhysicalOp="Nested Loops" LogicalOp="Inner Join" EstimateRows="2" EstimateIO="0" EstimateCPU="8.36e-006" AvgRowSize="19" EstimatedTotalSubtreeCost="0.024425" Parallel="0" EstimateRebinds="0" EstimateRewinds="0" EstimatedExecutionMode="Row">
                                                              <OutputList>
                                                                <ColumnReference Column="Action1007" />
                                                                <ColumnReference Database="[OurLabReporting]" Schema="[dbo]" Table="[FailureBugMapping]" Alias="[fbm]" Column="BugId" />
                                                                <ColumnReference Database="[OurLabReporting]" Schema="[dbo]" Table="[Failure]" Alias="[f]" Column="MixId" />
                                                              </OutputList>
                                                              <NestedLoops Optimized="1">
                                                                <OuterReferences>
                                                                  <ColumnReference Database="[OurLabReporting]" Schema="[dbo]" Table="[FailureBugMapping]" Alias="[fbm]" Column="FailureId" />
                                                                </OuterReferences>
                                                                <RelOp NodeId="76" PhysicalOp="Table Spool" LogicalOp="Eager Spool" EstimateRows="2" EstimateIO="0" EstimateCPU="3.35153e-005" AvgRowSize="23" EstimatedTotalSubtreeCost="0.0194129" Parallel="0" EstimateRebinds="0" EstimateRewinds="0" EstimatedExecutionMode="Row">
                                                                  <OutputList>
                                                                    <ColumnReference Column="Action1007" />
                                                                    <ColumnReference Database="[OurLabReporting]" Schema="[dbo]" Table="[FailureBugMapping]" Alias="[Trg]" Column="BugId" />
                                                                    <ColumnReference Database="[OurLabReporting]" Schema="[dbo]" Table="[FailureBugMapping]" Alias="[Trg]" Column="FailureId" />
                                                                    <ColumnReference Column="OriginalMergeAction1059" />
                                                                  </OutputList>
                                                                  <Spool PrimaryNodeId="2" />
                                                                </RelOp>
                                                                <RelOp NodeId="82" PhysicalOp="Clustered Index Seek" LogicalOp="Clustered Index Seek" EstimateRows="1" EstimateIO="0.003125" EstimateCPU="0.0001581" AvgRowSize="11" EstimatedTotalSubtreeCost="0.0050037" TableCardinality="3.38967e+007" Parallel="0" EstimateRebinds="1" EstimateRewinds="0" EstimatedExecutionMode="Row">
                                                                  <OutputList>
                                                                    <ColumnReference Database="[OurLabReporting]" Schema="[dbo]" Table="[Failure]" Alias="[f]" Column="MixId" />
                                                                  </OutputList>
                                                                  <IndexScan Ordered="1" ScanDirection="FORWARD" ForcedIndex="0" ForceSeek="0" ForceScan="0" NoExpandHint="0" Storage="RowStore">
                                                                    <DefinedValues>
                                                                      <DefinedValue>
                                                                        <ColumnReference Database="[OurLabReporting]" Schema="[dbo]" Table="[Failure]" Alias="[f]" Column="MixId" />
                                                                      </DefinedValue>
                                                                    </DefinedValues>
                                                                    <Object Database="[OurLabReporting]" Schema="[dbo]" Table="[Failure]" Index="[Failure_PK]" Alias="[f]" IndexKind="Clustered" />
                                                                    <SeekPredicates>
                                                                      <SeekPredicateNew>
                                                                        <SeekKeys>
                                                                          <Prefix ScanType="EQ">
                                                                            <RangeColumns>
                                                                              <ColumnReference Database="[OurLabReporting]" Schema="[dbo]" Table="[Failure]" Alias="[f]" Column="Id" />
                                                                            </RangeColumns>
                                                                            <RangeExpressions>
                                                                              <ScalarOperator ScalarString="[OurLabReporting].[dbo].[FailureBugMapping].[FailureId] as [fbm].[FailureId]">
                                                                                <Identifier>
                                                                                  <ColumnReference Database="[OurLabReporting]" Schema="[dbo]" Table="[FailureBugMapping]" Alias="[fbm]" Column="FailureId" />
                                                                                </Identifier>
                                                                              </ScalarOperator>
                                                                            </RangeExpressions>
                                                                          </Prefix>
                                                                        </SeekKeys>
                                                                      </SeekPredicateNew>
                                                                    </SeekPredicates>
                                                                  </IndexScan>
                                                                </RelOp>
                                                              </NestedLoops>
                                                            </RelOp>
                                                            <RelOp NodeId="83" PhysicalOp="Index Seek" LogicalOp="Index Seek" EstimateRows="1" EstimateIO="0.003125" EstimateCPU="0.0001581" AvgRowSize="11" EstimatedTotalSubtreeCost="0.0034412" TableCardinality="1.48178e+006" Parallel="0" EstimateRebinds="0" EstimateRewinds="1" EstimatedExecutionMode="Row">
                                                              <OutputList>
                                                                <ColumnReference Database="[OurLabReporting]" Schema="[dbo]" Table="[Mix]" Alias="[M]" Column="BuildFlavorId" />
                                                              </OutputList>
                                                              <IndexScan Ordered="1" ScanDirection="FORWARD" ForcedIndex="0" ForceSeek="0" ForceScan="0" NoExpandHint="0" Storage="RowStore">
                                                                <DefinedValues>
                                                                  <DefinedValue>
                                                                    <ColumnReference Database="[OurLabReporting]" Schema="[dbo]" Table="[Mix]" Alias="[M]" Column="BuildFlavorId" />
                                                                  </DefinedValue>
                                                                </DefinedValues>
                                                                <Object Database="[OurLabReporting]" Schema="[dbo]" Table="[Mix]" Index="[Mix_IDX_Id]" Alias="[M]" IndexKind="NonClustered" />
                                                                <SeekPredicates>
                                                                  <SeekPredicateNew>
                                                                    <SeekKeys>
                                                                      <Prefix ScanType="EQ">
                                                                        <RangeColumns>
                                                                          <ColumnReference Database="[OurLabReporting]" Schema="[dbo]" Table="[Mix]" Alias="[M]" Column="Id" />
                                                                        </RangeColumns>
                                                                        <RangeExpressions>
                                                                          <ScalarOperator ScalarString="[OurLabReporting].[dbo].[Failure].[MixId] as [f].[MixId]">
                                                                            <Identifier>
                                                                              <ColumnReference Database="[OurLabReporting]" Schema="[dbo]" Table="[Failure]" Alias="[f]" Column="MixId" />
                                                                            </Identifier>
                                                                          </ScalarOperator>
                                                                        </RangeExpressions>
                                                                      </Prefix>
                                                                    </SeekKeys>
                                                                  </SeekPredicateNew>
                                                                </SeekPredicates>
                                                              </IndexScan>
                                                            </RelOp>
                                                          </NestedLoops>
                                                        </RelOp>
                                                        <RelOp NodeId="84" PhysicalOp="Index Seek" LogicalOp="Index Seek" EstimateRows="1" EstimateIO="0.003125" EstimateCPU="0.0001581" AvgRowSize="11" EstimatedTotalSubtreeCost="0.00344096" TableCardinality="805179" Parallel="0" EstimateRebinds="0" EstimateRewinds="0.998495" EstimatedExecutionMode="Row">
                                                          <OutputList>
                                                            <ColumnReference Database="[OurLabReporting]" Schema="[dbo]" Table="[BuildFlavor]" Alias="[BF]" Column="BuildVersionId" />
                                                          </OutputList>
                                                          <IndexScan Ordered="1" ScanDirection="FORWARD" ForcedIndex="0" ForceSeek="0" ForceScan="0" NoExpandHint="0" Storage="RowStore">
                                                            <DefinedValues>
                                                              <DefinedValue>
                                                                <ColumnReference Database="[OurLabReporting]" Schema="[dbo]" Table="[BuildFlavor]" Alias="[BF]" Column="BuildVersionId" />
                                                              </DefinedValue>
                                                            </DefinedValues>
                                                            <Object Database="[OurLabReporting]" Schema="[dbo]" Table="[BuildFlavor]" Index="[BuildFlavor_IDX_Id]" Alias="[BF]" IndexKind="NonClustered" />
                                                            <SeekPredicates>
                                                              <SeekPredicateNew>
                                                                <SeekKeys>
                                                                  <Prefix ScanType="EQ">
                                                                    <RangeColumns>
                                                                      <ColumnReference Database="[OurLabReporting]" Schema="[dbo]" Table="[BuildFlavor]" Alias="[BF]" Column="Id" />
                                                                    </RangeColumns>
                                                                    <RangeExpressions>
                                                                      <ScalarOperator ScalarString="[OurLabReporting].[dbo].[Mix].[BuildFlavorId] as [M].[BuildFlavorId]">
                                                                        <Identifier>
                                                                          <ColumnReference Database="[OurLabReporting]" Schema="[dbo]" Table="[Mix]" Alias="[M]" Column="BuildFlavorId" />
                                                                        </Identifier>
                                                                      </ScalarOperator>
                                                                    </RangeExpressions>
                                                                  </Prefix>
                                                                </SeekKeys>
                                                              </SeekPredicateNew>
                                                            </SeekPredicates>
                                                          </IndexScan>
                                                        </RelOp>
                                                      </NestedLoops>
                                                    </RelOp>
                                                    <RelOp NodeId="85" PhysicalOp="Clustered Index Seek" LogicalOp="Clustered Index Seek" EstimateRows="1" EstimateIO="0.003125" EstimateCPU="0.0001581" AvgRowSize="36" EstimatedTotalSubtreeCost="0.00344096" TableCardinality="78971" Parallel="0" EstimateRebinds="4.44089e-016" EstimateRewinds="0.998495" EstimatedExecutionMode="Row">
                                                      <OutputList>
                                                        <ColumnReference Database="[OurLabReporting]" Schema="[dbo]" Table="[BuildVersion]" Alias="[BV]" Column="Branch" />
                                                      </OutputList>
                                                      <IndexScan Ordered="1" ScanDirection="FORWARD" ForcedIndex="0" ForceSeek="0" ForceScan="0" NoExpandHint="0" Storage="RowStore">
                                                        <DefinedValues>
                                                          <DefinedValue>
                                                            <ColumnReference Database="[OurLabReporting]" Schema="[dbo]" Table="[BuildVersion]" Alias="[BV]" Column="Branch" />
                                                          </DefinedValue>
                                                        </DefinedValues>
                                                        <Object Database="[OurLabReporting]" Schema="[dbo]" Table="[BuildVersion]" Index="[BuildVersion_PK]" Alias="[BV]" IndexKind="Clustered" />
                                                        <SeekPredicates>
                                                          <SeekPredicateNew>
                                                            <SeekKeys>
                                                              <Prefix ScanType="EQ">
                                                                <RangeColumns>
                                                                  <ColumnReference Database="[OurLabReporting]" Schema="[dbo]" Table="[BuildVersion]" Alias="[BV]" Column="Id" />
                                                                </RangeColumns>
                                                                <RangeExpressions>
                                                                  <ScalarOperator ScalarString="[OurLabReporting].[dbo].[BuildFlavor].[BuildVersionId] as [BF].[BuildVersionId]">
                                                                    <Identifier>
                                                                      <ColumnReference Database="[OurLabReporting]" Schema="[dbo]" Table="[BuildFlavor]" Alias="[BF]" Column="BuildVersionId" />
                                                                    </Identifier>
                                                                  </ScalarOperator>
                                                                </RangeExpressions>
                                                              </Prefix>
                                                            </SeekKeys>
                                                          </SeekPredicateNew>
                                                        </SeekPredicates>
                                                      </IndexScan>
                                                    </RelOp>
                                                  </NestedLoops>
                                                </RelOp>
                                                <RelOp NodeId="86" PhysicalOp="Clustered Index Seek" LogicalOp="Clustered Index Seek" EstimateRows="1" EstimateIO="0.003125" EstimateCPU="0.0001581" AvgRowSize="34" EstimatedTotalSubtreeCost="0.00500034" TableCardinality="37279" Parallel="0" EstimateRebinds="0.998495" EstimateRewinds="0" EstimatedExecutionMode="Row">
                                                  <OutputList>
                                                    <ColumnReference Database="[OurLabReporting]" Schema="[dbo]" Table="[Bug]" Alias="[b]" Column="Number" />
                                                    <ColumnReference Database="[OurLabReporting]" Schema="[dbo]" Table="[Bug]" Alias="[b]" Column="DatabaseName" />
                                                  </OutputList>
                                                  <IndexScan Ordered="1" ScanDirection="FORWARD" ForcedIndex="0" ForceSeek="0" ForceScan="0" NoExpandHint="0" Storage="RowStore">
                                                    <DefinedValues>
                                                      <DefinedValue>
                                                        <ColumnReference Database="[OurLabReporting]" Schema="[dbo]" Table="[Bug]" Alias="[b]" Column="Number" />
                                                      </DefinedValue>
                                                      <DefinedValue>
                                                        <ColumnReference Database="[OurLabReporting]" Schema="[dbo]" Table="[Bug]" Alias="[b]" Column="DatabaseName" />
                                                      </DefinedValue>
                                                    </DefinedValues>
                                                    <Object Database="[OurLabReporting]" Schema="[dbo]" Table="[Bug]" Index="[Bug_PK]" Alias="[b]" IndexKind="Clustered" />
                                                    <SeekPredicates>
                                                      <SeekPredicateNew>
                                                        <SeekKeys>
                                                          <Prefix ScanType="EQ">
                                                            <RangeColumns>
                                                              <ColumnReference Database="[OurLabReporting]" Schema="[dbo]" Table="[Bug]" Alias="[b]" Column="Id" />
                                                            </RangeColumns>
                                                            <RangeExpressions>
                                                              <ScalarOperator ScalarString="[OurLabReporting].[dbo].[FailureBugMapping].[BugId] as [fbm].[BugId]">
                                                                <Identifier>
                                                                  <ColumnReference Database="[OurLabReporting]" Schema="[dbo]" Table="[FailureBugMapping]" Alias="[fbm]" Column="BugId" />
                                                                </Identifier>
                                                              </ScalarOperator>
                                                            </RangeExpressions>
                                                          </Prefix>
                                                        </SeekKeys>
                                                      </SeekPredicateNew>
                                                    </SeekPredicates>
                                                  </IndexScan>
                                                </RelOp>
                                              </NestedLoops>
                                            </RelOp>
                                          </Sort>
                                        </RelOp>
                                      </StreamAggregate>
                                    </RelOp>
                                    <RelOp NodeId="90" PhysicalOp="Clustered Index Seek" LogicalOp="Clustered Index Seek" EstimateRows="1" EstimateIO="0.003125" EstimateCPU="0.0001581" AvgRowSize="15" EstimatedTotalSubtreeCost="0.0032831" TableCardinality="218711" Parallel="0" EstimateRebinds="2.22045e-016" EstimateRewinds="0" EstimatedExecutionMode="Row">
                                      <OutputList>
                                        <ColumnReference Database="[OurLabReporting]" Schema="[dbo]" Table="[BugBranchFailureCount]" Column="FailCount" />
                                      </OutputList>
                                      <IndexScan Ordered="1" ScanDirection="FORWARD" ForcedIndex="0" ForceSeek="0" ForceScan="0" NoExpandHint="1" Storage="RowStore">
                                        <DefinedValues>
                                          <DefinedValue>
                                            <ColumnReference Database="[OurLabReporting]" Schema="[dbo]" Table="[BugBranchFailureCount]" Column="FailCount" />
                                          </DefinedValue>
                                        </DefinedValues>
                                        <Object Database="[OurLabReporting]" Schema="[dbo]" Table="[BugBranchFailureCount]" Index="[IDX_BugBranchFailureCount]" IndexKind="ViewClustered" />
                                        <SeekPredicates>
                                          <SeekPredicateNew>
                                            <SeekKeys>
                                              <Prefix ScanType="EQ">
                                                <RangeColumns>
                                                  <ColumnReference Database="[OurLabReporting]" Schema="[dbo]" Table="[BugBranchFailureCount]" Column="Number" />
                                                  <ColumnReference Database="[OurLabReporting]" Schema="[dbo]" Table="[BugBranchFailureCount]" Column="DatabaseName" />
                                                  <ColumnReference Database="[OurLabReporting]" Schema="[dbo]" Table="[BugBranchFailureCount]" Column="Branch" />
                                                </RangeColumns>
                                                <RangeExpressions>
                                                  <ScalarOperator ScalarString="[OurLabReporting].[dbo].[Bug].[Number] as [b].[Number]">
                                                    <Identifier>
                                                      <ColumnReference Database="[OurLabReporting]" Schema="[dbo]" Table="[Bug]" Alias="[b]" Column="Number" />
                                                    </Identifier>
                                                  </ScalarOperator>
                                                  <ScalarOperator ScalarString="[OurLabReporting].[dbo].[Bug].[DatabaseName] as [b].[DatabaseName]">
                                                    <Identifier>
                                                      <ColumnReference Database="[OurLabReporting]" Schema="[dbo]" Table="[Bug]" Alias="[b]" Column="DatabaseName" />
                                                    </Identifier>
                                                  </ScalarOperator>
                                                  <ScalarOperator ScalarString="[OurLabReporting].[dbo].[BuildVersion].[Branch] as [BV].[Branch]">
                                                    <Identifier>
                                                      <ColumnReference Database="[OurLabReporting]" Schema="[dbo]" Table="[BuildVersion]" Alias="[BV]" Column="Branch" />
                                                    </Identifier>
                                                  </ScalarOperator>
                                                </RangeExpressions>
                                              </Prefix>
                                            </SeekKeys>
                                          </SeekPredicateNew>
                                        </SeekPredicates>
                                      </IndexScan>
                                    </RelOp>
                                  </NestedLoops>
                                </RelOp>
                              </ComputeScalar>
                            </RelOp>
                          </Sort>
                        </RelOp>
                      </Collapse>
                    </RelOp>
                  </Update>
                </RelOp>
                <RelOp NodeId="106" PhysicalOp="Assert" LogicalOp="Assert" EstimateRows="1.8" EstimateIO="0" EstimateCPU="1.404e-006" AvgRowSize="9" EstimatedTotalSubtreeCost="0.0244281" Parallel="0" EstimateRebinds="0" EstimateRewinds="0" EstimatedExecutionMode="Row">
                  <OutputList />
                  <Assert StartupExpression="0">
                    <RelOp NodeId="107" PhysicalOp="Nested Loops" LogicalOp="Left Semi Join" EstimateRows="1.8" EstimateIO="0" EstimateCPU="8.36e-006" AvgRowSize="9" EstimatedTotalSubtreeCost="0.0244267" Parallel="0" EstimateRebinds="0" EstimateRewinds="0" EstimatedExecutionMode="Row">
                      <OutputList>
                        <ColumnReference Column="Expr1070" />
                        <ColumnReference Column="Pass1071" />
                      </OutputList>
                      <NestedLoops Optimized="0">
                        <DefinedValues>
                          <DefinedValue>
                            <ColumnReference Column="Expr1070" />
                          </DefinedValue>
                          <DefinedValue>
                            <ColumnReference Column="Pass1071" />
                          </DefinedValue>
                        </DefinedValues>
                        <PassThru>
                          <ScalarOperator ScalarString="[OriginalMergeAction1059]=(1) OR [Action1007]&lt;&gt;(4) OR [OurLabReporting].[dbo].[FailureBugMapping].[BugId] as [Trg].[BugId] IS NULL">
                            <Logical Operation="OR">
                              <ScalarOperator>
                                <Compare CompareOp="EQ">
                                  <ScalarOperator>
                                    <Identifier>
                                      <ColumnReference Column="OriginalMergeAction1059" />
                                    </Identifier>
                                  </ScalarOperator>
                                  <ScalarOperator>
                                    <Const ConstValue="(1)" />
                                  </ScalarOperator>
                                </Compare>
                              </ScalarOperator>
                              <ScalarOperator>
                                <Logical Operation="OR">
                                  <ScalarOperator>
                                    <Compare CompareOp="NE">
                                      <ScalarOperator>
                                        <Identifier>
                                          <ColumnReference Column="Action1007" />
                                        </Identifier>
                                      </ScalarOperator>
                                      <ScalarOperator>
                                        <Const ConstValue="(4)" />
                                      </ScalarOperator>
                                    </Compare>
                                  </ScalarOperator>
                                  <ScalarOperator>
                                    <Logical Operation="IS NULL">
                                      <ScalarOperator>
                                        <Identifier>
                                          <ColumnReference Database="[OurLabReporting]" Schema="[dbo]" Table="[FailureBugMapping]" Alias="[Trg]" Column="BugId" />
                                        </Identifier>
                                      </ScalarOperator>
                                    </Logical>
                                  </ScalarOperator>
                                </Logical>
                              </ScalarOperator>
                            </Logical>
                          </ScalarOperator>
                        </PassThru>
                        <OuterReferences>
                          <ColumnReference Database="[OurLabReporting]" Schema="[dbo]" Table="[FailureBugMapping]" Alias="[Trg]" Column="BugId" />
                        </OuterReferences>
                        <ProbeColumn>
                          <ColumnReference Column="Expr1070" />
                        </ProbeColumn>
                        <RelOp NodeId="108" PhysicalOp="Table Spool" LogicalOp="Eager Spool" EstimateRows="2" EstimateIO="0" EstimateCPU="3.35153e-005" AvgRowSize="23" EstimatedTotalSubtreeCost="0.0194129" Parallel="0" EstimateRebinds="0" EstimateRewinds="0" EstimatedExecutionMode="Row">
                          <OutputList>
                            <ColumnReference Column="Action1007" />
                            <ColumnReference Database="[OurLabReporting]" Schema="[dbo]" Table="[FailureBugMapping]" Alias="[Trg]" Column="BugId" />
                            <ColumnReference Database="[OurLabReporting]" Schema="[dbo]" Table="[FailureBugMapping]" Alias="[Trg]" Column="FailureId" />
                            <ColumnReference Column="OriginalMergeAction1059" />
                          </OutputList>
                          <Spool PrimaryNodeId="2" />
                        </RelOp>
                        <RelOp NodeId="109" PhysicalOp="Clustered Index Seek" LogicalOp="Clustered Index Seek" EstimateRows="1" EstimateIO="0.003125" EstimateCPU="0.0001581" AvgRowSize="9" EstimatedTotalSubtreeCost="0.00500339" TableCardinality="37279" Parallel="0" EstimateRebinds="1" EstimateRewinds="0" EstimatedExecutionMode="Row">
                          <OutputList />
                          <IndexScan Ordered="1" ScanDirection="FORWARD" ForcedIndex="1" ForceSeek="0" ForceScan="0" NoExpandHint="0" Storage="RowStore">
                            <DefinedValues />
                            <Object Database="[OurLabReporting]" Schema="[dbo]" Table="[Bug]" Index="[Bug_PK]" IndexKind="Clustered" />
                            <SeekPredicates>
                              <SeekPredicateNew>
                                <SeekKeys>
                                  <Prefix ScanType="EQ">
                                    <RangeColumns>
                                      <ColumnReference Database="[OurLabReporting]" Schema="[dbo]" Table="[Bug]" Column="Id" />
                                    </RangeColumns>
                                    <RangeExpressions>
                                      <ScalarOperator ScalarString="[OurLabReporting].[dbo].[FailureBugMapping].[BugId] as [Trg].[BugId]">
                                        <Identifier>
                                          <ColumnReference Database="[OurLabReporting]" Schema="[dbo]" Table="[FailureBugMapping]" Alias="[Trg]" Column="BugId" />
                                        </Identifier>
                                      </ScalarOperator>
                                    </RangeExpressions>
                                  </Prefix>
                                </SeekKeys>
                              </SeekPredicateNew>
                            </SeekPredicates>
                          </IndexScan>
                        </RelOp>
                      </NestedLoops>
                    </RelOp>
                    <Predicate>
                      <ScalarOperator ScalarString="CASE WHEN NOT [Pass1071] AND [Expr1070] IS NULL THEN (0) ELSE NULL END">
                        <IF>
                          <Condition>
                            <ScalarOperator>
                              <Logical Operation="AND">
                                <ScalarOperator>
                                  <Logical Operation="NOT">
                                    <ScalarOperator>
                                      <Identifier>
                                        <ColumnReference Column="Pass1071" />
                                      </Identifier>
                                    </ScalarOperator>
                                  </Logical>
                                </ScalarOperator>
                                <ScalarOperator>
                                  <Logical Operation="IS NULL">
                                    <ScalarOperator>
                                      <Identifier>
                                        <ColumnReference Column="Expr1070" />
                                      </Identifier>
                                    </ScalarOperator>
                                  </Logical>
                                </ScalarOperator>
                              </Logical>
                            </ScalarOperator>
                          </Condition>
                          <Then>
                            <ScalarOperator>
                              <Const ConstValue="(0)" />
                            </ScalarOperator>
                          </Then>
                          <Else>
                            <ScalarOperator>
                              <Const ConstValue="NULL" />
                            </ScalarOperator>
                          </Else>
                        </IF>
                      </ScalarOperator>
                    </Predicate>
                  </Assert>
                </RelOp>
              </Sequence>
            </RelOp>
          </QueryPlan>
        </StmtSimple>
        <StmtSimple StatementText="&#x9;UPDATE F&#xD;&#xA;&#x9;SET F.StatusId = S.Id,&#xD;&#xA;&#x9;&#x9;F.LastUpdateBy = FB.UpdatedByAlias,&#xD;&#xA;&#x9;&#x9;F.LastUpdateTime = GETDATE(),&#xD;&#xA;&#x9;&#x9;F.RecordLastUpdated = GETDATE()&#xD;&#xA;&#x9;FROM dbo.Failure F&#xD;&#xA;&#x9;INNER JOIN #FailureBugCollection FB&#xD;&#xA;&#x9;ON&#xD;&#xA;&#x9;&#x9;F.Id = FB.InternalFailureId&#xD;&#xA;&#x9;INNER JOIN dbo.[Status] S WITH(NOLOCK)&#xD;&#xA;&#x9;ON&#xD;&#xA;&#x9;&#x9;FB.FailureStatus = S.[Status]&#xD;&#xA;&#x9;&#x9;AND S.[Type] = 'Failure'&#xD;&#xA;&#x9;&#xD;&#xA;&#x9;-- Retrun outliers (= Rows in #FailureBugCollection that are not inserted in dbo.FailureBugMapping)&#xD;&#xA;" StatementId="14" StatementCompId="17" StatementType="UPDATE" RetrievedFromCache="true" StatementSubTreeCost="0.124523" StatementEstRows="1" StatementOptmLevel="FULL" QueryHash="0x98D4DD5F8E432347" QueryPlanHash="0x2DA1439A80186E70" StatementOptmEarlyAbortReason="GoodEnoughPlanFound">
          <StatementSetOptions QUOTED_IDENTIFIER="true" ARITHABORT="true" CONCAT_NULL_YIELDS_NULL="true" ANSI_NULLS="true" ANSI_PADDING="true" ANSI_WARNINGS="true" NUMERIC_ROUNDABORT="false" />
          <QueryPlan NonParallelPlanReason="MaxDOPSetToOne" CachedPlanSize="120" CompileTime="13" CompileCPU="13" CompileMemory="1072">
            <Warnings>
              <PlanAffectingConvert ConvertIssue="Cardinality Estimate" Expression="CONVERT_IMPLICIT(nvarchar(200),[S].[Status],0)" />
              <PlanAffectingConvert ConvertIssue="Seek Plan" Expression="[FB].[FailureStatus]=CONVERT_IMPLICIT(nvarchar(200),[S].[Status],0)" />
            </Warnings>
            <MemoryGrantInfo SerialRequiredMemory="512" SerialDesiredMemory="544" />
            <OptimizerHardwareDependentProperties EstimatedAvailableMemoryGrant="193313" EstimatedPagesCached="773254" EstimatedAvailableDegreeOfParallelism="1" />
            <RelOp NodeId="1" PhysicalOp="Assert" LogicalOp="Assert" EstimateRows="1" EstimateIO="0" EstimateCPU="4.8e-007" AvgRowSize="9" EstimatedTotalSubtreeCost="0.124523" Parallel="0" EstimateRebinds="0" EstimateRewinds="0" EstimatedExecutionMode="Row">
              <OutputList />
              <Assert StartupExpression="0">
                <RelOp NodeId="2" PhysicalOp="Nested Loops" LogicalOp="Left Semi Join" EstimateRows="1" EstimateIO="0" EstimateCPU="4.18e-006" AvgRowSize="9" EstimatedTotalSubtreeCost="0.124523" Parallel="0" EstimateRebinds="0" EstimateRewinds="0" EstimatedExecutionMode="Row">
                  <OutputList>
                    <ColumnReference Column="Expr1067" />
                  </OutputList>
                  <NestedLoops Optimized="0">
                    <DefinedValues>
                      <DefinedValue>
                        <ColumnReference Column="Expr1067" />
                      </DefinedValue>
                    </DefinedValues>
                    <OuterReferences>
                      <ColumnReference Database="[OurLabReporting]" Schema="[dbo]" Table="[Failure]" Alias="[F]" Column="StatusId" />
                    </OuterReferences>
                    <ProbeColumn>
                      <ColumnReference Column="Expr1067" />
                    </ProbeColumn>
                    <RelOp NodeId="3" PhysicalOp="Clustered Index Update" LogicalOp="Update" EstimateRows="1" EstimateIO="0.1" EstimateCPU="1e-005" AvgRowSize="11" EstimatedTotalSubtreeCost="0.121235" Parallel="0" EstimateRebinds="0" EstimateRewinds="0" EstimatedExecutionMode="Row">
                      <OutputList>
                        <ColumnReference Database="[OurLabReporting]" Schema="[dbo]" Table="[Failure]" Alias="[F]" Column="StatusId" />
                      </OutputList>
                      <Update DMLRequestSort="0">
                        <Object Database="[OurLabReporting]" Schema="[dbo]" Table="[Failure]" Index="[Failure_PK]" Alias="[F]" IndexKind="Clustered" />
                        <Object Database="[OurLabReporting]" Schema="[dbo]" Table="[Failure]" Index="[Failure_IDX_AssignedTo]" Alias="[F]" IndexKind="NonClustered" />
                        <Object Database="[OurLabReporting]" Schema="[dbo]" Table="[Failure]" Index="[Failure_IDX_FailureType]" Alias="[F]" IndexKind="NonClustered" />
                        <Object Database="[OurLabReporting]" Schema="[dbo]" Table="[Failure]" Index="[Failure_IDX_LastUpdated]" Alias="[F]" IndexKind="NonClustered" />
                        <Object Database="[OurLabReporting]" Schema="[dbo]" Table="[Failure]" Index="[Failure_IDX_Mix]" Alias="[F]" IndexKind="NonClustered" />
                        <Object Database="[OurLabReporting]" Schema="[dbo]" Table="[Failure]" Index="[Failure_IDX_ResolvedTED]" Alias="[F]" IndexKind="NonClustered" />
                        <Object Database="[OurLabReporting]" Schema="[dbo]" Table="[Failure]" Index="[Failure_IDX_Schedule]" Alias="[F]" IndexKind="NonClustered" />
                        <Object Database="[OurLabReporting]" Schema="[dbo]" Table="[Failure]" Index="[Failure_IDX_Status]" Alias="[F]" IndexKind="NonClustered" />
                        <Object Database="[OurLabReporting]" Schema="[dbo]" Table="[Failure]" Index="[Failure_IDX_TEU]" Alias="[F]" IndexKind="NonClustered" />
                        <Object Database="[OurLabReporting]" Schema="[dbo]" Table="[Failure]" Index="[Failure_IDX_FailureCategoryId_LastUpdateTime_TEUId]" Alias="[F]" IndexKind="NonClustered" />
                        <SetPredicate>
                          <ScalarOperator ScalarString="[OurLabReporting].[dbo].[Failure].[StatusId] as [F].[StatusId] = [OurLabReporting].[dbo].[Status].[Id] as [S].[Id],[OurLabReporting].[dbo].[Failure].[LastUpdateBy] as [F].[LastUpdateBy] = #FailureBugCollection.[UpdatedByAlias] as [FB].[UpdatedByAlias],[OurLabReporting].[dbo].[Failure].[LastUpdateTime] as [F].[LastUpdateTime] = RaiseIfNullUpdate([Expr1007]),[OurLabReporting].[dbo].[Failure].[RecordLastUpdated] as [F].[RecordLastUpdated] = [Expr1008]">
                            <ScalarExpressionList>
                              <ScalarOperator>
                                <MultipleAssign>
                                  <Assign>
                                    <ColumnReference Database="[OurLabReporting]" Schema="[dbo]" Table="[Failure]" Alias="[F]" Column="StatusId" />
                                    <ScalarOperator>
                                      <Identifier>
                                        <ColumnReference Database="[OurLabReporting]" Schema="[dbo]" Table="[Status]" Alias="[S]" Column="Id" />
                                      </Identifier>
                                    </ScalarOperator>
                                  </Assign>
                                  <Assign>
                                    <ColumnReference Database="[OurLabReporting]" Schema="[dbo]" Table="[Failure]" Alias="[F]" Column="LastUpdateBy" />
                                    <ScalarOperator>
                                      <Identifier>
                                        <ColumnReference Table="#FailureBugCollection" Alias="[FB]" Column="UpdatedByAlias" />
                                      </Identifier>
                                    </ScalarOperator>
                                  </Assign>
                                  <Assign>
                                    <ColumnReference Database="[OurLabReporting]" Schema="[dbo]" Table="[Failure]" Alias="[F]" Column="LastUpdateTime" />
                                    <ScalarOperator>
                                      <Intrinsic FunctionName="RaiseIfNullUpdate">
                                        <ScalarOperator>
                                          <Identifier>
                                            <ColumnReference Column="Expr1007" />
                                          </Identifier>
                                        </ScalarOperator>
                                      </Intrinsic>
                                    </ScalarOperator>
                                  </Assign>
                                  <Assign>
                                    <ColumnReference Database="[OurLabReporting]" Schema="[dbo]" Table="[Failure]" Alias="[F]" Column="RecordLastUpdated" />
                                    <ScalarOperator>
                                      <Identifier>
                                        <ColumnReference Column="Expr1008" />
                                      </Identifier>
                                    </ScalarOperator>
                                  </Assign>
                                </MultipleAssign>
                              </ScalarOperator>
                            </ScalarExpressionList>
                          </ScalarOperator>
                        </SetPredicate>
                        <RelOp NodeId="4" PhysicalOp="Compute Scalar" LogicalOp="Compute Scalar" EstimateRows="1" EstimateIO="0" EstimateCPU="1e-007" AvgRowSize="122" EstimatedTotalSubtreeCost="0.0212253" Parallel="0" EstimateRebinds="0" EstimateRewinds="0" EstimatedExecutionMode="Row">
                          <OutputList>
                            <ColumnReference Database="[OurLabReporting]" Schema="[dbo]" Table="[Failure]" Alias="[F]" Column="Id" />
                            <ColumnReference Table="#FailureBugCollection" Alias="[FB]" Column="UpdatedByAlias" />
                            <ColumnReference Database="[OurLabReporting]" Schema="[dbo]" Table="[Status]" Alias="[S]" Column="Id" />
                            <ColumnReference Column="Expr1007" />
                            <ColumnReference Column="Expr1008" />
                            <ColumnReference Column="Expr1049" />
                            <ColumnReference Column="Expr1050" />
                            <ColumnReference Column="Expr1051" />
                            <ColumnReference Column="Expr1052" />
                            <ColumnReference Column="Expr1053" />
                            <ColumnReference Column="Expr1054" />
                            <ColumnReference Column="Expr1055" />
                            <ColumnReference Column="Expr1056" />
                            <ColumnReference Column="Expr1057" />
                          </OutputList>
                          <ComputeScalar>
                            <DefinedValues>
                              <DefinedValue>
                                <ColumnReference Column="Expr1049" />
                                <ScalarOperator ScalarString="[Expr1049]">
                                  <Identifier>
                                    <ColumnReference Column="Expr1049" />
                                  </Identifier>
                                </ScalarOperator>
                              </DefinedValue>
                              <DefinedValue>
                                <ColumnReference Column="Expr1050" />
                                <ScalarOperator ScalarString="[Expr1050]">
                                  <Identifier>
                                    <ColumnReference Column="Expr1050" />
                                  </Identifier>
                                </ScalarOperator>
                              </DefinedValue>
                              <DefinedValue>
                                <ColumnReference Column="Expr1051" />
                                <ScalarOperator ScalarString="[Expr1051]">
                                  <Identifier>
                                    <ColumnReference Column="Expr1051" />
                                  </Identifier>
                                </ScalarOperator>
                              </DefinedValue>
                              <DefinedValue>
                                <ColumnReference Column="Expr1052" />
                                <ScalarOperator ScalarString="[Expr1052]">
                                  <Identifier>
                                    <ColumnReference Column="Expr1052" />
                                  </Identifier>
                                </ScalarOperator>
                              </DefinedValue>
                              <DefinedValue>
                                <ColumnReference Column="Expr1053" />
                                <ScalarOperator ScalarString="[Expr1053]">
                                  <Identifier>
                                    <ColumnReference Column="Expr1053" />
                                  </Identifier>
                                </ScalarOperator>
                              </DefinedValue>
                              <DefinedValue>
                                <ColumnReference Column="Expr1054" />
                                <ScalarOperator ScalarString="[Expr1054]">
                                  <Identifier>
                                    <ColumnReference Column="Expr1054" />
                                  </Identifier>
                                </ScalarOperator>
                              </DefinedValue>
                              <DefinedValue>
                                <ColumnReference Column="Expr1055" />
                                <ScalarOperator ScalarString="[Expr1055]">
                                  <Identifier>
                                    <ColumnReference Column="Expr1055" />
                                  </Identifier>
                                </ScalarOperator>
                              </DefinedValue>
                              <DefinedValue>
                                <ColumnReference Column="Expr1056" />
                                <ScalarOperator ScalarString="[Expr1056]">
                                  <Identifier>
                                    <ColumnReference Column="Expr1056" />
                                  </Identifier>
                                </ScalarOperator>
                              </DefinedValue>
                              <DefinedValue>
                                <ColumnReference Column="Expr1057" />
                                <ScalarOperator ScalarString="[Expr1057]">
                                  <Identifier>
                                    <ColumnReference Column="Expr1057" />
                                  </Identifier>
                                </ScalarOperator>
                              </DefinedValue>
                            </DefinedValues>
                            <RelOp NodeId="5" PhysicalOp="Compute Scalar" LogicalOp="Compute Scalar" EstimateRows="1" EstimateIO="0" EstimateCPU="1e-007" AvgRowSize="122" EstimatedTotalSubtreeCost="0.0212253" Parallel="0" EstimateRebinds="0" EstimateRewinds="0" EstimatedExecutionMode="Row">
                              <OutputList>
                                <ColumnReference Database="[OurLabReporting]" Schema="[dbo]" Table="[Failure]" Alias="[F]" Column="Id" />
                                <ColumnReference Table="#FailureBugCollection" Alias="[FB]" Column="UpdatedByAlias" />
                                <ColumnReference Database="[OurLabReporting]" Schema="[dbo]" Table="[Status]" Alias="[S]" Column="Id" />
                                <ColumnReference Column="Expr1007" />
                                <ColumnReference Column="Expr1008" />
                                <ColumnReference Column="Expr1049" />
                                <ColumnReference Column="Expr1050" />
                                <ColumnReference Column="Expr1051" />
                                <ColumnReference Column="Expr1052" />
                                <ColumnReference Column="Expr1053" />
                                <ColumnReference Column="Expr1054" />
                                <ColumnReference Column="Expr1055" />
                                <ColumnReference Column="Expr1056" />
                                <ColumnReference Column="Expr1057" />
                              </OutputList>
                              <ComputeScalar>
                                <DefinedValues>
                                  <DefinedValue>
                                    <ColumnReference Column="Expr1049" />
                                    <ScalarOperator ScalarString="CASE WHEN [Expr1030] THEN (0) ELSE (1) END">
                                      <IF>
                                        <Condition>
                                          <ScalarOperator>
                                            <Identifier>
                                              <ColumnReference Column="Expr1030" />
                                            </Identifier>
                                          </ScalarOperator>
                                        </Condition>
                                        <Then>
                                          <ScalarOperator>
                                            <Const ConstValue="(0)" />
                                          </ScalarOperator>
                                        </Then>
                                        <Else>
                                          <ScalarOperator>
                                            <Const ConstValue="(1)" />
                                          </ScalarOperator>
                                        </Else>
                                      </IF>
                                    </ScalarOperator>
                                  </DefinedValue>
                                  <DefinedValue>
                                    <ColumnReference Column="Expr1050" />
                                    <ScalarOperator ScalarString="CASE WHEN [Expr1030] THEN (0) ELSE (1) END">
                                      <IF>
                                        <Condition>
                                          <ScalarOperator>
                                            <Identifier>
                                              <ColumnReference Column="Expr1030" />
                                            </Identifier>
                                          </ScalarOperator>
                                        </Condition>
                                        <Then>
                                          <ScalarOperator>
                                            <Const ConstValue="(0)" />
                                          </ScalarOperator>
                                        </Then>
                                        <Else>
                                          <ScalarOperator>
                                            <Const ConstValue="(1)" />
                                          </ScalarOperator>
                                        </Else>
                                      </IF>
                                    </ScalarOperator>
                                  </DefinedValue>
                                  <DefinedValue>
                                    <ColumnReference Column="Expr1051" />
                                    <ScalarOperator ScalarString="CASE WHEN [Expr1033] THEN (0) ELSE (1) END">
                                      <IF>
                                        <Condition>
                                          <ScalarOperator>
                                            <Identifier>
                                              <ColumnReference Column="Expr1033" />
                                            </Identifier>
                                          </ScalarOperator>
                                        </Condition>
                                        <Then>
                                          <ScalarOperator>
                                            <Const ConstValue="(0)" />
                                          </ScalarOperator>
                                        </Then>
                                        <Else>
                                          <ScalarOperator>
                                            <Const ConstValue="(1)" />
                                          </ScalarOperator>
                                        </Else>
                                      </IF>
                                    </ScalarOperator>
                                  </DefinedValue>
                                  <DefinedValue>
                                    <ColumnReference Column="Expr1052" />
                                    <ScalarOperator ScalarString="CASE WHEN [Expr1030] THEN (0) ELSE (1) END">
                                      <IF>
                                        <Condition>
                                          <ScalarOperator>
                                            <Identifier>
                                              <ColumnReference Column="Expr1030" />
                                            </Identifier>
                                          </ScalarOperator>
                                        </Condition>
                                        <Then>
                                          <ScalarOperator>
                                            <Const ConstValue="(0)" />
                                          </ScalarOperator>
                                        </Then>
                                        <Else>
                                          <ScalarOperator>
                                            <Const ConstValue="(1)" />
                                          </ScalarOperator>
                                        </Else>
                                      </IF>
                                    </ScalarOperator>
                                  </DefinedValue>
                                  <DefinedValue>
                                    <ColumnReference Column="Expr1053" />
                                    <ScalarOperator ScalarString="CASE WHEN [Expr1030] THEN (0) ELSE (1) END">
                                      <IF>
                                        <Condition>
                                          <ScalarOperator>
                                            <Identifier>
                                              <ColumnReference Column="Expr1030" />
                                            </Identifier>
                                          </ScalarOperator>
                                        </Condition>
                                        <Then>
                                          <ScalarOperator>
                                            <Const ConstValue="(0)" />
                                          </ScalarOperator>
                                        </Then>
                                        <Else>
                                          <ScalarOperator>
                                            <Const ConstValue="(1)" />
                                          </ScalarOperator>
                                        </Else>
                                      </IF>
                                    </ScalarOperator>
                                  </DefinedValue>
                                  <DefinedValue>
                                    <ColumnReference Column="Expr1054" />
                                    <ScalarOperator ScalarString="CASE WHEN [Expr1030] THEN (0) ELSE (1) END">
                                      <IF>
                                        <Condition>
                                          <ScalarOperator>
                                            <Identifier>
                                              <ColumnReference Column="Expr1030" />
                                            </Identifier>
                                          </ScalarOperator>
                                        </Condition>
                                        <Then>
                                          <ScalarOperator>
                                            <Const ConstValue="(0)" />
                                          </ScalarOperator>
                                        </Then>
                                        <Else>
                                          <ScalarOperator>
                                            <Const ConstValue="(1)" />
                                          </ScalarOperator>
                                        </Else>
                                      </IF>
                                    </ScalarOperator>
                                  </DefinedValue>
                                  <DefinedValue>
                                    <ColumnReference Column="Expr1055" />
                                    <ScalarOperator ScalarString="CASE WHEN [Expr1030] THEN (0) ELSE (1) END">
                                      <IF>
                                        <Condition>
                                          <ScalarOperator>
                                            <Identifier>
                                              <ColumnReference Column="Expr1030" />
                                            </Identifier>
                                          </ScalarOperator>
                                        </Condition>
                                        <Then>
                                          <ScalarOperator>
                                            <Const ConstValue="(0)" />
                                          </ScalarOperator>
                                        </Then>
                                        <Else>
                                          <ScalarOperator>
                                            <Const ConstValue="(1)" />
                                          </ScalarOperator>
                                        </Else>
                                      </IF>
                                    </ScalarOperator>
                                  </DefinedValue>
                                  <DefinedValue>
                                    <ColumnReference Column="Expr1056" />
                                    <ScalarOperator ScalarString="CASE WHEN [Expr1030] AND [Expr1032] THEN (0) ELSE (1) END">
                                      <IF>
                                        <Condition>
                                          <ScalarOperator>
                                            <Logical Operation="AND">
                                              <ScalarOperator>
                                                <Identifier>
                                                  <ColumnReference Column="Expr1030" />
                                                </Identifier>
                                              </ScalarOperator>
                                              <ScalarOperator>
                                                <Identifier>
                                                  <ColumnReference Column="Expr1032" />
                                                </Identifier>
                                              </ScalarOperator>
                                            </Logical>
                                          </ScalarOperator>
                                        </Condition>
                                        <Then>
                                          <ScalarOperator>
                                            <Const ConstValue="(0)" />
                                          </ScalarOperator>
                                        </Then>
                                        <Else>
                                          <ScalarOperator>
                                            <Const ConstValue="(1)" />
                                          </ScalarOperator>
                                        </Else>
                                      </IF>
                                    </ScalarOperator>
                                  </DefinedValue>
                                  <DefinedValue>
                                    <ColumnReference Column="Expr1057" />
                                    <ScalarOperator ScalarString="CASE WHEN [Expr1032] THEN (0) ELSE (1) END">
                                      <IF>
                                        <Condition>
                                          <ScalarOperator>
                                            <Identifier>
                                              <ColumnReference Column="Expr1032" />
                                            </Identifier>
                                          </ScalarOperator>
                                        </Condition>
                                        <Then>
                                          <ScalarOperator>
                                            <Const ConstValue="(0)" />
                                          </ScalarOperator>
                                        </Then>
                                        <Else>
                                          <ScalarOperator>
                                            <Const ConstValue="(1)" />
                                          </ScalarOperator>
                                        </Else>
                                      </IF>
                                    </ScalarOperator>
                                  </DefinedValue>
                                </DefinedValues>
                                <RelOp NodeId="6" PhysicalOp="Compute Scalar" LogicalOp="Compute Scalar" EstimateRows="1" EstimateIO="0" EstimateCPU="1e-007" AvgRowSize="86" EstimatedTotalSubtreeCost="0.0212252" Parallel="0" EstimateRebinds="0" EstimateRewinds="0" EstimatedExecutionMode="Row">
                                  <OutputList>
                                    <ColumnReference Database="[OurLabReporting]" Schema="[dbo]" Table="[Failure]" Alias="[F]" Column="Id" />
                                    <ColumnReference Table="#FailureBugCollection" Alias="[FB]" Column="UpdatedByAlias" />
                                    <ColumnReference Database="[OurLabReporting]" Schema="[dbo]" Table="[Status]" Alias="[S]" Column="Id" />
                                    <ColumnReference Column="Expr1007" />
                                    <ColumnReference Column="Expr1008" />
                                    <ColumnReference Column="Expr1030" />
                                    <ColumnReference Column="Expr1032" />
                                    <ColumnReference Column="Expr1033" />
                                  </OutputList>
                                  <ComputeScalar>
                                    <DefinedValues>
                                      <DefinedValue>
                                        <ColumnReference Column="Expr1007" />
                                        <ScalarOperator ScalarString="getdate()">
                                          <Identifier>
                                            <ColumnReference Column="ConstExpr1034">
                                              <ScalarOperator>
                                                <Intrinsic FunctionName="getdate" />
                                              </ScalarOperator>
                                            </ColumnReference>
                                          </Identifier>
                                        </ScalarOperator>
                                      </DefinedValue>
                                      <DefinedValue>
                                        <ColumnReference Column="Expr1008" />
                                        <ScalarOperator ScalarString="getdate()">
                                          <Identifier>
                                            <ColumnReference Column="ConstExpr1035">
                                              <ScalarOperator>
                                                <Intrinsic FunctionName="getdate" />
                                              </ScalarOperator>
                                            </ColumnReference>
                                          </Identifier>
                                        </ScalarOperator>
                                      </DefinedValue>
                                      <DefinedValue>
                                        <ColumnReference Column="Expr1030" />
                                        <ScalarOperator ScalarString="CASE WHEN [OurLabReporting].[dbo].[Failure].[StatusId] as [F].[StatusId] = [OurLabReporting].[dbo].[Status].[Id] as [S].[Id] THEN (1) ELSE (0) END">
                                          <IF>
                                            <Condition>
                                              <ScalarOperator>
                                                <Compare CompareOp="BINARY IS">
                                                  <ScalarOperator>
                                                    <Identifier>
                                                      <ColumnReference Database="[OurLabReporting]" Schema="[dbo]" Table="[Failure]" Alias="[F]" Column="StatusId" />
                                                    </Identifier>
                                                  </ScalarOperator>
                                                  <ScalarOperator>
                                                    <Identifier>
                                                      <ColumnReference Database="[OurLabReporting]" Schema="[dbo]" Table="[Status]" Alias="[S]" Column="Id" />
                                                    </Identifier>
                                                  </ScalarOperator>
                                                </Compare>
                                              </ScalarOperator>
                                            </Condition>
                                            <Then>
                                              <ScalarOperator>
                                                <Const ConstValue="(1)" />
                                              </ScalarOperator>
                                            </Then>
                                            <Else>
                                              <ScalarOperator>
                                                <Const ConstValue="(0)" />
                                              </ScalarOperator>
                                            </Else>
                                          </IF>
                                        </ScalarOperator>
                                      </DefinedValue>
                                      <DefinedValue>
                                        <ColumnReference Column="Expr1032" />
                                        <ScalarOperator ScalarString="CASE WHEN [OurLabReporting].[dbo].[Failure].[LastUpdateTime] as [F].[LastUpdateTime] = getdate() THEN (1) ELSE (0) END">
                                          <IF>
                                            <Condition>
                                              <ScalarOperator>
                                                <Compare CompareOp="BINARY IS">
                                                  <ScalarOperator>
                                                    <Identifier>
                                                      <ColumnReference Database="[OurLabReporting]" Schema="[dbo]" Table="[Failure]" Alias="[F]" Column="LastUpdateTime" />
                                                    </Identifier>
                                                  </ScalarOperator>
                                                  <ScalarOperator>
                                                    <Identifier>
                                                      <ColumnReference Column="ConstExpr1034">
                                                        <ScalarOperator>
                                                          <Intrinsic FunctionName="getdate" />
                                                        </ScalarOperator>
                                                      </ColumnReference>
                                                    </Identifier>
                                                  </ScalarOperator>
                                                </Compare>
                                              </ScalarOperator>
                                            </Condition>
                                            <Then>
                                              <ScalarOperator>
                                                <Const ConstValue="(1)" />
                                              </ScalarOperator>
                                            </Then>
                                            <Else>
                                              <ScalarOperator>
                                                <Const ConstValue="(0)" />
                                              </ScalarOperator>
                                            </Else>
                                          </IF>
                                        </ScalarOperator>
                                      </DefinedValue>
                                      <DefinedValue>
                                        <ColumnReference Column="Expr1033" />
                                        <ScalarOperator ScalarString="CASE WHEN [OurLabReporting].[dbo].[Failure].[RecordLastUpdated] as [F].[RecordLastUpdated] = getdate() THEN (1) ELSE (0) END">
                                          <IF>
                                            <Condition>
                                              <ScalarOperator>
                                                <Compare CompareOp="BINARY IS">
                                                  <ScalarOperator>
                                                    <Identifier>
                                                      <ColumnReference Database="[OurLabReporting]" Schema="[dbo]" Table="[Failure]" Alias="[F]" Column="RecordLastUpdated" />
                                                    </Identifier>
                                                  </ScalarOperator>
                                                  <ScalarOperator>
                                                    <Identifier>
                                                      <ColumnReference Column="ConstExpr1035">
                                                        <ScalarOperator>
                                                          <Intrinsic FunctionName="getdate" />
                                                        </ScalarOperator>
                                                      </ColumnReference>
                                                    </Identifier>
                                                  </ScalarOperator>
                                                </Compare>
                                              </ScalarOperator>
                                            </Condition>
                                            <Then>
                                              <ScalarOperator>
                                                <Const ConstValue="(1)" />
                                              </ScalarOperator>
                                            </Then>
                                            <Else>
                                              <ScalarOperator>
                                                <Const ConstValue="(0)" />
                                              </ScalarOperator>
                                            </Else>
                                          </IF>
                                        </ScalarOperator>
                                      </DefinedValue>
                                    </DefinedValues>
                                    <RelOp NodeId="7" PhysicalOp="Sort" LogicalOp="Distinct Sort" EstimateRows="1" EstimateIO="0.0112613" EstimateCPU="0.000100089" AvgRowSize="89" EstimatedTotalSubtreeCost="0.0212251" Parallel="0" EstimateRebinds="0" EstimateRewinds="0" EstimatedExecutionMode="Row">
                                      <OutputList>
                                        <ColumnReference Database="[OurLabReporting]" Schema="[dbo]" Table="[Failure]" Alias="[F]" Column="Id" />
                                        <ColumnReference Database="[OurLabReporting]" Schema="[dbo]" Table="[Failure]" Alias="[F]" Column="StatusId" />
                                        <ColumnReference Database="[OurLabReporting]" Schema="[dbo]" Table="[Failure]" Alias="[F]" Column="LastUpdateTime" />
                                        <ColumnReference Database="[OurLabReporting]" Schema="[dbo]" Table="[Failure]" Alias="[F]" Column="RecordLastUpdated" />
                                        <ColumnReference Table="#FailureBugCollection" Alias="[FB]" Column="UpdatedByAlias" />
                                        <ColumnReference Database="[OurLabReporting]" Schema="[dbo]" Table="[Status]" Alias="[S]" Column="Id" />
                                      </OutputList>
                                      <MemoryFractions Input="1" Output="1" />
                                      <Sort Distinct="1">
                                        <OrderBy>
                                          <OrderByColumn Ascending="1">
                                            <ColumnReference Database="[OurLabReporting]" Schema="[dbo]" Table="[Failure]" Alias="[F]" Column="Id" />
                                          </OrderByColumn>
                                        </OrderBy>
                                        <RelOp NodeId="8" PhysicalOp="Nested Loops" LogicalOp="Inner Join" EstimateRows="1" EstimateIO="0" EstimateCPU="4.18e-006" AvgRowSize="89" EstimatedTotalSubtreeCost="0.00986374" Parallel="0" EstimateRebinds="0" EstimateRewinds="0" EstimatedExecutionMode="Row">
                                          <OutputList>
                                            <ColumnReference Database="[OurLabReporting]" Schema="[dbo]" Table="[Failure]" Alias="[F]" Column="Id" />
                                            <ColumnReference Database="[OurLabReporting]" Schema="[dbo]" Table="[Failure]" Alias="[F]" Column="StatusId" />
                                            <ColumnReference Database="[OurLabReporting]" Schema="[dbo]" Table="[Failure]" Alias="[F]" Column="LastUpdateTime" />
                                            <ColumnReference Database="[OurLabReporting]" Schema="[dbo]" Table="[Failure]" Alias="[F]" Column="RecordLastUpdated" />
                                            <ColumnReference Table="#FailureBugCollection" Alias="[FB]" Column="UpdatedByAlias" />
                                            <ColumnReference Database="[OurLabReporting]" Schema="[dbo]" Table="[Status]" Alias="[S]" Column="Id" />
                                          </OutputList>
                                          <NestedLoops Optimized="0">
                                            <OuterReferences>
                                              <ColumnReference Table="#FailureBugCollection" Alias="[FB]" Column="InternalFailureId" />
                                            </OuterReferences>
                                            <RelOp NodeId="9" PhysicalOp="Nested Loops" LogicalOp="Inner Join" EstimateRows="1" EstimateIO="0" EstimateCPU="8.36e-006" AvgRowSize="69" EstimatedTotalSubtreeCost="0.00657646" Parallel="0" EstimateRebinds="0" EstimateRewinds="0" EstimatedExecutionMode="Row">
                                              <OutputList>
                                                <ColumnReference Table="#FailureBugCollection" Alias="[FB]" Column="InternalFailureId" />
                                                <ColumnReference Table="#FailureBugCollection" Alias="[FB]" Column="UpdatedByAlias" />
                                                <ColumnReference Database="[OurLabReporting]" Schema="[dbo]" Table="[Status]" Alias="[S]" Column="Id" />
                                              </OutputList>
                                              <NestedLoops Optimized="0">
                                                <Predicate>
                                                  <ScalarOperator ScalarString="#FailureBugCollection.[FailureStatus] as [FB].[FailureStatus]=[Expr1044]">
                                                    <Compare CompareOp="EQ">
                                                      <ScalarOperator>
                                                        <Identifier>
                                                          <ColumnReference Table="#FailureBugCollection" Alias="[FB]" Column="FailureStatus" />
                                                        </Identifier>
                                                      </ScalarOperator>
                                                      <ScalarOperator>
                                                        <Identifier>
                                                          <ColumnReference Column="Expr1044" />
                                                        </Identifier>
                                                      </ScalarOperator>
                                                    </Compare>
                                                  </ScalarOperator>
                                                </Predicate>
                                                <RelOp NodeId="10" PhysicalOp="Clustered Index Scan" LogicalOp="Clustered Index Scan" EstimateRows="1" EstimateIO="0.003125" EstimateCPU="0.0001581" AvgRowSize="68" EstimatedTotalSubtreeCost="0.0032831" TableCardinality="0" Parallel="0" EstimateRebinds="0" EstimateRewinds="0" EstimatedExecutionMode="Row">
                                                  <OutputList>
                                                    <ColumnReference Table="#FailureBugCollection" Alias="[FB]" Column="InternalFailureId" />
                                                    <ColumnReference Table="#FailureBugCollection" Alias="[FB]" Column="FailureStatus" />
                                                    <ColumnReference Table="#FailureBugCollection" Alias="[FB]" Column="UpdatedByAlias" />
                                                  </OutputList>
                                                  <IndexScan Ordered="1" ScanDirection="FORWARD" ForcedIndex="0" ForceSeek="0" ForceScan="0" NoExpandHint="0" Storage="RowStore">
                                                    <DefinedValues>
                                                      <DefinedValue>
                                                        <ColumnReference Table="#FailureBugCollection" Alias="[FB]" Column="InternalFailureId" />
                                                      </DefinedValue>
                                                      <DefinedValue>
                                                        <ColumnReference Table="#FailureBugCollection" Alias="[FB]" Column="FailureStatus" />
                                                      </DefinedValue>
                                                      <DefinedValue>
                                                        <ColumnReference Table="#FailureBugCollection" Alias="[FB]" Column="UpdatedByAlias" />
                                                      </DefinedValue>
                                                    </DefinedValues>
                                                    <Object Database="[tempdb]" Schema="[dbo]" Table="[#FailureBugCollection]" Index="[CIX_FailureBugCollection_InternalFailureId_InternalBugId]" Alias="[FB]" />
                                                  </IndexScan>
                                                </RelOp>
                                                <RelOp NodeId="11" PhysicalOp="Compute Scalar" LogicalOp="Compute Scalar" EstimateRows="2" EstimateIO="0" EstimateCPU="2e-007" AvgRowSize="28" EstimatedTotalSubtreeCost="0.0032844" Parallel="0" EstimateRebinds="0" EstimateRewinds="0" EstimatedExecutionMode="Row">
                                                  <OutputList>
                                                    <ColumnReference Database="[OurLabReporting]" Schema="[dbo]" Table="[Status]" Alias="[S]" Column="Id" />
                                                    <ColumnReference Column="Expr1044" />
                                                  </OutputList>
                                                  <ComputeScalar>
                                                    <DefinedValues>
                                                      <DefinedValue>
                                                        <ColumnReference Column="Expr1044" />
                                                        <ScalarOperator ScalarString="CONVERT_IMPLICIT(nvarchar(200),[OurLabReporting].[dbo].[Status].[Status] as [S].[Status],0)">
                                                          <Convert DataType="nvarchar" Length="400" Style="0" Implicit="1">
                                                            <ScalarOperator>
                                                              <Identifier>
                                                                <ColumnReference Database="[OurLabReporting]" Schema="[dbo]" Table="[Status]" Alias="[S]" Column="Status" />
                                                              </Identifier>
                                                            </ScalarOperator>
                                                          </Convert>
                                                        </ScalarOperator>
                                                      </DefinedValue>
                                                    </DefinedValues>
                                                    <RelOp NodeId="12" PhysicalOp="Index Seek" LogicalOp="Index Seek" EstimateRows="2" EstimateIO="0.003125" EstimateCPU="0.0001592" AvgRowSize="28" EstimatedTotalSubtreeCost="0.0032842" TableCardinality="96" Parallel="0" EstimateRebinds="0" EstimateRewinds="0" EstimatedExecutionMode="Row">
                                                      <OutputList>
                                                        <ColumnReference Database="[OurLabReporting]" Schema="[dbo]" Table="[Status]" Alias="[S]" Column="Id" />
                                                        <ColumnReference Database="[OurLabReporting]" Schema="[dbo]" Table="[Status]" Alias="[S]" Column="Status" />
                                                      </OutputList>
                                                      <IndexScan Ordered="1" ScanDirection="FORWARD" ForcedIndex="0" ForceSeek="0" ForceScan="0" NoExpandHint="0" Storage="RowStore">
                                                        <DefinedValues>
                                                          <DefinedValue>
                                                            <ColumnReference Database="[OurLabReporting]" Schema="[dbo]" Table="[Status]" Alias="[S]" Column="Id" />
                                                          </DefinedValue>
                                                          <DefinedValue>
                                                            <ColumnReference Database="[OurLabReporting]" Schema="[dbo]" Table="[Status]" Alias="[S]" Column="Status" />
                                                          </DefinedValue>
                                                        </DefinedValues>
                                                        <Object Database="[OurLabReporting]" Schema="[dbo]" Table="[Status]" Index="[Status_AK]" Alias="[S]" IndexKind="NonClustered" />
                                                        <SeekPredicates>
                                                          <SeekPredicateNew>
                                                            <SeekKeys>
                                                              <Prefix ScanType="EQ">
                                                                <RangeColumns>
                                                                  <ColumnReference Database="[OurLabReporting]" Schema="[dbo]" Table="[Status]" Alias="[S]" Column="Type" />
                                                                </RangeColumns>
                                                                <RangeExpressions>
                                                                  <ScalarOperator ScalarString="'Failure'">
                                                                    <Const ConstValue="'Failure'" />
                                                                  </ScalarOperator>
                                                                </RangeExpressions>
                                                              </Prefix>
                                                            </SeekKeys>
                                                          </SeekPredicateNew>
                                                        </SeekPredicates>
                                                      </IndexScan>
                                                    </RelOp>
                                                  </ComputeScalar>
                                                </RelOp>
                                              </NestedLoops>
                                            </RelOp>
                                            <RelOp NodeId="17" PhysicalOp="Clustered Index Seek" LogicalOp="Clustered Index Seek" EstimateRows="1" EstimateIO="0.003125" EstimateCPU="0.0001581" AvgRowSize="31" EstimatedTotalSubtreeCost="0.0032831" TableCardinality="3.38967e+007" Parallel="0" EstimateRebinds="0" EstimateRewinds="0" EstimatedExecutionMode="Row">
                                              <OutputList>
                                                <ColumnReference Database="[OurLabReporting]" Schema="[dbo]" Table="[Failure]" Alias="[F]" Column="Id" />
                                                <ColumnReference Database="[OurLabReporting]" Schema="[dbo]" Table="[Failure]" Alias="[F]" Column="StatusId" />
                                                <ColumnReference Database="[OurLabReporting]" Schema="[dbo]" Table="[Failure]" Alias="[F]" Column="LastUpdateTime" />
                                                <ColumnReference Database="[OurLabReporting]" Schema="[dbo]" Table="[Failure]" Alias="[F]" Column="RecordLastUpdated" />
                                              </OutputList>
                                              <IndexScan Ordered="1" ScanDirection="FORWARD" ForcedIndex="0" ForceSeek="0" ForceScan="0" NoExpandHint="0" Storage="RowStore">
                                                <DefinedValues>
                                                  <DefinedValue>
                                                    <ColumnReference Database="[OurLabReporting]" Schema="[dbo]" Table="[Failure]" Alias="[F]" Column="Id" />
                                                  </DefinedValue>
                                                  <DefinedValue>
                                                    <ColumnReference Database="[OurLabReporting]" Schema="[dbo]" Table="[Failure]" Alias="[F]" Column="StatusId" />
                                                  </DefinedValue>
                                                  <DefinedValue>
                                                    <ColumnReference Database="[OurLabReporting]" Schema="[dbo]" Table="[Failure]" Alias="[F]" Column="LastUpdateTime" />
                                                  </DefinedValue>
                                                  <DefinedValue>
                                                    <ColumnReference Database="[OurLabReporting]" Schema="[dbo]" Table="[Failure]" Alias="[F]" Column="RecordLastUpdated" />
                                                  </DefinedValue>
                                                </DefinedValues>
                                                <Object Database="[OurLabReporting]" Schema="[dbo]" Table="[Failure]" Index="[Failure_PK]" Alias="[F]" IndexKind="Clustered" />
                                                <SeekPredicates>
                                                  <SeekPredicateNew>
                                                    <SeekKeys>
                                                      <Prefix ScanType="EQ">
                                                        <RangeColumns>
                                                          <ColumnReference Database="[OurLabReporting]" Schema="[dbo]" Table="[Failure]" Alias="[F]" Column="Id" />
                                                        </RangeColumns>
                                                        <RangeExpressions>
                                                          <ScalarOperator ScalarString="#FailureBugCollection.[InternalFailureId] as [FB].[InternalFailureId]">
                                                            <Identifier>
                                                              <ColumnReference Table="#FailureBugCollection" Alias="[FB]" Column="InternalFailureId" />
                                                            </Identifier>
                                                          </ScalarOperator>
                                                        </RangeExpressions>
                                                      </Prefix>
                                                    </SeekKeys>
                                                  </SeekPredicateNew>
                                                </SeekPredicates>
                                              </IndexScan>
                                            </RelOp>
                                          </NestedLoops>
                                        </RelOp>
                                      </Sort>
                                    </RelOp>
                                  </ComputeScalar>
                                </RelOp>
                              </ComputeScalar>
                            </RelOp>
                          </ComputeScalar>
                        </RelOp>
                      </Update>
                    </RelOp>
                    <RelOp NodeId="67" PhysicalOp="Clustered Index Seek" LogicalOp="Clustered Index Seek" EstimateRows="1" EstimateIO="0.003125" EstimateCPU="0.0001581" AvgRowSize="9" EstimatedTotalSubtreeCost="0.0032831" TableCardinality="96" Parallel="0" EstimateRebinds="0" EstimateRewinds="0" EstimatedExecutionMode="Row">
                      <OutputList />
                      <IndexScan Ordered="1" ScanDirection="FORWARD" ForcedIndex="1" ForceSeek="0" ForceScan="0" NoExpandHint="0" Storage="RowStore">
                        <DefinedValues />
                        <Object Database="[OurLabReporting]" Schema="[dbo]" Table="[Status]" Index="[Status_PK]" IndexKind="Clustered" />
                        <SeekPredicates>
                          <SeekPredicateNew>
                            <SeekKeys>
                              <Prefix ScanType="EQ">
                                <RangeColumns>
                                  <ColumnReference Database="[OurLabReporting]" Schema="[dbo]" Table="[Status]" Column="Id" />
                                </RangeColumns>
                                <RangeExpressions>
                                  <ScalarOperator ScalarString="[OurLabReporting].[dbo].[Failure].[StatusId] as [F].[StatusId]">
                                    <Identifier>
                                      <ColumnReference Database="[OurLabReporting]" Schema="[dbo]" Table="[Failure]" Alias="[F]" Column="StatusId" />
                                    </Identifier>
                                  </ScalarOperator>
                                </RangeExpressions>
                              </Prefix>
                            </SeekKeys>
                          </SeekPredicateNew>
                        </SeekPredicates>
                      </IndexScan>
                    </RelOp>
                  </NestedLoops>
                </RelOp>
                <Predicate>
                  <ScalarOperator ScalarString="CASE WHEN [Expr1067] IS NULL THEN (0) ELSE NULL END">
                    <IF>
                      <Condition>
                        <ScalarOperator>
                          <Logical Operation="IS NULL">
                            <ScalarOperator>
                              <Identifier>
                                <ColumnReference Column="Expr1067" />
                              </Identifier>
                            </ScalarOperator>
                          </Logical>
                        </ScalarOperator>
                      </Condition>
                      <Then>
                        <ScalarOperator>
                          <Const ConstValue="(0)" />
                        </ScalarOperator>
                      </Then>
                      <Else>
                        <ScalarOperator>
                          <Const ConstValue="NULL" />
                        </ScalarOperator>
                      </Else>
                    </IF>
                  </ScalarOperator>
                </Predicate>
              </Assert>
            </RelOp>
          </QueryPlan>
        </StmtSimple>
        <StmtSimple StatementText="&#x9;SELECT InternalFailureId,&#xD;&#xA;&#x9;&#x9;&#x9;FailureGuid,&#xD;&#xA;&#x9;&#x9;&#x9;FailureStatus,&#xD;&#xA;&#x9;&#x9;&#x9;UpdatedByAlias,&#xD;&#xA;&#x9;&#x9;&#x9;InternalBugId,&#xD;&#xA;&#x9;&#x9;&#x9;[BugNumber],&#xD;&#xA;&#x9;&#x9;&#x9;[BugDatabaseName],&#xD;&#xA;&#x9;&#x9;&#x9;[IsBranchSpecificBug]&#xD;&#xA;&#x9;FROM #FailureBugCollection FB&#xD;&#xA;&#x9;WHERE NOT EXISTS&#xD;&#xA;&#x9;(&#xD;&#xA;&#x9;&#x9;SELECT TOP 1 1 FROM dbo.FailureBugMapping WITH(NOLOCK)&#xD;&#xA;&#x9;&#x9;WHERE FailureId = FB.InternalFailureId&#xD;&#xA;&#x9;&#x9;AND BugId = FB.InternalBugId&#xD;&#xA;&#x9;)&#xD;&#xA;&#xD;&#xA;" StatementId="15" StatementCompId="18" StatementType="SELECT" RetrievedFromCache="true" StatementSubTreeCost="0.00657038" StatementEstRows="1" StatementOptmLevel="FULL" QueryHash="0x8436112FA6EF9012" QueryPlanHash="0x7B9759066F81C6F8" StatementOptmEarlyAbortReason="GoodEnoughPlanFound">
          <StatementSetOptions QUOTED_IDENTIFIER="true" ARITHABORT="true" CONCAT_NULL_YIELDS_NULL="true" ANSI_NULLS="true" ANSI_PADDING="true" ANSI_WARNINGS="true" NUMERIC_ROUNDABORT="false" />
          <QueryPlan NonParallelPlanReason="MaxDOPSetToOne" CachedPlanSize="24" CompileTime="3" CompileCPU="3" CompileMemory="256">
            <MemoryGrantInfo SerialRequiredMemory="0" SerialDesiredMemory="0" />
            <OptimizerHardwareDependentProperties EstimatedAvailableMemoryGrant="193313" EstimatedPagesCached="773254" EstimatedAvailableDegreeOfParallelism="1" />
            <RelOp NodeId="0" PhysicalOp="Nested Loops" LogicalOp="Left Anti Semi Join" EstimateRows="1" EstimateIO="0" EstimateCPU="4.18e-006" AvgRowSize="544" EstimatedTotalSubtreeCost="0.00657038" Parallel="0" EstimateRebinds="0" EstimateRewinds="0" EstimatedExecutionMode="Row">
              <OutputList>
                <ColumnReference Table="#FailureBugCollection" Alias="[FB]" Column="InternalFailureId" />
                <ColumnReference Table="#FailureBugCollection" Alias="[FB]" Column="FailureGuid" />
                <ColumnReference Table="#FailureBugCollection" Alias="[FB]" Column="FailureStatus" />
                <ColumnReference Table="#FailureBugCollection" Alias="[FB]" Column="UpdatedByAlias" />
                <ColumnReference Table="#FailureBugCollection" Alias="[FB]" Column="InternalBugId" />
                <ColumnReference Table="#FailureBugCollection" Alias="[FB]" Column="BugNumber" />
                <ColumnReference Table="#FailureBugCollection" Alias="[FB]" Column="BugDatabaseName" />
                <ColumnReference Table="#FailureBugCollection" Alias="[FB]" Column="IsBranchSpecificBug" />
              </OutputList>
              <NestedLoops Optimized="0">
                <OuterReferences>
                  <ColumnReference Table="#FailureBugCollection" Alias="[FB]" Column="InternalFailureId" />
                  <ColumnReference Table="#FailureBugCollection" Alias="[FB]" Column="InternalBugId" />
                </OuterReferences>
                <RelOp NodeId="1" PhysicalOp="Clustered Index Scan" LogicalOp="Clustered Index Scan" EstimateRows="1" EstimateIO="0.003125" EstimateCPU="0.0001581" AvgRowSize="544" EstimatedTotalSubtreeCost="0.0032831" TableCardinality="0" Parallel="0" EstimateRebinds="0" EstimateRewinds="0" EstimatedExecutionMode="Row">
                  <OutputList>
                    <ColumnReference Table="#FailureBugCollection" Alias="[FB]" Column="InternalFailureId" />
                    <ColumnReference Table="#FailureBugCollection" Alias="[FB]" Column="FailureGuid" />
                    <ColumnReference Table="#FailureBugCollection" Alias="[FB]" Column="FailureStatus" />
                    <ColumnReference Table="#FailureBugCollection" Alias="[FB]" Column="UpdatedByAlias" />
                    <ColumnReference Table="#FailureBugCollection" Alias="[FB]" Column="InternalBugId" />
                    <ColumnReference Table="#FailureBugCollection" Alias="[FB]" Column="BugNumber" />
                    <ColumnReference Table="#FailureBugCollection" Alias="[FB]" Column="BugDatabaseName" />
                    <ColumnReference Table="#FailureBugCollection" Alias="[FB]" Column="IsBranchSpecificBug" />
                  </OutputList>
                  <IndexScan Ordered="0" ForcedIndex="0" ForceScan="0" NoExpandHint="0">
                    <DefinedValues>
                      <DefinedValue>
                        <ColumnReference Table="#FailureBugCollection" Alias="[FB]" Column="InternalFailureId" />
                      </DefinedValue>
                      <DefinedValue>
                        <ColumnReference Table="#FailureBugCollection" Alias="[FB]" Column="FailureGuid" />
                      </DefinedValue>
                      <DefinedValue>
                        <ColumnReference Table="#FailureBugCollection" Alias="[FB]" Column="FailureStatus" />
                      </DefinedValue>
                      <DefinedValue>
                        <ColumnReference Table="#FailureBugCollection" Alias="[FB]" Column="UpdatedByAlias" />
                      </DefinedValue>
                      <DefinedValue>
                        <ColumnReference Table="#FailureBugCollection" Alias="[FB]" Column="InternalBugId" />
                      </DefinedValue>
                      <DefinedValue>
                        <ColumnReference Table="#FailureBugCollection" Alias="[FB]" Column="BugNumber" />
                      </DefinedValue>
                      <DefinedValue>
                        <ColumnReference Table="#FailureBugCollection" Alias="[FB]" Column="BugDatabaseName" />
                      </DefinedValue>
                      <DefinedValue>
                        <ColumnReference Table="#FailureBugCollection" Alias="[FB]" Column="IsBranchSpecificBug" />
                      </DefinedValue>
                    </DefinedValues>
                    <Object Database="[tempdb]" Schema="[dbo]" Table="[#FailureBugCollection]" Index="[CIX_FailureBugCollection_InternalFailureId_InternalBugId]" Alias="[FB]" />
                  </IndexScan>
                </RelOp>
                <RelOp NodeId="2" PhysicalOp="Index Seek" LogicalOp="Index Seek" EstimateRows="1" EstimateIO="0.003125" EstimateCPU="0.0001581" AvgRowSize="9" EstimatedTotalSubtreeCost="0.0032831" TableCardinality="5.01329e+006" Parallel="0" EstimateRebinds="0" EstimateRewinds="0" EstimatedExecutionMode="Row">
                  <OutputList />
                  <IndexScan Ordered="1" ScanDirection="FORWARD" ForcedIndex="0" ForceSeek="0" ForceScan="0" NoExpandHint="0" Storage="RowStore">
                    <DefinedValues />
                    <Object Database="[OurLabReporting]" Schema="[dbo]" Table="[FailureBugMapping]" Index="[FailureBugMapping_IDX_Failure]" IndexKind="NonClustered" />
                    <SeekPredicates>
                      <SeekPredicateNew>
                        <SeekKeys>
                          <Prefix ScanType="EQ">
                            <RangeColumns>
                              <ColumnReference Database="[OurLabReporting]" Schema="[dbo]" Table="[FailureBugMapping]" Column="FailureId" />
                              <ColumnReference Database="[OurLabReporting]" Schema="[dbo]" Table="[FailureBugMapping]" Column="BugId" />
                            </RangeColumns>
                            <RangeExpressions>
                              <ScalarOperator ScalarString="#FailureBugCollection.[InternalFailureId] as [FB].[InternalFailureId]">
                                <Identifier>
                                  <ColumnReference Table="#FailureBugCollection" Alias="[FB]" Column="InternalFailureId" />
                                </Identifier>
                              </ScalarOperator>
                              <ScalarOperator ScalarString="#FailureBugCollection.[InternalBugId] as [FB].[InternalBugId]">
                                <Identifier>
                                  <ColumnReference Table="#FailureBugCollection" Alias="[FB]" Column="InternalBugId" />
                                </Identifier>
                              </ScalarOperator>
                            </RangeExpressions>
                          </Prefix>
                        </SeekKeys>
                      </SeekPredicateNew>
                    </SeekPredicates>
                  </IndexScan>
                </RelOp>
              </NestedLoops>
            </RelOp>
          </QueryPlan>
        </StmtSimple>
        <StmtSimple StatementText="&#x9;DROP TABLE #FailureBugCollection&#xD;&#xA;&#xD;" StatementId="16" StatementCompId="19" StatementType="DROP OBJECT" RetrievedFromCache="true" />
        <StmtSimple StatementText="&#xA;RETURN 0;" StatementId="17" StatementCompId="20" StatementType="RETURN" RetrievedFromCache="true" />
      </Statements>
    </Batch>
  </BatchSequence>
</ShowPlanXML>