<?xml version="1.0" encoding="utf-8"?>
<ShowPlanXML xmlns="http://schemas.microsoft.com/sqlserver/2004/07/showplan" Version="1.2" Build="11.0.3412.0">
  <BatchSequence>
    <Batch>
      <Statements>
        <StmtSimple StatementText="CREATE PROCEDURE [dbo].[Uploader_MixUploadComplete]&#xD;&#xA;&#x9;@mixGuid UNIQUEIDENTIFIER&#xD;&#xA;AS&#xD;&#xA;BEGIN&#xD;&#xA;&#xD;&#xA;&#x9;-- Begin Stopwatch&#xD;&#xA;&#x9;DECLARE @stopwatchBeginTime datetime2 &#xD;&#xA;&#x9;SELECT @stopwatchBeginTime = [dbo].[fnBeginStopwatch]();&#xD;&#xA;&#x9; &#xD;&#xA;" StatementId="1" StatementCompId="2" StatementType="ASSIGN WITH QUERY" RetrievedFromCache="true" />
        <StmtSimple StatementText="&#x9;DECLARE&#x9;@mixId&#x9;&#x9;INT&#xD;&#xA;&#x9;DECLARE @platformId&#x9;INT, @platformBspId INT, @platformBspFirmwareId INT&#xD;&#xA;&#x9;DECLARE @unknownKeyword NVARCHAR(10) = 'Unknown'&#xD;&#xA;&#x9;&#xD;&#xA;&#x9;&#xD;&#xA;&#x9;/*&#xD;&#xA;&#x9;** Lookup our Mix&#xD;&#xA;&#x9;*/&#xD;&#xA;" StatementId="2" StatementCompId="3" StatementType="ASSIGN" RetrievedFromCache="true" />
        <StmtSimple StatementText="&#x9;SELECT @mixId = M.Id&#xD;&#xA;&#x9;FROM dbo.Mix AS M&#xD;&#xA;&#x9;WHERE M.Guid = @mixGuid&#xD;&#xA;&#xD;&#xA;&#x9;&#xD;&#xA;&#x9;/*&#xD;&#xA;&#x9;** Add any new values to Platform&#xD;&#xA;&#x9;*/&#xD;&#xA;" StatementId="3" StatementCompId="4" StatementType="SELECT" RetrievedFromCache="true" StatementSubTreeCost="0.0032831" StatementEstRows="1" StatementOptmLevel="TRIVIAL" QueryHash="0xEA812B37D92C6DF5" QueryPlanHash="0x96E9AFDFCFF8BE85">
          <StatementSetOptions QUOTED_IDENTIFIER="true" ARITHABORT="true" CONCAT_NULL_YIELDS_NULL="true" ANSI_NULLS="true" ANSI_PADDING="true" ANSI_WARNINGS="true" NUMERIC_ROUNDABORT="false" />
          <QueryPlan NonParallelPlanReason="MaxDOPSetToOne" CachedPlanSize="16" CompileTime="1" CompileCPU="1" CompileMemory="392">
            <MemoryGrantInfo SerialRequiredMemory="0" SerialDesiredMemory="0" />
            <OptimizerHardwareDependentProperties EstimatedAvailableMemoryGrant="193313" EstimatedPagesCached="773254" EstimatedAvailableDegreeOfParallelism="1" />
            <RelOp NodeId="0" PhysicalOp="Index Seek" LogicalOp="Index Seek" EstimateRows="1" EstimateIO="0.003125" EstimateCPU="0.0001581" AvgRowSize="11" EstimatedTotalSubtreeCost="0.0032831" TableCardinality="1.48177e+006" Parallel="0" EstimateRebinds="0" EstimateRewinds="0" EstimatedExecutionMode="Row">
              <OutputList>
                <ColumnReference Database="[OurLabReporting]" Schema="[dbo]" Table="[Mix]" Alias="[M]" Column="Id" />
              </OutputList>
              <IndexScan Ordered="1" ScanDirection="FORWARD" ForcedIndex="0" ForceSeek="0" ForceScan="0" NoExpandHint="0" Storage="RowStore">
                <DefinedValues>
                  <DefinedValue>
                    <ColumnReference Database="[OurLabReporting]" Schema="[dbo]" Table="[Mix]" Alias="[M]" Column="Id" />
                  </DefinedValue>
                </DefinedValues>
                <Object Database="[OurLabReporting]" Schema="[dbo]" Table="[Mix]" Index="[Mix_IDX_Guid]" Alias="[M]" IndexKind="NonClustered" />
                <SeekPredicates>
                  <SeekPredicateNew>
                    <SeekKeys>
                      <Prefix ScanType="EQ">
                        <RangeColumns>
                          <ColumnReference Database="[OurLabReporting]" Schema="[dbo]" Table="[Mix]" Alias="[M]" Column="Guid" />
                        </RangeColumns>
                        <RangeExpressions>
                          <ScalarOperator ScalarString="[@mixGuid]">
                            <Identifier>
                              <ColumnReference Column="@mixGuid" />
                            </Identifier>
                          </ScalarOperator>
                        </RangeExpressions>
                      </Prefix>
                    </SeekKeys>
                  </SeekPredicateNew>
                </SeekPredicates>
              </IndexScan>
            </RelOp>
            <ParameterList>
              <ColumnReference Column="@mixGuid" ParameterCompiledValue="{guid'7F8042FA-1429-43D6-AE44-CF30F3418AC5'}" />
            </ParameterList>
          </QueryPlan>
        </StmtSimple>
        <StmtSimple StatementText="&#x9;MERGE dbo.Platform TGT&#xD;&#xA;&#x9;USING (&#xD;&#xA;&#x9;&#x9;SELECT DISTINCT M.Value&#xD;&#xA;&#x9;&#x9;FROM dbo.MetaData AS M&#xD;&#xA;&#x9;&#x9;WHERE MixId = @mixId AND M.Name = 'Bsp_PhoneModelName'&#xD;&#xA;&#x9;) AS SRC ON TGT.Name = SRC.Value&#xD;&#xA;&#xD;&#xA;&#x9;WHEN NOT MATCHED THEN&#xD;&#xA;&#x9;INSERT (Name)&#xD;&#xA;&#x9;VALUES (SRC.Value);&#xD;&#xA;&#xD;&#xA;" StatementId="4" StatementCompId="5" StatementType="MERGE" RetrievedFromCache="true" StatementSubTreeCost="0.0632062" StatementEstRows="8.75215" StatementOptmLevel="FULL" QueryHash="0xF44B952BD4C1AC20" QueryPlanHash="0x60EC8926B4314882" StatementOptmEarlyAbortReason="GoodEnoughPlanFound">
          <StatementSetOptions QUOTED_IDENTIFIER="true" ARITHABORT="true" CONCAT_NULL_YIELDS_NULL="true" ANSI_NULLS="true" ANSI_PADDING="true" ANSI_WARNINGS="true" NUMERIC_ROUNDABORT="false" />
          <QueryPlan NonParallelPlanReason="MaxDOPSetToOne" CachedPlanSize="40" CompileTime="12" CompileCPU="12" CompileMemory="936">
            <MemoryGrantInfo SerialRequiredMemory="512" SerialDesiredMemory="544" />
            <OptimizerHardwareDependentProperties EstimatedAvailableMemoryGrant="193313" EstimatedPagesCached="773254" EstimatedAvailableDegreeOfParallelism="1" />
            <RelOp NodeId="1" PhysicalOp="Clustered Index Merge" LogicalOp="Merge" EstimateRows="8.75215" EstimateIO="0.030141" EstimateCPU="1.75043e-005" AvgRowSize="9" EstimatedTotalSubtreeCost="0.0632062" Parallel="0" EstimateRebinds="0" EstimateRewinds="0" EstimatedExecutionMode="Row">
              <OutputList />
              <Update DMLRequestSort="0">
                <Object Database="[OurLabReporting]" Schema="[dbo]" Table="[Platform]" Index="[Platform_PK]" Alias="[TGT]" IndexKind="Clustered" />
                <Object Database="[OurLabReporting]" Schema="[dbo]" Table="[Platform]" Index="[Platform_Name]" Alias="[TGT]" IndexKind="NonClustered" />
                <SetPredicate>
                  <ScalarOperator ScalarString="[OurLabReporting].[dbo].[Platform].[Name] as [TGT].[Name] = RaiseIfNullUpdate([Expr1008]),[OurLabReporting].[dbo].[Platform].[Id] as [TGT].[Id] = RaiseIfNullUpdate([Expr1007]),[OurLabReporting].[dbo].[Platform].[DisplayOrder] as [TGT].[DisplayOrder] = [Expr1009]">
                    <ScalarExpressionList>
                      <ScalarOperator>
                        <MultipleAssign>
                          <Assign>
                            <ColumnReference Database="[OurLabReporting]" Schema="[dbo]" Table="[Platform]" Alias="[TGT]" Column="Name" />
                            <ScalarOperator>
                              <Intrinsic FunctionName="RaiseIfNullUpdate">
                                <ScalarOperator>
                                  <Identifier>
                                    <ColumnReference Column="Expr1008" />
                                  </Identifier>
                                </ScalarOperator>
                              </Intrinsic>
                            </ScalarOperator>
                          </Assign>
                          <Assign>
                            <ColumnReference Database="[OurLabReporting]" Schema="[dbo]" Table="[Platform]" Alias="[TGT]" Column="Id" />
                            <ScalarOperator>
                              <Intrinsic FunctionName="RaiseIfNullUpdate">
                                <ScalarOperator>
                                  <Identifier>
                                    <ColumnReference Column="Expr1007" />
                                  </Identifier>
                                </ScalarOperator>
                              </Intrinsic>
                            </ScalarOperator>
                          </Assign>
                          <Assign>
                            <ColumnReference Database="[OurLabReporting]" Schema="[dbo]" Table="[Platform]" Alias="[TGT]" Column="DisplayOrder" />
                            <ScalarOperator>
                              <Identifier>
                                <ColumnReference Column="Expr1009" />
                              </Identifier>
                            </ScalarOperator>
                          </Assign>
                        </MultipleAssign>
                      </ScalarOperator>
                    </ScalarExpressionList>
                  </ScalarOperator>
                </SetPredicate>
                <ActionColumn>
                  <ColumnReference Column="Action1006" />
                </ActionColumn>
                <RelOp NodeId="2" PhysicalOp="Compute Scalar" LogicalOp="Compute Scalar" EstimateRows="8.75215" EstimateIO="0" EstimateCPU="8.75215e-007" AvgRowSize="61" EstimatedTotalSubtreeCost="0.0330477" Parallel="0" EstimateRebinds="0" EstimateRewinds="0" EstimatedExecutionMode="Row">
                  <OutputList>
                    <ColumnReference Database="[OurLabReporting]" Schema="[dbo]" Table="[Platform]" Alias="[TGT]" Column="Id" />
                    <ColumnReference Column="Action1006" />
                    <ColumnReference Column="Expr1007" />
                    <ColumnReference Column="Expr1008" />
                    <ColumnReference Column="Expr1009" />
                  </OutputList>
                  <ComputeScalar>
                    <DefinedValues>
                      <DefinedValue>
                        <ColumnReference Column="Expr1008" />
                        <ScalarOperator ScalarString="CONVERT_IMPLICIT(nvarchar(100),[OurLabReporting].[dbo].[MetaData].[Value] as [M].[Value],0)">
                          <Convert DataType="nvarchar" Length="200" Style="0" Implicit="1">
                            <ScalarOperator>
                              <Identifier>
                                <ColumnReference Database="[OurLabReporting]" Schema="[dbo]" Table="[MetaData]" Alias="[M]" Column="Value" />
                              </Identifier>
                            </ScalarOperator>
                          </Convert>
                        </ScalarOperator>
                      </DefinedValue>
                      <DefinedValue>
                        <ColumnReference Column="Expr1009" />
                        <ScalarOperator ScalarString="(1000)">
                          <Const ConstValue="(1000)" />
                        </ScalarOperator>
                      </DefinedValue>
                    </DefinedValues>
                    <RelOp NodeId="3" PhysicalOp="Compute Scalar" LogicalOp="Compute Scalar" EstimateRows="8.75215" EstimateIO="0" EstimateCPU="8.75215e-007" AvgRowSize="57" EstimatedTotalSubtreeCost="0.0330468" Parallel="0" EstimateRebinds="0" EstimateRewinds="0" EstimatedExecutionMode="Row">
                      <OutputList>
                        <ColumnReference Database="[OurLabReporting]" Schema="[dbo]" Table="[MetaData]" Alias="[M]" Column="Value" />
                        <ColumnReference Database="[OurLabReporting]" Schema="[dbo]" Table="[Platform]" Alias="[TGT]" Column="Id" />
                        <ColumnReference Column="Action1006" />
                        <ColumnReference Column="Expr1007" />
                      </OutputList>
                      <ComputeScalar ComputeSequence="1">
                        <DefinedValues>
                          <DefinedValue>
                            <ColumnReference Column="Expr1007" />
                            <ScalarOperator ScalarString="getconditionalidentity((322100188),(6),NULL,[Action1006]=(4))">
                              <Intrinsic FunctionName="getconditionalidentity">
                                <ScalarOperator>
                                  <Const ConstValue="(322100188)" />
                                </ScalarOperator>
                                <ScalarOperator>
                                  <Const ConstValue="(6)" />
                                </ScalarOperator>
                                <ScalarOperator>
                                  <Const ConstValue="NULL" />
                                </ScalarOperator>
                                <ScalarOperator>
                                  <Compare CompareOp="EQ">
                                    <ScalarOperator>
                                      <Identifier>
                                        <ColumnReference Column="Action1006" />
                                      </Identifier>
                                    </ScalarOperator>
                                    <ScalarOperator>
                                      <Const ConstValue="(4)" />
                                    </ScalarOperator>
                                  </Compare>
                                </ScalarOperator>
                              </Intrinsic>
                            </ScalarOperator>
                          </DefinedValue>
                        </DefinedValues>
                        <RelOp NodeId="4" PhysicalOp="Filter" LogicalOp="Filter" EstimateRows="8.75215" EstimateIO="0" EstimateCPU="8.25453e-006" AvgRowSize="53" EstimatedTotalSubtreeCost="0.0330459" Parallel="0" EstimateRebinds="0" EstimateRewinds="0" EstimatedExecutionMode="Row">
                          <OutputList>
                            <ColumnReference Database="[OurLabReporting]" Schema="[dbo]" Table="[MetaData]" Alias="[M]" Column="Value" />
                            <ColumnReference Database="[OurLabReporting]" Schema="[dbo]" Table="[Platform]" Alias="[TGT]" Column="Id" />
                            <ColumnReference Column="Action1006" />
                          </OutputList>
                          <Filter StartupExpression="0">
                            <RelOp NodeId="5" PhysicalOp="Compute Scalar" LogicalOp="Compute Scalar" EstimateRows="17.1969" EstimateIO="0" EstimateCPU="1.71969e-006" AvgRowSize="53" EstimatedTotalSubtreeCost="0.0330377" Parallel="0" EstimateRebinds="0" EstimateRewinds="0" EstimatedExecutionMode="Row">
                              <OutputList>
                                <ColumnReference Database="[OurLabReporting]" Schema="[dbo]" Table="[MetaData]" Alias="[M]" Column="Value" />
                                <ColumnReference Database="[OurLabReporting]" Schema="[dbo]" Table="[Platform]" Alias="[TGT]" Column="Id" />
                                <ColumnReference Column="Action1006" />
                              </OutputList>
                              <ComputeScalar ComputeSequence="1">
                                <DefinedValues>
                                  <DefinedValue>
                                    <ColumnReference Column="Action1006" />
                                    <ScalarOperator ScalarString="ForceOrder(CASE WHEN [TrgPrb1004] IS NOT NULL THEN NULL ELSE (4) END)">
                                      <Intrinsic FunctionName="ForceOrder">
                                        <ScalarOperator>
                                          <IF>
                                            <Condition>
                                              <ScalarOperator>
                                                <Compare CompareOp="IS NOT">
                                                  <ScalarOperator>
                                                    <Identifier>
                                                      <ColumnReference Column="TrgPrb1004" />
                                                    </Identifier>
                                                  </ScalarOperator>
                                                  <ScalarOperator>
                                                    <Const ConstValue="NULL" />
                                                  </ScalarOperator>
                                                </Compare>
                                              </ScalarOperator>
                                            </Condition>
                                            <Then>
                                              <ScalarOperator>
                                                <Const ConstValue="NULL" />
                                              </ScalarOperator>
                                            </Then>
                                            <Else>
                                              <ScalarOperator>
                                                <Const ConstValue="(4)" />
                                              </ScalarOperator>
                                            </Else>
                                          </IF>
                                        </ScalarOperator>
                                      </Intrinsic>
                                    </ScalarOperator>
                                  </DefinedValue>
                                </DefinedValues>
                                <RelOp NodeId="6" PhysicalOp="Nested Loops" LogicalOp="Left Outer Join" EstimateRows="17.1969" EstimateIO="0" EstimateCPU="7.18832e-005" AvgRowSize="53" EstimatedTotalSubtreeCost="0.033036" Parallel="0" EstimateRebinds="0" EstimateRewinds="0" EstimatedExecutionMode="Row">
                                  <OutputList>
                                    <ColumnReference Database="[OurLabReporting]" Schema="[dbo]" Table="[MetaData]" Alias="[M]" Column="Value" />
                                    <ColumnReference Database="[OurLabReporting]" Schema="[dbo]" Table="[Platform]" Alias="[TGT]" Column="Id" />
                                    <ColumnReference Column="TrgPrb1004" />
                                  </OutputList>
                                  <NestedLoops Optimized="0">
                                    <OuterReferences>
                                      <ColumnReference Database="[OurLabReporting]" Schema="[dbo]" Table="[MetaData]" Alias="[M]" Column="Value" />
                                    </OuterReferences>
                                    <RelOp NodeId="7" PhysicalOp="Sort" LogicalOp="Distinct Sort" EstimateRows="17.1969" EstimateIO="0.0112613" EstimateCPU="0.000210146" AvgRowSize="45" EstimatedTotalSubtreeCost="0.0147723" Parallel="0" EstimateRebinds="0" EstimateRewinds="0" EstimatedExecutionMode="Row">
                                      <OutputList>
                                        <ColumnReference Database="[OurLabReporting]" Schema="[dbo]" Table="[MetaData]" Alias="[M]" Column="Value" />
                                      </OutputList>
                                      <MemoryFractions Input="1" Output="1" />
                                      <Sort Distinct="1">
                                        <OrderBy>
                                          <OrderByColumn Ascending="1">
                                            <ColumnReference Database="[OurLabReporting]" Schema="[dbo]" Table="[MetaData]" Alias="[M]" Column="Value" />
                                          </OrderByColumn>
                                        </OrderBy>
                                        <RelOp NodeId="8" PhysicalOp="Index Seek" LogicalOp="Index Seek" EstimateRows="17.1969" EstimateIO="0.003125" EstimateCPU="0.000175917" AvgRowSize="45" EstimatedTotalSubtreeCost="0.00330092" TableCardinality="4.92619e+007" Parallel="0" EstimateRebinds="0" EstimateRewinds="0" EstimatedExecutionMode="Row">
                                          <OutputList>
                                            <ColumnReference Database="[OurLabReporting]" Schema="[dbo]" Table="[MetaData]" Alias="[M]" Column="Value" />
                                          </OutputList>
                                          <IndexScan Ordered="1" ScanDirection="FORWARD" ForcedIndex="0" ForceSeek="0" ForceScan="0" NoExpandHint="0" Storage="RowStore">
                                            <DefinedValues>
                                              <DefinedValue>
                                                <ColumnReference Database="[OurLabReporting]" Schema="[dbo]" Table="[MetaData]" Alias="[M]" Column="Value" />
                                              </DefinedValue>
                                            </DefinedValues>
                                            <Object Database="[OurLabReporting]" Schema="[dbo]" Table="[MetaData]" Index="[MetaData_IDX_Mix]" Filtered="1" Alias="[M]" IndexKind="NonClustered" />
                                            <SeekPredicates>
                                              <SeekPredicateNew>
                                                <SeekKeys>
                                                  <Prefix ScanType="EQ">
                                                    <RangeColumns>
                                                      <ColumnReference Database="[OurLabReporting]" Schema="[dbo]" Table="[MetaData]" Alias="[M]" Column="MixId" />
                                                      <ColumnReference Database="[OurLabReporting]" Schema="[dbo]" Table="[MetaData]" Alias="[M]" Column="Name" />
                                                    </RangeColumns>
                                                    <RangeExpressions>
                                                      <ScalarOperator ScalarString="[@mixId]">
                                                        <Identifier>
                                                          <ColumnReference Column="@mixId" />
                                                        </Identifier>
                                                      </ScalarOperator>
                                                      <ScalarOperator ScalarString="N'Bsp_PhoneModelName'">
                                                        <Const ConstValue="N'Bsp_PhoneModelName'" />
                                                      </ScalarOperator>
                                                    </RangeExpressions>
                                                  </Prefix>
                                                </SeekKeys>
                                              </SeekPredicateNew>
                                            </SeekPredicates>
                                          </IndexScan>
                                        </RelOp>
                                      </Sort>
                                    </RelOp>
                                    <RelOp NodeId="9" PhysicalOp="Compute Scalar" LogicalOp="Compute Scalar" EstimateRows="1" EstimateIO="0" EstimateCPU="1e-007" AvgRowSize="15" EstimatedTotalSubtreeCost="0.0181918" Parallel="0" EstimateRebinds="16.1969" EstimateRewinds="0" EstimatedExecutionMode="Row">
                                      <OutputList>
                                        <ColumnReference Database="[OurLabReporting]" Schema="[dbo]" Table="[Platform]" Alias="[TGT]" Column="Id" />
                                        <ColumnReference Column="TrgPrb1004" />
                                      </OutputList>
                                      <ComputeScalar>
                                        <DefinedValues>
                                          <DefinedValue>
                                            <ColumnReference Column="TrgPrb1004" />
                                            <ScalarOperator ScalarString="(1)">
                                              <Const ConstValue="(1)" />
                                            </ScalarOperator>
                                          </DefinedValue>
                                        </DefinedValues>
                                        <RelOp NodeId="10" PhysicalOp="Filter" LogicalOp="Filter" EstimateRows="1" EstimateIO="0" EstimateCPU="2.4e-006" AvgRowSize="11" EstimatedTotalSubtreeCost="0.01819" Parallel="0" EstimateRebinds="16.1969" EstimateRewinds="0" EstimatedExecutionMode="Row">
                                          <OutputList>
                                            <ColumnReference Database="[OurLabReporting]" Schema="[dbo]" Table="[Platform]" Alias="[TGT]" Column="Id" />
                                          </OutputList>
                                          <Filter StartupExpression="0">
                                            <RelOp NodeId="11" PhysicalOp="Table Spool" LogicalOp="Eager Spool" EstimateRows="5" EstimateIO="0.013125" EstimateCPU="0.000102" AvgRowSize="23" EstimatedTotalSubtreeCost="0.0181488" Parallel="0" EstimateRebinds="0" EstimateRewinds="16.1969" EstimatedExecutionMode="Row">
                                              <OutputList>
                                                <ColumnReference Database="[OurLabReporting]" Schema="[dbo]" Table="[Platform]" Alias="[TGT]" Column="Id" />
                                                <ColumnReference Database="[OurLabReporting]" Schema="[dbo]" Table="[Platform]" Alias="[TGT]" Column="Name" />
                                              </OutputList>
                                              <Spool>
                                                <RelOp NodeId="12" PhysicalOp="Index Scan" LogicalOp="Index Scan" EstimateRows="5" EstimateIO="0.003125" EstimateCPU="0.0001625" AvgRowSize="23" EstimatedTotalSubtreeCost="0.0032875" TableCardinality="5" Parallel="0" EstimateRebinds="0" EstimateRewinds="0" EstimatedExecutionMode="Row">
                                                  <OutputList>
                                                    <ColumnReference Database="[OurLabReporting]" Schema="[dbo]" Table="[Platform]" Alias="[TGT]" Column="Id" />
                                                    <ColumnReference Database="[OurLabReporting]" Schema="[dbo]" Table="[Platform]" Alias="[TGT]" Column="Name" />
                                                  </OutputList>
                                                  <IndexScan Ordered="1" ScanDirection="FORWARD" ForcedIndex="0" ForceSeek="0" ForceScan="0" NoExpandHint="0" Storage="RowStore">
                                                    <DefinedValues>
                                                      <DefinedValue>
                                                        <ColumnReference Database="[OurLabReporting]" Schema="[dbo]" Table="[Platform]" Alias="[TGT]" Column="Id" />
                                                      </DefinedValue>
                                                      <DefinedValue>
                                                        <ColumnReference Database="[OurLabReporting]" Schema="[dbo]" Table="[Platform]" Alias="[TGT]" Column="Name" />
                                                      </DefinedValue>
                                                    </DefinedValues>
                                                    <Object Database="[OurLabReporting]" Schema="[dbo]" Table="[Platform]" Index="[Platform_Name]" Alias="[TGT]" IndexKind="NonClustered" />
                                                  </IndexScan>
                                                </RelOp>
                                              </Spool>
                                            </RelOp>
                                            <Predicate>
                                              <ScalarOperator ScalarString="[OurLabReporting].[dbo].[Platform].[Name] as [TGT].[Name]=[OurLabReporting].[dbo].[MetaData].[Value] as [M].[Value]">
                                                <Compare CompareOp="EQ">
                                                  <ScalarOperator>
                                                    <Identifier>
                                                      <ColumnReference Database="[OurLabReporting]" Schema="[dbo]" Table="[Platform]" Alias="[TGT]" Column="Name" />
                                                    </Identifier>
                                                  </ScalarOperator>
                                                  <ScalarOperator>
                                                    <Identifier>
                                                      <ColumnReference Database="[OurLabReporting]" Schema="[dbo]" Table="[MetaData]" Alias="[M]" Column="Value" />
                                                    </Identifier>
                                                  </ScalarOperator>
                                                </Compare>
                                              </ScalarOperator>
                                            </Predicate>
                                          </Filter>
                                        </RelOp>
                                      </ComputeScalar>
                                    </RelOp>
                                  </NestedLoops>
                                </RelOp>
                              </ComputeScalar>
                            </RelOp>
                            <Predicate>
                              <ScalarOperator ScalarString="[Action1006] IS NOT NULL">
                                <Compare CompareOp="IS NOT">
                                  <ScalarOperator>
                                    <Identifier>
                                      <ColumnReference Column="Action1006" />
                                    </Identifier>
                                  </ScalarOperator>
                                  <ScalarOperator>
                                    <Const ConstValue="NULL" />
                                  </ScalarOperator>
                                </Compare>
                              </ScalarOperator>
                            </Predicate>
                          </Filter>
                        </RelOp>
                      </ComputeScalar>
                    </RelOp>
                  </ComputeScalar>
                </RelOp>
              </Update>
            </RelOp>
          </QueryPlan>
        </StmtSimple>
        <StmtSimple StatementText="&#x9;SET @platformId = (SELECT TOP 1 P.Id&#xD;&#xA;&#x9;&#x9;&#x9;&#x9;&#x9;&#x9;FROM dbo.MetaData AS M&#xD;&#xA;&#x9;&#x9;&#x9;&#x9;&#x9;&#x9;INNER JOIN dbo.Platform AS P ON P.Name = M.Value&#xD;&#xA;&#x9;&#x9;&#x9;&#x9;&#x9;&#x9;WHERE  MixId = @mixId AND M.Name = 'Bsp_PhoneModelName')&#xD;&#xA;&#xD;&#xA;&#xD;&#xA;&#x9;/*&#xD;&#xA;&#x9;** Add any new values to BspVersion&#xD;&#xA;&#x9;*/&#xD;&#xA;" StatementId="5" StatementCompId="6" StatementType="SELECT" RetrievedFromCache="true" StatementSubTreeCost="0.00659889" StatementEstRows="1" StatementOptmLevel="FULL" QueryHash="0x845AD45604232D54" QueryPlanHash="0xCCF9E2014614E594" StatementOptmEarlyAbortReason="GoodEnoughPlanFound">
          <StatementSetOptions QUOTED_IDENTIFIER="true" ARITHABORT="true" CONCAT_NULL_YIELDS_NULL="true" ANSI_NULLS="true" ANSI_PADDING="true" ANSI_WARNINGS="true" NUMERIC_ROUNDABORT="false" />
          <QueryPlan NonParallelPlanReason="MaxDOPSetToOne" CachedPlanSize="24" CompileTime="5" CompileCPU="5" CompileMemory="640">
            <MemoryGrantInfo SerialRequiredMemory="0" SerialDesiredMemory="0" />
            <OptimizerHardwareDependentProperties EstimatedAvailableMemoryGrant="193313" EstimatedPagesCached="773254" EstimatedAvailableDegreeOfParallelism="1" />
            <RelOp NodeId="0" PhysicalOp="Compute Scalar" LogicalOp="Compute Scalar" EstimateRows="1" EstimateIO="0" EstimateCPU="1e-007" AvgRowSize="11" EstimatedTotalSubtreeCost="0.00659889" Parallel="0" EstimateRebinds="0" EstimateRewinds="0" EstimatedExecutionMode="Row">
              <OutputList>
                <ColumnReference Column="Expr1005" />
              </OutputList>
              <ComputeScalar>
                <DefinedValues>
                  <DefinedValue>
                    <ColumnReference Column="Expr1005" />
                    <ScalarOperator ScalarString="[OurLabReporting].[dbo].[Platform].[Id] as [P].[Id]">
                      <Identifier>
                        <ColumnReference Database="[OurLabReporting]" Schema="[dbo]" Table="[Platform]" Alias="[P]" Column="Id" />
                      </Identifier>
                    </ScalarOperator>
                  </DefinedValue>
                </DefinedValues>
                <RelOp NodeId="1" PhysicalOp="Nested Loops" LogicalOp="Left Outer Join" EstimateRows="1" EstimateIO="0" EstimateCPU="4.18e-006" AvgRowSize="11" EstimatedTotalSubtreeCost="0.00659879" Parallel="0" EstimateRebinds="0" EstimateRewinds="0" EstimatedExecutionMode="Row">
                  <OutputList>
                    <ColumnReference Database="[OurLabReporting]" Schema="[dbo]" Table="[Platform]" Alias="[P]" Column="Id" />
                  </OutputList>
                  <NestedLoops Optimized="0">
                    <RelOp NodeId="2" PhysicalOp="Constant Scan" LogicalOp="Constant Scan" EstimateRows="1" EstimateIO="0" EstimateCPU="1.157e-006" AvgRowSize="9" EstimatedTotalSubtreeCost="1.157e-006" Parallel="0" EstimateRebinds="0" EstimateRewinds="0" EstimatedExecutionMode="Row">
                      <OutputList />
                      <ConstantScan />
                    </RelOp>
                    <RelOp NodeId="3" PhysicalOp="Top" LogicalOp="Top" EstimateRows="1" EstimateIO="0" EstimateCPU="1e-007" AvgRowSize="11" EstimatedTotalSubtreeCost="0.00659346" Parallel="0" EstimateRebinds="0" EstimateRewinds="0" EstimatedExecutionMode="Row">
                      <OutputList>
                        <ColumnReference Database="[OurLabReporting]" Schema="[dbo]" Table="[Platform]" Alias="[P]" Column="Id" />
                      </OutputList>
                      <Top RowCount="0" IsPercent="0" WithTies="0">
                        <TopExpression>
                          <ScalarOperator ScalarString="(1)">
                            <Const ConstValue="(1)" />
                          </ScalarOperator>
                        </TopExpression>
                        <RelOp NodeId="4" PhysicalOp="Nested Loops" LogicalOp="Inner Join" EstimateRows="1" EstimateIO="0" EstimateCPU="0.000359416" AvgRowSize="11" EstimatedTotalSubtreeCost="0.00659336" Parallel="0" EstimateRebinds="0" EstimateRewinds="0" EstimatedExecutionMode="Row">
                          <OutputList>
                            <ColumnReference Database="[OurLabReporting]" Schema="[dbo]" Table="[Platform]" Alias="[P]" Column="Id" />
                          </OutputList>
                          <NestedLoops Optimized="0">
                            <Predicate>
                              <ScalarOperator ScalarString="[OurLabReporting].[dbo].[MetaData].[Value] as [M].[Value]=[OurLabReporting].[dbo].[Platform].[Name] as [P].[Name]">
                                <Compare CompareOp="EQ">
                                  <ScalarOperator>
                                    <Identifier>
                                      <ColumnReference Database="[OurLabReporting]" Schema="[dbo]" Table="[MetaData]" Alias="[M]" Column="Value" />
                                    </Identifier>
                                  </ScalarOperator>
                                  <ScalarOperator>
                                    <Identifier>
                                      <ColumnReference Database="[OurLabReporting]" Schema="[dbo]" Table="[Platform]" Alias="[P]" Column="Name" />
                                    </Identifier>
                                  </ScalarOperator>
                                </Compare>
                              </ScalarOperator>
                            </Predicate>
                            <RelOp NodeId="5" PhysicalOp="Index Scan" LogicalOp="Index Scan" EstimateRows="1" EstimateIO="0.003125" EstimateCPU="0.0001625" AvgRowSize="23" EstimatedTotalSubtreeCost="0.0032831" TableCardinality="5" Parallel="0" EstimateRebinds="0" EstimateRewinds="0" EstimatedExecutionMode="Row">
                              <OutputList>
                                <ColumnReference Database="[OurLabReporting]" Schema="[dbo]" Table="[Platform]" Alias="[P]" Column="Id" />
                                <ColumnReference Database="[OurLabReporting]" Schema="[dbo]" Table="[Platform]" Alias="[P]" Column="Name" />
                              </OutputList>
                              <IndexScan Ordered="0" ForcedIndex="0" ForceSeek="0" ForceScan="0" NoExpandHint="0" Storage="RowStore">
                                <DefinedValues>
                                  <DefinedValue>
                                    <ColumnReference Database="[OurLabReporting]" Schema="[dbo]" Table="[Platform]" Alias="[P]" Column="Id" />
                                  </DefinedValue>
                                  <DefinedValue>
                                    <ColumnReference Database="[OurLabReporting]" Schema="[dbo]" Table="[Platform]" Alias="[P]" Column="Name" />
                                  </DefinedValue>
                                </DefinedValues>
                                <Object Database="[OurLabReporting]" Schema="[dbo]" Table="[Platform]" Index="[Platform_Name]" Alias="[P]" IndexKind="NonClustered" />
                              </IndexScan>
                            </RelOp>
                            <RelOp NodeId="6" PhysicalOp="Index Seek" LogicalOp="Index Seek" EstimateRows="17.1969" EstimateIO="0.003125" EstimateCPU="0.000175917" AvgRowSize="45" EstimatedTotalSubtreeCost="0.00330092" TableCardinality="4.92619e+007" Parallel="0" EstimateRebinds="0" EstimateRewinds="0" EstimatedExecutionMode="Row">
                              <OutputList>
                                <ColumnReference Database="[OurLabReporting]" Schema="[dbo]" Table="[MetaData]" Alias="[M]" Column="Value" />
                              </OutputList>
                              <IndexScan Ordered="1" ScanDirection="FORWARD" ForcedIndex="0" ForceSeek="0" ForceScan="0" NoExpandHint="0" Storage="RowStore">
                                <DefinedValues>
                                  <DefinedValue>
                                    <ColumnReference Database="[OurLabReporting]" Schema="[dbo]" Table="[MetaData]" Alias="[M]" Column="Value" />
                                  </DefinedValue>
                                </DefinedValues>
                                <Object Database="[OurLabReporting]" Schema="[dbo]" Table="[MetaData]" Index="[MetaData_IDX_Mix]" Filtered="1" Alias="[M]" IndexKind="NonClustered" />
                                <SeekPredicates>
                                  <SeekPredicateNew>
                                    <SeekKeys>
                                      <Prefix ScanType="EQ">
                                        <RangeColumns>
                                          <ColumnReference Database="[OurLabReporting]" Schema="[dbo]" Table="[MetaData]" Alias="[M]" Column="MixId" />
                                          <ColumnReference Database="[OurLabReporting]" Schema="[dbo]" Table="[MetaData]" Alias="[M]" Column="Name" />
                                        </RangeColumns>
                                        <RangeExpressions>
                                          <ScalarOperator ScalarString="[@mixId]">
                                            <Identifier>
                                              <ColumnReference Column="@mixId" />
                                            </Identifier>
                                          </ScalarOperator>
                                          <ScalarOperator ScalarString="N'Bsp_PhoneModelName'">
                                            <Const ConstValue="N'Bsp_PhoneModelName'" />
                                          </ScalarOperator>
                                        </RangeExpressions>
                                      </Prefix>
                                    </SeekKeys>
                                  </SeekPredicateNew>
                                </SeekPredicates>
                              </IndexScan>
                            </RelOp>
                          </NestedLoops>
                        </RelOp>
                      </Top>
                    </RelOp>
                  </NestedLoops>
                </RelOp>
              </ComputeScalar>
            </RelOp>
          </QueryPlan>
        </StmtSimple>
        <StmtSimple StatementText="&#x9;MERGE dbo.PlatformBsp TGT&#xD;&#xA;&#x9;USING (&#xD;&#xA;&#x9;&#x9;SELECT DISTINCT M.Value&#xD;&#xA;&#x9;&#x9;FROM dbo.MetaData AS M&#xD;&#xA;&#x9;&#x9;WHERE MixId = @mixId AND M.Name = 'Bsp_PhoneRadioSoftwareRevision'&#xD;&#xA;&#x9;) AS SRC ON TGT.Name = SRC.Value AND TGT.PlatformId = @platformId&#xD;&#xA;&#xD;&#xA;&#x9;WHEN NOT MATCHED THEN&#xD;&#xA;&#x9;INSERT (PlatformId, Name)&#xD;&#xA;&#x9;VALUES (@platformId, SRC.Value);&#xD;&#xA;&#xD;&#xA;" StatementId="6" StatementCompId="7" StatementType="MERGE" RetrievedFromCache="true" StatementSubTreeCost="0.0609509" StatementEstRows="7.86574" StatementOptmLevel="FULL" QueryHash="0xBD1C8A90DCF58EC0" QueryPlanHash="0xF15418353443B90E" StatementOptmEarlyAbortReason="GoodEnoughPlanFound">
          <StatementSetOptions QUOTED_IDENTIFIER="true" ARITHABORT="true" CONCAT_NULL_YIELDS_NULL="true" ANSI_NULLS="true" ANSI_PADDING="true" ANSI_WARNINGS="true" NUMERIC_ROUNDABORT="false" />
          <QueryPlan NonParallelPlanReason="MaxDOPSetToOne" CachedPlanSize="64" CompileTime="16" CompileCPU="16" CompileMemory="1240">
            <MemoryGrantInfo SerialRequiredMemory="512" SerialDesiredMemory="544" />
            <OptimizerHardwareDependentProperties EstimatedAvailableMemoryGrant="193313" EstimatedPagesCached="773254" EstimatedAvailableDegreeOfParallelism="1" />
            <RelOp NodeId="1" PhysicalOp="Assert" LogicalOp="Assert" EstimateRows="7.86574" EstimateIO="0" EstimateCPU="6.13528e-006" AvgRowSize="9" EstimatedTotalSubtreeCost="0.0609509" Parallel="0" EstimateRebinds="0" EstimateRewinds="0" EstimatedExecutionMode="Row">
              <OutputList />
              <Assert StartupExpression="0">
                <RelOp NodeId="2" PhysicalOp="Nested Loops" LogicalOp="Left Semi Join" EstimateRows="7.86574" EstimateIO="0" EstimateCPU="3.6532e-005" AvgRowSize="9" EstimatedTotalSubtreeCost="0.0609448" Parallel="0" EstimateRebinds="0" EstimateRewinds="0" EstimatedExecutionMode="Row">
                  <OutputList>
                    <ColumnReference Column="Expr1044" />
                    <ColumnReference Column="Pass1045" />
                  </OutputList>
                  <NestedLoops Optimized="0">
                    <DefinedValues>
                      <DefinedValue>
                        <ColumnReference Column="Expr1044" />
                      </DefinedValue>
                      <DefinedValue>
                        <ColumnReference Column="Pass1045" />
                      </DefinedValue>
                    </DefinedValues>
                    <PassThru>
                      <ScalarOperator ScalarString="[Action1006]&lt;&gt;(4)">
                        <Compare CompareOp="NE">
                          <ScalarOperator>
                            <Identifier>
                              <ColumnReference Column="Action1006" />
                            </Identifier>
                          </ScalarOperator>
                          <ScalarOperator>
                            <Const ConstValue="(4)" />
                          </ScalarOperator>
                        </Compare>
                      </ScalarOperator>
                    </PassThru>
                    <OuterReferences>
                      <ColumnReference Database="[OurLabReporting]" Schema="[dbo]" Table="[PlatformBsp]" Alias="[TGT]" Column="PlatformId" />
                    </OuterReferences>
                    <ProbeColumn>
                      <ColumnReference Column="Expr1044" />
                    </ProbeColumn>
                    <RelOp NodeId="3" PhysicalOp="Clustered Index Merge" LogicalOp="Merge" EstimateRows="8.73971" EstimateIO="0.0233585" EstimateCPU="1.74794e-005" AvgRowSize="15" EstimatedTotalSubtreeCost="0.0563989" Parallel="0" EstimateRebinds="0" EstimateRewinds="0" EstimatedExecutionMode="Row">
                      <OutputList>
                        <ColumnReference Column="Action1006" />
                        <ColumnReference Database="[OurLabReporting]" Schema="[dbo]" Table="[PlatformBsp]" Alias="[TGT]" Column="PlatformId" />
                      </OutputList>
                      <Update DMLRequestSort="0">
                        <Object Database="[OurLabReporting]" Schema="[dbo]" Table="[PlatformBsp]" Index="[PlatformBsp_PK]" Alias="[TGT]" IndexKind="Clustered" />
                        <Object Database="[OurLabReporting]" Schema="[dbo]" Table="[PlatformBsp]" Index="[PlatformBsp_AK]" Alias="[TGT]" IndexKind="NonClustered" />
                        <SetPredicate>
                          <ScalarOperator ScalarString="[OurLabReporting].[dbo].[PlatformBsp].[PlatformId] as [TGT].[PlatformId] = RaiseIfNullUpdate([@platformId]),[OurLabReporting].[dbo].[PlatformBsp].[Name] as [TGT].[Name] = RaiseIfNullUpdate([Expr1008]),[OurLabReporting].[dbo].[PlatformBsp].[Id] as [TGT].[Id] = RaiseIfNullUpdate([Expr1007]),[OurLabReporting].[dbo].[PlatformBsp].[Segment1] as [TGT].[Segment1] = [Expr1009],[OurLabReporting].[dbo].[PlatformBsp].[Segment2] as [TGT].[Segment2] = [Expr1010],[OurLabReporting].[dbo].[PlatformBsp].[Segment3] as [TGT].[Segment3] = [Expr1011],[OurLabReporting].[dbo].[PlatformBsp].[Segment4] as [TGT].[Segment4] = [Expr1012],[OurLabReporting].[dbo].[PlatformBsp].[RankInPlatform] as [TGT].[RankInPlatform] = [Expr1013]">
                            <ScalarExpressionList>
                              <ScalarOperator>
                                <MultipleAssign>
                                  <Assign>
                                    <ColumnReference Database="[OurLabReporting]" Schema="[dbo]" Table="[PlatformBsp]" Alias="[TGT]" Column="PlatformId" />
                                    <ScalarOperator>
                                      <Intrinsic FunctionName="RaiseIfNullUpdate">
                                        <ScalarOperator>
                                          <Identifier>
                                            <ColumnReference Column="@platformId" />
                                          </Identifier>
                                        </ScalarOperator>
                                      </Intrinsic>
                                    </ScalarOperator>
                                  </Assign>
                                  <Assign>
                                    <ColumnReference Database="[OurLabReporting]" Schema="[dbo]" Table="[PlatformBsp]" Alias="[TGT]" Column="Name" />
                                    <ScalarOperator>
                                      <Intrinsic FunctionName="RaiseIfNullUpdate">
                                        <ScalarOperator>
                                          <Identifier>
                                            <ColumnReference Column="Expr1008" />
                                          </Identifier>
                                        </ScalarOperator>
                                      </Intrinsic>
                                    </ScalarOperator>
                                  </Assign>
                                  <Assign>
                                    <ColumnReference Database="[OurLabReporting]" Schema="[dbo]" Table="[PlatformBsp]" Alias="[TGT]" Column="Id" />
                                    <ScalarOperator>
                                      <Intrinsic FunctionName="RaiseIfNullUpdate">
                                        <ScalarOperator>
                                          <Identifier>
                                            <ColumnReference Column="Expr1007" />
                                          </Identifier>
                                        </ScalarOperator>
                                      </Intrinsic>
                                    </ScalarOperator>
                                  </Assign>
                                  <Assign>
                                    <ColumnReference Database="[OurLabReporting]" Schema="[dbo]" Table="[PlatformBsp]" Alias="[TGT]" Column="Segment1" />
                                    <ScalarOperator>
                                      <Identifier>
                                        <ColumnReference Column="Expr1009" />
                                      </Identifier>
                                    </ScalarOperator>
                                  </Assign>
                                  <Assign>
                                    <ColumnReference Database="[OurLabReporting]" Schema="[dbo]" Table="[PlatformBsp]" Alias="[TGT]" Column="Segment2" />
                                    <ScalarOperator>
                                      <Identifier>
                                        <ColumnReference Column="Expr1010" />
                                      </Identifier>
                                    </ScalarOperator>
                                  </Assign>
                                  <Assign>
                                    <ColumnReference Database="[OurLabReporting]" Schema="[dbo]" Table="[PlatformBsp]" Alias="[TGT]" Column="Segment3" />
                                    <ScalarOperator>
                                      <Identifier>
                                        <ColumnReference Column="Expr1011" />
                                      </Identifier>
                                    </ScalarOperator>
                                  </Assign>
                                  <Assign>
                                    <ColumnReference Database="[OurLabReporting]" Schema="[dbo]" Table="[PlatformBsp]" Alias="[TGT]" Column="Segment4" />
                                    <ScalarOperator>
                                      <Identifier>
                                        <ColumnReference Column="Expr1012" />
                                      </Identifier>
                                    </ScalarOperator>
                                  </Assign>
                                  <Assign>
                                    <ColumnReference Database="[OurLabReporting]" Schema="[dbo]" Table="[PlatformBsp]" Alias="[TGT]" Column="RankInPlatform" />
                                    <ScalarOperator>
                                      <Identifier>
                                        <ColumnReference Column="Expr1013" />
                                      </Identifier>
                                    </ScalarOperator>
                                  </Assign>
                                </MultipleAssign>
                              </ScalarOperator>
                            </ScalarExpressionList>
                          </ScalarOperator>
                        </SetPredicate>
                        <ActionColumn>
                          <ColumnReference Column="Action1006" />
                        </ActionColumn>
                        <RelOp NodeId="4" PhysicalOp="Compute Scalar" LogicalOp="Compute Scalar" EstimateRows="8.73971" EstimateIO="0" EstimateCPU="0" AvgRowSize="198" EstimatedTotalSubtreeCost="0.0330229" Parallel="0" EstimateRebinds="0" EstimateRewinds="0" EstimatedExecutionMode="Row">
                          <OutputList>
                            <ColumnReference Database="[OurLabReporting]" Schema="[dbo]" Table="[PlatformBsp]" Alias="[TGT]" Column="Id" />
                            <ColumnReference Column="Action1006" />
                            <ColumnReference Column="Expr1007" />
                            <ColumnReference Column="Expr1008" />
                            <ColumnReference Column="Expr1009" />
                            <ColumnReference Column="Expr1010" />
                            <ColumnReference Column="Expr1011" />
                            <ColumnReference Column="Expr1012" />
                            <ColumnReference Column="Expr1013" />
                          </OutputList>
                          <ComputeScalar>
                            <DefinedValues>
                              <DefinedValue>
                                <ColumnReference Column="Action1006" />
                                <ScalarOperator ScalarString="[Action1006]">
                                  <Identifier>
                                    <ColumnReference Column="Action1006" />
                                  </Identifier>
                                </ScalarOperator>
                              </DefinedValue>
                            </DefinedValues>
                            <RelOp NodeId="5" PhysicalOp="Compute Scalar" LogicalOp="Compute Scalar" EstimateRows="8.73971" EstimateIO="0" EstimateCPU="8.73971e-007" AvgRowSize="198" EstimatedTotalSubtreeCost="0.0330229" Parallel="0" EstimateRebinds="0" EstimateRewinds="0" EstimatedExecutionMode="Row">
                              <OutputList>
                                <ColumnReference Database="[OurLabReporting]" Schema="[dbo]" Table="[PlatformBsp]" Alias="[TGT]" Column="Id" />
                                <ColumnReference Column="Action1006" />
                                <ColumnReference Column="Expr1007" />
                                <ColumnReference Column="Expr1008" />
                                <ColumnReference Column="Expr1009" />
                                <ColumnReference Column="Expr1010" />
                                <ColumnReference Column="Expr1011" />
                                <ColumnReference Column="Expr1012" />
                                <ColumnReference Column="Expr1013" />
                              </OutputList>
                              <ComputeScalar>
                                <DefinedValues>
                                  <DefinedValue>
                                    <ColumnReference Column="Expr1008" />
                                    <ScalarOperator ScalarString="CONVERT_IMPLICIT(nvarchar(128),[OurLabReporting].[dbo].[MetaData].[Value] as [M].[Value],0)">
                                      <Convert DataType="nvarchar" Length="256" Style="0" Implicit="1">
                                        <ScalarOperator>
                                          <Identifier>
                                            <ColumnReference Database="[OurLabReporting]" Schema="[dbo]" Table="[MetaData]" Alias="[M]" Column="Value" />
                                          </Identifier>
                                        </ScalarOperator>
                                      </Convert>
                                    </ScalarOperator>
                                  </DefinedValue>
                                  <DefinedValue>
                                    <ColumnReference Column="Expr1009" />
                                    <ScalarOperator ScalarString="NULL">
                                      <Const ConstValue="NULL" />
                                    </ScalarOperator>
                                  </DefinedValue>
                                  <DefinedValue>
                                    <ColumnReference Column="Expr1010" />
                                    <ScalarOperator ScalarString="NULL">
                                      <Const ConstValue="NULL" />
                                    </ScalarOperator>
                                  </DefinedValue>
                                  <DefinedValue>
                                    <ColumnReference Column="Expr1011" />
                                    <ScalarOperator ScalarString="NULL">
                                      <Const ConstValue="NULL" />
                                    </ScalarOperator>
                                  </DefinedValue>
                                  <DefinedValue>
                                    <ColumnReference Column="Expr1012" />
                                    <ScalarOperator ScalarString="NULL">
                                      <Const ConstValue="NULL" />
                                    </ScalarOperator>
                                  </DefinedValue>
                                  <DefinedValue>
                                    <ColumnReference Column="Expr1013" />
                                    <ScalarOperator ScalarString="NULL">
                                      <Const ConstValue="NULL" />
                                    </ScalarOperator>
                                  </DefinedValue>
                                </DefinedValues>
                                <RelOp NodeId="6" PhysicalOp="Compute Scalar" LogicalOp="Compute Scalar" EstimateRows="8.73971" EstimateIO="0" EstimateCPU="8.73971e-007" AvgRowSize="57" EstimatedTotalSubtreeCost="0.033022" Parallel="0" EstimateRebinds="0" EstimateRewinds="0" EstimatedExecutionMode="Row">
                                  <OutputList>
                                    <ColumnReference Database="[OurLabReporting]" Schema="[dbo]" Table="[MetaData]" Alias="[M]" Column="Value" />
                                    <ColumnReference Database="[OurLabReporting]" Schema="[dbo]" Table="[PlatformBsp]" Alias="[TGT]" Column="Id" />
                                    <ColumnReference Column="Action1006" />
                                    <ColumnReference Column="Expr1007" />
                                  </OutputList>
                                  <ComputeScalar ComputeSequence="1">
                                    <DefinedValues>
                                      <DefinedValue>
                                        <ColumnReference Column="Expr1007" />
                                        <ScalarOperator ScalarString="getconditionalidentity((370100359),(6),NULL,[Action1006]=(4))">
                                          <Intrinsic FunctionName="getconditionalidentity">
                                            <ScalarOperator>
                                              <Const ConstValue="(370100359)" />
                                            </ScalarOperator>
                                            <ScalarOperator>
                                              <Const ConstValue="(6)" />
                                            </ScalarOperator>
                                            <ScalarOperator>
                                              <Const ConstValue="NULL" />
                                            </ScalarOperator>
                                            <ScalarOperator>
                                              <Compare CompareOp="EQ">
                                                <ScalarOperator>
                                                  <Identifier>
                                                    <ColumnReference Column="Action1006" />
                                                  </Identifier>
                                                </ScalarOperator>
                                                <ScalarOperator>
                                                  <Const ConstValue="(4)" />
                                                </ScalarOperator>
                                              </Compare>
                                            </ScalarOperator>
                                          </Intrinsic>
                                        </ScalarOperator>
                                      </DefinedValue>
                                    </DefinedValues>
                                    <RelOp NodeId="7" PhysicalOp="Filter" LogicalOp="Filter" EstimateRows="8.73971" EstimateIO="0" EstimateCPU="8.24507e-006" AvgRowSize="53" EstimatedTotalSubtreeCost="0.0330211" Parallel="0" EstimateRebinds="0" EstimateRewinds="0" EstimatedExecutionMode="Row">
                                      <OutputList>
                                        <ColumnReference Database="[OurLabReporting]" Schema="[dbo]" Table="[MetaData]" Alias="[M]" Column="Value" />
                                        <ColumnReference Database="[OurLabReporting]" Schema="[dbo]" Table="[PlatformBsp]" Alias="[TGT]" Column="Id" />
                                        <ColumnReference Column="Action1006" />
                                      </OutputList>
                                      <Filter StartupExpression="0">
                                        <RelOp NodeId="8" PhysicalOp="Compute Scalar" LogicalOp="Compute Scalar" EstimateRows="17.1772" EstimateIO="0" EstimateCPU="1.71772e-006" AvgRowSize="53" EstimatedTotalSubtreeCost="0.0330129" Parallel="0" EstimateRebinds="0" EstimateRewinds="0" EstimatedExecutionMode="Row">
                                          <OutputList>
                                            <ColumnReference Database="[OurLabReporting]" Schema="[dbo]" Table="[MetaData]" Alias="[M]" Column="Value" />
                                            <ColumnReference Database="[OurLabReporting]" Schema="[dbo]" Table="[PlatformBsp]" Alias="[TGT]" Column="Id" />
                                            <ColumnReference Column="Action1006" />
                                          </OutputList>
                                          <ComputeScalar ComputeSequence="1">
                                            <DefinedValues>
                                              <DefinedValue>
                                                <ColumnReference Column="Action1006" />
                                                <ScalarOperator ScalarString="ForceOrder(CASE WHEN [TrgPrb1004] IS NOT NULL THEN NULL ELSE (4) END)">
                                                  <Intrinsic FunctionName="ForceOrder">
                                                    <ScalarOperator>
                                                      <IF>
                                                        <Condition>
                                                          <ScalarOperator>
                                                            <Compare CompareOp="IS NOT">
                                                              <ScalarOperator>
                                                                <Identifier>
                                                                  <ColumnReference Column="TrgPrb1004" />
                                                                </Identifier>
                                                              </ScalarOperator>
                                                              <ScalarOperator>
                                                                <Const ConstValue="NULL" />
                                                              </ScalarOperator>
                                                            </Compare>
                                                          </ScalarOperator>
                                                        </Condition>
                                                        <Then>
                                                          <ScalarOperator>
                                                            <Const ConstValue="NULL" />
                                                          </ScalarOperator>
                                                        </Then>
                                                        <Else>
                                                          <ScalarOperator>
                                                            <Const ConstValue="(4)" />
                                                          </ScalarOperator>
                                                        </Else>
                                                      </IF>
                                                    </ScalarOperator>
                                                  </Intrinsic>
                                                </ScalarOperator>
                                              </DefinedValue>
                                            </DefinedValues>
                                            <RelOp NodeId="9" PhysicalOp="Nested Loops" LogicalOp="Left Outer Join" EstimateRows="17.1772" EstimateIO="0" EstimateCPU="0.000100521" AvgRowSize="53" EstimatedTotalSubtreeCost="0.0330112" Parallel="0" EstimateRebinds="0" EstimateRewinds="0" EstimatedExecutionMode="Row">
                                              <OutputList>
                                                <ColumnReference Database="[OurLabReporting]" Schema="[dbo]" Table="[MetaData]" Alias="[M]" Column="Value" />
                                                <ColumnReference Database="[OurLabReporting]" Schema="[dbo]" Table="[PlatformBsp]" Alias="[TGT]" Column="Id" />
                                                <ColumnReference Column="TrgPrb1004" />
                                              </OutputList>
                                              <NestedLoops Optimized="0">
                                                <Predicate>
                                                  <ScalarOperator ScalarString="[OurLabReporting].[dbo].[PlatformBsp].[Name] as [TGT].[Name]=[OurLabReporting].[dbo].[MetaData].[Value] as [M].[Value]">
                                                    <Compare CompareOp="EQ">
                                                      <ScalarOperator>
                                                        <Identifier>
                                                          <ColumnReference Database="[OurLabReporting]" Schema="[dbo]" Table="[PlatformBsp]" Alias="[TGT]" Column="Name" />
                                                        </Identifier>
                                                      </ScalarOperator>
                                                      <ScalarOperator>
                                                        <Identifier>
                                                          <ColumnReference Database="[OurLabReporting]" Schema="[dbo]" Table="[MetaData]" Alias="[M]" Column="Value" />
                                                        </Identifier>
                                                      </ScalarOperator>
                                                    </Compare>
                                                  </ScalarOperator>
                                                </Predicate>
                                                <RelOp NodeId="10" PhysicalOp="Sort" LogicalOp="Distinct Sort" EstimateRows="17.1772" EstimateIO="0.0112613" EstimateCPU="0.000209976" AvgRowSize="45" EstimatedTotalSubtreeCost="0.0147721" Parallel="0" EstimateRebinds="0" EstimateRewinds="0" EstimatedExecutionMode="Row">
                                                  <OutputList>
                                                    <ColumnReference Database="[OurLabReporting]" Schema="[dbo]" Table="[MetaData]" Alias="[M]" Column="Value" />
                                                  </OutputList>
                                                  <MemoryFractions Input="1" Output="1" />
                                                  <Sort Distinct="1">
                                                    <OrderBy>
                                                      <OrderByColumn Ascending="1">
                                                        <ColumnReference Database="[OurLabReporting]" Schema="[dbo]" Table="[MetaData]" Alias="[M]" Column="Value" />
                                                      </OrderByColumn>
                                                    </OrderBy>
                                                    <RelOp NodeId="11" PhysicalOp="Index Seek" LogicalOp="Index Seek" EstimateRows="17.1772" EstimateIO="0.003125" EstimateCPU="0.000175895" AvgRowSize="45" EstimatedTotalSubtreeCost="0.00330089" TableCardinality="4.92619e+007" Parallel="0" EstimateRebinds="0" EstimateRewinds="0" EstimatedExecutionMode="Row">
                                                      <OutputList>
                                                        <ColumnReference Database="[OurLabReporting]" Schema="[dbo]" Table="[MetaData]" Alias="[M]" Column="Value" />
                                                      </OutputList>
                                                      <IndexScan Ordered="1" ScanDirection="FORWARD" ForcedIndex="0" ForceSeek="0" ForceScan="0" NoExpandHint="0" Storage="RowStore">
                                                        <DefinedValues>
                                                          <DefinedValue>
                                                            <ColumnReference Database="[OurLabReporting]" Schema="[dbo]" Table="[MetaData]" Alias="[M]" Column="Value" />
                                                          </DefinedValue>
                                                        </DefinedValues>
                                                        <Object Database="[OurLabReporting]" Schema="[dbo]" Table="[MetaData]" Index="[MetaData_IDX_Mix]" Filtered="1" Alias="[M]" IndexKind="NonClustered" />
                                                        <SeekPredicates>
                                                          <SeekPredicateNew>
                                                            <SeekKeys>
                                                              <Prefix ScanType="EQ">
                                                                <RangeColumns>
                                                                  <ColumnReference Database="[OurLabReporting]" Schema="[dbo]" Table="[MetaData]" Alias="[M]" Column="MixId" />
                                                                  <ColumnReference Database="[OurLabReporting]" Schema="[dbo]" Table="[MetaData]" Alias="[M]" Column="Name" />
                                                                </RangeColumns>
                                                                <RangeExpressions>
                                                                  <ScalarOperator ScalarString="[@mixId]">
                                                                    <Identifier>
                                                                      <ColumnReference Column="@mixId" />
                                                                    </Identifier>
                                                                  </ScalarOperator>
                                                                  <ScalarOperator ScalarString="N'Bsp_PhoneRadioSoftwareRevision'">
                                                                    <Const ConstValue="N'Bsp_PhoneRadioSoftwareRevision'" />
                                                                  </ScalarOperator>
                                                                </RangeExpressions>
                                                              </Prefix>
                                                            </SeekKeys>
                                                          </SeekPredicateNew>
                                                        </SeekPredicates>
                                                      </IndexScan>
                                                    </RelOp>
                                                  </Sort>
                                                </RelOp>
                                                <RelOp NodeId="12" PhysicalOp="Table Spool" LogicalOp="Eager Spool" EstimateRows="1.4" EstimateIO="0.013125" EstimateCPU="0.000100804" AvgRowSize="33" EstimatedTotalSubtreeCost="0.0181313" Parallel="0" EstimateRebinds="0" EstimateRewinds="16.1772" EstimatedExecutionMode="Row">
                                                  <OutputList>
                                                    <ColumnReference Database="[OurLabReporting]" Schema="[dbo]" Table="[PlatformBsp]" Alias="[TGT]" Column="Id" />
                                                    <ColumnReference Database="[OurLabReporting]" Schema="[dbo]" Table="[PlatformBsp]" Alias="[TGT]" Column="Name" />
                                                    <ColumnReference Column="TrgPrb1004" />
                                                  </OutputList>
                                                  <Spool>
                                                    <RelOp NodeId="13" PhysicalOp="Compute Scalar" LogicalOp="Compute Scalar" EstimateRows="1.4" EstimateIO="0" EstimateCPU="1.4e-007" AvgRowSize="33" EstimatedTotalSubtreeCost="0.00328368" Parallel="0" EstimateRebinds="0" EstimateRewinds="0" EstimatedExecutionMode="Row">
                                                      <OutputList>
                                                        <ColumnReference Database="[OurLabReporting]" Schema="[dbo]" Table="[PlatformBsp]" Alias="[TGT]" Column="Id" />
                                                        <ColumnReference Database="[OurLabReporting]" Schema="[dbo]" Table="[PlatformBsp]" Alias="[TGT]" Column="Name" />
                                                        <ColumnReference Column="TrgPrb1004" />
                                                      </OutputList>
                                                      <ComputeScalar>
                                                        <DefinedValues>
                                                          <DefinedValue>
                                                            <ColumnReference Column="TrgPrb1004" />
                                                            <ScalarOperator ScalarString="(1)">
                                                              <Const ConstValue="(1)" />
                                                            </ScalarOperator>
                                                          </DefinedValue>
                                                        </DefinedValues>
                                                        <RelOp NodeId="14" PhysicalOp="Index Seek" LogicalOp="Index Seek" EstimateRows="1.4" EstimateIO="0.003125" EstimateCPU="0.00015854" AvgRowSize="29" EstimatedTotalSubtreeCost="0.00328354" TableCardinality="7" Parallel="0" EstimateRebinds="0" EstimateRewinds="0" EstimatedExecutionMode="Row">
                                                          <OutputList>
                                                            <ColumnReference Database="[OurLabReporting]" Schema="[dbo]" Table="[PlatformBsp]" Alias="[TGT]" Column="Id" />
                                                            <ColumnReference Database="[OurLabReporting]" Schema="[dbo]" Table="[PlatformBsp]" Alias="[TGT]" Column="Name" />
                                                          </OutputList>
                                                          <IndexScan Ordered="1" ScanDirection="FORWARD" ForcedIndex="0" ForceSeek="0" ForceScan="0" NoExpandHint="0" Storage="RowStore">
                                                            <DefinedValues>
                                                              <DefinedValue>
                                                                <ColumnReference Database="[OurLabReporting]" Schema="[dbo]" Table="[PlatformBsp]" Alias="[TGT]" Column="Id" />
                                                              </DefinedValue>
                                                              <DefinedValue>
                                                                <ColumnReference Database="[OurLabReporting]" Schema="[dbo]" Table="[PlatformBsp]" Alias="[TGT]" Column="Name" />
                                                              </DefinedValue>
                                                            </DefinedValues>
                                                            <Object Database="[OurLabReporting]" Schema="[dbo]" Table="[PlatformBsp]" Index="[PlatformBsp_AK]" Alias="[TGT]" IndexKind="NonClustered" />
                                                            <SeekPredicates>
                                                              <SeekPredicateNew>
                                                                <SeekKeys>
                                                                  <Prefix ScanType="EQ">
                                                                    <RangeColumns>
                                                                      <ColumnReference Database="[OurLabReporting]" Schema="[dbo]" Table="[PlatformBsp]" Alias="[TGT]" Column="PlatformId" />
                                                                    </RangeColumns>
                                                                    <RangeExpressions>
                                                                      <ScalarOperator ScalarString="[@platformId]">
                                                                        <Identifier>
                                                                          <ColumnReference Column="@platformId" />
                                                                        </Identifier>
                                                                      </ScalarOperator>
                                                                    </RangeExpressions>
                                                                  </Prefix>
                                                                </SeekKeys>
                                                              </SeekPredicateNew>
                                                            </SeekPredicates>
                                                          </IndexScan>
                                                        </RelOp>
                                                      </ComputeScalar>
                                                    </RelOp>
                                                  </Spool>
                                                </RelOp>
                                              </NestedLoops>
                                            </RelOp>
                                          </ComputeScalar>
                                        </RelOp>
                                        <Predicate>
                                          <ScalarOperator ScalarString="[Action1006] IS NOT NULL">
                                            <Compare CompareOp="IS NOT">
                                              <ScalarOperator>
                                                <Identifier>
                                                  <ColumnReference Column="Action1006" />
                                                </Identifier>
                                              </ScalarOperator>
                                              <ScalarOperator>
                                                <Const ConstValue="NULL" />
                                              </ScalarOperator>
                                            </Compare>
                                          </ScalarOperator>
                                        </Predicate>
                                      </Filter>
                                    </RelOp>
                                  </ComputeScalar>
                                </RelOp>
                              </ComputeScalar>
                            </RelOp>
                          </ComputeScalar>
                        </RelOp>
                      </Update>
                    </RelOp>
                    <RelOp NodeId="42" PhysicalOp="Clustered Index Seek" LogicalOp="Clustered Index Seek" EstimateRows="1" EstimateIO="0.003125" EstimateCPU="0.0001581" AvgRowSize="9" EstimatedTotalSubtreeCost="0.00450675" TableCardinality="5" Parallel="0" EstimateRebinds="6.45652" EstimateRewinds="1.28319" EstimatedExecutionMode="Row">
                      <OutputList />
                      <IndexScan Ordered="1" ScanDirection="FORWARD" ForcedIndex="1" ForceSeek="0" ForceScan="0" NoExpandHint="0" Storage="RowStore">
                        <DefinedValues />
                        <Object Database="[OurLabReporting]" Schema="[dbo]" Table="[Platform]" Index="[Platform_PK]" IndexKind="Clustered" />
                        <SeekPredicates>
                          <SeekPredicateNew>
                            <SeekKeys>
                              <Prefix ScanType="EQ">
                                <RangeColumns>
                                  <ColumnReference Database="[OurLabReporting]" Schema="[dbo]" Table="[Platform]" Column="Id" />
                                </RangeColumns>
                                <RangeExpressions>
                                  <ScalarOperator ScalarString="[OurLabReporting].[dbo].[PlatformBsp].[PlatformId] as [TGT].[PlatformId]">
                                    <Identifier>
                                      <ColumnReference Database="[OurLabReporting]" Schema="[dbo]" Table="[PlatformBsp]" Alias="[TGT]" Column="PlatformId" />
                                    </Identifier>
                                  </ScalarOperator>
                                </RangeExpressions>
                              </Prefix>
                            </SeekKeys>
                          </SeekPredicateNew>
                        </SeekPredicates>
                      </IndexScan>
                    </RelOp>
                  </NestedLoops>
                </RelOp>
                <Predicate>
                  <ScalarOperator ScalarString="CASE WHEN NOT [Pass1045] AND [Expr1044] IS NULL THEN (0) ELSE NULL END">
                    <IF>
                      <Condition>
                        <ScalarOperator>
                          <Logical Operation="AND">
                            <ScalarOperator>
                              <Logical Operation="NOT">
                                <ScalarOperator>
                                  <Identifier>
                                    <ColumnReference Column="Pass1045" />
                                  </Identifier>
                                </ScalarOperator>
                              </Logical>
                            </ScalarOperator>
                            <ScalarOperator>
                              <Logical Operation="IS NULL">
                                <ScalarOperator>
                                  <Identifier>
                                    <ColumnReference Column="Expr1044" />
                                  </Identifier>
                                </ScalarOperator>
                              </Logical>
                            </ScalarOperator>
                          </Logical>
                        </ScalarOperator>
                      </Condition>
                      <Then>
                        <ScalarOperator>
                          <Const ConstValue="(0)" />
                        </ScalarOperator>
                      </Then>
                      <Else>
                        <ScalarOperator>
                          <Const ConstValue="NULL" />
                        </ScalarOperator>
                      </Else>
                    </IF>
                  </ScalarOperator>
                </Predicate>
              </Assert>
            </RelOp>
          </QueryPlan>
        </StmtSimple>
        <StmtSimple StatementText="&#x9;SET @platformBspId = (SELECT TOP 1 PB.Id&#xD;&#xA;&#x9;&#x9;&#x9;&#x9;&#x9;&#x9;FROM dbo.MetaData AS M&#xD;&#xA;&#x9;&#x9;&#x9;&#x9;&#x9;&#x9;INNER JOIN dbo.PlatformBsp AS PB ON PB.Name = M.Value AND PB.PlatformId = @platformId&#xD;&#xA;&#x9;&#x9;&#x9;&#x9;&#x9;&#x9;WHERE MixId = @mixId AND M.Name = 'Bsp_PhoneRadioSoftwareRevision')&#xD;&#xA;&#xD;&#xA;&#x9;/*&#xD;&#xA;&#x9;** Add any new values to FirmwareVersion&#xD;&#xA;&#x9;*/&#xD;&#xA;" StatementId="7" StatementCompId="8" StatementType="SELECT" RetrievedFromCache="true" StatementSubTreeCost="0.00659887" StatementEstRows="1" StatementOptmLevel="FULL" QueryHash="0x4113C0E4387F6C53" QueryPlanHash="0xA0EDEBB8A95E52DC" StatementOptmEarlyAbortReason="GoodEnoughPlanFound">
          <StatementSetOptions QUOTED_IDENTIFIER="true" ARITHABORT="true" CONCAT_NULL_YIELDS_NULL="true" ANSI_NULLS="true" ANSI_PADDING="true" ANSI_WARNINGS="true" NUMERIC_ROUNDABORT="false" />
          <QueryPlan NonParallelPlanReason="MaxDOPSetToOne" CachedPlanSize="24" CompileTime="5" CompileCPU="5" CompileMemory="672">
            <MemoryGrantInfo SerialRequiredMemory="0" SerialDesiredMemory="0" />
            <OptimizerHardwareDependentProperties EstimatedAvailableMemoryGrant="193313" EstimatedPagesCached="773254" EstimatedAvailableDegreeOfParallelism="1" />
            <RelOp NodeId="0" PhysicalOp="Compute Scalar" LogicalOp="Compute Scalar" EstimateRows="1" EstimateIO="0" EstimateCPU="1e-007" AvgRowSize="11" EstimatedTotalSubtreeCost="0.00659887" Parallel="0" EstimateRebinds="0" EstimateRewinds="0" EstimatedExecutionMode="Row">
              <OutputList>
                <ColumnReference Column="Expr1005" />
              </OutputList>
              <ComputeScalar>
                <DefinedValues>
                  <DefinedValue>
                    <ColumnReference Column="Expr1005" />
                    <ScalarOperator ScalarString="[OurLabReporting].[dbo].[PlatformBsp].[Id] as [PB].[Id]">
                      <Identifier>
                        <ColumnReference Database="[OurLabReporting]" Schema="[dbo]" Table="[PlatformBsp]" Alias="[PB]" Column="Id" />
                      </Identifier>
                    </ScalarOperator>
                  </DefinedValue>
                </DefinedValues>
                <RelOp NodeId="1" PhysicalOp="Nested Loops" LogicalOp="Left Outer Join" EstimateRows="1" EstimateIO="0" EstimateCPU="4.18e-006" AvgRowSize="11" EstimatedTotalSubtreeCost="0.00659877" Parallel="0" EstimateRebinds="0" EstimateRewinds="0" EstimatedExecutionMode="Row">
                  <OutputList>
                    <ColumnReference Database="[OurLabReporting]" Schema="[dbo]" Table="[PlatformBsp]" Alias="[PB]" Column="Id" />
                  </OutputList>
                  <NestedLoops Optimized="0">
                    <RelOp NodeId="2" PhysicalOp="Constant Scan" LogicalOp="Constant Scan" EstimateRows="1" EstimateIO="0" EstimateCPU="1.157e-006" AvgRowSize="9" EstimatedTotalSubtreeCost="1.157e-006" Parallel="0" EstimateRebinds="0" EstimateRewinds="0" EstimatedExecutionMode="Row">
                      <OutputList />
                      <ConstantScan />
                    </RelOp>
                    <RelOp NodeId="3" PhysicalOp="Top" LogicalOp="Top" EstimateRows="1" EstimateIO="0" EstimateCPU="1e-007" AvgRowSize="11" EstimatedTotalSubtreeCost="0.00659343" Parallel="0" EstimateRebinds="0" EstimateRewinds="0" EstimatedExecutionMode="Row">
                      <OutputList>
                        <ColumnReference Database="[OurLabReporting]" Schema="[dbo]" Table="[PlatformBsp]" Alias="[PB]" Column="Id" />
                      </OutputList>
                      <Top RowCount="0" IsPercent="0" WithTies="0">
                        <TopExpression>
                          <ScalarOperator ScalarString="(1)">
                            <Const ConstValue="(1)" />
                          </ScalarOperator>
                        </TopExpression>
                        <RelOp NodeId="4" PhysicalOp="Nested Loops" LogicalOp="Inner Join" EstimateRows="1" EstimateIO="0" EstimateCPU="0.000100521" AvgRowSize="11" EstimatedTotalSubtreeCost="0.00659333" Parallel="0" EstimateRebinds="0" EstimateRewinds="0" EstimatedExecutionMode="Row">
                          <OutputList>
                            <ColumnReference Database="[OurLabReporting]" Schema="[dbo]" Table="[PlatformBsp]" Alias="[PB]" Column="Id" />
                          </OutputList>
                          <NestedLoops Optimized="0">
                            <Predicate>
                              <ScalarOperator ScalarString="[OurLabReporting].[dbo].[PlatformBsp].[Name] as [PB].[Name]=[OurLabReporting].[dbo].[MetaData].[Value] as [M].[Value]">
                                <Compare CompareOp="EQ">
                                  <ScalarOperator>
                                    <Identifier>
                                      <ColumnReference Database="[OurLabReporting]" Schema="[dbo]" Table="[PlatformBsp]" Alias="[PB]" Column="Name" />
                                    </Identifier>
                                  </ScalarOperator>
                                  <ScalarOperator>
                                    <Identifier>
                                      <ColumnReference Database="[OurLabReporting]" Schema="[dbo]" Table="[MetaData]" Alias="[M]" Column="Value" />
                                    </Identifier>
                                  </ScalarOperator>
                                </Compare>
                              </ScalarOperator>
                            </Predicate>
                            <RelOp NodeId="5" PhysicalOp="Index Seek" LogicalOp="Index Seek" EstimateRows="1" EstimateIO="0.003125" EstimateCPU="0.00015854" AvgRowSize="29" EstimatedTotalSubtreeCost="0.0032831" TableCardinality="7" Parallel="0" EstimateRebinds="0" EstimateRewinds="0" EstimatedExecutionMode="Row">
                              <OutputList>
                                <ColumnReference Database="[OurLabReporting]" Schema="[dbo]" Table="[PlatformBsp]" Alias="[PB]" Column="Id" />
                                <ColumnReference Database="[OurLabReporting]" Schema="[dbo]" Table="[PlatformBsp]" Alias="[PB]" Column="Name" />
                              </OutputList>
                              <IndexScan Ordered="1" ScanDirection="FORWARD" ForcedIndex="0" ForceSeek="0" ForceScan="0" NoExpandHint="0" Storage="RowStore">
                                <DefinedValues>
                                  <DefinedValue>
                                    <ColumnReference Database="[OurLabReporting]" Schema="[dbo]" Table="[PlatformBsp]" Alias="[PB]" Column="Id" />
                                  </DefinedValue>
                                  <DefinedValue>
                                    <ColumnReference Database="[OurLabReporting]" Schema="[dbo]" Table="[PlatformBsp]" Alias="[PB]" Column="Name" />
                                  </DefinedValue>
                                </DefinedValues>
                                <Object Database="[OurLabReporting]" Schema="[dbo]" Table="[PlatformBsp]" Index="[PlatformBsp_AK]" Alias="[PB]" IndexKind="NonClustered" />
                                <SeekPredicates>
                                  <SeekPredicateNew>
                                    <SeekKeys>
                                      <Prefix ScanType="EQ">
                                        <RangeColumns>
                                          <ColumnReference Database="[OurLabReporting]" Schema="[dbo]" Table="[PlatformBsp]" Alias="[PB]" Column="PlatformId" />
                                        </RangeColumns>
                                        <RangeExpressions>
                                          <ScalarOperator ScalarString="[@platformId]">
                                            <Identifier>
                                              <ColumnReference Column="@platformId" />
                                            </Identifier>
                                          </ScalarOperator>
                                        </RangeExpressions>
                                      </Prefix>
                                    </SeekKeys>
                                  </SeekPredicateNew>
                                </SeekPredicates>
                              </IndexScan>
                            </RelOp>
                            <RelOp NodeId="6" PhysicalOp="Index Seek" LogicalOp="Index Seek" EstimateRows="17.1772" EstimateIO="0.003125" EstimateCPU="0.000175895" AvgRowSize="45" EstimatedTotalSubtreeCost="0.00330089" TableCardinality="4.92619e+007" Parallel="0" EstimateRebinds="0" EstimateRewinds="0" EstimatedExecutionMode="Row">
                              <OutputList>
                                <ColumnReference Database="[OurLabReporting]" Schema="[dbo]" Table="[MetaData]" Alias="[M]" Column="Value" />
                              </OutputList>
                              <IndexScan Ordered="1" ScanDirection="FORWARD" ForcedIndex="0" ForceSeek="0" ForceScan="0" NoExpandHint="0" Storage="RowStore">
                                <DefinedValues>
                                  <DefinedValue>
                                    <ColumnReference Database="[OurLabReporting]" Schema="[dbo]" Table="[MetaData]" Alias="[M]" Column="Value" />
                                  </DefinedValue>
                                </DefinedValues>
                                <Object Database="[OurLabReporting]" Schema="[dbo]" Table="[MetaData]" Index="[MetaData_IDX_Mix]" Filtered="1" Alias="[M]" IndexKind="NonClustered" />
                                <SeekPredicates>
                                  <SeekPredicateNew>
                                    <SeekKeys>
                                      <Prefix ScanType="EQ">
                                        <RangeColumns>
                                          <ColumnReference Database="[OurLabReporting]" Schema="[dbo]" Table="[MetaData]" Alias="[M]" Column="MixId" />
                                          <ColumnReference Database="[OurLabReporting]" Schema="[dbo]" Table="[MetaData]" Alias="[M]" Column="Name" />
                                        </RangeColumns>
                                        <RangeExpressions>
                                          <ScalarOperator ScalarString="[@mixId]">
                                            <Identifier>
                                              <ColumnReference Column="@mixId" />
                                            </Identifier>
                                          </ScalarOperator>
                                          <ScalarOperator ScalarString="N'Bsp_PhoneRadioSoftwareRevision'">
                                            <Const ConstValue="N'Bsp_PhoneRadioSoftwareRevision'" />
                                          </ScalarOperator>
                                        </RangeExpressions>
                                      </Prefix>
                                    </SeekKeys>
                                  </SeekPredicateNew>
                                </SeekPredicates>
                              </IndexScan>
                            </RelOp>
                          </NestedLoops>
                        </RelOp>
                      </Top>
                    </RelOp>
                  </NestedLoops>
                </RelOp>
              </ComputeScalar>
            </RelOp>
          </QueryPlan>
        </StmtSimple>
        <StmtSimple StatementText="&#x9;MERGE dbo.PlatformBspFirmware TGT&#xD;&#xA;&#x9;USING (&#xD;&#xA;&#x9;&#x9;SELECT DISTINCT M.Value&#xD;&#xA;&#x9;&#x9;FROM dbo.MetaData AS M&#xD;&#xA;&#x9;&#x9;WHERE MixId = @mixId AND M.Name = 'Bsp_PhoneFirmwareRevision'&#xD;&#xA;&#x9;) AS SRC ON TGT.Name = SRC.Value AND TGT.PlatformBspId = @platformBspId&#xD;&#xA;&#xD;&#xA;&#x9;WHEN NOT MATCHED THEN&#xD;&#xA;&#x9;INSERT (PlatformBspId, Name)&#xD;&#xA;&#x9;VALUES (@platformBspId, SRC.Value);&#xD;&#xA;&#x9;&#xD;&#xA;" StatementId="8" StatementCompId="9" StatementType="MERGE" RetrievedFromCache="true" StatementSubTreeCost="0.0667502" StatementEstRows="7.86574" StatementOptmLevel="FULL" QueryHash="0x6490165201678C35" QueryPlanHash="0x4271C96B6369901B" StatementOptmEarlyAbortReason="GoodEnoughPlanFound">
          <StatementSetOptions QUOTED_IDENTIFIER="true" ARITHABORT="true" CONCAT_NULL_YIELDS_NULL="true" ANSI_NULLS="true" ANSI_PADDING="true" ANSI_WARNINGS="true" NUMERIC_ROUNDABORT="false" />
          <QueryPlan NonParallelPlanReason="MaxDOPSetToOne" CachedPlanSize="64" CompileTime="16" CompileCPU="16" CompileMemory="1248">
            <MemoryGrantInfo SerialRequiredMemory="512" SerialDesiredMemory="544" />
            <OptimizerHardwareDependentProperties EstimatedAvailableMemoryGrant="193313" EstimatedPagesCached="773254" EstimatedAvailableDegreeOfParallelism="1" />
            <RelOp NodeId="1" PhysicalOp="Assert" LogicalOp="Assert" EstimateRows="7.86574" EstimateIO="0" EstimateCPU="6.13528e-006" AvgRowSize="9" EstimatedTotalSubtreeCost="0.0667502" Parallel="0" EstimateRebinds="0" EstimateRewinds="0" EstimatedExecutionMode="Row">
              <OutputList />
              <Assert StartupExpression="0">
                <RelOp NodeId="2" PhysicalOp="Nested Loops" LogicalOp="Left Semi Join" EstimateRows="7.86574" EstimateIO="0" EstimateCPU="3.6532e-005" AvgRowSize="9" EstimatedTotalSubtreeCost="0.066744" Parallel="0" EstimateRebinds="0" EstimateRewinds="0" EstimatedExecutionMode="Row">
                  <OutputList>
                    <ColumnReference Column="Expr1044" />
                    <ColumnReference Column="Pass1045" />
                  </OutputList>
                  <NestedLoops Optimized="0">
                    <DefinedValues>
                      <DefinedValue>
                        <ColumnReference Column="Expr1044" />
                      </DefinedValue>
                      <DefinedValue>
                        <ColumnReference Column="Pass1045" />
                      </DefinedValue>
                    </DefinedValues>
                    <PassThru>
                      <ScalarOperator ScalarString="[Action1006]&lt;&gt;(4)">
                        <Compare CompareOp="NE">
                          <ScalarOperator>
                            <Identifier>
                              <ColumnReference Column="Action1006" />
                            </Identifier>
                          </ScalarOperator>
                          <ScalarOperator>
                            <Const ConstValue="(4)" />
                          </ScalarOperator>
                        </Compare>
                      </ScalarOperator>
                    </PassThru>
                    <OuterReferences>
                      <ColumnReference Database="[OurLabReporting]" Schema="[dbo]" Table="[PlatformBspFirmware]" Alias="[TGT]" Column="PlatformBspId" />
                    </OuterReferences>
                    <ProbeColumn>
                      <ColumnReference Column="Expr1044" />
                    </ProbeColumn>
                    <RelOp NodeId="3" PhysicalOp="Clustered Index Merge" LogicalOp="Merge" EstimateRows="8.73971" EstimateIO="0.02" EstimateCPU="1.74794e-005" AvgRowSize="15" EstimatedTotalSubtreeCost="0.0621981" Parallel="0" EstimateRebinds="0" EstimateRewinds="0" EstimatedExecutionMode="Row">
                      <OutputList>
                        <ColumnReference Column="Action1006" />
                        <ColumnReference Database="[OurLabReporting]" Schema="[dbo]" Table="[PlatformBspFirmware]" Alias="[TGT]" Column="PlatformBspId" />
                      </OutputList>
                      <Update DMLRequestSort="0">
                        <Object Database="[OurLabReporting]" Schema="[dbo]" Table="[PlatformBspFirmware]" Index="[PlatformBspFirmware_PK]" Alias="[TGT]" IndexKind="Clustered" />
                        <Object Database="[OurLabReporting]" Schema="[dbo]" Table="[PlatformBspFirmware]" Index="[PlatformBspFirmware_AK]" Alias="[TGT]" IndexKind="NonClustered" />
                        <SetPredicate>
                          <ScalarOperator ScalarString="[OurLabReporting].[dbo].[PlatformBspFirmware].[PlatformBspId] as [TGT].[PlatformBspId] = RaiseIfNullUpdate([@platformBspId]),[OurLabReporting].[dbo].[PlatformBspFirmware].[Name] as [TGT].[Name] = RaiseIfNullUpdate([Expr1008]),[OurLabReporting].[dbo].[PlatformBspFirmware].[Id] as [TGT].[Id] = RaiseIfNullUpdate([Expr1007]),[OurLabReporting].[dbo].[PlatformBspFirmware].[Segment1] as [TGT].[Segment1] = [Expr1009],[OurLabReporting].[dbo].[PlatformBspFirmware].[Segment2] as [TGT].[Segment2] = [Expr1010],[OurLabReporting].[dbo].[PlatformBspFirmware].[Segment3] as [TGT].[Segment3] = [Expr1011],[OurLabReporting].[dbo].[PlatformBspFirmware].[Segment4] as [TGT].[Segment4] = [Expr1012],[OurLabReporting].[dbo].[PlatformBspFirmware].[RankInPlatformBsp] as [TGT].[RankInPlatformBsp] = [Expr1013]">
                            <ScalarExpressionList>
                              <ScalarOperator>
                                <MultipleAssign>
                                  <Assign>
                                    <ColumnReference Database="[OurLabReporting]" Schema="[dbo]" Table="[PlatformBspFirmware]" Alias="[TGT]" Column="PlatformBspId" />
                                    <ScalarOperator>
                                      <Intrinsic FunctionName="RaiseIfNullUpdate">
                                        <ScalarOperator>
                                          <Identifier>
                                            <ColumnReference Column="@platformBspId" />
                                          </Identifier>
                                        </ScalarOperator>
                                      </Intrinsic>
                                    </ScalarOperator>
                                  </Assign>
                                  <Assign>
                                    <ColumnReference Database="[OurLabReporting]" Schema="[dbo]" Table="[PlatformBspFirmware]" Alias="[TGT]" Column="Name" />
                                    <ScalarOperator>
                                      <Intrinsic FunctionName="RaiseIfNullUpdate">
                                        <ScalarOperator>
                                          <Identifier>
                                            <ColumnReference Column="Expr1008" />
                                          </Identifier>
                                        </ScalarOperator>
                                      </Intrinsic>
                                    </ScalarOperator>
                                  </Assign>
                                  <Assign>
                                    <ColumnReference Database="[OurLabReporting]" Schema="[dbo]" Table="[PlatformBspFirmware]" Alias="[TGT]" Column="Id" />
                                    <ScalarOperator>
                                      <Intrinsic FunctionName="RaiseIfNullUpdate">
                                        <ScalarOperator>
                                          <Identifier>
                                            <ColumnReference Column="Expr1007" />
                                          </Identifier>
                                        </ScalarOperator>
                                      </Intrinsic>
                                    </ScalarOperator>
                                  </Assign>
                                  <Assign>
                                    <ColumnReference Database="[OurLabReporting]" Schema="[dbo]" Table="[PlatformBspFirmware]" Alias="[TGT]" Column="Segment1" />
                                    <ScalarOperator>
                                      <Identifier>
                                        <ColumnReference Column="Expr1009" />
                                      </Identifier>
                                    </ScalarOperator>
                                  </Assign>
                                  <Assign>
                                    <ColumnReference Database="[OurLabReporting]" Schema="[dbo]" Table="[PlatformBspFirmware]" Alias="[TGT]" Column="Segment2" />
                                    <ScalarOperator>
                                      <Identifier>
                                        <ColumnReference Column="Expr1010" />
                                      </Identifier>
                                    </ScalarOperator>
                                  </Assign>
                                  <Assign>
                                    <ColumnReference Database="[OurLabReporting]" Schema="[dbo]" Table="[PlatformBspFirmware]" Alias="[TGT]" Column="Segment3" />
                                    <ScalarOperator>
                                      <Identifier>
                                        <ColumnReference Column="Expr1011" />
                                      </Identifier>
                                    </ScalarOperator>
                                  </Assign>
                                  <Assign>
                                    <ColumnReference Database="[OurLabReporting]" Schema="[dbo]" Table="[PlatformBspFirmware]" Alias="[TGT]" Column="Segment4" />
                                    <ScalarOperator>
                                      <Identifier>
                                        <ColumnReference Column="Expr1012" />
                                      </Identifier>
                                    </ScalarOperator>
                                  </Assign>
                                  <Assign>
                                    <ColumnReference Database="[OurLabReporting]" Schema="[dbo]" Table="[PlatformBspFirmware]" Alias="[TGT]" Column="RankInPlatformBsp" />
                                    <ScalarOperator>
                                      <Identifier>
                                        <ColumnReference Column="Expr1013" />
                                      </Identifier>
                                    </ScalarOperator>
                                  </Assign>
                                </MultipleAssign>
                              </ScalarOperator>
                            </ScalarExpressionList>
                          </ScalarOperator>
                        </SetPredicate>
                        <ActionColumn>
                          <ColumnReference Column="Action1006" />
                        </ActionColumn>
                        <RelOp NodeId="4" PhysicalOp="Compute Scalar" LogicalOp="Compute Scalar" EstimateRows="8.73971" EstimateIO="0" EstimateCPU="0" AvgRowSize="198" EstimatedTotalSubtreeCost="0.0421806" Parallel="0" EstimateRebinds="0" EstimateRewinds="0" EstimatedExecutionMode="Row">
                          <OutputList>
                            <ColumnReference Database="[OurLabReporting]" Schema="[dbo]" Table="[PlatformBspFirmware]" Alias="[TGT]" Column="Id" />
                            <ColumnReference Column="Action1006" />
                            <ColumnReference Column="Expr1007" />
                            <ColumnReference Column="Expr1008" />
                            <ColumnReference Column="Expr1009" />
                            <ColumnReference Column="Expr1010" />
                            <ColumnReference Column="Expr1011" />
                            <ColumnReference Column="Expr1012" />
                            <ColumnReference Column="Expr1013" />
                          </OutputList>
                          <ComputeScalar>
                            <DefinedValues>
                              <DefinedValue>
                                <ColumnReference Column="Action1006" />
                                <ScalarOperator ScalarString="[Action1006]">
                                  <Identifier>
                                    <ColumnReference Column="Action1006" />
                                  </Identifier>
                                </ScalarOperator>
                              </DefinedValue>
                            </DefinedValues>
                            <RelOp NodeId="5" PhysicalOp="Compute Scalar" LogicalOp="Compute Scalar" EstimateRows="8.73971" EstimateIO="0" EstimateCPU="8.73971e-007" AvgRowSize="198" EstimatedTotalSubtreeCost="0.0421806" Parallel="0" EstimateRebinds="0" EstimateRewinds="0" EstimatedExecutionMode="Row">
                              <OutputList>
                                <ColumnReference Database="[OurLabReporting]" Schema="[dbo]" Table="[PlatformBspFirmware]" Alias="[TGT]" Column="Id" />
                                <ColumnReference Column="Action1006" />
                                <ColumnReference Column="Expr1007" />
                                <ColumnReference Column="Expr1008" />
                                <ColumnReference Column="Expr1009" />
                                <ColumnReference Column="Expr1010" />
                                <ColumnReference Column="Expr1011" />
                                <ColumnReference Column="Expr1012" />
                                <ColumnReference Column="Expr1013" />
                              </OutputList>
                              <ComputeScalar>
                                <DefinedValues>
                                  <DefinedValue>
                                    <ColumnReference Column="Expr1008" />
                                    <ScalarOperator ScalarString="CONVERT_IMPLICIT(nvarchar(128),[OurLabReporting].[dbo].[MetaData].[Value] as [M].[Value],0)">
                                      <Convert DataType="nvarchar" Length="256" Style="0" Implicit="1">
                                        <ScalarOperator>
                                          <Identifier>
                                            <ColumnReference Database="[OurLabReporting]" Schema="[dbo]" Table="[MetaData]" Alias="[M]" Column="Value" />
                                          </Identifier>
                                        </ScalarOperator>
                                      </Convert>
                                    </ScalarOperator>
                                  </DefinedValue>
                                  <DefinedValue>
                                    <ColumnReference Column="Expr1009" />
                                    <ScalarOperator ScalarString="NULL">
                                      <Const ConstValue="NULL" />
                                    </ScalarOperator>
                                  </DefinedValue>
                                  <DefinedValue>
                                    <ColumnReference Column="Expr1010" />
                                    <ScalarOperator ScalarString="NULL">
                                      <Const ConstValue="NULL" />
                                    </ScalarOperator>
                                  </DefinedValue>
                                  <DefinedValue>
                                    <ColumnReference Column="Expr1011" />
                                    <ScalarOperator ScalarString="NULL">
                                      <Const ConstValue="NULL" />
                                    </ScalarOperator>
                                  </DefinedValue>
                                  <DefinedValue>
                                    <ColumnReference Column="Expr1012" />
                                    <ScalarOperator ScalarString="NULL">
                                      <Const ConstValue="NULL" />
                                    </ScalarOperator>
                                  </DefinedValue>
                                  <DefinedValue>
                                    <ColumnReference Column="Expr1013" />
                                    <ScalarOperator ScalarString="NULL">
                                      <Const ConstValue="NULL" />
                                    </ScalarOperator>
                                  </DefinedValue>
                                </DefinedValues>
                                <RelOp NodeId="6" PhysicalOp="Compute Scalar" LogicalOp="Compute Scalar" EstimateRows="8.73971" EstimateIO="0" EstimateCPU="8.73971e-007" AvgRowSize="57" EstimatedTotalSubtreeCost="0.0421798" Parallel="0" EstimateRebinds="0" EstimateRewinds="0" EstimatedExecutionMode="Row">
                                  <OutputList>
                                    <ColumnReference Database="[OurLabReporting]" Schema="[dbo]" Table="[MetaData]" Alias="[M]" Column="Value" />
                                    <ColumnReference Database="[OurLabReporting]" Schema="[dbo]" Table="[PlatformBspFirmware]" Alias="[TGT]" Column="Id" />
                                    <ColumnReference Column="Action1006" />
                                    <ColumnReference Column="Expr1007" />
                                  </OutputList>
                                  <ComputeScalar ComputeSequence="1">
                                    <DefinedValues>
                                      <DefinedValue>
                                        <ColumnReference Column="Expr1007" />
                                        <ScalarOperator ScalarString="getconditionalidentity((418100530),(6),NULL,[Action1006]=(4))">
                                          <Intrinsic FunctionName="getconditionalidentity">
                                            <ScalarOperator>
                                              <Const ConstValue="(418100530)" />
                                            </ScalarOperator>
                                            <ScalarOperator>
                                              <Const ConstValue="(6)" />
                                            </ScalarOperator>
                                            <ScalarOperator>
                                              <Const ConstValue="NULL" />
                                            </ScalarOperator>
                                            <ScalarOperator>
                                              <Compare CompareOp="EQ">
                                                <ScalarOperator>
                                                  <Identifier>
                                                    <ColumnReference Column="Action1006" />
                                                  </Identifier>
                                                </ScalarOperator>
                                                <ScalarOperator>
                                                  <Const ConstValue="(4)" />
                                                </ScalarOperator>
                                              </Compare>
                                            </ScalarOperator>
                                          </Intrinsic>
                                        </ScalarOperator>
                                      </DefinedValue>
                                    </DefinedValues>
                                    <RelOp NodeId="7" PhysicalOp="Table Spool" LogicalOp="Eager Spool" EstimateRows="8.73971" EstimateIO="0.013125" EstimateCPU="0.000103446" AvgRowSize="53" EstimatedTotalSubtreeCost="0.0421789" Parallel="0" EstimateRebinds="0" EstimateRewinds="0" EstimatedExecutionMode="Row">
                                      <OutputList>
                                        <ColumnReference Database="[OurLabReporting]" Schema="[dbo]" Table="[MetaData]" Alias="[M]" Column="Value" />
                                        <ColumnReference Database="[OurLabReporting]" Schema="[dbo]" Table="[PlatformBspFirmware]" Alias="[TGT]" Column="Id" />
                                        <ColumnReference Column="Action1006" />
                                      </OutputList>
                                      <Spool>
                                        <RelOp NodeId="8" PhysicalOp="Filter" LogicalOp="Filter" EstimateRows="8.73971" EstimateIO="0" EstimateCPU="8.24507e-006" AvgRowSize="53" EstimatedTotalSubtreeCost="0.0289504" Parallel="0" EstimateRebinds="0" EstimateRewinds="0" EstimatedExecutionMode="Row">
                                          <OutputList>
                                            <ColumnReference Database="[OurLabReporting]" Schema="[dbo]" Table="[MetaData]" Alias="[M]" Column="Value" />
                                            <ColumnReference Database="[OurLabReporting]" Schema="[dbo]" Table="[PlatformBspFirmware]" Alias="[TGT]" Column="Id" />
                                            <ColumnReference Column="Action1006" />
                                          </OutputList>
                                          <Filter StartupExpression="0">
                                            <RelOp NodeId="9" PhysicalOp="Compute Scalar" LogicalOp="Compute Scalar" EstimateRows="17.1772" EstimateIO="0" EstimateCPU="1.71772e-006" AvgRowSize="53" EstimatedTotalSubtreeCost="0.0289422" Parallel="0" EstimateRebinds="0" EstimateRewinds="0" EstimatedExecutionMode="Row">
                                              <OutputList>
                                                <ColumnReference Database="[OurLabReporting]" Schema="[dbo]" Table="[MetaData]" Alias="[M]" Column="Value" />
                                                <ColumnReference Database="[OurLabReporting]" Schema="[dbo]" Table="[PlatformBspFirmware]" Alias="[TGT]" Column="Id" />
                                                <ColumnReference Column="Action1006" />
                                              </OutputList>
                                              <ComputeScalar ComputeSequence="1">
                                                <DefinedValues>
                                                  <DefinedValue>
                                                    <ColumnReference Column="Action1006" />
                                                    <ScalarOperator ScalarString="ForceOrder(CASE WHEN [TrgPrb1004] IS NOT NULL THEN NULL ELSE (4) END)">
                                                      <Intrinsic FunctionName="ForceOrder">
                                                        <ScalarOperator>
                                                          <IF>
                                                            <Condition>
                                                              <ScalarOperator>
                                                                <Compare CompareOp="IS NOT">
                                                                  <ScalarOperator>
                                                                    <Identifier>
                                                                      <ColumnReference Column="TrgPrb1004" />
                                                                    </Identifier>
                                                                  </ScalarOperator>
                                                                  <ScalarOperator>
                                                                    <Const ConstValue="NULL" />
                                                                  </ScalarOperator>
                                                                </Compare>
                                                              </ScalarOperator>
                                                            </Condition>
                                                            <Then>
                                                              <ScalarOperator>
                                                                <Const ConstValue="NULL" />
                                                              </ScalarOperator>
                                                            </Then>
                                                            <Else>
                                                              <ScalarOperator>
                                                                <Const ConstValue="(4)" />
                                                              </ScalarOperator>
                                                            </Else>
                                                          </IF>
                                                        </ScalarOperator>
                                                      </Intrinsic>
                                                    </ScalarOperator>
                                                  </DefinedValue>
                                                </DefinedValues>
                                                <RelOp NodeId="10" PhysicalOp="Merge Join" LogicalOp="Right Outer Join" EstimateRows="17.1772" EstimateIO="0" EstimateCPU="0.00682099" AvgRowSize="53" EstimatedTotalSubtreeCost="0.0289405" Parallel="0" EstimateRebinds="0" EstimateRewinds="0" EstimatedExecutionMode="Row">
                                                  <OutputList>
                                                    <ColumnReference Database="[OurLabReporting]" Schema="[dbo]" Table="[MetaData]" Alias="[M]" Column="Value" />
                                                    <ColumnReference Database="[OurLabReporting]" Schema="[dbo]" Table="[PlatformBspFirmware]" Alias="[TGT]" Column="Id" />
                                                    <ColumnReference Column="TrgPrb1004" />
                                                  </OutputList>
                                                  <Merge ManyToMany="0">
                                                    <InnerSideJoinColumns>
                                                      <ColumnReference Database="[OurLabReporting]" Schema="[dbo]" Table="[MetaData]" Alias="[M]" Column="Value" />
                                                    </InnerSideJoinColumns>
                                                    <OuterSideJoinColumns>
                                                      <ColumnReference Database="[OurLabReporting]" Schema="[dbo]" Table="[PlatformBspFirmware]" Alias="[TGT]" Column="Name" />
                                                    </OuterSideJoinColumns>
                                                    <Residual>
                                                      <ScalarOperator ScalarString="[OurLabReporting].[dbo].[PlatformBspFirmware].[Name] as [TGT].[Name]=[OurLabReporting].[dbo].[MetaData].[Value] as [M].[Value]">
                                                        <Compare CompareOp="EQ">
                                                          <ScalarOperator>
                                                            <Identifier>
                                                              <ColumnReference Database="[OurLabReporting]" Schema="[dbo]" Table="[PlatformBspFirmware]" Alias="[TGT]" Column="Name" />
                                                            </Identifier>
                                                          </ScalarOperator>
                                                          <ScalarOperator>
                                                            <Identifier>
                                                              <ColumnReference Database="[OurLabReporting]" Schema="[dbo]" Table="[MetaData]" Alias="[M]" Column="Value" />
                                                            </Identifier>
                                                          </ScalarOperator>
                                                        </Compare>
                                                      </ScalarOperator>
                                                    </Residual>
                                                    <RelOp NodeId="11" PhysicalOp="Compute Scalar" LogicalOp="Compute Scalar" EstimateRows="563.429" EstimateIO="0" EstimateCPU="5.63429e-005" AvgRowSize="56" EstimatedTotalSubtreeCost="0.00734436" Parallel="0" EstimateRebinds="0" EstimateRewinds="0" EstimatedExecutionMode="Row">
                                                      <OutputList>
                                                        <ColumnReference Database="[OurLabReporting]" Schema="[dbo]" Table="[PlatformBspFirmware]" Alias="[TGT]" Column="Id" />
                                                        <ColumnReference Database="[OurLabReporting]" Schema="[dbo]" Table="[PlatformBspFirmware]" Alias="[TGT]" Column="Name" />
                                                        <ColumnReference Column="TrgPrb1004" />
                                                      </OutputList>
                                                      <ComputeScalar>
                                                        <DefinedValues>
                                                          <DefinedValue>
                                                            <ColumnReference Column="TrgPrb1004" />
                                                            <ScalarOperator ScalarString="(1)">
                                                              <Const ConstValue="(1)" />
                                                            </ScalarOperator>
                                                          </DefinedValue>
                                                        </DefinedValues>
                                                        <RelOp NodeId="12" PhysicalOp="Index Seek" LogicalOp="Index Seek" EstimateRows="563.429" EstimateIO="0.00651124" EstimateCPU="0.000776771" AvgRowSize="52" EstimatedTotalSubtreeCost="0.00728802" TableCardinality="3944" Parallel="0" EstimateRebinds="0" EstimateRewinds="0" EstimatedExecutionMode="Row">
                                                          <OutputList>
                                                            <ColumnReference Database="[OurLabReporting]" Schema="[dbo]" Table="[PlatformBspFirmware]" Alias="[TGT]" Column="Id" />
                                                            <ColumnReference Database="[OurLabReporting]" Schema="[dbo]" Table="[PlatformBspFirmware]" Alias="[TGT]" Column="Name" />
                                                          </OutputList>
                                                          <IndexScan Ordered="1" ScanDirection="FORWARD" ForcedIndex="0" ForceSeek="0" ForceScan="0" NoExpandHint="0" Storage="RowStore">
                                                            <DefinedValues>
                                                              <DefinedValue>
                                                                <ColumnReference Database="[OurLabReporting]" Schema="[dbo]" Table="[PlatformBspFirmware]" Alias="[TGT]" Column="Id" />
                                                              </DefinedValue>
                                                              <DefinedValue>
                                                                <ColumnReference Database="[OurLabReporting]" Schema="[dbo]" Table="[PlatformBspFirmware]" Alias="[TGT]" Column="Name" />
                                                              </DefinedValue>
                                                            </DefinedValues>
                                                            <Object Database="[OurLabReporting]" Schema="[dbo]" Table="[PlatformBspFirmware]" Index="[PlatformBspFirmware_AK]" Alias="[TGT]" IndexKind="NonClustered" />
                                                            <SeekPredicates>
                                                              <SeekPredicateNew>
                                                                <SeekKeys>
                                                                  <Prefix ScanType="EQ">
                                                                    <RangeColumns>
                                                                      <ColumnReference Database="[OurLabReporting]" Schema="[dbo]" Table="[PlatformBspFirmware]" Alias="[TGT]" Column="PlatformBspId" />
                                                                    </RangeColumns>
                                                                    <RangeExpressions>
                                                                      <ScalarOperator ScalarString="[@platformBspId]">
                                                                        <Identifier>
                                                                          <ColumnReference Column="@platformBspId" />
                                                                        </Identifier>
                                                                      </ScalarOperator>
                                                                    </RangeExpressions>
                                                                  </Prefix>
                                                                </SeekKeys>
                                                              </SeekPredicateNew>
                                                            </SeekPredicates>
                                                          </IndexScan>
                                                        </RelOp>
                                                      </ComputeScalar>
                                                    </RelOp>
                                                    <RelOp NodeId="16" PhysicalOp="Sort" LogicalOp="Distinct Sort" EstimateRows="17.1772" EstimateIO="0.0112613" EstimateCPU="0.000209976" AvgRowSize="45" EstimatedTotalSubtreeCost="0.0147721" Parallel="0" EstimateRebinds="0" EstimateRewinds="0" EstimatedExecutionMode="Row">
                                                      <OutputList>
                                                        <ColumnReference Database="[OurLabReporting]" Schema="[dbo]" Table="[MetaData]" Alias="[M]" Column="Value" />
                                                      </OutputList>
                                                      <MemoryFractions Input="1" Output="1" />
                                                      <Sort Distinct="1">
                                                        <OrderBy>
                                                          <OrderByColumn Ascending="1">
                                                            <ColumnReference Database="[OurLabReporting]" Schema="[dbo]" Table="[MetaData]" Alias="[M]" Column="Value" />
                                                          </OrderByColumn>
                                                        </OrderBy>
                                                        <RelOp NodeId="17" PhysicalOp="Index Seek" LogicalOp="Index Seek" EstimateRows="17.1772" EstimateIO="0.003125" EstimateCPU="0.000175895" AvgRowSize="45" EstimatedTotalSubtreeCost="0.00330089" TableCardinality="4.92619e+007" Parallel="0" EstimateRebinds="0" EstimateRewinds="0" EstimatedExecutionMode="Row">
                                                          <OutputList>
                                                            <ColumnReference Database="[OurLabReporting]" Schema="[dbo]" Table="[MetaData]" Alias="[M]" Column="Value" />
                                                          </OutputList>
                                                          <IndexScan Ordered="1" ScanDirection="FORWARD" ForcedIndex="0" ForceSeek="0" ForceScan="0" NoExpandHint="0" Storage="RowStore">
                                                            <DefinedValues>
                                                              <DefinedValue>
                                                                <ColumnReference Database="[OurLabReporting]" Schema="[dbo]" Table="[MetaData]" Alias="[M]" Column="Value" />
                                                              </DefinedValue>
                                                            </DefinedValues>
                                                            <Object Database="[OurLabReporting]" Schema="[dbo]" Table="[MetaData]" Index="[MetaData_IDX_Mix]" Filtered="1" Alias="[M]" IndexKind="NonClustered" />
                                                            <SeekPredicates>
                                                              <SeekPredicateNew>
                                                                <SeekKeys>
                                                                  <Prefix ScanType="EQ">
                                                                    <RangeColumns>
                                                                      <ColumnReference Database="[OurLabReporting]" Schema="[dbo]" Table="[MetaData]" Alias="[M]" Column="MixId" />
                                                                      <ColumnReference Database="[OurLabReporting]" Schema="[dbo]" Table="[MetaData]" Alias="[M]" Column="Name" />
                                                                    </RangeColumns>
                                                                    <RangeExpressions>
                                                                      <ScalarOperator ScalarString="[@mixId]">
                                                                        <Identifier>
                                                                          <ColumnReference Column="@mixId" />
                                                                        </Identifier>
                                                                      </ScalarOperator>
                                                                      <ScalarOperator ScalarString="N'Bsp_PhoneFirmwareRevision'">
                                                                        <Const ConstValue="N'Bsp_PhoneFirmwareRevision'" />
                                                                      </ScalarOperator>
                                                                    </RangeExpressions>
                                                                  </Prefix>
                                                                </SeekKeys>
                                                              </SeekPredicateNew>
                                                            </SeekPredicates>
                                                          </IndexScan>
                                                        </RelOp>
                                                      </Sort>
                                                    </RelOp>
                                                  </Merge>
                                                </RelOp>
                                              </ComputeScalar>
                                            </RelOp>
                                            <Predicate>
                                              <ScalarOperator ScalarString="[Action1006] IS NOT NULL">
                                                <Compare CompareOp="IS NOT">
                                                  <ScalarOperator>
                                                    <Identifier>
                                                      <ColumnReference Column="Action1006" />
                                                    </Identifier>
                                                  </ScalarOperator>
                                                  <ScalarOperator>
                                                    <Const ConstValue="NULL" />
                                                  </ScalarOperator>
                                                </Compare>
                                              </ScalarOperator>
                                            </Predicate>
                                          </Filter>
                                        </RelOp>
                                      </Spool>
                                    </RelOp>
                                  </ComputeScalar>
                                </RelOp>
                              </ComputeScalar>
                            </RelOp>
                          </ComputeScalar>
                        </RelOp>
                      </Update>
                    </RelOp>
                    <RelOp NodeId="42" PhysicalOp="Clustered Index Seek" LogicalOp="Clustered Index Seek" EstimateRows="1" EstimateIO="0.003125" EstimateCPU="0.0001581" AvgRowSize="9" EstimatedTotalSubtreeCost="0.00450675" TableCardinality="7" Parallel="0" EstimateRebinds="2.70297" EstimateRewinds="5.03674" EstimatedExecutionMode="Row">
                      <OutputList />
                      <IndexScan Ordered="1" ScanDirection="FORWARD" ForcedIndex="1" ForceSeek="0" ForceScan="0" NoExpandHint="0" Storage="RowStore">
                        <DefinedValues />
                        <Object Database="[OurLabReporting]" Schema="[dbo]" Table="[PlatformBsp]" Index="[PlatformBsp_PK]" IndexKind="Clustered" />
                        <SeekPredicates>
                          <SeekPredicateNew>
                            <SeekKeys>
                              <Prefix ScanType="EQ">
                                <RangeColumns>
                                  <ColumnReference Database="[OurLabReporting]" Schema="[dbo]" Table="[PlatformBsp]" Column="Id" />
                                </RangeColumns>
                                <RangeExpressions>
                                  <ScalarOperator ScalarString="[OurLabReporting].[dbo].[PlatformBspFirmware].[PlatformBspId] as [TGT].[PlatformBspId]">
                                    <Identifier>
                                      <ColumnReference Database="[OurLabReporting]" Schema="[dbo]" Table="[PlatformBspFirmware]" Alias="[TGT]" Column="PlatformBspId" />
                                    </Identifier>
                                  </ScalarOperator>
                                </RangeExpressions>
                              </Prefix>
                            </SeekKeys>
                          </SeekPredicateNew>
                        </SeekPredicates>
                      </IndexScan>
                    </RelOp>
                  </NestedLoops>
                </RelOp>
                <Predicate>
                  <ScalarOperator ScalarString="CASE WHEN NOT [Pass1045] AND [Expr1044] IS NULL THEN (0) ELSE NULL END">
                    <IF>
                      <Condition>
                        <ScalarOperator>
                          <Logical Operation="AND">
                            <ScalarOperator>
                              <Logical Operation="NOT">
                                <ScalarOperator>
                                  <Identifier>
                                    <ColumnReference Column="Pass1045" />
                                  </Identifier>
                                </ScalarOperator>
                              </Logical>
                            </ScalarOperator>
                            <ScalarOperator>
                              <Logical Operation="IS NULL">
                                <ScalarOperator>
                                  <Identifier>
                                    <ColumnReference Column="Expr1044" />
                                  </Identifier>
                                </ScalarOperator>
                              </Logical>
                            </ScalarOperator>
                          </Logical>
                        </ScalarOperator>
                      </Condition>
                      <Then>
                        <ScalarOperator>
                          <Const ConstValue="(0)" />
                        </ScalarOperator>
                      </Then>
                      <Else>
                        <ScalarOperator>
                          <Const ConstValue="NULL" />
                        </ScalarOperator>
                      </Else>
                    </IF>
                  </ScalarOperator>
                </Predicate>
              </Assert>
            </RelOp>
          </QueryPlan>
        </StmtSimple>
        <StmtSimple StatementText="&#x9;SET @platformBspFirmwareId = (SELECT TOP 1 PBF.Id&#xD;&#xA;&#x9;&#x9;&#x9;&#x9;&#x9;&#x9;FROM dbo.MetaData AS M&#xD;&#xA;&#x9;&#x9;&#x9;&#x9;&#x9;&#x9;INNER JOIN dbo.PlatformBspFirmware AS PBF ON PBF.Name = M.Value AND PBF.PlatformBspId = @platformBspId&#xD;&#xA;&#x9;&#x9;&#x9;&#x9;&#x9;&#x9;WHERE MixId = @mixId AND M.Name = 'Bsp_PhoneFirmwareRevision')&#xD;&#xA;&#xD;&#xA;" StatementId="9" StatementCompId="10" StatementType="SELECT" RetrievedFromCache="true" StatementSubTreeCost="0.00901177" StatementEstRows="1" StatementOptmLevel="FULL" QueryHash="0x7FE733DCDE9E893F" QueryPlanHash="0x1789B5773CD00198" StatementOptmEarlyAbortReason="GoodEnoughPlanFound">
          <StatementSetOptions QUOTED_IDENTIFIER="true" ARITHABORT="true" CONCAT_NULL_YIELDS_NULL="true" ANSI_NULLS="true" ANSI_PADDING="true" ANSI_WARNINGS="true" NUMERIC_ROUNDABORT="false" />
          <QueryPlan NonParallelPlanReason="MaxDOPSetToOne" CachedPlanSize="24" CompileTime="5" CompileCPU="5" CompileMemory="696">
            <MemoryGrantInfo SerialRequiredMemory="0" SerialDesiredMemory="0" />
            <OptimizerHardwareDependentProperties EstimatedAvailableMemoryGrant="193313" EstimatedPagesCached="773254" EstimatedAvailableDegreeOfParallelism="1" />
            <RelOp NodeId="0" PhysicalOp="Compute Scalar" LogicalOp="Compute Scalar" EstimateRows="1" EstimateIO="0" EstimateCPU="1e-007" AvgRowSize="11" EstimatedTotalSubtreeCost="0.00901177" Parallel="0" EstimateRebinds="0" EstimateRewinds="0" EstimatedExecutionMode="Row">
              <OutputList>
                <ColumnReference Column="Expr1005" />
              </OutputList>
              <ComputeScalar>
                <DefinedValues>
                  <DefinedValue>
                    <ColumnReference Column="Expr1005" />
                    <ScalarOperator ScalarString="[OurLabReporting].[dbo].[PlatformBspFirmware].[Id] as [PBF].[Id]">
                      <Identifier>
                        <ColumnReference Database="[OurLabReporting]" Schema="[dbo]" Table="[PlatformBspFirmware]" Alias="[PBF]" Column="Id" />
                      </Identifier>
                    </ScalarOperator>
                  </DefinedValue>
                </DefinedValues>
                <RelOp NodeId="1" PhysicalOp="Nested Loops" LogicalOp="Left Outer Join" EstimateRows="1" EstimateIO="0" EstimateCPU="4.18e-006" AvgRowSize="11" EstimatedTotalSubtreeCost="0.00901167" Parallel="0" EstimateRebinds="0" EstimateRewinds="0" EstimatedExecutionMode="Row">
                  <OutputList>
                    <ColumnReference Database="[OurLabReporting]" Schema="[dbo]" Table="[PlatformBspFirmware]" Alias="[PBF]" Column="Id" />
                  </OutputList>
                  <NestedLoops Optimized="0">
                    <RelOp NodeId="2" PhysicalOp="Constant Scan" LogicalOp="Constant Scan" EstimateRows="1" EstimateIO="0" EstimateCPU="1.157e-006" AvgRowSize="9" EstimatedTotalSubtreeCost="1.157e-006" Parallel="0" EstimateRebinds="0" EstimateRewinds="0" EstimatedExecutionMode="Row">
                      <OutputList />
                      <ConstantScan />
                    </RelOp>
                    <RelOp NodeId="3" PhysicalOp="Top" LogicalOp="Top" EstimateRows="1" EstimateIO="0" EstimateCPU="1e-007" AvgRowSize="11" EstimatedTotalSubtreeCost="0.00900633" Parallel="0" EstimateRebinds="0" EstimateRewinds="0" EstimatedExecutionMode="Row">
                      <OutputList>
                        <ColumnReference Database="[OurLabReporting]" Schema="[dbo]" Table="[PlatformBspFirmware]" Alias="[PBF]" Column="Id" />
                      </OutputList>
                      <Top RowCount="0" IsPercent="0" WithTies="0">
                        <TopExpression>
                          <ScalarOperator ScalarString="(1)">
                            <Const ConstValue="(1)" />
                          </ScalarOperator>
                        </TopExpression>
                        <RelOp NodeId="4" PhysicalOp="Nested Loops" LogicalOp="Inner Join" EstimateRows="1" EstimateIO="0" EstimateCPU="7.18008e-005" AvgRowSize="11" EstimatedTotalSubtreeCost="0.00900623" Parallel="0" EstimateRebinds="0" EstimateRewinds="0" EstimatedExecutionMode="Row">
                          <OutputList>
                            <ColumnReference Database="[OurLabReporting]" Schema="[dbo]" Table="[PlatformBspFirmware]" Alias="[PBF]" Column="Id" />
                          </OutputList>
                          <NestedLoops Optimized="0">
                            <OuterReferences>
                              <ColumnReference Database="[OurLabReporting]" Schema="[dbo]" Table="[MetaData]" Alias="[M]" Column="Value" />
                            </OuterReferences>
                            <RelOp NodeId="5" PhysicalOp="Index Seek" LogicalOp="Index Seek" EstimateRows="1" EstimateIO="0.003125" EstimateCPU="0.000175895" AvgRowSize="45" EstimatedTotalSubtreeCost="0.0032831" TableCardinality="4.92619e+007" Parallel="0" EstimateRebinds="0" EstimateRewinds="0" EstimatedExecutionMode="Row">
                              <OutputList>
                                <ColumnReference Database="[OurLabReporting]" Schema="[dbo]" Table="[MetaData]" Alias="[M]" Column="Value" />
                              </OutputList>
                              <IndexScan Ordered="1" ScanDirection="FORWARD" ForcedIndex="0" ForceSeek="0" ForceScan="0" NoExpandHint="0" Storage="RowStore">
                                <DefinedValues>
                                  <DefinedValue>
                                    <ColumnReference Database="[OurLabReporting]" Schema="[dbo]" Table="[MetaData]" Alias="[M]" Column="Value" />
                                  </DefinedValue>
                                </DefinedValues>
                                <Object Database="[OurLabReporting]" Schema="[dbo]" Table="[MetaData]" Index="[MetaData_IDX_Mix]" Filtered="1" Alias="[M]" IndexKind="NonClustered" />
                                <SeekPredicates>
                                  <SeekPredicateNew>
                                    <SeekKeys>
                                      <Prefix ScanType="EQ">
                                        <RangeColumns>
                                          <ColumnReference Database="[OurLabReporting]" Schema="[dbo]" Table="[MetaData]" Alias="[M]" Column="MixId" />
                                          <ColumnReference Database="[OurLabReporting]" Schema="[dbo]" Table="[MetaData]" Alias="[M]" Column="Name" />
                                        </RangeColumns>
                                        <RangeExpressions>
                                          <ScalarOperator ScalarString="[@mixId]">
                                            <Identifier>
                                              <ColumnReference Column="@mixId" />
                                            </Identifier>
                                          </ScalarOperator>
                                          <ScalarOperator ScalarString="N'Bsp_PhoneFirmwareRevision'">
                                            <Const ConstValue="N'Bsp_PhoneFirmwareRevision'" />
                                          </ScalarOperator>
                                        </RangeExpressions>
                                      </Prefix>
                                    </SeekKeys>
                                  </SeekPredicateNew>
                                </SeekPredicates>
                              </IndexScan>
                            </RelOp>
                            <RelOp NodeId="6" PhysicalOp="Index Seek" LogicalOp="Index Seek" EstimateRows="1" EstimateIO="0.003125" EstimateCPU="0.0001581" AvgRowSize="11" EstimatedTotalSubtreeCost="0.00586953" TableCardinality="3944" Parallel="0" EstimateRebinds="1" EstimateRewinds="0" EstimatedExecutionMode="Row">
                              <OutputList>
                                <ColumnReference Database="[OurLabReporting]" Schema="[dbo]" Table="[PlatformBspFirmware]" Alias="[PBF]" Column="Id" />
                              </OutputList>
                              <IndexScan Ordered="1" ScanDirection="FORWARD" ForcedIndex="0" ForceSeek="0" ForceScan="0" NoExpandHint="0" Storage="RowStore">
                                <DefinedValues>
                                  <DefinedValue>
                                    <ColumnReference Database="[OurLabReporting]" Schema="[dbo]" Table="[PlatformBspFirmware]" Alias="[PBF]" Column="Id" />
                                  </DefinedValue>
                                </DefinedValues>
                                <Object Database="[OurLabReporting]" Schema="[dbo]" Table="[PlatformBspFirmware]" Index="[PlatformBspFirmware_AK]" Alias="[PBF]" IndexKind="NonClustered" />
                                <SeekPredicates>
                                  <SeekPredicateNew>
                                    <SeekKeys>
                                      <Prefix ScanType="EQ">
                                        <RangeColumns>
                                          <ColumnReference Database="[OurLabReporting]" Schema="[dbo]" Table="[PlatformBspFirmware]" Alias="[PBF]" Column="PlatformBspId" />
                                          <ColumnReference Database="[OurLabReporting]" Schema="[dbo]" Table="[PlatformBspFirmware]" Alias="[PBF]" Column="Name" />
                                        </RangeColumns>
                                        <RangeExpressions>
                                          <ScalarOperator ScalarString="[@platformBspId]">
                                            <Identifier>
                                              <ColumnReference Column="@platformBspId" />
                                            </Identifier>
                                          </ScalarOperator>
                                          <ScalarOperator ScalarString="[OurLabReporting].[dbo].[MetaData].[Value] as [M].[Value]">
                                            <Identifier>
                                              <ColumnReference Database="[OurLabReporting]" Schema="[dbo]" Table="[MetaData]" Alias="[M]" Column="Value" />
                                            </Identifier>
                                          </ScalarOperator>
                                        </RangeExpressions>
                                      </Prefix>
                                    </SeekKeys>
                                  </SeekPredicateNew>
                                </SeekPredicates>
                              </IndexScan>
                            </RelOp>
                          </NestedLoops>
                        </RelOp>
                      </Top>
                    </RelOp>
                  </NestedLoops>
                </RelOp>
              </ComputeScalar>
            </RelOp>
          </QueryPlan>
        </StmtSimple>
        <StmtCond StatementText="&#x9;IF @platformBspFirmwareId IS NULL&#xD;&#xA;" StatementId="10" StatementCompId="11" StatementType="COND" RetrievedFromCache="true">
          <Condition />
          <Then>
            <Statements>
              <StmtSimple StatementText="&#x9;BEGIN&#xD;&#xA;&#x9;&#x9;-- PlatformBspFirmwareId is not found.  Set it to &#xD;&#xA;&#x9;&#x9;-- 'Unknown', creating the unknown rows if needed.&#xD;&#xA;&#x9;&#x9;SET @platformBspFirmwareId = (SELECT TOP 1 PBF.Id&#xD;&#xA;&#x9;&#x9;&#x9;&#x9;&#x9;&#x9;&#x9;FROM dbo.PlatformBspFirmware AS PBF &#xD;&#xA;&#x9;&#x9;&#x9;&#x9;&#x9;&#x9;&#x9;WHERE PBF.Name = @unknownKeyword)&#xD;&#xA;&#x9;&#x9;&#xD;&#xA;&#x9;" StatementId="11" StatementCompId="12" StatementType="SELECT" RetrievedFromCache="true" StatementSubTreeCost="0.0376585" StatementEstRows="1" StatementOptmLevel="FULL" QueryHash="0x5A0CC805508AA50E" QueryPlanHash="0x8352ADC8416E60DA" StatementOptmEarlyAbortReason="GoodEnoughPlanFound">
                <StatementSetOptions QUOTED_IDENTIFIER="true" ARITHABORT="true" CONCAT_NULL_YIELDS_NULL="true" ANSI_NULLS="true" ANSI_PADDING="true" ANSI_WARNINGS="true" NUMERIC_ROUNDABORT="false" />
                <QueryPlan NonParallelPlanReason="MaxDOPSetToOne" CachedPlanSize="16" CompileTime="1" CompileCPU="1" CompileMemory="472">
                  <MissingIndexes>
                    <MissingIndexGroup Impact="89.72">
                      <MissingIndex Database="[OurLabReporting]" Schema="[dbo]" Table="[PlatformBspFirmware]">
                        <ColumnGroup Usage="EQUALITY">
                          <Column Name="[Name]" ColumnId="3" />
                        </ColumnGroup>
                      </MissingIndex>
                    </MissingIndexGroup>
                  </MissingIndexes>
                  <MemoryGrantInfo SerialRequiredMemory="0" SerialDesiredMemory="0" />
                  <OptimizerHardwareDependentProperties EstimatedAvailableMemoryGrant="193313" EstimatedPagesCached="773254" EstimatedAvailableDegreeOfParallelism="1" />
                  <RelOp NodeId="0" PhysicalOp="Compute Scalar" LogicalOp="Compute Scalar" EstimateRows="1" EstimateIO="0" EstimateCPU="1e-007" AvgRowSize="11" EstimatedTotalSubtreeCost="0.0376585" Parallel="0" EstimateRebinds="0" EstimateRewinds="0" EstimatedExecutionMode="Row">
                    <OutputList>
                      <ColumnReference Column="Expr1003" />
                    </OutputList>
                    <ComputeScalar>
                      <DefinedValues>
                        <DefinedValue>
                          <ColumnReference Column="Expr1003" />
                          <ScalarOperator ScalarString="[OurLabReporting].[dbo].[PlatformBspFirmware].[Id] as [PBF].[Id]">
                            <Identifier>
                              <ColumnReference Database="[OurLabReporting]" Schema="[dbo]" Table="[PlatformBspFirmware]" Alias="[PBF]" Column="Id" />
                            </Identifier>
                          </ScalarOperator>
                        </DefinedValue>
                      </DefinedValues>
                      <RelOp NodeId="1" PhysicalOp="Nested Loops" LogicalOp="Left Outer Join" EstimateRows="1" EstimateIO="0" EstimateCPU="4.18e-006" AvgRowSize="11" EstimatedTotalSubtreeCost="0.0376584" Parallel="0" EstimateRebinds="0" EstimateRewinds="0" EstimatedExecutionMode="Row">
                        <OutputList>
                          <ColumnReference Database="[OurLabReporting]" Schema="[dbo]" Table="[PlatformBspFirmware]" Alias="[PBF]" Column="Id" />
                        </OutputList>
                        <NestedLoops Optimized="0">
                          <RelOp NodeId="2" PhysicalOp="Constant Scan" LogicalOp="Constant Scan" EstimateRows="1" EstimateIO="0" EstimateCPU="1.157e-006" AvgRowSize="9" EstimatedTotalSubtreeCost="1.157e-006" Parallel="0" EstimateRebinds="0" EstimateRewinds="0" EstimatedExecutionMode="Row">
                            <OutputList />
                            <ConstantScan />
                          </RelOp>
                          <RelOp NodeId="3" PhysicalOp="Top" LogicalOp="Top" EstimateRows="1" EstimateIO="0" EstimateCPU="1e-007" AvgRowSize="11" EstimatedTotalSubtreeCost="0.037653" Parallel="0" EstimateRebinds="0" EstimateRewinds="0" EstimatedExecutionMode="Row">
                            <OutputList>
                              <ColumnReference Database="[OurLabReporting]" Schema="[dbo]" Table="[PlatformBspFirmware]" Alias="[PBF]" Column="Id" />
                            </OutputList>
                            <Top RowCount="0" IsPercent="0" WithTies="0">
                              <TopExpression>
                                <ScalarOperator ScalarString="(1)">
                                  <Const ConstValue="(1)" />
                                </ScalarOperator>
                              </TopExpression>
                              <RelOp NodeId="4" PhysicalOp="Index Scan" LogicalOp="Index Scan" EstimateRows="1" EstimateIO="0.0312731" EstimateCPU="0.0044954" AvgRowSize="52" EstimatedTotalSubtreeCost="0.0357603" TableCardinality="3944" Parallel="0" EstimateRebinds="0" EstimateRewinds="0" EstimatedExecutionMode="Row">
                                <OutputList>
                                  <ColumnReference Database="[OurLabReporting]" Schema="[dbo]" Table="[PlatformBspFirmware]" Alias="[PBF]" Column="Id" />
                                </OutputList>
                                <IndexScan Ordered="0" ForcedIndex="0" ForceSeek="0" ForceScan="0" NoExpandHint="0" Storage="RowStore">
                                  <DefinedValues>
                                    <DefinedValue>
                                      <ColumnReference Database="[OurLabReporting]" Schema="[dbo]" Table="[PlatformBspFirmware]" Alias="[PBF]" Column="Id" />
                                    </DefinedValue>
                                  </DefinedValues>
                                  <Object Database="[OurLabReporting]" Schema="[dbo]" Table="[PlatformBspFirmware]" Index="[PlatformBspFirmware_AK]" Alias="[PBF]" IndexKind="NonClustered" />
                                  <Predicate>
                                    <ScalarOperator ScalarString="[OurLabReporting].[dbo].[PlatformBspFirmware].[Name] as [PBF].[Name]=[@unknownKeyword]">
                                      <Compare CompareOp="EQ">
                                        <ScalarOperator>
                                          <Identifier>
                                            <ColumnReference Database="[OurLabReporting]" Schema="[dbo]" Table="[PlatformBspFirmware]" Alias="[PBF]" Column="Name" />
                                          </Identifier>
                                        </ScalarOperator>
                                        <ScalarOperator>
                                          <Identifier>
                                            <ColumnReference Column="@unknownKeyword" />
                                          </Identifier>
                                        </ScalarOperator>
                                      </Compare>
                                    </ScalarOperator>
                                  </Predicate>
                                </IndexScan>
                              </RelOp>
                            </Top>
                          </RelOp>
                        </NestedLoops>
                      </RelOp>
                    </ComputeScalar>
                  </RelOp>
                </QueryPlan>
              </StmtSimple>
              <StmtCond StatementText="&#x9;IF @platformBspFirmwareId IS NULL&#xD;&#xA;&#x9;" StatementId="12" StatementCompId="13" StatementType="COND" RetrievedFromCache="true">
                <Condition />
                <Then>
                  <Statements>
                    <StmtSimple StatementText="&#x9;BEGIN&#xD;&#xA;&#x9;&#x9;&#x9;-- 'Unkown' rows not found.  Create them.&#xD;&#xA;&#x9;&#x9;&#x9;SET @platformId = (SELECT TOP 1 P.Id&#xD;&#xA;&#x9;&#x9;&#x9;&#x9;&#x9;&#x9;&#x9;FROM dbo.Platform AS P &#xD;&#xA;&#x9;&#x9;&#x9;&#x9;&#x9;&#x9;&#x9;WHERE P.Name = @unknownKeyword)&#xD;&#xA;&#x9;&#x9;" StatementId="13" StatementCompId="14" StatementType="SELECT" RetrievedFromCache="true" StatementSubTreeCost="0.00328864" StatementEstRows="1" StatementOptmLevel="FULL" QueryHash="0x3C3101EE86399E0E" QueryPlanHash="0x6C58D2700440B37D" StatementOptmEarlyAbortReason="GoodEnoughPlanFound">
                      <StatementSetOptions QUOTED_IDENTIFIER="true" ARITHABORT="true" CONCAT_NULL_YIELDS_NULL="true" ANSI_NULLS="true" ANSI_PADDING="true" ANSI_WARNINGS="true" NUMERIC_ROUNDABORT="false" />
                      <QueryPlan NonParallelPlanReason="MaxDOPSetToOne" CachedPlanSize="16" CompileTime="1" CompileCPU="1" CompileMemory="432">
                        <MemoryGrantInfo SerialRequiredMemory="0" SerialDesiredMemory="0" />
                        <OptimizerHardwareDependentProperties EstimatedAvailableMemoryGrant="193313" EstimatedPagesCached="773254" EstimatedAvailableDegreeOfParallelism="1" />
                        <RelOp NodeId="0" PhysicalOp="Compute Scalar" LogicalOp="Compute Scalar" EstimateRows="1" EstimateIO="0" EstimateCPU="1e-007" AvgRowSize="11" EstimatedTotalSubtreeCost="0.00328864" Parallel="0" EstimateRebinds="0" EstimateRewinds="0" EstimatedExecutionMode="Row">
                          <OutputList>
                            <ColumnReference Column="Expr1003" />
                          </OutputList>
                          <ComputeScalar>
                            <DefinedValues>
                              <DefinedValue>
                                <ColumnReference Column="Expr1003" />
                                <ScalarOperator ScalarString="[OurLabReporting].[dbo].[Platform].[Id] as [P].[Id]">
                                  <Identifier>
                                    <ColumnReference Database="[OurLabReporting]" Schema="[dbo]" Table="[Platform]" Alias="[P]" Column="Id" />
                                  </Identifier>
                                </ScalarOperator>
                              </DefinedValue>
                            </DefinedValues>
                            <RelOp NodeId="1" PhysicalOp="Nested Loops" LogicalOp="Left Outer Join" EstimateRows="1" EstimateIO="0" EstimateCPU="4.18e-006" AvgRowSize="11" EstimatedTotalSubtreeCost="0.00328854" Parallel="0" EstimateRebinds="0" EstimateRewinds="0" EstimatedExecutionMode="Row">
                              <OutputList>
                                <ColumnReference Database="[OurLabReporting]" Schema="[dbo]" Table="[Platform]" Alias="[P]" Column="Id" />
                              </OutputList>
                              <NestedLoops Optimized="0">
                                <RelOp NodeId="2" PhysicalOp="Constant Scan" LogicalOp="Constant Scan" EstimateRows="1" EstimateIO="0" EstimateCPU="1.157e-006" AvgRowSize="9" EstimatedTotalSubtreeCost="1.157e-006" Parallel="0" EstimateRebinds="0" EstimateRewinds="0" EstimatedExecutionMode="Row">
                                  <OutputList />
                                  <ConstantScan />
                                </RelOp>
                                <RelOp NodeId="3" PhysicalOp="Top" LogicalOp="Top" EstimateRows="1" EstimateIO="0" EstimateCPU="1e-007" AvgRowSize="11" EstimatedTotalSubtreeCost="0.0032832" Parallel="0" EstimateRebinds="0" EstimateRewinds="0" EstimatedExecutionMode="Row">
                                  <OutputList>
                                    <ColumnReference Database="[OurLabReporting]" Schema="[dbo]" Table="[Platform]" Alias="[P]" Column="Id" />
                                  </OutputList>
                                  <Top RowCount="0" IsPercent="0" WithTies="0">
                                    <TopExpression>
                                      <ScalarOperator ScalarString="(1)">
                                        <Const ConstValue="(1)" />
                                      </ScalarOperator>
                                    </TopExpression>
                                    <RelOp NodeId="4" PhysicalOp="Index Seek" LogicalOp="Index Seek" EstimateRows="1" EstimateIO="0.003125" EstimateCPU="0.0001581" AvgRowSize="11" EstimatedTotalSubtreeCost="0.0032831" TableCardinality="5" Parallel="0" EstimateRebinds="0" EstimateRewinds="0" EstimatedExecutionMode="Row">
                                      <OutputList>
                                        <ColumnReference Database="[OurLabReporting]" Schema="[dbo]" Table="[Platform]" Alias="[P]" Column="Id" />
                                      </OutputList>
                                      <IndexScan Ordered="1" ScanDirection="FORWARD" ForcedIndex="0" ForceSeek="0" ForceScan="0" NoExpandHint="0" Storage="RowStore">
                                        <DefinedValues>
                                          <DefinedValue>
                                            <ColumnReference Database="[OurLabReporting]" Schema="[dbo]" Table="[Platform]" Alias="[P]" Column="Id" />
                                          </DefinedValue>
                                        </DefinedValues>
                                        <Object Database="[OurLabReporting]" Schema="[dbo]" Table="[Platform]" Index="[Platform_Name]" Alias="[P]" IndexKind="NonClustered" />
                                        <SeekPredicates>
                                          <SeekPredicateNew>
                                            <SeekKeys>
                                              <Prefix ScanType="EQ">
                                                <RangeColumns>
                                                  <ColumnReference Database="[OurLabReporting]" Schema="[dbo]" Table="[Platform]" Alias="[P]" Column="Name" />
                                                </RangeColumns>
                                                <RangeExpressions>
                                                  <ScalarOperator ScalarString="[@unknownKeyword]">
                                                    <Identifier>
                                                      <ColumnReference Column="@unknownKeyword" />
                                                    </Identifier>
                                                  </ScalarOperator>
                                                </RangeExpressions>
                                              </Prefix>
                                            </SeekKeys>
                                          </SeekPredicateNew>
                                        </SeekPredicates>
                                      </IndexScan>
                                    </RelOp>
                                  </Top>
                                </RelOp>
                              </NestedLoops>
                            </RelOp>
                          </ComputeScalar>
                        </RelOp>
                      </QueryPlan>
                    </StmtSimple>
                    <StmtCond StatementText="&#x9;IF @platformId IS NULL&#xD;&#xA;&#x9;&#x9;" StatementId="14" StatementCompId="15" StatementType="COND" RetrievedFromCache="true">
                      <Condition />
                      <Then>
                        <Statements>
                          <StmtSimple StatementText="&#x9;BEGIN&#xD;&#xA;&#x9;&#x9;&#x9;&#x9;INSERT dbo.Platform (Name)&#xD;&#xA;&#x9;&#x9;&#x9;&#x9;VALUES (@unknownKeyword)&#xD;&#xA;&#x9;&#x9;&#x9;&#xD;&#xA;&#x9;&#x9;&#x9;" StatementId="15" StatementCompId="16" StatementType="INSERT" RetrievedFromCache="true" StatementSubTreeCost="0.0200034" StatementEstRows="1" StatementOptmLevel="TRIVIAL" QueryHash="0x8FDF66E7F291A74A" QueryPlanHash="0xF940FAE6DDD6E965">
                            <StatementSetOptions QUOTED_IDENTIFIER="true" ARITHABORT="true" CONCAT_NULL_YIELDS_NULL="true" ANSI_NULLS="true" ANSI_PADDING="true" ANSI_WARNINGS="true" NUMERIC_ROUNDABORT="false" />
                            <QueryPlan NonParallelPlanReason="MaxDOPSetToOne" CachedPlanSize="16" CompileTime="0" CompileCPU="0" CompileMemory="376">
                              <MemoryGrantInfo SerialRequiredMemory="0" SerialDesiredMemory="0" />
                              <OptimizerHardwareDependentProperties EstimatedAvailableMemoryGrant="193313" EstimatedPagesCached="773254" EstimatedAvailableDegreeOfParallelism="1" />
                              <RelOp NodeId="0" PhysicalOp="Clustered Index Insert" LogicalOp="Insert" EstimateRows="1" EstimateIO="0.02" EstimateCPU="2e-006" AvgRowSize="9" EstimatedTotalSubtreeCost="0.0200034" Parallel="0" EstimateRebinds="0" EstimateRewinds="0" EstimatedExecutionMode="Row">
                                <OutputList />
                                <Update DMLRequestSort="0">
                                  <Object Database="[OurLabReporting]" Schema="[dbo]" Table="[Platform]" Index="[Platform_PK]" IndexKind="Clustered" />
                                  <Object Database="[OurLabReporting]" Schema="[dbo]" Table="[Platform]" Index="[Platform_Name]" IndexKind="NonClustered" />
                                  <SetPredicate>
                                    <ScalarOperator ScalarString="[OurLabReporting].[dbo].[Platform].[Name] = RaiseIfNullInsert([Expr1004]),[OurLabReporting].[dbo].[Platform].[Id] = [Expr1003],[OurLabReporting].[dbo].[Platform].[DisplayOrder] = [Expr1005]">
                                      <ScalarExpressionList>
                                        <ScalarOperator>
                                          <MultipleAssign>
                                            <Assign>
                                              <ColumnReference Database="[OurLabReporting]" Schema="[dbo]" Table="[Platform]" Column="Name" />
                                              <ScalarOperator>
                                                <Intrinsic FunctionName="RaiseIfNullInsert">
                                                  <ScalarOperator>
                                                    <Identifier>
                                                      <ColumnReference Column="Expr1004" />
                                                    </Identifier>
                                                  </ScalarOperator>
                                                </Intrinsic>
                                              </ScalarOperator>
                                            </Assign>
                                            <Assign>
                                              <ColumnReference Database="[OurLabReporting]" Schema="[dbo]" Table="[Platform]" Column="Id" />
                                              <ScalarOperator>
                                                <Identifier>
                                                  <ColumnReference Column="Expr1003" />
                                                </Identifier>
                                              </ScalarOperator>
                                            </Assign>
                                            <Assign>
                                              <ColumnReference Database="[OurLabReporting]" Schema="[dbo]" Table="[Platform]" Column="DisplayOrder" />
                                              <ScalarOperator>
                                                <Identifier>
                                                  <ColumnReference Column="Expr1005" />
                                                </Identifier>
                                              </ScalarOperator>
                                            </Assign>
                                          </MultipleAssign>
                                        </ScalarOperator>
                                      </ScalarExpressionList>
                                    </ScalarOperator>
                                  </SetPredicate>
                                  <RelOp NodeId="1" PhysicalOp="Compute Scalar" LogicalOp="Compute Scalar" EstimateRows="1" EstimateIO="0" EstimateCPU="1e-007" AvgRowSize="119" EstimatedTotalSubtreeCost="1.357e-006" Parallel="0" EstimateRebinds="0" EstimateRewinds="0" EstimatedExecutionMode="Row">
                                    <OutputList>
                                      <ColumnReference Column="Expr1003" />
                                      <ColumnReference Column="Expr1004" />
                                      <ColumnReference Column="Expr1005" />
                                    </OutputList>
                                    <ComputeScalar>
                                      <DefinedValues>
                                        <DefinedValue>
                                          <ColumnReference Column="Expr1004" />
                                          <ScalarOperator ScalarString="CONVERT_IMPLICIT(nvarchar(100),[@unknownKeyword],0)">
                                            <Convert DataType="nvarchar" Length="200" Style="0" Implicit="1">
                                              <ScalarOperator>
                                                <Identifier>
                                                  <ColumnReference Column="@unknownKeyword" />
                                                </Identifier>
                                              </ScalarOperator>
                                            </Convert>
                                          </ScalarOperator>
                                        </DefinedValue>
                                        <DefinedValue>
                                          <ColumnReference Column="Expr1005" />
                                          <ScalarOperator ScalarString="(1000)">
                                            <Const ConstValue="(1000)" />
                                          </ScalarOperator>
                                        </DefinedValue>
                                      </DefinedValues>
                                      <RelOp NodeId="2" PhysicalOp="Compute Scalar" LogicalOp="Compute Scalar" EstimateRows="1" EstimateIO="0" EstimateCPU="1e-007" AvgRowSize="11" EstimatedTotalSubtreeCost="1.257e-006" Parallel="0" EstimateRebinds="0" EstimateRewinds="0" EstimatedExecutionMode="Row">
                                        <OutputList>
                                          <ColumnReference Column="Expr1003" />
                                        </OutputList>
                                        <ComputeScalar ComputeSequence="1">
                                          <DefinedValues>
                                            <DefinedValue>
                                              <ColumnReference Column="Expr1003" />
                                              <ScalarOperator ScalarString="getidentity((322100188),(6),NULL)">
                                                <Intrinsic FunctionName="getidentity">
                                                  <ScalarOperator>
                                                    <Const ConstValue="(322100188)" />
                                                  </ScalarOperator>
                                                  <ScalarOperator>
                                                    <Const ConstValue="(6)" />
                                                  </ScalarOperator>
                                                  <ScalarOperator>
                                                    <Const ConstValue="NULL" />
                                                  </ScalarOperator>
                                                </Intrinsic>
                                              </ScalarOperator>
                                            </DefinedValue>
                                          </DefinedValues>
                                          <RelOp NodeId="3" PhysicalOp="Constant Scan" LogicalOp="Constant Scan" EstimateRows="1" EstimateIO="0" EstimateCPU="1.157e-006" AvgRowSize="9" EstimatedTotalSubtreeCost="1.157e-006" Parallel="0" EstimateRebinds="0" EstimateRewinds="0" EstimatedExecutionMode="Row">
                                            <OutputList />
                                            <ConstantScan />
                                          </RelOp>
                                        </ComputeScalar>
                                      </RelOp>
                                    </ComputeScalar>
                                  </RelOp>
                                </Update>
                              </RelOp>
                            </QueryPlan>
                          </StmtSimple>
                          <StmtSimple StatementText="&#x9;SELECT @platformId = SCOPE_IDENTITY()&#xD;&#xA;&#x9;&#x9;" StatementId="16" StatementCompId="17" StatementType="ASSIGN" RetrievedFromCache="true" />
                        </Statements>
                      </Then>
                    </StmtCond>
                    <StmtSimple StatementText="&#x9;END&#xD;&#xA;&#x9;&#x9;&#xD;&#xA;&#x9;&#x9;&#x9;SET @platformBspId = (SELECT TOP 1 PB.Id&#xD;&#xA;&#x9;&#x9;&#x9;&#x9;&#x9;FROM dbo.PlatformBsp AS PB&#xD;&#xA;&#x9;&#x9;&#x9;&#x9;&#x9;WHERE PB.Name = @unknownKeyword)&#xD;&#xA;&#x9;&#x9;" StatementId="17" StatementCompId="19" StatementType="SELECT" RetrievedFromCache="true" StatementSubTreeCost="0.00329544" StatementEstRows="1" StatementOptmLevel="FULL" QueryHash="0xFCD848C73DDAC1C" QueryPlanHash="0x78908250F9398449" StatementOptmEarlyAbortReason="GoodEnoughPlanFound">
                      <StatementSetOptions QUOTED_IDENTIFIER="true" ARITHABORT="true" CONCAT_NULL_YIELDS_NULL="true" ANSI_NULLS="true" ANSI_PADDING="true" ANSI_WARNINGS="true" NUMERIC_ROUNDABORT="false" />
                      <QueryPlan NonParallelPlanReason="MaxDOPSetToOne" CachedPlanSize="16" CompileTime="1" CompileCPU="1" CompileMemory="448">
                        <MemoryGrantInfo SerialRequiredMemory="0" SerialDesiredMemory="0" />
                        <OptimizerHardwareDependentProperties EstimatedAvailableMemoryGrant="193313" EstimatedPagesCached="773254" EstimatedAvailableDegreeOfParallelism="1" />
                        <RelOp NodeId="0" PhysicalOp="Compute Scalar" LogicalOp="Compute Scalar" EstimateRows="1" EstimateIO="0" EstimateCPU="1e-007" AvgRowSize="11" EstimatedTotalSubtreeCost="0.00329544" Parallel="0" EstimateRebinds="0" EstimateRewinds="0" EstimatedExecutionMode="Row">
                          <OutputList>
                            <ColumnReference Column="Expr1003" />
                          </OutputList>
                          <ComputeScalar>
                            <DefinedValues>
                              <DefinedValue>
                                <ColumnReference Column="Expr1003" />
                                <ScalarOperator ScalarString="[OurLabReporting].[dbo].[PlatformBsp].[Id] as [PB].[Id]">
                                  <Identifier>
                                    <ColumnReference Database="[OurLabReporting]" Schema="[dbo]" Table="[PlatformBsp]" Alias="[PB]" Column="Id" />
                                  </Identifier>
                                </ScalarOperator>
                              </DefinedValue>
                            </DefinedValues>
                            <RelOp NodeId="1" PhysicalOp="Nested Loops" LogicalOp="Left Outer Join" EstimateRows="1" EstimateIO="0" EstimateCPU="4.18e-006" AvgRowSize="11" EstimatedTotalSubtreeCost="0.00329534" Parallel="0" EstimateRebinds="0" EstimateRewinds="0" EstimatedExecutionMode="Row">
                              <OutputList>
                                <ColumnReference Database="[OurLabReporting]" Schema="[dbo]" Table="[PlatformBsp]" Alias="[PB]" Column="Id" />
                              </OutputList>
                              <NestedLoops Optimized="0">
                                <RelOp NodeId="2" PhysicalOp="Constant Scan" LogicalOp="Constant Scan" EstimateRows="1" EstimateIO="0" EstimateCPU="1.157e-006" AvgRowSize="9" EstimatedTotalSubtreeCost="1.157e-006" Parallel="0" EstimateRebinds="0" EstimateRewinds="0" EstimatedExecutionMode="Row">
                                  <OutputList />
                                  <ConstantScan />
                                </RelOp>
                                <RelOp NodeId="3" PhysicalOp="Top" LogicalOp="Top" EstimateRows="1" EstimateIO="0" EstimateCPU="1e-007" AvgRowSize="11" EstimatedTotalSubtreeCost="0.00329" Parallel="0" EstimateRebinds="0" EstimateRewinds="0" EstimatedExecutionMode="Row">
                                  <OutputList>
                                    <ColumnReference Database="[OurLabReporting]" Schema="[dbo]" Table="[PlatformBsp]" Alias="[PB]" Column="Id" />
                                  </OutputList>
                                  <Top RowCount="0" IsPercent="0" WithTies="0">
                                    <TopExpression>
                                      <ScalarOperator ScalarString="(1)">
                                        <Const ConstValue="(1)" />
                                      </ScalarOperator>
                                    </TopExpression>
                                    <RelOp NodeId="4" PhysicalOp="Index Scan" LogicalOp="Index Scan" EstimateRows="1" EstimateIO="0.003125" EstimateCPU="0.0001647" AvgRowSize="29" EstimatedTotalSubtreeCost="0.0032875" TableCardinality="7" Parallel="0" EstimateRebinds="0" EstimateRewinds="0" EstimatedExecutionMode="Row">
                                      <OutputList>
                                        <ColumnReference Database="[OurLabReporting]" Schema="[dbo]" Table="[PlatformBsp]" Alias="[PB]" Column="Id" />
                                      </OutputList>
                                      <IndexScan Ordered="0" ForcedIndex="0" ForceSeek="0" ForceScan="0" NoExpandHint="0" Storage="RowStore">
                                        <DefinedValues>
                                          <DefinedValue>
                                            <ColumnReference Database="[OurLabReporting]" Schema="[dbo]" Table="[PlatformBsp]" Alias="[PB]" Column="Id" />
                                          </DefinedValue>
                                        </DefinedValues>
                                        <Object Database="[OurLabReporting]" Schema="[dbo]" Table="[PlatformBsp]" Index="[PlatformBsp_AK]" Alias="[PB]" IndexKind="NonClustered" />
                                        <Predicate>
                                          <ScalarOperator ScalarString="[OurLabReporting].[dbo].[PlatformBsp].[Name] as [PB].[Name]=[@unknownKeyword]">
                                            <Compare CompareOp="EQ">
                                              <ScalarOperator>
                                                <Identifier>
                                                  <ColumnReference Database="[OurLabReporting]" Schema="[dbo]" Table="[PlatformBsp]" Alias="[PB]" Column="Name" />
                                                </Identifier>
                                              </ScalarOperator>
                                              <ScalarOperator>
                                                <Identifier>
                                                  <ColumnReference Column="@unknownKeyword" />
                                                </Identifier>
                                              </ScalarOperator>
                                            </Compare>
                                          </ScalarOperator>
                                        </Predicate>
                                      </IndexScan>
                                    </RelOp>
                                  </Top>
                                </RelOp>
                              </NestedLoops>
                            </RelOp>
                          </ComputeScalar>
                        </RelOp>
                      </QueryPlan>
                    </StmtSimple>
                    <StmtCond StatementText="&#x9;IF @platformBspId IS NULL&#xD;&#xA;&#x9;&#x9;" StatementId="18" StatementCompId="20" StatementType="COND" RetrievedFromCache="true">
                      <Condition />
                      <Then>
                        <Statements>
                          <StmtSimple StatementText="&#x9;BEGIN&#xD;&#xA;&#x9;&#x9;&#x9;&#x9;INSERT dbo.PlatformBsp (PlatformId, Name)&#xD;&#xA;&#x9;&#x9;&#x9;&#x9;VALUES (@platformId, @unknownKeyword)&#xD;&#xA;&#x9;&#x9;&#x9;&#xD;&#xA;&#x9;&#x9;&#x9;" StatementId="19" StatementCompId="21" StatementType="INSERT" RetrievedFromCache="true" StatementSubTreeCost="0.0232908" StatementEstRows="1" StatementOptmLevel="TRIVIAL" QueryHash="0xE1F0EFAC335422EF" QueryPlanHash="0x8956DFCB226775A6">
                            <StatementSetOptions QUOTED_IDENTIFIER="true" ARITHABORT="true" CONCAT_NULL_YIELDS_NULL="true" ANSI_NULLS="true" ANSI_PADDING="true" ANSI_WARNINGS="true" NUMERIC_ROUNDABORT="false" />
                            <QueryPlan NonParallelPlanReason="MaxDOPSetToOne" CachedPlanSize="24" CompileTime="0" CompileCPU="0" CompileMemory="416">
                              <MemoryGrantInfo SerialRequiredMemory="0" SerialDesiredMemory="0" />
                              <OptimizerHardwareDependentProperties EstimatedAvailableMemoryGrant="193313" EstimatedPagesCached="773254" EstimatedAvailableDegreeOfParallelism="1" />
                              <RelOp NodeId="1" PhysicalOp="Assert" LogicalOp="Assert" EstimateRows="1" EstimateIO="0" EstimateCPU="1.8e-007" AvgRowSize="9" EstimatedTotalSubtreeCost="0.0232908" Parallel="0" EstimateRebinds="0" EstimateRewinds="0" EstimatedExecutionMode="Row">
                                <OutputList />
                                <Assert StartupExpression="0">
                                  <RelOp NodeId="2" PhysicalOp="Nested Loops" LogicalOp="Left Semi Join" EstimateRows="1" EstimateIO="0" EstimateCPU="4.18e-006" AvgRowSize="9" EstimatedTotalSubtreeCost="0.0232906" Parallel="0" EstimateRebinds="0" EstimateRewinds="0" EstimatedExecutionMode="Row">
                                    <OutputList>
                                      <ColumnReference Column="Expr1008" />
                                    </OutputList>
                                    <NestedLoops Optimized="0">
                                      <DefinedValues>
                                        <DefinedValue>
                                          <ColumnReference Column="Expr1008" />
                                        </DefinedValue>
                                      </DefinedValues>
                                      <OuterReferences>
                                        <ColumnReference Database="[OurLabReporting]" Schema="[dbo]" Table="[PlatformBsp]" Column="PlatformId" />
                                      </OuterReferences>
                                      <ProbeColumn>
                                        <ColumnReference Column="Expr1008" />
                                      </ProbeColumn>
                                      <RelOp NodeId="3" PhysicalOp="Clustered Index Insert" LogicalOp="Insert" EstimateRows="1" EstimateIO="0.02" EstimateCPU="2e-006" AvgRowSize="11" EstimatedTotalSubtreeCost="0.0200034" Parallel="0" EstimateRebinds="0" EstimateRewinds="0" EstimatedExecutionMode="Row">
                                        <OutputList>
                                          <ColumnReference Database="[OurLabReporting]" Schema="[dbo]" Table="[PlatformBsp]" Column="PlatformId" />
                                        </OutputList>
                                        <Update DMLRequestSort="0">
                                          <Object Database="[OurLabReporting]" Schema="[dbo]" Table="[PlatformBsp]" Index="[PlatformBsp_PK]" IndexKind="Clustered" />
                                          <Object Database="[OurLabReporting]" Schema="[dbo]" Table="[PlatformBsp]" Index="[PlatformBsp_AK]" IndexKind="NonClustered" />
                                          <SetPredicate>
                                            <ScalarOperator ScalarString="[OurLabReporting].[dbo].[PlatformBsp].[PlatformId] = RaiseIfNullInsert([@platformId]),[OurLabReporting].[dbo].[PlatformBsp].[Name] = RaiseIfNullInsert([Expr1004]),[OurLabReporting].[dbo].[PlatformBsp].[Id] = [Expr1003],[OurLabReporting].[dbo].[PlatformBsp].[RankInPlatform] = NULL,[OurLabReporting].[dbo].[PlatformBsp].[Segment1] = NULL,[OurLabReporting].[dbo].[PlatformBsp].[Segment2] = NULL,[OurLabReporting].[dbo].[PlatformBsp].[Segment3] = NULL,[OurLabReporting].[dbo].[PlatformBsp].[Segment4] = NULL">
                                              <ScalarExpressionList>
                                                <ScalarOperator>
                                                  <MultipleAssign>
                                                    <Assign>
                                                      <ColumnReference Database="[OurLabReporting]" Schema="[dbo]" Table="[PlatformBsp]" Column="PlatformId" />
                                                      <ScalarOperator>
                                                        <Intrinsic FunctionName="RaiseIfNullInsert">
                                                          <ScalarOperator>
                                                            <Identifier>
                                                              <ColumnReference Column="@platformId" />
                                                            </Identifier>
                                                          </ScalarOperator>
                                                        </Intrinsic>
                                                      </ScalarOperator>
                                                    </Assign>
                                                    <Assign>
                                                      <ColumnReference Database="[OurLabReporting]" Schema="[dbo]" Table="[PlatformBsp]" Column="Name" />
                                                      <ScalarOperator>
                                                        <Intrinsic FunctionName="RaiseIfNullInsert">
                                                          <ScalarOperator>
                                                            <Identifier>
                                                              <ColumnReference Column="Expr1004" />
                                                            </Identifier>
                                                          </ScalarOperator>
                                                        </Intrinsic>
                                                      </ScalarOperator>
                                                    </Assign>
                                                    <Assign>
                                                      <ColumnReference Database="[OurLabReporting]" Schema="[dbo]" Table="[PlatformBsp]" Column="Id" />
                                                      <ScalarOperator>
                                                        <Identifier>
                                                          <ColumnReference Column="Expr1003" />
                                                        </Identifier>
                                                      </ScalarOperator>
                                                    </Assign>
                                                    <Assign>
                                                      <ColumnReference Database="[OurLabReporting]" Schema="[dbo]" Table="[PlatformBsp]" Column="RankInPlatform" />
                                                      <ScalarOperator>
                                                        <Const ConstValue="NULL" />
                                                      </ScalarOperator>
                                                    </Assign>
                                                    <Assign>
                                                      <ColumnReference Database="[OurLabReporting]" Schema="[dbo]" Table="[PlatformBsp]" Column="Segment1" />
                                                      <ScalarOperator>
                                                        <Const ConstValue="NULL" />
                                                      </ScalarOperator>
                                                    </Assign>
                                                    <Assign>
                                                      <ColumnReference Database="[OurLabReporting]" Schema="[dbo]" Table="[PlatformBsp]" Column="Segment2" />
                                                      <ScalarOperator>
                                                        <Const ConstValue="NULL" />
                                                      </ScalarOperator>
                                                    </Assign>
                                                    <Assign>
                                                      <ColumnReference Database="[OurLabReporting]" Schema="[dbo]" Table="[PlatformBsp]" Column="Segment3" />
                                                      <ScalarOperator>
                                                        <Const ConstValue="NULL" />
                                                      </ScalarOperator>
                                                    </Assign>
                                                    <Assign>
                                                      <ColumnReference Database="[OurLabReporting]" Schema="[dbo]" Table="[PlatformBsp]" Column="Segment4" />
                                                      <ScalarOperator>
                                                        <Const ConstValue="NULL" />
                                                      </ScalarOperator>
                                                    </Assign>
                                                  </MultipleAssign>
                                                </ScalarOperator>
                                              </ScalarExpressionList>
                                            </ScalarOperator>
                                          </SetPredicate>
                                          <RelOp NodeId="4" PhysicalOp="Compute Scalar" LogicalOp="Compute Scalar" EstimateRows="1" EstimateIO="0" EstimateCPU="1e-007" AvgRowSize="143" EstimatedTotalSubtreeCost="1.357e-006" Parallel="0" EstimateRebinds="0" EstimateRewinds="0" EstimatedExecutionMode="Row">
                                            <OutputList>
                                              <ColumnReference Column="Expr1003" />
                                              <ColumnReference Column="Expr1004" />
                                            </OutputList>
                                            <ComputeScalar>
                                              <DefinedValues>
                                                <DefinedValue>
                                                  <ColumnReference Column="Expr1004" />
                                                  <ScalarOperator ScalarString="CONVERT_IMPLICIT(nvarchar(128),[@unknownKeyword],0)">
                                                    <Convert DataType="nvarchar" Length="256" Style="0" Implicit="1">
                                                      <ScalarOperator>
                                                        <Identifier>
                                                          <ColumnReference Column="@unknownKeyword" />
                                                        </Identifier>
                                                      </ScalarOperator>
                                                    </Convert>
                                                  </ScalarOperator>
                                                </DefinedValue>
                                              </DefinedValues>
                                              <RelOp NodeId="5" PhysicalOp="Compute Scalar" LogicalOp="Compute Scalar" EstimateRows="1" EstimateIO="0" EstimateCPU="1e-007" AvgRowSize="11" EstimatedTotalSubtreeCost="1.257e-006" Parallel="0" EstimateRebinds="0" EstimateRewinds="0" EstimatedExecutionMode="Row">
                                                <OutputList>
                                                  <ColumnReference Column="Expr1003" />
                                                </OutputList>
                                                <ComputeScalar ComputeSequence="1">
                                                  <DefinedValues>
                                                    <DefinedValue>
                                                      <ColumnReference Column="Expr1003" />
                                                      <ScalarOperator ScalarString="getidentity((370100359),(6),NULL)">
                                                        <Intrinsic FunctionName="getidentity">
                                                          <ScalarOperator>
                                                            <Const ConstValue="(370100359)" />
                                                          </ScalarOperator>
                                                          <ScalarOperator>
                                                            <Const ConstValue="(6)" />
                                                          </ScalarOperator>
                                                          <ScalarOperator>
                                                            <Const ConstValue="NULL" />
                                                          </ScalarOperator>
                                                        </Intrinsic>
                                                      </ScalarOperator>
                                                    </DefinedValue>
                                                  </DefinedValues>
                                                  <RelOp NodeId="6" PhysicalOp="Constant Scan" LogicalOp="Constant Scan" EstimateRows="1" EstimateIO="0" EstimateCPU="1.157e-006" AvgRowSize="9" EstimatedTotalSubtreeCost="1.157e-006" Parallel="0" EstimateRebinds="0" EstimateRewinds="0" EstimatedExecutionMode="Row">
                                                    <OutputList />
                                                    <ConstantScan />
                                                  </RelOp>
                                                </ComputeScalar>
                                              </RelOp>
                                            </ComputeScalar>
                                          </RelOp>
                                        </Update>
                                      </RelOp>
                                      <RelOp NodeId="13" PhysicalOp="Clustered Index Seek" LogicalOp="Clustered Index Seek" EstimateRows="1" EstimateIO="0.003125" EstimateCPU="0.0001581" AvgRowSize="9" EstimatedTotalSubtreeCost="0.0032831" TableCardinality="5" Parallel="0" EstimateRebinds="0" EstimateRewinds="0" EstimatedExecutionMode="Row">
                                        <OutputList />
                                        <IndexScan Ordered="1" ScanDirection="FORWARD" ForcedIndex="1" ForceSeek="0" ForceScan="0" NoExpandHint="0" Storage="RowStore">
                                          <DefinedValues />
                                          <Object Database="[OurLabReporting]" Schema="[dbo]" Table="[Platform]" Index="[Platform_PK]" IndexKind="Clustered" />
                                          <SeekPredicates>
                                            <SeekPredicateNew>
                                              <SeekKeys>
                                                <Prefix ScanType="EQ">
                                                  <RangeColumns>
                                                    <ColumnReference Database="[OurLabReporting]" Schema="[dbo]" Table="[Platform]" Column="Id" />
                                                  </RangeColumns>
                                                  <RangeExpressions>
                                                    <ScalarOperator ScalarString="[OurLabReporting].[dbo].[PlatformBsp].[PlatformId]">
                                                      <Identifier>
                                                        <ColumnReference Database="[OurLabReporting]" Schema="[dbo]" Table="[PlatformBsp]" Column="PlatformId" />
                                                      </Identifier>
                                                    </ScalarOperator>
                                                  </RangeExpressions>
                                                </Prefix>
                                              </SeekKeys>
                                            </SeekPredicateNew>
                                          </SeekPredicates>
                                        </IndexScan>
                                      </RelOp>
                                    </NestedLoops>
                                  </RelOp>
                                  <Predicate>
                                    <ScalarOperator ScalarString="CASE WHEN [Expr1008] IS NULL THEN (0) ELSE NULL END">
                                      <IF>
                                        <Condition>
                                          <ScalarOperator>
                                            <Logical Operation="IS NULL">
                                              <ScalarOperator>
                                                <Identifier>
                                                  <ColumnReference Column="Expr1008" />
                                                </Identifier>
                                              </ScalarOperator>
                                            </Logical>
                                          </ScalarOperator>
                                        </Condition>
                                        <Then>
                                          <ScalarOperator>
                                            <Const ConstValue="(0)" />
                                          </ScalarOperator>
                                        </Then>
                                        <Else>
                                          <ScalarOperator>
                                            <Const ConstValue="NULL" />
                                          </ScalarOperator>
                                        </Else>
                                      </IF>
                                    </ScalarOperator>
                                  </Predicate>
                                </Assert>
                              </RelOp>
                            </QueryPlan>
                          </StmtSimple>
                          <StmtSimple StatementText="&#x9;SELECT @platformBspId = SCOPE_IDENTITY()&#xD;&#xA;&#x9;&#x9;" StatementId="20" StatementCompId="22" StatementType="ASSIGN" RetrievedFromCache="true" />
                        </Statements>
                      </Then>
                    </StmtCond>
                    <StmtSimple StatementText="&#x9;END&#xD;&#xA;&#x9;&#x9;&#xD;&#xA;&#x9;&#x9;&#x9;INSERT dbo.PlatformBspFirmware (PlatformBspId, Name)&#xD;&#xA;&#x9;&#x9;&#x9;VALUES (@platformBspId, @unknownKeyword)&#xD;&#xA;&#x9;&#x9;&#xD;&#xA;&#x9;&#x9;" StatementId="21" StatementCompId="24" StatementType="INSERT" RetrievedFromCache="true" StatementSubTreeCost="0.0232908" StatementEstRows="1" StatementOptmLevel="TRIVIAL" QueryHash="0x96514E1301229D2" QueryPlanHash="0xAFE71C0338264878">
                      <StatementSetOptions QUOTED_IDENTIFIER="true" ARITHABORT="true" CONCAT_NULL_YIELDS_NULL="true" ANSI_NULLS="true" ANSI_PADDING="true" ANSI_WARNINGS="true" NUMERIC_ROUNDABORT="false" />
                      <QueryPlan NonParallelPlanReason="MaxDOPSetToOne" CachedPlanSize="24" CompileTime="0" CompileCPU="0" CompileMemory="416">
                        <MemoryGrantInfo SerialRequiredMemory="0" SerialDesiredMemory="0" />
                        <OptimizerHardwareDependentProperties EstimatedAvailableMemoryGrant="193313" EstimatedPagesCached="773254" EstimatedAvailableDegreeOfParallelism="1" />
                        <RelOp NodeId="1" PhysicalOp="Assert" LogicalOp="Assert" EstimateRows="1" EstimateIO="0" EstimateCPU="1.8e-007" AvgRowSize="9" EstimatedTotalSubtreeCost="0.0232908" Parallel="0" EstimateRebinds="0" EstimateRewinds="0" EstimatedExecutionMode="Row">
                          <OutputList />
                          <Assert StartupExpression="0">
                            <RelOp NodeId="2" PhysicalOp="Nested Loops" LogicalOp="Left Semi Join" EstimateRows="1" EstimateIO="0" EstimateCPU="4.18e-006" AvgRowSize="9" EstimatedTotalSubtreeCost="0.0232906" Parallel="0" EstimateRebinds="0" EstimateRewinds="0" EstimatedExecutionMode="Row">
                              <OutputList>
                                <ColumnReference Column="Expr1008" />
                              </OutputList>
                              <NestedLoops Optimized="0">
                                <DefinedValues>
                                  <DefinedValue>
                                    <ColumnReference Column="Expr1008" />
                                  </DefinedValue>
                                </DefinedValues>
                                <OuterReferences>
                                  <ColumnReference Database="[OurLabReporting]" Schema="[dbo]" Table="[PlatformBspFirmware]" Column="PlatformBspId" />
                                </OuterReferences>
                                <ProbeColumn>
                                  <ColumnReference Column="Expr1008" />
                                </ProbeColumn>
                                <RelOp NodeId="3" PhysicalOp="Clustered Index Insert" LogicalOp="Insert" EstimateRows="1" EstimateIO="0.02" EstimateCPU="2e-006" AvgRowSize="11" EstimatedTotalSubtreeCost="0.0200034" Parallel="0" EstimateRebinds="0" EstimateRewinds="0" EstimatedExecutionMode="Row">
                                  <OutputList>
                                    <ColumnReference Database="[OurLabReporting]" Schema="[dbo]" Table="[PlatformBspFirmware]" Column="PlatformBspId" />
                                  </OutputList>
                                  <Update DMLRequestSort="0">
                                    <Object Database="[OurLabReporting]" Schema="[dbo]" Table="[PlatformBspFirmware]" Index="[PlatformBspFirmware_PK]" IndexKind="Clustered" />
                                    <Object Database="[OurLabReporting]" Schema="[dbo]" Table="[PlatformBspFirmware]" Index="[PlatformBspFirmware_AK]" IndexKind="NonClustered" />
                                    <SetPredicate>
                                      <ScalarOperator ScalarString="[OurLabReporting].[dbo].[PlatformBspFirmware].[PlatformBspId] = RaiseIfNullInsert([@platformBspId]),[OurLabReporting].[dbo].[PlatformBspFirmware].[Name] = RaiseIfNullInsert([Expr1004]),[OurLabReporting].[dbo].[PlatformBspFirmware].[Id] = [Expr1003],[OurLabReporting].[dbo].[PlatformBspFirmware].[RankInPlatformBsp] = NULL,[OurLabReporting].[dbo].[PlatformBspFirmware].[Segment1] = NULL,[OurLabReporting].[dbo].[PlatformBspFirmware].[Segment2] = NULL,[OurLabReporting].[dbo].[PlatformBspFirmware].[Segment3] = NULL,[OurLabReporting].[dbo].[PlatformBspFirmware].[Segment4] = NULL">
                                        <ScalarExpressionList>
                                          <ScalarOperator>
                                            <MultipleAssign>
                                              <Assign>
                                                <ColumnReference Database="[OurLabReporting]" Schema="[dbo]" Table="[PlatformBspFirmware]" Column="PlatformBspId" />
                                                <ScalarOperator>
                                                  <Intrinsic FunctionName="RaiseIfNullInsert">
                                                    <ScalarOperator>
                                                      <Identifier>
                                                        <ColumnReference Column="@platformBspId" />
                                                      </Identifier>
                                                    </ScalarOperator>
                                                  </Intrinsic>
                                                </ScalarOperator>
                                              </Assign>
                                              <Assign>
                                                <ColumnReference Database="[OurLabReporting]" Schema="[dbo]" Table="[PlatformBspFirmware]" Column="Name" />
                                                <ScalarOperator>
                                                  <Intrinsic FunctionName="RaiseIfNullInsert">
                                                    <ScalarOperator>
                                                      <Identifier>
                                                        <ColumnReference Column="Expr1004" />
                                                      </Identifier>
                                                    </ScalarOperator>
                                                  </Intrinsic>
                                                </ScalarOperator>
                                              </Assign>
                                              <Assign>
                                                <ColumnReference Database="[OurLabReporting]" Schema="[dbo]" Table="[PlatformBspFirmware]" Column="Id" />
                                                <ScalarOperator>
                                                  <Identifier>
                                                    <ColumnReference Column="Expr1003" />
                                                  </Identifier>
                                                </ScalarOperator>
                                              </Assign>
                                              <Assign>
                                                <ColumnReference Database="[OurLabReporting]" Schema="[dbo]" Table="[PlatformBspFirmware]" Column="RankInPlatformBsp" />
                                                <ScalarOperator>
                                                  <Const ConstValue="NULL" />
                                                </ScalarOperator>
                                              </Assign>
                                              <Assign>
                                                <ColumnReference Database="[OurLabReporting]" Schema="[dbo]" Table="[PlatformBspFirmware]" Column="Segment1" />
                                                <ScalarOperator>
                                                  <Const ConstValue="NULL" />
                                                </ScalarOperator>
                                              </Assign>
                                              <Assign>
                                                <ColumnReference Database="[OurLabReporting]" Schema="[dbo]" Table="[PlatformBspFirmware]" Column="Segment2" />
                                                <ScalarOperator>
                                                  <Const ConstValue="NULL" />
                                                </ScalarOperator>
                                              </Assign>
                                              <Assign>
                                                <ColumnReference Database="[OurLabReporting]" Schema="[dbo]" Table="[PlatformBspFirmware]" Column="Segment3" />
                                                <ScalarOperator>
                                                  <Const ConstValue="NULL" />
                                                </ScalarOperator>
                                              </Assign>
                                              <Assign>
                                                <ColumnReference Database="[OurLabReporting]" Schema="[dbo]" Table="[PlatformBspFirmware]" Column="Segment4" />
                                                <ScalarOperator>
                                                  <Const ConstValue="NULL" />
                                                </ScalarOperator>
                                              </Assign>
                                            </MultipleAssign>
                                          </ScalarOperator>
                                        </ScalarExpressionList>
                                      </ScalarOperator>
                                    </SetPredicate>
                                    <RelOp NodeId="4" PhysicalOp="Compute Scalar" LogicalOp="Compute Scalar" EstimateRows="1" EstimateIO="0" EstimateCPU="1e-007" AvgRowSize="143" EstimatedTotalSubtreeCost="1.357e-006" Parallel="0" EstimateRebinds="0" EstimateRewinds="0" EstimatedExecutionMode="Row">
                                      <OutputList>
                                        <ColumnReference Column="Expr1003" />
                                        <ColumnReference Column="Expr1004" />
                                      </OutputList>
                                      <ComputeScalar>
                                        <DefinedValues>
                                          <DefinedValue>
                                            <ColumnReference Column="Expr1004" />
                                            <ScalarOperator ScalarString="CONVERT_IMPLICIT(nvarchar(128),[@unknownKeyword],0)">
                                              <Convert DataType="nvarchar" Length="256" Style="0" Implicit="1">
                                                <ScalarOperator>
                                                  <Identifier>
                                                    <ColumnReference Column="@unknownKeyword" />
                                                  </Identifier>
                                                </ScalarOperator>
                                              </Convert>
                                            </ScalarOperator>
                                          </DefinedValue>
                                        </DefinedValues>
                                        <RelOp NodeId="5" PhysicalOp="Compute Scalar" LogicalOp="Compute Scalar" EstimateRows="1" EstimateIO="0" EstimateCPU="1e-007" AvgRowSize="11" EstimatedTotalSubtreeCost="1.257e-006" Parallel="0" EstimateRebinds="0" EstimateRewinds="0" EstimatedExecutionMode="Row">
                                          <OutputList>
                                            <ColumnReference Column="Expr1003" />
                                          </OutputList>
                                          <ComputeScalar ComputeSequence="1">
                                            <DefinedValues>
                                              <DefinedValue>
                                                <ColumnReference Column="Expr1003" />
                                                <ScalarOperator ScalarString="getidentity((418100530),(6),NULL)">
                                                  <Intrinsic FunctionName="getidentity">
                                                    <ScalarOperator>
                                                      <Const ConstValue="(418100530)" />
                                                    </ScalarOperator>
                                                    <ScalarOperator>
                                                      <Const ConstValue="(6)" />
                                                    </ScalarOperator>
                                                    <ScalarOperator>
                                                      <Const ConstValue="NULL" />
                                                    </ScalarOperator>
                                                  </Intrinsic>
                                                </ScalarOperator>
                                              </DefinedValue>
                                            </DefinedValues>
                                            <RelOp NodeId="6" PhysicalOp="Constant Scan" LogicalOp="Constant Scan" EstimateRows="1" EstimateIO="0" EstimateCPU="1.157e-006" AvgRowSize="9" EstimatedTotalSubtreeCost="1.157e-006" Parallel="0" EstimateRebinds="0" EstimateRewinds="0" EstimatedExecutionMode="Row">
                                              <OutputList />
                                              <ConstantScan />
                                            </RelOp>
                                          </ComputeScalar>
                                        </RelOp>
                                      </ComputeScalar>
                                    </RelOp>
                                  </Update>
                                </RelOp>
                                <RelOp NodeId="13" PhysicalOp="Clustered Index Seek" LogicalOp="Clustered Index Seek" EstimateRows="1" EstimateIO="0.003125" EstimateCPU="0.0001581" AvgRowSize="9" EstimatedTotalSubtreeCost="0.0032831" TableCardinality="7" Parallel="0" EstimateRebinds="0" EstimateRewinds="0" EstimatedExecutionMode="Row">
                                  <OutputList />
                                  <IndexScan Ordered="1" ScanDirection="FORWARD" ForcedIndex="1" ForceSeek="0" ForceScan="0" NoExpandHint="0" Storage="RowStore">
                                    <DefinedValues />
                                    <Object Database="[OurLabReporting]" Schema="[dbo]" Table="[PlatformBsp]" Index="[PlatformBsp_PK]" IndexKind="Clustered" />
                                    <SeekPredicates>
                                      <SeekPredicateNew>
                                        <SeekKeys>
                                          <Prefix ScanType="EQ">
                                            <RangeColumns>
                                              <ColumnReference Database="[OurLabReporting]" Schema="[dbo]" Table="[PlatformBsp]" Column="Id" />
                                            </RangeColumns>
                                            <RangeExpressions>
                                              <ScalarOperator ScalarString="[OurLabReporting].[dbo].[PlatformBspFirmware].[PlatformBspId]">
                                                <Identifier>
                                                  <ColumnReference Database="[OurLabReporting]" Schema="[dbo]" Table="[PlatformBspFirmware]" Column="PlatformBspId" />
                                                </Identifier>
                                              </ScalarOperator>
                                            </RangeExpressions>
                                          </Prefix>
                                        </SeekKeys>
                                      </SeekPredicateNew>
                                    </SeekPredicates>
                                  </IndexScan>
                                </RelOp>
                              </NestedLoops>
                            </RelOp>
                            <Predicate>
                              <ScalarOperator ScalarString="CASE WHEN [Expr1008] IS NULL THEN (0) ELSE NULL END">
                                <IF>
                                  <Condition>
                                    <ScalarOperator>
                                      <Logical Operation="IS NULL">
                                        <ScalarOperator>
                                          <Identifier>
                                            <ColumnReference Column="Expr1008" />
                                          </Identifier>
                                        </ScalarOperator>
                                      </Logical>
                                    </ScalarOperator>
                                  </Condition>
                                  <Then>
                                    <ScalarOperator>
                                      <Const ConstValue="(0)" />
                                    </ScalarOperator>
                                  </Then>
                                  <Else>
                                    <ScalarOperator>
                                      <Const ConstValue="NULL" />
                                    </ScalarOperator>
                                  </Else>
                                </IF>
                              </ScalarOperator>
                            </Predicate>
                          </Assert>
                        </RelOp>
                      </QueryPlan>
                    </StmtSimple>
                    <StmtSimple StatementText="&#x9;SELECT @platformBspFirmwareId = SCOPE_IDENTITY()&#xD;&#xA;&#x9;" StatementId="22" StatementCompId="25" StatementType="ASSIGN" RetrievedFromCache="true" />
                  </Statements>
                </Then>
              </StmtCond>
            </Statements>
          </Then>
        </StmtCond>
        <StmtCond StatementText="&#x9;END&#xD;&#xA;&#x9;END&#xD;&#xA;&#xD;&#xA;&#x9;IF @platformBspFirmwareId IS NOT NULL&#xD;&#xA;" StatementId="23" StatementCompId="28" StatementType="COND" RetrievedFromCache="true">
          <Condition />
          <Then>
            <Statements>
              <StmtSimple StatementText="&#x9;BEGIN&#xD;&#xA;&#x9;&#x9;/*&#xD;&#xA;&#x9;&#x9;** Now create the Image row&#xD;&#xA;&#x9;&#x9;*/&#xD;&#xA;&#x9;&#x9;MERGE dbo.Image TGT&#xD;&#xA;&#x9;&#x9;USING (&#xD;&#xA;&#x9;&#x9;&#x9;SELECT&#xD;&#xA;&#x9;&#x9;&#x9;&#x9;BF.BuildVersionId,&#xD;&#xA;&#x9;&#x9;&#x9;&#x9;@platformBspFirmwareId AS PlatformBspFirmwareId&#xD;&#xA;&#x9;&#x9;&#x9;FROM dbo.Mix AS M&#xD;&#xA;&#x9;&#x9;&#x9;INNER JOIN dbo.BuildFlavor AS BF ON BF.Id = M.BuildFlavorId&#xD;&#xA;&#x9;&#x9;&#x9;WHERE M.Id = @mixId&#xD;&#xA;&#x9;&#x9;) AS SRC ON TGT.PlatformBspFirmwareId = SRC.PlatformBspFirmwareId AND TGT.BuildVersionId = SRC.BuildVersionId &#xD;&#xA;&#xD;&#xA;&#x9;&#x9;WHEN NOT MATCHED THEN&#xD;&#xA;&#x9;&#x9;INSERT (PlatformBspFirmwareId, BuildVersionId)&#xD;&#xA;&#x9;&#x9;VALUES (SRC.PlatformBspFirmwareId, SRC.BuildVersionId);&#xD;&#xA;&#xD;&#xA;&#xD;&#xA;&#xD;&#xA;&#x9;&#x9;/*&#xD;&#xA;&#x9;&#x9;** Last, point our Mix record to the Image&#xD;&#xA;&#x9;&#x9;*/&#xD;&#xA;&#x9;" StatementId="24" StatementCompId="29" StatementType="MERGE" RetrievedFromCache="true" StatementSubTreeCost="0.0364369" StatementEstRows="1" StatementOptmLevel="FULL" QueryHash="0x81487B6382E60E0" QueryPlanHash="0xEE0EB0F34E67728" StatementOptmEarlyAbortReason="GoodEnoughPlanFound">
                <StatementSetOptions QUOTED_IDENTIFIER="true" ARITHABORT="true" CONCAT_NULL_YIELDS_NULL="true" ANSI_NULLS="true" ANSI_PADDING="true" ANSI_WARNINGS="true" NUMERIC_ROUNDABORT="false" />
                <QueryPlan NonParallelPlanReason="MaxDOPSetToOne" CachedPlanSize="56" CompileTime="12" CompileCPU="12" CompileMemory="1240">
                  <MemoryGrantInfo SerialRequiredMemory="0" SerialDesiredMemory="0" />
                  <OptimizerHardwareDependentProperties EstimatedAvailableMemoryGrant="193313" EstimatedPagesCached="773254" EstimatedAvailableDegreeOfParallelism="1" />
                  <RelOp NodeId="1" PhysicalOp="Assert" LogicalOp="Assert" EstimateRows="1" EstimateIO="0" EstimateCPU="1.28e-006" AvgRowSize="9" EstimatedTotalSubtreeCost="0.0364369" Parallel="0" EstimateRebinds="0" EstimateRewinds="0" EstimatedExecutionMode="Row">
                    <OutputList />
                    <Assert StartupExpression="0">
                      <RelOp NodeId="2" PhysicalOp="Nested Loops" LogicalOp="Left Semi Join" EstimateRows="1" EstimateIO="0" EstimateCPU="4.18e-006" AvgRowSize="9" EstimatedTotalSubtreeCost="0.0364356" Parallel="0" EstimateRebinds="0" EstimateRewinds="0" EstimatedExecutionMode="Row">
                        <OutputList>
                          <ColumnReference Column="Expr1028" />
                          <ColumnReference Column="Pass1029" />
                          <ColumnReference Column="Expr1030" />
                          <ColumnReference Column="Pass1031" />
                        </OutputList>
                        <NestedLoops Optimized="0">
                          <DefinedValues>
                            <DefinedValue>
                              <ColumnReference Column="Expr1030" />
                            </DefinedValue>
                            <DefinedValue>
                              <ColumnReference Column="Pass1031" />
                            </DefinedValue>
                          </DefinedValues>
                          <PassThru>
                            <ScalarOperator ScalarString="[Action1008]&lt;&gt;(4)">
                              <Compare CompareOp="NE">
                                <ScalarOperator>
                                  <Identifier>
                                    <ColumnReference Column="Action1008" />
                                  </Identifier>
                                </ScalarOperator>
                                <ScalarOperator>
                                  <Const ConstValue="(4)" />
                                </ScalarOperator>
                              </Compare>
                            </ScalarOperator>
                          </PassThru>
                          <OuterReferences>
                            <ColumnReference Database="[OurLabReporting]" Schema="[dbo]" Table="[Image]" Alias="[TGT]" Column="PlatformBspFirmwareId" />
                          </OuterReferences>
                          <ProbeColumn>
                            <ColumnReference Column="Expr1030" />
                          </ProbeColumn>
                          <RelOp NodeId="3" PhysicalOp="Nested Loops" LogicalOp="Left Semi Join" EstimateRows="1" EstimateIO="0" EstimateCPU="4.18e-006" AvgRowSize="16" EstimatedTotalSubtreeCost="0.033148" Parallel="0" EstimateRebinds="0" EstimateRewinds="0" EstimatedExecutionMode="Row">
                            <OutputList>
                              <ColumnReference Column="Action1008" />
                              <ColumnReference Database="[OurLabReporting]" Schema="[dbo]" Table="[Image]" Alias="[TGT]" Column="PlatformBspFirmwareId" />
                              <ColumnReference Column="Expr1028" />
                              <ColumnReference Column="Pass1029" />
                            </OutputList>
                            <NestedLoops Optimized="0">
                              <DefinedValues>
                                <DefinedValue>
                                  <ColumnReference Column="Expr1028" />
                                </DefinedValue>
                                <DefinedValue>
                                  <ColumnReference Column="Pass1029" />
                                </DefinedValue>
                              </DefinedValues>
                              <PassThru>
                                <ScalarOperator ScalarString="[Action1008]&lt;&gt;(4)">
                                  <Compare CompareOp="NE">
                                    <ScalarOperator>
                                      <Identifier>
                                        <ColumnReference Column="Action1008" />
                                      </Identifier>
                                    </ScalarOperator>
                                    <ScalarOperator>
                                      <Const ConstValue="(4)" />
                                    </ScalarOperator>
                                  </Compare>
                                </ScalarOperator>
                              </PassThru>
                              <OuterReferences>
                                <ColumnReference Database="[OurLabReporting]" Schema="[dbo]" Table="[Image]" Alias="[TGT]" Column="BuildVersionId" />
                              </OuterReferences>
                              <ProbeColumn>
                                <ColumnReference Column="Expr1028" />
                              </ProbeColumn>
                              <RelOp NodeId="4" PhysicalOp="Clustered Index Merge" LogicalOp="Merge" EstimateRows="1" EstimateIO="0.02" EstimateCPU="2e-006" AvgRowSize="19" EstimatedTotalSubtreeCost="0.0298604" Parallel="0" EstimateRebinds="0" EstimateRewinds="0" EstimatedExecutionMode="Row">
                                <OutputList>
                                  <ColumnReference Column="Action1008" />
                                  <ColumnReference Database="[OurLabReporting]" Schema="[dbo]" Table="[Image]" Alias="[TGT]" Column="PlatformBspFirmwareId" />
                                  <ColumnReference Database="[OurLabReporting]" Schema="[dbo]" Table="[Image]" Alias="[TGT]" Column="BuildVersionId" />
                                </OutputList>
                                <Update DMLRequestSort="0">
                                  <Object Database="[OurLabReporting]" Schema="[dbo]" Table="[Image]" Index="[Image_PK]" Alias="[TGT]" IndexKind="Clustered" />
                                  <Object Database="[OurLabReporting]" Schema="[dbo]" Table="[Image]" Index="[Image_AK]" Alias="[TGT]" IndexKind="NonClustered" />
                                  <SetPredicate>
                                    <ScalarOperator ScalarString="[OurLabReporting].[dbo].[Image].[BuildVersionId] as [TGT].[BuildVersionId] = [OurLabReporting].[dbo].[BuildFlavor].[BuildVersionId] as [BF].[BuildVersionId],[OurLabReporting].[dbo].[Image].[PlatformBspFirmwareId] as [TGT].[PlatformBspFirmwareId] = RaiseIfNullUpdate([@platformBspFirmwareId]),[OurLabReporting].[dbo].[Image].[Id] as [TGT].[Id] = RaiseIfNullUpdate([Expr1009])">
                                      <ScalarExpressionList>
                                        <ScalarOperator>
                                          <MultipleAssign>
                                            <Assign>
                                              <ColumnReference Database="[OurLabReporting]" Schema="[dbo]" Table="[Image]" Alias="[TGT]" Column="BuildVersionId" />
                                              <ScalarOperator>
                                                <Identifier>
                                                  <ColumnReference Database="[OurLabReporting]" Schema="[dbo]" Table="[BuildFlavor]" Alias="[BF]" Column="BuildVersionId" />
                                                </Identifier>
                                              </ScalarOperator>
                                            </Assign>
                                            <Assign>
                                              <ColumnReference Database="[OurLabReporting]" Schema="[dbo]" Table="[Image]" Alias="[TGT]" Column="PlatformBspFirmwareId" />
                                              <ScalarOperator>
                                                <Intrinsic FunctionName="RaiseIfNullUpdate">
                                                  <ScalarOperator>
                                                    <Identifier>
                                                      <ColumnReference Column="@platformBspFirmwareId" />
                                                    </Identifier>
                                                  </ScalarOperator>
                                                </Intrinsic>
                                              </ScalarOperator>
                                            </Assign>
                                            <Assign>
                                              <ColumnReference Database="[OurLabReporting]" Schema="[dbo]" Table="[Image]" Alias="[TGT]" Column="Id" />
                                              <ScalarOperator>
                                                <Intrinsic FunctionName="RaiseIfNullUpdate">
                                                  <ScalarOperator>
                                                    <Identifier>
                                                      <ColumnReference Column="Expr1009" />
                                                    </Identifier>
                                                  </ScalarOperator>
                                                </Intrinsic>
                                              </ScalarOperator>
                                            </Assign>
                                          </MultipleAssign>
                                        </ScalarOperator>
                                      </ScalarExpressionList>
                                    </ScalarOperator>
                                  </SetPredicate>
                                  <ActionColumn>
                                    <ColumnReference Column="Action1008" />
                                  </ActionColumn>
                                  <RelOp NodeId="5" PhysicalOp="Compute Scalar" LogicalOp="Compute Scalar" EstimateRows="1" EstimateIO="0" EstimateCPU="0" AvgRowSize="23" EstimatedTotalSubtreeCost="0.00985844" Parallel="0" EstimateRebinds="0" EstimateRewinds="0" EstimatedExecutionMode="Row">
                                    <OutputList>
                                      <ColumnReference Database="[OurLabReporting]" Schema="[dbo]" Table="[BuildFlavor]" Alias="[BF]" Column="BuildVersionId" />
                                      <ColumnReference Database="[OurLabReporting]" Schema="[dbo]" Table="[Image]" Alias="[TGT]" Column="Id" />
                                      <ColumnReference Column="Action1008" />
                                      <ColumnReference Column="Expr1009" />
                                    </OutputList>
                                    <ComputeScalar>
                                      <DefinedValues>
                                        <DefinedValue>
                                          <ColumnReference Column="Action1008" />
                                          <ScalarOperator ScalarString="[Action1008]">
                                            <Identifier>
                                              <ColumnReference Column="Action1008" />
                                            </Identifier>
                                          </ScalarOperator>
                                        </DefinedValue>
                                      </DefinedValues>
                                      <RelOp NodeId="6" PhysicalOp="Compute Scalar" LogicalOp="Compute Scalar" EstimateRows="1" EstimateIO="0" EstimateCPU="1e-007" AvgRowSize="23" EstimatedTotalSubtreeCost="0.00985844" Parallel="0" EstimateRebinds="0" EstimateRewinds="0" EstimatedExecutionMode="Row">
                                        <OutputList>
                                          <ColumnReference Database="[OurLabReporting]" Schema="[dbo]" Table="[BuildFlavor]" Alias="[BF]" Column="BuildVersionId" />
                                          <ColumnReference Database="[OurLabReporting]" Schema="[dbo]" Table="[Image]" Alias="[TGT]" Column="Id" />
                                          <ColumnReference Column="Action1008" />
                                          <ColumnReference Column="Expr1009" />
                                        </OutputList>
                                        <ComputeScalar ComputeSequence="1">
                                          <DefinedValues>
                                            <DefinedValue>
                                              <ColumnReference Column="Expr1009" />
                                              <ScalarOperator ScalarString="getconditionalidentity((1493580359),(6),NULL,[Action1008]=(4))">
                                                <Intrinsic FunctionName="getconditionalidentity">
                                                  <ScalarOperator>
                                                    <Const ConstValue="(1493580359)" />
                                                  </ScalarOperator>
                                                  <ScalarOperator>
                                                    <Const ConstValue="(6)" />
                                                  </ScalarOperator>
                                                  <ScalarOperator>
                                                    <Const ConstValue="NULL" />
                                                  </ScalarOperator>
                                                  <ScalarOperator>
                                                    <Compare CompareOp="EQ">
                                                      <ScalarOperator>
                                                        <Identifier>
                                                          <ColumnReference Column="Action1008" />
                                                        </Identifier>
                                                      </ScalarOperator>
                                                      <ScalarOperator>
                                                        <Const ConstValue="(4)" />
                                                      </ScalarOperator>
                                                    </Compare>
                                                  </ScalarOperator>
                                                </Intrinsic>
                                              </ScalarOperator>
                                            </DefinedValue>
                                          </DefinedValues>
                                          <RelOp NodeId="7" PhysicalOp="Filter" LogicalOp="Filter" EstimateRows="1" EstimateIO="0" EstimateCPU="4.8e-007" AvgRowSize="19" EstimatedTotalSubtreeCost="0.00985834" Parallel="0" EstimateRebinds="0" EstimateRewinds="0" EstimatedExecutionMode="Row">
                                            <OutputList>
                                              <ColumnReference Database="[OurLabReporting]" Schema="[dbo]" Table="[BuildFlavor]" Alias="[BF]" Column="BuildVersionId" />
                                              <ColumnReference Database="[OurLabReporting]" Schema="[dbo]" Table="[Image]" Alias="[TGT]" Column="Id" />
                                              <ColumnReference Column="Action1008" />
                                            </OutputList>
                                            <Filter StartupExpression="0">
                                              <RelOp NodeId="8" PhysicalOp="Compute Scalar" LogicalOp="Compute Scalar" EstimateRows="1" EstimateIO="0" EstimateCPU="1e-007" AvgRowSize="19" EstimatedTotalSubtreeCost="0.00985786" Parallel="0" EstimateRebinds="0" EstimateRewinds="0" EstimatedExecutionMode="Row">
                                                <OutputList>
                                                  <ColumnReference Database="[OurLabReporting]" Schema="[dbo]" Table="[BuildFlavor]" Alias="[BF]" Column="BuildVersionId" />
                                                  <ColumnReference Database="[OurLabReporting]" Schema="[dbo]" Table="[Image]" Alias="[TGT]" Column="Id" />
                                                  <ColumnReference Column="Action1008" />
                                                </OutputList>
                                                <ComputeScalar ComputeSequence="1">
                                                  <DefinedValues>
                                                    <DefinedValue>
                                                      <ColumnReference Column="Action1008" />
                                                      <ScalarOperator ScalarString="ForceOrder(CASE WHEN [TrgPrb1006] IS NOT NULL THEN NULL ELSE (4) END)">
                                                        <Intrinsic FunctionName="ForceOrder">
                                                          <ScalarOperator>
                                                            <IF>
                                                              <Condition>
                                                                <ScalarOperator>
                                                                  <Compare CompareOp="IS NOT">
                                                                    <ScalarOperator>
                                                                      <Identifier>
                                                                        <ColumnReference Column="TrgPrb1006" />
                                                                      </Identifier>
                                                                    </ScalarOperator>
                                                                    <ScalarOperator>
                                                                      <Const ConstValue="NULL" />
                                                                    </ScalarOperator>
                                                                  </Compare>
                                                                </ScalarOperator>
                                                              </Condition>
                                                              <Then>
                                                                <ScalarOperator>
                                                                  <Const ConstValue="NULL" />
                                                                </ScalarOperator>
                                                              </Then>
                                                              <Else>
                                                                <ScalarOperator>
                                                                  <Const ConstValue="(4)" />
                                                                </ScalarOperator>
                                                              </Else>
                                                            </IF>
                                                          </ScalarOperator>
                                                        </Intrinsic>
                                                      </ScalarOperator>
                                                    </DefinedValue>
                                                  </DefinedValues>
                                                  <RelOp NodeId="9" PhysicalOp="Nested Loops" LogicalOp="Left Outer Join" EstimateRows="1" EstimateIO="0" EstimateCPU="4.18e-006" AvgRowSize="19" EstimatedTotalSubtreeCost="0.00985776" Parallel="0" EstimateRebinds="0" EstimateRewinds="0" EstimatedExecutionMode="Row">
                                                    <OutputList>
                                                      <ColumnReference Database="[OurLabReporting]" Schema="[dbo]" Table="[BuildFlavor]" Alias="[BF]" Column="BuildVersionId" />
                                                      <ColumnReference Database="[OurLabReporting]" Schema="[dbo]" Table="[Image]" Alias="[TGT]" Column="Id" />
                                                      <ColumnReference Column="TrgPrb1006" />
                                                    </OutputList>
                                                    <NestedLoops Optimized="0">
                                                      <OuterReferences>
                                                        <ColumnReference Database="[OurLabReporting]" Schema="[dbo]" Table="[BuildFlavor]" Alias="[BF]" Column="BuildVersionId" />
                                                      </OuterReferences>
                                                      <RelOp NodeId="10" PhysicalOp="Nested Loops" LogicalOp="Inner Join" EstimateRows="1" EstimateIO="0" EstimateCPU="4.18e-006" AvgRowSize="11" EstimatedTotalSubtreeCost="0.00657038" Parallel="0" EstimateRebinds="0" EstimateRewinds="0" EstimatedExecutionMode="Row">
                                                        <OutputList>
                                                          <ColumnReference Database="[OurLabReporting]" Schema="[dbo]" Table="[BuildFlavor]" Alias="[BF]" Column="BuildVersionId" />
                                                        </OutputList>
                                                        <NestedLoops Optimized="0">
                                                          <OuterReferences>
                                                            <ColumnReference Database="[OurLabReporting]" Schema="[dbo]" Table="[Mix]" Alias="[M]" Column="BuildFlavorId" />
                                                          </OuterReferences>
                                                          <RelOp NodeId="11" PhysicalOp="Clustered Index Seek" LogicalOp="Clustered Index Seek" EstimateRows="1" EstimateIO="0.003125" EstimateCPU="0.0001581" AvgRowSize="11" EstimatedTotalSubtreeCost="0.0032831" TableCardinality="1.48177e+006" Parallel="0" EstimateRebinds="0" EstimateRewinds="0" EstimatedExecutionMode="Row">
                                                            <OutputList>
                                                              <ColumnReference Database="[OurLabReporting]" Schema="[dbo]" Table="[Mix]" Alias="[M]" Column="BuildFlavorId" />
                                                            </OutputList>
                                                            <IndexScan Ordered="1" ScanDirection="FORWARD" ForcedIndex="0" ForceSeek="0" ForceScan="0" NoExpandHint="0" Storage="RowStore">
                                                              <DefinedValues>
                                                                <DefinedValue>
                                                                  <ColumnReference Database="[OurLabReporting]" Schema="[dbo]" Table="[Mix]" Alias="[M]" Column="BuildFlavorId" />
                                                                </DefinedValue>
                                                              </DefinedValues>
                                                              <Object Database="[OurLabReporting]" Schema="[dbo]" Table="[Mix]" Index="[Mix_PK]" Alias="[M]" IndexKind="Clustered" />
                                                              <SeekPredicates>
                                                                <SeekPredicateNew>
                                                                  <SeekKeys>
                                                                    <Prefix ScanType="EQ">
                                                                      <RangeColumns>
                                                                        <ColumnReference Database="[OurLabReporting]" Schema="[dbo]" Table="[Mix]" Alias="[M]" Column="Id" />
                                                                      </RangeColumns>
                                                                      <RangeExpressions>
                                                                        <ScalarOperator ScalarString="[@mixId]">
                                                                          <Identifier>
                                                                            <ColumnReference Column="@mixId" />
                                                                          </Identifier>
                                                                        </ScalarOperator>
                                                                      </RangeExpressions>
                                                                    </Prefix>
                                                                  </SeekKeys>
                                                                </SeekPredicateNew>
                                                              </SeekPredicates>
                                                            </IndexScan>
                                                          </RelOp>
                                                          <RelOp NodeId="12" PhysicalOp="Index Seek" LogicalOp="Index Seek" EstimateRows="1" EstimateIO="0.003125" EstimateCPU="0.0001581" AvgRowSize="11" EstimatedTotalSubtreeCost="0.0032831" TableCardinality="805179" Parallel="0" EstimateRebinds="0" EstimateRewinds="0" EstimatedExecutionMode="Row">
                                                            <OutputList>
                                                              <ColumnReference Database="[OurLabReporting]" Schema="[dbo]" Table="[BuildFlavor]" Alias="[BF]" Column="BuildVersionId" />
                                                            </OutputList>
                                                            <IndexScan Ordered="1" ScanDirection="FORWARD" ForcedIndex="0" ForceSeek="0" ForceScan="0" NoExpandHint="0" Storage="RowStore">
                                                              <DefinedValues>
                                                                <DefinedValue>
                                                                  <ColumnReference Database="[OurLabReporting]" Schema="[dbo]" Table="[BuildFlavor]" Alias="[BF]" Column="BuildVersionId" />
                                                                </DefinedValue>
                                                              </DefinedValues>
                                                              <Object Database="[OurLabReporting]" Schema="[dbo]" Table="[BuildFlavor]" Index="[BuildFlavor_IDX_Id]" Alias="[BF]" IndexKind="NonClustered" />
                                                              <SeekPredicates>
                                                                <SeekPredicateNew>
                                                                  <SeekKeys>
                                                                    <Prefix ScanType="EQ">
                                                                      <RangeColumns>
                                                                        <ColumnReference Database="[OurLabReporting]" Schema="[dbo]" Table="[BuildFlavor]" Alias="[BF]" Column="Id" />
                                                                      </RangeColumns>
                                                                      <RangeExpressions>
                                                                        <ScalarOperator ScalarString="[OurLabReporting].[dbo].[Mix].[BuildFlavorId] as [M].[BuildFlavorId]">
                                                                          <Identifier>
                                                                            <ColumnReference Database="[OurLabReporting]" Schema="[dbo]" Table="[Mix]" Alias="[M]" Column="BuildFlavorId" />
                                                                          </Identifier>
                                                                        </ScalarOperator>
                                                                      </RangeExpressions>
                                                                    </Prefix>
                                                                  </SeekKeys>
                                                                </SeekPredicateNew>
                                                              </SeekPredicates>
                                                            </IndexScan>
                                                          </RelOp>
                                                        </NestedLoops>
                                                      </RelOp>
                                                      <RelOp NodeId="13" PhysicalOp="Compute Scalar" LogicalOp="Compute Scalar" EstimateRows="1" EstimateIO="0" EstimateCPU="1e-007" AvgRowSize="15" EstimatedTotalSubtreeCost="0.0032832" Parallel="0" EstimateRebinds="0" EstimateRewinds="0" EstimatedExecutionMode="Row">
                                                        <OutputList>
                                                          <ColumnReference Database="[OurLabReporting]" Schema="[dbo]" Table="[Image]" Alias="[TGT]" Column="Id" />
                                                          <ColumnReference Column="TrgPrb1006" />
                                                        </OutputList>
                                                        <ComputeScalar>
                                                          <DefinedValues>
                                                            <DefinedValue>
                                                              <ColumnReference Column="TrgPrb1006" />
                                                              <ScalarOperator ScalarString="(1)">
                                                                <Const ConstValue="(1)" />
                                                              </ScalarOperator>
                                                            </DefinedValue>
                                                          </DefinedValues>
                                                          <RelOp NodeId="14" PhysicalOp="Index Seek" LogicalOp="Index Seek" EstimateRows="1" EstimateIO="0.003125" EstimateCPU="0.0001581" AvgRowSize="11" EstimatedTotalSubtreeCost="0.0032831" TableCardinality="104141" Parallel="0" EstimateRebinds="0" EstimateRewinds="0" EstimatedExecutionMode="Row">
                                                            <OutputList>
                                                              <ColumnReference Database="[OurLabReporting]" Schema="[dbo]" Table="[Image]" Alias="[TGT]" Column="Id" />
                                                            </OutputList>
                                                            <IndexScan Ordered="1" ScanDirection="FORWARD" ForcedIndex="0" ForceSeek="0" ForceScan="0" NoExpandHint="0" Storage="RowStore">
                                                              <DefinedValues>
                                                                <DefinedValue>
                                                                  <ColumnReference Database="[OurLabReporting]" Schema="[dbo]" Table="[Image]" Alias="[TGT]" Column="Id" />
                                                                </DefinedValue>
                                                              </DefinedValues>
                                                              <Object Database="[OurLabReporting]" Schema="[dbo]" Table="[Image]" Index="[Image_AK]" Alias="[TGT]" IndexKind="NonClustered" />
                                                              <SeekPredicates>
                                                                <SeekPredicateNew>
                                                                  <SeekKeys>
                                                                    <Prefix ScanType="EQ">
                                                                      <RangeColumns>
                                                                        <ColumnReference Database="[OurLabReporting]" Schema="[dbo]" Table="[Image]" Alias="[TGT]" Column="PlatformBspFirmwareId" />
                                                                        <ColumnReference Database="[OurLabReporting]" Schema="[dbo]" Table="[Image]" Alias="[TGT]" Column="BuildVersionId" />
                                                                      </RangeColumns>
                                                                      <RangeExpressions>
                                                                        <ScalarOperator ScalarString="[@platformBspFirmwareId]">
                                                                          <Identifier>
                                                                            <ColumnReference Column="@platformBspFirmwareId" />
                                                                          </Identifier>
                                                                        </ScalarOperator>
                                                                        <ScalarOperator ScalarString="[OurLabReporting].[dbo].[BuildFlavor].[BuildVersionId] as [BF].[BuildVersionId]">
                                                                          <Identifier>
                                                                            <ColumnReference Database="[OurLabReporting]" Schema="[dbo]" Table="[BuildFlavor]" Alias="[BF]" Column="BuildVersionId" />
                                                                          </Identifier>
                                                                        </ScalarOperator>
                                                                      </RangeExpressions>
                                                                    </Prefix>
                                                                  </SeekKeys>
                                                                </SeekPredicateNew>
                                                              </SeekPredicates>
                                                            </IndexScan>
                                                          </RelOp>
                                                        </ComputeScalar>
                                                      </RelOp>
                                                    </NestedLoops>
                                                  </RelOp>
                                                </ComputeScalar>
                                              </RelOp>
                                              <Predicate>
                                                <ScalarOperator ScalarString="[Action1008] IS NOT NULL">
                                                  <Compare CompareOp="IS NOT">
                                                    <ScalarOperator>
                                                      <Identifier>
                                                        <ColumnReference Column="Action1008" />
                                                      </Identifier>
                                                    </ScalarOperator>
                                                    <ScalarOperator>
                                                      <Const ConstValue="NULL" />
                                                    </ScalarOperator>
                                                  </Compare>
                                                </ScalarOperator>
                                              </Predicate>
                                            </Filter>
                                          </RelOp>
                                        </ComputeScalar>
                                      </RelOp>
                                    </ComputeScalar>
                                  </RelOp>
                                </Update>
                              </RelOp>
                              <RelOp NodeId="28" PhysicalOp="Clustered Index Seek" LogicalOp="Clustered Index Seek" EstimateRows="1" EstimateIO="0.003125" EstimateCPU="0.0001581" AvgRowSize="9" EstimatedTotalSubtreeCost="0.0032831" TableCardinality="78971" Parallel="0" EstimateRebinds="0" EstimateRewinds="0" EstimatedExecutionMode="Row">
                                <OutputList />
                                <IndexScan Ordered="1" ScanDirection="FORWARD" ForcedIndex="1" ForceSeek="0" ForceScan="0" NoExpandHint="0" Storage="RowStore">
                                  <DefinedValues />
                                  <Object Database="[OurLabReporting]" Schema="[dbo]" Table="[BuildVersion]" Index="[BuildVersion_PK]" IndexKind="Clustered" />
                                  <SeekPredicates>
                                    <SeekPredicateNew>
                                      <SeekKeys>
                                        <Prefix ScanType="EQ">
                                          <RangeColumns>
                                            <ColumnReference Database="[OurLabReporting]" Schema="[dbo]" Table="[BuildVersion]" Column="Id" />
                                          </RangeColumns>
                                          <RangeExpressions>
                                            <ScalarOperator ScalarString="[OurLabReporting].[dbo].[Image].[BuildVersionId] as [TGT].[BuildVersionId]">
                                              <Identifier>
                                                <ColumnReference Database="[OurLabReporting]" Schema="[dbo]" Table="[Image]" Alias="[TGT]" Column="BuildVersionId" />
                                              </Identifier>
                                            </ScalarOperator>
                                          </RangeExpressions>
                                        </Prefix>
                                      </SeekKeys>
                                    </SeekPredicateNew>
                                  </SeekPredicates>
                                </IndexScan>
                              </RelOp>
                            </NestedLoops>
                          </RelOp>
                          <RelOp NodeId="29" PhysicalOp="Clustered Index Seek" LogicalOp="Clustered Index Seek" EstimateRows="1" EstimateIO="0.003125" EstimateCPU="0.0001581" AvgRowSize="9" EstimatedTotalSubtreeCost="0.0032831" TableCardinality="3944" Parallel="0" EstimateRebinds="0" EstimateRewinds="0" EstimatedExecutionMode="Row">
                            <OutputList />
                            <IndexScan Ordered="1" ScanDirection="FORWARD" ForcedIndex="1" ForceSeek="0" ForceScan="0" NoExpandHint="0" Storage="RowStore">
                              <DefinedValues />
                              <Object Database="[OurLabReporting]" Schema="[dbo]" Table="[PlatformBspFirmware]" Index="[PlatformBspFirmware_PK]" IndexKind="Clustered" />
                              <SeekPredicates>
                                <SeekPredicateNew>
                                  <SeekKeys>
                                    <Prefix ScanType="EQ">
                                      <RangeColumns>
                                        <ColumnReference Database="[OurLabReporting]" Schema="[dbo]" Table="[PlatformBspFirmware]" Column="Id" />
                                      </RangeColumns>
                                      <RangeExpressions>
                                        <ScalarOperator ScalarString="[OurLabReporting].[dbo].[Image].[PlatformBspFirmwareId] as [TGT].[PlatformBspFirmwareId]">
                                          <Identifier>
                                            <ColumnReference Database="[OurLabReporting]" Schema="[dbo]" Table="[Image]" Alias="[TGT]" Column="PlatformBspFirmwareId" />
                                          </Identifier>
                                        </ScalarOperator>
                                      </RangeExpressions>
                                    </Prefix>
                                  </SeekKeys>
                                </SeekPredicateNew>
                              </SeekPredicates>
                            </IndexScan>
                          </RelOp>
                        </NestedLoops>
                      </RelOp>
                      <Predicate>
                        <ScalarOperator ScalarString="CASE WHEN NOT [Pass1029] AND [Expr1028] IS NULL THEN (0) ELSE CASE WHEN NOT [Pass1031] AND [Expr1030] IS NULL THEN (1) ELSE NULL END END">
                          <IF>
                            <Condition>
                              <ScalarOperator>
                                <Logical Operation="AND">
                                  <ScalarOperator>
                                    <Logical Operation="NOT">
                                      <ScalarOperator>
                                        <Identifier>
                                          <ColumnReference Column="Pass1029" />
                                        </Identifier>
                                      </ScalarOperator>
                                    </Logical>
                                  </ScalarOperator>
                                  <ScalarOperator>
                                    <Logical Operation="IS NULL">
                                      <ScalarOperator>
                                        <Identifier>
                                          <ColumnReference Column="Expr1028" />
                                        </Identifier>
                                      </ScalarOperator>
                                    </Logical>
                                  </ScalarOperator>
                                </Logical>
                              </ScalarOperator>
                            </Condition>
                            <Then>
                              <ScalarOperator>
                                <Const ConstValue="(0)" />
                              </ScalarOperator>
                            </Then>
                            <Else>
                              <ScalarOperator>
                                <IF>
                                  <Condition>
                                    <ScalarOperator>
                                      <Logical Operation="AND">
                                        <ScalarOperator>
                                          <Logical Operation="NOT">
                                            <ScalarOperator>
                                              <Identifier>
                                                <ColumnReference Column="Pass1031" />
                                              </Identifier>
                                            </ScalarOperator>
                                          </Logical>
                                        </ScalarOperator>
                                        <ScalarOperator>
                                          <Logical Operation="IS NULL">
                                            <ScalarOperator>
                                              <Identifier>
                                                <ColumnReference Column="Expr1030" />
                                              </Identifier>
                                            </ScalarOperator>
                                          </Logical>
                                        </ScalarOperator>
                                      </Logical>
                                    </ScalarOperator>
                                  </Condition>
                                  <Then>
                                    <ScalarOperator>
                                      <Const ConstValue="(1)" />
                                    </ScalarOperator>
                                  </Then>
                                  <Else>
                                    <ScalarOperator>
                                      <Const ConstValue="NULL" />
                                    </ScalarOperator>
                                  </Else>
                                </IF>
                              </ScalarOperator>
                            </Else>
                          </IF>
                        </ScalarOperator>
                      </Predicate>
                    </Assert>
                  </RelOp>
                </QueryPlan>
              </StmtSimple>
              <StmtSimple StatementText="&#x9;UPDATE M&#xD;&#xA;&#x9;&#x9;&#x9;SET M.ImageId = I.Id&#xD;&#xA;&#x9;&#x9;FROM dbo.Mix AS M&#xD;&#xA;&#x9;&#x9;INNER JOIN dbo.BuildFlavor AS BF ON BF.Id = M.BuildFlavorId&#xD;&#xA;&#x9;&#x9;INNER JOIN dbo.Image AS I ON I.PlatformBspFirmwareId = @platformBspFirmwareId AND I.BuildVersionId = BF.BuildVersionId&#xD;&#xA;&#x9;&#x9;WHERE M.Id = @mixId&#xD;&#xA;" StatementId="25" StatementCompId="30" StatementType="UPDATE" RetrievedFromCache="true" StatementSubTreeCost="0.0198587" StatementEstRows="1" StatementOptmLevel="FULL" QueryHash="0x15EF7187E59FACC6" QueryPlanHash="0x6EFCA7054C48F2A3" StatementOptmEarlyAbortReason="GoodEnoughPlanFound">
                <StatementSetOptions QUOTED_IDENTIFIER="true" ARITHABORT="true" CONCAT_NULL_YIELDS_NULL="true" ANSI_NULLS="true" ANSI_PADDING="true" ANSI_WARNINGS="true" NUMERIC_ROUNDABORT="false" />
                <QueryPlan NonParallelPlanReason="MaxDOPSetToOne" CachedPlanSize="32" CompileTime="12" CompileCPU="12" CompileMemory="1448">
                  <MemoryGrantInfo SerialRequiredMemory="0" SerialDesiredMemory="0" />
                  <OptimizerHardwareDependentProperties EstimatedAvailableMemoryGrant="193313" EstimatedPagesCached="773254" EstimatedAvailableDegreeOfParallelism="1" />
                  <RelOp NodeId="0" PhysicalOp="Clustered Index Update" LogicalOp="Update" EstimateRows="1" EstimateIO="0.01" EstimateCPU="1e-006" AvgRowSize="9" EstimatedTotalSubtreeCost="0.0198587" Parallel="0" EstimateRebinds="0" EstimateRewinds="0" EstimatedExecutionMode="Row">
                    <OutputList />
                    <Update DMLRequestSort="0">
                      <Object Database="[OurLabReporting]" Schema="[dbo]" Table="[Mix]" Index="[Mix_PK]" Alias="[M]" IndexKind="Clustered" />
                      <SetPredicate>
                        <ScalarOperator ScalarString="[OurLabReporting].[dbo].[Mix].[ImageId] as [M].[ImageId] = [OurLabReporting].[dbo].[Image].[Id] as [I].[Id]">
                          <ScalarExpressionList>
                            <ScalarOperator>
                              <MultipleAssign>
                                <Assign>
                                  <ColumnReference Database="[OurLabReporting]" Schema="[dbo]" Table="[Mix]" Alias="[M]" Column="ImageId" />
                                  <ScalarOperator>
                                    <Identifier>
                                      <ColumnReference Database="[OurLabReporting]" Schema="[dbo]" Table="[Image]" Alias="[I]" Column="Id" />
                                    </Identifier>
                                  </ScalarOperator>
                                </Assign>
                              </MultipleAssign>
                            </ScalarOperator>
                          </ScalarExpressionList>
                        </ScalarOperator>
                      </SetPredicate>
                      <RelOp NodeId="1" PhysicalOp="Nested Loops" LogicalOp="Inner Join" EstimateRows="1" EstimateIO="0" EstimateCPU="4.18e-006" AvgRowSize="15" EstimatedTotalSubtreeCost="0.00985766" Parallel="0" EstimateRebinds="0" EstimateRewinds="0" EstimatedExecutionMode="Row">
                        <OutputList>
                          <ColumnReference Database="[OurLabReporting]" Schema="[dbo]" Table="[Mix]" Alias="[M]" Column="Id" />
                          <ColumnReference Database="[OurLabReporting]" Schema="[dbo]" Table="[Image]" Alias="[I]" Column="Id" />
                        </OutputList>
                        <NestedLoops Optimized="0">
                          <OuterReferences>
                            <ColumnReference Database="[OurLabReporting]" Schema="[dbo]" Table="[BuildFlavor]" Alias="[BF]" Column="BuildVersionId" />
                          </OuterReferences>
                          <RelOp NodeId="2" PhysicalOp="Nested Loops" LogicalOp="Inner Join" EstimateRows="1" EstimateIO="0" EstimateCPU="4.18e-006" AvgRowSize="15" EstimatedTotalSubtreeCost="0.00657038" Parallel="0" EstimateRebinds="0" EstimateRewinds="0" EstimatedExecutionMode="Row">
                            <OutputList>
                              <ColumnReference Database="[OurLabReporting]" Schema="[dbo]" Table="[Mix]" Alias="[M]" Column="Id" />
                              <ColumnReference Database="[OurLabReporting]" Schema="[dbo]" Table="[BuildFlavor]" Alias="[BF]" Column="BuildVersionId" />
                            </OutputList>
                            <NestedLoops Optimized="0">
                              <OuterReferences>
                                <ColumnReference Database="[OurLabReporting]" Schema="[dbo]" Table="[Mix]" Alias="[M]" Column="BuildFlavorId" />
                              </OuterReferences>
                              <RelOp NodeId="3" PhysicalOp="Clustered Index Seek" LogicalOp="Clustered Index Seek" EstimateRows="1" EstimateIO="0.003125" EstimateCPU="0.0001581" AvgRowSize="15" EstimatedTotalSubtreeCost="0.0032831" TableCardinality="1.48177e+006" Parallel="0" EstimateRebinds="0" EstimateRewinds="0" EstimatedExecutionMode="Row">
                                <OutputList>
                                  <ColumnReference Database="[OurLabReporting]" Schema="[dbo]" Table="[Mix]" Alias="[M]" Column="Id" />
                                  <ColumnReference Database="[OurLabReporting]" Schema="[dbo]" Table="[Mix]" Alias="[M]" Column="BuildFlavorId" />
                                </OutputList>
                                <IndexScan Ordered="1" ScanDirection="FORWARD" ForcedIndex="0" ForceSeek="0" ForceScan="0" NoExpandHint="0" Storage="RowStore">
                                  <DefinedValues>
                                    <DefinedValue>
                                      <ColumnReference Database="[OurLabReporting]" Schema="[dbo]" Table="[Mix]" Alias="[M]" Column="Id" />
                                    </DefinedValue>
                                    <DefinedValue>
                                      <ColumnReference Database="[OurLabReporting]" Schema="[dbo]" Table="[Mix]" Alias="[M]" Column="BuildFlavorId" />
                                    </DefinedValue>
                                  </DefinedValues>
                                  <Object Database="[OurLabReporting]" Schema="[dbo]" Table="[Mix]" Index="[Mix_PK]" Alias="[M]" IndexKind="Clustered" />
                                  <SeekPredicates>
                                    <SeekPredicateNew>
                                      <SeekKeys>
                                        <Prefix ScanType="EQ">
                                          <RangeColumns>
                                            <ColumnReference Database="[OurLabReporting]" Schema="[dbo]" Table="[Mix]" Alias="[M]" Column="Id" />
                                          </RangeColumns>
                                          <RangeExpressions>
                                            <ScalarOperator ScalarString="[@mixId]">
                                              <Identifier>
                                                <ColumnReference Column="@mixId" />
                                              </Identifier>
                                            </ScalarOperator>
                                          </RangeExpressions>
                                        </Prefix>
                                      </SeekKeys>
                                    </SeekPredicateNew>
                                  </SeekPredicates>
                                </IndexScan>
                              </RelOp>
                              <RelOp NodeId="4" PhysicalOp="Index Seek" LogicalOp="Index Seek" EstimateRows="1" EstimateIO="0.003125" EstimateCPU="0.0001581" AvgRowSize="11" EstimatedTotalSubtreeCost="0.0032831" TableCardinality="805179" Parallel="0" EstimateRebinds="0" EstimateRewinds="0" EstimatedExecutionMode="Row">
                                <OutputList>
                                  <ColumnReference Database="[OurLabReporting]" Schema="[dbo]" Table="[BuildFlavor]" Alias="[BF]" Column="BuildVersionId" />
                                </OutputList>
                                <IndexScan Ordered="1" ScanDirection="FORWARD" ForcedIndex="0" ForceSeek="0" ForceScan="0" NoExpandHint="0" Storage="RowStore">
                                  <DefinedValues>
                                    <DefinedValue>
                                      <ColumnReference Database="[OurLabReporting]" Schema="[dbo]" Table="[BuildFlavor]" Alias="[BF]" Column="BuildVersionId" />
                                    </DefinedValue>
                                  </DefinedValues>
                                  <Object Database="[OurLabReporting]" Schema="[dbo]" Table="[BuildFlavor]" Index="[BuildFlavor_IDX_Id]" Alias="[BF]" IndexKind="NonClustered" />
                                  <SeekPredicates>
                                    <SeekPredicateNew>
                                      <SeekKeys>
                                        <Prefix ScanType="EQ">
                                          <RangeColumns>
                                            <ColumnReference Database="[OurLabReporting]" Schema="[dbo]" Table="[BuildFlavor]" Alias="[BF]" Column="Id" />
                                          </RangeColumns>
                                          <RangeExpressions>
                                            <ScalarOperator ScalarString="[OurLabReporting].[dbo].[Mix].[BuildFlavorId] as [M].[BuildFlavorId]">
                                              <Identifier>
                                                <ColumnReference Database="[OurLabReporting]" Schema="[dbo]" Table="[Mix]" Alias="[M]" Column="BuildFlavorId" />
                                              </Identifier>
                                            </ScalarOperator>
                                          </RangeExpressions>
                                        </Prefix>
                                      </SeekKeys>
                                    </SeekPredicateNew>
                                  </SeekPredicates>
                                </IndexScan>
                              </RelOp>
                            </NestedLoops>
                          </RelOp>
                          <RelOp NodeId="5" PhysicalOp="Index Seek" LogicalOp="Index Seek" EstimateRows="1" EstimateIO="0.003125" EstimateCPU="0.0001581" AvgRowSize="11" EstimatedTotalSubtreeCost="0.0032831" TableCardinality="104141" Parallel="0" EstimateRebinds="0" EstimateRewinds="0" EstimatedExecutionMode="Row">
                            <OutputList>
                              <ColumnReference Database="[OurLabReporting]" Schema="[dbo]" Table="[Image]" Alias="[I]" Column="Id" />
                            </OutputList>
                            <IndexScan Ordered="1" ScanDirection="FORWARD" ForcedIndex="0" ForceSeek="0" ForceScan="0" NoExpandHint="0" Storage="RowStore">
                              <DefinedValues>
                                <DefinedValue>
                                  <ColumnReference Database="[OurLabReporting]" Schema="[dbo]" Table="[Image]" Alias="[I]" Column="Id" />
                                </DefinedValue>
                              </DefinedValues>
                              <Object Database="[OurLabReporting]" Schema="[dbo]" Table="[Image]" Index="[Image_AK]" Alias="[I]" IndexKind="NonClustered" />
                              <SeekPredicates>
                                <SeekPredicateNew>
                                  <SeekKeys>
                                    <Prefix ScanType="EQ">
                                      <RangeColumns>
                                        <ColumnReference Database="[OurLabReporting]" Schema="[dbo]" Table="[Image]" Alias="[I]" Column="PlatformBspFirmwareId" />
                                        <ColumnReference Database="[OurLabReporting]" Schema="[dbo]" Table="[Image]" Alias="[I]" Column="BuildVersionId" />
                                      </RangeColumns>
                                      <RangeExpressions>
                                        <ScalarOperator ScalarString="[@platformBspFirmwareId]">
                                          <Identifier>
                                            <ColumnReference Column="@platformBspFirmwareId" />
                                          </Identifier>
                                        </ScalarOperator>
                                        <ScalarOperator ScalarString="[OurLabReporting].[dbo].[BuildFlavor].[BuildVersionId] as [BF].[BuildVersionId]">
                                          <Identifier>
                                            <ColumnReference Database="[OurLabReporting]" Schema="[dbo]" Table="[BuildFlavor]" Alias="[BF]" Column="BuildVersionId" />
                                          </Identifier>
                                        </ScalarOperator>
                                      </RangeExpressions>
                                    </Prefix>
                                  </SeekKeys>
                                </SeekPredicateNew>
                              </SeekPredicates>
                            </IndexScan>
                          </RelOp>
                        </NestedLoops>
                      </RelOp>
                    </Update>
                  </RelOp>
                </QueryPlan>
              </StmtSimple>
            </Statements>
          </Then>
        </StmtCond>
        <StmtSimple StatementText="&#x9;END&#xD;&#xA;&#x9;&#xD;&#xA;&#x9;-- End Stopwatch&#xD;&#xA;&#x9;DECLARE @objectName varchar(128) = (SELECT OBJECT_NAME(@@PROCID));&#xD;&#xA;" StatementId="26" StatementCompId="32" StatementType="SELECT" RetrievedFromCache="true" StatementSubTreeCost="1.257e-006" StatementEstRows="1" StatementOptmLevel="FULL" QueryHash="0x830C952D7490168E" QueryPlanHash="0x3B1EAEC0618BFE3F" StatementOptmEarlyAbortReason="GoodEnoughPlanFound">
          <StatementSetOptions QUOTED_IDENTIFIER="true" ARITHABORT="true" CONCAT_NULL_YIELDS_NULL="true" ANSI_NULLS="true" ANSI_PADDING="true" ANSI_WARNINGS="true" NUMERIC_ROUNDABORT="false" />
          <QueryPlan NonParallelPlanReason="MaxDOPSetToOne" CachedPlanSize="8" CompileTime="0" CompileCPU="0" CompileMemory="392">
            <MemoryGrantInfo SerialRequiredMemory="0" SerialDesiredMemory="0" />
            <OptimizerHardwareDependentProperties EstimatedAvailableMemoryGrant="193313" EstimatedPagesCached="773254" EstimatedAvailableDegreeOfParallelism="1" />
            <RelOp NodeId="0" PhysicalOp="Compute Scalar" LogicalOp="Compute Scalar" EstimateRows="1" EstimateIO="0" EstimateCPU="1e-007" AvgRowSize="75" EstimatedTotalSubtreeCost="1.257e-006" Parallel="0" EstimateRebinds="0" EstimateRewinds="0" EstimatedExecutionMode="Row">
              <OutputList>
                <ColumnReference Column="Expr1001" />
              </OutputList>
              <ComputeScalar>
                <DefinedValues>
                  <DefinedValue>
                    <ColumnReference Column="Expr1001" />
                    <ScalarOperator ScalarString="CONVERT_IMPLICIT(varchar(128),[Expr1000],0)">
                      <Convert DataType="varchar" Length="128" Style="0" Implicit="1">
                        <ScalarOperator>
                          <Identifier>
                            <ColumnReference Column="Expr1000" />
                          </Identifier>
                        </ScalarOperator>
                      </Convert>
                    </ScalarOperator>
                  </DefinedValue>
                </DefinedValues>
                <RelOp NodeId="1" PhysicalOp="Constant Scan" LogicalOp="Constant Scan" EstimateRows="1" EstimateIO="0" EstimateCPU="1.157e-006" AvgRowSize="139" EstimatedTotalSubtreeCost="1.157e-006" Parallel="0" EstimateRebinds="0" EstimateRewinds="0" EstimatedExecutionMode="Row">
                  <OutputList>
                    <ColumnReference Column="Expr1000" />
                  </OutputList>
                  <ConstantScan>
                    <Values>
                      <Row>
                        <ScalarOperator ScalarString="object_name(@@procid)">
                          <Intrinsic FunctionName="object_name">
                            <ScalarOperator>
                              <Intrinsic FunctionName="@@procid" />
                            </ScalarOperator>
                            <ScalarOperator>
                              <Const ConstValue="" />
                            </ScalarOperator>
                          </Intrinsic>
                        </ScalarOperator>
                      </Row>
                    </Values>
                  </ConstantScan>
                </RelOp>
              </ComputeScalar>
            </RelOp>
          </QueryPlan>
        </StmtSimple>
        <StmtSimple StatementText="&#x9;EXEC [dbo].[spEndStopwatch] @objectName, @stopwatchBeginTime;&#xD;&#xA;&#xD;" StatementId="27" StatementCompId="33" StatementType="EXECUTE PROC" RetrievedFromCache="true" />
      </Statements>
    </Batch>
  </BatchSequence>
</ShowPlanXML>