<?xml version="1.0" encoding="utf-8"?>
<ShowPlanXML xmlns="http://schemas.microsoft.com/sqlserver/2004/07/showplan" Version="1.2" Build="11.0.3412.0">
  <BatchSequence>
    <Batch>
      <Statements>
        <StmtSimple StatementText="select &#xD;&#xA;                            f.Id,                            &#xD;&#xA;                            s.Status,&#xD;&#xA;                            rf.CreateDateTime,                            &#xD;&#xA;                            f.AssignedTo,&#xD;&#xA;                            bd.Timestamp BuildDate,&#xD;&#xA;                            bd.FullBuildNumber,&#xD;&#xA;                            bd.Id BuildVersionID,&#xD;&#xA;                            tpd.Id TestPassDefinationID,&#xD;&#xA;                            f.ScheduleId&#xD;&#xA;                            from Failure f (nolock)&#xD;&#xA;                            inner join ScheduleTestpassMapping stpm (nolock) on stpm.ScheduleId = f.ScheduleId&#xD;&#xA;                            inner join Schedule sch (nolock) on sch.id = stpm.ScheduleId&#xD;&#xA;                            inner join Teu t (nolock) on t.Id = f.TEUId &#xD;&#xA;                            inner join Testpass tp (nolock) on tp.id = stpm.TestpassId and tp.IsValid = 1 and tp.IsOfficial = 1 &#xD;&#xA;                            inner join TestpassDefinition tpd (nolock) on tpd.Id = tp.TestpassDefinitionId and tpd.Name in ('BVTs Xbox One Console AMD64 FRE EN-US','ACG Phone1 HyperV x86FRE USA GSM 768x1280','Updateability P1 QRD8x26 ARMFRE QPS-PLOC GSM 480x800','Restorability P1 QRD8x26 ARMFRE QPS-PLOC GSM 480x800','Updateability N-1 QRD8x26 ARMFRE QPS-PLOC GSM 480x800','Restorability N-1 QRD8x26 ARMFRE QPS-PLOC GSM 480x800','WinPerf AppLifeCycle 8226MoneyPenny 3G ARMFRE','WinPerf Desktop AMD64 fre','Winperf BVT CTP 8926MoneyPenny_LTE ARMFRE QPS-PLOC GSM 480x800','Winperf BVT CTP Desktop AMD64 FRE','Winperf BVT CTP HyperV x86fre QPS-PLOC GSM 768x1280','Winperf Idle CTP OneCoreUAPTest AMD64 FRE','Winperf Workloads BVT CTP Desktop X86 FRE','Stress Longhaul App Cycle HyperV x86FRE QPS-PLOC GSM 768x1280,Stress Longhaul Free Roam HyperV x86FRE QPS-PLOC GSM 768x1280','Stress Longhaul App Cycle 8226MoneyPenny_3G ARMFRE QPS-PLOC GSM 480x800,Stress Longhaul Free Roam 8226MoneyPenny_3G ARMFRE QPS-PLOC GSM 480x800','Stress Longhaul App Cycle QRD8x26 ARMFRE QPS-PLOC GSM 480x800,Stress Longhaul Free Roam QRD8x26 ARMFRE QPS-PLOC GSM 480x800')&#xD;&#xA;                            inner join Status s (nolock) on s.id = f.StatusId&#xD;&#xA;                            inner join FailureCategory fc (nolock) on fc.id = f.FailureCategoryId&#xD;&#xA;                            inner join FailureSubCategory fsc (nolock) on fsc.id = f.FailureSubCategoryId&#xD;&#xA;                            inner join FailureType ft (nolock) on ft.id = f.FailureTypeId&#xD;&#xA;                            inner join Reporting.Failures rf (nolock) on rf.id = f.id                            &#xD;&#xA;                            inner join BuildVersion bd (nolock) on bd.Id = sch.BuildVersionId and bd.FullBuildNumber like '10006.%.fbl_swat_dev02.150129-0155'&#xD;&#xA;                            where f.FailureTypeId = 4&#xD;&#xA;                            and Status='Active'&#xD;&#xA;                            order by sch.StartDate desc" StatementId="1" StatementCompId="1" StatementType="SELECT" RetrievedFromCache="true" StatementSubTreeCost="22.2239" StatementEstRows="426.686" StatementOptmLevel="FULL" QueryHash="0x8893985D9BA4AB73" QueryPlanHash="0x88F3930D5CF53C93" StatementOptmEarlyAbortReason="TimeOut">
          <StatementSetOptions QUOTED_IDENTIFIER="true" ARITHABORT="true" CONCAT_NULL_YIELDS_NULL="true" ANSI_NULLS="true" ANSI_PADDING="true" ANSI_WARNINGS="true" NUMERIC_ROUNDABORT="false" />
          <QueryPlan NonParallelPlanReason="MaxDOPSetToOne" CachedPlanSize="232" CompileTime="2166" CompileCPU="2165" CompileMemory="36136">
            <MemoryGrantInfo SerialRequiredMemory="4608" SerialDesiredMemory="12112" />
            <OptimizerHardwareDependentProperties EstimatedAvailableMemoryGrant="193313" EstimatedPagesCached="773254" EstimatedAvailableDegreeOfParallelism="1" />
            <RelOp NodeId="0" PhysicalOp="Nested Loops" LogicalOp="Inner Join" EstimateRows="426.686" EstimateIO="0" EstimateCPU="0.00178355" AvgRowSize="185" EstimatedTotalSubtreeCost="22.2239" Parallel="0" EstimateRebinds="0" EstimateRewinds="0" EstimatedExecutionMode="Row">
              <OutputList>
                <ColumnReference Database="[OurLabReporting]" Schema="[dbo]" Table="[Failure]" Alias="[f]" Column="Id" />
                <ColumnReference Database="[OurLabReporting]" Schema="[dbo]" Table="[Failure]" Alias="[f]" Column="ScheduleId" />
                <ColumnReference Database="[OurLabReporting]" Schema="[dbo]" Table="[Failure]" Alias="[f]" Column="AssignedTo" />
                <ColumnReference Database="[OurLabReporting]" Schema="[dbo]" Table="[Schedule]" Alias="[sch]" Column="StartDate" />
                <ColumnReference Database="[OurLabReporting]" Schema="[dbo]" Table="[TestpassDefinition]" Alias="[tpd]" Column="Id" />
                <ColumnReference Database="[OurLabReporting]" Schema="[dbo]" Table="[Status]" Alias="[s]" Column="Status" />
                <ColumnReference Database="[OurLabReporting]" Schema="[Reporting]" Table="[Failures]" Alias="[rf]" Column="CreateDateTime" />
                <ColumnReference Database="[OurLabReporting]" Schema="[dbo]" Table="[BuildVersion]" Alias="[bd]" Column="Id" />
                <ColumnReference Database="[OurLabReporting]" Schema="[dbo]" Table="[BuildVersion]" Alias="[bd]" Column="Timestamp" />
                <ColumnReference Database="[OurLabReporting]" Schema="[dbo]" Table="[BuildVersion]" Alias="[bd]" Column="FullBuildNumber" />
              </OutputList>
              <NestedLoops Optimized="0">
                <RelOp NodeId="1" PhysicalOp="Clustered Index Seek" LogicalOp="Clustered Index Seek" EstimateRows="1" EstimateIO="0.003125" EstimateCPU="0.0001581" AvgRowSize="9" EstimatedTotalSubtreeCost="0.0032831" TableCardinality="6" Parallel="0" EstimateRebinds="0" EstimateRewinds="0" EstimatedExecutionMode="Row">
                  <OutputList />
                  <IndexScan Ordered="1" ScanDirection="FORWARD" ForcedIndex="0" ForceSeek="0" ForceScan="0" NoExpandHint="0" Storage="RowStore">
                    <DefinedValues />
                    <Object Database="[OurLabReporting]" Schema="[dbo]" Table="[FailureType]" Index="[FailureType_PK]" Alias="[ft]" IndexKind="Clustered" />
                    <SeekPredicates>
                      <SeekPredicateNew>
                        <SeekKeys>
                          <Prefix ScanType="EQ">
                            <RangeColumns>
                              <ColumnReference Database="[OurLabReporting]" Schema="[dbo]" Table="[FailureType]" Alias="[ft]" Column="Id" />
                            </RangeColumns>
                            <RangeExpressions>
                              <ScalarOperator ScalarString="(4)">
                                <Const ConstValue="(4)" />
                              </ScalarOperator>
                            </RangeExpressions>
                          </Prefix>
                        </SeekKeys>
                      </SeekPredicateNew>
                    </SeekPredicates>
                  </IndexScan>
                </RelOp>
                <RelOp NodeId="2" PhysicalOp="Nested Loops" LogicalOp="Inner Join" EstimateRows="426.686" EstimateIO="0" EstimateCPU="0.00178355" AvgRowSize="185" EstimatedTotalSubtreeCost="22.2189" Parallel="0" EstimateRebinds="0" EstimateRewinds="0" EstimatedExecutionMode="Row">
                  <OutputList>
                    <ColumnReference Database="[OurLabReporting]" Schema="[dbo]" Table="[Failure]" Alias="[f]" Column="Id" />
                    <ColumnReference Database="[OurLabReporting]" Schema="[dbo]" Table="[Failure]" Alias="[f]" Column="ScheduleId" />
                    <ColumnReference Database="[OurLabReporting]" Schema="[dbo]" Table="[Failure]" Alias="[f]" Column="AssignedTo" />
                    <ColumnReference Database="[OurLabReporting]" Schema="[dbo]" Table="[Schedule]" Alias="[sch]" Column="StartDate" />
                    <ColumnReference Database="[OurLabReporting]" Schema="[dbo]" Table="[TestpassDefinition]" Alias="[tpd]" Column="Id" />
                    <ColumnReference Database="[OurLabReporting]" Schema="[dbo]" Table="[Status]" Alias="[s]" Column="Status" />
                    <ColumnReference Database="[OurLabReporting]" Schema="[Reporting]" Table="[Failures]" Alias="[rf]" Column="CreateDateTime" />
                    <ColumnReference Database="[OurLabReporting]" Schema="[dbo]" Table="[BuildVersion]" Alias="[bd]" Column="Id" />
                    <ColumnReference Database="[OurLabReporting]" Schema="[dbo]" Table="[BuildVersion]" Alias="[bd]" Column="Timestamp" />
                    <ColumnReference Database="[OurLabReporting]" Schema="[dbo]" Table="[BuildVersion]" Alias="[bd]" Column="FullBuildNumber" />
                  </OutputList>
                  <NestedLoops Optimized="0" WithOrderedPrefetch="1">
                    <OuterReferences>
                      <ColumnReference Database="[OurLabReporting]" Schema="[dbo]" Table="[Failure]" Alias="[f]" Column="TEUId" />
                      <ColumnReference Column="Expr1030" />
                    </OuterReferences>
                    <RelOp NodeId="4" PhysicalOp="Nested Loops" LogicalOp="Inner Join" EstimateRows="426.686" EstimateIO="0" EstimateCPU="7.01371e-005" AvgRowSize="193" EstimatedTotalSubtreeCost="20.8207" Parallel="0" EstimateRebinds="0" EstimateRewinds="0" EstimatedExecutionMode="Row">
                      <OutputList>
                        <ColumnReference Database="[OurLabReporting]" Schema="[dbo]" Table="[Failure]" Alias="[f]" Column="Id" />
                        <ColumnReference Database="[OurLabReporting]" Schema="[dbo]" Table="[Failure]" Alias="[f]" Column="ScheduleId" />
                        <ColumnReference Database="[OurLabReporting]" Schema="[dbo]" Table="[Failure]" Alias="[f]" Column="TEUId" />
                        <ColumnReference Database="[OurLabReporting]" Schema="[dbo]" Table="[Failure]" Alias="[f]" Column="AssignedTo" />
                        <ColumnReference Database="[OurLabReporting]" Schema="[dbo]" Table="[Schedule]" Alias="[sch]" Column="StartDate" />
                        <ColumnReference Database="[OurLabReporting]" Schema="[dbo]" Table="[TestpassDefinition]" Alias="[tpd]" Column="Id" />
                        <ColumnReference Database="[OurLabReporting]" Schema="[dbo]" Table="[Status]" Alias="[s]" Column="Status" />
                        <ColumnReference Database="[OurLabReporting]" Schema="[Reporting]" Table="[Failures]" Alias="[rf]" Column="CreateDateTime" />
                        <ColumnReference Database="[OurLabReporting]" Schema="[dbo]" Table="[BuildVersion]" Alias="[bd]" Column="Id" />
                        <ColumnReference Database="[OurLabReporting]" Schema="[dbo]" Table="[BuildVersion]" Alias="[bd]" Column="Timestamp" />
                        <ColumnReference Database="[OurLabReporting]" Schema="[dbo]" Table="[BuildVersion]" Alias="[bd]" Column="FullBuildNumber" />
                      </OutputList>
                      <NestedLoops Optimized="0">
                        <OuterReferences>
                          <ColumnReference Column="PtnId1020" ComputedColumn="1" />
                          <ColumnReference Database="[OurLabReporting]" Schema="[Reporting]" Table="[Failures]" Alias="[rf]" Column="Id" />
                          <ColumnReference Database="[OurLabReporting]" Schema="[Reporting]" Table="[Failures]" Alias="[rf]" Column="ScheduleStartDateTime" />
                        </OuterReferences>
                        <RelOp NodeId="5" PhysicalOp="Nested Loops" LogicalOp="Inner Join" EstimateRows="16.7792" EstimateIO="0" EstimateCPU="6.70641e-005" AvgRowSize="201" EstimatedTotalSubtreeCost="20.7662" Parallel="0" EstimateRebinds="0" EstimateRewinds="0" EstimatedExecutionMode="Row">
                          <OutputList>
                            <ColumnReference Database="[OurLabReporting]" Schema="[dbo]" Table="[Failure]" Alias="[f]" Column="Id" />
                            <ColumnReference Database="[OurLabReporting]" Schema="[dbo]" Table="[Failure]" Alias="[f]" Column="ScheduleId" />
                            <ColumnReference Database="[OurLabReporting]" Schema="[dbo]" Table="[Failure]" Alias="[f]" Column="TEUId" />
                            <ColumnReference Database="[OurLabReporting]" Schema="[dbo]" Table="[Failure]" Alias="[f]" Column="AssignedTo" />
                            <ColumnReference Database="[OurLabReporting]" Schema="[dbo]" Table="[Schedule]" Alias="[sch]" Column="StartDate" />
                            <ColumnReference Database="[OurLabReporting]" Schema="[dbo]" Table="[TestpassDefinition]" Alias="[tpd]" Column="Id" />
                            <ColumnReference Database="[OurLabReporting]" Schema="[dbo]" Table="[Status]" Alias="[s]" Column="Status" />
                            <ColumnReference Column="PtnId1020" ComputedColumn="1" />
                            <ColumnReference Database="[OurLabReporting]" Schema="[Reporting]" Table="[Failures]" Alias="[rf]" Column="Id" />
                            <ColumnReference Database="[OurLabReporting]" Schema="[Reporting]" Table="[Failures]" Alias="[rf]" Column="ScheduleStartDateTime" />
                            <ColumnReference Database="[OurLabReporting]" Schema="[dbo]" Table="[BuildVersion]" Alias="[bd]" Column="Id" />
                            <ColumnReference Database="[OurLabReporting]" Schema="[dbo]" Table="[BuildVersion]" Alias="[bd]" Column="Timestamp" />
                            <ColumnReference Database="[OurLabReporting]" Schema="[dbo]" Table="[BuildVersion]" Alias="[bd]" Column="FullBuildNumber" />
                          </OutputList>
                          <NestedLoops Optimized="0">
                            <OuterReferences>
                              <ColumnReference Database="[OurLabReporting]" Schema="[dbo]" Table="[Failure]" Alias="[f]" Column="Id" />
                            </OuterReferences>
                            <RelOp NodeId="6" PhysicalOp="Sort" LogicalOp="Sort" EstimateRows="13.6365" EstimateIO="0.0112613" EstimateCPU="0.000180371" AvgRowSize="185" EstimatedTotalSubtreeCost="14.1474" Parallel="0" EstimateRebinds="0" EstimateRewinds="0" EstimatedExecutionMode="Row">
                              <OutputList>
                                <ColumnReference Database="[OurLabReporting]" Schema="[dbo]" Table="[Failure]" Alias="[f]" Column="Id" />
                                <ColumnReference Database="[OurLabReporting]" Schema="[dbo]" Table="[Failure]" Alias="[f]" Column="ScheduleId" />
                                <ColumnReference Database="[OurLabReporting]" Schema="[dbo]" Table="[Failure]" Alias="[f]" Column="TEUId" />
                                <ColumnReference Database="[OurLabReporting]" Schema="[dbo]" Table="[Failure]" Alias="[f]" Column="AssignedTo" />
                                <ColumnReference Database="[OurLabReporting]" Schema="[dbo]" Table="[Schedule]" Alias="[sch]" Column="StartDate" />
                                <ColumnReference Database="[OurLabReporting]" Schema="[dbo]" Table="[TestpassDefinition]" Alias="[tpd]" Column="Id" />
                                <ColumnReference Database="[OurLabReporting]" Schema="[dbo]" Table="[Status]" Alias="[s]" Column="Status" />
                                <ColumnReference Database="[OurLabReporting]" Schema="[dbo]" Table="[BuildVersion]" Alias="[bd]" Column="Id" />
                                <ColumnReference Database="[OurLabReporting]" Schema="[dbo]" Table="[BuildVersion]" Alias="[bd]" Column="Timestamp" />
                                <ColumnReference Database="[OurLabReporting]" Schema="[dbo]" Table="[BuildVersion]" Alias="[bd]" Column="FullBuildNumber" />
                              </OutputList>
                              <MemoryFractions Input="0.00426439" Output="1" />
                              <Sort Distinct="0">
                                <OrderBy>
                                  <OrderByColumn Ascending="0">
                                    <ColumnReference Database="[OurLabReporting]" Schema="[dbo]" Table="[Schedule]" Alias="[sch]" Column="StartDate" />
                                  </OrderByColumn>
                                </OrderBy>
                                <RelOp NodeId="7" PhysicalOp="Hash Match" LogicalOp="Inner Join" EstimateRows="13.6365" EstimateIO="0" EstimateCPU="0.022186" AvgRowSize="185" EstimatedTotalSubtreeCost="14.136" Parallel="0" EstimateRebinds="0" EstimateRewinds="0" EstimatedExecutionMode="Row">
                                  <OutputList>
                                    <ColumnReference Database="[OurLabReporting]" Schema="[dbo]" Table="[Failure]" Alias="[f]" Column="Id" />
                                    <ColumnReference Database="[OurLabReporting]" Schema="[dbo]" Table="[Failure]" Alias="[f]" Column="ScheduleId" />
                                    <ColumnReference Database="[OurLabReporting]" Schema="[dbo]" Table="[Failure]" Alias="[f]" Column="TEUId" />
                                    <ColumnReference Database="[OurLabReporting]" Schema="[dbo]" Table="[Failure]" Alias="[f]" Column="AssignedTo" />
                                    <ColumnReference Database="[OurLabReporting]" Schema="[dbo]" Table="[Schedule]" Alias="[sch]" Column="StartDate" />
                                    <ColumnReference Database="[OurLabReporting]" Schema="[dbo]" Table="[TestpassDefinition]" Alias="[tpd]" Column="Id" />
                                    <ColumnReference Database="[OurLabReporting]" Schema="[dbo]" Table="[Status]" Alias="[s]" Column="Status" />
                                    <ColumnReference Database="[OurLabReporting]" Schema="[dbo]" Table="[BuildVersion]" Alias="[bd]" Column="Id" />
                                    <ColumnReference Database="[OurLabReporting]" Schema="[dbo]" Table="[BuildVersion]" Alias="[bd]" Column="Timestamp" />
                                    <ColumnReference Database="[OurLabReporting]" Schema="[dbo]" Table="[BuildVersion]" Alias="[bd]" Column="FullBuildNumber" />
                                  </OutputList>
                                  <MemoryFractions Input="0.0246253" Output="0.0245203" />
                                  <Hash>
                                    <DefinedValues />
                                    <HashKeysBuild>
                                      <ColumnReference Database="[OurLabReporting]" Schema="[dbo]" Table="[Status]" Alias="[s]" Column="Id" />
                                    </HashKeysBuild>
                                    <HashKeysProbe>
                                      <ColumnReference Database="[OurLabReporting]" Schema="[dbo]" Table="[Failure]" Alias="[f]" Column="StatusId" />
                                    </HashKeysProbe>
                                    <RelOp NodeId="8" PhysicalOp="Index Seek" LogicalOp="Index Seek" EstimateRows="1" EstimateIO="0.003125" EstimateCPU="0.0001581" AvgRowSize="28" EstimatedTotalSubtreeCost="0.0032831" TableCardinality="96" Parallel="0" EstimateRebinds="0" EstimateRewinds="0" EstimatedExecutionMode="Row">
                                      <OutputList>
                                        <ColumnReference Database="[OurLabReporting]" Schema="[dbo]" Table="[Status]" Alias="[s]" Column="Id" />
                                        <ColumnReference Database="[OurLabReporting]" Schema="[dbo]" Table="[Status]" Alias="[s]" Column="Status" />
                                      </OutputList>
                                      <IndexScan Ordered="1" ScanDirection="FORWARD" ForcedIndex="0" ForceSeek="0" ForceScan="0" NoExpandHint="0" Storage="RowStore">
                                        <DefinedValues>
                                          <DefinedValue>
                                            <ColumnReference Database="[OurLabReporting]" Schema="[dbo]" Table="[Status]" Alias="[s]" Column="Id" />
                                          </DefinedValue>
                                          <DefinedValue>
                                            <ColumnReference Database="[OurLabReporting]" Schema="[dbo]" Table="[Status]" Alias="[s]" Column="Status" />
                                          </DefinedValue>
                                        </DefinedValues>
                                        <Object Database="[OurLabReporting]" Schema="[dbo]" Table="[Status]" Index="[IX_Status_StatusType]" Alias="[s]" IndexKind="NonClustered" />
                                        <SeekPredicates>
                                          <SeekPredicateNew>
                                            <SeekKeys>
                                              <Prefix ScanType="EQ">
                                                <RangeColumns>
                                                  <ColumnReference Database="[OurLabReporting]" Schema="[dbo]" Table="[Status]" Alias="[s]" Column="Status" />
                                                </RangeColumns>
                                                <RangeExpressions>
                                                  <ScalarOperator ScalarString="'Active'">
                                                    <Const ConstValue="'Active'" />
                                                  </ScalarOperator>
                                                </RangeExpressions>
                                              </Prefix>
                                            </SeekKeys>
                                          </SeekPredicateNew>
                                        </SeekPredicates>
                                      </IndexScan>
                                    </RelOp>
                                    <RelOp NodeId="9" PhysicalOp="Nested Loops" LogicalOp="Inner Join" EstimateRows="28160.8" EstimateIO="0" EstimateCPU="0.117712" AvgRowSize="178" EstimatedTotalSubtreeCost="14.097" Parallel="0" EstimateRebinds="0" EstimateRewinds="0" EstimatedExecutionMode="Row">
                                      <OutputList>
                                        <ColumnReference Database="[OurLabReporting]" Schema="[dbo]" Table="[Failure]" Alias="[f]" Column="Id" />
                                        <ColumnReference Database="[OurLabReporting]" Schema="[dbo]" Table="[Failure]" Alias="[f]" Column="ScheduleId" />
                                        <ColumnReference Database="[OurLabReporting]" Schema="[dbo]" Table="[Failure]" Alias="[f]" Column="StatusId" />
                                        <ColumnReference Database="[OurLabReporting]" Schema="[dbo]" Table="[Failure]" Alias="[f]" Column="TEUId" />
                                        <ColumnReference Database="[OurLabReporting]" Schema="[dbo]" Table="[Failure]" Alias="[f]" Column="AssignedTo" />
                                        <ColumnReference Database="[OurLabReporting]" Schema="[dbo]" Table="[Schedule]" Alias="[sch]" Column="StartDate" />
                                        <ColumnReference Database="[OurLabReporting]" Schema="[dbo]" Table="[TestpassDefinition]" Alias="[tpd]" Column="Id" />
                                        <ColumnReference Database="[OurLabReporting]" Schema="[dbo]" Table="[BuildVersion]" Alias="[bd]" Column="Id" />
                                        <ColumnReference Database="[OurLabReporting]" Schema="[dbo]" Table="[BuildVersion]" Alias="[bd]" Column="Timestamp" />
                                        <ColumnReference Database="[OurLabReporting]" Schema="[dbo]" Table="[BuildVersion]" Alias="[bd]" Column="FullBuildNumber" />
                                      </OutputList>
                                      <NestedLoops Optimized="1" WithUnorderedPrefetch="1">
                                        <OuterReferences>
                                          <ColumnReference Database="[OurLabReporting]" Schema="[dbo]" Table="[Failure]" Alias="[f]" Column="Id" />
                                          <ColumnReference Column="Expr1029" />
                                        </OuterReferences>
                                        <RelOp NodeId="12" PhysicalOp="Nested Loops" LogicalOp="Inner Join" EstimateRows="28160.8" EstimateIO="0" EstimateCPU="0.0333019" AvgRowSize="166" EstimatedTotalSubtreeCost="2.46526" Parallel="0" EstimateRebinds="0" EstimateRewinds="0" EstimatedExecutionMode="Row">
                                          <OutputList>
                                            <ColumnReference Database="[OurLabReporting]" Schema="[dbo]" Table="[Failure]" Alias="[f]" Column="Id" />
                                            <ColumnReference Database="[OurLabReporting]" Schema="[dbo]" Table="[Failure]" Alias="[f]" Column="ScheduleId" />
                                            <ColumnReference Database="[OurLabReporting]" Schema="[dbo]" Table="[Failure]" Alias="[f]" Column="StatusId" />
                                            <ColumnReference Database="[OurLabReporting]" Schema="[dbo]" Table="[Failure]" Alias="[f]" Column="AssignedTo" />
                                            <ColumnReference Database="[OurLabReporting]" Schema="[dbo]" Table="[Schedule]" Alias="[sch]" Column="StartDate" />
                                            <ColumnReference Database="[OurLabReporting]" Schema="[dbo]" Table="[TestpassDefinition]" Alias="[tpd]" Column="Id" />
                                            <ColumnReference Database="[OurLabReporting]" Schema="[dbo]" Table="[BuildVersion]" Alias="[bd]" Column="Id" />
                                            <ColumnReference Database="[OurLabReporting]" Schema="[dbo]" Table="[BuildVersion]" Alias="[bd]" Column="Timestamp" />
                                            <ColumnReference Database="[OurLabReporting]" Schema="[dbo]" Table="[BuildVersion]" Alias="[bd]" Column="FullBuildNumber" />
                                          </OutputList>
                                          <NestedLoops Optimized="1">
                                            <OuterReferences>
                                              <ColumnReference Database="[OurLabReporting]" Schema="[dbo]" Table="[Schedule]" Alias="[sch]" Column="Id" />
                                            </OuterReferences>
                                            <RelOp NodeId="14" PhysicalOp="Hash Match" LogicalOp="Inner Join" EstimateRows="9.91446" EstimateIO="0" EstimateCPU="0.0190409" AvgRowSize="105" EstimatedTotalSubtreeCost="2.36077" Parallel="0" EstimateRebinds="0" EstimateRewinds="0" EstimatedExecutionMode="Row">
                                              <OutputList>
                                                <ColumnReference Database="[OurLabReporting]" Schema="[dbo]" Table="[Schedule]" Alias="[sch]" Column="Id" />
                                                <ColumnReference Database="[OurLabReporting]" Schema="[dbo]" Table="[Schedule]" Alias="[sch]" Column="StartDate" />
                                                <ColumnReference Database="[OurLabReporting]" Schema="[dbo]" Table="[TestpassDefinition]" Alias="[tpd]" Column="Id" />
                                                <ColumnReference Database="[OurLabReporting]" Schema="[dbo]" Table="[BuildVersion]" Alias="[bd]" Column="Id" />
                                                <ColumnReference Database="[OurLabReporting]" Schema="[dbo]" Table="[BuildVersion]" Alias="[bd]" Column="Timestamp" />
                                                <ColumnReference Database="[OurLabReporting]" Schema="[dbo]" Table="[BuildVersion]" Alias="[bd]" Column="FullBuildNumber" />
                                              </OutputList>
                                              <MemoryFractions Input="0.195075" Output="0.00426439" />
                                              <Hash>
                                                <DefinedValues />
                                                <HashKeysBuild>
                                                  <ColumnReference Database="[OurLabReporting]" Schema="[dbo]" Table="[TestpassDefinition]" Alias="[tpd]" Column="Id" />
                                                </HashKeysBuild>
                                                <HashKeysProbe>
                                                  <ColumnReference Database="[OurLabReporting]" Schema="[dbo]" Table="[Testpass]" Alias="[tp]" Column="TestpassDefinitionId" />
                                                </HashKeysProbe>
                                                <RelOp NodeId="15" PhysicalOp="Index Seek" LogicalOp="Index Seek" EstimateRows="16" EstimateIO="0.003125" EstimateCPU="0.0001746" AvgRowSize="11" EstimatedTotalSubtreeCost="0.0032996" TableCardinality="1875" Parallel="0" EstimateRebinds="0" EstimateRewinds="0" EstimatedExecutionMode="Row">
                                                  <OutputList>
                                                    <ColumnReference Database="[OurLabReporting]" Schema="[dbo]" Table="[TestpassDefinition]" Alias="[tpd]" Column="Id" />
                                                  </OutputList>
                                                  <IndexScan Ordered="1" ScanDirection="FORWARD" ForcedIndex="0" ForceSeek="0" ForceScan="0" NoExpandHint="0" Storage="RowStore">
                                                    <DefinedValues>
                                                      <DefinedValue>
                                                        <ColumnReference Database="[OurLabReporting]" Schema="[dbo]" Table="[TestpassDefinition]" Alias="[tpd]" Column="Id" />
                                                      </DefinedValue>
                                                    </DefinedValues>
                                                    <Object Database="[OurLabReporting]" Schema="[dbo]" Table="[TestpassDefinition]" Index="[IX_TestpassDefinition_Name_Include_Id]" Alias="[tpd]" IndexKind="NonClustered" />
                                                    <SeekPredicates>
                                                      <SeekPredicateNew>
                                                        <SeekKeys>
                                                          <Prefix ScanType="EQ">
                                                            <RangeColumns>
                                                              <ColumnReference Database="[OurLabReporting]" Schema="[dbo]" Table="[TestpassDefinition]" Alias="[tpd]" Column="Name" />
                                                            </RangeColumns>
                                                            <RangeExpressions>
                                                              <ScalarOperator ScalarString="N'ACG Phone1 HyperV x86FRE USA GSM 768x1280'">
                                                                <Const ConstValue="N'ACG Phone1 HyperV x86FRE USA GSM 768x1280'" />
                                                              </ScalarOperator>
                                                            </RangeExpressions>
                                                          </Prefix>
                                                        </SeekKeys>
                                                      </SeekPredicateNew>
                                                      <SeekPredicateNew>
                                                        <SeekKeys>
                                                          <Prefix ScanType="EQ">
                                                            <RangeColumns>
                                                              <ColumnReference Database="[OurLabReporting]" Schema="[dbo]" Table="[TestpassDefinition]" Alias="[tpd]" Column="Name" />
                                                            </RangeColumns>
                                                            <RangeExpressions>
                                                              <ScalarOperator ScalarString="N'BVTs Xbox One Console AMD64 FRE EN-US'">
                                                                <Const ConstValue="N'BVTs Xbox One Console AMD64 FRE EN-US'" />
                                                              </ScalarOperator>
                                                            </RangeExpressions>
                                                          </Prefix>
                                                        </SeekKeys>
                                                      </SeekPredicateNew>
                                                      <SeekPredicateNew>
                                                        <SeekKeys>
                                                          <Prefix ScanType="EQ">
                                                            <RangeColumns>
                                                              <ColumnReference Database="[OurLabReporting]" Schema="[dbo]" Table="[TestpassDefinition]" Alias="[tpd]" Column="Name" />
                                                            </RangeColumns>
                                                            <RangeExpressions>
                                                              <ScalarOperator ScalarString="N'Restorability N-1 QRD8x26 ARMFRE QPS-PLOC GSM 480x800'">
                                                                <Const ConstValue="N'Restorability N-1 QRD8x26 ARMFRE QPS-PLOC GSM 480x800'" />
                                                              </ScalarOperator>
                                                            </RangeExpressions>
                                                          </Prefix>
                                                        </SeekKeys>
                                                      </SeekPredicateNew>
                                                      <SeekPredicateNew>
                                                        <SeekKeys>
                                                          <Prefix ScanType="EQ">
                                                            <RangeColumns>
                                                              <ColumnReference Database="[OurLabReporting]" Schema="[dbo]" Table="[TestpassDefinition]" Alias="[tpd]" Column="Name" />
                                                            </RangeColumns>
                                                            <RangeExpressions>
                                                              <ScalarOperator ScalarString="N'Restorability P1 QRD8x26 ARMFRE QPS-PLOC GSM 480x800'">
                                                                <Const ConstValue="N'Restorability P1 QRD8x26 ARMFRE QPS-PLOC GSM 480x800'" />
                                                              </ScalarOperator>
                                                            </RangeExpressions>
                                                          </Prefix>
                                                        </SeekKeys>
                                                      </SeekPredicateNew>
                                                      <SeekPredicateNew>
                                                        <SeekKeys>
                                                          <Prefix ScanType="EQ">
                                                            <RangeColumns>
                                                              <ColumnReference Database="[OurLabReporting]" Schema="[dbo]" Table="[TestpassDefinition]" Alias="[tpd]" Column="Name" />
                                                            </RangeColumns>
                                                            <RangeExpressions>
                                                              <ScalarOperator ScalarString="N'Stress Longhaul App Cycle 8226MoneyPenny_3G ARMFRE QPS-PLOC GSM 480x800,Stress Longhaul Free Roam 8226MoneyPenny_3G ARMFRE QPS-PLOC GSM 480x800'">
                                                                <Const ConstValue="N'Stress Longhaul App Cycle 8226MoneyPenny_3G ARMFRE QPS-PLOC GSM 480x800,Stress Longhaul Free Roam 8226MoneyPenny_3G ARMFRE QPS-PLOC GSM 480x800'" />
                                                              </ScalarOperator>
                                                            </RangeExpressions>
                                                          </Prefix>
                                                        </SeekKeys>
                                                      </SeekPredicateNew>
                                                      <SeekPredicateNew>
                                                        <SeekKeys>
                                                          <Prefix ScanType="EQ">
                                                            <RangeColumns>
                                                              <ColumnReference Database="[OurLabReporting]" Schema="[dbo]" Table="[TestpassDefinition]" Alias="[tpd]" Column="Name" />
                                                            </RangeColumns>
                                                            <RangeExpressions>
                                                              <ScalarOperator ScalarString="N'Stress Longhaul App Cycle HyperV x86FRE QPS-PLOC GSM 768x1280,Stress Longhaul Free Roam HyperV x86FRE QPS-PLOC GSM 768x1280'">
                                                                <Const ConstValue="N'Stress Longhaul App Cycle HyperV x86FRE QPS-PLOC GSM 768x1280,Stress Longhaul Free Roam HyperV x86FRE QPS-PLOC GSM 768x1280'" />
                                                              </ScalarOperator>
                                                            </RangeExpressions>
                                                          </Prefix>
                                                        </SeekKeys>
                                                      </SeekPredicateNew>
                                                      <SeekPredicateNew>
                                                        <SeekKeys>
                                                          <Prefix ScanType="EQ">
                                                            <RangeColumns>
                                                              <ColumnReference Database="[OurLabReporting]" Schema="[dbo]" Table="[TestpassDefinition]" Alias="[tpd]" Column="Name" />
                                                            </RangeColumns>
                                                            <RangeExpressions>
                                                              <ScalarOperator ScalarString="N'Stress Longhaul App Cycle QRD8x26 ARMFRE QPS-PLOC GSM 480x800,Stress Longhaul Free Roam QRD8x26 ARMFRE QPS-PLOC GSM 480x800'">
                                                                <Const ConstValue="N'Stress Longhaul App Cycle QRD8x26 ARMFRE QPS-PLOC GSM 480x800,Stress Longhaul Free Roam QRD8x26 ARMFRE QPS-PLOC GSM 480x800'" />
                                                              </ScalarOperator>
                                                            </RangeExpressions>
                                                          </Prefix>
                                                        </SeekKeys>
                                                      </SeekPredicateNew>
                                                      <SeekPredicateNew>
                                                        <SeekKeys>
                                                          <Prefix ScanType="EQ">
                                                            <RangeColumns>
                                                              <ColumnReference Database="[OurLabReporting]" Schema="[dbo]" Table="[TestpassDefinition]" Alias="[tpd]" Column="Name" />
                                                            </RangeColumns>
                                                            <RangeExpressions>
                                                              <ScalarOperator ScalarString="N'Updateability N-1 QRD8x26 ARMFRE QPS-PLOC GSM 480x800'">
                                                                <Const ConstValue="N'Updateability N-1 QRD8x26 ARMFRE QPS-PLOC GSM 480x800'" />
                                                              </ScalarOperator>
                                                            </RangeExpressions>
                                                          </Prefix>
                                                        </SeekKeys>
                                                      </SeekPredicateNew>
                                                      <SeekPredicateNew>
                                                        <SeekKeys>
                                                          <Prefix ScanType="EQ">
                                                            <RangeColumns>
                                                              <ColumnReference Database="[OurLabReporting]" Schema="[dbo]" Table="[TestpassDefinition]" Alias="[tpd]" Column="Name" />
                                                            </RangeColumns>
                                                            <RangeExpressions>
                                                              <ScalarOperator ScalarString="N'Updateability P1 QRD8x26 ARMFRE QPS-PLOC GSM 480x800'">
                                                                <Const ConstValue="N'Updateability P1 QRD8x26 ARMFRE QPS-PLOC GSM 480x800'" />
                                                              </ScalarOperator>
                                                            </RangeExpressions>
                                                          </Prefix>
                                                        </SeekKeys>
                                                      </SeekPredicateNew>
                                                      <SeekPredicateNew>
                                                        <SeekKeys>
                                                          <Prefix ScanType="EQ">
                                                            <RangeColumns>
                                                              <ColumnReference Database="[OurLabReporting]" Schema="[dbo]" Table="[TestpassDefinition]" Alias="[tpd]" Column="Name" />
                                                            </RangeColumns>
                                                            <RangeExpressions>
                                                              <ScalarOperator ScalarString="N'WinPerf AppLifeCycle 8226MoneyPenny 3G ARMFRE'">
                                                                <Const ConstValue="N'WinPerf AppLifeCycle 8226MoneyPenny 3G ARMFRE'" />
                                                              </ScalarOperator>
                                                            </RangeExpressions>
                                                          </Prefix>
                                                        </SeekKeys>
                                                      </SeekPredicateNew>
                                                      <SeekPredicateNew>
                                                        <SeekKeys>
                                                          <Prefix ScanType="EQ">
                                                            <RangeColumns>
                                                              <ColumnReference Database="[OurLabReporting]" Schema="[dbo]" Table="[TestpassDefinition]" Alias="[tpd]" Column="Name" />
                                                            </RangeColumns>
                                                            <RangeExpressions>
                                                              <ScalarOperator ScalarString="N'Winperf BVT CTP 8926MoneyPenny_LTE ARMFRE QPS-PLOC GSM 480x800'">
                                                                <Const ConstValue="N'Winperf BVT CTP 8926MoneyPenny_LTE ARMFRE QPS-PLOC GSM 480x800'" />
                                                              </ScalarOperator>
                                                            </RangeExpressions>
                                                          </Prefix>
                                                        </SeekKeys>
                                                      </SeekPredicateNew>
                                                      <SeekPredicateNew>
                                                        <SeekKeys>
                                                          <Prefix ScanType="EQ">
                                                            <RangeColumns>
                                                              <ColumnReference Database="[OurLabReporting]" Schema="[dbo]" Table="[TestpassDefinition]" Alias="[tpd]" Column="Name" />
                                                            </RangeColumns>
                                                            <RangeExpressions>
                                                              <ScalarOperator ScalarString="N'Winperf BVT CTP Desktop AMD64 FRE'">
                                                                <Const ConstValue="N'Winperf BVT CTP Desktop AMD64 FRE'" />
                                                              </ScalarOperator>
                                                            </RangeExpressions>
                                                          </Prefix>
                                                        </SeekKeys>
                                                      </SeekPredicateNew>
                                                      <SeekPredicateNew>
                                                        <SeekKeys>
                                                          <Prefix ScanType="EQ">
                                                            <RangeColumns>
                                                              <ColumnReference Database="[OurLabReporting]" Schema="[dbo]" Table="[TestpassDefinition]" Alias="[tpd]" Column="Name" />
                                                            </RangeColumns>
                                                            <RangeExpressions>
                                                              <ScalarOperator ScalarString="N'Winperf BVT CTP HyperV x86fre QPS-PLOC GSM 768x1280'">
                                                                <Const ConstValue="N'Winperf BVT CTP HyperV x86fre QPS-PLOC GSM 768x1280'" />
                                                              </ScalarOperator>
                                                            </RangeExpressions>
                                                          </Prefix>
                                                        </SeekKeys>
                                                      </SeekPredicateNew>
                                                      <SeekPredicateNew>
                                                        <SeekKeys>
                                                          <Prefix ScanType="EQ">
                                                            <RangeColumns>
                                                              <ColumnReference Database="[OurLabReporting]" Schema="[dbo]" Table="[TestpassDefinition]" Alias="[tpd]" Column="Name" />
                                                            </RangeColumns>
                                                            <RangeExpressions>
                                                              <ScalarOperator ScalarString="N'WinPerf Desktop AMD64 fre'">
                                                                <Const ConstValue="N'WinPerf Desktop AMD64 fre'" />
                                                              </ScalarOperator>
                                                            </RangeExpressions>
                                                          </Prefix>
                                                        </SeekKeys>
                                                      </SeekPredicateNew>
                                                      <SeekPredicateNew>
                                                        <SeekKeys>
                                                          <Prefix ScanType="EQ">
                                                            <RangeColumns>
                                                              <ColumnReference Database="[OurLabReporting]" Schema="[dbo]" Table="[TestpassDefinition]" Alias="[tpd]" Column="Name" />
                                                            </RangeColumns>
                                                            <RangeExpressions>
                                                              <ScalarOperator ScalarString="N'Winperf Idle CTP OneCoreUAPTest AMD64 FRE'">
                                                                <Const ConstValue="N'Winperf Idle CTP OneCoreUAPTest AMD64 FRE'" />
                                                              </ScalarOperator>
                                                            </RangeExpressions>
                                                          </Prefix>
                                                        </SeekKeys>
                                                      </SeekPredicateNew>
                                                      <SeekPredicateNew>
                                                        <SeekKeys>
                                                          <Prefix ScanType="EQ">
                                                            <RangeColumns>
                                                              <ColumnReference Database="[OurLabReporting]" Schema="[dbo]" Table="[TestpassDefinition]" Alias="[tpd]" Column="Name" />
                                                            </RangeColumns>
                                                            <RangeExpressions>
                                                              <ScalarOperator ScalarString="N'Winperf Workloads BVT CTP Desktop X86 FRE'">
                                                                <Const ConstValue="N'Winperf Workloads BVT CTP Desktop X86 FRE'" />
                                                              </ScalarOperator>
                                                            </RangeExpressions>
                                                          </Prefix>
                                                        </SeekKeys>
                                                      </SeekPredicateNew>
                                                    </SeekPredicates>
                                                  </IndexScan>
                                                </RelOp>
                                                <RelOp NodeId="16" PhysicalOp="Nested Loops" LogicalOp="Inner Join" EstimateRows="246.415" EstimateIO="0" EstimateCPU="0.0010778" AvgRowSize="105" EstimatedTotalSubtreeCost="2.33842" Parallel="0" EstimateRebinds="0" EstimateRewinds="0" EstimatedExecutionMode="Row">
                                                  <OutputList>
                                                    <ColumnReference Database="[OurLabReporting]" Schema="[dbo]" Table="[Schedule]" Alias="[sch]" Column="Id" />
                                                    <ColumnReference Database="[OurLabReporting]" Schema="[dbo]" Table="[Schedule]" Alias="[sch]" Column="StartDate" />
                                                    <ColumnReference Database="[OurLabReporting]" Schema="[dbo]" Table="[Testpass]" Alias="[tp]" Column="TestpassDefinitionId" />
                                                    <ColumnReference Database="[OurLabReporting]" Schema="[dbo]" Table="[BuildVersion]" Alias="[bd]" Column="Id" />
                                                    <ColumnReference Database="[OurLabReporting]" Schema="[dbo]" Table="[BuildVersion]" Alias="[bd]" Column="Timestamp" />
                                                    <ColumnReference Database="[OurLabReporting]" Schema="[dbo]" Table="[BuildVersion]" Alias="[bd]" Column="FullBuildNumber" />
                                                  </OutputList>
                                                  <NestedLoops Optimized="0" WithUnorderedPrefetch="1">
                                                    <OuterReferences>
                                                      <ColumnReference Database="[OurLabReporting]" Schema="[dbo]" Table="[ScheduleTestpassMapping]" Alias="[stpm]" Column="TestpassId" />
                                                      <ColumnReference Column="Expr1028" />
                                                    </OuterReferences>
                                                    <RelOp NodeId="18" PhysicalOp="Nested Loops" LogicalOp="Inner Join" EstimateRows="257.847" EstimateIO="0" EstimateCPU="0.00130355" AvgRowSize="105" EstimatedTotalSubtreeCost="1.49878" Parallel="0" EstimateRebinds="0" EstimateRewinds="0" EstimatedExecutionMode="Row">
                                                      <OutputList>
                                                        <ColumnReference Database="[OurLabReporting]" Schema="[dbo]" Table="[ScheduleTestpassMapping]" Alias="[stpm]" Column="TestpassId" />
                                                        <ColumnReference Database="[OurLabReporting]" Schema="[dbo]" Table="[Schedule]" Alias="[sch]" Column="Id" />
                                                        <ColumnReference Database="[OurLabReporting]" Schema="[dbo]" Table="[Schedule]" Alias="[sch]" Column="StartDate" />
                                                        <ColumnReference Database="[OurLabReporting]" Schema="[dbo]" Table="[BuildVersion]" Alias="[bd]" Column="Id" />
                                                        <ColumnReference Database="[OurLabReporting]" Schema="[dbo]" Table="[BuildVersion]" Alias="[bd]" Column="Timestamp" />
                                                        <ColumnReference Database="[OurLabReporting]" Schema="[dbo]" Table="[BuildVersion]" Alias="[bd]" Column="FullBuildNumber" />
                                                      </OutputList>
                                                      <NestedLoops Optimized="0" WithUnorderedPrefetch="1">
                                                        <OuterReferences>
                                                          <ColumnReference Database="[OurLabReporting]" Schema="[dbo]" Table="[Schedule]" Alias="[sch]" Column="Id" />
                                                          <ColumnReference Column="Expr1027" />
                                                        </OuterReferences>
                                                        <RelOp NodeId="20" PhysicalOp="Nested Loops" LogicalOp="Inner Join" EstimateRows="311.854" EstimateIO="0" EstimateCPU="0.00130355" AvgRowSize="101" EstimatedTotalSubtreeCost="0.667429" Parallel="0" EstimateRebinds="0" EstimateRewinds="0" EstimatedExecutionMode="Row">
                                                          <OutputList>
                                                            <ColumnReference Database="[OurLabReporting]" Schema="[dbo]" Table="[Schedule]" Alias="[sch]" Column="Id" />
                                                            <ColumnReference Database="[OurLabReporting]" Schema="[dbo]" Table="[Schedule]" Alias="[sch]" Column="StartDate" />
                                                            <ColumnReference Database="[OurLabReporting]" Schema="[dbo]" Table="[BuildVersion]" Alias="[bd]" Column="Id" />
                                                            <ColumnReference Database="[OurLabReporting]" Schema="[dbo]" Table="[BuildVersion]" Alias="[bd]" Column="Timestamp" />
                                                            <ColumnReference Database="[OurLabReporting]" Schema="[dbo]" Table="[BuildVersion]" Alias="[bd]" Column="FullBuildNumber" />
                                                          </OutputList>
                                                          <NestedLoops Optimized="1" WithUnorderedPrefetch="1">
                                                            <OuterReferences>
                                                              <ColumnReference Database="[OurLabReporting]" Schema="[dbo]" Table="[Schedule]" Alias="[sch]" Column="Id" />
                                                              <ColumnReference Column="Expr1026" />
                                                            </OuterReferences>
                                                            <RelOp NodeId="23" PhysicalOp="Nested Loops" LogicalOp="Inner Join" EstimateRows="311.854" EstimateIO="0" EstimateCPU="0.00130355" AvgRowSize="93" EstimatedTotalSubtreeCost="0.0136066" Parallel="0" EstimateRebinds="0" EstimateRewinds="0" EstimatedExecutionMode="Row">
                                                              <OutputList>
                                                                <ColumnReference Database="[OurLabReporting]" Schema="[dbo]" Table="[Schedule]" Alias="[sch]" Column="Id" />
                                                                <ColumnReference Database="[OurLabReporting]" Schema="[dbo]" Table="[BuildVersion]" Alias="[bd]" Column="Id" />
                                                                <ColumnReference Database="[OurLabReporting]" Schema="[dbo]" Table="[BuildVersion]" Alias="[bd]" Column="Timestamp" />
                                                                <ColumnReference Database="[OurLabReporting]" Schema="[dbo]" Table="[BuildVersion]" Alias="[bd]" Column="FullBuildNumber" />
                                                              </OutputList>
                                                              <NestedLoops Optimized="1">
                                                                <OuterReferences>
                                                                  <ColumnReference Database="[OurLabReporting]" Schema="[dbo]" Table="[BuildVersion]" Alias="[bd]" Column="Id" />
                                                                </OuterReferences>
                                                                <RelOp NodeId="25" PhysicalOp="Index Seek" LogicalOp="Index Seek" EstimateRows="3.59449" EstimateIO="0.003125" EstimateCPU="0.000160954" AvgRowSize="89" EstimatedTotalSubtreeCost="0.00328595" TableCardinality="78971" Parallel="0" EstimateRebinds="0" EstimateRewinds="0" EstimatedExecutionMode="Row">
                                                                  <OutputList>
                                                                    <ColumnReference Database="[OurLabReporting]" Schema="[dbo]" Table="[BuildVersion]" Alias="[bd]" Column="Id" />
                                                                    <ColumnReference Database="[OurLabReporting]" Schema="[dbo]" Table="[BuildVersion]" Alias="[bd]" Column="Timestamp" />
                                                                    <ColumnReference Database="[OurLabReporting]" Schema="[dbo]" Table="[BuildVersion]" Alias="[bd]" Column="FullBuildNumber" />
                                                                  </OutputList>
                                                                  <IndexScan Ordered="1" ScanDirection="FORWARD" ForcedIndex="0" ForceSeek="0" ForceScan="0" NoExpandHint="0" Storage="RowStore">
                                                                    <DefinedValues>
                                                                      <DefinedValue>
                                                                        <ColumnReference Database="[OurLabReporting]" Schema="[dbo]" Table="[BuildVersion]" Alias="[bd]" Column="Id" />
                                                                      </DefinedValue>
                                                                      <DefinedValue>
                                                                        <ColumnReference Database="[OurLabReporting]" Schema="[dbo]" Table="[BuildVersion]" Alias="[bd]" Column="Timestamp" />
                                                                      </DefinedValue>
                                                                      <DefinedValue>
                                                                        <ColumnReference Database="[OurLabReporting]" Schema="[dbo]" Table="[BuildVersion]" Alias="[bd]" Column="FullBuildNumber" />
                                                                      </DefinedValue>
                                                                    </DefinedValues>
                                                                    <Object Database="[OurLabReporting]" Schema="[dbo]" Table="[BuildVersion]" Index="[BuildVersion_IDX_FullBuildNumber]" Alias="[bd]" IndexKind="NonClustered" />
                                                                    <SeekPredicates>
                                                                      <SeekPredicateNew>
                                                                        <SeekKeys>
                                                                          <StartRange ScanType="GE">
                                                                            <RangeColumns>
                                                                              <ColumnReference Database="[OurLabReporting]" Schema="[dbo]" Table="[BuildVersion]" Alias="[bd]" Column="FullBuildNumber" />
                                                                            </RangeColumns>
                                                                            <RangeExpressions>
                                                                              <ScalarOperator ScalarString="N'10006.'">
                                                                                <Const ConstValue="N'10006.'" />
                                                                              </ScalarOperator>
                                                                            </RangeExpressions>
                                                                          </StartRange>
                                                                          <EndRange ScanType="LT">
                                                                            <RangeColumns>
                                                                              <ColumnReference Database="[OurLabReporting]" Schema="[dbo]" Table="[BuildVersion]" Alias="[bd]" Column="FullBuildNumber" />
                                                                            </RangeColumns>
                                                                            <RangeExpressions>
                                                                              <ScalarOperator ScalarString="N'10006/'">
                                                                                <Const ConstValue="N'10006/'" />
                                                                              </ScalarOperator>
                                                                            </RangeExpressions>
                                                                          </EndRange>
                                                                        </SeekKeys>
                                                                      </SeekPredicateNew>
                                                                    </SeekPredicates>
                                                                    <Predicate>
                                                                      <ScalarOperator ScalarString="[OurLabReporting].[dbo].[BuildVersion].[FullBuildNumber] as [bd].[FullBuildNumber] like N'10006.%.fbl_swat_dev02.150129-0155'">
                                                                        <Intrinsic FunctionName="like">
                                                                          <ScalarOperator>
                                                                            <Identifier>
                                                                              <ColumnReference Database="[OurLabReporting]" Schema="[dbo]" Table="[BuildVersion]" Alias="[bd]" Column="FullBuildNumber" />
                                                                            </Identifier>
                                                                          </ScalarOperator>
                                                                          <ScalarOperator>
                                                                            <Const ConstValue="N'10006.%.fbl_swat_dev02.150129-0155'" />
                                                                          </ScalarOperator>
                                                                        </Intrinsic>
                                                                      </ScalarOperator>
                                                                    </Predicate>
                                                                  </IndexScan>
                                                                </RelOp>
                                                                <RelOp NodeId="26" PhysicalOp="Index Seek" LogicalOp="Index Seek" EstimateRows="86.7588" EstimateIO="0.003125" EstimateCPU="0.000252435" AvgRowSize="11" EstimatedTotalSubtreeCost="0.00901395" TableCardinality="1.44031e+006" Parallel="0" EstimateRebinds="2.59449" EstimateRewinds="0" EstimatedExecutionMode="Row">
                                                                  <OutputList>
                                                                    <ColumnReference Database="[OurLabReporting]" Schema="[dbo]" Table="[Schedule]" Alias="[sch]" Column="Id" />
                                                                  </OutputList>
                                                                  <IndexScan Ordered="1" ScanDirection="FORWARD" ForcedIndex="0" ForceSeek="0" ForceScan="0" NoExpandHint="0" Storage="RowStore">
                                                                    <DefinedValues>
                                                                      <DefinedValue>
                                                                        <ColumnReference Database="[OurLabReporting]" Schema="[dbo]" Table="[Schedule]" Alias="[sch]" Column="Id" />
                                                                      </DefinedValue>
                                                                    </DefinedValues>
                                                                    <Object Database="[OurLabReporting]" Schema="[dbo]" Table="[Schedule]" Index="[Schedule_IDX_BuildVersion]" Alias="[sch]" IndexKind="NonClustered" />
                                                                    <SeekPredicates>
                                                                      <SeekPredicateNew>
                                                                        <SeekKeys>
                                                                          <Prefix ScanType="EQ">
                                                                            <RangeColumns>
                                                                              <ColumnReference Database="[OurLabReporting]" Schema="[dbo]" Table="[Schedule]" Alias="[sch]" Column="BuildVersionId" />
                                                                            </RangeColumns>
                                                                            <RangeExpressions>
                                                                              <ScalarOperator ScalarString="[OurLabReporting].[dbo].[BuildVersion].[Id] as [bd].[Id]">
                                                                                <Identifier>
                                                                                  <ColumnReference Database="[OurLabReporting]" Schema="[dbo]" Table="[BuildVersion]" Alias="[bd]" Column="Id" />
                                                                                </Identifier>
                                                                              </ScalarOperator>
                                                                            </RangeExpressions>
                                                                          </Prefix>
                                                                        </SeekKeys>
                                                                      </SeekPredicateNew>
                                                                    </SeekPredicates>
                                                                  </IndexScan>
                                                                </RelOp>
                                                              </NestedLoops>
                                                            </RelOp>
                                                            <RelOp NodeId="28" PhysicalOp="Clustered Index Seek" LogicalOp="Clustered Index Seek" EstimateRows="1" EstimateIO="0.003125" EstimateCPU="0.0001581" AvgRowSize="15" EstimatedTotalSubtreeCost="0.652519" TableCardinality="1.44031e+006" Parallel="0" EstimateRebinds="293.552" EstimateRewinds="17.3019" EstimatedExecutionMode="Row">
                                                              <OutputList>
                                                                <ColumnReference Database="[OurLabReporting]" Schema="[dbo]" Table="[Schedule]" Alias="[sch]" Column="StartDate" />
                                                              </OutputList>
                                                              <IndexScan Lookup="1" Ordered="1" ScanDirection="FORWARD" ForcedIndex="0" ForceSeek="0" ForceScan="0" NoExpandHint="0" Storage="RowStore">
                                                                <DefinedValues>
                                                                  <DefinedValue>
                                                                    <ColumnReference Database="[OurLabReporting]" Schema="[dbo]" Table="[Schedule]" Alias="[sch]" Column="StartDate" />
                                                                  </DefinedValue>
                                                                </DefinedValues>
                                                                <Object Database="[OurLabReporting]" Schema="[dbo]" Table="[Schedule]" Index="[Schedule_PK]" Alias="[sch]" TableReferenceId="-1" IndexKind="Clustered" />
                                                                <SeekPredicates>
                                                                  <SeekPredicateNew>
                                                                    <SeekKeys>
                                                                      <Prefix ScanType="EQ">
                                                                        <RangeColumns>
                                                                          <ColumnReference Database="[OurLabReporting]" Schema="[dbo]" Table="[Schedule]" Alias="[sch]" Column="Id" />
                                                                        </RangeColumns>
                                                                        <RangeExpressions>
                                                                          <ScalarOperator ScalarString="[OurLabReporting].[dbo].[Schedule].[Id] as [sch].[Id]">
                                                                            <Identifier>
                                                                              <ColumnReference Database="[OurLabReporting]" Schema="[dbo]" Table="[Schedule]" Alias="[sch]" Column="Id" />
                                                                            </Identifier>
                                                                          </ScalarOperator>
                                                                        </RangeExpressions>
                                                                      </Prefix>
                                                                    </SeekKeys>
                                                                  </SeekPredicateNew>
                                                                </SeekPredicates>
                                                              </IndexScan>
                                                            </RelOp>
                                                          </NestedLoops>
                                                        </RelOp>
                                                        <RelOp NodeId="32" PhysicalOp="Index Seek" LogicalOp="Index Seek" EstimateRows="1" EstimateIO="0.003125" EstimateCPU="0.0001581" AvgRowSize="11" EstimatedTotalSubtreeCost="0.830048" TableCardinality="1.4403e+006" Parallel="0" EstimateRebinds="310.841" EstimateRewinds="0.012942" EstimatedExecutionMode="Row">
                                                          <OutputList>
                                                            <ColumnReference Database="[OurLabReporting]" Schema="[dbo]" Table="[ScheduleTestpassMapping]" Alias="[stpm]" Column="TestpassId" />
                                                          </OutputList>
                                                          <IndexScan Ordered="1" ScanDirection="FORWARD" ForcedIndex="0" ForceSeek="0" ForceScan="0" NoExpandHint="0" Storage="RowStore">
                                                            <DefinedValues>
                                                              <DefinedValue>
                                                                <ColumnReference Database="[OurLabReporting]" Schema="[dbo]" Table="[ScheduleTestpassMapping]" Alias="[stpm]" Column="TestpassId" />
                                                              </DefinedValue>
                                                            </DefinedValues>
                                                            <Object Database="[OurLabReporting]" Schema="[dbo]" Table="[ScheduleTestpassMapping]" Index="[UX_Schedule]" Alias="[stpm]" IndexKind="NonClustered" />
                                                            <SeekPredicates>
                                                              <SeekPredicateNew>
                                                                <SeekKeys>
                                                                  <Prefix ScanType="EQ">
                                                                    <RangeColumns>
                                                                      <ColumnReference Database="[OurLabReporting]" Schema="[dbo]" Table="[ScheduleTestpassMapping]" Alias="[stpm]" Column="ScheduleId" />
                                                                    </RangeColumns>
                                                                    <RangeExpressions>
                                                                      <ScalarOperator ScalarString="[OurLabReporting].[dbo].[Schedule].[Id] as [sch].[Id]">
                                                                        <Identifier>
                                                                          <ColumnReference Database="[OurLabReporting]" Schema="[dbo]" Table="[Schedule]" Alias="[sch]" Column="Id" />
                                                                        </Identifier>
                                                                      </ScalarOperator>
                                                                    </RangeExpressions>
                                                                  </Prefix>
                                                                </SeekKeys>
                                                              </SeekPredicateNew>
                                                            </SeekPredicates>
                                                          </IndexScan>
                                                        </RelOp>
                                                      </NestedLoops>
                                                    </RelOp>
                                                    <RelOp NodeId="33" PhysicalOp="Clustered Index Seek" LogicalOp="Clustered Index Seek" EstimateRows="1" EstimateIO="0.003125" EstimateCPU="0.0001581" AvgRowSize="12" EstimatedTotalSubtreeCost="0.83834" TableCardinality="1.41186e+006" Parallel="0" EstimateRebinds="256.839" EstimateRewinds="0.00806853" EstimatedExecutionMode="Row">
                                                      <OutputList>
                                                        <ColumnReference Database="[OurLabReporting]" Schema="[dbo]" Table="[Testpass]" Alias="[tp]" Column="TestpassDefinitionId" />
                                                      </OutputList>
                                                      <IndexScan Ordered="1" ScanDirection="FORWARD" ForcedIndex="0" ForceSeek="0" ForceScan="0" NoExpandHint="0" Storage="RowStore">
                                                        <DefinedValues>
                                                          <DefinedValue>
                                                            <ColumnReference Database="[OurLabReporting]" Schema="[dbo]" Table="[Testpass]" Alias="[tp]" Column="TestpassDefinitionId" />
                                                          </DefinedValue>
                                                        </DefinedValues>
                                                        <Object Database="[OurLabReporting]" Schema="[dbo]" Table="[Testpass]" Index="[Testpass_PK]" Alias="[tp]" IndexKind="Clustered" />
                                                        <SeekPredicates>
                                                          <SeekPredicateNew>
                                                            <SeekKeys>
                                                              <Prefix ScanType="EQ">
                                                                <RangeColumns>
                                                                  <ColumnReference Database="[OurLabReporting]" Schema="[dbo]" Table="[Testpass]" Alias="[tp]" Column="Id" />
                                                                </RangeColumns>
                                                                <RangeExpressions>
                                                                  <ScalarOperator ScalarString="[OurLabReporting].[dbo].[ScheduleTestpassMapping].[TestpassId] as [stpm].[TestpassId]">
                                                                    <Identifier>
                                                                      <ColumnReference Database="[OurLabReporting]" Schema="[dbo]" Table="[ScheduleTestpassMapping]" Alias="[stpm]" Column="TestpassId" />
                                                                    </Identifier>
                                                                  </ScalarOperator>
                                                                </RangeExpressions>
                                                              </Prefix>
                                                            </SeekKeys>
                                                          </SeekPredicateNew>
                                                        </SeekPredicates>
                                                        <Predicate>
                                                          <ScalarOperator ScalarString="[OurLabReporting].[dbo].[Testpass].[IsValid] as [tp].[IsValid]=(1) AND [OurLabReporting].[dbo].[Testpass].[IsOfficial] as [tp].[IsOfficial]=(1)">
                                                            <Logical Operation="AND">
                                                              <ScalarOperator>
                                                                <Compare CompareOp="EQ">
                                                                  <ScalarOperator>
                                                                    <Identifier>
                                                                      <ColumnReference Database="[OurLabReporting]" Schema="[dbo]" Table="[Testpass]" Alias="[tp]" Column="IsValid" />
                                                                    </Identifier>
                                                                  </ScalarOperator>
                                                                  <ScalarOperator>
                                                                    <Const ConstValue="(1)" />
                                                                  </ScalarOperator>
                                                                </Compare>
                                                              </ScalarOperator>
                                                              <ScalarOperator>
                                                                <Compare CompareOp="EQ">
                                                                  <ScalarOperator>
                                                                    <Identifier>
                                                                      <ColumnReference Database="[OurLabReporting]" Schema="[dbo]" Table="[Testpass]" Alias="[tp]" Column="IsOfficial" />
                                                                    </Identifier>
                                                                  </ScalarOperator>
                                                                  <ScalarOperator>
                                                                    <Const ConstValue="(1)" />
                                                                  </ScalarOperator>
                                                                </Compare>
                                                              </ScalarOperator>
                                                            </Logical>
                                                          </ScalarOperator>
                                                        </Predicate>
                                                      </IndexScan>
                                                    </RelOp>
                                                  </NestedLoops>
                                                </RelOp>
                                              </Hash>
                                            </RelOp>
                                            <RelOp NodeId="35" PhysicalOp="Index Seek" LogicalOp="Index Seek" EstimateRows="803.57" EstimateIO="0.0068287" EstimateCPU="0.00104093" AvgRowSize="73" EstimatedTotalSubtreeCost="0.0711933" TableCardinality="3.38966e+007" Parallel="0" EstimateRebinds="8.91446" EstimateRewinds="0" EstimatedExecutionMode="Row">
                                              <OutputList>
                                                <ColumnReference Database="[OurLabReporting]" Schema="[dbo]" Table="[Failure]" Alias="[f]" Column="Id" />
                                                <ColumnReference Database="[OurLabReporting]" Schema="[dbo]" Table="[Failure]" Alias="[f]" Column="ScheduleId" />
                                                <ColumnReference Database="[OurLabReporting]" Schema="[dbo]" Table="[Failure]" Alias="[f]" Column="StatusId" />
                                                <ColumnReference Database="[OurLabReporting]" Schema="[dbo]" Table="[Failure]" Alias="[f]" Column="AssignedTo" />
                                              </OutputList>
                                              <IndexScan Ordered="1" ScanDirection="FORWARD" ForcedIndex="0" ForceSeek="0" ForceScan="0" NoExpandHint="0" Storage="RowStore">
                                                <DefinedValues>
                                                  <DefinedValue>
                                                    <ColumnReference Database="[OurLabReporting]" Schema="[dbo]" Table="[Failure]" Alias="[f]" Column="Id" />
                                                  </DefinedValue>
                                                  <DefinedValue>
                                                    <ColumnReference Database="[OurLabReporting]" Schema="[dbo]" Table="[Failure]" Alias="[f]" Column="ScheduleId" />
                                                  </DefinedValue>
                                                  <DefinedValue>
                                                    <ColumnReference Database="[OurLabReporting]" Schema="[dbo]" Table="[Failure]" Alias="[f]" Column="StatusId" />
                                                  </DefinedValue>
                                                  <DefinedValue>
                                                    <ColumnReference Database="[OurLabReporting]" Schema="[dbo]" Table="[Failure]" Alias="[f]" Column="AssignedTo" />
                                                  </DefinedValue>
                                                </DefinedValues>
                                                <Object Database="[OurLabReporting]" Schema="[dbo]" Table="[Failure]" Index="[Failure_IDX_Schedule]" Alias="[f]" IndexKind="NonClustered" />
                                                <SeekPredicates>
                                                  <SeekPredicateNew>
                                                    <SeekKeys>
                                                      <Prefix ScanType="EQ">
                                                        <RangeColumns>
                                                          <ColumnReference Database="[OurLabReporting]" Schema="[dbo]" Table="[Failure]" Alias="[f]" Column="ScheduleId" />
                                                        </RangeColumns>
                                                        <RangeExpressions>
                                                          <ScalarOperator ScalarString="[OurLabReporting].[dbo].[Schedule].[Id] as [sch].[Id]">
                                                            <Identifier>
                                                              <ColumnReference Database="[OurLabReporting]" Schema="[dbo]" Table="[Schedule]" Alias="[sch]" Column="Id" />
                                                            </Identifier>
                                                          </ScalarOperator>
                                                        </RangeExpressions>
                                                      </Prefix>
                                                    </SeekKeys>
                                                  </SeekPredicateNew>
                                                </SeekPredicates>
                                              </IndexScan>
                                            </RelOp>
                                          </NestedLoops>
                                        </RelOp>
                                        <RelOp NodeId="37" PhysicalOp="Clustered Index Seek" LogicalOp="Clustered Index Seek" EstimateRows="954.939" EstimateIO="0.003125" EstimateCPU="0.0001581" AvgRowSize="19" EstimatedTotalSubtreeCost="11.514" TableCardinality="3.38966e+007" Parallel="0" EstimateRebinds="28145.5" EstimateRewinds="14.2825" EstimatedExecutionMode="Row">
                                          <OutputList>
                                            <ColumnReference Database="[OurLabReporting]" Schema="[dbo]" Table="[Failure]" Alias="[f]" Column="TEUId" />
                                          </OutputList>
                                          <IndexScan Lookup="1" Ordered="1" ScanDirection="FORWARD" ForcedIndex="0" ForceSeek="0" ForceScan="0" NoExpandHint="0" Storage="RowStore">
                                            <DefinedValues>
                                              <DefinedValue>
                                                <ColumnReference Database="[OurLabReporting]" Schema="[dbo]" Table="[Failure]" Alias="[f]" Column="TEUId" />
                                              </DefinedValue>
                                            </DefinedValues>
                                            <Object Database="[OurLabReporting]" Schema="[dbo]" Table="[Failure]" Index="[Failure_PK]" Alias="[f]" TableReferenceId="-1" IndexKind="Clustered" />
                                            <SeekPredicates>
                                              <SeekPredicateNew>
                                                <SeekKeys>
                                                  <Prefix ScanType="EQ">
                                                    <RangeColumns>
                                                      <ColumnReference Database="[OurLabReporting]" Schema="[dbo]" Table="[Failure]" Alias="[f]" Column="Id" />
                                                    </RangeColumns>
                                                    <RangeExpressions>
                                                      <ScalarOperator ScalarString="[OurLabReporting].[dbo].[Failure].[Id] as [f].[Id]">
                                                        <Identifier>
                                                          <ColumnReference Database="[OurLabReporting]" Schema="[dbo]" Table="[Failure]" Alias="[f]" Column="Id" />
                                                        </Identifier>
                                                      </ScalarOperator>
                                                    </RangeExpressions>
                                                  </Prefix>
                                                </SeekKeys>
                                              </SeekPredicateNew>
                                            </SeekPredicates>
                                            <Predicate>
                                              <ScalarOperator ScalarString="[OurLabReporting].[dbo].[Failure].[FailureTypeId] as [f].[FailureTypeId]=(4)">
                                                <Compare CompareOp="EQ">
                                                  <ScalarOperator>
                                                    <Identifier>
                                                      <ColumnReference Database="[OurLabReporting]" Schema="[dbo]" Table="[Failure]" Alias="[f]" Column="FailureTypeId" />
                                                    </Identifier>
                                                  </ScalarOperator>
                                                  <ScalarOperator>
                                                    <Const ConstValue="(4)" />
                                                  </ScalarOperator>
                                                </Compare>
                                              </ScalarOperator>
                                            </Predicate>
                                          </IndexScan>
                                        </RelOp>
                                      </NestedLoops>
                                    </RelOp>
                                  </Hash>
                                </RelOp>
                              </Sort>
                            </RelOp>
                            <RelOp NodeId="42" PhysicalOp="Index Seek" LogicalOp="Index Seek" EstimateRows="1.17655" EstimateIO="0.496875" EstimateCPU="0.0249643" AvgRowSize="23" EstimatedTotalSubtreeCost="6.61872" TableCardinality="3.39981e+007" Parallel="0" Partitioned="1" EstimateRebinds="12.6365" EstimateRewinds="0" EstimatedExecutionMode="Row">
                              <OutputList>
                                <ColumnReference Column="PtnId1020" ComputedColumn="1" />
                                <ColumnReference Database="[OurLabReporting]" Schema="[Reporting]" Table="[Failures]" Alias="[rf]" Column="Id" />
                                <ColumnReference Database="[OurLabReporting]" Schema="[Reporting]" Table="[Failures]" Alias="[rf]" Column="ScheduleStartDateTime" />
                              </OutputList>
                              <IndexScan Ordered="1" ScanDirection="FORWARD" ForcedIndex="0" ForceSeek="0" ForceScan="0" NoExpandHint="0" Storage="RowStore">
                                <DefinedValues>
                                  <DefinedValue>
                                    <ColumnReference Column="PtnId1020" ComputedColumn="1" />
                                  </DefinedValue>
                                  <DefinedValue>
                                    <ColumnReference Database="[OurLabReporting]" Schema="[Reporting]" Table="[Failures]" Alias="[rf]" Column="Id" />
                                  </DefinedValue>
                                  <DefinedValue>
                                    <ColumnReference Database="[OurLabReporting]" Schema="[Reporting]" Table="[Failures]" Alias="[rf]" Column="ScheduleStartDateTime" />
                                  </DefinedValue>
                                </DefinedValues>
                                <Object Database="[OurLabReporting]" Schema="[Reporting]" Table="[Failures]" Index="[IX_Failures_Id]" Alias="[rf]" IndexKind="NonClustered" />
                                <SeekPredicates>
                                  <SeekPredicateNew>
                                    <SeekKeys>
                                      <StartRange ScanType="GE">
                                        <RangeColumns>
                                          <ColumnReference Column="PtnId1020" />
                                        </RangeColumns>
                                        <RangeExpressions>
                                          <ScalarOperator ScalarString="(1)">
                                            <Const ConstValue="(1)" />
                                          </ScalarOperator>
                                        </RangeExpressions>
                                      </StartRange>
                                      <EndRange ScanType="LE">
                                        <RangeColumns>
                                          <ColumnReference Column="PtnId1020" />
                                        </RangeColumns>
                                        <RangeExpressions>
                                          <ScalarOperator ScalarString="(159)">
                                            <Const ConstValue="(159)" />
                                          </ScalarOperator>
                                        </RangeExpressions>
                                      </EndRange>
                                    </SeekKeys>
                                    <SeekKeys>
                                      <Prefix ScanType="EQ">
                                        <RangeColumns>
                                          <ColumnReference Database="[OurLabReporting]" Schema="[Reporting]" Table="[Failures]" Alias="[rf]" Column="Id" />
                                        </RangeColumns>
                                        <RangeExpressions>
                                          <ScalarOperator ScalarString="[OurLabReporting].[dbo].[Failure].[Id] as [f].[Id]">
                                            <Identifier>
                                              <ColumnReference Database="[OurLabReporting]" Schema="[dbo]" Table="[Failure]" Alias="[f]" Column="Id" />
                                            </Identifier>
                                          </ScalarOperator>
                                        </RangeExpressions>
                                      </Prefix>
                                    </SeekKeys>
                                  </SeekPredicateNew>
                                </SeekPredicates>
                              </IndexScan>
                            </RelOp>
                          </NestedLoops>
                        </RelOp>
                        <RelOp NodeId="44" PhysicalOp="Clustered Index Seek" LogicalOp="Clustered Index Seek" EstimateRows="1" EstimateIO="0.003125" EstimateCPU="0.0001581" AvgRowSize="15" EstimatedTotalSubtreeCost="0.0544397" TableCardinality="3.39981e+007" Parallel="0" Partitioned="1" EstimateRebinds="15.7792" EstimateRewinds="0" EstimatedExecutionMode="Row">
                          <OutputList>
                            <ColumnReference Database="[OurLabReporting]" Schema="[Reporting]" Table="[Failures]" Alias="[rf]" Column="CreateDateTime" />
                          </OutputList>
                          <IndexScan Lookup="1" Ordered="1" ScanDirection="FORWARD" ForcedIndex="0" ForceSeek="0" ForceScan="0" NoExpandHint="0" Storage="RowStore">
                            <DefinedValues>
                              <DefinedValue>
                                <ColumnReference Database="[OurLabReporting]" Schema="[Reporting]" Table="[Failures]" Alias="[rf]" Column="CreateDateTime" />
                              </DefinedValue>
                            </DefinedValues>
                            <Object Database="[OurLabReporting]" Schema="[Reporting]" Table="[Failures]" Index="[PK_Failures]" Alias="[rf]" TableReferenceId="-1" IndexKind="Clustered" />
                            <SeekPredicates>
                              <SeekPredicateNew>
                                <SeekKeys>
                                  <Prefix ScanType="EQ">
                                    <RangeColumns>
                                      <ColumnReference Column="PtnId1020" />
                                      <ColumnReference Database="[OurLabReporting]" Schema="[Reporting]" Table="[Failures]" Alias="[rf]" Column="ScheduleStartDateTime" />
                                      <ColumnReference Database="[OurLabReporting]" Schema="[Reporting]" Table="[Failures]" Alias="[rf]" Column="Id" />
                                    </RangeColumns>
                                    <RangeExpressions>
                                      <ScalarOperator ScalarString="[PtnId1020]">
                                        <Identifier>
                                          <ColumnReference Column="PtnId1020" ComputedColumn="1" />
                                        </Identifier>
                                      </ScalarOperator>
                                      <ScalarOperator ScalarString="[OurLabReporting].[Reporting].[Failures].[ScheduleStartDateTime] as [rf].[ScheduleStartDateTime]">
                                        <Identifier>
                                          <ColumnReference Database="[OurLabReporting]" Schema="[Reporting]" Table="[Failures]" Alias="[rf]" Column="ScheduleStartDateTime" />
                                        </Identifier>
                                      </ScalarOperator>
                                      <ScalarOperator ScalarString="[OurLabReporting].[Reporting].[Failures].[Id] as [rf].[Id]">
                                        <Identifier>
                                          <ColumnReference Database="[OurLabReporting]" Schema="[Reporting]" Table="[Failures]" Alias="[rf]" Column="Id" />
                                        </Identifier>
                                      </ScalarOperator>
                                    </RangeExpressions>
                                  </Prefix>
                                </SeekKeys>
                              </SeekPredicateNew>
                            </SeekPredicates>
                          </IndexScan>
                        </RelOp>
                      </NestedLoops>
                    </RelOp>
                    <RelOp NodeId="48" PhysicalOp="Index Seek" LogicalOp="Index Seek" EstimateRows="1" EstimateIO="0.003125" EstimateCPU="0.0001581" AvgRowSize="9" EstimatedTotalSubtreeCost="1.39635" TableCardinality="4.12024e+007" Parallel="0" EstimateRebinds="425.686" EstimateRewinds="0" EstimatedExecutionMode="Row">
                      <OutputList />
                      <IndexScan Ordered="1" ScanDirection="FORWARD" ForcedIndex="0" ForceSeek="0" ForceScan="0" NoExpandHint="0" Storage="RowStore">
                        <DefinedValues />
                        <Object Database="[OurLabReporting]" Schema="[dbo]" Table="[TEU]" Index="[Teu_IDX_Id]" Alias="[t]" IndexKind="NonClustered" />
                        <SeekPredicates>
                          <SeekPredicateNew>
                            <SeekKeys>
                              <Prefix ScanType="EQ">
                                <RangeColumns>
                                  <ColumnReference Database="[OurLabReporting]" Schema="[dbo]" Table="[TEU]" Alias="[t]" Column="Id" />
                                </RangeColumns>
                                <RangeExpressions>
                                  <ScalarOperator ScalarString="[OurLabReporting].[dbo].[Failure].[TEUId] as [f].[TEUId]">
                                    <Identifier>
                                      <ColumnReference Database="[OurLabReporting]" Schema="[dbo]" Table="[Failure]" Alias="[f]" Column="TEUId" />
                                    </Identifier>
                                  </ScalarOperator>
                                </RangeExpressions>
                              </Prefix>
                            </SeekKeys>
                          </SeekPredicateNew>
                        </SeekPredicates>
                      </IndexScan>
                    </RelOp>
                  </NestedLoops>
                </RelOp>
              </NestedLoops>
            </RelOp>
          </QueryPlan>
        </StmtSimple>
      </Statements>
    </Batch>
  </BatchSequence>
</ShowPlanXML>