<?xml version="1.0" encoding="utf-8"?>
<ShowPlanXML xmlns="http://schemas.microsoft.com/sqlserver/2004/07/showplan" Version="1.2" Build="11.0.3412.0">
  <BatchSequence>
    <Batch>
      <Statements>
        <StmtSimple StatementText="&#xD;&#xA;--CREATE PROCEDURE [dbo].[IndexOptimize]&#xD;&#xA;CREATE  PROCEDURE [dbo].[IndexOptimize]&#xD;&#xA;@Databases nvarchar(max),&#xD;&#xA;@FragmentationLow nvarchar(max) = NULL,&#xD;&#xA;@FragmentationMedium nvarchar(max) = 'INDEX_REORGANIZE,INDEX_REBUILD_ONLINE,INDEX_REBUILD_OFFLINE',&#xD;&#xA;@FragmentationHigh nvarchar(max) = 'INDEX_REBUILD_ONLINE,INDEX_REBUILD_OFFLINE',&#xD;&#xA;@FragmentationLevel1 int = 5,&#xD;&#xA;@FragmentationLevel2 int = 30,&#xD;&#xA;@PageCountLevel int = 1000,&#xD;&#xA;@SortInTempdb nvarchar(max) = 'N',&#xD;&#xA;@MaxDOP int = NULL,&#xD;&#xA;@FillFactor int = NULL,&#xD;&#xA;@PadIndex nvarchar(max) = NULL,&#xD;&#xA;@LOBCompaction nvarchar(max) = 'Y',&#xD;&#xA;@UpdateStatistics nvarchar(max) = NULL,&#xD;&#xA;@OnlyModifiedStatistics nvarchar(max) = 'N',&#xD;&#xA;@StatisticsSample int = NULL,&#xD;&#xA;@StatisticsResample nvarchar(max) = 'N',&#xD;&#xA;@PartitionLevel nvarchar(max) = 'N',&#xD;&#xA;@TimeLimit int = NULL,&#xD;&#xA;@Indexes nvarchar(max) = NULL,&#xD;&#xA;@Delay int = NULL,&#xD;&#xA;@LogToTable nvarchar(max) = 'N',&#xD;&#xA;@Execute nvarchar(max) = 'Y',&#xD;&#xA;@ExcludeIndexFromDefrag bit =1 -- ignore objects&#xD;&#xA;AS&#xD;&#xA;&#xD;&#xA;BEGIN&#xD;&#xA;  SET NOCOUNT ON&#xD;&#xA;&#xD;&#xA; " StatementId="1" StatementCompId="3" StatementType="SET ON/OFF" RetrievedFromCache="true" />
        <StmtSimple StatementText=" SET ARITHABORT ON&#xD;&#xA;&#xD;&#xA; " StatementId="2" StatementCompId="4" StatementType="SET ON/OFF" RetrievedFromCache="true" />
        <StmtSimple StatementText=" SET LOCK_TIMEOUT 3600000&#xD;&#xA;&#xD;&#xA; " StatementId="3" StatementCompId="5" StatementType="SET CMD" RetrievedFromCache="true" />
        <StmtSimple StatementText=" DECLARE @StartMessage nvarchar(max)&#xD;&#xA;  DECLARE @EndMessage nvarchar(max)&#xD;&#xA;  DECLARE @DatabaseMessage nvarchar(max)&#xD;&#xA;  DECLARE @ErrorMessage nvarchar(max)&#xD;&#xA;&#xD;&#xA;  DECLARE @Version numeric(18,10)&#xD;&#xA;&#xD;&#xA;  DECLARE @Cluster nvarchar(max)&#xD;&#xA;&#xD;&#xA;  DECLARE @StartTime datetime&#xD;&#xA;&#xD;&#xA;  DECLARE @CurrentDBID int&#xD;&#xA;  DECLARE @CurrentDatabaseID int&#xD;&#xA;  DECLARE @CurrentDatabaseName nvarchar(max)&#xD;&#xA;  DECLARE @CurrentIsDatabaseAccessible bit&#xD;&#xA;  DECLARE @CurrentAvailabilityGroup nvarchar(max)&#xD;&#xA;  DECLARE @CurrentAvailabilityGroupRole nvarchar(max)&#xD;&#xA;  DECLARE @CurrentDatabaseMirroringRole nvarchar(max)&#xD;&#xA;  DECLARE @CurrentLogShippingRole nvarchar(max)&#xD;&#xA;&#xD;&#xA;  DECLARE @CurrentCommand01 nvarchar(max)&#xD;&#xA;  DECLARE @CurrentCommand02 nvarchar(max)&#xD;&#xA;  DECLARE @CurrentCommand03 nvarchar(max)&#xD;&#xA;  DECLARE @CurrentCommand04 nvarchar(max)&#xD;&#xA;  DECLARE @CurrentCommand05 nvarchar(max)&#xD;&#xA;  DECLARE @CurrentCommand06 nvarchar(max)&#xD;&#xA;  DECLARE @CurrentCommand07 nvarchar(max)&#xD;&#xA;  DECLARE @CurrentCommand08 nvarchar(max)&#xD;&#xA;  DECLARE @CurrentCommand09 nvarchar(max)&#xD;&#xA;  DECLARE @CurrentCommand10 nvarchar(max)&#xD;&#xA;  DECLARE @CurrentCommand11 nvarchar(max)&#xD;&#xA;  DECLARE @CurrentCommand12 nvarchar(max)&#xD;&#xA;  DECLARE @CurrentCommand13 nvarchar(max)&#xD;&#xA;&#xD;&#xA;  DECLARE @CurrentCommandOutput12 int&#xD;&#xA;  DECLARE @CurrentCommandOutput13 int&#xD;&#xA;&#xD;&#xA;  DECLARE @CurrentCommandType12 nvarchar(max)&#xD;&#xA;  DECLARE @CurrentCommandType13 nvarchar(max)&#xD;&#xA;&#xD;&#xA;  DECLARE @CurrentIxID int&#xD;&#xA;  DECLARE @CurrentSchemaID int&#xD;&#xA;  DECLARE @CurrentSchemaName nvarchar(max)&#xD;&#xA;  DECLARE @CurrentObjectID int&#xD;&#xA;  DECLARE @CurrentObjectName nvarchar(max)&#xD;&#xA;  DECLARE @CurrentObjectType nvarchar(max)&#xD;&#xA;  DECLARE @CurrentIndexID int&#xD;&#xA;  DECLARE @CurrentIndexName nvarchar(max)&#xD;&#xA;  DECLARE @CurrentIndexType int&#xD;&#xA;  DECLARE @CurrentStatisticsID int&#xD;&#xA;  DECLARE @CurrentStatisticsName nvarchar(max)&#xD;&#xA;  DECLARE @CurrentPartitionID bigint&#xD;&#xA;  DECLARE @CurrentPartitionNumber int&#xD;&#xA;  DECLARE @CurrentPartitionCount int&#xD;&#xA;  DECLARE @CurrentIsPartition bit&#xD;&#xA;  DECLARE @CurrentIndexExists bit&#xD;&#xA;  DECLARE @CurrentStatisticsExists bit&#xD;&#xA;  DECLARE @CurrentIsImageText bit&#xD;&#xA;  DECLARE @CurrentIsNewLOB bit&#xD;&#xA;  DECLARE @CurrentIsFileStream bit&#xD;&#xA;  DECLARE @CurrentIsColumnStore bit&#xD;&#xA;  DECLARE @CurrentAllowPageLocks bit&#xD;&#xA;  DECLARE @CurrentNoRecompute bit&#xD;&#xA;  DECLARE @CurrentStatisticsModified bit&#xD;&#xA;  DECLARE @CurrentOnReadOnlyFileGroup bit&#xD;&#xA;  DECLARE @CurrentFragmentationLevel float&#xD;&#xA;  DECLARE @CurrentPageCount bigint&#xD;&#xA;  DECLARE @CurrentFragmentationGroup nvarchar(max)&#xD;&#xA;  DECLARE @CurrentAction nvarchar(max)&#xD;&#xA;  DECLARE @CurrentMaxDOP int&#xD;&#xA;  DECLARE @CurrentUpdateStatistics nvarchar(max)&#xD;&#xA;  DECLARE @CurrentComment nvarchar(max)&#xD;&#xA;  DECLARE @CurrentExtendedInfo xml&#xD;&#xA;  DECLARE @CurrentDelay datetime&#xD;&#xA;&#xD;&#xA;  DECLARE @tmpDatabases TABLE (ID int IDENTITY,&#xD;&#xA;                               DatabaseName nvarchar(max),&#xD;&#xA;                               DatabaseType nvarchar(max),&#xD;&#xA;                               Selected bit,&#xD;&#xA;                               Completed bit,&#xD;&#xA;                               PRIMARY KEY(Selected, Completed, ID))&#xD;&#xA;&#xD;&#xA;  DECLARE @tmpIndexesStatistics TABLE (ID int IDENTITY,&#xD;&#xA;                                       SchemaID int,&#xD;&#xA;                                       SchemaName nvarchar(max),&#xD;&#xA;                                       ObjectID int,&#xD;&#xA;                                       ObjectName nvarchar(max),&#xD;&#xA;                                       ObjectType nvarchar(max),&#xD;&#xA;                                       IndexID int,&#xD;&#xA;                                       IndexName nvarchar(max),&#xD;&#xA;                                       IndexType int,&#xD;&#xA;                                       StatisticsID int,&#xD;&#xA;                                       StatisticsName nvarchar(max),&#xD;&#xA;                                       PartitionID bigint,&#xD;&#xA;                                       PartitionNumber int,&#xD;&#xA;                                       PartitionCount int,&#xD;&#xA;                                       Selected bit,&#xD;&#xA;                                       Completed bit,&#xD;&#xA;                                       PRIM" StatementId="4" StatementCompId="11" StatementType="INSERT" RetrievedFromCache="true" StatementSubTreeCost="0.0100022" StatementEstRows="1" StatementOptmLevel="TRIVIAL" QueryHash="0xA2A7EF9DB0C41238" QueryPlanHash="0xDE42F01E3F1B2CD">
          <StatementSetOptions QUOTED_IDENTIFIER="false" ARITHABORT="false" CONCAT_NULL_YIELDS_NULL="true" ANSI_NULLS="true" ANSI_PADDING="true" ANSI_WARNINGS="true" NUMERIC_ROUNDABORT="false" />
          <QueryPlan NonParallelPlanReason="MaxDOPSetToOne" CachedPlanSize="16" CompileTime="0" CompileCPU="0" CompileMemory="88">
            <MemoryGrantInfo SerialRequiredMemory="0" SerialDesiredMemory="0" />
            <OptimizerHardwareDependentProperties EstimatedAvailableMemoryGrant="193313" EstimatedPagesCached="773254" EstimatedAvailableDegreeOfParallelism="1" />
            <RelOp NodeId="0" PhysicalOp="Table Insert" LogicalOp="Insert" EstimateRows="1" EstimateIO="0.01" EstimateCPU="1e-006" AvgRowSize="9" EstimatedTotalSubtreeCost="0.0100022" Parallel="0" EstimateRebinds="0" EstimateRewinds="0" EstimatedExecutionMode="Row">
              <OutputList />
              <ScalarInsert DMLRequestSort="0">
                <DefinedValues>
                  <DefinedValue>
                    <ColumnReference Column="Expr1004" />
                    <ScalarOperator ScalarString="CONVERT_IMPLICIT(nvarchar(max),'INDEX_REBUILD_ONLINE',0)">
                      <Convert DataType="nvarchar(max)" Length="2147483647" Style="0" Implicit="1">
                        <ScalarOperator>
                          <Const ConstValue="'INDEX_REBUILD_ONLINE'" />
                        </ScalarOperator>
                      </Convert>
                    </ScalarOperator>
                  </DefinedValue>
                </DefinedValues>
                <Object Table="[@Actions]" />
                <SetPredicate>
                  <ScalarOperator ScalarString="[Action] = [Expr1004]">
                    <ScalarExpressionList>
                      <ScalarOperator>
                        <MultipleAssign>
                          <Assign>
                            <ColumnReference Column="Action" />
                            <ScalarOperator>
                              <Identifier>
                                <ColumnReference Column="Expr1004" />
                              </Identifier>
                            </ScalarOperator>
                          </Assign>
                        </MultipleAssign>
                      </ScalarOperator>
                    </ScalarExpressionList>
                  </ScalarOperator>
                </SetPredicate>
              </ScalarInsert>
            </RelOp>
          </QueryPlan>
        </StmtSimple>
        <StmtSimple StatementText=" INSERT INTO @Actions([Action]) VALUES('INDEX_REBUILD_OFFLINE')&#xD;&#xA; " StatementId="5" StatementCompId="12" StatementType="INSERT" RetrievedFromCache="true" StatementSubTreeCost="0.0100022" StatementEstRows="1" StatementOptmLevel="TRIVIAL" QueryHash="0xA2A7EF9DB0C41238" QueryPlanHash="0xDE42F01E3F1B2CD">
          <StatementSetOptions QUOTED_IDENTIFIER="false" ARITHABORT="false" CONCAT_NULL_YIELDS_NULL="true" ANSI_NULLS="true" ANSI_PADDING="true" ANSI_WARNINGS="true" NUMERIC_ROUNDABORT="false" />
          <QueryPlan NonParallelPlanReason="MaxDOPSetToOne" CachedPlanSize="16" CompileTime="0" CompileCPU="0" CompileMemory="88">
            <MemoryGrantInfo SerialRequiredMemory="0" SerialDesiredMemory="0" />
            <OptimizerHardwareDependentProperties EstimatedAvailableMemoryGrant="193313" EstimatedPagesCached="773254" EstimatedAvailableDegreeOfParallelism="1" />
            <RelOp NodeId="0" PhysicalOp="Table Insert" LogicalOp="Insert" EstimateRows="1" EstimateIO="0.01" EstimateCPU="1e-006" AvgRowSize="9" EstimatedTotalSubtreeCost="0.0100022" Parallel="0" EstimateRebinds="0" EstimateRewinds="0" EstimatedExecutionMode="Row">
              <OutputList />
              <ScalarInsert DMLRequestSort="0">
                <DefinedValues>
                  <DefinedValue>
                    <ColumnReference Column="Expr1004" />
                    <ScalarOperator ScalarString="CONVERT_IMPLICIT(nvarchar(max),'INDEX_REBUILD_OFFLINE',0)">
                      <Convert DataType="nvarchar(max)" Length="2147483647" Style="0" Implicit="1">
                        <ScalarOperator>
                          <Const ConstValue="'INDEX_REBUILD_OFFLINE'" />
                        </ScalarOperator>
                      </Convert>
                    </ScalarOperator>
                  </DefinedValue>
                </DefinedValues>
                <Object Table="[@Actions]" />
                <SetPredicate>
                  <ScalarOperator ScalarString="[Action] = [Expr1004]">
                    <ScalarExpressionList>
                      <ScalarOperator>
                        <MultipleAssign>
                          <Assign>
                            <ColumnReference Column="Action" />
                            <ScalarOperator>
                              <Identifier>
                                <ColumnReference Column="Expr1004" />
                              </Identifier>
                            </ScalarOperator>
                          </Assign>
                        </MultipleAssign>
                      </ScalarOperator>
                    </ScalarExpressionList>
                  </ScalarOperator>
                </SetPredicate>
              </ScalarInsert>
            </RelOp>
          </QueryPlan>
        </StmtSimple>
        <StmtSimple StatementText=" INSERT INTO @Actions([Action]) VALUES('INDEX_REORGANIZE')&#xD;&#xA;&#xD;&#xA; " StatementId="6" StatementCompId="13" StatementType="INSERT" RetrievedFromCache="true" StatementSubTreeCost="0.0100022" StatementEstRows="1" StatementOptmLevel="TRIVIAL" QueryHash="0xA2A7EF9DB0C41238" QueryPlanHash="0xDE42F01E3F1B2CD">
          <StatementSetOptions QUOTED_IDENTIFIER="false" ARITHABORT="false" CONCAT_NULL_YIELDS_NULL="true" ANSI_NULLS="true" ANSI_PADDING="true" ANSI_WARNINGS="true" NUMERIC_ROUNDABORT="false" />
          <QueryPlan NonParallelPlanReason="MaxDOPSetToOne" CachedPlanSize="16" CompileTime="0" CompileCPU="0" CompileMemory="88">
            <MemoryGrantInfo SerialRequiredMemory="0" SerialDesiredMemory="0" />
            <OptimizerHardwareDependentProperties EstimatedAvailableMemoryGrant="193313" EstimatedPagesCached="773254" EstimatedAvailableDegreeOfParallelism="1" />
            <RelOp NodeId="0" PhysicalOp="Table Insert" LogicalOp="Insert" EstimateRows="1" EstimateIO="0.01" EstimateCPU="1e-006" AvgRowSize="9" EstimatedTotalSubtreeCost="0.0100022" Parallel="0" EstimateRebinds="0" EstimateRewinds="0" EstimatedExecutionMode="Row">
              <OutputList />
              <ScalarInsert DMLRequestSort="0">
                <DefinedValues>
                  <DefinedValue>
                    <ColumnReference Column="Expr1004" />
                    <ScalarOperator ScalarString="CONVERT_IMPLICIT(nvarchar(max),'INDEX_REORGANIZE',0)">
                      <Convert DataType="nvarchar(max)" Length="2147483647" Style="0" Implicit="1">
                        <ScalarOperator>
                          <Const ConstValue="'INDEX_REORGANIZE'" />
                        </ScalarOperator>
                      </Convert>
                    </ScalarOperator>
                  </DefinedValue>
                </DefinedValues>
                <Object Table="[@Actions]" />
                <SetPredicate>
                  <ScalarOperator ScalarString="[Action] = [Expr1004]">
                    <ScalarExpressionList>
                      <ScalarOperator>
                        <MultipleAssign>
                          <Assign>
                            <ColumnReference Column="Action" />
                            <ScalarOperator>
                              <Identifier>
                                <ColumnReference Column="Expr1004" />
                              </Identifier>
                            </ScalarOperator>
                          </Assign>
                        </MultipleAssign>
                      </ScalarOperator>
                    </ScalarExpressionList>
                  </ScalarOperator>
                </SetPredicate>
              </ScalarInsert>
            </RelOp>
          </QueryPlan>
        </StmtSimple>
        <StmtSimple StatementText=" DECLARE @ActionsPreferred TABLE (FragmentationGroup nvarchar(max),&#xD;&#xA;                                   [Priority] int,&#xD;&#xA;                                   [Action] nvarchar(max))&#xD;&#xA;&#xD;&#xA;  DECLARE @CurrentActionsAllowed TABLE ([Action] nvarchar(max))&#xD;&#xA;&#xD;&#xA;  DECLARE @Error int&#xD;&#xA;  DECLARE @ReturnCode int&#xD;&#xA;&#xD;&#xA;  SET @Error = 0&#xD;&#xA; " StatementId="7" StatementCompId="16" StatementType="ASSIGN" RetrievedFromCache="true" />
        <StmtSimple StatementText=" SET @ReturnCode = 0&#xD;&#xA;&#xD;&#xA; " StatementId="8" StatementCompId="17" StatementType="ASSIGN" RetrievedFromCache="true" />
        <StmtSimple StatementText=" SET @Version = CAST(LEFT(CAST(SERVERPROPERTY('ProductVersion') AS nvarchar(max)),CHARINDEX('.',CAST(SERVERPROPERTY('ProductVersion') AS nvarchar(max))) - 1) + '.' + REPLACE(RIGHT(CAST(SERVERPROPERTY('ProductVersion') AS nvarchar(max)), LEN(CAST(SERVERPROPERTY('ProductVersion') AS nvarchar(max))) - CHARINDEX('.',CAST(SERVERPROPERTY('ProductVersion') AS nvarchar(max)))),'.','') AS numeric(18,10))&#xD;&#xA;&#xD;&#xA;  ----------------------------------------------------------------------------------------------------&#xD;&#xA;  --// Log initial information                                                                    //--&#xD;&#xA;  ----------------------------------------------------------------------------------------------------&#xD;&#xA;&#xD;&#xA; " StatementId="9" StatementCompId="18" StatementType="ASSIGN" RetrievedFromCache="true" />
        <StmtSimple StatementText=" SET @StartTime = CONVERT(datetime,CONVERT(nvarchar,GETDATE(),120),120)&#xD;&#xA;&#xD;&#xA; " StatementId="10" StatementCompId="19" StatementType="ASSIGN" RetrievedFromCache="true" />
        <StmtSimple StatementText=" SET @StartMessage = 'Date and time: ' + CONVERT(nvarchar,@StartTime,120) + CHAR(13) + CHAR(10)&#xD;&#xA; " StatementId="11" StatementCompId="20" StatementType="ASSIGN" RetrievedFromCache="true" />
        <StmtSimple StatementText=" SET @StartMessage = @StartMessage + 'Server: ' + CAST(SERVERPROPERTY('ServerName') AS nvarchar) + CHAR(13) + CHAR(10)&#xD;&#xA; " StatementId="12" StatementCompId="21" StatementType="ASSIGN" RetrievedFromCache="true" />
        <StmtSimple StatementText=" SET @StartMessage = @StartMessage + 'Version: ' + CAST(SERVERPROPERTY('ProductVersion') AS nvarchar) + CHAR(13) + CHAR(10)&#xD;&#xA; " StatementId="13" StatementCompId="22" StatementType="ASSIGN" RetrievedFromCache="true" />
        <StmtSimple StatementText=" SET @StartMessage = @StartMessage + 'Edition: ' + CAST(SERVERPROPERTY('Edition') AS nvarchar) + CHAR(13) + CHAR(10)&#xD;&#xA; " StatementId="14" StatementCompId="23" StatementType="ASSIGN" RetrievedFromCache="true" />
        <StmtSimple StatementText=" SET @StartMessage = @StartMessage + 'Procedure: ' + QUOTENAME(DB_NAME(DB_ID())) + '.' + (SELECT QUOTENAME(schemas.name) FROM sys.schemas schemas INNER JOIN sys.objects objects ON schemas.[schema_id] = objects.[schema_id] WHERE [object_id] = @@PROCID) + '.' + QUOTENAME(OBJECT_NAME(@@PROCID)) + CHAR(13) + CHAR(10)&#xD;&#xA; " StatementId="15" StatementCompId="24" StatementType="SELECT" RetrievedFromCache="true" StatementSubTreeCost="0.00657908" StatementEstRows="1" StatementOptmLevel="FULL" QueryHash="0x1556343B4DF16B8C" QueryPlanHash="0xD4A11CB6B6BAB48" StatementOptmEarlyAbortReason="GoodEnoughPlanFound">
          <StatementSetOptions QUOTED_IDENTIFIER="false" ARITHABORT="false" CONCAT_NULL_YIELDS_NULL="true" ANSI_NULLS="true" ANSI_PADDING="true" ANSI_WARNINGS="true" NUMERIC_ROUNDABORT="false" />
          <QueryPlan NonParallelPlanReason="MaxDOPSetToOne" CachedPlanSize="40" CompileTime="17" CompileCPU="17" CompileMemory="1008">
            <MemoryGrantInfo SerialRequiredMemory="0" SerialDesiredMemory="0" />
            <OptimizerHardwareDependentProperties EstimatedAvailableMemoryGrant="193313" EstimatedPagesCached="773254" EstimatedAvailableDegreeOfParallelism="1" />
            <RelOp NodeId="0" PhysicalOp="Compute Scalar" LogicalOp="Compute Scalar" EstimateRows="1" EstimateIO="0" EstimateCPU="1e-007" AvgRowSize="4035" EstimatedTotalSubtreeCost="0.00657908" Parallel="0" EstimateRebinds="0" EstimateRewinds="0" EstimatedExecutionMode="Row">
              <OutputList>
                <ColumnReference Column="Expr1047" />
              </OutputList>
              <ComputeScalar>
                <DefinedValues>
                  <DefinedValue>
                    <ColumnReference Column="Expr1047" />
                    <ScalarOperator ScalarString="[@StartMessage]+N'Procedure: '+quotename(db_name(CONVERT_IMPLICIT(int,db_id(),0)))+N'.'+[Expr1050]+N'.'+quotename(object_name(@@procid))+N'&#xD;'+N'&#xA;'">
                      <Arithmetic Operation="ADD">
                        <ScalarOperator>
                          <Arithmetic Operation="ADD">
                            <ScalarOperator>
                              <Arithmetic Operation="ADD">
                                <ScalarOperator>
                                  <Arithmetic Operation="ADD">
                                    <ScalarOperator>
                                      <Arithmetic Operation="ADD">
                                        <ScalarOperator>
                                          <Arithmetic Operation="ADD">
                                            <ScalarOperator>
                                              <Arithmetic Operation="ADD">
                                                <ScalarOperator>
                                                  <Arithmetic Operation="ADD">
                                                    <ScalarOperator>
                                                      <Identifier>
                                                        <ColumnReference Column="@StartMessage" />
                                                      </Identifier>
                                                    </ScalarOperator>
                                                    <ScalarOperator>
                                                      <Const ConstValue="N'Procedure: '" />
                                                    </ScalarOperator>
                                                  </Arithmetic>
                                                </ScalarOperator>
                                                <ScalarOperator>
                                                  <Intrinsic FunctionName="quotename">
                                                    <ScalarOperator>
                                                      <Intrinsic FunctionName="db_name">
                                                        <ScalarOperator>
                                                          <Convert DataType="int" Style="0" Implicit="1">
                                                            <ScalarOperator>
                                                              <Intrinsic FunctionName="db_id">
                                                                <ScalarOperator>
                                                                  <Const ConstValue="" />
                                                                </ScalarOperator>
                                                              </Intrinsic>
                                                            </ScalarOperator>
                                                          </Convert>
                                                        </ScalarOperator>
                                                      </Intrinsic>
                                                    </ScalarOperator>
                                                    <ScalarOperator>
                                                      <Const ConstValue="" />
                                                    </ScalarOperator>
                                                  </Intrinsic>
                                                </ScalarOperator>
                                              </Arithmetic>
                                            </ScalarOperator>
                                            <ScalarOperator>
                                              <Const ConstValue="N'.'" />
                                            </ScalarOperator>
                                          </Arithmetic>
                                        </ScalarOperator>
                                        <ScalarOperator>
                                          <Identifier>
                                            <ColumnReference Column="Expr1050" />
                                          </Identifier>
                                        </ScalarOperator>
                                      </Arithmetic>
                                    </ScalarOperator>
                                    <ScalarOperator>
                                      <Const ConstValue="N'.'" />
                                    </ScalarOperator>
                                  </Arithmetic>
                                </ScalarOperator>
                                <ScalarOperator>
                                  <Intrinsic FunctionName="quotename">
                                    <ScalarOperator>
                                      <Intrinsic FunctionName="object_name">
                                        <ScalarOperator>
                                          <Intrinsic FunctionName="@@procid" />
                                        </ScalarOperator>
                                        <ScalarOperator>
                                          <Const ConstValue="" />
                                        </ScalarOperator>
                                      </Intrinsic>
                                    </ScalarOperator>
                                    <ScalarOperator>
                                      <Const ConstValue="" />
                                    </ScalarOperator>
                                  </Intrinsic>
                                </ScalarOperator>
                              </Arithmetic>
                            </ScalarOperator>
                            <ScalarOperator>
                              <Const ConstValue="N'&#xD;'" />
                            </ScalarOperator>
                          </Arithmetic>
                        </ScalarOperator>
                        <ScalarOperator>
                          <Const ConstValue="N'&#xA;'" />
                        </ScalarOperator>
                      </Arithmetic>
                    </ScalarOperator>
                  </DefinedValue>
                </DefinedValues>
                <RelOp NodeId="1" PhysicalOp="Nested Loops" LogicalOp="Left Outer Join" EstimateRows="1" EstimateIO="0" EstimateCPU="4.18e-006" AvgRowSize="269" EstimatedTotalSubtreeCost="0.00657898" Parallel="0" EstimateRebinds="0" EstimateRewinds="0" EstimatedExecutionMode="Row">
                  <OutputList>
                    <ColumnReference Column="Expr1050" />
                  </OutputList>
                  <NestedLoops Optimized="0">
                    <RelOp NodeId="2" PhysicalOp="Constant Scan" LogicalOp="Constant Scan" EstimateRows="1" EstimateIO="0" EstimateCPU="1.157e-006" AvgRowSize="9" EstimatedTotalSubtreeCost="1.157e-006" Parallel="0" EstimateRebinds="0" EstimateRewinds="0" EstimatedExecutionMode="Row">
                      <OutputList />
                      <ConstantScan />
                    </RelOp>
                    <RelOp NodeId="3" PhysicalOp="Assert" LogicalOp="Assert" EstimateRows="1" EstimateIO="0" EstimateCPU="4.8e-007" AvgRowSize="269" EstimatedTotalSubtreeCost="0.00657364" Parallel="0" EstimateRebinds="0" EstimateRewinds="0" EstimatedExecutionMode="Row">
                      <OutputList>
                        <ColumnReference Column="Expr1050" />
                      </OutputList>
                      <Assert StartupExpression="0">
                        <RelOp NodeId="4" PhysicalOp="Stream Aggregate" LogicalOp="Aggregate" EstimateRows="1" EstimateIO="0" EstimateCPU="1.1e-006" AvgRowSize="277" EstimatedTotalSubtreeCost="0.00657316" Parallel="0" EstimateRebinds="0" EstimateRewinds="0" EstimatedExecutionMode="Row">
                          <OutputList>
                            <ColumnReference Column="Expr1049" />
                            <ColumnReference Column="Expr1050" />
                          </OutputList>
                          <StreamAggregate>
                            <DefinedValues>
                              <DefinedValue>
                                <ColumnReference Column="Expr1049" />
                                <ScalarOperator ScalarString="Count(*)">
                                  <Aggregate AggType="countstar" Distinct="0" />
                                </ScalarOperator>
                              </DefinedValue>
                              <DefinedValue>
                                <ColumnReference Column="Expr1050" />
                                <ScalarOperator ScalarString="ANY([Expr1051])">
                                  <Aggregate Distinct="0" AggType="ANY">
                                    <ScalarOperator>
                                      <Identifier>
                                        <ColumnReference Column="Expr1051" />
                                      </Identifier>
                                    </ScalarOperator>
                                  </Aggregate>
                                </ScalarOperator>
                              </DefinedValue>
                            </DefinedValues>
                            <RelOp NodeId="5" PhysicalOp="Compute Scalar" LogicalOp="Compute Scalar" EstimateRows="1" EstimateIO="0" EstimateCPU="1e-007" AvgRowSize="269" EstimatedTotalSubtreeCost="0.00657206" Parallel="0" EstimateRebinds="0" EstimateRewinds="0" EstimatedExecutionMode="Row">
                              <OutputList>
                                <ColumnReference Column="Expr1051" />
                              </OutputList>
                              <ComputeScalar>
                                <DefinedValues>
                                  <DefinedValue>
                                    <ColumnReference Column="Expr1051" />
                                    <ScalarOperator ScalarString="quotename([OPS].[sys].[sysclsobjs].[name] as [s].[name])">
                                      <Intrinsic FunctionName="quotename">
                                        <ScalarOperator>
                                          <Identifier>
                                            <ColumnReference Database="[OPS]" Schema="[sys]" Table="[sysclsobjs]" Alias="[s]" Column="name" />
                                          </Identifier>
                                        </ScalarOperator>
                                        <ScalarOperator>
                                          <Const ConstValue="" />
                                        </ScalarOperator>
                                      </Intrinsic>
                                    </ScalarOperator>
                                  </DefinedValue>
                                </DefinedValues>
                                <RelOp NodeId="6" PhysicalOp="Nested Loops" LogicalOp="Inner Join" EstimateRows="1" EstimateIO="0" EstimateCPU="4.18e-006" AvgRowSize="139" EstimatedTotalSubtreeCost="0.00657196" Parallel="0" EstimateRebinds="0" EstimateRewinds="0" EstimatedExecutionMode="Row">
                                  <OutputList>
                                    <ColumnReference Database="[OPS]" Schema="[sys]" Table="[sysclsobjs]" Alias="[s]" Column="name" />
                                  </OutputList>
                                  <NestedLoops Optimized="0">
                                    <OuterReferences>
                                      <ColumnReference Database="[OPS]" Schema="[sys]" Table="[sysschobjs]" Alias="[o]" Column="nsid" />
                                    </OuterReferences>
                                    <RelOp NodeId="7" PhysicalOp="Filter" LogicalOp="Filter" EstimateRows="1" EstimateIO="0" EstimateCPU="1.58e-006" AvgRowSize="11" EstimatedTotalSubtreeCost="0.00328468" Parallel="0" EstimateRebinds="0" EstimateRewinds="0" EstimatedExecutionMode="Row">
                                      <OutputList>
                                        <ColumnReference Database="[OPS]" Schema="[sys]" Table="[sysschobjs]" Alias="[o]" Column="nsid" />
                                      </OutputList>
                                      <Filter StartupExpression="0">
                                        <RelOp NodeId="8" PhysicalOp="Clustered Index Seek" LogicalOp="Clustered Index Seek" EstimateRows="1" EstimateIO="0.003125" EstimateCPU="0.0001581" AvgRowSize="17" EstimatedTotalSubtreeCost="0.0032831" TableCardinality="2206" Parallel="0" EstimateRebinds="0" EstimateRewinds="0" EstimatedExecutionMode="Row">
                                          <OutputList>
                                            <ColumnReference Database="[OPS]" Schema="[sys]" Table="[sysschobjs]" Alias="[o]" Column="id" />
                                            <ColumnReference Database="[OPS]" Schema="[sys]" Table="[sysschobjs]" Alias="[o]" Column="nsid" />
                                          </OutputList>
                                          <IndexScan Ordered="1" ScanDirection="FORWARD" ForcedIndex="0" ForceSeek="0" ForceScan="0" NoExpandHint="0" Storage="RowStore">
                                            <DefinedValues>
                                              <DefinedValue>
                                                <ColumnReference Database="[OPS]" Schema="[sys]" Table="[sysschobjs]" Alias="[o]" Column="id" />
                                              </DefinedValue>
                                              <DefinedValue>
                                                <ColumnReference Database="[OPS]" Schema="[sys]" Table="[sysschobjs]" Alias="[o]" Column="nsid" />
                                              </DefinedValue>
                                            </DefinedValues>
                                            <Object Database="[OPS]" Schema="[sys]" Table="[sysschobjs]" Index="[clst]" Alias="[o]" IndexKind="Clustered" />
                                            <SeekPredicates>
                                              <SeekPredicateNew>
                                                <SeekKeys>
                                                  <Prefix ScanType="EQ">
                                                    <RangeColumns>
                                                      <ColumnReference Database="[OPS]" Schema="[sys]" Table="[sysschobjs]" Alias="[o]" Column="id" />
                                                    </RangeColumns>
                                                    <RangeExpressions>
                                                      <ScalarOperator ScalarString="@@procid">
                                                        <Identifier>
                                                          <ColumnReference Column="ConstExpr1048">
                                                            <ScalarOperator>
                                                              <Intrinsic FunctionName="@@procid" />
                                                            </ScalarOperator>
                                                          </ColumnReference>
                                                        </Identifier>
                                                      </ScalarOperator>
                                                    </RangeExpressions>
                                                  </Prefix>
                                                </SeekKeys>
                                              </SeekPredicateNew>
                                            </SeekPredicates>
                                            <Predicate>
                                              <ScalarOperator ScalarString="[OPS].[sys].[sysschobjs].[nsclass] as [o].[nsclass]=(0) AND [OPS].[sys].[sysschobjs].[pclass] as [o].[pclass]=(1)">
                                                <Logical Operation="AND">
                                                  <ScalarOperator>
                                                    <Compare CompareOp="EQ">
                                                      <ScalarOperator>
                                                        <Identifier>
                                                          <ColumnReference Database="[OPS]" Schema="[sys]" Table="[sysschobjs]" Alias="[o]" Column="nsclass" />
                                                        </Identifier>
                                                      </ScalarOperator>
                                                      <ScalarOperator>
                                                        <Const ConstValue="(0)" />
                                                      </ScalarOperator>
                                                    </Compare>
                                                  </ScalarOperator>
                                                  <ScalarOperator>
                                                    <Compare CompareOp="EQ">
                                                      <ScalarOperator>
                                                        <Identifier>
                                                          <ColumnReference Database="[OPS]" Schema="[sys]" Table="[sysschobjs]" Alias="[o]" Column="pclass" />
                                                        </Identifier>
                                                      </ScalarOperator>
                                                      <ScalarOperator>
                                                        <Const ConstValue="(1)" />
                                                      </ScalarOperator>
                                                    </Compare>
                                                  </ScalarOperator>
                                                </Logical>
                                              </ScalarOperator>
                                            </Predicate>
                                          </IndexScan>
                                        </RelOp>
                                        <Predicate>
                                          <ScalarOperator ScalarString="has_access('CO',[OPS].[sys].[sysschobjs].[id] as [o].[id])=(1)">
                                            <Compare CompareOp="EQ">
                                              <ScalarOperator>
                                                <Intrinsic FunctionName="has_access">
                                                  <ScalarOperator>
                                                    <Const ConstValue="'CO'" />
                                                  </ScalarOperator>
                                                  <ScalarOperator>
                                                    <Identifier>
                                                      <ColumnReference Database="[OPS]" Schema="[sys]" Table="[sysschobjs]" Alias="[o]" Column="id" />
                                                    </Identifier>
                                                  </ScalarOperator>
                                                  <ScalarOperator>
                                                    <Const ConstValue="" />
                                                  </ScalarOperator>
                                                  <ScalarOperator>
                                                    <Const ConstValue="" />
                                                  </ScalarOperator>
                                                </Intrinsic>
                                              </ScalarOperator>
                                              <ScalarOperator>
                                                <Const ConstValue="(1)" />
                                              </ScalarOperator>
                                            </Compare>
                                          </ScalarOperator>
                                        </Predicate>
                                      </Filter>
                                    </RelOp>
                                    <RelOp NodeId="10" PhysicalOp="Clustered Index Seek" LogicalOp="Clustered Index Seek" EstimateRows="1" EstimateIO="0.003125" EstimateCPU="0.0001581" AvgRowSize="139" EstimatedTotalSubtreeCost="0.0032831" TableCardinality="16" Parallel="0" EstimateRebinds="0" EstimateRewinds="0" EstimatedExecutionMode="Row">
                                      <OutputList>
                                        <ColumnReference Database="[OPS]" Schema="[sys]" Table="[sysclsobjs]" Alias="[s]" Column="name" />
                                      </OutputList>
                                      <IndexScan Ordered="1" ScanDirection="FORWARD" ForcedIndex="0" ForceSeek="0" ForceScan="0" NoExpandHint="0" Storage="RowStore">
                                        <DefinedValues>
                                          <DefinedValue>
                                            <ColumnReference Database="[OPS]" Schema="[sys]" Table="[sysclsobjs]" Alias="[s]" Column="name" />
                                          </DefinedValue>
                                        </DefinedValues>
                                        <Object Database="[OPS]" Schema="[sys]" Table="[sysclsobjs]" Index="[clst]" Alias="[s]" IndexKind="Clustered" />
                                        <SeekPredicates>
                                          <SeekPredicateNew>
                                            <SeekKeys>
                                              <Prefix ScanType="EQ">
                                                <RangeColumns>
                                                  <ColumnReference Database="[OPS]" Schema="[sys]" Table="[sysclsobjs]" Alias="[s]" Column="class" />
                                                  <ColumnReference Database="[OPS]" Schema="[sys]" Table="[sysclsobjs]" Alias="[s]" Column="id" />
                                                </RangeColumns>
                                                <RangeExpressions>
                                                  <ScalarOperator ScalarString="(50)">
                                                    <Const ConstValue="(50)" />
                                                  </ScalarOperator>
                                                  <ScalarOperator ScalarString="[OPS].[sys].[sysschobjs].[nsid] as [o].[nsid]">
                                                    <Identifier>
                                                      <ColumnReference Database="[OPS]" Schema="[sys]" Table="[sysschobjs]" Alias="[o]" Column="nsid" />
                                                    </Identifier>
                                                  </ScalarOperator>
                                                </RangeExpressions>
                                              </Prefix>
                                            </SeekKeys>
                                          </SeekPredicateNew>
                                        </SeekPredicates>
                                      </IndexScan>
                                    </RelOp>
                                  </NestedLoops>
                                </RelOp>
                              </ComputeScalar>
                            </RelOp>
                          </StreamAggregate>
                        </RelOp>
                        <Predicate>
                          <ScalarOperator ScalarString="CASE WHEN [Expr1049]&gt;(1) THEN (0) ELSE NULL END">
                            <IF>
                              <Condition>
                                <ScalarOperator>
                                  <Compare CompareOp="GT">
                                    <ScalarOperator>
                                      <Identifier>
                                        <ColumnReference Column="Expr1049" />
                                      </Identifier>
                                    </ScalarOperator>
                                    <ScalarOperator>
                                      <Const ConstValue="(1)" />
                                    </ScalarOperator>
                                  </Compare>
                                </ScalarOperator>
                              </Condition>
                              <Then>
                                <ScalarOperator>
                                  <Const ConstValue="(0)" />
                                </ScalarOperator>
                              </Then>
                              <Else>
                                <ScalarOperator>
                                  <Const ConstValue="NULL" />
                                </ScalarOperator>
                              </Else>
                            </IF>
                          </ScalarOperator>
                        </Predicate>
                      </Assert>
                    </RelOp>
                  </NestedLoops>
                </RelOp>
              </ComputeScalar>
            </RelOp>
          </QueryPlan>
        </StmtSimple>
        <StmtSimple StatementText=" SET @StartMessage = @StartMessage + 'Parameters: @Databases = ' + ISNULL('''' + REPLACE(@Databases,'''','''''') + '''','NULL')&#xD;&#xA; " StatementId="16" StatementCompId="25" StatementType="ASSIGN" RetrievedFromCache="true" />
        <StmtSimple StatementText=" SET @StartMessage = @StartMessage + ', @FragmentationLow = ' + ISNULL('''' + REPLACE(@FragmentationLow,'''','''''') + '''','NULL')&#xD;&#xA; " StatementId="17" StatementCompId="26" StatementType="ASSIGN" RetrievedFromCache="true" />
        <StmtSimple StatementText=" SET @StartMessage = @StartMessage + ', @FragmentationMedium = ' + ISNULL('''' + REPLACE(@FragmentationMedium,'''','''''') + '''','NULL')&#xD;&#xA; " StatementId="18" StatementCompId="27" StatementType="ASSIGN" RetrievedFromCache="true" />
        <StmtSimple StatementText=" SET @StartMessage = @StartMessage + ', @FragmentationHigh = ' + ISNULL('''' + REPLACE(@FragmentationHigh,'''','''''') + '''','NULL')&#xD;&#xA; " StatementId="19" StatementCompId="28" StatementType="ASSIGN" RetrievedFromCache="true" />
        <StmtSimple StatementText=" SET @StartMessage = @StartMessage + ', @FragmentationLevel1 = ' + ISNULL(CAST(@FragmentationLevel1 AS nvarchar),'NULL')&#xD;&#xA; " StatementId="20" StatementCompId="29" StatementType="ASSIGN" RetrievedFromCache="true" />
        <StmtSimple StatementText=" SET @StartMessage = @StartMessage + ', @FragmentationLevel2 = ' + ISNULL(CAST(@FragmentationLevel2 AS nvarchar),'NULL')&#xD;&#xA; " StatementId="21" StatementCompId="30" StatementType="ASSIGN" RetrievedFromCache="true" />
        <StmtSimple StatementText=" SET @StartMessage = @StartMessage + ', @PageCountLevel = ' + ISNULL(CAST(@PageCountLevel AS nvarchar),'NULL')&#xD;&#xA; " StatementId="22" StatementCompId="31" StatementType="ASSIGN" RetrievedFromCache="true" />
        <StmtSimple StatementText=" SET @StartMessage = @StartMessage + ', @SortInTempdb = ' + ISNULL('''' + REPLACE(@SortInTempdb,'''','''''') + '''','NULL')&#xD;&#xA; " StatementId="23" StatementCompId="32" StatementType="ASSIGN" RetrievedFromCache="true" />
        <StmtSimple StatementText=" SET @StartMessage = @StartMessage + ', @MaxDOP = ' + ISNULL(CAST(@MaxDOP AS nvarchar),'NULL')&#xD;&#xA; " StatementId="24" StatementCompId="33" StatementType="ASSIGN" RetrievedFromCache="true" />
        <StmtSimple StatementText=" SET @StartMessage = @StartMessage + ', @FillFactor = ' + ISNULL(CAST(@FillFactor AS nvarchar),'NULL')&#xD;&#xA; " StatementId="25" StatementCompId="34" StatementType="ASSIGN" RetrievedFromCache="true" />
        <StmtSimple StatementText=" SET @StartMessage = @StartMessage + ', @PadIndex = ' + ISNULL('''' + REPLACE(@PadIndex,'''','''''') + '''','NULL')&#xD;&#xA; " StatementId="26" StatementCompId="35" StatementType="ASSIGN" RetrievedFromCache="true" />
        <StmtSimple StatementText=" SET @StartMessage = @StartMessage + ', @LOBCompaction = ' + ISNULL('''' + REPLACE(@LOBCompaction,'''','''''') + '''','NULL')&#xD;&#xA; " StatementId="27" StatementCompId="36" StatementType="ASSIGN" RetrievedFromCache="true" />
        <StmtSimple StatementText=" SET @StartMessage = @StartMessage + ', @UpdateStatistics = ' + ISNULL('''' + REPLACE(@UpdateStatistics,'''','''''') + '''','NULL')&#xD;&#xA; " StatementId="28" StatementCompId="37" StatementType="ASSIGN" RetrievedFromCache="true" />
        <StmtSimple StatementText=" SET @StartMessage = @StartMessage + ', @OnlyModifiedStatistics = ' + ISNULL('''' + REPLACE(@OnlyModifiedStatistics,'''','''''') + '''','NULL')&#xD;&#xA; " StatementId="29" StatementCompId="38" StatementType="ASSIGN" RetrievedFromCache="true" />
        <StmtSimple StatementText=" SET @StartMessage = @StartMessage + ', @StatisticsSample = ' + ISNULL(CAST(@StatisticsSample AS nvarchar),'NULL')&#xD;&#xA; " StatementId="30" StatementCompId="39" StatementType="ASSIGN" RetrievedFromCache="true" />
        <StmtSimple StatementText=" SET @StartMessage = @StartMessage + ', @StatisticsResample = ' + ISNULL('''' + REPLACE(@StatisticsResample,'''','''''') + '''','NULL')&#xD;&#xA; " StatementId="31" StatementCompId="40" StatementType="ASSIGN" RetrievedFromCache="true" />
        <StmtSimple StatementText=" SET @StartMessage = @StartMessage + ', @PartitionLevel = ' + ISNULL('''' + REPLACE(@PartitionLevel,'''','''''') + '''','NULL')&#xD;&#xA; " StatementId="32" StatementCompId="41" StatementType="ASSIGN" RetrievedFromCache="true" />
        <StmtSimple StatementText=" SET @StartMessage = @StartMessage + ', @TimeLimit = ' + ISNULL(CAST(@TimeLimit AS nvarchar),'NULL')&#xD;&#xA; " StatementId="33" StatementCompId="42" StatementType="ASSIGN" RetrievedFromCache="true" />
        <StmtSimple StatementText=" SET @StartMessage = @StartMessage + ', @Indexes = ' + ISNULL('''' + REPLACE(@Indexes,'''','''''') + '''','NULL')&#xD;&#xA; " StatementId="34" StatementCompId="43" StatementType="ASSIGN" RetrievedFromCache="true" />
        <StmtSimple StatementText=" SET @StartMessage = @StartMessage + ', @Delay = ' + ISNULL(CAST(@Delay AS nvarchar),'NULL')&#xD;&#xA; " StatementId="35" StatementCompId="44" StatementType="ASSIGN" RetrievedFromCache="true" />
        <StmtSimple StatementText=" SET @StartMessage = @StartMessage + ', @LogToTable = ' + ISNULL('''' + REPLACE(@LogToTable,'''','''''') + '''','NULL')&#xD;&#xA; " StatementId="36" StatementCompId="45" StatementType="ASSIGN" RetrievedFromCache="true" />
        <StmtSimple StatementText=" SET @StartMessage = @StartMessage + ', @Execute = ' + ISNULL('''' + REPLACE(@Execute,'''','''''') + '''','NULL') + CHAR(13) + CHAR(10)&#xD;&#xA; " StatementId="37" StatementCompId="46" StatementType="ASSIGN" RetrievedFromCache="true" />
        <StmtSimple StatementText=" SET @StartMessage = REPLACE(@StartMessage,'%','%%') + ' '&#xD;&#xA; " StatementId="38" StatementCompId="47" StatementType="ASSIGN" RetrievedFromCache="true" />
        <StmtSimple StatementText=" RAISERROR(@StartMessage,10,1) WITH NOWAIT&#xD;&#xA;&#xD;&#xA; &#xD;&#xA; " StatementId="39" StatementCompId="48" StatementType="RAISERROR" RetrievedFromCache="true" />
        <StmtCond StatementText=" IF @LogToTable = 'Y' AND NOT EXISTS (SELECT * FROM sys.objects objects INNER JOIN sys.schemas schemas ON objects.[schema_id] = schemas.[schema_id] WHERE objects.[type] = 'U' AND schemas.[name] = 'dbo' AND objects.[name] = 'CommandLog')&#xD;&#xA; " StatementId="40" StatementCompId="49" StatementType="COND WITH QUERY" RetrievedFromCache="true" StatementSubTreeCost="0.00986526" StatementEstRows="1" StatementOptmLevel="FULL" QueryHash="0xB0FCC71E3AC5BD35" QueryPlanHash="0xA8182401A0E3952E" StatementOptmEarlyAbortReason="GoodEnoughPlanFound">
          <StatementSetOptions QUOTED_IDENTIFIER="false" ARITHABORT="false" CONCAT_NULL_YIELDS_NULL="true" ANSI_NULLS="true" ANSI_PADDING="true" ANSI_WARNINGS="true" NUMERIC_ROUNDABORT="false" />
          <Condition>
            <QueryPlan NonParallelPlanReason="MaxDOPSetToOne" CachedPlanSize="40" CompileTime="17" CompileCPU="17" CompileMemory="952">
              <MemoryGrantInfo SerialRequiredMemory="0" SerialDesiredMemory="0" />
              <OptimizerHardwareDependentProperties EstimatedAvailableMemoryGrant="193313" EstimatedPagesCached="773254" EstimatedAvailableDegreeOfParallelism="1" />
              <RelOp NodeId="0" PhysicalOp="Compute Scalar" LogicalOp="Compute Scalar" EstimateRows="1" EstimateIO="0" EstimateCPU="1e-007" AvgRowSize="11" EstimatedTotalSubtreeCost="0.00986526" Parallel="0" EstimateRebinds="0" EstimateRewinds="0" EstimatedExecutionMode="Row">
                <OutputList>
                  <ColumnReference Column="Expr1047" />
                </OutputList>
                <ComputeScalar>
                  <DefinedValues>
                    <DefinedValue>
                      <ColumnReference Column="Expr1047" />
                      <ScalarOperator ScalarString="CASE WHEN [@LogToTable]=N'Y' AND [Expr1048] IS NULL THEN (1) ELSE (0) END">
                        <IF>
                          <Condition>
                            <ScalarOperator>
                              <Logical Operation="AND">
                                <ScalarOperator>
                                  <Compare CompareOp="EQ">
                                    <ScalarOperator>
                                      <Identifier>
                                        <ColumnReference Column="@LogToTable" />
                                      </Identifier>
                                    </ScalarOperator>
                                    <ScalarOperator>
                                      <Const ConstValue="N'Y'" />
                                    </ScalarOperator>
                                  </Compare>
                                </ScalarOperator>
                                <ScalarOperator>
                                  <Compare CompareOp="IS">
                                    <ScalarOperator>
                                      <Identifier>
                                        <ColumnReference Column="Expr1048" />
                                      </Identifier>
                                    </ScalarOperator>
                                    <ScalarOperator>
                                      <Const ConstValue="NULL" />
                                    </ScalarOperator>
                                  </Compare>
                                </ScalarOperator>
                              </Logical>
                            </ScalarOperator>
                          </Condition>
                          <Then>
                            <ScalarOperator>
                              <Const ConstValue="(1)" />
                            </ScalarOperator>
                          </Then>
                          <Else>
                            <ScalarOperator>
                              <Const ConstValue="(0)" />
                            </ScalarOperator>
                          </Else>
                        </IF>
                      </ScalarOperator>
                    </DefinedValue>
                  </DefinedValues>
                  <RelOp NodeId="1" PhysicalOp="Nested Loops" LogicalOp="Left Semi Join" EstimateRows="1" EstimateIO="0" EstimateCPU="4.18e-006" AvgRowSize="9" EstimatedTotalSubtreeCost="0.00986516" Parallel="0" EstimateRebinds="0" EstimateRewinds="0" EstimatedExecutionMode="Row">
                    <OutputList>
                      <ColumnReference Column="Expr1048" />
                    </OutputList>
                    <NestedLoops Optimized="0">
                      <DefinedValues>
                        <DefinedValue>
                          <ColumnReference Column="Expr1048" />
                        </DefinedValue>
                      </DefinedValues>
                      <PassThru>
                        <ScalarOperator ScalarString="IsFalseOrNull [@LogToTable]=N'Y'">
                          <Logical Operation="IsFalseOrNull">
                            <ScalarOperator>
                              <Compare CompareOp="EQ">
                                <ScalarOperator>
                                  <Identifier>
                                    <ColumnReference Column="@LogToTable" />
                                  </Identifier>
                                </ScalarOperator>
                                <ScalarOperator>
                                  <Const ConstValue="N'Y'" />
                                </ScalarOperator>
                              </Compare>
                            </ScalarOperator>
                          </Logical>
                        </ScalarOperator>
                      </PassThru>
                      <ProbeColumn>
                        <ColumnReference Column="Expr1048" />
                      </ProbeColumn>
                      <RelOp NodeId="2" PhysicalOp="Constant Scan" LogicalOp="Constant Scan" EstimateRows="1" EstimateIO="0" EstimateCPU="1.157e-006" AvgRowSize="9" EstimatedTotalSubtreeCost="1.157e-006" Parallel="0" EstimateRebinds="0" EstimateRewinds="0" EstimatedExecutionMode="Row">
                        <OutputList />
                        <ConstantScan />
                      </RelOp>
                      <RelOp NodeId="3" PhysicalOp="Nested Loops" LogicalOp="Inner Join" EstimateRows="1" EstimateIO="0" EstimateCPU="4.18e-006" AvgRowSize="10" EstimatedTotalSubtreeCost="0.00985854" Parallel="0" EstimateRebinds="0" EstimateRewinds="0" EstimatedExecutionMode="Row">
                        <OutputList />
                        <NestedLoops Optimized="0">
                          <OuterReferences>
                            <ColumnReference Database="[OPS]" Schema="[sys]" Table="[sysschobjs]" Alias="[o]" Column="id" />
                          </OuterReferences>
                          <RelOp NodeId="4" PhysicalOp="Nested Loops" LogicalOp="Inner Join" EstimateRows="1" EstimateIO="0" EstimateCPU="4.18e-006" AvgRowSize="11" EstimatedTotalSubtreeCost="0.00657126" Parallel="0" EstimateRebinds="0" EstimateRewinds="0" EstimatedExecutionMode="Row">
                            <OutputList>
                              <ColumnReference Database="[OPS]" Schema="[sys]" Table="[sysschobjs]" Alias="[o]" Column="id" />
                            </OutputList>
                            <NestedLoops Optimized="0">
                              <OuterReferences>
                                <ColumnReference Database="[OPS]" Schema="[sys]" Table="[sysclsobjs]" Alias="[s]" Column="id" />
                              </OuterReferences>
                              <RelOp NodeId="5" PhysicalOp="Index Seek" LogicalOp="Index Seek" EstimateRows="1" EstimateIO="0.003125" EstimateCPU="0.0001581" AvgRowSize="11" EstimatedTotalSubtreeCost="0.0032831" TableCardinality="16" Parallel="0" EstimateRebinds="0" EstimateRewinds="0" EstimatedExecutionMode="Row">
                                <OutputList>
                                  <ColumnReference Database="[OPS]" Schema="[sys]" Table="[sysclsobjs]" Alias="[s]" Column="id" />
                                </OutputList>
                                <IndexScan Ordered="1" ScanDirection="FORWARD" ForcedIndex="0" ForceSeek="0" ForceScan="0" NoExpandHint="0" Storage="RowStore">
                                  <DefinedValues>
                                    <DefinedValue>
                                      <ColumnReference Database="[OPS]" Schema="[sys]" Table="[sysclsobjs]" Alias="[s]" Column="id" />
                                    </DefinedValue>
                                  </DefinedValues>
                                  <Object Database="[OPS]" Schema="[sys]" Table="[sysclsobjs]" Index="[nc]" Alias="[s]" IndexKind="NonClustered" />
                                  <SeekPredicates>
                                    <SeekPredicateNew>
                                      <SeekKeys>
                                        <Prefix ScanType="EQ">
                                          <RangeColumns>
                                            <ColumnReference Database="[OPS]" Schema="[sys]" Table="[sysclsobjs]" Alias="[s]" Column="name" />
                                            <ColumnReference Database="[OPS]" Schema="[sys]" Table="[sysclsobjs]" Alias="[s]" Column="class" />
                                          </RangeColumns>
                                          <RangeExpressions>
                                            <ScalarOperator ScalarString="N'dbo'">
                                              <Const ConstValue="N'dbo'" />
                                            </ScalarOperator>
                                            <ScalarOperator ScalarString="(50)">
                                              <Const ConstValue="(50)" />
                                            </ScalarOperator>
                                          </RangeExpressions>
                                        </Prefix>
                                      </SeekKeys>
                                    </SeekPredicateNew>
                                  </SeekPredicates>
                                </IndexScan>
                              </RelOp>
                              <RelOp NodeId="6" PhysicalOp="Filter" LogicalOp="Filter" EstimateRows="1" EstimateIO="0" EstimateCPU="8.8e-007" AvgRowSize="11" EstimatedTotalSubtreeCost="0.00328398" Parallel="0" EstimateRebinds="0" EstimateRewinds="0" EstimatedExecutionMode="Row">
                                <OutputList>
                                  <ColumnReference Database="[OPS]" Schema="[sys]" Table="[sysschobjs]" Alias="[o]" Column="id" />
                                </OutputList>
                                <Filter StartupExpression="0">
                                  <RelOp NodeId="7" PhysicalOp="Index Seek" LogicalOp="Index Seek" EstimateRows="1" EstimateIO="0.003125" EstimateCPU="0.0001581" AvgRowSize="11" EstimatedTotalSubtreeCost="0.0032831" TableCardinality="2206" Parallel="0" EstimateRebinds="0" EstimateRewinds="0" EstimatedExecutionMode="Row">
                                    <OutputList>
                                      <ColumnReference Database="[OPS]" Schema="[sys]" Table="[sysschobjs]" Alias="[o]" Column="id" />
                                    </OutputList>
                                    <IndexScan Ordered="1" ScanDirection="FORWARD" ForcedIndex="0" ForceSeek="0" ForceScan="0" NoExpandHint="0" Storage="RowStore">
                                      <DefinedValues>
                                        <DefinedValue>
                                          <ColumnReference Database="[OPS]" Schema="[sys]" Table="[sysschobjs]" Alias="[o]" Column="id" />
                                        </DefinedValue>
                                      </DefinedValues>
                                      <Object Database="[OPS]" Schema="[sys]" Table="[sysschobjs]" Index="[nc1]" Alias="[o]" IndexKind="NonClustered" />
                                      <SeekPredicates>
                                        <SeekPredicateNew>
                                          <SeekKeys>
                                            <Prefix ScanType="EQ">
                                              <RangeColumns>
                                                <ColumnReference Database="[OPS]" Schema="[sys]" Table="[sysschobjs]" Alias="[o]" Column="nsclass" />
                                                <ColumnReference Database="[OPS]" Schema="[sys]" Table="[sysschobjs]" Alias="[o]" Column="nsid" />
                                                <ColumnReference Database="[OPS]" Schema="[sys]" Table="[sysschobjs]" Alias="[o]" Column="name" />
                                              </RangeColumns>
                                              <RangeExpressions>
                                                <ScalarOperator ScalarString="(0)">
                                                  <Const ConstValue="(0)" />
                                                </ScalarOperator>
                                                <ScalarOperator ScalarString="[OPS].[sys].[sysclsobjs].[id] as [s].[id]">
                                                  <Identifier>
                                                    <ColumnReference Database="[OPS]" Schema="[sys]" Table="[sysclsobjs]" Alias="[s]" Column="id" />
                                                  </Identifier>
                                                </ScalarOperator>
                                                <ScalarOperator ScalarString="N'CommandLog'">
                                                  <Const ConstValue="N'CommandLog'" />
                                                </ScalarOperator>
                                              </RangeExpressions>
                                            </Prefix>
                                          </SeekKeys>
                                        </SeekPredicateNew>
                                      </SeekPredicates>
                                    </IndexScan>
                                  </RelOp>
                                  <Predicate>
                                    <ScalarOperator ScalarString="has_access('CO',[OPS].[sys].[sysschobjs].[id] as [o].[id])=(1)">
                                      <Compare CompareOp="EQ">
                                        <ScalarOperator>
                                          <Intrinsic FunctionName="has_access">
                                            <ScalarOperator>
                                              <Const ConstValue="'CO'" />
                                            </ScalarOperator>
                                            <ScalarOperator>
                                              <Identifier>
                                                <ColumnReference Database="[OPS]" Schema="[sys]" Table="[sysschobjs]" Alias="[o]" Column="id" />
                                              </Identifier>
                                            </ScalarOperator>
                                            <ScalarOperator>
                                              <Const ConstValue="" />
                                            </ScalarOperator>
                                            <ScalarOperator>
                                              <Const ConstValue="" />
                                            </ScalarOperator>
                                          </Intrinsic>
                                        </ScalarOperator>
                                        <ScalarOperator>
                                          <Const ConstValue="(1)" />
                                        </ScalarOperator>
                                      </Compare>
                                    </ScalarOperator>
                                  </Predicate>
                                </Filter>
                              </RelOp>
                            </NestedLoops>
                          </RelOp>
                          <RelOp NodeId="10" PhysicalOp="Clustered Index Seek" LogicalOp="Clustered Index Seek" EstimateRows="1" EstimateIO="0.003125" EstimateCPU="0.0001581" AvgRowSize="10" EstimatedTotalSubtreeCost="0.0032831" TableCardinality="2206" Parallel="0" EstimateRebinds="0" EstimateRewinds="0" EstimatedExecutionMode="Row">
                            <OutputList />
                            <IndexScan Lookup="1" Ordered="1" ScanDirection="FORWARD" ForcedIndex="0" ForceSeek="0" ForceScan="0" NoExpandHint="0" Storage="RowStore">
                              <DefinedValues />
                              <Object Database="[OPS]" Schema="[sys]" Table="[sysschobjs]" Index="[clst]" Alias="[o]" TableReferenceId="-1" IndexKind="Clustered" />
                              <SeekPredicates>
                                <SeekPredicateNew>
                                  <SeekKeys>
                                    <Prefix ScanType="EQ">
                                      <RangeColumns>
                                        <ColumnReference Database="[OPS]" Schema="[sys]" Table="[sysschobjs]" Alias="[o]" Column="id" />
                                      </RangeColumns>
                                      <RangeExpressions>
                                        <ScalarOperator ScalarString="[OPS].[sys].[sysschobjs].[id] as [o].[id]">
                                          <Identifier>
                                            <ColumnReference Database="[OPS]" Schema="[sys]" Table="[sysschobjs]" Alias="[o]" Column="id" />
                                          </Identifier>
                                        </ScalarOperator>
                                      </RangeExpressions>
                                    </Prefix>
                                  </SeekKeys>
                                </SeekPredicateNew>
                              </SeekPredicates>
                              <Predicate>
                                <ScalarOperator ScalarString="[OPS].[sys].[sysschobjs].[pclass] as [o].[pclass]=(1) AND [OPS].[sys].[sysschobjs].[type] as [o].[type]='U'">
                                  <Logical Operation="AND">
                                    <ScalarOperator>
                                      <Compare CompareOp="EQ">
                                        <ScalarOperator>
                                          <Identifier>
                                            <ColumnReference Database="[OPS]" Schema="[sys]" Table="[sysschobjs]" Alias="[o]" Column="pclass" />
                                          </Identifier>
                                        </ScalarOperator>
                                        <ScalarOperator>
                                          <Const ConstValue="(1)" />
                                        </ScalarOperator>
                                      </Compare>
                                    </ScalarOperator>
                                    <ScalarOperator>
                                      <Compare CompareOp="EQ">
                                        <ScalarOperator>
                                          <Identifier>
                                            <ColumnReference Database="[OPS]" Schema="[sys]" Table="[sysschobjs]" Alias="[o]" Column="type" />
                                          </Identifier>
                                        </ScalarOperator>
                                        <ScalarOperator>
                                          <Const ConstValue="'U'" />
                                        </ScalarOperator>
                                      </Compare>
                                    </ScalarOperator>
                                  </Logical>
                                </ScalarOperator>
                              </Predicate>
                            </IndexScan>
                          </RelOp>
                        </NestedLoops>
                      </RelOp>
                    </NestedLoops>
                  </RelOp>
                </ComputeScalar>
              </RelOp>
              <ParameterList>
                <ColumnReference Column="@LogToTable" ParameterCompiledValue="N'Y'" />
              </ParameterList>
            </QueryPlan>
          </Condition>
          <Then>
            <Statements>
              <StmtSimple StatementText=" BEGIN&#xD;&#xA;    SET @ErrorMessage = 'The table CommandLog is missing.' + CHAR(13) + CHAR(10) + ' '&#xD;&#xA;   " StatementId="41" StatementCompId="50" StatementType="ASSIGN" RetrievedFromCache="true" />
              <StmtSimple StatementText=" RAISERROR(@ErrorMessage,16,1) WITH NOWAIT&#xD;&#xA;   " StatementId="42" StatementCompId="51" StatementType="RAISERROR" RetrievedFromCache="true" />
              <StmtSimple StatementText=" SET @Error = @@ERROR&#xD;&#xA; " StatementId="43" StatementCompId="52" StatementType="ASSIGN" RetrievedFromCache="true" />
            </Statements>
          </Then>
        </StmtCond>
        <StmtCond StatementText=" END&#xD;&#xA;&#xD;&#xA;  IF @Error &lt;&gt; 0&#xD;&#xA; " StatementId="44" StatementCompId="54" StatementType="COND" RetrievedFromCache="true">
          <Condition />
          <Then>
            <Statements>
              <StmtSimple StatementText=" BEGIN&#xD;&#xA;    SET @ReturnCode = @Error&#xD;&#xA;   " StatementId="45" StatementCompId="55" StatementType="ASSIGN" RetrievedFromCache="true" />
              <StmtSimple StatementText=" GOTO Logging&#xD;&#xA; " StatementId="46" StatementCompId="56" StatementType="GOTO" RetrievedFromCache="true" />
            </Statements>
          </Then>
        </StmtCond>
        <StmtSimple StatementText=" END;&#xD;&#xA;&#xD;&#xA;  ----------------------------------------------------------------------------------------------------&#xD;&#xA;  --// Select databases                                                                           //--&#xD;&#xA;  ----------------------------------------------------------------------------------------------------&#xD;&#xA;&#xD;&#xA;  WITH Databases1 (DatabaseItems) AS&#xD;&#xA;  (&#xD;&#xA;  SELECT REPLACE(@Databases, ', ', ',') AS DatabaseItems&#xD;&#xA;  ),&#xD;&#xA;  Databases2 (DatabaseItem, String, [Continue]) AS&#xD;&#xA;  (&#xD;&#xA;  SELECT CASE WHEN CHARINDEX(',', DatabaseItems) = 0 THEN @Databases ELSE SUBSTRING(DatabaseItems, 1, CHARINDEX(',', DatabaseItems) - 1) END AS DatabaseItem,&#xD;&#xA;         CASE WHEN CHARINDEX(',', DatabaseItems) = 0 THEN '' ELSE SUBSTRING(DatabaseItems, CHARINDEX(',', DatabaseItems) + 1, LEN(DatabaseItems)) END AS String,&#xD;&#xA;         CASE WHEN CHARINDEX(',', DatabaseItems) = 0 THEN 0 ELSE 1 END [Continue]&#xD;&#xA;  FROM Databases1&#xD;&#xA;  WHERE @Databases IS NOT NULL&#xD;&#xA;  UNION ALL&#xD;&#xA;  SELECT CASE WHEN CHARINDEX(',', String) = 0 THEN String ELSE SUBSTRING(String, 1, CHARINDEX(',', String) - 1) END AS DatabaseItem,&#xD;&#xA;         CASE WHEN CHARINDEX(',', String) = 0 THEN '' ELSE SUBSTRING(String, CHARINDEX(',', String) + 1, LEN(String)) END AS String,&#xD;&#xA;         CASE WHEN CHARINDEX(',', String) = 0 THEN 0 ELSE 1 END [Continue]&#xD;&#xA;  FROM Databases2&#xD;&#xA;  WHERE [Continue] = 1&#xD;&#xA;  ),&#xD;&#xA;  Databases3 (DatabaseItem, Selected) AS&#xD;&#xA;  (&#xD;&#xA;  SELECT CASE WHEN DatabaseItem LIKE '-%' THEN RIGHT(DatabaseItem,LEN(DatabaseItem) - 1) ELSE DatabaseItem END AS DatabaseItem,&#xD;&#xA;         CASE WHEN DatabaseItem LIKE '-%' THEN 0 ELSE 1 END AS Selected&#xD;&#xA;  FROM Databases2&#xD;&#xA;  ),&#xD;&#xA;  Databases4 (DatabaseItem, DatabaseType, Selected) AS&#xD;&#xA;  (&#xD;&#xA;  SELECT CASE WHEN DatabaseItem IN('ALL_DATABASES','SYSTEM_DATABASES','USER_DATABASES') THEN '%' ELSE DatabaseItem END AS DatabaseItem,&#xD;&#xA;         CASE WHEN DatabaseItem = 'SYSTEM_DATABASES' THEN 'S' WHEN DatabaseItem = 'USER_DATABASES' THEN 'U' ELSE NULL END AS DatabaseType,&#xD;&#xA;         Selected&#xD;&#xA;  FROM Databases3&#xD;&#xA;  ),&#xD;&#xA;  Databases5 (DatabaseName, DatabaseType, Selected) AS&#xD;&#xA;  (&#xD;&#xA;  SELECT CASE WHEN LEFT(DatabaseItem,1) = '[' AND RIGHT(DatabaseItem,1) = ']' THEN PARSENAME(DatabaseItem,1) ELSE DatabaseItem END AS DatabaseItem,&#xD;&#xA;         DatabaseType,&#xD;&#xA;         Selected&#xD;&#xA;  FROM Databases4&#xD;&#xA;  )&#xD;&#xA;  INSERT INTO @SelectedDatabases (DatabaseName, DatabaseType, Selected)&#xD;&#xA;  SELECT DatabaseName,&#xD;&#xA;         DatabaseType,&#xD;&#xA;         Selected&#xD;&#xA;  FROM Databases5&#xD;&#xA;&#xD;&#xA; " StatementId="47" StatementCompId="58" StatementType="INSERT" RetrievedFromCache="true" StatementSubTreeCost="0.0165513" StatementEstRows="2" StatementOptmLevel="FULL" QueryHash="0xC32AB60285440275" QueryPlanHash="0xEFEC797BC7D889FF" StatementOptmEarlyAbortReason="GoodEnoughPlanFound">
          <StatementSetOptions QUOTED_IDENTIFIER="false" ARITHABORT="false" CONCAT_NULL_YIELDS_NULL="true" ANSI_NULLS="true" ANSI_PADDING="true" ANSI_WARNINGS="true" NUMERIC_ROUNDABORT="false" />
          <QueryPlan NonParallelPlanReason="MaxDOPSetToOne" CachedPlanSize="144" CompileTime="10" CompileCPU="10" CompileMemory="968">
            <Warnings>
              <PlanAffectingConvert ConvertIssue="Cardinality Estimate" Expression="CONVERT_IMPLICIT(nvarchar(max),CASE WHEN CASE WHEN [Recr1014] like N'-%' THEN right([Recr1014],len([Recr1014])-(1)) ELSE [Recr1014] END=N'SYSTEM_DATABASES' THEN 'S' ELSE CASE WHEN CASE WHEN [Recr1014] like N'-%' THEN right([Recr1014],len([Recr1014])-(1)) ELSE [Recr1014] END=N'USER_DATABASES' THEN 'U' ELSE NULL END END,0)" />
            </Warnings>
            <MemoryGrantInfo SerialRequiredMemory="0" SerialDesiredMemory="0" />
            <OptimizerHardwareDependentProperties EstimatedAvailableMemoryGrant="193313" EstimatedPagesCached="773254" EstimatedAvailableDegreeOfParallelism="1" />
            <RelOp NodeId="0" PhysicalOp="Table Insert" LogicalOp="Insert" EstimateRows="2" EstimateIO="0.0165423" EstimateCPU="2e-006" AvgRowSize="9" EstimatedTotalSubtreeCost="0.0165513" Parallel="0" EstimateRebinds="0" EstimateRewinds="0" EstimatedExecutionMode="Row">
              <OutputList />
              <Update DMLRequestSort="0">
                <Object Table="[@SelectedDatabases]" />
                <SetPredicate>
                  <ScalarOperator ScalarString="[DatabaseName] = [Expr1021],[DatabaseType] = [Expr1022],[Selected] = [Expr1023]">
                    <ScalarExpressionList>
                      <ScalarOperator>
                        <MultipleAssign>
                          <Assign>
                            <ColumnReference Column="DatabaseName" />
                            <ScalarOperator>
                              <Identifier>
                                <ColumnReference Column="Expr1021" />
                              </Identifier>
                            </ScalarOperator>
                          </Assign>
                          <Assign>
                            <ColumnReference Column="DatabaseType" />
                            <ScalarOperator>
                              <Identifier>
                                <ColumnReference Column="Expr1022" />
                              </Identifier>
                            </ScalarOperator>
                          </Assign>
                          <Assign>
                            <ColumnReference Column="Selected" />
                            <ScalarOperator>
                              <Identifier>
                                <ColumnReference Column="Expr1023" />
                              </Identifier>
                            </ScalarOperator>
                          </Assign>
                        </MultipleAssign>
                      </ScalarOperator>
                    </ScalarExpressionList>
                  </ScalarOperator>
                </SetPredicate>
                <RelOp NodeId="1" PhysicalOp="Compute Scalar" LogicalOp="Compute Scalar" EstimateRows="2" EstimateIO="0" EstimateCPU="2e-007" AvgRowSize="8062" EstimatedTotalSubtreeCost="7.034e-006" Parallel="0" EstimateRebinds="0" EstimateRewinds="0" EstimatedExecutionMode="Row">
                  <OutputList>
                    <ColumnReference Column="Expr1021" />
                    <ColumnReference Column="Expr1022" />
                    <ColumnReference Column="Expr1023" />
                  </OutputList>
                  <ComputeScalar>
                    <DefinedValues>
                      <DefinedValue>
                        <ColumnReference Column="Expr1021" />
                        <ScalarOperator ScalarString="CASE WHEN substring(CASE WHEN CASE WHEN [Recr1014] like N'-%' THEN right([Recr1014],len([Recr1014])-(1)) ELSE [Recr1014] END=N'USER_DATABASES' OR CASE WHEN [Recr1014] like N'-%' THEN right([Recr1014],len([Recr1014])-(1)) ELSE [Recr1014] END=N'SYSTEM_DATABASES' OR CASE WHEN [Recr1014] like N'-%' THEN right([Recr1014],len([Recr1014])-(1)) ELSE [Recr1014] END=N'ALL_DATABASES' THEN CONVERT_IMPLICIT(nvarchar(max),'%',0) ELSE CASE WHEN [Recr1014] like N'-%' THEN right([Recr1014],len([Recr1014])-(1)) ELSE [Recr1014] END END,(1),(1))=N'[' AND right(CASE WHEN CASE WHEN [Recr1014] like N'-%' THEN right([Recr1014],len([Recr1014])-(1)) ELSE [Recr1014] END=N'USER_DATABASES' OR CASE WHEN [Recr1014] like N'-%' THEN right([Recr1014],len([Recr1014])-(1)) ELSE [Recr1014] END=N'SYSTEM_DATABASES' OR CASE WHEN [Recr1014] like N'-%' THEN right([Recr1014],len([Recr1014])-(1)) ELSE [Recr1014] END=N'ALL_DATABASES' THEN CONVERT_IMPLICIT(nvarchar(max),'%',0) ELSE CASE WHEN [Recr1014] like N'-%' THEN right([Recr1014],len([Recr1014])-(1)) ELSE [Recr1014] END END,(1))=N']' THEN CONVERT_IMPLICIT(nvarchar(max),parsename(CONVERT_IMPLICIT(nvarchar(4000),CASE WHEN CASE WHEN [Recr1014] like N'-%' THEN right([Recr1014],len([Recr1014])-(1)) ELSE [Recr1014] END=N'USER_DATABASES' OR CASE WHEN [Recr1014] like N'-%' THEN right([Recr1014],len([Recr1014])-(1)) ELSE [Recr1014] END=N'SYSTEM_DATABASES' OR CASE WHEN [Recr1014] like N'-%' THEN right([Recr1014],len([Recr1014])-(1)) ELSE [Recr1014] END=N'ALL_DATABASES' THEN CONVERT_IMPLICIT(nvarchar(max),'%',0) ELSE CASE WHEN [Recr1014] like N'-%' THEN right([Recr1014],len([Recr1014])-(1)) ELSE [Recr1014] END END,0),(1)),0) ELSE CASE WHEN CASE WHEN [Recr1014] like N'-%' THEN right([Recr1014],len([Recr1014])-(1)) ELSE [Recr1014] END=N'USER_DATABASES' OR CASE WHEN [Recr1014] like N'-%' THEN right([Recr1014],len([Recr1014])-(1)) ELSE [Recr1014] END=N'SYSTEM_DATABASES' OR CASE WHEN [Recr1014] like N'-%' THEN right([Recr1014],len([Recr1014])-(1)) ELSE [Recr1014] END=N'ALL_DATABASES' THEN CONVERT_IMPLICIT(nvarchar(max),'%',0) ELSE CASE WHEN [Recr1014] like N'-%' THEN right([Recr1014],len([Recr1014])-(1)) ELSE [Recr1014] END END END">
                          <IF>
                            <Condition>
                              <ScalarOperator>
                                <Logical Operation="AND">
                                  <ScalarOperator>
                                    <Compare CompareOp="EQ">
                                      <ScalarOperator>
                                        <Intrinsic FunctionName="substring">
                                          <ScalarOperator>
                                            <IF>
                                              <Condition>
                                                <ScalarOperator>
                                                  <Logical Operation="OR">
                                                    <ScalarOperator>
                                                      <Compare CompareOp="EQ">
                                                        <ScalarOperator>
                                                          <IF>
                                                            <Condition>
                                                              <ScalarOperator>
                                                                <Intrinsic FunctionName="like">
                                                                  <ScalarOperator>
                                                                    <Identifier>
                                                                      <ColumnReference Column="Recr1014" />
                                                                    </Identifier>
                                                                  </ScalarOperator>
                                                                  <ScalarOperator>
                                                                    <Const ConstValue="N'-%'" />
                                                                  </ScalarOperator>
                                                                </Intrinsic>
                                                              </ScalarOperator>
                                                            </Condition>
                                                            <Then>
                                                              <ScalarOperator>
                                                                <Intrinsic FunctionName="right">
                                                                  <ScalarOperator>
                                                                    <Identifier>
                                                                      <ColumnReference Column="Recr1014" />
                                                                    </Identifier>
                                                                  </ScalarOperator>
                                                                  <ScalarOperator>
                                                                    <Arithmetic Operation="SUB">
                                                                      <ScalarOperator>
                                                                        <Intrinsic FunctionName="len">
                                                                          <ScalarOperator>
                                                                            <Identifier>
                                                                              <ColumnReference Column="Recr1014" />
                                                                            </Identifier>
                                                                          </ScalarOperator>
                                                                        </Intrinsic>
                                                                      </ScalarOperator>
                                                                      <ScalarOperator>
                                                                        <Const ConstValue="(1)" />
                                                                      </ScalarOperator>
                                                                    </Arithmetic>
                                                                  </ScalarOperator>
                                                                </Intrinsic>
                                                              </ScalarOperator>
                                                            </Then>
                                                            <Else>
                                                              <ScalarOperator>
                                                                <Identifier>
                                                                  <ColumnReference Column="Recr1014" />
                                                                </Identifier>
                                                              </ScalarOperator>
                                                            </Else>
                                                          </IF>
                                                        </ScalarOperator>
                                                        <ScalarOperator>
                                                          <Const ConstValue="N'USER_DATABASES'" />
                                                        </ScalarOperator>
                                                      </Compare>
                                                    </ScalarOperator>
                                                    <ScalarOperator>
                                                      <Compare CompareOp="EQ">
                                                        <ScalarOperator>
                                                          <IF>
                                                            <Condition>
                                                              <ScalarOperator>
                                                                <Intrinsic FunctionName="like">
                                                                  <ScalarOperator>
                                                                    <Identifier>
                                                                      <ColumnReference Column="Recr1014" />
                                                                    </Identifier>
                                                                  </ScalarOperator>
                                                                  <ScalarOperator>
                                                                    <Const ConstValue="N'-%'" />
                                                                  </ScalarOperator>
                                                                </Intrinsic>
                                                              </ScalarOperator>
                                                            </Condition>
                                                            <Then>
                                                              <ScalarOperator>
                                                                <Intrinsic FunctionName="right">
                                                                  <ScalarOperator>
                                                                    <Identifier>
                                                                      <ColumnReference Column="Recr1014" />
                                                                    </Identifier>
                                                                  </ScalarOperator>
                                                                  <ScalarOperator>
                                                                    <Arithmetic Operation="SUB">
                                                                      <ScalarOperator>
                                                                        <Intrinsic FunctionName="len">
                                                                          <ScalarOperator>
                                                                            <Identifier>
                                                                              <ColumnReference Column="Recr1014" />
                                                                            </Identifier>
                                                                          </ScalarOperator>
                                                                        </Intrinsic>
                                                                      </ScalarOperator>
                                                                      <ScalarOperator>
                                                                        <Const ConstValue="(1)" />
                                                                      </ScalarOperator>
                                                                    </Arithmetic>
                                                                  </ScalarOperator>
                                                                </Intrinsic>
                                                              </ScalarOperator>
                                                            </Then>
                                                            <Else>
                                                              <ScalarOperator>
                                                                <Identifier>
                                                                  <ColumnReference Column="Recr1014" />
                                                                </Identifier>
                                                              </ScalarOperator>
                                                            </Else>
                                                          </IF>
                                                        </ScalarOperator>
                                                        <ScalarOperator>
                                                          <Const ConstValue="N'SYSTEM_DATABASES'" />
                                                        </ScalarOperator>
                                                      </Compare>
                                                    </ScalarOperator>
                                                    <ScalarOperator>
                                                      <Compare CompareOp="EQ">
                                                        <ScalarOperator>
                                                          <IF>
                                                            <Condition>
                                                              <ScalarOperator>
                                                                <Intrinsic FunctionName="like">
                                                                  <ScalarOperator>
                                                                    <Identifier>
                                                                      <ColumnReference Column="Recr1014" />
                                                                    </Identifier>
                                                                  </ScalarOperator>
                                                                  <ScalarOperator>
                                                                    <Const ConstValue="N'-%'" />
                                                                  </ScalarOperator>
                                                                </Intrinsic>
                                                              </ScalarOperator>
                                                            </Condition>
                                                            <Then>
                                                              <ScalarOperator>
                                                                <Intrinsic FunctionName="right">
                                                                  <ScalarOperator>
                                                                    <Identifier>
                                                                      <ColumnReference Column="Recr1014" />
                                                                    </Identifier>
                                                                  </ScalarOperator>
                                                                  <ScalarOperator>
                                                                    <Arithmetic Operation="SUB">
                                                                      <ScalarOperator>
                                                                        <Intrinsic FunctionName="len">
                                                                          <ScalarOperator>
                                                                            <Identifier>
                                                                              <ColumnReference Column="Recr1014" />
                                                                            </Identifier>
                                                                          </ScalarOperator>
                                                                        </Intrinsic>
                                                                      </ScalarOperator>
                                                                      <ScalarOperator>
                                                                        <Const ConstValue="(1)" />
                                                                      </ScalarOperator>
                                                                    </Arithmetic>
                                                                  </ScalarOperator>
                                                                </Intrinsic>
                                                              </ScalarOperator>
                                                            </Then>
                                                            <Else>
                                                              <ScalarOperator>
                                                                <Identifier>
                                                                  <ColumnReference Column="Recr1014" />
                                                                </Identifier>
                                                              </ScalarOperator>
                                                            </Else>
                                                          </IF>
                                                        </ScalarOperator>
                                                        <ScalarOperator>
                                                          <Const ConstValue="N'ALL_DATABASES'" />
                                                        </ScalarOperator>
                                                      </Compare>
                                                    </ScalarOperator>
                                                  </Logical>
                                                </ScalarOperator>
                                              </Condition>
                                              <Then>
                                                <ScalarOperator>
                                                  <Convert DataType="nvarchar(max)" Length="2147483647" Style="0" Implicit="1">
                                                    <ScalarOperator>
                                                      <Const ConstValue="'%'" />
                                                    </ScalarOperator>
                                                  </Convert>
                                                </ScalarOperator>
                                              </Then>
                                              <Else>
                                                <ScalarOperator>
                                                  <IF>
                                                    <Condition>
                                                      <ScalarOperator>
                                                        <Intrinsic FunctionName="like">
                                                          <ScalarOperator>
                                                            <Identifier>
                                                              <ColumnReference Column="Recr1014" />
                                                            </Identifier>
                                                          </ScalarOperator>
                                                          <ScalarOperator>
                                                            <Const ConstValue="N'-%'" />
                                                          </ScalarOperator>
                                                        </Intrinsic>
                                                      </ScalarOperator>
                                                    </Condition>
                                                    <Then>
                                                      <ScalarOperator>
                                                        <Intrinsic FunctionName="right">
                                                          <ScalarOperator>
                                                            <Identifier>
                                                              <ColumnReference Column="Recr1014" />
                                                            </Identifier>
                                                          </ScalarOperator>
                                                          <ScalarOperator>
                                                            <Arithmetic Operation="SUB">
                                                              <ScalarOperator>
                                                                <Intrinsic FunctionName="len">
                                                                  <ScalarOperator>
                                                                    <Identifier>
                                                                      <ColumnReference Column="Recr1014" />
                                                                    </Identifier>
                                                                  </ScalarOperator>
                                                                </Intrinsic>
                                                              </ScalarOperator>
                                                              <ScalarOperator>
                                                                <Const ConstValue="(1)" />
                                                              </ScalarOperator>
                                                            </Arithmetic>
                                                          </ScalarOperator>
                                                        </Intrinsic>
                                                      </ScalarOperator>
                                                    </Then>
                                                    <Else>
                                                      <ScalarOperator>
                                                        <Identifier>
                                                          <ColumnReference Column="Recr1014" />
                                                        </Identifier>
                                                      </ScalarOperator>
                                                    </Else>
                                                  </IF>
                                                </ScalarOperator>
                                              </Else>
                                            </IF>
                                          </ScalarOperator>
                                          <ScalarOperator>
                                            <Const ConstValue="(1)" />
                                          </ScalarOperator>
                                          <ScalarOperator>
                                            <Const ConstValue="(1)" />
                                          </ScalarOperator>
                                        </Intrinsic>
                                      </ScalarOperator>
                                      <ScalarOperator>
                                        <Const ConstValue="N'['" />
                                      </ScalarOperator>
                                    </Compare>
                                  </ScalarOperator>
                                  <ScalarOperator>
                                    <Compare CompareOp="EQ">
                                      <ScalarOperator>
                                        <Intrinsic FunctionName="right">
                                          <ScalarOperator>
                                            <IF>
                                              <Condition>
                                                <ScalarOperator>
                                                  <Logical Operation="OR">
                                                    <ScalarOperator>
                                                      <Compare CompareOp="EQ">
                                                        <ScalarOperator>
                                                          <IF>
                                                            <Condition>
                                                              <ScalarOperator>
                                                                <Intrinsic FunctionName="like">
                                                                  <ScalarOperator>
                                                                    <Identifier>
                                                                      <ColumnReference Column="Recr1014" />
                                                                    </Identifier>
                                                                  </ScalarOperator>
                                                                  <ScalarOperator>
                                                                    <Const ConstValue="N'-%'" />
                                                                  </ScalarOperator>
                                                                </Intrinsic>
                                                              </ScalarOperator>
                                                            </Condition>
                                                            <Then>
                                                              <ScalarOperator>
                                                                <Intrinsic FunctionName="right">
                                                                  <ScalarOperator>
                                                                    <Identifier>
                                                                      <ColumnReference Column="Recr1014" />
                                                                    </Identifier>
                                                                  </ScalarOperator>
                                                                  <ScalarOperator>
                                                                    <Arithmetic Operation="SUB">
                                                                      <ScalarOperator>
                                                                        <Intrinsic FunctionName="len">
                                                                          <ScalarOperator>
                                                                            <Identifier>
                                                                              <ColumnReference Column="Recr1014" />
                                                                            </Identifier>
                                                                          </ScalarOperator>
                                                                        </Intrinsic>
                                                                      </ScalarOperator>
                                                                      <ScalarOperator>
                                                                        <Const ConstValue="(1)" />
                                                                      </ScalarOperator>
                                                                    </Arithmetic>
                                                                  </ScalarOperator>
                                                                </Intrinsic>
                                                              </ScalarOperator>
                                                            </Then>
                                                            <Else>
                                                              <ScalarOperator>
                                                                <Identifier>
                                                                  <ColumnReference Column="Recr1014" />
                                                                </Identifier>
                                                              </ScalarOperator>
                                                            </Else>
                                                          </IF>
                                                        </ScalarOperator>
                                                        <ScalarOperator>
                                                          <Const ConstValue="N'USER_DATABASES'" />
                                                        </ScalarOperator>
                                                      </Compare>
                                                    </ScalarOperator>
                                                    <ScalarOperator>
                                                      <Compare CompareOp="EQ">
                                                        <ScalarOperator>
                                                          <IF>
                                                            <Condition>
                                                              <ScalarOperator>
                                                                <Intrinsic FunctionName="like">
                                                                  <ScalarOperator>
                                                                    <Identifier>
                                                                      <ColumnReference Column="Recr1014" />
                                                                    </Identifier>
                                                                  </ScalarOperator>
                                                                  <ScalarOperator>
                                                                    <Const ConstValue="N'-%'" />
                                                                  </ScalarOperator>
                                                                </Intrinsic>
                                                              </ScalarOperator>
                                                            </Condition>
                                                            <Then>
                                                              <ScalarOperator>
                                                                <Intrinsic FunctionName="right">
                                                                  <ScalarOperator>
                                                                    <Identifier>
                                                                      <ColumnReference Column="Recr1014" />
                                                                    </Identifier>
                                                                  </ScalarOperator>
                                                                  <ScalarOperator>
                                                                    <Arithmetic Operation="SUB">
                                                                      <ScalarOperator>
                                                                        <Intrinsic FunctionName="len">
                                                                          <ScalarOperator>
                                                                            <Identifier>
                                                                              <ColumnReference Column="Recr1014" />
                                                                            </Identifier>
                                                                          </ScalarOperator>
                                                                        </Intrinsic>
                                                                      </ScalarOperator>
                                                                      <ScalarOperator>
                                                                        <Const ConstValue="(1)" />
                                                                      </ScalarOperator>
                                                                    </Arithmetic>
                                                                  </ScalarOperator>
                                                                </Intrinsic>
                                                              </ScalarOperator>
                                                            </Then>
                                                            <Else>
                                                              <ScalarOperator>
                                                                <Identifier>
                                                                  <ColumnReference Column="Recr1014" />
                                                                </Identifier>
                                                              </ScalarOperator>
                                                            </Else>
                                                          </IF>
                                                        </ScalarOperator>
                                                        <ScalarOperator>
                                                          <Const ConstValue="N'SYSTEM_DATABASES'" />
                                                        </ScalarOperator>
                                                      </Compare>
                                                    </ScalarOperator>
                                                    <ScalarOperator>
                                                      <Compare CompareOp="EQ">
                                                        <ScalarOperator>
                                                          <IF>
                                                            <Condition>
                                                              <ScalarOperator>
                                                                <Intrinsic FunctionName="like">
                                                                  <ScalarOperator>
                                                                    <Identifier>
                                                                      <ColumnReference Column="Recr1014" />
                                                                    </Identifier>
                                                                  </ScalarOperator>
                                                                  <ScalarOperator>
                                                                    <Const ConstValue="N'-%'" />
                                                                  </ScalarOperator>
                                                                </Intrinsic>
                                                              </ScalarOperator>
                                                            </Condition>
                                                            <Then>
                                                              <ScalarOperator>
                                                                <Intrinsic FunctionName="right">
                                                                  <ScalarOperator>
                                                                    <Identifier>
                                                                      <ColumnReference Column="Recr1014" />
                                                                    </Identifier>
                                                                  </ScalarOperator>
                                                                  <ScalarOperator>
                                                                    <Arithmetic Operation="SUB">
                                                                      <ScalarOperator>
                                                                        <Intrinsic FunctionName="len">
                                                                          <ScalarOperator>
                                                                            <Identifier>
                                                                              <ColumnReference Column="Recr1014" />
                                                                            </Identifier>
                                                                          </ScalarOperator>
                                                                        </Intrinsic>
                                                                      </ScalarOperator>
                                                                      <ScalarOperator>
                                                                        <Const ConstValue="(1)" />
                                                                      </ScalarOperator>
                                                                    </Arithmetic>
                                                                  </ScalarOperator>
                                                                </Intrinsic>
                                                              </ScalarOperator>
                                                            </Then>
                                                            <Else>
                                                              <ScalarOperator>
                                                                <Identifier>
                                                                  <ColumnReference Column="Recr1014" />
                                                                </Identifier>
                                                              </ScalarOperator>
                                                            </Else>
                                                          </IF>
                                                        </ScalarOperator>
                                                        <ScalarOperator>
                                                          <Const ConstValue="N'ALL_DATABASES'" />
                                                        </ScalarOperator>
                                                      </Compare>
                                                    </ScalarOperator>
                                                  </Logical>
                                                </ScalarOperator>
                                              </Condition>
                                              <Then>
                                                <ScalarOperator>
                                                  <Convert DataType="nvarchar(max)" Length="2147483647" Style="0" Implicit="1">
                                                    <ScalarOperator>
                                                      <Const ConstValue="'%'" />
                                                    </ScalarOperator>
                                                  </Convert>
                                                </ScalarOperator>
                                              </Then>
                                              <Else>
                                                <ScalarOperator>
                                                  <IF>
                                                    <Condition>
                                                      <ScalarOperator>
                                                        <Intrinsic FunctionName="like">
                                                          <ScalarOperator>
                                                            <Identifier>
                                                              <ColumnReference Column="Recr1014" />
                                                            </Identifier>
                                                          </ScalarOperator>
                                                          <ScalarOperator>
                                                            <Const ConstValue="N'-%'" />
                                                          </ScalarOperator>
                                                        </Intrinsic>
                                                      </ScalarOperator>
                                                    </Condition>
                                                    <Then>
                                                      <ScalarOperator>
                                                        <Intrinsic FunctionName="right">
                                                          <ScalarOperator>
                                                            <Identifier>
                                                              <ColumnReference Column="Recr1014" />
                                                            </Identifier>
                                                          </ScalarOperator>
                                                          <ScalarOperator>
                                                            <Arithmetic Operation="SUB">
                                                              <ScalarOperator>
                                                                <Intrinsic FunctionName="len">
                                                                  <ScalarOperator>
                                                                    <Identifier>
                                                                      <ColumnReference Column="Recr1014" />
                                                                    </Identifier>
                                                                  </ScalarOperator>
                                                                </Intrinsic>
                                                              </ScalarOperator>
                                                              <ScalarOperator>
                                                                <Const ConstValue="(1)" />
                                                              </ScalarOperator>
                                                            </Arithmetic>
                                                          </ScalarOperator>
                                                        </Intrinsic>
                                                      </ScalarOperator>
                                                    </Then>
                                                    <Else>
                                                      <ScalarOperator>
                                                        <Identifier>
                                                          <ColumnReference Column="Recr1014" />
                                                        </Identifier>
                                                      </ScalarOperator>
                                                    </Else>
                                                  </IF>
                                                </ScalarOperator>
                                              </Else>
                                            </IF>
                                          </ScalarOperator>
                                          <ScalarOperator>
                                            <Const ConstValue="(1)" />
                                          </ScalarOperator>
                                        </Intrinsic>
                                      </ScalarOperator>
                                      <ScalarOperator>
                                        <Const ConstValue="N']'" />
                                      </ScalarOperator>
                                    </Compare>
                                  </ScalarOperator>
                                </Logical>
                              </ScalarOperator>
                            </Condition>
                            <Then>
                              <ScalarOperator>
                                <Convert DataType="nvarchar(max)" Length="2147483647" Style="0" Implicit="1">
                                  <ScalarOperator>
                                    <Intrinsic FunctionName="parsename">
                                      <ScalarOperator>
                                        <Convert DataType="nvarchar" Length="8000" Style="0" Implicit="1">
                                          <ScalarOperator>
                                            <IF>
                                              <Condition>
                                                <ScalarOperator>
                                                  <Logical Operation="OR">
                                                    <ScalarOperator>
                                                      <Compare CompareOp="EQ">
                                                        <ScalarOperator>
                                                          <IF>
                                                            <Condition>
                                                              <ScalarOperator>
                                                                <Intrinsic FunctionName="like">
                                                                  <ScalarOperator>
                                                                    <Identifier>
                                                                      <ColumnReference Column="Recr1014" />
                                                                    </Identifier>
                                                                  </ScalarOperator>
                                                                  <ScalarOperator>
                                                                    <Const ConstValue="N'-%'" />
                                                                  </ScalarOperator>
                                                                </Intrinsic>
                                                              </ScalarOperator>
                                                            </Condition>
                                                            <Then>
                                                              <ScalarOperator>
                                                                <Intrinsic FunctionName="right">
                                                                  <ScalarOperator>
                                                                    <Identifier>
                                                                      <ColumnReference Column="Recr1014" />
                                                                    </Identifier>
                                                                  </ScalarOperator>
                                                                  <ScalarOperator>
                                                                    <Arithmetic Operation="SUB">
                                                                      <ScalarOperator>
                                                                        <Intrinsic FunctionName="len">
                                                                          <ScalarOperator>
                                                                            <Identifier>
                                                                              <ColumnReference Column="Recr1014" />
                                                                            </Identifier>
                                                                          </ScalarOperator>
                                                                        </Intrinsic>
                                                                      </ScalarOperator>
                                                                      <ScalarOperator>
                                                                        <Const ConstValue="(1)" />
                                                                      </ScalarOperator>
                                                                    </Arithmetic>
                                                                  </ScalarOperator>
                                                                </Intrinsic>
                                                              </ScalarOperator>
                                                            </Then>
                                                            <Else>
                                                              <ScalarOperator>
                                                                <Identifier>
                                                                  <ColumnReference Column="Recr1014" />
                                                                </Identifier>
                                                              </ScalarOperator>
                                                            </Else>
                                                          </IF>
                                                        </ScalarOperator>
                                                        <ScalarOperator>
                                                          <Const ConstValue="N'USER_DATABASES'" />
                                                        </ScalarOperator>
                                                      </Compare>
                                                    </ScalarOperator>
                                                    <ScalarOperator>
                                                      <Compare CompareOp="EQ">
                                                        <ScalarOperator>
                                                          <IF>
                                                            <Condition>
                                                              <ScalarOperator>
                                                                <Intrinsic FunctionName="like">
                                                                  <ScalarOperator>
                                                                    <Identifier>
                                                                      <ColumnReference Column="Recr1014" />
                                                                    </Identifier>
                                                                  </ScalarOperator>
                                                                  <ScalarOperator>
                                                                    <Const ConstValue="N'-%'" />
                                                                  </ScalarOperator>
                                                                </Intrinsic>
                                                              </ScalarOperator>
                                                            </Condition>
                                                            <Then>
                                                              <ScalarOperator>
                                                                <Intrinsic FunctionName="right">
                                                                  <ScalarOperator>
                                                                    <Identifier>
                                                                      <ColumnReference Column="Recr1014" />
                                                                    </Identifier>
                                                                  </ScalarOperator>
                                                                  <ScalarOperator>
                                                                    <Arithmetic Operation="SUB">
                                                                      <ScalarOperator>
                                                                        <Intrinsic FunctionName="len">
                                                                          <ScalarOperator>
                                                                            <Identifier>
                                                                              <ColumnReference Column="Recr1014" />
                                                                            </Identifier>
                                                                          </ScalarOperator>
                                                                        </Intrinsic>
                                                                      </ScalarOperator>
                                                                      <ScalarOperator>
                                                                        <Const ConstValue="(1)" />
                                                                      </ScalarOperator>
                                                                    </Arithmetic>
                                                                  </ScalarOperator>
                                                                </Intrinsic>
                                                              </ScalarOperator>
                                                            </Then>
                                                            <Else>
                                                              <ScalarOperator>
                                                                <Identifier>
                                                                  <ColumnReference Column="Recr1014" />
                                                                </Identifier>
                                                              </ScalarOperator>
                                                            </Else>
                                                          </IF>
                                                        </ScalarOperator>
                                                        <ScalarOperator>
                                                          <Const ConstValue="N'SYSTEM_DATABASES'" />
                                                        </ScalarOperator>
                                                      </Compare>
                                                    </ScalarOperator>
                                                    <ScalarOperator>
                                                      <Compare CompareOp="EQ">
                                                        <ScalarOperator>
                                                          <IF>
                                                            <Condition>
                                                              <ScalarOperator>
                                                                <Intrinsic FunctionName="like">
                                                                  <ScalarOperator>
                                                                    <Identifier>
                                                                      <ColumnReference Column="Recr1014" />
                                                                    </Identifier>
                                                                  </ScalarOperator>
                                                                  <ScalarOperator>
                                                                    <Const ConstValue="N'-%'" />
                                                                  </ScalarOperator>
                                                                </Intrinsic>
                                                              </ScalarOperator>
                                                            </Condition>
                                                            <Then>
                                                              <ScalarOperator>
                                                                <Intrinsic FunctionName="right">
                                                                  <ScalarOperator>
                                                                    <Identifier>
                                                                      <ColumnReference Column="Recr1014" />
                                                                    </Identifier>
                                                                  </ScalarOperator>
                                                                  <ScalarOperator>
                                                                    <Arithmetic Operation="SUB">
                                                                      <ScalarOperator>
                                                                        <Intrinsic FunctionName="len">
                                                                          <ScalarOperator>
                                                                            <Identifier>
                                                                              <ColumnReference Column="Recr1014" />
                                                                            </Identifier>
                                                                          </ScalarOperator>
                                                                        </Intrinsic>
                                                                      </ScalarOperator>
                                                                      <ScalarOperator>
                                                                        <Const ConstValue="(1)" />
                                                                      </ScalarOperator>
                                                                    </Arithmetic>
                                                                  </ScalarOperator>
                                                                </Intrinsic>
                                                              </ScalarOperator>
                                                            </Then>
                                                            <Else>
                                                              <ScalarOperator>
                                                                <Identifier>
                                                                  <ColumnReference Column="Recr1014" />
                                                                </Identifier>
                                                              </ScalarOperator>
                                                            </Else>
                                                          </IF>
                                                        </ScalarOperator>
                                                        <ScalarOperator>
                                                          <Const ConstValue="N'ALL_DATABASES'" />
                                                        </ScalarOperator>
                                                      </Compare>
                                                    </ScalarOperator>
                                                  </Logical>
                                                </ScalarOperator>
                                              </Condition>
                                              <Then>
                                                <ScalarOperator>
                                                  <Convert DataType="nvarchar(max)" Length="2147483647" Style="0" Implicit="1">
                                                    <ScalarOperator>
                                                      <Const ConstValue="'%'" />
                                                    </ScalarOperator>
                                                  </Convert>
                                                </ScalarOperator>
                                              </Then>
                                              <Else>
                                                <ScalarOperator>
                                                  <IF>
                                                    <Condition>
                                                      <ScalarOperator>
                                                        <Intrinsic FunctionName="like">
                                                          <ScalarOperator>
                                                            <Identifier>
                                                              <ColumnReference Column="Recr1014" />
                                                            </Identifier>
                                                          </ScalarOperator>
                                                          <ScalarOperator>
                                                            <Const ConstValue="N'-%'" />
                                                          </ScalarOperator>
                                                        </Intrinsic>
                                                      </ScalarOperator>
                                                    </Condition>
                                                    <Then>
                                                      <ScalarOperator>
                                                        <Intrinsic FunctionName="right">
                                                          <ScalarOperator>
                                                            <Identifier>
                                                              <ColumnReference Column="Recr1014" />
                                                            </Identifier>
                                                          </ScalarOperator>
                                                          <ScalarOperator>
                                                            <Arithmetic Operation="SUB">
                                                              <ScalarOperator>
                                                                <Intrinsic FunctionName="len">
                                                                  <ScalarOperator>
                                                                    <Identifier>
                                                                      <ColumnReference Column="Recr1014" />
                                                                    </Identifier>
                                                                  </ScalarOperator>
                                                                </Intrinsic>
                                                              </ScalarOperator>
                                                              <ScalarOperator>
                                                                <Const ConstValue="(1)" />
                                                              </ScalarOperator>
                                                            </Arithmetic>
                                                          </ScalarOperator>
                                                        </Intrinsic>
                                                      </ScalarOperator>
                                                    </Then>
                                                    <Else>
                                                      <ScalarOperator>
                                                        <Identifier>
                                                          <ColumnReference Column="Recr1014" />
                                                        </Identifier>
                                                      </ScalarOperator>
                                                    </Else>
                                                  </IF>
                                                </ScalarOperator>
                                              </Else>
                                            </IF>
                                          </ScalarOperator>
                                        </Convert>
                                      </ScalarOperator>
                                      <ScalarOperator>
                                        <Const ConstValue="(1)" />
                                      </ScalarOperator>
                                    </Intrinsic>
                                  </ScalarOperator>
                                </Convert>
                              </ScalarOperator>
                            </Then>
                            <Else>
                              <ScalarOperator>
                                <IF>
                                  <Condition>
                                    <ScalarOperator>
                                      <Logical Operation="OR">
                                        <ScalarOperator>
                                          <Compare CompareOp="EQ">
                                            <ScalarOperator>
                                              <IF>
                                                <Condition>
                                                  <ScalarOperator>
                                                    <Intrinsic FunctionName="like">
                                                      <ScalarOperator>
                                                        <Identifier>
                                                          <ColumnReference Column="Recr1014" />
                                                        </Identifier>
                                                      </ScalarOperator>
                                                      <ScalarOperator>
                                                        <Const ConstValue="N'-%'" />
                                                      </ScalarOperator>
                                                    </Intrinsic>
                                                  </ScalarOperator>
                                                </Condition>
                                                <Then>
                                                  <ScalarOperator>
                                                    <Intrinsic FunctionName="right">
                                                      <ScalarOperator>
                                                        <Identifier>
                                                          <ColumnReference Column="Recr1014" />
                                                        </Identifier>
                                                      </ScalarOperator>
                                                      <ScalarOperator>
                                                        <Arithmetic Operation="SUB">
                                                          <ScalarOperator>
                                                            <Intrinsic FunctionName="len">
                                                              <ScalarOperator>
                                                                <Identifier>
                                                                  <ColumnReference Column="Recr1014" />
                                                                </Identifier>
                                                              </ScalarOperator>
                                                            </Intrinsic>
                                                          </ScalarOperator>
                                                          <ScalarOperator>
                                                            <Const ConstValue="(1)" />
                                                          </ScalarOperator>
                                                        </Arithmetic>
                                                      </ScalarOperator>
                                                    </Intrinsic>
                                                  </ScalarOperator>
                                                </Then>
                                                <Else>
                                                  <ScalarOperator>
                                                    <Identifier>
                                                      <ColumnReference Column="Recr1014" />
                                                    </Identifier>
                                                  </ScalarOperator>
                                                </Else>
                                              </IF>
                                            </ScalarOperator>
                                            <ScalarOperator>
                                              <Const ConstValue="N'USER_DATABASES'" />
                                            </ScalarOperator>
                                          </Compare>
                                        </ScalarOperator>
                                        <ScalarOperator>
                                          <Compare CompareOp="EQ">
                                            <ScalarOperator>
                                              <IF>
                                                <Condition>
                                                  <ScalarOperator>
                                                    <Intrinsic FunctionName="like">
                                                      <ScalarOperator>
                                                        <Identifier>
                                                          <ColumnReference Column="Recr1014" />
                                                        </Identifier>
                                                      </ScalarOperator>
                                                      <ScalarOperator>
                                                        <Const ConstValue="N'-%'" />
                                                      </ScalarOperator>
                                                    </Intrinsic>
                                                  </ScalarOperator>
                                                </Condition>
                                                <Then>
                                                  <ScalarOperator>
                                                    <Intrinsic FunctionName="right">
                                                      <ScalarOperator>
                                                        <Identifier>
                                                          <ColumnReference Column="Recr1014" />
                                                        </Identifier>
                                                      </ScalarOperator>
                                                      <ScalarOperator>
                                                        <Arithmetic Operation="SUB">
                                                          <ScalarOperator>
                                                            <Intrinsic FunctionName="len">
                                                              <ScalarOperator>
                                                                <Identifier>
                                                                  <ColumnReference Column="Recr1014" />
                                                                </Identifier>
                                                              </ScalarOperator>
                                                            </Intrinsic>
                                                          </ScalarOperator>
                                                          <ScalarOperator>
                                                            <Const ConstValue="(1)" />
                                                          </ScalarOperator>
                                                        </Arithmetic>
                                                      </ScalarOperator>
                                                    </Intrinsic>
                                                  </ScalarOperator>
                                                </Then>
                                                <Else>
                                                  <ScalarOperator>
                                                    <Identifier>
                                                      <ColumnReference Column="Recr1014" />
                                                    </Identifier>
                                                  </ScalarOperator>
                                                </Else>
                                              </IF>
                                            </ScalarOperator>
                                            <ScalarOperator>
                                              <Const ConstValue="N'SYSTEM_DATABASES'" />
                                            </ScalarOperator>
                                          </Compare>
                                        </ScalarOperator>
                                        <ScalarOperator>
                                          <Compare CompareOp="EQ">
                                            <ScalarOperator>
                                              <IF>
                                                <Condition>
                                                  <ScalarOperator>
                                                    <Intrinsic FunctionName="like">
                                                      <ScalarOperator>
                                                        <Identifier>
                                                          <ColumnReference Column="Recr1014" />
                                                        </Identifier>
                                                      </ScalarOperator>
                                                      <ScalarOperator>
                                                        <Const ConstValue="N'-%'" />
                                                      </ScalarOperator>
                                                    </Intrinsic>
                                                  </ScalarOperator>
                                                </Condition>
                                                <Then>
                                                  <ScalarOperator>
                                                    <Intrinsic FunctionName="right">
                                                      <ScalarOperator>
                                                        <Identifier>
                                                          <ColumnReference Column="Recr1014" />
                                                        </Identifier>
                                                      </ScalarOperator>
                                                      <ScalarOperator>
                                                        <Arithmetic Operation="SUB">
                                                          <ScalarOperator>
                                                            <Intrinsic FunctionName="len">
                                                              <ScalarOperator>
                                                                <Identifier>
                                                                  <ColumnReference Column="Recr1014" />
                                                                </Identifier>
                                                              </ScalarOperator>
                                                            </Intrinsic>
                                                          </ScalarOperator>
                                                          <ScalarOperator>
                                                            <Const ConstValue="(1)" />
                                                          </ScalarOperator>
                                                        </Arithmetic>
                                                      </ScalarOperator>
                                                    </Intrinsic>
                                                  </ScalarOperator>
                                                </Then>
                                                <Else>
                                                  <ScalarOperator>
                                                    <Identifier>
                                                      <ColumnReference Column="Recr1014" />
                                                    </Identifier>
                                                  </ScalarOperator>
                                                </Else>
                                              </IF>
                                            </ScalarOperator>
                                            <ScalarOperator>
                                              <Const ConstValue="N'ALL_DATABASES'" />
                                            </ScalarOperator>
                                          </Compare>
                                        </ScalarOperator>
                                      </Logical>
                                    </ScalarOperator>
                                  </Condition>
                                  <Then>
                                    <ScalarOperator>
                                      <Convert DataType="nvarchar(max)" Length="2147483647" Style="0" Implicit="1">
                                        <ScalarOperator>
                                          <Const ConstValue="'%'" />
                                        </ScalarOperator>
                                      </Convert>
                                    </ScalarOperator>
                                  </Then>
                                  <Else>
                                    <ScalarOperator>
                                      <IF>
                                        <Condition>
                                          <ScalarOperator>
                                            <Intrinsic FunctionName="like">
                                              <ScalarOperator>
                                                <Identifier>
                                                  <ColumnReference Column="Recr1014" />
                                                </Identifier>
                                              </ScalarOperator>
                                              <ScalarOperator>
                                                <Const ConstValue="N'-%'" />
                                              </ScalarOperator>
                                            </Intrinsic>
                                          </ScalarOperator>
                                        </Condition>
                                        <Then>
                                          <ScalarOperator>
                                            <Intrinsic FunctionName="right">
                                              <ScalarOperator>
                                                <Identifier>
                                                  <ColumnReference Column="Recr1014" />
                                                </Identifier>
                                              </ScalarOperator>
                                              <ScalarOperator>
                                                <Arithmetic Operation="SUB">
                                                  <ScalarOperator>
                                                    <Intrinsic FunctionName="len">
                                                      <ScalarOperator>
                                                        <Identifier>
                                                          <ColumnReference Column="Recr1014" />
                                                        </Identifier>
                                                      </ScalarOperator>
                                                    </Intrinsic>
                                                  </ScalarOperator>
                                                  <ScalarOperator>
                                                    <Const ConstValue="(1)" />
                                                  </ScalarOperator>
                                                </Arithmetic>
                                              </ScalarOperator>
                                            </Intrinsic>
                                          </ScalarOperator>
                                        </Then>
                                        <Else>
                                          <ScalarOperator>
                                            <Identifier>
                                              <ColumnReference Column="Recr1014" />
                                            </Identifier>
                                          </ScalarOperator>
                                        </Else>
                                      </IF>
                                    </ScalarOperator>
                                  </Else>
                                </IF>
                              </ScalarOperator>
                            </Else>
                          </IF>
                        </ScalarOperator>
                      </DefinedValue>
                      <DefinedValue>
                        <ColumnReference Column="Expr1022" />
                        <ScalarOperator ScalarString="CONVERT_IMPLICIT(nvarchar(max),CASE WHEN CASE WHEN [Recr1014] like N'-%' THEN right([Recr1014],len([Recr1014])-(1)) ELSE [Recr1014] END=N'SYSTEM_DATABASES' THEN 'S' ELSE CASE WHEN CASE WHEN [Recr1014] like N'-%' THEN right([Recr1014],len([Recr1014])-(1)) ELSE [Recr1014] END=N'USER_DATABASES' THEN 'U' ELSE NULL END END,0)">
                          <Convert DataType="nvarchar(max)" Length="2147483647" Style="0" Implicit="1">
                            <ScalarOperator>
                              <IF>
                                <Condition>
                                  <ScalarOperator>
                                    <Compare CompareOp="EQ">
                                      <ScalarOperator>
                                        <IF>
                                          <Condition>
                                            <ScalarOperator>
                                              <Intrinsic FunctionName="like">
                                                <ScalarOperator>
                                                  <Identifier>
                                                    <ColumnReference Column="Recr1014" />
                                                  </Identifier>
                                                </ScalarOperator>
                                                <ScalarOperator>
                                                  <Const ConstValue="N'-%'" />
                                                </ScalarOperator>
                                              </Intrinsic>
                                            </ScalarOperator>
                                          </Condition>
                                          <Then>
                                            <ScalarOperator>
                                              <Intrinsic FunctionName="right">
                                                <ScalarOperator>
                                                  <Identifier>
                                                    <ColumnReference Column="Recr1014" />
                                                  </Identifier>
                                                </ScalarOperator>
                                                <ScalarOperator>
                                                  <Arithmetic Operation="SUB">
                                                    <ScalarOperator>
                                                      <Intrinsic FunctionName="len">
                                                        <ScalarOperator>
                                                          <Identifier>
                                                            <ColumnReference Column="Recr1014" />
                                                          </Identifier>
                                                        </ScalarOperator>
                                                      </Intrinsic>
                                                    </ScalarOperator>
                                                    <ScalarOperator>
                                                      <Const ConstValue="(1)" />
                                                    </ScalarOperator>
                                                  </Arithmetic>
                                                </ScalarOperator>
                                              </Intrinsic>
                                            </ScalarOperator>
                                          </Then>
                                          <Else>
                                            <ScalarOperator>
                                              <Identifier>
                                                <ColumnReference Column="Recr1014" />
                                              </Identifier>
                                            </ScalarOperator>
                                          </Else>
                                        </IF>
                                      </ScalarOperator>
                                      <ScalarOperator>
                                        <Const ConstValue="N'SYSTEM_DATABASES'" />
                                      </ScalarOperator>
                                    </Compare>
                                  </ScalarOperator>
                                </Condition>
                                <Then>
                                  <ScalarOperator>
                                    <Const ConstValue="'S'" />
                                  </ScalarOperator>
                                </Then>
                                <Else>
                                  <ScalarOperator>
                                    <IF>
                                      <Condition>
                                        <ScalarOperator>
                                          <Compare CompareOp="EQ">
                                            <ScalarOperator>
                                              <IF>
                                                <Condition>
                                                  <ScalarOperator>
                                                    <Intrinsic FunctionName="like">
                                                      <ScalarOperator>
                                                        <Identifier>
                                                          <ColumnReference Column="Recr1014" />
                                                        </Identifier>
                                                      </ScalarOperator>
                                                      <ScalarOperator>
                                                        <Const ConstValue="N'-%'" />
                                                      </ScalarOperator>
                                                    </Intrinsic>
                                                  </ScalarOperator>
                                                </Condition>
                                                <Then>
                                                  <ScalarOperator>
                                                    <Intrinsic FunctionName="right">
                                                      <ScalarOperator>
                                                        <Identifier>
                                                          <ColumnReference Column="Recr1014" />
                                                        </Identifier>
                                                      </ScalarOperator>
                                                      <ScalarOperator>
                                                        <Arithmetic Operation="SUB">
                                                          <ScalarOperator>
                                                            <Intrinsic FunctionName="len">
                                                              <ScalarOperator>
                                                                <Identifier>
                                                                  <ColumnReference Column="Recr1014" />
                                                                </Identifier>
                                                              </ScalarOperator>
                                                            </Intrinsic>
                                                          </ScalarOperator>
                                                          <ScalarOperator>
                                                            <Const ConstValue="(1)" />
                                                          </ScalarOperator>
                                                        </Arithmetic>
                                                      </ScalarOperator>
                                                    </Intrinsic>
                                                  </ScalarOperator>
                                                </Then>
                                                <Else>
                                                  <ScalarOperator>
                                                    <Identifier>
                                                      <ColumnReference Column="Recr1014" />
                                                    </Identifier>
                                                  </ScalarOperator>
                                                </Else>
                                              </IF>
                                            </ScalarOperator>
                                            <ScalarOperator>
                                              <Const ConstValue="N'USER_DATABASES'" />
                                            </ScalarOperator>
                                          </Compare>
                                        </ScalarOperator>
                                      </Condition>
                                      <Then>
                                        <ScalarOperator>
                                          <Const ConstValue="'U'" />
                                        </ScalarOperator>
                                      </Then>
                                      <Else>
                                        <ScalarOperator>
                                          <Const ConstValue="NULL" />
                                        </ScalarOperator>
                                      </Else>
                                    </IF>
                                  </ScalarOperator>
                                </Else>
                              </IF>
                            </ScalarOperator>
                          </Convert>
                        </ScalarOperator>
                      </DefinedValue>
                      <DefinedValue>
                        <ColumnReference Column="Expr1023" />
                        <ScalarOperator ScalarString="CONVERT_IMPLICIT(bit,CASE WHEN [Recr1014] like N'-%' THEN (0) ELSE (1) END,0)">
                          <Convert DataType="bit" Style="0" Implicit="1">
                            <ScalarOperator>
                              <IF>
                                <Condition>
                                  <ScalarOperator>
                                    <Intrinsic FunctionName="like">
                                      <ScalarOperator>
                                        <Identifier>
                                          <ColumnReference Column="Recr1014" />
                                        </Identifier>
                                      </ScalarOperator>
                                      <ScalarOperator>
                                        <Const ConstValue="N'-%'" />
                                      </ScalarOperator>
                                    </Intrinsic>
                                  </ScalarOperator>
                                </Condition>
                                <Then>
                                  <ScalarOperator>
                                    <Const ConstValue="(0)" />
                                  </ScalarOperator>
                                </Then>
                                <Else>
                                  <ScalarOperator>
                                    <Const ConstValue="(1)" />
                                  </ScalarOperator>
                                </Else>
                              </IF>
                            </ScalarOperator>
                          </Convert>
                        </ScalarOperator>
                      </DefinedValue>
                    </DefinedValues>
                    <RelOp NodeId="2" PhysicalOp="Index Spool" LogicalOp="Lazy Spool" EstimateRows="2" EstimateIO="0" EstimateCPU="1e-008" AvgRowSize="4035" EstimatedTotalSubtreeCost="6.834e-006" Parallel="0" EstimateRebinds="0" EstimateRewinds="0" EstimatedExecutionMode="Row">
                      <OutputList>
                        <ColumnReference Column="Expr1037" />
                        <ColumnReference Column="Recr1014" />
                        <ColumnReference Column="Recr1015" />
                        <ColumnReference Column="Recr1016" />
                      </OutputList>
                      <Spool Stack="1">
                        <RelOp NodeId="3" PhysicalOp="Concatenation" LogicalOp="Concatenation" EstimateRows="2" EstimateIO="0" EstimateCPU="2e-009" AvgRowSize="4035" EstimatedTotalSubtreeCost="5.244e-006" Parallel="0" EstimateRebinds="0" EstimateRewinds="0" EstimatedExecutionMode="Row">
                          <OutputList>
                            <ColumnReference Column="Expr1037" />
                            <ColumnReference Column="Recr1014" />
                            <ColumnReference Column="Recr1015" />
                            <ColumnReference Column="Recr1016" />
                          </OutputList>
                          <Concat>
                            <DefinedValues>
                              <DefinedValue>
                                <ColumnReference Column="Expr1037" />
                                <ColumnReference Column="Expr1034" />
                                <ColumnReference Column="Expr1036" />
                              </DefinedValue>
                              <DefinedValue>
                                <ColumnReference Column="Recr1014" />
                                <ColumnReference Column="Expr1005" />
                                <ColumnReference Column="Expr1011" />
                              </DefinedValue>
                              <DefinedValue>
                                <ColumnReference Column="Recr1015" />
                                <ColumnReference Column="Expr1006" />
                                <ColumnReference Column="Expr1012" />
                              </DefinedValue>
                              <DefinedValue>
                                <ColumnReference Column="Recr1016" />
                                <ColumnReference Column="Expr1007" />
                                <ColumnReference Column="Expr1013" />
                              </DefinedValue>
                            </DefinedValues>
                            <RelOp NodeId="4" PhysicalOp="Compute Scalar" LogicalOp="Compute Scalar" EstimateRows="1" EstimateIO="0" EstimateCPU="2e-008" AvgRowSize="4035" EstimatedTotalSubtreeCost="2e-008" Parallel="0" EstimateRebinds="2" EstimateRewinds="0" EstimatedExecutionMode="Row">
                              <OutputList>
                                <ColumnReference Column="Expr1034" />
                                <ColumnReference Column="Expr1005" />
                                <ColumnReference Column="Expr1006" />
                                <ColumnReference Column="Expr1007" />
                              </OutputList>
                              <ComputeScalar>
                                <DefinedValues>
                                  <DefinedValue>
                                    <ColumnReference Column="Expr1034" />
                                    <ScalarOperator ScalarString="(0)">
                                      <Const ConstValue="(0)" />
                                    </ScalarOperator>
                                  </DefinedValue>
                                </DefinedValues>
                                <RelOp NodeId="5" PhysicalOp="Compute Scalar" LogicalOp="Compute Scalar" EstimateRows="1" EstimateIO="0" EstimateCPU="1e-007" AvgRowSize="8065" EstimatedTotalSubtreeCost="1.737e-006" Parallel="0" EstimateRebinds="0" EstimateRewinds="0" EstimatedExecutionMode="Row">
                                  <OutputList>
                                    <ColumnReference Column="Expr1005" />
                                    <ColumnReference Column="Expr1006" />
                                    <ColumnReference Column="Expr1007" />
                                  </OutputList>
                                  <ComputeScalar>
                                    <DefinedValues>
                                      <DefinedValue>
                                        <ColumnReference Column="Expr1005" />
                                        <ScalarOperator ScalarString="CASE WHEN charindex(N',',replace([@Databases],N', ',CONVERT_IMPLICIT(nvarchar(max),',',0)))=(0) THEN [@Databases] ELSE substring(replace([@Databases],N', ',CONVERT_IMPLICIT(nvarchar(max),',',0)),(1),charindex(N',',replace([@Databases],N', ',CONVERT_IMPLICIT(nvarchar(max),',',0)))-(1)) END">
                                          <IF>
                                            <Condition>
                                              <ScalarOperator>
                                                <Compare CompareOp="EQ">
                                                  <ScalarOperator>
                                                    <Intrinsic FunctionName="charindex">
                                                      <ScalarOperator>
                                                        <Const ConstValue="N','" />
                                                      </ScalarOperator>
                                                      <ScalarOperator>
                                                        <Intrinsic FunctionName="replace">
                                                          <ScalarOperator>
                                                            <Identifier>
                                                              <ColumnReference Column="@Databases" />
                                                            </Identifier>
                                                          </ScalarOperator>
                                                          <ScalarOperator>
                                                            <Const ConstValue="N', '" />
                                                          </ScalarOperator>
                                                          <ScalarOperator>
                                                            <Convert DataType="nvarchar(max)" Length="2147483647" Style="0" Implicit="1">
                                                              <ScalarOperator>
                                                                <Const ConstValue="','" />
                                                              </ScalarOperator>
                                                            </Convert>
                                                          </ScalarOperator>
                                                        </Intrinsic>
                                                      </ScalarOperator>
                                                      <ScalarOperator>
                                                        <Const ConstValue="" />
                                                      </ScalarOperator>
                                                    </Intrinsic>
                                                  </ScalarOperator>
                                                  <ScalarOperator>
                                                    <Const ConstValue="(0)" />
                                                  </ScalarOperator>
                                                </Compare>
                                              </ScalarOperator>
                                            </Condition>
                                            <Then>
                                              <ScalarOperator>
                                                <Identifier>
                                                  <ColumnReference Column="@Databases" />
                                                </Identifier>
                                              </ScalarOperator>
                                            </Then>
                                            <Else>
                                              <ScalarOperator>
                                                <Intrinsic FunctionName="substring">
                                                  <ScalarOperator>
                                                    <Intrinsic FunctionName="replace">
                                                      <ScalarOperator>
                                                        <Identifier>
                                                          <ColumnReference Column="@Databases" />
                                                        </Identifier>
                                                      </ScalarOperator>
                                                      <ScalarOperator>
                                                        <Const ConstValue="N', '" />
                                                      </ScalarOperator>
                                                      <ScalarOperator>
                                                        <Convert DataType="nvarchar(max)" Length="2147483647" Style="0" Implicit="1">
                                                          <ScalarOperator>
                                                            <Const ConstValue="','" />
                                                          </ScalarOperator>
                                                        </Convert>
                                                      </ScalarOperator>
                                                    </Intrinsic>
                                                  </ScalarOperator>
                                                  <ScalarOperator>
                                                    <Const ConstValue="(1)" />
                                                  </ScalarOperator>
                                                  <ScalarOperator>
                                                    <Arithmetic Operation="SUB">
                                                      <ScalarOperator>
                                                        <Intrinsic FunctionName="charindex">
                                                          <ScalarOperator>
                                                            <Const ConstValue="N','" />
                                                          </ScalarOperator>
                                                          <ScalarOperator>
                                                            <Intrinsic FunctionName="replace">
                                                              <ScalarOperator>
                                                                <Identifier>
                                                                  <ColumnReference Column="@Databases" />
                                                                </Identifier>
                                                              </ScalarOperator>
                                                              <ScalarOperator>
                                                                <Const ConstValue="N', '" />
                                                              </ScalarOperator>
                                                              <ScalarOperator>
                                                                <Convert DataType="nvarchar(max)" Length="2147483647" Style="0" Implicit="1">
                                                                  <ScalarOperator>
                                                                    <Const ConstValue="','" />
                                                                  </ScalarOperator>
                                                                </Convert>
                                                              </ScalarOperator>
                                                            </Intrinsic>
                                                          </ScalarOperator>
                                                          <ScalarOperator>
                                                            <Const ConstValue="" />
                                                          </ScalarOperator>
                                                        </Intrinsic>
                                                      </ScalarOperator>
                                                      <ScalarOperator>
                                                        <Const ConstValue="(1)" />
                                                      </ScalarOperator>
                                                    </Arithmetic>
                                                  </ScalarOperator>
                                                </Intrinsic>
                                              </ScalarOperator>
                                            </Else>
                                          </IF>
                                        </ScalarOperator>
                                      </DefinedValue>
                                      <DefinedValue>
                                        <ColumnReference Column="Expr1006" />
                                        <ScalarOperator ScalarString="CASE WHEN charindex(N',',replace([@Databases],N', ',CONVERT_IMPLICIT(nvarchar(max),',',0)))=(0) THEN CONVERT_IMPLICIT(nvarchar(max),'',0) ELSE substring(replace([@Databases],N', ',CONVERT_IMPLICIT(nvarchar(max),',',0)),charindex(N',',replace([@Databases],N', ',CONVERT_IMPLICIT(nvarchar(max),',',0)))+(1),len(replace([@Databases],N', ',CONVERT_IMPLICIT(nvarchar(max),',',0)))) END">
                                          <IF>
                                            <Condition>
                                              <ScalarOperator>
                                                <Compare CompareOp="EQ">
                                                  <ScalarOperator>
                                                    <Intrinsic FunctionName="charindex">
                                                      <ScalarOperator>
                                                        <Const ConstValue="N','" />
                                                      </ScalarOperator>
                                                      <ScalarOperator>
                                                        <Intrinsic FunctionName="replace">
                                                          <ScalarOperator>
                                                            <Identifier>
                                                              <ColumnReference Column="@Databases" />
                                                            </Identifier>
                                                          </ScalarOperator>
                                                          <ScalarOperator>
                                                            <Const ConstValue="N', '" />
                                                          </ScalarOperator>
                                                          <ScalarOperator>
                                                            <Convert DataType="nvarchar(max)" Length="2147483647" Style="0" Implicit="1">
                                                              <ScalarOperator>
                                                                <Const ConstValue="','" />
                                                              </ScalarOperator>
                                                            </Convert>
                                                          </ScalarOperator>
                                                        </Intrinsic>
                                                      </ScalarOperator>
                                                      <ScalarOperator>
                                                        <Const ConstValue="" />
                                                      </ScalarOperator>
                                                    </Intrinsic>
                                                  </ScalarOperator>
                                                  <ScalarOperator>
                                                    <Const ConstValue="(0)" />
                                                  </ScalarOperator>
                                                </Compare>
                                              </ScalarOperator>
                                            </Condition>
                                            <Then>
                                              <ScalarOperator>
                                                <Convert DataType="nvarchar(max)" Length="2147483647" Style="0" Implicit="1">
                                                  <ScalarOperator>
                                                    <Const ConstValue="''" />
                                                  </ScalarOperator>
                                                </Convert>
                                              </ScalarOperator>
                                            </Then>
                                            <Else>
                                              <ScalarOperator>
                                                <Intrinsic FunctionName="substring">
                                                  <ScalarOperator>
                                                    <Intrinsic FunctionName="replace">
                                                      <ScalarOperator>
                                                        <Identifier>
                                                          <ColumnReference Column="@Databases" />
                                                        </Identifier>
                                                      </ScalarOperator>
                                                      <ScalarOperator>
                                                        <Const ConstValue="N', '" />
                                                      </ScalarOperator>
                                                      <ScalarOperator>
                                                        <Convert DataType="nvarchar(max)" Length="2147483647" Style="0" Implicit="1">
                                                          <ScalarOperator>
                                                            <Const ConstValue="','" />
                                                          </ScalarOperator>
                                                        </Convert>
                                                      </ScalarOperator>
                                                    </Intrinsic>
                                                  </ScalarOperator>
                                                  <ScalarOperator>
                                                    <Arithmetic Operation="ADD">
                                                      <ScalarOperator>
                                                        <Intrinsic FunctionName="charindex">
                                                          <ScalarOperator>
                                                            <Const ConstValue="N','" />
                                                          </ScalarOperator>
                                                          <ScalarOperator>
                                                            <Intrinsic FunctionName="replace">
                                                              <ScalarOperator>
                                                                <Identifier>
                                                                  <ColumnReference Column="@Databases" />
                                                                </Identifier>
                                                              </ScalarOperator>
                                                              <ScalarOperator>
                                                                <Const ConstValue="N', '" />
                                                              </ScalarOperator>
                                                              <ScalarOperator>
                                                                <Convert DataType="nvarchar(max)" Length="2147483647" Style="0" Implicit="1">
                                                                  <ScalarOperator>
                                                                    <Const ConstValue="','" />
                                                                  </ScalarOperator>
                                                                </Convert>
                                                              </ScalarOperator>
                                                            </Intrinsic>
                                                          </ScalarOperator>
                                                          <ScalarOperator>
                                                            <Const ConstValue="" />
                                                          </ScalarOperator>
                                                        </Intrinsic>
                                                      </ScalarOperator>
                                                      <ScalarOperator>
                                                        <Const ConstValue="(1)" />
                                                      </ScalarOperator>
                                                    </Arithmetic>
                                                  </ScalarOperator>
                                                  <ScalarOperator>
                                                    <Intrinsic FunctionName="len">
                                                      <ScalarOperator>
                                                        <Intrinsic FunctionName="replace">
                                                          <ScalarOperator>
                                                            <Identifier>
                                                              <ColumnReference Column="@Databases" />
                                                            </Identifier>
                                                          </ScalarOperator>
                                                          <ScalarOperator>
                                                            <Const ConstValue="N', '" />
                                                          </ScalarOperator>
                                                          <ScalarOperator>
                                                            <Convert DataType="nvarchar(max)" Length="2147483647" Style="0" Implicit="1">
                                                              <ScalarOperator>
                                                                <Const ConstValue="','" />
                                                              </ScalarOperator>
                                                            </Convert>
                                                          </ScalarOperator>
                                                        </Intrinsic>
                                                      </ScalarOperator>
                                                    </Intrinsic>
                                                  </ScalarOperator>
                                                </Intrinsic>
                                              </ScalarOperator>
                                            </Else>
                                          </IF>
                                        </ScalarOperator>
                                      </DefinedValue>
                                      <DefinedValue>
                                        <ColumnReference Column="Expr1007" />
                                        <ScalarOperator ScalarString="CASE WHEN charindex(N',',replace([@Databases],N', ',CONVERT_IMPLICIT(nvarchar(max),',',0)))=(0) THEN (0) ELSE (1) END">
                                          <IF>
                                            <Condition>
                                              <ScalarOperator>
                                                <Compare CompareOp="EQ">
                                                  <ScalarOperator>
                                                    <Intrinsic FunctionName="charindex">
                                                      <ScalarOperator>
                                                        <Const ConstValue="N','" />
                                                      </ScalarOperator>
                                                      <ScalarOperator>
                                                        <Intrinsic FunctionName="replace">
                                                          <ScalarOperator>
                                                            <Identifier>
                                                              <ColumnReference Column="@Databases" />
                                                            </Identifier>
                                                          </ScalarOperator>
                                                          <ScalarOperator>
                                                            <Const ConstValue="N', '" />
                                                          </ScalarOperator>
                                                          <ScalarOperator>
                                                            <Convert DataType="nvarchar(max)" Length="2147483647" Style="0" Implicit="1">
                                                              <ScalarOperator>
                                                                <Const ConstValue="','" />
                                                              </ScalarOperator>
                                                            </Convert>
                                                          </ScalarOperator>
                                                        </Intrinsic>
                                                      </ScalarOperator>
                                                      <ScalarOperator>
                                                        <Const ConstValue="" />
                                                      </ScalarOperator>
                                                    </Intrinsic>
                                                  </ScalarOperator>
                                                  <ScalarOperator>
                                                    <Const ConstValue="(0)" />
                                                  </ScalarOperator>
                                                </Compare>
                                              </ScalarOperator>
                                            </Condition>
                                            <Then>
                                              <ScalarOperator>
                                                <Const ConstValue="(0)" />
                                              </ScalarOperator>
                                            </Then>
                                            <Else>
                                              <ScalarOperator>
                                                <Const ConstValue="(1)" />
                                              </ScalarOperator>
                                            </Else>
                                          </IF>
                                        </ScalarOperator>
                                      </DefinedValue>
                                    </DefinedValues>
                                    <RelOp NodeId="6" PhysicalOp="Filter" LogicalOp="Filter" EstimateRows="1" EstimateIO="0" EstimateCPU="4.8e-007" AvgRowSize="9" EstimatedTotalSubtreeCost="1.637e-006" Parallel="0" EstimateRebinds="0" EstimateRewinds="0" EstimatedExecutionMode="Row">
                                      <OutputList />
                                      <Filter StartupExpression="1">
                                        <RelOp NodeId="7" PhysicalOp="Constant Scan" LogicalOp="Constant Scan" EstimateRows="1" EstimateIO="0" EstimateCPU="1.157e-006" AvgRowSize="9" EstimatedTotalSubtreeCost="1.157e-006" Parallel="0" EstimateRebinds="0" EstimateRewinds="0" EstimatedExecutionMode="Row">
                                          <OutputList />
                                          <ConstantScan />
                                        </RelOp>
                                        <Predicate>
                                          <ScalarOperator ScalarString="[@Databases] IS NOT NULL">
                                            <Compare CompareOp="IS NOT">
                                              <ScalarOperator>
                                                <Identifier>
                                                  <ColumnReference Column="@Databases" />
                                                </Identifier>
                                              </ScalarOperator>
                                              <ScalarOperator>
                                                <Const ConstValue="NULL" />
                                              </ScalarOperator>
                                            </Compare>
                                          </ScalarOperator>
                                        </Predicate>
                                      </Filter>
                                    </RelOp>
                                  </ComputeScalar>
                                </RelOp>
                              </ComputeScalar>
                            </RelOp>
                            <RelOp NodeId="19" PhysicalOp="Assert" LogicalOp="Assert" EstimateRows="2" EstimateIO="0" EstimateCPU="1.68e-007" AvgRowSize="4035" EstimatedTotalSubtreeCost="3.505e-006" Parallel="0" EstimateRebinds="2" EstimateRewinds="0" EstimatedExecutionMode="Row">
                              <OutputList>
                                <ColumnReference Column="Expr1036" />
                                <ColumnReference Column="Expr1011" />
                                <ColumnReference Column="Expr1012" />
                                <ColumnReference Column="Expr1013" />
                              </OutputList>
                              <Assert StartupExpression="0">
                                <RelOp NodeId="20" PhysicalOp="Nested Loops" LogicalOp="Inner Join" EstimateRows="2" EstimateIO="0" EstimateCPU="1.68e-007" AvgRowSize="4035" EstimatedTotalSubtreeCost="3.505e-006" Parallel="0" EstimateRebinds="2" EstimateRewinds="0" EstimatedExecutionMode="Row">
                                  <OutputList>
                                    <ColumnReference Column="Expr1036" />
                                    <ColumnReference Column="Expr1011" />
                                    <ColumnReference Column="Expr1012" />
                                    <ColumnReference Column="Expr1013" />
                                  </OutputList>
                                  <NestedLoops Optimized="0">
                                    <OuterReferences>
                                      <ColumnReference Column="Expr1036" />
                                      <ColumnReference Column="Recr1008" />
                                      <ColumnReference Column="Recr1009" />
                                      <ColumnReference Column="Recr1010" />
                                    </OuterReferences>
                                    <RelOp NodeId="21" PhysicalOp="Compute Scalar" LogicalOp="Compute Scalar" EstimateRows="1" EstimateIO="0" EstimateCPU="2e-008" AvgRowSize="4035" EstimatedTotalSubtreeCost="2e-008" Parallel="0" EstimateRebinds="2" EstimateRewinds="0" EstimatedExecutionMode="Row">
                                      <OutputList>
                                        <ColumnReference Column="Expr1036" />
                                        <ColumnReference Column="Recr1008" />
                                        <ColumnReference Column="Recr1009" />
                                        <ColumnReference Column="Recr1010" />
                                      </OutputList>
                                      <ComputeScalar>
                                        <DefinedValues>
                                          <DefinedValue>
                                            <ColumnReference Column="Expr1036" />
                                            <ScalarOperator ScalarString="[Expr1035]+(1)">
                                              <Arithmetic Operation="ADD">
                                                <ScalarOperator>
                                                  <Identifier>
                                                    <ColumnReference Column="Expr1035" />
                                                  </Identifier>
                                                </ScalarOperator>
                                                <ScalarOperator>
                                                  <Const ConstValue="(1)" />
                                                </ScalarOperator>
                                              </Arithmetic>
                                            </ScalarOperator>
                                          </DefinedValue>
                                        </DefinedValues>
                                        <RelOp NodeId="22" PhysicalOp="Table Spool" LogicalOp="Lazy Spool" EstimateRows="1" EstimateIO="0" EstimateCPU="2e-008" AvgRowSize="4035" EstimatedTotalSubtreeCost="2e-008" Parallel="0" EstimateRebinds="2" EstimateRewinds="0" EstimatedExecutionMode="Row">
                                          <OutputList>
                                            <ColumnReference Column="Expr1035" />
                                            <ColumnReference Column="Recr1008" />
                                            <ColumnReference Column="Recr1009" />
                                            <ColumnReference Column="Recr1010" />
                                          </OutputList>
                                          <Spool PrimaryNodeId="2" Stack="1" />
                                        </RelOp>
                                      </ComputeScalar>
                                    </RelOp>
                                    <RelOp NodeId="26" PhysicalOp="Compute Scalar" LogicalOp="Compute Scalar" EstimateRows="1" EstimateIO="0" EstimateCPU="1e-007" AvgRowSize="8065" EstimatedTotalSubtreeCost="3.317e-006" Parallel="0" EstimateRebinds="1" EstimateRewinds="0" EstimatedExecutionMode="Row">
                                      <OutputList>
                                        <ColumnReference Column="Expr1011" />
                                        <ColumnReference Column="Expr1012" />
                                        <ColumnReference Column="Expr1013" />
                                      </OutputList>
                                      <ComputeScalar>
                                        <DefinedValues>
                                          <DefinedValue>
                                            <ColumnReference Column="Expr1011" />
                                            <ScalarOperator ScalarString="CASE WHEN charindex(N',',[Recr1009])=(0) THEN [Recr1009] ELSE substring([Recr1009],(1),charindex(N',',[Recr1009])-(1)) END">
                                              <IF>
                                                <Condition>
                                                  <ScalarOperator>
                                                    <Compare CompareOp="EQ">
                                                      <ScalarOperator>
                                                        <Intrinsic FunctionName="charindex">
                                                          <ScalarOperator>
                                                            <Const ConstValue="N','" />
                                                          </ScalarOperator>
                                                          <ScalarOperator>
                                                            <Identifier>
                                                              <ColumnReference Column="Recr1009" />
                                                            </Identifier>
                                                          </ScalarOperator>
                                                          <ScalarOperator>
                                                            <Const ConstValue="" />
                                                          </ScalarOperator>
                                                        </Intrinsic>
                                                      </ScalarOperator>
                                                      <ScalarOperator>
                                                        <Const ConstValue="(0)" />
                                                      </ScalarOperator>
                                                    </Compare>
                                                  </ScalarOperator>
                                                </Condition>
                                                <Then>
                                                  <ScalarOperator>
                                                    <Identifier>
                                                      <ColumnReference Column="Recr1009" />
                                                    </Identifier>
                                                  </ScalarOperator>
                                                </Then>
                                                <Else>
                                                  <ScalarOperator>
                                                    <Intrinsic FunctionName="substring">
                                                      <ScalarOperator>
                                                        <Identifier>
                                                          <ColumnReference Column="Recr1009" />
                                                        </Identifier>
                                                      </ScalarOperator>
                                                      <ScalarOperator>
                                                        <Const ConstValue="(1)" />
                                                      </ScalarOperator>
                                                      <ScalarOperator>
                                                        <Arithmetic Operation="SUB">
                                                          <ScalarOperator>
                                                            <Intrinsic FunctionName="charindex">
                                                              <ScalarOperator>
                                                                <Const ConstValue="N','" />
                                                              </ScalarOperator>
                                                              <ScalarOperator>
                                                                <Identifier>
                                                                  <ColumnReference Column="Recr1009" />
                                                                </Identifier>
                                                              </ScalarOperator>
                                                              <ScalarOperator>
                                                                <Const ConstValue="" />
                                                              </ScalarOperator>
                                                            </Intrinsic>
                                                          </ScalarOperator>
                                                          <ScalarOperator>
                                                            <Const ConstValue="(1)" />
                                                          </ScalarOperator>
                                                        </Arithmetic>
                                                      </ScalarOperator>
                                                    </Intrinsic>
                                                  </ScalarOperator>
                                                </Else>
                                              </IF>
                                            </ScalarOperator>
                                          </DefinedValue>
                                          <DefinedValue>
                                            <ColumnReference Column="Expr1012" />
                                            <ScalarOperator ScalarString="CASE WHEN charindex(N',',[Recr1009])=(0) THEN CONVERT_IMPLICIT(nvarchar(max),'',0) ELSE substring([Recr1009],charindex(N',',[Recr1009])+(1),len([Recr1009])) END">
                                              <IF>
                                                <Condition>
                                                  <ScalarOperator>
                                                    <Compare CompareOp="EQ">
                                                      <ScalarOperator>
                                                        <Intrinsic FunctionName="charindex">
                                                          <ScalarOperator>
                                                            <Const ConstValue="N','" />
                                                          </ScalarOperator>
                                                          <ScalarOperator>
                                                            <Identifier>
                                                              <ColumnReference Column="Recr1009" />
                                                            </Identifier>
                                                          </ScalarOperator>
                                                          <ScalarOperator>
                                                            <Const ConstValue="" />
                                                          </ScalarOperator>
                                                        </Intrinsic>
                                                      </ScalarOperator>
                                                      <ScalarOperator>
                                                        <Const ConstValue="(0)" />
                                                      </ScalarOperator>
                                                    </Compare>
                                                  </ScalarOperator>
                                                </Condition>
                                                <Then>
                                                  <ScalarOperator>
                                                    <Convert DataType="nvarchar(max)" Length="2147483647" Style="0" Implicit="1">
                                                      <ScalarOperator>
                                                        <Const ConstValue="''" />
                                                      </ScalarOperator>
                                                    </Convert>
                                                  </ScalarOperator>
                                                </Then>
                                                <Else>
                                                  <ScalarOperator>
                                                    <Intrinsic FunctionName="substring">
                                                      <ScalarOperator>
                                                        <Identifier>
                                                          <ColumnReference Column="Recr1009" />
                                                        </Identifier>
                                                      </ScalarOperator>
                                                      <ScalarOperator>
                                                        <Arithmetic Operation="ADD">
                                                          <ScalarOperator>
                                                            <Intrinsic FunctionName="charindex">
                                                              <ScalarOperator>
                                                                <Const ConstValue="N','" />
                                                              </ScalarOperator>
                                                              <ScalarOperator>
                                                                <Identifier>
                                                                  <ColumnReference Column="Recr1009" />
                                                                </Identifier>
                                                              </ScalarOperator>
                                                              <ScalarOperator>
                                                                <Const ConstValue="" />
                                                              </ScalarOperator>
                                                            </Intrinsic>
                                                          </ScalarOperator>
                                                          <ScalarOperator>
                                                            <Const ConstValue="(1)" />
                                                          </ScalarOperator>
                                                        </Arithmetic>
                                                      </ScalarOperator>
                                                      <ScalarOperator>
                                                        <Intrinsic FunctionName="len">
                                                          <ScalarOperator>
                                                            <Identifier>
                                                              <ColumnReference Column="Recr1009" />
                                                            </Identifier>
                                                          </ScalarOperator>
                                                        </Intrinsic>
                                                      </ScalarOperator>
                                                    </Intrinsic>
                                                  </ScalarOperator>
                                                </Else>
                                              </IF>
                                            </ScalarOperator>
                                          </DefinedValue>
                                          <DefinedValue>
                                            <ColumnReference Column="Expr1013" />
                                            <ScalarOperator ScalarString="CASE WHEN charindex(N',',[Recr1009])=(0) THEN (0) ELSE (1) END">
                                              <IF>
                                                <Condition>
                                                  <ScalarOperator>
                                                    <Compare CompareOp="EQ">
                                                      <ScalarOperator>
                                                        <Intrinsic FunctionName="charindex">
                                                          <ScalarOperator>
                                                            <Const ConstValue="N','" />
                                                          </ScalarOperator>
                                                          <ScalarOperator>
                                                            <Identifier>
                                                              <ColumnReference Column="Recr1009" />
                                                            </Identifier>
                                                          </ScalarOperator>
                                                          <ScalarOperator>
                                                            <Const ConstValue="" />
                                                          </ScalarOperator>
                                                        </Intrinsic>
                                                      </ScalarOperator>
                                                      <ScalarOperator>
                                                        <Const ConstValue="(0)" />
                                                      </ScalarOperator>
                                                    </Compare>
                                                  </ScalarOperator>
                                                </Condition>
                                                <Then>
                                                  <ScalarOperator>
                                                    <Const ConstValue="(0)" />
                                                  </ScalarOperator>
                                                </Then>
                                                <Else>
                                                  <ScalarOperator>
                                                    <Const ConstValue="(1)" />
                                                  </ScalarOperator>
                                                </Else>
                                              </IF>
                                            </ScalarOperator>
                                          </DefinedValue>
                                        </DefinedValues>
                                        <RelOp NodeId="27" PhysicalOp="Filter" LogicalOp="Filter" EstimateRows="1" EstimateIO="0" EstimateCPU="4.8e-007" AvgRowSize="9" EstimatedTotalSubtreeCost="3.117e-006" Parallel="0" EstimateRebinds="1" EstimateRewinds="0" EstimatedExecutionMode="Row">
                                          <OutputList />
                                          <Filter StartupExpression="1">
                                            <RelOp NodeId="28" PhysicalOp="Constant Scan" LogicalOp="Constant Scan" EstimateRows="1" EstimateIO="0" EstimateCPU="1.157e-006" AvgRowSize="9" EstimatedTotalSubtreeCost="2.157e-006" Parallel="0" EstimateRebinds="0" EstimateRewinds="1" EstimatedExecutionMode="Row">
                                              <OutputList />
                                              <ConstantScan />
                                            </RelOp>
                                            <Predicate>
                                              <ScalarOperator ScalarString="[Recr1010]=(1)">
                                                <Compare CompareOp="EQ">
                                                  <ScalarOperator>
                                                    <Identifier>
                                                      <ColumnReference Column="Recr1010" />
                                                    </Identifier>
                                                  </ScalarOperator>
                                                  <ScalarOperator>
                                                    <Const ConstValue="(1)" />
                                                  </ScalarOperator>
                                                </Compare>
                                              </ScalarOperator>
                                            </Predicate>
                                          </Filter>
                                        </RelOp>
                                      </ComputeScalar>
                                    </RelOp>
                                  </NestedLoops>
                                </RelOp>
                                <Predicate>
                                  <ScalarOperator ScalarString="CASE WHEN [Expr1036]&gt;(100) THEN (0) ELSE NULL END">
                                    <IF>
                                      <Condition>
                                        <ScalarOperator>
                                          <Compare CompareOp="GT">
                                            <ScalarOperator>
                                              <Identifier>
                                                <ColumnReference Column="Expr1036" />
                                              </Identifier>
                                            </ScalarOperator>
                                            <ScalarOperator>
                                              <Const ConstValue="(100)" />
                                            </ScalarOperator>
                                          </Compare>
                                        </ScalarOperator>
                                      </Condition>
                                      <Then>
                                        <ScalarOperator>
                                          <Const ConstValue="(0)" />
                                        </ScalarOperator>
                                      </Then>
                                      <Else>
                                        <ScalarOperator>
                                          <Const ConstValue="NULL" />
                                        </ScalarOperator>
                                      </Else>
                                    </IF>
                                  </ScalarOperator>
                                </Predicate>
                              </Assert>
                            </RelOp>
                          </Concat>
                        </RelOp>
                      </Spool>
                    </RelOp>
                  </ComputeScalar>
                </RelOp>
              </Update>
            </RelOp>
            <ParameterList>
              <ColumnReference Column="@Databases" ParameterCompiledValue="N'OurLabReporting'" />
            </ParameterList>
          </QueryPlan>
        </StmtSimple>
        <StmtSimple StatementText=" INSERT INTO @tmpDatabases (DatabaseName, DatabaseType, Selected, Completed)&#xD;&#xA;  SELECT [name] AS DatabaseName,&#xD;&#xA;         CASE WHEN name IN('master','msdb','model') THEN 'S' ELSE 'U' END AS DatabaseType,&#xD;&#xA;         0 AS Selected,&#xD;&#xA;         0 AS Completed&#xD;&#xA;  FROM sys.databases&#xD;&#xA;  WHERE [name] &lt;&gt; 'tempdb'&#xD;&#xA;  AND source_database_id IS NULL&#xD;&#xA;  ORDER BY [name] ASC&#xD;&#xA;&#xD;&#xA; " StatementId="48" StatementCompId="59" StatementType="INSERT" RetrievedFromCache="true" StatementSubTreeCost="0.501315" StatementEstRows="133.3" StatementOptmLevel="FULL" QueryHash="0x3C82B6317FA6E32C" QueryPlanHash="0xC4ED3E1F7C77E21A" StatementOptmEarlyAbortReason="TimeOut">
          <StatementSetOptions QUOTED_IDENTIFIER="false" ARITHABORT="false" CONCAT_NULL_YIELDS_NULL="true" ANSI_NULLS="true" ANSI_PADDING="true" ANSI_WARNINGS="true" NUMERIC_ROUNDABORT="false" />
          <QueryPlan NonParallelPlanReason="MaxDOPSetToOne" CachedPlanSize="136" CompileTime="48" CompileCPU="48" CompileMemory="2528">
            <Warnings>
              <PlanAffectingConvert ConvertIssue="Cardinality Estimate" Expression="CONVERT_IMPLICIT(nvarchar(max),[Expr1082],0)" />
            </Warnings>
            <MemoryGrantInfo SerialRequiredMemory="1536" SerialDesiredMemory="1600" />
            <OptimizerHardwareDependentProperties EstimatedAvailableMemoryGrant="193313" EstimatedPagesCached="773254" EstimatedAvailableDegreeOfParallelism="1" />
            <RelOp NodeId="0" PhysicalOp="Clustered Index Insert" LogicalOp="Insert" EstimateRows="133.3" EstimateIO="0.45512" EstimateCPU="0.0001333" AvgRowSize="9" EstimatedTotalSubtreeCost="0.501315" Parallel="0" EstimateRebinds="0" EstimateRewinds="0" EstimatedExecutionMode="Row">
              <OutputList />
              <Update DMLRequestSort="0">
                <Object Table="[@tmpDatabases]" Index="[PK__#B402F73__0861D20E581FED79]" />
                <SetPredicate>
                  <ScalarOperator ScalarString="[DatabaseName] = [Expr1086],[DatabaseType] = [Expr1087],[Selected] = RaiseIfNullInsert([Expr1088]),[Completed] = RaiseIfNullInsert([Expr1089]),[ID] = [Expr1085]">
                    <ScalarExpressionList>
                      <ScalarOperator>
                        <MultipleAssign>
                          <Assign>
                            <ColumnReference Column="DatabaseName" />
                            <ScalarOperator>
                              <Identifier>
                                <ColumnReference Column="Expr1086" />
                              </Identifier>
                            </ScalarOperator>
                          </Assign>
                          <Assign>
                            <ColumnReference Column="DatabaseType" />
                            <ScalarOperator>
                              <Identifier>
                                <ColumnReference Column="Expr1087" />
                              </Identifier>
                            </ScalarOperator>
                          </Assign>
                          <Assign>
                            <ColumnReference Column="Selected" />
                            <ScalarOperator>
                              <Intrinsic FunctionName="RaiseIfNullInsert">
                                <ScalarOperator>
                                  <Identifier>
                                    <ColumnReference Column="Expr1088" />
                                  </Identifier>
                                </ScalarOperator>
                              </Intrinsic>
                            </ScalarOperator>
                          </Assign>
                          <Assign>
                            <ColumnReference Column="Completed" />
                            <ScalarOperator>
                              <Intrinsic FunctionName="RaiseIfNullInsert">
                                <ScalarOperator>
                                  <Identifier>
                                    <ColumnReference Column="Expr1089" />
                                  </Identifier>
                                </ScalarOperator>
                              </Intrinsic>
                            </ScalarOperator>
                          </Assign>
                          <Assign>
                            <ColumnReference Column="ID" />
                            <ScalarOperator>
                              <Identifier>
                                <ColumnReference Column="Expr1085" />
                              </Identifier>
                            </ScalarOperator>
                          </Assign>
                        </MultipleAssign>
                      </ScalarOperator>
                    </ScalarExpressionList>
                  </ScalarOperator>
                </SetPredicate>
                <RelOp NodeId="1" PhysicalOp="Compute Scalar" LogicalOp="Compute Scalar" EstimateRows="133.3" EstimateIO="0" EstimateCPU="1.333e-005" AvgRowSize="4110" EstimatedTotalSubtreeCost="0.0460615" Parallel="0" EstimateRebinds="0" EstimateRewinds="0" EstimatedExecutionMode="Row">
                  <OutputList>
                    <ColumnReference Column="Expr1085" />
                    <ColumnReference Column="Expr1086" />
                    <ColumnReference Column="Expr1087" />
                    <ColumnReference Column="Expr1088" />
                    <ColumnReference Column="Expr1089" />
                  </OutputList>
                  <ComputeScalar>
                    <DefinedValues>
                      <DefinedValue>
                        <ColumnReference Column="Expr1086" />
                        <ScalarOperator ScalarString="CONVERT_IMPLICIT(nvarchar(max),[master].[sys].[sysdbreg].[name] as [d].[name],0)">
                          <Convert DataType="nvarchar(max)" Length="2147483647" Style="0" Implicit="1">
                            <ScalarOperator>
                              <Identifier>
                                <ColumnReference Database="[master]" Schema="[sys]" Table="[sysdbreg]" Alias="[d]" Column="name" />
                              </Identifier>
                            </ScalarOperator>
                          </Convert>
                        </ScalarOperator>
                      </DefinedValue>
                      <DefinedValue>
                        <ColumnReference Column="Expr1087" />
                        <ScalarOperator ScalarString="CONVERT_IMPLICIT(nvarchar(max),[Expr1082],0)">
                          <Convert DataType="nvarchar(max)" Length="2147483647" Style="0" Implicit="1">
                            <ScalarOperator>
                              <Identifier>
                                <ColumnReference Column="Expr1082" />
                              </Identifier>
                            </ScalarOperator>
                          </Convert>
                        </ScalarOperator>
                      </DefinedValue>
                      <DefinedValue>
                        <ColumnReference Column="Expr1088" />
                        <ScalarOperator ScalarString="CONVERT_IMPLICIT(bit,[Expr1083],0)">
                          <Convert DataType="bit" Style="0" Implicit="1">
                            <ScalarOperator>
                              <Identifier>
                                <ColumnReference Column="Expr1083" />
                              </Identifier>
                            </ScalarOperator>
                          </Convert>
                        </ScalarOperator>
                      </DefinedValue>
                      <DefinedValue>
                        <ColumnReference Column="Expr1089" />
                        <ScalarOperator ScalarString="CONVERT_IMPLICIT(bit,[Expr1084],0)">
                          <Convert DataType="bit" Style="0" Implicit="1">
                            <ScalarOperator>
                              <Identifier>
                                <ColumnReference Column="Expr1084" />
                              </Identifier>
                            </ScalarOperator>
                          </Convert>
                        </ScalarOperator>
                      </DefinedValue>
                    </DefinedValues>
                    <RelOp NodeId="2" PhysicalOp="Compute Scalar" LogicalOp="Compute Scalar" EstimateRows="133.3" EstimateIO="0" EstimateCPU="1.333e-005" AvgRowSize="36" EstimatedTotalSubtreeCost="0.0460482" Parallel="0" EstimateRebinds="0" EstimateRewinds="0" EstimatedExecutionMode="Row">
                      <OutputList>
                        <ColumnReference Database="[master]" Schema="[sys]" Table="[sysdbreg]" Alias="[d]" Column="name" />
                        <ColumnReference Column="Expr1082" />
                        <ColumnReference Column="Expr1083" />
                        <ColumnReference Column="Expr1084" />
                        <ColumnReference Column="Expr1085" />
                      </OutputList>
                      <ComputeScalar ComputeSequence="1">
                        <DefinedValues>
                          <DefinedValue>
                            <ColumnReference Column="Expr1085" />
                            <ScalarOperator ScalarString="getidentity((-1274874055),(2),N'@tmpDatabases')">
                              <Intrinsic FunctionName="getidentity">
                                <ScalarOperator>
                                  <Const ConstValue="(-1274874055)" />
                                </ScalarOperator>
                                <ScalarOperator>
                                  <Const ConstValue="(2)" />
                                </ScalarOperator>
                                <ScalarOperator>
                                  <Const ConstValue="N'@tmpDatabases'" />
                                </ScalarOperator>
                              </Intrinsic>
                            </ScalarOperator>
                          </DefinedValue>
                        </DefinedValues>
                        <RelOp NodeId="3" PhysicalOp="Compute Scalar" LogicalOp="Compute Scalar" EstimateRows="133.3" EstimateIO="0" EstimateCPU="1.333e-005" AvgRowSize="32" EstimatedTotalSubtreeCost="0.0460348" Parallel="0" EstimateRebinds="0" EstimateRewinds="0" EstimatedExecutionMode="Row">
                          <OutputList>
                            <ColumnReference Database="[master]" Schema="[sys]" Table="[sysdbreg]" Alias="[d]" Column="name" />
                            <ColumnReference Column="Expr1082" />
                            <ColumnReference Column="Expr1083" />
                            <ColumnReference Column="Expr1084" />
                          </OutputList>
                          <ComputeScalar>
                            <DefinedValues>
                              <DefinedValue>
                                <ColumnReference Column="Expr1083" />
                                <ScalarOperator ScalarString="(0)">
                                  <Const ConstValue="(0)" />
                                </ScalarOperator>
                              </DefinedValue>
                              <DefinedValue>
                                <ColumnReference Column="Expr1084" />
                                <ScalarOperator ScalarString="(0)">
                                  <Const ConstValue="(0)" />
                                </ScalarOperator>
                              </DefinedValue>
                            </DefinedValues>
                            <RelOp NodeId="4" PhysicalOp="Sort" LogicalOp="Sort" EstimateRows="133.3" EstimateIO="0.0112613" EstimateCPU="0.00156783" AvgRowSize="24" EstimatedTotalSubtreeCost="0.0460215" Parallel="0" EstimateRebinds="0" EstimateRewinds="0" EstimatedExecutionMode="Row">
                              <OutputList>
                                <ColumnReference Database="[master]" Schema="[sys]" Table="[sysdbreg]" Alias="[d]" Column="name" />
                                <ColumnReference Column="Expr1082" />
                              </OutputList>
                              <MemoryFractions Input="0.5" Output="1" />
                              <Sort Distinct="0">
                                <OrderBy>
                                  <OrderByColumn Ascending="1">
                                    <ColumnReference Database="[master]" Schema="[sys]" Table="[sysdbreg]" Alias="[d]" Column="name" />
                                  </OrderByColumn>
                                </OrderBy>
                                <RelOp NodeId="5" PhysicalOp="Hash Match" LogicalOp="Right Outer Join" EstimateRows="133.3" EstimateIO="0" EstimateCPU="0.0184717" AvgRowSize="24" EstimatedTotalSubtreeCost="0.0331924" Parallel="0" EstimateRebinds="0" EstimateRewinds="0" EstimatedExecutionMode="Row">
                                  <OutputList>
                                    <ColumnReference Database="[master]" Schema="[sys]" Table="[sysdbreg]" Alias="[d]" Column="name" />
                                    <ColumnReference Column="Expr1082" />
                                  </OutputList>
                                  <MemoryFractions Input="1" Output="0.5" />
                                  <Hash>
                                    <DefinedValues />
                                    <HashKeysBuild>
                                      <ColumnReference Database="[master]" Schema="[sys]" Table="[sysobjvalues]" Alias="[coll]" Column="objid" />
                                    </HashKeysBuild>
                                    <HashKeysProbe>
                                      <ColumnReference Database="[master]" Schema="[sys]" Table="[sysdbreg]" Alias="[d]" Column="id" />
                                    </HashKeysProbe>
                                    <RelOp NodeId="6" PhysicalOp="Clustered Index Seek" LogicalOp="Clustered Index Seek" EstimateRows="1" EstimateIO="0.003125" EstimateCPU="0.0001581" AvgRowSize="15" EstimatedTotalSubtreeCost="0.0032831" TableCardinality="581" Parallel="0" EstimateRebinds="0" EstimateRewinds="0" EstimatedExecutionMode="Row">
                                      <OutputList>
                                        <ColumnReference Database="[master]" Schema="[sys]" Table="[sysobjvalues]" Alias="[coll]" Column="objid" />
                                      </OutputList>
                                      <IndexScan Ordered="1" ScanDirection="FORWARD" ForcedIndex="0" ForceSeek="0" ForceScan="0" NoExpandHint="0" Storage="RowStore">
                                        <DefinedValues>
                                          <DefinedValue>
                                            <ColumnReference Database="[master]" Schema="[sys]" Table="[sysobjvalues]" Alias="[coll]" Column="objid" />
                                          </DefinedValue>
                                        </DefinedValues>
                                        <Object Database="[master]" Schema="[sys]" Table="[sysobjvalues]" Index="[clst]" Alias="[coll]" IndexKind="Clustered" />
                                        <SeekPredicates>
                                          <SeekPredicateNew>
                                            <SeekKeys>
                                              <Prefix ScanType="EQ">
                                                <RangeColumns>
                                                  <ColumnReference Database="[master]" Schema="[sys]" Table="[sysobjvalues]" Alias="[coll]" Column="valclass" />
                                                </RangeColumns>
                                                <RangeExpressions>
                                                  <ScalarOperator ScalarString="(102)">
                                                    <Const ConstValue="(102)" />
                                                  </ScalarOperator>
                                                </RangeExpressions>
                                              </Prefix>
                                              <EndRange ScanType="LT">
                                                <RangeColumns>
                                                  <ColumnReference Database="[master]" Schema="[sys]" Table="[sysobjvalues]" Alias="[coll]" Column="objid" />
                                                </RangeColumns>
                                                <RangeExpressions>
                                                  <ScalarOperator ScalarString="(32767)">
                                                    <Const ConstValue="(32767)" />
                                                  </ScalarOperator>
                                                </RangeExpressions>
                                              </EndRange>
                                            </SeekKeys>
                                          </SeekPredicateNew>
                                        </SeekPredicates>
                                        <Predicate>
                                          <ScalarOperator ScalarString="[master].[sys].[sysobjvalues].[subobjid] as [coll].[subobjid]=(0)">
                                            <Compare CompareOp="EQ">
                                              <ScalarOperator>
                                                <Identifier>
                                                  <ColumnReference Database="[master]" Schema="[sys]" Table="[sysobjvalues]" Alias="[coll]" Column="subobjid" />
                                                </Identifier>
                                              </ScalarOperator>
                                              <ScalarOperator>
                                                <Const ConstValue="(0)" />
                                              </ScalarOperator>
                                            </Compare>
                                          </ScalarOperator>
                                        </Predicate>
                                      </IndexScan>
                                    </RelOp>
                                    <RelOp NodeId="7" PhysicalOp="Nested Loops" LogicalOp="Left Outer Join" EstimateRows="133.3" EstimateIO="0" EstimateCPU="0.00176531" AvgRowSize="28" EstimatedTotalSubtreeCost="0.0114341" Parallel="0" EstimateRebinds="0" EstimateRewinds="0" EstimatedExecutionMode="Row">
                                      <OutputList>
                                        <ColumnReference Database="[master]" Schema="[sys]" Table="[sysdbreg]" Alias="[d]" Column="id" />
                                        <ColumnReference Database="[master]" Schema="[sys]" Table="[sysdbreg]" Alias="[d]" Column="name" />
                                        <ColumnReference Column="Expr1082" />
                                      </OutputList>
                                      <NestedLoops Optimized="0">
                                        <OuterReferences>
                                          <ColumnReference Table="[DBPROP]" Column="default_fulltext_language" />
                                        </OuterReferences>
                                        <RelOp NodeId="8" PhysicalOp="Nested Loops" LogicalOp="Left Outer Join" EstimateRows="21.5" EstimateIO="0" EstimateCPU="0.000294276" AvgRowSize="32" EstimatedTotalSubtreeCost="0.00798219" Parallel="0" EstimateRebinds="0" EstimateRewinds="0" EstimatedExecutionMode="Row">
                                          <OutputList>
                                            <ColumnReference Database="[master]" Schema="[sys]" Table="[sysdbreg]" Alias="[d]" Column="id" />
                                            <ColumnReference Database="[master]" Schema="[sys]" Table="[sysdbreg]" Alias="[d]" Column="name" />
                                            <ColumnReference Table="[DBPROP]" Column="default_fulltext_language" />
                                            <ColumnReference Column="Expr1082" />
                                          </OutputList>
                                          <NestedLoops Optimized="0">
                                            <OuterReferences>
                                              <ColumnReference Table="[DBPROP]" Column="default_language" />
                                            </OuterReferences>
                                            <RelOp NodeId="9" PhysicalOp="Filter" LogicalOp="Filter" EstimateRows="5" EstimateIO="0" EstimateCPU="2.88e-006" AvgRowSize="36" EstimatedTotalSubtreeCost="0.00743616" Parallel="0" EstimateRebinds="0" EstimateRewinds="0" EstimatedExecutionMode="Row">
                                              <OutputList>
                                                <ColumnReference Database="[master]" Schema="[sys]" Table="[sysdbreg]" Alias="[d]" Column="id" />
                                                <ColumnReference Database="[master]" Schema="[sys]" Table="[sysdbreg]" Alias="[d]" Column="name" />
                                                <ColumnReference Table="[DBPROP]" Column="default_language" />
                                                <ColumnReference Table="[DBPROP]" Column="default_fulltext_language" />
                                                <ColumnReference Column="Expr1082" />
                                              </OutputList>
                                              <Filter StartupExpression="0">
                                                <RelOp NodeId="10" PhysicalOp="Nested Loops" LogicalOp="Left Outer Join" EstimateRows="6" EstimateIO="0" EstimateCPU="2.508e-005" AvgRowSize="40" EstimatedTotalSubtreeCost="0.00743328" Parallel="0" EstimateRebinds="0" EstimateRewinds="0" EstimatedExecutionMode="Row">
                                                  <OutputList>
                                                    <ColumnReference Database="[master]" Schema="[sys]" Table="[sysdbreg]" Alias="[d]" Column="id" />
                                                    <ColumnReference Database="[master]" Schema="[sys]" Table="[sysdbreg]" Alias="[d]" Column="name" />
                                                    <ColumnReference Table="[DBPROP]" Column="default_language" />
                                                    <ColumnReference Table="[DBPROP]" Column="default_fulltext_language" />
                                                    <ColumnReference Database="[master]" Schema="[sys]" Table="[syssingleobjrefs]" Alias="[r]" Column="indepid" />
                                                    <ColumnReference Column="Expr1082" />
                                                  </OutputList>
                                                  <NestedLoops Optimized="0">
                                                    <OuterReferences>
                                                      <ColumnReference Database="[master]" Schema="[sys]" Table="[sysdbreg]" Alias="[d]" Column="id" />
                                                    </OuterReferences>
                                                    <RelOp NodeId="11" PhysicalOp="Nested Loops" LogicalOp="Left Outer Join" EstimateRows="6" EstimateIO="0" EstimateCPU="2.508e-005" AvgRowSize="36" EstimatedTotalSubtreeCost="0.00333172" Parallel="0" EstimateRebinds="0" EstimateRewinds="0" EstimatedExecutionMode="Row">
                                                      <OutputList>
                                                        <ColumnReference Database="[master]" Schema="[sys]" Table="[sysdbreg]" Alias="[d]" Column="id" />
                                                        <ColumnReference Database="[master]" Schema="[sys]" Table="[sysdbreg]" Alias="[d]" Column="name" />
                                                        <ColumnReference Table="[DBPROP]" Column="default_language" />
                                                        <ColumnReference Table="[DBPROP]" Column="default_fulltext_language" />
                                                        <ColumnReference Column="Expr1082" />
                                                      </OutputList>
                                                      <NestedLoops Optimized="0">
                                                        <OuterReferences>
                                                          <ColumnReference Database="[master]" Schema="[sys]" Table="[sysdbreg]" Alias="[d]" Column="id" />
                                                        </OuterReferences>
                                                        <RelOp NodeId="12" PhysicalOp="Compute Scalar" LogicalOp="Compute Scalar" EstimateRows="6" EstimateIO="0" EstimateCPU="6e-007" AvgRowSize="28" EstimatedTotalSubtreeCost="0.00330048" Parallel="0" EstimateRebinds="0" EstimateRewinds="0" EstimatedExecutionMode="Row">
                                                          <OutputList>
                                                            <ColumnReference Database="[master]" Schema="[sys]" Table="[sysdbreg]" Alias="[d]" Column="id" />
                                                            <ColumnReference Database="[master]" Schema="[sys]" Table="[sysdbreg]" Alias="[d]" Column="name" />
                                                            <ColumnReference Column="Expr1082" />
                                                          </OutputList>
                                                          <ComputeScalar>
                                                            <DefinedValues>
                                                              <DefinedValue>
                                                                <ColumnReference Column="Expr1082" />
                                                                <ScalarOperator ScalarString="CASE WHEN [master].[sys].[sysdbreg].[name] as [d].[name]=N'model' OR [master].[sys].[sysdbreg].[name] as [d].[name]=N'msdb' OR [master].[sys].[sysdbreg].[name] as [d].[name]=N'master' THEN 'S' ELSE 'U' END">
                                                                  <IF>
                                                                    <Condition>
                                                                      <ScalarOperator>
                                                                        <Logical Operation="OR">
                                                                          <ScalarOperator>
                                                                            <Compare CompareOp="EQ">
                                                                              <ScalarOperator>
                                                                                <Identifier>
                                                                                  <ColumnReference Database="[master]" Schema="[sys]" Table="[sysdbreg]" Alias="[d]" Column="name" />
                                                                                </Identifier>
                                                                              </ScalarOperator>
                                                                              <ScalarOperator>
                                                                                <Const ConstValue="N'model'" />
                                                                              </ScalarOperator>
                                                                            </Compare>
                                                                          </ScalarOperator>
                                                                          <ScalarOperator>
                                                                            <Compare CompareOp="EQ">
                                                                              <ScalarOperator>
                                                                                <Identifier>
                                                                                  <ColumnReference Database="[master]" Schema="[sys]" Table="[sysdbreg]" Alias="[d]" Column="name" />
                                                                                </Identifier>
                                                                              </ScalarOperator>
                                                                              <ScalarOperator>
                                                                                <Const ConstValue="N'msdb'" />
                                                                              </ScalarOperator>
                                                                            </Compare>
                                                                          </ScalarOperator>
                                                                          <ScalarOperator>
                                                                            <Compare CompareOp="EQ">
                                                                              <ScalarOperator>
                                                                                <Identifier>
                                                                                  <ColumnReference Database="[master]" Schema="[sys]" Table="[sysdbreg]" Alias="[d]" Column="name" />
                                                                                </Identifier>
                                                                              </ScalarOperator>
                                                                              <ScalarOperator>
                                                                                <Const ConstValue="N'master'" />
                                                                              </ScalarOperator>
                                                                            </Compare>
                                                                          </ScalarOperator>
                                                                        </Logical>
                                                                      </ScalarOperator>
                                                                    </Condition>
                                                                    <Then>
                                                                      <ScalarOperator>
                                                                        <Const ConstValue="'S'" />
                                                                      </ScalarOperator>
                                                                    </Then>
                                                                    <Else>
                                                                      <ScalarOperator>
                                                                        <Const ConstValue="'U'" />
                                                                      </ScalarOperator>
                                                                    </Else>
                                                                  </IF>
                                                                </ScalarOperator>
                                                              </DefinedValue>
                                                            </DefinedValues>
                                                            <RelOp NodeId="13" PhysicalOp="Filter" LogicalOp="Filter" EstimateRows="6" EstimateIO="0" EstimateCPU="1.128e-005" AvgRowSize="26" EstimatedTotalSubtreeCost="0.00329988" Parallel="0" EstimateRebinds="0" EstimateRewinds="0" EstimatedExecutionMode="Row">
                                                              <OutputList>
                                                                <ColumnReference Database="[master]" Schema="[sys]" Table="[sysdbreg]" Alias="[d]" Column="id" />
                                                                <ColumnReference Database="[master]" Schema="[sys]" Table="[sysdbreg]" Alias="[d]" Column="name" />
                                                              </OutputList>
                                                              <Filter StartupExpression="0">
                                                                <RelOp NodeId="14" PhysicalOp="Index Seek" LogicalOp="Index Seek" EstimateRows="6" EstimateIO="0.003125" EstimateCPU="0.0001636" AvgRowSize="26" EstimatedTotalSubtreeCost="0.0032886" TableCardinality="9" Parallel="0" EstimateRebinds="0" EstimateRewinds="0" EstimatedExecutionMode="Row">
                                                                  <OutputList>
                                                                    <ColumnReference Database="[master]" Schema="[sys]" Table="[sysdbreg]" Alias="[d]" Column="id" />
                                                                    <ColumnReference Database="[master]" Schema="[sys]" Table="[sysdbreg]" Alias="[d]" Column="name" />
                                                                  </OutputList>
                                                                  <IndexScan Ordered="1" ScanDirection="FORWARD" ForcedIndex="0" ForceSeek="0" ForceScan="0" NoExpandHint="0" Storage="RowStore">
                                                                    <DefinedValues>
                                                                      <DefinedValue>
                                                                        <ColumnReference Database="[master]" Schema="[sys]" Table="[sysdbreg]" Alias="[d]" Column="id" />
                                                                      </DefinedValue>
                                                                      <DefinedValue>
                                                                        <ColumnReference Database="[master]" Schema="[sys]" Table="[sysdbreg]" Alias="[d]" Column="name" />
                                                                      </DefinedValue>
                                                                    </DefinedValues>
                                                                    <Object Database="[master]" Schema="[sys]" Table="[sysdbreg]" Index="[nc1]" Alias="[d]" IndexKind="NonClustered" />
                                                                    <SeekPredicates>
                                                                      <SeekPredicateNew>
                                                                        <SeekKeys>
                                                                          <EndRange ScanType="LT">
                                                                            <RangeColumns>
                                                                              <ColumnReference Database="[master]" Schema="[sys]" Table="[sysdbreg]" Alias="[d]" Column="name" />
                                                                            </RangeColumns>
                                                                            <RangeExpressions>
                                                                              <ScalarOperator ScalarString="N'tempdb'">
                                                                                <Const ConstValue="N'tempdb'" />
                                                                              </ScalarOperator>
                                                                            </RangeExpressions>
                                                                          </EndRange>
                                                                        </SeekKeys>
                                                                      </SeekPredicateNew>
                                                                      <SeekPredicateNew>
                                                                        <SeekKeys>
                                                                          <StartRange ScanType="GT">
                                                                            <RangeColumns>
                                                                              <ColumnReference Database="[master]" Schema="[sys]" Table="[sysdbreg]" Alias="[d]" Column="name" />
                                                                            </RangeColumns>
                                                                            <RangeExpressions>
                                                                              <ScalarOperator ScalarString="N'tempdb'">
                                                                                <Const ConstValue="N'tempdb'" />
                                                                              </ScalarOperator>
                                                                            </RangeExpressions>
                                                                          </StartRange>
                                                                        </SeekKeys>
                                                                      </SeekPredicateNew>
                                                                    </SeekPredicates>
                                                                    <Predicate>
                                                                      <ScalarOperator ScalarString="[master].[sys].[sysdbreg].[id] as [d].[id]&lt;(32767)">
                                                                        <Compare CompareOp="LT">
                                                                          <ScalarOperator>
                                                                            <Identifier>
                                                                              <ColumnReference Database="[master]" Schema="[sys]" Table="[sysdbreg]" Alias="[d]" Column="id" />
                                                                            </Identifier>
                                                                          </ScalarOperator>
                                                                          <ScalarOperator>
                                                                            <Const ConstValue="(32767)" />
                                                                          </ScalarOperator>
                                                                        </Compare>
                                                                      </ScalarOperator>
                                                                    </Predicate>
                                                                  </IndexScan>
                                                                </RelOp>
                                                                <Predicate>
                                                                  <ScalarOperator ScalarString="has_access('DB',CASE WHEN serverproperty('EngineEdition')=5 THEN CONVERT_IMPLICIT(int,db_id(),0) ELSE [master].[sys].[sysdbreg].[id] as [d].[id] END)=(1)">
                                                                    <Compare CompareOp="EQ">
                                                                      <ScalarOperator>
                                                                        <Intrinsic FunctionName="has_access">
                                                                          <ScalarOperator>
                                                                            <Const ConstValue="'DB'" />
                                                                          </ScalarOperator>
                                                                          <ScalarOperator>
                                                                            <IF>
                                                                              <Condition>
                                                                                <ScalarOperator>
                                                                                  <Compare CompareOp="EQ">
                                                                                    <ScalarOperator>
                                                                                      <Identifier>
                                                                                        <ColumnReference Column="ConstExpr1090">
                                                                                          <ScalarOperator>
                                                                                            <Intrinsic FunctionName="serverproperty">
                                                                                              <ScalarOperator>
                                                                                                <Const ConstValue="'EngineEdition'" />
                                                                                              </ScalarOperator>
                                                                                            </Intrinsic>
                                                                                          </ScalarOperator>
                                                                                        </ColumnReference>
                                                                                      </Identifier>
                                                                                    </ScalarOperator>
                                                                                    <ScalarOperator>
                                                                                      <Const ConstValue="5" />
                                                                                    </ScalarOperator>
                                                                                  </Compare>
                                                                                </ScalarOperator>
                                                                              </Condition>
                                                                              <Then>
                                                                                <ScalarOperator>
                                                                                  <Convert DataType="int" Style="0" Implicit="1">
                                                                                    <ScalarOperator>
                                                                                      <Identifier>
                                                                                        <ColumnReference Column="ConstExpr1091">
                                                                                          <ScalarOperator>
                                                                                            <Intrinsic FunctionName="db_id">
                                                                                              <ScalarOperator>
                                                                                                <Const ConstValue="" />
                                                                                              </ScalarOperator>
                                                                                            </Intrinsic>
                                                                                          </ScalarOperator>
                                                                                        </ColumnReference>
                                                                                      </Identifier>
                                                                                    </ScalarOperator>
                                                                                  </Convert>
                                                                                </ScalarOperator>
                                                                              </Then>
                                                                              <Else>
                                                                                <ScalarOperator>
                                                                                  <Identifier>
                                                                                    <ColumnReference Database="[master]" Schema="[sys]" Table="[sysdbreg]" Alias="[d]" Column="id" />
                                                                                  </Identifier>
                                                                                </ScalarOperator>
                                                                              </Else>
                                                                            </IF>
                                                                          </ScalarOperator>
                                                                          <ScalarOperator>
                                                                            <Const ConstValue="" />
                                                                          </ScalarOperator>
                                                                          <ScalarOperator>
                                                                            <Const ConstValue="" />
                                                                          </ScalarOperator>
                                                                        </Intrinsic>
                                                                      </ScalarOperator>
                                                                      <ScalarOperator>
                                                                        <Const ConstValue="(1)" />
                                                                      </ScalarOperator>
                                                                    </Compare>
                                                                  </ScalarOperator>
                                                                </Predicate>
                                                              </Filter>
                                                            </RelOp>
                                                          </ComputeScalar>
                                                        </RelOp>
                                                        <RelOp NodeId="19" PhysicalOp="Table-valued function" LogicalOp="Table-valued function" EstimateRows="1" EstimateIO="0" EstimateCPU="1.157e-006" AvgRowSize="15" EstimatedTotalSubtreeCost="6.157e-006" Parallel="0" EstimateRebinds="4.33333" EstimateRewinds="0.666667" EstimatedExecutionMode="Row">
                                                          <OutputList>
                                                            <ColumnReference Table="[DBPROP]" Column="default_language" />
                                                            <ColumnReference Table="[DBPROP]" Column="default_fulltext_language" />
                                                          </OutputList>
                                                          <TableValuedFunction>
                                                            <DefinedValues>
                                                              <DefinedValue>
                                                                <ColumnReference Table="[DBPROP]" Column="default_language" />
                                                              </DefinedValue>
                                                              <DefinedValue>
                                                                <ColumnReference Table="[DBPROP]" Column="default_fulltext_language" />
                                                              </DefinedValue>
                                                            </DefinedValues>
                                                            <Object Table="[DBPROP]" />
                                                            <ParameterList>
                                                              <ScalarOperator ScalarString="CASE WHEN serverproperty('EngineEdition')=5 THEN CONVERT_IMPLICIT(int,db_id(),0) ELSE [master].[sys].[sysdbreg].[id] as [d].[id] END">
                                                                <IF>
                                                                  <Condition>
                                                                    <ScalarOperator>
                                                                      <Compare CompareOp="EQ">
                                                                        <ScalarOperator>
                                                                          <Intrinsic FunctionName="serverproperty">
                                                                            <ScalarOperator>
                                                                              <Const ConstValue="'EngineEdition'" />
                                                                            </ScalarOperator>
                                                                          </Intrinsic>
                                                                        </ScalarOperator>
                                                                        <ScalarOperator>
                                                                          <Const ConstValue="5" />
                                                                        </ScalarOperator>
                                                                      </Compare>
                                                                    </ScalarOperator>
                                                                  </Condition>
                                                                  <Then>
                                                                    <ScalarOperator>
                                                                      <Convert DataType="int" Style="0" Implicit="1">
                                                                        <ScalarOperator>
                                                                          <Intrinsic FunctionName="db_id">
                                                                            <ScalarOperator>
                                                                              <Const ConstValue="" />
                                                                            </ScalarOperator>
                                                                          </Intrinsic>
                                                                        </ScalarOperator>
                                                                      </Convert>
                                                                    </ScalarOperator>
                                                                  </Then>
                                                                  <Else>
                                                                    <ScalarOperator>
                                                                      <Identifier>
                                                                        <ColumnReference Database="[master]" Schema="[sys]" Table="[sysdbreg]" Alias="[d]" Column="id" />
                                                                      </Identifier>
                                                                    </ScalarOperator>
                                                                  </Else>
                                                                </IF>
                                                              </ScalarOperator>
                                                            </ParameterList>
                                                          </TableValuedFunction>
                                                        </RelOp>
                                                      </NestedLoops>
                                                    </RelOp>
                                                    <RelOp NodeId="21" PhysicalOp="Clustered Index Seek" LogicalOp="Clustered Index Seek" EstimateRows="1" EstimateIO="0.003125" EstimateCPU="0.0001581" AvgRowSize="15" EstimatedTotalSubtreeCost="0.0040736" TableCardinality="193" Parallel="0" EstimateRebinds="4.33333" EstimateRewinds="0.666667" EstimatedExecutionMode="Row">
                                                      <OutputList>
                                                        <ColumnReference Database="[master]" Schema="[sys]" Table="[syssingleobjrefs]" Alias="[r]" Column="indepid" />
                                                      </OutputList>
                                                      <IndexScan Ordered="1" ScanDirection="FORWARD" ForcedIndex="0" ForceSeek="0" ForceScan="0" NoExpandHint="0" Storage="RowStore">
                                                        <DefinedValues>
                                                          <DefinedValue>
                                                            <ColumnReference Database="[master]" Schema="[sys]" Table="[syssingleobjrefs]" Alias="[r]" Column="indepid" />
                                                          </DefinedValue>
                                                        </DefinedValues>
                                                        <Object Database="[master]" Schema="[sys]" Table="[syssingleobjrefs]" Index="[clst]" Alias="[r]" IndexKind="Clustered" />
                                                        <SeekPredicates>
                                                          <SeekPredicateNew>
                                                            <SeekKeys>
                                                              <Prefix ScanType="EQ">
                                                                <RangeColumns>
                                                                  <ColumnReference Database="[master]" Schema="[sys]" Table="[syssingleobjrefs]" Alias="[r]" Column="depid" />
                                                                  <ColumnReference Database="[master]" Schema="[sys]" Table="[syssingleobjrefs]" Alias="[r]" Column="class" />
                                                                  <ColumnReference Database="[master]" Schema="[sys]" Table="[syssingleobjrefs]" Alias="[r]" Column="depsubid" />
                                                                </RangeColumns>
                                                                <RangeExpressions>
                                                                  <ScalarOperator ScalarString="[master].[sys].[sysdbreg].[id] as [d].[id]">
                                                                    <Identifier>
                                                                      <ColumnReference Database="[master]" Schema="[sys]" Table="[sysdbreg]" Alias="[d]" Column="id" />
                                                                    </Identifier>
                                                                  </ScalarOperator>
                                                                  <ScalarOperator ScalarString="(96)">
                                                                    <Const ConstValue="(96)" />
                                                                  </ScalarOperator>
                                                                  <ScalarOperator ScalarString="(0)">
                                                                    <Const ConstValue="(0)" />
                                                                  </ScalarOperator>
                                                                </RangeExpressions>
                                                              </Prefix>
                                                            </SeekKeys>
                                                          </SeekPredicateNew>
                                                        </SeekPredicates>
                                                        <Predicate>
                                                          <ScalarOperator ScalarString="[master].[sys].[syssingleobjrefs].[depid] as [r].[depid]&lt;(32767)">
                                                            <Compare CompareOp="LT">
                                                              <ScalarOperator>
                                                                <Identifier>
                                                                  <ColumnReference Database="[master]" Schema="[sys]" Table="[syssingleobjrefs]" Alias="[r]" Column="depid" />
                                                                </Identifier>
                                                              </ScalarOperator>
                                                              <ScalarOperator>
                                                                <Const ConstValue="(32767)" />
                                                              </ScalarOperator>
                                                            </Compare>
                                                          </ScalarOperator>
                                                        </Predicate>
                                                      </IndexScan>
                                                    </RelOp>
                                                  </NestedLoops>
                                                </RelOp>
                                                <Predicate>
                                                  <ScalarOperator ScalarString="[master].[sys].[syssingleobjrefs].[indepid] as [r].[indepid] IS NULL">
                                                    <Compare CompareOp="IS">
                                                      <ScalarOperator>
                                                        <Identifier>
                                                          <ColumnReference Database="[master]" Schema="[sys]" Table="[syssingleobjrefs]" Alias="[r]" Column="indepid" />
                                                        </Identifier>
                                                      </ScalarOperator>
                                                      <ScalarOperator>
                                                        <Const ConstValue="NULL" />
                                                      </ScalarOperator>
                                                    </Compare>
                                                  </ScalarOperator>
                                                </Predicate>
                                              </Filter>
                                            </RelOp>
                                            <RelOp NodeId="23" PhysicalOp="Filter" LogicalOp="Filter" EstimateRows="14.0802" EstimateIO="0" EstimateCPU="1.632e-005" AvgRowSize="9" EstimatedTotalSubtreeCost="0.000251757" Parallel="0" EstimateRebinds="4" EstimateRewinds="0" EstimatedExecutionMode="Row">
                                              <OutputList />
                                              <Filter StartupExpression="0">
                                                <RelOp NodeId="24" PhysicalOp="Table-valued function" LogicalOp="Table-valued function" EstimateRows="34" EstimateIO="0" EstimateCPU="3.4157e-005" AvgRowSize="11" EstimatedTotalSubtreeCost="0.000170157" Parallel="0" EstimateRebinds="0" EstimateRewinds="4" EstimatedExecutionMode="Row">
                                                  <OutputList>
                                                    <ColumnReference Table="[SYSLANG]" Column="lcid" />
                                                  </OutputList>
                                                  <TableValuedFunction>
                                                    <DefinedValues>
                                                      <DefinedValue>
                                                        <ColumnReference Table="[SYSLANG]" Column="lcid" />
                                                      </DefinedValue>
                                                    </DefinedValues>
                                                    <Object Table="[SYSLANG]" />
                                                    <ParameterList>
                                                      <ScalarOperator ScalarString="(0)">
                                                        <Const ConstValue="(0)" />
                                                      </ScalarOperator>
                                                      <ScalarOperator ScalarString="NULL">
                                                        <Const ConstValue="NULL" />
                                                      </ScalarOperator>
                                                      <ScalarOperator ScalarString="(0)">
                                                        <Const ConstValue="(0)" />
                                                      </ScalarOperator>
                                                      <ScalarOperator ScalarString="NULL">
                                                        <Const ConstValue="NULL" />
                                                      </ScalarOperator>
                                                      <ScalarOperator ScalarString="(0)">
                                                        <Const ConstValue="(0)" />
                                                      </ScalarOperator>
                                                      <ScalarOperator ScalarString="NULL">
                                                        <Const ConstValue="NULL" />
                                                      </ScalarOperator>
                                                    </ParameterList>
                                                  </TableValuedFunction>
                                                </RelOp>
                                                <Predicate>
                                                  <ScalarOperator ScalarString="SYSLANG.[lcid]=DBPROP.[default_language]">
                                                    <Compare CompareOp="EQ">
                                                      <ScalarOperator>
                                                        <Identifier>
                                                          <ColumnReference Table="[SYSLANG]" Column="lcid" />
                                                        </Identifier>
                                                      </ScalarOperator>
                                                      <ScalarOperator>
                                                        <Identifier>
                                                          <ColumnReference Table="[DBPROP]" Column="default_language" />
                                                        </Identifier>
                                                      </ScalarOperator>
                                                    </Compare>
                                                  </ScalarOperator>
                                                </Predicate>
                                              </Filter>
                                            </RelOp>
                                          </NestedLoops>
                                        </RelOp>
                                        <RelOp NodeId="32" PhysicalOp="Filter" LogicalOp="Filter" EstimateRows="19.643" EstimateIO="0" EstimateCPU="2.544e-005" AvgRowSize="9" EstimatedTotalSubtreeCost="0.00168662" Parallel="0" EstimateRebinds="19.35" EstimateRewinds="1.15" EstimatedExecutionMode="Row">
                                          <OutputList />
                                          <Filter StartupExpression="0">
                                            <RelOp NodeId="33" PhysicalOp="Table-valued function" LogicalOp="Table-valued function" EstimateRows="53" EstimateIO="0" EstimateCPU="5.3157e-005" AvgRowSize="11" EstimatedTotalSubtreeCost="0.00113966" Parallel="0" EstimateRebinds="0" EstimateRewinds="20.5" EstimatedExecutionMode="Row">
                                              <OutputList>
                                                <ColumnReference Table="[SYSFULLTEXTLANGUAGES]" Column="lcid" />
                                              </OutputList>
                                              <TableValuedFunction>
                                                <DefinedValues>
                                                  <DefinedValue>
                                                    <ColumnReference Table="[SYSFULLTEXTLANGUAGES]" Column="lcid" />
                                                  </DefinedValue>
                                                </DefinedValues>
                                                <Object Table="[SYSFULLTEXTLANGUAGES]" />
                                              </TableValuedFunction>
                                            </RelOp>
                                            <Predicate>
                                              <ScalarOperator ScalarString="SYSFULLTEXTLANGUAGES.[lcid]=DBPROP.[default_fulltext_language]">
                                                <Compare CompareOp="EQ">
                                                  <ScalarOperator>
                                                    <Identifier>
                                                      <ColumnReference Table="[SYSFULLTEXTLANGUAGES]" Column="lcid" />
                                                    </Identifier>
                                                  </ScalarOperator>
                                                  <ScalarOperator>
                                                    <Identifier>
                                                      <ColumnReference Table="[DBPROP]" Column="default_fulltext_language" />
                                                    </Identifier>
                                                  </ScalarOperator>
                                                </Compare>
                                              </ScalarOperator>
                                            </Predicate>
                                          </Filter>
                                        </RelOp>
                                      </NestedLoops>
                                    </RelOp>
                                  </Hash>
                                </RelOp>
                              </Sort>
                            </RelOp>
                          </ComputeScalar>
                        </RelOp>
                      </ComputeScalar>
                    </RelOp>
                  </ComputeScalar>
                </RelOp>
              </Update>
            </RelOp>
          </QueryPlan>
        </StmtSimple>
        <StmtSimple StatementText=" UPDATE tmpDatabases&#xD;&#xA;  SET tmpDatabases.Selected = SelectedDatabases.Selected&#xD;&#xA;  FROM @tmpDatabases tmpDatabases&#xD;&#xA;  INNER JOIN @SelectedDatabases SelectedDatabases&#xD;&#xA;  ON tmpDatabases.DatabaseName LIKE REPLACE(SelectedDatabases.DatabaseName,'_','[_]')&#xD;&#xA;  AND (tmpDatabases.DatabaseType = SelectedDatabases.DatabaseType OR SelectedDatabases.DatabaseType IS NULL)&#xD;&#xA;  WHERE SelectedDatabases.Selected = 1&#xD;&#xA;&#xD;&#xA; " StatementId="49" StatementCompId="60" StatementType="UPDATE" RetrievedFromCache="true" StatementSubTreeCost="0.0279907" StatementEstRows="1" StatementOptmLevel="FULL" QueryHash="0xD4BEBBF4709D3305" QueryPlanHash="0x2CA2401B69CDEC12" StatementOptmEarlyAbortReason="GoodEnoughPlanFound">
          <StatementSetOptions QUOTED_IDENTIFIER="false" ARITHABORT="false" CONCAT_NULL_YIELDS_NULL="true" ANSI_NULLS="true" ANSI_PADDING="true" ANSI_WARNINGS="true" NUMERIC_ROUNDABORT="false" />
          <QueryPlan NonParallelPlanReason="MaxDOPSetToOne" CachedPlanSize="32" CompileTime="10" CompileCPU="10" CompileMemory="384">
            <MemoryGrantInfo SerialRequiredMemory="512" SerialDesiredMemory="544" />
            <OptimizerHardwareDependentProperties EstimatedAvailableMemoryGrant="193313" EstimatedPagesCached="773254" EstimatedAvailableDegreeOfParallelism="1" />
            <RelOp NodeId="0" PhysicalOp="Clustered Index Update" LogicalOp="Update" EstimateRows="1" EstimateIO="0.01" EstimateCPU="1e-006" AvgRowSize="9" EstimatedTotalSubtreeCost="0.0279907" Parallel="0" EstimateRebinds="0" EstimateRewinds="0" EstimatedExecutionMode="Row">
              <OutputList />
              <Update DMLRequestSort="0">
                <Object Table="[@tmpDatabases]" Index="[PK__#B402F73__0861D20E581FED79]" Alias="[tmpDatabases]" />
                <SetPredicate>
                  <ScalarOperator ScalarString="@tmpDatabases.[Selected] as [tmpDatabases].[Selected] = @SelectedDatabases.[Selected] as [SelectedDatabases].[Selected]">
                    <ScalarExpressionList>
                      <ScalarOperator>
                        <MultipleAssign>
                          <Assign>
                            <ColumnReference Table="@tmpDatabases" Alias="[tmpDatabases]" Column="Selected" />
                            <ScalarOperator>
                              <Identifier>
                                <ColumnReference Table="@SelectedDatabases" Alias="[SelectedDatabases]" Column="Selected" />
                              </Identifier>
                            </ScalarOperator>
                          </Assign>
                        </MultipleAssign>
                      </ScalarOperator>
                    </ScalarExpressionList>
                  </ScalarOperator>
                </SetPredicate>
                <RelOp NodeId="1" PhysicalOp="Sort" LogicalOp="Distinct Sort" EstimateRows="1" EstimateIO="0.0112613" EstimateCPU="0.000100012" AvgRowSize="12" EstimatedTotalSubtreeCost="0.0179897" Parallel="0" EstimateRebinds="0" EstimateRewinds="0" EstimatedExecutionMode="Row">
                  <OutputList>
                    <ColumnReference Table="@tmpDatabases" Alias="[tmpDatabases]" Column="ID" />
                    <ColumnReference Table="@tmpDatabases" Alias="[tmpDatabases]" Column="Selected" />
                    <ColumnReference Table="@tmpDatabases" Alias="[tmpDatabases]" Column="Completed" />
                    <ColumnReference Table="@SelectedDatabases" Alias="[SelectedDatabases]" Column="Selected" />
                  </OutputList>
                  <MemoryFractions Input="1" Output="1" />
                  <Sort Distinct="1">
                    <OrderBy>
                      <OrderByColumn Ascending="1">
                        <ColumnReference Table="@tmpDatabases" Alias="[tmpDatabases]" Column="Selected" />
                      </OrderByColumn>
                      <OrderByColumn Ascending="1">
                        <ColumnReference Table="@tmpDatabases" Alias="[tmpDatabases]" Column="Completed" />
                      </OrderByColumn>
                      <OrderByColumn Ascending="1">
                        <ColumnReference Table="@tmpDatabases" Alias="[tmpDatabases]" Column="ID" />
                      </OrderByColumn>
                    </OrderBy>
                    <RelOp NodeId="2" PhysicalOp="Nested Loops" LogicalOp="Inner Join" EstimateRows="1" EstimateIO="0" EstimateCPU="2.926e-005" AvgRowSize="12" EstimatedTotalSubtreeCost="0.00662844" Parallel="0" EstimateRebinds="0" EstimateRewinds="0" EstimatedExecutionMode="Row">
                      <OutputList>
                        <ColumnReference Table="@tmpDatabases" Alias="[tmpDatabases]" Column="ID" />
                        <ColumnReference Table="@tmpDatabases" Alias="[tmpDatabases]" Column="Selected" />
                        <ColumnReference Table="@tmpDatabases" Alias="[tmpDatabases]" Column="Completed" />
                        <ColumnReference Table="@SelectedDatabases" Alias="[SelectedDatabases]" Column="Selected" />
                      </OutputList>
                      <NestedLoops Optimized="0">
                        <Predicate>
                          <ScalarOperator ScalarString="@tmpDatabases.[DatabaseName] as [tmpDatabases].[DatabaseName] like CONVERT_IMPLICIT(nvarchar(4000),replace(@SelectedDatabases.[DatabaseName] as [SelectedDatabases].[DatabaseName],N'_',CONVERT_IMPLICIT(nvarchar(max),'[_]',0)),0) AND (@tmpDatabases.[DatabaseType] as [tmpDatabases].[DatabaseType]=@SelectedDatabases.[DatabaseType] as [SelectedDatabases].[DatabaseType] OR @SelectedDatabases.[DatabaseType] as [SelectedDatabases].[DatabaseType] IS NULL)">
                            <Logical Operation="AND">
                              <ScalarOperator>
                                <Intrinsic FunctionName="like">
                                  <ScalarOperator>
                                    <Identifier>
                                      <ColumnReference Table="@tmpDatabases" Alias="[tmpDatabases]" Column="DatabaseName" />
                                    </Identifier>
                                  </ScalarOperator>
                                  <ScalarOperator>
                                    <Convert DataType="nvarchar" Length="8000" Style="0" Implicit="1">
                                      <ScalarOperator>
                                        <Intrinsic FunctionName="replace">
                                          <ScalarOperator>
                                            <Identifier>
                                              <ColumnReference Table="@SelectedDatabases" Alias="[SelectedDatabases]" Column="DatabaseName" />
                                            </Identifier>
                                          </ScalarOperator>
                                          <ScalarOperator>
                                            <Const ConstValue="N'_'" />
                                          </ScalarOperator>
                                          <ScalarOperator>
                                            <Identifier>
                                              <ColumnReference Column="ConstExpr1008">
                                                <ScalarOperator>
                                                  <Convert DataType="nvarchar(max)" Length="2147483647" Style="0" Implicit="1">
                                                    <ScalarOperator>
                                                      <Const ConstValue="'[_]'" />
                                                    </ScalarOperator>
                                                  </Convert>
                                                </ScalarOperator>
                                              </ColumnReference>
                                            </Identifier>
                                          </ScalarOperator>
                                        </Intrinsic>
                                      </ScalarOperator>
                                    </Convert>
                                  </ScalarOperator>
                                </Intrinsic>
                              </ScalarOperator>
                              <ScalarOperator>
                                <Logical Operation="OR">
                                  <ScalarOperator>
                                    <Compare CompareOp="EQ">
                                      <ScalarOperator>
                                        <Identifier>
                                          <ColumnReference Table="@tmpDatabases" Alias="[tmpDatabases]" Column="DatabaseType" />
                                        </Identifier>
                                      </ScalarOperator>
                                      <ScalarOperator>
                                        <Identifier>
                                          <ColumnReference Table="@SelectedDatabases" Alias="[SelectedDatabases]" Column="DatabaseType" />
                                        </Identifier>
                                      </ScalarOperator>
                                    </Compare>
                                  </ScalarOperator>
                                  <ScalarOperator>
                                    <Compare CompareOp="IS">
                                      <ScalarOperator>
                                        <Identifier>
                                          <ColumnReference Table="@SelectedDatabases" Alias="[SelectedDatabases]" Column="DatabaseType" />
                                        </Identifier>
                                      </ScalarOperator>
                                      <ScalarOperator>
                                        <Const ConstValue="NULL" />
                                      </ScalarOperator>
                                    </Compare>
                                  </ScalarOperator>
                                </Logical>
                              </ScalarOperator>
                            </Logical>
                          </ScalarOperator>
                        </Predicate>
                        <RelOp NodeId="3" PhysicalOp="Table Scan" LogicalOp="Table Scan" EstimateRows="1" EstimateIO="0.003125" EstimateCPU="0.0001581" AvgRowSize="8062" EstimatedTotalSubtreeCost="0.0032831" TableCardinality="1" Parallel="0" EstimateRebinds="0" EstimateRewinds="0" EstimatedExecutionMode="Row">
                          <OutputList>
                            <ColumnReference Table="@SelectedDatabases" Alias="[SelectedDatabases]" Column="DatabaseName" />
                            <ColumnReference Table="@SelectedDatabases" Alias="[SelectedDatabases]" Column="DatabaseType" />
                            <ColumnReference Table="@SelectedDatabases" Alias="[SelectedDatabases]" Column="Selected" />
                          </OutputList>
                          <TableScan Ordered="0" ForcedIndex="0" ForceScan="0" NoExpandHint="0">
                            <DefinedValues>
                              <DefinedValue>
                                <ColumnReference Table="@SelectedDatabases" Alias="[SelectedDatabases]" Column="DatabaseName" />
                              </DefinedValue>
                              <DefinedValue>
                                <ColumnReference Table="@SelectedDatabases" Alias="[SelectedDatabases]" Column="DatabaseType" />
                              </DefinedValue>
                              <DefinedValue>
                                <ColumnReference Table="@SelectedDatabases" Alias="[SelectedDatabases]" Column="Selected" />
                              </DefinedValue>
                            </DefinedValues>
                            <Object Table="[@SelectedDatabases]" Alias="[SelectedDatabases]" />
                            <Predicate>
                              <ScalarOperator ScalarString="@SelectedDatabases.[Selected] as [SelectedDatabases].[Selected]=(1)">
                                <Compare CompareOp="EQ">
                                  <ScalarOperator>
                                    <Identifier>
                                      <ColumnReference Table="@SelectedDatabases" Alias="[SelectedDatabases]" Column="Selected" />
                                    </Identifier>
                                  </ScalarOperator>
                                  <ScalarOperator>
                                    <Const ConstValue="(1)" />
                                  </ScalarOperator>
                                </Compare>
                              </ScalarOperator>
                            </Predicate>
                          </TableScan>
                        </RelOp>
                        <RelOp NodeId="4" PhysicalOp="Clustered Index Scan" LogicalOp="Clustered Index Scan" EstimateRows="7" EstimateIO="0.003125" EstimateCPU="0.0001647" AvgRowSize="8066" EstimatedTotalSubtreeCost="0.0032897" TableCardinality="7" Parallel="0" EstimateRebinds="0" EstimateRewinds="0" EstimatedExecutionMode="Row">
                          <OutputList>
                            <ColumnReference Table="@tmpDatabases" Alias="[tmpDatabases]" Column="ID" />
                            <ColumnReference Table="@tmpDatabases" Alias="[tmpDatabases]" Column="DatabaseName" />
                            <ColumnReference Table="@tmpDatabases" Alias="[tmpDatabases]" Column="DatabaseType" />
                            <ColumnReference Table="@tmpDatabases" Alias="[tmpDatabases]" Column="Selected" />
                            <ColumnReference Table="@tmpDatabases" Alias="[tmpDatabases]" Column="Completed" />
                          </OutputList>
                          <IndexScan Ordered="1" ForcedIndex="0" ForceScan="0" NoExpandHint="0">
                            <DefinedValues>
                              <DefinedValue>
                                <ColumnReference Table="@tmpDatabases" Alias="[tmpDatabases]" Column="ID" />
                              </DefinedValue>
                              <DefinedValue>
                                <ColumnReference Table="@tmpDatabases" Alias="[tmpDatabases]" Column="DatabaseName" />
                              </DefinedValue>
                              <DefinedValue>
                                <ColumnReference Table="@tmpDatabases" Alias="[tmpDatabases]" Column="DatabaseType" />
                              </DefinedValue>
                              <DefinedValue>
                                <ColumnReference Table="@tmpDatabases" Alias="[tmpDatabases]" Column="Selected" />
                              </DefinedValue>
                              <DefinedValue>
                                <ColumnReference Table="@tmpDatabases" Alias="[tmpDatabases]" Column="Completed" />
                              </DefinedValue>
                            </DefinedValues>
                            <Object Table="[@tmpDatabases]" Index="[PK__#B402F73__0861D20E581FED79]" Alias="[tmpDatabases]" />
                          </IndexScan>
                        </RelOp>
                      </NestedLoops>
                    </RelOp>
                  </Sort>
                </RelOp>
              </Update>
            </RelOp>
          </QueryPlan>
        </StmtSimple>
        <StmtSimple StatementText=" UPDATE tmpDatabases&#xD;&#xA;  SET tmpDatabases.Selected = SelectedDatabases.Selected&#xD;&#xA;  FROM @tmpDatabases tmpDatabases&#xD;&#xA;  INNER JOIN @SelectedDatabases SelectedDatabases&#xD;&#xA;  ON tmpDatabases.DatabaseName LIKE REPLACE(SelectedDatabases.DatabaseName,'_','[_]')&#xD;&#xA;  AND (tmpDatabases.DatabaseType = SelectedDatabases.DatabaseType OR SelectedDatabases.DatabaseType IS NULL)&#xD;&#xA;  WHERE SelectedDatabases.Selected = 0&#xD;&#xA;&#xD;&#xA; " StatementId="50" StatementCompId="61" StatementType="UPDATE" RetrievedFromCache="true" StatementSubTreeCost="0.0279907" StatementEstRows="1" StatementOptmLevel="FULL" QueryHash="0xD4BEBBF4709D3305" QueryPlanHash="0x2CA2401B69CDEC12" StatementOptmEarlyAbortReason="GoodEnoughPlanFound">
          <StatementSetOptions QUOTED_IDENTIFIER="false" ARITHABORT="false" CONCAT_NULL_YIELDS_NULL="true" ANSI_NULLS="true" ANSI_PADDING="true" ANSI_WARNINGS="true" NUMERIC_ROUNDABORT="false" />
          <QueryPlan NonParallelPlanReason="MaxDOPSetToOne" CachedPlanSize="32" CompileTime="9" CompileCPU="9" CompileMemory="384">
            <MemoryGrantInfo SerialRequiredMemory="512" SerialDesiredMemory="544" />
            <OptimizerHardwareDependentProperties EstimatedAvailableMemoryGrant="193313" EstimatedPagesCached="773254" EstimatedAvailableDegreeOfParallelism="1" />
            <RelOp NodeId="0" PhysicalOp="Clustered Index Update" LogicalOp="Update" EstimateRows="1" EstimateIO="0.01" EstimateCPU="1e-006" AvgRowSize="9" EstimatedTotalSubtreeCost="0.0279907" Parallel="0" EstimateRebinds="0" EstimateRewinds="0" EstimatedExecutionMode="Row">
              <OutputList />
              <Update DMLRequestSort="0">
                <Object Table="[@tmpDatabases]" Index="[PK__#B402F73__0861D20E581FED79]" Alias="[tmpDatabases]" />
                <SetPredicate>
                  <ScalarOperator ScalarString="@tmpDatabases.[Selected] as [tmpDatabases].[Selected] = @SelectedDatabases.[Selected] as [SelectedDatabases].[Selected]">
                    <ScalarExpressionList>
                      <ScalarOperator>
                        <MultipleAssign>
                          <Assign>
                            <ColumnReference Table="@tmpDatabases" Alias="[tmpDatabases]" Column="Selected" />
                            <ScalarOperator>
                              <Identifier>
                                <ColumnReference Table="@SelectedDatabases" Alias="[SelectedDatabases]" Column="Selected" />
                              </Identifier>
                            </ScalarOperator>
                          </Assign>
                        </MultipleAssign>
                      </ScalarOperator>
                    </ScalarExpressionList>
                  </ScalarOperator>
                </SetPredicate>
                <RelOp NodeId="1" PhysicalOp="Sort" LogicalOp="Distinct Sort" EstimateRows="1" EstimateIO="0.0112613" EstimateCPU="0.000100012" AvgRowSize="12" EstimatedTotalSubtreeCost="0.0179897" Parallel="0" EstimateRebinds="0" EstimateRewinds="0" EstimatedExecutionMode="Row">
                  <OutputList>
                    <ColumnReference Table="@tmpDatabases" Alias="[tmpDatabases]" Column="ID" />
                    <ColumnReference Table="@tmpDatabases" Alias="[tmpDatabases]" Column="Selected" />
                    <ColumnReference Table="@tmpDatabases" Alias="[tmpDatabases]" Column="Completed" />
                    <ColumnReference Table="@SelectedDatabases" Alias="[SelectedDatabases]" Column="Selected" />
                  </OutputList>
                  <MemoryFractions Input="1" Output="1" />
                  <Sort Distinct="1">
                    <OrderBy>
                      <OrderByColumn Ascending="1">
                        <ColumnReference Table="@tmpDatabases" Alias="[tmpDatabases]" Column="Selected" />
                      </OrderByColumn>
                      <OrderByColumn Ascending="1">
                        <ColumnReference Table="@tmpDatabases" Alias="[tmpDatabases]" Column="Completed" />
                      </OrderByColumn>
                      <OrderByColumn Ascending="1">
                        <ColumnReference Table="@tmpDatabases" Alias="[tmpDatabases]" Column="ID" />
                      </OrderByColumn>
                    </OrderBy>
                    <RelOp NodeId="2" PhysicalOp="Nested Loops" LogicalOp="Inner Join" EstimateRows="1" EstimateIO="0" EstimateCPU="2.926e-005" AvgRowSize="12" EstimatedTotalSubtreeCost="0.00662844" Parallel="0" EstimateRebinds="0" EstimateRewinds="0" EstimatedExecutionMode="Row">
                      <OutputList>
                        <ColumnReference Table="@tmpDatabases" Alias="[tmpDatabases]" Column="ID" />
                        <ColumnReference Table="@tmpDatabases" Alias="[tmpDatabases]" Column="Selected" />
                        <ColumnReference Table="@tmpDatabases" Alias="[tmpDatabases]" Column="Completed" />
                        <ColumnReference Table="@SelectedDatabases" Alias="[SelectedDatabases]" Column="Selected" />
                      </OutputList>
                      <NestedLoops Optimized="0">
                        <Predicate>
                          <ScalarOperator ScalarString="@tmpDatabases.[DatabaseName] as [tmpDatabases].[DatabaseName] like CONVERT_IMPLICIT(nvarchar(4000),replace(@SelectedDatabases.[DatabaseName] as [SelectedDatabases].[DatabaseName],N'_',CONVERT_IMPLICIT(nvarchar(max),'[_]',0)),0) AND (@tmpDatabases.[DatabaseType] as [tmpDatabases].[DatabaseType]=@SelectedDatabases.[DatabaseType] as [SelectedDatabases].[DatabaseType] OR @SelectedDatabases.[DatabaseType] as [SelectedDatabases].[DatabaseType] IS NULL)">
                            <Logical Operation="AND">
                              <ScalarOperator>
                                <Intrinsic FunctionName="like">
                                  <ScalarOperator>
                                    <Identifier>
                                      <ColumnReference Table="@tmpDatabases" Alias="[tmpDatabases]" Column="DatabaseName" />
                                    </Identifier>
                                  </ScalarOperator>
                                  <ScalarOperator>
                                    <Convert DataType="nvarchar" Length="8000" Style="0" Implicit="1">
                                      <ScalarOperator>
                                        <Intrinsic FunctionName="replace">
                                          <ScalarOperator>
                                            <Identifier>
                                              <ColumnReference Table="@SelectedDatabases" Alias="[SelectedDatabases]" Column="DatabaseName" />
                                            </Identifier>
                                          </ScalarOperator>
                                          <ScalarOperator>
                                            <Const ConstValue="N'_'" />
                                          </ScalarOperator>
                                          <ScalarOperator>
                                            <Identifier>
                                              <ColumnReference Column="ConstExpr1008">
                                                <ScalarOperator>
                                                  <Convert DataType="nvarchar(max)" Length="2147483647" Style="0" Implicit="1">
                                                    <ScalarOperator>
                                                      <Const ConstValue="'[_]'" />
                                                    </ScalarOperator>
                                                  </Convert>
                                                </ScalarOperator>
                                              </ColumnReference>
                                            </Identifier>
                                          </ScalarOperator>
                                        </Intrinsic>
                                      </ScalarOperator>
                                    </Convert>
                                  </ScalarOperator>
                                </Intrinsic>
                              </ScalarOperator>
                              <ScalarOperator>
                                <Logical Operation="OR">
                                  <ScalarOperator>
                                    <Compare CompareOp="EQ">
                                      <ScalarOperator>
                                        <Identifier>
                                          <ColumnReference Table="@tmpDatabases" Alias="[tmpDatabases]" Column="DatabaseType" />
                                        </Identifier>
                                      </ScalarOperator>
                                      <ScalarOperator>
                                        <Identifier>
                                          <ColumnReference Table="@SelectedDatabases" Alias="[SelectedDatabases]" Column="DatabaseType" />
                                        </Identifier>
                                      </ScalarOperator>
                                    </Compare>
                                  </ScalarOperator>
                                  <ScalarOperator>
                                    <Compare CompareOp="IS">
                                      <ScalarOperator>
                                        <Identifier>
                                          <ColumnReference Table="@SelectedDatabases" Alias="[SelectedDatabases]" Column="DatabaseType" />
                                        </Identifier>
                                      </ScalarOperator>
                                      <ScalarOperator>
                                        <Const ConstValue="NULL" />
                                      </ScalarOperator>
                                    </Compare>
                                  </ScalarOperator>
                                </Logical>
                              </ScalarOperator>
                            </Logical>
                          </ScalarOperator>
                        </Predicate>
                        <RelOp NodeId="3" PhysicalOp="Table Scan" LogicalOp="Table Scan" EstimateRows="1" EstimateIO="0.003125" EstimateCPU="0.0001581" AvgRowSize="8062" EstimatedTotalSubtreeCost="0.0032831" TableCardinality="1" Parallel="0" EstimateRebinds="0" EstimateRewinds="0" EstimatedExecutionMode="Row">
                          <OutputList>
                            <ColumnReference Table="@SelectedDatabases" Alias="[SelectedDatabases]" Column="DatabaseName" />
                            <ColumnReference Table="@SelectedDatabases" Alias="[SelectedDatabases]" Column="DatabaseType" />
                            <ColumnReference Table="@SelectedDatabases" Alias="[SelectedDatabases]" Column="Selected" />
                          </OutputList>
                          <TableScan Ordered="0" ForcedIndex="0" ForceScan="0" NoExpandHint="0">
                            <DefinedValues>
                              <DefinedValue>
                                <ColumnReference Table="@SelectedDatabases" Alias="[SelectedDatabases]" Column="DatabaseName" />
                              </DefinedValue>
                              <DefinedValue>
                                <ColumnReference Table="@SelectedDatabases" Alias="[SelectedDatabases]" Column="DatabaseType" />
                              </DefinedValue>
                              <DefinedValue>
                                <ColumnReference Table="@SelectedDatabases" Alias="[SelectedDatabases]" Column="Selected" />
                              </DefinedValue>
                            </DefinedValues>
                            <Object Table="[@SelectedDatabases]" Alias="[SelectedDatabases]" />
                            <Predicate>
                              <ScalarOperator ScalarString="@SelectedDatabases.[Selected] as [SelectedDatabases].[Selected]=(0)">
                                <Compare CompareOp="EQ">
                                  <ScalarOperator>
                                    <Identifier>
                                      <ColumnReference Table="@SelectedDatabases" Alias="[SelectedDatabases]" Column="Selected" />
                                    </Identifier>
                                  </ScalarOperator>
                                  <ScalarOperator>
                                    <Const ConstValue="(0)" />
                                  </ScalarOperator>
                                </Compare>
                              </ScalarOperator>
                            </Predicate>
                          </TableScan>
                        </RelOp>
                        <RelOp NodeId="4" PhysicalOp="Clustered Index Scan" LogicalOp="Clustered Index Scan" EstimateRows="7" EstimateIO="0.003125" EstimateCPU="0.0001647" AvgRowSize="8066" EstimatedTotalSubtreeCost="0.0032897" TableCardinality="7" Parallel="0" EstimateRebinds="0" EstimateRewinds="0" EstimatedExecutionMode="Row">
                          <OutputList>
                            <ColumnReference Table="@tmpDatabases" Alias="[tmpDatabases]" Column="ID" />
                            <ColumnReference Table="@tmpDatabases" Alias="[tmpDatabases]" Column="DatabaseName" />
                            <ColumnReference Table="@tmpDatabases" Alias="[tmpDatabases]" Column="DatabaseType" />
                            <ColumnReference Table="@tmpDatabases" Alias="[tmpDatabases]" Column="Selected" />
                            <ColumnReference Table="@tmpDatabases" Alias="[tmpDatabases]" Column="Completed" />
                          </OutputList>
                          <IndexScan Ordered="1" ForcedIndex="0" ForceScan="0" NoExpandHint="0">
                            <DefinedValues>
                              <DefinedValue>
                                <ColumnReference Table="@tmpDatabases" Alias="[tmpDatabases]" Column="ID" />
                              </DefinedValue>
                              <DefinedValue>
                                <ColumnReference Table="@tmpDatabases" Alias="[tmpDatabases]" Column="DatabaseName" />
                              </DefinedValue>
                              <DefinedValue>
                                <ColumnReference Table="@tmpDatabases" Alias="[tmpDatabases]" Column="DatabaseType" />
                              </DefinedValue>
                              <DefinedValue>
                                <ColumnReference Table="@tmpDatabases" Alias="[tmpDatabases]" Column="Selected" />
                              </DefinedValue>
                              <DefinedValue>
                                <ColumnReference Table="@tmpDatabases" Alias="[tmpDatabases]" Column="Completed" />
                              </DefinedValue>
                            </DefinedValues>
                            <Object Table="[@tmpDatabases]" Index="[PK__#B402F73__0861D20E581FED79]" Alias="[tmpDatabases]" />
                          </IndexScan>
                        </RelOp>
                      </NestedLoops>
                    </RelOp>
                  </Sort>
                </RelOp>
              </Update>
            </RelOp>
          </QueryPlan>
        </StmtSimple>
        <StmtCond StatementText=" IF @Databases IS NULL OR NOT EXISTS(SELECT * FROM @SelectedDatabases) OR EXISTS(SELECT * FROM @SelectedDatabases WHERE DatabaseName IS NULL OR DatabaseName = '')&#xD;&#xA; " StatementId="51" StatementCompId="62" StatementType="COND WITH QUERY" RetrievedFromCache="true" StatementSubTreeCost="7.174e-006" StatementEstRows="1" StatementOptmLevel="FULL" QueryHash="0x201900BD20553CA5" QueryPlanHash="0xDBB12B70A331436B" StatementOptmEarlyAbortReason="GoodEnoughPlanFound">
          <StatementSetOptions QUOTED_IDENTIFIER="false" ARITHABORT="false" CONCAT_NULL_YIELDS_NULL="true" ANSI_NULLS="true" ANSI_PADDING="true" ANSI_WARNINGS="true" NUMERIC_ROUNDABORT="false" />
          <Condition>
            <QueryPlan NonParallelPlanReason="MaxDOPSetToOne" CachedPlanSize="24" CompileTime="2" CompileCPU="2" CompileMemory="240">
              <MemoryGrantInfo SerialRequiredMemory="0" SerialDesiredMemory="0" />
              <OptimizerHardwareDependentProperties EstimatedAvailableMemoryGrant="193313" EstimatedPagesCached="773254" EstimatedAvailableDegreeOfParallelism="1" />
              <RelOp NodeId="0" PhysicalOp="Compute Scalar" LogicalOp="Compute Scalar" EstimateRows="1" EstimateIO="0" EstimateCPU="1e-007" AvgRowSize="11" EstimatedTotalSubtreeCost="7.174e-006" Parallel="0" EstimateRebinds="0" EstimateRewinds="0" EstimatedExecutionMode="Row">
                <OutputList>
                  <ColumnReference Column="Expr1010" />
                </OutputList>
                <ComputeScalar>
                  <DefinedValues>
                    <DefinedValue>
                      <ColumnReference Column="Expr1010" />
                      <ScalarOperator ScalarString="CASE WHEN [Expr1011] THEN (1) ELSE (0) END">
                        <IF>
                          <Condition>
                            <ScalarOperator>
                              <Identifier>
                                <ColumnReference Column="Expr1011" />
                              </Identifier>
                            </ScalarOperator>
                          </Condition>
                          <Then>
                            <ScalarOperator>
                              <Const ConstValue="(1)" />
                            </ScalarOperator>
                          </Then>
                          <Else>
                            <ScalarOperator>
                              <Const ConstValue="(0)" />
                            </ScalarOperator>
                          </Else>
                        </IF>
                      </ScalarOperator>
                    </DefinedValue>
                  </DefinedValues>
                  <RelOp NodeId="1" PhysicalOp="Nested Loops" LogicalOp="Left Semi Join" EstimateRows="1" EstimateIO="0" EstimateCPU="4.18e-006" AvgRowSize="9" EstimatedTotalSubtreeCost="7.074e-006" Parallel="0" EstimateRebinds="0" EstimateRewinds="0" EstimatedExecutionMode="Row">
                    <OutputList>
                      <ColumnReference Column="Expr1011" />
                    </OutputList>
                    <NestedLoops Optimized="0">
                      <DefinedValues>
                        <DefinedValue>
                          <ColumnReference Column="Expr1011" />
                        </DefinedValue>
                      </DefinedValues>
                      <ProbeColumn>
                        <ColumnReference Column="Expr1011" />
                      </ProbeColumn>
                      <RelOp NodeId="2" PhysicalOp="Constant Scan" LogicalOp="Constant Scan" EstimateRows="1" EstimateIO="0" EstimateCPU="1.157e-006" AvgRowSize="9" EstimatedTotalSubtreeCost="1.157e-006" Parallel="0" EstimateRebinds="0" EstimateRewinds="0" EstimatedExecutionMode="Row">
                        <OutputList />
                        <ConstantScan />
                      </RelOp>
                      <RelOp NodeId="3" PhysicalOp="Concatenation" LogicalOp="Concatenation" EstimateRows="1" EstimateIO="0" EstimateCPU="3e-007" AvgRowSize="9" EstimatedTotalSubtreeCost="1.737e-006" Parallel="0" EstimateRebinds="0" EstimateRewinds="0" EstimatedExecutionMode="Row">
                        <OutputList />
                        <Concat>
                          <DefinedValues />
                          <RelOp NodeId="4" PhysicalOp="Filter" LogicalOp="Filter" EstimateRows="1" EstimateIO="0" EstimateCPU="4.8e-007" AvgRowSize="9" EstimatedTotalSubtreeCost="1.637e-006" Parallel="0" EstimateRebinds="0" EstimateRewinds="0" EstimatedExecutionMode="Row">
                            <OutputList />
                            <Filter StartupExpression="1">
                              <RelOp NodeId="5" PhysicalOp="Constant Scan" LogicalOp="Constant Scan" EstimateRows="1" EstimateIO="0" EstimateCPU="1.157e-006" AvgRowSize="9" EstimatedTotalSubtreeCost="1.157e-006" Parallel="0" EstimateRebinds="0" EstimateRewinds="0" EstimatedExecutionMode="Row">
                                <OutputList />
                                <ConstantScan />
                              </RelOp>
                              <Predicate>
                                <ScalarOperator ScalarString="[@Databases] IS NULL">
                                  <Compare CompareOp="IS">
                                    <ScalarOperator>
                                      <Identifier>
                                        <ColumnReference Column="@Databases" />
                                      </Identifier>
                                    </ScalarOperator>
                                    <ScalarOperator>
                                      <Const ConstValue="NULL" />
                                    </ScalarOperator>
                                  </Compare>
                                </ScalarOperator>
                              </Predicate>
                            </Filter>
                          </RelOp>
                          <RelOp NodeId="7" PhysicalOp="Nested Loops" LogicalOp="Left Anti Semi Join" EstimateRows="1" EstimateIO="0" EstimateCPU="4.18e-006" AvgRowSize="9" EstimatedTotalSubtreeCost="7.174e-006" Parallel="0" EstimateRebinds="0" EstimateRewinds="0" EstimatedExecutionMode="Row">
                            <OutputList />
                            <NestedLoops Optimized="0">
                              <RelOp NodeId="8" PhysicalOp="Constant Scan" LogicalOp="Constant Scan" EstimateRows="1" EstimateIO="0" EstimateCPU="1.157e-006" AvgRowSize="9" EstimatedTotalSubtreeCost="1.157e-006" Parallel="0" EstimateRebinds="0" EstimateRewinds="0" EstimatedExecutionMode="Row">
                                <OutputList />
                                <ConstantScan />
                              </RelOp>
                              <RelOp NodeId="9" PhysicalOp="Table Scan" LogicalOp="Table Scan" EstimateRows="1" EstimateIO="0.003125" EstimateCPU="0.0001581" AvgRowSize="9" EstimatedTotalSubtreeCost="7.174e-006" TableCardinality="1" Parallel="0" EstimateRebinds="0" EstimateRewinds="0" EstimatedExecutionMode="Row">
                                <OutputList />
                                <TableScan Ordered="0" ForcedIndex="0" ForceScan="0" NoExpandHint="0">
                                  <DefinedValues />
                                  <Object Table="[@SelectedDatabases]" TableReferenceId="1" />
                                </TableScan>
                              </RelOp>
                            </NestedLoops>
                          </RelOp>
                          <RelOp NodeId="10" PhysicalOp="Filter" LogicalOp="Filter" EstimateRows="1" EstimateIO="0" EstimateCPU="8.8e-007" AvgRowSize="9" EstimatedTotalSubtreeCost="7.174e-006" Parallel="0" EstimateRebinds="0" EstimateRewinds="0" EstimatedExecutionMode="Row">
                            <OutputList />
                            <Filter StartupExpression="0">
                              <RelOp NodeId="11" PhysicalOp="Table Scan" LogicalOp="Table Scan" EstimateRows="1" EstimateIO="0.003125" EstimateCPU="0.0001581" AvgRowSize="4035" EstimatedTotalSubtreeCost="7.174e-006" TableCardinality="1" Parallel="0" EstimateRebinds="0" EstimateRewinds="0" EstimatedExecutionMode="Row">
                                <OutputList>
                                  <ColumnReference Column="DatabaseName" />
                                </OutputList>
                                <TableScan Ordered="0" ForcedIndex="0" ForceScan="0" NoExpandHint="0">
                                  <DefinedValues>
                                    <DefinedValue>
                                      <ColumnReference Column="DatabaseName" />
                                    </DefinedValue>
                                  </DefinedValues>
                                  <Object Table="[@SelectedDatabases]" TableReferenceId="2" />
                                </TableScan>
                              </RelOp>
                              <Predicate>
                                <ScalarOperator ScalarString="[DatabaseName] IS NULL OR [DatabaseName]=N''">
                                  <Logical Operation="OR">
                                    <ScalarOperator>
                                      <Compare CompareOp="IS">
                                        <ScalarOperator>
                                          <Identifier>
                                            <ColumnReference Column="DatabaseName" />
                                          </Identifier>
                                        </ScalarOperator>
                                        <ScalarOperator>
                                          <Const ConstValue="NULL" />
                                        </ScalarOperator>
                                      </Compare>
                                    </ScalarOperator>
                                    <ScalarOperator>
                                      <Compare CompareOp="EQ">
                                        <ScalarOperator>
                                          <Identifier>
                                            <ColumnReference Column="DatabaseName" />
                                          </Identifier>
                                        </ScalarOperator>
                                        <ScalarOperator>
                                          <Const ConstValue="N''" />
                                        </ScalarOperator>
                                      </Compare>
                                    </ScalarOperator>
                                  </Logical>
                                </ScalarOperator>
                              </Predicate>
                            </Filter>
                          </RelOp>
                        </Concat>
                      </RelOp>
                    </NestedLoops>
                  </RelOp>
                </ComputeScalar>
              </RelOp>
              <ParameterList>
                <ColumnReference Column="@Databases" ParameterCompiledValue="N'OurLabReporting'" />
              </ParameterList>
            </QueryPlan>
          </Condition>
          <Then>
            <Statements>
              <StmtSimple StatementText=" BEGIN&#xD;&#xA;    SET @ErrorMessage = 'The value for the parameter @Databases is not supported.' + CHAR(13) + CHAR(10) + ' '&#xD;&#xA;   " StatementId="52" StatementCompId="63" StatementType="ASSIGN" RetrievedFromCache="true" />
              <StmtSimple StatementText=" RAISERROR(@ErrorMessage,16,1) WITH NOWAIT&#xD;&#xA;   " StatementId="53" StatementCompId="64" StatementType="RAISERROR" RetrievedFromCache="true" />
              <StmtSimple StatementText=" SET @Error = @@ERROR&#xD;&#xA; " StatementId="54" StatementCompId="65" StatementType="ASSIGN" RetrievedFromCache="true" />
            </Statements>
          </Then>
        </StmtCond>
        <StmtSimple StatementText=" END;&#xD;&#xA;&#xD;&#xA;  ----------------------------------------------------------------------------------------------------&#xD;&#xA;  --// Select indexes                                                                             //--&#xD;&#xA;  ----------------------------------------------------------------------------------------------------&#xD;&#xA;&#xD;&#xA;  WITH Indexes1 (IndexItems) AS&#xD;&#xA;  (&#xD;&#xA;  SELECT REPLACE(@Indexes, ', ', ',') AS IndexItems&#xD;&#xA;  ),&#xD;&#xA;  Indexes2 (IndexItem, String, [Continue]) AS&#xD;&#xA;  (&#xD;&#xA;  SELECT CASE WHEN CHARINDEX(',', IndexItems) = 0 THEN @Indexes ELSE SUBSTRING(IndexItems, 1, CHARINDEX(',', IndexItems) - 1) END AS IndexItem,&#xD;&#xA;         CASE WHEN CHARINDEX(',', IndexItems) = 0 THEN '' ELSE SUBSTRING(IndexItems, CHARINDEX(',', IndexItems) + 1, LEN(IndexItems)) END AS String,&#xD;&#xA;         CASE WHEN CHARINDEX(',', IndexItems) = 0 THEN 0 ELSE 1 END [Continue]&#xD;&#xA;  FROM Indexes1&#xD;&#xA;  WHERE @Indexes IS NOT NULL&#xD;&#xA;  UNION ALL&#xD;&#xA;  SELECT CASE WHEN CHARINDEX(',', String) = 0 THEN String ELSE SUBSTRING(String, 1, CHARINDEX(',', String) - 1) END AS IndexItem,&#xD;&#xA;         CASE WHEN CHARINDEX(',', String) = 0 THEN '' ELSE SUBSTRING(String, CHARINDEX(',', String) + 1, LEN(String)) END AS String,&#xD;&#xA;         CASE WHEN CHARINDEX(',', String) = 0 THEN 0 ELSE 1 END [Continue]&#xD;&#xA;  FROM Indexes2&#xD;&#xA;  WHERE [Continue] = 1&#xD;&#xA;  ),&#xD;&#xA;  Indexes3 (IndexItem, Selected) AS&#xD;&#xA;  (&#xD;&#xA;  SELECT CASE WHEN IndexItem LIKE '-%' THEN RIGHT(IndexItem,LEN(IndexItem) - 1) ELSE IndexItem END AS IndexItem,&#xD;&#xA;         CASE WHEN IndexItem LIKE '-%' THEN 0 ELSE 1 END AS Selected&#xD;&#xA;  FROM Indexes2&#xD;&#xA;  ),&#xD;&#xA;  Indexes4 (IndexItem, Selected) AS&#xD;&#xA;  (&#xD;&#xA;  SELECT CASE WHEN IndexItem = 'ALL_INDEXES' THEN '%.%.%.%' ELSE IndexItem END AS IndexItem,&#xD;&#xA;         Selected&#xD;&#xA;  FROM Indexes3&#xD;&#xA;  ),&#xD;&#xA;  Indexes5 (DatabaseName, SchemaName, ObjectName, IndexName, Selected) AS&#xD;&#xA;  (&#xD;&#xA;  SELECT CASE WHEN PARSENAME(IndexItem,4) IS NULL THEN PARSENAME(IndexItem,3) ELSE PARSENAME(IndexItem,4) END AS DatabaseName,&#xD;&#xA;         CASE WHEN PARSENAME(IndexItem,4) IS NULL THEN PARSENAME(IndexItem,2) ELSE PARSENAME(IndexItem,3) END AS SchemaName,&#xD;&#xA;         CASE WHEN PARSENAME(IndexItem,4) IS NULL THEN PARSENAME(IndexItem,1) ELSE PARSENAME(IndexItem,2) END AS ObjectName,&#xD;&#xA;         CASE WHEN PARSENAME(IndexItem,4) IS NULL THEN '%' ELSE PARSENAME(IndexItem,1) END AS IndexName,&#xD;&#xA;         Selected&#xD;&#xA;  FROM Indexes4&#xD;&#xA;  )&#xD;&#xA;  INSERT INTO @SelectedIndexes (DatabaseName, SchemaName, ObjectName, IndexName, Selected)&#xD;&#xA;  SELECT DatabaseName, SchemaName, ObjectName, IndexName, Selected&#xD;&#xA;  FROM Indexes5;&#xD;&#xA;&#xD;&#xA;  ----------------------------------------------------------------------------------------------------&#xD;&#xA;  --// Select actions                                                                             //--&#xD;&#xA;  ----------------------------------------------------------------------------------------------------&#xD;&#xA;&#xD;&#xA; " StatementId="55" StatementCompId="67" StatementType="INSERT" RetrievedFromCache="true" StatementSubTreeCost="0.0298339" StatementEstRows="2" StatementOptmLevel="FULL" QueryHash="0xABBE11FCD7FEFA7E" QueryPlanHash="0xEA4AAF1760FB21E9" StatementOptmEarlyAbortReason="GoodEnoughPlanFound">
          <StatementSetOptions QUOTED_IDENTIFIER="false" ARITHABORT="false" CONCAT_NULL_YIELDS_NULL="true" ANSI_NULLS="true" ANSI_PADDING="true" ANSI_WARNINGS="true" NUMERIC_ROUNDABORT="false" />
          <QueryPlan NonParallelPlanReason="MaxDOPSetToOne" CachedPlanSize="144" CompileTime="9" CompileCPU="9" CompileMemory="1040">
            <MemoryGrantInfo SerialRequiredMemory="0" SerialDesiredMemory="0" />
            <OptimizerHardwareDependentProperties EstimatedAvailableMemoryGrant="193313" EstimatedPagesCached="773254" EstimatedAvailableDegreeOfParallelism="1" />
            <RelOp NodeId="0" PhysicalOp="Table Insert" LogicalOp="Insert" EstimateRows="2" EstimateIO="0.0298249" EstimateCPU="2e-006" AvgRowSize="9" EstimatedTotalSubtreeCost="0.0298339" Parallel="0" EstimateRebinds="0" EstimateRewinds="0" EstimatedExecutionMode="Row">
              <OutputList />
              <Update DMLRequestSort="0">
                <Object Table="[@SelectedIndexes]" />
                <SetPredicate>
                  <ScalarOperator ScalarString="[DatabaseName] = [Expr1024],[SchemaName] = [Expr1025],[ObjectName] = [Expr1026],[IndexName] = [Expr1027],[Selected] = [Expr1028]">
                    <ScalarExpressionList>
                      <ScalarOperator>
                        <MultipleAssign>
                          <Assign>
                            <ColumnReference Column="DatabaseName" />
                            <ScalarOperator>
                              <Identifier>
                                <ColumnReference Column="Expr1024" />
                              </Identifier>
                            </ScalarOperator>
                          </Assign>
                          <Assign>
                            <ColumnReference Column="SchemaName" />
                            <ScalarOperator>
                              <Identifier>
                                <ColumnReference Column="Expr1025" />
                              </Identifier>
                            </ScalarOperator>
                          </Assign>
                          <Assign>
                            <ColumnReference Column="ObjectName" />
                            <ScalarOperator>
                              <Identifier>
                                <ColumnReference Column="Expr1026" />
                              </Identifier>
                            </ScalarOperator>
                          </Assign>
                          <Assign>
                            <ColumnReference Column="IndexName" />
                            <ScalarOperator>
                              <Identifier>
                                <ColumnReference Column="Expr1027" />
                              </Identifier>
                            </ScalarOperator>
                          </Assign>
                          <Assign>
                            <ColumnReference Column="Selected" />
                            <ScalarOperator>
                              <Identifier>
                                <ColumnReference Column="Expr1028" />
                              </Identifier>
                            </ScalarOperator>
                          </Assign>
                        </MultipleAssign>
                      </ScalarOperator>
                    </ScalarExpressionList>
                  </ScalarOperator>
                </SetPredicate>
                <RelOp NodeId="1" PhysicalOp="Compute Scalar" LogicalOp="Compute Scalar" EstimateRows="2" EstimateIO="0" EstimateCPU="2e-007" AvgRowSize="16114" EstimatedTotalSubtreeCost="7.034e-006" Parallel="0" EstimateRebinds="0" EstimateRewinds="0" EstimatedExecutionMode="Row">
                  <OutputList>
                    <ColumnReference Column="Expr1024" />
                    <ColumnReference Column="Expr1025" />
                    <ColumnReference Column="Expr1026" />
                    <ColumnReference Column="Expr1027" />
                    <ColumnReference Column="Expr1028" />
                  </OutputList>
                  <ComputeScalar>
                    <DefinedValues>
                      <DefinedValue>
                        <ColumnReference Column="Expr1024" />
                        <ScalarOperator ScalarString="CONVERT_IMPLICIT(nvarchar(max),CASE WHEN parsename(CONVERT_IMPLICIT(nvarchar(4000),CASE WHEN CASE WHEN [Recr1014] like N'-%' THEN right([Recr1014],len([Recr1014])-(1)) ELSE [Recr1014] END=N'ALL_INDEXES' THEN CONVERT_IMPLICIT(nvarchar(max),'%.%.%.%',0) ELSE CASE WHEN [Recr1014] like N'-%' THEN right([Recr1014],len([Recr1014])-(1)) ELSE [Recr1014] END END,0),(4)) IS NULL THEN parsename(CONVERT_IMPLICIT(nvarchar(4000),CASE WHEN CASE WHEN [Recr1014] like N'-%' THEN right([Recr1014],len([Recr1014])-(1)) ELSE [Recr1014] END=N'ALL_INDEXES' THEN CONVERT_IMPLICIT(nvarchar(max),'%.%.%.%',0) ELSE CASE WHEN [Recr1014] like N'-%' THEN right([Recr1014],len([Recr1014])-(1)) ELSE [Recr1014] END END,0),(3)) ELSE parsename(CONVERT_IMPLICIT(nvarchar(4000),CASE WHEN CASE WHEN [Recr1014] like N'-%' THEN right([Recr1014],len([Recr1014])-(1)) ELSE [Recr1014] END=N'ALL_INDEXES' THEN CONVERT_IMPLICIT(nvarchar(max),'%.%.%.%',0) ELSE CASE WHEN [Recr1014] like N'-%' THEN right([Recr1014],len([Recr1014])-(1)) ELSE [Recr1014] END END,0),(4)) END,0)">
                          <Convert DataType="nvarchar(max)" Length="2147483647" Style="0" Implicit="1">
                            <ScalarOperator>
                              <IF>
                                <Condition>
                                  <ScalarOperator>
                                    <Compare CompareOp="IS">
                                      <ScalarOperator>
                                        <Intrinsic FunctionName="parsename">
                                          <ScalarOperator>
                                            <Convert DataType="nvarchar" Length="8000" Style="0" Implicit="1">
                                              <ScalarOperator>
                                                <IF>
                                                  <Condition>
                                                    <ScalarOperator>
                                                      <Compare CompareOp="EQ">
                                                        <ScalarOperator>
                                                          <IF>
                                                            <Condition>
                                                              <ScalarOperator>
                                                                <Intrinsic FunctionName="like">
                                                                  <ScalarOperator>
                                                                    <Identifier>
                                                                      <ColumnReference Column="Recr1014" />
                                                                    </Identifier>
                                                                  </ScalarOperator>
                                                                  <ScalarOperator>
                                                                    <Const ConstValue="N'-%'" />
                                                                  </ScalarOperator>
                                                                </Intrinsic>
                                                              </ScalarOperator>
                                                            </Condition>
                                                            <Then>
                                                              <ScalarOperator>
                                                                <Intrinsic FunctionName="right">
                                                                  <ScalarOperator>
                                                                    <Identifier>
                                                                      <ColumnReference Column="Recr1014" />
                                                                    </Identifier>
                                                                  </ScalarOperator>
                                                                  <ScalarOperator>
                                                                    <Arithmetic Operation="SUB">
                                                                      <ScalarOperator>
                                                                        <Intrinsic FunctionName="len">
                                                                          <ScalarOperator>
                                                                            <Identifier>
                                                                              <ColumnReference Column="Recr1014" />
                                                                            </Identifier>
                                                                          </ScalarOperator>
                                                                        </Intrinsic>
                                                                      </ScalarOperator>
                                                                      <ScalarOperator>
                                                                        <Const ConstValue="(1)" />
                                                                      </ScalarOperator>
                                                                    </Arithmetic>
                                                                  </ScalarOperator>
                                                                </Intrinsic>
                                                              </ScalarOperator>
                                                            </Then>
                                                            <Else>
                                                              <ScalarOperator>
                                                                <Identifier>
                                                                  <ColumnReference Column="Recr1014" />
                                                                </Identifier>
                                                              </ScalarOperator>
                                                            </Else>
                                                          </IF>
                                                        </ScalarOperator>
                                                        <ScalarOperator>
                                                          <Const ConstValue="N'ALL_INDEXES'" />
                                                        </ScalarOperator>
                                                      </Compare>
                                                    </ScalarOperator>
                                                  </Condition>
                                                  <Then>
                                                    <ScalarOperator>
                                                      <Convert DataType="nvarchar(max)" Length="2147483647" Style="0" Implicit="1">
                                                        <ScalarOperator>
                                                          <Const ConstValue="'%.%.%.%'" />
                                                        </ScalarOperator>
                                                      </Convert>
                                                    </ScalarOperator>
                                                  </Then>
                                                  <Else>
                                                    <ScalarOperator>
                                                      <IF>
                                                        <Condition>
                                                          <ScalarOperator>
                                                            <Intrinsic FunctionName="like">
                                                              <ScalarOperator>
                                                                <Identifier>
                                                                  <ColumnReference Column="Recr1014" />
                                                                </Identifier>
                                                              </ScalarOperator>
                                                              <ScalarOperator>
                                                                <Const ConstValue="N'-%'" />
                                                              </ScalarOperator>
                                                            </Intrinsic>
                                                          </ScalarOperator>
                                                        </Condition>
                                                        <Then>
                                                          <ScalarOperator>
                                                            <Intrinsic FunctionName="right">
                                                              <ScalarOperator>
                                                                <Identifier>
                                                                  <ColumnReference Column="Recr1014" />
                                                                </Identifier>
                                                              </ScalarOperator>
                                                              <ScalarOperator>
                                                                <Arithmetic Operation="SUB">
                                                                  <ScalarOperator>
                                                                    <Intrinsic FunctionName="len">
                                                                      <ScalarOperator>
                                                                        <Identifier>
                                                                          <ColumnReference Column="Recr1014" />
                                                                        </Identifier>
                                                                      </ScalarOperator>
                                                                    </Intrinsic>
                                                                  </ScalarOperator>
                                                                  <ScalarOperator>
                                                                    <Const ConstValue="(1)" />
                                                                  </ScalarOperator>
                                                                </Arithmetic>
                                                              </ScalarOperator>
                                                            </Intrinsic>
                                                          </ScalarOperator>
                                                        </Then>
                                                        <Else>
                                                          <ScalarOperator>
                                                            <Identifier>
                                                              <ColumnReference Column="Recr1014" />
                                                            </Identifier>
                                                          </ScalarOperator>
                                                        </Else>
                                                      </IF>
                                                    </ScalarOperator>
                                                  </Else>
                                                </IF>
                                              </ScalarOperator>
                                            </Convert>
                                          </ScalarOperator>
                                          <ScalarOperator>
                                            <Const ConstValue="(4)" />
                                          </ScalarOperator>
                                        </Intrinsic>
                                      </ScalarOperator>
                                      <ScalarOperator>
                                        <Const ConstValue="NULL" />
                                      </ScalarOperator>
                                    </Compare>
                                  </ScalarOperator>
                                </Condition>
                                <Then>
                                  <ScalarOperator>
                                    <Intrinsic FunctionName="parsename">
                                      <ScalarOperator>
                                        <Convert DataType="nvarchar" Length="8000" Style="0" Implicit="1">
                                          <ScalarOperator>
                                            <IF>
                                              <Condition>
                                                <ScalarOperator>
                                                  <Compare CompareOp="EQ">
                                                    <ScalarOperator>
                                                      <IF>
                                                        <Condition>
                                                          <ScalarOperator>
                                                            <Intrinsic FunctionName="like">
                                                              <ScalarOperator>
                                                                <Identifier>
                                                                  <ColumnReference Column="Recr1014" />
                                                                </Identifier>
                                                              </ScalarOperator>
                                                              <ScalarOperator>
                                                                <Const ConstValue="N'-%'" />
                                                              </ScalarOperator>
                                                            </Intrinsic>
                                                          </ScalarOperator>
                                                        </Condition>
                                                        <Then>
                                                          <ScalarOperator>
                                                            <Intrinsic FunctionName="right">
                                                              <ScalarOperator>
                                                                <Identifier>
                                                                  <ColumnReference Column="Recr1014" />
                                                                </Identifier>
                                                              </ScalarOperator>
                                                              <ScalarOperator>
                                                                <Arithmetic Operation="SUB">
                                                                  <ScalarOperator>
                                                                    <Intrinsic FunctionName="len">
                                                                      <ScalarOperator>
                                                                        <Identifier>
                                                                          <ColumnReference Column="Recr1014" />
                                                                        </Identifier>
                                                                      </ScalarOperator>
                                                                    </Intrinsic>
                                                                  </ScalarOperator>
                                                                  <ScalarOperator>
                                                                    <Const ConstValue="(1)" />
                                                                  </ScalarOperator>
                                                                </Arithmetic>
                                                              </ScalarOperator>
                                                            </Intrinsic>
                                                          </ScalarOperator>
                                                        </Then>
                                                        <Else>
                                                          <ScalarOperator>
                                                            <Identifier>
                                                              <ColumnReference Column="Recr1014" />
                                                            </Identifier>
                                                          </ScalarOperator>
                                                        </Else>
                                                      </IF>
                                                    </ScalarOperator>
                                                    <ScalarOperator>
                                                      <Const ConstValue="N'ALL_INDEXES'" />
                                                    </ScalarOperator>
                                                  </Compare>
                                                </ScalarOperator>
                                              </Condition>
                                              <Then>
                                                <ScalarOperator>
                                                  <Convert DataType="nvarchar(max)" Length="2147483647" Style="0" Implicit="1">
                                                    <ScalarOperator>
                                                      <Const ConstValue="'%.%.%.%'" />
                                                    </ScalarOperator>
                                                  </Convert>
                                                </ScalarOperator>
                                              </Then>
                                              <Else>
                                                <ScalarOperator>
                                                  <IF>
                                                    <Condition>
                                                      <ScalarOperator>
                                                        <Intrinsic FunctionName="like">
                                                          <ScalarOperator>
                                                            <Identifier>
                                                              <ColumnReference Column="Recr1014" />
                                                            </Identifier>
                                                          </ScalarOperator>
                                                          <ScalarOperator>
                                                            <Const ConstValue="N'-%'" />
                                                          </ScalarOperator>
                                                        </Intrinsic>
                                                      </ScalarOperator>
                                                    </Condition>
                                                    <Then>
                                                      <ScalarOperator>
                                                        <Intrinsic FunctionName="right">
                                                          <ScalarOperator>
                                                            <Identifier>
                                                              <ColumnReference Column="Recr1014" />
                                                            </Identifier>
                                                          </ScalarOperator>
                                                          <ScalarOperator>
                                                            <Arithmetic Operation="SUB">
                                                              <ScalarOperator>
                                                                <Intrinsic FunctionName="len">
                                                                  <ScalarOperator>
                                                                    <Identifier>
                                                                      <ColumnReference Column="Recr1014" />
                                                                    </Identifier>
                                                                  </ScalarOperator>
                                                                </Intrinsic>
                                                              </ScalarOperator>
                                                              <ScalarOperator>
                                                                <Const ConstValue="(1)" />
                                                              </ScalarOperator>
                                                            </Arithmetic>
                                                          </ScalarOperator>
                                                        </Intrinsic>
                                                      </ScalarOperator>
                                                    </Then>
                                                    <Else>
                                                      <ScalarOperator>
                                                        <Identifier>
                                                          <ColumnReference Column="Recr1014" />
                                                        </Identifier>
                                                      </ScalarOperator>
                                                    </Else>
                                                  </IF>
                                                </ScalarOperator>
                                              </Else>
                                            </IF>
                                          </ScalarOperator>
                                        </Convert>
                                      </ScalarOperator>
                                      <ScalarOperator>
                                        <Const ConstValue="(3)" />
                                      </ScalarOperator>
                                    </Intrinsic>
                                  </ScalarOperator>
                                </Then>
                                <Else>
                                  <ScalarOperator>
                                    <Intrinsic FunctionName="parsename">
                                      <ScalarOperator>
                                        <Convert DataType="nvarchar" Length="8000" Style="0" Implicit="1">
                                          <ScalarOperator>
                                            <IF>
                                              <Condition>
                                                <ScalarOperator>
                                                  <Compare CompareOp="EQ">
                                                    <ScalarOperator>
                                                      <IF>
                                                        <Condition>
                                                          <ScalarOperator>
                                                            <Intrinsic FunctionName="like">
                                                              <ScalarOperator>
                                                                <Identifier>
                                                                  <ColumnReference Column="Recr1014" />
                                                                </Identifier>
                                                              </ScalarOperator>
                                                              <ScalarOperator>
                                                                <Const ConstValue="N'-%'" />
                                                              </ScalarOperator>
                                                            </Intrinsic>
                                                          </ScalarOperator>
                                                        </Condition>
                                                        <Then>
                                                          <ScalarOperator>
                                                            <Intrinsic FunctionName="right">
                                                              <ScalarOperator>
                                                                <Identifier>
                                                                  <ColumnReference Column="Recr1014" />
                                                                </Identifier>
                                                              </ScalarOperator>
                                                              <ScalarOperator>
                                                                <Arithmetic Operation="SUB">
                                                                  <ScalarOperator>
                                                                    <Intrinsic FunctionName="len">
                                                                      <ScalarOperator>
                                                                        <Identifier>
                                                                          <ColumnReference Column="Recr1014" />
                                                                        </Identifier>
                                                                      </ScalarOperator>
                                                                    </Intrinsic>
                                                                  </ScalarOperator>
                                                                  <ScalarOperator>
                                                                    <Const ConstValue="(1)" />
                                                                  </ScalarOperator>
                                                                </Arithmetic>
                                                              </ScalarOperator>
                                                            </Intrinsic>
                                                          </ScalarOperator>
                                                        </Then>
                                                        <Else>
                                                          <ScalarOperator>
                                                            <Identifier>
                                                              <ColumnReference Column="Recr1014" />
                                                            </Identifier>
                                                          </ScalarOperator>
                                                        </Else>
                                                      </IF>
                                                    </ScalarOperator>
                                                    <ScalarOperator>
                                                      <Const ConstValue="N'ALL_INDEXES'" />
                                                    </ScalarOperator>
                                                  </Compare>
                                                </ScalarOperator>
                                              </Condition>
                                              <Then>
                                                <ScalarOperator>
                                                  <Convert DataType="nvarchar(max)" Length="2147483647" Style="0" Implicit="1">
                                                    <ScalarOperator>
                                                      <Const ConstValue="'%.%.%.%'" />
                                                    </ScalarOperator>
                                                  </Convert>
                                                </ScalarOperator>
                                              </Then>
                                              <Else>
                                                <ScalarOperator>
                                                  <IF>
                                                    <Condition>
                                                      <ScalarOperator>
                                                        <Intrinsic FunctionName="like">
                                                          <ScalarOperator>
                                                            <Identifier>
                                                              <ColumnReference Column="Recr1014" />
                                                            </Identifier>
                                                          </ScalarOperator>
                                                          <ScalarOperator>
                                                            <Const ConstValue="N'-%'" />
                                                          </ScalarOperator>
                                                        </Intrinsic>
                                                      </ScalarOperator>
                                                    </Condition>
                                                    <Then>
                                                      <ScalarOperator>
                                                        <Intrinsic FunctionName="right">
                                                          <ScalarOperator>
                                                            <Identifier>
                                                              <ColumnReference Column="Recr1014" />
                                                            </Identifier>
                                                          </ScalarOperator>
                                                          <ScalarOperator>
                                                            <Arithmetic Operation="SUB">
                                                              <ScalarOperator>
                                                                <Intrinsic FunctionName="len">
                                                                  <ScalarOperator>
                                                                    <Identifier>
                                                                      <ColumnReference Column="Recr1014" />
                                                                    </Identifier>
                                                                  </ScalarOperator>
                                                                </Intrinsic>
                                                              </ScalarOperator>
                                                              <ScalarOperator>
                                                                <Const ConstValue="(1)" />
                                                              </ScalarOperator>
                                                            </Arithmetic>
                                                          </ScalarOperator>
                                                        </Intrinsic>
                                                      </ScalarOperator>
                                                    </Then>
                                                    <Else>
                                                      <ScalarOperator>
                                                        <Identifier>
                                                          <ColumnReference Column="Recr1014" />
                                                        </Identifier>
                                                      </ScalarOperator>
                                                    </Else>
                                                  </IF>
                                                </ScalarOperator>
                                              </Else>
                                            </IF>
                                          </ScalarOperator>
                                        </Convert>
                                      </ScalarOperator>
                                      <ScalarOperator>
                                        <Const ConstValue="(4)" />
                                      </ScalarOperator>
                                    </Intrinsic>
                                  </ScalarOperator>
                                </Else>
                              </IF>
                            </ScalarOperator>
                          </Convert>
                        </ScalarOperator>
                      </DefinedValue>
                      <DefinedValue>
                        <ColumnReference Column="Expr1025" />
                        <ScalarOperator ScalarString="CONVERT_IMPLICIT(nvarchar(max),CASE WHEN parsename(CONVERT_IMPLICIT(nvarchar(4000),CASE WHEN CASE WHEN [Recr1014] like N'-%' THEN right([Recr1014],len([Recr1014])-(1)) ELSE [Recr1014] END=N'ALL_INDEXES' THEN CONVERT_IMPLICIT(nvarchar(max),'%.%.%.%',0) ELSE CASE WHEN [Recr1014] like N'-%' THEN right([Recr1014],len([Recr1014])-(1)) ELSE [Recr1014] END END,0),(4)) IS NULL THEN parsename(CONVERT_IMPLICIT(nvarchar(4000),CASE WHEN CASE WHEN [Recr1014] like N'-%' THEN right([Recr1014],len([Recr1014])-(1)) ELSE [Recr1014] END=N'ALL_INDEXES' THEN CONVERT_IMPLICIT(nvarchar(max),'%.%.%.%',0) ELSE CASE WHEN [Recr1014] like N'-%' THEN right([Recr1014],len([Recr1014])-(1)) ELSE [Recr1014] END END,0),(2)) ELSE parsename(CONVERT_IMPLICIT(nvarchar(4000),CASE WHEN CASE WHEN [Recr1014] like N'-%' THEN right([Recr1014],len([Recr1014])-(1)) ELSE [Recr1014] END=N'ALL_INDEXES' THEN CONVERT_IMPLICIT(nvarchar(max),'%.%.%.%',0) ELSE CASE WHEN [Recr1014] like N'-%' THEN right([Recr1014],len([Recr1014])-(1)) ELSE [Recr1014] END END,0),(3)) END,0)">
                          <Convert DataType="nvarchar(max)" Length="2147483647" Style="0" Implicit="1">
                            <ScalarOperator>
                              <IF>
                                <Condition>
                                  <ScalarOperator>
                                    <Compare CompareOp="IS">
                                      <ScalarOperator>
                                        <Intrinsic FunctionName="parsename">
                                          <ScalarOperator>
                                            <Convert DataType="nvarchar" Length="8000" Style="0" Implicit="1">
                                              <ScalarOperator>
                                                <IF>
                                                  <Condition>
                                                    <ScalarOperator>
                                                      <Compare CompareOp="EQ">
                                                        <ScalarOperator>
                                                          <IF>
                                                            <Condition>
                                                              <ScalarOperator>
                                                                <Intrinsic FunctionName="like">
                                                                  <ScalarOperator>
                                                                    <Identifier>
                                                                      <ColumnReference Column="Recr1014" />
                                                                    </Identifier>
                                                                  </ScalarOperator>
                                                                  <ScalarOperator>
                                                                    <Const ConstValue="N'-%'" />
                                                                  </ScalarOperator>
                                                                </Intrinsic>
                                                              </ScalarOperator>
                                                            </Condition>
                                                            <Then>
                                                              <ScalarOperator>
                                                                <Intrinsic FunctionName="right">
                                                                  <ScalarOperator>
                                                                    <Identifier>
                                                                      <ColumnReference Column="Recr1014" />
                                                                    </Identifier>
                                                                  </ScalarOperator>
                                                                  <ScalarOperator>
                                                                    <Arithmetic Operation="SUB">
                                                                      <ScalarOperator>
                                                                        <Intrinsic FunctionName="len">
                                                                          <ScalarOperator>
                                                                            <Identifier>
                                                                              <ColumnReference Column="Recr1014" />
                                                                            </Identifier>
                                                                          </ScalarOperator>
                                                                        </Intrinsic>
                                                                      </ScalarOperator>
                                                                      <ScalarOperator>
                                                                        <Const ConstValue="(1)" />
                                                                      </ScalarOperator>
                                                                    </Arithmetic>
                                                                  </ScalarOperator>
                                                                </Intrinsic>
                                                              </ScalarOperator>
                                                            </Then>
                                                            <Else>
                                                              <ScalarOperator>
                                                                <Identifier>
                                                                  <ColumnReference Column="Recr1014" />
                                                                </Identifier>
                                                              </ScalarOperator>
                                                            </Else>
                                                          </IF>
                                                        </ScalarOperator>
                                                        <ScalarOperator>
                                                          <Const ConstValue="N'ALL_INDEXES'" />
                                                        </ScalarOperator>
                                                      </Compare>
                                                    </ScalarOperator>
                                                  </Condition>
                                                  <Then>
                                                    <ScalarOperator>
                                                      <Convert DataType="nvarchar(max)" Length="2147483647" Style="0" Implicit="1">
                                                        <ScalarOperator>
                                                          <Const ConstValue="'%.%.%.%'" />
                                                        </ScalarOperator>
                                                      </Convert>
                                                    </ScalarOperator>
                                                  </Then>
                                                  <Else>
                                                    <ScalarOperator>
                                                      <IF>
                                                        <Condition>
                                                          <ScalarOperator>
                                                            <Intrinsic FunctionName="like">
                                                              <ScalarOperator>
                                                                <Identifier>
                                                                  <ColumnReference Column="Recr1014" />
                                                                </Identifier>
                                                              </ScalarOperator>
                                                              <ScalarOperator>
                                                                <Const ConstValue="N'-%'" />
                                                              </ScalarOperator>
                                                            </Intrinsic>
                                                          </ScalarOperator>
                                                        </Condition>
                                                        <Then>
                                                          <ScalarOperator>
                                                            <Intrinsic FunctionName="right">
                                                              <ScalarOperator>
                                                                <Identifier>
                                                                  <ColumnReference Column="Recr1014" />
                                                                </Identifier>
                                                              </ScalarOperator>
                                                              <ScalarOperator>
                                                                <Arithmetic Operation="SUB">
                                                                  <ScalarOperator>
                                                                    <Intrinsic FunctionName="len">
                                                                      <ScalarOperator>
                                                                        <Identifier>
                                                                          <ColumnReference Column="Recr1014" />
                                                                        </Identifier>
                                                                      </ScalarOperator>
                                                                    </Intrinsic>
                                                                  </ScalarOperator>
                                                                  <ScalarOperator>
                                                                    <Const ConstValue="(1)" />
                                                                  </ScalarOperator>
                                                                </Arithmetic>
                                                              </ScalarOperator>
                                                            </Intrinsic>
                                                          </ScalarOperator>
                                                        </Then>
                                                        <Else>
                                                          <ScalarOperator>
                                                            <Identifier>
                                                              <ColumnReference Column="Recr1014" />
                                                            </Identifier>
                                                          </ScalarOperator>
                                                        </Else>
                                                      </IF>
                                                    </ScalarOperator>
                                                  </Else>
                                                </IF>
                                              </ScalarOperator>
                                            </Convert>
                                          </ScalarOperator>
                                          <ScalarOperator>
                                            <Const ConstValue="(4)" />
                                          </ScalarOperator>
                                        </Intrinsic>
                                      </ScalarOperator>
                                      <ScalarOperator>
                                        <Const ConstValue="NULL" />
                                      </ScalarOperator>
                                    </Compare>
                                  </ScalarOperator>
                                </Condition>
                                <Then>
                                  <ScalarOperator>
                                    <Intrinsic FunctionName="parsename">
                                      <ScalarOperator>
                                        <Convert DataType="nvarchar" Length="8000" Style="0" Implicit="1">
                                          <ScalarOperator>
                                            <IF>
                                              <Condition>
                                                <ScalarOperator>
                                                  <Compare CompareOp="EQ">
                                                    <ScalarOperator>
                                                      <IF>
                                                        <Condition>
                                                          <ScalarOperator>
                                                            <Intrinsic FunctionName="like">
                                                              <ScalarOperator>
                                                                <Identifier>
                                                                  <ColumnReference Column="Recr1014" />
                                                                </Identifier>
                                                              </ScalarOperator>
                                                              <ScalarOperator>
                                                                <Const ConstValue="N'-%'" />
                                                              </ScalarOperator>
                                                            </Intrinsic>
                                                          </ScalarOperator>
                                                        </Condition>
                                                        <Then>
                                                          <ScalarOperator>
                                                            <Intrinsic FunctionName="right">
                                                              <ScalarOperator>
                                                                <Identifier>
                                                                  <ColumnReference Column="Recr1014" />
                                                                </Identifier>
                                                              </ScalarOperator>
                                                              <ScalarOperator>
                                                                <Arithmetic Operation="SUB">
                                                                  <ScalarOperator>
                                                                    <Intrinsic FunctionName="len">
                                                                      <ScalarOperator>
                                                                        <Identifier>
                                                                          <ColumnReference Column="Recr1014" />
                                                                        </Identifier>
                                                                      </ScalarOperator>
                                                                    </Intrinsic>
                                                                  </ScalarOperator>
                                                                  <ScalarOperator>
                                                                    <Const ConstValue="(1)" />
                                                                  </ScalarOperator>
                                                                </Arithmetic>
                                                              </ScalarOperator>
                                                            </Intrinsic>
                                                          </ScalarOperator>
                                                        </Then>
                                                        <Else>
                                                          <ScalarOperator>
                                                            <Identifier>
                                                              <ColumnReference Column="Recr1014" />
                                                            </Identifier>
                                                          </ScalarOperator>
                                                        </Else>
                                                      </IF>
                                                    </ScalarOperator>
                                                    <ScalarOperator>
                                                      <Const ConstValue="N'ALL_INDEXES'" />
                                                    </ScalarOperator>
                                                  </Compare>
                                                </ScalarOperator>
                                              </Condition>
                                              <Then>
                                                <ScalarOperator>
                                                  <Convert DataType="nvarchar(max)" Length="2147483647" Style="0" Implicit="1">
                                                    <ScalarOperator>
                                                      <Const ConstValue="'%.%.%.%'" />
                                                    </ScalarOperator>
                                                  </Convert>
                                                </ScalarOperator>
                                              </Then>
                                              <Else>
                                                <ScalarOperator>
                                                  <IF>
                                                    <Condition>
                                                      <ScalarOperator>
                                                        <Intrinsic FunctionName="like">
                                                          <ScalarOperator>
                                                            <Identifier>
                                                              <ColumnReference Column="Recr1014" />
                                                            </Identifier>
                                                          </ScalarOperator>
                                                          <ScalarOperator>
                                                            <Const ConstValue="N'-%'" />
                                                          </ScalarOperator>
                                                        </Intrinsic>
                                                      </ScalarOperator>
                                                    </Condition>
                                                    <Then>
                                                      <ScalarOperator>
                                                        <Intrinsic FunctionName="right">
                                                          <ScalarOperator>
                                                            <Identifier>
                                                              <ColumnReference Column="Recr1014" />
                                                            </Identifier>
                                                          </ScalarOperator>
                                                          <ScalarOperator>
                                                            <Arithmetic Operation="SUB">
                                                              <ScalarOperator>
                                                                <Intrinsic FunctionName="len">
                                                                  <ScalarOperator>
                                                                    <Identifier>
                                                                      <ColumnReference Column="Recr1014" />
                                                                    </Identifier>
                                                                  </ScalarOperator>
                                                                </Intrinsic>
                                                              </ScalarOperator>
                                                              <ScalarOperator>
                                                                <Const ConstValue="(1)" />
                                                              </ScalarOperator>
                                                            </Arithmetic>
                                                          </ScalarOperator>
                                                        </Intrinsic>
                                                      </ScalarOperator>
                                                    </Then>
                                                    <Else>
                                                      <ScalarOperator>
                                                        <Identifier>
                                                          <ColumnReference Column="Recr1014" />
                                                        </Identifier>
                                                      </ScalarOperator>
                                                    </Else>
                                                  </IF>
                                                </ScalarOperator>
                                              </Else>
                                            </IF>
                                          </ScalarOperator>
                                        </Convert>
                                      </ScalarOperator>
                                      <ScalarOperator>
                                        <Const ConstValue="(2)" />
                                      </ScalarOperator>
                                    </Intrinsic>
                                  </ScalarOperator>
                                </Then>
                                <Else>
                                  <ScalarOperator>
                                    <Intrinsic FunctionName="parsename">
                                      <ScalarOperator>
                                        <Convert DataType="nvarchar" Length="8000" Style="0" Implicit="1">
                                          <ScalarOperator>
                                            <IF>
                                              <Condition>
                                                <ScalarOperator>
                                                  <Compare CompareOp="EQ">
                                                    <ScalarOperator>
                                                      <IF>
                                                        <Condition>
                                                          <ScalarOperator>
                                                            <Intrinsic FunctionName="like">
                                                              <ScalarOperator>
                                                                <Identifier>
                                                                  <ColumnReference Column="Recr1014" />
                                                                </Identifier>
                                                              </ScalarOperator>
                                                              <ScalarOperator>
                                                                <Const ConstValue="N'-%'" />
                                                              </ScalarOperator>
                                                            </Intrinsic>
                                                          </ScalarOperator>
                                                        </Condition>
                                                        <Then>
                                                          <ScalarOperator>
                                                            <Intrinsic FunctionName="right">
                                                              <ScalarOperator>
                                                                <Identifier>
                                                                  <ColumnReference Column="Recr1014" />
                                                                </Identifier>
                                                              </ScalarOperator>
                                                              <ScalarOperator>
                                                                <Arithmetic Operation="SUB">
                                                                  <ScalarOperator>
                                                                    <Intrinsic FunctionName="len">
                                                                      <ScalarOperator>
                                                                        <Identifier>
                                                                          <ColumnReference Column="Recr1014" />
                                                                        </Identifier>
                                                                      </ScalarOperator>
                                                                    </Intrinsic>
                                                                  </ScalarOperator>
                                                                  <ScalarOperator>
                                                                    <Const ConstValue="(1)" />
                                                                  </ScalarOperator>
                                                                </Arithmetic>
                                                              </ScalarOperator>
                                                            </Intrinsic>
                                                          </ScalarOperator>
                                                        </Then>
                                                        <Else>
                                                          <ScalarOperator>
                                                            <Identifier>
                                                              <ColumnReference Column="Recr1014" />
                                                            </Identifier>
                                                          </ScalarOperator>
                                                        </Else>
                                                      </IF>
                                                    </ScalarOperator>
                                                    <ScalarOperator>
                                                      <Const ConstValue="N'ALL_INDEXES'" />
                                                    </ScalarOperator>
                                                  </Compare>
                                                </ScalarOperator>
                                              </Condition>
                                              <Then>
                                                <ScalarOperator>
                                                  <Convert DataType="nvarchar(max)" Length="2147483647" Style="0" Implicit="1">
                                                    <ScalarOperator>
                                                      <Const ConstValue="'%.%.%.%'" />
                                                    </ScalarOperator>
                                                  </Convert>
                                                </ScalarOperator>
                                              </Then>
                                              <Else>
                                                <ScalarOperator>
                                                  <IF>
                                                    <Condition>
                                                      <ScalarOperator>
                                                        <Intrinsic FunctionName="like">
                                                          <ScalarOperator>
                                                            <Identifier>
                                                              <ColumnReference Column="Recr1014" />
                                                            </Identifier>
                                                          </ScalarOperator>
                                                          <ScalarOperator>
                                                            <Const ConstValue="N'-%'" />
                                                          </ScalarOperator>
                                                        </Intrinsic>
                                                      </ScalarOperator>
                                                    </Condition>
                                                    <Then>
                                                      <ScalarOperator>
                                                        <Intrinsic FunctionName="right">
                                                          <ScalarOperator>
                                                            <Identifier>
                                                              <ColumnReference Column="Recr1014" />
                                                            </Identifier>
                                                          </ScalarOperator>
                                                          <ScalarOperator>
                                                            <Arithmetic Operation="SUB">
                                                              <ScalarOperator>
                                                                <Intrinsic FunctionName="len">
                                                                  <ScalarOperator>
                                                                    <Identifier>
                                                                      <ColumnReference Column="Recr1014" />
                                                                    </Identifier>
                                                                  </ScalarOperator>
                                                                </Intrinsic>
                                                              </ScalarOperator>
                                                              <ScalarOperator>
                                                                <Const ConstValue="(1)" />
                                                              </ScalarOperator>
                                                            </Arithmetic>
                                                          </ScalarOperator>
                                                        </Intrinsic>
                                                      </ScalarOperator>
                                                    </Then>
                                                    <Else>
                                                      <ScalarOperator>
                                                        <Identifier>
                                                          <ColumnReference Column="Recr1014" />
                                                        </Identifier>
                                                      </ScalarOperator>
                                                    </Else>
                                                  </IF>
                                                </ScalarOperator>
                                              </Else>
                                            </IF>
                                          </ScalarOperator>
                                        </Convert>
                                      </ScalarOperator>
                                      <ScalarOperator>
                                        <Const ConstValue="(3)" />
                                      </ScalarOperator>
                                    </Intrinsic>
                                  </ScalarOperator>
                                </Else>
                              </IF>
                            </ScalarOperator>
                          </Convert>
                        </ScalarOperator>
                      </DefinedValue>
                      <DefinedValue>
                        <ColumnReference Column="Expr1026" />
                        <ScalarOperator ScalarString="CONVERT_IMPLICIT(nvarchar(max),CASE WHEN parsename(CONVERT_IMPLICIT(nvarchar(4000),CASE WHEN CASE WHEN [Recr1014] like N'-%' THEN right([Recr1014],len([Recr1014])-(1)) ELSE [Recr1014] END=N'ALL_INDEXES' THEN CONVERT_IMPLICIT(nvarchar(max),'%.%.%.%',0) ELSE CASE WHEN [Recr1014] like N'-%' THEN right([Recr1014],len([Recr1014])-(1)) ELSE [Recr1014] END END,0),(4)) IS NULL THEN parsename(CONVERT_IMPLICIT(nvarchar(4000),CASE WHEN CASE WHEN [Recr1014] like N'-%' THEN right([Recr1014],len([Recr1014])-(1)) ELSE [Recr1014] END=N'ALL_INDEXES' THEN CONVERT_IMPLICIT(nvarchar(max),'%.%.%.%',0) ELSE CASE WHEN [Recr1014] like N'-%' THEN right([Recr1014],len([Recr1014])-(1)) ELSE [Recr1014] END END,0),(1)) ELSE parsename(CONVERT_IMPLICIT(nvarchar(4000),CASE WHEN CASE WHEN [Recr1014] like N'-%' THEN right([Recr1014],len([Recr1014])-(1)) ELSE [Recr1014] END=N'ALL_INDEXES' THEN CONVERT_IMPLICIT(nvarchar(max),'%.%.%.%',0) ELSE CASE WHEN [Recr1014] like N'-%' THEN right([Recr1014],len([Recr1014])-(1)) ELSE [Recr1014] END END,0),(2)) END,0)">
                          <Convert DataType="nvarchar(max)" Length="2147483647" Style="0" Implicit="1">
                            <ScalarOperator>
                              <IF>
                                <Condition>
                                  <ScalarOperator>
                                    <Compare CompareOp="IS">
                                      <ScalarOperator>
                                        <Intrinsic FunctionName="parsename">
                                          <ScalarOperator>
                                            <Convert DataType="nvarchar" Length="8000" Style="0" Implicit="1">
                                              <ScalarOperator>
                                                <IF>
                                                  <Condition>
                                                    <ScalarOperator>
                                                      <Compare CompareOp="EQ">
                                                        <ScalarOperator>
                                                          <IF>
                                                            <Condition>
                                                              <ScalarOperator>
                                                                <Intrinsic FunctionName="like">
                                                                  <ScalarOperator>
                                                                    <Identifier>
                                                                      <ColumnReference Column="Recr1014" />
                                                                    </Identifier>
                                                                  </ScalarOperator>
                                                                  <ScalarOperator>
                                                                    <Const ConstValue="N'-%'" />
                                                                  </ScalarOperator>
                                                                </Intrinsic>
                                                              </ScalarOperator>
                                                            </Condition>
                                                            <Then>
                                                              <ScalarOperator>
                                                                <Intrinsic FunctionName="right">
                                                                  <ScalarOperator>
                                                                    <Identifier>
                                                                      <ColumnReference Column="Recr1014" />
                                                                    </Identifier>
                                                                  </ScalarOperator>
                                                                  <ScalarOperator>
                                                                    <Arithmetic Operation="SUB">
                                                                      <ScalarOperator>
                                                                        <Intrinsic FunctionName="len">
                                                                          <ScalarOperator>
                                                                            <Identifier>
                                                                              <ColumnReference Column="Recr1014" />
                                                                            </Identifier>
                                                                          </ScalarOperator>
                                                                        </Intrinsic>
                                                                      </ScalarOperator>
                                                                      <ScalarOperator>
                                                                        <Const ConstValue="(1)" />
                                                                      </ScalarOperator>
                                                                    </Arithmetic>
                                                                  </ScalarOperator>
                                                                </Intrinsic>
                                                              </ScalarOperator>
                                                            </Then>
                                                            <Else>
                                                              <ScalarOperator>
                                                                <Identifier>
                                                                  <ColumnReference Column="Recr1014" />
                                                                </Identifier>
                                                              </ScalarOperator>
                                                            </Else>
                                                          </IF>
                                                        </ScalarOperator>
                                                        <ScalarOperator>
                                                          <Const ConstValue="N'ALL_INDEXES'" />
                                                        </ScalarOperator>
                                                      </Compare>
                                                    </ScalarOperator>
                                                  </Condition>
                                                  <Then>
                                                    <ScalarOperator>
                                                      <Convert DataType="nvarchar(max)" Length="2147483647" Style="0" Implicit="1">
                                                        <ScalarOperator>
                                                          <Const ConstValue="'%.%.%.%'" />
                                                        </ScalarOperator>
                                                      </Convert>
                                                    </ScalarOperator>
                                                  </Then>
                                                  <Else>
                                                    <ScalarOperator>
                                                      <IF>
                                                        <Condition>
                                                          <ScalarOperator>
                                                            <Intrinsic FunctionName="like">
                                                              <ScalarOperator>
                                                                <Identifier>
                                                                  <ColumnReference Column="Recr1014" />
                                                                </Identifier>
                                                              </ScalarOperator>
                                                              <ScalarOperator>
                                                                <Const ConstValue="N'-%'" />
                                                              </ScalarOperator>
                                                            </Intrinsic>
                                                          </ScalarOperator>
                                                        </Condition>
                                                        <Then>
                                                          <ScalarOperator>
                                                            <Intrinsic FunctionName="right">
                                                              <ScalarOperator>
                                                                <Identifier>
                                                                  <ColumnReference Column="Recr1014" />
                                                                </Identifier>
                                                              </ScalarOperator>
                                                              <ScalarOperator>
                                                                <Arithmetic Operation="SUB">
                                                                  <ScalarOperator>
                                                                    <Intrinsic FunctionName="len">
                                                                      <ScalarOperator>
                                                                        <Identifier>
                                                                          <ColumnReference Column="Recr1014" />
                                                                        </Identifier>
                                                                      </ScalarOperator>
                                                                    </Intrinsic>
                                                                  </ScalarOperator>
                                                                  <ScalarOperator>
                                                                    <Const ConstValue="(1)" />
                                                                  </ScalarOperator>
                                                                </Arithmetic>
                                                              </ScalarOperator>
                                                            </Intrinsic>
                                                          </ScalarOperator>
                                                        </Then>
                                                        <Else>
                                                          <ScalarOperator>
                                                            <Identifier>
                                                              <ColumnReference Column="Recr1014" />
                                                            </Identifier>
                                                          </ScalarOperator>
                                                        </Else>
                                                      </IF>
                                                    </ScalarOperator>
                                                  </Else>
                                                </IF>
                                              </ScalarOperator>
                                            </Convert>
                                          </ScalarOperator>
                                          <ScalarOperator>
                                            <Const ConstValue="(4)" />
                                          </ScalarOperator>
                                        </Intrinsic>
                                      </ScalarOperator>
                                      <ScalarOperator>
                                        <Const ConstValue="NULL" />
                                      </ScalarOperator>
                                    </Compare>
                                  </ScalarOperator>
                                </Condition>
                                <Then>
                                  <ScalarOperator>
                                    <Intrinsic FunctionName="parsename">
                                      <ScalarOperator>
                                        <Convert DataType="nvarchar" Length="8000" Style="0" Implicit="1">
                                          <ScalarOperator>
                                            <IF>
                                              <Condition>
                                                <ScalarOperator>
                                                  <Compare CompareOp="EQ">
                                                    <ScalarOperator>
                                                      <IF>
                                                        <Condition>
                                                          <ScalarOperator>
                                                            <Intrinsic FunctionName="like">
                                                              <ScalarOperator>
                                                                <Identifier>
                                                                  <ColumnReference Column="Recr1014" />
                                                                </Identifier>
                                                              </ScalarOperator>
                                                              <ScalarOperator>
                                                                <Const ConstValue="N'-%'" />
                                                              </ScalarOperator>
                                                            </Intrinsic>
                                                          </ScalarOperator>
                                                        </Condition>
                                                        <Then>
                                                          <ScalarOperator>
                                                            <Intrinsic FunctionName="right">
                                                              <ScalarOperator>
                                                                <Identifier>
                                                                  <ColumnReference Column="Recr1014" />
                                                                </Identifier>
                                                              </ScalarOperator>
                                                              <ScalarOperator>
                                                                <Arithmetic Operation="SUB">
                                                                  <ScalarOperator>
                                                                    <Intrinsic FunctionName="len">
                                                                      <ScalarOperator>
                                                                        <Identifier>
                                                                          <ColumnReference Column="Recr1014" />
                                                                        </Identifier>
                                                                      </ScalarOperator>
                                                                    </Intrinsic>
                                                                  </ScalarOperator>
                                                                  <ScalarOperator>
                                                                    <Const ConstValue="(1)" />
                                                                  </ScalarOperator>
                                                                </Arithmetic>
                                                              </ScalarOperator>
                                                            </Intrinsic>
                                                          </ScalarOperator>
                                                        </Then>
                                                        <Else>
                                                          <ScalarOperator>
                                                            <Identifier>
                                                              <ColumnReference Column="Recr1014" />
                                                            </Identifier>
                                                          </ScalarOperator>
                                                        </Else>
                                                      </IF>
                                                    </ScalarOperator>
                                                    <ScalarOperator>
                                                      <Const ConstValue="N'ALL_INDEXES'" />
                                                    </ScalarOperator>
                                                  </Compare>
                                                </ScalarOperator>
                                              </Condition>
                                              <Then>
                                                <ScalarOperator>
                                                  <Convert DataType="nvarchar(max)" Length="2147483647" Style="0" Implicit="1">
                                                    <ScalarOperator>
                                                      <Const ConstValue="'%.%.%.%'" />
                                                    </ScalarOperator>
                                                  </Convert>
                                                </ScalarOperator>
                                              </Then>
                                              <Else>
                                                <ScalarOperator>
                                                  <IF>
                                                    <Condition>
                                                      <ScalarOperator>
                                                        <Intrinsic FunctionName="like">
                                                          <ScalarOperator>
                                                            <Identifier>
                                                              <ColumnReference Column="Recr1014" />
                                                            </Identifier>
                                                          </ScalarOperator>
                                                          <ScalarOperator>
                                                            <Const ConstValue="N'-%'" />
                                                          </ScalarOperator>
                                                        </Intrinsic>
                                                      </ScalarOperator>
                                                    </Condition>
                                                    <Then>
                                                      <ScalarOperator>
                                                        <Intrinsic FunctionName="right">
                                                          <ScalarOperator>
                                                            <Identifier>
                                                              <ColumnReference Column="Recr1014" />
                                                            </Identifier>
                                                          </ScalarOperator>
                                                          <ScalarOperator>
                                                            <Arithmetic Operation="SUB">
                                                              <ScalarOperator>
                                                                <Intrinsic FunctionName="len">
                                                                  <ScalarOperator>
                                                                    <Identifier>
                                                                      <ColumnReference Column="Recr1014" />
                                                                    </Identifier>
                                                                  </ScalarOperator>
                                                                </Intrinsic>
                                                              </ScalarOperator>
                                                              <ScalarOperator>
                                                                <Const ConstValue="(1)" />
                                                              </ScalarOperator>
                                                            </Arithmetic>
                                                          </ScalarOperator>
                                                        </Intrinsic>
                                                      </ScalarOperator>
                                                    </Then>
                                                    <Else>
                                                      <ScalarOperator>
                                                        <Identifier>
                                                          <ColumnReference Column="Recr1014" />
                                                        </Identifier>
                                                      </ScalarOperator>
                                                    </Else>
                                                  </IF>
                                                </ScalarOperator>
                                              </Else>
                                            </IF>
                                          </ScalarOperator>
                                        </Convert>
                                      </ScalarOperator>
                                      <ScalarOperator>
                                        <Const ConstValue="(1)" />
                                      </ScalarOperator>
                                    </Intrinsic>
                                  </ScalarOperator>
                                </Then>
                                <Else>
                                  <ScalarOperator>
                                    <Intrinsic FunctionName="parsename">
                                      <ScalarOperator>
                                        <Convert DataType="nvarchar" Length="8000" Style="0" Implicit="1">
                                          <ScalarOperator>
                                            <IF>
                                              <Condition>
                                                <ScalarOperator>
                                                  <Compare CompareOp="EQ">
                                                    <ScalarOperator>
                                                      <IF>
                                                        <Condition>
                                                          <ScalarOperator>
                                                            <Intrinsic FunctionName="like">
                                                              <ScalarOperator>
                                                                <Identifier>
                                                                  <ColumnReference Column="Recr1014" />
                                                                </Identifier>
                                                              </ScalarOperator>
                                                              <ScalarOperator>
                                                                <Const ConstValue="N'-%'" />
                                                              </ScalarOperator>
                                                            </Intrinsic>
                                                          </ScalarOperator>
                                                        </Condition>
                                                        <Then>
                                                          <ScalarOperator>
                                                            <Intrinsic FunctionName="right">
                                                              <ScalarOperator>
                                                                <Identifier>
                                                                  <ColumnReference Column="Recr1014" />
                                                                </Identifier>
                                                              </ScalarOperator>
                                                              <ScalarOperator>
                                                                <Arithmetic Operation="SUB">
                                                                  <ScalarOperator>
                                                                    <Intrinsic FunctionName="len">
                                                                      <ScalarOperator>
                                                                        <Identifier>
                                                                          <ColumnReference Column="Recr1014" />
                                                                        </Identifier>
                                                                      </ScalarOperator>
                                                                    </Intrinsic>
                                                                  </ScalarOperator>
                                                                  <ScalarOperator>
                                                                    <Const ConstValue="(1)" />
                                                                  </ScalarOperator>
                                                                </Arithmetic>
                                                              </ScalarOperator>
                                                            </Intrinsic>
                                                          </ScalarOperator>
                                                        </Then>
                                                        <Else>
                                                          <ScalarOperator>
                                                            <Identifier>
                                                              <ColumnReference Column="Recr1014" />
                                                            </Identifier>
                                                          </ScalarOperator>
                                                        </Else>
                                                      </IF>
                                                    </ScalarOperator>
                                                    <ScalarOperator>
                                                      <Const ConstValue="N'ALL_INDEXES'" />
                                                    </ScalarOperator>
                                                  </Compare>
                                                </ScalarOperator>
                                              </Condition>
                                              <Then>
                                                <ScalarOperator>
                                                  <Convert DataType="nvarchar(max)" Length="2147483647" Style="0" Implicit="1">
                                                    <ScalarOperator>
                                                      <Const ConstValue="'%.%.%.%'" />
                                                    </ScalarOperator>
                                                  </Convert>
                                                </ScalarOperator>
                                              </Then>
                                              <Else>
                                                <ScalarOperator>
                                                  <IF>
                                                    <Condition>
                                                      <ScalarOperator>
                                                        <Intrinsic FunctionName="like">
                                                          <ScalarOperator>
                                                            <Identifier>
                                                              <ColumnReference Column="Recr1014" />
                                                            </Identifier>
                                                          </ScalarOperator>
                                                          <ScalarOperator>
                                                            <Const ConstValue="N'-%'" />
                                                          </ScalarOperator>
                                                        </Intrinsic>
                                                      </ScalarOperator>
                                                    </Condition>
                                                    <Then>
                                                      <ScalarOperator>
                                                        <Intrinsic FunctionName="right">
                                                          <ScalarOperator>
                                                            <Identifier>
                                                              <ColumnReference Column="Recr1014" />
                                                            </Identifier>
                                                          </ScalarOperator>
                                                          <ScalarOperator>
                                                            <Arithmetic Operation="SUB">
                                                              <ScalarOperator>
                                                                <Intrinsic FunctionName="len">
                                                                  <ScalarOperator>
                                                                    <Identifier>
                                                                      <ColumnReference Column="Recr1014" />
                                                                    </Identifier>
                                                                  </ScalarOperator>
                                                                </Intrinsic>
                                                              </ScalarOperator>
                                                              <ScalarOperator>
                                                                <Const ConstValue="(1)" />
                                                              </ScalarOperator>
                                                            </Arithmetic>
                                                          </ScalarOperator>
                                                        </Intrinsic>
                                                      </ScalarOperator>
                                                    </Then>
                                                    <Else>
                                                      <ScalarOperator>
                                                        <Identifier>
                                                          <ColumnReference Column="Recr1014" />
                                                        </Identifier>
                                                      </ScalarOperator>
                                                    </Else>
                                                  </IF>
                                                </ScalarOperator>
                                              </Else>
                                            </IF>
                                          </ScalarOperator>
                                        </Convert>
                                      </ScalarOperator>
                                      <ScalarOperator>
                                        <Const ConstValue="(2)" />
                                      </ScalarOperator>
                                    </Intrinsic>
                                  </ScalarOperator>
                                </Else>
                              </IF>
                            </ScalarOperator>
                          </Convert>
                        </ScalarOperator>
                      </DefinedValue>
                      <DefinedValue>
                        <ColumnReference Column="Expr1027" />
                        <ScalarOperator ScalarString="CONVERT_IMPLICIT(nvarchar(max),CASE WHEN parsename(CONVERT_IMPLICIT(nvarchar(4000),CASE WHEN CASE WHEN [Recr1014] like N'-%' THEN right([Recr1014],len([Recr1014])-(1)) ELSE [Recr1014] END=N'ALL_INDEXES' THEN CONVERT_IMPLICIT(nvarchar(max),'%.%.%.%',0) ELSE CASE WHEN [Recr1014] like N'-%' THEN right([Recr1014],len([Recr1014])-(1)) ELSE [Recr1014] END END,0),(4)) IS NULL THEN N'%' ELSE parsename(CONVERT_IMPLICIT(nvarchar(4000),CASE WHEN CASE WHEN [Recr1014] like N'-%' THEN right([Recr1014],len([Recr1014])-(1)) ELSE [Recr1014] END=N'ALL_INDEXES' THEN CONVERT_IMPLICIT(nvarchar(max),'%.%.%.%',0) ELSE CASE WHEN [Recr1014] like N'-%' THEN right([Recr1014],len([Recr1014])-(1)) ELSE [Recr1014] END END,0),(1)) END,0)">
                          <Convert DataType="nvarchar(max)" Length="2147483647" Style="0" Implicit="1">
                            <ScalarOperator>
                              <IF>
                                <Condition>
                                  <ScalarOperator>
                                    <Compare CompareOp="IS">
                                      <ScalarOperator>
                                        <Intrinsic FunctionName="parsename">
                                          <ScalarOperator>
                                            <Convert DataType="nvarchar" Length="8000" Style="0" Implicit="1">
                                              <ScalarOperator>
                                                <IF>
                                                  <Condition>
                                                    <ScalarOperator>
                                                      <Compare CompareOp="EQ">
                                                        <ScalarOperator>
                                                          <IF>
                                                            <Condition>
                                                              <ScalarOperator>
                                                                <Intrinsic FunctionName="like">
                                                                  <ScalarOperator>
                                                                    <Identifier>
                                                                      <ColumnReference Column="Recr1014" />
                                                                    </Identifier>
                                                                  </ScalarOperator>
                                                                  <ScalarOperator>
                                                                    <Const ConstValue="N'-%'" />
                                                                  </ScalarOperator>
                                                                </Intrinsic>
                                                              </ScalarOperator>
                                                            </Condition>
                                                            <Then>
                                                              <ScalarOperator>
                                                                <Intrinsic FunctionName="right">
                                                                  <ScalarOperator>
                                                                    <Identifier>
                                                                      <ColumnReference Column="Recr1014" />
                                                                    </Identifier>
                                                                  </ScalarOperator>
                                                                  <ScalarOperator>
                                                                    <Arithmetic Operation="SUB">
                                                                      <ScalarOperator>
                                                                        <Intrinsic FunctionName="len">
                                                                          <ScalarOperator>
                                                                            <Identifier>
                                                                              <ColumnReference Column="Recr1014" />
                                                                            </Identifier>
                                                                          </ScalarOperator>
                                                                        </Intrinsic>
                                                                      </ScalarOperator>
                                                                      <ScalarOperator>
                                                                        <Const ConstValue="(1)" />
                                                                      </ScalarOperator>
                                                                    </Arithmetic>
                                                                  </ScalarOperator>
                                                                </Intrinsic>
                                                              </ScalarOperator>
                                                            </Then>
                                                            <Else>
                                                              <ScalarOperator>
                                                                <Identifier>
                                                                  <ColumnReference Column="Recr1014" />
                                                                </Identifier>
                                                              </ScalarOperator>
                                                            </Else>
                                                          </IF>
                                                        </ScalarOperator>
                                                        <ScalarOperator>
                                                          <Const ConstValue="N'ALL_INDEXES'" />
                                                        </ScalarOperator>
                                                      </Compare>
                                                    </ScalarOperator>
                                                  </Condition>
                                                  <Then>
                                                    <ScalarOperator>
                                                      <Convert DataType="nvarchar(max)" Length="2147483647" Style="0" Implicit="1">
                                                        <ScalarOperator>
                                                          <Const ConstValue="'%.%.%.%'" />
                                                        </ScalarOperator>
                                                      </Convert>
                                                    </ScalarOperator>
                                                  </Then>
                                                  <Else>
                                                    <ScalarOperator>
                                                      <IF>
                                                        <Condition>
                                                          <ScalarOperator>
                                                            <Intrinsic FunctionName="like">
                                                              <ScalarOperator>
                                                                <Identifier>
                                                                  <ColumnReference Column="Recr1014" />
                                                                </Identifier>
                                                              </ScalarOperator>
                                                              <ScalarOperator>
                                                                <Const ConstValue="N'-%'" />
                                                              </ScalarOperator>
                                                            </Intrinsic>
                                                          </ScalarOperator>
                                                        </Condition>
                                                        <Then>
                                                          <ScalarOperator>
                                                            <Intrinsic FunctionName="right">
                                                              <ScalarOperator>
                                                                <Identifier>
                                                                  <ColumnReference Column="Recr1014" />
                                                                </Identifier>
                                                              </ScalarOperator>
                                                              <ScalarOperator>
                                                                <Arithmetic Operation="SUB">
                                                                  <ScalarOperator>
                                                                    <Intrinsic FunctionName="len">
                                                                      <ScalarOperator>
                                                                        <Identifier>
                                                                          <ColumnReference Column="Recr1014" />
                                                                        </Identifier>
                                                                      </ScalarOperator>
                                                                    </Intrinsic>
                                                                  </ScalarOperator>
                                                                  <ScalarOperator>
                                                                    <Const ConstValue="(1)" />
                                                                  </ScalarOperator>
                                                                </Arithmetic>
                                                              </ScalarOperator>
                                                            </Intrinsic>
                                                          </ScalarOperator>
                                                        </Then>
                                                        <Else>
                                                          <ScalarOperator>
                                                            <Identifier>
                                                              <ColumnReference Column="Recr1014" />
                                                            </Identifier>
                                                          </ScalarOperator>
                                                        </Else>
                                                      </IF>
                                                    </ScalarOperator>
                                                  </Else>
                                                </IF>
                                              </ScalarOperator>
                                            </Convert>
                                          </ScalarOperator>
                                          <ScalarOperator>
                                            <Const ConstValue="(4)" />
                                          </ScalarOperator>
                                        </Intrinsic>
                                      </ScalarOperator>
                                      <ScalarOperator>
                                        <Const ConstValue="NULL" />
                                      </ScalarOperator>
                                    </Compare>
                                  </ScalarOperator>
                                </Condition>
                                <Then>
                                  <ScalarOperator>
                                    <Const ConstValue="N'%'" />
                                  </ScalarOperator>
                                </Then>
                                <Else>
                                  <ScalarOperator>
                                    <Intrinsic FunctionName="parsename">
                                      <ScalarOperator>
                                        <Convert DataType="nvarchar" Length="8000" Style="0" Implicit="1">
                                          <ScalarOperator>
                                            <IF>
                                              <Condition>
                                                <ScalarOperator>
                                                  <Compare CompareOp="EQ">
                                                    <ScalarOperator>
                                                      <IF>
                                                        <Condition>
                                                          <ScalarOperator>
                                                            <Intrinsic FunctionName="like">
                                                              <ScalarOperator>
                                                                <Identifier>
                                                                  <ColumnReference Column="Recr1014" />
                                                                </Identifier>
                                                              </ScalarOperator>
                                                              <ScalarOperator>
                                                                <Const ConstValue="N'-%'" />
                                                              </ScalarOperator>
                                                            </Intrinsic>
                                                          </ScalarOperator>
                                                        </Condition>
                                                        <Then>
                                                          <ScalarOperator>
                                                            <Intrinsic FunctionName="right">
                                                              <ScalarOperator>
                                                                <Identifier>
                                                                  <ColumnReference Column="Recr1014" />
                                                                </Identifier>
                                                              </ScalarOperator>
                                                              <ScalarOperator>
                                                                <Arithmetic Operation="SUB">
                                                                  <ScalarOperator>
                                                                    <Intrinsic FunctionName="len">
                                                                      <ScalarOperator>
                                                                        <Identifier>
                                                                          <ColumnReference Column="Recr1014" />
                                                                        </Identifier>
                                                                      </ScalarOperator>
                                                                    </Intrinsic>
                                                                  </ScalarOperator>
                                                                  <ScalarOperator>
                                                                    <Const ConstValue="(1)" />
                                                                  </ScalarOperator>
                                                                </Arithmetic>
                                                              </ScalarOperator>
                                                            </Intrinsic>
                                                          </ScalarOperator>
                                                        </Then>
                                                        <Else>
                                                          <ScalarOperator>
                                                            <Identifier>
                                                              <ColumnReference Column="Recr1014" />
                                                            </Identifier>
                                                          </ScalarOperator>
                                                        </Else>
                                                      </IF>
                                                    </ScalarOperator>
                                                    <ScalarOperator>
                                                      <Const ConstValue="N'ALL_INDEXES'" />
                                                    </ScalarOperator>
                                                  </Compare>
                                                </ScalarOperator>
                                              </Condition>
                                              <Then>
                                                <ScalarOperator>
                                                  <Convert DataType="nvarchar(max)" Length="2147483647" Style="0" Implicit="1">
                                                    <ScalarOperator>
                                                      <Const ConstValue="'%.%.%.%'" />
                                                    </ScalarOperator>
                                                  </Convert>
                                                </ScalarOperator>
                                              </Then>
                                              <Else>
                                                <ScalarOperator>
                                                  <IF>
                                                    <Condition>
                                                      <ScalarOperator>
                                                        <Intrinsic FunctionName="like">
                                                          <ScalarOperator>
                                                            <Identifier>
                                                              <ColumnReference Column="Recr1014" />
                                                            </Identifier>
                                                          </ScalarOperator>
                                                          <ScalarOperator>
                                                            <Const ConstValue="N'-%'" />
                                                          </ScalarOperator>
                                                        </Intrinsic>
                                                      </ScalarOperator>
                                                    </Condition>
                                                    <Then>
                                                      <ScalarOperator>
                                                        <Intrinsic FunctionName="right">
                                                          <ScalarOperator>
                                                            <Identifier>
                                                              <ColumnReference Column="Recr1014" />
                                                            </Identifier>
                                                          </ScalarOperator>
                                                          <ScalarOperator>
                                                            <Arithmetic Operation="SUB">
                                                              <ScalarOperator>
                                                                <Intrinsic FunctionName="len">
                                                                  <ScalarOperator>
                                                                    <Identifier>
                                                                      <ColumnReference Column="Recr1014" />
                                                                    </Identifier>
                                                                  </ScalarOperator>
                                                                </Intrinsic>
                                                              </ScalarOperator>
                                                              <ScalarOperator>
                                                                <Const ConstValue="(1)" />
                                                              </ScalarOperator>
                                                            </Arithmetic>
                                                          </ScalarOperator>
                                                        </Intrinsic>
                                                      </ScalarOperator>
                                                    </Then>
                                                    <Else>
                                                      <ScalarOperator>
                                                        <Identifier>
                                                          <ColumnReference Column="Recr1014" />
                                                        </Identifier>
                                                      </ScalarOperator>
                                                    </Else>
                                                  </IF>
                                                </ScalarOperator>
                                              </Else>
                                            </IF>
                                          </ScalarOperator>
                                        </Convert>
                                      </ScalarOperator>
                                      <ScalarOperator>
                                        <Const ConstValue="(1)" />
                                      </ScalarOperator>
                                    </Intrinsic>
                                  </ScalarOperator>
                                </Else>
                              </IF>
                            </ScalarOperator>
                          </Convert>
                        </ScalarOperator>
                      </DefinedValue>
                      <DefinedValue>
                        <ColumnReference Column="Expr1028" />
                        <ScalarOperator ScalarString="CONVERT_IMPLICIT(bit,CASE WHEN [Recr1014] like N'-%' THEN (0) ELSE (1) END,0)">
                          <Convert DataType="bit" Style="0" Implicit="1">
                            <ScalarOperator>
                              <IF>
                                <Condition>
                                  <ScalarOperator>
                                    <Intrinsic FunctionName="like">
                                      <ScalarOperator>
                                        <Identifier>
                                          <ColumnReference Column="Recr1014" />
                                        </Identifier>
                                      </ScalarOperator>
                                      <ScalarOperator>
                                        <Const ConstValue="N'-%'" />
                                      </ScalarOperator>
                                    </Intrinsic>
                                  </ScalarOperator>
                                </Condition>
                                <Then>
                                  <ScalarOperator>
                                    <Const ConstValue="(0)" />
                                  </ScalarOperator>
                                </Then>
                                <Else>
                                  <ScalarOperator>
                                    <Const ConstValue="(1)" />
                                  </ScalarOperator>
                                </Else>
                              </IF>
                            </ScalarOperator>
                          </Convert>
                        </ScalarOperator>
                      </DefinedValue>
                    </DefinedValues>
                    <RelOp NodeId="2" PhysicalOp="Index Spool" LogicalOp="Lazy Spool" EstimateRows="2" EstimateIO="0" EstimateCPU="1e-008" AvgRowSize="4035" EstimatedTotalSubtreeCost="6.834e-006" Parallel="0" EstimateRebinds="0" EstimateRewinds="0" EstimatedExecutionMode="Row">
                      <OutputList>
                        <ColumnReference Column="Expr1042" />
                        <ColumnReference Column="Recr1014" />
                        <ColumnReference Column="Recr1015" />
                        <ColumnReference Column="Recr1016" />
                      </OutputList>
                      <Spool Stack="1">
                        <RelOp NodeId="3" PhysicalOp="Concatenation" LogicalOp="Concatenation" EstimateRows="2" EstimateIO="0" EstimateCPU="2e-009" AvgRowSize="4035" EstimatedTotalSubtreeCost="5.244e-006" Parallel="0" EstimateRebinds="0" EstimateRewinds="0" EstimatedExecutionMode="Row">
                          <OutputList>
                            <ColumnReference Column="Expr1042" />
                            <ColumnReference Column="Recr1014" />
                            <ColumnReference Column="Recr1015" />
                            <ColumnReference Column="Recr1016" />
                          </OutputList>
                          <Concat>
                            <DefinedValues>
                              <DefinedValue>
                                <ColumnReference Column="Expr1042" />
                                <ColumnReference Column="Expr1039" />
                                <ColumnReference Column="Expr1041" />
                              </DefinedValue>
                              <DefinedValue>
                                <ColumnReference Column="Recr1014" />
                                <ColumnReference Column="Expr1005" />
                                <ColumnReference Column="Expr1011" />
                              </DefinedValue>
                              <DefinedValue>
                                <ColumnReference Column="Recr1015" />
                                <ColumnReference Column="Expr1006" />
                                <ColumnReference Column="Expr1012" />
                              </DefinedValue>
                              <DefinedValue>
                                <ColumnReference Column="Recr1016" />
                                <ColumnReference Column="Expr1007" />
                                <ColumnReference Column="Expr1013" />
                              </DefinedValue>
                            </DefinedValues>
                            <RelOp NodeId="4" PhysicalOp="Compute Scalar" LogicalOp="Compute Scalar" EstimateRows="1" EstimateIO="0" EstimateCPU="2e-008" AvgRowSize="4035" EstimatedTotalSubtreeCost="2e-008" Parallel="0" EstimateRebinds="2" EstimateRewinds="0" EstimatedExecutionMode="Row">
                              <OutputList>
                                <ColumnReference Column="Expr1039" />
                                <ColumnReference Column="Expr1005" />
                                <ColumnReference Column="Expr1006" />
                                <ColumnReference Column="Expr1007" />
                              </OutputList>
                              <ComputeScalar>
                                <DefinedValues>
                                  <DefinedValue>
                                    <ColumnReference Column="Expr1039" />
                                    <ScalarOperator ScalarString="(0)">
                                      <Const ConstValue="(0)" />
                                    </ScalarOperator>
                                  </DefinedValue>
                                </DefinedValues>
                                <RelOp NodeId="5" PhysicalOp="Compute Scalar" LogicalOp="Compute Scalar" EstimateRows="1" EstimateIO="0" EstimateCPU="1e-007" AvgRowSize="8065" EstimatedTotalSubtreeCost="1.737e-006" Parallel="0" EstimateRebinds="0" EstimateRewinds="0" EstimatedExecutionMode="Row">
                                  <OutputList>
                                    <ColumnReference Column="Expr1005" />
                                    <ColumnReference Column="Expr1006" />
                                    <ColumnReference Column="Expr1007" />
                                  </OutputList>
                                  <ComputeScalar>
                                    <DefinedValues>
                                      <DefinedValue>
                                        <ColumnReference Column="Expr1005" />
                                        <ScalarOperator ScalarString="CASE WHEN charindex(N',',replace([@Indexes],N', ',CONVERT_IMPLICIT(nvarchar(max),',',0)))=(0) THEN [@Indexes] ELSE substring(replace([@Indexes],N', ',CONVERT_IMPLICIT(nvarchar(max),',',0)),(1),charindex(N',',replace([@Indexes],N', ',CONVERT_IMPLICIT(nvarchar(max),',',0)))-(1)) END">
                                          <IF>
                                            <Condition>
                                              <ScalarOperator>
                                                <Compare CompareOp="EQ">
                                                  <ScalarOperator>
                                                    <Intrinsic FunctionName="charindex">
                                                      <ScalarOperator>
                                                        <Const ConstValue="N','" />
                                                      </ScalarOperator>
                                                      <ScalarOperator>
                                                        <Intrinsic FunctionName="replace">
                                                          <ScalarOperator>
                                                            <Identifier>
                                                              <ColumnReference Column="@Indexes" />
                                                            </Identifier>
                                                          </ScalarOperator>
                                                          <ScalarOperator>
                                                            <Const ConstValue="N', '" />
                                                          </ScalarOperator>
                                                          <ScalarOperator>
                                                            <Convert DataType="nvarchar(max)" Length="2147483647" Style="0" Implicit="1">
                                                              <ScalarOperator>
                                                                <Const ConstValue="','" />
                                                              </ScalarOperator>
                                                            </Convert>
                                                          </ScalarOperator>
                                                        </Intrinsic>
                                                      </ScalarOperator>
                                                      <ScalarOperator>
                                                        <Const ConstValue="" />
                                                      </ScalarOperator>
                                                    </Intrinsic>
                                                  </ScalarOperator>
                                                  <ScalarOperator>
                                                    <Const ConstValue="(0)" />
                                                  </ScalarOperator>
                                                </Compare>
                                              </ScalarOperator>
                                            </Condition>
                                            <Then>
                                              <ScalarOperator>
                                                <Identifier>
                                                  <ColumnReference Column="@Indexes" />
                                                </Identifier>
                                              </ScalarOperator>
                                            </Then>
                                            <Else>
                                              <ScalarOperator>
                                                <Intrinsic FunctionName="substring">
                                                  <ScalarOperator>
                                                    <Intrinsic FunctionName="replace">
                                                      <ScalarOperator>
                                                        <Identifier>
                                                          <ColumnReference Column="@Indexes" />
                                                        </Identifier>
                                                      </ScalarOperator>
                                                      <ScalarOperator>
                                                        <Const ConstValue="N', '" />
                                                      </ScalarOperator>
                                                      <ScalarOperator>
                                                        <Convert DataType="nvarchar(max)" Length="2147483647" Style="0" Implicit="1">
                                                          <ScalarOperator>
                                                            <Const ConstValue="','" />
                                                          </ScalarOperator>
                                                        </Convert>
                                                      </ScalarOperator>
                                                    </Intrinsic>
                                                  </ScalarOperator>
                                                  <ScalarOperator>
                                                    <Const ConstValue="(1)" />
                                                  </ScalarOperator>
                                                  <ScalarOperator>
                                                    <Arithmetic Operation="SUB">
                                                      <ScalarOperator>
                                                        <Intrinsic FunctionName="charindex">
                                                          <ScalarOperator>
                                                            <Const ConstValue="N','" />
                                                          </ScalarOperator>
                                                          <ScalarOperator>
                                                            <Intrinsic FunctionName="replace">
                                                              <ScalarOperator>
                                                                <Identifier>
                                                                  <ColumnReference Column="@Indexes" />
                                                                </Identifier>
                                                              </ScalarOperator>
                                                              <ScalarOperator>
                                                                <Const ConstValue="N', '" />
                                                              </ScalarOperator>
                                                              <ScalarOperator>
                                                                <Convert DataType="nvarchar(max)" Length="2147483647" Style="0" Implicit="1">
                                                                  <ScalarOperator>
                                                                    <Const ConstValue="','" />
                                                                  </ScalarOperator>
                                                                </Convert>
                                                              </ScalarOperator>
                                                            </Intrinsic>
                                                          </ScalarOperator>
                                                          <ScalarOperator>
                                                            <Const ConstValue="" />
                                                          </ScalarOperator>
                                                        </Intrinsic>
                                                      </ScalarOperator>
                                                      <ScalarOperator>
                                                        <Const ConstValue="(1)" />
                                                      </ScalarOperator>
                                                    </Arithmetic>
                                                  </ScalarOperator>
                                                </Intrinsic>
                                              </ScalarOperator>
                                            </Else>
                                          </IF>
                                        </ScalarOperator>
                                      </DefinedValue>
                                      <DefinedValue>
                                        <ColumnReference Column="Expr1006" />
                                        <ScalarOperator ScalarString="CASE WHEN charindex(N',',replace([@Indexes],N', ',CONVERT_IMPLICIT(nvarchar(max),',',0)))=(0) THEN CONVERT_IMPLICIT(nvarchar(max),'',0) ELSE substring(replace([@Indexes],N', ',CONVERT_IMPLICIT(nvarchar(max),',',0)),charindex(N',',replace([@Indexes],N', ',CONVERT_IMPLICIT(nvarchar(max),',',0)))+(1),len(replace([@Indexes],N', ',CONVERT_IMPLICIT(nvarchar(max),',',0)))) END">
                                          <IF>
                                            <Condition>
                                              <ScalarOperator>
                                                <Compare CompareOp="EQ">
                                                  <ScalarOperator>
                                                    <Intrinsic FunctionName="charindex">
                                                      <ScalarOperator>
                                                        <Const ConstValue="N','" />
                                                      </ScalarOperator>
                                                      <ScalarOperator>
                                                        <Intrinsic FunctionName="replace">
                                                          <ScalarOperator>
                                                            <Identifier>
                                                              <ColumnReference Column="@Indexes" />
                                                            </Identifier>
                                                          </ScalarOperator>
                                                          <ScalarOperator>
                                                            <Const ConstValue="N', '" />
                                                          </ScalarOperator>
                                                          <ScalarOperator>
                                                            <Convert DataType="nvarchar(max)" Length="2147483647" Style="0" Implicit="1">
                                                              <ScalarOperator>
                                                                <Const ConstValue="','" />
                                                              </ScalarOperator>
                                                            </Convert>
                                                          </ScalarOperator>
                                                        </Intrinsic>
                                                      </ScalarOperator>
                                                      <ScalarOperator>
                                                        <Const ConstValue="" />
                                                      </ScalarOperator>
                                                    </Intrinsic>
                                                  </ScalarOperator>
                                                  <ScalarOperator>
                                                    <Const ConstValue="(0)" />
                                                  </ScalarOperator>
                                                </Compare>
                                              </ScalarOperator>
                                            </Condition>
                                            <Then>
                                              <ScalarOperator>
                                                <Convert DataType="nvarchar(max)" Length="2147483647" Style="0" Implicit="1">
                                                  <ScalarOperator>
                                                    <Const ConstValue="''" />
                                                  </ScalarOperator>
                                                </Convert>
                                              </ScalarOperator>
                                            </Then>
                                            <Else>
                                              <ScalarOperator>
                                                <Intrinsic FunctionName="substring">
                                                  <ScalarOperator>
                                                    <Intrinsic FunctionName="replace">
                                                      <ScalarOperator>
                                                        <Identifier>
                                                          <ColumnReference Column="@Indexes" />
                                                        </Identifier>
                                                      </ScalarOperator>
                                                      <ScalarOperator>
                                                        <Const ConstValue="N', '" />
                                                      </ScalarOperator>
                                                      <ScalarOperator>
                                                        <Convert DataType="nvarchar(max)" Length="2147483647" Style="0" Implicit="1">
                                                          <ScalarOperator>
                                                            <Const ConstValue="','" />
                                                          </ScalarOperator>
                                                        </Convert>
                                                      </ScalarOperator>
                                                    </Intrinsic>
                                                  </ScalarOperator>
                                                  <ScalarOperator>
                                                    <Arithmetic Operation="ADD">
                                                      <ScalarOperator>
                                                        <Intrinsic FunctionName="charindex">
                                                          <ScalarOperator>
                                                            <Const ConstValue="N','" />
                                                          </ScalarOperator>
                                                          <ScalarOperator>
                                                            <Intrinsic FunctionName="replace">
                                                              <ScalarOperator>
                                                                <Identifier>
                                                                  <ColumnReference Column="@Indexes" />
                                                                </Identifier>
                                                              </ScalarOperator>
                                                              <ScalarOperator>
                                                                <Const ConstValue="N', '" />
                                                              </ScalarOperator>
                                                              <ScalarOperator>
                                                                <Convert DataType="nvarchar(max)" Length="2147483647" Style="0" Implicit="1">
                                                                  <ScalarOperator>
                                                                    <Const ConstValue="','" />
                                                                  </ScalarOperator>
                                                                </Convert>
                                                              </ScalarOperator>
                                                            </Intrinsic>
                                                          </ScalarOperator>
                                                          <ScalarOperator>
                                                            <Const ConstValue="" />
                                                          </ScalarOperator>
                                                        </Intrinsic>
                                                      </ScalarOperator>
                                                      <ScalarOperator>
                                                        <Const ConstValue="(1)" />
                                                      </ScalarOperator>
                                                    </Arithmetic>
                                                  </ScalarOperator>
                                                  <ScalarOperator>
                                                    <Intrinsic FunctionName="len">
                                                      <ScalarOperator>
                                                        <Intrinsic FunctionName="replace">
                                                          <ScalarOperator>
                                                            <Identifier>
                                                              <ColumnReference Column="@Indexes" />
                                                            </Identifier>
                                                          </ScalarOperator>
                                                          <ScalarOperator>
                                                            <Const ConstValue="N', '" />
                                                          </ScalarOperator>
                                                          <ScalarOperator>
                                                            <Convert DataType="nvarchar(max)" Length="2147483647" Style="0" Implicit="1">
                                                              <ScalarOperator>
                                                                <Const ConstValue="','" />
                                                              </ScalarOperator>
                                                            </Convert>
                                                          </ScalarOperator>
                                                        </Intrinsic>
                                                      </ScalarOperator>
                                                    </Intrinsic>
                                                  </ScalarOperator>
                                                </Intrinsic>
                                              </ScalarOperator>
                                            </Else>
                                          </IF>
                                        </ScalarOperator>
                                      </DefinedValue>
                                      <DefinedValue>
                                        <ColumnReference Column="Expr1007" />
                                        <ScalarOperator ScalarString="CASE WHEN charindex(N',',replace([@Indexes],N', ',CONVERT_IMPLICIT(nvarchar(max),',',0)))=(0) THEN (0) ELSE (1) END">
                                          <IF>
                                            <Condition>
                                              <ScalarOperator>
                                                <Compare CompareOp="EQ">
                                                  <ScalarOperator>
                                                    <Intrinsic FunctionName="charindex">
                                                      <ScalarOperator>
                                                        <Const ConstValue="N','" />
                                                      </ScalarOperator>
                                                      <ScalarOperator>
                                                        <Intrinsic FunctionName="replace">
                                                          <ScalarOperator>
                                                            <Identifier>
                                                              <ColumnReference Column="@Indexes" />
                                                            </Identifier>
                                                          </ScalarOperator>
                                                          <ScalarOperator>
                                                            <Const ConstValue="N', '" />
                                                          </ScalarOperator>
                                                          <ScalarOperator>
                                                            <Convert DataType="nvarchar(max)" Length="2147483647" Style="0" Implicit="1">
                                                              <ScalarOperator>
                                                                <Const ConstValue="','" />
                                                              </ScalarOperator>
                                                            </Convert>
                                                          </ScalarOperator>
                                                        </Intrinsic>
                                                      </ScalarOperator>
                                                      <ScalarOperator>
                                                        <Const ConstValue="" />
                                                      </ScalarOperator>
                                                    </Intrinsic>
                                                  </ScalarOperator>
                                                  <ScalarOperator>
                                                    <Const ConstValue="(0)" />
                                                  </ScalarOperator>
                                                </Compare>
                                              </ScalarOperator>
                                            </Condition>
                                            <Then>
                                              <ScalarOperator>
                                                <Const ConstValue="(0)" />
                                              </ScalarOperator>
                                            </Then>
                                            <Else>
                                              <ScalarOperator>
                                                <Const ConstValue="(1)" />
                                              </ScalarOperator>
                                            </Else>
                                          </IF>
                                        </ScalarOperator>
                                      </DefinedValue>
                                    </DefinedValues>
                                    <RelOp NodeId="6" PhysicalOp="Filter" LogicalOp="Filter" EstimateRows="1" EstimateIO="0" EstimateCPU="4.8e-007" AvgRowSize="9" EstimatedTotalSubtreeCost="1.637e-006" Parallel="0" EstimateRebinds="0" EstimateRewinds="0" EstimatedExecutionMode="Row">
                                      <OutputList />
                                      <Filter StartupExpression="1">
                                        <RelOp NodeId="7" PhysicalOp="Constant Scan" LogicalOp="Constant Scan" EstimateRows="1" EstimateIO="0" EstimateCPU="1.157e-006" AvgRowSize="9" EstimatedTotalSubtreeCost="1.157e-006" Parallel="0" EstimateRebinds="0" EstimateRewinds="0" EstimatedExecutionMode="Row">
                                          <OutputList />
                                          <ConstantScan />
                                        </RelOp>
                                        <Predicate>
                                          <ScalarOperator ScalarString="[@Indexes] IS NOT NULL">
                                            <Compare CompareOp="IS NOT">
                                              <ScalarOperator>
                                                <Identifier>
                                                  <ColumnReference Column="@Indexes" />
                                                </Identifier>
                                              </ScalarOperator>
                                              <ScalarOperator>
                                                <Const ConstValue="NULL" />
                                              </ScalarOperator>
                                            </Compare>
                                          </ScalarOperator>
                                        </Predicate>
                                      </Filter>
                                    </RelOp>
                                  </ComputeScalar>
                                </RelOp>
                              </ComputeScalar>
                            </RelOp>
                            <RelOp NodeId="19" PhysicalOp="Assert" LogicalOp="Assert" EstimateRows="2" EstimateIO="0" EstimateCPU="1.68e-007" AvgRowSize="4035" EstimatedTotalSubtreeCost="3.505e-006" Parallel="0" EstimateRebinds="2" EstimateRewinds="0" EstimatedExecutionMode="Row">
                              <OutputList>
                                <ColumnReference Column="Expr1041" />
                                <ColumnReference Column="Expr1011" />
                                <ColumnReference Column="Expr1012" />
                                <ColumnReference Column="Expr1013" />
                              </OutputList>
                              <Assert StartupExpression="0">
                                <RelOp NodeId="20" PhysicalOp="Nested Loops" LogicalOp="Inner Join" EstimateRows="2" EstimateIO="0" EstimateCPU="1.68e-007" AvgRowSize="4035" EstimatedTotalSubtreeCost="3.505e-006" Parallel="0" EstimateRebinds="2" EstimateRewinds="0" EstimatedExecutionMode="Row">
                                  <OutputList>
                                    <ColumnReference Column="Expr1041" />
                                    <ColumnReference Column="Expr1011" />
                                    <ColumnReference Column="Expr1012" />
                                    <ColumnReference Column="Expr1013" />
                                  </OutputList>
                                  <NestedLoops Optimized="0">
                                    <OuterReferences>
                                      <ColumnReference Column="Expr1041" />
                                      <ColumnReference Column="Recr1008" />
                                      <ColumnReference Column="Recr1009" />
                                      <ColumnReference Column="Recr1010" />
                                    </OuterReferences>
                                    <RelOp NodeId="21" PhysicalOp="Compute Scalar" LogicalOp="Compute Scalar" EstimateRows="1" EstimateIO="0" EstimateCPU="2e-008" AvgRowSize="4035" EstimatedTotalSubtreeCost="2e-008" Parallel="0" EstimateRebinds="2" EstimateRewinds="0" EstimatedExecutionMode="Row">
                                      <OutputList>
                                        <ColumnReference Column="Expr1041" />
                                        <ColumnReference Column="Recr1008" />
                                        <ColumnReference Column="Recr1009" />
                                        <ColumnReference Column="Recr1010" />
                                      </OutputList>
                                      <ComputeScalar>
                                        <DefinedValues>
                                          <DefinedValue>
                                            <ColumnReference Column="Expr1041" />
                                            <ScalarOperator ScalarString="[Expr1040]+(1)">
                                              <Arithmetic Operation="ADD">
                                                <ScalarOperator>
                                                  <Identifier>
                                                    <ColumnReference Column="Expr1040" />
                                                  </Identifier>
                                                </ScalarOperator>
                                                <ScalarOperator>
                                                  <Const ConstValue="(1)" />
                                                </ScalarOperator>
                                              </Arithmetic>
                                            </ScalarOperator>
                                          </DefinedValue>
                                        </DefinedValues>
                                        <RelOp NodeId="22" PhysicalOp="Table Spool" LogicalOp="Lazy Spool" EstimateRows="1" EstimateIO="0" EstimateCPU="2e-008" AvgRowSize="4035" EstimatedTotalSubtreeCost="2e-008" Parallel="0" EstimateRebinds="2" EstimateRewinds="0" EstimatedExecutionMode="Row">
                                          <OutputList>
                                            <ColumnReference Column="Expr1040" />
                                            <ColumnReference Column="Recr1008" />
                                            <ColumnReference Column="Recr1009" />
                                            <ColumnReference Column="Recr1010" />
                                          </OutputList>
                                          <Spool PrimaryNodeId="2" Stack="1" />
                                        </RelOp>
                                      </ComputeScalar>
                                    </RelOp>
                                    <RelOp NodeId="26" PhysicalOp="Compute Scalar" LogicalOp="Compute Scalar" EstimateRows="1" EstimateIO="0" EstimateCPU="1e-007" AvgRowSize="8065" EstimatedTotalSubtreeCost="3.317e-006" Parallel="0" EstimateRebinds="1" EstimateRewinds="0" EstimatedExecutionMode="Row">
                                      <OutputList>
                                        <ColumnReference Column="Expr1011" />
                                        <ColumnReference Column="Expr1012" />
                                        <ColumnReference Column="Expr1013" />
                                      </OutputList>
                                      <ComputeScalar>
                                        <DefinedValues>
                                          <DefinedValue>
                                            <ColumnReference Column="Expr1011" />
                                            <ScalarOperator ScalarString="CASE WHEN charindex(N',',[Recr1009])=(0) THEN [Recr1009] ELSE substring([Recr1009],(1),charindex(N',',[Recr1009])-(1)) END">
                                              <IF>
                                                <Condition>
                                                  <ScalarOperator>
                                                    <Compare CompareOp="EQ">
                                                      <ScalarOperator>
                                                        <Intrinsic FunctionName="charindex">
                                                          <ScalarOperator>
                                                            <Const ConstValue="N','" />
                                                          </ScalarOperator>
                                                          <ScalarOperator>
                                                            <Identifier>
                                                              <ColumnReference Column="Recr1009" />
                                                            </Identifier>
                                                          </ScalarOperator>
                                                          <ScalarOperator>
                                                            <Const ConstValue="" />
                                                          </ScalarOperator>
                                                        </Intrinsic>
                                                      </ScalarOperator>
                                                      <ScalarOperator>
                                                        <Const ConstValue="(0)" />
                                                      </ScalarOperator>
                                                    </Compare>
                                                  </ScalarOperator>
                                                </Condition>
                                                <Then>
                                                  <ScalarOperator>
                                                    <Identifier>
                                                      <ColumnReference Column="Recr1009" />
                                                    </Identifier>
                                                  </ScalarOperator>
                                                </Then>
                                                <Else>
                                                  <ScalarOperator>
                                                    <Intrinsic FunctionName="substring">
                                                      <ScalarOperator>
                                                        <Identifier>
                                                          <ColumnReference Column="Recr1009" />
                                                        </Identifier>
                                                      </ScalarOperator>
                                                      <ScalarOperator>
                                                        <Const ConstValue="(1)" />
                                                      </ScalarOperator>
                                                      <ScalarOperator>
                                                        <Arithmetic Operation="SUB">
                                                          <ScalarOperator>
                                                            <Intrinsic FunctionName="charindex">
                                                              <ScalarOperator>
                                                                <Const ConstValue="N','" />
                                                              </ScalarOperator>
                                                              <ScalarOperator>
                                                                <Identifier>
                                                                  <ColumnReference Column="Recr1009" />
                                                                </Identifier>
                                                              </ScalarOperator>
                                                              <ScalarOperator>
                                                                <Const ConstValue="" />
                                                              </ScalarOperator>
                                                            </Intrinsic>
                                                          </ScalarOperator>
                                                          <ScalarOperator>
                                                            <Const ConstValue="(1)" />
                                                          </ScalarOperator>
                                                        </Arithmetic>
                                                      </ScalarOperator>
                                                    </Intrinsic>
                                                  </ScalarOperator>
                                                </Else>
                                              </IF>
                                            </ScalarOperator>
                                          </DefinedValue>
                                          <DefinedValue>
                                            <ColumnReference Column="Expr1012" />
                                            <ScalarOperator ScalarString="CASE WHEN charindex(N',',[Recr1009])=(0) THEN CONVERT_IMPLICIT(nvarchar(max),'',0) ELSE substring([Recr1009],charindex(N',',[Recr1009])+(1),len([Recr1009])) END">
                                              <IF>
                                                <Condition>
                                                  <ScalarOperator>
                                                    <Compare CompareOp="EQ">
                                                      <ScalarOperator>
                                                        <Intrinsic FunctionName="charindex">
                                                          <ScalarOperator>
                                                            <Const ConstValue="N','" />
                                                          </ScalarOperator>
                                                          <ScalarOperator>
                                                            <Identifier>
                                                              <ColumnReference Column="Recr1009" />
                                                            </Identifier>
                                                          </ScalarOperator>
                                                          <ScalarOperator>
                                                            <Const ConstValue="" />
                                                          </ScalarOperator>
                                                        </Intrinsic>
                                                      </ScalarOperator>
                                                      <ScalarOperator>
                                                        <Const ConstValue="(0)" />
                                                      </ScalarOperator>
                                                    </Compare>
                                                  </ScalarOperator>
                                                </Condition>
                                                <Then>
                                                  <ScalarOperator>
                                                    <Convert DataType="nvarchar(max)" Length="2147483647" Style="0" Implicit="1">
                                                      <ScalarOperator>
                                                        <Const ConstValue="''" />
                                                      </ScalarOperator>
                                                    </Convert>
                                                  </ScalarOperator>
                                                </Then>
                                                <Else>
                                                  <ScalarOperator>
                                                    <Intrinsic FunctionName="substring">
                                                      <ScalarOperator>
                                                        <Identifier>
                                                          <ColumnReference Column="Recr1009" />
                                                        </Identifier>
                                                      </ScalarOperator>
                                                      <ScalarOperator>
                                                        <Arithmetic Operation="ADD">
                                                          <ScalarOperator>
                                                            <Intrinsic FunctionName="charindex">
                                                              <ScalarOperator>
                                                                <Const ConstValue="N','" />
                                                              </ScalarOperator>
                                                              <ScalarOperator>
                                                                <Identifier>
                                                                  <ColumnReference Column="Recr1009" />
                                                                </Identifier>
                                                              </ScalarOperator>
                                                              <ScalarOperator>
                                                                <Const ConstValue="" />
                                                              </ScalarOperator>
                                                            </Intrinsic>
                                                          </ScalarOperator>
                                                          <ScalarOperator>
                                                            <Const ConstValue="(1)" />
                                                          </ScalarOperator>
                                                        </Arithmetic>
                                                      </ScalarOperator>
                                                      <ScalarOperator>
                                                        <Intrinsic FunctionName="len">
                                                          <ScalarOperator>
                                                            <Identifier>
                                                              <ColumnReference Column="Recr1009" />
                                                            </Identifier>
                                                          </ScalarOperator>
                                                        </Intrinsic>
                                                      </ScalarOperator>
                                                    </Intrinsic>
                                                  </ScalarOperator>
                                                </Else>
                                              </IF>
                                            </ScalarOperator>
                                          </DefinedValue>
                                          <DefinedValue>
                                            <ColumnReference Column="Expr1013" />
                                            <ScalarOperator ScalarString="CASE WHEN charindex(N',',[Recr1009])=(0) THEN (0) ELSE (1) END">
                                              <IF>
                                                <Condition>
                                                  <ScalarOperator>
                                                    <Compare CompareOp="EQ">
                                                      <ScalarOperator>
                                                        <Intrinsic FunctionName="charindex">
                                                          <ScalarOperator>
                                                            <Const ConstValue="N','" />
                                                          </ScalarOperator>
                                                          <ScalarOperator>
                                                            <Identifier>
                                                              <ColumnReference Column="Recr1009" />
                                                            </Identifier>
                                                          </ScalarOperator>
                                                          <ScalarOperator>
                                                            <Const ConstValue="" />
                                                          </ScalarOperator>
                                                        </Intrinsic>
                                                      </ScalarOperator>
                                                      <ScalarOperator>
                                                        <Const ConstValue="(0)" />
                                                      </ScalarOperator>
                                                    </Compare>
                                                  </ScalarOperator>
                                                </Condition>
                                                <Then>
                                                  <ScalarOperator>
                                                    <Const ConstValue="(0)" />
                                                  </ScalarOperator>
                                                </Then>
                                                <Else>
                                                  <ScalarOperator>
                                                    <Const ConstValue="(1)" />
                                                  </ScalarOperator>
                                                </Else>
                                              </IF>
                                            </ScalarOperator>
                                          </DefinedValue>
                                        </DefinedValues>
                                        <RelOp NodeId="27" PhysicalOp="Filter" LogicalOp="Filter" EstimateRows="1" EstimateIO="0" EstimateCPU="4.8e-007" AvgRowSize="9" EstimatedTotalSubtreeCost="3.117e-006" Parallel="0" EstimateRebinds="1" EstimateRewinds="0" EstimatedExecutionMode="Row">
                                          <OutputList />
                                          <Filter StartupExpression="1">
                                            <RelOp NodeId="28" PhysicalOp="Constant Scan" LogicalOp="Constant Scan" EstimateRows="1" EstimateIO="0" EstimateCPU="1.157e-006" AvgRowSize="9" EstimatedTotalSubtreeCost="2.157e-006" Parallel="0" EstimateRebinds="0" EstimateRewinds="1" EstimatedExecutionMode="Row">
                                              <OutputList />
                                              <ConstantScan />
                                            </RelOp>
                                            <Predicate>
                                              <ScalarOperator ScalarString="[Recr1010]=(1)">
                                                <Compare CompareOp="EQ">
                                                  <ScalarOperator>
                                                    <Identifier>
                                                      <ColumnReference Column="Recr1010" />
                                                    </Identifier>
                                                  </ScalarOperator>
                                                  <ScalarOperator>
                                                    <Const ConstValue="(1)" />
                                                  </ScalarOperator>
                                                </Compare>
                                              </ScalarOperator>
                                            </Predicate>
                                          </Filter>
                                        </RelOp>
                                      </ComputeScalar>
                                    </RelOp>
                                  </NestedLoops>
                                </RelOp>
                                <Predicate>
                                  <ScalarOperator ScalarString="CASE WHEN [Expr1041]&gt;(100) THEN (0) ELSE NULL END">
                                    <IF>
                                      <Condition>
                                        <ScalarOperator>
                                          <Compare CompareOp="GT">
                                            <ScalarOperator>
                                              <Identifier>
                                                <ColumnReference Column="Expr1041" />
                                              </Identifier>
                                            </ScalarOperator>
                                            <ScalarOperator>
                                              <Const ConstValue="(100)" />
                                            </ScalarOperator>
                                          </Compare>
                                        </ScalarOperator>
                                      </Condition>
                                      <Then>
                                        <ScalarOperator>
                                          <Const ConstValue="(0)" />
                                        </ScalarOperator>
                                      </Then>
                                      <Else>
                                        <ScalarOperator>
                                          <Const ConstValue="NULL" />
                                        </ScalarOperator>
                                      </Else>
                                    </IF>
                                  </ScalarOperator>
                                </Predicate>
                              </Assert>
                            </RelOp>
                          </Concat>
                        </RelOp>
                      </Spool>
                    </RelOp>
                  </ComputeScalar>
                </RelOp>
              </Update>
            </RelOp>
            <ParameterList>
              <ColumnReference Column="@Indexes" ParameterCompiledValue="N'ALL_INDEXES, -OurLabReporting.dbo.Teu.TEU_Pk, -OurLabReporting.dbo.LogFilePath.LogFilePath_IX_Path, -OurLabReporting.dbo.MtbfTestCaseResult.MtbfTestCaseResult_PK, -OurLabReporting.dbo.MachineSet.MachineSet_IDX_MixId, -OurLabReporting.dbo.TeuResult.TeuResul'" />
            </ParameterList>
          </QueryPlan>
        </StmtSimple>
        <StmtSimple StatementText=" WITH FragmentationLow AS&#xD;&#xA;  (&#xD;&#xA;  SELECT CASE WHEN CHARINDEX(',', @FragmentationLow) = 0 THEN @FragmentationLow ELSE SUBSTRING(@FragmentationLow, 1, CHARINDEX(',', @FragmentationLow) - 1) END AS [Action],&#xD;&#xA;         CASE WHEN CHARINDEX(',', @FragmentationLow) = 0 THEN '' ELSE SUBSTRING(@FragmentationLow, CHARINDEX(',', @FragmentationLow) + 1, LEN(@FragmentationLow)) END AS String,&#xD;&#xA;         1 AS [Priority],&#xD;&#xA;         CASE WHEN CHARINDEX(',', @FragmentationLow) = 0 THEN 0 ELSE 1 END [Continue]&#xD;&#xA;  WHERE @FragmentationLow IS NOT NULL&#xD;&#xA;  UNION ALL&#xD;&#xA;  SELECT CASE WHEN CHARINDEX(',', String) = 0 THEN String ELSE SUBSTRING(String, 1, CHARINDEX(',', String) - 1) END AS [Action],&#xD;&#xA;         CASE WHEN CHARINDEX(',', String) = 0 THEN '' ELSE SUBSTRING(String, CHARINDEX(',', String) + 1, LEN(String)) END AS String,&#xD;&#xA;         [Priority] + 1  AS [Priority],&#xD;&#xA;         CASE WHEN CHARINDEX(',', String) = 0 THEN 0 ELSE 1 END [Continue]&#xD;&#xA;  FROM FragmentationLow&#xD;&#xA;  WHERE [Continue] = 1&#xD;&#xA;  ),&#xD;&#xA;  FragmentationMedium AS&#xD;&#xA;  (&#xD;&#xA;  SELECT CASE WHEN CHARINDEX(',', @FragmentationMedium) = 0 THEN @FragmentationMedium ELSE SUBSTRING(@FragmentationMedium, 1, CHARINDEX(',', @FragmentationMedium) - 1) END AS [Action],&#xD;&#xA;         CASE WHEN CHARINDEX(',', @FragmentationMedium) = 0 THEN '' ELSE SUBSTRING(@FragmentationMedium, CHARINDEX(',', @FragmentationMedium) + 1, LEN(@FragmentationMedium)) END AS String,&#xD;&#xA;         1 AS [Priority],&#xD;&#xA;         CASE WHEN CHARINDEX(',', @FragmentationMedium) = 0 THEN 0 ELSE 1 END [Continue]&#xD;&#xA;  WHERE @FragmentationMedium IS NOT NULL&#xD;&#xA;  UNION ALL&#xD;&#xA;  SELECT CASE WHEN CHARINDEX(',', String) = 0 THEN String ELSE SUBSTRING(String, 1, CHARINDEX(',', String) - 1) END AS [Action],&#xD;&#xA;         CASE WHEN CHARINDEX(',', String) = 0 THEN '' ELSE SUBSTRING(String, CHARINDEX(',', String) + 1, LEN(String)) END AS String,&#xD;&#xA;         [Priority] + 1  AS [Priority],&#xD;&#xA;         CASE WHEN CHARINDEX(',', String) = 0 THEN 0 ELSE 1 END [Continue]&#xD;&#xA;  FROM FragmentationMedium&#xD;&#xA;  WHERE [Continue] = 1&#xD;&#xA;  ),&#xD;&#xA;  FragmentationHigh AS&#xD;&#xA;  (&#xD;&#xA;  SELECT CASE WHEN CHARINDEX(',', @FragmentationHigh) = 0 THEN @FragmentationHigh ELSE SUBSTRING(@FragmentationHigh, 1, CHARINDEX(',', @FragmentationHigh) - 1) END AS [Action],&#xD;&#xA;         CASE WHEN CHARINDEX(',', @FragmentationHigh) = 0 THEN '' ELSE SUBSTRING(@FragmentationHigh, CHARINDEX(',', @FragmentationHigh) + 1, LEN(@FragmentationHigh)) END AS String,&#xD;&#xA;         1 AS [Priority],&#xD;&#xA;         CASE WHEN CHARINDEX(',', @FragmentationHigh) = 0 THEN 0 ELSE 1 END [Continue]&#xD;&#xA;  WHERE @FragmentationHigh IS NOT NULL&#xD;&#xA;  UNION ALL&#xD;&#xA;  SELECT CASE WHEN CHARINDEX(',', String) = 0 THEN String ELSE SUBSTRING(String, 1, CHARINDEX(',', String) - 1) END AS [Action],&#xD;&#xA;         CASE WHEN CHARINDEX(',', String) = 0 THEN '' ELSE SUBSTRING(String, CHARINDEX(',', String) + 1, LEN(String)) END AS String,&#xD;&#xA;         [Priority] + 1  AS [Priority],&#xD;&#xA;         CASE WHEN CHARINDEX(',', String) = 0 THEN 0 ELSE 1 END [Continue]&#xD;&#xA;  FROM FragmentationHigh&#xD;&#xA;  WHERE [Continue] = 1&#xD;&#xA;  )&#xD;&#xA;  INSERT INTO @ActionsPreferred(FragmentationGroup, [Priority], [Action])&#xD;&#xA;  SELECT 'Low' AS FragmentationGroup, [Priority], [Action]&#xD;&#xA;  FROM FragmentationLow&#xD;&#xA;  UNION&#xD;&#xA;  SELECT 'Medium' AS FragmentationGroup, [Priority], [Action]&#xD;&#xA;  FROM FragmentationMedium&#xD;&#xA;  UNION&#xD;&#xA;  SELECT 'High' AS FragmentationGroup, [Priority], [Action]&#xD;&#xA;  FROM FragmentationHigh&#xD;&#xA;&#xD;&#xA;  ----------------------------------------------------------------------------------------------------&#xD;&#xA;  --// Check input parameters                                                                     //--&#xD;&#xA;  ----------------------------------------------------------------------------------------------------&#xD;&#xA;&#xD;&#xA; " StatementId="56" StatementCompId="68" StatementType="INSERT" RetrievedFromCache="true" StatementSubTreeCost="0.0545731" StatementEstRows="6" StatementOptmLevel="FULL" QueryHash="0x8AB2C8C0603461EB" QueryPlanHash="0xE194F0A1ED344DEA" StatementOptmEarlyAbortReason="GoodEnoughPlanFound">
          <StatementSetOptions QUOTED_IDENTIFIER="false" ARITHABORT="false" CONCAT_NULL_YIELDS_NULL="true" ANSI_NULLS="true" ANSI_PADDING="true" ANSI_WARNINGS="true" NUMERIC_ROUNDABORT="false" />
          <QueryPlan NonParallelPlanReason="MaxDOPSetToOne" CachedPlanSize="128" CompileTime="15" CompileCPU="15" CompileMemory="1128">
            <MemoryGrantInfo SerialRequiredMemory="512" SerialDesiredMemory="576" />
            <OptimizerHardwareDependentProperties EstimatedAvailableMemoryGrant="193313" EstimatedPagesCached="773254" EstimatedAvailableDegreeOfParallelism="1" />
            <RelOp NodeId="0" PhysicalOp="Table Insert" LogicalOp="Insert" EstimateRows="6" EstimateIO="0.0431553" EstimateCPU="6e-006" AvgRowSize="9" EstimatedTotalSubtreeCost="0.0545731" Parallel="0" EstimateRebinds="0" EstimateRewinds="0" EstimatedExecutionMode="Row">
              <OutputList />
              <Update DMLRequestSort="0">
                <Object Table="[@ActionsPreferred]" />
                <SetPredicate>
                  <ScalarOperator ScalarString="[FragmentationGroup] = [Expr1058],[Priority] = [Union1056],[Action] = [Union1057]">
                    <ScalarExpressionList>
                      <ScalarOperator>
                        <MultipleAssign>
                          <Assign>
                            <ColumnReference Column="FragmentationGroup" />
                            <ScalarOperator>
                              <Identifier>
                                <ColumnReference Column="Expr1058" />
                              </Identifier>
                            </ScalarOperator>
                          </Assign>
                          <Assign>
                            <ColumnReference Column="Priority" />
                            <ScalarOperator>
                              <Identifier>
                                <ColumnReference Column="Union1056" />
                              </Identifier>
                            </ScalarOperator>
                          </Assign>
                          <Assign>
                            <ColumnReference Column="Action" />
                            <ScalarOperator>
                              <Identifier>
                                <ColumnReference Column="Union1057" />
                              </Identifier>
                            </ScalarOperator>
                          </Assign>
                        </MultipleAssign>
                      </ScalarOperator>
                    </ScalarExpressionList>
                  </ScalarOperator>
                </SetPredicate>
                <RelOp NodeId="1" PhysicalOp="Compute Scalar" LogicalOp="Compute Scalar" EstimateRows="6" EstimateIO="0" EstimateCPU="6e-007" AvgRowSize="8065" EstimatedTotalSubtreeCost="0.0114118" Parallel="0" EstimateRebinds="0" EstimateRewinds="0" EstimatedExecutionMode="Row">
                  <OutputList>
                    <ColumnReference Column="Union1056" />
                    <ColumnReference Column="Union1057" />
                    <ColumnReference Column="Expr1058" />
                  </OutputList>
                  <ComputeScalar>
                    <DefinedValues>
                      <DefinedValue>
                        <ColumnReference Column="Expr1058" />
                        <ScalarOperator ScalarString="CONVERT_IMPLICIT(nvarchar(max),[Union1055],0)">
                          <Convert DataType="nvarchar(max)" Length="2147483647" Style="0" Implicit="1">
                            <ScalarOperator>
                              <Identifier>
                                <ColumnReference Column="Union1055" />
                              </Identifier>
                            </ScalarOperator>
                          </Convert>
                        </ScalarOperator>
                      </DefinedValue>
                    </DefinedValues>
                    <RelOp NodeId="2" PhysicalOp="Sort" LogicalOp="Distinct Sort" EstimateRows="6" EstimateIO="0.0112613" EstimateCPU="0.000128239" AvgRowSize="4044" EstimatedTotalSubtreeCost="0.0114112" Parallel="0" EstimateRebinds="0" EstimateRewinds="0" EstimatedExecutionMode="Row">
                      <OutputList>
                        <ColumnReference Column="Union1055" />
                        <ColumnReference Column="Union1056" />
                        <ColumnReference Column="Union1057" />
                      </OutputList>
                      <MemoryFractions Input="1" Output="1" />
                      <Sort Distinct="1">
                        <OrderBy>
                          <OrderByColumn Ascending="1">
                            <ColumnReference Column="Union1055" />
                          </OrderByColumn>
                          <OrderByColumn Ascending="1">
                            <ColumnReference Column="Union1056" />
                          </OrderByColumn>
                          <OrderByColumn Ascending="1">
                            <ColumnReference Column="Union1057" />
                          </OrderByColumn>
                        </OrderBy>
                        <RelOp NodeId="3" PhysicalOp="Concatenation" LogicalOp="Concatenation" EstimateRows="6" EstimateIO="0" EstimateCPU="6e-007" AvgRowSize="4044" EstimatedTotalSubtreeCost="2.1702e-005" Parallel="0" EstimateRebinds="0" EstimateRewinds="0" EstimatedExecutionMode="Row">
                          <OutputList>
                            <ColumnReference Column="Union1055" />
                            <ColumnReference Column="Union1056" />
                            <ColumnReference Column="Union1057" />
                          </OutputList>
                          <Concat>
                            <DefinedValues>
                              <DefinedValue>
                                <ColumnReference Column="Union1055" />
                                <ColumnReference Column="Expr1020" />
                                <ColumnReference Column="Expr1037" />
                                <ColumnReference Column="Expr1054" />
                              </DefinedValue>
                              <DefinedValue>
                                <ColumnReference Column="Union1056" />
                                <ColumnReference Column="Recr1018" />
                                <ColumnReference Column="Recr1035" />
                                <ColumnReference Column="Recr1052" />
                              </DefinedValue>
                              <DefinedValue>
                                <ColumnReference Column="Union1057" />
                                <ColumnReference Column="Recr1016" />
                                <ColumnReference Column="Recr1033" />
                                <ColumnReference Column="Recr1050" />
                              </DefinedValue>
                            </DefinedValues>
                            <RelOp NodeId="4" PhysicalOp="Compute Scalar" LogicalOp="Compute Scalar" EstimateRows="2" EstimateIO="0" EstimateCPU="2e-007" AvgRowSize="4042" EstimatedTotalSubtreeCost="7.034e-006" Parallel="0" EstimateRebinds="0" EstimateRewinds="0" EstimatedExecutionMode="Row">
                              <OutputList>
                                <ColumnReference Column="Recr1016" />
                                <ColumnReference Column="Recr1018" />
                                <ColumnReference Column="Expr1020" />
                              </OutputList>
                              <ComputeScalar>
                                <DefinedValues>
                                  <DefinedValue>
                                    <ColumnReference Column="Expr1020" />
                                    <ScalarOperator ScalarString="'Low'">
                                      <Const ConstValue="'Low'" />
                                    </ScalarOperator>
                                  </DefinedValue>
                                </DefinedValues>
                                <RelOp NodeId="5" PhysicalOp="Index Spool" LogicalOp="Lazy Spool" EstimateRows="2" EstimateIO="0" EstimateCPU="1e-008" AvgRowSize="4039" EstimatedTotalSubtreeCost="6.834e-006" Parallel="0" EstimateRebinds="0" EstimateRewinds="0" EstimatedExecutionMode="Row">
                                  <OutputList>
                                    <ColumnReference Column="Expr1080" />
                                    <ColumnReference Column="Recr1016" />
                                    <ColumnReference Column="Recr1017" />
                                    <ColumnReference Column="Recr1018" />
                                    <ColumnReference Column="Recr1019" />
                                  </OutputList>
                                  <Spool Stack="1">
                                    <RelOp NodeId="6" PhysicalOp="Concatenation" LogicalOp="Concatenation" EstimateRows="2" EstimateIO="0" EstimateCPU="2e-009" AvgRowSize="4039" EstimatedTotalSubtreeCost="5.244e-006" Parallel="0" EstimateRebinds="0" EstimateRewinds="0" EstimatedExecutionMode="Row">
                                      <OutputList>
                                        <ColumnReference Column="Expr1080" />
                                        <ColumnReference Column="Recr1016" />
                                        <ColumnReference Column="Recr1017" />
                                        <ColumnReference Column="Recr1018" />
                                        <ColumnReference Column="Recr1019" />
                                      </OutputList>
                                      <Concat>
                                        <DefinedValues>
                                          <DefinedValue>
                                            <ColumnReference Column="Expr1080" />
                                            <ColumnReference Column="Expr1077" />
                                            <ColumnReference Column="Expr1079" />
                                          </DefinedValue>
                                          <DefinedValue>
                                            <ColumnReference Column="Recr1016" />
                                            <ColumnReference Column="Expr1004" />
                                            <ColumnReference Column="Expr1012" />
                                          </DefinedValue>
                                          <DefinedValue>
                                            <ColumnReference Column="Recr1017" />
                                            <ColumnReference Column="Expr1005" />
                                            <ColumnReference Column="Expr1013" />
                                          </DefinedValue>
                                          <DefinedValue>
                                            <ColumnReference Column="Recr1018" />
                                            <ColumnReference Column="Expr1006" />
                                            <ColumnReference Column="Expr1014" />
                                          </DefinedValue>
                                          <DefinedValue>
                                            <ColumnReference Column="Recr1019" />
                                            <ColumnReference Column="Expr1007" />
                                            <ColumnReference Column="Expr1015" />
                                          </DefinedValue>
                                        </DefinedValues>
                                        <RelOp NodeId="7" PhysicalOp="Compute Scalar" LogicalOp="Compute Scalar" EstimateRows="1" EstimateIO="0" EstimateCPU="2e-008" AvgRowSize="4039" EstimatedTotalSubtreeCost="2e-008" Parallel="0" EstimateRebinds="2" EstimateRewinds="0" EstimatedExecutionMode="Row">
                                          <OutputList>
                                            <ColumnReference Column="Expr1077" />
                                            <ColumnReference Column="Expr1004" />
                                            <ColumnReference Column="Expr1005" />
                                            <ColumnReference Column="Expr1006" />
                                            <ColumnReference Column="Expr1007" />
                                          </OutputList>
                                          <ComputeScalar>
                                            <DefinedValues>
                                              <DefinedValue>
                                                <ColumnReference Column="Expr1077" />
                                                <ScalarOperator ScalarString="(0)">
                                                  <Const ConstValue="(0)" />
                                                </ScalarOperator>
                                              </DefinedValue>
                                            </DefinedValues>
                                            <RelOp NodeId="8" PhysicalOp="Compute Scalar" LogicalOp="Compute Scalar" EstimateRows="1" EstimateIO="0" EstimateCPU="1e-007" AvgRowSize="8069" EstimatedTotalSubtreeCost="1.737e-006" Parallel="0" EstimateRebinds="0" EstimateRewinds="0" EstimatedExecutionMode="Row">
                                              <OutputList>
                                                <ColumnReference Column="Expr1004" />
                                                <ColumnReference Column="Expr1005" />
                                                <ColumnReference Column="Expr1006" />
                                                <ColumnReference Column="Expr1007" />
                                              </OutputList>
                                              <ComputeScalar>
                                                <DefinedValues>
                                                  <DefinedValue>
                                                    <ColumnReference Column="Expr1004" />
                                                    <ScalarOperator ScalarString="CASE WHEN charindex(N',',[@FragmentationLow])=(0) THEN [@FragmentationLow] ELSE substring([@FragmentationLow],(1),charindex(N',',[@FragmentationLow])-(1)) END">
                                                      <IF>
                                                        <Condition>
                                                          <ScalarOperator>
                                                            <Compare CompareOp="EQ">
                                                              <ScalarOperator>
                                                                <Intrinsic FunctionName="charindex">
                                                                  <ScalarOperator>
                                                                    <Const ConstValue="N','" />
                                                                  </ScalarOperator>
                                                                  <ScalarOperator>
                                                                    <Identifier>
                                                                      <ColumnReference Column="@FragmentationLow" />
                                                                    </Identifier>
                                                                  </ScalarOperator>
                                                                  <ScalarOperator>
                                                                    <Const ConstValue="" />
                                                                  </ScalarOperator>
                                                                </Intrinsic>
                                                              </ScalarOperator>
                                                              <ScalarOperator>
                                                                <Const ConstValue="(0)" />
                                                              </ScalarOperator>
                                                            </Compare>
                                                          </ScalarOperator>
                                                        </Condition>
                                                        <Then>
                                                          <ScalarOperator>
                                                            <Identifier>
                                                              <ColumnReference Column="@FragmentationLow" />
                                                            </Identifier>
                                                          </ScalarOperator>
                                                        </Then>
                                                        <Else>
                                                          <ScalarOperator>
                                                            <Intrinsic FunctionName="substring">
                                                              <ScalarOperator>
                                                                <Identifier>
                                                                  <ColumnReference Column="@FragmentationLow" />
                                                                </Identifier>
                                                              </ScalarOperator>
                                                              <ScalarOperator>
                                                                <Const ConstValue="(1)" />
                                                              </ScalarOperator>
                                                              <ScalarOperator>
                                                                <Arithmetic Operation="SUB">
                                                                  <ScalarOperator>
                                                                    <Intrinsic FunctionName="charindex">
                                                                      <ScalarOperator>
                                                                        <Const ConstValue="N','" />
                                                                      </ScalarOperator>
                                                                      <ScalarOperator>
                                                                        <Identifier>
                                                                          <ColumnReference Column="@FragmentationLow" />
                                                                        </Identifier>
                                                                      </ScalarOperator>
                                                                      <ScalarOperator>
                                                                        <Const ConstValue="" />
                                                                      </ScalarOperator>
                                                                    </Intrinsic>
                                                                  </ScalarOperator>
                                                                  <ScalarOperator>
                                                                    <Const ConstValue="(1)" />
                                                                  </ScalarOperator>
                                                                </Arithmetic>
                                                              </ScalarOperator>
                                                            </Intrinsic>
                                                          </ScalarOperator>
                                                        </Else>
                                                      </IF>
                                                    </ScalarOperator>
                                                  </DefinedValue>
                                                  <DefinedValue>
                                                    <ColumnReference Column="Expr1005" />
                                                    <ScalarOperator ScalarString="CASE WHEN charindex(N',',[@FragmentationLow])=(0) THEN CONVERT_IMPLICIT(nvarchar(max),'',0) ELSE substring([@FragmentationLow],charindex(N',',[@FragmentationLow])+(1),len([@FragmentationLow])) END">
                                                      <IF>
                                                        <Condition>
                                                          <ScalarOperator>
                                                            <Compare CompareOp="EQ">
                                                              <ScalarOperator>
                                                                <Intrinsic FunctionName="charindex">
                                                                  <ScalarOperator>
                                                                    <Const ConstValue="N','" />
                                                                  </ScalarOperator>
                                                                  <ScalarOperator>
                                                                    <Identifier>
                                                                      <ColumnReference Column="@FragmentationLow" />
                                                                    </Identifier>
                                                                  </ScalarOperator>
                                                                  <ScalarOperator>
                                                                    <Const ConstValue="" />
                                                                  </ScalarOperator>
                                                                </Intrinsic>
                                                              </ScalarOperator>
                                                              <ScalarOperator>
                                                                <Const ConstValue="(0)" />
                                                              </ScalarOperator>
                                                            </Compare>
                                                          </ScalarOperator>
                                                        </Condition>
                                                        <Then>
                                                          <ScalarOperator>
                                                            <Convert DataType="nvarchar(max)" Length="2147483647" Style="0" Implicit="1">
                                                              <ScalarOperator>
                                                                <Const ConstValue="''" />
                                                              </ScalarOperator>
                                                            </Convert>
                                                          </ScalarOperator>
                                                        </Then>
                                                        <Else>
                                                          <ScalarOperator>
                                                            <Intrinsic FunctionName="substring">
                                                              <ScalarOperator>
                                                                <Identifier>
                                                                  <ColumnReference Column="@FragmentationLow" />
                                                                </Identifier>
                                                              </ScalarOperator>
                                                              <ScalarOperator>
                                                                <Arithmetic Operation="ADD">
                                                                  <ScalarOperator>
                                                                    <Intrinsic FunctionName="charindex">
                                                                      <ScalarOperator>
                                                                        <Const ConstValue="N','" />
                                                                      </ScalarOperator>
                                                                      <ScalarOperator>
                                                                        <Identifier>
                                                                          <ColumnReference Column="@FragmentationLow" />
                                                                        </Identifier>
                                                                      </ScalarOperator>
                                                                      <ScalarOperator>
                                                                        <Const ConstValue="" />
                                                                      </ScalarOperator>
                                                                    </Intrinsic>
                                                                  </ScalarOperator>
                                                                  <ScalarOperator>
                                                                    <Const ConstValue="(1)" />
                                                                  </ScalarOperator>
                                                                </Arithmetic>
                                                              </ScalarOperator>
                                                              <ScalarOperator>
                                                                <Intrinsic FunctionName="len">
                                                                  <ScalarOperator>
                                                                    <Identifier>
                                                                      <ColumnReference Column="@FragmentationLow" />
                                                                    </Identifier>
                                                                  </ScalarOperator>
                                                                </Intrinsic>
                                                              </ScalarOperator>
                                                            </Intrinsic>
                                                          </ScalarOperator>
                                                        </Else>
                                                      </IF>
                                                    </ScalarOperator>
                                                  </DefinedValue>
                                                  <DefinedValue>
                                                    <ColumnReference Column="Expr1006" />
                                                    <ScalarOperator ScalarString="(1)">
                                                      <Const ConstValue="(1)" />
                                                    </ScalarOperator>
                                                  </DefinedValue>
                                                  <DefinedValue>
                                                    <ColumnReference Column="Expr1007" />
                                                    <ScalarOperator ScalarString="CASE WHEN charindex(N',',[@FragmentationLow])=(0) THEN (0) ELSE (1) END">
                                                      <IF>
                                                        <Condition>
                                                          <ScalarOperator>
                                                            <Compare CompareOp="EQ">
                                                              <ScalarOperator>
                                                                <Intrinsic FunctionName="charindex">
                                                                  <ScalarOperator>
                                                                    <Const ConstValue="N','" />
                                                                  </ScalarOperator>
                                                                  <ScalarOperator>
                                                                    <Identifier>
                                                                      <ColumnReference Column="@FragmentationLow" />
                                                                    </Identifier>
                                                                  </ScalarOperator>
                                                                  <ScalarOperator>
                                                                    <Const ConstValue="" />
                                                                  </ScalarOperator>
                                                                </Intrinsic>
                                                              </ScalarOperator>
                                                              <ScalarOperator>
                                                                <Const ConstValue="(0)" />
                                                              </ScalarOperator>
                                                            </Compare>
                                                          </ScalarOperator>
                                                        </Condition>
                                                        <Then>
                                                          <ScalarOperator>
                                                            <Const ConstValue="(0)" />
                                                          </ScalarOperator>
                                                        </Then>
                                                        <Else>
                                                          <ScalarOperator>
                                                            <Const ConstValue="(1)" />
                                                          </ScalarOperator>
                                                        </Else>
                                                      </IF>
                                                    </ScalarOperator>
                                                  </DefinedValue>
                                                </DefinedValues>
                                                <RelOp NodeId="9" PhysicalOp="Filter" LogicalOp="Filter" EstimateRows="1" EstimateIO="0" EstimateCPU="4.8e-007" AvgRowSize="9" EstimatedTotalSubtreeCost="1.637e-006" Parallel="0" EstimateRebinds="0" EstimateRewinds="0" EstimatedExecutionMode="Row">
                                                  <OutputList />
                                                  <Filter StartupExpression="1">
                                                    <RelOp NodeId="10" PhysicalOp="Constant Scan" LogicalOp="Constant Scan" EstimateRows="1" EstimateIO="0" EstimateCPU="1.157e-006" AvgRowSize="9" EstimatedTotalSubtreeCost="1.157e-006" Parallel="0" EstimateRebinds="0" EstimateRewinds="0" EstimatedExecutionMode="Row">
                                                      <OutputList />
                                                      <ConstantScan />
                                                    </RelOp>
                                                    <Predicate>
                                                      <ScalarOperator ScalarString="[@FragmentationLow] IS NOT NULL">
                                                        <Compare CompareOp="IS NOT">
                                                          <ScalarOperator>
                                                            <Identifier>
                                                              <ColumnReference Column="@FragmentationLow" />
                                                            </Identifier>
                                                          </ScalarOperator>
                                                          <ScalarOperator>
                                                            <Const ConstValue="NULL" />
                                                          </ScalarOperator>
                                                        </Compare>
                                                      </ScalarOperator>
                                                    </Predicate>
                                                  </Filter>
                                                </RelOp>
                                              </ComputeScalar>
                                            </RelOp>
                                          </ComputeScalar>
                                        </RelOp>
                                        <RelOp NodeId="24" PhysicalOp="Assert" LogicalOp="Assert" EstimateRows="2" EstimateIO="0" EstimateCPU="1.68e-007" AvgRowSize="4039" EstimatedTotalSubtreeCost="3.505e-006" Parallel="0" EstimateRebinds="2" EstimateRewinds="0" EstimatedExecutionMode="Row">
                                          <OutputList>
                                            <ColumnReference Column="Expr1079" />
                                            <ColumnReference Column="Expr1012" />
                                            <ColumnReference Column="Expr1013" />
                                            <ColumnReference Column="Expr1014" />
                                            <ColumnReference Column="Expr1015" />
                                          </OutputList>
                                          <Assert StartupExpression="0">
                                            <RelOp NodeId="25" PhysicalOp="Nested Loops" LogicalOp="Inner Join" EstimateRows="2" EstimateIO="0" EstimateCPU="1.68e-007" AvgRowSize="4039" EstimatedTotalSubtreeCost="3.505e-006" Parallel="0" EstimateRebinds="2" EstimateRewinds="0" EstimatedExecutionMode="Row">
                                              <OutputList>
                                                <ColumnReference Column="Expr1079" />
                                                <ColumnReference Column="Expr1012" />
                                                <ColumnReference Column="Expr1013" />
                                                <ColumnReference Column="Expr1014" />
                                                <ColumnReference Column="Expr1015" />
                                              </OutputList>
                                              <NestedLoops Optimized="0">
                                                <OuterReferences>
                                                  <ColumnReference Column="Expr1079" />
                                                  <ColumnReference Column="Recr1008" />
                                                  <ColumnReference Column="Recr1009" />
                                                  <ColumnReference Column="Recr1010" />
                                                  <ColumnReference Column="Recr1011" />
                                                </OuterReferences>
                                                <RelOp NodeId="26" PhysicalOp="Compute Scalar" LogicalOp="Compute Scalar" EstimateRows="1" EstimateIO="0" EstimateCPU="2e-008" AvgRowSize="4039" EstimatedTotalSubtreeCost="2e-008" Parallel="0" EstimateRebinds="2" EstimateRewinds="0" EstimatedExecutionMode="Row">
                                                  <OutputList>
                                                    <ColumnReference Column="Expr1079" />
                                                    <ColumnReference Column="Recr1008" />
                                                    <ColumnReference Column="Recr1009" />
                                                    <ColumnReference Column="Recr1010" />
                                                    <ColumnReference Column="Recr1011" />
                                                  </OutputList>
                                                  <ComputeScalar>
                                                    <DefinedValues>
                                                      <DefinedValue>
                                                        <ColumnReference Column="Expr1079" />
                                                        <ScalarOperator ScalarString="[Expr1078]+(1)">
                                                          <Arithmetic Operation="ADD">
                                                            <ScalarOperator>
                                                              <Identifier>
                                                                <ColumnReference Column="Expr1078" />
                                                              </Identifier>
                                                            </ScalarOperator>
                                                            <ScalarOperator>
                                                              <Const ConstValue="(1)" />
                                                            </ScalarOperator>
                                                          </Arithmetic>
                                                        </ScalarOperator>
                                                      </DefinedValue>
                                                    </DefinedValues>
                                                    <RelOp NodeId="27" PhysicalOp="Table Spool" LogicalOp="Lazy Spool" EstimateRows="1" EstimateIO="0" EstimateCPU="2e-008" AvgRowSize="4039" EstimatedTotalSubtreeCost="2e-008" Parallel="0" EstimateRebinds="2" EstimateRewinds="0" EstimatedExecutionMode="Row">
                                                      <OutputList>
                                                        <ColumnReference Column="Expr1078" />
                                                        <ColumnReference Column="Recr1008" />
                                                        <ColumnReference Column="Recr1009" />
                                                        <ColumnReference Column="Recr1010" />
                                                        <ColumnReference Column="Recr1011" />
                                                      </OutputList>
                                                      <Spool PrimaryNodeId="5" Stack="1" />
                                                    </RelOp>
                                                  </ComputeScalar>
                                                </RelOp>
                                                <RelOp NodeId="31" PhysicalOp="Compute Scalar" LogicalOp="Compute Scalar" EstimateRows="1" EstimateIO="0" EstimateCPU="1e-007" AvgRowSize="8069" EstimatedTotalSubtreeCost="3.317e-006" Parallel="0" EstimateRebinds="1" EstimateRewinds="0" EstimatedExecutionMode="Row">
                                                  <OutputList>
                                                    <ColumnReference Column="Expr1012" />
                                                    <ColumnReference Column="Expr1013" />
                                                    <ColumnReference Column="Expr1014" />
                                                    <ColumnReference Column="Expr1015" />
                                                  </OutputList>
                                                  <ComputeScalar>
                                                    <DefinedValues>
                                                      <DefinedValue>
                                                        <ColumnReference Column="Expr1012" />
                                                        <ScalarOperator ScalarString="CASE WHEN charindex(N',',[Recr1009])=(0) THEN [Recr1009] ELSE substring([Recr1009],(1),charindex(N',',[Recr1009])-(1)) END">
                                                          <IF>
                                                            <Condition>
                                                              <ScalarOperator>
                                                                <Compare CompareOp="EQ">
                                                                  <ScalarOperator>
                                                                    <Intrinsic FunctionName="charindex">
                                                                      <ScalarOperator>
                                                                        <Const ConstValue="N','" />
                                                                      </ScalarOperator>
                                                                      <ScalarOperator>
                                                                        <Identifier>
                                                                          <ColumnReference Column="Recr1009" />
                                                                        </Identifier>
                                                                      </ScalarOperator>
                                                                      <ScalarOperator>
                                                                        <Const ConstValue="" />
                                                                      </ScalarOperator>
                                                                    </Intrinsic>
                                                                  </ScalarOperator>
                                                                  <ScalarOperator>
                                                                    <Const ConstValue="(0)" />
                                                                  </ScalarOperator>
                                                                </Compare>
                                                              </ScalarOperator>
                                                            </Condition>
                                                            <Then>
                                                              <ScalarOperator>
                                                                <Identifier>
                                                                  <ColumnReference Column="Recr1009" />
                                                                </Identifier>
                                                              </ScalarOperator>
                                                            </Then>
                                                            <Else>
                                                              <ScalarOperator>
                                                                <Intrinsic FunctionName="substring">
                                                                  <ScalarOperator>
                                                                    <Identifier>
                                                                      <ColumnReference Column="Recr1009" />
                                                                    </Identifier>
                                                                  </ScalarOperator>
                                                                  <ScalarOperator>
                                                                    <Const ConstValue="(1)" />
                                                                  </ScalarOperator>
                                                                  <ScalarOperator>
                                                                    <Arithmetic Operation="SUB">
                                                                      <ScalarOperator>
                                                                        <Intrinsic FunctionName="charindex">
                                                                          <ScalarOperator>
                                                                            <Const ConstValue="N','" />
                                                                          </ScalarOperator>
                                                                          <ScalarOperator>
                                                                            <Identifier>
                                                                              <ColumnReference Column="Recr1009" />
                                                                            </Identifier>
                                                                          </ScalarOperator>
                                                                          <ScalarOperator>
                                                                            <Const ConstValue="" />
                                                                          </ScalarOperator>
                                                                        </Intrinsic>
                                                                      </ScalarOperator>
                                                                      <ScalarOperator>
                                                                        <Const ConstValue="(1)" />
                                                                      </ScalarOperator>
                                                                    </Arithmetic>
                                                                  </ScalarOperator>
                                                                </Intrinsic>
                                                              </ScalarOperator>
                                                            </Else>
                                                          </IF>
                                                        </ScalarOperator>
                                                      </DefinedValue>
                                                      <DefinedValue>
                                                        <ColumnReference Column="Expr1013" />
                                                        <ScalarOperator ScalarString="CASE WHEN charindex(N',',[Recr1009])=(0) THEN CONVERT_IMPLICIT(nvarchar(max),'',0) ELSE substring([Recr1009],charindex(N',',[Recr1009])+(1),len([Recr1009])) END">
                                                          <IF>
                                                            <Condition>
                                                              <ScalarOperator>
                                                                <Compare CompareOp="EQ">
                                                                  <ScalarOperator>
                                                                    <Intrinsic FunctionName="charindex">
                                                                      <ScalarOperator>
                                                                        <Const ConstValue="N','" />
                                                                      </ScalarOperator>
                                                                      <ScalarOperator>
                                                                        <Identifier>
                                                                          <ColumnReference Column="Recr1009" />
                                                                        </Identifier>
                                                                      </ScalarOperator>
                                                                      <ScalarOperator>
                                                                        <Const ConstValue="" />
                                                                      </ScalarOperator>
                                                                    </Intrinsic>
                                                                  </ScalarOperator>
                                                                  <ScalarOperator>
                                                                    <Const ConstValue="(0)" />
                                                                  </ScalarOperator>
                                                                </Compare>
                                                              </ScalarOperator>
                                                            </Condition>
                                                            <Then>
                                                              <ScalarOperator>
                                                                <Convert DataType="nvarchar(max)" Length="2147483647" Style="0" Implicit="1">
                                                                  <ScalarOperator>
                                                                    <Const ConstValue="''" />
                                                                  </ScalarOperator>
                                                                </Convert>
                                                              </ScalarOperator>
                                                            </Then>
                                                            <Else>
                                                              <ScalarOperator>
                                                                <Intrinsic FunctionName="substring">
                                                                  <ScalarOperator>
                                                                    <Identifier>
                                                                      <ColumnReference Column="Recr1009" />
                                                                    </Identifier>
                                                                  </ScalarOperator>
                                                                  <ScalarOperator>
                                                                    <Arithmetic Operation="ADD">
                                                                      <ScalarOperator>
                                                                        <Intrinsic FunctionName="charindex">
                                                                          <ScalarOperator>
                                                                            <Const ConstValue="N','" />
                                                                          </ScalarOperator>
                                                                          <ScalarOperator>
                                                                            <Identifier>
                                                                              <ColumnReference Column="Recr1009" />
                                                                            </Identifier>
                                                                          </ScalarOperator>
                                                                          <ScalarOperator>
                                                                            <Const ConstValue="" />
                                                                          </ScalarOperator>
                                                                        </Intrinsic>
                                                                      </ScalarOperator>
                                                                      <ScalarOperator>
                                                                        <Const ConstValue="(1)" />
                                                                      </ScalarOperator>
                                                                    </Arithmetic>
                                                                  </ScalarOperator>
                                                                  <ScalarOperator>
                                                                    <Intrinsic FunctionName="len">
                                                                      <ScalarOperator>
                                                                        <Identifier>
                                                                          <ColumnReference Column="Recr1009" />
                                                                        </Identifier>
                                                                      </ScalarOperator>
                                                                    </Intrinsic>
                                                                  </ScalarOperator>
                                                                </Intrinsic>
                                                              </ScalarOperator>
                                                            </Else>
                                                          </IF>
                                                        </ScalarOperator>
                                                      </DefinedValue>
                                                      <DefinedValue>
                                                        <ColumnReference Column="Expr1014" />
                                                        <ScalarOperator ScalarString="[Recr1010]+(1)">
                                                          <Arithmetic Operation="ADD">
                                                            <ScalarOperator>
                                                              <Identifier>
                                                                <ColumnReference Column="Recr1010" />
                                                              </Identifier>
                                                            </ScalarOperator>
                                                            <ScalarOperator>
                                                              <Const ConstValue="(1)" />
                                                            </ScalarOperator>
                                                          </Arithmetic>
                                                        </ScalarOperator>
                                                      </DefinedValue>
                                                      <DefinedValue>
                                                        <ColumnReference Column="Expr1015" />
                                                        <ScalarOperator ScalarString="CASE WHEN charindex(N',',[Recr1009])=(0) THEN (0) ELSE (1) END">
                                                          <IF>
                                                            <Condition>
                                                              <ScalarOperator>
                                                                <Compare CompareOp="EQ">
                                                                  <ScalarOperator>
                                                                    <Intrinsic FunctionName="charindex">
                                                                      <ScalarOperator>
                                                                        <Const ConstValue="N','" />
                                                                      </ScalarOperator>
                                                                      <ScalarOperator>
                                                                        <Identifier>
                                                                          <ColumnReference Column="Recr1009" />
                                                                        </Identifier>
                                                                      </ScalarOperator>
                                                                      <ScalarOperator>
                                                                        <Const ConstValue="" />
                                                                      </ScalarOperator>
                                                                    </Intrinsic>
                                                                  </ScalarOperator>
                                                                  <ScalarOperator>
                                                                    <Const ConstValue="(0)" />
                                                                  </ScalarOperator>
                                                                </Compare>
                                                              </ScalarOperator>
                                                            </Condition>
                                                            <Then>
                                                              <ScalarOperator>
                                                                <Const ConstValue="(0)" />
                                                              </ScalarOperator>
                                                            </Then>
                                                            <Else>
                                                              <ScalarOperator>
                                                                <Const ConstValue="(1)" />
                                                              </ScalarOperator>
                                                            </Else>
                                                          </IF>
                                                        </ScalarOperator>
                                                      </DefinedValue>
                                                    </DefinedValues>
                                                    <RelOp NodeId="32" PhysicalOp="Filter" LogicalOp="Filter" EstimateRows="1" EstimateIO="0" EstimateCPU="4.8e-007" AvgRowSize="9" EstimatedTotalSubtreeCost="3.117e-006" Parallel="0" EstimateRebinds="1" EstimateRewinds="0" EstimatedExecutionMode="Row">
                                                      <OutputList />
                                                      <Filter StartupExpression="1">
                                                        <RelOp NodeId="33" PhysicalOp="Constant Scan" LogicalOp="Constant Scan" EstimateRows="1" EstimateIO="0" EstimateCPU="1.157e-006" AvgRowSize="9" EstimatedTotalSubtreeCost="2.157e-006" Parallel="0" EstimateRebinds="0" EstimateRewinds="1" EstimatedExecutionMode="Row">
                                                          <OutputList />
                                                          <ConstantScan />
                                                        </RelOp>
                                                        <Predicate>
                                                          <ScalarOperator ScalarString="[Recr1011]=(1)">
                                                            <Compare CompareOp="EQ">
                                                              <ScalarOperator>
                                                                <Identifier>
                                                                  <ColumnReference Column="Recr1011" />
                                                                </Identifier>
                                                              </ScalarOperator>
                                                              <ScalarOperator>
                                                                <Const ConstValue="(1)" />
                                                              </ScalarOperator>
                                                            </Compare>
                                                          </ScalarOperator>
                                                        </Predicate>
                                                      </Filter>
                                                    </RelOp>
                                                  </ComputeScalar>
                                                </RelOp>
                                              </NestedLoops>
                                            </RelOp>
                                            <Predicate>
                                              <ScalarOperator ScalarString="CASE WHEN [Expr1079]&gt;(100) THEN (0) ELSE NULL END">
                                                <IF>
                                                  <Condition>
                                                    <ScalarOperator>
                                                      <Compare CompareOp="GT">
                                                        <ScalarOperator>
                                                          <Identifier>
                                                            <ColumnReference Column="Expr1079" />
                                                          </Identifier>
                                                        </ScalarOperator>
                                                        <ScalarOperator>
                                                          <Const ConstValue="(100)" />
                                                        </ScalarOperator>
                                                      </Compare>
                                                    </ScalarOperator>
                                                  </Condition>
                                                  <Then>
                                                    <ScalarOperator>
                                                      <Const ConstValue="(0)" />
                                                    </ScalarOperator>
                                                  </Then>
                                                  <Else>
                                                    <ScalarOperator>
                                                      <Const ConstValue="NULL" />
                                                    </ScalarOperator>
                                                  </Else>
                                                </IF>
                                              </ScalarOperator>
                                            </Predicate>
                                          </Assert>
                                        </RelOp>
                                      </Concat>
                                    </RelOp>
                                  </Spool>
                                </RelOp>
                              </ComputeScalar>
                            </RelOp>
                            <RelOp NodeId="48" PhysicalOp="Compute Scalar" LogicalOp="Compute Scalar" EstimateRows="2" EstimateIO="0" EstimateCPU="2e-007" AvgRowSize="4044" EstimatedTotalSubtreeCost="7.034e-006" Parallel="0" EstimateRebinds="0" EstimateRewinds="0" EstimatedExecutionMode="Row">
                              <OutputList>
                                <ColumnReference Column="Recr1033" />
                                <ColumnReference Column="Recr1035" />
                                <ColumnReference Column="Expr1037" />
                              </OutputList>
                              <ComputeScalar>
                                <DefinedValues>
                                  <DefinedValue>
                                    <ColumnReference Column="Expr1037" />
                                    <ScalarOperator ScalarString="'Medium'">
                                      <Const ConstValue="'Medium'" />
                                    </ScalarOperator>
                                  </DefinedValue>
                                </DefinedValues>
                                <RelOp NodeId="49" PhysicalOp="Index Spool" LogicalOp="Lazy Spool" EstimateRows="2" EstimateIO="0" EstimateCPU="1e-008" AvgRowSize="4039" EstimatedTotalSubtreeCost="6.834e-006" Parallel="0" EstimateRebinds="0" EstimateRewinds="0" EstimatedExecutionMode="Row">
                                  <OutputList>
                                    <ColumnReference Column="Expr1084" />
                                    <ColumnReference Column="Recr1033" />
                                    <ColumnReference Column="Recr1034" />
                                    <ColumnReference Column="Recr1035" />
                                    <ColumnReference Column="Recr1036" />
                                  </OutputList>
                                  <Spool Stack="1">
                                    <RelOp NodeId="50" PhysicalOp="Concatenation" LogicalOp="Concatenation" EstimateRows="2" EstimateIO="0" EstimateCPU="2e-009" AvgRowSize="4039" EstimatedTotalSubtreeCost="5.244e-006" Parallel="0" EstimateRebinds="0" EstimateRewinds="0" EstimatedExecutionMode="Row">
                                      <OutputList>
                                        <ColumnReference Column="Expr1084" />
                                        <ColumnReference Column="Recr1033" />
                                        <ColumnReference Column="Recr1034" />
                                        <ColumnReference Column="Recr1035" />
                                        <ColumnReference Column="Recr1036" />
                                      </OutputList>
                                      <Concat>
                                        <DefinedValues>
                                          <DefinedValue>
                                            <ColumnReference Column="Expr1084" />
                                            <ColumnReference Column="Expr1081" />
                                            <ColumnReference Column="Expr1083" />
                                          </DefinedValue>
                                          <DefinedValue>
                                            <ColumnReference Column="Recr1033" />
                                            <ColumnReference Column="Expr1021" />
                                            <ColumnReference Column="Expr1029" />
                                          </DefinedValue>
                                          <DefinedValue>
                                            <ColumnReference Column="Recr1034" />
                                            <ColumnReference Column="Expr1022" />
                                            <ColumnReference Column="Expr1030" />
                                          </DefinedValue>
                                          <DefinedValue>
                                            <ColumnReference Column="Recr1035" />
                                            <ColumnReference Column="Expr1023" />
                                            <ColumnReference Column="Expr1031" />
                                          </DefinedValue>
                                          <DefinedValue>
                                            <ColumnReference Column="Recr1036" />
                                            <ColumnReference Column="Expr1024" />
                                            <ColumnReference Column="Expr1032" />
                                          </DefinedValue>
                                        </DefinedValues>
                                        <RelOp NodeId="51" PhysicalOp="Compute Scalar" LogicalOp="Compute Scalar" EstimateRows="1" EstimateIO="0" EstimateCPU="2e-008" AvgRowSize="4039" EstimatedTotalSubtreeCost="2e-008" Parallel="0" EstimateRebinds="2" EstimateRewinds="0" EstimatedExecutionMode="Row">
                                          <OutputList>
                                            <ColumnReference Column="Expr1081" />
                                            <ColumnReference Column="Expr1021" />
                                            <ColumnReference Column="Expr1022" />
                                            <ColumnReference Column="Expr1023" />
                                            <ColumnReference Column="Expr1024" />
                                          </OutputList>
                                          <ComputeScalar>
                                            <DefinedValues>
                                              <DefinedValue>
                                                <ColumnReference Column="Expr1081" />
                                                <ScalarOperator ScalarString="(0)">
                                                  <Const ConstValue="(0)" />
                                                </ScalarOperator>
                                              </DefinedValue>
                                            </DefinedValues>
                                            <RelOp NodeId="52" PhysicalOp="Compute Scalar" LogicalOp="Compute Scalar" EstimateRows="1" EstimateIO="0" EstimateCPU="1e-007" AvgRowSize="8069" EstimatedTotalSubtreeCost="1.737e-006" Parallel="0" EstimateRebinds="0" EstimateRewinds="0" EstimatedExecutionMode="Row">
                                              <OutputList>
                                                <ColumnReference Column="Expr1021" />
                                                <ColumnReference Column="Expr1022" />
                                                <ColumnReference Column="Expr1023" />
                                                <ColumnReference Column="Expr1024" />
                                              </OutputList>
                                              <ComputeScalar>
                                                <DefinedValues>
                                                  <DefinedValue>
                                                    <ColumnReference Column="Expr1021" />
                                                    <ScalarOperator ScalarString="CASE WHEN charindex(N',',[@FragmentationMedium])=(0) THEN [@FragmentationMedium] ELSE substring([@FragmentationMedium],(1),charindex(N',',[@FragmentationMedium])-(1)) END">
                                                      <IF>
                                                        <Condition>
                                                          <ScalarOperator>
                                                            <Compare CompareOp="EQ">
                                                              <ScalarOperator>
                                                                <Intrinsic FunctionName="charindex">
                                                                  <ScalarOperator>
                                                                    <Const ConstValue="N','" />
                                                                  </ScalarOperator>
                                                                  <ScalarOperator>
                                                                    <Identifier>
                                                                      <ColumnReference Column="@FragmentationMedium" />
                                                                    </Identifier>
                                                                  </ScalarOperator>
                                                                  <ScalarOperator>
                                                                    <Const ConstValue="" />
                                                                  </ScalarOperator>
                                                                </Intrinsic>
                                                              </ScalarOperator>
                                                              <ScalarOperator>
                                                                <Const ConstValue="(0)" />
                                                              </ScalarOperator>
                                                            </Compare>
                                                          </ScalarOperator>
                                                        </Condition>
                                                        <Then>
                                                          <ScalarOperator>
                                                            <Identifier>
                                                              <ColumnReference Column="@FragmentationMedium" />
                                                            </Identifier>
                                                          </ScalarOperator>
                                                        </Then>
                                                        <Else>
                                                          <ScalarOperator>
                                                            <Intrinsic FunctionName="substring">
                                                              <ScalarOperator>
                                                                <Identifier>
                                                                  <ColumnReference Column="@FragmentationMedium" />
                                                                </Identifier>
                                                              </ScalarOperator>
                                                              <ScalarOperator>
                                                                <Const ConstValue="(1)" />
                                                              </ScalarOperator>
                                                              <ScalarOperator>
                                                                <Arithmetic Operation="SUB">
                                                                  <ScalarOperator>
                                                                    <Intrinsic FunctionName="charindex">
                                                                      <ScalarOperator>
                                                                        <Const ConstValue="N','" />
                                                                      </ScalarOperator>
                                                                      <ScalarOperator>
                                                                        <Identifier>
                                                                          <ColumnReference Column="@FragmentationMedium" />
                                                                        </Identifier>
                                                                      </ScalarOperator>
                                                                      <ScalarOperator>
                                                                        <Const ConstValue="" />
                                                                      </ScalarOperator>
                                                                    </Intrinsic>
                                                                  </ScalarOperator>
                                                                  <ScalarOperator>
                                                                    <Const ConstValue="(1)" />
                                                                  </ScalarOperator>
                                                                </Arithmetic>
                                                              </ScalarOperator>
                                                            </Intrinsic>
                                                          </ScalarOperator>
                                                        </Else>
                                                      </IF>
                                                    </ScalarOperator>
                                                  </DefinedValue>
                                                  <DefinedValue>
                                                    <ColumnReference Column="Expr1022" />
                                                    <ScalarOperator ScalarString="CASE WHEN charindex(N',',[@FragmentationMedium])=(0) THEN CONVERT_IMPLICIT(nvarchar(max),'',0) ELSE substring([@FragmentationMedium],charindex(N',',[@FragmentationMedium])+(1),len([@FragmentationMedium])) END">
                                                      <IF>
                                                        <Condition>
                                                          <ScalarOperator>
                                                            <Compare CompareOp="EQ">
                                                              <ScalarOperator>
                                                                <Intrinsic FunctionName="charindex">
                                                                  <ScalarOperator>
                                                                    <Const ConstValue="N','" />
                                                                  </ScalarOperator>
                                                                  <ScalarOperator>
                                                                    <Identifier>
                                                                      <ColumnReference Column="@FragmentationMedium" />
                                                                    </Identifier>
                                                                  </ScalarOperator>
                                                                  <ScalarOperator>
                                                                    <Const ConstValue="" />
                                                                  </ScalarOperator>
                                                                </Intrinsic>
                                                              </ScalarOperator>
                                                              <ScalarOperator>
                                                                <Const ConstValue="(0)" />
                                                              </ScalarOperator>
                                                            </Compare>
                                                          </ScalarOperator>
                                                        </Condition>
                                                        <Then>
                                                          <ScalarOperator>
                                                            <Convert DataType="nvarchar(max)" Length="2147483647" Style="0" Implicit="1">
                                                              <ScalarOperator>
                                                                <Const ConstValue="''" />
                                                              </ScalarOperator>
                                                            </Convert>
                                                          </ScalarOperator>
                                                        </Then>
                                                        <Else>
                                                          <ScalarOperator>
                                                            <Intrinsic FunctionName="substring">
                                                              <ScalarOperator>
                                                                <Identifier>
                                                                  <ColumnReference Column="@FragmentationMedium" />
                                                                </Identifier>
                                                              </ScalarOperator>
                                                              <ScalarOperator>
                                                                <Arithmetic Operation="ADD">
                                                                  <ScalarOperator>
                                                                    <Intrinsic FunctionName="charindex">
                                                                      <ScalarOperator>
                                                                        <Const ConstValue="N','" />
                                                                      </ScalarOperator>
                                                                      <ScalarOperator>
                                                                        <Identifier>
                                                                          <ColumnReference Column="@FragmentationMedium" />
                                                                        </Identifier>
                                                                      </ScalarOperator>
                                                                      <ScalarOperator>
                                                                        <Const ConstValue="" />
                                                                      </ScalarOperator>
                                                                    </Intrinsic>
                                                                  </ScalarOperator>
                                                                  <ScalarOperator>
                                                                    <Const ConstValue="(1)" />
                                                                  </ScalarOperator>
                                                                </Arithmetic>
                                                              </ScalarOperator>
                                                              <ScalarOperator>
                                                                <Intrinsic FunctionName="len">
                                                                  <ScalarOperator>
                                                                    <Identifier>
                                                                      <ColumnReference Column="@FragmentationMedium" />
                                                                    </Identifier>
                                                                  </ScalarOperator>
                                                                </Intrinsic>
                                                              </ScalarOperator>
                                                            </Intrinsic>
                                                          </ScalarOperator>
                                                        </Else>
                                                      </IF>
                                                    </ScalarOperator>
                                                  </DefinedValue>
                                                  <DefinedValue>
                                                    <ColumnReference Column="Expr1023" />
                                                    <ScalarOperator ScalarString="(1)">
                                                      <Const ConstValue="(1)" />
                                                    </ScalarOperator>
                                                  </DefinedValue>
                                                  <DefinedValue>
                                                    <ColumnReference Column="Expr1024" />
                                                    <ScalarOperator ScalarString="CASE WHEN charindex(N',',[@FragmentationMedium])=(0) THEN (0) ELSE (1) END">
                                                      <IF>
                                                        <Condition>
                                                          <ScalarOperator>
                                                            <Compare CompareOp="EQ">
                                                              <ScalarOperator>
                                                                <Intrinsic FunctionName="charindex">
                                                                  <ScalarOperator>
                                                                    <Const ConstValue="N','" />
                                                                  </ScalarOperator>
                                                                  <ScalarOperator>
                                                                    <Identifier>
                                                                      <ColumnReference Column="@FragmentationMedium" />
                                                                    </Identifier>
                                                                  </ScalarOperator>
                                                                  <ScalarOperator>
                                                                    <Const ConstValue="" />
                                                                  </ScalarOperator>
                                                                </Intrinsic>
                                                              </ScalarOperator>
                                                              <ScalarOperator>
                                                                <Const ConstValue="(0)" />
                                                              </ScalarOperator>
                                                            </Compare>
                                                          </ScalarOperator>
                                                        </Condition>
                                                        <Then>
                                                          <ScalarOperator>
                                                            <Const ConstValue="(0)" />
                                                          </ScalarOperator>
                                                        </Then>
                                                        <Else>
                                                          <ScalarOperator>
                                                            <Const ConstValue="(1)" />
                                                          </ScalarOperator>
                                                        </Else>
                                                      </IF>
                                                    </ScalarOperator>
                                                  </DefinedValue>
                                                </DefinedValues>
                                                <RelOp NodeId="53" PhysicalOp="Filter" LogicalOp="Filter" EstimateRows="1" EstimateIO="0" EstimateCPU="4.8e-007" AvgRowSize="9" EstimatedTotalSubtreeCost="1.637e-006" Parallel="0" EstimateRebinds="0" EstimateRewinds="0" EstimatedExecutionMode="Row">
                                                  <OutputList />
                                                  <Filter StartupExpression="1">
                                                    <RelOp NodeId="54" PhysicalOp="Constant Scan" LogicalOp="Constant Scan" EstimateRows="1" EstimateIO="0" EstimateCPU="1.157e-006" AvgRowSize="9" EstimatedTotalSubtreeCost="1.157e-006" Parallel="0" EstimateRebinds="0" EstimateRewinds="0" EstimatedExecutionMode="Row">
                                                      <OutputList />
                                                      <ConstantScan />
                                                    </RelOp>
                                                    <Predicate>
                                                      <ScalarOperator ScalarString="[@FragmentationMedium] IS NOT NULL">
                                                        <Compare CompareOp="IS NOT">
                                                          <ScalarOperator>
                                                            <Identifier>
                                                              <ColumnReference Column="@FragmentationMedium" />
                                                            </Identifier>
                                                          </ScalarOperator>
                                                          <ScalarOperator>
                                                            <Const ConstValue="NULL" />
                                                          </ScalarOperator>
                                                        </Compare>
                                                      </ScalarOperator>
                                                    </Predicate>
                                                  </Filter>
                                                </RelOp>
                                              </ComputeScalar>
                                            </RelOp>
                                          </ComputeScalar>
                                        </RelOp>
                                        <RelOp NodeId="68" PhysicalOp="Assert" LogicalOp="Assert" EstimateRows="2" EstimateIO="0" EstimateCPU="1.68e-007" AvgRowSize="4039" EstimatedTotalSubtreeCost="3.505e-006" Parallel="0" EstimateRebinds="2" EstimateRewinds="0" EstimatedExecutionMode="Row">
                                          <OutputList>
                                            <ColumnReference Column="Expr1083" />
                                            <ColumnReference Column="Expr1029" />
                                            <ColumnReference Column="Expr1030" />
                                            <ColumnReference Column="Expr1031" />
                                            <ColumnReference Column="Expr1032" />
                                          </OutputList>
                                          <Assert StartupExpression="0">
                                            <RelOp NodeId="69" PhysicalOp="Nested Loops" LogicalOp="Inner Join" EstimateRows="2" EstimateIO="0" EstimateCPU="1.68e-007" AvgRowSize="4039" EstimatedTotalSubtreeCost="3.505e-006" Parallel="0" EstimateRebinds="2" EstimateRewinds="0" EstimatedExecutionMode="Row">
                                              <OutputList>
                                                <ColumnReference Column="Expr1083" />
                                                <ColumnReference Column="Expr1029" />
                                                <ColumnReference Column="Expr1030" />
                                                <ColumnReference Column="Expr1031" />
                                                <ColumnReference Column="Expr1032" />
                                              </OutputList>
                                              <NestedLoops Optimized="0">
                                                <OuterReferences>
                                                  <ColumnReference Column="Expr1083" />
                                                  <ColumnReference Column="Recr1025" />
                                                  <ColumnReference Column="Recr1026" />
                                                  <ColumnReference Column="Recr1027" />
                                                  <ColumnReference Column="Recr1028" />
                                                </OuterReferences>
                                                <RelOp NodeId="70" PhysicalOp="Compute Scalar" LogicalOp="Compute Scalar" EstimateRows="1" EstimateIO="0" EstimateCPU="2e-008" AvgRowSize="4039" EstimatedTotalSubtreeCost="2e-008" Parallel="0" EstimateRebinds="2" EstimateRewinds="0" EstimatedExecutionMode="Row">
                                                  <OutputList>
                                                    <ColumnReference Column="Expr1083" />
                                                    <ColumnReference Column="Recr1025" />
                                                    <ColumnReference Column="Recr1026" />
                                                    <ColumnReference Column="Recr1027" />
                                                    <ColumnReference Column="Recr1028" />
                                                  </OutputList>
                                                  <ComputeScalar>
                                                    <DefinedValues>
                                                      <DefinedValue>
                                                        <ColumnReference Column="Expr1083" />
                                                        <ScalarOperator ScalarString="[Expr1082]+(1)">
                                                          <Arithmetic Operation="ADD">
                                                            <ScalarOperator>
                                                              <Identifier>
                                                                <ColumnReference Column="Expr1082" />
                                                              </Identifier>
                                                            </ScalarOperator>
                                                            <ScalarOperator>
                                                              <Const ConstValue="(1)" />
                                                            </ScalarOperator>
                                                          </Arithmetic>
                                                        </ScalarOperator>
                                                      </DefinedValue>
                                                    </DefinedValues>
                                                    <RelOp NodeId="71" PhysicalOp="Table Spool" LogicalOp="Lazy Spool" EstimateRows="1" EstimateIO="0" EstimateCPU="2e-008" AvgRowSize="4039" EstimatedTotalSubtreeCost="2e-008" Parallel="0" EstimateRebinds="2" EstimateRewinds="0" EstimatedExecutionMode="Row">
                                                      <OutputList>
                                                        <ColumnReference Column="Expr1082" />
                                                        <ColumnReference Column="Recr1025" />
                                                        <ColumnReference Column="Recr1026" />
                                                        <ColumnReference Column="Recr1027" />
                                                        <ColumnReference Column="Recr1028" />
                                                      </OutputList>
                                                      <Spool PrimaryNodeId="49" Stack="1" />
                                                    </RelOp>
                                                  </ComputeScalar>
                                                </RelOp>
                                                <RelOp NodeId="75" PhysicalOp="Compute Scalar" LogicalOp="Compute Scalar" EstimateRows="1" EstimateIO="0" EstimateCPU="1e-007" AvgRowSize="8069" EstimatedTotalSubtreeCost="3.317e-006" Parallel="0" EstimateRebinds="1" EstimateRewinds="0" EstimatedExecutionMode="Row">
                                                  <OutputList>
                                                    <ColumnReference Column="Expr1029" />
                                                    <ColumnReference Column="Expr1030" />
                                                    <ColumnReference Column="Expr1031" />
                                                    <ColumnReference Column="Expr1032" />
                                                  </OutputList>
                                                  <ComputeScalar>
                                                    <DefinedValues>
                                                      <DefinedValue>
                                                        <ColumnReference Column="Expr1029" />
                                                        <ScalarOperator ScalarString="CASE WHEN charindex(N',',[Recr1026])=(0) THEN [Recr1026] ELSE substring([Recr1026],(1),charindex(N',',[Recr1026])-(1)) END">
                                                          <IF>
                                                            <Condition>
                                                              <ScalarOperator>
                                                                <Compare CompareOp="EQ">
                                                                  <ScalarOperator>
                                                                    <Intrinsic FunctionName="charindex">
                                                                      <ScalarOperator>
                                                                        <Const ConstValue="N','" />
                                                                      </ScalarOperator>
                                                                      <ScalarOperator>
                                                                        <Identifier>
                                                                          <ColumnReference Column="Recr1026" />
                                                                        </Identifier>
                                                                      </ScalarOperator>
                                                                      <ScalarOperator>
                                                                        <Const ConstValue="" />
                                                                      </ScalarOperator>
                                                                    </Intrinsic>
                                                                  </ScalarOperator>
                                                                  <ScalarOperator>
                                                                    <Const ConstValue="(0)" />
                                                                  </ScalarOperator>
                                                                </Compare>
                                                              </ScalarOperator>
                                                            </Condition>
                                                            <Then>
                                                              <ScalarOperator>
                                                                <Identifier>
                                                                  <ColumnReference Column="Recr1026" />
                                                                </Identifier>
                                                              </ScalarOperator>
                                                            </Then>
                                                            <Else>
                                                              <ScalarOperator>
                                                                <Intrinsic FunctionName="substring">
                                                                  <ScalarOperator>
                                                                    <Identifier>
                                                                      <ColumnReference Column="Recr1026" />
                                                                    </Identifier>
                                                                  </ScalarOperator>
                                                                  <ScalarOperator>
                                                                    <Const ConstValue="(1)" />
                                                                  </ScalarOperator>
                                                                  <ScalarOperator>
                                                                    <Arithmetic Operation="SUB">
                                                                      <ScalarOperator>
                                                                        <Intrinsic FunctionName="charindex">
                                                                          <ScalarOperator>
                                                                            <Const ConstValue="N','" />
                                                                          </ScalarOperator>
                                                                          <ScalarOperator>
                                                                            <Identifier>
                                                                              <ColumnReference Column="Recr1026" />
                                                                            </Identifier>
                                                                          </ScalarOperator>
                                                                          <ScalarOperator>
                                                                            <Const ConstValue="" />
                                                                          </ScalarOperator>
                                                                        </Intrinsic>
                                                                      </ScalarOperator>
                                                                      <ScalarOperator>
                                                                        <Const ConstValue="(1)" />
                                                                      </ScalarOperator>
                                                                    </Arithmetic>
                                                                  </ScalarOperator>
                                                                </Intrinsic>
                                                              </ScalarOperator>
                                                            </Else>
                                                          </IF>
                                                        </ScalarOperator>
                                                      </DefinedValue>
                                                      <DefinedValue>
                                                        <ColumnReference Column="Expr1030" />
                                                        <ScalarOperator ScalarString="CASE WHEN charindex(N',',[Recr1026])=(0) THEN CONVERT_IMPLICIT(nvarchar(max),'',0) ELSE substring([Recr1026],charindex(N',',[Recr1026])+(1),len([Recr1026])) END">
                                                          <IF>
                                                            <Condition>
                                                              <ScalarOperator>
                                                                <Compare CompareOp="EQ">
                                                                  <ScalarOperator>
                                                                    <Intrinsic FunctionName="charindex">
                                                                      <ScalarOperator>
                                                                        <Const ConstValue="N','" />
                                                                      </ScalarOperator>
                                                                      <ScalarOperator>
                                                                        <Identifier>
                                                                          <ColumnReference Column="Recr1026" />
                                                                        </Identifier>
                                                                      </ScalarOperator>
                                                                      <ScalarOperator>
                                                                        <Const ConstValue="" />
                                                                      </ScalarOperator>
                                                                    </Intrinsic>
                                                                  </ScalarOperator>
                                                                  <ScalarOperator>
                                                                    <Const ConstValue="(0)" />
                                                                  </ScalarOperator>
                                                                </Compare>
                                                              </ScalarOperator>
                                                            </Condition>
                                                            <Then>
                                                              <ScalarOperator>
                                                                <Convert DataType="nvarchar(max)" Length="2147483647" Style="0" Implicit="1">
                                                                  <ScalarOperator>
                                                                    <Const ConstValue="''" />
                                                                  </ScalarOperator>
                                                                </Convert>
                                                              </ScalarOperator>
                                                            </Then>
                                                            <Else>
                                                              <ScalarOperator>
                                                                <Intrinsic FunctionName="substring">
                                                                  <ScalarOperator>
                                                                    <Identifier>
                                                                      <ColumnReference Column="Recr1026" />
                                                                    </Identifier>
                                                                  </ScalarOperator>
                                                                  <ScalarOperator>
                                                                    <Arithmetic Operation="ADD">
                                                                      <ScalarOperator>
                                                                        <Intrinsic FunctionName="charindex">
                                                                          <ScalarOperator>
                                                                            <Const ConstValue="N','" />
                                                                          </ScalarOperator>
                                                                          <ScalarOperator>
                                                                            <Identifier>
                                                                              <ColumnReference Column="Recr1026" />
                                                                            </Identifier>
                                                                          </ScalarOperator>
                                                                          <ScalarOperator>
                                                                            <Const ConstValue="" />
                                                                          </ScalarOperator>
                                                                        </Intrinsic>
                                                                      </ScalarOperator>
                                                                      <ScalarOperator>
                                                                        <Const ConstValue="(1)" />
                                                                      </ScalarOperator>
                                                                    </Arithmetic>
                                                                  </ScalarOperator>
                                                                  <ScalarOperator>
                                                                    <Intrinsic FunctionName="len">
                                                                      <ScalarOperator>
                                                                        <Identifier>
                                                                          <ColumnReference Column="Recr1026" />
                                                                        </Identifier>
                                                                      </ScalarOperator>
                                                                    </Intrinsic>
                                                                  </ScalarOperator>
                                                                </Intrinsic>
                                                              </ScalarOperator>
                                                            </Else>
                                                          </IF>
                                                        </ScalarOperator>
                                                      </DefinedValue>
                                                      <DefinedValue>
                                                        <ColumnReference Column="Expr1031" />
                                                        <ScalarOperator ScalarString="[Recr1027]+(1)">
                                                          <Arithmetic Operation="ADD">
                                                            <ScalarOperator>
                                                              <Identifier>
                                                                <ColumnReference Column="Recr1027" />
                                                              </Identifier>
                                                            </ScalarOperator>
                                                            <ScalarOperator>
                                                              <Const ConstValue="(1)" />
                                                            </ScalarOperator>
                                                          </Arithmetic>
                                                        </ScalarOperator>
                                                      </DefinedValue>
                                                      <DefinedValue>
                                                        <ColumnReference Column="Expr1032" />
                                                        <ScalarOperator ScalarString="CASE WHEN charindex(N',',[Recr1026])=(0) THEN (0) ELSE (1) END">
                                                          <IF>
                                                            <Condition>
                                                              <ScalarOperator>
                                                                <Compare CompareOp="EQ">
                                                                  <ScalarOperator>
                                                                    <Intrinsic FunctionName="charindex">
                                                                      <ScalarOperator>
                                                                        <Const ConstValue="N','" />
                                                                      </ScalarOperator>
                                                                      <ScalarOperator>
                                                                        <Identifier>
                                                                          <ColumnReference Column="Recr1026" />
                                                                        </Identifier>
                                                                      </ScalarOperator>
                                                                      <ScalarOperator>
                                                                        <Const ConstValue="" />
                                                                      </ScalarOperator>
                                                                    </Intrinsic>
                                                                  </ScalarOperator>
                                                                  <ScalarOperator>
                                                                    <Const ConstValue="(0)" />
                                                                  </ScalarOperator>
                                                                </Compare>
                                                              </ScalarOperator>
                                                            </Condition>
                                                            <Then>
                                                              <ScalarOperator>
                                                                <Const ConstValue="(0)" />
                                                              </ScalarOperator>
                                                            </Then>
                                                            <Else>
                                                              <ScalarOperator>
                                                                <Const ConstValue="(1)" />
                                                              </ScalarOperator>
                                                            </Else>
                                                          </IF>
                                                        </ScalarOperator>
                                                      </DefinedValue>
                                                    </DefinedValues>
                                                    <RelOp NodeId="76" PhysicalOp="Filter" LogicalOp="Filter" EstimateRows="1" EstimateIO="0" EstimateCPU="4.8e-007" AvgRowSize="9" EstimatedTotalSubtreeCost="3.117e-006" Parallel="0" EstimateRebinds="1" EstimateRewinds="0" EstimatedExecutionMode="Row">
                                                      <OutputList />
                                                      <Filter StartupExpression="1">
                                                        <RelOp NodeId="77" PhysicalOp="Constant Scan" LogicalOp="Constant Scan" EstimateRows="1" EstimateIO="0" EstimateCPU="1.157e-006" AvgRowSize="9" EstimatedTotalSubtreeCost="2.157e-006" Parallel="0" EstimateRebinds="0" EstimateRewinds="1" EstimatedExecutionMode="Row">
                                                          <OutputList />
                                                          <ConstantScan />
                                                        </RelOp>
                                                        <Predicate>
                                                          <ScalarOperator ScalarString="[Recr1028]=(1)">
                                                            <Compare CompareOp="EQ">
                                                              <ScalarOperator>
                                                                <Identifier>
                                                                  <ColumnReference Column="Recr1028" />
                                                                </Identifier>
                                                              </ScalarOperator>
                                                              <ScalarOperator>
                                                                <Const ConstValue="(1)" />
                                                              </ScalarOperator>
                                                            </Compare>
                                                          </ScalarOperator>
                                                        </Predicate>
                                                      </Filter>
                                                    </RelOp>
                                                  </ComputeScalar>
                                                </RelOp>
                                              </NestedLoops>
                                            </RelOp>
                                            <Predicate>
                                              <ScalarOperator ScalarString="CASE WHEN [Expr1083]&gt;(100) THEN (0) ELSE NULL END">
                                                <IF>
                                                  <Condition>
                                                    <ScalarOperator>
                                                      <Compare CompareOp="GT">
                                                        <ScalarOperator>
                                                          <Identifier>
                                                            <ColumnReference Column="Expr1083" />
                                                          </Identifier>
                                                        </ScalarOperator>
                                                        <ScalarOperator>
                                                          <Const ConstValue="(100)" />
                                                        </ScalarOperator>
                                                      </Compare>
                                                    </ScalarOperator>
                                                  </Condition>
                                                  <Then>
                                                    <ScalarOperator>
                                                      <Const ConstValue="(0)" />
                                                    </ScalarOperator>
                                                  </Then>
                                                  <Else>
                                                    <ScalarOperator>
                                                      <Const ConstValue="NULL" />
                                                    </ScalarOperator>
                                                  </Else>
                                                </IF>
                                              </ScalarOperator>
                                            </Predicate>
                                          </Assert>
                                        </RelOp>
                                      </Concat>
                                    </RelOp>
                                  </Spool>
                                </RelOp>
                              </ComputeScalar>
                            </RelOp>
                            <RelOp NodeId="92" PhysicalOp="Compute Scalar" LogicalOp="Compute Scalar" EstimateRows="2" EstimateIO="0" EstimateCPU="2e-007" AvgRowSize="4043" EstimatedTotalSubtreeCost="7.034e-006" Parallel="0" EstimateRebinds="0" EstimateRewinds="0" EstimatedExecutionMode="Row">
                              <OutputList>
                                <ColumnReference Column="Recr1050" />
                                <ColumnReference Column="Recr1052" />
                                <ColumnReference Column="Expr1054" />
                              </OutputList>
                              <ComputeScalar>
                                <DefinedValues>
                                  <DefinedValue>
                                    <ColumnReference Column="Expr1054" />
                                    <ScalarOperator ScalarString="'High'">
                                      <Const ConstValue="'High'" />
                                    </ScalarOperator>
                                  </DefinedValue>
                                </DefinedValues>
                                <RelOp NodeId="93" PhysicalOp="Index Spool" LogicalOp="Lazy Spool" EstimateRows="2" EstimateIO="0" EstimateCPU="1e-008" AvgRowSize="4039" EstimatedTotalSubtreeCost="6.834e-006" Parallel="0" EstimateRebinds="0" EstimateRewinds="0" EstimatedExecutionMode="Row">
                                  <OutputList>
                                    <ColumnReference Column="Expr1088" />
                                    <ColumnReference Column="Recr1050" />
                                    <ColumnReference Column="Recr1051" />
                                    <ColumnReference Column="Recr1052" />
                                    <ColumnReference Column="Recr1053" />
                                  </OutputList>
                                  <Spool Stack="1">
                                    <RelOp NodeId="94" PhysicalOp="Concatenation" LogicalOp="Concatenation" EstimateRows="2" EstimateIO="0" EstimateCPU="2e-009" AvgRowSize="4039" EstimatedTotalSubtreeCost="5.244e-006" Parallel="0" EstimateRebinds="0" EstimateRewinds="0" EstimatedExecutionMode="Row">
                                      <OutputList>
                                        <ColumnReference Column="Expr1088" />
                                        <ColumnReference Column="Recr1050" />
                                        <ColumnReference Column="Recr1051" />
                                        <ColumnReference Column="Recr1052" />
                                        <ColumnReference Column="Recr1053" />
                                      </OutputList>
                                      <Concat>
                                        <DefinedValues>
                                          <DefinedValue>
                                            <ColumnReference Column="Expr1088" />
                                            <ColumnReference Column="Expr1085" />
                                            <ColumnReference Column="Expr1087" />
                                          </DefinedValue>
                                          <DefinedValue>
                                            <ColumnReference Column="Recr1050" />
                                            <ColumnReference Column="Expr1038" />
                                            <ColumnReference Column="Expr1046" />
                                          </DefinedValue>
                                          <DefinedValue>
                                            <ColumnReference Column="Recr1051" />
                                            <ColumnReference Column="Expr1039" />
                                            <ColumnReference Column="Expr1047" />
                                          </DefinedValue>
                                          <DefinedValue>
                                            <ColumnReference Column="Recr1052" />
                                            <ColumnReference Column="Expr1040" />
                                            <ColumnReference Column="Expr1048" />
                                          </DefinedValue>
                                          <DefinedValue>
                                            <ColumnReference Column="Recr1053" />
                                            <ColumnReference Column="Expr1041" />
                                            <ColumnReference Column="Expr1049" />
                                          </DefinedValue>
                                        </DefinedValues>
                                        <RelOp NodeId="95" PhysicalOp="Compute Scalar" LogicalOp="Compute Scalar" EstimateRows="1" EstimateIO="0" EstimateCPU="2e-008" AvgRowSize="4039" EstimatedTotalSubtreeCost="2e-008" Parallel="0" EstimateRebinds="2" EstimateRewinds="0" EstimatedExecutionMode="Row">
                                          <OutputList>
                                            <ColumnReference Column="Expr1085" />
                                            <ColumnReference Column="Expr1038" />
                                            <ColumnReference Column="Expr1039" />
                                            <ColumnReference Column="Expr1040" />
                                            <ColumnReference Column="Expr1041" />
                                          </OutputList>
                                          <ComputeScalar>
                                            <DefinedValues>
                                              <DefinedValue>
                                                <ColumnReference Column="Expr1085" />
                                                <ScalarOperator ScalarString="(0)">
                                                  <Const ConstValue="(0)" />
                                                </ScalarOperator>
                                              </DefinedValue>
                                            </DefinedValues>
                                            <RelOp NodeId="96" PhysicalOp="Compute Scalar" LogicalOp="Compute Scalar" EstimateRows="1" EstimateIO="0" EstimateCPU="1e-007" AvgRowSize="8069" EstimatedTotalSubtreeCost="1.737e-006" Parallel="0" EstimateRebinds="0" EstimateRewinds="0" EstimatedExecutionMode="Row">
                                              <OutputList>
                                                <ColumnReference Column="Expr1038" />
                                                <ColumnReference Column="Expr1039" />
                                                <ColumnReference Column="Expr1040" />
                                                <ColumnReference Column="Expr1041" />
                                              </OutputList>
                                              <ComputeScalar>
                                                <DefinedValues>
                                                  <DefinedValue>
                                                    <ColumnReference Column="Expr1038" />
                                                    <ScalarOperator ScalarString="CASE WHEN charindex(N',',[@FragmentationHigh])=(0) THEN [@FragmentationHigh] ELSE substring([@FragmentationHigh],(1),charindex(N',',[@FragmentationHigh])-(1)) END">
                                                      <IF>
                                                        <Condition>
                                                          <ScalarOperator>
                                                            <Compare CompareOp="EQ">
                                                              <ScalarOperator>
                                                                <Intrinsic FunctionName="charindex">
                                                                  <ScalarOperator>
                                                                    <Const ConstValue="N','" />
                                                                  </ScalarOperator>
                                                                  <ScalarOperator>
                                                                    <Identifier>
                                                                      <ColumnReference Column="@FragmentationHigh" />
                                                                    </Identifier>
                                                                  </ScalarOperator>
                                                                  <ScalarOperator>
                                                                    <Const ConstValue="" />
                                                                  </ScalarOperator>
                                                                </Intrinsic>
                                                              </ScalarOperator>
                                                              <ScalarOperator>
                                                                <Const ConstValue="(0)" />
                                                              </ScalarOperator>
                                                            </Compare>
                                                          </ScalarOperator>
                                                        </Condition>
                                                        <Then>
                                                          <ScalarOperator>
                                                            <Identifier>
                                                              <ColumnReference Column="@FragmentationHigh" />
                                                            </Identifier>
                                                          </ScalarOperator>
                                                        </Then>
                                                        <Else>
                                                          <ScalarOperator>
                                                            <Intrinsic FunctionName="substring">
                                                              <ScalarOperator>
                                                                <Identifier>
                                                                  <ColumnReference Column="@FragmentationHigh" />
                                                                </Identifier>
                                                              </ScalarOperator>
                                                              <ScalarOperator>
                                                                <Const ConstValue="(1)" />
                                                              </ScalarOperator>
                                                              <ScalarOperator>
                                                                <Arithmetic Operation="SUB">
                                                                  <ScalarOperator>
                                                                    <Intrinsic FunctionName="charindex">
                                                                      <ScalarOperator>
                                                                        <Const ConstValue="N','" />
                                                                      </ScalarOperator>
                                                                      <ScalarOperator>
                                                                        <Identifier>
                                                                          <ColumnReference Column="@FragmentationHigh" />
                                                                        </Identifier>
                                                                      </ScalarOperator>
                                                                      <ScalarOperator>
                                                                        <Const ConstValue="" />
                                                                      </ScalarOperator>
                                                                    </Intrinsic>
                                                                  </ScalarOperator>
                                                                  <ScalarOperator>
                                                                    <Const ConstValue="(1)" />
                                                                  </ScalarOperator>
                                                                </Arithmetic>
                                                              </ScalarOperator>
                                                            </Intrinsic>
                                                          </ScalarOperator>
                                                        </Else>
                                                      </IF>
                                                    </ScalarOperator>
                                                  </DefinedValue>
                                                  <DefinedValue>
                                                    <ColumnReference Column="Expr1039" />
                                                    <ScalarOperator ScalarString="CASE WHEN charindex(N',',[@FragmentationHigh])=(0) THEN CONVERT_IMPLICIT(nvarchar(max),'',0) ELSE substring([@FragmentationHigh],charindex(N',',[@FragmentationHigh])+(1),len([@FragmentationHigh])) END">
                                                      <IF>
                                                        <Condition>
                                                          <ScalarOperator>
                                                            <Compare CompareOp="EQ">
                                                              <ScalarOperator>
                                                                <Intrinsic FunctionName="charindex">
                                                                  <ScalarOperator>
                                                                    <Const ConstValue="N','" />
                                                                  </ScalarOperator>
                                                                  <ScalarOperator>
                                                                    <Identifier>
                                                                      <ColumnReference Column="@FragmentationHigh" />
                                                                    </Identifier>
                                                                  </ScalarOperator>
                                                                  <ScalarOperator>
                                                                    <Const ConstValue="" />
                                                                  </ScalarOperator>
                                                                </Intrinsic>
                                                              </ScalarOperator>
                                                              <ScalarOperator>
                                                                <Const ConstValue="(0)" />
                                                              </ScalarOperator>
                                                            </Compare>
                                                          </ScalarOperator>
                                                        </Condition>
                                                        <Then>
                                                          <ScalarOperator>
                                                            <Convert DataType="nvarchar(max)" Length="2147483647" Style="0" Implicit="1">
                                                              <ScalarOperator>
                                                                <Const ConstValue="''" />
                                                              </ScalarOperator>
                                                            </Convert>
                                                          </ScalarOperator>
                                                        </Then>
                                                        <Else>
                                                          <ScalarOperator>
                                                            <Intrinsic FunctionName="substring">
                                                              <ScalarOperator>
                                                                <Identifier>
                                                                  <ColumnReference Column="@FragmentationHigh" />
                                                                </Identifier>
                                                              </ScalarOperator>
                                                              <ScalarOperator>
                                                                <Arithmetic Operation="ADD">
                                                                  <ScalarOperator>
                                                                    <Intrinsic FunctionName="charindex">
                                                                      <ScalarOperator>
                                                                        <Const ConstValue="N','" />
                                                                      </ScalarOperator>
                                                                      <ScalarOperator>
                                                                        <Identifier>
                                                                          <ColumnReference Column="@FragmentationHigh" />
                                                                        </Identifier>
                                                                      </ScalarOperator>
                                                                      <ScalarOperator>
                                                                        <Const ConstValue="" />
                                                                      </ScalarOperator>
                                                                    </Intrinsic>
                                                                  </ScalarOperator>
                                                                  <ScalarOperator>
                                                                    <Const ConstValue="(1)" />
                                                                  </ScalarOperator>
                                                                </Arithmetic>
                                                              </ScalarOperator>
                                                              <ScalarOperator>
                                                                <Intrinsic FunctionName="len">
                                                                  <ScalarOperator>
                                                                    <Identifier>
                                                                      <ColumnReference Column="@FragmentationHigh" />
                                                                    </Identifier>
                                                                  </ScalarOperator>
                                                                </Intrinsic>
                                                              </ScalarOperator>
                                                            </Intrinsic>
                                                          </ScalarOperator>
                                                        </Else>
                                                      </IF>
                                                    </ScalarOperator>
                                                  </DefinedValue>
                                                  <DefinedValue>
                                                    <ColumnReference Column="Expr1040" />
                                                    <ScalarOperator ScalarString="(1)">
                                                      <Const ConstValue="(1)" />
                                                    </ScalarOperator>
                                                  </DefinedValue>
                                                  <DefinedValue>
                                                    <ColumnReference Column="Expr1041" />
                                                    <ScalarOperator ScalarString="CASE WHEN charindex(N',',[@FragmentationHigh])=(0) THEN (0) ELSE (1) END">
                                                      <IF>
                                                        <Condition>
                                                          <ScalarOperator>
                                                            <Compare CompareOp="EQ">
                                                              <ScalarOperator>
                                                                <Intrinsic FunctionName="charindex">
                                                                  <ScalarOperator>
                                                                    <Const ConstValue="N','" />
                                                                  </ScalarOperator>
                                                                  <ScalarOperator>
                                                                    <Identifier>
                                                                      <ColumnReference Column="@FragmentationHigh" />
                                                                    </Identifier>
                                                                  </ScalarOperator>
                                                                  <ScalarOperator>
                                                                    <Const ConstValue="" />
                                                                  </ScalarOperator>
                                                                </Intrinsic>
                                                              </ScalarOperator>
                                                              <ScalarOperator>
                                                                <Const ConstValue="(0)" />
                                                              </ScalarOperator>
                                                            </Compare>
                                                          </ScalarOperator>
                                                        </Condition>
                                                        <Then>
                                                          <ScalarOperator>
                                                            <Const ConstValue="(0)" />
                                                          </ScalarOperator>
                                                        </Then>
                                                        <Else>
                                                          <ScalarOperator>
                                                            <Const ConstValue="(1)" />
                                                          </ScalarOperator>
                                                        </Else>
                                                      </IF>
                                                    </ScalarOperator>
                                                  </DefinedValue>
                                                </DefinedValues>
                                                <RelOp NodeId="97" PhysicalOp="Filter" LogicalOp="Filter" EstimateRows="1" EstimateIO="0" EstimateCPU="4.8e-007" AvgRowSize="9" EstimatedTotalSubtreeCost="1.637e-006" Parallel="0" EstimateRebinds="0" EstimateRewinds="0" EstimatedExecutionMode="Row">
                                                  <OutputList />
                                                  <Filter StartupExpression="1">
                                                    <RelOp NodeId="98" PhysicalOp="Constant Scan" LogicalOp="Constant Scan" EstimateRows="1" EstimateIO="0" EstimateCPU="1.157e-006" AvgRowSize="9" EstimatedTotalSubtreeCost="1.157e-006" Parallel="0" EstimateRebinds="0" EstimateRewinds="0" EstimatedExecutionMode="Row">
                                                      <OutputList />
                                                      <ConstantScan />
                                                    </RelOp>
                                                    <Predicate>
                                                      <ScalarOperator ScalarString="[@FragmentationHigh] IS NOT NULL">
                                                        <Compare CompareOp="IS NOT">
                                                          <ScalarOperator>
                                                            <Identifier>
                                                              <ColumnReference Column="@FragmentationHigh" />
                                                            </Identifier>
                                                          </ScalarOperator>
                                                          <ScalarOperator>
                                                            <Const ConstValue="NULL" />
                                                          </ScalarOperator>
                                                        </Compare>
                                                      </ScalarOperator>
                                                    </Predicate>
                                                  </Filter>
                                                </RelOp>
                                              </ComputeScalar>
                                            </RelOp>
                                          </ComputeScalar>
                                        </RelOp>
                                        <RelOp NodeId="112" PhysicalOp="Assert" LogicalOp="Assert" EstimateRows="2" EstimateIO="0" EstimateCPU="1.68e-007" AvgRowSize="4039" EstimatedTotalSubtreeCost="3.505e-006" Parallel="0" EstimateRebinds="2" EstimateRewinds="0" EstimatedExecutionMode="Row">
                                          <OutputList>
                                            <ColumnReference Column="Expr1087" />
                                            <ColumnReference Column="Expr1046" />
                                            <ColumnReference Column="Expr1047" />
                                            <ColumnReference Column="Expr1048" />
                                            <ColumnReference Column="Expr1049" />
                                          </OutputList>
                                          <Assert StartupExpression="0">
                                            <RelOp NodeId="113" PhysicalOp="Nested Loops" LogicalOp="Inner Join" EstimateRows="2" EstimateIO="0" EstimateCPU="1.68e-007" AvgRowSize="4039" EstimatedTotalSubtreeCost="3.505e-006" Parallel="0" EstimateRebinds="2" EstimateRewinds="0" EstimatedExecutionMode="Row">
                                              <OutputList>
                                                <ColumnReference Column="Expr1087" />
                                                <ColumnReference Column="Expr1046" />
                                                <ColumnReference Column="Expr1047" />
                                                <ColumnReference Column="Expr1048" />
                                                <ColumnReference Column="Expr1049" />
                                              </OutputList>
                                              <NestedLoops Optimized="0">
                                                <OuterReferences>
                                                  <ColumnReference Column="Expr1087" />
                                                  <ColumnReference Column="Recr1042" />
                                                  <ColumnReference Column="Recr1043" />
                                                  <ColumnReference Column="Recr1044" />
                                                  <ColumnReference Column="Recr1045" />
                                                </OuterReferences>
                                                <RelOp NodeId="114" PhysicalOp="Compute Scalar" LogicalOp="Compute Scalar" EstimateRows="1" EstimateIO="0" EstimateCPU="2e-008" AvgRowSize="4039" EstimatedTotalSubtreeCost="2e-008" Parallel="0" EstimateRebinds="2" EstimateRewinds="0" EstimatedExecutionMode="Row">
                                                  <OutputList>
                                                    <ColumnReference Column="Expr1087" />
                                                    <ColumnReference Column="Recr1042" />
                                                    <ColumnReference Column="Recr1043" />
                                                    <ColumnReference Column="Recr1044" />
                                                    <ColumnReference Column="Recr1045" />
                                                  </OutputList>
                                                  <ComputeScalar>
                                                    <DefinedValues>
                                                      <DefinedValue>
                                                        <ColumnReference Column="Expr1087" />
                                                        <ScalarOperator ScalarString="[Expr1086]+(1)">
                                                          <Arithmetic Operation="ADD">
                                                            <ScalarOperator>
                                                              <Identifier>
                                                                <ColumnReference Column="Expr1086" />
                                                              </Identifier>
                                                            </ScalarOperator>
                                                            <ScalarOperator>
                                                              <Const ConstValue="(1)" />
                                                            </ScalarOperator>
                                                          </Arithmetic>
                                                        </ScalarOperator>
                                                      </DefinedValue>
                                                    </DefinedValues>
                                                    <RelOp NodeId="115" PhysicalOp="Table Spool" LogicalOp="Lazy Spool" EstimateRows="1" EstimateIO="0" EstimateCPU="2e-008" AvgRowSize="4039" EstimatedTotalSubtreeCost="2e-008" Parallel="0" EstimateRebinds="2" EstimateRewinds="0" EstimatedExecutionMode="Row">
                                                      <OutputList>
                                                        <ColumnReference Column="Expr1086" />
                                                        <ColumnReference Column="Recr1042" />
                                                        <ColumnReference Column="Recr1043" />
                                                        <ColumnReference Column="Recr1044" />
                                                        <ColumnReference Column="Recr1045" />
                                                      </OutputList>
                                                      <Spool PrimaryNodeId="93" Stack="1" />
                                                    </RelOp>
                                                  </ComputeScalar>
                                                </RelOp>
                                                <RelOp NodeId="119" PhysicalOp="Compute Scalar" LogicalOp="Compute Scalar" EstimateRows="1" EstimateIO="0" EstimateCPU="1e-007" AvgRowSize="8069" EstimatedTotalSubtreeCost="3.317e-006" Parallel="0" EstimateRebinds="1" EstimateRewinds="0" EstimatedExecutionMode="Row">
                                                  <OutputList>
                                                    <ColumnReference Column="Expr1046" />
                                                    <ColumnReference Column="Expr1047" />
                                                    <ColumnReference Column="Expr1048" />
                                                    <ColumnReference Column="Expr1049" />
                                                  </OutputList>
                                                  <ComputeScalar>
                                                    <DefinedValues>
                                                      <DefinedValue>
                                                        <ColumnReference Column="Expr1046" />
                                                        <ScalarOperator ScalarString="CASE WHEN charindex(N',',[Recr1043])=(0) THEN [Recr1043] ELSE substring([Recr1043],(1),charindex(N',',[Recr1043])-(1)) END">
                                                          <IF>
                                                            <Condition>
                                                              <ScalarOperator>
                                                                <Compare CompareOp="EQ">
                                                                  <ScalarOperator>
                                                                    <Intrinsic FunctionName="charindex">
                                                                      <ScalarOperator>
                                                                        <Const ConstValue="N','" />
                                                                      </ScalarOperator>
                                                                      <ScalarOperator>
                                                                        <Identifier>
                                                                          <ColumnReference Column="Recr1043" />
                                                                        </Identifier>
                                                                      </ScalarOperator>
                                                                      <ScalarOperator>
                                                                        <Const ConstValue="" />
                                                                      </ScalarOperator>
                                                                    </Intrinsic>
                                                                  </ScalarOperator>
                                                                  <ScalarOperator>
                                                                    <Const ConstValue="(0)" />
                                                                  </ScalarOperator>
                                                                </Compare>
                                                              </ScalarOperator>
                                                            </Condition>
                                                            <Then>
                                                              <ScalarOperator>
                                                                <Identifier>
                                                                  <ColumnReference Column="Recr1043" />
                                                                </Identifier>
                                                              </ScalarOperator>
                                                            </Then>
                                                            <Else>
                                                              <ScalarOperator>
                                                                <Intrinsic FunctionName="substring">
                                                                  <ScalarOperator>
                                                                    <Identifier>
                                                                      <ColumnReference Column="Recr1043" />
                                                                    </Identifier>
                                                                  </ScalarOperator>
                                                                  <ScalarOperator>
                                                                    <Const ConstValue="(1)" />
                                                                  </ScalarOperator>
                                                                  <ScalarOperator>
                                                                    <Arithmetic Operation="SUB">
                                                                      <ScalarOperator>
                                                                        <Intrinsic FunctionName="charindex">
                                                                          <ScalarOperator>
                                                                            <Const ConstValue="N','" />
                                                                          </ScalarOperator>
                                                                          <ScalarOperator>
                                                                            <Identifier>
                                                                              <ColumnReference Column="Recr1043" />
                                                                            </Identifier>
                                                                          </ScalarOperator>
                                                                          <ScalarOperator>
                                                                            <Const ConstValue="" />
                                                                          </ScalarOperator>
                                                                        </Intrinsic>
                                                                      </ScalarOperator>
                                                                      <ScalarOperator>
                                                                        <Const ConstValue="(1)" />
                                                                      </ScalarOperator>
                                                                    </Arithmetic>
                                                                  </ScalarOperator>
                                                                </Intrinsic>
                                                              </ScalarOperator>
                                                            </Else>
                                                          </IF>
                                                        </ScalarOperator>
                                                      </DefinedValue>
                                                      <DefinedValue>
                                                        <ColumnReference Column="Expr1047" />
                                                        <ScalarOperator ScalarString="CASE WHEN charindex(N',',[Recr1043])=(0) THEN CONVERT_IMPLICIT(nvarchar(max),'',0) ELSE substring([Recr1043],charindex(N',',[Recr1043])+(1),len([Recr1043])) END">
                                                          <IF>
                                                            <Condition>
                                                              <ScalarOperator>
                                                                <Compare CompareOp="EQ">
                                                                  <ScalarOperator>
                                                                    <Intrinsic FunctionName="charindex">
                                                                      <ScalarOperator>
                                                                        <Const ConstValue="N','" />
                                                                      </ScalarOperator>
                                                                      <ScalarOperator>
                                                                        <Identifier>
                                                                          <ColumnReference Column="Recr1043" />
                                                                        </Identifier>
                                                                      </ScalarOperator>
                                                                      <ScalarOperator>
                                                                        <Const ConstValue="" />
                                                                      </ScalarOperator>
                                                                    </Intrinsic>
                                                                  </ScalarOperator>
                                                                  <ScalarOperator>
                                                                    <Const ConstValue="(0)" />
                                                                  </ScalarOperator>
                                                                </Compare>
                                                              </ScalarOperator>
                                                            </Condition>
                                                            <Then>
                                                              <ScalarOperator>
                                                                <Convert DataType="nvarchar(max)" Length="2147483647" Style="0" Implicit="1">
                                                                  <ScalarOperator>
                                                                    <Const ConstValue="''" />
                                                                  </ScalarOperator>
                                                                </Convert>
                                                              </ScalarOperator>
                                                            </Then>
                                                            <Else>
                                                              <ScalarOperator>
                                                                <Intrinsic FunctionName="substring">
                                                                  <ScalarOperator>
                                                                    <Identifier>
                                                                      <ColumnReference Column="Recr1043" />
                                                                    </Identifier>
                                                                  </ScalarOperator>
                                                                  <ScalarOperator>
                                                                    <Arithmetic Operation="ADD">
                                                                      <ScalarOperator>
                                                                        <Intrinsic FunctionName="charindex">
                                                                          <ScalarOperator>
                                                                            <Const ConstValue="N','" />
                                                                          </ScalarOperator>
                                                                          <ScalarOperator>
                                                                            <Identifier>
                                                                              <ColumnReference Column="Recr1043" />
                                                                            </Identifier>
                                                                          </ScalarOperator>
                                                                          <ScalarOperator>
                                                                            <Const ConstValue="" />
                                                                          </ScalarOperator>
                                                                        </Intrinsic>
                                                                      </ScalarOperator>
                                                                      <ScalarOperator>
                                                                        <Const ConstValue="(1)" />
                                                                      </ScalarOperator>
                                                                    </Arithmetic>
                                                                  </ScalarOperator>
                                                                  <ScalarOperator>
                                                                    <Intrinsic FunctionName="len">
                                                                      <ScalarOperator>
                                                                        <Identifier>
                                                                          <ColumnReference Column="Recr1043" />
                                                                        </Identifier>
                                                                      </ScalarOperator>
                                                                    </Intrinsic>
                                                                  </ScalarOperator>
                                                                </Intrinsic>
                                                              </ScalarOperator>
                                                            </Else>
                                                          </IF>
                                                        </ScalarOperator>
                                                      </DefinedValue>
                                                      <DefinedValue>
                                                        <ColumnReference Column="Expr1048" />
                                                        <ScalarOperator ScalarString="[Recr1044]+(1)">
                                                          <Arithmetic Operation="ADD">
                                                            <ScalarOperator>
                                                              <Identifier>
                                                                <ColumnReference Column="Recr1044" />
                                                              </Identifier>
                                                            </ScalarOperator>
                                                            <ScalarOperator>
                                                              <Const ConstValue="(1)" />
                                                            </ScalarOperator>
                                                          </Arithmetic>
                                                        </ScalarOperator>
                                                      </DefinedValue>
                                                      <DefinedValue>
                                                        <ColumnReference Column="Expr1049" />
                                                        <ScalarOperator ScalarString="CASE WHEN charindex(N',',[Recr1043])=(0) THEN (0) ELSE (1) END">
                                                          <IF>
                                                            <Condition>
                                                              <ScalarOperator>
                                                                <Compare CompareOp="EQ">
                                                                  <ScalarOperator>
                                                                    <Intrinsic FunctionName="charindex">
                                                                      <ScalarOperator>
                                                                        <Const ConstValue="N','" />
                                                                      </ScalarOperator>
                                                                      <ScalarOperator>
                                                                        <Identifier>
                                                                          <ColumnReference Column="Recr1043" />
                                                                        </Identifier>
                                                                      </ScalarOperator>
                                                                      <ScalarOperator>
                                                                        <Const ConstValue="" />
                                                                      </ScalarOperator>
                                                                    </Intrinsic>
                                                                  </ScalarOperator>
                                                                  <ScalarOperator>
                                                                    <Const ConstValue="(0)" />
                                                                  </ScalarOperator>
                                                                </Compare>
                                                              </ScalarOperator>
                                                            </Condition>
                                                            <Then>
                                                              <ScalarOperator>
                                                                <Const ConstValue="(0)" />
                                                              </ScalarOperator>
                                                            </Then>
                                                            <Else>
                                                              <ScalarOperator>
                                                                <Const ConstValue="(1)" />
                                                              </ScalarOperator>
                                                            </Else>
                                                          </IF>
                                                        </ScalarOperator>
                                                      </DefinedValue>
                                                    </DefinedValues>
                                                    <RelOp NodeId="120" PhysicalOp="Filter" LogicalOp="Filter" EstimateRows="1" EstimateIO="0" EstimateCPU="4.8e-007" AvgRowSize="9" EstimatedTotalSubtreeCost="3.117e-006" Parallel="0" EstimateRebinds="1" EstimateRewinds="0" EstimatedExecutionMode="Row">
                                                      <OutputList />
                                                      <Filter StartupExpression="1">
                                                        <RelOp NodeId="121" PhysicalOp="Constant Scan" LogicalOp="Constant Scan" EstimateRows="1" EstimateIO="0" EstimateCPU="1.157e-006" AvgRowSize="9" EstimatedTotalSubtreeCost="2.157e-006" Parallel="0" EstimateRebinds="0" EstimateRewinds="1" EstimatedExecutionMode="Row">
                                                          <OutputList />
                                                          <ConstantScan />
                                                        </RelOp>
                                                        <Predicate>
                                                          <ScalarOperator ScalarString="[Recr1045]=(1)">
                                                            <Compare CompareOp="EQ">
                                                              <ScalarOperator>
                                                                <Identifier>
                                                                  <ColumnReference Column="Recr1045" />
                                                                </Identifier>
                                                              </ScalarOperator>
                                                              <ScalarOperator>
                                                                <Const ConstValue="(1)" />
                                                              </ScalarOperator>
                                                            </Compare>
                                                          </ScalarOperator>
                                                        </Predicate>
                                                      </Filter>
                                                    </RelOp>
                                                  </ComputeScalar>
                                                </RelOp>
                                              </NestedLoops>
                                            </RelOp>
                                            <Predicate>
                                              <ScalarOperator ScalarString="CASE WHEN [Expr1087]&gt;(100) THEN (0) ELSE NULL END">
                                                <IF>
                                                  <Condition>
                                                    <ScalarOperator>
                                                      <Compare CompareOp="GT">
                                                        <ScalarOperator>
                                                          <Identifier>
                                                            <ColumnReference Column="Expr1087" />
                                                          </Identifier>
                                                        </ScalarOperator>
                                                        <ScalarOperator>
                                                          <Const ConstValue="(100)" />
                                                        </ScalarOperator>
                                                      </Compare>
                                                    </ScalarOperator>
                                                  </Condition>
                                                  <Then>
                                                    <ScalarOperator>
                                                      <Const ConstValue="(0)" />
                                                    </ScalarOperator>
                                                  </Then>
                                                  <Else>
                                                    <ScalarOperator>
                                                      <Const ConstValue="NULL" />
                                                    </ScalarOperator>
                                                  </Else>
                                                </IF>
                                              </ScalarOperator>
                                            </Predicate>
                                          </Assert>
                                        </RelOp>
                                      </Concat>
                                    </RelOp>
                                  </Spool>
                                </RelOp>
                              </ComputeScalar>
                            </RelOp>
                          </Concat>
                        </RelOp>
                      </Sort>
                    </RelOp>
                  </ComputeScalar>
                </RelOp>
              </Update>
            </RelOp>
            <ParameterList>
              <ColumnReference Column="@FragmentationHigh" ParameterCompiledValue="N'INDEX_REBUILD_ONLINE,INDEX_REBUILD_OFFLINE'" />
              <ColumnReference Column="@FragmentationMedium" ParameterCompiledValue="N'INDEX_REORGANIZE,INDEX_REBUILD_ONLINE,INDEX_REBUILD_OFFLINE'" />
              <ColumnReference Column="@FragmentationLow" ParameterCompiledValue="NULL" />
            </ParameterList>
          </QueryPlan>
        </StmtSimple>
        <StmtCond StatementText=" IF EXISTS (SELECT [Action] FROM @ActionsPreferred WHERE FragmentationGroup = 'Low' AND [Action] NOT IN(SELECT * FROM @Actions))&#xD;&#xA;  OR EXISTS(SELECT * FROM @ActionsPreferred WHERE FragmentationGroup = 'Low' GROUP BY [Action] HAVING COUNT(*) &gt; 1)&#xD;&#xA; " StatementId="57" StatementCompId="69" StatementType="COND WITH QUERY" RetrievedFromCache="true" StatementSubTreeCost="0.00681923" StatementEstRows="1" StatementOptmLevel="FULL" QueryHash="0xBD76D38F96FCBC61" QueryPlanHash="0x652D80CC65CAF9CD" StatementOptmEarlyAbortReason="GoodEnoughPlanFound">
          <StatementSetOptions QUOTED_IDENTIFIER="false" ARITHABORT="false" CONCAT_NULL_YIELDS_NULL="true" ANSI_NULLS="true" ANSI_PADDING="true" ANSI_WARNINGS="true" NUMERIC_ROUNDABORT="false" />
          <Condition>
            <QueryPlan NonParallelPlanReason="MaxDOPSetToOne" CachedPlanSize="32" CompileTime="10" CompileCPU="10" CompileMemory="464">
              <MemoryGrantInfo SerialRequiredMemory="512" SerialDesiredMemory="560" />
              <OptimizerHardwareDependentProperties EstimatedAvailableMemoryGrant="193313" EstimatedPagesCached="773254" EstimatedAvailableDegreeOfParallelism="1" />
              <RelOp NodeId="0" PhysicalOp="Compute Scalar" LogicalOp="Compute Scalar" EstimateRows="1" EstimateIO="0" EstimateCPU="1e-007" AvgRowSize="11" EstimatedTotalSubtreeCost="0.00681923" Parallel="0" EstimateRebinds="0" EstimateRewinds="0" EstimatedExecutionMode="Row">
                <OutputList>
                  <ColumnReference Column="Expr1014" />
                </OutputList>
                <ComputeScalar>
                  <DefinedValues>
                    <DefinedValue>
                      <ColumnReference Column="Expr1014" />
                      <ScalarOperator ScalarString="CASE WHEN [Expr1015] THEN (1) ELSE (0) END">
                        <IF>
                          <Condition>
                            <ScalarOperator>
                              <Identifier>
                                <ColumnReference Column="Expr1015" />
                              </Identifier>
                            </ScalarOperator>
                          </Condition>
                          <Then>
                            <ScalarOperator>
                              <Const ConstValue="(1)" />
                            </ScalarOperator>
                          </Then>
                          <Else>
                            <ScalarOperator>
                              <Const ConstValue="(0)" />
                            </ScalarOperator>
                          </Else>
                        </IF>
                      </ScalarOperator>
                    </DefinedValue>
                  </DefinedValues>
                  <RelOp NodeId="1" PhysicalOp="Nested Loops" LogicalOp="Left Semi Join" EstimateRows="1" EstimateIO="0" EstimateCPU="4.18e-006" AvgRowSize="9" EstimatedTotalSubtreeCost="0.00681913" Parallel="0" EstimateRebinds="0" EstimateRewinds="0" EstimatedExecutionMode="Row">
                    <OutputList>
                      <ColumnReference Column="Expr1015" />
                    </OutputList>
                    <NestedLoops Optimized="0">
                      <DefinedValues>
                        <DefinedValue>
                          <ColumnReference Column="Expr1015" />
                        </DefinedValue>
                      </DefinedValues>
                      <ProbeColumn>
                        <ColumnReference Column="Expr1015" />
                      </ProbeColumn>
                      <RelOp NodeId="2" PhysicalOp="Constant Scan" LogicalOp="Constant Scan" EstimateRows="1" EstimateIO="0" EstimateCPU="1.157e-006" AvgRowSize="9" EstimatedTotalSubtreeCost="1.157e-006" Parallel="0" EstimateRebinds="0" EstimateRewinds="0" EstimatedExecutionMode="Row">
                        <OutputList />
                        <ConstantScan />
                      </RelOp>
                      <RelOp NodeId="3" PhysicalOp="Concatenation" LogicalOp="Concatenation" EstimateRows="1" EstimateIO="0" EstimateCPU="2e-007" AvgRowSize="9" EstimatedTotalSubtreeCost="0.0068138" Parallel="0" EstimateRebinds="0" EstimateRewinds="0" EstimatedExecutionMode="Row">
                        <OutputList />
                        <Concat>
                          <DefinedValues />
                          <RelOp NodeId="4" PhysicalOp="Nested Loops" LogicalOp="Left Anti Semi Join" EstimateRows="1" EstimateIO="0" EstimateCPU="3.775e-005" AvgRowSize="9" EstimatedTotalSubtreeCost="0.0068137" Parallel="0" EstimateRebinds="0" EstimateRewinds="0" EstimatedExecutionMode="Row">
                            <OutputList />
                            <NestedLoops Optimized="0">
                              <Predicate>
                                <ScalarOperator ScalarString="[Action] IS NULL OR [Action] IS NULL OR [Action]=[Action]">
                                  <Logical Operation="OR">
                                    <ScalarOperator>
                                      <Compare CompareOp="IS">
                                        <ScalarOperator>
                                          <Identifier>
                                            <ColumnReference Column="Action" />
                                          </Identifier>
                                        </ScalarOperator>
                                        <ScalarOperator>
                                          <Const ConstValue="NULL" />
                                        </ScalarOperator>
                                      </Compare>
                                    </ScalarOperator>
                                    <ScalarOperator>
                                      <Compare CompareOp="IS">
                                        <ScalarOperator>
                                          <Identifier>
                                            <ColumnReference Column="Action" />
                                          </Identifier>
                                        </ScalarOperator>
                                        <ScalarOperator>
                                          <Const ConstValue="NULL" />
                                        </ScalarOperator>
                                      </Compare>
                                    </ScalarOperator>
                                    <ScalarOperator>
                                      <Compare CompareOp="EQ">
                                        <ScalarOperator>
                                          <Identifier>
                                            <ColumnReference Column="Action" />
                                          </Identifier>
                                        </ScalarOperator>
                                        <ScalarOperator>
                                          <Identifier>
                                            <ColumnReference Column="Action" />
                                          </Identifier>
                                        </ScalarOperator>
                                      </Compare>
                                    </ScalarOperator>
                                  </Logical>
                                </ScalarOperator>
                              </Predicate>
                              <RelOp NodeId="5" PhysicalOp="Filter" LogicalOp="Filter" EstimateRows="3.3437" EstimateIO="0" EstimateCPU="2.4e-006" AvgRowSize="4035" EstimatedTotalSubtreeCost="0.0032899" Parallel="0" EstimateRebinds="0" EstimateRewinds="0" EstimatedExecutionMode="Row">
                                <OutputList>
                                  <ColumnReference Column="Action" />
                                </OutputList>
                                <Filter StartupExpression="0">
                                  <RelOp NodeId="6" PhysicalOp="Table Scan" LogicalOp="Table Scan" EstimateRows="5" EstimateIO="0.003125" EstimateCPU="0.0001625" AvgRowSize="8061" EstimatedTotalSubtreeCost="0.0032875" TableCardinality="5" Parallel="0" EstimateRebinds="0" EstimateRewinds="0" EstimatedExecutionMode="Row">
                                    <OutputList>
                                      <ColumnReference Column="FragmentationGroup" />
                                      <ColumnReference Column="Action" />
                                    </OutputList>
                                    <TableScan Ordered="0" ForcedIndex="0" ForceScan="0" NoExpandHint="0">
                                      <DefinedValues>
                                        <DefinedValue>
                                          <ColumnReference Column="FragmentationGroup" />
                                        </DefinedValue>
                                        <DefinedValue>
                                          <ColumnReference Column="Action" />
                                        </DefinedValue>
                                      </DefinedValues>
                                      <Object Table="[@ActionsPreferred]" TableReferenceId="1" />
                                    </TableScan>
                                  </RelOp>
                                  <Predicate>
                                    <ScalarOperator ScalarString="[FragmentationGroup]=N'Low'">
                                      <Compare CompareOp="EQ">
                                        <ScalarOperator>
                                          <Identifier>
                                            <ColumnReference Column="FragmentationGroup" />
                                          </Identifier>
                                        </ScalarOperator>
                                        <ScalarOperator>
                                          <Const ConstValue="N'Low'" />
                                        </ScalarOperator>
                                      </Compare>
                                    </ScalarOperator>
                                  </Predicate>
                                </Filter>
                              </RelOp>
                              <RelOp NodeId="8" PhysicalOp="Table Scan" LogicalOp="Table Scan" EstimateRows="3" EstimateIO="0.0032035" EstimateCPU="8.18e-005" AvgRowSize="4035" EstimatedTotalSubtreeCost="0.00347701" TableCardinality="3" Parallel="0" EstimateRebinds="0" EstimateRewinds="2.3437" EstimatedExecutionMode="Row">
                                <OutputList>
                                  <ColumnReference Column="Action" />
                                </OutputList>
                                <TableScan Ordered="0" ForcedIndex="0" ForceScan="0" NoExpandHint="0">
                                  <DefinedValues>
                                    <DefinedValue>
                                      <ColumnReference Column="Action" />
                                    </DefinedValue>
                                  </DefinedValues>
                                  <Object Table="[@Actions]" />
                                </TableScan>
                              </RelOp>
                            </NestedLoops>
                          </RelOp>
                          <RelOp NodeId="10" PhysicalOp="Filter" LogicalOp="Filter" EstimateRows="1" EstimateIO="0" EstimateCPU="1.60498e-006" AvgRowSize="9" EstimatedTotalSubtreeCost="0.00681923" Parallel="0" EstimateRebinds="0" EstimateRewinds="0" EstimatedExecutionMode="Row">
                            <OutputList />
                            <Filter StartupExpression="0">
                              <RelOp NodeId="11" PhysicalOp="Compute Scalar" LogicalOp="Compute Scalar" EstimateRows="3.3437" EstimateIO="0" EstimateCPU="3.67807e-006" AvgRowSize="11" EstimatedTotalSubtreeCost="0.00681923" Parallel="0" EstimateRebinds="0" EstimateRewinds="0" EstimatedExecutionMode="Row">
                                <OutputList>
                                  <ColumnReference Column="Expr1012" />
                                </OutputList>
                                <ComputeScalar>
                                  <DefinedValues>
                                    <DefinedValue>
                                      <ColumnReference Column="Expr1012" />
                                      <ScalarOperator ScalarString="CONVERT_IMPLICIT(int,[Expr1020],0)">
                                        <Convert DataType="int" Style="0" Implicit="1">
                                          <ScalarOperator>
                                            <Identifier>
                                              <ColumnReference Column="Expr1020" />
                                            </Identifier>
                                          </ScalarOperator>
                                        </Convert>
                                      </ScalarOperator>
                                    </DefinedValue>
                                  </DefinedValues>
                                  <RelOp NodeId="12" PhysicalOp="Stream Aggregate" LogicalOp="Aggregate" EstimateRows="3.3437" EstimateIO="0" EstimateCPU="3.67807e-006" AvgRowSize="11" EstimatedTotalSubtreeCost="0.00681923" Parallel="0" EstimateRebinds="0" EstimateRewinds="0" EstimatedExecutionMode="Row">
                                    <OutputList>
                                      <ColumnReference Column="Expr1020" />
                                    </OutputList>
                                    <StreamAggregate>
                                      <DefinedValues>
                                        <DefinedValue>
                                          <ColumnReference Column="Expr1020" />
                                          <ScalarOperator ScalarString="Count(*)">
                                            <Aggregate AggType="countstar" Distinct="0" />
                                          </ScalarOperator>
                                        </DefinedValue>
                                      </DefinedValues>
                                      <GroupBy>
                                        <ColumnReference Column="Action" />
                                      </GroupBy>
                                      <RelOp NodeId="13" PhysicalOp="Sort" LogicalOp="Sort" EstimateRows="3.3437" EstimateIO="0.0112613" EstimateCPU="0.000113119" AvgRowSize="4035" EstimatedTotalSubtreeCost="0.00681923" Parallel="0" EstimateRebinds="0" EstimateRewinds="0" EstimatedExecutionMode="Row">
                                        <OutputList>
                                          <ColumnReference Column="Action" />
                                        </OutputList>
                                        <MemoryFractions Input="1" Output="1" />
                                        <Sort Distinct="0">
                                          <OrderBy>
                                            <OrderByColumn Ascending="1">
                                              <ColumnReference Column="Action" />
                                            </OrderByColumn>
                                          </OrderBy>
                                          <RelOp NodeId="14" PhysicalOp="Filter" LogicalOp="Filter" EstimateRows="3.3437" EstimateIO="0" EstimateCPU="2.4e-006" AvgRowSize="4035" EstimatedTotalSubtreeCost="0.0032899" Parallel="0" EstimateRebinds="0" EstimateRewinds="0" EstimatedExecutionMode="Row">
                                            <OutputList>
                                              <ColumnReference Column="Action" />
                                            </OutputList>
                                            <Filter StartupExpression="0">
                                              <RelOp NodeId="15" PhysicalOp="Table Scan" LogicalOp="Table Scan" EstimateRows="5" EstimateIO="0.003125" EstimateCPU="0.0001625" AvgRowSize="8061" EstimatedTotalSubtreeCost="0.0032875" TableCardinality="5" Parallel="0" EstimateRebinds="0" EstimateRewinds="0" EstimatedExecutionMode="Row">
                                                <OutputList>
                                                  <ColumnReference Column="FragmentationGroup" />
                                                  <ColumnReference Column="Action" />
                                                </OutputList>
                                                <TableScan Ordered="0" ForcedIndex="0" ForceScan="0" NoExpandHint="0">
                                                  <DefinedValues>
                                                    <DefinedValue>
                                                      <ColumnReference Column="FragmentationGroup" />
                                                    </DefinedValue>
                                                    <DefinedValue>
                                                      <ColumnReference Column="Action" />
                                                    </DefinedValue>
                                                  </DefinedValues>
                                                  <Object Table="[@ActionsPreferred]" TableReferenceId="2" />
                                                </TableScan>
                                              </RelOp>
                                              <Predicate>
                                                <ScalarOperator ScalarString="[FragmentationGroup]=N'Low'">
                                                  <Compare CompareOp="EQ">
                                                    <ScalarOperator>
                                                      <Identifier>
                                                        <ColumnReference Column="FragmentationGroup" />
                                                      </Identifier>
                                                    </ScalarOperator>
                                                    <ScalarOperator>
                                                      <Const ConstValue="N'Low'" />
                                                    </ScalarOperator>
                                                  </Compare>
                                                </ScalarOperator>
                                              </Predicate>
                                            </Filter>
                                          </RelOp>
                                        </Sort>
                                      </RelOp>
                                    </StreamAggregate>
                                  </RelOp>
                                </ComputeScalar>
                              </RelOp>
                              <Predicate>
                                <ScalarOperator ScalarString="[Expr1012]&gt;(1)">
                                  <Compare CompareOp="GT">
                                    <ScalarOperator>
                                      <Identifier>
                                        <ColumnReference Column="Expr1012" />
                                      </Identifier>
                                    </ScalarOperator>
                                    <ScalarOperator>
                                      <Const ConstValue="(1)" />
                                    </ScalarOperator>
                                  </Compare>
                                </ScalarOperator>
                              </Predicate>
                            </Filter>
                          </RelOp>
                        </Concat>
                      </RelOp>
                    </NestedLoops>
                  </RelOp>
                </ComputeScalar>
              </RelOp>
            </QueryPlan>
          </Condition>
          <Then>
            <Statements>
              <StmtSimple StatementText=" BEGIN&#xD;&#xA;    SET @ErrorMessage = 'The value for the parameter @FragmentationLow is not supported.' + CHAR(13) + CHAR(10) + ' '&#xD;&#xA;   " StatementId="58" StatementCompId="70" StatementType="ASSIGN" RetrievedFromCache="true" />
              <StmtSimple StatementText=" RAISERROR(@ErrorMessage,16,1) WITH NOWAIT&#xD;&#xA;   " StatementId="59" StatementCompId="71" StatementType="RAISERROR" RetrievedFromCache="true" />
              <StmtSimple StatementText=" SET @Error = @@ERROR&#xD;&#xA; " StatementId="60" StatementCompId="72" StatementType="ASSIGN" RetrievedFromCache="true" />
            </Statements>
          </Then>
        </StmtCond>
        <StmtCond StatementText=" END&#xD;&#xA;&#xD;&#xA;  IF EXISTS (SELECT [Action] FROM @ActionsPreferred WHERE FragmentationGroup = 'Medium' AND [Action] NOT IN(SELECT * FROM @Actions))&#xD;&#xA;  OR EXISTS(SELECT * FROM @ActionsPreferred WHERE FragmentationGroup = 'Medium' GROUP BY [Action] HAVING COUNT(*) &gt; 1)&#xD;&#xA; " StatementId="61" StatementCompId="74" StatementType="COND WITH QUERY" RetrievedFromCache="true" StatementSubTreeCost="0.00681923" StatementEstRows="1" StatementOptmLevel="FULL" QueryHash="0xBD76D38F96FCBC61" QueryPlanHash="0x652D80CC65CAF9CD" StatementOptmEarlyAbortReason="GoodEnoughPlanFound">
          <StatementSetOptions QUOTED_IDENTIFIER="false" ARITHABORT="false" CONCAT_NULL_YIELDS_NULL="true" ANSI_NULLS="true" ANSI_PADDING="true" ANSI_WARNINGS="true" NUMERIC_ROUNDABORT="false" />
          <Condition>
            <QueryPlan NonParallelPlanReason="MaxDOPSetToOne" CachedPlanSize="32" CompileTime="14" CompileCPU="14" CompileMemory="464">
              <MemoryGrantInfo SerialRequiredMemory="512" SerialDesiredMemory="560" />
              <OptimizerHardwareDependentProperties EstimatedAvailableMemoryGrant="193313" EstimatedPagesCached="773254" EstimatedAvailableDegreeOfParallelism="1" />
              <RelOp NodeId="0" PhysicalOp="Compute Scalar" LogicalOp="Compute Scalar" EstimateRows="1" EstimateIO="0" EstimateCPU="1e-007" AvgRowSize="11" EstimatedTotalSubtreeCost="0.00681923" Parallel="0" EstimateRebinds="0" EstimateRewinds="0" EstimatedExecutionMode="Row">
                <OutputList>
                  <ColumnReference Column="Expr1014" />
                </OutputList>
                <ComputeScalar>
                  <DefinedValues>
                    <DefinedValue>
                      <ColumnReference Column="Expr1014" />
                      <ScalarOperator ScalarString="CASE WHEN [Expr1015] THEN (1) ELSE (0) END">
                        <IF>
                          <Condition>
                            <ScalarOperator>
                              <Identifier>
                                <ColumnReference Column="Expr1015" />
                              </Identifier>
                            </ScalarOperator>
                          </Condition>
                          <Then>
                            <ScalarOperator>
                              <Const ConstValue="(1)" />
                            </ScalarOperator>
                          </Then>
                          <Else>
                            <ScalarOperator>
                              <Const ConstValue="(0)" />
                            </ScalarOperator>
                          </Else>
                        </IF>
                      </ScalarOperator>
                    </DefinedValue>
                  </DefinedValues>
                  <RelOp NodeId="1" PhysicalOp="Nested Loops" LogicalOp="Left Semi Join" EstimateRows="1" EstimateIO="0" EstimateCPU="4.18e-006" AvgRowSize="9" EstimatedTotalSubtreeCost="0.00681913" Parallel="0" EstimateRebinds="0" EstimateRewinds="0" EstimatedExecutionMode="Row">
                    <OutputList>
                      <ColumnReference Column="Expr1015" />
                    </OutputList>
                    <NestedLoops Optimized="0">
                      <DefinedValues>
                        <DefinedValue>
                          <ColumnReference Column="Expr1015" />
                        </DefinedValue>
                      </DefinedValues>
                      <ProbeColumn>
                        <ColumnReference Column="Expr1015" />
                      </ProbeColumn>
                      <RelOp NodeId="2" PhysicalOp="Constant Scan" LogicalOp="Constant Scan" EstimateRows="1" EstimateIO="0" EstimateCPU="1.157e-006" AvgRowSize="9" EstimatedTotalSubtreeCost="1.157e-006" Parallel="0" EstimateRebinds="0" EstimateRewinds="0" EstimatedExecutionMode="Row">
                        <OutputList />
                        <ConstantScan />
                      </RelOp>
                      <RelOp NodeId="3" PhysicalOp="Concatenation" LogicalOp="Concatenation" EstimateRows="1" EstimateIO="0" EstimateCPU="2e-007" AvgRowSize="9" EstimatedTotalSubtreeCost="0.0068138" Parallel="0" EstimateRebinds="0" EstimateRewinds="0" EstimatedExecutionMode="Row">
                        <OutputList />
                        <Concat>
                          <DefinedValues />
                          <RelOp NodeId="4" PhysicalOp="Nested Loops" LogicalOp="Left Anti Semi Join" EstimateRows="1" EstimateIO="0" EstimateCPU="3.775e-005" AvgRowSize="9" EstimatedTotalSubtreeCost="0.0068137" Parallel="0" EstimateRebinds="0" EstimateRewinds="0" EstimatedExecutionMode="Row">
                            <OutputList />
                            <NestedLoops Optimized="0">
                              <Predicate>
                                <ScalarOperator ScalarString="[Action] IS NULL OR [Action] IS NULL OR [Action]=[Action]">
                                  <Logical Operation="OR">
                                    <ScalarOperator>
                                      <Compare CompareOp="IS">
                                        <ScalarOperator>
                                          <Identifier>
                                            <ColumnReference Column="Action" />
                                          </Identifier>
                                        </ScalarOperator>
                                        <ScalarOperator>
                                          <Const ConstValue="NULL" />
                                        </ScalarOperator>
                                      </Compare>
                                    </ScalarOperator>
                                    <ScalarOperator>
                                      <Compare CompareOp="IS">
                                        <ScalarOperator>
                                          <Identifier>
                                            <ColumnReference Column="Action" />
                                          </Identifier>
                                        </ScalarOperator>
                                        <ScalarOperator>
                                          <Const ConstValue="NULL" />
                                        </ScalarOperator>
                                      </Compare>
                                    </ScalarOperator>
                                    <ScalarOperator>
                                      <Compare CompareOp="EQ">
                                        <ScalarOperator>
                                          <Identifier>
                                            <ColumnReference Column="Action" />
                                          </Identifier>
                                        </ScalarOperator>
                                        <ScalarOperator>
                                          <Identifier>
                                            <ColumnReference Column="Action" />
                                          </Identifier>
                                        </ScalarOperator>
                                      </Compare>
                                    </ScalarOperator>
                                  </Logical>
                                </ScalarOperator>
                              </Predicate>
                              <RelOp NodeId="5" PhysicalOp="Filter" LogicalOp="Filter" EstimateRows="3.3437" EstimateIO="0" EstimateCPU="2.4e-006" AvgRowSize="4035" EstimatedTotalSubtreeCost="0.0032899" Parallel="0" EstimateRebinds="0" EstimateRewinds="0" EstimatedExecutionMode="Row">
                                <OutputList>
                                  <ColumnReference Column="Action" />
                                </OutputList>
                                <Filter StartupExpression="0">
                                  <RelOp NodeId="6" PhysicalOp="Table Scan" LogicalOp="Table Scan" EstimateRows="5" EstimateIO="0.003125" EstimateCPU="0.0001625" AvgRowSize="8061" EstimatedTotalSubtreeCost="0.0032875" TableCardinality="5" Parallel="0" EstimateRebinds="0" EstimateRewinds="0" EstimatedExecutionMode="Row">
                                    <OutputList>
                                      <ColumnReference Column="FragmentationGroup" />
                                      <ColumnReference Column="Action" />
                                    </OutputList>
                                    <TableScan Ordered="0" ForcedIndex="0" ForceScan="0" NoExpandHint="0">
                                      <DefinedValues>
                                        <DefinedValue>
                                          <ColumnReference Column="FragmentationGroup" />
                                        </DefinedValue>
                                        <DefinedValue>
                                          <ColumnReference Column="Action" />
                                        </DefinedValue>
                                      </DefinedValues>
                                      <Object Table="[@ActionsPreferred]" TableReferenceId="1" />
                                    </TableScan>
                                  </RelOp>
                                  <Predicate>
                                    <ScalarOperator ScalarString="[FragmentationGroup]=N'Medium'">
                                      <Compare CompareOp="EQ">
                                        <ScalarOperator>
                                          <Identifier>
                                            <ColumnReference Column="FragmentationGroup" />
                                          </Identifier>
                                        </ScalarOperator>
                                        <ScalarOperator>
                                          <Const ConstValue="N'Medium'" />
                                        </ScalarOperator>
                                      </Compare>
                                    </ScalarOperator>
                                  </Predicate>
                                </Filter>
                              </RelOp>
                              <RelOp NodeId="8" PhysicalOp="Table Scan" LogicalOp="Table Scan" EstimateRows="3" EstimateIO="0.0032035" EstimateCPU="8.18e-005" AvgRowSize="4035" EstimatedTotalSubtreeCost="0.00347701" TableCardinality="3" Parallel="0" EstimateRebinds="0" EstimateRewinds="2.3437" EstimatedExecutionMode="Row">
                                <OutputList>
                                  <ColumnReference Column="Action" />
                                </OutputList>
                                <TableScan Ordered="0" ForcedIndex="0" ForceScan="0" NoExpandHint="0">
                                  <DefinedValues>
                                    <DefinedValue>
                                      <ColumnReference Column="Action" />
                                    </DefinedValue>
                                  </DefinedValues>
                                  <Object Table="[@Actions]" />
                                </TableScan>
                              </RelOp>
                            </NestedLoops>
                          </RelOp>
                          <RelOp NodeId="10" PhysicalOp="Filter" LogicalOp="Filter" EstimateRows="1" EstimateIO="0" EstimateCPU="1.60498e-006" AvgRowSize="9" EstimatedTotalSubtreeCost="0.00681923" Parallel="0" EstimateRebinds="0" EstimateRewinds="0" EstimatedExecutionMode="Row">
                            <OutputList />
                            <Filter StartupExpression="0">
                              <RelOp NodeId="11" PhysicalOp="Compute Scalar" LogicalOp="Compute Scalar" EstimateRows="3.3437" EstimateIO="0" EstimateCPU="3.67807e-006" AvgRowSize="11" EstimatedTotalSubtreeCost="0.00681923" Parallel="0" EstimateRebinds="0" EstimateRewinds="0" EstimatedExecutionMode="Row">
                                <OutputList>
                                  <ColumnReference Column="Expr1012" />
                                </OutputList>
                                <ComputeScalar>
                                  <DefinedValues>
                                    <DefinedValue>
                                      <ColumnReference Column="Expr1012" />
                                      <ScalarOperator ScalarString="CONVERT_IMPLICIT(int,[Expr1020],0)">
                                        <Convert DataType="int" Style="0" Implicit="1">
                                          <ScalarOperator>
                                            <Identifier>
                                              <ColumnReference Column="Expr1020" />
                                            </Identifier>
                                          </ScalarOperator>
                                        </Convert>
                                      </ScalarOperator>
                                    </DefinedValue>
                                  </DefinedValues>
                                  <RelOp NodeId="12" PhysicalOp="Stream Aggregate" LogicalOp="Aggregate" EstimateRows="3.3437" EstimateIO="0" EstimateCPU="3.67807e-006" AvgRowSize="11" EstimatedTotalSubtreeCost="0.00681923" Parallel="0" EstimateRebinds="0" EstimateRewinds="0" EstimatedExecutionMode="Row">
                                    <OutputList>
                                      <ColumnReference Column="Expr1020" />
                                    </OutputList>
                                    <StreamAggregate>
                                      <DefinedValues>
                                        <DefinedValue>
                                          <ColumnReference Column="Expr1020" />
                                          <ScalarOperator ScalarString="Count(*)">
                                            <Aggregate AggType="countstar" Distinct="0" />
                                          </ScalarOperator>
                                        </DefinedValue>
                                      </DefinedValues>
                                      <GroupBy>
                                        <ColumnReference Column="Action" />
                                      </GroupBy>
                                      <RelOp NodeId="13" PhysicalOp="Sort" LogicalOp="Sort" EstimateRows="3.3437" EstimateIO="0.0112613" EstimateCPU="0.000113119" AvgRowSize="4035" EstimatedTotalSubtreeCost="0.00681923" Parallel="0" EstimateRebinds="0" EstimateRewinds="0" EstimatedExecutionMode="Row">
                                        <OutputList>
                                          <ColumnReference Column="Action" />
                                        </OutputList>
                                        <MemoryFractions Input="1" Output="1" />
                                        <Sort Distinct="0">
                                          <OrderBy>
                                            <OrderByColumn Ascending="1">
                                              <ColumnReference Column="Action" />
                                            </OrderByColumn>
                                          </OrderBy>
                                          <RelOp NodeId="14" PhysicalOp="Filter" LogicalOp="Filter" EstimateRows="3.3437" EstimateIO="0" EstimateCPU="2.4e-006" AvgRowSize="4035" EstimatedTotalSubtreeCost="0.0032899" Parallel="0" EstimateRebinds="0" EstimateRewinds="0" EstimatedExecutionMode="Row">
                                            <OutputList>
                                              <ColumnReference Column="Action" />
                                            </OutputList>
                                            <Filter StartupExpression="0">
                                              <RelOp NodeId="15" PhysicalOp="Table Scan" LogicalOp="Table Scan" EstimateRows="5" EstimateIO="0.003125" EstimateCPU="0.0001625" AvgRowSize="8061" EstimatedTotalSubtreeCost="0.0032875" TableCardinality="5" Parallel="0" EstimateRebinds="0" EstimateRewinds="0" EstimatedExecutionMode="Row">
                                                <OutputList>
                                                  <ColumnReference Column="FragmentationGroup" />
                                                  <ColumnReference Column="Action" />
                                                </OutputList>
                                                <TableScan Ordered="0" ForcedIndex="0" ForceScan="0" NoExpandHint="0">
                                                  <DefinedValues>
                                                    <DefinedValue>
                                                      <ColumnReference Column="FragmentationGroup" />
                                                    </DefinedValue>
                                                    <DefinedValue>
                                                      <ColumnReference Column="Action" />
                                                    </DefinedValue>
                                                  </DefinedValues>
                                                  <Object Table="[@ActionsPreferred]" TableReferenceId="2" />
                                                </TableScan>
                                              </RelOp>
                                              <Predicate>
                                                <ScalarOperator ScalarString="[FragmentationGroup]=N'Medium'">
                                                  <Compare CompareOp="EQ">
                                                    <ScalarOperator>
                                                      <Identifier>
                                                        <ColumnReference Column="FragmentationGroup" />
                                                      </Identifier>
                                                    </ScalarOperator>
                                                    <ScalarOperator>
                                                      <Const ConstValue="N'Medium'" />
                                                    </ScalarOperator>
                                                  </Compare>
                                                </ScalarOperator>
                                              </Predicate>
                                            </Filter>
                                          </RelOp>
                                        </Sort>
                                      </RelOp>
                                    </StreamAggregate>
                                  </RelOp>
                                </ComputeScalar>
                              </RelOp>
                              <Predicate>
                                <ScalarOperator ScalarString="[Expr1012]&gt;(1)">
                                  <Compare CompareOp="GT">
                                    <ScalarOperator>
                                      <Identifier>
                                        <ColumnReference Column="Expr1012" />
                                      </Identifier>
                                    </ScalarOperator>
                                    <ScalarOperator>
                                      <Const ConstValue="(1)" />
                                    </ScalarOperator>
                                  </Compare>
                                </ScalarOperator>
                              </Predicate>
                            </Filter>
                          </RelOp>
                        </Concat>
                      </RelOp>
                    </NestedLoops>
                  </RelOp>
                </ComputeScalar>
              </RelOp>
            </QueryPlan>
          </Condition>
          <Then>
            <Statements>
              <StmtSimple StatementText=" BEGIN&#xD;&#xA;    SET @ErrorMessage = 'The value for the parameter @FragmentationMedium is not supported.' + CHAR(13) + CHAR(10) + ' '&#xD;&#xA;   " StatementId="62" StatementCompId="75" StatementType="ASSIGN" RetrievedFromCache="true" />
              <StmtSimple StatementText=" RAISERROR(@ErrorMessage,16,1) WITH NOWAIT&#xD;&#xA;   " StatementId="63" StatementCompId="76" StatementType="RAISERROR" RetrievedFromCache="true" />
              <StmtSimple StatementText=" SET @Error = @@ERROR&#xD;&#xA; " StatementId="64" StatementCompId="77" StatementType="ASSIGN" RetrievedFromCache="true" />
            </Statements>
          </Then>
        </StmtCond>
        <StmtCond StatementText=" END&#xD;&#xA;&#xD;&#xA;  IF EXISTS (SELECT [Action] FROM @ActionsPreferred WHERE FragmentationGroup = 'High' AND [Action] NOT IN(SELECT * FROM @Actions))&#xD;&#xA;  OR EXISTS(SELECT * FROM @ActionsPreferred WHERE FragmentationGroup = 'High' GROUP BY [Action] HAVING COUNT(*) &gt; 1)&#xD;&#xA; " StatementId="65" StatementCompId="79" StatementType="COND WITH QUERY" RetrievedFromCache="true" StatementSubTreeCost="0.00681923" StatementEstRows="1" StatementOptmLevel="FULL" QueryHash="0xBD76D38F96FCBC61" QueryPlanHash="0x652D80CC65CAF9CD" StatementOptmEarlyAbortReason="GoodEnoughPlanFound">
          <StatementSetOptions QUOTED_IDENTIFIER="false" ARITHABORT="false" CONCAT_NULL_YIELDS_NULL="true" ANSI_NULLS="true" ANSI_PADDING="true" ANSI_WARNINGS="true" NUMERIC_ROUNDABORT="false" />
          <Condition>
            <QueryPlan NonParallelPlanReason="MaxDOPSetToOne" CachedPlanSize="32" CompileTime="14" CompileCPU="14" CompileMemory="464">
              <MemoryGrantInfo SerialRequiredMemory="512" SerialDesiredMemory="560" />
              <OptimizerHardwareDependentProperties EstimatedAvailableMemoryGrant="193313" EstimatedPagesCached="773254" EstimatedAvailableDegreeOfParallelism="1" />
              <RelOp NodeId="0" PhysicalOp="Compute Scalar" LogicalOp="Compute Scalar" EstimateRows="1" EstimateIO="0" EstimateCPU="1e-007" AvgRowSize="11" EstimatedTotalSubtreeCost="0.00681923" Parallel="0" EstimateRebinds="0" EstimateRewinds="0" EstimatedExecutionMode="Row">
                <OutputList>
                  <ColumnReference Column="Expr1014" />
                </OutputList>
                <ComputeScalar>
                  <DefinedValues>
                    <DefinedValue>
                      <ColumnReference Column="Expr1014" />
                      <ScalarOperator ScalarString="CASE WHEN [Expr1015] THEN (1) ELSE (0) END">
                        <IF>
                          <Condition>
                            <ScalarOperator>
                              <Identifier>
                                <ColumnReference Column="Expr1015" />
                              </Identifier>
                            </ScalarOperator>
                          </Condition>
                          <Then>
                            <ScalarOperator>
                              <Const ConstValue="(1)" />
                            </ScalarOperator>
                          </Then>
                          <Else>
                            <ScalarOperator>
                              <Const ConstValue="(0)" />
                            </ScalarOperator>
                          </Else>
                        </IF>
                      </ScalarOperator>
                    </DefinedValue>
                  </DefinedValues>
                  <RelOp NodeId="1" PhysicalOp="Nested Loops" LogicalOp="Left Semi Join" EstimateRows="1" EstimateIO="0" EstimateCPU="4.18e-006" AvgRowSize="9" EstimatedTotalSubtreeCost="0.00681913" Parallel="0" EstimateRebinds="0" EstimateRewinds="0" EstimatedExecutionMode="Row">
                    <OutputList>
                      <ColumnReference Column="Expr1015" />
                    </OutputList>
                    <NestedLoops Optimized="0">
                      <DefinedValues>
                        <DefinedValue>
                          <ColumnReference Column="Expr1015" />
                        </DefinedValue>
                      </DefinedValues>
                      <ProbeColumn>
                        <ColumnReference Column="Expr1015" />
                      </ProbeColumn>
                      <RelOp NodeId="2" PhysicalOp="Constant Scan" LogicalOp="Constant Scan" EstimateRows="1" EstimateIO="0" EstimateCPU="1.157e-006" AvgRowSize="9" EstimatedTotalSubtreeCost="1.157e-006" Parallel="0" EstimateRebinds="0" EstimateRewinds="0" EstimatedExecutionMode="Row">
                        <OutputList />
                        <ConstantScan />
                      </RelOp>
                      <RelOp NodeId="3" PhysicalOp="Concatenation" LogicalOp="Concatenation" EstimateRows="1" EstimateIO="0" EstimateCPU="2e-007" AvgRowSize="9" EstimatedTotalSubtreeCost="0.0068138" Parallel="0" EstimateRebinds="0" EstimateRewinds="0" EstimatedExecutionMode="Row">
                        <OutputList />
                        <Concat>
                          <DefinedValues />
                          <RelOp NodeId="4" PhysicalOp="Nested Loops" LogicalOp="Left Anti Semi Join" EstimateRows="1" EstimateIO="0" EstimateCPU="3.775e-005" AvgRowSize="9" EstimatedTotalSubtreeCost="0.0068137" Parallel="0" EstimateRebinds="0" EstimateRewinds="0" EstimatedExecutionMode="Row">
                            <OutputList />
                            <NestedLoops Optimized="0">
                              <Predicate>
                                <ScalarOperator ScalarString="[Action] IS NULL OR [Action] IS NULL OR [Action]=[Action]">
                                  <Logical Operation="OR">
                                    <ScalarOperator>
                                      <Compare CompareOp="IS">
                                        <ScalarOperator>
                                          <Identifier>
                                            <ColumnReference Column="Action" />
                                          </Identifier>
                                        </ScalarOperator>
                                        <ScalarOperator>
                                          <Const ConstValue="NULL" />
                                        </ScalarOperator>
                                      </Compare>
                                    </ScalarOperator>
                                    <ScalarOperator>
                                      <Compare CompareOp="IS">
                                        <ScalarOperator>
                                          <Identifier>
                                            <ColumnReference Column="Action" />
                                          </Identifier>
                                        </ScalarOperator>
                                        <ScalarOperator>
                                          <Const ConstValue="NULL" />
                                        </ScalarOperator>
                                      </Compare>
                                    </ScalarOperator>
                                    <ScalarOperator>
                                      <Compare CompareOp="EQ">
                                        <ScalarOperator>
                                          <Identifier>
                                            <ColumnReference Column="Action" />
                                          </Identifier>
                                        </ScalarOperator>
                                        <ScalarOperator>
                                          <Identifier>
                                            <ColumnReference Column="Action" />
                                          </Identifier>
                                        </ScalarOperator>
                                      </Compare>
                                    </ScalarOperator>
                                  </Logical>
                                </ScalarOperator>
                              </Predicate>
                              <RelOp NodeId="5" PhysicalOp="Filter" LogicalOp="Filter" EstimateRows="3.3437" EstimateIO="0" EstimateCPU="2.4e-006" AvgRowSize="4035" EstimatedTotalSubtreeCost="0.0032899" Parallel="0" EstimateRebinds="0" EstimateRewinds="0" EstimatedExecutionMode="Row">
                                <OutputList>
                                  <ColumnReference Column="Action" />
                                </OutputList>
                                <Filter StartupExpression="0">
                                  <RelOp NodeId="6" PhysicalOp="Table Scan" LogicalOp="Table Scan" EstimateRows="5" EstimateIO="0.003125" EstimateCPU="0.0001625" AvgRowSize="8061" EstimatedTotalSubtreeCost="0.0032875" TableCardinality="5" Parallel="0" EstimateRebinds="0" EstimateRewinds="0" EstimatedExecutionMode="Row">
                                    <OutputList>
                                      <ColumnReference Column="FragmentationGroup" />
                                      <ColumnReference Column="Action" />
                                    </OutputList>
                                    <TableScan Ordered="0" ForcedIndex="0" ForceScan="0" NoExpandHint="0">
                                      <DefinedValues>
                                        <DefinedValue>
                                          <ColumnReference Column="FragmentationGroup" />
                                        </DefinedValue>
                                        <DefinedValue>
                                          <ColumnReference Column="Action" />
                                        </DefinedValue>
                                      </DefinedValues>
                                      <Object Table="[@ActionsPreferred]" TableReferenceId="1" />
                                    </TableScan>
                                  </RelOp>
                                  <Predicate>
                                    <ScalarOperator ScalarString="[FragmentationGroup]=N'High'">
                                      <Compare CompareOp="EQ">
                                        <ScalarOperator>
                                          <Identifier>
                                            <ColumnReference Column="FragmentationGroup" />
                                          </Identifier>
                                        </ScalarOperator>
                                        <ScalarOperator>
                                          <Const ConstValue="N'High'" />
                                        </ScalarOperator>
                                      </Compare>
                                    </ScalarOperator>
                                  </Predicate>
                                </Filter>
                              </RelOp>
                              <RelOp NodeId="8" PhysicalOp="Table Scan" LogicalOp="Table Scan" EstimateRows="3" EstimateIO="0.0032035" EstimateCPU="8.18e-005" AvgRowSize="4035" EstimatedTotalSubtreeCost="0.00347701" TableCardinality="3" Parallel="0" EstimateRebinds="0" EstimateRewinds="2.3437" EstimatedExecutionMode="Row">
                                <OutputList>
                                  <ColumnReference Column="Action" />
                                </OutputList>
                                <TableScan Ordered="0" ForcedIndex="0" ForceScan="0" NoExpandHint="0">
                                  <DefinedValues>
                                    <DefinedValue>
                                      <ColumnReference Column="Action" />
                                    </DefinedValue>
                                  </DefinedValues>
                                  <Object Table="[@Actions]" />
                                </TableScan>
                              </RelOp>
                            </NestedLoops>
                          </RelOp>
                          <RelOp NodeId="10" PhysicalOp="Filter" LogicalOp="Filter" EstimateRows="1" EstimateIO="0" EstimateCPU="1.60498e-006" AvgRowSize="9" EstimatedTotalSubtreeCost="0.00681923" Parallel="0" EstimateRebinds="0" EstimateRewinds="0" EstimatedExecutionMode="Row">
                            <OutputList />
                            <Filter StartupExpression="0">
                              <RelOp NodeId="11" PhysicalOp="Compute Scalar" LogicalOp="Compute Scalar" EstimateRows="3.3437" EstimateIO="0" EstimateCPU="3.67807e-006" AvgRowSize="11" EstimatedTotalSubtreeCost="0.00681923" Parallel="0" EstimateRebinds="0" EstimateRewinds="0" EstimatedExecutionMode="Row">
                                <OutputList>
                                  <ColumnReference Column="Expr1012" />
                                </OutputList>
                                <ComputeScalar>
                                  <DefinedValues>
                                    <DefinedValue>
                                      <ColumnReference Column="Expr1012" />
                                      <ScalarOperator ScalarString="CONVERT_IMPLICIT(int,[Expr1020],0)">
                                        <Convert DataType="int" Style="0" Implicit="1">
                                          <ScalarOperator>
                                            <Identifier>
                                              <ColumnReference Column="Expr1020" />
                                            </Identifier>
                                          </ScalarOperator>
                                        </Convert>
                                      </ScalarOperator>
                                    </DefinedValue>
                                  </DefinedValues>
                                  <RelOp NodeId="12" PhysicalOp="Stream Aggregate" LogicalOp="Aggregate" EstimateRows="3.3437" EstimateIO="0" EstimateCPU="3.67807e-006" AvgRowSize="11" EstimatedTotalSubtreeCost="0.00681923" Parallel="0" EstimateRebinds="0" EstimateRewinds="0" EstimatedExecutionMode="Row">
                                    <OutputList>
                                      <ColumnReference Column="Expr1020" />
                                    </OutputList>
                                    <StreamAggregate>
                                      <DefinedValues>
                                        <DefinedValue>
                                          <ColumnReference Column="Expr1020" />
                                          <ScalarOperator ScalarString="Count(*)">
                                            <Aggregate AggType="countstar" Distinct="0" />
                                          </ScalarOperator>
                                        </DefinedValue>
                                      </DefinedValues>
                                      <GroupBy>
                                        <ColumnReference Column="Action" />
                                      </GroupBy>
                                      <RelOp NodeId="13" PhysicalOp="Sort" LogicalOp="Sort" EstimateRows="3.3437" EstimateIO="0.0112613" EstimateCPU="0.000113119" AvgRowSize="4035" EstimatedTotalSubtreeCost="0.00681923" Parallel="0" EstimateRebinds="0" EstimateRewinds="0" EstimatedExecutionMode="Row">
                                        <OutputList>
                                          <ColumnReference Column="Action" />
                                        </OutputList>
                                        <MemoryFractions Input="1" Output="1" />
                                        <Sort Distinct="0">
                                          <OrderBy>
                                            <OrderByColumn Ascending="1">
                                              <ColumnReference Column="Action" />
                                            </OrderByColumn>
                                          </OrderBy>
                                          <RelOp NodeId="14" PhysicalOp="Filter" LogicalOp="Filter" EstimateRows="3.3437" EstimateIO="0" EstimateCPU="2.4e-006" AvgRowSize="4035" EstimatedTotalSubtreeCost="0.0032899" Parallel="0" EstimateRebinds="0" EstimateRewinds="0" EstimatedExecutionMode="Row">
                                            <OutputList>
                                              <ColumnReference Column="Action" />
                                            </OutputList>
                                            <Filter StartupExpression="0">
                                              <RelOp NodeId="15" PhysicalOp="Table Scan" LogicalOp="Table Scan" EstimateRows="5" EstimateIO="0.003125" EstimateCPU="0.0001625" AvgRowSize="8061" EstimatedTotalSubtreeCost="0.0032875" TableCardinality="5" Parallel="0" EstimateRebinds="0" EstimateRewinds="0" EstimatedExecutionMode="Row">
                                                <OutputList>
                                                  <ColumnReference Column="FragmentationGroup" />
                                                  <ColumnReference Column="Action" />
                                                </OutputList>
                                                <TableScan Ordered="0" ForcedIndex="0" ForceScan="0" NoExpandHint="0">
                                                  <DefinedValues>
                                                    <DefinedValue>
                                                      <ColumnReference Column="FragmentationGroup" />
                                                    </DefinedValue>
                                                    <DefinedValue>
                                                      <ColumnReference Column="Action" />
                                                    </DefinedValue>
                                                  </DefinedValues>
                                                  <Object Table="[@ActionsPreferred]" TableReferenceId="2" />
                                                </TableScan>
                                              </RelOp>
                                              <Predicate>
                                                <ScalarOperator ScalarString="[FragmentationGroup]=N'High'">
                                                  <Compare CompareOp="EQ">
                                                    <ScalarOperator>
                                                      <Identifier>
                                                        <ColumnReference Column="FragmentationGroup" />
                                                      </Identifier>
                                                    </ScalarOperator>
                                                    <ScalarOperator>
                                                      <Const ConstValue="N'High'" />
                                                    </ScalarOperator>
                                                  </Compare>
                                                </ScalarOperator>
                                              </Predicate>
                                            </Filter>
                                          </RelOp>
                                        </Sort>
                                      </RelOp>
                                    </StreamAggregate>
                                  </RelOp>
                                </ComputeScalar>
                              </RelOp>
                              <Predicate>
                                <ScalarOperator ScalarString="[Expr1012]&gt;(1)">
                                  <Compare CompareOp="GT">
                                    <ScalarOperator>
                                      <Identifier>
                                        <ColumnReference Column="Expr1012" />
                                      </Identifier>
                                    </ScalarOperator>
                                    <ScalarOperator>
                                      <Const ConstValue="(1)" />
                                    </ScalarOperator>
                                  </Compare>
                                </ScalarOperator>
                              </Predicate>
                            </Filter>
                          </RelOp>
                        </Concat>
                      </RelOp>
                    </NestedLoops>
                  </RelOp>
                </ComputeScalar>
              </RelOp>
            </QueryPlan>
          </Condition>
          <Then>
            <Statements>
              <StmtSimple StatementText=" BEGIN&#xD;&#xA;    SET @ErrorMessage = 'The value for the parameter @FragmentationHigh is not supported.' + CHAR(13) + CHAR(10) + ' '&#xD;&#xA;   " StatementId="66" StatementCompId="80" StatementType="ASSIGN" RetrievedFromCache="true" />
              <StmtSimple StatementText=" RAISERROR(@ErrorMessage,16,1) WITH NOWAIT&#xD;&#xA;   " StatementId="67" StatementCompId="81" StatementType="RAISERROR" RetrievedFromCache="true" />
              <StmtSimple StatementText=" SET @Error = @@ERROR&#xD;&#xA; " StatementId="68" StatementCompId="82" StatementType="ASSIGN" RetrievedFromCache="true" />
            </Statements>
          </Then>
        </StmtCond>
        <StmtCond StatementText=" END&#xD;&#xA;&#xD;&#xA;  IF @FragmentationLevel1 &lt;= 0 OR @FragmentationLevel1 &gt;= 100 OR @FragmentationLevel1 &gt;= @FragmentationLevel2 OR @FragmentationLevel1 IS NULL&#xD;&#xA; " StatementId="69" StatementCompId="84" StatementType="COND" RetrievedFromCache="true">
          <Condition />
          <Then>
            <Statements>
              <StmtSimple StatementText=" BEGIN&#xD;&#xA;    SET @ErrorMessage = 'The value for the parameter @FragmentationLevel1 is not supported.' + CHAR(13) + CHAR(10) + ' '&#xD;&#xA;   " StatementId="70" StatementCompId="85" StatementType="ASSIGN" RetrievedFromCache="true" />
              <StmtSimple StatementText=" RAISERROR(@ErrorMessage,16,1) WITH NOWAIT&#xD;&#xA;   " StatementId="71" StatementCompId="86" StatementType="RAISERROR" RetrievedFromCache="true" />
              <StmtSimple StatementText=" SET @Error = @@ERROR&#xD;&#xA; " StatementId="72" StatementCompId="87" StatementType="ASSIGN" RetrievedFromCache="true" />
            </Statements>
          </Then>
        </StmtCond>
        <StmtCond StatementText=" END&#xD;&#xA;&#xD;&#xA;  IF @FragmentationLevel2 &lt;= 0 OR @FragmentationLevel2 &gt;= 100 OR @FragmentationLevel2 &lt;= @FragmentationLevel1 OR @FragmentationLevel2 IS NULL&#xD;&#xA; " StatementId="73" StatementCompId="89" StatementType="COND" RetrievedFromCache="true">
          <Condition />
          <Then>
            <Statements>
              <StmtSimple StatementText=" BEGIN&#xD;&#xA;    SET @ErrorMessage = 'The value for the parameter @FragmentationLevel2 is not supported.' + CHAR(13) + CHAR(10) + ' '&#xD;&#xA;   " StatementId="74" StatementCompId="90" StatementType="ASSIGN" RetrievedFromCache="true" />
              <StmtSimple StatementText=" RAISERROR(@ErrorMessage,16,1) WITH NOWAIT&#xD;&#xA;   " StatementId="75" StatementCompId="91" StatementType="RAISERROR" RetrievedFromCache="true" />
              <StmtSimple StatementText=" SET @Error = @@ERROR&#xD;&#xA; " StatementId="76" StatementCompId="92" StatementType="ASSIGN" RetrievedFromCache="true" />
            </Statements>
          </Then>
        </StmtCond>
        <StmtCond StatementText=" END&#xD;&#xA;&#xD;&#xA;  IF @PageCountLevel &lt; 0 OR @PageCountLevel IS NULL&#xD;&#xA; " StatementId="77" StatementCompId="94" StatementType="COND" RetrievedFromCache="true">
          <Condition />
          <Then>
            <Statements>
              <StmtSimple StatementText=" BEGIN&#xD;&#xA;    SET @ErrorMessage = 'The value for the parameter @PageCountLevel is not supported.' + CHAR(13) + CHAR(10) + ' '&#xD;&#xA;   " StatementId="78" StatementCompId="95" StatementType="ASSIGN" RetrievedFromCache="true" />
              <StmtSimple StatementText=" RAISERROR(@ErrorMessage,16,1) WITH NOWAIT&#xD;&#xA;   " StatementId="79" StatementCompId="96" StatementType="RAISERROR" RetrievedFromCache="true" />
              <StmtSimple StatementText=" SET @Error = @@ERROR&#xD;&#xA; " StatementId="80" StatementCompId="97" StatementType="ASSIGN" RetrievedFromCache="true" />
            </Statements>
          </Then>
        </StmtCond>
        <StmtCond StatementText=" END&#xD;&#xA;&#xD;&#xA;  IF @SortInTempdb NOT IN('Y','N') OR @SortInTempdb IS NULL&#xD;&#xA; " StatementId="81" StatementCompId="99" StatementType="COND" RetrievedFromCache="true">
          <Condition />
          <Then>
            <Statements>
              <StmtSimple StatementText=" BEGIN&#xD;&#xA;    SET @ErrorMessage = 'The value for the parameter @SortInTempdb is not supported.' + CHAR(13) + CHAR(10) + ' '&#xD;&#xA;   " StatementId="82" StatementCompId="100" StatementType="ASSIGN" RetrievedFromCache="true" />
              <StmtSimple StatementText=" RAISERROR(@ErrorMessage,16,1) WITH NOWAIT&#xD;&#xA;   " StatementId="83" StatementCompId="101" StatementType="RAISERROR" RetrievedFromCache="true" />
              <StmtSimple StatementText=" SET @Error = @@ERROR&#xD;&#xA; " StatementId="84" StatementCompId="102" StatementType="ASSIGN" RetrievedFromCache="true" />
            </Statements>
          </Then>
        </StmtCond>
        <StmtCond StatementText=" END&#xD;&#xA;&#xD;&#xA;  IF @MaxDOP &lt; 0 OR @MaxDOP &gt; 64 OR @MaxDOP &gt; (SELECT cpu_count FROM sys.dm_os_sys_info) OR (@MaxDOP &gt; 1 AND SERVERPROPERTY('EngineEdition') &lt;&gt; 3)&#xD;&#xA; " StatementId="85" StatementCompId="104" StatementType="COND WITH QUERY" RetrievedFromCache="true" StatementSubTreeCost="8.374e-006" StatementEstRows="1" StatementOptmLevel="FULL" QueryHash="0x75BC45C98515FD75" QueryPlanHash="0xA9E031FA9F0B896" StatementOptmEarlyAbortReason="GoodEnoughPlanFound">
          <StatementSetOptions QUOTED_IDENTIFIER="false" ARITHABORT="false" CONCAT_NULL_YIELDS_NULL="true" ANSI_NULLS="true" ANSI_PADDING="true" ANSI_WARNINGS="true" NUMERIC_ROUNDABORT="false" />
          <Condition>
            <QueryPlan NonParallelPlanReason="MaxDOPSetToOne" CachedPlanSize="40" CompileTime="3" CompileCPU="3" CompileMemory="320">
              <MemoryGrantInfo SerialRequiredMemory="0" SerialDesiredMemory="0" />
              <OptimizerHardwareDependentProperties EstimatedAvailableMemoryGrant="193313" EstimatedPagesCached="773254" EstimatedAvailableDegreeOfParallelism="1" />
              <RelOp NodeId="0" PhysicalOp="Compute Scalar" LogicalOp="Compute Scalar" EstimateRows="1" EstimateIO="0" EstimateCPU="1e-007" AvgRowSize="11" EstimatedTotalSubtreeCost="8.374e-006" Parallel="0" EstimateRebinds="0" EstimateRewinds="0" EstimatedExecutionMode="Row">
                <OutputList>
                  <ColumnReference Column="Expr1001" />
                </OutputList>
                <ComputeScalar>
                  <DefinedValues>
                    <DefinedValue>
                      <ColumnReference Column="Expr1001" />
                      <ScalarOperator ScalarString="CASE WHEN [Expr1004] THEN (1) ELSE (0) END">
                        <IF>
                          <Condition>
                            <ScalarOperator>
                              <Identifier>
                                <ColumnReference Column="Expr1004" />
                              </Identifier>
                            </ScalarOperator>
                          </Condition>
                          <Then>
                            <ScalarOperator>
                              <Const ConstValue="(1)" />
                            </ScalarOperator>
                          </Then>
                          <Else>
                            <ScalarOperator>
                              <Const ConstValue="(0)" />
                            </ScalarOperator>
                          </Else>
                        </IF>
                      </ScalarOperator>
                    </DefinedValue>
                  </DefinedValues>
                  <RelOp NodeId="1" PhysicalOp="Nested Loops" LogicalOp="Left Semi Join" EstimateRows="1" EstimateIO="0" EstimateCPU="4.18e-006" AvgRowSize="9" EstimatedTotalSubtreeCost="8.274e-006" Parallel="0" EstimateRebinds="0" EstimateRewinds="0" EstimatedExecutionMode="Row">
                    <OutputList>
                      <ColumnReference Column="Expr1004" />
                    </OutputList>
                    <NestedLoops Optimized="0">
                      <DefinedValues>
                        <DefinedValue>
                          <ColumnReference Column="Expr1004" />
                        </DefinedValue>
                      </DefinedValues>
                      <ProbeColumn>
                        <ColumnReference Column="Expr1004" />
                      </ProbeColumn>
                      <RelOp NodeId="2" PhysicalOp="Constant Scan" LogicalOp="Constant Scan" EstimateRows="1" EstimateIO="0" EstimateCPU="1.157e-006" AvgRowSize="9" EstimatedTotalSubtreeCost="1.157e-006" Parallel="0" EstimateRebinds="0" EstimateRewinds="0" EstimatedExecutionMode="Row">
                        <OutputList />
                        <ConstantScan />
                      </RelOp>
                      <RelOp NodeId="3" PhysicalOp="Concatenation" LogicalOp="Concatenation" EstimateRows="1" EstimateIO="0" EstimateCPU="2e-007" AvgRowSize="9" EstimatedTotalSubtreeCost="2.937e-006" Parallel="0" EstimateRebinds="0" EstimateRewinds="0" EstimatedExecutionMode="Row">
                        <OutputList />
                        <Concat>
                          <DefinedValues />
                          <RelOp NodeId="4" PhysicalOp="Filter" LogicalOp="Filter" EstimateRows="1" EstimateIO="0" EstimateCPU="1.68e-006" AvgRowSize="9" EstimatedTotalSubtreeCost="2.837e-006" Parallel="0" EstimateRebinds="0" EstimateRewinds="0" EstimatedExecutionMode="Row">
                            <OutputList />
                            <Filter StartupExpression="1">
                              <RelOp NodeId="5" PhysicalOp="Constant Scan" LogicalOp="Constant Scan" EstimateRows="1" EstimateIO="0" EstimateCPU="1.157e-006" AvgRowSize="9" EstimatedTotalSubtreeCost="1.157e-006" Parallel="0" EstimateRebinds="0" EstimateRewinds="0" EstimatedExecutionMode="Row">
                                <OutputList />
                                <ConstantScan />
                              </RelOp>
                              <Predicate>
                                <ScalarOperator ScalarString="[@MaxDOP]&lt;(0) OR [@MaxDOP]&gt;(64) OR [@MaxDOP]&gt;(1) AND serverproperty('EngineEdition')&lt;&gt;3">
                                  <Logical Operation="OR">
                                    <ScalarOperator>
                                      <Compare CompareOp="LT">
                                        <ScalarOperator>
                                          <Identifier>
                                            <ColumnReference Column="@MaxDOP" />
                                          </Identifier>
                                        </ScalarOperator>
                                        <ScalarOperator>
                                          <Const ConstValue="(0)" />
                                        </ScalarOperator>
                                      </Compare>
                                    </ScalarOperator>
                                    <ScalarOperator>
                                      <Compare CompareOp="GT">
                                        <ScalarOperator>
                                          <Identifier>
                                            <ColumnReference Column="@MaxDOP" />
                                          </Identifier>
                                        </ScalarOperator>
                                        <ScalarOperator>
                                          <Const ConstValue="(64)" />
                                        </ScalarOperator>
                                      </Compare>
                                    </ScalarOperator>
                                    <ScalarOperator>
                                      <Logical Operation="AND">
                                        <ScalarOperator>
                                          <Compare CompareOp="GT">
                                            <ScalarOperator>
                                              <Identifier>
                                                <ColumnReference Column="@MaxDOP" />
                                              </Identifier>
                                            </ScalarOperator>
                                            <ScalarOperator>
                                              <Const ConstValue="(1)" />
                                            </ScalarOperator>
                                          </Compare>
                                        </ScalarOperator>
                                        <ScalarOperator>
                                          <Compare CompareOp="NE">
                                            <ScalarOperator>
                                              <Intrinsic FunctionName="serverproperty">
                                                <ScalarOperator>
                                                  <Const ConstValue="'EngineEdition'" />
                                                </ScalarOperator>
                                              </Intrinsic>
                                            </ScalarOperator>
                                            <ScalarOperator>
                                              <Const ConstValue="3" />
                                            </ScalarOperator>
                                          </Compare>
                                        </ScalarOperator>
                                      </Logical>
                                    </ScalarOperator>
                                  </Logical>
                                </ScalarOperator>
                              </Predicate>
                            </Filter>
                          </RelOp>
                          <RelOp NodeId="7" PhysicalOp="Filter" LogicalOp="Filter" EstimateRows="1" EstimateIO="0" EstimateCPU="4.8e-007" AvgRowSize="9" EstimatedTotalSubtreeCost="3.217e-006" Parallel="0" EstimateRebinds="0" EstimateRewinds="0" EstimatedExecutionMode="Row">
                            <OutputList />
                            <Filter StartupExpression="0">
                              <RelOp NodeId="8" PhysicalOp="Assert" LogicalOp="Assert" EstimateRows="1" EstimateIO="0" EstimateCPU="4.8e-007" AvgRowSize="11" EstimatedTotalSubtreeCost="2.737e-006" Parallel="0" EstimateRebinds="0" EstimateRewinds="0" EstimatedExecutionMode="Row">
                                <OutputList>
                                  <ColumnReference Column="Expr1003" />
                                </OutputList>
                                <Assert StartupExpression="0">
                                  <RelOp NodeId="9" PhysicalOp="Stream Aggregate" LogicalOp="Aggregate" EstimateRows="1" EstimateIO="0" EstimateCPU="1.1e-006" AvgRowSize="19" EstimatedTotalSubtreeCost="2.257e-006" Parallel="0" EstimateRebinds="0" EstimateRewinds="0" EstimatedExecutionMode="Row">
                                    <OutputList>
                                      <ColumnReference Column="Expr1002" />
                                      <ColumnReference Column="Expr1003" />
                                    </OutputList>
                                    <StreamAggregate>
                                      <DefinedValues>
                                        <DefinedValue>
                                          <ColumnReference Column="Expr1002" />
                                          <ScalarOperator ScalarString="Count(*)">
                                            <Aggregate AggType="countstar" Distinct="0" />
                                          </ScalarOperator>
                                        </DefinedValue>
                                        <DefinedValue>
                                          <ColumnReference Column="Expr1003" />
                                          <ScalarOperator ScalarString="ANY(SYSINFO.[cpu_count])">
                                            <Aggregate Distinct="0" AggType="ANY">
                                              <ScalarOperator>
                                                <Identifier>
                                                  <ColumnReference Table="[SYSINFO]" Column="cpu_count" />
                                                </Identifier>
                                              </ScalarOperator>
                                            </Aggregate>
                                          </ScalarOperator>
                                        </DefinedValue>
                                      </DefinedValues>
                                      <RelOp NodeId="10" PhysicalOp="Table-valued function" LogicalOp="Table-valued function" EstimateRows="1" EstimateIO="0" EstimateCPU="1.157e-006" AvgRowSize="11" EstimatedTotalSubtreeCost="1.157e-006" Parallel="0" EstimateRebinds="0" EstimateRewinds="0" EstimatedExecutionMode="Row">
                                        <OutputList>
                                          <ColumnReference Table="[SYSINFO]" Column="cpu_count" />
                                        </OutputList>
                                        <TableValuedFunction>
                                          <DefinedValues>
                                            <DefinedValue>
                                              <ColumnReference Table="[SYSINFO]" Column="cpu_count" />
                                            </DefinedValue>
                                          </DefinedValues>
                                          <Object Table="[SYSINFO]" />
                                        </TableValuedFunction>
                                      </RelOp>
                                    </StreamAggregate>
                                  </RelOp>
                                  <Predicate>
                                    <ScalarOperator ScalarString="CASE WHEN [Expr1002]&gt;(1) THEN (0) ELSE NULL END">
                                      <IF>
                                        <Condition>
                                          <ScalarOperator>
                                            <Compare CompareOp="GT">
                                              <ScalarOperator>
                                                <Identifier>
                                                  <ColumnReference Column="Expr1002" />
                                                </Identifier>
                                              </ScalarOperator>
                                              <ScalarOperator>
                                                <Const ConstValue="(1)" />
                                              </ScalarOperator>
                                            </Compare>
                                          </ScalarOperator>
                                        </Condition>
                                        <Then>
                                          <ScalarOperator>
                                            <Const ConstValue="(0)" />
                                          </ScalarOperator>
                                        </Then>
                                        <Else>
                                          <ScalarOperator>
                                            <Const ConstValue="NULL" />
                                          </ScalarOperator>
                                        </Else>
                                      </IF>
                                    </ScalarOperator>
                                  </Predicate>
                                </Assert>
                              </RelOp>
                              <Predicate>
                                <ScalarOperator ScalarString="[@MaxDOP]&gt;[Expr1003]">
                                  <Compare CompareOp="GT">
                                    <ScalarOperator>
                                      <Identifier>
                                        <ColumnReference Column="@MaxDOP" />
                                      </Identifier>
                                    </ScalarOperator>
                                    <ScalarOperator>
                                      <Identifier>
                                        <ColumnReference Column="Expr1003" />
                                      </Identifier>
                                    </ScalarOperator>
                                  </Compare>
                                </ScalarOperator>
                              </Predicate>
                            </Filter>
                          </RelOp>
                        </Concat>
                      </RelOp>
                    </NestedLoops>
                  </RelOp>
                </ComputeScalar>
              </RelOp>
              <ParameterList>
                <ColumnReference Column="@MaxDOP" ParameterCompiledValue="(0)" />
              </ParameterList>
            </QueryPlan>
          </Condition>
          <Then>
            <Statements>
              <StmtSimple StatementText=" BEGIN&#xD;&#xA;    SET @ErrorMessage = 'The value for the parameter @MaxDOP is not supported.' + CHAR(13) + CHAR(10) + ' '&#xD;&#xA;   " StatementId="86" StatementCompId="105" StatementType="ASSIGN" RetrievedFromCache="true" />
              <StmtSimple StatementText=" RAISERROR(@ErrorMessage,16,1) WITH NOWAIT&#xD;&#xA;   " StatementId="87" StatementCompId="106" StatementType="RAISERROR" RetrievedFromCache="true" />
              <StmtSimple StatementText=" SET @Error = @@ERROR&#xD;&#xA; " StatementId="88" StatementCompId="107" StatementType="ASSIGN" RetrievedFromCache="true" />
            </Statements>
          </Then>
        </StmtCond>
        <StmtCond StatementText=" END&#xD;&#xA;&#xD;&#xA;  IF @FillFactor &lt;= 0 OR @FillFactor &gt; 100&#xD;&#xA; " StatementId="89" StatementCompId="109" StatementType="COND" RetrievedFromCache="true">
          <Condition />
          <Then>
            <Statements>
              <StmtSimple StatementText=" BEGIN&#xD;&#xA;    SET @ErrorMessage = 'The value for the parameter @FillFactor is not supported.' + CHAR(13) + CHAR(10) + ' '&#xD;&#xA;   " StatementId="90" StatementCompId="110" StatementType="ASSIGN" RetrievedFromCache="true" />
              <StmtSimple StatementText=" RAISERROR(@ErrorMessage,16,1) WITH NOWAIT&#xD;&#xA;   " StatementId="91" StatementCompId="111" StatementType="RAISERROR" RetrievedFromCache="true" />
              <StmtSimple StatementText=" SET @Error = @@ERROR&#xD;&#xA; " StatementId="92" StatementCompId="112" StatementType="ASSIGN" RetrievedFromCache="true" />
            </Statements>
          </Then>
        </StmtCond>
        <StmtCond StatementText=" END&#xD;&#xA;&#xD;&#xA;  IF @PadIndex NOT IN('Y','N')&#xD;&#xA; " StatementId="93" StatementCompId="114" StatementType="COND" RetrievedFromCache="true">
          <Condition />
          <Then>
            <Statements>
              <StmtSimple StatementText=" BEGIN&#xD;&#xA;    SET @ErrorMessage = 'The value for the parameter @PadIndex is not supported.' + CHAR(13) + CHAR(10) + ' '&#xD;&#xA;   " StatementId="94" StatementCompId="115" StatementType="ASSIGN" RetrievedFromCache="true" />
              <StmtSimple StatementText=" RAISERROR(@ErrorMessage,16,1) WITH NOWAIT&#xD;&#xA;   " StatementId="95" StatementCompId="116" StatementType="RAISERROR" RetrievedFromCache="true" />
              <StmtSimple StatementText=" SET @Error = @@ERROR&#xD;&#xA; " StatementId="96" StatementCompId="117" StatementType="ASSIGN" RetrievedFromCache="true" />
            </Statements>
          </Then>
        </StmtCond>
        <StmtCond StatementText=" END&#xD;&#xA;&#xD;&#xA;  IF @LOBCompaction NOT IN('Y','N') OR @LOBCompaction IS NULL&#xD;&#xA; " StatementId="97" StatementCompId="119" StatementType="COND" RetrievedFromCache="true">
          <Condition />
          <Then>
            <Statements>
              <StmtSimple StatementText=" BEGIN&#xD;&#xA;    SET @ErrorMessage = 'The value for the parameter @LOBCompaction is not supported.' + CHAR(13) + CHAR(10) + ' '&#xD;&#xA;   " StatementId="98" StatementCompId="120" StatementType="ASSIGN" RetrievedFromCache="true" />
              <StmtSimple StatementText=" RAISERROR(@ErrorMessage,16,1) WITH NOWAIT&#xD;&#xA;   " StatementId="99" StatementCompId="121" StatementType="RAISERROR" RetrievedFromCache="true" />
              <StmtSimple StatementText=" SET @Error = @@ERROR&#xD;&#xA; " StatementId="100" StatementCompId="122" StatementType="ASSIGN" RetrievedFromCache="true" />
            </Statements>
          </Then>
        </StmtCond>
        <StmtCond StatementText=" END&#xD;&#xA;&#xD;&#xA;  IF @UpdateStatistics NOT IN('ALL','COLUMNS','INDEX')&#xD;&#xA; " StatementId="101" StatementCompId="124" StatementType="COND" RetrievedFromCache="true">
          <Condition />
          <Then>
            <Statements>
              <StmtSimple StatementText=" BEGIN&#xD;&#xA;    SET @ErrorMessage = 'The value for the parameter @UpdateStatistics is not supported.' + CHAR(13) + CHAR(10) + ' '&#xD;&#xA;   " StatementId="102" StatementCompId="125" StatementType="ASSIGN" RetrievedFromCache="true" />
              <StmtSimple StatementText=" RAISERROR(@ErrorMessage,16,1) WITH NOWAIT&#xD;&#xA;   " StatementId="103" StatementCompId="126" StatementType="RAISERROR" RetrievedFromCache="true" />
              <StmtSimple StatementText=" SET @Error = @@ERROR&#xD;&#xA; " StatementId="104" StatementCompId="127" StatementType="ASSIGN" RetrievedFromCache="true" />
            </Statements>
          </Then>
        </StmtCond>
        <StmtCond StatementText=" END&#xD;&#xA;&#xD;&#xA;  IF @OnlyModifiedStatistics NOT IN('Y','N') OR @OnlyModifiedStatistics IS NULL&#xD;&#xA; " StatementId="105" StatementCompId="129" StatementType="COND" RetrievedFromCache="true">
          <Condition />
          <Then>
            <Statements>
              <StmtSimple StatementText=" BEGIN&#xD;&#xA;    SET @ErrorMessage = 'The value for the parameter @OnlyModifiedStatistics is not supported.' + CHAR(13) + CHAR(10) + ' '&#xD;&#xA;   " StatementId="106" StatementCompId="130" StatementType="ASSIGN" RetrievedFromCache="true" />
              <StmtSimple StatementText=" RAISERROR(@ErrorMessage,16,1) WITH NOWAIT&#xD;&#xA;   " StatementId="107" StatementCompId="131" StatementType="RAISERROR" RetrievedFromCache="true" />
              <StmtSimple StatementText=" SET @Error = @@ERROR&#xD;&#xA; " StatementId="108" StatementCompId="132" StatementType="ASSIGN" RetrievedFromCache="true" />
            </Statements>
          </Then>
        </StmtCond>
        <StmtCond StatementText=" END&#xD;&#xA;&#xD;&#xA;  IF @StatisticsSample &lt;= 0 OR @StatisticsSample  &gt; 100&#xD;&#xA; " StatementId="109" StatementCompId="134" StatementType="COND" RetrievedFromCache="true">
          <Condition />
          <Then>
            <Statements>
              <StmtSimple StatementText=" BEGIN&#xD;&#xA;    SET @ErrorMessage = 'The value for the parameter @StatisticsSample is not supported.' + CHAR(13) + CHAR(10) + ' '&#xD;&#xA;   " StatementId="110" StatementCompId="135" StatementType="ASSIGN" RetrievedFromCache="true" />
              <StmtSimple StatementText=" RAISERROR(@ErrorMessage,16,1) WITH NOWAIT&#xD;&#xA;   " StatementId="111" StatementCompId="136" StatementType="RAISERROR" RetrievedFromCache="true" />
              <StmtSimple StatementText=" SET @Error = @@ERROR&#xD;&#xA; " StatementId="112" StatementCompId="137" StatementType="ASSIGN" RetrievedFromCache="true" />
            </Statements>
          </Then>
        </StmtCond>
        <StmtCond StatementText=" END&#xD;&#xA;&#xD;&#xA;  IF @StatisticsResample NOT IN('Y','N') OR @StatisticsResample IS NULL OR (@StatisticsResample = 'Y' AND @StatisticsSample IS NOT NULL)&#xD;&#xA; " StatementId="113" StatementCompId="139" StatementType="COND" RetrievedFromCache="true">
          <Condition />
          <Then>
            <Statements>
              <StmtSimple StatementText=" BEGIN&#xD;&#xA;    SET @ErrorMessage = 'The value for the parameter @StatisticsResample is not supported.' + CHAR(13) + CHAR(10) + ' '&#xD;&#xA;   " StatementId="114" StatementCompId="140" StatementType="ASSIGN" RetrievedFromCache="true" />
              <StmtSimple StatementText=" RAISERROR(@ErrorMessage,16,1) WITH NOWAIT&#xD;&#xA;   " StatementId="115" StatementCompId="141" StatementType="RAISERROR" RetrievedFromCache="true" />
              <StmtSimple StatementText=" SET @Error = @@ERROR&#xD;&#xA; " StatementId="116" StatementCompId="142" StatementType="ASSIGN" RetrievedFromCache="true" />
            </Statements>
          </Then>
        </StmtCond>
        <StmtCond StatementText=" END&#xD;&#xA;&#xD;&#xA;  IF @PartitionLevel NOT IN('Y','N') OR @PartitionLevel IS NULL OR (@PartitionLevel = 'Y' AND SERVERPROPERTY('EngineEdition') &lt;&gt; 3)&#xD;&#xA; " StatementId="117" StatementCompId="144" StatementType="COND" RetrievedFromCache="true">
          <Condition />
          <Then>
            <Statements>
              <StmtSimple StatementText=" BEGIN&#xD;&#xA;    SET @ErrorMessage = 'The value for the parameter @PartitionLevel is not supported.' + CHAR(13) + CHAR(10) + ' '&#xD;&#xA;   " StatementId="118" StatementCompId="145" StatementType="ASSIGN" RetrievedFromCache="true" />
              <StmtSimple StatementText=" RAISERROR(@ErrorMessage,16,1) WITH NOWAIT&#xD;&#xA;   " StatementId="119" StatementCompId="146" StatementType="RAISERROR" RetrievedFromCache="true" />
              <StmtSimple StatementText=" SET @Error = @@ERROR&#xD;&#xA; " StatementId="120" StatementCompId="147" StatementType="ASSIGN" RetrievedFromCache="true" />
            </Statements>
          </Then>
        </StmtCond>
        <StmtCond StatementText=" END&#xD;&#xA;&#xD;&#xA;  IF @TimeLimit &lt; 0&#xD;&#xA; " StatementId="121" StatementCompId="149" StatementType="COND" RetrievedFromCache="true">
          <Condition />
          <Then>
            <Statements>
              <StmtSimple StatementText=" BEGIN&#xD;&#xA;    SET @ErrorMessage = 'The value for the parameter @TimeLimit is not supported.' + CHAR(13) + CHAR(10) + ' '&#xD;&#xA;   " StatementId="122" StatementCompId="150" StatementType="ASSIGN" RetrievedFromCache="true" />
              <StmtSimple StatementText=" RAISERROR(@ErrorMessage,16,1) WITH NOWAIT&#xD;&#xA;   " StatementId="123" StatementCompId="151" StatementType="RAISERROR" RetrievedFromCache="true" />
              <StmtSimple StatementText=" SET @Error = @@ERROR&#xD;&#xA; " StatementId="124" StatementCompId="152" StatementType="ASSIGN" RetrievedFromCache="true" />
            </Statements>
          </Then>
        </StmtCond>
        <StmtCond StatementText=" END&#xD;&#xA;&#xD;&#xA;  IF EXISTS(SELECT * FROM @SelectedIndexes WHERE DatabaseName IS NULL OR SchemaName IS NULL OR ObjectName IS NULL OR IndexName IS NULL) OR (@Indexes IS NOT NULL AND NOT EXISTS(SELECT * FROM @SelectedIndexes))&#xD;&#xA; " StatementId="125" StatementCompId="154" StatementType="COND WITH QUERY" RetrievedFromCache="true" StatementSubTreeCost="0.00329018" StatementEstRows="1" StatementOptmLevel="FULL" QueryHash="0x807F8C2AA35D6CDA" QueryPlanHash="0x432C9860FDB0EFDA" StatementOptmEarlyAbortReason="GoodEnoughPlanFound">
          <StatementSetOptions QUOTED_IDENTIFIER="false" ARITHABORT="false" CONCAT_NULL_YIELDS_NULL="true" ANSI_NULLS="true" ANSI_PADDING="true" ANSI_WARNINGS="true" NUMERIC_ROUNDABORT="false" />
          <Condition>
            <QueryPlan NonParallelPlanReason="MaxDOPSetToOne" CachedPlanSize="24" CompileTime="3" CompileCPU="3" CompileMemory="256">
              <MemoryGrantInfo SerialRequiredMemory="0" SerialDesiredMemory="0" />
              <OptimizerHardwareDependentProperties EstimatedAvailableMemoryGrant="193313" EstimatedPagesCached="773254" EstimatedAvailableDegreeOfParallelism="1" />
              <RelOp NodeId="0" PhysicalOp="Compute Scalar" LogicalOp="Compute Scalar" EstimateRows="1" EstimateIO="0" EstimateCPU="1e-007" AvgRowSize="11" EstimatedTotalSubtreeCost="0.00329018" Parallel="0" EstimateRebinds="0" EstimateRewinds="0" EstimatedExecutionMode="Row">
                <OutputList>
                  <ColumnReference Column="Expr1010" />
                </OutputList>
                <ComputeScalar>
                  <DefinedValues>
                    <DefinedValue>
                      <ColumnReference Column="Expr1010" />
                      <ScalarOperator ScalarString="CASE WHEN [Expr1011] THEN (1) ELSE (0) END">
                        <IF>
                          <Condition>
                            <ScalarOperator>
                              <Identifier>
                                <ColumnReference Column="Expr1011" />
                              </Identifier>
                            </ScalarOperator>
                          </Condition>
                          <Then>
                            <ScalarOperator>
                              <Const ConstValue="(1)" />
                            </ScalarOperator>
                          </Then>
                          <Else>
                            <ScalarOperator>
                              <Const ConstValue="(0)" />
                            </ScalarOperator>
                          </Else>
                        </IF>
                      </ScalarOperator>
                    </DefinedValue>
                  </DefinedValues>
                  <RelOp NodeId="1" PhysicalOp="Nested Loops" LogicalOp="Left Semi Join" EstimateRows="1" EstimateIO="0" EstimateCPU="4.18e-006" AvgRowSize="9" EstimatedTotalSubtreeCost="0.00329008" Parallel="0" EstimateRebinds="0" EstimateRewinds="0" EstimatedExecutionMode="Row">
                    <OutputList>
                      <ColumnReference Column="Expr1011" />
                    </OutputList>
                    <NestedLoops Optimized="0">
                      <DefinedValues>
                        <DefinedValue>
                          <ColumnReference Column="Expr1011" />
                        </DefinedValue>
                      </DefinedValues>
                      <ProbeColumn>
                        <ColumnReference Column="Expr1011" />
                      </ProbeColumn>
                      <RelOp NodeId="2" PhysicalOp="Constant Scan" LogicalOp="Constant Scan" EstimateRows="1" EstimateIO="0" EstimateCPU="1.157e-006" AvgRowSize="9" EstimatedTotalSubtreeCost="1.157e-006" Parallel="0" EstimateRebinds="0" EstimateRewinds="0" EstimatedExecutionMode="Row">
                        <OutputList />
                        <ConstantScan />
                      </RelOp>
                      <RelOp NodeId="3" PhysicalOp="Concatenation" LogicalOp="Concatenation" EstimateRows="1" EstimateIO="0" EstimateCPU="7.84587e-007" AvgRowSize="9" EstimatedTotalSubtreeCost="0.00328474" Parallel="0" EstimateRebinds="0" EstimateRewinds="0" EstimatedExecutionMode="Row">
                        <OutputList />
                        <Concat>
                          <DefinedValues />
                          <RelOp NodeId="4" PhysicalOp="Filter" LogicalOp="Filter" EstimateRows="1" EstimateIO="0" EstimateCPU="1.036e-005" AvgRowSize="9" EstimatedTotalSubtreeCost="0.00328464" Parallel="0" EstimateRebinds="0" EstimateRewinds="0" EstimatedExecutionMode="Row">
                            <OutputList />
                            <Filter StartupExpression="0">
                              <RelOp NodeId="5" PhysicalOp="Table Scan" LogicalOp="Table Scan" EstimateRows="1.02251" EstimateIO="0.003125" EstimateCPU="0.0001647" AvgRowSize="16113" EstimatedTotalSubtreeCost="0.00328312" TableCardinality="7" Parallel="0" EstimateRebinds="0" EstimateRewinds="0" EstimatedExecutionMode="Row">
                                <OutputList>
                                  <ColumnReference Column="DatabaseName" />
                                  <ColumnReference Column="SchemaName" />
                                  <ColumnReference Column="ObjectName" />
                                  <ColumnReference Column="IndexName" />
                                </OutputList>
                                <TableScan Ordered="0" ForcedIndex="0" ForceScan="0" NoExpandHint="0">
                                  <DefinedValues>
                                    <DefinedValue>
                                      <ColumnReference Column="DatabaseName" />
                                    </DefinedValue>
                                    <DefinedValue>
                                      <ColumnReference Column="SchemaName" />
                                    </DefinedValue>
                                    <DefinedValue>
                                      <ColumnReference Column="ObjectName" />
                                    </DefinedValue>
                                    <DefinedValue>
                                      <ColumnReference Column="IndexName" />
                                    </DefinedValue>
                                  </DefinedValues>
                                  <Object Table="[@SelectedIndexes]" TableReferenceId="1" />
                                </TableScan>
                              </RelOp>
                              <Predicate>
                                <ScalarOperator ScalarString="[DatabaseName] IS NULL OR [SchemaName] IS NULL OR [ObjectName] IS NULL OR [IndexName] IS NULL">
                                  <Logical Operation="OR">
                                    <ScalarOperator>
                                      <Compare CompareOp="IS">
                                        <ScalarOperator>
                                          <Identifier>
                                            <ColumnReference Column="DatabaseName" />
                                          </Identifier>
                                        </ScalarOperator>
                                        <ScalarOperator>
                                          <Const ConstValue="NULL" />
                                        </ScalarOperator>
                                      </Compare>
                                    </ScalarOperator>
                                    <ScalarOperator>
                                      <Compare CompareOp="IS">
                                        <ScalarOperator>
                                          <Identifier>
                                            <ColumnReference Column="SchemaName" />
                                          </Identifier>
                                        </ScalarOperator>
                                        <ScalarOperator>
                                          <Const ConstValue="NULL" />
                                        </ScalarOperator>
                                      </Compare>
                                    </ScalarOperator>
                                    <ScalarOperator>
                                      <Compare CompareOp="IS">
                                        <ScalarOperator>
                                          <Identifier>
                                            <ColumnReference Column="ObjectName" />
                                          </Identifier>
                                        </ScalarOperator>
                                        <ScalarOperator>
                                          <Const ConstValue="NULL" />
                                        </ScalarOperator>
                                      </Compare>
                                    </ScalarOperator>
                                    <ScalarOperator>
                                      <Compare CompareOp="IS">
                                        <ScalarOperator>
                                          <Identifier>
                                            <ColumnReference Column="IndexName" />
                                          </Identifier>
                                        </ScalarOperator>
                                        <ScalarOperator>
                                          <Const ConstValue="NULL" />
                                        </ScalarOperator>
                                      </Compare>
                                    </ScalarOperator>
                                  </Logical>
                                </ScalarOperator>
                              </Predicate>
                            </Filter>
                          </RelOp>
                          <RelOp NodeId="7" PhysicalOp="Nested Loops" LogicalOp="Left Anti Semi Join" EstimateRows="1" EstimateIO="0" EstimateCPU="4.18e-006" AvgRowSize="9" EstimatedTotalSubtreeCost="0.00329018" Parallel="0" EstimateRebinds="0" EstimateRewinds="0" EstimatedExecutionMode="Row">
                            <OutputList />
                            <NestedLoops Optimized="0">
                              <RelOp NodeId="8" PhysicalOp="Filter" LogicalOp="Filter" EstimateRows="1" EstimateIO="0" EstimateCPU="4.8e-007" AvgRowSize="9" EstimatedTotalSubtreeCost="1.637e-006" Parallel="0" EstimateRebinds="0" EstimateRewinds="0" EstimatedExecutionMode="Row">
                                <OutputList />
                                <Filter StartupExpression="1">
                                  <RelOp NodeId="9" PhysicalOp="Constant Scan" LogicalOp="Constant Scan" EstimateRows="1" EstimateIO="0" EstimateCPU="1.157e-006" AvgRowSize="9" EstimatedTotalSubtreeCost="1.157e-006" Parallel="0" EstimateRebinds="0" EstimateRewinds="0" EstimatedExecutionMode="Row">
                                    <OutputList />
                                    <ConstantScan />
                                  </RelOp>
                                  <Predicate>
                                    <ScalarOperator ScalarString="[@Indexes] IS NOT NULL">
                                      <Compare CompareOp="IS NOT">
                                        <ScalarOperator>
                                          <Identifier>
                                            <ColumnReference Column="@Indexes" />
                                          </Identifier>
                                        </ScalarOperator>
                                        <ScalarOperator>
                                          <Const ConstValue="NULL" />
                                        </ScalarOperator>
                                      </Compare>
                                    </ScalarOperator>
                                  </Predicate>
                                </Filter>
                              </RelOp>
                              <RelOp NodeId="11" PhysicalOp="Table Scan" LogicalOp="Table Scan" EstimateRows="7" EstimateIO="0.003125" EstimateCPU="0.0001647" AvgRowSize="9" EstimatedTotalSubtreeCost="0.0032897" TableCardinality="7" Parallel="0" EstimateRebinds="0" EstimateRewinds="0" EstimatedExecutionMode="Row">
                                <OutputList />
                                <TableScan Ordered="0" ForcedIndex="0" ForceScan="0" NoExpandHint="0">
                                  <DefinedValues />
                                  <Object Table="[@SelectedIndexes]" TableReferenceId="2" />
                                </TableScan>
                              </RelOp>
                            </NestedLoops>
                          </RelOp>
                        </Concat>
                      </RelOp>
                    </NestedLoops>
                  </RelOp>
                </ComputeScalar>
              </RelOp>
              <ParameterList>
                <ColumnReference Column="@Indexes" ParameterCompiledValue="N'ALL_INDEXES, -OurLabReporting.dbo.Teu.TEU_Pk, -OurLabReporting.dbo.LogFilePath.LogFilePath_IX_Path, -OurLabReporting.dbo.MtbfTestCaseResult.MtbfTestCaseResult_PK, -OurLabReporting.dbo.MachineSet.MachineSet_IDX_MixId, -OurLabReporting.dbo.TeuResult.TeuResul'" />
              </ParameterList>
            </QueryPlan>
          </Condition>
          <Then>
            <Statements>
              <StmtSimple StatementText=" BEGIN&#xD;&#xA;    SET @ErrorMessage = 'The value for the parameter @Indexes is not supported.' + CHAR(13) + CHAR(10) + ' '&#xD;&#xA;   " StatementId="126" StatementCompId="155" StatementType="ASSIGN" RetrievedFromCache="true" />
              <StmtSimple StatementText=" RAISERROR(@ErrorMessage,16,1) WITH NOWAIT&#xD;&#xA;   " StatementId="127" StatementCompId="156" StatementType="RAISERROR" RetrievedFromCache="true" />
              <StmtSimple StatementText=" SET @Error = @@ERROR&#xD;&#xA; " StatementId="128" StatementCompId="157" StatementType="ASSIGN" RetrievedFromCache="true" />
            </Statements>
          </Then>
        </StmtCond>
        <StmtCond StatementText=" END&#xD;&#xA;&#xD;&#xA;  IF @Delay &lt; 0&#xD;&#xA; " StatementId="129" StatementCompId="159" StatementType="COND" RetrievedFromCache="true">
          <Condition />
          <Then>
            <Statements>
              <StmtSimple StatementText=" BEGIN&#xD;&#xA;    SET @ErrorMessage = 'The value for the parameter @Delay is not supported.' + CHAR(13) + CHAR(10) + ' '&#xD;&#xA;   " StatementId="130" StatementCompId="160" StatementType="ASSIGN" RetrievedFromCache="true" />
              <StmtSimple StatementText=" RAISERROR(@ErrorMessage,16,1) WITH NOWAIT&#xD;&#xA;   " StatementId="131" StatementCompId="161" StatementType="RAISERROR" RetrievedFromCache="true" />
              <StmtSimple StatementText=" SET @Error = @@ERROR&#xD;&#xA; " StatementId="132" StatementCompId="162" StatementType="ASSIGN" RetrievedFromCache="true" />
            </Statements>
          </Then>
        </StmtCond>
        <StmtCond StatementText=" END&#xD;&#xA;&#xD;&#xA;  IF @LogToTable NOT IN('Y','N') OR @LogToTable IS NULL&#xD;&#xA; " StatementId="133" StatementCompId="164" StatementType="COND" RetrievedFromCache="true">
          <Condition />
          <Then>
            <Statements>
              <StmtSimple StatementText=" BEGIN&#xD;&#xA;    SET @ErrorMessage = 'The value for the parameter @LogToTable is not supported.' + CHAR(13) + CHAR(10) + ' '&#xD;&#xA;   " StatementId="134" StatementCompId="165" StatementType="ASSIGN" RetrievedFromCache="true" />
              <StmtSimple StatementText=" RAISERROR(@ErrorMessage,16,1) WITH NOWAIT&#xD;&#xA;   " StatementId="135" StatementCompId="166" StatementType="RAISERROR" RetrievedFromCache="true" />
              <StmtSimple StatementText=" SET @Error = @@ERROR&#xD;&#xA; " StatementId="136" StatementCompId="167" StatementType="ASSIGN" RetrievedFromCache="true" />
            </Statements>
          </Then>
        </StmtCond>
        <StmtCond StatementText=" END&#xD;&#xA;&#xD;&#xA;  IF @Execute NOT IN('Y','N') OR @Execute IS NULL&#xD;&#xA; " StatementId="137" StatementCompId="169" StatementType="COND" RetrievedFromCache="true">
          <Condition />
          <Then>
            <Statements>
              <StmtSimple StatementText=" BEGIN&#xD;&#xA;    SET @ErrorMessage = 'The value for the parameter @Execute is not supported.' + CHAR(13) + CHAR(10) + ' '&#xD;&#xA;   " StatementId="138" StatementCompId="170" StatementType="ASSIGN" RetrievedFromCache="true" />
              <StmtSimple StatementText=" RAISERROR(@ErrorMessage,16,1) WITH NOWAIT&#xD;&#xA;   " StatementId="139" StatementCompId="171" StatementType="RAISERROR" RetrievedFromCache="true" />
              <StmtSimple StatementText=" SET @Error = @@ERROR&#xD;&#xA; " StatementId="140" StatementCompId="172" StatementType="ASSIGN" RetrievedFromCache="true" />
            </Statements>
          </Then>
        </StmtCond>
        <StmtCond StatementText=" END&#xD;&#xA;&#xD;&#xA;  IF @Error &lt;&gt; 0&#xD;&#xA; " StatementId="141" StatementCompId="174" StatementType="COND" RetrievedFromCache="true">
          <Condition />
          <Then>
            <Statements>
              <StmtSimple StatementText=" BEGIN&#xD;&#xA;    SET @ErrorMessage = ' '&#xD;&#xA;   " StatementId="142" StatementCompId="175" StatementType="ASSIGN" RetrievedFromCache="true" />
              <StmtSimple StatementText=" RAISERROR(@ErrorMessage,16,1) WITH NOWAIT&#xD;&#xA;   " StatementId="143" StatementCompId="176" StatementType="RAISERROR" RetrievedFromCache="true" />
              <StmtSimple StatementText=" SET @ReturnCode = @Error&#xD;&#xA;   " StatementId="144" StatementCompId="177" StatementType="ASSIGN" RetrievedFromCache="true" />
              <StmtSimple StatementText=" GOTO Logging&#xD;&#xA; " StatementId="145" StatementCompId="178" StatementType="GOTO" RetrievedFromCache="true" />
            </Statements>
          </Then>
        </StmtCond>
        <StmtCond StatementText=" END&#xD;&#xA;&#xD;&#xA;  ----------------------------------------------------------------------------------------------------&#xD;&#xA;  --// Check Availability Group cluster name                                                      //--&#xD;&#xA;  ----------------------------------------------------------------------------------------------------&#xD;&#xA;&#xD;&#xA;  IF @Version &gt;= 11&#xD;&#xA; " StatementId="146" StatementCompId="180" StatementType="COND" RetrievedFromCache="true">
          <Condition />
          <Then>
            <Statements>
              <StmtSimple StatementText=" BEGIN&#xD;&#xA;    SELECT @Cluster = cluster_name&#xD;&#xA;    FROM sys.dm_hadr_cluster&#xD;&#xA; " StatementId="147" StatementCompId="181" StatementType="SELECT" RetrievedFromCache="true" StatementSubTreeCost="0.00110016" StatementEstRows="1000" StatementOptmLevel="FULL" QueryHash="0x4079D6F2B10B548D" QueryPlanHash="0x88D9E8E64A72018" StatementOptmEarlyAbortReason="GoodEnoughPlanFound">
                <StatementSetOptions QUOTED_IDENTIFIER="false" ARITHABORT="false" CONCAT_NULL_YIELDS_NULL="true" ANSI_NULLS="true" ANSI_PADDING="true" ANSI_WARNINGS="true" NUMERIC_ROUNDABORT="false" />
                <QueryPlan NonParallelPlanReason="MaxDOPSetToOne" CachedPlanSize="16" CompileTime="0" CompileCPU="0" CompileMemory="128">
                  <MemoryGrantInfo SerialRequiredMemory="0" SerialDesiredMemory="0" />
                  <OptimizerHardwareDependentProperties EstimatedAvailableMemoryGrant="193313" EstimatedPagesCached="773254" EstimatedAvailableDegreeOfParallelism="1" />
                  <RelOp NodeId="0" PhysicalOp="Compute Scalar" LogicalOp="Compute Scalar" EstimateRows="1000" EstimateIO="0" EstimateCPU="0.0001" AvgRowSize="291" EstimatedTotalSubtreeCost="0.00110016" Parallel="0" EstimateRebinds="0" EstimateRewinds="0" EstimatedExecutionMode="Row">
                    <OutputList>
                      <ColumnReference Column="Expr1000" />
                    </OutputList>
                    <ComputeScalar>
                      <DefinedValues>
                        <DefinedValue>
                          <ColumnReference Column="Expr1000" />
                          <ScalarOperator ScalarString="CONVERT_IMPLICIT(nvarchar(max),DM_HADR_CLUSTER.[cluster_name],0)">
                            <Convert DataType="nvarchar(max)" Length="2147483647" Style="0" Implicit="1">
                              <ScalarOperator>
                                <Identifier>
                                  <ColumnReference Table="[DM_HADR_CLUSTER]" Column="cluster_name" />
                                </Identifier>
                              </ScalarOperator>
                            </Convert>
                          </ScalarOperator>
                        </DefinedValue>
                      </DefinedValues>
                      <RelOp NodeId="1" PhysicalOp="Table-valued function" LogicalOp="Table-valued function" EstimateRows="1000" EstimateIO="0" EstimateCPU="0.00100016" AvgRowSize="267" EstimatedTotalSubtreeCost="0.00100016" Parallel="0" EstimateRebinds="0" EstimateRewinds="0" EstimatedExecutionMode="Row">
                        <OutputList>
                          <ColumnReference Table="[DM_HADR_CLUSTER]" Column="cluster_name" />
                        </OutputList>
                        <TableValuedFunction>
                          <DefinedValues>
                            <DefinedValue>
                              <ColumnReference Table="[DM_HADR_CLUSTER]" Column="cluster_name" />
                            </DefinedValue>
                          </DefinedValues>
                          <Object Table="[DM_HADR_CLUSTER]" />
                        </TableValuedFunction>
                      </RelOp>
                    </ComputeScalar>
                  </RelOp>
                </QueryPlan>
              </StmtSimple>
            </Statements>
          </Then>
        </StmtCond>
        <StmtCond StatementText=" END&#xD;&#xA;&#xD;&#xA;  ----------------------------------------------------------------------------------------------------&#xD;&#xA;  --// Execute commands                                                                           //--&#xD;&#xA;  ----------------------------------------------------------------------------------------------------&#xD;&#xA;&#xD;&#xA;  WHILE EXISTS (SELECT * FROM @tmpDatabases WHERE Selected = 1 AND Completed = 0)&#xD;&#xA; " StatementId="148" StatementCompId="183" StatementType="COND WITH QUERY" RetrievedFromCache="true" StatementSubTreeCost="0.00328854" StatementEstRows="1" StatementOptmLevel="FULL" QueryHash="0x8E9A868DEDAF5463" QueryPlanHash="0x70486BF8F176A74B" StatementOptmEarlyAbortReason="GoodEnoughPlanFound">
          <StatementSetOptions QUOTED_IDENTIFIER="false" ARITHABORT="false" CONCAT_NULL_YIELDS_NULL="true" ANSI_NULLS="true" ANSI_PADDING="true" ANSI_WARNINGS="true" NUMERIC_ROUNDABORT="false" />
          <Condition>
            <QueryPlan NonParallelPlanReason="MaxDOPSetToOne" CachedPlanSize="16" CompileTime="1" CompileCPU="1" CompileMemory="176">
              <MemoryGrantInfo SerialRequiredMemory="0" SerialDesiredMemory="0" />
              <OptimizerHardwareDependentProperties EstimatedAvailableMemoryGrant="193313" EstimatedPagesCached="773254" EstimatedAvailableDegreeOfParallelism="1" />
              <RelOp NodeId="0" PhysicalOp="Compute Scalar" LogicalOp="Compute Scalar" EstimateRows="1" EstimateIO="0" EstimateCPU="1e-007" AvgRowSize="11" EstimatedTotalSubtreeCost="0.00328854" Parallel="0" EstimateRebinds="0" EstimateRewinds="0" EstimatedExecutionMode="Row">
                <OutputList>
                  <ColumnReference Column="Expr1004" />
                </OutputList>
                <ComputeScalar>
                  <DefinedValues>
                    <DefinedValue>
                      <ColumnReference Column="Expr1004" />
                      <ScalarOperator ScalarString="CASE WHEN [Expr1005] THEN (1) ELSE (0) END">
                        <IF>
                          <Condition>
                            <ScalarOperator>
                              <Identifier>
                                <ColumnReference Column="Expr1005" />
                              </Identifier>
                            </ScalarOperator>
                          </Condition>
                          <Then>
                            <ScalarOperator>
                              <Const ConstValue="(1)" />
                            </ScalarOperator>
                          </Then>
                          <Else>
                            <ScalarOperator>
                              <Const ConstValue="(0)" />
                            </ScalarOperator>
                          </Else>
                        </IF>
                      </ScalarOperator>
                    </DefinedValue>
                  </DefinedValues>
                  <RelOp NodeId="1" PhysicalOp="Nested Loops" LogicalOp="Left Semi Join" EstimateRows="1" EstimateIO="0" EstimateCPU="4.18e-006" AvgRowSize="9" EstimatedTotalSubtreeCost="0.00328844" Parallel="0" EstimateRebinds="0" EstimateRewinds="0" EstimatedExecutionMode="Row">
                    <OutputList>
                      <ColumnReference Column="Expr1005" />
                    </OutputList>
                    <NestedLoops Optimized="0">
                      <DefinedValues>
                        <DefinedValue>
                          <ColumnReference Column="Expr1005" />
                        </DefinedValue>
                      </DefinedValues>
                      <ProbeColumn>
                        <ColumnReference Column="Expr1005" />
                      </ProbeColumn>
                      <RelOp NodeId="2" PhysicalOp="Constant Scan" LogicalOp="Constant Scan" EstimateRows="1" EstimateIO="0" EstimateCPU="1.157e-006" AvgRowSize="9" EstimatedTotalSubtreeCost="1.157e-006" Parallel="0" EstimateRebinds="0" EstimateRewinds="0" EstimatedExecutionMode="Row">
                        <OutputList />
                        <ConstantScan />
                      </RelOp>
                      <RelOp NodeId="3" PhysicalOp="Clustered Index Seek" LogicalOp="Clustered Index Seek" EstimateRows="1" EstimateIO="0.003125" EstimateCPU="0.000158925" AvgRowSize="9" EstimatedTotalSubtreeCost="0.0032831" TableCardinality="7" Parallel="0" EstimateRebinds="0" EstimateRewinds="0" EstimatedExecutionMode="Row">
                        <OutputList />
                        <IndexScan Ordered="1" ScanDirection="FORWARD" ForcedIndex="0" ForceSeek="0" ForceScan="0" NoExpandHint="0" Storage="RowStore">
                          <DefinedValues />
                          <Object Table="[@tmpDatabases]" Index="[PK__#B402F73__0861D20E581FED79]" />
                          <SeekPredicates>
                            <SeekPredicateNew>
                              <SeekKeys>
                                <Prefix ScanType="EQ">
                                  <RangeColumns>
                                    <ColumnReference Column="Selected" />
                                    <ColumnReference Column="Completed" />
                                  </RangeColumns>
                                  <RangeExpressions>
                                    <ScalarOperator ScalarString="(1)">
                                      <Const ConstValue="(1)" />
                                    </ScalarOperator>
                                    <ScalarOperator ScalarString="(0)">
                                      <Const ConstValue="(0)" />
                                    </ScalarOperator>
                                  </RangeExpressions>
                                </Prefix>
                              </SeekKeys>
                            </SeekPredicateNew>
                          </SeekPredicates>
                        </IndexScan>
                      </RelOp>
                    </NestedLoops>
                  </RelOp>
                </ComputeScalar>
              </RelOp>
            </QueryPlan>
          </Condition>
          <Then>
            <Statements>
              <StmtSimple StatementText=" BEGIN&#xD;&#xA;&#xD;&#xA;    SELECT TOP 1 @CurrentDBID = ID,&#xD;&#xA;                 @CurrentDatabaseName = DatabaseName&#xD;&#xA;    FROM @tmpDatabases&#xD;&#xA;    WHERE Selected = 1&#xD;&#xA;    AND Completed = 0&#xD;&#xA;    ORDER BY ID ASC&#xD;&#xA;&#xD;&#xA;   " StatementId="149" StatementCompId="184" StatementType="SELECT" RetrievedFromCache="true" StatementSubTreeCost="0.0032832" StatementEstRows="1" StatementOptmLevel="TRIVIAL" QueryHash="0x5A774BC581EE6E7D" QueryPlanHash="0xC4E7643C51861201">
                <StatementSetOptions QUOTED_IDENTIFIER="false" ARITHABORT="false" CONCAT_NULL_YIELDS_NULL="true" ANSI_NULLS="true" ANSI_PADDING="true" ANSI_WARNINGS="true" NUMERIC_ROUNDABORT="false" />
                <QueryPlan NonParallelPlanReason="MaxDOPSetToOne" CachedPlanSize="16" CompileTime="0" CompileCPU="0" CompileMemory="112">
                  <MemoryGrantInfo SerialRequiredMemory="0" SerialDesiredMemory="0" />
                  <OptimizerHardwareDependentProperties EstimatedAvailableMemoryGrant="193313" EstimatedPagesCached="773254" EstimatedAvailableDegreeOfParallelism="1" />
                  <RelOp NodeId="0" PhysicalOp="Top" LogicalOp="Top" EstimateRows="1" EstimateIO="0" EstimateCPU="1e-007" AvgRowSize="4039" EstimatedTotalSubtreeCost="0.0032832" Parallel="0" EstimateRebinds="0" EstimateRewinds="0" EstimatedExecutionMode="Row">
                    <OutputList>
                      <ColumnReference Column="ID" />
                      <ColumnReference Column="DatabaseName" />
                    </OutputList>
                    <Top RowCount="0" IsPercent="0" WithTies="0">
                      <TopExpression>
                        <ScalarOperator ScalarString="(1)">
                          <Const ConstValue="(1)" />
                        </ScalarOperator>
                      </TopExpression>
                      <RelOp NodeId="1" PhysicalOp="Clustered Index Seek" LogicalOp="Clustered Index Seek" EstimateRows="1" EstimateIO="0.003125" EstimateCPU="0.000158925" AvgRowSize="4039" EstimatedTotalSubtreeCost="0.0032831" TableCardinality="7" Parallel="0" EstimateRebinds="0" EstimateRewinds="0" EstimatedExecutionMode="Row">
                        <OutputList>
                          <ColumnReference Column="ID" />
                          <ColumnReference Column="DatabaseName" />
                        </OutputList>
                        <IndexScan Ordered="1" ScanDirection="FORWARD" ForcedIndex="0" ForceSeek="0" ForceScan="0" NoExpandHint="0" Storage="RowStore">
                          <DefinedValues>
                            <DefinedValue>
                              <ColumnReference Column="ID" />
                            </DefinedValue>
                            <DefinedValue>
                              <ColumnReference Column="DatabaseName" />
                            </DefinedValue>
                          </DefinedValues>
                          <Object Table="[@tmpDatabases]" Index="[PK__#B402F73__0861D20E581FED79]" />
                          <SeekPredicates>
                            <SeekPredicateNew>
                              <SeekKeys>
                                <Prefix ScanType="EQ">
                                  <RangeColumns>
                                    <ColumnReference Column="Selected" />
                                    <ColumnReference Column="Completed" />
                                  </RangeColumns>
                                  <RangeExpressions>
                                    <ScalarOperator ScalarString="(1)">
                                      <Const ConstValue="(1)" />
                                    </ScalarOperator>
                                    <ScalarOperator ScalarString="(0)">
                                      <Const ConstValue="(0)" />
                                    </ScalarOperator>
                                  </RangeExpressions>
                                </Prefix>
                              </SeekKeys>
                            </SeekPredicateNew>
                          </SeekPredicates>
                        </IndexScan>
                      </RelOp>
                    </Top>
                  </RelOp>
                </QueryPlan>
              </StmtSimple>
              <StmtSimple StatementText=" SET @CurrentDatabaseID = DB_ID(@CurrentDatabaseName)&#xD;&#xA;&#xD;&#xA;   " StatementId="150" StatementCompId="185" StatementType="ASSIGN" RetrievedFromCache="true" />
              <StmtCond StatementText=" IF DATABASEPROPERTYEX(@CurrentDatabaseName,'Status') = 'ONLINE'&#xD;&#xA;   " StatementId="151" StatementCompId="186" StatementType="COND" RetrievedFromCache="true">
                <Condition />
                <Then>
                  <Statements>
                    <StmtCond StatementText=" BEGIN&#xD;&#xA;      IF EXISTS (SELECT * FROM sys.database_recovery_status WHERE database_id = @CurrentDatabaseID AND database_guid IS NOT NULL)&#xD;&#xA;     " StatementId="152" StatementCompId="187" StatementType="COND WITH QUERY" RetrievedFromCache="true" StatementSubTreeCost="0.00329563" StatementEstRows="1" StatementOptmLevel="FULL" QueryHash="0xAEC0C2FF4E1DE032" QueryPlanHash="0xF0F845EA16B2CE62" StatementOptmEarlyAbortReason="GoodEnoughPlanFound">
                      <StatementSetOptions QUOTED_IDENTIFIER="false" ARITHABORT="false" CONCAT_NULL_YIELDS_NULL="true" ANSI_NULLS="true" ANSI_PADDING="true" ANSI_WARNINGS="true" NUMERIC_ROUNDABORT="false" />
                      <Condition>
                        <QueryPlan NonParallelPlanReason="MaxDOPSetToOne" CachedPlanSize="24" CompileTime="3" CompileCPU="3" CompileMemory="272">
                          <MemoryGrantInfo SerialRequiredMemory="0" SerialDesiredMemory="0" />
                          <OptimizerHardwareDependentProperties EstimatedAvailableMemoryGrant="193313" EstimatedPagesCached="773254" EstimatedAvailableDegreeOfParallelism="1" />
                          <RelOp NodeId="0" PhysicalOp="Compute Scalar" LogicalOp="Compute Scalar" EstimateRows="1" EstimateIO="0" EstimateCPU="1e-007" AvgRowSize="11" EstimatedTotalSubtreeCost="0.00329563" Parallel="0" EstimateRebinds="0" EstimateRewinds="0" EstimatedExecutionMode="Row">
                            <OutputList>
                              <ColumnReference Column="Expr1003" />
                            </OutputList>
                            <ComputeScalar>
                              <DefinedValues>
                                <DefinedValue>
                                  <ColumnReference Column="Expr1003" />
                                  <ScalarOperator ScalarString="CASE WHEN [Expr1004] THEN (1) ELSE (0) END">
                                    <IF>
                                      <Condition>
                                        <ScalarOperator>
                                          <Identifier>
                                            <ColumnReference Column="Expr1004" />
                                          </Identifier>
                                        </ScalarOperator>
                                      </Condition>
                                      <Then>
                                        <ScalarOperator>
                                          <Const ConstValue="(1)" />
                                        </ScalarOperator>
                                      </Then>
                                      <Else>
                                        <ScalarOperator>
                                          <Const ConstValue="(0)" />
                                        </ScalarOperator>
                                      </Else>
                                    </IF>
                                  </ScalarOperator>
                                </DefinedValue>
                              </DefinedValues>
                              <RelOp NodeId="1" PhysicalOp="Nested Loops" LogicalOp="Left Semi Join" EstimateRows="1" EstimateIO="0" EstimateCPU="4.18e-006" AvgRowSize="9" EstimatedTotalSubtreeCost="0.00329553" Parallel="0" EstimateRebinds="0" EstimateRewinds="0" EstimatedExecutionMode="Row">
                                <OutputList>
                                  <ColumnReference Column="Expr1004" />
                                </OutputList>
                                <NestedLoops Optimized="0">
                                  <DefinedValues>
                                    <DefinedValue>
                                      <ColumnReference Column="Expr1004" />
                                    </DefinedValue>
                                  </DefinedValues>
                                  <ProbeColumn>
                                    <ColumnReference Column="Expr1004" />
                                  </ProbeColumn>
                                  <RelOp NodeId="2" PhysicalOp="Constant Scan" LogicalOp="Constant Scan" EstimateRows="1" EstimateIO="0" EstimateCPU="1.157e-006" AvgRowSize="9" EstimatedTotalSubtreeCost="1.157e-006" Parallel="0" EstimateRebinds="0" EstimateRewinds="0" EstimatedExecutionMode="Row">
                                    <OutputList />
                                    <ConstantScan />
                                  </RelOp>
                                  <RelOp NodeId="3" PhysicalOp="Filter" LogicalOp="Filter" EstimateRows="1" EstimateIO="0" EstimateCPU="4.8e-007" AvgRowSize="9" EstimatedTotalSubtreeCost="0.0032902" Parallel="0" EstimateRebinds="0" EstimateRewinds="0" EstimatedExecutionMode="Row">
                                    <OutputList />
                                    <Filter StartupExpression="0">
                                      <RelOp NodeId="4" PhysicalOp="Nested Loops" LogicalOp="Left Outer Join" EstimateRows="1" EstimateIO="0" EstimateCPU="4.18e-006" AvgRowSize="23" EstimatedTotalSubtreeCost="0.00328972" Parallel="0" EstimateRebinds="0" EstimateRewinds="0" EstimatedExecutionMode="Row">
                                        <OutputList>
                                          <ColumnReference Table="[DBRECOVER]" Column="database_guid" />
                                        </OutputList>
                                        <NestedLoops Optimized="0">
                                          <OuterReferences>
                                            <ColumnReference Database="[master]" Schema="[sys]" Table="[sysdbreg]" Alias="[d]" Column="id" />
                                          </OuterReferences>
                                          <RelOp NodeId="5" PhysicalOp="Filter" LogicalOp="Filter" EstimateRows="1" EstimateIO="0" EstimateCPU="1.28e-006" AvgRowSize="11" EstimatedTotalSubtreeCost="0.00328438" Parallel="0" EstimateRebinds="0" EstimateRewinds="0" EstimatedExecutionMode="Row">
                                            <OutputList>
                                              <ColumnReference Database="[master]" Schema="[sys]" Table="[sysdbreg]" Alias="[d]" Column="id" />
                                            </OutputList>
                                            <Filter StartupExpression="0">
                                              <RelOp NodeId="6" PhysicalOp="Clustered Index Seek" LogicalOp="Clustered Index Seek" EstimateRows="1" EstimateIO="0.003125" EstimateCPU="0.0001581" AvgRowSize="11" EstimatedTotalSubtreeCost="0.0032831" TableCardinality="9" Parallel="0" EstimateRebinds="0" EstimateRewinds="0" EstimatedExecutionMode="Row">
                                                <OutputList>
                                                  <ColumnReference Database="[master]" Schema="[sys]" Table="[sysdbreg]" Alias="[d]" Column="id" />
                                                </OutputList>
                                                <IndexScan Ordered="1" ScanDirection="FORWARD" ForcedIndex="0" ForceSeek="0" ForceScan="0" NoExpandHint="0" Storage="RowStore">
                                                  <DefinedValues>
                                                    <DefinedValue>
                                                      <ColumnReference Database="[master]" Schema="[sys]" Table="[sysdbreg]" Alias="[d]" Column="id" />
                                                    </DefinedValue>
                                                  </DefinedValues>
                                                  <Object Database="[master]" Schema="[sys]" Table="[sysdbreg]" Index="[clst]" Alias="[d]" IndexKind="Clustered" />
                                                  <SeekPredicates>
                                                    <SeekPredicateNew>
                                                      <SeekKeys>
                                                        <Prefix ScanType="EQ">
                                                          <RangeColumns>
                                                            <ColumnReference Database="[master]" Schema="[sys]" Table="[sysdbreg]" Alias="[d]" Column="id" />
                                                          </RangeColumns>
                                                          <RangeExpressions>
                                                            <ScalarOperator ScalarString="[@CurrentDatabaseID]">
                                                              <Identifier>
                                                                <ColumnReference Column="@CurrentDatabaseID" />
                                                              </Identifier>
                                                            </ScalarOperator>
                                                          </RangeExpressions>
                                                        </Prefix>
                                                      </SeekKeys>
                                                    </SeekPredicateNew>
                                                  </SeekPredicates>
                                                  <Predicate>
                                                    <ScalarOperator ScalarString="[master].[sys].[sysdbreg].[id] as [d].[id]&lt;(32767)">
                                                      <Compare CompareOp="LT">
                                                        <ScalarOperator>
                                                          <Identifier>
                                                            <ColumnReference Database="[master]" Schema="[sys]" Table="[sysdbreg]" Alias="[d]" Column="id" />
                                                          </Identifier>
                                                        </ScalarOperator>
                                                        <ScalarOperator>
                                                          <Const ConstValue="(32767)" />
                                                        </ScalarOperator>
                                                      </Compare>
                                                    </ScalarOperator>
                                                  </Predicate>
                                                </IndexScan>
                                              </RelOp>
                                              <Predicate>
                                                <ScalarOperator ScalarString="has_access('DB',[master].[sys].[sysdbreg].[id] as [d].[id])=(1)">
                                                  <Compare CompareOp="EQ">
                                                    <ScalarOperator>
                                                      <Intrinsic FunctionName="has_access">
                                                        <ScalarOperator>
                                                          <Const ConstValue="'DB'" />
                                                        </ScalarOperator>
                                                        <ScalarOperator>
                                                          <Identifier>
                                                            <ColumnReference Database="[master]" Schema="[sys]" Table="[sysdbreg]" Alias="[d]" Column="id" />
                                                          </Identifier>
                                                        </ScalarOperator>
                                                        <ScalarOperator>
                                                          <Const ConstValue="" />
                                                        </ScalarOperator>
                                                        <ScalarOperator>
                                                          <Const ConstValue="" />
                                                        </ScalarOperator>
                                                      </Intrinsic>
                                                    </ScalarOperator>
                                                    <ScalarOperator>
                                                      <Const ConstValue="(1)" />
                                                    </ScalarOperator>
                                                  </Compare>
                                                </ScalarOperator>
                                              </Predicate>
                                            </Filter>
                                          </RelOp>
                                          <RelOp NodeId="8" PhysicalOp="Table-valued function" LogicalOp="Table-valued function" EstimateRows="1" EstimateIO="0" EstimateCPU="1.157e-006" AvgRowSize="23" EstimatedTotalSubtreeCost="1.157e-006" Parallel="0" EstimateRebinds="0" EstimateRewinds="0" EstimatedExecutionMode="Row">
                                            <OutputList>
                                              <ColumnReference Table="[DBRECOVER]" Column="database_guid" />
                                            </OutputList>
                                            <TableValuedFunction>
                                              <DefinedValues>
                                                <DefinedValue>
                                                  <ColumnReference Table="[DBRECOVER]" Column="database_guid" />
                                                </DefinedValue>
                                              </DefinedValues>
                                              <Object Table="[DBRECOVER]" />
                                              <ParameterList>
                                                <ScalarOperator ScalarString="[master].[sys].[sysdbreg].[id] as [d].[id]">
                                                  <Identifier>
                                                    <ColumnReference Database="[master]" Schema="[sys]" Table="[sysdbreg]" Alias="[d]" Column="id" />
                                                  </Identifier>
                                                </ScalarOperator>
                                              </ParameterList>
                                            </TableValuedFunction>
                                          </RelOp>
                                        </NestedLoops>
                                      </RelOp>
                                      <Predicate>
                                        <ScalarOperator ScalarString="DBRECOVER.[database_guid] IS NOT NULL">
                                          <Compare CompareOp="IS NOT">
                                            <ScalarOperator>
                                              <Identifier>
                                                <ColumnReference Table="[DBRECOVER]" Column="database_guid" />
                                              </Identifier>
                                            </ScalarOperator>
                                            <ScalarOperator>
                                              <Const ConstValue="NULL" />
                                            </ScalarOperator>
                                          </Compare>
                                        </ScalarOperator>
                                      </Predicate>
                                    </Filter>
                                  </RelOp>
                                </NestedLoops>
                              </RelOp>
                            </ComputeScalar>
                          </RelOp>
                        </QueryPlan>
                      </Condition>
                      <Then>
                        <Statements>
                          <StmtSimple StatementText=" BEGIN&#xD;&#xA;        SET @CurrentIsDatabaseAccessible = 1&#xD;&#xA;     " StatementId="153" StatementCompId="188" StatementType="ASSIGN" RetrievedFromCache="true" />
                        </Statements>
                      </Then>
                      <Else>
                        <Statements>
                          <StmtSimple StatementText=" END&#xD;&#xA;      ELSE&#xD;&#xA;      BEGIN&#xD;&#xA;        SET @CurrentIsDatabaseAccessible = 0&#xD;&#xA;     " StatementId="154" StatementCompId="191" StatementType="ASSIGN" RetrievedFromCache="true" />
                        </Statements>
                      </Else>
                    </StmtCond>
                  </Statements>
                </Then>
                <Else>
                  <Statements>
                    <StmtSimple StatementText=" END&#xD;&#xA;    END&#xD;&#xA;    ELSE&#xD;&#xA;    BEGIN&#xD;&#xA;      SET @CurrentIsDatabaseAccessible = 0&#xD;&#xA;   " StatementId="155" StatementCompId="195" StatementType="ASSIGN" RetrievedFromCache="true" />
                  </Statements>
                </Else>
              </StmtCond>
              <StmtCond StatementText=" END&#xD;&#xA;&#xD;&#xA;    IF @Version &gt;= 11 AND @Cluster IS NOT NULL&#xD;&#xA;   " StatementId="156" StatementCompId="197" StatementType="COND" RetrievedFromCache="true">
                <Condition />
                <Then>
                  <Statements>
                    <StmtSimple StatementText=" BEGIN&#xD;&#xA;      SELECT @CurrentAvailabilityGroup = availability_groups.name,&#xD;&#xA;             @CurrentAvailabilityGroupRole = dm_hadr_availability_replica_states.role_desc&#xD;&#xA;      FROM sys.databases databases&#xD;&#xA;      INNER JOIN sys.availability_databases_cluster availability_databases_cluster ON databases.group_database_id = availability_databases_cluster.group_database_id&#xD;&#xA;      INNER JOIN sys.availability_groups availability_groups ON availability_databases_cluster.group_id = availability_groups.group_id&#xD;&#xA;      INNER JOIN sys.dm_hadr_availability_replica_states dm_hadr_availability_replica_states ON availability_groups.group_id = dm_hadr_availability_replica_states.group_id AND databases.replica_id = dm_hadr_availability_replica_states.replica_id&#xD;&#xA;      WHERE databases.name = @CurrentDatabaseName&#xD;&#xA;   " StatementId="157" StatementCompId="198" StatementType="SELECT" RetrievedFromCache="true" StatementSubTreeCost="2.94136" StatementEstRows="140948" StatementOptmLevel="FULL" QueryHash="0xF314D20D10EDC28" QueryPlanHash="0x1A04FF6305AD784" StatementOptmEarlyAbortReason="TimeOut">
                      <StatementSetOptions QUOTED_IDENTIFIER="false" ARITHABORT="false" CONCAT_NULL_YIELDS_NULL="true" ANSI_NULLS="true" ANSI_PADDING="true" ANSI_WARNINGS="true" NUMERIC_ROUNDABORT="false" />
                      <QueryPlan NonParallelPlanReason="MaxDOPSetToOne" CachedPlanSize="240" CompileTime="105" CompileCPU="105" CompileMemory="3680">
                        <MemoryGrantInfo SerialRequiredMemory="5120" SerialDesiredMemory="16488" />
                        <OptimizerHardwareDependentProperties EstimatedAvailableMemoryGrant="193313" EstimatedPagesCached="773254" EstimatedAvailableDegreeOfParallelism="1" />
                        <RelOp NodeId="0" PhysicalOp="Hash Match" LogicalOp="Right Outer Join" EstimateRows="140948" EstimateIO="0" EstimateCPU="0.770561" AvgRowSize="8061" EstimatedTotalSubtreeCost="2.94136" Parallel="0" EstimateRebinds="0" EstimateRewinds="0" EstimatedExecutionMode="Row">
                          <OutputList>
                            <ColumnReference Column="Expr1099" />
                            <ColumnReference Column="Expr1100" />
                          </OutputList>
                          <MemoryFractions Input="0.0823364" Output="0.0823364" />
                          <Hash>
                            <DefinedValues />
                            <HashKeysBuild>
                              <ColumnReference Database="[master]" Schema="[sys]" Table="[sysobjvalues]" Alias="[coll]" Column="objid" />
                            </HashKeysBuild>
                            <HashKeysProbe>
                              <ColumnReference Database="[master]" Schema="[sys]" Table="[sysdbreg]" Alias="[d]" Column="id" />
                            </HashKeysProbe>
                            <RelOp NodeId="1" PhysicalOp="Clustered Index Seek" LogicalOp="Clustered Index Seek" EstimateRows="1" EstimateIO="0.003125" EstimateCPU="0.0001581" AvgRowSize="15" EstimatedTotalSubtreeCost="0.0032831" TableCardinality="581" Parallel="0" EstimateRebinds="0" EstimateRewinds="0" EstimatedExecutionMode="Row">
                              <OutputList>
                                <ColumnReference Database="[master]" Schema="[sys]" Table="[sysobjvalues]" Alias="[coll]" Column="objid" />
                              </OutputList>
                              <IndexScan Ordered="1" ScanDirection="FORWARD" ForcedIndex="0" ForceSeek="0" ForceScan="0" NoExpandHint="0" Storage="RowStore">
                                <DefinedValues>
                                  <DefinedValue>
                                    <ColumnReference Database="[master]" Schema="[sys]" Table="[sysobjvalues]" Alias="[coll]" Column="objid" />
                                  </DefinedValue>
                                </DefinedValues>
                                <Object Database="[master]" Schema="[sys]" Table="[sysobjvalues]" Index="[clst]" Alias="[coll]" IndexKind="Clustered" />
                                <SeekPredicates>
                                  <SeekPredicateNew>
                                    <SeekKeys>
                                      <Prefix ScanType="EQ">
                                        <RangeColumns>
                                          <ColumnReference Database="[master]" Schema="[sys]" Table="[sysobjvalues]" Alias="[coll]" Column="valclass" />
                                        </RangeColumns>
                                        <RangeExpressions>
                                          <ScalarOperator ScalarString="(102)">
                                            <Const ConstValue="(102)" />
                                          </ScalarOperator>
                                        </RangeExpressions>
                                      </Prefix>
                                      <EndRange ScanType="LT">
                                        <RangeColumns>
                                          <ColumnReference Database="[master]" Schema="[sys]" Table="[sysobjvalues]" Alias="[coll]" Column="objid" />
                                        </RangeColumns>
                                        <RangeExpressions>
                                          <ScalarOperator ScalarString="(32767)">
                                            <Const ConstValue="(32767)" />
                                          </ScalarOperator>
                                        </RangeExpressions>
                                      </EndRange>
                                    </SeekKeys>
                                  </SeekPredicateNew>
                                </SeekPredicates>
                                <Predicate>
                                  <ScalarOperator ScalarString="[master].[sys].[sysobjvalues].[subobjid] as [coll].[subobjid]=(0)">
                                    <Compare CompareOp="EQ">
                                      <ScalarOperator>
                                        <Identifier>
                                          <ColumnReference Database="[master]" Schema="[sys]" Table="[sysobjvalues]" Alias="[coll]" Column="subobjid" />
                                        </Identifier>
                                      </ScalarOperator>
                                      <ScalarOperator>
                                        <Const ConstValue="(0)" />
                                      </ScalarOperator>
                                    </Compare>
                                  </ScalarOperator>
                                </Predicate>
                              </IndexScan>
                            </RelOp>
                            <RelOp NodeId="2" PhysicalOp="Hash Match" LogicalOp="Right Outer Join" EstimateRows="140948" EstimateIO="0" EstimateCPU="0.350858" AvgRowSize="8065" EstimatedTotalSubtreeCost="2.16751" Parallel="0" EstimateRebinds="0" EstimateRewinds="0" EstimatedExecutionMode="Row">
                              <OutputList>
                                <ColumnReference Database="[master]" Schema="[sys]" Table="[sysdbreg]" Alias="[d]" Column="id" />
                                <ColumnReference Column="Expr1099" />
                                <ColumnReference Column="Expr1100" />
                              </OutputList>
                              <MemoryFractions Input="0.0457424" Output="0.0457424" />
                              <Hash>
                                <DefinedValues />
                                <HashKeysBuild>
                                  <ColumnReference Table="[SYSFULLTEXTLANGUAGES]" Column="lcid" />
                                </HashKeysBuild>
                                <HashKeysProbe>
                                  <ColumnReference Table="[DBPROP]" Column="default_fulltext_language" />
                                </HashKeysProbe>
                                <ProbeResidual>
                                  <ScalarOperator ScalarString="SYSFULLTEXTLANGUAGES.[lcid]=DBPROP.[default_fulltext_language]">
                                    <Compare CompareOp="EQ">
                                      <ScalarOperator>
                                        <Identifier>
                                          <ColumnReference Table="[SYSFULLTEXTLANGUAGES]" Column="lcid" />
                                        </Identifier>
                                      </ScalarOperator>
                                      <ScalarOperator>
                                        <Identifier>
                                          <ColumnReference Table="[DBPROP]" Column="default_fulltext_language" />
                                        </Identifier>
                                      </ScalarOperator>
                                    </Compare>
                                  </ScalarOperator>
                                </ProbeResidual>
                                <RelOp NodeId="3" PhysicalOp="Table-valued function" LogicalOp="Table-valued function" EstimateRows="53" EstimateIO="0" EstimateCPU="5.3157e-005" AvgRowSize="11" EstimatedTotalSubtreeCost="5.3157e-005" Parallel="0" EstimateRebinds="0" EstimateRewinds="0" EstimatedExecutionMode="Row">
                                  <OutputList>
                                    <ColumnReference Table="[SYSFULLTEXTLANGUAGES]" Column="lcid" />
                                  </OutputList>
                                  <TableValuedFunction>
                                    <DefinedValues>
                                      <DefinedValue>
                                        <ColumnReference Table="[SYSFULLTEXTLANGUAGES]" Column="lcid" />
                                      </DefinedValue>
                                    </DefinedValues>
                                    <Object Table="[SYSFULLTEXTLANGUAGES]" />
                                  </TableValuedFunction>
                                </RelOp>
                                <RelOp NodeId="4" PhysicalOp="Hash Match" LogicalOp="Right Outer Join" EstimateRows="22733.5" EstimateIO="0" EstimateCPU="0.0820155" AvgRowSize="8069" EstimatedTotalSubtreeCost="1.8166" Parallel="0" EstimateRebinds="0" EstimateRewinds="0" EstimatedExecutionMode="Row">
                                  <OutputList>
                                    <ColumnReference Database="[master]" Schema="[sys]" Table="[sysdbreg]" Alias="[d]" Column="id" />
                                    <ColumnReference Table="[DBPROP]" Column="default_fulltext_language" />
                                    <ColumnReference Column="Expr1099" />
                                    <ColumnReference Column="Expr1100" />
                                  </OutputList>
                                  <MemoryFractions Input="0.0288529" Output="0.0288529" />
                                  <Hash>
                                    <DefinedValues />
                                    <HashKeysBuild>
                                      <ColumnReference Table="[SYSLANG]" Column="lcid" />
                                    </HashKeysBuild>
                                    <HashKeysProbe>
                                      <ColumnReference Table="[DBPROP]" Column="default_language" />
                                    </HashKeysProbe>
                                    <ProbeResidual>
                                      <ScalarOperator ScalarString="SYSLANG.[lcid]=DBPROP.[default_language]">
                                        <Compare CompareOp="EQ">
                                          <ScalarOperator>
                                            <Identifier>
                                              <ColumnReference Table="[SYSLANG]" Column="lcid" />
                                            </Identifier>
                                          </ScalarOperator>
                                          <ScalarOperator>
                                            <Identifier>
                                              <ColumnReference Table="[DBPROP]" Column="default_language" />
                                            </Identifier>
                                          </ScalarOperator>
                                        </Compare>
                                      </ScalarOperator>
                                    </ProbeResidual>
                                    <RelOp NodeId="5" PhysicalOp="Table-valued function" LogicalOp="Table-valued function" EstimateRows="34" EstimateIO="0" EstimateCPU="3.4157e-005" AvgRowSize="11" EstimatedTotalSubtreeCost="3.4157e-005" Parallel="0" EstimateRebinds="0" EstimateRewinds="0" EstimatedExecutionMode="Row">
                                      <OutputList>
                                        <ColumnReference Table="[SYSLANG]" Column="lcid" />
                                      </OutputList>
                                      <TableValuedFunction>
                                        <DefinedValues>
                                          <DefinedValue>
                                            <ColumnReference Table="[SYSLANG]" Column="lcid" />
                                          </DefinedValue>
                                        </DefinedValues>
                                        <Object Table="[SYSLANG]" />
                                        <ParameterList>
                                          <ScalarOperator ScalarString="(0)">
                                            <Const ConstValue="(0)" />
                                          </ScalarOperator>
                                          <ScalarOperator ScalarString="NULL">
                                            <Const ConstValue="NULL" />
                                          </ScalarOperator>
                                          <ScalarOperator ScalarString="(0)">
                                            <Const ConstValue="(0)" />
                                          </ScalarOperator>
                                          <ScalarOperator ScalarString="NULL">
                                            <Const ConstValue="NULL" />
                                          </ScalarOperator>
                                          <ScalarOperator ScalarString="(0)">
                                            <Const ConstValue="(0)" />
                                          </ScalarOperator>
                                          <ScalarOperator ScalarString="NULL">
                                            <Const ConstValue="NULL" />
                                          </ScalarOperator>
                                        </ParameterList>
                                      </TableValuedFunction>
                                    </RelOp>
                                    <RelOp NodeId="12" PhysicalOp="Nested Loops" LogicalOp="Left Outer Join" EstimateRows="5286.86" EstimateIO="0" EstimateCPU="0.0220991" AvgRowSize="8073" EstimatedTotalSubtreeCost="1.73455" Parallel="0" EstimateRebinds="0" EstimateRewinds="0" EstimatedExecutionMode="Row">
                                      <OutputList>
                                        <ColumnReference Database="[master]" Schema="[sys]" Table="[sysdbreg]" Alias="[d]" Column="id" />
                                        <ColumnReference Table="[DBPROP]" Column="default_language" />
                                        <ColumnReference Table="[DBPROP]" Column="default_fulltext_language" />
                                        <ColumnReference Column="Expr1099" />
                                        <ColumnReference Column="Expr1100" />
                                      </OutputList>
                                      <NestedLoops Optimized="0">
                                        <OuterReferences>
                                          <ColumnReference Database="[master]" Schema="[sys]" Table="[sysdbreg]" Alias="[d]" Column="id" />
                                        </OuterReferences>
                                        <RelOp NodeId="13" PhysicalOp="Hash Match" LogicalOp="Inner Join" EstimateRows="5286.86" EstimateIO="0" EstimateCPU="1.3959" AvgRowSize="8065" EstimatedTotalSubtreeCost="1.70716" Parallel="0" EstimateRebinds="0" EstimateRewinds="0" EstimatedExecutionMode="Row">
                                          <OutputList>
                                            <ColumnReference Database="[master]" Schema="[sys]" Table="[sysdbreg]" Alias="[d]" Column="id" />
                                            <ColumnReference Column="Expr1099" />
                                            <ColumnReference Column="Expr1100" />
                                          </OutputList>
                                          <MemoryFractions Input="0.789585" Output="0.789585" />
                                          <Hash>
                                            <DefinedValues />
                                            <HashKeysBuild>
                                              <ColumnReference Table="[DM_HADR_INTERNAL_AVAILABILITY_REPLICA_STATES]" Column="group_id" />
                                              <ColumnReference Table="[DM_HADR_INTERNAL_AVAILABILITY_REPLICA_STATES]" Column="replica_id" />
                                            </HashKeysBuild>
                                            <HashKeysProbe>
                                              <ColumnReference Table="[DM_AVAILABILITY_GROUPS]" Column="group_id" />
                                              <ColumnReference Database="[master]" Schema="[sys]" Table="[sysguidrefs]" Alias="[sgr]" Column="guid" />
                                            </HashKeysProbe>
                                            <ProbeResidual>
                                              <ScalarOperator ScalarString="DM_AVAILABILITY_GROUPS.[group_id]=DM_HADR_INTERNAL_AVAILABILITY_REPLICA_STATES.[group_id] AND [master].[sys].[sysguidrefs].[guid] as [sgr].[guid]=DM_HADR_INTERNAL_AVAILABILITY_REPLICA_STATES.[replica_id]">
                                                <Logical Operation="AND">
                                                  <ScalarOperator>
                                                    <Compare CompareOp="EQ">
                                                      <ScalarOperator>
                                                        <Identifier>
                                                          <ColumnReference Table="[DM_AVAILABILITY_GROUPS]" Column="group_id" />
                                                        </Identifier>
                                                      </ScalarOperator>
                                                      <ScalarOperator>
                                                        <Identifier>
                                                          <ColumnReference Table="[DM_HADR_INTERNAL_AVAILABILITY_REPLICA_STATES]" Column="group_id" />
                                                        </Identifier>
                                                      </ScalarOperator>
                                                    </Compare>
                                                  </ScalarOperator>
                                                  <ScalarOperator>
                                                    <Compare CompareOp="EQ">
                                                      <ScalarOperator>
                                                        <Identifier>
                                                          <ColumnReference Database="[master]" Schema="[sys]" Table="[sysguidrefs]" Alias="[sgr]" Column="guid" />
                                                        </Identifier>
                                                      </ScalarOperator>
                                                      <ScalarOperator>
                                                        <Identifier>
                                                          <ColumnReference Table="[DM_HADR_INTERNAL_AVAILABILITY_REPLICA_STATES]" Column="replica_id" />
                                                        </Identifier>
                                                      </ScalarOperator>
                                                    </Compare>
                                                  </ScalarOperator>
                                                </Logical>
                                              </ScalarOperator>
                                            </ProbeResidual>
                                            <RelOp NodeId="14" PhysicalOp="Compute Scalar" LogicalOp="Compute Scalar" EstimateRows="500" EstimateIO="0" EstimateCPU="5e-005" AvgRowSize="4067" EstimatedTotalSubtreeCost="0.000550157" Parallel="0" EstimateRebinds="0" EstimateRewinds="0" EstimatedExecutionMode="Row">
                                              <OutputList>
                                                <ColumnReference Table="[DM_HADR_INTERNAL_AVAILABILITY_REPLICA_STATES]" Column="replica_id" />
                                                <ColumnReference Table="[DM_HADR_INTERNAL_AVAILABILITY_REPLICA_STATES]" Column="group_id" />
                                                <ColumnReference Column="Expr1100" />
                                              </OutputList>
                                              <ComputeScalar>
                                                <DefinedValues>
                                                  <DefinedValue>
                                                    <ColumnReference Column="Expr1100" />
                                                    <ScalarOperator ScalarString="CONVERT_IMPLICIT(nvarchar(max),CASE WHEN DM_HADR_INTERNAL_AVAILABILITY_REPLICA_STATES.[role]=(0) THEN N'RESOLVING' ELSE CASE WHEN DM_HADR_INTERNAL_AVAILABILITY_REPLICA_STATES.[role]=(1) THEN N'PRIMARY' ELSE CASE WHEN DM_HADR_INTERNAL_AVAILABILITY_REPLICA_STATES.[role]=(2) THEN N'SECONDARY' ELSE CASE WHEN DM_HADR_INTERNAL_AVAILABILITY_REPLICA_STATES.[role]=(3) THEN N'INVALID' ELSE NULL END END END END,0)">
                                                      <Convert DataType="nvarchar(max)" Length="2147483647" Style="0" Implicit="1">
                                                        <ScalarOperator>
                                                          <IF>
                                                            <Condition>
                                                              <ScalarOperator>
                                                                <Compare CompareOp="EQ">
                                                                  <ScalarOperator>
                                                                    <Identifier>
                                                                      <ColumnReference Table="[DM_HADR_INTERNAL_AVAILABILITY_REPLICA_STATES]" Column="role" />
                                                                    </Identifier>
                                                                  </ScalarOperator>
                                                                  <ScalarOperator>
                                                                    <Const ConstValue="(0)" />
                                                                  </ScalarOperator>
                                                                </Compare>
                                                              </ScalarOperator>
                                                            </Condition>
                                                            <Then>
                                                              <ScalarOperator>
                                                                <Const ConstValue="N'RESOLVING'" />
                                                              </ScalarOperator>
                                                            </Then>
                                                            <Else>
                                                              <ScalarOperator>
                                                                <IF>
                                                                  <Condition>
                                                                    <ScalarOperator>
                                                                      <Compare CompareOp="EQ">
                                                                        <ScalarOperator>
                                                                          <Identifier>
                                                                            <ColumnReference Table="[DM_HADR_INTERNAL_AVAILABILITY_REPLICA_STATES]" Column="role" />
                                                                          </Identifier>
                                                                        </ScalarOperator>
                                                                        <ScalarOperator>
                                                                          <Const ConstValue="(1)" />
                                                                        </ScalarOperator>
                                                                      </Compare>
                                                                    </ScalarOperator>
                                                                  </Condition>
                                                                  <Then>
                                                                    <ScalarOperator>
                                                                      <Const ConstValue="N'PRIMARY'" />
                                                                    </ScalarOperator>
                                                                  </Then>
                                                                  <Else>
                                                                    <ScalarOperator>
                                                                      <IF>
                                                                        <Condition>
                                                                          <ScalarOperator>
                                                                            <Compare CompareOp="EQ">
                                                                              <ScalarOperator>
                                                                                <Identifier>
                                                                                  <ColumnReference Table="[DM_HADR_INTERNAL_AVAILABILITY_REPLICA_STATES]" Column="role" />
                                                                                </Identifier>
                                                                              </ScalarOperator>
                                                                              <ScalarOperator>
                                                                                <Const ConstValue="(2)" />
                                                                              </ScalarOperator>
                                                                            </Compare>
                                                                          </ScalarOperator>
                                                                        </Condition>
                                                                        <Then>
                                                                          <ScalarOperator>
                                                                            <Const ConstValue="N'SECONDARY'" />
                                                                          </ScalarOperator>
                                                                        </Then>
                                                                        <Else>
                                                                          <ScalarOperator>
                                                                            <IF>
                                                                              <Condition>
                                                                                <ScalarOperator>
                                                                                  <Compare CompareOp="EQ">
                                                                                    <ScalarOperator>
                                                                                      <Identifier>
                                                                                        <ColumnReference Table="[DM_HADR_INTERNAL_AVAILABILITY_REPLICA_STATES]" Column="role" />
                                                                                      </Identifier>
                                                                                    </ScalarOperator>
                                                                                    <ScalarOperator>
                                                                                      <Const ConstValue="(3)" />
                                                                                    </ScalarOperator>
                                                                                  </Compare>
                                                                                </ScalarOperator>
                                                                              </Condition>
                                                                              <Then>
                                                                                <ScalarOperator>
                                                                                  <Const ConstValue="N'INVALID'" />
                                                                                </ScalarOperator>
                                                                              </Then>
                                                                              <Else>
                                                                                <ScalarOperator>
                                                                                  <Const ConstValue="NULL" />
                                                                                </ScalarOperator>
                                                                              </Else>
                                                                            </IF>
                                                                          </ScalarOperator>
                                                                        </Else>
                                                                      </IF>
                                                                    </ScalarOperator>
                                                                  </Else>
                                                                </IF>
                                                              </ScalarOperator>
                                                            </Else>
                                                          </IF>
                                                        </ScalarOperator>
                                                      </Convert>
                                                    </ScalarOperator>
                                                  </DefinedValue>
                                                </DefinedValues>
                                                <RelOp NodeId="15" PhysicalOp="Table-valued function" LogicalOp="Table-valued function" EstimateRows="500" EstimateIO="0" EstimateCPU="0.000500157" AvgRowSize="40" EstimatedTotalSubtreeCost="0.000500157" Parallel="0" EstimateRebinds="0" EstimateRewinds="0" EstimatedExecutionMode="Row">
                                                  <OutputList>
                                                    <ColumnReference Table="[DM_HADR_INTERNAL_AVAILABILITY_REPLICA_STATES]" Column="replica_id" />
                                                    <ColumnReference Table="[DM_HADR_INTERNAL_AVAILABILITY_REPLICA_STATES]" Column="group_id" />
                                                    <ColumnReference Table="[DM_HADR_INTERNAL_AVAILABILITY_REPLICA_STATES]" Column="role" />
                                                  </OutputList>
                                                  <TableValuedFunction>
                                                    <DefinedValues>
                                                      <DefinedValue>
                                                        <ColumnReference Table="[DM_HADR_INTERNAL_AVAILABILITY_REPLICA_STATES]" Column="replica_id" />
                                                      </DefinedValue>
                                                      <DefinedValue>
                                                        <ColumnReference Table="[DM_HADR_INTERNAL_AVAILABILITY_REPLICA_STATES]" Column="group_id" />
                                                      </DefinedValue>
                                                      <DefinedValue>
                                                        <ColumnReference Table="[DM_HADR_INTERNAL_AVAILABILITY_REPLICA_STATES]" Column="role" />
                                                      </DefinedValue>
                                                    </DefinedValues>
                                                    <Object Table="[DM_HADR_INTERNAL_AVAILABILITY_REPLICA_STATES]" />
                                                  </TableValuedFunction>
                                                </RelOp>
                                              </ComputeScalar>
                                            </RelOp>
                                            <RelOp NodeId="19" PhysicalOp="Hash Match" LogicalOp="Inner Join" EstimateRows="1057.37" EstimateIO="0" EstimateCPU="0.291412" AvgRowSize="4071" EstimatedTotalSubtreeCost="0.3107" Parallel="0" EstimateRebinds="0" EstimateRewinds="0" EstimatedExecutionMode="Row">
                                              <OutputList>
                                                <ColumnReference Database="[master]" Schema="[sys]" Table="[sysdbreg]" Alias="[d]" Column="id" />
                                                <ColumnReference Database="[master]" Schema="[sys]" Table="[sysguidrefs]" Alias="[sgr]" Column="guid" />
                                                <ColumnReference Table="[DM_AVAILABILITY_GROUPS]" Column="group_id" />
                                                <ColumnReference Column="Expr1099" />
                                              </OutputList>
                                              <MemoryFractions Input="0.0534835" Output="0.0534835" />
                                              <Hash>
                                                <DefinedValues />
                                                <HashKeysBuild>
                                                  <ColumnReference Table="[DM_AVAILABILITY_GROUPS]" Column="group_id" />
                                                </HashKeysBuild>
                                                <HashKeysProbe>
                                                  <ColumnReference Table="[DM_AVAILABILITY_DATABASES_CLUSTER]" Column="group_id" />
                                                </HashKeysProbe>
                                                <ProbeResidual>
                                                  <ScalarOperator ScalarString="DM_AVAILABILITY_DATABASES_CLUSTER.[group_id]=DM_AVAILABILITY_GROUPS.[group_id]">
                                                    <Compare CompareOp="EQ">
                                                      <ScalarOperator>
                                                        <Identifier>
                                                          <ColumnReference Table="[DM_AVAILABILITY_DATABASES_CLUSTER]" Column="group_id" />
                                                        </Identifier>
                                                      </ScalarOperator>
                                                      <ScalarOperator>
                                                        <Identifier>
                                                          <ColumnReference Table="[DM_AVAILABILITY_GROUPS]" Column="group_id" />
                                                        </Identifier>
                                                      </ScalarOperator>
                                                    </Compare>
                                                  </ScalarOperator>
                                                </ProbeResidual>
                                                <RelOp NodeId="20" PhysicalOp="Compute Scalar" LogicalOp="Compute Scalar" EstimateRows="100" EstimateIO="0" EstimateCPU="1e-005" AvgRowSize="4051" EstimatedTotalSubtreeCost="0.000110157" Parallel="0" EstimateRebinds="0" EstimateRewinds="0" EstimatedExecutionMode="Row">
                                                  <OutputList>
                                                    <ColumnReference Table="[DM_AVAILABILITY_GROUPS]" Column="group_id" />
                                                    <ColumnReference Column="Expr1099" />
                                                  </OutputList>
                                                  <ComputeScalar>
                                                    <DefinedValues>
                                                      <DefinedValue>
                                                        <ColumnReference Column="Expr1099" />
                                                        <ScalarOperator ScalarString="CONVERT_IMPLICIT(nvarchar(max),CONVERT(nvarchar(128),DM_AVAILABILITY_GROUPS.[name],0),0)">
                                                          <Convert DataType="nvarchar(max)" Length="2147483647" Style="0" Implicit="1">
                                                            <ScalarOperator>
                                                              <Convert DataType="nvarchar" Length="256" Style="0" Implicit="0">
                                                                <ScalarOperator>
                                                                  <Identifier>
                                                                    <ColumnReference Table="[DM_AVAILABILITY_GROUPS]" Column="name" />
                                                                  </Identifier>
                                                                </ScalarOperator>
                                                              </Convert>
                                                            </ScalarOperator>
                                                          </Convert>
                                                        </ScalarOperator>
                                                      </DefinedValue>
                                                    </DefinedValues>
                                                    <RelOp NodeId="21" PhysicalOp="Table-valued function" LogicalOp="Table-valued function" EstimateRows="100" EstimateIO="0" EstimateCPU="0.000100157" AvgRowSize="155" EstimatedTotalSubtreeCost="0.000100157" Parallel="0" EstimateRebinds="0" EstimateRewinds="0" EstimatedExecutionMode="Row">
                                                      <OutputList>
                                                        <ColumnReference Table="[DM_AVAILABILITY_GROUPS]" Column="group_id" />
                                                        <ColumnReference Table="[DM_AVAILABILITY_GROUPS]" Column="name" />
                                                      </OutputList>
                                                      <TableValuedFunction>
                                                        <DefinedValues>
                                                          <DefinedValue>
                                                            <ColumnReference Table="[DM_AVAILABILITY_GROUPS]" Column="group_id" />
                                                          </DefinedValue>
                                                          <DefinedValue>
                                                            <ColumnReference Table="[DM_AVAILABILITY_GROUPS]" Column="name" />
                                                          </DefinedValue>
                                                        </DefinedValues>
                                                        <Object Table="[DM_AVAILABILITY_GROUPS]" />
                                                      </TableValuedFunction>
                                                    </RelOp>
                                                  </ComputeScalar>
                                                </RelOp>
                                                <RelOp NodeId="25" PhysicalOp="Nested Loops" LogicalOp="Inner Join" EstimateRows="105.737" EstimateIO="0" EstimateCPU="0.00209" AvgRowSize="43" EstimatedTotalSubtreeCost="0.0191755" Parallel="0" EstimateRebinds="0" EstimateRewinds="0" EstimatedExecutionMode="Row">
                                                  <OutputList>
                                                    <ColumnReference Database="[master]" Schema="[sys]" Table="[sysdbreg]" Alias="[d]" Column="id" />
                                                    <ColumnReference Database="[master]" Schema="[sys]" Table="[sysguidrefs]" Alias="[sgr]" Column="guid" />
                                                    <ColumnReference Table="[DM_AVAILABILITY_DATABASES_CLUSTER]" Column="group_id" />
                                                  </OutputList>
                                                  <NestedLoops Optimized="0">
                                                    <Predicate>
                                                      <ScalarOperator ScalarString="[master].[sys].[sysguidrefs].[guid] as [sgr2].[guid]=DM_AVAILABILITY_DATABASES_CLUSTER.[group_database_id]">
                                                        <Compare CompareOp="EQ">
                                                          <ScalarOperator>
                                                            <Identifier>
                                                              <ColumnReference Database="[master]" Schema="[sys]" Table="[sysguidrefs]" Alias="[sgr2]" Column="guid" />
                                                            </Identifier>
                                                          </ScalarOperator>
                                                          <ScalarOperator>
                                                            <Identifier>
                                                              <ColumnReference Table="[DM_AVAILABILITY_DATABASES_CLUSTER]" Column="group_database_id" />
                                                            </Identifier>
                                                          </ScalarOperator>
                                                        </Compare>
                                                      </ScalarOperator>
                                                    </Predicate>
                                                    <RelOp NodeId="26" PhysicalOp="Nested Loops" LogicalOp="Inner Join" EstimateRows="1" EstimateIO="0" EstimateCPU="4.18e-006" AvgRowSize="43" EstimatedTotalSubtreeCost="0.0164354" Parallel="0" EstimateRebinds="0" EstimateRewinds="0" EstimatedExecutionMode="Row">
                                                      <OutputList>
                                                        <ColumnReference Database="[master]" Schema="[sys]" Table="[sysdbreg]" Alias="[d]" Column="id" />
                                                        <ColumnReference Database="[master]" Schema="[sys]" Table="[sysguidrefs]" Alias="[sgr]" Column="guid" />
                                                        <ColumnReference Database="[master]" Schema="[sys]" Table="[sysguidrefs]" Alias="[sgr2]" Column="guid" />
                                                      </OutputList>
                                                      <NestedLoops Optimized="0">
                                                        <OuterReferences>
                                                          <ColumnReference Database="[master]" Schema="[sys]" Table="[sysguidrefs]" Alias="[sgr2]" Column="id" />
                                                        </OuterReferences>
                                                        <RelOp NodeId="27" PhysicalOp="Nested Loops" LogicalOp="Inner Join" EstimateRows="1" EstimateIO="0" EstimateCPU="4.18e-006" AvgRowSize="47" EstimatedTotalSubtreeCost="0.0131481" Parallel="0" EstimateRebinds="0" EstimateRewinds="0" EstimatedExecutionMode="Row">
                                                          <OutputList>
                                                            <ColumnReference Database="[master]" Schema="[sys]" Table="[sysdbreg]" Alias="[d]" Column="id" />
                                                            <ColumnReference Database="[master]" Schema="[sys]" Table="[sysguidrefs]" Alias="[sgr]" Column="guid" />
                                                            <ColumnReference Database="[master]" Schema="[sys]" Table="[sysguidrefs]" Alias="[sgr2]" Column="id" />
                                                            <ColumnReference Database="[master]" Schema="[sys]" Table="[sysguidrefs]" Alias="[sgr2]" Column="guid" />
                                                          </OutputList>
                                                          <NestedLoops Optimized="0">
                                                            <OuterReferences>
                                                              <ColumnReference Database="[master]" Schema="[sys]" Table="[sysguidrefs]" Alias="[sgr2]" Column="id" />
                                                            </OuterReferences>
                                                            <RelOp NodeId="28" PhysicalOp="Nested Loops" LogicalOp="Inner Join" EstimateRows="1" EstimateIO="0" EstimateCPU="4.18e-006" AvgRowSize="31" EstimatedTotalSubtreeCost="0.0098608" Parallel="0" EstimateRebinds="0" EstimateRewinds="0" EstimatedExecutionMode="Row">
                                                              <OutputList>
                                                                <ColumnReference Database="[master]" Schema="[sys]" Table="[sysdbreg]" Alias="[d]" Column="id" />
                                                                <ColumnReference Database="[master]" Schema="[sys]" Table="[sysguidrefs]" Alias="[sgr2]" Column="id" />
                                                                <ColumnReference Database="[master]" Schema="[sys]" Table="[sysguidrefs]" Alias="[sgr2]" Column="guid" />
                                                              </OutputList>
                                                              <NestedLoops Optimized="0">
                                                                <OuterReferences>
                                                                  <ColumnReference Database="[master]" Schema="[sys]" Table="[syssingleobjrefs]" Alias="[agdb]" Column="depid" />
                                                                  <ColumnReference Database="[master]" Schema="[sys]" Table="[syssingleobjrefs]" Alias="[agdb]" Column="indepid" />
                                                                </OuterReferences>
                                                                <RelOp NodeId="29" PhysicalOp="Nested Loops" LogicalOp="Inner Join" EstimateRows="1" EstimateIO="0" EstimateCPU="4.18e-006" AvgRowSize="19" EstimatedTotalSubtreeCost="0.00657304" Parallel="0" EstimateRebinds="0" EstimateRewinds="0" EstimatedExecutionMode="Row">
                                                                  <OutputList>
                                                                    <ColumnReference Database="[master]" Schema="[sys]" Table="[sysdbreg]" Alias="[d]" Column="id" />
                                                                    <ColumnReference Database="[master]" Schema="[sys]" Table="[syssingleobjrefs]" Alias="[agdb]" Column="depid" />
                                                                    <ColumnReference Database="[master]" Schema="[sys]" Table="[syssingleobjrefs]" Alias="[agdb]" Column="indepid" />
                                                                  </OutputList>
                                                                  <NestedLoops Optimized="0">
                                                                    <OuterReferences>
                                                                      <ColumnReference Database="[master]" Schema="[sys]" Table="[sysdbreg]" Alias="[d]" Column="id" />
                                                                    </OuterReferences>
                                                                    <RelOp NodeId="30" PhysicalOp="Filter" LogicalOp="Filter" EstimateRows="1" EstimateIO="0" EstimateCPU="2.18e-006" AvgRowSize="11" EstimatedTotalSubtreeCost="0.00328528" Parallel="0" EstimateRebinds="0" EstimateRewinds="0" EstimatedExecutionMode="Row">
                                                                      <OutputList>
                                                                        <ColumnReference Database="[master]" Schema="[sys]" Table="[sysdbreg]" Alias="[d]" Column="id" />
                                                                      </OutputList>
                                                                      <Filter StartupExpression="0">
                                                                        <RelOp NodeId="31" PhysicalOp="Nested Loops" LogicalOp="Inner Join" EstimateRows="1" EstimateIO="0.003125" EstimateCPU="0.0001581" AvgRowSize="26" EstimatedTotalSubtreeCost="0.0032831" TableCardinality="9" Parallel="0" EstimateRebinds="0" EstimateRewinds="0" EstimatedExecutionMode="Row">
                                                                          <OutputList>
                                                                            <ColumnReference Database="[master]" Schema="[sys]" Table="[sysdbreg]" Alias="[d]" Column="id" />
                                                                            <ColumnReference Database="[master]" Schema="[sys]" Table="[sysdbreg]" Alias="[d]" Column="name" />
                                                                          </OutputList>
                                                                          <NestedLoops Optimized="0">
                                                                            <OuterReferences>
                                                                              <ColumnReference Column="Expr1117" />
                                                                              <ColumnReference Column="Expr1118" />
                                                                              <ColumnReference Column="Expr1116" />
                                                                            </OuterReferences>
                                                                            <RelOp NodeId="32" PhysicalOp="Compute Scalar" LogicalOp="Compute Scalar" EstimateRows="1" EstimateIO="0" EstimateCPU="0" AvgRowSize="273" EstimatedTotalSubtreeCost="0" Parallel="0" EstimateRebinds="0" EstimateRewinds="0" EstimatedExecutionMode="Row">
                                                                              <OutputList>
                                                                                <ColumnReference Column="Expr1117" />
                                                                                <ColumnReference Column="Expr1118" />
                                                                                <ColumnReference Column="Expr1116" />
                                                                              </OutputList>
                                                                              <ComputeScalar>
                                                                                <DefinedValues>
                                                                                  <DefinedValue>
                                                                                    <ValueVector>
                                                                                      <ColumnReference Column="Expr1117" />
                                                                                      <ColumnReference Column="Expr1118" />
                                                                                      <ColumnReference Column="Expr1116" />
                                                                                    </ValueVector>
                                                                                    <ScalarOperator ScalarString="GetRangeWithMismatchedTypes([@CurrentDatabaseName],[@CurrentDatabaseName],(62))">
                                                                                      <Intrinsic FunctionName="GetRangeWithMismatchedTypes">
                                                                                        <ScalarOperator>
                                                                                          <Identifier>
                                                                                            <ColumnReference Column="@CurrentDatabaseName" />
                                                                                          </Identifier>
                                                                                        </ScalarOperator>
                                                                                        <ScalarOperator>
                                                                                          <Identifier>
                                                                                            <ColumnReference Column="@CurrentDatabaseName" />
                                                                                          </Identifier>
                                                                                        </ScalarOperator>
                                                                                        <ScalarOperator>
                                                                                          <Const ConstValue="(62)" />
                                                                                        </ScalarOperator>
                                                                                      </Intrinsic>
                                                                                    </ScalarOperator>
                                                                                  </DefinedValue>
                                                                                </DefinedValues>
                                                                                <RelOp NodeId="33" PhysicalOp="Constant Scan" LogicalOp="Constant Scan" EstimateRows="1" EstimateIO="0" EstimateCPU="0" AvgRowSize="0" EstimatedTotalSubtreeCost="0" Parallel="0" EstimateRebinds="0" EstimateRewinds="0" EstimatedExecutionMode="Row">
                                                                                  <OutputList />
                                                                                  <ConstantScan />
                                                                                </RelOp>
                                                                              </ComputeScalar>
                                                                            </RelOp>
                                                                            <RelOp NodeId="37" PhysicalOp="Index Seek" LogicalOp="Index Seek" EstimateRows="1" EstimateIO="0.003125" EstimateCPU="0.0001581" AvgRowSize="26" EstimatedTotalSubtreeCost="0.0032831" TableCardinality="9" Parallel="0" EstimateRebinds="0" EstimateRewinds="0" EstimatedExecutionMode="Row">
                                                                              <OutputList>
                                                                                <ColumnReference Database="[master]" Schema="[sys]" Table="[sysdbreg]" Alias="[d]" Column="id" />
                                                                                <ColumnReference Database="[master]" Schema="[sys]" Table="[sysdbreg]" Alias="[d]" Column="name" />
                                                                              </OutputList>
                                                                              <IndexScan Ordered="1" ScanDirection="FORWARD" ForcedIndex="0" ForceSeek="0" ForceScan="0" NoExpandHint="0" Storage="RowStore">
                                                                                <DefinedValues>
                                                                                  <DefinedValue>
                                                                                    <ColumnReference Database="[master]" Schema="[sys]" Table="[sysdbreg]" Alias="[d]" Column="id" />
                                                                                  </DefinedValue>
                                                                                  <DefinedValue>
                                                                                    <ColumnReference Database="[master]" Schema="[sys]" Table="[sysdbreg]" Alias="[d]" Column="name" />
                                                                                  </DefinedValue>
                                                                                </DefinedValues>
                                                                                <Object Database="[master]" Schema="[sys]" Table="[sysdbreg]" Index="[nc1]" Alias="[d]" IndexKind="NonClustered" />
                                                                                <SeekPredicates>
                                                                                  <SeekPredicateNew>
                                                                                    <SeekKeys>
                                                                                      <StartRange ScanType="GT">
                                                                                        <RangeColumns>
                                                                                          <ColumnReference Database="[master]" Schema="[sys]" Table="[sysdbreg]" Alias="[d]" Column="name" />
                                                                                        </RangeColumns>
                                                                                        <RangeExpressions>
                                                                                          <ScalarOperator ScalarString="[Expr1117]">
                                                                                            <Identifier>
                                                                                              <ColumnReference Column="Expr1117" />
                                                                                            </Identifier>
                                                                                          </ScalarOperator>
                                                                                        </RangeExpressions>
                                                                                      </StartRange>
                                                                                      <EndRange ScanType="LT">
                                                                                        <RangeColumns>
                                                                                          <ColumnReference Database="[master]" Schema="[sys]" Table="[sysdbreg]" Alias="[d]" Column="name" />
                                                                                        </RangeColumns>
                                                                                        <RangeExpressions>
                                                                                          <ScalarOperator ScalarString="[Expr1118]">
                                                                                            <Identifier>
                                                                                              <ColumnReference Column="Expr1118" />
                                                                                            </Identifier>
                                                                                          </ScalarOperator>
                                                                                        </RangeExpressions>
                                                                                      </EndRange>
                                                                                    </SeekKeys>
                                                                                  </SeekPredicateNew>
                                                                                </SeekPredicates>
                                                                                <Predicate>
                                                                                  <ScalarOperator ScalarString="[master].[sys].[sysdbreg].[id] as [d].[id]&lt;(32767)">
                                                                                    <Compare CompareOp="LT">
                                                                                      <ScalarOperator>
                                                                                        <Identifier>
                                                                                          <ColumnReference Database="[master]" Schema="[sys]" Table="[sysdbreg]" Alias="[d]" Column="id" />
                                                                                        </Identifier>
                                                                                      </ScalarOperator>
                                                                                      <ScalarOperator>
                                                                                        <Const ConstValue="(32767)" />
                                                                                      </ScalarOperator>
                                                                                    </Compare>
                                                                                  </ScalarOperator>
                                                                                </Predicate>
                                                                              </IndexScan>
                                                                            </RelOp>
                                                                          </NestedLoops>
                                                                        </RelOp>
                                                                        <Predicate>
                                                                          <ScalarOperator ScalarString="[master].[sys].[sysdbreg].[name] as [d].[name]=[@CurrentDatabaseName] AND has_access('DB',CASE WHEN serverproperty('EngineEdition')=5 THEN CONVERT_IMPLICIT(int,db_id(),0) ELSE [master].[sys].[sysdbreg].[id] as [d].[id] END)=(1)">
                                                                            <Logical Operation="AND">
                                                                              <ScalarOperator>
                                                                                <Compare CompareOp="EQ">
                                                                                  <ScalarOperator>
                                                                                    <Identifier>
                                                                                      <ColumnReference Database="[master]" Schema="[sys]" Table="[sysdbreg]" Alias="[d]" Column="name" />
                                                                                    </Identifier>
                                                                                  </ScalarOperator>
                                                                                  <ScalarOperator>
                                                                                    <Identifier>
                                                                                      <ColumnReference Column="@CurrentDatabaseName" />
                                                                                    </Identifier>
                                                                                  </ScalarOperator>
                                                                                </Compare>
                                                                              </ScalarOperator>
                                                                              <ScalarOperator>
                                                                                <Compare CompareOp="EQ">
                                                                                  <ScalarOperator>
                                                                                    <Intrinsic FunctionName="has_access">
                                                                                      <ScalarOperator>
                                                                                        <Const ConstValue="'DB'" />
                                                                                      </ScalarOperator>
                                                                                      <ScalarOperator>
                                                                                        <IF>
                                                                                          <Condition>
                                                                                            <ScalarOperator>
                                                                                              <Compare CompareOp="EQ">
                                                                                                <ScalarOperator>
                                                                                                  <Identifier>
                                                                                                    <ColumnReference Column="ConstExpr1101">
                                                                                                      <ScalarOperator>
                                                                                                        <Intrinsic FunctionName="serverproperty">
                                                                                                          <ScalarOperator>
                                                                                                            <Const ConstValue="'EngineEdition'" />
                                                                                                          </ScalarOperator>
                                                                                                        </Intrinsic>
                                                                                                      </ScalarOperator>
                                                                                                    </ColumnReference>
                                                                                                  </Identifier>
                                                                                                </ScalarOperator>
                                                                                                <ScalarOperator>
                                                                                                  <Const ConstValue="5" />
                                                                                                </ScalarOperator>
                                                                                              </Compare>
                                                                                            </ScalarOperator>
                                                                                          </Condition>
                                                                                          <Then>
                                                                                            <ScalarOperator>
                                                                                              <Convert DataType="int" Style="0" Implicit="1">
                                                                                                <ScalarOperator>
                                                                                                  <Identifier>
                                                                                                    <ColumnReference Column="ConstExpr1102">
                                                                                                      <ScalarOperator>
                                                                                                        <Intrinsic FunctionName="db_id">
                                                                                                          <ScalarOperator>
                                                                                                            <Const ConstValue="" />
                                                                                                          </ScalarOperator>
                                                                                                        </Intrinsic>
                                                                                                      </ScalarOperator>
                                                                                                    </ColumnReference>
                                                                                                  </Identifier>
                                                                                                </ScalarOperator>
                                                                                              </Convert>
                                                                                            </ScalarOperator>
                                                                                          </Then>
                                                                                          <Else>
                                                                                            <ScalarOperator>
                                                                                              <Identifier>
                                                                                                <ColumnReference Database="[master]" Schema="[sys]" Table="[sysdbreg]" Alias="[d]" Column="id" />
                                                                                              </Identifier>
                                                                                            </ScalarOperator>
                                                                                          </Else>
                                                                                        </IF>
                                                                                      </ScalarOperator>
                                                                                      <ScalarOperator>
                                                                                        <Const ConstValue="" />
                                                                                      </ScalarOperator>
                                                                                      <ScalarOperator>
                                                                                        <Const ConstValue="" />
                                                                                      </ScalarOperator>
                                                                                    </Intrinsic>
                                                                                  </ScalarOperator>
                                                                                  <ScalarOperator>
                                                                                    <Const ConstValue="(1)" />
                                                                                  </ScalarOperator>
                                                                                </Compare>
                                                                              </ScalarOperator>
                                                                            </Logical>
                                                                          </ScalarOperator>
                                                                        </Predicate>
                                                                      </Filter>
                                                                    </RelOp>
                                                                    <RelOp NodeId="39" PhysicalOp="Clustered Index Seek" LogicalOp="Clustered Index Seek" EstimateRows="1" EstimateIO="0.003125" EstimateCPU="0.0001581" AvgRowSize="15" EstimatedTotalSubtreeCost="0.0032831" TableCardinality="193" Parallel="0" EstimateRebinds="0" EstimateRewinds="0" EstimatedExecutionMode="Row">
                                                                      <OutputList>
                                                                        <ColumnReference Database="[master]" Schema="[sys]" Table="[syssingleobjrefs]" Alias="[agdb]" Column="depid" />
                                                                        <ColumnReference Database="[master]" Schema="[sys]" Table="[syssingleobjrefs]" Alias="[agdb]" Column="indepid" />
                                                                      </OutputList>
                                                                      <IndexScan Ordered="1" ScanDirection="FORWARD" ForcedIndex="0" ForceSeek="0" ForceScan="0" NoExpandHint="0" Storage="RowStore">
                                                                        <DefinedValues>
                                                                          <DefinedValue>
                                                                            <ColumnReference Database="[master]" Schema="[sys]" Table="[syssingleobjrefs]" Alias="[agdb]" Column="depid" />
                                                                          </DefinedValue>
                                                                          <DefinedValue>
                                                                            <ColumnReference Database="[master]" Schema="[sys]" Table="[syssingleobjrefs]" Alias="[agdb]" Column="indepid" />
                                                                          </DefinedValue>
                                                                        </DefinedValues>
                                                                        <Object Database="[master]" Schema="[sys]" Table="[syssingleobjrefs]" Index="[clst]" Alias="[agdb]" IndexKind="Clustered" />
                                                                        <SeekPredicates>
                                                                          <SeekPredicateNew>
                                                                            <SeekKeys>
                                                                              <Prefix ScanType="EQ">
                                                                                <RangeColumns>
                                                                                  <ColumnReference Database="[master]" Schema="[sys]" Table="[syssingleobjrefs]" Alias="[agdb]" Column="depid" />
                                                                                  <ColumnReference Database="[master]" Schema="[sys]" Table="[syssingleobjrefs]" Alias="[agdb]" Column="class" />
                                                                                  <ColumnReference Database="[master]" Schema="[sys]" Table="[syssingleobjrefs]" Alias="[agdb]" Column="depsubid" />
                                                                                </RangeColumns>
                                                                                <RangeExpressions>
                                                                                  <ScalarOperator ScalarString="[master].[sys].[sysdbreg].[id] as [d].[id]">
                                                                                    <Identifier>
                                                                                      <ColumnReference Database="[master]" Schema="[sys]" Table="[sysdbreg]" Alias="[d]" Column="id" />
                                                                                    </Identifier>
                                                                                  </ScalarOperator>
                                                                                  <ScalarOperator ScalarString="(104)">
                                                                                    <Const ConstValue="(104)" />
                                                                                  </ScalarOperator>
                                                                                  <ScalarOperator ScalarString="(0)">
                                                                                    <Const ConstValue="(0)" />
                                                                                  </ScalarOperator>
                                                                                </RangeExpressions>
                                                                              </Prefix>
                                                                            </SeekKeys>
                                                                          </SeekPredicateNew>
                                                                        </SeekPredicates>
                                                                        <Predicate>
                                                                          <ScalarOperator ScalarString="[master].[sys].[syssingleobjrefs].[depid] as [agdb].[depid]&lt;(32767)">
                                                                            <Compare CompareOp="LT">
                                                                              <ScalarOperator>
                                                                                <Identifier>
                                                                                  <ColumnReference Database="[master]" Schema="[sys]" Table="[syssingleobjrefs]" Alias="[agdb]" Column="depid" />
                                                                                </Identifier>
                                                                              </ScalarOperator>
                                                                              <ScalarOperator>
                                                                                <Const ConstValue="(32767)" />
                                                                              </ScalarOperator>
                                                                            </Compare>
                                                                          </ScalarOperator>
                                                                        </Predicate>
                                                                      </IndexScan>
                                                                    </RelOp>
                                                                  </NestedLoops>
                                                                </RelOp>
                                                                <RelOp NodeId="40" PhysicalOp="Clustered Index Seek" LogicalOp="Clustered Index Seek" EstimateRows="1" EstimateIO="0.003125" EstimateCPU="0.0001581" AvgRowSize="31" EstimatedTotalSubtreeCost="0.0032831" TableCardinality="6" Parallel="0" EstimateRebinds="0" EstimateRewinds="0" EstimatedExecutionMode="Row">
                                                                  <OutputList>
                                                                    <ColumnReference Database="[master]" Schema="[sys]" Table="[sysguidrefs]" Alias="[sgr2]" Column="id" />
                                                                    <ColumnReference Database="[master]" Schema="[sys]" Table="[sysguidrefs]" Alias="[sgr2]" Column="guid" />
                                                                  </OutputList>
                                                                  <IndexScan Ordered="1" ScanDirection="FORWARD" ForcedIndex="0" ForceSeek="0" ForceScan="0" NoExpandHint="0" Storage="RowStore">
                                                                    <DefinedValues>
                                                                      <DefinedValue>
                                                                        <ColumnReference Database="[master]" Schema="[sys]" Table="[sysguidrefs]" Alias="[sgr2]" Column="id" />
                                                                      </DefinedValue>
                                                                      <DefinedValue>
                                                                        <ColumnReference Database="[master]" Schema="[sys]" Table="[sysguidrefs]" Alias="[sgr2]" Column="guid" />
                                                                      </DefinedValue>
                                                                    </DefinedValues>
                                                                    <Object Database="[master]" Schema="[sys]" Table="[sysguidrefs]" Index="[cl]" Alias="[sgr2]" IndexKind="Clustered" />
                                                                    <SeekPredicates>
                                                                      <SeekPredicateNew>
                                                                        <SeekKeys>
                                                                          <Prefix ScanType="EQ">
                                                                            <RangeColumns>
                                                                              <ColumnReference Database="[master]" Schema="[sys]" Table="[sysguidrefs]" Alias="[sgr2]" Column="id" />
                                                                              <ColumnReference Database="[master]" Schema="[sys]" Table="[sysguidrefs]" Alias="[sgr2]" Column="class" />
                                                                              <ColumnReference Database="[master]" Schema="[sys]" Table="[sysguidrefs]" Alias="[sgr2]" Column="subid" />
                                                                            </RangeColumns>
                                                                            <RangeExpressions>
                                                                              <ScalarOperator ScalarString="[master].[sys].[syssingleobjrefs].[indepid] as [agdb].[indepid]">
                                                                                <Identifier>
                                                                                  <ColumnReference Database="[master]" Schema="[sys]" Table="[syssingleobjrefs]" Alias="[agdb]" Column="indepid" />
                                                                                </Identifier>
                                                                              </ScalarOperator>
                                                                              <ScalarOperator ScalarString="(9)">
                                                                                <Const ConstValue="(9)" />
                                                                              </ScalarOperator>
                                                                              <ScalarOperator ScalarString="[master].[sys].[syssingleobjrefs].[depid] as [agdb].[depid]">
                                                                                <Identifier>
                                                                                  <ColumnReference Database="[master]" Schema="[sys]" Table="[syssingleobjrefs]" Alias="[agdb]" Column="depid" />
                                                                                </Identifier>
                                                                              </ScalarOperator>
                                                                            </RangeExpressions>
                                                                          </Prefix>
                                                                        </SeekKeys>
                                                                      </SeekPredicateNew>
                                                                    </SeekPredicates>
                                                                    <Predicate>
                                                                      <ScalarOperator ScalarString="[master].[sys].[sysguidrefs].[subid] as [sgr2].[subid]&lt;(32767)">
                                                                        <Compare CompareOp="LT">
                                                                          <ScalarOperator>
                                                                            <Identifier>
                                                                              <ColumnReference Database="[master]" Schema="[sys]" Table="[sysguidrefs]" Alias="[sgr2]" Column="subid" />
                                                                            </Identifier>
                                                                          </ScalarOperator>
                                                                          <ScalarOperator>
                                                                            <Const ConstValue="(32767)" />
                                                                          </ScalarOperator>
                                                                        </Compare>
                                                                      </ScalarOperator>
                                                                    </Predicate>
                                                                  </IndexScan>
                                                                </RelOp>
                                                              </NestedLoops>
                                                            </RelOp>
                                                            <RelOp NodeId="41" PhysicalOp="Clustered Index Seek" LogicalOp="Clustered Index Seek" EstimateRows="1" EstimateIO="0.003125" EstimateCPU="0.0001581" AvgRowSize="23" EstimatedTotalSubtreeCost="0.0032831" TableCardinality="6" Parallel="0" EstimateRebinds="0" EstimateRewinds="0" EstimatedExecutionMode="Row">
                                                              <OutputList>
                                                                <ColumnReference Database="[master]" Schema="[sys]" Table="[sysguidrefs]" Alias="[sgr]" Column="guid" />
                                                              </OutputList>
                                                              <IndexScan Ordered="1" ScanDirection="FORWARD" ForcedIndex="0" ForceSeek="0" ForceScan="0" NoExpandHint="0" Storage="RowStore">
                                                                <DefinedValues>
                                                                  <DefinedValue>
                                                                    <ColumnReference Database="[master]" Schema="[sys]" Table="[sysguidrefs]" Alias="[sgr]" Column="guid" />
                                                                  </DefinedValue>
                                                                </DefinedValues>
                                                                <Object Database="[master]" Schema="[sys]" Table="[sysguidrefs]" Index="[cl]" Alias="[sgr]" IndexKind="Clustered" />
                                                                <SeekPredicates>
                                                                  <SeekPredicateNew>
                                                                    <SeekKeys>
                                                                      <Prefix ScanType="EQ">
                                                                        <RangeColumns>
                                                                          <ColumnReference Database="[master]" Schema="[sys]" Table="[sysguidrefs]" Alias="[sgr]" Column="id" />
                                                                          <ColumnReference Database="[master]" Schema="[sys]" Table="[sysguidrefs]" Alias="[sgr]" Column="class" />
                                                                          <ColumnReference Database="[master]" Schema="[sys]" Table="[sysguidrefs]" Alias="[sgr]" Column="subid" />
                                                                        </RangeColumns>
                                                                        <RangeExpressions>
                                                                          <ScalarOperator ScalarString="[master].[sys].[sysguidrefs].[id] as [sgr2].[id]">
                                                                            <Identifier>
                                                                              <ColumnReference Database="[master]" Schema="[sys]" Table="[sysguidrefs]" Alias="[sgr2]" Column="id" />
                                                                            </Identifier>
                                                                          </ScalarOperator>
                                                                          <ScalarOperator ScalarString="(8)">
                                                                            <Const ConstValue="(8)" />
                                                                          </ScalarOperator>
                                                                          <ScalarOperator ScalarString="(1)">
                                                                            <Const ConstValue="(1)" />
                                                                          </ScalarOperator>
                                                                        </RangeExpressions>
                                                                      </Prefix>
                                                                    </SeekKeys>
                                                                  </SeekPredicateNew>
                                                                </SeekPredicates>
                                                              </IndexScan>
                                                            </RelOp>
                                                          </NestedLoops>
                                                        </RelOp>
                                                        <RelOp NodeId="42" PhysicalOp="Clustered Index Seek" LogicalOp="Clustered Index Seek" EstimateRows="1" EstimateIO="0.003125" EstimateCPU="0.0001581" AvgRowSize="9" EstimatedTotalSubtreeCost="0.0032831" TableCardinality="30" Parallel="0" EstimateRebinds="0" EstimateRewinds="0" EstimatedExecutionMode="Row">
                                                          <OutputList />
                                                          <IndexScan Ordered="1" ScanDirection="FORWARD" ForcedIndex="0" ForceSeek="0" ForceScan="0" NoExpandHint="0" Storage="RowStore">
                                                            <DefinedValues />
                                                            <Object Database="[master]" Schema="[sys]" Table="[sysclsobjs]" Index="[clst]" Alias="[ag]" IndexKind="Clustered" />
                                                            <SeekPredicates>
                                                              <SeekPredicateNew>
                                                                <SeekKeys>
                                                                  <Prefix ScanType="EQ">
                                                                    <RangeColumns>
                                                                      <ColumnReference Database="[master]" Schema="[sys]" Table="[sysclsobjs]" Alias="[ag]" Column="class" />
                                                                      <ColumnReference Database="[master]" Schema="[sys]" Table="[sysclsobjs]" Alias="[ag]" Column="id" />
                                                                    </RangeColumns>
                                                                    <RangeExpressions>
                                                                      <ScalarOperator ScalarString="(67)">
                                                                        <Const ConstValue="(67)" />
                                                                      </ScalarOperator>
                                                                      <ScalarOperator ScalarString="[master].[sys].[sysguidrefs].[id] as [sgr2].[id]">
                                                                        <Identifier>
                                                                          <ColumnReference Database="[master]" Schema="[sys]" Table="[sysguidrefs]" Alias="[sgr2]" Column="id" />
                                                                        </Identifier>
                                                                      </ScalarOperator>
                                                                    </RangeExpressions>
                                                                  </Prefix>
                                                                </SeekKeys>
                                                              </SeekPredicateNew>
                                                            </SeekPredicates>
                                                          </IndexScan>
                                                        </RelOp>
                                                      </NestedLoops>
                                                    </RelOp>
                                                    <RelOp NodeId="43" PhysicalOp="Table-valued function" LogicalOp="Table-valued function" EstimateRows="500" EstimateIO="0" EstimateCPU="0.000500157" AvgRowSize="39" EstimatedTotalSubtreeCost="0.000500157" Parallel="0" EstimateRebinds="0" EstimateRewinds="0" EstimatedExecutionMode="Row">
                                                      <OutputList>
                                                        <ColumnReference Table="[DM_AVAILABILITY_DATABASES_CLUSTER]" Column="group_id" />
                                                        <ColumnReference Table="[DM_AVAILABILITY_DATABASES_CLUSTER]" Column="group_database_id" />
                                                      </OutputList>
                                                      <TableValuedFunction>
                                                        <DefinedValues>
                                                          <DefinedValue>
                                                            <ColumnReference Table="[DM_AVAILABILITY_DATABASES_CLUSTER]" Column="group_id" />
                                                          </DefinedValue>
                                                          <DefinedValue>
                                                            <ColumnReference Table="[DM_AVAILABILITY_DATABASES_CLUSTER]" Column="group_database_id" />
                                                          </DefinedValue>
                                                        </DefinedValues>
                                                        <Object Table="[DM_AVAILABILITY_DATABASES_CLUSTER]" />
                                                      </TableValuedFunction>
                                                    </RelOp>
                                                  </NestedLoops>
                                                </RelOp>
                                              </Hash>
                                            </RelOp>
                                          </Hash>
                                        </RelOp>
                                        <RelOp NodeId="47" PhysicalOp="Table-valued function" LogicalOp="Table-valued function" EstimateRows="1" EstimateIO="0" EstimateCPU="1.157e-006" AvgRowSize="15" EstimatedTotalSubtreeCost="0.00528701" Parallel="0" EstimateRebinds="3524.57" EstimateRewinds="1761.29" EstimatedExecutionMode="Row">
                                          <OutputList>
                                            <ColumnReference Table="[DBPROP]" Column="default_language" />
                                            <ColumnReference Table="[DBPROP]" Column="default_fulltext_language" />
                                          </OutputList>
                                          <TableValuedFunction>
                                            <DefinedValues>
                                              <DefinedValue>
                                                <ColumnReference Table="[DBPROP]" Column="default_language" />
                                              </DefinedValue>
                                              <DefinedValue>
                                                <ColumnReference Table="[DBPROP]" Column="default_fulltext_language" />
                                              </DefinedValue>
                                            </DefinedValues>
                                            <Object Table="[DBPROP]" />
                                            <ParameterList>
                                              <ScalarOperator ScalarString="CASE WHEN serverproperty('EngineEdition')=5 THEN CONVERT_IMPLICIT(int,db_id(),0) ELSE [master].[sys].[sysdbreg].[id] as [d].[id] END">
                                                <IF>
                                                  <Condition>
                                                    <ScalarOperator>
                                                      <Compare CompareOp="EQ">
                                                        <ScalarOperator>
                                                          <Intrinsic FunctionName="serverproperty">
                                                            <ScalarOperator>
                                                              <Const ConstValue="'EngineEdition'" />
                                                            </ScalarOperator>
                                                          </Intrinsic>
                                                        </ScalarOperator>
                                                        <ScalarOperator>
                                                          <Const ConstValue="5" />
                                                        </ScalarOperator>
                                                      </Compare>
                                                    </ScalarOperator>
                                                  </Condition>
                                                  <Then>
                                                    <ScalarOperator>
                                                      <Convert DataType="int" Style="0" Implicit="1">
                                                        <ScalarOperator>
                                                          <Intrinsic FunctionName="db_id">
                                                            <ScalarOperator>
                                                              <Const ConstValue="" />
                                                            </ScalarOperator>
                                                          </Intrinsic>
                                                        </ScalarOperator>
                                                      </Convert>
                                                    </ScalarOperator>
                                                  </Then>
                                                  <Else>
                                                    <ScalarOperator>
                                                      <Identifier>
                                                        <ColumnReference Database="[master]" Schema="[sys]" Table="[sysdbreg]" Alias="[d]" Column="id" />
                                                      </Identifier>
                                                    </ScalarOperator>
                                                  </Else>
                                                </IF>
                                              </ScalarOperator>
                                            </ParameterList>
                                          </TableValuedFunction>
                                        </RelOp>
                                      </NestedLoops>
                                    </RelOp>
                                  </Hash>
                                </RelOp>
                              </Hash>
                            </RelOp>
                          </Hash>
                        </RelOp>
                      </QueryPlan>
                    </StmtSimple>
                  </Statements>
                </Then>
              </StmtCond>
              <StmtSimple StatementText=" END&#xD;&#xA;&#xD;&#xA;    SELECT @CurrentDatabaseMirroringRole = UPPER(mirroring_role_desc)&#xD;&#xA;    FROM sys.database_mirroring&#xD;&#xA;    WHERE database_id = @CurrentDatabaseID&#xD;&#xA;&#xD;&#xA;   " StatementId="158" StatementCompId="200" StatementType="SELECT" RetrievedFromCache="true" StatementSubTreeCost="0.00328982" StatementEstRows="1" StatementOptmLevel="FULL" QueryHash="0x41097705CD85CD19" QueryPlanHash="0x22A17579FADB556C" StatementOptmEarlyAbortReason="GoodEnoughPlanFound">
                <StatementSetOptions QUOTED_IDENTIFIER="false" ARITHABORT="false" CONCAT_NULL_YIELDS_NULL="true" ANSI_NULLS="true" ANSI_PADDING="true" ANSI_WARNINGS="true" NUMERIC_ROUNDABORT="false" />
                <QueryPlan NonParallelPlanReason="MaxDOPSetToOne" CachedPlanSize="24" CompileTime="4" CompileCPU="4" CompileMemory="248">
                  <MemoryGrantInfo SerialRequiredMemory="0" SerialDesiredMemory="0" />
                  <OptimizerHardwareDependentProperties EstimatedAvailableMemoryGrant="193313" EstimatedPagesCached="773254" EstimatedAvailableDegreeOfParallelism="1" />
                  <RelOp NodeId="0" PhysicalOp="Compute Scalar" LogicalOp="Compute Scalar" EstimateRows="1" EstimateIO="0" EstimateCPU="1e-007" AvgRowSize="4035" EstimatedTotalSubtreeCost="0.00328982" Parallel="0" EstimateRebinds="0" EstimateRewinds="0" EstimatedExecutionMode="Row">
                    <OutputList>
                      <ColumnReference Column="Expr1002" />
                    </OutputList>
                    <ComputeScalar>
                      <DefinedValues>
                        <DefinedValue>
                          <ColumnReference Column="Expr1002" />
                          <ScalarOperator ScalarString="CONVERT_IMPLICIT(nvarchar(max),upper(DBMIRROR.[role_desc]),0)">
                            <Convert DataType="nvarchar(max)" Length="2147483647" Style="0" Implicit="1">
                              <ScalarOperator>
                                <Intrinsic FunctionName="upper">
                                  <ScalarOperator>
                                    <Identifier>
                                      <ColumnReference Table="[DBMIRROR]" Column="role_desc" />
                                    </Identifier>
                                  </ScalarOperator>
                                </Intrinsic>
                              </ScalarOperator>
                            </Convert>
                          </ScalarOperator>
                        </DefinedValue>
                      </DefinedValues>
                      <RelOp NodeId="1" PhysicalOp="Nested Loops" LogicalOp="Left Outer Join" EstimateRows="1" EstimateIO="0" EstimateCPU="4.18e-006" AvgRowSize="71" EstimatedTotalSubtreeCost="0.00328972" Parallel="0" EstimateRebinds="0" EstimateRewinds="0" EstimatedExecutionMode="Row">
                        <OutputList>
                          <ColumnReference Table="[DBMIRROR]" Column="role_desc" />
                        </OutputList>
                        <NestedLoops Optimized="0">
                          <OuterReferences>
                            <ColumnReference Database="[master]" Schema="[sys]" Table="[sysdbreg]" Alias="[d]" Column="id" />
                          </OuterReferences>
                          <RelOp NodeId="2" PhysicalOp="Filter" LogicalOp="Filter" EstimateRows="1" EstimateIO="0" EstimateCPU="1.28e-006" AvgRowSize="11" EstimatedTotalSubtreeCost="0.00328438" Parallel="0" EstimateRebinds="0" EstimateRewinds="0" EstimatedExecutionMode="Row">
                            <OutputList>
                              <ColumnReference Database="[master]" Schema="[sys]" Table="[sysdbreg]" Alias="[d]" Column="id" />
                            </OutputList>
                            <Filter StartupExpression="0">
                              <RelOp NodeId="3" PhysicalOp="Clustered Index Seek" LogicalOp="Clustered Index Seek" EstimateRows="1" EstimateIO="0.003125" EstimateCPU="0.0001581" AvgRowSize="11" EstimatedTotalSubtreeCost="0.0032831" TableCardinality="9" Parallel="0" EstimateRebinds="0" EstimateRewinds="0" EstimatedExecutionMode="Row">
                                <OutputList>
                                  <ColumnReference Database="[master]" Schema="[sys]" Table="[sysdbreg]" Alias="[d]" Column="id" />
                                </OutputList>
                                <IndexScan Ordered="1" ScanDirection="FORWARD" ForcedIndex="0" ForceSeek="0" ForceScan="0" NoExpandHint="0" Storage="RowStore">
                                  <DefinedValues>
                                    <DefinedValue>
                                      <ColumnReference Database="[master]" Schema="[sys]" Table="[sysdbreg]" Alias="[d]" Column="id" />
                                    </DefinedValue>
                                  </DefinedValues>
                                  <Object Database="[master]" Schema="[sys]" Table="[sysdbreg]" Index="[clst]" Alias="[d]" IndexKind="Clustered" />
                                  <SeekPredicates>
                                    <SeekPredicateNew>
                                      <SeekKeys>
                                        <Prefix ScanType="EQ">
                                          <RangeColumns>
                                            <ColumnReference Database="[master]" Schema="[sys]" Table="[sysdbreg]" Alias="[d]" Column="id" />
                                          </RangeColumns>
                                          <RangeExpressions>
                                            <ScalarOperator ScalarString="[@CurrentDatabaseID]">
                                              <Identifier>
                                                <ColumnReference Column="@CurrentDatabaseID" />
                                              </Identifier>
                                            </ScalarOperator>
                                          </RangeExpressions>
                                        </Prefix>
                                      </SeekKeys>
                                    </SeekPredicateNew>
                                  </SeekPredicates>
                                  <Predicate>
                                    <ScalarOperator ScalarString="[master].[sys].[sysdbreg].[id] as [d].[id]&lt;(32767)">
                                      <Compare CompareOp="LT">
                                        <ScalarOperator>
                                          <Identifier>
                                            <ColumnReference Database="[master]" Schema="[sys]" Table="[sysdbreg]" Alias="[d]" Column="id" />
                                          </Identifier>
                                        </ScalarOperator>
                                        <ScalarOperator>
                                          <Const ConstValue="(32767)" />
                                        </ScalarOperator>
                                      </Compare>
                                    </ScalarOperator>
                                  </Predicate>
                                </IndexScan>
                              </RelOp>
                              <Predicate>
                                <ScalarOperator ScalarString="has_access('DB',[master].[sys].[sysdbreg].[id] as [d].[id])=(1)">
                                  <Compare CompareOp="EQ">
                                    <ScalarOperator>
                                      <Intrinsic FunctionName="has_access">
                                        <ScalarOperator>
                                          <Const ConstValue="'DB'" />
                                        </ScalarOperator>
                                        <ScalarOperator>
                                          <Identifier>
                                            <ColumnReference Database="[master]" Schema="[sys]" Table="[sysdbreg]" Alias="[d]" Column="id" />
                                          </Identifier>
                                        </ScalarOperator>
                                        <ScalarOperator>
                                          <Const ConstValue="" />
                                        </ScalarOperator>
                                        <ScalarOperator>
                                          <Const ConstValue="" />
                                        </ScalarOperator>
                                      </Intrinsic>
                                    </ScalarOperator>
                                    <ScalarOperator>
                                      <Const ConstValue="(1)" />
                                    </ScalarOperator>
                                  </Compare>
                                </ScalarOperator>
                              </Predicate>
                            </Filter>
                          </RelOp>
                          <RelOp NodeId="5" PhysicalOp="Table-valued function" LogicalOp="Table-valued function" EstimateRows="1" EstimateIO="0" EstimateCPU="1.157e-006" AvgRowSize="71" EstimatedTotalSubtreeCost="1.157e-006" Parallel="0" EstimateRebinds="0" EstimateRewinds="0" EstimatedExecutionMode="Row">
                            <OutputList>
                              <ColumnReference Table="[DBMIRROR]" Column="role_desc" />
                            </OutputList>
                            <TableValuedFunction>
                              <DefinedValues>
                                <DefinedValue>
                                  <ColumnReference Table="[DBMIRROR]" Column="role_desc" />
                                </DefinedValue>
                              </DefinedValues>
                              <Object Table="[DBMIRROR]" />
                              <ParameterList>
                                <ScalarOperator ScalarString="[master].[sys].[sysdbreg].[id] as [d].[id]">
                                  <Identifier>
                                    <ColumnReference Database="[master]" Schema="[sys]" Table="[sysdbreg]" Alias="[d]" Column="id" />
                                  </Identifier>
                                </ScalarOperator>
                              </ParameterList>
                            </TableValuedFunction>
                          </RelOp>
                        </NestedLoops>
                      </RelOp>
                    </ComputeScalar>
                  </RelOp>
                </QueryPlan>
              </StmtSimple>
              <StmtCond StatementText=" IF EXISTS (SELECT * FROM msdb.dbo.log_shipping_primary_databases WHERE primary_database = @CurrentDatabaseName)&#xD;&#xA;   " StatementId="159" StatementCompId="201" StatementType="COND WITH QUERY" RetrievedFromCache="true" StatementSubTreeCost="0.00328902" StatementEstRows="1" StatementOptmLevel="FULL" QueryHash="0x6CAC7520BB2AC595" QueryPlanHash="0x6B5B3151CDB384D9" StatementOptmEarlyAbortReason="GoodEnoughPlanFound">
                <StatementSetOptions QUOTED_IDENTIFIER="false" ARITHABORT="false" CONCAT_NULL_YIELDS_NULL="true" ANSI_NULLS="true" ANSI_PADDING="true" ANSI_WARNINGS="true" NUMERIC_ROUNDABORT="false" />
                <Condition>
                  <QueryPlan NonParallelPlanReason="MaxDOPSetToOne" CachedPlanSize="24" CompileTime="2" CompileCPU="2" CompileMemory="184">
                    <MemoryGrantInfo SerialRequiredMemory="0" SerialDesiredMemory="0" />
                    <OptimizerHardwareDependentProperties EstimatedAvailableMemoryGrant="193313" EstimatedPagesCached="773254" EstimatedAvailableDegreeOfParallelism="1" />
                    <RelOp NodeId="0" PhysicalOp="Compute Scalar" LogicalOp="Compute Scalar" EstimateRows="1" EstimateIO="0" EstimateCPU="1e-007" AvgRowSize="11" EstimatedTotalSubtreeCost="0.00328902" Parallel="0" EstimateRebinds="0" EstimateRewinds="0" EstimatedExecutionMode="Row">
                      <OutputList>
                        <ColumnReference Column="Expr1004" />
                      </OutputList>
                      <ComputeScalar>
                        <DefinedValues>
                          <DefinedValue>
                            <ColumnReference Column="Expr1004" />
                            <ScalarOperator ScalarString="CASE WHEN [Expr1005] THEN (1) ELSE (0) END">
                              <IF>
                                <Condition>
                                  <ScalarOperator>
                                    <Identifier>
                                      <ColumnReference Column="Expr1005" />
                                    </Identifier>
                                  </ScalarOperator>
                                </Condition>
                                <Then>
                                  <ScalarOperator>
                                    <Const ConstValue="(1)" />
                                  </ScalarOperator>
                                </Then>
                                <Else>
                                  <ScalarOperator>
                                    <Const ConstValue="(0)" />
                                  </ScalarOperator>
                                </Else>
                              </IF>
                            </ScalarOperator>
                          </DefinedValue>
                        </DefinedValues>
                        <RelOp NodeId="1" PhysicalOp="Nested Loops" LogicalOp="Left Semi Join" EstimateRows="1" EstimateIO="0" EstimateCPU="4.18e-006" AvgRowSize="9" EstimatedTotalSubtreeCost="0.00328892" Parallel="0" EstimateRebinds="0" EstimateRewinds="0" EstimatedExecutionMode="Row">
                          <OutputList>
                            <ColumnReference Column="Expr1005" />
                          </OutputList>
                          <NestedLoops Optimized="0">
                            <DefinedValues>
                              <DefinedValue>
                                <ColumnReference Column="Expr1005" />
                              </DefinedValue>
                            </DefinedValues>
                            <ProbeColumn>
                              <ColumnReference Column="Expr1005" />
                            </ProbeColumn>
                            <RelOp NodeId="2" PhysicalOp="Constant Scan" LogicalOp="Constant Scan" EstimateRows="1" EstimateIO="0" EstimateCPU="1.157e-006" AvgRowSize="9" EstimatedTotalSubtreeCost="1.157e-006" Parallel="0" EstimateRebinds="0" EstimateRewinds="0" EstimatedExecutionMode="Row">
                              <OutputList />
                              <ConstantScan />
                            </RelOp>
                            <RelOp NodeId="3" PhysicalOp="Filter" LogicalOp="Filter" EstimateRows="1" EstimateIO="0" EstimateCPU="4.8e-007" AvgRowSize="9" EstimatedTotalSubtreeCost="0.00328358" Parallel="0" EstimateRebinds="0" EstimateRewinds="0" EstimatedExecutionMode="Row">
                              <OutputList />
                              <Filter StartupExpression="0">
                                <RelOp NodeId="4" PhysicalOp="Nested Loops" LogicalOp="Inner Join" EstimateRows="1" EstimateIO="0.003125" EstimateCPU="0.0001581" AvgRowSize="12" EstimatedTotalSubtreeCost="0.0032831" TableCardinality="0" Parallel="0" EstimateRebinds="0" EstimateRewinds="0" EstimatedExecutionMode="Row">
                                  <OutputList>
                                    <ColumnReference Database="[msdb]" Schema="[dbo]" Table="[log_shipping_primary_databases]" Column="primary_database" />
                                  </OutputList>
                                  <NestedLoops Optimized="0">
                                    <OuterReferences>
                                      <ColumnReference Column="Expr1009" />
                                      <ColumnReference Column="Expr1010" />
                                      <ColumnReference Column="Expr1008" />
                                    </OuterReferences>
                                    <RelOp NodeId="5" PhysicalOp="Compute Scalar" LogicalOp="Compute Scalar" EstimateRows="1" EstimateIO="0" EstimateCPU="0" AvgRowSize="273" EstimatedTotalSubtreeCost="0" Parallel="0" EstimateRebinds="0" EstimateRewinds="0" EstimatedExecutionMode="Row">
                                      <OutputList>
                                        <ColumnReference Column="Expr1009" />
                                        <ColumnReference Column="Expr1010" />
                                        <ColumnReference Column="Expr1008" />
                                      </OutputList>
                                      <ComputeScalar>
                                        <DefinedValues>
                                          <DefinedValue>
                                            <ValueVector>
                                              <ColumnReference Column="Expr1009" />
                                              <ColumnReference Column="Expr1010" />
                                              <ColumnReference Column="Expr1008" />
                                            </ValueVector>
                                            <ScalarOperator ScalarString="GetRangeWithMismatchedTypes([@CurrentDatabaseName],[@CurrentDatabaseName],(62))">
                                              <Intrinsic FunctionName="GetRangeWithMismatchedTypes">
                                                <ScalarOperator>
                                                  <Identifier>
                                                    <ColumnReference Column="@CurrentDatabaseName" />
                                                  </Identifier>
                                                </ScalarOperator>
                                                <ScalarOperator>
                                                  <Identifier>
                                                    <ColumnReference Column="@CurrentDatabaseName" />
                                                  </Identifier>
                                                </ScalarOperator>
                                                <ScalarOperator>
                                                  <Const ConstValue="(62)" />
                                                </ScalarOperator>
                                              </Intrinsic>
                                            </ScalarOperator>
                                          </DefinedValue>
                                        </DefinedValues>
                                        <RelOp NodeId="6" PhysicalOp="Constant Scan" LogicalOp="Constant Scan" EstimateRows="1" EstimateIO="0" EstimateCPU="0" AvgRowSize="0" EstimatedTotalSubtreeCost="0" Parallel="0" EstimateRebinds="0" EstimateRewinds="0" EstimatedExecutionMode="Row">
                                          <OutputList />
                                          <ConstantScan />
                                        </RelOp>
                                      </ComputeScalar>
                                    </RelOp>
                                    <RelOp NodeId="10" PhysicalOp="Index Seek" LogicalOp="Index Seek" EstimateRows="1" EstimateIO="0.003125" EstimateCPU="0.0001581" AvgRowSize="12" EstimatedTotalSubtreeCost="0.0032831" TableCardinality="0" Parallel="0" EstimateRebinds="0" EstimateRewinds="0" EstimatedExecutionMode="Row">
                                      <OutputList>
                                        <ColumnReference Database="[msdb]" Schema="[dbo]" Table="[log_shipping_primary_databases]" Column="primary_database" />
                                      </OutputList>
                                      <IndexScan Ordered="1" ScanDirection="FORWARD" ForcedIndex="0" ForceSeek="0" ForceScan="0" NoExpandHint="0" Storage="RowStore">
                                        <DefinedValues>
                                          <DefinedValue>
                                            <ColumnReference Database="[msdb]" Schema="[dbo]" Table="[log_shipping_primary_databases]" Column="primary_database" />
                                          </DefinedValue>
                                        </DefinedValues>
                                        <Object Database="[msdb]" Schema="[dbo]" Table="[log_shipping_primary_databases]" Index="[UQ__log_ship__2A5EF6DC449E1178]" IndexKind="NonClustered" />
                                        <SeekPredicates>
                                          <SeekPredicateNew>
                                            <SeekKeys>
                                              <StartRange ScanType="GT">
                                                <RangeColumns>
                                                  <ColumnReference Database="[msdb]" Schema="[dbo]" Table="[log_shipping_primary_databases]" Column="primary_database" />
                                                </RangeColumns>
                                                <RangeExpressions>
                                                  <ScalarOperator ScalarString="[Expr1009]">
                                                    <Identifier>
                                                      <ColumnReference Column="Expr1009" />
                                                    </Identifier>
                                                  </ScalarOperator>
                                                </RangeExpressions>
                                              </StartRange>
                                              <EndRange ScanType="LT">
                                                <RangeColumns>
                                                  <ColumnReference Database="[msdb]" Schema="[dbo]" Table="[log_shipping_primary_databases]" Column="primary_database" />
                                                </RangeColumns>
                                                <RangeExpressions>
                                                  <ScalarOperator ScalarString="[Expr1010]">
                                                    <Identifier>
                                                      <ColumnReference Column="Expr1010" />
                                                    </Identifier>
                                                  </ScalarOperator>
                                                </RangeExpressions>
                                              </EndRange>
                                            </SeekKeys>
                                          </SeekPredicateNew>
                                        </SeekPredicates>
                                      </IndexScan>
                                    </RelOp>
                                  </NestedLoops>
                                </RelOp>
                                <Predicate>
                                  <ScalarOperator ScalarString="[msdb].[dbo].[log_shipping_primary_databases].[primary_database]=[@CurrentDatabaseName]">
                                    <Compare CompareOp="EQ">
                                      <ScalarOperator>
                                        <Identifier>
                                          <ColumnReference Database="[msdb]" Schema="[dbo]" Table="[log_shipping_primary_databases]" Column="primary_database" />
                                        </Identifier>
                                      </ScalarOperator>
                                      <ScalarOperator>
                                        <Identifier>
                                          <ColumnReference Column="@CurrentDatabaseName" />
                                        </Identifier>
                                      </ScalarOperator>
                                    </Compare>
                                  </ScalarOperator>
                                </Predicate>
                              </Filter>
                            </RelOp>
                          </NestedLoops>
                        </RelOp>
                      </ComputeScalar>
                    </RelOp>
                  </QueryPlan>
                </Condition>
                <Then>
                  <Statements>
                    <StmtSimple StatementText=" BEGIN&#xD;&#xA;      SET @CurrentLogShippingRole = 'PRIMARY'&#xD;&#xA;   " StatementId="160" StatementCompId="202" StatementType="ASSIGN" RetrievedFromCache="true" />
                  </Statements>
                </Then>
                <Else>
                  <Statements>
                    <StmtCond StatementText=" END&#xD;&#xA;    ELSE&#xD;&#xA;    IF EXISTS (SELECT * FROM msdb.dbo.log_shipping_secondary_databases WHERE secondary_database = @CurrentDatabaseName)&#xD;&#xA;   " StatementId="161" StatementCompId="205" StatementType="COND WITH QUERY" RetrievedFromCache="true" StatementSubTreeCost="0.00328902" StatementEstRows="1" StatementOptmLevel="FULL" QueryHash="0x67FB6FCAE8C8B650" QueryPlanHash="0xBD2BC7B7FEDD9D3C" StatementOptmEarlyAbortReason="GoodEnoughPlanFound">
                      <StatementSetOptions QUOTED_IDENTIFIER="false" ARITHABORT="false" CONCAT_NULL_YIELDS_NULL="true" ANSI_NULLS="true" ANSI_PADDING="true" ANSI_WARNINGS="true" NUMERIC_ROUNDABORT="false" />
                      <Condition>
                        <QueryPlan NonParallelPlanReason="MaxDOPSetToOne" CachedPlanSize="24" CompileTime="2" CompileCPU="2" CompileMemory="184">
                          <MemoryGrantInfo SerialRequiredMemory="0" SerialDesiredMemory="0" />
                          <OptimizerHardwareDependentProperties EstimatedAvailableMemoryGrant="193313" EstimatedPagesCached="773254" EstimatedAvailableDegreeOfParallelism="1" />
                          <RelOp NodeId="0" PhysicalOp="Compute Scalar" LogicalOp="Compute Scalar" EstimateRows="1" EstimateIO="0" EstimateCPU="1e-007" AvgRowSize="11" EstimatedTotalSubtreeCost="0.00328902" Parallel="0" EstimateRebinds="0" EstimateRewinds="0" EstimatedExecutionMode="Row">
                            <OutputList>
                              <ColumnReference Column="Expr1004" />
                            </OutputList>
                            <ComputeScalar>
                              <DefinedValues>
                                <DefinedValue>
                                  <ColumnReference Column="Expr1004" />
                                  <ScalarOperator ScalarString="CASE WHEN [Expr1005] THEN (1) ELSE (0) END">
                                    <IF>
                                      <Condition>
                                        <ScalarOperator>
                                          <Identifier>
                                            <ColumnReference Column="Expr1005" />
                                          </Identifier>
                                        </ScalarOperator>
                                      </Condition>
                                      <Then>
                                        <ScalarOperator>
                                          <Const ConstValue="(1)" />
                                        </ScalarOperator>
                                      </Then>
                                      <Else>
                                        <ScalarOperator>
                                          <Const ConstValue="(0)" />
                                        </ScalarOperator>
                                      </Else>
                                    </IF>
                                  </ScalarOperator>
                                </DefinedValue>
                              </DefinedValues>
                              <RelOp NodeId="1" PhysicalOp="Nested Loops" LogicalOp="Left Semi Join" EstimateRows="1" EstimateIO="0" EstimateCPU="4.18e-006" AvgRowSize="9" EstimatedTotalSubtreeCost="0.00328892" Parallel="0" EstimateRebinds="0" EstimateRewinds="0" EstimatedExecutionMode="Row">
                                <OutputList>
                                  <ColumnReference Column="Expr1005" />
                                </OutputList>
                                <NestedLoops Optimized="0">
                                  <DefinedValues>
                                    <DefinedValue>
                                      <ColumnReference Column="Expr1005" />
                                    </DefinedValue>
                                  </DefinedValues>
                                  <ProbeColumn>
                                    <ColumnReference Column="Expr1005" />
                                  </ProbeColumn>
                                  <RelOp NodeId="2" PhysicalOp="Constant Scan" LogicalOp="Constant Scan" EstimateRows="1" EstimateIO="0" EstimateCPU="1.157e-006" AvgRowSize="9" EstimatedTotalSubtreeCost="1.157e-006" Parallel="0" EstimateRebinds="0" EstimateRewinds="0" EstimatedExecutionMode="Row">
                                    <OutputList />
                                    <ConstantScan />
                                  </RelOp>
                                  <RelOp NodeId="3" PhysicalOp="Filter" LogicalOp="Filter" EstimateRows="1" EstimateIO="0" EstimateCPU="4.8e-007" AvgRowSize="9" EstimatedTotalSubtreeCost="0.00328358" Parallel="0" EstimateRebinds="0" EstimateRewinds="0" EstimatedExecutionMode="Row">
                                    <OutputList />
                                    <Filter StartupExpression="0">
                                      <RelOp NodeId="4" PhysicalOp="Nested Loops" LogicalOp="Inner Join" EstimateRows="1" EstimateIO="0.003125" EstimateCPU="0.0001581" AvgRowSize="12" EstimatedTotalSubtreeCost="0.0032831" TableCardinality="0" Parallel="0" EstimateRebinds="0" EstimateRewinds="0" EstimatedExecutionMode="Row">
                                        <OutputList>
                                          <ColumnReference Database="[msdb]" Schema="[dbo]" Table="[log_shipping_secondary_databases]" Column="secondary_database" />
                                        </OutputList>
                                        <NestedLoops Optimized="0">
                                          <OuterReferences>
                                            <ColumnReference Column="Expr1009" />
                                            <ColumnReference Column="Expr1010" />
                                            <ColumnReference Column="Expr1008" />
                                          </OuterReferences>
                                          <RelOp NodeId="5" PhysicalOp="Compute Scalar" LogicalOp="Compute Scalar" EstimateRows="1" EstimateIO="0" EstimateCPU="0" AvgRowSize="273" EstimatedTotalSubtreeCost="0" Parallel="0" EstimateRebinds="0" EstimateRewinds="0" EstimatedExecutionMode="Row">
                                            <OutputList>
                                              <ColumnReference Column="Expr1009" />
                                              <ColumnReference Column="Expr1010" />
                                              <ColumnReference Column="Expr1008" />
                                            </OutputList>
                                            <ComputeScalar>
                                              <DefinedValues>
                                                <DefinedValue>
                                                  <ValueVector>
                                                    <ColumnReference Column="Expr1009" />
                                                    <ColumnReference Column="Expr1010" />
                                                    <ColumnReference Column="Expr1008" />
                                                  </ValueVector>
                                                  <ScalarOperator ScalarString="GetRangeWithMismatchedTypes([@CurrentDatabaseName],[@CurrentDatabaseName],(62))">
                                                    <Intrinsic FunctionName="GetRangeWithMismatchedTypes">
                                                      <ScalarOperator>
                                                        <Identifier>
                                                          <ColumnReference Column="@CurrentDatabaseName" />
                                                        </Identifier>
                                                      </ScalarOperator>
                                                      <ScalarOperator>
                                                        <Identifier>
                                                          <ColumnReference Column="@CurrentDatabaseName" />
                                                        </Identifier>
                                                      </ScalarOperator>
                                                      <ScalarOperator>
                                                        <Const ConstValue="(62)" />
                                                      </ScalarOperator>
                                                    </Intrinsic>
                                                  </ScalarOperator>
                                                </DefinedValue>
                                              </DefinedValues>
                                              <RelOp NodeId="6" PhysicalOp="Constant Scan" LogicalOp="Constant Scan" EstimateRows="1" EstimateIO="0" EstimateCPU="0" AvgRowSize="0" EstimatedTotalSubtreeCost="0" Parallel="0" EstimateRebinds="0" EstimateRewinds="0" EstimatedExecutionMode="Row">
                                                <OutputList />
                                                <ConstantScan />
                                              </RelOp>
                                            </ComputeScalar>
                                          </RelOp>
                                          <RelOp NodeId="10" PhysicalOp="Clustered Index Seek" LogicalOp="Clustered Index Seek" EstimateRows="1" EstimateIO="0.003125" EstimateCPU="0.0001581" AvgRowSize="12" EstimatedTotalSubtreeCost="0.0032831" TableCardinality="0" Parallel="0" EstimateRebinds="0" EstimateRewinds="0" EstimatedExecutionMode="Row">
                                            <OutputList>
                                              <ColumnReference Database="[msdb]" Schema="[dbo]" Table="[log_shipping_secondary_databases]" Column="secondary_database" />
                                            </OutputList>
                                            <IndexScan Ordered="1" ScanDirection="FORWARD" ForcedIndex="0" ForceSeek="0" ForceScan="0" NoExpandHint="0" Storage="RowStore">
                                              <DefinedValues>
                                                <DefinedValue>
                                                  <ColumnReference Database="[msdb]" Schema="[dbo]" Table="[log_shipping_secondary_databases]" Column="secondary_database" />
                                                </DefinedValue>
                                              </DefinedValues>
                                              <Object Database="[msdb]" Schema="[dbo]" Table="[log_shipping_secondary_databases]" Index="[PK__log_ship__093E1AB55C5147F8]" IndexKind="Clustered" />
                                              <SeekPredicates>
                                                <SeekPredicateNew>
                                                  <SeekKeys>
                                                    <StartRange ScanType="GT">
                                                      <RangeColumns>
                                                        <ColumnReference Database="[msdb]" Schema="[dbo]" Table="[log_shipping_secondary_databases]" Column="secondary_database" />
                                                      </RangeColumns>
                                                      <RangeExpressions>
                                                        <ScalarOperator ScalarString="[Expr1009]">
                                                          <Identifier>
                                                            <ColumnReference Column="Expr1009" />
                                                          </Identifier>
                                                        </ScalarOperator>
                                                      </RangeExpressions>
                                                    </StartRange>
                                                    <EndRange ScanType="LT">
                                                      <RangeColumns>
                                                        <ColumnReference Database="[msdb]" Schema="[dbo]" Table="[log_shipping_secondary_databases]" Column="secondary_database" />
                                                      </RangeColumns>
                                                      <RangeExpressions>
                                                        <ScalarOperator ScalarString="[Expr1010]">
                                                          <Identifier>
                                                            <ColumnReference Column="Expr1010" />
                                                          </Identifier>
                                                        </ScalarOperator>
                                                      </RangeExpressions>
                                                    </EndRange>
                                                  </SeekKeys>
                                                </SeekPredicateNew>
                                              </SeekPredicates>
                                            </IndexScan>
                                          </RelOp>
                                        </NestedLoops>
                                      </RelOp>
                                      <Predicate>
                                        <ScalarOperator ScalarString="[msdb].[dbo].[log_shipping_secondary_databases].[secondary_database]=[@CurrentDatabaseName]">
                                          <Compare CompareOp="EQ">
                                            <ScalarOperator>
                                              <Identifier>
                                                <ColumnReference Database="[msdb]" Schema="[dbo]" Table="[log_shipping_secondary_databases]" Column="secondary_database" />
                                              </Identifier>
                                            </ScalarOperator>
                                            <ScalarOperator>
                                              <Identifier>
                                                <ColumnReference Column="@CurrentDatabaseName" />
                                              </Identifier>
                                            </ScalarOperator>
                                          </Compare>
                                        </ScalarOperator>
                                      </Predicate>
                                    </Filter>
                                  </RelOp>
                                </NestedLoops>
                              </RelOp>
                            </ComputeScalar>
                          </RelOp>
                        </QueryPlan>
                      </Condition>
                      <Then>
                        <Statements>
                          <StmtSimple StatementText=" BEGIN&#xD;&#xA;      SET @CurrentLogShippingRole = 'SECONDARY'&#xD;&#xA;   " StatementId="162" StatementCompId="206" StatementType="ASSIGN" RetrievedFromCache="true" />
                        </Statements>
                      </Then>
                    </StmtCond>
                  </Statements>
                </Else>
              </StmtCond>
              <StmtSimple StatementText=" END&#xD;&#xA;&#xD;&#xA;    -- Set database message&#xD;&#xA;    SET @DatabaseMessage = 'Date and time: ' + CONVERT(nvarchar,GETDATE(),120) + CHAR(13) + CHAR(10)&#xD;&#xA;   " StatementId="163" StatementCompId="209" StatementType="ASSIGN" RetrievedFromCache="true" />
              <StmtSimple StatementText=" SET @DatabaseMessage = @DatabaseMessage + 'Database: ' + QUOTENAME(@CurrentDatabaseName) + CHAR(13) + CHAR(10)&#xD;&#xA;   " StatementId="164" StatementCompId="210" StatementType="ASSIGN" RetrievedFromCache="true" />
              <StmtSimple StatementText=" SET @DatabaseMessage = @DatabaseMessage + 'Status: ' + CAST(DATABASEPROPERTYEX(@CurrentDatabaseName,'Status') AS nvarchar) + CHAR(13) + CHAR(10)&#xD;&#xA;   " StatementId="165" StatementCompId="211" StatementType="ASSIGN" RetrievedFromCache="true" />
              <StmtSimple StatementText=" SET @DatabaseMessage = @DatabaseMessage + 'Standby: ' + CASE WHEN DATABASEPROPERTYEX(@CurrentDatabaseName,'IsInStandBy') = 1 THEN 'Yes' ELSE 'No' END + CHAR(13) + CHAR(10)&#xD;&#xA;   " StatementId="166" StatementCompId="212" StatementType="ASSIGN" RetrievedFromCache="true" />
              <StmtSimple StatementText=" SET @DatabaseMessage = @DatabaseMessage + 'Updateability: ' + CAST(DATABASEPROPERTYEX(@CurrentDatabaseName,'Updateability') AS nvarchar) + CHAR(13) + CHAR(10)&#xD;&#xA;   " StatementId="167" StatementCompId="213" StatementType="ASSIGN" RetrievedFromCache="true" />
              <StmtSimple StatementText=" SET @DatabaseMessage = @DatabaseMessage + 'User access: ' + CAST(DATABASEPROPERTYEX(@CurrentDatabaseName,'UserAccess') AS nvarchar) + CHAR(13) + CHAR(10)&#xD;&#xA;   " StatementId="168" StatementCompId="214" StatementType="ASSIGN" RetrievedFromCache="true" />
              <StmtSimple StatementText=" SET @DatabaseMessage = @DatabaseMessage + 'Is accessible: ' + CASE WHEN @CurrentIsDatabaseAccessible = 1 THEN 'Yes' ELSE 'No' END + CHAR(13) + CHAR(10)&#xD;&#xA;   " StatementId="169" StatementCompId="215" StatementType="ASSIGN" RetrievedFromCache="true" />
              <StmtSimple StatementText=" SET @DatabaseMessage = @DatabaseMessage + 'Recovery model: ' + CAST(DATABASEPROPERTYEX(@CurrentDatabaseName,'Recovery') AS nvarchar) + CHAR(13) + CHAR(10)&#xD;&#xA;   " StatementId="170" StatementCompId="216" StatementType="ASSIGN" RetrievedFromCache="true" />
              <StmtCond StatementText=" IF @CurrentAvailabilityGroup IS NOT NULL" StatementId="171" StatementCompId="217" StatementType="COND" RetrievedFromCache="true">
                <Condition />
                <Then>
                  <Statements>
                    <StmtSimple StatementText=" SET @DatabaseMessage = @DatabaseMessage + 'Availability group: ' + @CurrentAvailabilityGroup + CHAR(13) + CHAR(10)&#xD;&#xA;   " StatementId="172" StatementCompId="218" StatementType="ASSIGN" RetrievedFromCache="true" />
                  </Statements>
                </Then>
              </StmtCond>
              <StmtCond StatementText=" IF @CurrentAvailabilityGroup IS NOT NULL" StatementId="173" StatementCompId="220" StatementType="COND" RetrievedFromCache="true">
                <Condition />
                <Then>
                  <Statements>
                    <StmtSimple StatementText=" SET @DatabaseMessage = @DatabaseMessage + 'Availability group role: ' + @CurrentAvailabilityGroupRole + CHAR(13) + CHAR(10)&#xD;&#xA;   " StatementId="174" StatementCompId="221" StatementType="ASSIGN" RetrievedFromCache="true" />
                  </Statements>
                </Then>
              </StmtCond>
              <StmtCond StatementText=" IF @CurrentDatabaseMirroringRole IS NOT NULL" StatementId="175" StatementCompId="223" StatementType="COND" RetrievedFromCache="true">
                <Condition />
                <Then>
                  <Statements>
                    <StmtSimple StatementText=" SET @DatabaseMessage = @DatabaseMessage + 'Database mirroring role: ' + @CurrentDatabaseMirroringRole + CHAR(13) + CHAR(10)&#xD;&#xA;   " StatementId="176" StatementCompId="224" StatementType="ASSIGN" RetrievedFromCache="true" />
                  </Statements>
                </Then>
              </StmtCond>
              <StmtCond StatementText=" IF @CurrentLogShippingRole IS NOT NULL" StatementId="177" StatementCompId="226" StatementType="COND" RetrievedFromCache="true">
                <Condition />
                <Then>
                  <Statements>
                    <StmtSimple StatementText=" SET @DatabaseMessage = @DatabaseMessage + 'Log shipping role: ' + @CurrentLogShippingRole + CHAR(13) + CHAR(10)&#xD;&#xA;   " StatementId="178" StatementCompId="227" StatementType="ASSIGN" RetrievedFromCache="true" />
                  </Statements>
                </Then>
              </StmtCond>
              <StmtSimple StatementText=" SET @DatabaseMessage = REPLACE(@DatabaseMessage,'%','%%') + ' '&#xD;&#xA;   " StatementId="179" StatementCompId="229" StatementType="ASSIGN" RetrievedFromCache="true" />
              <StmtSimple StatementText=" RAISERROR(@DatabaseMessage,10,1) WITH NOWAIT&#xD;&#xA;&#xD;&#xA;   " StatementId="180" StatementCompId="230" StatementType="RAISERROR" RetrievedFromCache="true" />
              <StmtCond StatementText=" IF DATABASEPROPERTYEX(@CurrentDatabaseName,'Status') = 'ONLINE'&#xD;&#xA;    AND NOT (DATABASEPROPERTYEX(@CurrentDatabaseName,'UserAccess') = 'SINGLE_USER' AND @CurrentIsDatabaseAccessible = 0)&#xD;&#xA;    AND DATABASEPROPERTYEX(@CurrentDatabaseName,'Updateability') = 'READ_WRITE'&#xD;&#xA;   " StatementId="181" StatementCompId="231" StatementType="COND" RetrievedFromCache="true">
                <Condition />
                <Then>
                  <Statements>
                    <StmtCond StatementText=" BEGIN&#xD;&#xA;&#xD;&#xA;      -- Select indexes in the current database&#xD;&#xA;      IF (EXISTS(SELECT * FROM @ActionsPreferred) OR @UpdateStatistics IS NOT NULL) AND (GETDATE() &lt; DATEADD(ss,@TimeLimit,@StartTime) OR @TimeLimit IS NULL)&#xD;&#xA;     " StatementId="182" StatementCompId="232" StatementType="COND WITH QUERY" RetrievedFromCache="true" StatementSubTreeCost="8.274e-006" StatementEstRows="1" StatementOptmLevel="FULL" QueryHash="0x1D954D039FA428BB" QueryPlanHash="0xE9993929BAB4BCF5" StatementOptmEarlyAbortReason="GoodEnoughPlanFound">
                      <StatementSetOptions QUOTED_IDENTIFIER="false" ARITHABORT="false" CONCAT_NULL_YIELDS_NULL="true" ANSI_NULLS="true" ANSI_PADDING="true" ANSI_WARNINGS="true" NUMERIC_ROUNDABORT="false" />
                      <Condition>
                        <QueryPlan NonParallelPlanReason="MaxDOPSetToOne" CachedPlanSize="24" CompileTime="4" CompileCPU="4" CompileMemory="216">
                          <MemoryGrantInfo SerialRequiredMemory="0" SerialDesiredMemory="0" />
                          <OptimizerHardwareDependentProperties EstimatedAvailableMemoryGrant="193313" EstimatedPagesCached="773254" EstimatedAvailableDegreeOfParallelism="1" />
                          <RelOp NodeId="0" PhysicalOp="Compute Scalar" LogicalOp="Compute Scalar" EstimateRows="1" EstimateIO="0" EstimateCPU="1e-007" AvgRowSize="11" EstimatedTotalSubtreeCost="8.274e-006" Parallel="0" EstimateRebinds="0" EstimateRewinds="0" EstimatedExecutionMode="Row">
                            <OutputList>
                              <ColumnReference Column="Expr1005" />
                            </OutputList>
                            <ComputeScalar>
                              <DefinedValues>
                                <DefinedValue>
                                  <ColumnReference Column="Expr1005" />
                                  <ScalarOperator ScalarString="CASE WHEN (getdate()&lt;dateadd(second,[@TimeLimit],[@StartTime]) OR [@TimeLimit] IS NULL) AND [Expr1007] THEN (1) ELSE (0) END">
                                    <IF>
                                      <Condition>
                                        <ScalarOperator>
                                          <Logical Operation="AND">
                                            <ScalarOperator>
                                              <Logical Operation="OR">
                                                <ScalarOperator>
                                                  <Compare CompareOp="LT">
                                                    <ScalarOperator>
                                                      <Identifier>
                                                        <ColumnReference Column="ConstExpr1006">
                                                          <ScalarOperator>
                                                            <Intrinsic FunctionName="getdate" />
                                                          </ScalarOperator>
                                                        </ColumnReference>
                                                      </Identifier>
                                                    </ScalarOperator>
                                                    <ScalarOperator>
                                                      <Intrinsic FunctionName="dateadd">
                                                        <ScalarOperator>
                                                          <Const ConstValue="(8)" />
                                                        </ScalarOperator>
                                                        <ScalarOperator>
                                                          <Identifier>
                                                            <ColumnReference Column="@TimeLimit" />
                                                          </Identifier>
                                                        </ScalarOperator>
                                                        <ScalarOperator>
                                                          <Identifier>
                                                            <ColumnReference Column="@StartTime" />
                                                          </Identifier>
                                                        </ScalarOperator>
                                                      </Intrinsic>
                                                    </ScalarOperator>
                                                  </Compare>
                                                </ScalarOperator>
                                                <ScalarOperator>
                                                  <Compare CompareOp="IS">
                                                    <ScalarOperator>
                                                      <Identifier>
                                                        <ColumnReference Column="@TimeLimit" />
                                                      </Identifier>
                                                    </ScalarOperator>
                                                    <ScalarOperator>
                                                      <Const ConstValue="NULL" />
                                                    </ScalarOperator>
                                                  </Compare>
                                                </ScalarOperator>
                                              </Logical>
                                            </ScalarOperator>
                                            <ScalarOperator>
                                              <Identifier>
                                                <ColumnReference Column="Expr1007" />
                                              </Identifier>
                                            </ScalarOperator>
                                          </Logical>
                                        </ScalarOperator>
                                      </Condition>
                                      <Then>
                                        <ScalarOperator>
                                          <Const ConstValue="(1)" />
                                        </ScalarOperator>
                                      </Then>
                                      <Else>
                                        <ScalarOperator>
                                          <Const ConstValue="(0)" />
                                        </ScalarOperator>
                                      </Else>
                                    </IF>
                                  </ScalarOperator>
                                </DefinedValue>
                              </DefinedValues>
                              <RelOp NodeId="1" PhysicalOp="Nested Loops" LogicalOp="Left Semi Join" EstimateRows="1" EstimateIO="0" EstimateCPU="4.18e-006" AvgRowSize="9" EstimatedTotalSubtreeCost="8.174e-006" Parallel="0" EstimateRebinds="0" EstimateRewinds="0" EstimatedExecutionMode="Row">
                                <OutputList>
                                  <ColumnReference Column="Expr1007" />
                                </OutputList>
                                <NestedLoops Optimized="0">
                                  <DefinedValues>
                                    <DefinedValue>
                                      <ColumnReference Column="Expr1007" />
                                    </DefinedValue>
                                  </DefinedValues>
                                  <PassThru>
                                    <ScalarOperator ScalarString="IsFalseOrNull getdate()&lt;dateadd(second,[@TimeLimit],[@StartTime]) OR [@TimeLimit] IS NULL">
                                      <Logical Operation="IsFalseOrNull">
                                        <ScalarOperator>
                                          <Logical Operation="OR">
                                            <ScalarOperator>
                                              <Compare CompareOp="LT">
                                                <ScalarOperator>
                                                  <Identifier>
                                                    <ColumnReference Column="ConstExpr1006">
                                                      <ScalarOperator>
                                                        <Intrinsic FunctionName="getdate" />
                                                      </ScalarOperator>
                                                    </ColumnReference>
                                                  </Identifier>
                                                </ScalarOperator>
                                                <ScalarOperator>
                                                  <Intrinsic FunctionName="dateadd">
                                                    <ScalarOperator>
                                                      <Const ConstValue="(8)" />
                                                    </ScalarOperator>
                                                    <ScalarOperator>
                                                      <Identifier>
                                                        <ColumnReference Column="@TimeLimit" />
                                                      </Identifier>
                                                    </ScalarOperator>
                                                    <ScalarOperator>
                                                      <Identifier>
                                                        <ColumnReference Column="@StartTime" />
                                                      </Identifier>
                                                    </ScalarOperator>
                                                  </Intrinsic>
                                                </ScalarOperator>
                                              </Compare>
                                            </ScalarOperator>
                                            <ScalarOperator>
                                              <Compare CompareOp="IS">
                                                <ScalarOperator>
                                                  <Identifier>
                                                    <ColumnReference Column="@TimeLimit" />
                                                  </Identifier>
                                                </ScalarOperator>
                                                <ScalarOperator>
                                                  <Const ConstValue="NULL" />
                                                </ScalarOperator>
                                              </Compare>
                                            </ScalarOperator>
                                          </Logical>
                                        </ScalarOperator>
                                      </Logical>
                                    </ScalarOperator>
                                  </PassThru>
                                  <ProbeColumn>
                                    <ColumnReference Column="Expr1007" />
                                  </ProbeColumn>
                                  <RelOp NodeId="2" PhysicalOp="Constant Scan" LogicalOp="Constant Scan" EstimateRows="1" EstimateIO="0" EstimateCPU="1.157e-006" AvgRowSize="9" EstimatedTotalSubtreeCost="1.157e-006" Parallel="0" EstimateRebinds="0" EstimateRewinds="0" EstimatedExecutionMode="Row">
                                    <OutputList />
                                    <ConstantScan />
                                  </RelOp>
                                  <RelOp NodeId="3" PhysicalOp="Concatenation" LogicalOp="Concatenation" EstimateRows="1" EstimateIO="0" EstimateCPU="6e-007" AvgRowSize="9" EstimatedTotalSubtreeCost="1.737e-006" Parallel="0" EstimateRebinds="0" EstimateRewinds="0" EstimatedExecutionMode="Row">
                                    <OutputList />
                                    <Concat>
                                      <DefinedValues />
                                      <RelOp NodeId="4" PhysicalOp="Filter" LogicalOp="Filter" EstimateRows="1" EstimateIO="0" EstimateCPU="4.8e-007" AvgRowSize="9" EstimatedTotalSubtreeCost="1.637e-006" Parallel="0" EstimateRebinds="0" EstimateRewinds="0" EstimatedExecutionMode="Row">
                                        <OutputList />
                                        <Filter StartupExpression="1">
                                          <RelOp NodeId="5" PhysicalOp="Constant Scan" LogicalOp="Constant Scan" EstimateRows="1" EstimateIO="0" EstimateCPU="1.157e-006" AvgRowSize="9" EstimatedTotalSubtreeCost="1.157e-006" Parallel="0" EstimateRebinds="0" EstimateRewinds="0" EstimatedExecutionMode="Row">
                                            <OutputList />
                                            <ConstantScan />
                                          </RelOp>
                                          <Predicate>
                                            <ScalarOperator ScalarString="[@UpdateStatistics] IS NOT NULL">
                                              <Compare CompareOp="IS NOT">
                                                <ScalarOperator>
                                                  <Identifier>
                                                    <ColumnReference Column="@UpdateStatistics" />
                                                  </Identifier>
                                                </ScalarOperator>
                                                <ScalarOperator>
                                                  <Const ConstValue="NULL" />
                                                </ScalarOperator>
                                              </Compare>
                                            </ScalarOperator>
                                          </Predicate>
                                        </Filter>
                                      </RelOp>
                                      <RelOp NodeId="7" PhysicalOp="Table Scan" LogicalOp="Table Scan" EstimateRows="1" EstimateIO="0.003125" EstimateCPU="0.0001625" AvgRowSize="9" EstimatedTotalSubtreeCost="8.274e-006" TableCardinality="5" Parallel="0" EstimateRebinds="0" EstimateRewinds="0" EstimatedExecutionMode="Row">
                                        <OutputList />
                                        <TableScan Ordered="0" ForcedIndex="0" ForceScan="0" NoExpandHint="0">
                                          <DefinedValues />
                                          <Object Table="[@ActionsPreferred]" />
                                        </TableScan>
                                      </RelOp>
                                    </Concat>
                                  </RelOp>
                                </NestedLoops>
                              </RelOp>
                            </ComputeScalar>
                          </RelOp>
                          <ParameterList>
                            <ColumnReference Column="@TimeLimit" ParameterCompiledValue="NULL" />
                            <ColumnReference Column="@UpdateStatistics" ParameterCompiledValue="N'ALL'" />
                          </ParameterList>
                        </QueryPlan>
                      </Condition>
                      <Then>
                        <Statements>
                          <StmtSimple StatementText=" BEGIN&#xD;&#xA;        SET @CurrentCommand01 = 'SET TRANSACTION ISOLATION LEVEL READ UNCOMMITTED; SELECT SchemaID, SchemaName, ObjectID, ObjectName, ObjectType, IndexID, IndexName, IndexType, StatisticsID, StatisticsName, PartitionID, PartitionNumber, PartitionCount, Selected, Completed FROM ('&#xD;&#xA;&#xD;&#xA;       " StatementId="183" StatementCompId="233" StatementType="ASSIGN" RetrievedFromCache="true" />
                          <StmtCond StatementText=" IF EXISTS(SELECT * FROM @ActionsPreferred) OR @UpdateStatistics IN('ALL','INDEX')&#xD;&#xA;       " StatementId="184" StatementCompId="234" StatementType="COND WITH QUERY" RetrievedFromCache="true" StatementSubTreeCost="7.574e-006" StatementEstRows="1" StatementOptmLevel="FULL" QueryHash="0x2230173D29D6DC68" QueryPlanHash="0xBED257F037B649D5" StatementOptmEarlyAbortReason="GoodEnoughPlanFound">
                            <StatementSetOptions QUOTED_IDENTIFIER="false" ARITHABORT="false" CONCAT_NULL_YIELDS_NULL="true" ANSI_NULLS="true" ANSI_PADDING="true" ANSI_WARNINGS="true" NUMERIC_ROUNDABORT="false" />
                            <Condition>
                              <QueryPlan NonParallelPlanReason="MaxDOPSetToOne" CachedPlanSize="16" CompileTime="3" CompileCPU="3" CompileMemory="176">
                                <MemoryGrantInfo SerialRequiredMemory="0" SerialDesiredMemory="0" />
                                <OptimizerHardwareDependentProperties EstimatedAvailableMemoryGrant="193313" EstimatedPagesCached="773254" EstimatedAvailableDegreeOfParallelism="1" />
                                <RelOp NodeId="0" PhysicalOp="Compute Scalar" LogicalOp="Compute Scalar" EstimateRows="1" EstimateIO="0" EstimateCPU="1e-007" AvgRowSize="11" EstimatedTotalSubtreeCost="7.574e-006" Parallel="0" EstimateRebinds="0" EstimateRewinds="0" EstimatedExecutionMode="Row">
                                  <OutputList>
                                    <ColumnReference Column="Expr1005" />
                                  </OutputList>
                                  <ComputeScalar>
                                    <DefinedValues>
                                      <DefinedValue>
                                        <ColumnReference Column="Expr1005" />
                                        <ScalarOperator ScalarString="CASE WHEN [Expr1006] THEN (1) ELSE (0) END">
                                          <IF>
                                            <Condition>
                                              <ScalarOperator>
                                                <Identifier>
                                                  <ColumnReference Column="Expr1006" />
                                                </Identifier>
                                              </ScalarOperator>
                                            </Condition>
                                            <Then>
                                              <ScalarOperator>
                                                <Const ConstValue="(1)" />
                                              </ScalarOperator>
                                            </Then>
                                            <Else>
                                              <ScalarOperator>
                                                <Const ConstValue="(0)" />
                                              </ScalarOperator>
                                            </Else>
                                          </IF>
                                        </ScalarOperator>
                                      </DefinedValue>
                                    </DefinedValues>
                                    <RelOp NodeId="1" PhysicalOp="Nested Loops" LogicalOp="Left Semi Join" EstimateRows="1" EstimateIO="0" EstimateCPU="4.18e-006" AvgRowSize="9" EstimatedTotalSubtreeCost="7.474e-006" Parallel="0" EstimateRebinds="0" EstimateRewinds="0" EstimatedExecutionMode="Row">
                                      <OutputList>
                                        <ColumnReference Column="Expr1006" />
                                      </OutputList>
                                      <NestedLoops Optimized="0">
                                        <DefinedValues>
                                          <DefinedValue>
                                            <ColumnReference Column="Expr1006" />
                                          </DefinedValue>
                                        </DefinedValues>
                                        <ProbeColumn>
                                          <ColumnReference Column="Expr1006" />
                                        </ProbeColumn>
                                        <RelOp NodeId="2" PhysicalOp="Constant Scan" LogicalOp="Constant Scan" EstimateRows="1" EstimateIO="0" EstimateCPU="1.157e-006" AvgRowSize="9" EstimatedTotalSubtreeCost="1.157e-006" Parallel="0" EstimateRebinds="0" EstimateRewinds="0" EstimatedExecutionMode="Row">
                                          <OutputList />
                                          <ConstantScan />
                                        </RelOp>
                                        <RelOp NodeId="3" PhysicalOp="Concatenation" LogicalOp="Concatenation" EstimateRows="1" EstimateIO="0" EstimateCPU="6e-007" AvgRowSize="9" EstimatedTotalSubtreeCost="2.137e-006" Parallel="0" EstimateRebinds="0" EstimateRewinds="0" EstimatedExecutionMode="Row">
                                          <OutputList />
                                          <Concat>
                                            <DefinedValues />
                                            <RelOp NodeId="4" PhysicalOp="Filter" LogicalOp="Filter" EstimateRows="1" EstimateIO="0" EstimateCPU="8.8e-007" AvgRowSize="9" EstimatedTotalSubtreeCost="2.037e-006" Parallel="0" EstimateRebinds="0" EstimateRewinds="0" EstimatedExecutionMode="Row">
                                              <OutputList />
                                              <Filter StartupExpression="1">
                                                <RelOp NodeId="5" PhysicalOp="Constant Scan" LogicalOp="Constant Scan" EstimateRows="1" EstimateIO="0" EstimateCPU="1.157e-006" AvgRowSize="9" EstimatedTotalSubtreeCost="1.157e-006" Parallel="0" EstimateRebinds="0" EstimateRewinds="0" EstimatedExecutionMode="Row">
                                                  <OutputList />
                                                  <ConstantScan />
                                                </RelOp>
                                                <Predicate>
                                                  <ScalarOperator ScalarString="[@UpdateStatistics]=N'INDEX' OR [@UpdateStatistics]=N'ALL'">
                                                    <Logical Operation="OR">
                                                      <ScalarOperator>
                                                        <Compare CompareOp="EQ">
                                                          <ScalarOperator>
                                                            <Identifier>
                                                              <ColumnReference Column="@UpdateStatistics" />
                                                            </Identifier>
                                                          </ScalarOperator>
                                                          <ScalarOperator>
                                                            <Const ConstValue="N'INDEX'" />
                                                          </ScalarOperator>
                                                        </Compare>
                                                      </ScalarOperator>
                                                      <ScalarOperator>
                                                        <Compare CompareOp="EQ">
                                                          <ScalarOperator>
                                                            <Identifier>
                                                              <ColumnReference Column="@UpdateStatistics" />
                                                            </Identifier>
                                                          </ScalarOperator>
                                                          <ScalarOperator>
                                                            <Const ConstValue="N'ALL'" />
                                                          </ScalarOperator>
                                                        </Compare>
                                                      </ScalarOperator>
                                                    </Logical>
                                                  </ScalarOperator>
                                                </Predicate>
                                              </Filter>
                                            </RelOp>
                                            <RelOp NodeId="7" PhysicalOp="Table Scan" LogicalOp="Table Scan" EstimateRows="1" EstimateIO="0.003125" EstimateCPU="0.0001625" AvgRowSize="9" EstimatedTotalSubtreeCost="7.574e-006" TableCardinality="5" Parallel="0" EstimateRebinds="0" EstimateRewinds="0" EstimatedExecutionMode="Row">
                                              <OutputList />
                                              <TableScan Ordered="0" ForcedIndex="0" ForceScan="0" NoExpandHint="0">
                                                <DefinedValues />
                                                <Object Table="[@ActionsPreferred]" />
                                              </TableScan>
                                            </RelOp>
                                          </Concat>
                                        </RelOp>
                                      </NestedLoops>
                                    </RelOp>
                                  </ComputeScalar>
                                </RelOp>
                                <ParameterList>
                                  <ColumnReference Column="@UpdateStatistics" ParameterCompiledValue="N'ALL'" />
                                </ParameterList>
                              </QueryPlan>
                            </Condition>
                            <Then>
                              <Statements>
                                <StmtSimple StatementText=" BEGIN&#xD;&#xA;          SET @CurrentCommand01 = @CurrentCommand01 + 'SELECT schemas.[schema_id] AS SchemaID, schemas.[name] AS SchemaName, objects.[object_id] AS ObjectID, objects.[name] AS ObjectName, RTRIM(objects.[type]) AS ObjectType, indexes.index_id AS IndexID, indexes.[name] AS IndexName, indexes.[type] AS IndexType, stats.stats_id AS StatisticsID, stats.name AS StatisticsName'&#xD;&#xA;         " StatementId="185" StatementCompId="235" StatementType="ASSIGN" RetrievedFromCache="true" />
                                <StmtCond StatementText=" IF @PartitionLevel = 'Y'" StatementId="186" StatementCompId="236" StatementType="COND" RetrievedFromCache="true">
                                  <Condition />
                                  <Then>
                                    <Statements>
                                      <StmtSimple StatementText=" SET @CurrentCommand01 = @CurrentCommand01 + ', partitions.partition_id AS PartitionID, partitions.partition_number AS PartitionNumber, IndexPartitions.partition_count AS PartitionCount'&#xD;&#xA;         " StatementId="187" StatementCompId="237" StatementType="ASSIGN" RetrievedFromCache="true" />
                                    </Statements>
                                  </Then>
                                </StmtCond>
                                <StmtCond StatementText=" IF @PartitionLevel = 'N'" StatementId="188" StatementCompId="239" StatementType="COND" RetrievedFromCache="true">
                                  <Condition />
                                  <Then>
                                    <Statements>
                                      <StmtSimple StatementText=" SET @CurrentCommand01 = @CurrentCommand01 + ', NULL AS PartitionID, NULL AS PartitionNumber, NULL AS PartitionCount'&#xD;&#xA;         " StatementId="189" StatementCompId="240" StatementType="ASSIGN" RetrievedFromCache="true" />
                                    </Statements>
                                  </Then>
                                </StmtCond>
                                <StmtSimple StatementText=" SET @CurrentCommand01 = @CurrentCommand01 + ', 0 AS Selected, 0 AS Completed FROM ' + QUOTENAME(@CurrentDatabaseName) + '.sys.indexes indexes INNER JOIN ' + QUOTENAME(@CurrentDatabaseName) + '.sys.objects objects ON indexes.[object_id] = objects.[object_id] INNER JOIN ' + QUOTENAME(@CurrentDatabaseName) + '.sys.schemas schemas ON objects.[schema_id] = schemas.[schema_id] LEFT OUTER JOIN ' + QUOTENAME(@CurrentDatabaseName) + '.sys.stats stats ON indexes.[object_id] = stats.[object_id] AND indexes.[index_id] = stats.[stats_id]'&#xD;&#xA;         " StatementId="190" StatementCompId="242" StatementType="ASSIGN" RetrievedFromCache="true" />
                                <StmtCond StatementText=" IF @PartitionLevel = 'Y'" StatementId="191" StatementCompId="243" StatementType="COND" RetrievedFromCache="true">
                                  <Condition />
                                  <Then>
                                    <Statements>
                                      <StmtSimple StatementText=" SET @CurrentCommand01 = @CurrentCommand01 + ' LEFT OUTER JOIN ' + QUOTENAME(@CurrentDatabaseName) + '.sys.partitions partitions ON indexes.[object_id] = partitions.[object_id] AND indexes.index_id = partitions.index_id LEFT OUTER JOIN (SELECT partitions.[object_id], partitions.index_id, COUNT(*) AS partition_count FROM ' + QUOTENAME(@CurrentDatabaseName) + '.sys.partitions partitions GROUP BY partitions.[object_id], partitions.index_id) IndexPartitions ON partitions.[object_id] = IndexPartitions.[object_id] AND partitions.[index_id] = IndexPartitions.[index_id]'&#xD;&#xA;         " StatementId="192" StatementCompId="244" StatementType="ASSIGN" RetrievedFromCache="true" />
                                    </Statements>
                                  </Then>
                                </StmtCond>
                                <StmtCond StatementText=" IF @PartitionLevel = 'Y'" StatementId="193" StatementCompId="246" StatementType="COND" RetrievedFromCache="true">
                                  <Condition />
                                  <Then>
                                    <Statements>
                                      <StmtSimple StatementText=" SET @CurrentCommand01 = @CurrentCommand01 + ' LEFT OUTER JOIN ' + QUOTENAME(@CurrentDatabaseName) + '.sys.dm_db_partition_stats dm_db_partition_stats ON indexes.[object_id] = dm_db_partition_stats.[object_id] AND indexes.[index_id] = dm_db_partition_stats.[index_id] AND partitions.partition_id = dm_db_partition_stats.partition_id'&#xD;&#xA;         " StatementId="194" StatementCompId="247" StatementType="ASSIGN" RetrievedFromCache="true" />
                                    </Statements>
                                  </Then>
                                </StmtCond>
                                <StmtCond StatementText=" IF @PartitionLevel = 'N'" StatementId="195" StatementCompId="249" StatementType="COND" RetrievedFromCache="true">
                                  <Condition />
                                  <Then>
                                    <Statements>
                                      <StmtSimple StatementText=" SET @CurrentCommand01 = @CurrentCommand01 + ' LEFT OUTER JOIN (SELECT dm_db_partition_stats.[object_id], dm_db_partition_stats.[index_id], SUM(dm_db_partition_stats.in_row_data_page_count) AS in_row_data_page_count FROM ' + QUOTENAME(@CurrentDatabaseName) + '.sys.dm_db_partition_stats dm_db_partition_stats GROUP BY dm_db_partition_stats.[object_id], dm_db_partition_stats.[index_id]) dm_db_partition_stats ON indexes.[object_id] = dm_db_partition_stats.[object_id] AND indexes.[index_id] = dm_db_partition_stats.[index_id]'&#xD;&#xA;         " StatementId="196" StatementCompId="250" StatementType="ASSIGN" RetrievedFromCache="true" />
                                    </Statements>
                                  </Then>
                                </StmtCond>
                                <StmtSimple StatementText=" SET @CurrentCommand01 = @CurrentCommand01 + ' WHERE objects.[type] IN(''U'',''V'') AND objects.is_ms_shipped = 0 AND indexes.[type] IN(1,2,3,4) AND indexes.is_disabled = 0 AND indexes.is_hypothetical = 0'&#xD;&#xA;         " StatementId="197" StatementCompId="252" StatementType="ASSIGN" RetrievedFromCache="true" />
                                <StmtCond StatementText=" IF (@UpdateStatistics NOT IN('ALL','INDEX') OR @UpdateStatistics IS NULL) AND @PageCountLevel &gt; 0" StatementId="198" StatementCompId="253" StatementType="COND" RetrievedFromCache="true">
                                  <Condition />
                                  <Then>
                                    <Statements>
                                      <StmtSimple StatementText=" SET @CurrentCommand01 = @CurrentCommand01 + ' AND (dm_db_partition_stats.in_row_data_page_count &gt;= @ParamPageCountLevel OR dm_db_partition_stats.in_row_data_page_count IS NULL)'&#xD;&#xA;         " StatementId="199" StatementCompId="254" StatementType="ASSIGN" RetrievedFromCache="true" />
                                    </Statements>
                                  </Then>
                                </StmtCond>
                                <StmtCond StatementText=" IF NOT EXISTS(SELECT * FROM @ActionsPreferred)" StatementId="200" StatementCompId="256" StatementType="COND WITH QUERY" RetrievedFromCache="true" StatementSubTreeCost="0.00328854" StatementEstRows="1" StatementOptmLevel="FULL" QueryHash="0x6FC3A05B2FD904B9" QueryPlanHash="0x9C183B1BBEF8DBB7" StatementOptmEarlyAbortReason="GoodEnoughPlanFound">
                                  <StatementSetOptions QUOTED_IDENTIFIER="false" ARITHABORT="false" CONCAT_NULL_YIELDS_NULL="true" ANSI_NULLS="true" ANSI_PADDING="true" ANSI_WARNINGS="true" NUMERIC_ROUNDABORT="false" />
                                  <Condition>
                                    <QueryPlan NonParallelPlanReason="MaxDOPSetToOne" CachedPlanSize="16" CompileTime="2" CompileCPU="2" CompileMemory="136">
                                      <MemoryGrantInfo SerialRequiredMemory="0" SerialDesiredMemory="0" />
                                      <OptimizerHardwareDependentProperties EstimatedAvailableMemoryGrant="193313" EstimatedPagesCached="773254" EstimatedAvailableDegreeOfParallelism="1" />
                                      <RelOp NodeId="0" PhysicalOp="Compute Scalar" LogicalOp="Compute Scalar" EstimateRows="1" EstimateIO="0" EstimateCPU="1e-007" AvgRowSize="11" EstimatedTotalSubtreeCost="0.00328854" Parallel="0" EstimateRebinds="0" EstimateRewinds="0" EstimatedExecutionMode="Row">
                                        <OutputList>
                                          <ColumnReference Column="Expr1005" />
                                        </OutputList>
                                        <ComputeScalar>
                                          <DefinedValues>
                                            <DefinedValue>
                                              <ColumnReference Column="Expr1005" />
                                              <ScalarOperator ScalarString="CASE WHEN [Expr1006] IS NULL THEN (1) ELSE (0) END">
                                                <IF>
                                                  <Condition>
                                                    <ScalarOperator>
                                                      <Compare CompareOp="IS">
                                                        <ScalarOperator>
                                                          <Identifier>
                                                            <ColumnReference Column="Expr1006" />
                                                          </Identifier>
                                                        </ScalarOperator>
                                                        <ScalarOperator>
                                                          <Const ConstValue="NULL" />
                                                        </ScalarOperator>
                                                      </Compare>
                                                    </ScalarOperator>
                                                  </Condition>
                                                  <Then>
                                                    <ScalarOperator>
                                                      <Const ConstValue="(1)" />
                                                    </ScalarOperator>
                                                  </Then>
                                                  <Else>
                                                    <ScalarOperator>
                                                      <Const ConstValue="(0)" />
                                                    </ScalarOperator>
                                                  </Else>
                                                </IF>
                                              </ScalarOperator>
                                            </DefinedValue>
                                          </DefinedValues>
                                          <RelOp NodeId="1" PhysicalOp="Nested Loops" LogicalOp="Left Semi Join" EstimateRows="1" EstimateIO="0" EstimateCPU="4.18e-006" AvgRowSize="9" EstimatedTotalSubtreeCost="0.00328844" Parallel="0" EstimateRebinds="0" EstimateRewinds="0" EstimatedExecutionMode="Row">
                                            <OutputList>
                                              <ColumnReference Column="Expr1006" />
                                            </OutputList>
                                            <NestedLoops Optimized="0">
                                              <DefinedValues>
                                                <DefinedValue>
                                                  <ColumnReference Column="Expr1006" />
                                                </DefinedValue>
                                              </DefinedValues>
                                              <ProbeColumn>
                                                <ColumnReference Column="Expr1006" />
                                              </ProbeColumn>
                                              <RelOp NodeId="2" PhysicalOp="Constant Scan" LogicalOp="Constant Scan" EstimateRows="1" EstimateIO="0" EstimateCPU="1.157e-006" AvgRowSize="9" EstimatedTotalSubtreeCost="1.157e-006" Parallel="0" EstimateRebinds="0" EstimateRewinds="0" EstimatedExecutionMode="Row">
                                                <OutputList />
                                                <ConstantScan />
                                              </RelOp>
                                              <RelOp NodeId="3" PhysicalOp="Table Scan" LogicalOp="Table Scan" EstimateRows="1" EstimateIO="0.003125" EstimateCPU="0.0001625" AvgRowSize="9" EstimatedTotalSubtreeCost="0.0032831" TableCardinality="5" Parallel="0" EstimateRebinds="0" EstimateRewinds="0" EstimatedExecutionMode="Row">
                                                <OutputList />
                                                <TableScan Ordered="0" ForcedIndex="0" ForceScan="0" NoExpandHint="0">
                                                  <DefinedValues />
                                                  <Object Table="[@ActionsPreferred]" />
                                                </TableScan>
                                              </RelOp>
                                            </NestedLoops>
                                          </RelOp>
                                        </ComputeScalar>
                                      </RelOp>
                                    </QueryPlan>
                                  </Condition>
                                  <Then>
                                    <Statements>
                                      <StmtSimple StatementText=" SET @CurrentCommand01 = @CurrentCommand01 + ' AND stats.stats_id IS NOT NULL'&#xD;&#xA;       " StatementId="201" StatementCompId="257" StatementType="ASSIGN" RetrievedFromCache="true" />
                                    </Statements>
                                  </Then>
                                </StmtCond>
                              </Statements>
                            </Then>
                          </StmtCond>
                          <StmtCond StatementText=" END&#xD;&#xA;&#xD;&#xA;        IF (EXISTS(SELECT * FROM @ActionsPreferred) AND @UpdateStatistics = 'COLUMNS') OR @UpdateStatistics = 'ALL'" StatementId="202" StatementCompId="260" StatementType="COND WITH QUERY" RetrievedFromCache="true" StatementSubTreeCost="7.174e-006" StatementEstRows="1" StatementOptmLevel="FULL" QueryHash="0x5D144957D7B757EF" QueryPlanHash="0xA83FDCE6CE379BFC" StatementOptmEarlyAbortReason="GoodEnoughPlanFound">
                            <StatementSetOptions QUOTED_IDENTIFIER="false" ARITHABORT="false" CONCAT_NULL_YIELDS_NULL="true" ANSI_NULLS="true" ANSI_PADDING="true" ANSI_WARNINGS="true" NUMERIC_ROUNDABORT="false" />
                            <Condition>
                              <QueryPlan NonParallelPlanReason="MaxDOPSetToOne" CachedPlanSize="16" CompileTime="3" CompileCPU="3" CompileMemory="184">
                                <MemoryGrantInfo SerialRequiredMemory="0" SerialDesiredMemory="0" />
                                <OptimizerHardwareDependentProperties EstimatedAvailableMemoryGrant="193313" EstimatedPagesCached="773254" EstimatedAvailableDegreeOfParallelism="1" />
                                <RelOp NodeId="0" PhysicalOp="Compute Scalar" LogicalOp="Compute Scalar" EstimateRows="1" EstimateIO="0" EstimateCPU="1e-007" AvgRowSize="11" EstimatedTotalSubtreeCost="7.174e-006" Parallel="0" EstimateRebinds="0" EstimateRewinds="0" EstimatedExecutionMode="Row">
                                  <OutputList>
                                    <ColumnReference Column="Expr1005" />
                                  </OutputList>
                                  <ComputeScalar>
                                    <DefinedValues>
                                      <DefinedValue>
                                        <ColumnReference Column="Expr1005" />
                                        <ScalarOperator ScalarString="CASE WHEN [Expr1006] THEN (1) ELSE (0) END">
                                          <IF>
                                            <Condition>
                                              <ScalarOperator>
                                                <Identifier>
                                                  <ColumnReference Column="Expr1006" />
                                                </Identifier>
                                              </ScalarOperator>
                                            </Condition>
                                            <Then>
                                              <ScalarOperator>
                                                <Const ConstValue="(1)" />
                                              </ScalarOperator>
                                            </Then>
                                            <Else>
                                              <ScalarOperator>
                                                <Const ConstValue="(0)" />
                                              </ScalarOperator>
                                            </Else>
                                          </IF>
                                        </ScalarOperator>
                                      </DefinedValue>
                                    </DefinedValues>
                                    <RelOp NodeId="1" PhysicalOp="Nested Loops" LogicalOp="Left Semi Join" EstimateRows="1" EstimateIO="0" EstimateCPU="4.18e-006" AvgRowSize="9" EstimatedTotalSubtreeCost="7.074e-006" Parallel="0" EstimateRebinds="0" EstimateRewinds="0" EstimatedExecutionMode="Row">
                                      <OutputList>
                                        <ColumnReference Column="Expr1006" />
                                      </OutputList>
                                      <NestedLoops Optimized="0">
                                        <DefinedValues>
                                          <DefinedValue>
                                            <ColumnReference Column="Expr1006" />
                                          </DefinedValue>
                                        </DefinedValues>
                                        <ProbeColumn>
                                          <ColumnReference Column="Expr1006" />
                                        </ProbeColumn>
                                        <RelOp NodeId="2" PhysicalOp="Constant Scan" LogicalOp="Constant Scan" EstimateRows="1" EstimateIO="0" EstimateCPU="1.157e-006" AvgRowSize="9" EstimatedTotalSubtreeCost="1.157e-006" Parallel="0" EstimateRebinds="0" EstimateRewinds="0" EstimatedExecutionMode="Row">
                                          <OutputList />
                                          <ConstantScan />
                                        </RelOp>
                                        <RelOp NodeId="3" PhysicalOp="Concatenation" LogicalOp="Concatenation" EstimateRows="1" EstimateIO="0" EstimateCPU="2e-007" AvgRowSize="9" EstimatedTotalSubtreeCost="1.737e-006" Parallel="0" EstimateRebinds="0" EstimateRewinds="0" EstimatedExecutionMode="Row">
                                          <OutputList />
                                          <Concat>
                                            <DefinedValues />
                                            <RelOp NodeId="4" PhysicalOp="Filter" LogicalOp="Filter" EstimateRows="1" EstimateIO="0" EstimateCPU="4.8e-007" AvgRowSize="9" EstimatedTotalSubtreeCost="1.637e-006" Parallel="0" EstimateRebinds="0" EstimateRewinds="0" EstimatedExecutionMode="Row">
                                              <OutputList />
                                              <Filter StartupExpression="1">
                                                <RelOp NodeId="5" PhysicalOp="Constant Scan" LogicalOp="Constant Scan" EstimateRows="1" EstimateIO="0" EstimateCPU="1.157e-006" AvgRowSize="9" EstimatedTotalSubtreeCost="1.157e-006" Parallel="0" EstimateRebinds="0" EstimateRewinds="0" EstimatedExecutionMode="Row">
                                                  <OutputList />
                                                  <ConstantScan />
                                                </RelOp>
                                                <Predicate>
                                                  <ScalarOperator ScalarString="[@UpdateStatistics]=N'ALL'">
                                                    <Compare CompareOp="EQ">
                                                      <ScalarOperator>
                                                        <Identifier>
                                                          <ColumnReference Column="@UpdateStatistics" />
                                                        </Identifier>
                                                      </ScalarOperator>
                                                      <ScalarOperator>
                                                        <Const ConstValue="N'ALL'" />
                                                      </ScalarOperator>
                                                    </Compare>
                                                  </ScalarOperator>
                                                </Predicate>
                                              </Filter>
                                            </RelOp>
                                            <RelOp NodeId="7" PhysicalOp="Filter" LogicalOp="Filter" EstimateRows="1" EstimateIO="0" EstimateCPU="2.4e-006" AvgRowSize="9" EstimatedTotalSubtreeCost="7.174e-006" Parallel="0" EstimateRebinds="0" EstimateRewinds="0" EstimatedExecutionMode="Row">
                                              <OutputList />
                                              <Filter StartupExpression="1">
                                                <RelOp NodeId="8" PhysicalOp="Table Scan" LogicalOp="Table Scan" EstimateRows="5" EstimateIO="0.003125" EstimateCPU="0.0001625" AvgRowSize="9" EstimatedTotalSubtreeCost="7.174e-006" TableCardinality="5" Parallel="0" EstimateRebinds="0" EstimateRewinds="0" EstimatedExecutionMode="Row">
                                                  <OutputList />
                                                  <TableScan Ordered="0" ForcedIndex="0" ForceScan="0" NoExpandHint="0">
                                                    <DefinedValues />
                                                    <Object Table="[@ActionsPreferred]" />
                                                  </TableScan>
                                                </RelOp>
                                                <Predicate>
                                                  <ScalarOperator ScalarString="[@UpdateStatistics]=N'COLUMNS'">
                                                    <Compare CompareOp="EQ">
                                                      <ScalarOperator>
                                                        <Identifier>
                                                          <ColumnReference Column="@UpdateStatistics" />
                                                        </Identifier>
                                                      </ScalarOperator>
                                                      <ScalarOperator>
                                                        <Const ConstValue="N'COLUMNS'" />
                                                      </ScalarOperator>
                                                    </Compare>
                                                  </ScalarOperator>
                                                </Predicate>
                                              </Filter>
                                            </RelOp>
                                          </Concat>
                                        </RelOp>
                                      </NestedLoops>
                                    </RelOp>
                                  </ComputeScalar>
                                </RelOp>
                                <ParameterList>
                                  <ColumnReference Column="@UpdateStatistics" ParameterCompiledValue="N'ALL'" />
                                </ParameterList>
                              </QueryPlan>
                            </Condition>
                            <Then>
                              <Statements>
                                <StmtSimple StatementText=" SET @CurrentCommand01 = @CurrentCommand01 + ' UNION '&#xD;&#xA;&#xD;&#xA;       " StatementId="203" StatementCompId="261" StatementType="ASSIGN" RetrievedFromCache="true" />
                              </Statements>
                            </Then>
                          </StmtCond>
                          <StmtCond StatementText=" IF @UpdateStatistics IN('ALL','COLUMNS')" StatementId="204" StatementCompId="263" StatementType="COND" RetrievedFromCache="true">
                            <Condition />
                            <Then>
                              <Statements>
                                <StmtSimple StatementText=" SET @CurrentCommand01 = @CurrentCommand01 + 'SELECT schemas.[schema_id] AS SchemaID, schemas.[name] AS SchemaName, objects.[object_id] AS ObjectID, objects.[name] AS ObjectName, RTRIM(objects.[type]) AS ObjectType, NULL AS IndexID, NULL AS IndexName, NULL AS IndexType, stats.stats_id AS StatisticsID, stats.name AS StatisticsName, NULL AS PartitionID, NULL AS PartitionNumber, NULL AS PartitionCount, 0 AS Selected, 0 AS Completed FROM ' + QUOTENAME(@CurrentDatabaseName) + '.sys.stats stats INNER JOIN ' + QUOTENAME(@CurrentDatabaseName) + '.sys.objects objects ON stats.[object_id] = objects.[object_id] INNER JOIN ' + QUOTENAME(@CurrentDatabaseName) + '.sys.schemas schemas ON objects.[schema_id] = schemas.[schema_id] WHERE objects.[type] IN(''U'',''V'') AND objects.is_ms_shipped = 0 AND NOT EXISTS(SELECT * FROM ' + QUOTENAME(@CurrentDatabaseName) + '.sys.indexes indexes WHERE indexes.[object_id] = stats.[object_id] AND indexes.index_id = stats.stats_id)'&#xD;&#xA;&#xD;&#xA;       " StatementId="205" StatementCompId="264" StatementType="ASSIGN" RetrievedFromCache="true" />
                              </Statements>
                            </Then>
                          </StmtCond>
                          <StmtSimple StatementText=" SET @CurrentCommand01 = @CurrentCommand01 + ') IndexesStatistics ORDER BY SchemaName ASC, ObjectName ASC'&#xD;&#xA;       " StatementId="206" StatementCompId="266" StatementType="ASSIGN" RetrievedFromCache="true" />
                          <StmtCond StatementText=" IF (EXISTS(SELECT * FROM @ActionsPreferred) AND @UpdateStatistics = 'COLUMNS') OR @UpdateStatistics = 'ALL'" StatementId="207" StatementCompId="267" StatementType="COND WITH QUERY" RetrievedFromCache="true" StatementSubTreeCost="7.174e-006" StatementEstRows="1" StatementOptmLevel="FULL" QueryHash="0x5D144957D7B757EF" QueryPlanHash="0xA83FDCE6CE379BFC" StatementOptmEarlyAbortReason="GoodEnoughPlanFound">
                            <StatementSetOptions QUOTED_IDENTIFIER="false" ARITHABORT="false" CONCAT_NULL_YIELDS_NULL="true" ANSI_NULLS="true" ANSI_PADDING="true" ANSI_WARNINGS="true" NUMERIC_ROUNDABORT="false" />
                            <Condition>
                              <QueryPlan NonParallelPlanReason="MaxDOPSetToOne" CachedPlanSize="16" CompileTime="3" CompileCPU="3" CompileMemory="184">
                                <MemoryGrantInfo SerialRequiredMemory="0" SerialDesiredMemory="0" />
                                <OptimizerHardwareDependentProperties EstimatedAvailableMemoryGrant="193313" EstimatedPagesCached="773254" EstimatedAvailableDegreeOfParallelism="1" />
                                <RelOp NodeId="0" PhysicalOp="Compute Scalar" LogicalOp="Compute Scalar" EstimateRows="1" EstimateIO="0" EstimateCPU="1e-007" AvgRowSize="11" EstimatedTotalSubtreeCost="7.174e-006" Parallel="0" EstimateRebinds="0" EstimateRewinds="0" EstimatedExecutionMode="Row">
                                  <OutputList>
                                    <ColumnReference Column="Expr1005" />
                                  </OutputList>
                                  <ComputeScalar>
                                    <DefinedValues>
                                      <DefinedValue>
                                        <ColumnReference Column="Expr1005" />
                                        <ScalarOperator ScalarString="CASE WHEN [Expr1006] THEN (1) ELSE (0) END">
                                          <IF>
                                            <Condition>
                                              <ScalarOperator>
                                                <Identifier>
                                                  <ColumnReference Column="Expr1006" />
                                                </Identifier>
                                              </ScalarOperator>
                                            </Condition>
                                            <Then>
                                              <ScalarOperator>
                                                <Const ConstValue="(1)" />
                                              </ScalarOperator>
                                            </Then>
                                            <Else>
                                              <ScalarOperator>
                                                <Const ConstValue="(0)" />
                                              </ScalarOperator>
                                            </Else>
                                          </IF>
                                        </ScalarOperator>
                                      </DefinedValue>
                                    </DefinedValues>
                                    <RelOp NodeId="1" PhysicalOp="Nested Loops" LogicalOp="Left Semi Join" EstimateRows="1" EstimateIO="0" EstimateCPU="4.18e-006" AvgRowSize="9" EstimatedTotalSubtreeCost="7.074e-006" Parallel="0" EstimateRebinds="0" EstimateRewinds="0" EstimatedExecutionMode="Row">
                                      <OutputList>
                                        <ColumnReference Column="Expr1006" />
                                      </OutputList>
                                      <NestedLoops Optimized="0">
                                        <DefinedValues>
                                          <DefinedValue>
                                            <ColumnReference Column="Expr1006" />
                                          </DefinedValue>
                                        </DefinedValues>
                                        <ProbeColumn>
                                          <ColumnReference Column="Expr1006" />
                                        </ProbeColumn>
                                        <RelOp NodeId="2" PhysicalOp="Constant Scan" LogicalOp="Constant Scan" EstimateRows="1" EstimateIO="0" EstimateCPU="1.157e-006" AvgRowSize="9" EstimatedTotalSubtreeCost="1.157e-006" Parallel="0" EstimateRebinds="0" EstimateRewinds="0" EstimatedExecutionMode="Row">
                                          <OutputList />
                                          <ConstantScan />
                                        </RelOp>
                                        <RelOp NodeId="3" PhysicalOp="Concatenation" LogicalOp="Concatenation" EstimateRows="1" EstimateIO="0" EstimateCPU="2e-007" AvgRowSize="9" EstimatedTotalSubtreeCost="1.737e-006" Parallel="0" EstimateRebinds="0" EstimateRewinds="0" EstimatedExecutionMode="Row">
                                          <OutputList />
                                          <Concat>
                                            <DefinedValues />
                                            <RelOp NodeId="4" PhysicalOp="Filter" LogicalOp="Filter" EstimateRows="1" EstimateIO="0" EstimateCPU="4.8e-007" AvgRowSize="9" EstimatedTotalSubtreeCost="1.637e-006" Parallel="0" EstimateRebinds="0" EstimateRewinds="0" EstimatedExecutionMode="Row">
                                              <OutputList />
                                              <Filter StartupExpression="1">
                                                <RelOp NodeId="5" PhysicalOp="Constant Scan" LogicalOp="Constant Scan" EstimateRows="1" EstimateIO="0" EstimateCPU="1.157e-006" AvgRowSize="9" EstimatedTotalSubtreeCost="1.157e-006" Parallel="0" EstimateRebinds="0" EstimateRewinds="0" EstimatedExecutionMode="Row">
                                                  <OutputList />
                                                  <ConstantScan />
                                                </RelOp>
                                                <Predicate>
                                                  <ScalarOperator ScalarString="[@UpdateStatistics]=N'ALL'">
                                                    <Compare CompareOp="EQ">
                                                      <ScalarOperator>
                                                        <Identifier>
                                                          <ColumnReference Column="@UpdateStatistics" />
                                                        </Identifier>
                                                      </ScalarOperator>
                                                      <ScalarOperator>
                                                        <Const ConstValue="N'ALL'" />
                                                      </ScalarOperator>
                                                    </Compare>
                                                  </ScalarOperator>
                                                </Predicate>
                                              </Filter>
                                            </RelOp>
                                            <RelOp NodeId="7" PhysicalOp="Filter" LogicalOp="Filter" EstimateRows="1" EstimateIO="0" EstimateCPU="2.4e-006" AvgRowSize="9" EstimatedTotalSubtreeCost="7.174e-006" Parallel="0" EstimateRebinds="0" EstimateRewinds="0" EstimatedExecutionMode="Row">
                                              <OutputList />
                                              <Filter StartupExpression="1">
                                                <RelOp NodeId="8" PhysicalOp="Table Scan" LogicalOp="Table Scan" EstimateRows="5" EstimateIO="0.003125" EstimateCPU="0.0001625" AvgRowSize="9" EstimatedTotalSubtreeCost="7.174e-006" TableCardinality="5" Parallel="0" EstimateRebinds="0" EstimateRewinds="0" EstimatedExecutionMode="Row">
                                                  <OutputList />
                                                  <TableScan Ordered="0" ForcedIndex="0" ForceScan="0" NoExpandHint="0">
                                                    <DefinedValues />
                                                    <Object Table="[@ActionsPreferred]" />
                                                  </TableScan>
                                                </RelOp>
                                                <Predicate>
                                                  <ScalarOperator ScalarString="[@UpdateStatistics]=N'COLUMNS'">
                                                    <Compare CompareOp="EQ">
                                                      <ScalarOperator>
                                                        <Identifier>
                                                          <ColumnReference Column="@UpdateStatistics" />
                                                        </Identifier>
                                                      </ScalarOperator>
                                                      <ScalarOperator>
                                                        <Const ConstValue="N'COLUMNS'" />
                                                      </ScalarOperator>
                                                    </Compare>
                                                  </ScalarOperator>
                                                </Predicate>
                                              </Filter>
                                            </RelOp>
                                          </Concat>
                                        </RelOp>
                                      </NestedLoops>
                                    </RelOp>
                                  </ComputeScalar>
                                </RelOp>
                                <ParameterList>
                                  <ColumnReference Column="@UpdateStatistics" ParameterCompiledValue="N'ALL'" />
                                </ParameterList>
                              </QueryPlan>
                            </Condition>
                            <Then>
                              <Statements>
                                <StmtSimple StatementText=" SET @CurrentCommand01 = @CurrentCommand01 + ', CASE WHEN IndexType IS NULL THEN 1 ELSE 0 END ASC'&#xD;&#xA;       " StatementId="208" StatementCompId="268" StatementType="ASSIGN" RetrievedFromCache="true" />
                              </Statements>
                            </Then>
                          </StmtCond>
                          <StmtCond StatementText=" IF EXISTS(SELECT * FROM @ActionsPreferred) OR @UpdateStatistics IN('ALL','INDEX')" StatementId="209" StatementCompId="270" StatementType="COND WITH QUERY" RetrievedFromCache="true" StatementSubTreeCost="7.574e-006" StatementEstRows="1" StatementOptmLevel="FULL" QueryHash="0x2230173D29D6DC68" QueryPlanHash="0xBED257F037B649D5" StatementOptmEarlyAbortReason="GoodEnoughPlanFound">
                            <StatementSetOptions QUOTED_IDENTIFIER="false" ARITHABORT="false" CONCAT_NULL_YIELDS_NULL="true" ANSI_NULLS="true" ANSI_PADDING="true" ANSI_WARNINGS="true" NUMERIC_ROUNDABORT="false" />
                            <Condition>
                              <QueryPlan NonParallelPlanReason="MaxDOPSetToOne" CachedPlanSize="16" CompileTime="3" CompileCPU="3" CompileMemory="176">
                                <MemoryGrantInfo SerialRequiredMemory="0" SerialDesiredMemory="0" />
                                <OptimizerHardwareDependentProperties EstimatedAvailableMemoryGrant="193313" EstimatedPagesCached="773254" EstimatedAvailableDegreeOfParallelism="1" />
                                <RelOp NodeId="0" PhysicalOp="Compute Scalar" LogicalOp="Compute Scalar" EstimateRows="1" EstimateIO="0" EstimateCPU="1e-007" AvgRowSize="11" EstimatedTotalSubtreeCost="7.574e-006" Parallel="0" EstimateRebinds="0" EstimateRewinds="0" EstimatedExecutionMode="Row">
                                  <OutputList>
                                    <ColumnReference Column="Expr1005" />
                                  </OutputList>
                                  <ComputeScalar>
                                    <DefinedValues>
                                      <DefinedValue>
                                        <ColumnReference Column="Expr1005" />
                                        <ScalarOperator ScalarString="CASE WHEN [Expr1006] THEN (1) ELSE (0) END">
                                          <IF>
                                            <Condition>
                                              <ScalarOperator>
                                                <Identifier>
                                                  <ColumnReference Column="Expr1006" />
                                                </Identifier>
                                              </ScalarOperator>
                                            </Condition>
                                            <Then>
                                              <ScalarOperator>
                                                <Const ConstValue="(1)" />
                                              </ScalarOperator>
                                            </Then>
                                            <Else>
                                              <ScalarOperator>
                                                <Const ConstValue="(0)" />
                                              </ScalarOperator>
                                            </Else>
                                          </IF>
                                        </ScalarOperator>
                                      </DefinedValue>
                                    </DefinedValues>
                                    <RelOp NodeId="1" PhysicalOp="Nested Loops" LogicalOp="Left Semi Join" EstimateRows="1" EstimateIO="0" EstimateCPU="4.18e-006" AvgRowSize="9" EstimatedTotalSubtreeCost="7.474e-006" Parallel="0" EstimateRebinds="0" EstimateRewinds="0" EstimatedExecutionMode="Row">
                                      <OutputList>
                                        <ColumnReference Column="Expr1006" />
                                      </OutputList>
                                      <NestedLoops Optimized="0">
                                        <DefinedValues>
                                          <DefinedValue>
                                            <ColumnReference Column="Expr1006" />
                                          </DefinedValue>
                                        </DefinedValues>
                                        <ProbeColumn>
                                          <ColumnReference Column="Expr1006" />
                                        </ProbeColumn>
                                        <RelOp NodeId="2" PhysicalOp="Constant Scan" LogicalOp="Constant Scan" EstimateRows="1" EstimateIO="0" EstimateCPU="1.157e-006" AvgRowSize="9" EstimatedTotalSubtreeCost="1.157e-006" Parallel="0" EstimateRebinds="0" EstimateRewinds="0" EstimatedExecutionMode="Row">
                                          <OutputList />
                                          <ConstantScan />
                                        </RelOp>
                                        <RelOp NodeId="3" PhysicalOp="Concatenation" LogicalOp="Concatenation" EstimateRows="1" EstimateIO="0" EstimateCPU="6e-007" AvgRowSize="9" EstimatedTotalSubtreeCost="2.137e-006" Parallel="0" EstimateRebinds="0" EstimateRewinds="0" EstimatedExecutionMode="Row">
                                          <OutputList />
                                          <Concat>
                                            <DefinedValues />
                                            <RelOp NodeId="4" PhysicalOp="Filter" LogicalOp="Filter" EstimateRows="1" EstimateIO="0" EstimateCPU="8.8e-007" AvgRowSize="9" EstimatedTotalSubtreeCost="2.037e-006" Parallel="0" EstimateRebinds="0" EstimateRewinds="0" EstimatedExecutionMode="Row">
                                              <OutputList />
                                              <Filter StartupExpression="1">
                                                <RelOp NodeId="5" PhysicalOp="Constant Scan" LogicalOp="Constant Scan" EstimateRows="1" EstimateIO="0" EstimateCPU="1.157e-006" AvgRowSize="9" EstimatedTotalSubtreeCost="1.157e-006" Parallel="0" EstimateRebinds="0" EstimateRewinds="0" EstimatedExecutionMode="Row">
                                                  <OutputList />
                                                  <ConstantScan />
                                                </RelOp>
                                                <Predicate>
                                                  <ScalarOperator ScalarString="[@UpdateStatistics]=N'INDEX' OR [@UpdateStatistics]=N'ALL'">
                                                    <Logical Operation="OR">
                                                      <ScalarOperator>
                                                        <Compare CompareOp="EQ">
                                                          <ScalarOperator>
                                                            <Identifier>
                                                              <ColumnReference Column="@UpdateStatistics" />
                                                            </Identifier>
                                                          </ScalarOperator>
                                                          <ScalarOperator>
                                                            <Const ConstValue="N'INDEX'" />
                                                          </ScalarOperator>
                                                        </Compare>
                                                      </ScalarOperator>
                                                      <ScalarOperator>
                                                        <Compare CompareOp="EQ">
                                                          <ScalarOperator>
                                                            <Identifier>
                                                              <ColumnReference Column="@UpdateStatistics" />
                                                            </Identifier>
                                                          </ScalarOperator>
                                                          <ScalarOperator>
                                                            <Const ConstValue="N'ALL'" />
                                                          </ScalarOperator>
                                                        </Compare>
                                                      </ScalarOperator>
                                                    </Logical>
                                                  </ScalarOperator>
                                                </Predicate>
                                              </Filter>
                                            </RelOp>
                                            <RelOp NodeId="7" PhysicalOp="Table Scan" LogicalOp="Table Scan" EstimateRows="1" EstimateIO="0.003125" EstimateCPU="0.0001625" AvgRowSize="9" EstimatedTotalSubtreeCost="7.574e-006" TableCardinality="5" Parallel="0" EstimateRebinds="0" EstimateRewinds="0" EstimatedExecutionMode="Row">
                                              <OutputList />
                                              <TableScan Ordered="0" ForcedIndex="0" ForceScan="0" NoExpandHint="0">
                                                <DefinedValues />
                                                <Object Table="[@ActionsPreferred]" />
                                              </TableScan>
                                            </RelOp>
                                          </Concat>
                                        </RelOp>
                                      </NestedLoops>
                                    </RelOp>
                                  </ComputeScalar>
                                </RelOp>
                                <ParameterList>
                                  <ColumnReference Column="@UpdateStatistics" ParameterCompiledValue="N'ALL'" />
                                </ParameterList>
                              </QueryPlan>
                            </Condition>
                            <Then>
                              <Statements>
                                <StmtSimple StatementText=" SET @CurrentCommand01 = @CurrentCommand01 + ', IndexType ASC, IndexName ASC'&#xD;&#xA;       " StatementId="210" StatementCompId="271" StatementType="ASSIGN" RetrievedFromCache="true" />
                              </Statements>
                            </Then>
                          </StmtCond>
                          <StmtCond StatementText=" IF @UpdateStatistics IN('ALL','COLUMNS')" StatementId="211" StatementCompId="273" StatementType="COND" RetrievedFromCache="true">
                            <Condition />
                            <Then>
                              <Statements>
                                <StmtSimple StatementText=" SET @CurrentCommand01 = @CurrentCommand01 + ', StatisticsName ASC'&#xD;&#xA;       " StatementId="212" StatementCompId="274" StatementType="ASSIGN" RetrievedFromCache="true" />
                              </Statements>
                            </Then>
                          </StmtCond>
                          <StmtCond StatementText=" IF @PartitionLevel = 'Y'" StatementId="213" StatementCompId="276" StatementType="COND" RetrievedFromCache="true">
                            <Condition />
                            <Then>
                              <Statements>
                                <StmtSimple StatementText=" SET @CurrentCommand01 = @CurrentCommand01 + ', PartitionNumber ASC'&#xD;&#xA;&#xD;&#xA;       " StatementId="214" StatementCompId="277" StatementType="ASSIGN" RetrievedFromCache="true" />
                              </Statements>
                            </Then>
                          </StmtCond>
                          <StmtSimple StatementText=" INSERT INTO @tmpIndexesStatistics (SchemaID, SchemaName, ObjectID, ObjectName, ObjectType, IndexID, IndexName, IndexType, StatisticsID, StatisticsName, PartitionID, PartitionNumber, PartitionCount, Selected, Completed)&#xD;&#xA;        EXECUTE sp_executesql @statement = @CurrentCommand01, @params = N'@ParamPageCountLevel int', @ParamPageCountLevel = @PageCountLevel        &#xD;&#xA;        &#xD;&#xA;       " StatementId="215" StatementCompId="279" StatementType="INSERT EXEC" RetrievedFromCache="true" StatementSubTreeCost="0.0231727" StatementEstRows="1" StatementOptmLevel="TRIVIAL" QueryHash="0x8F6C094E61EBC021" QueryPlanHash="0xD7EC374650D50DFD">
                            <StatementSetOptions QUOTED_IDENTIFIER="false" ARITHABORT="false" CONCAT_NULL_YIELDS_NULL="true" ANSI_NULLS="true" ANSI_PADDING="true" ANSI_WARNINGS="true" NUMERIC_ROUNDABORT="false" />
                            <QueryPlan NonParallelPlanReason="MaxDOPSetToOne" CachedPlanSize="32" CompileTime="1" CompileCPU="1" CompileMemory="152">
                              <MemoryGrantInfo SerialRequiredMemory="0" SerialDesiredMemory="0" />
                              <OptimizerHardwareDependentProperties EstimatedAvailableMemoryGrant="193313" EstimatedPagesCached="773254" EstimatedAvailableDegreeOfParallelism="1" />
                              <RelOp NodeId="0" PhysicalOp="Clustered Index Insert" LogicalOp="Insert" EstimateRows="1" EstimateIO="0.0198885" EstimateCPU="1e-006" AvgRowSize="9" EstimatedTotalSubtreeCost="0.0231727" Parallel="0" EstimateRebinds="0" EstimateRewinds="0" EstimatedExecutionMode="Row">
                                <OutputList />
                                <Update DMLRequestSort="0">
                                  <Object Table="[@tmpIndexesStatistics]" Index="[PK__#B6DF63E__0861D20E8259BF05]" />
                                  <SetPredicate>
                                    <ScalarOperator ScalarString="[SchemaID] = [Parameter Table].[SchemaID] as [ParameterTable].[SchemaID],[SchemaName] = [Parameter Table].[SchemaName] as [ParameterTable].[SchemaName],[ObjectID] = [Parameter Table].[ObjectID] as [ParameterTable].[ObjectID],[ObjectName] = [Parameter Table].[ObjectName] as [ParameterTable].[ObjectName],[ObjectType] = [Parameter Table].[ObjectType] as [ParameterTable].[ObjectType],[IndexID] = [Parameter Table].[IndexID] as [ParameterTable].[IndexID],[IndexName] = [Parameter Table].[IndexName] as [ParameterTable].[IndexName],[IndexType] = [Parameter Table].[IndexType] as [ParameterTable].[IndexType],[StatisticsID] = [Parameter Table].[StatisticsID] as [ParameterTable].[StatisticsID],[StatisticsName] = [Parameter Table].[StatisticsName] as [ParameterTable].[StatisticsName],[PartitionID] = [Parameter Table].[PartitionID] as [ParameterTable].[PartitionID],[PartitionNumber] = [Parameter Table].[PartitionNumber] as [ParameterTable].[PartitionNumber],[PartitionCount] = [Parameter Table].[PartitionCount] as [ParameterTable].[PartitionCount],[Selected] = RaiseIfNullInsert([Parameter Table].[Selected] as [ParameterTable].[Selected]),[Completed] = RaiseIfNullInsert([Parameter Table].[Completed] as [ParameterTable].[Completed]),[ID] = [Expr1005]">
                                      <ScalarExpressionList>
                                        <ScalarOperator>
                                          <MultipleAssign>
                                            <Assign>
                                              <ColumnReference Column="SchemaID" />
                                              <ScalarOperator>
                                                <Identifier>
                                                  <ColumnReference Table="[Parameter Table]" Alias="[ParameterTable]" Column="SchemaID" />
                                                </Identifier>
                                              </ScalarOperator>
                                            </Assign>
                                            <Assign>
                                              <ColumnReference Column="SchemaName" />
                                              <ScalarOperator>
                                                <Identifier>
                                                  <ColumnReference Table="[Parameter Table]" Alias="[ParameterTable]" Column="SchemaName" />
                                                </Identifier>
                                              </ScalarOperator>
                                            </Assign>
                                            <Assign>
                                              <ColumnReference Column="ObjectID" />
                                              <ScalarOperator>
                                                <Identifier>
                                                  <ColumnReference Table="[Parameter Table]" Alias="[ParameterTable]" Column="ObjectID" />
                                                </Identifier>
                                              </ScalarOperator>
                                            </Assign>
                                            <Assign>
                                              <ColumnReference Column="ObjectName" />
                                              <ScalarOperator>
                                                <Identifier>
                                                  <ColumnReference Table="[Parameter Table]" Alias="[ParameterTable]" Column="ObjectName" />
                                                </Identifier>
                                              </ScalarOperator>
                                            </Assign>
                                            <Assign>
                                              <ColumnReference Column="ObjectType" />
                                              <ScalarOperator>
                                                <Identifier>
                                                  <ColumnReference Table="[Parameter Table]" Alias="[ParameterTable]" Column="ObjectType" />
                                                </Identifier>
                                              </ScalarOperator>
                                            </Assign>
                                            <Assign>
                                              <ColumnReference Column="IndexID" />
                                              <ScalarOperator>
                                                <Identifier>
                                                  <ColumnReference Table="[Parameter Table]" Alias="[ParameterTable]" Column="IndexID" />
                                                </Identifier>
                                              </ScalarOperator>
                                            </Assign>
                                            <Assign>
                                              <ColumnReference Column="IndexName" />
                                              <ScalarOperator>
                                                <Identifier>
                                                  <ColumnReference Table="[Parameter Table]" Alias="[ParameterTable]" Column="IndexName" />
                                                </Identifier>
                                              </ScalarOperator>
                                            </Assign>
                                            <Assign>
                                              <ColumnReference Column="IndexType" />
                                              <ScalarOperator>
                                                <Identifier>
                                                  <ColumnReference Table="[Parameter Table]" Alias="[ParameterTable]" Column="IndexType" />
                                                </Identifier>
                                              </ScalarOperator>
                                            </Assign>
                                            <Assign>
                                              <ColumnReference Column="StatisticsID" />
                                              <ScalarOperator>
                                                <Identifier>
                                                  <ColumnReference Table="[Parameter Table]" Alias="[ParameterTable]" Column="StatisticsID" />
                                                </Identifier>
                                              </ScalarOperator>
                                            </Assign>
                                            <Assign>
                                              <ColumnReference Column="StatisticsName" />
                                              <ScalarOperator>
                                                <Identifier>
                                                  <ColumnReference Table="[Parameter Table]" Alias="[ParameterTable]" Column="StatisticsName" />
                                                </Identifier>
                                              </ScalarOperator>
                                            </Assign>
                                            <Assign>
                                              <ColumnReference Column="PartitionID" />
                                              <ScalarOperator>
                                                <Identifier>
                                                  <ColumnReference Table="[Parameter Table]" Alias="[ParameterTable]" Column="PartitionID" />
                                                </Identifier>
                                              </ScalarOperator>
                                            </Assign>
                                            <Assign>
                                              <ColumnReference Column="PartitionNumber" />
                                              <ScalarOperator>
                                                <Identifier>
                                                  <ColumnReference Table="[Parameter Table]" Alias="[ParameterTable]" Column="PartitionNumber" />
                                                </Identifier>
                                              </ScalarOperator>
                                            </Assign>
                                            <Assign>
                                              <ColumnReference Column="PartitionCount" />
                                              <ScalarOperator>
                                                <Identifier>
                                                  <ColumnReference Table="[Parameter Table]" Alias="[ParameterTable]" Column="PartitionCount" />
                                                </Identifier>
                                              </ScalarOperator>
                                            </Assign>
                                            <Assign>
                                              <ColumnReference Column="Selected" />
                                              <ScalarOperator>
                                                <Intrinsic FunctionName="RaiseIfNullInsert">
                                                  <ScalarOperator>
                                                    <Identifier>
                                                      <ColumnReference Table="[Parameter Table]" Alias="[ParameterTable]" Column="Selected" />
                                                    </Identifier>
                                                  </ScalarOperator>
                                                </Intrinsic>
                                              </ScalarOperator>
                                            </Assign>
                                            <Assign>
                                              <ColumnReference Column="Completed" />
                                              <ScalarOperator>
                                                <Intrinsic FunctionName="RaiseIfNullInsert">
                                                  <ScalarOperator>
                                                    <Identifier>
                                                      <ColumnReference Table="[Parameter Table]" Alias="[ParameterTable]" Column="Completed" />
                                                    </Identifier>
                                                  </ScalarOperator>
                                                </Intrinsic>
                                              </ScalarOperator>
                                            </Assign>
                                            <Assign>
                                              <ColumnReference Column="ID" />
                                              <ScalarOperator>
                                                <Identifier>
                                                  <ColumnReference Column="Expr1005" />
                                                </Identifier>
                                              </ScalarOperator>
                                            </Assign>
                                          </MultipleAssign>
                                        </ScalarOperator>
                                      </ScalarExpressionList>
                                    </ScalarOperator>
                                  </SetPredicate>
                                  <RelOp NodeId="1" PhysicalOp="Compute Scalar" LogicalOp="Compute Scalar" EstimateRows="1" EstimateIO="0" EstimateCPU="1e-007" AvgRowSize="20181" EstimatedTotalSubtreeCost="0.0032832" Parallel="0" EstimateRebinds="0" EstimateRewinds="0" EstimatedExecutionMode="Row">
                                    <OutputList>
                                      <ColumnReference Table="[Parameter Table]" Alias="[ParameterTable]" Column="SchemaID" />
                                      <ColumnReference Table="[Parameter Table]" Alias="[ParameterTable]" Column="SchemaName" />
                                      <ColumnReference Table="[Parameter Table]" Alias="[ParameterTable]" Column="ObjectID" />
                                      <ColumnReference Table="[Parameter Table]" Alias="[ParameterTable]" Column="ObjectName" />
                                      <ColumnReference Table="[Parameter Table]" Alias="[ParameterTable]" Column="ObjectType" />
                                      <ColumnReference Table="[Parameter Table]" Alias="[ParameterTable]" Column="IndexID" />
                                      <ColumnReference Table="[Parameter Table]" Alias="[ParameterTable]" Column="IndexName" />
                                      <ColumnReference Table="[Parameter Table]" Alias="[ParameterTable]" Column="IndexType" />
                                      <ColumnReference Table="[Parameter Table]" Alias="[ParameterTable]" Column="StatisticsID" />
                                      <ColumnReference Table="[Parameter Table]" Alias="[ParameterTable]" Column="StatisticsName" />
                                      <ColumnReference Table="[Parameter Table]" Alias="[ParameterTable]" Column="PartitionID" />
                                      <ColumnReference Table="[Parameter Table]" Alias="[ParameterTable]" Column="PartitionNumber" />
                                      <ColumnReference Table="[Parameter Table]" Alias="[ParameterTable]" Column="PartitionCount" />
                                      <ColumnReference Table="[Parameter Table]" Alias="[ParameterTable]" Column="Selected" />
                                      <ColumnReference Table="[Parameter Table]" Alias="[ParameterTable]" Column="Completed" />
                                      <ColumnReference Column="Expr1005" />
                                    </OutputList>
                                    <ComputeScalar ComputeSequence="1">
                                      <DefinedValues>
                                        <DefinedValue>
                                          <ColumnReference Column="Expr1005" />
                                          <ScalarOperator ScalarString="getidentity((-1226873884),(2),N'@tmpIndexesStatistics')">
                                            <Intrinsic FunctionName="getidentity">
                                              <ScalarOperator>
                                                <Const ConstValue="(-1226873884)" />
                                              </ScalarOperator>
                                              <ScalarOperator>
                                                <Const ConstValue="(2)" />
                                              </ScalarOperator>
                                              <ScalarOperator>
                                                <Const ConstValue="N'@tmpIndexesStatistics'" />
                                              </ScalarOperator>
                                            </Intrinsic>
                                          </ScalarOperator>
                                        </DefinedValue>
                                      </DefinedValues>
                                      <RelOp NodeId="2" PhysicalOp="Parameter Table Scan" LogicalOp="Parameter Table Scan" EstimateRows="1" EstimateIO="0.0032035" EstimateCPU="7.96e-005" AvgRowSize="20177" EstimatedTotalSubtreeCost="0.0032831" TableCardinality="0" Parallel="0" EstimateRebinds="0" EstimateRewinds="0" EstimatedExecutionMode="Row">
                                        <OutputList>
                                          <ColumnReference Table="[Parameter Table]" Alias="[ParameterTable]" Column="SchemaID" />
                                          <ColumnReference Table="[Parameter Table]" Alias="[ParameterTable]" Column="SchemaName" />
                                          <ColumnReference Table="[Parameter Table]" Alias="[ParameterTable]" Column="ObjectID" />
                                          <ColumnReference Table="[Parameter Table]" Alias="[ParameterTable]" Column="ObjectName" />
                                          <ColumnReference Table="[Parameter Table]" Alias="[ParameterTable]" Column="ObjectType" />
                                          <ColumnReference Table="[Parameter Table]" Alias="[ParameterTable]" Column="IndexID" />
                                          <ColumnReference Table="[Parameter Table]" Alias="[ParameterTable]" Column="IndexName" />
                                          <ColumnReference Table="[Parameter Table]" Alias="[ParameterTable]" Column="IndexType" />
                                          <ColumnReference Table="[Parameter Table]" Alias="[ParameterTable]" Column="StatisticsID" />
                                          <ColumnReference Table="[Parameter Table]" Alias="[ParameterTable]" Column="StatisticsName" />
                                          <ColumnReference Table="[Parameter Table]" Alias="[ParameterTable]" Column="PartitionID" />
                                          <ColumnReference Table="[Parameter Table]" Alias="[ParameterTable]" Column="PartitionNumber" />
                                          <ColumnReference Table="[Parameter Table]" Alias="[ParameterTable]" Column="PartitionCount" />
                                          <ColumnReference Table="[Parameter Table]" Alias="[ParameterTable]" Column="Selected" />
                                          <ColumnReference Table="[Parameter Table]" Alias="[ParameterTable]" Column="Completed" />
                                        </OutputList>
                                        <ParameterTableScan />
                                      </RelOp>
                                    </ComputeScalar>
                                  </RelOp>
                                </Update>
                              </RelOp>
                            </QueryPlan>
                          </StmtSimple>
                          <StmtSimple StatementId="215" StatementCompId="279" StatementType="EXECUTE PROC" RetrievedFromCache="true" />
                          <StmtSimple StatementText=" SET @Error = @@ERROR&#xD;&#xA;       " StatementId="216" StatementCompId="280" StatementType="ASSIGN" RetrievedFromCache="true" />
                          <StmtCond StatementText=" IF @Error &lt;&gt; 0&#xD;&#xA;       " StatementId="217" StatementCompId="281" StatementType="COND" RetrievedFromCache="true">
                            <Condition />
                            <Then>
                              <Statements>
                                <StmtSimple StatementText=" BEGIN&#xD;&#xA;          SET @ReturnCode = @Error&#xD;&#xA;       " StatementId="218" StatementCompId="282" StatementType="ASSIGN" RetrievedFromCache="true" />
                              </Statements>
                            </Then>
                          </StmtCond>
                          <StmtCond StatementText=" END&#xD;&#xA;         &#xD;&#xA;        IF(Isnull(@ExcludeIndexFromDefrag,1)=1)&#xD;&#xA;       " StatementId="219" StatementCompId="284" StatementType="COND" RetrievedFromCache="true">
                            <Condition />
                            <Then>
                              <Statements>
                                <StmtSimple StatementText=" BEGIN&#xD;&#xA;&#x9;&#x9;&#x9;SET @Error = @@ERROR        &#xD;&#xA;&#x9;&#x9;" StatementId="220" StatementCompId="285" StatementType="ASSIGN" RetrievedFromCache="true" />
                                <StmtSimple StatementText="&#x9;DELETE from @tmpIndexesStatistics WHERE&#xD;&#xA;&#x9;&#x9;&#x9;objectID  in (SELECT Object_id FROM dbo.IndexDefragObjectsToExclude)&#xD;&#xA;&#x9;" StatementId="221" StatementCompId="286" StatementType="DELETE" RetrievedFromCache="true" StatementSubTreeCost="0.416092" StatementEstRows="845.3" StatementOptmLevel="FULL" QueryHash="0x4D0B4FEADF07DBCC" QueryPlanHash="0xFA49EAD92B02056" StatementOptmEarlyAbortReason="GoodEnoughPlanFound">
                                  <StatementSetOptions QUOTED_IDENTIFIER="false" ARITHABORT="false" CONCAT_NULL_YIELDS_NULL="true" ANSI_NULLS="true" ANSI_PADDING="true" ANSI_WARNINGS="true" NUMERIC_ROUNDABORT="false" />
                                  <QueryPlan NonParallelPlanReason="MaxDOPSetToOne" CachedPlanSize="40" CompileTime="4" CompileCPU="4" CompileMemory="224">
                                    <MemoryGrantInfo SerialRequiredMemory="1024" SerialDesiredMemory="1112" />
                                    <OptimizerHardwareDependentProperties EstimatedAvailableMemoryGrant="193313" EstimatedPagesCached="773254" EstimatedAvailableDegreeOfParallelism="1" />
                                    <RelOp NodeId="0" PhysicalOp="Clustered Index Delete" LogicalOp="Delete" EstimateRows="845.3" EstimateIO="0.157297" EstimateCPU="0.0008453" AvgRowSize="9" EstimatedTotalSubtreeCost="0.416092" Parallel="0" EstimateRebinds="0" EstimateRewinds="0" EstimatedExecutionMode="Row">
                                      <OutputList />
                                      <Update DMLRequestSort="0">
                                        <Object Table="[@tmpIndexesStatistics]" Index="[PK__#B6DF63E__0861D20E8259BF05]" />
                                        <RelOp NodeId="2" PhysicalOp="Hash Match" LogicalOp="Inner Join" EstimateRows="845.3" EstimateIO="0" EstimateCPU="0.0739353" AvgRowSize="12" EstimatedTotalSubtreeCost="0.25795" Parallel="0" EstimateRebinds="0" EstimateRewinds="0" EstimatedExecutionMode="Row">
                                          <OutputList>
                                            <ColumnReference Column="ID" />
                                            <ColumnReference Column="Selected" />
                                            <ColumnReference Column="Completed" />
                                          </OutputList>
                                          <MemoryFractions Input="1" Output="1" />
                                          <Hash>
                                            <DefinedValues />
                                            <HashKeysBuild>
                                              <ColumnReference Database="[OPS]" Schema="[dbo]" Table="[IndexDefragObjectsToExclude]" Column="Object_Id" />
                                            </HashKeysBuild>
                                            <HashKeysProbe>
                                              <ColumnReference Column="ObjectID" />
                                            </HashKeysProbe>
                                            <ProbeResidual>
                                              <ScalarOperator ScalarString="[ObjectID]=[OPS].[dbo].[IndexDefragObjectsToExclude].[Object_Id]">
                                                <Compare CompareOp="EQ">
                                                  <ScalarOperator>
                                                    <Identifier>
                                                      <ColumnReference Column="ObjectID" />
                                                    </Identifier>
                                                  </ScalarOperator>
                                                  <ScalarOperator>
                                                    <Identifier>
                                                      <ColumnReference Database="[OPS]" Schema="[dbo]" Table="[IndexDefragObjectsToExclude]" Column="Object_Id" />
                                                    </Identifier>
                                                  </ScalarOperator>
                                                </Compare>
                                              </ScalarOperator>
                                            </ProbeResidual>
                                            <RelOp NodeId="3" PhysicalOp="Clustered Index Scan" LogicalOp="Clustered Index Scan" EstimateRows="1" EstimateIO="0.003125" EstimateCPU="0.0001581" AvgRowSize="11" EstimatedTotalSubtreeCost="0.0032831" TableCardinality="0" Parallel="0" EstimateRebinds="0" EstimateRewinds="0" EstimatedExecutionMode="Row">
                                              <OutputList>
                                                <ColumnReference Database="[OPS]" Schema="[dbo]" Table="[IndexDefragObjectsToExclude]" Column="Object_Id" />
                                              </OutputList>
                                              <IndexScan Ordered="0" ForcedIndex="0" ForceScan="0" NoExpandHint="0">
                                                <DefinedValues>
                                                  <DefinedValue>
                                                    <ColumnReference Database="[OPS]" Schema="[dbo]" Table="[IndexDefragObjectsToExclude]" Column="Object_Id" />
                                                  </DefinedValue>
                                                </DefinedValues>
                                                <Object Database="[OPS]" Schema="[dbo]" Table="[IndexDefragObjectsToExclude]" Index="[PK__IndexDef__33D251CE8332827B]" IndexKind="Clustered" />
                                              </IndexScan>
                                            </RelOp>
                                            <RelOp NodeId="4" PhysicalOp="Clustered Index Scan" LogicalOp="Clustered Index Scan" EstimateRows="8453" EstimateIO="0.171273" EstimateCPU="0.0094553" AvgRowSize="16" EstimatedTotalSubtreeCost="0.180728" TableCardinality="8453" Parallel="0" EstimateRebinds="0" EstimateRewinds="0" EstimatedExecutionMode="Row">
                                              <OutputList>
                                                <ColumnReference Column="ID" />
                                                <ColumnReference Column="ObjectID" />
                                                <ColumnReference Column="Selected" />
                                                <ColumnReference Column="Completed" />
                                              </OutputList>
                                              <IndexScan Ordered="1" ForcedIndex="0" ForceScan="0" NoExpandHint="0">
                                                <DefinedValues>
                                                  <DefinedValue>
                                                    <ColumnReference Column="ID" />
                                                  </DefinedValue>
                                                  <DefinedValue>
                                                    <ColumnReference Column="ObjectID" />
                                                  </DefinedValue>
                                                  <DefinedValue>
                                                    <ColumnReference Column="Selected" />
                                                  </DefinedValue>
                                                  <DefinedValue>
                                                    <ColumnReference Column="Completed" />
                                                  </DefinedValue>
                                                </DefinedValues>
                                                <Object Table="[@tmpIndexesStatistics]" Index="[PK__#B6DF63E__0861D20E8259BF05]" />
                                              </IndexScan>
                                            </RelOp>
                                          </Hash>
                                        </RelOp>
                                      </Update>
                                    </RelOp>
                                  </QueryPlan>
                                </StmtSimple>
                              </Statements>
                            </Then>
                          </StmtCond>
                        </Statements>
                      </Then>
                    </StmtCond>
                    <StmtCond StatementText="&#x9;END&#x9;&#xD;&#xA;        &#xD;&#xA;        &#xD;&#xA;      END&#xD;&#xA; &#xD;&#xA;      IF @Indexes IS NULL&#xD;&#xA;     " StatementId="222" StatementCompId="289" StatementType="COND" RetrievedFromCache="true">
                      <Condition />
                      <Then>
                        <Statements>
                          <StmtSimple StatementText=" BEGIN&#xD;&#xA;        UPDATE tmpIndexesStatistics&#xD;&#xA;        SET tmpIndexesStatistics.Selected = 1&#xD;&#xA;        FROM @tmpIndexesStatistics tmpIndexesStatistics&#xD;&#xA;     " StatementId="223" StatementCompId="290" StatementType="UPDATE" RetrievedFromCache="true" StatementSubTreeCost="0.0265099" StatementEstRows="1" StatementOptmLevel="FULL" QueryHash="0xCA3A5772DB10E49D" QueryPlanHash="0x336B2CD918DAD831" StatementOptmEarlyAbortReason="GoodEnoughPlanFound">
                            <StatementSetOptions QUOTED_IDENTIFIER="false" ARITHABORT="false" CONCAT_NULL_YIELDS_NULL="true" ANSI_NULLS="true" ANSI_PADDING="true" ANSI_WARNINGS="true" NUMERIC_ROUNDABORT="false" />
                            <QueryPlan NonParallelPlanReason="MaxDOPSetToOne" CachedPlanSize="16" CompileTime="1" CompileCPU="1" CompileMemory="3904">
                              <MemoryGrantInfo SerialRequiredMemory="0" SerialDesiredMemory="0" />
                              <OptimizerHardwareDependentProperties EstimatedAvailableMemoryGrant="193313" EstimatedPagesCached="773254" EstimatedAvailableDegreeOfParallelism="1" />
                              <RelOp NodeId="0" PhysicalOp="Clustered Index Update" LogicalOp="Update" EstimateRows="1" EstimateIO="0.01" EstimateCPU="1e-006" AvgRowSize="9" EstimatedTotalSubtreeCost="0.0265099" Parallel="0" EstimateRebinds="0" EstimateRewinds="0" EstimatedExecutionMode="Row">
                                <OutputList />
                                <Update DMLRequestSort="0">
                                  <Object Table="[@tmpIndexesStatistics]" Index="[PK__#A1FECC1__0861D20ECE4A5ACA]" Alias="[tmpIndexesStatistics]" />
                                  <SetPredicate>
                                    <ScalarOperator ScalarString="@tmpIndexesStatistics.[Selected] as [tmpIndexesStatistics].[Selected] = [Expr1002]">
                                      <ScalarExpressionList>
                                        <ScalarOperator>
                                          <MultipleAssign>
                                            <Assign>
                                              <ColumnReference Table="@tmpIndexesStatistics" Alias="[tmpIndexesStatistics]" Column="Selected" />
                                              <ScalarOperator>
                                                <Identifier>
                                                  <ColumnReference Column="Expr1002" />
                                                </Identifier>
                                              </ScalarOperator>
                                            </Assign>
                                          </MultipleAssign>
                                        </ScalarOperator>
                                      </ScalarExpressionList>
                                    </ScalarOperator>
                                  </SetPredicate>
                                  <RelOp NodeId="1" PhysicalOp="Compute Scalar" LogicalOp="Compute Scalar" EstimateRows="1" EstimateIO="0" EstimateCPU="1e-007" AvgRowSize="12" EstimatedTotalSubtreeCost="0.0165089" Parallel="0" EstimateRebinds="0" EstimateRewinds="0" EstimatedExecutionMode="Row">
                                    <OutputList>
                                      <ColumnReference Table="@tmpIndexesStatistics" Alias="[tmpIndexesStatistics]" Column="ID" />
                                      <ColumnReference Table="@tmpIndexesStatistics" Alias="[tmpIndexesStatistics]" Column="Selected" />
                                      <ColumnReference Table="@tmpIndexesStatistics" Alias="[tmpIndexesStatistics]" Column="Completed" />
                                      <ColumnReference Column="Expr1002" />
                                    </OutputList>
                                    <ComputeScalar>
                                      <DefinedValues>
                                        <DefinedValue>
                                          <ColumnReference Column="Expr1002" />
                                          <ScalarOperator ScalarString="(1)">
                                            <Const ConstValue="(1)" />
                                          </ScalarOperator>
                                        </DefinedValue>
                                      </DefinedValues>
                                      <RelOp NodeId="2" PhysicalOp="Table Spool" LogicalOp="Eager Spool" EstimateRows="1" EstimateIO="0.013125" EstimateCPU="0.00010066" AvgRowSize="12" EstimatedTotalSubtreeCost="0.0165088" Parallel="0" EstimateRebinds="0" EstimateRewinds="0" EstimatedExecutionMode="Row">
                                        <OutputList>
                                          <ColumnReference Table="@tmpIndexesStatistics" Alias="[tmpIndexesStatistics]" Column="ID" />
                                          <ColumnReference Table="@tmpIndexesStatistics" Alias="[tmpIndexesStatistics]" Column="Selected" />
                                          <ColumnReference Table="@tmpIndexesStatistics" Alias="[tmpIndexesStatistics]" Column="Completed" />
                                        </OutputList>
                                        <Spool>
                                          <RelOp NodeId="3" PhysicalOp="Clustered Index Scan" LogicalOp="Clustered Index Scan" EstimateRows="1" EstimateIO="0.003125" EstimateCPU="0.0001581" AvgRowSize="12" EstimatedTotalSubtreeCost="0.0032831" TableCardinality="0" Parallel="0" EstimateRebinds="0" EstimateRewinds="0" EstimatedExecutionMode="Row">
                                            <OutputList>
                                              <ColumnReference Table="@tmpIndexesStatistics" Alias="[tmpIndexesStatistics]" Column="ID" />
                                              <ColumnReference Table="@tmpIndexesStatistics" Alias="[tmpIndexesStatistics]" Column="Selected" />
                                              <ColumnReference Table="@tmpIndexesStatistics" Alias="[tmpIndexesStatistics]" Column="Completed" />
                                            </OutputList>
                                            <IndexScan Ordered="1" ForcedIndex="0" ForceScan="0" NoExpandHint="0">
                                              <DefinedValues>
                                                <DefinedValue>
                                                  <ColumnReference Table="@tmpIndexesStatistics" Alias="[tmpIndexesStatistics]" Column="ID" />
                                                </DefinedValue>
                                                <DefinedValue>
                                                  <ColumnReference Table="@tmpIndexesStatistics" Alias="[tmpIndexesStatistics]" Column="Selected" />
                                                </DefinedValue>
                                                <DefinedValue>
                                                  <ColumnReference Table="@tmpIndexesStatistics" Alias="[tmpIndexesStatistics]" Column="Completed" />
                                                </DefinedValue>
                                              </DefinedValues>
                                              <Object Table="[@tmpIndexesStatistics]" Index="[PK__#A1FECC1__0861D20ECE4A5ACA]" Alias="[tmpIndexesStatistics]" />
                                            </IndexScan>
                                          </RelOp>
                                        </Spool>
                                      </RelOp>
                                    </ComputeScalar>
                                  </RelOp>
                                </Update>
                              </RelOp>
                            </QueryPlan>
                          </StmtSimple>
                        </Statements>
                      </Then>
                      <Else>
                        <Statements>
                          <StmtSimple StatementText=" END&#xD;&#xA;      ELSE&#xD;&#xA;      BEGIN&#xD;&#xA;        UPDATE tmpIndexesStatistics&#xD;&#xA;        SET tmpIndexesStatistics.Selected = SelectedIndexes.Selected&#xD;&#xA;        FROM @tmpIndexesStatistics tmpIndexesStatistics&#xD;&#xA;        INNER JOIN @SelectedIndexes SelectedIndexes&#xD;&#xA;        ON @CurrentDatabaseName LIKE REPLACE(SelectedIndexes.DatabaseName,'_','[_]') AND tmpIndexesStatistics.SchemaName LIKE REPLACE(SelectedIndexes.SchemaName,'_','[_]') AND tmpIndexesStatistics.ObjectName LIKE REPLACE(SelectedIndexes.ObjectName,'_','[_]') AND COALESCE(tmpIndexesStatistics.IndexName,tmpIndexesStatistics.StatisticsName) LIKE REPLACE(SelectedIndexes.IndexName,'_','[_]')&#xD;&#xA;        WHERE SelectedIndexes.Selected = 1&#xD;&#xA;&#xD;&#xA;       " StatementId="224" StatementCompId="293" StatementType="UPDATE" RetrievedFromCache="true" StatementSubTreeCost="0.316088" StatementEstRows="16.3503" StatementOptmLevel="FULL" QueryHash="0xB7916E6BD9673B26" QueryPlanHash="0xEEFC026E783F2967" StatementOptmEarlyAbortReason="GoodEnoughPlanFound">
                            <StatementSetOptions QUOTED_IDENTIFIER="false" ARITHABORT="false" CONCAT_NULL_YIELDS_NULL="true" ANSI_NULLS="true" ANSI_PADDING="true" ANSI_WARNINGS="true" NUMERIC_ROUNDABORT="false" />
                            <QueryPlan NonParallelPlanReason="MaxDOPSetToOne" CachedPlanSize="56" CompileTime="18" CompileCPU="18" CompileMemory="664">
                              <MemoryGrantInfo SerialRequiredMemory="512" SerialDesiredMemory="544" />
                              <OptimizerHardwareDependentProperties EstimatedAvailableMemoryGrant="193313" EstimatedPagesCached="773254" EstimatedAvailableDegreeOfParallelism="1" />
                              <RelOp NodeId="0" PhysicalOp="Clustered Index Update" LogicalOp="Update" EstimateRows="16.3503" EstimateIO="0.01" EstimateCPU="1.63503e-005" AvgRowSize="9" EstimatedTotalSubtreeCost="0.316088" Parallel="0" EstimateRebinds="0" EstimateRewinds="0" EstimatedExecutionMode="Row">
                                <OutputList />
                                <Update DMLRequestSort="0">
                                  <Object Table="[@tmpIndexesStatistics]" Index="[PK__#B6DF63E__0861D20E8259BF05]" Alias="[tmpIndexesStatistics]" />
                                  <SetPredicate>
                                    <ScalarOperator ScalarString="@tmpIndexesStatistics.[Selected] as [tmpIndexesStatistics].[Selected] = @SelectedIndexes.[Selected] as [SelectedIndexes].[Selected]">
                                      <ScalarExpressionList>
                                        <ScalarOperator>
                                          <MultipleAssign>
                                            <Assign>
                                              <ColumnReference Table="@tmpIndexesStatistics" Alias="[tmpIndexesStatistics]" Column="Selected" />
                                              <ScalarOperator>
                                                <Identifier>
                                                  <ColumnReference Table="@SelectedIndexes" Alias="[SelectedIndexes]" Column="Selected" />
                                                </Identifier>
                                              </ScalarOperator>
                                            </Assign>
                                          </MultipleAssign>
                                        </ScalarOperator>
                                      </ScalarExpressionList>
                                    </ScalarOperator>
                                  </SetPredicate>
                                  <RelOp NodeId="1" PhysicalOp="Sort" LogicalOp="Distinct Sort" EstimateRows="16.3503" EstimateIO="0.0112613" EstimateCPU="0.000202838" AvgRowSize="12" EstimatedTotalSubtreeCost="0.306072" Parallel="0" EstimateRebinds="0" EstimateRewinds="0" EstimatedExecutionMode="Row">
                                    <OutputList>
                                      <ColumnReference Table="@tmpIndexesStatistics" Alias="[tmpIndexesStatistics]" Column="ID" />
                                      <ColumnReference Table="@tmpIndexesStatistics" Alias="[tmpIndexesStatistics]" Column="Selected" />
                                      <ColumnReference Table="@tmpIndexesStatistics" Alias="[tmpIndexesStatistics]" Column="Completed" />
                                      <ColumnReference Table="@SelectedIndexes" Alias="[SelectedIndexes]" Column="Selected" />
                                    </OutputList>
                                    <MemoryFractions Input="1" Output="1" />
                                    <Sort Distinct="1">
                                      <OrderBy>
                                        <OrderByColumn Ascending="1">
                                          <ColumnReference Table="@tmpIndexesStatistics" Alias="[tmpIndexesStatistics]" Column="Selected" />
                                        </OrderByColumn>
                                        <OrderByColumn Ascending="1">
                                          <ColumnReference Table="@tmpIndexesStatistics" Alias="[tmpIndexesStatistics]" Column="Completed" />
                                        </OrderByColumn>
                                        <OrderByColumn Ascending="1">
                                          <ColumnReference Table="@tmpIndexesStatistics" Alias="[tmpIndexesStatistics]" Column="ID" />
                                        </OrderByColumn>
                                      </OrderBy>
                                      <RelOp NodeId="2" PhysicalOp="Nested Loops" LogicalOp="Inner Join" EstimateRows="16.3506" EstimateIO="0" EstimateCPU="0.0353335" AvgRowSize="12" EstimatedTotalSubtreeCost="0.294608" Parallel="0" EstimateRebinds="0" EstimateRewinds="0" EstimatedExecutionMode="Row">
                                        <OutputList>
                                          <ColumnReference Table="@tmpIndexesStatistics" Alias="[tmpIndexesStatistics]" Column="ID" />
                                          <ColumnReference Table="@tmpIndexesStatistics" Alias="[tmpIndexesStatistics]" Column="Selected" />
                                          <ColumnReference Table="@tmpIndexesStatistics" Alias="[tmpIndexesStatistics]" Column="Completed" />
                                          <ColumnReference Table="@SelectedIndexes" Alias="[SelectedIndexes]" Column="Selected" />
                                        </OutputList>
                                        <NestedLoops Optimized="0">
                                          <Predicate>
                                            <ScalarOperator ScalarString="@tmpIndexesStatistics.[SchemaName] as [tmpIndexesStatistics].[SchemaName] like CONVERT_IMPLICIT(nvarchar(4000),replace(@SelectedIndexes.[SchemaName] as [SelectedIndexes].[SchemaName],N'_',CONVERT_IMPLICIT(nvarchar(max),'[_]',0)),0) AND @tmpIndexesStatistics.[ObjectName] as [tmpIndexesStatistics].[ObjectName] like CONVERT_IMPLICIT(nvarchar(4000),replace(@SelectedIndexes.[ObjectName] as [SelectedIndexes].[ObjectName],N'_',CONVERT_IMPLICIT(nvarchar(max),'[_]',0)),0) AND [Expr1025] like CONVERT_IMPLICIT(nvarchar(4000),replace(@SelectedIndexes.[IndexName] as [SelectedIndexes].[IndexName],N'_',CONVERT_IMPLICIT(nvarchar(max),'[_]',0)),0)">
                                              <Logical Operation="AND">
                                                <ScalarOperator>
                                                  <Intrinsic FunctionName="like">
                                                    <ScalarOperator>
                                                      <Identifier>
                                                        <ColumnReference Table="@tmpIndexesStatistics" Alias="[tmpIndexesStatistics]" Column="SchemaName" />
                                                      </Identifier>
                                                    </ScalarOperator>
                                                    <ScalarOperator>
                                                      <Convert DataType="nvarchar" Length="8000" Style="0" Implicit="1">
                                                        <ScalarOperator>
                                                          <Intrinsic FunctionName="replace">
                                                            <ScalarOperator>
                                                              <Identifier>
                                                                <ColumnReference Table="@SelectedIndexes" Alias="[SelectedIndexes]" Column="SchemaName" />
                                                              </Identifier>
                                                            </ScalarOperator>
                                                            <ScalarOperator>
                                                              <Const ConstValue="N'_'" />
                                                            </ScalarOperator>
                                                            <ScalarOperator>
                                                              <Identifier>
                                                                <ColumnReference Column="ConstExpr1012">
                                                                  <ScalarOperator>
                                                                    <Convert DataType="nvarchar(max)" Length="2147483647" Style="0" Implicit="1">
                                                                      <ScalarOperator>
                                                                        <Const ConstValue="'[_]'" />
                                                                      </ScalarOperator>
                                                                    </Convert>
                                                                  </ScalarOperator>
                                                                </ColumnReference>
                                                              </Identifier>
                                                            </ScalarOperator>
                                                          </Intrinsic>
                                                        </ScalarOperator>
                                                      </Convert>
                                                    </ScalarOperator>
                                                  </Intrinsic>
                                                </ScalarOperator>
                                                <ScalarOperator>
                                                  <Intrinsic FunctionName="like">
                                                    <ScalarOperator>
                                                      <Identifier>
                                                        <ColumnReference Table="@tmpIndexesStatistics" Alias="[tmpIndexesStatistics]" Column="ObjectName" />
                                                      </Identifier>
                                                    </ScalarOperator>
                                                    <ScalarOperator>
                                                      <Convert DataType="nvarchar" Length="8000" Style="0" Implicit="1">
                                                        <ScalarOperator>
                                                          <Intrinsic FunctionName="replace">
                                                            <ScalarOperator>
                                                              <Identifier>
                                                                <ColumnReference Table="@SelectedIndexes" Alias="[SelectedIndexes]" Column="ObjectName" />
                                                              </Identifier>
                                                            </ScalarOperator>
                                                            <ScalarOperator>
                                                              <Const ConstValue="N'_'" />
                                                            </ScalarOperator>
                                                            <ScalarOperator>
                                                              <Identifier>
                                                                <ColumnReference Column="ConstExpr1016">
                                                                  <ScalarOperator>
                                                                    <Convert DataType="nvarchar(max)" Length="2147483647" Style="0" Implicit="1">
                                                                      <ScalarOperator>
                                                                        <Const ConstValue="'[_]'" />
                                                                      </ScalarOperator>
                                                                    </Convert>
                                                                  </ScalarOperator>
                                                                </ColumnReference>
                                                              </Identifier>
                                                            </ScalarOperator>
                                                          </Intrinsic>
                                                        </ScalarOperator>
                                                      </Convert>
                                                    </ScalarOperator>
                                                  </Intrinsic>
                                                </ScalarOperator>
                                                <ScalarOperator>
                                                  <Intrinsic FunctionName="like">
                                                    <ScalarOperator>
                                                      <Identifier>
                                                        <ColumnReference Column="Expr1025" />
                                                      </Identifier>
                                                    </ScalarOperator>
                                                    <ScalarOperator>
                                                      <Convert DataType="nvarchar" Length="8000" Style="0" Implicit="1">
                                                        <ScalarOperator>
                                                          <Intrinsic FunctionName="replace">
                                                            <ScalarOperator>
                                                              <Identifier>
                                                                <ColumnReference Table="@SelectedIndexes" Alias="[SelectedIndexes]" Column="IndexName" />
                                                              </Identifier>
                                                            </ScalarOperator>
                                                            <ScalarOperator>
                                                              <Const ConstValue="N'_'" />
                                                            </ScalarOperator>
                                                            <ScalarOperator>
                                                              <Identifier>
                                                                <ColumnReference Column="ConstExpr1020">
                                                                  <ScalarOperator>
                                                                    <Convert DataType="nvarchar(max)" Length="2147483647" Style="0" Implicit="1">
                                                                      <ScalarOperator>
                                                                        <Const ConstValue="'[_]'" />
                                                                      </ScalarOperator>
                                                                    </Convert>
                                                                  </ScalarOperator>
                                                                </ColumnReference>
                                                              </Identifier>
                                                            </ScalarOperator>
                                                          </Intrinsic>
                                                        </ScalarOperator>
                                                      </Convert>
                                                    </ScalarOperator>
                                                  </Intrinsic>
                                                </ScalarOperator>
                                              </Logical>
                                            </ScalarOperator>
                                          </Predicate>
                                          <RelOp NodeId="3" PhysicalOp="Filter" LogicalOp="Filter" EstimateRows="1" EstimateIO="0" EstimateCPU="2.436e-005" AvgRowSize="12088" EstimatedTotalSubtreeCost="0.00331406" Parallel="0" EstimateRebinds="0" EstimateRewinds="0" EstimatedExecutionMode="Row">
                                            <OutputList>
                                              <ColumnReference Table="@SelectedIndexes" Alias="[SelectedIndexes]" Column="SchemaName" />
                                              <ColumnReference Table="@SelectedIndexes" Alias="[SelectedIndexes]" Column="ObjectName" />
                                              <ColumnReference Table="@SelectedIndexes" Alias="[SelectedIndexes]" Column="IndexName" />
                                              <ColumnReference Table="@SelectedIndexes" Alias="[SelectedIndexes]" Column="Selected" />
                                            </OutputList>
                                            <Filter StartupExpression="0">
                                              <RelOp NodeId="4" PhysicalOp="Table Scan" LogicalOp="Table Scan" EstimateRows="1" EstimateIO="0.003125" EstimateCPU="0.0001647" AvgRowSize="16114" EstimatedTotalSubtreeCost="0.0032897" TableCardinality="7" Parallel="0" EstimateRebinds="0" EstimateRewinds="0" EstimatedExecutionMode="Row">
                                                <OutputList>
                                                  <ColumnReference Table="@SelectedIndexes" Alias="[SelectedIndexes]" Column="DatabaseName" />
                                                  <ColumnReference Table="@SelectedIndexes" Alias="[SelectedIndexes]" Column="SchemaName" />
                                                  <ColumnReference Table="@SelectedIndexes" Alias="[SelectedIndexes]" Column="ObjectName" />
                                                  <ColumnReference Table="@SelectedIndexes" Alias="[SelectedIndexes]" Column="IndexName" />
                                                  <ColumnReference Table="@SelectedIndexes" Alias="[SelectedIndexes]" Column="Selected" />
                                                </OutputList>
                                                <TableScan Ordered="0" ForcedIndex="0" ForceScan="0" NoExpandHint="0">
                                                  <DefinedValues>
                                                    <DefinedValue>
                                                      <ColumnReference Table="@SelectedIndexes" Alias="[SelectedIndexes]" Column="DatabaseName" />
                                                    </DefinedValue>
                                                    <DefinedValue>
                                                      <ColumnReference Table="@SelectedIndexes" Alias="[SelectedIndexes]" Column="SchemaName" />
                                                    </DefinedValue>
                                                    <DefinedValue>
                                                      <ColumnReference Table="@SelectedIndexes" Alias="[SelectedIndexes]" Column="ObjectName" />
                                                    </DefinedValue>
                                                    <DefinedValue>
                                                      <ColumnReference Table="@SelectedIndexes" Alias="[SelectedIndexes]" Column="IndexName" />
                                                    </DefinedValue>
                                                    <DefinedValue>
                                                      <ColumnReference Table="@SelectedIndexes" Alias="[SelectedIndexes]" Column="Selected" />
                                                    </DefinedValue>
                                                  </DefinedValues>
                                                  <Object Table="[@SelectedIndexes]" Alias="[SelectedIndexes]" />
                                                  <Predicate>
                                                    <ScalarOperator ScalarString="@SelectedIndexes.[Selected] as [SelectedIndexes].[Selected]=(1)">
                                                      <Compare CompareOp="EQ">
                                                        <ScalarOperator>
                                                          <Identifier>
                                                            <ColumnReference Table="@SelectedIndexes" Alias="[SelectedIndexes]" Column="Selected" />
                                                          </Identifier>
                                                        </ScalarOperator>
                                                        <ScalarOperator>
                                                          <Const ConstValue="(1)" />
                                                        </ScalarOperator>
                                                      </Compare>
                                                    </ScalarOperator>
                                                  </Predicate>
                                                </TableScan>
                                              </RelOp>
                                              <Predicate>
                                                <ScalarOperator ScalarString="[@CurrentDatabaseName] like CONVERT_IMPLICIT(nvarchar(4000),replace(@SelectedIndexes.[DatabaseName] as [SelectedIndexes].[DatabaseName],N'_',CONVERT_IMPLICIT(nvarchar(max),'[_]',0)),0)">
                                                  <Intrinsic FunctionName="like">
                                                    <ScalarOperator>
                                                      <Identifier>
                                                        <ColumnReference Column="@CurrentDatabaseName" />
                                                      </Identifier>
                                                    </ScalarOperator>
                                                    <ScalarOperator>
                                                      <Convert DataType="nvarchar" Length="8000" Style="0" Implicit="1">
                                                        <ScalarOperator>
                                                          <Intrinsic FunctionName="replace">
                                                            <ScalarOperator>
                                                              <Identifier>
                                                                <ColumnReference Table="@SelectedIndexes" Alias="[SelectedIndexes]" Column="DatabaseName" />
                                                              </Identifier>
                                                            </ScalarOperator>
                                                            <ScalarOperator>
                                                              <Const ConstValue="N'_'" />
                                                            </ScalarOperator>
                                                            <ScalarOperator>
                                                              <Identifier>
                                                                <ColumnReference Column="ConstExpr1008">
                                                                  <ScalarOperator>
                                                                    <Convert DataType="nvarchar(max)" Length="2147483647" Style="0" Implicit="1">
                                                                      <ScalarOperator>
                                                                        <Const ConstValue="'[_]'" />
                                                                      </ScalarOperator>
                                                                    </Convert>
                                                                  </ScalarOperator>
                                                                </ColumnReference>
                                                              </Identifier>
                                                            </ScalarOperator>
                                                          </Intrinsic>
                                                        </ScalarOperator>
                                                      </Convert>
                                                    </ScalarOperator>
                                                  </Intrinsic>
                                                </ScalarOperator>
                                              </Predicate>
                                            </Filter>
                                          </RelOp>
                                          <RelOp NodeId="6" PhysicalOp="Compute Scalar" LogicalOp="Compute Scalar" EstimateRows="8453" EstimateIO="0" EstimateCPU="0.0008453" AvgRowSize="12092" EstimatedTotalSubtreeCost="0.181574" Parallel="0" EstimateRebinds="0" EstimateRewinds="0" EstimatedExecutionMode="Row">
                                            <OutputList>
                                              <ColumnReference Table="@tmpIndexesStatistics" Alias="[tmpIndexesStatistics]" Column="ID" />
                                              <ColumnReference Table="@tmpIndexesStatistics" Alias="[tmpIndexesStatistics]" Column="SchemaName" />
                                              <ColumnReference Table="@tmpIndexesStatistics" Alias="[tmpIndexesStatistics]" Column="ObjectName" />
                                              <ColumnReference Table="@tmpIndexesStatistics" Alias="[tmpIndexesStatistics]" Column="Selected" />
                                              <ColumnReference Table="@tmpIndexesStatistics" Alias="[tmpIndexesStatistics]" Column="Completed" />
                                              <ColumnReference Column="Expr1025" />
                                            </OutputList>
                                            <ComputeScalar>
                                              <DefinedValues>
                                                <DefinedValue>
                                                  <ColumnReference Column="Expr1025" />
                                                  <ScalarOperator ScalarString="CASE WHEN @tmpIndexesStatistics.[IndexName] as [tmpIndexesStatistics].[IndexName] IS NOT NULL THEN @tmpIndexesStatistics.[IndexName] as [tmpIndexesStatistics].[IndexName] ELSE @tmpIndexesStatistics.[StatisticsName] as [tmpIndexesStatistics].[StatisticsName] END">
                                                    <IF>
                                                      <Condition>
                                                        <ScalarOperator>
                                                          <Compare CompareOp="IS NOT">
                                                            <ScalarOperator>
                                                              <Identifier>
                                                                <ColumnReference Table="@tmpIndexesStatistics" Alias="[tmpIndexesStatistics]" Column="IndexName" />
                                                              </Identifier>
                                                            </ScalarOperator>
                                                            <ScalarOperator>
                                                              <Const ConstValue="NULL" />
                                                            </ScalarOperator>
                                                          </Compare>
                                                        </ScalarOperator>
                                                      </Condition>
                                                      <Then>
                                                        <ScalarOperator>
                                                          <Identifier>
                                                            <ColumnReference Table="@tmpIndexesStatistics" Alias="[tmpIndexesStatistics]" Column="IndexName" />
                                                          </Identifier>
                                                        </ScalarOperator>
                                                      </Then>
                                                      <Else>
                                                        <ScalarOperator>
                                                          <Identifier>
                                                            <ColumnReference Table="@tmpIndexesStatistics" Alias="[tmpIndexesStatistics]" Column="StatisticsName" />
                                                          </Identifier>
                                                        </ScalarOperator>
                                                      </Else>
                                                    </IF>
                                                  </ScalarOperator>
                                                </DefinedValue>
                                              </DefinedValues>
                                              <RelOp NodeId="7" PhysicalOp="Clustered Index Scan" LogicalOp="Clustered Index Scan" EstimateRows="8453" EstimateIO="0.171273" EstimateCPU="0.0094553" AvgRowSize="16118" EstimatedTotalSubtreeCost="0.180728" TableCardinality="8453" Parallel="0" EstimateRebinds="0" EstimateRewinds="0" EstimatedExecutionMode="Row">
                                                <OutputList>
                                                  <ColumnReference Table="@tmpIndexesStatistics" Alias="[tmpIndexesStatistics]" Column="ID" />
                                                  <ColumnReference Table="@tmpIndexesStatistics" Alias="[tmpIndexesStatistics]" Column="SchemaName" />
                                                  <ColumnReference Table="@tmpIndexesStatistics" Alias="[tmpIndexesStatistics]" Column="ObjectName" />
                                                  <ColumnReference Table="@tmpIndexesStatistics" Alias="[tmpIndexesStatistics]" Column="IndexName" />
                                                  <ColumnReference Table="@tmpIndexesStatistics" Alias="[tmpIndexesStatistics]" Column="StatisticsName" />
                                                  <ColumnReference Table="@tmpIndexesStatistics" Alias="[tmpIndexesStatistics]" Column="Selected" />
                                                  <ColumnReference Table="@tmpIndexesStatistics" Alias="[tmpIndexesStatistics]" Column="Completed" />
                                                </OutputList>
                                                <IndexScan Ordered="1" ForcedIndex="0" ForceScan="0" NoExpandHint="0">
                                                  <DefinedValues>
                                                    <DefinedValue>
                                                      <ColumnReference Table="@tmpIndexesStatistics" Alias="[tmpIndexesStatistics]" Column="ID" />
                                                    </DefinedValue>
                                                    <DefinedValue>
                                                      <ColumnReference Table="@tmpIndexesStatistics" Alias="[tmpIndexesStatistics]" Column="SchemaName" />
                                                    </DefinedValue>
                                                    <DefinedValue>
                                                      <ColumnReference Table="@tmpIndexesStatistics" Alias="[tmpIndexesStatistics]" Column="ObjectName" />
                                                    </DefinedValue>
                                                    <DefinedValue>
                                                      <ColumnReference Table="@tmpIndexesStatistics" Alias="[tmpIndexesStatistics]" Column="IndexName" />
                                                    </DefinedValue>
                                                    <DefinedValue>
                                                      <ColumnReference Table="@tmpIndexesStatistics" Alias="[tmpIndexesStatistics]" Column="StatisticsName" />
                                                    </DefinedValue>
                                                    <DefinedValue>
                                                      <ColumnReference Table="@tmpIndexesStatistics" Alias="[tmpIndexesStatistics]" Column="Selected" />
                                                    </DefinedValue>
                                                    <DefinedValue>
                                                      <ColumnReference Table="@tmpIndexesStatistics" Alias="[tmpIndexesStatistics]" Column="Completed" />
                                                    </DefinedValue>
                                                  </DefinedValues>
                                                  <Object Table="[@tmpIndexesStatistics]" Index="[PK__#B6DF63E__0861D20E8259BF05]" Alias="[tmpIndexesStatistics]" />
                                                </IndexScan>
                                              </RelOp>
                                            </ComputeScalar>
                                          </RelOp>
                                        </NestedLoops>
                                      </RelOp>
                                    </Sort>
                                  </RelOp>
                                </Update>
                              </RelOp>
                            </QueryPlan>
                          </StmtSimple>
                          <StmtSimple StatementText=" UPDATE tmpIndexesStatistics&#xD;&#xA;        SET tmpIndexesStatistics.Selected = SelectedIndexes.Selected&#xD;&#xA;        FROM @tmpIndexesStatistics tmpIndexesStatistics&#xD;&#xA;        INNER JOIN @SelectedIndexes SelectedIndexes&#xD;&#xA;        ON @CurrentDatabaseName LIKE REPLACE(SelectedIndexes.DatabaseName,'_','[_]') AND tmpIndexesStatistics.SchemaName LIKE REPLACE(SelectedIndexes.SchemaName,'_','[_]') AND tmpIndexesStatistics.ObjectName LIKE REPLACE(SelectedIndexes.ObjectName,'_','[_]') AND COALESCE(tmpIndexesStatistics.IndexName,tmpIndexesStatistics.StatisticsName) LIKE REPLACE(SelectedIndexes.IndexName,'_','[_]')&#xD;&#xA;        WHERE SelectedIndexes.Selected = 0&#xD;&#xA;     " StatementId="225" StatementCompId="294" StatementType="UPDATE" RetrievedFromCache="true" StatementSubTreeCost="0.316829" StatementEstRows="16.3503" StatementOptmLevel="FULL" QueryHash="0xB7916E6BD9673B26" QueryPlanHash="0xEEFC026E783F2967" StatementOptmEarlyAbortReason="GoodEnoughPlanFound">
                            <StatementSetOptions QUOTED_IDENTIFIER="false" ARITHABORT="false" CONCAT_NULL_YIELDS_NULL="true" ANSI_NULLS="true" ANSI_PADDING="true" ANSI_WARNINGS="true" NUMERIC_ROUNDABORT="false" />
                            <QueryPlan NonParallelPlanReason="MaxDOPSetToOne" CachedPlanSize="56" CompileTime="12" CompileCPU="12" CompileMemory="664">
                              <MemoryGrantInfo SerialRequiredMemory="512" SerialDesiredMemory="544" />
                              <OptimizerHardwareDependentProperties EstimatedAvailableMemoryGrant="193313" EstimatedPagesCached="773254" EstimatedAvailableDegreeOfParallelism="1" />
                              <RelOp NodeId="0" PhysicalOp="Clustered Index Update" LogicalOp="Update" EstimateRows="16.3503" EstimateIO="0.01" EstimateCPU="1.63503e-005" AvgRowSize="9" EstimatedTotalSubtreeCost="0.316829" Parallel="0" EstimateRebinds="0" EstimateRewinds="0" EstimatedExecutionMode="Row">
                                <OutputList />
                                <Update DMLRequestSort="0">
                                  <Object Table="[@tmpIndexesStatistics]" Index="[PK__#B6DF63E__0861D20E8259BF05]" Alias="[tmpIndexesStatistics]" />
                                  <SetPredicate>
                                    <ScalarOperator ScalarString="@tmpIndexesStatistics.[Selected] as [tmpIndexesStatistics].[Selected] = @SelectedIndexes.[Selected] as [SelectedIndexes].[Selected]">
                                      <ScalarExpressionList>
                                        <ScalarOperator>
                                          <MultipleAssign>
                                            <Assign>
                                              <ColumnReference Table="@tmpIndexesStatistics" Alias="[tmpIndexesStatistics]" Column="Selected" />
                                              <ScalarOperator>
                                                <Identifier>
                                                  <ColumnReference Table="@SelectedIndexes" Alias="[SelectedIndexes]" Column="Selected" />
                                                </Identifier>
                                              </ScalarOperator>
                                            </Assign>
                                          </MultipleAssign>
                                        </ScalarOperator>
                                      </ScalarExpressionList>
                                    </ScalarOperator>
                                  </SetPredicate>
                                  <RelOp NodeId="1" PhysicalOp="Sort" LogicalOp="Distinct Sort" EstimateRows="16.3503" EstimateIO="0.0112613" EstimateCPU="0.000202838" AvgRowSize="12" EstimatedTotalSubtreeCost="0.306813" Parallel="0" EstimateRebinds="0" EstimateRewinds="0" EstimatedExecutionMode="Row">
                                    <OutputList>
                                      <ColumnReference Table="@tmpIndexesStatistics" Alias="[tmpIndexesStatistics]" Column="ID" />
                                      <ColumnReference Table="@tmpIndexesStatistics" Alias="[tmpIndexesStatistics]" Column="Selected" />
                                      <ColumnReference Table="@tmpIndexesStatistics" Alias="[tmpIndexesStatistics]" Column="Completed" />
                                      <ColumnReference Table="@SelectedIndexes" Alias="[SelectedIndexes]" Column="Selected" />
                                    </OutputList>
                                    <MemoryFractions Input="1" Output="1" />
                                    <Sort Distinct="1">
                                      <OrderBy>
                                        <OrderByColumn Ascending="1">
                                          <ColumnReference Table="@tmpIndexesStatistics" Alias="[tmpIndexesStatistics]" Column="Selected" />
                                        </OrderByColumn>
                                        <OrderByColumn Ascending="1">
                                          <ColumnReference Table="@tmpIndexesStatistics" Alias="[tmpIndexesStatistics]" Column="Completed" />
                                        </OrderByColumn>
                                        <OrderByColumn Ascending="1">
                                          <ColumnReference Table="@tmpIndexesStatistics" Alias="[tmpIndexesStatistics]" Column="ID" />
                                        </OrderByColumn>
                                      </OrderBy>
                                      <RelOp NodeId="2" PhysicalOp="Nested Loops" LogicalOp="Inner Join" EstimateRows="16.3506" EstimateIO="0" EstimateCPU="0.0353335" AvgRowSize="12" EstimatedTotalSubtreeCost="0.295348" Parallel="0" EstimateRebinds="0" EstimateRewinds="0" EstimatedExecutionMode="Row">
                                        <OutputList>
                                          <ColumnReference Table="@tmpIndexesStatistics" Alias="[tmpIndexesStatistics]" Column="ID" />
                                          <ColumnReference Table="@tmpIndexesStatistics" Alias="[tmpIndexesStatistics]" Column="Selected" />
                                          <ColumnReference Table="@tmpIndexesStatistics" Alias="[tmpIndexesStatistics]" Column="Completed" />
                                          <ColumnReference Table="@SelectedIndexes" Alias="[SelectedIndexes]" Column="Selected" />
                                        </OutputList>
                                        <NestedLoops Optimized="0">
                                          <Predicate>
                                            <ScalarOperator ScalarString="@tmpIndexesStatistics.[SchemaName] as [tmpIndexesStatistics].[SchemaName] like CONVERT_IMPLICIT(nvarchar(4000),replace(@SelectedIndexes.[SchemaName] as [SelectedIndexes].[SchemaName],N'_',CONVERT_IMPLICIT(nvarchar(max),'[_]',0)),0) AND @tmpIndexesStatistics.[ObjectName] as [tmpIndexesStatistics].[ObjectName] like CONVERT_IMPLICIT(nvarchar(4000),replace(@SelectedIndexes.[ObjectName] as [SelectedIndexes].[ObjectName],N'_',CONVERT_IMPLICIT(nvarchar(max),'[_]',0)),0) AND [Expr1025] like CONVERT_IMPLICIT(nvarchar(4000),replace(@SelectedIndexes.[IndexName] as [SelectedIndexes].[IndexName],N'_',CONVERT_IMPLICIT(nvarchar(max),'[_]',0)),0)">
                                              <Logical Operation="AND">
                                                <ScalarOperator>
                                                  <Intrinsic FunctionName="like">
                                                    <ScalarOperator>
                                                      <Identifier>
                                                        <ColumnReference Table="@tmpIndexesStatistics" Alias="[tmpIndexesStatistics]" Column="SchemaName" />
                                                      </Identifier>
                                                    </ScalarOperator>
                                                    <ScalarOperator>
                                                      <Convert DataType="nvarchar" Length="8000" Style="0" Implicit="1">
                                                        <ScalarOperator>
                                                          <Intrinsic FunctionName="replace">
                                                            <ScalarOperator>
                                                              <Identifier>
                                                                <ColumnReference Table="@SelectedIndexes" Alias="[SelectedIndexes]" Column="SchemaName" />
                                                              </Identifier>
                                                            </ScalarOperator>
                                                            <ScalarOperator>
                                                              <Const ConstValue="N'_'" />
                                                            </ScalarOperator>
                                                            <ScalarOperator>
                                                              <Identifier>
                                                                <ColumnReference Column="ConstExpr1012">
                                                                  <ScalarOperator>
                                                                    <Convert DataType="nvarchar(max)" Length="2147483647" Style="0" Implicit="1">
                                                                      <ScalarOperator>
                                                                        <Const ConstValue="'[_]'" />
                                                                      </ScalarOperator>
                                                                    </Convert>
                                                                  </ScalarOperator>
                                                                </ColumnReference>
                                                              </Identifier>
                                                            </ScalarOperator>
                                                          </Intrinsic>
                                                        </ScalarOperator>
                                                      </Convert>
                                                    </ScalarOperator>
                                                  </Intrinsic>
                                                </ScalarOperator>
                                                <ScalarOperator>
                                                  <Intrinsic FunctionName="like">
                                                    <ScalarOperator>
                                                      <Identifier>
                                                        <ColumnReference Table="@tmpIndexesStatistics" Alias="[tmpIndexesStatistics]" Column="ObjectName" />
                                                      </Identifier>
                                                    </ScalarOperator>
                                                    <ScalarOperator>
                                                      <Convert DataType="nvarchar" Length="8000" Style="0" Implicit="1">
                                                        <ScalarOperator>
                                                          <Intrinsic FunctionName="replace">
                                                            <ScalarOperator>
                                                              <Identifier>
                                                                <ColumnReference Table="@SelectedIndexes" Alias="[SelectedIndexes]" Column="ObjectName" />
                                                              </Identifier>
                                                            </ScalarOperator>
                                                            <ScalarOperator>
                                                              <Const ConstValue="N'_'" />
                                                            </ScalarOperator>
                                                            <ScalarOperator>
                                                              <Identifier>
                                                                <ColumnReference Column="ConstExpr1016">
                                                                  <ScalarOperator>
                                                                    <Convert DataType="nvarchar(max)" Length="2147483647" Style="0" Implicit="1">
                                                                      <ScalarOperator>
                                                                        <Const ConstValue="'[_]'" />
                                                                      </ScalarOperator>
                                                                    </Convert>
                                                                  </ScalarOperator>
                                                                </ColumnReference>
                                                              </Identifier>
                                                            </ScalarOperator>
                                                          </Intrinsic>
                                                        </ScalarOperator>
                                                      </Convert>
                                                    </ScalarOperator>
                                                  </Intrinsic>
                                                </ScalarOperator>
                                                <ScalarOperator>
                                                  <Intrinsic FunctionName="like">
                                                    <ScalarOperator>
                                                      <Identifier>
                                                        <ColumnReference Column="Expr1025" />
                                                      </Identifier>
                                                    </ScalarOperator>
                                                    <ScalarOperator>
                                                      <Convert DataType="nvarchar" Length="8000" Style="0" Implicit="1">
                                                        <ScalarOperator>
                                                          <Intrinsic FunctionName="replace">
                                                            <ScalarOperator>
                                                              <Identifier>
                                                                <ColumnReference Table="@SelectedIndexes" Alias="[SelectedIndexes]" Column="IndexName" />
                                                              </Identifier>
                                                            </ScalarOperator>
                                                            <ScalarOperator>
                                                              <Const ConstValue="N'_'" />
                                                            </ScalarOperator>
                                                            <ScalarOperator>
                                                              <Identifier>
                                                                <ColumnReference Column="ConstExpr1020">
                                                                  <ScalarOperator>
                                                                    <Convert DataType="nvarchar(max)" Length="2147483647" Style="0" Implicit="1">
                                                                      <ScalarOperator>
                                                                        <Const ConstValue="'[_]'" />
                                                                      </ScalarOperator>
                                                                    </Convert>
                                                                  </ScalarOperator>
                                                                </ColumnReference>
                                                              </Identifier>
                                                            </ScalarOperator>
                                                          </Intrinsic>
                                                        </ScalarOperator>
                                                      </Convert>
                                                    </ScalarOperator>
                                                  </Intrinsic>
                                                </ScalarOperator>
                                              </Logical>
                                            </ScalarOperator>
                                          </Predicate>
                                          <RelOp NodeId="3" PhysicalOp="Filter" LogicalOp="Filter" EstimateRows="1" EstimateIO="0" EstimateCPU="2.436e-005" AvgRowSize="12088" EstimatedTotalSubtreeCost="0.00331406" Parallel="0" EstimateRebinds="0" EstimateRewinds="0" EstimatedExecutionMode="Row">
                                            <OutputList>
                                              <ColumnReference Table="@SelectedIndexes" Alias="[SelectedIndexes]" Column="SchemaName" />
                                              <ColumnReference Table="@SelectedIndexes" Alias="[SelectedIndexes]" Column="ObjectName" />
                                              <ColumnReference Table="@SelectedIndexes" Alias="[SelectedIndexes]" Column="IndexName" />
                                              <ColumnReference Table="@SelectedIndexes" Alias="[SelectedIndexes]" Column="Selected" />
                                            </OutputList>
                                            <Filter StartupExpression="0">
                                              <RelOp NodeId="4" PhysicalOp="Table Scan" LogicalOp="Table Scan" EstimateRows="1" EstimateIO="0.003125" EstimateCPU="0.0001647" AvgRowSize="16114" EstimatedTotalSubtreeCost="0.0032897" TableCardinality="7" Parallel="0" EstimateRebinds="0" EstimateRewinds="0" EstimatedExecutionMode="Row">
                                                <OutputList>
                                                  <ColumnReference Table="@SelectedIndexes" Alias="[SelectedIndexes]" Column="DatabaseName" />
                                                  <ColumnReference Table="@SelectedIndexes" Alias="[SelectedIndexes]" Column="SchemaName" />
                                                  <ColumnReference Table="@SelectedIndexes" Alias="[SelectedIndexes]" Column="ObjectName" />
                                                  <ColumnReference Table="@SelectedIndexes" Alias="[SelectedIndexes]" Column="IndexName" />
                                                  <ColumnReference Table="@SelectedIndexes" Alias="[SelectedIndexes]" Column="Selected" />
                                                </OutputList>
                                                <TableScan Ordered="0" ForcedIndex="0" ForceScan="0" NoExpandHint="0">
                                                  <DefinedValues>
                                                    <DefinedValue>
                                                      <ColumnReference Table="@SelectedIndexes" Alias="[SelectedIndexes]" Column="DatabaseName" />
                                                    </DefinedValue>
                                                    <DefinedValue>
                                                      <ColumnReference Table="@SelectedIndexes" Alias="[SelectedIndexes]" Column="SchemaName" />
                                                    </DefinedValue>
                                                    <DefinedValue>
                                                      <ColumnReference Table="@SelectedIndexes" Alias="[SelectedIndexes]" Column="ObjectName" />
                                                    </DefinedValue>
                                                    <DefinedValue>
                                                      <ColumnReference Table="@SelectedIndexes" Alias="[SelectedIndexes]" Column="IndexName" />
                                                    </DefinedValue>
                                                    <DefinedValue>
                                                      <ColumnReference Table="@SelectedIndexes" Alias="[SelectedIndexes]" Column="Selected" />
                                                    </DefinedValue>
                                                  </DefinedValues>
                                                  <Object Table="[@SelectedIndexes]" Alias="[SelectedIndexes]" />
                                                  <Predicate>
                                                    <ScalarOperator ScalarString="@SelectedIndexes.[Selected] as [SelectedIndexes].[Selected]=(0)">
                                                      <Compare CompareOp="EQ">
                                                        <ScalarOperator>
                                                          <Identifier>
                                                            <ColumnReference Table="@SelectedIndexes" Alias="[SelectedIndexes]" Column="Selected" />
                                                          </Identifier>
                                                        </ScalarOperator>
                                                        <ScalarOperator>
                                                          <Const ConstValue="(0)" />
                                                        </ScalarOperator>
                                                      </Compare>
                                                    </ScalarOperator>
                                                  </Predicate>
                                                </TableScan>
                                              </RelOp>
                                              <Predicate>
                                                <ScalarOperator ScalarString="[@CurrentDatabaseName] like CONVERT_IMPLICIT(nvarchar(4000),replace(@SelectedIndexes.[DatabaseName] as [SelectedIndexes].[DatabaseName],N'_',CONVERT_IMPLICIT(nvarchar(max),'[_]',0)),0)">
                                                  <Intrinsic FunctionName="like">
                                                    <ScalarOperator>
                                                      <Identifier>
                                                        <ColumnReference Column="@CurrentDatabaseName" />
                                                      </Identifier>
                                                    </ScalarOperator>
                                                    <ScalarOperator>
                                                      <Convert DataType="nvarchar" Length="8000" Style="0" Implicit="1">
                                                        <ScalarOperator>
                                                          <Intrinsic FunctionName="replace">
                                                            <ScalarOperator>
                                                              <Identifier>
                                                                <ColumnReference Table="@SelectedIndexes" Alias="[SelectedIndexes]" Column="DatabaseName" />
                                                              </Identifier>
                                                            </ScalarOperator>
                                                            <ScalarOperator>
                                                              <Const ConstValue="N'_'" />
                                                            </ScalarOperator>
                                                            <ScalarOperator>
                                                              <Identifier>
                                                                <ColumnReference Column="ConstExpr1008">
                                                                  <ScalarOperator>
                                                                    <Convert DataType="nvarchar(max)" Length="2147483647" Style="0" Implicit="1">
                                                                      <ScalarOperator>
                                                                        <Const ConstValue="'[_]'" />
                                                                      </ScalarOperator>
                                                                    </Convert>
                                                                  </ScalarOperator>
                                                                </ColumnReference>
                                                              </Identifier>
                                                            </ScalarOperator>
                                                          </Intrinsic>
                                                        </ScalarOperator>
                                                      </Convert>
                                                    </ScalarOperator>
                                                  </Intrinsic>
                                                </ScalarOperator>
                                              </Predicate>
                                            </Filter>
                                          </RelOp>
                                          <RelOp NodeId="6" PhysicalOp="Compute Scalar" LogicalOp="Compute Scalar" EstimateRows="8453" EstimateIO="0" EstimateCPU="0.0008453" AvgRowSize="12092" EstimatedTotalSubtreeCost="0.182314" Parallel="0" EstimateRebinds="0" EstimateRewinds="0" EstimatedExecutionMode="Row">
                                            <OutputList>
                                              <ColumnReference Table="@tmpIndexesStatistics" Alias="[tmpIndexesStatistics]" Column="ID" />
                                              <ColumnReference Table="@tmpIndexesStatistics" Alias="[tmpIndexesStatistics]" Column="SchemaName" />
                                              <ColumnReference Table="@tmpIndexesStatistics" Alias="[tmpIndexesStatistics]" Column="ObjectName" />
                                              <ColumnReference Table="@tmpIndexesStatistics" Alias="[tmpIndexesStatistics]" Column="Selected" />
                                              <ColumnReference Table="@tmpIndexesStatistics" Alias="[tmpIndexesStatistics]" Column="Completed" />
                                              <ColumnReference Column="Expr1025" />
                                            </OutputList>
                                            <ComputeScalar>
                                              <DefinedValues>
                                                <DefinedValue>
                                                  <ColumnReference Column="Expr1025" />
                                                  <ScalarOperator ScalarString="CASE WHEN @tmpIndexesStatistics.[IndexName] as [tmpIndexesStatistics].[IndexName] IS NOT NULL THEN @tmpIndexesStatistics.[IndexName] as [tmpIndexesStatistics].[IndexName] ELSE @tmpIndexesStatistics.[StatisticsName] as [tmpIndexesStatistics].[StatisticsName] END">
                                                    <IF>
                                                      <Condition>
                                                        <ScalarOperator>
                                                          <Compare CompareOp="IS NOT">
                                                            <ScalarOperator>
                                                              <Identifier>
                                                                <ColumnReference Table="@tmpIndexesStatistics" Alias="[tmpIndexesStatistics]" Column="IndexName" />
                                                              </Identifier>
                                                            </ScalarOperator>
                                                            <ScalarOperator>
                                                              <Const ConstValue="NULL" />
                                                            </ScalarOperator>
                                                          </Compare>
                                                        </ScalarOperator>
                                                      </Condition>
                                                      <Then>
                                                        <ScalarOperator>
                                                          <Identifier>
                                                            <ColumnReference Table="@tmpIndexesStatistics" Alias="[tmpIndexesStatistics]" Column="IndexName" />
                                                          </Identifier>
                                                        </ScalarOperator>
                                                      </Then>
                                                      <Else>
                                                        <ScalarOperator>
                                                          <Identifier>
                                                            <ColumnReference Table="@tmpIndexesStatistics" Alias="[tmpIndexesStatistics]" Column="StatisticsName" />
                                                          </Identifier>
                                                        </ScalarOperator>
                                                      </Else>
                                                    </IF>
                                                  </ScalarOperator>
                                                </DefinedValue>
                                              </DefinedValues>
                                              <RelOp NodeId="7" PhysicalOp="Clustered Index Scan" LogicalOp="Clustered Index Scan" EstimateRows="8453" EstimateIO="0.172014" EstimateCPU="0.0094553" AvgRowSize="16118" EstimatedTotalSubtreeCost="0.181469" TableCardinality="8453" Parallel="0" EstimateRebinds="0" EstimateRewinds="0" EstimatedExecutionMode="Row">
                                                <OutputList>
                                                  <ColumnReference Table="@tmpIndexesStatistics" Alias="[tmpIndexesStatistics]" Column="ID" />
                                                  <ColumnReference Table="@tmpIndexesStatistics" Alias="[tmpIndexesStatistics]" Column="SchemaName" />
                                                  <ColumnReference Table="@tmpIndexesStatistics" Alias="[tmpIndexesStatistics]" Column="ObjectName" />
                                                  <ColumnReference Table="@tmpIndexesStatistics" Alias="[tmpIndexesStatistics]" Column="IndexName" />
                                                  <ColumnReference Table="@tmpIndexesStatistics" Alias="[tmpIndexesStatistics]" Column="StatisticsName" />
                                                  <ColumnReference Table="@tmpIndexesStatistics" Alias="[tmpIndexesStatistics]" Column="Selected" />
                                                  <ColumnReference Table="@tmpIndexesStatistics" Alias="[tmpIndexesStatistics]" Column="Completed" />
                                                </OutputList>
                                                <IndexScan Ordered="1" ForcedIndex="0" ForceScan="0" NoExpandHint="0">
                                                  <DefinedValues>
                                                    <DefinedValue>
                                                      <ColumnReference Table="@tmpIndexesStatistics" Alias="[tmpIndexesStatistics]" Column="ID" />
                                                    </DefinedValue>
                                                    <DefinedValue>
                                                      <ColumnReference Table="@tmpIndexesStatistics" Alias="[tmpIndexesStatistics]" Column="SchemaName" />
                                                    </DefinedValue>
                                                    <DefinedValue>
                                                      <ColumnReference Table="@tmpIndexesStatistics" Alias="[tmpIndexesStatistics]" Column="ObjectName" />
                                                    </DefinedValue>
                                                    <DefinedValue>
                                                      <ColumnReference Table="@tmpIndexesStatistics" Alias="[tmpIndexesStatistics]" Column="IndexName" />
                                                    </DefinedValue>
                                                    <DefinedValue>
                                                      <ColumnReference Table="@tmpIndexesStatistics" Alias="[tmpIndexesStatistics]" Column="StatisticsName" />
                                                    </DefinedValue>
                                                    <DefinedValue>
                                                      <ColumnReference Table="@tmpIndexesStatistics" Alias="[tmpIndexesStatistics]" Column="Selected" />
                                                    </DefinedValue>
                                                    <DefinedValue>
                                                      <ColumnReference Table="@tmpIndexesStatistics" Alias="[tmpIndexesStatistics]" Column="Completed" />
                                                    </DefinedValue>
                                                  </DefinedValues>
                                                  <Object Table="[@tmpIndexesStatistics]" Index="[PK__#B6DF63E__0861D20E8259BF05]" Alias="[tmpIndexesStatistics]" />
                                                </IndexScan>
                                              </RelOp>
                                            </ComputeScalar>
                                          </RelOp>
                                        </NestedLoops>
                                      </RelOp>
                                    </Sort>
                                  </RelOp>
                                </Update>
                              </RelOp>
                            </QueryPlan>
                          </StmtSimple>
                        </Statements>
                      </Else>
                    </StmtCond>
                    <StmtCond StatementText=" END&#xD;&#xA;&#xD;&#xA;      WHILE EXISTS (SELECT * FROM @tmpIndexesStatistics WHERE Selected = 1 AND Completed = 0 AND (GETDATE() &lt; DATEADD(ss,@TimeLimit,@StartTime) OR @TimeLimit IS NULL))&#xD;&#xA;     " StatementId="226" StatementCompId="296" StatementType="COND WITH QUERY" RetrievedFromCache="true" StatementSubTreeCost="0.00328972" StatementEstRows="1" StatementOptmLevel="FULL" QueryHash="0xBB88EA26D6F882DE" QueryPlanHash="0x604E1FDB363879CD" StatementOptmEarlyAbortReason="GoodEnoughPlanFound">
                      <StatementSetOptions QUOTED_IDENTIFIER="false" ARITHABORT="false" CONCAT_NULL_YIELDS_NULL="true" ANSI_NULLS="true" ANSI_PADDING="true" ANSI_WARNINGS="true" NUMERIC_ROUNDABORT="false" />
                      <Condition>
                        <QueryPlan NonParallelPlanReason="MaxDOPSetToOne" CachedPlanSize="16" CompileTime="2" CompileCPU="2" CompileMemory="240">
                          <MemoryGrantInfo SerialRequiredMemory="0" SerialDesiredMemory="0" />
                          <OptimizerHardwareDependentProperties EstimatedAvailableMemoryGrant="193313" EstimatedPagesCached="773254" EstimatedAvailableDegreeOfParallelism="1" />
                          <RelOp NodeId="0" PhysicalOp="Compute Scalar" LogicalOp="Compute Scalar" EstimateRows="1" EstimateIO="0" EstimateCPU="1e-007" AvgRowSize="11" EstimatedTotalSubtreeCost="0.00328972" Parallel="0" EstimateRebinds="0" EstimateRewinds="0" EstimatedExecutionMode="Row">
                            <OutputList>
                              <ColumnReference Column="Expr1004" />
                            </OutputList>
                            <ComputeScalar>
                              <DefinedValues>
                                <DefinedValue>
                                  <ColumnReference Column="Expr1004" />
                                  <ScalarOperator ScalarString="CASE WHEN [Expr1006] THEN (1) ELSE (0) END">
                                    <IF>
                                      <Condition>
                                        <ScalarOperator>
                                          <Identifier>
                                            <ColumnReference Column="Expr1006" />
                                          </Identifier>
                                        </ScalarOperator>
                                      </Condition>
                                      <Then>
                                        <ScalarOperator>
                                          <Const ConstValue="(1)" />
                                        </ScalarOperator>
                                      </Then>
                                      <Else>
                                        <ScalarOperator>
                                          <Const ConstValue="(0)" />
                                        </ScalarOperator>
                                      </Else>
                                    </IF>
                                  </ScalarOperator>
                                </DefinedValue>
                              </DefinedValues>
                              <RelOp NodeId="1" PhysicalOp="Nested Loops" LogicalOp="Left Semi Join" EstimateRows="1" EstimateIO="0" EstimateCPU="4.18e-006" AvgRowSize="9" EstimatedTotalSubtreeCost="0.00328962" Parallel="0" EstimateRebinds="0" EstimateRewinds="0" EstimatedExecutionMode="Row">
                                <OutputList>
                                  <ColumnReference Column="Expr1006" />
                                </OutputList>
                                <NestedLoops Optimized="0">
                                  <DefinedValues>
                                    <DefinedValue>
                                      <ColumnReference Column="Expr1006" />
                                    </DefinedValue>
                                  </DefinedValues>
                                  <ProbeColumn>
                                    <ColumnReference Column="Expr1006" />
                                  </ProbeColumn>
                                  <RelOp NodeId="2" PhysicalOp="Constant Scan" LogicalOp="Constant Scan" EstimateRows="1" EstimateIO="0" EstimateCPU="1.157e-006" AvgRowSize="9" EstimatedTotalSubtreeCost="1.157e-006" Parallel="0" EstimateRebinds="0" EstimateRewinds="0" EstimatedExecutionMode="Row">
                                    <OutputList />
                                    <ConstantScan />
                                  </RelOp>
                                  <RelOp NodeId="3" PhysicalOp="Filter" LogicalOp="Filter" EstimateRows="1" EstimateIO="0" EstimateCPU="0.00249364" AvgRowSize="9" EstimatedTotalSubtreeCost="0.00328428" Parallel="0" EstimateRebinds="0" EstimateRewinds="0" EstimatedExecutionMode="Row">
                                    <OutputList />
                                    <Filter StartupExpression="1">
                                      <RelOp NodeId="4" PhysicalOp="Clustered Index Seek" LogicalOp="Clustered Index Seek" EstimateRows="1" EstimateIO="0.0447917" EstimateCPU="0.00248158" AvgRowSize="9" EstimatedTotalSubtreeCost="0.0032831" TableCardinality="8453" Parallel="0" EstimateRebinds="0" EstimateRewinds="0" EstimatedExecutionMode="Row">
                                        <OutputList />
                                        <IndexScan Ordered="1" ScanDirection="FORWARD" ForcedIndex="0" ForceSeek="0" ForceScan="0" NoExpandHint="0" Storage="RowStore">
                                          <DefinedValues />
                                          <Object Table="[@tmpIndexesStatistics]" Index="[PK__#B6DF63E__0861D20E8259BF05]" />
                                          <SeekPredicates>
                                            <SeekPredicateNew>
                                              <SeekKeys>
                                                <Prefix ScanType="EQ">
                                                  <RangeColumns>
                                                    <ColumnReference Column="Selected" />
                                                    <ColumnReference Column="Completed" />
                                                  </RangeColumns>
                                                  <RangeExpressions>
                                                    <ScalarOperator ScalarString="(1)">
                                                      <Const ConstValue="(1)" />
                                                    </ScalarOperator>
                                                    <ScalarOperator ScalarString="(0)">
                                                      <Const ConstValue="(0)" />
                                                    </ScalarOperator>
                                                  </RangeExpressions>
                                                </Prefix>
                                              </SeekKeys>
                                            </SeekPredicateNew>
                                          </SeekPredicates>
                                        </IndexScan>
                                      </RelOp>
                                      <Predicate>
                                        <ScalarOperator ScalarString="getdate()&lt;dateadd(second,[@TimeLimit],[@StartTime]) OR [@TimeLimit] IS NULL">
                                          <Logical Operation="OR">
                                            <ScalarOperator>
                                              <Compare CompareOp="LT">
                                                <ScalarOperator>
                                                  <Identifier>
                                                    <ColumnReference Column="ConstExpr1005">
                                                      <ScalarOperator>
                                                        <Intrinsic FunctionName="getdate" />
                                                      </ScalarOperator>
                                                    </ColumnReference>
                                                  </Identifier>
                                                </ScalarOperator>
                                                <ScalarOperator>
                                                  <Intrinsic FunctionName="dateadd">
                                                    <ScalarOperator>
                                                      <Const ConstValue="(8)" />
                                                    </ScalarOperator>
                                                    <ScalarOperator>
                                                      <Identifier>
                                                        <ColumnReference Column="@TimeLimit" />
                                                      </Identifier>
                                                    </ScalarOperator>
                                                    <ScalarOperator>
                                                      <Identifier>
                                                        <ColumnReference Column="@StartTime" />
                                                      </Identifier>
                                                    </ScalarOperator>
                                                  </Intrinsic>
                                                </ScalarOperator>
                                              </Compare>
                                            </ScalarOperator>
                                            <ScalarOperator>
                                              <Compare CompareOp="IS">
                                                <ScalarOperator>
                                                  <Identifier>
                                                    <ColumnReference Column="@TimeLimit" />
                                                  </Identifier>
                                                </ScalarOperator>
                                                <ScalarOperator>
                                                  <Const ConstValue="NULL" />
                                                </ScalarOperator>
                                              </Compare>
                                            </ScalarOperator>
                                          </Logical>
                                        </ScalarOperator>
                                      </Predicate>
                                    </Filter>
                                  </RelOp>
                                </NestedLoops>
                              </RelOp>
                            </ComputeScalar>
                          </RelOp>
                          <ParameterList>
                            <ColumnReference Column="@TimeLimit" ParameterCompiledValue="NULL" />
                          </ParameterList>
                        </QueryPlan>
                      </Condition>
                      <Then>
                        <Statements>
                          <StmtSimple StatementText=" BEGIN&#xD;&#xA;&#xD;&#xA;        SELECT TOP 1 @CurrentIxID = ID,&#xD;&#xA;                     @CurrentSchemaID = SchemaID,&#xD;&#xA;                     @CurrentSchemaName = SchemaName,&#xD;&#xA;                     @CurrentObjectID = ObjectID,&#xD;&#xA;                     @CurrentObjectName = ObjectName,&#xD;&#xA;                     @CurrentObjectType = ObjectType,&#xD;&#xA;                     @CurrentIndexID = IndexID,&#xD;&#xA;                     @CurrentIndexName = IndexName,&#xD;&#xA;                     @CurrentIndexType = IndexType,&#xD;&#xA;                     @CurrentStatisticsID = StatisticsID,&#xD;&#xA;                     @CurrentStatisticsName = StatisticsName,&#xD;&#xA;                     @CurrentPartitionID = PartitionID,&#xD;&#xA;                     @CurrentPartitionNumber = PartitionNumber,&#xD;&#xA;                     @CurrentPartitionCount = PartitionCount&#xD;&#xA;        FROM @tmpIndexesStatistics&#xD;&#xA;        WHERE Selected = 1&#xD;&#xA;        AND Completed = 0&#xD;&#xA;        ORDER BY ID ASC&#xD;&#xA;&#xD;&#xA;        -- Is the index a partition?&#xD;&#xA;       " StatementId="227" StatementCompId="297" StatementType="SELECT" RetrievedFromCache="true" StatementSubTreeCost="0.0032832" StatementEstRows="1" StatementOptmLevel="TRIVIAL" QueryHash="0x1781D011A8D691BC" QueryPlanHash="0xC0E5C013347AEE8F">
                            <StatementSetOptions QUOTED_IDENTIFIER="false" ARITHABORT="false" CONCAT_NULL_YIELDS_NULL="true" ANSI_NULLS="true" ANSI_PADDING="true" ANSI_WARNINGS="true" NUMERIC_ROUNDABORT="false" />
                            <QueryPlan NonParallelPlanReason="MaxDOPSetToOne" CachedPlanSize="24" CompileTime="0" CompileCPU="0" CompileMemory="160">
                              <MemoryGrantInfo SerialRequiredMemory="0" SerialDesiredMemory="0" />
                              <OptimizerHardwareDependentProperties EstimatedAvailableMemoryGrant="193313" EstimatedPagesCached="773254" EstimatedAvailableDegreeOfParallelism="1" />
                              <RelOp NodeId="0" PhysicalOp="Top" LogicalOp="Top" EstimateRows="1" EstimateIO="0" EstimateCPU="1e-007" AvgRowSize="20180" EstimatedTotalSubtreeCost="0.0032832" Parallel="0" EstimateRebinds="0" EstimateRewinds="0" EstimatedExecutionMode="Row">
                                <OutputList>
                                  <ColumnReference Column="ID" />
                                  <ColumnReference Column="SchemaID" />
                                  <ColumnReference Column="SchemaName" />
                                  <ColumnReference Column="ObjectID" />
                                  <ColumnReference Column="ObjectName" />
                                  <ColumnReference Column="ObjectType" />
                                  <ColumnReference Column="IndexID" />
                                  <ColumnReference Column="IndexName" />
                                  <ColumnReference Column="IndexType" />
                                  <ColumnReference Column="StatisticsID" />
                                  <ColumnReference Column="StatisticsName" />
                                  <ColumnReference Column="PartitionID" />
                                  <ColumnReference Column="PartitionNumber" />
                                  <ColumnReference Column="PartitionCount" />
                                </OutputList>
                                <Top RowCount="0" IsPercent="0" WithTies="0">
                                  <TopExpression>
                                    <ScalarOperator ScalarString="(1)">
                                      <Const ConstValue="(1)" />
                                    </ScalarOperator>
                                  </TopExpression>
                                  <RelOp NodeId="1" PhysicalOp="Clustered Index Seek" LogicalOp="Clustered Index Seek" EstimateRows="1" EstimateIO="0.0447917" EstimateCPU="0.00248158" AvgRowSize="20180" EstimatedTotalSubtreeCost="0.0032831" TableCardinality="8453" Parallel="0" EstimateRebinds="0" EstimateRewinds="0" EstimatedExecutionMode="Row">
                                    <OutputList>
                                      <ColumnReference Column="ID" />
                                      <ColumnReference Column="SchemaID" />
                                      <ColumnReference Column="SchemaName" />
                                      <ColumnReference Column="ObjectID" />
                                      <ColumnReference Column="ObjectName" />
                                      <ColumnReference Column="ObjectType" />
                                      <ColumnReference Column="IndexID" />
                                      <ColumnReference Column="IndexName" />
                                      <ColumnReference Column="IndexType" />
                                      <ColumnReference Column="StatisticsID" />
                                      <ColumnReference Column="StatisticsName" />
                                      <ColumnReference Column="PartitionID" />
                                      <ColumnReference Column="PartitionNumber" />
                                      <ColumnReference Column="PartitionCount" />
                                    </OutputList>
                                    <IndexScan Ordered="1" ScanDirection="FORWARD" ForcedIndex="0" ForceSeek="0" ForceScan="0" NoExpandHint="0" Storage="RowStore">
                                      <DefinedValues>
                                        <DefinedValue>
                                          <ColumnReference Column="ID" />
                                        </DefinedValue>
                                        <DefinedValue>
                                          <ColumnReference Column="SchemaID" />
                                        </DefinedValue>
                                        <DefinedValue>
                                          <ColumnReference Column="SchemaName" />
                                        </DefinedValue>
                                        <DefinedValue>
                                          <ColumnReference Column="ObjectID" />
                                        </DefinedValue>
                                        <DefinedValue>
                                          <ColumnReference Column="ObjectName" />
                                        </DefinedValue>
                                        <DefinedValue>
                                          <ColumnReference Column="ObjectType" />
                                        </DefinedValue>
                                        <DefinedValue>
                                          <ColumnReference Column="IndexID" />
                                        </DefinedValue>
                                        <DefinedValue>
                                          <ColumnReference Column="IndexName" />
                                        </DefinedValue>
                                        <DefinedValue>
                                          <ColumnReference Column="IndexType" />
                                        </DefinedValue>
                                        <DefinedValue>
                                          <ColumnReference Column="StatisticsID" />
                                        </DefinedValue>
                                        <DefinedValue>
                                          <ColumnReference Column="StatisticsName" />
                                        </DefinedValue>
                                        <DefinedValue>
                                          <ColumnReference Column="PartitionID" />
                                        </DefinedValue>
                                        <DefinedValue>
                                          <ColumnReference Column="PartitionNumber" />
                                        </DefinedValue>
                                        <DefinedValue>
                                          <ColumnReference Column="PartitionCount" />
                                        </DefinedValue>
                                      </DefinedValues>
                                      <Object Table="[@tmpIndexesStatistics]" Index="[PK__#B6DF63E__0861D20E8259BF05]" />
                                      <SeekPredicates>
                                        <SeekPredicateNew>
                                          <SeekKeys>
                                            <Prefix ScanType="EQ">
                                              <RangeColumns>
                                                <ColumnReference Column="Selected" />
                                                <ColumnReference Column="Completed" />
                                              </RangeColumns>
                                              <RangeExpressions>
                                                <ScalarOperator ScalarString="(1)">
                                                  <Const ConstValue="(1)" />
                                                </ScalarOperator>
                                                <ScalarOperator ScalarString="(0)">
                                                  <Const ConstValue="(0)" />
                                                </ScalarOperator>
                                              </RangeExpressions>
                                            </Prefix>
                                          </SeekKeys>
                                        </SeekPredicateNew>
                                      </SeekPredicates>
                                    </IndexScan>
                                  </RelOp>
                                </Top>
                              </RelOp>
                            </QueryPlan>
                          </StmtSimple>
                          <StmtCond StatementText=" IF @CurrentPartitionNumber IS NULL OR @CurrentPartitionCount = 1" StatementId="228" StatementCompId="298" StatementType="COND" RetrievedFromCache="true">
                            <Condition />
                            <Then>
                              <Statements>
                                <StmtSimple StatementText=" BEGIN SET @CurrentIsPartition = 0" StatementId="229" StatementCompId="299" StatementType="ASSIGN" RetrievedFromCache="true" />
                              </Statements>
                            </Then>
                            <Else>
                              <Statements>
                                <StmtSimple StatementText=" END ELSE BEGIN SET @CurrentIsPartition = 1" StatementId="230" StatementCompId="302" StatementType="ASSIGN" RetrievedFromCache="true" />
                              </Statements>
                            </Else>
                          </StmtCond>
                          <StmtCond StatementText=" END&#xD;&#xA;&#xD;&#xA;        -- Does the index exist?&#xD;&#xA;        IF @CurrentIndexID IS NOT NULL AND EXISTS(SELECT * FROM @ActionsPreferred)&#xD;&#xA;       " StatementId="231" StatementCompId="304" StatementType="COND WITH QUERY" RetrievedFromCache="true" StatementSubTreeCost="0.00328894" StatementEstRows="1" StatementOptmLevel="FULL" QueryHash="0x6732DCAA0D1AB204" QueryPlanHash="0xD33BB5E5C22C10D4" StatementOptmEarlyAbortReason="GoodEnoughPlanFound">
                            <StatementSetOptions QUOTED_IDENTIFIER="false" ARITHABORT="false" CONCAT_NULL_YIELDS_NULL="true" ANSI_NULLS="true" ANSI_PADDING="true" ANSI_WARNINGS="true" NUMERIC_ROUNDABORT="false" />
                            <Condition>
                              <QueryPlan NonParallelPlanReason="MaxDOPSetToOne" CachedPlanSize="16" CompileTime="0" CompileCPU="0" CompileMemory="160">
                                <MemoryGrantInfo SerialRequiredMemory="0" SerialDesiredMemory="0" />
                                <OptimizerHardwareDependentProperties EstimatedAvailableMemoryGrant="193313" EstimatedPagesCached="773254" EstimatedAvailableDegreeOfParallelism="1" />
                                <RelOp NodeId="0" PhysicalOp="Compute Scalar" LogicalOp="Compute Scalar" EstimateRows="1" EstimateIO="0" EstimateCPU="1e-007" AvgRowSize="11" EstimatedTotalSubtreeCost="0.00328894" Parallel="0" EstimateRebinds="0" EstimateRewinds="0" EstimatedExecutionMode="Row">
                                  <OutputList>
                                    <ColumnReference Column="Expr1005" />
                                  </OutputList>
                                  <ComputeScalar>
                                    <DefinedValues>
                                      <DefinedValue>
                                        <ColumnReference Column="Expr1005" />
                                        <ScalarOperator ScalarString="CASE WHEN [@CurrentIndexID] IS NOT NULL AND [Expr1006] THEN (1) ELSE (0) END">
                                          <IF>
                                            <Condition>
                                              <ScalarOperator>
                                                <Logical Operation="AND">
                                                  <ScalarOperator>
                                                    <Compare CompareOp="IS NOT">
                                                      <ScalarOperator>
                                                        <Identifier>
                                                          <ColumnReference Column="@CurrentIndexID" />
                                                        </Identifier>
                                                      </ScalarOperator>
                                                      <ScalarOperator>
                                                        <Const ConstValue="NULL" />
                                                      </ScalarOperator>
                                                    </Compare>
                                                  </ScalarOperator>
                                                  <ScalarOperator>
                                                    <Identifier>
                                                      <ColumnReference Column="Expr1006" />
                                                    </Identifier>
                                                  </ScalarOperator>
                                                </Logical>
                                              </ScalarOperator>
                                            </Condition>
                                            <Then>
                                              <ScalarOperator>
                                                <Const ConstValue="(1)" />
                                              </ScalarOperator>
                                            </Then>
                                            <Else>
                                              <ScalarOperator>
                                                <Const ConstValue="(0)" />
                                              </ScalarOperator>
                                            </Else>
                                          </IF>
                                        </ScalarOperator>
                                      </DefinedValue>
                                    </DefinedValues>
                                    <RelOp NodeId="1" PhysicalOp="Nested Loops" LogicalOp="Left Semi Join" EstimateRows="1" EstimateIO="0" EstimateCPU="4.18e-006" AvgRowSize="9" EstimatedTotalSubtreeCost="0.00328884" Parallel="0" EstimateRebinds="0" EstimateRewinds="0" EstimatedExecutionMode="Row">
                                      <OutputList>
                                        <ColumnReference Column="Expr1006" />
                                      </OutputList>
                                      <NestedLoops Optimized="0">
                                        <DefinedValues>
                                          <DefinedValue>
                                            <ColumnReference Column="Expr1006" />
                                          </DefinedValue>
                                        </DefinedValues>
                                        <PassThru>
                                          <ScalarOperator ScalarString="IsFalseOrNull [@CurrentIndexID] IS NOT NULL">
                                            <Logical Operation="IsFalseOrNull">
                                              <ScalarOperator>
                                                <Compare CompareOp="IS NOT">
                                                  <ScalarOperator>
                                                    <Identifier>
                                                      <ColumnReference Column="@CurrentIndexID" />
                                                    </Identifier>
                                                  </ScalarOperator>
                                                  <ScalarOperator>
                                                    <Const ConstValue="NULL" />
                                                  </ScalarOperator>
                                                </Compare>
                                              </ScalarOperator>
                                            </Logical>
                                          </ScalarOperator>
                                        </PassThru>
                                        <ProbeColumn>
                                          <ColumnReference Column="Expr1006" />
                                        </ProbeColumn>
                                        <RelOp NodeId="2" PhysicalOp="Constant Scan" LogicalOp="Constant Scan" EstimateRows="1" EstimateIO="0" EstimateCPU="1.157e-006" AvgRowSize="9" EstimatedTotalSubtreeCost="1.157e-006" Parallel="0" EstimateRebinds="0" EstimateRewinds="0" EstimatedExecutionMode="Row">
                                          <OutputList />
                                          <ConstantScan />
                                        </RelOp>
                                        <RelOp NodeId="3" PhysicalOp="Table Scan" LogicalOp="Table Scan" EstimateRows="1" EstimateIO="0.003125" EstimateCPU="0.0001625" AvgRowSize="9" EstimatedTotalSubtreeCost="0.0032831" TableCardinality="5" Parallel="0" EstimateRebinds="0" EstimateRewinds="0" EstimatedExecutionMode="Row">
                                          <OutputList />
                                          <TableScan Ordered="0" ForcedIndex="0" ForceScan="0" NoExpandHint="0">
                                            <DefinedValues />
                                            <Object Table="[@ActionsPreferred]" />
                                          </TableScan>
                                        </RelOp>
                                      </NestedLoops>
                                    </RelOp>
                                  </ComputeScalar>
                                </RelOp>
                              </QueryPlan>
                            </Condition>
                            <Then>
                              <Statements>
                                <StmtCond StatementText=" BEGIN&#xD;&#xA;          IF @CurrentIsPartition = 0" StatementId="232" StatementCompId="305" StatementType="COND" RetrievedFromCache="true">
                                  <Condition />
                                  <Then>
                                    <Statements>
                                      <StmtSimple StatementText=" SET @CurrentCommand02 = 'IF EXISTS(SELECT * FROM ' + QUOTENAME(@CurrentDatabaseName) + '.sys.indexes indexes INNER JOIN ' + QUOTENAME(@CurrentDatabaseName) + '.sys.objects objects ON indexes.[object_id] = objects.[object_id] INNER JOIN ' + QUOTENAME(@CurrentDatabaseName) + '.sys.schemas schemas ON objects.[schema_id] = schemas.[schema_id] WHERE objects.[type] IN(''U'',''V'') AND objects.is_ms_shipped = 0 AND indexes.[type] IN(1,2,3,4) AND indexes.is_disabled = 0 AND indexes.is_hypothetical = 0 AND schemas.[schema_id] = @ParamSchemaID AND schemas.[name] = @ParamSchemaName AND objects.[object_id] = @ParamObjectID AND objects.[name] = @ParamObjectName AND objects.[type] = @ParamObjectType AND indexes.index_id = @ParamIndexID AND indexes.[name] = @ParamIndexName AND indexes.[type] = @ParamIndexType) BEGIN SET @ParamIndexExists = 1 END'&#xD;&#xA;         " StatementId="233" StatementCompId="306" StatementType="ASSIGN" RetrievedFromCache="true" />
                                    </Statements>
                                  </Then>
                                </StmtCond>
                                <StmtCond StatementText=" IF @CurrentIsPartition = 1" StatementId="234" StatementCompId="308" StatementType="COND" RetrievedFromCache="true">
                                  <Condition />
                                  <Then>
                                    <Statements>
                                      <StmtSimple StatementText=" SET @CurrentCommand02 = 'IF EXISTS(SELECT * FROM ' + QUOTENAME(@CurrentDatabaseName) + '.sys.indexes indexes INNER JOIN ' + QUOTENAME(@CurrentDatabaseName) + '.sys.objects objects ON indexes.[object_id] = objects.[object_id] INNER JOIN ' + QUOTENAME(@CurrentDatabaseName) + '.sys.schemas schemas ON objects.[schema_id] = schemas.[schema_id] INNER JOIN ' + QUOTENAME(@CurrentDatabaseName) + '.sys.partitions partitions ON indexes.[object_id] = partitions.[object_id] AND indexes.index_id = partitions.index_id WHERE objects.[type] IN(''U'',''V'') AND objects.is_ms_shipped = 0 AND indexes.[type] IN(1,2,3,4) AND indexes.is_disabled = 0 AND indexes.is_hypothetical = 0 AND schemas.[schema_id] = @ParamSchemaID AND schemas.[name] = @ParamSchemaName AND objects.[object_id] = @ParamObjectID AND objects.[name] = @ParamObjectName AND objects.[type] = @ParamObjectType AND indexes.index_id = @ParamIndexID AND indexes.[name] = @ParamIndexName AND indexes.[type] = @ParamIndexType AND partitions.partition_id = @ParamPartitionID AND partitions.partition_number = @ParamPartitionNumber) BEGIN SET @ParamIndexExists = 1 END'&#xD;&#xA;&#xD;&#xA;         " StatementId="235" StatementCompId="309" StatementType="ASSIGN" RetrievedFromCache="true" />
                                    </Statements>
                                  </Then>
                                </StmtCond>
                                <StmtSimple StatementText=" EXECUTE sp_executesql @statement = @CurrentCommand02, @params = N'@ParamSchemaID int, @ParamSchemaName sysname, @ParamObjectID int, @ParamObjectName sysname, @ParamObjectType sysname, @ParamIndexID int, @ParamIndexName sysname, @ParamIndexType int, @ParamPartitionID bigint, @ParamPartitionNumber int, @ParamIndexExists bit OUTPUT', @ParamSchemaID = @CurrentSchemaID, @ParamSchemaName = @CurrentSchemaName, @ParamObjectID = @CurrentObjectID, @ParamObjectName = @CurrentObjectName, @ParamObjectType = @CurrentObjectType, @ParamIndexID = @CurrentIndexID, @ParamIndexName = @CurrentIndexName, @ParamIndexType = @CurrentIndexType, @ParamPartitionID = @CurrentPartitionID, @ParamPartitionNumber = @CurrentPartitionNumber, @ParamIndexExists = @CurrentIndexExists OUTPUT&#xD;&#xA;         " StatementId="236" StatementCompId="311" StatementType="EXECUTE PROC" RetrievedFromCache="true" />
                                <StmtSimple StatementText=" SET @Error = @@ERROR&#xD;&#xA;         " StatementId="237" StatementCompId="312" StatementType="ASSIGN" RetrievedFromCache="true" />
                                <StmtCond StatementText=" IF @Error = 0 AND @CurrentIndexExists IS NULL" StatementId="238" StatementCompId="313" StatementType="COND" RetrievedFromCache="true">
                                  <Condition />
                                  <Then>
                                    <Statements>
                                      <StmtSimple StatementText=" SET @CurrentIndexExists = 0&#xD;&#xA;         " StatementId="239" StatementCompId="314" StatementType="ASSIGN" RetrievedFromCache="true" />
                                    </Statements>
                                  </Then>
                                </StmtCond>
                                <StmtCond StatementText=" IF @Error &lt;&gt; 0&#xD;&#xA;         " StatementId="240" StatementCompId="316" StatementType="COND" RetrievedFromCache="true">
                                  <Condition />
                                  <Then>
                                    <Statements>
                                      <StmtSimple StatementText=" BEGIN&#xD;&#xA;            SET @ReturnCode = @Error&#xD;&#xA;           " StatementId="241" StatementCompId="317" StatementType="ASSIGN" RetrievedFromCache="true" />
                                      <StmtSimple StatementText=" GOTO NoAction&#xD;&#xA;         " StatementId="242" StatementCompId="318" StatementType="GOTO" RetrievedFromCache="true" />
                                    </Statements>
                                  </Then>
                                </StmtCond>
                                <StmtCond StatementText=" END&#xD;&#xA;          IF @CurrentIndexExists = 0" StatementId="243" StatementCompId="320" StatementType="COND" RetrievedFromCache="true">
                                  <Condition />
                                  <Then>
                                    <Statements>
                                      <StmtSimple StatementText=" GOTO NoAction&#xD;&#xA;       " StatementId="244" StatementCompId="321" StatementType="GOTO" RetrievedFromCache="true" />
                                    </Statements>
                                  </Then>
                                </StmtCond>
                              </Statements>
                            </Then>
                          </StmtCond>
                          <StmtCond StatementText=" END&#xD;&#xA;&#xD;&#xA;        -- Does the statistics exist?&#xD;&#xA;        IF @CurrentStatisticsID IS NOT NULL AND @UpdateStatistics IS NOT NULL&#xD;&#xA;       " StatementId="245" StatementCompId="324" StatementType="COND" RetrievedFromCache="true">
                            <Condition />
                            <Then>
                              <Statements>
                                <StmtSimple StatementText=" BEGIN&#xD;&#xA;          SET @CurrentCommand03 = 'IF EXISTS(SELECT * FROM ' + QUOTENAME(@CurrentDatabaseName) + '.sys.stats stats INNER JOIN ' + QUOTENAME(@CurrentDatabaseName) + '.sys.objects objects ON stats.[object_id] = objects.[object_id] INNER JOIN ' + QUOTENAME(@CurrentDatabaseName) + '.sys.schemas schemas ON objects.[schema_id] = schemas.[schema_id] WHERE objects.[type] IN(''U'',''V'') AND objects.is_ms_shipped = 0 AND schemas.[schema_id] = @ParamSchemaID AND schemas.[name] = @ParamSchemaName AND objects.[object_id] = @ParamObjectID AND objects.[name] = @ParamObjectName AND objects.[type] = @ParamObjectType AND stats.stats_id = @ParamStatisticsID AND stats.[name] = @ParamStatisticsName) BEGIN SET @ParamStatisticsExists = 1 END'&#xD;&#xA;&#xD;&#xA;         " StatementId="246" StatementCompId="325" StatementType="ASSIGN" RetrievedFromCache="true" />
                                <StmtSimple StatementText=" EXECUTE sp_executesql @statement = @CurrentCommand03, @params = N'@ParamSchemaID int, @ParamSchemaName sysname, @ParamObjectID int, @ParamObjectName sysname, @ParamObjectType sysname, @ParamStatisticsID int, @ParamStatisticsName sysname, @ParamStatisticsExists bit OUTPUT', @ParamSchemaID = @CurrentSchemaID, @ParamSchemaName = @CurrentSchemaName, @ParamObjectID = @CurrentObjectID, @ParamObjectName = @CurrentObjectName, @ParamObjectType = @CurrentObjectType, @ParamStatisticsID = @CurrentStatisticsID, @ParamStatisticsName = @CurrentStatisticsName, @ParamStatisticsExists = @CurrentStatisticsExists OUTPUT&#xD;&#xA;         " StatementId="247" StatementCompId="326" StatementType="EXECUTE PROC" RetrievedFromCache="true" />
                                <StmtSimple StatementText=" SET @Error = @@ERROR&#xD;&#xA;         " StatementId="248" StatementCompId="327" StatementType="ASSIGN" RetrievedFromCache="true" />
                                <StmtCond StatementText=" IF @Error = 0 AND @CurrentStatisticsExists IS NULL" StatementId="249" StatementCompId="328" StatementType="COND" RetrievedFromCache="true">
                                  <Condition />
                                  <Then>
                                    <Statements>
                                      <StmtSimple StatementText=" SET @CurrentStatisticsExists = 0&#xD;&#xA;         " StatementId="250" StatementCompId="329" StatementType="ASSIGN" RetrievedFromCache="true" />
                                    </Statements>
                                  </Then>
                                </StmtCond>
                                <StmtCond StatementText=" IF @Error &lt;&gt; 0&#xD;&#xA;         " StatementId="251" StatementCompId="331" StatementType="COND" RetrievedFromCache="true">
                                  <Condition />
                                  <Then>
                                    <Statements>
                                      <StmtSimple StatementText=" BEGIN&#xD;&#xA;            SET @ReturnCode = @Error&#xD;&#xA;           " StatementId="252" StatementCompId="332" StatementType="ASSIGN" RetrievedFromCache="true" />
                                      <StmtSimple StatementText=" GOTO NoAction&#xD;&#xA;         " StatementId="253" StatementCompId="333" StatementType="GOTO" RetrievedFromCache="true" />
                                    </Statements>
                                  </Then>
                                </StmtCond>
                                <StmtCond StatementText=" END&#xD;&#xA;          IF @CurrentStatisticsExists = 0" StatementId="254" StatementCompId="335" StatementType="COND" RetrievedFromCache="true">
                                  <Condition />
                                  <Then>
                                    <Statements>
                                      <StmtSimple StatementText=" GOTO NoAction&#xD;&#xA;       " StatementId="255" StatementCompId="336" StatementType="GOTO" RetrievedFromCache="true" />
                                    </Statements>
                                  </Then>
                                </StmtCond>
                              </Statements>
                            </Then>
                          </StmtCond>
                          <StmtCond StatementText=" END&#xD;&#xA;&#xD;&#xA;        -- Is one of the columns in the index an image, text or ntext data type?&#xD;&#xA;        IF @CurrentIndexID IS NOT NULL AND @CurrentIndexType = 1 AND EXISTS(SELECT * FROM @ActionsPreferred)&#xD;&#xA;       " StatementId="256" StatementCompId="339" StatementType="COND WITH QUERY" RetrievedFromCache="true" StatementSubTreeCost="0.00328944" StatementEstRows="1" StatementOptmLevel="FULL" QueryHash="0x26A019A4970E6419" QueryPlanHash="0x232A1169F826CEA4" StatementOptmEarlyAbortReason="GoodEnoughPlanFound">
                            <StatementSetOptions QUOTED_IDENTIFIER="false" ARITHABORT="false" CONCAT_NULL_YIELDS_NULL="true" ANSI_NULLS="true" ANSI_PADDING="true" ANSI_WARNINGS="true" NUMERIC_ROUNDABORT="false" />
                            <Condition>
                              <QueryPlan NonParallelPlanReason="MaxDOPSetToOne" CachedPlanSize="16" CompileTime="1" CompileCPU="1" CompileMemory="176">
                                <MemoryGrantInfo SerialRequiredMemory="0" SerialDesiredMemory="0" />
                                <OptimizerHardwareDependentProperties EstimatedAvailableMemoryGrant="193313" EstimatedPagesCached="773254" EstimatedAvailableDegreeOfParallelism="1" />
                                <RelOp NodeId="0" PhysicalOp="Compute Scalar" LogicalOp="Compute Scalar" EstimateRows="1" EstimateIO="0" EstimateCPU="1e-007" AvgRowSize="11" EstimatedTotalSubtreeCost="0.00328944" Parallel="0" EstimateRebinds="0" EstimateRewinds="0" EstimatedExecutionMode="Row">
                                  <OutputList>
                                    <ColumnReference Column="Expr1005" />
                                  </OutputList>
                                  <ComputeScalar>
                                    <DefinedValues>
                                      <DefinedValue>
                                        <ColumnReference Column="Expr1005" />
                                        <ScalarOperator ScalarString="CASE WHEN [@CurrentIndexID] IS NOT NULL AND [@CurrentIndexType]=(1) AND [Expr1006] THEN (1) ELSE (0) END">
                                          <IF>
                                            <Condition>
                                              <ScalarOperator>
                                                <Logical Operation="AND">
                                                  <ScalarOperator>
                                                    <Compare CompareOp="IS NOT">
                                                      <ScalarOperator>
                                                        <Identifier>
                                                          <ColumnReference Column="@CurrentIndexID" />
                                                        </Identifier>
                                                      </ScalarOperator>
                                                      <ScalarOperator>
                                                        <Const ConstValue="NULL" />
                                                      </ScalarOperator>
                                                    </Compare>
                                                  </ScalarOperator>
                                                  <ScalarOperator>
                                                    <Compare CompareOp="EQ">
                                                      <ScalarOperator>
                                                        <Identifier>
                                                          <ColumnReference Column="@CurrentIndexType" />
                                                        </Identifier>
                                                      </ScalarOperator>
                                                      <ScalarOperator>
                                                        <Const ConstValue="(1)" />
                                                      </ScalarOperator>
                                                    </Compare>
                                                  </ScalarOperator>
                                                  <ScalarOperator>
                                                    <Identifier>
                                                      <ColumnReference Column="Expr1006" />
                                                    </Identifier>
                                                  </ScalarOperator>
                                                </Logical>
                                              </ScalarOperator>
                                            </Condition>
                                            <Then>
                                              <ScalarOperator>
                                                <Const ConstValue="(1)" />
                                              </ScalarOperator>
                                            </Then>
                                            <Else>
                                              <ScalarOperator>
                                                <Const ConstValue="(0)" />
                                              </ScalarOperator>
                                            </Else>
                                          </IF>
                                        </ScalarOperator>
                                      </DefinedValue>
                                    </DefinedValues>
                                    <RelOp NodeId="1" PhysicalOp="Nested Loops" LogicalOp="Left Semi Join" EstimateRows="1" EstimateIO="0" EstimateCPU="4.18e-006" AvgRowSize="9" EstimatedTotalSubtreeCost="0.00328934" Parallel="0" EstimateRebinds="0" EstimateRewinds="0" EstimatedExecutionMode="Row">
                                      <OutputList>
                                        <ColumnReference Column="Expr1006" />
                                      </OutputList>
                                      <NestedLoops Optimized="0">
                                        <DefinedValues>
                                          <DefinedValue>
                                            <ColumnReference Column="Expr1006" />
                                          </DefinedValue>
                                        </DefinedValues>
                                        <PassThru>
                                          <ScalarOperator ScalarString="IsFalseOrNull [@CurrentIndexID] IS NOT NULL OR IsFalseOrNull [@CurrentIndexType]=(1)">
                                            <Logical Operation="OR">
                                              <ScalarOperator>
                                                <Logical Operation="IsFalseOrNull">
                                                  <ScalarOperator>
                                                    <Compare CompareOp="IS NOT">
                                                      <ScalarOperator>
                                                        <Identifier>
                                                          <ColumnReference Column="@CurrentIndexID" />
                                                        </Identifier>
                                                      </ScalarOperator>
                                                      <ScalarOperator>
                                                        <Const ConstValue="NULL" />
                                                      </ScalarOperator>
                                                    </Compare>
                                                  </ScalarOperator>
                                                </Logical>
                                              </ScalarOperator>
                                              <ScalarOperator>
                                                <Logical Operation="IsFalseOrNull">
                                                  <ScalarOperator>
                                                    <Compare CompareOp="EQ">
                                                      <ScalarOperator>
                                                        <Identifier>
                                                          <ColumnReference Column="@CurrentIndexType" />
                                                        </Identifier>
                                                      </ScalarOperator>
                                                      <ScalarOperator>
                                                        <Const ConstValue="(1)" />
                                                      </ScalarOperator>
                                                    </Compare>
                                                  </ScalarOperator>
                                                </Logical>
                                              </ScalarOperator>
                                            </Logical>
                                          </ScalarOperator>
                                        </PassThru>
                                        <ProbeColumn>
                                          <ColumnReference Column="Expr1006" />
                                        </ProbeColumn>
                                        <RelOp NodeId="2" PhysicalOp="Constant Scan" LogicalOp="Constant Scan" EstimateRows="1" EstimateIO="0" EstimateCPU="1.157e-006" AvgRowSize="9" EstimatedTotalSubtreeCost="1.157e-006" Parallel="0" EstimateRebinds="0" EstimateRewinds="0" EstimatedExecutionMode="Row">
                                          <OutputList />
                                          <ConstantScan />
                                        </RelOp>
                                        <RelOp NodeId="3" PhysicalOp="Table Scan" LogicalOp="Table Scan" EstimateRows="1" EstimateIO="0.003125" EstimateCPU="0.0001625" AvgRowSize="9" EstimatedTotalSubtreeCost="0.0032831" TableCardinality="5" Parallel="0" EstimateRebinds="0" EstimateRewinds="0" EstimatedExecutionMode="Row">
                                          <OutputList />
                                          <TableScan Ordered="0" ForcedIndex="0" ForceScan="0" NoExpandHint="0">
                                            <DefinedValues />
                                            <Object Table="[@ActionsPreferred]" />
                                          </TableScan>
                                        </RelOp>
                                      </NestedLoops>
                                    </RelOp>
                                  </ComputeScalar>
                                </RelOp>
                              </QueryPlan>
                            </Condition>
                            <Then>
                              <Statements>
                                <StmtSimple StatementText=" BEGIN&#xD;&#xA;          SET @CurrentCommand04 = 'IF EXISTS(SELECT * FROM ' + QUOTENAME(@CurrentDatabaseName) + '.sys.columns columns INNER JOIN ' + QUOTENAME(@CurrentDatabaseName) + '.sys.types types ON columns.system_type_id = types.user_type_id WHERE columns.[object_id] = @ParamObjectID AND types.name IN(''image'',''text'',''ntext'')) BEGIN SET @ParamIsImageText = 1 END'&#xD;&#xA;&#xD;&#xA;         " StatementId="257" StatementCompId="340" StatementType="ASSIGN" RetrievedFromCache="true" />
                                <StmtSimple StatementText=" EXECUTE sp_executesql @statement = @CurrentCommand04, @params = N'@ParamObjectID int, @ParamIndexID int, @ParamIsImageText bit OUTPUT', @ParamObjectID = @CurrentObjectID, @ParamIndexID = @CurrentIndexID, @ParamIsImageText = @CurrentIsImageText OUTPUT&#xD;&#xA;         " StatementId="258" StatementCompId="341" StatementType="EXECUTE PROC" RetrievedFromCache="true" />
                                <StmtSimple StatementText=" SET @Error = @@ERROR&#xD;&#xA;         " StatementId="259" StatementCompId="342" StatementType="ASSIGN" RetrievedFromCache="true" />
                                <StmtCond StatementText=" IF @Error = 0 AND @CurrentIsImageText IS NULL" StatementId="260" StatementCompId="343" StatementType="COND" RetrievedFromCache="true">
                                  <Condition />
                                  <Then>
                                    <Statements>
                                      <StmtSimple StatementText=" SET @CurrentIsImageText = 0&#xD;&#xA;         " StatementId="261" StatementCompId="344" StatementType="ASSIGN" RetrievedFromCache="true" />
                                    </Statements>
                                  </Then>
                                </StmtCond>
                                <StmtCond StatementText=" IF @Error &lt;&gt; 0&#xD;&#xA;         " StatementId="262" StatementCompId="346" StatementType="COND" RetrievedFromCache="true">
                                  <Condition />
                                  <Then>
                                    <Statements>
                                      <StmtSimple StatementText=" BEGIN&#xD;&#xA;            SET @ReturnCode = @Error&#xD;&#xA;           " StatementId="263" StatementCompId="347" StatementType="ASSIGN" RetrievedFromCache="true" />
                                      <StmtSimple StatementText=" GOTO NoAction&#xD;&#xA;         " StatementId="264" StatementCompId="348" StatementType="GOTO" RetrievedFromCache="true" />
                                    </Statements>
                                  </Then>
                                </StmtCond>
                              </Statements>
                            </Then>
                          </StmtCond>
                          <StmtCond StatementText=" END&#xD;&#xA;        END&#xD;&#xA;&#xD;&#xA;        -- Is one of the columns in the index an xml, varchar(max), nvarchar(max), varbinary(max) or large CLR data type?&#xD;&#xA;        IF @CurrentIndexID IS NOT NULL AND @CurrentIndexType IN(1,2) AND EXISTS(SELECT * FROM @ActionsPreferred)&#xD;&#xA;       " StatementId="265" StatementCompId="351" StatementType="COND WITH QUERY" RetrievedFromCache="true" StatementSubTreeCost="0.00328984" StatementEstRows="1" StatementOptmLevel="FULL" QueryHash="0x3B3EF249895A4279" QueryPlanHash="0x7042944831F94214" StatementOptmEarlyAbortReason="GoodEnoughPlanFound">
                            <StatementSetOptions QUOTED_IDENTIFIER="false" ARITHABORT="false" CONCAT_NULL_YIELDS_NULL="true" ANSI_NULLS="true" ANSI_PADDING="true" ANSI_WARNINGS="true" NUMERIC_ROUNDABORT="false" />
                            <Condition>
                              <QueryPlan NonParallelPlanReason="MaxDOPSetToOne" CachedPlanSize="16" CompileTime="1" CompileCPU="1" CompileMemory="184">
                                <MemoryGrantInfo SerialRequiredMemory="0" SerialDesiredMemory="0" />
                                <OptimizerHardwareDependentProperties EstimatedAvailableMemoryGrant="193313" EstimatedPagesCached="773254" EstimatedAvailableDegreeOfParallelism="1" />
                                <RelOp NodeId="0" PhysicalOp="Compute Scalar" LogicalOp="Compute Scalar" EstimateRows="1" EstimateIO="0" EstimateCPU="1e-007" AvgRowSize="11" EstimatedTotalSubtreeCost="0.00328984" Parallel="0" EstimateRebinds="0" EstimateRewinds="0" EstimatedExecutionMode="Row">
                                  <OutputList>
                                    <ColumnReference Column="Expr1005" />
                                  </OutputList>
                                  <ComputeScalar>
                                    <DefinedValues>
                                      <DefinedValue>
                                        <ColumnReference Column="Expr1005" />
                                        <ScalarOperator ScalarString="CASE WHEN [@CurrentIndexID] IS NOT NULL AND ([@CurrentIndexType]=(2) OR [@CurrentIndexType]=(1)) AND [Expr1006] THEN (1) ELSE (0) END">
                                          <IF>
                                            <Condition>
                                              <ScalarOperator>
                                                <Logical Operation="AND">
                                                  <ScalarOperator>
                                                    <Compare CompareOp="IS NOT">
                                                      <ScalarOperator>
                                                        <Identifier>
                                                          <ColumnReference Column="@CurrentIndexID" />
                                                        </Identifier>
                                                      </ScalarOperator>
                                                      <ScalarOperator>
                                                        <Const ConstValue="NULL" />
                                                      </ScalarOperator>
                                                    </Compare>
                                                  </ScalarOperator>
                                                  <ScalarOperator>
                                                    <Logical Operation="OR">
                                                      <ScalarOperator>
                                                        <Compare CompareOp="EQ">
                                                          <ScalarOperator>
                                                            <Identifier>
                                                              <ColumnReference Column="@CurrentIndexType" />
                                                            </Identifier>
                                                          </ScalarOperator>
                                                          <ScalarOperator>
                                                            <Const ConstValue="(2)" />
                                                          </ScalarOperator>
                                                        </Compare>
                                                      </ScalarOperator>
                                                      <ScalarOperator>
                                                        <Compare CompareOp="EQ">
                                                          <ScalarOperator>
                                                            <Identifier>
                                                              <ColumnReference Column="@CurrentIndexType" />
                                                            </Identifier>
                                                          </ScalarOperator>
                                                          <ScalarOperator>
                                                            <Const ConstValue="(1)" />
                                                          </ScalarOperator>
                                                        </Compare>
                                                      </ScalarOperator>
                                                    </Logical>
                                                  </ScalarOperator>
                                                  <ScalarOperator>
                                                    <Identifier>
                                                      <ColumnReference Column="Expr1006" />
                                                    </Identifier>
                                                  </ScalarOperator>
                                                </Logical>
                                              </ScalarOperator>
                                            </Condition>
                                            <Then>
                                              <ScalarOperator>
                                                <Const ConstValue="(1)" />
                                              </ScalarOperator>
                                            </Then>
                                            <Else>
                                              <ScalarOperator>
                                                <Const ConstValue="(0)" />
                                              </ScalarOperator>
                                            </Else>
                                          </IF>
                                        </ScalarOperator>
                                      </DefinedValue>
                                    </DefinedValues>
                                    <RelOp NodeId="1" PhysicalOp="Nested Loops" LogicalOp="Left Semi Join" EstimateRows="1" EstimateIO="0" EstimateCPU="4.18e-006" AvgRowSize="9" EstimatedTotalSubtreeCost="0.00328974" Parallel="0" EstimateRebinds="0" EstimateRewinds="0" EstimatedExecutionMode="Row">
                                      <OutputList>
                                        <ColumnReference Column="Expr1006" />
                                      </OutputList>
                                      <NestedLoops Optimized="0">
                                        <DefinedValues>
                                          <DefinedValue>
                                            <ColumnReference Column="Expr1006" />
                                          </DefinedValue>
                                        </DefinedValues>
                                        <PassThru>
                                          <ScalarOperator ScalarString="IsFalseOrNull [@CurrentIndexID] IS NOT NULL OR IsFalseOrNull [@CurrentIndexType]=(2) OR [@CurrentIndexType]=(1)">
                                            <Logical Operation="OR">
                                              <ScalarOperator>
                                                <Logical Operation="IsFalseOrNull">
                                                  <ScalarOperator>
                                                    <Compare CompareOp="IS NOT">
                                                      <ScalarOperator>
                                                        <Identifier>
                                                          <ColumnReference Column="@CurrentIndexID" />
                                                        </Identifier>
                                                      </ScalarOperator>
                                                      <ScalarOperator>
                                                        <Const ConstValue="NULL" />
                                                      </ScalarOperator>
                                                    </Compare>
                                                  </ScalarOperator>
                                                </Logical>
                                              </ScalarOperator>
                                              <ScalarOperator>
                                                <Logical Operation="IsFalseOrNull">
                                                  <ScalarOperator>
                                                    <Logical Operation="OR">
                                                      <ScalarOperator>
                                                        <Compare CompareOp="EQ">
                                                          <ScalarOperator>
                                                            <Identifier>
                                                              <ColumnReference Column="@CurrentIndexType" />
                                                            </Identifier>
                                                          </ScalarOperator>
                                                          <ScalarOperator>
                                                            <Const ConstValue="(2)" />
                                                          </ScalarOperator>
                                                        </Compare>
                                                      </ScalarOperator>
                                                      <ScalarOperator>
                                                        <Compare CompareOp="EQ">
                                                          <ScalarOperator>
                                                            <Identifier>
                                                              <ColumnReference Column="@CurrentIndexType" />
                                                            </Identifier>
                                                          </ScalarOperator>
                                                          <ScalarOperator>
                                                            <Const ConstValue="(1)" />
                                                          </ScalarOperator>
                                                        </Compare>
                                                      </ScalarOperator>
                                                    </Logical>
                                                  </ScalarOperator>
                                                </Logical>
                                              </ScalarOperator>
                                            </Logical>
                                          </ScalarOperator>
                                        </PassThru>
                                        <ProbeColumn>
                                          <ColumnReference Column="Expr1006" />
                                        </ProbeColumn>
                                        <RelOp NodeId="2" PhysicalOp="Constant Scan" LogicalOp="Constant Scan" EstimateRows="1" EstimateIO="0" EstimateCPU="1.157e-006" AvgRowSize="9" EstimatedTotalSubtreeCost="1.157e-006" Parallel="0" EstimateRebinds="0" EstimateRewinds="0" EstimatedExecutionMode="Row">
                                          <OutputList />
                                          <ConstantScan />
                                        </RelOp>
                                        <RelOp NodeId="3" PhysicalOp="Table Scan" LogicalOp="Table Scan" EstimateRows="1" EstimateIO="0.003125" EstimateCPU="0.0001625" AvgRowSize="9" EstimatedTotalSubtreeCost="0.0032831" TableCardinality="5" Parallel="0" EstimateRebinds="0" EstimateRewinds="0" EstimatedExecutionMode="Row">
                                          <OutputList />
                                          <TableScan Ordered="0" ForcedIndex="0" ForceScan="0" NoExpandHint="0">
                                            <DefinedValues />
                                            <Object Table="[@ActionsPreferred]" />
                                          </TableScan>
                                        </RelOp>
                                      </NestedLoops>
                                    </RelOp>
                                  </ComputeScalar>
                                </RelOp>
                              </QueryPlan>
                            </Condition>
                            <Then>
                              <Statements>
                                <StmtCond StatementText=" BEGIN&#xD;&#xA;          IF @CurrentIndexType = 1" StatementId="266" StatementCompId="352" StatementType="COND" RetrievedFromCache="true">
                                  <Condition />
                                  <Then>
                                    <Statements>
                                      <StmtSimple StatementText=" SET @CurrentCommand05 = 'IF EXISTS(SELECT * FROM ' + QUOTENAME(@CurrentDatabaseName) + '.sys.columns columns INNER JOIN ' + QUOTENAME(@CurrentDatabaseName) + '.sys.types types ON columns.system_type_id = types.user_type_id OR (columns.user_type_id = types.user_type_id AND types.is_assembly_type = 1) WHERE columns.[object_id] = @ParamObjectID AND (types.name IN(''xml'') OR (types.name IN(''varchar'',''nvarchar'',''varbinary'') AND columns.max_length = -1) OR (types.is_assembly_type = 1 AND columns.max_length = -1))) BEGIN SET @ParamIsNewLOB = 1 END'&#xD;&#xA;         " StatementId="267" StatementCompId="353" StatementType="ASSIGN" RetrievedFromCache="true" />
                                    </Statements>
                                  </Then>
                                </StmtCond>
                                <StmtCond StatementText=" IF @CurrentIndexType = 2" StatementId="268" StatementCompId="355" StatementType="COND" RetrievedFromCache="true">
                                  <Condition />
                                  <Then>
                                    <Statements>
                                      <StmtSimple StatementText=" SET @CurrentCommand05 = 'IF EXISTS(SELECT * FROM ' + QUOTENAME(@CurrentDatabaseName) + '.sys.index_columns index_columns INNER JOIN ' + QUOTENAME(@CurrentDatabaseName) + '.sys.columns columns ON index_columns.[object_id] = columns.[object_id] AND index_columns.column_id = columns.column_id INNER JOIN ' + QUOTENAME(@CurrentDatabaseName) + '.sys.types types ON columns.system_type_id = types.user_type_id OR (columns.user_type_id = types.user_type_id AND types.is_assembly_type = 1) WHERE index_columns.[object_id] = @ParamObjectID AND index_columns.index_id = @ParamIndexID AND (types.[name] IN(''xml'') OR (types.[name] IN(''varchar'',''nvarchar'',''varbinary'') AND columns.max_length = -1) OR (types.is_assembly_type = 1 AND columns.max_length = -1))) BEGIN SET @ParamIsNewLOB = 1 END'&#xD;&#xA;&#xD;&#xA;         " StatementId="269" StatementCompId="356" StatementType="ASSIGN" RetrievedFromCache="true" />
                                    </Statements>
                                  </Then>
                                </StmtCond>
                                <StmtSimple StatementText=" EXECUTE sp_executesql @statement = @CurrentCommand05, @params = N'@ParamObjectID int, @ParamIndexID int, @ParamIsNewLOB bit OUTPUT', @ParamObjectID = @CurrentObjectID, @ParamIndexID = @CurrentIndexID, @ParamIsNewLOB = @CurrentIsNewLOB OUTPUT&#xD;&#xA;         " StatementId="270" StatementCompId="358" StatementType="EXECUTE PROC" RetrievedFromCache="true" />
                                <StmtSimple StatementText=" SET @Error = @@ERROR&#xD;&#xA;         " StatementId="271" StatementCompId="359" StatementType="ASSIGN" RetrievedFromCache="true" />
                                <StmtCond StatementText=" IF @Error = 0 AND @CurrentIsNewLOB IS NULL" StatementId="272" StatementCompId="360" StatementType="COND" RetrievedFromCache="true">
                                  <Condition />
                                  <Then>
                                    <Statements>
                                      <StmtSimple StatementText=" SET @CurrentIsNewLOB = 0&#xD;&#xA;         " StatementId="273" StatementCompId="361" StatementType="ASSIGN" RetrievedFromCache="true" />
                                    </Statements>
                                  </Then>
                                </StmtCond>
                                <StmtCond StatementText=" IF @Error &lt;&gt; 0&#xD;&#xA;         " StatementId="274" StatementCompId="363" StatementType="COND" RetrievedFromCache="true">
                                  <Condition />
                                  <Then>
                                    <Statements>
                                      <StmtSimple StatementText=" BEGIN&#xD;&#xA;            SET @ReturnCode = @Error&#xD;&#xA;           " StatementId="275" StatementCompId="364" StatementType="ASSIGN" RetrievedFromCache="true" />
                                      <StmtSimple StatementText=" GOTO NoAction&#xD;&#xA;         " StatementId="276" StatementCompId="365" StatementType="GOTO" RetrievedFromCache="true" />
                                    </Statements>
                                  </Then>
                                </StmtCond>
                              </Statements>
                            </Then>
                          </StmtCond>
                          <StmtCond StatementText=" END&#xD;&#xA;        END&#xD;&#xA;&#xD;&#xA;        -- Is one of the columns in the index a file stream column?&#xD;&#xA;        IF @CurrentIndexID IS NOT NULL AND @CurrentIndexType = 1 AND EXISTS(SELECT * FROM @ActionsPreferred)&#xD;&#xA;       " StatementId="277" StatementCompId="368" StatementType="COND WITH QUERY" RetrievedFromCache="true" StatementSubTreeCost="0.00328944" StatementEstRows="1" StatementOptmLevel="FULL" QueryHash="0x26A019A4970E6419" QueryPlanHash="0x232A1169F826CEA4" StatementOptmEarlyAbortReason="GoodEnoughPlanFound">
                            <StatementSetOptions QUOTED_IDENTIFIER="false" ARITHABORT="false" CONCAT_NULL_YIELDS_NULL="true" ANSI_NULLS="true" ANSI_PADDING="true" ANSI_WARNINGS="true" NUMERIC_ROUNDABORT="false" />
                            <Condition>
                              <QueryPlan NonParallelPlanReason="MaxDOPSetToOne" CachedPlanSize="16" CompileTime="1" CompileCPU="1" CompileMemory="176">
                                <MemoryGrantInfo SerialRequiredMemory="0" SerialDesiredMemory="0" />
                                <OptimizerHardwareDependentProperties EstimatedAvailableMemoryGrant="193313" EstimatedPagesCached="773254" EstimatedAvailableDegreeOfParallelism="1" />
                                <RelOp NodeId="0" PhysicalOp="Compute Scalar" LogicalOp="Compute Scalar" EstimateRows="1" EstimateIO="0" EstimateCPU="1e-007" AvgRowSize="11" EstimatedTotalSubtreeCost="0.00328944" Parallel="0" EstimateRebinds="0" EstimateRewinds="0" EstimatedExecutionMode="Row">
                                  <OutputList>
                                    <ColumnReference Column="Expr1005" />
                                  </OutputList>
                                  <ComputeScalar>
                                    <DefinedValues>
                                      <DefinedValue>
                                        <ColumnReference Column="Expr1005" />
                                        <ScalarOperator ScalarString="CASE WHEN [@CurrentIndexID] IS NOT NULL AND [@CurrentIndexType]=(1) AND [Expr1006] THEN (1) ELSE (0) END">
                                          <IF>
                                            <Condition>
                                              <ScalarOperator>
                                                <Logical Operation="AND">
                                                  <ScalarOperator>
                                                    <Compare CompareOp="IS NOT">
                                                      <ScalarOperator>
                                                        <Identifier>
                                                          <ColumnReference Column="@CurrentIndexID" />
                                                        </Identifier>
                                                      </ScalarOperator>
                                                      <ScalarOperator>
                                                        <Const ConstValue="NULL" />
                                                      </ScalarOperator>
                                                    </Compare>
                                                  </ScalarOperator>
                                                  <ScalarOperator>
                                                    <Compare CompareOp="EQ">
                                                      <ScalarOperator>
                                                        <Identifier>
                                                          <ColumnReference Column="@CurrentIndexType" />
                                                        </Identifier>
                                                      </ScalarOperator>
                                                      <ScalarOperator>
                                                        <Const ConstValue="(1)" />
                                                      </ScalarOperator>
                                                    </Compare>
                                                  </ScalarOperator>
                                                  <ScalarOperator>
                                                    <Identifier>
                                                      <ColumnReference Column="Expr1006" />
                                                    </Identifier>
                                                  </ScalarOperator>
                                                </Logical>
                                              </ScalarOperator>
                                            </Condition>
                                            <Then>
                                              <ScalarOperator>
                                                <Const ConstValue="(1)" />
                                              </ScalarOperator>
                                            </Then>
                                            <Else>
                                              <ScalarOperator>
                                                <Const ConstValue="(0)" />
                                              </ScalarOperator>
                                            </Else>
                                          </IF>
                                        </ScalarOperator>
                                      </DefinedValue>
                                    </DefinedValues>
                                    <RelOp NodeId="1" PhysicalOp="Nested Loops" LogicalOp="Left Semi Join" EstimateRows="1" EstimateIO="0" EstimateCPU="4.18e-006" AvgRowSize="9" EstimatedTotalSubtreeCost="0.00328934" Parallel="0" EstimateRebinds="0" EstimateRewinds="0" EstimatedExecutionMode="Row">
                                      <OutputList>
                                        <ColumnReference Column="Expr1006" />
                                      </OutputList>
                                      <NestedLoops Optimized="0">
                                        <DefinedValues>
                                          <DefinedValue>
                                            <ColumnReference Column="Expr1006" />
                                          </DefinedValue>
                                        </DefinedValues>
                                        <PassThru>
                                          <ScalarOperator ScalarString="IsFalseOrNull [@CurrentIndexID] IS NOT NULL OR IsFalseOrNull [@CurrentIndexType]=(1)">
                                            <Logical Operation="OR">
                                              <ScalarOperator>
                                                <Logical Operation="IsFalseOrNull">
                                                  <ScalarOperator>
                                                    <Compare CompareOp="IS NOT">
                                                      <ScalarOperator>
                                                        <Identifier>
                                                          <ColumnReference Column="@CurrentIndexID" />
                                                        </Identifier>
                                                      </ScalarOperator>
                                                      <ScalarOperator>
                                                        <Const ConstValue="NULL" />
                                                      </ScalarOperator>
                                                    </Compare>
                                                  </ScalarOperator>
                                                </Logical>
                                              </ScalarOperator>
                                              <ScalarOperator>
                                                <Logical Operation="IsFalseOrNull">
                                                  <ScalarOperator>
                                                    <Compare CompareOp="EQ">
                                                      <ScalarOperator>
                                                        <Identifier>
                                                          <ColumnReference Column="@CurrentIndexType" />
                                                        </Identifier>
                                                      </ScalarOperator>
                                                      <ScalarOperator>
                                                        <Const ConstValue="(1)" />
                                                      </ScalarOperator>
                                                    </Compare>
                                                  </ScalarOperator>
                                                </Logical>
                                              </ScalarOperator>
                                            </Logical>
                                          </ScalarOperator>
                                        </PassThru>
                                        <ProbeColumn>
                                          <ColumnReference Column="Expr1006" />
                                        </ProbeColumn>
                                        <RelOp NodeId="2" PhysicalOp="Constant Scan" LogicalOp="Constant Scan" EstimateRows="1" EstimateIO="0" EstimateCPU="1.157e-006" AvgRowSize="9" EstimatedTotalSubtreeCost="1.157e-006" Parallel="0" EstimateRebinds="0" EstimateRewinds="0" EstimatedExecutionMode="Row">
                                          <OutputList />
                                          <ConstantScan />
                                        </RelOp>
                                        <RelOp NodeId="3" PhysicalOp="Table Scan" LogicalOp="Table Scan" EstimateRows="1" EstimateIO="0.003125" EstimateCPU="0.0001625" AvgRowSize="9" EstimatedTotalSubtreeCost="0.0032831" TableCardinality="5" Parallel="0" EstimateRebinds="0" EstimateRewinds="0" EstimatedExecutionMode="Row">
                                          <OutputList />
                                          <TableScan Ordered="0" ForcedIndex="0" ForceScan="0" NoExpandHint="0">
                                            <DefinedValues />
                                            <Object Table="[@ActionsPreferred]" />
                                          </TableScan>
                                        </RelOp>
                                      </NestedLoops>
                                    </RelOp>
                                  </ComputeScalar>
                                </RelOp>
                              </QueryPlan>
                            </Condition>
                            <Then>
                              <Statements>
                                <StmtSimple StatementText=" BEGIN&#xD;&#xA;          SET @CurrentCommand06 = 'IF EXISTS(SELECT * FROM ' + QUOTENAME(@CurrentDatabaseName) + '.sys.columns columns WHERE columns.[object_id] = @ParamObjectID  AND columns.is_filestream = 1) BEGIN SET @ParamIsFileStream = 1 END'&#xD;&#xA;&#xD;&#xA;         " StatementId="278" StatementCompId="369" StatementType="ASSIGN" RetrievedFromCache="true" />
                                <StmtSimple StatementText=" EXECUTE sp_executesql @statement = @CurrentCommand06, @params = N'@ParamObjectID int, @ParamIndexID int, @ParamIsFileStream bit OUTPUT', @ParamObjectID = @CurrentObjectID, @ParamIndexID = @CurrentIndexID, @ParamIsFileStream = @CurrentIsFileStream OUTPUT&#xD;&#xA;         " StatementId="279" StatementCompId="370" StatementType="EXECUTE PROC" RetrievedFromCache="true" />
                                <StmtSimple StatementText=" SET @Error = @@ERROR&#xD;&#xA;         " StatementId="280" StatementCompId="371" StatementType="ASSIGN" RetrievedFromCache="true" />
                                <StmtCond StatementText=" IF @Error = 0 AND @CurrentIsFileStream IS NULL" StatementId="281" StatementCompId="372" StatementType="COND" RetrievedFromCache="true">
                                  <Condition />
                                  <Then>
                                    <Statements>
                                      <StmtSimple StatementText=" SET @CurrentIsFileStream = 0&#xD;&#xA;         " StatementId="282" StatementCompId="373" StatementType="ASSIGN" RetrievedFromCache="true" />
                                    </Statements>
                                  </Then>
                                </StmtCond>
                                <StmtCond StatementText=" IF @Error &lt;&gt; 0&#xD;&#xA;         " StatementId="283" StatementCompId="375" StatementType="COND" RetrievedFromCache="true">
                                  <Condition />
                                  <Then>
                                    <Statements>
                                      <StmtSimple StatementText=" BEGIN&#xD;&#xA;            SET @ReturnCode = @Error&#xD;&#xA;           " StatementId="284" StatementCompId="376" StatementType="ASSIGN" RetrievedFromCache="true" />
                                      <StmtSimple StatementText=" GOTO NoAction&#xD;&#xA;         " StatementId="285" StatementCompId="377" StatementType="GOTO" RetrievedFromCache="true" />
                                    </Statements>
                                  </Then>
                                </StmtCond>
                              </Statements>
                            </Then>
                          </StmtCond>
                          <StmtCond StatementText=" END&#xD;&#xA;        END&#xD;&#xA;&#xD;&#xA;        -- Is there a columnstore index on the table?&#xD;&#xA;        IF @CurrentIndexID IS NOT NULL AND EXISTS(SELECT * FROM @ActionsPreferred) AND @Version &gt;= 11&#xD;&#xA;       " StatementId="286" StatementCompId="380" StatementType="COND WITH QUERY" RetrievedFromCache="true" StatementSubTreeCost="0.00328944" StatementEstRows="1" StatementOptmLevel="FULL" QueryHash="0x799BFA2DFB1E15F4" QueryPlanHash="0x7C5BB823600C83F7" StatementOptmEarlyAbortReason="GoodEnoughPlanFound">
                            <StatementSetOptions QUOTED_IDENTIFIER="false" ARITHABORT="false" CONCAT_NULL_YIELDS_NULL="true" ANSI_NULLS="true" ANSI_PADDING="true" ANSI_WARNINGS="true" NUMERIC_ROUNDABORT="false" />
                            <Condition>
                              <QueryPlan NonParallelPlanReason="MaxDOPSetToOne" CachedPlanSize="16" CompileTime="1" CompileCPU="1" CompileMemory="176">
                                <MemoryGrantInfo SerialRequiredMemory="0" SerialDesiredMemory="0" />
                                <OptimizerHardwareDependentProperties EstimatedAvailableMemoryGrant="193313" EstimatedPagesCached="773254" EstimatedAvailableDegreeOfParallelism="1" />
                                <RelOp NodeId="0" PhysicalOp="Compute Scalar" LogicalOp="Compute Scalar" EstimateRows="1" EstimateIO="0" EstimateCPU="1e-007" AvgRowSize="11" EstimatedTotalSubtreeCost="0.00328944" Parallel="0" EstimateRebinds="0" EstimateRewinds="0" EstimatedExecutionMode="Row">
                                  <OutputList>
                                    <ColumnReference Column="Expr1005" />
                                  </OutputList>
                                  <ComputeScalar>
                                    <DefinedValues>
                                      <DefinedValue>
                                        <ColumnReference Column="Expr1005" />
                                        <ScalarOperator ScalarString="CASE WHEN [@CurrentIndexID] IS NOT NULL AND [@Version]&gt;=(11.0000000000) AND [Expr1006] THEN (1) ELSE (0) END">
                                          <IF>
                                            <Condition>
                                              <ScalarOperator>
                                                <Logical Operation="AND">
                                                  <ScalarOperator>
                                                    <Compare CompareOp="IS NOT">
                                                      <ScalarOperator>
                                                        <Identifier>
                                                          <ColumnReference Column="@CurrentIndexID" />
                                                        </Identifier>
                                                      </ScalarOperator>
                                                      <ScalarOperator>
                                                        <Const ConstValue="NULL" />
                                                      </ScalarOperator>
                                                    </Compare>
                                                  </ScalarOperator>
                                                  <ScalarOperator>
                                                    <Compare CompareOp="GE">
                                                      <ScalarOperator>
                                                        <Identifier>
                                                          <ColumnReference Column="@Version" />
                                                        </Identifier>
                                                      </ScalarOperator>
                                                      <ScalarOperator>
                                                        <Const ConstValue="(11.0000000000)" />
                                                      </ScalarOperator>
                                                    </Compare>
                                                  </ScalarOperator>
                                                  <ScalarOperator>
                                                    <Identifier>
                                                      <ColumnReference Column="Expr1006" />
                                                    </Identifier>
                                                  </ScalarOperator>
                                                </Logical>
                                              </ScalarOperator>
                                            </Condition>
                                            <Then>
                                              <ScalarOperator>
                                                <Const ConstValue="(1)" />
                                              </ScalarOperator>
                                            </Then>
                                            <Else>
                                              <ScalarOperator>
                                                <Const ConstValue="(0)" />
                                              </ScalarOperator>
                                            </Else>
                                          </IF>
                                        </ScalarOperator>
                                      </DefinedValue>
                                    </DefinedValues>
                                    <RelOp NodeId="1" PhysicalOp="Nested Loops" LogicalOp="Left Semi Join" EstimateRows="1" EstimateIO="0" EstimateCPU="4.18e-006" AvgRowSize="9" EstimatedTotalSubtreeCost="0.00328934" Parallel="0" EstimateRebinds="0" EstimateRewinds="0" EstimatedExecutionMode="Row">
                                      <OutputList>
                                        <ColumnReference Column="Expr1006" />
                                      </OutputList>
                                      <NestedLoops Optimized="0">
                                        <DefinedValues>
                                          <DefinedValue>
                                            <ColumnReference Column="Expr1006" />
                                          </DefinedValue>
                                        </DefinedValues>
                                        <PassThru>
                                          <ScalarOperator ScalarString="IsFalseOrNull [@CurrentIndexID] IS NOT NULL OR IsFalseOrNull [@Version]&gt;=(11.0000000000)">
                                            <Logical Operation="OR">
                                              <ScalarOperator>
                                                <Logical Operation="IsFalseOrNull">
                                                  <ScalarOperator>
                                                    <Compare CompareOp="IS NOT">
                                                      <ScalarOperator>
                                                        <Identifier>
                                                          <ColumnReference Column="@CurrentIndexID" />
                                                        </Identifier>
                                                      </ScalarOperator>
                                                      <ScalarOperator>
                                                        <Const ConstValue="NULL" />
                                                      </ScalarOperator>
                                                    </Compare>
                                                  </ScalarOperator>
                                                </Logical>
                                              </ScalarOperator>
                                              <ScalarOperator>
                                                <Logical Operation="IsFalseOrNull">
                                                  <ScalarOperator>
                                                    <Compare CompareOp="GE">
                                                      <ScalarOperator>
                                                        <Identifier>
                                                          <ColumnReference Column="@Version" />
                                                        </Identifier>
                                                      </ScalarOperator>
                                                      <ScalarOperator>
                                                        <Const ConstValue="(11.0000000000)" />
                                                      </ScalarOperator>
                                                    </Compare>
                                                  </ScalarOperator>
                                                </Logical>
                                              </ScalarOperator>
                                            </Logical>
                                          </ScalarOperator>
                                        </PassThru>
                                        <ProbeColumn>
                                          <ColumnReference Column="Expr1006" />
                                        </ProbeColumn>
                                        <RelOp NodeId="2" PhysicalOp="Constant Scan" LogicalOp="Constant Scan" EstimateRows="1" EstimateIO="0" EstimateCPU="1.157e-006" AvgRowSize="9" EstimatedTotalSubtreeCost="1.157e-006" Parallel="0" EstimateRebinds="0" EstimateRewinds="0" EstimatedExecutionMode="Row">
                                          <OutputList />
                                          <ConstantScan />
                                        </RelOp>
                                        <RelOp NodeId="3" PhysicalOp="Table Scan" LogicalOp="Table Scan" EstimateRows="1" EstimateIO="0.003125" EstimateCPU="0.0001625" AvgRowSize="9" EstimatedTotalSubtreeCost="0.0032831" TableCardinality="5" Parallel="0" EstimateRebinds="0" EstimateRewinds="0" EstimatedExecutionMode="Row">
                                          <OutputList />
                                          <TableScan Ordered="0" ForcedIndex="0" ForceScan="0" NoExpandHint="0">
                                            <DefinedValues />
                                            <Object Table="[@ActionsPreferred]" />
                                          </TableScan>
                                        </RelOp>
                                      </NestedLoops>
                                    </RelOp>
                                  </ComputeScalar>
                                </RelOp>
                              </QueryPlan>
                            </Condition>
                            <Then>
                              <Statements>
                                <StmtSimple StatementText=" BEGIN&#xD;&#xA;          SET @CurrentCommand07 = 'IF EXISTS(SELECT * FROM ' + QUOTENAME(@CurrentDatabaseName) + '.sys.indexes indexes WHERE indexes.[object_id] = @ParamObjectID  AND indexes.is_disabled = 0 AND [type] = 6) BEGIN SET @ParamIsColumnStore = 1 END'&#xD;&#xA;&#xD;&#xA;         " StatementId="287" StatementCompId="381" StatementType="ASSIGN" RetrievedFromCache="true" />
                                <StmtSimple StatementText=" EXECUTE sp_executesql @statement = @CurrentCommand07, @params = N'@ParamObjectID int, @ParamIsColumnStore bit OUTPUT', @ParamObjectID = @CurrentObjectID, @ParamIsColumnStore = @CurrentIsColumnStore OUTPUT&#xD;&#xA;         " StatementId="288" StatementCompId="382" StatementType="EXECUTE PROC" RetrievedFromCache="true" />
                                <StmtSimple StatementText=" SET @Error = @@ERROR&#xD;&#xA;         " StatementId="289" StatementCompId="383" StatementType="ASSIGN" RetrievedFromCache="true" />
                                <StmtCond StatementText=" IF @Error = 0 AND @CurrentIsColumnStore IS NULL" StatementId="290" StatementCompId="384" StatementType="COND" RetrievedFromCache="true">
                                  <Condition />
                                  <Then>
                                    <Statements>
                                      <StmtSimple StatementText=" SET @CurrentIsColumnStore = 0&#xD;&#xA;         " StatementId="291" StatementCompId="385" StatementType="ASSIGN" RetrievedFromCache="true" />
                                    </Statements>
                                  </Then>
                                </StmtCond>
                                <StmtCond StatementText=" IF @Error &lt;&gt; 0&#xD;&#xA;         " StatementId="292" StatementCompId="387" StatementType="COND" RetrievedFromCache="true">
                                  <Condition />
                                  <Then>
                                    <Statements>
                                      <StmtSimple StatementText=" BEGIN&#xD;&#xA;            SET @ReturnCode = @Error&#xD;&#xA;           " StatementId="293" StatementCompId="388" StatementType="ASSIGN" RetrievedFromCache="true" />
                                      <StmtSimple StatementText=" GOTO NoAction&#xD;&#xA;         " StatementId="294" StatementCompId="389" StatementType="GOTO" RetrievedFromCache="true" />
                                    </Statements>
                                  </Then>
                                </StmtCond>
                              </Statements>
                            </Then>
                          </StmtCond>
                          <StmtCond StatementText=" END&#xD;&#xA;        END&#xD;&#xA;&#xD;&#xA;        -- Is Allow_Page_Locks set to On?&#xD;&#xA;        IF @CurrentIndexID IS NOT NULL AND EXISTS(SELECT * FROM @ActionsPreferred)&#xD;&#xA;       " StatementId="295" StatementCompId="392" StatementType="COND WITH QUERY" RetrievedFromCache="true" StatementSubTreeCost="0.00328894" StatementEstRows="1" StatementOptmLevel="FULL" QueryHash="0x6732DCAA0D1AB204" QueryPlanHash="0xD33BB5E5C22C10D4" StatementOptmEarlyAbortReason="GoodEnoughPlanFound">
                            <StatementSetOptions QUOTED_IDENTIFIER="false" ARITHABORT="false" CONCAT_NULL_YIELDS_NULL="true" ANSI_NULLS="true" ANSI_PADDING="true" ANSI_WARNINGS="true" NUMERIC_ROUNDABORT="false" />
                            <Condition>
                              <QueryPlan NonParallelPlanReason="MaxDOPSetToOne" CachedPlanSize="16" CompileTime="0" CompileCPU="0" CompileMemory="160">
                                <MemoryGrantInfo SerialRequiredMemory="0" SerialDesiredMemory="0" />
                                <OptimizerHardwareDependentProperties EstimatedAvailableMemoryGrant="193313" EstimatedPagesCached="773254" EstimatedAvailableDegreeOfParallelism="1" />
                                <RelOp NodeId="0" PhysicalOp="Compute Scalar" LogicalOp="Compute Scalar" EstimateRows="1" EstimateIO="0" EstimateCPU="1e-007" AvgRowSize="11" EstimatedTotalSubtreeCost="0.00328894" Parallel="0" EstimateRebinds="0" EstimateRewinds="0" EstimatedExecutionMode="Row">
                                  <OutputList>
                                    <ColumnReference Column="Expr1005" />
                                  </OutputList>
                                  <ComputeScalar>
                                    <DefinedValues>
                                      <DefinedValue>
                                        <ColumnReference Column="Expr1005" />
                                        <ScalarOperator ScalarString="CASE WHEN [@CurrentIndexID] IS NOT NULL AND [Expr1006] THEN (1) ELSE (0) END">
                                          <IF>
                                            <Condition>
                                              <ScalarOperator>
                                                <Logical Operation="AND">
                                                  <ScalarOperator>
                                                    <Compare CompareOp="IS NOT">
                                                      <ScalarOperator>
                                                        <Identifier>
                                                          <ColumnReference Column="@CurrentIndexID" />
                                                        </Identifier>
                                                      </ScalarOperator>
                                                      <ScalarOperator>
                                                        <Const ConstValue="NULL" />
                                                      </ScalarOperator>
                                                    </Compare>
                                                  </ScalarOperator>
                                                  <ScalarOperator>
                                                    <Identifier>
                                                      <ColumnReference Column="Expr1006" />
                                                    </Identifier>
                                                  </ScalarOperator>
                                                </Logical>
                                              </ScalarOperator>
                                            </Condition>
                                            <Then>
                                              <ScalarOperator>
                                                <Const ConstValue="(1)" />
                                              </ScalarOperator>
                                            </Then>
                                            <Else>
                                              <ScalarOperator>
                                                <Const ConstValue="(0)" />
                                              </ScalarOperator>
                                            </Else>
                                          </IF>
                                        </ScalarOperator>
                                      </DefinedValue>
                                    </DefinedValues>
                                    <RelOp NodeId="1" PhysicalOp="Nested Loops" LogicalOp="Left Semi Join" EstimateRows="1" EstimateIO="0" EstimateCPU="4.18e-006" AvgRowSize="9" EstimatedTotalSubtreeCost="0.00328884" Parallel="0" EstimateRebinds="0" EstimateRewinds="0" EstimatedExecutionMode="Row">
                                      <OutputList>
                                        <ColumnReference Column="Expr1006" />
                                      </OutputList>
                                      <NestedLoops Optimized="0">
                                        <DefinedValues>
                                          <DefinedValue>
                                            <ColumnReference Column="Expr1006" />
                                          </DefinedValue>
                                        </DefinedValues>
                                        <PassThru>
                                          <ScalarOperator ScalarString="IsFalseOrNull [@CurrentIndexID] IS NOT NULL">
                                            <Logical Operation="IsFalseOrNull">
                                              <ScalarOperator>
                                                <Compare CompareOp="IS NOT">
                                                  <ScalarOperator>
                                                    <Identifier>
                                                      <ColumnReference Column="@CurrentIndexID" />
                                                    </Identifier>
                                                  </ScalarOperator>
                                                  <ScalarOperator>
                                                    <Const ConstValue="NULL" />
                                                  </ScalarOperator>
                                                </Compare>
                                              </ScalarOperator>
                                            </Logical>
                                          </ScalarOperator>
                                        </PassThru>
                                        <ProbeColumn>
                                          <ColumnReference Column="Expr1006" />
                                        </ProbeColumn>
                                        <RelOp NodeId="2" PhysicalOp="Constant Scan" LogicalOp="Constant Scan" EstimateRows="1" EstimateIO="0" EstimateCPU="1.157e-006" AvgRowSize="9" EstimatedTotalSubtreeCost="1.157e-006" Parallel="0" EstimateRebinds="0" EstimateRewinds="0" EstimatedExecutionMode="Row">
                                          <OutputList />
                                          <ConstantScan />
                                        </RelOp>
                                        <RelOp NodeId="3" PhysicalOp="Table Scan" LogicalOp="Table Scan" EstimateRows="1" EstimateIO="0.003125" EstimateCPU="0.0001625" AvgRowSize="9" EstimatedTotalSubtreeCost="0.0032831" TableCardinality="5" Parallel="0" EstimateRebinds="0" EstimateRewinds="0" EstimatedExecutionMode="Row">
                                          <OutputList />
                                          <TableScan Ordered="0" ForcedIndex="0" ForceScan="0" NoExpandHint="0">
                                            <DefinedValues />
                                            <Object Table="[@ActionsPreferred]" />
                                          </TableScan>
                                        </RelOp>
                                      </NestedLoops>
                                    </RelOp>
                                  </ComputeScalar>
                                </RelOp>
                              </QueryPlan>
                            </Condition>
                            <Then>
                              <Statements>
                                <StmtSimple StatementText=" BEGIN&#xD;&#xA;          SET @CurrentCommand08 = 'IF EXISTS(SELECT * FROM ' + QUOTENAME(@CurrentDatabaseName) + '.sys.indexes indexes WHERE indexes.[object_id] = @ParamObjectID AND indexes.[index_id] = @ParamIndexID AND indexes.[allow_page_locks] = 1) BEGIN SET @ParamAllowPageLocks = 1 END'&#xD;&#xA;&#xD;&#xA;         " StatementId="296" StatementCompId="393" StatementType="ASSIGN" RetrievedFromCache="true" />
                                <StmtSimple StatementText=" EXECUTE sp_executesql @statement = @CurrentCommand08, @params = N'@ParamObjectID int, @ParamIndexID int, @ParamAllowPageLocks bit OUTPUT', @ParamObjectID = @CurrentObjectID, @ParamIndexID = @CurrentIndexID, @ParamAllowPageLocks = @CurrentAllowPageLocks OUTPUT&#xD;&#xA;         " StatementId="297" StatementCompId="394" StatementType="EXECUTE PROC" RetrievedFromCache="true" />
                                <StmtSimple StatementText=" SET @Error = @@ERROR&#xD;&#xA;         " StatementId="298" StatementCompId="395" StatementType="ASSIGN" RetrievedFromCache="true" />
                                <StmtCond StatementText=" IF @Error = 0 AND @CurrentAllowPageLocks IS NULL" StatementId="299" StatementCompId="396" StatementType="COND" RetrievedFromCache="true">
                                  <Condition />
                                  <Then>
                                    <Statements>
                                      <StmtSimple StatementText=" SET @CurrentAllowPageLocks = 0&#xD;&#xA;         " StatementId="300" StatementCompId="397" StatementType="ASSIGN" RetrievedFromCache="true" />
                                    </Statements>
                                  </Then>
                                </StmtCond>
                                <StmtCond StatementText=" IF @Error &lt;&gt; 0&#xD;&#xA;         " StatementId="301" StatementCompId="399" StatementType="COND" RetrievedFromCache="true">
                                  <Condition />
                                  <Then>
                                    <Statements>
                                      <StmtSimple StatementText=" BEGIN&#xD;&#xA;            SET @ReturnCode = @Error&#xD;&#xA;           " StatementId="302" StatementCompId="400" StatementType="ASSIGN" RetrievedFromCache="true" />
                                      <StmtSimple StatementText=" GOTO NoAction&#xD;&#xA;         " StatementId="303" StatementCompId="401" StatementType="GOTO" RetrievedFromCache="true" />
                                    </Statements>
                                  </Then>
                                </StmtCond>
                              </Statements>
                            </Then>
                          </StmtCond>
                          <StmtCond StatementText=" END&#xD;&#xA;        END&#xD;&#xA;&#xD;&#xA;        -- Is No_Recompute set to On?&#xD;&#xA;        IF @CurrentStatisticsID IS NOT NULL AND @UpdateStatistics IS NOT NULL&#xD;&#xA;       " StatementId="304" StatementCompId="404" StatementType="COND" RetrievedFromCache="true">
                            <Condition />
                            <Then>
                              <Statements>
                                <StmtSimple StatementText=" BEGIN&#xD;&#xA;          SET @CurrentCommand09 = 'IF EXISTS(SELECT * FROM ' + QUOTENAME(@CurrentDatabaseName) + '.sys.stats stats WHERE stats.[object_id] = @ParamObjectID AND stats.[stats_id] = @ParamStatisticsID AND stats.[no_recompute] = 1) BEGIN SET @ParamNoRecompute = 1 END'&#xD;&#xA;&#xD;&#xA;         " StatementId="305" StatementCompId="405" StatementType="ASSIGN" RetrievedFromCache="true" />
                                <StmtSimple StatementText=" EXECUTE sp_executesql @statement = @CurrentCommand09, @params = N'@ParamObjectID int, @ParamStatisticsID int, @ParamNoRecompute bit OUTPUT', @ParamObjectID = @CurrentObjectID, @ParamStatisticsID = @CurrentStatisticsID, @ParamNoRecompute = @CurrentNoRecompute OUTPUT&#xD;&#xA;         " StatementId="306" StatementCompId="406" StatementType="EXECUTE PROC" RetrievedFromCache="true" />
                                <StmtSimple StatementText=" SET @Error = @@ERROR&#xD;&#xA;         " StatementId="307" StatementCompId="407" StatementType="ASSIGN" RetrievedFromCache="true" />
                                <StmtCond StatementText=" IF @Error = 0 AND @CurrentNoRecompute IS NULL" StatementId="308" StatementCompId="408" StatementType="COND" RetrievedFromCache="true">
                                  <Condition />
                                  <Then>
                                    <Statements>
                                      <StmtSimple StatementText=" SET @CurrentNoRecompute = 0&#xD;&#xA;         " StatementId="309" StatementCompId="409" StatementType="ASSIGN" RetrievedFromCache="true" />
                                    </Statements>
                                  </Then>
                                </StmtCond>
                                <StmtCond StatementText=" IF @Error &lt;&gt; 0&#xD;&#xA;         " StatementId="310" StatementCompId="411" StatementType="COND" RetrievedFromCache="true">
                                  <Condition />
                                  <Then>
                                    <Statements>
                                      <StmtSimple StatementText=" BEGIN&#xD;&#xA;            SET @ReturnCode = @Error&#xD;&#xA;           " StatementId="311" StatementCompId="412" StatementType="ASSIGN" RetrievedFromCache="true" />
                                      <StmtSimple StatementText=" GOTO NoAction&#xD;&#xA;         " StatementId="312" StatementCompId="413" StatementType="GOTO" RetrievedFromCache="true" />
                                    </Statements>
                                  </Then>
                                </StmtCond>
                              </Statements>
                            </Then>
                          </StmtCond>
                          <StmtCond StatementText=" END&#xD;&#xA;        END&#xD;&#xA;&#xD;&#xA;        -- Has the data in the statistics been modified since the statistics was last updated?&#xD;&#xA;        IF @CurrentStatisticsID IS NOT NULL AND @UpdateStatistics IS NOT NULL AND @OnlyModifiedStatistics = 'Y'&#xD;&#xA;       " StatementId="313" StatementCompId="416" StatementType="COND" RetrievedFromCache="true">
                            <Condition />
                            <Then>
                              <Statements>
                                <StmtCond StatementText=" BEGIN&#xD;&#xA;          IF (@Version &gt;= 10.504000 AND @Version &lt; 11) OR @Version &gt;= 11.03000&#xD;&#xA;         " StatementId="314" StatementCompId="417" StatementType="COND" RetrievedFromCache="true">
                                  <Condition />
                                  <Then>
                                    <Statements>
                                      <StmtSimple StatementText=" BEGIN&#xD;&#xA;            SET @CurrentCommand10 = 'USE ' + QUOTENAME(@CurrentDatabaseName) + '; IF EXISTS(SELECT * FROM sys.dm_db_stats_properties (@ParamObjectID, @ParamStatisticsID) WHERE modification_counter &gt; 0) BEGIN SET @ParamStatisticsModified = 1 END'&#xD;&#xA;         " StatementId="315" StatementCompId="418" StatementType="ASSIGN" RetrievedFromCache="true" />
                                    </Statements>
                                  </Then>
                                  <Else>
                                    <Statements>
                                      <StmtSimple StatementText=" END&#xD;&#xA;          ELSE&#xD;&#xA;          BEGIN&#xD;&#xA;            SET @CurrentCommand10 = 'IF EXISTS(SELECT * FROM ' + QUOTENAME(@CurrentDatabaseName) + '.sys.sysindexes sysindexes WHERE sysindexes.[id] = @ParamObjectID AND sysindexes.[indid] = @ParamStatisticsID AND sysindexes.[rowmodctr] &lt;&gt; 0) BEGIN SET @ParamStatisticsModified = 1 END'&#xD;&#xA;         " StatementId="316" StatementCompId="421" StatementType="ASSIGN" RetrievedFromCache="true" />
                                    </Statements>
                                  </Else>
                                </StmtCond>
                                <StmtSimple StatementText=" END&#xD;&#xA;&#xD;&#xA;          EXECUTE sp_executesql @statement = @CurrentCommand10, @params = N'@ParamObjectID int, @ParamStatisticsID int, @ParamStatisticsModified bit OUTPUT', @ParamObjectID = @CurrentObjectID, @ParamStatisticsID = @CurrentStatisticsID, @ParamStatisticsModified = @CurrentStatisticsModified OUTPUT&#xD;&#xA;         " StatementId="317" StatementCompId="423" StatementType="EXECUTE PROC" RetrievedFromCache="true" />
                                <StmtSimple StatementText=" SET @Error = @@ERROR&#xD;&#xA;         " StatementId="318" StatementCompId="424" StatementType="ASSIGN" RetrievedFromCache="true" />
                                <StmtCond StatementText=" IF @Error = 0 AND @CurrentStatisticsModified IS NULL" StatementId="319" StatementCompId="425" StatementType="COND" RetrievedFromCache="true">
                                  <Condition />
                                  <Then>
                                    <Statements>
                                      <StmtSimple StatementText=" SET @CurrentStatisticsModified = 0&#xD;&#xA;         " StatementId="320" StatementCompId="426" StatementType="ASSIGN" RetrievedFromCache="true" />
                                    </Statements>
                                  </Then>
                                </StmtCond>
                                <StmtCond StatementText=" IF @Error &lt;&gt; 0&#xD;&#xA;         " StatementId="321" StatementCompId="428" StatementType="COND" RetrievedFromCache="true">
                                  <Condition />
                                  <Then>
                                    <Statements>
                                      <StmtSimple StatementText=" BEGIN&#xD;&#xA;            SET @ReturnCode = @Error&#xD;&#xA;           " StatementId="322" StatementCompId="429" StatementType="ASSIGN" RetrievedFromCache="true" />
                                      <StmtSimple StatementText=" GOTO NoAction&#xD;&#xA;         " StatementId="323" StatementCompId="430" StatementType="GOTO" RetrievedFromCache="true" />
                                    </Statements>
                                  </Then>
                                </StmtCond>
                              </Statements>
                            </Then>
                          </StmtCond>
                          <StmtCond StatementText=" END&#xD;&#xA;        END&#xD;&#xA;&#xD;&#xA;        -- Is the index on a read-only filegroup?&#xD;&#xA;        IF @CurrentIndexID IS NOT NULL AND EXISTS(SELECT * FROM @ActionsPreferred)&#xD;&#xA;       " StatementId="324" StatementCompId="433" StatementType="COND WITH QUERY" RetrievedFromCache="true" StatementSubTreeCost="0.00328894" StatementEstRows="1" StatementOptmLevel="FULL" QueryHash="0x6732DCAA0D1AB204" QueryPlanHash="0xD33BB5E5C22C10D4" StatementOptmEarlyAbortReason="GoodEnoughPlanFound">
                            <StatementSetOptions QUOTED_IDENTIFIER="false" ARITHABORT="false" CONCAT_NULL_YIELDS_NULL="true" ANSI_NULLS="true" ANSI_PADDING="true" ANSI_WARNINGS="true" NUMERIC_ROUNDABORT="false" />
                            <Condition>
                              <QueryPlan NonParallelPlanReason="MaxDOPSetToOne" CachedPlanSize="16" CompileTime="1" CompileCPU="1" CompileMemory="160">
                                <MemoryGrantInfo SerialRequiredMemory="0" SerialDesiredMemory="0" />
                                <OptimizerHardwareDependentProperties EstimatedAvailableMemoryGrant="193313" EstimatedPagesCached="773254" EstimatedAvailableDegreeOfParallelism="1" />
                                <RelOp NodeId="0" PhysicalOp="Compute Scalar" LogicalOp="Compute Scalar" EstimateRows="1" EstimateIO="0" EstimateCPU="1e-007" AvgRowSize="11" EstimatedTotalSubtreeCost="0.00328894" Parallel="0" EstimateRebinds="0" EstimateRewinds="0" EstimatedExecutionMode="Row">
                                  <OutputList>
                                    <ColumnReference Column="Expr1005" />
                                  </OutputList>
                                  <ComputeScalar>
                                    <DefinedValues>
                                      <DefinedValue>
                                        <ColumnReference Column="Expr1005" />
                                        <ScalarOperator ScalarString="CASE WHEN [@CurrentIndexID] IS NOT NULL AND [Expr1006] THEN (1) ELSE (0) END">
                                          <IF>
                                            <Condition>
                                              <ScalarOperator>
                                                <Logical Operation="AND">
                                                  <ScalarOperator>
                                                    <Compare CompareOp="IS NOT">
                                                      <ScalarOperator>
                                                        <Identifier>
                                                          <ColumnReference Column="@CurrentIndexID" />
                                                        </Identifier>
                                                      </ScalarOperator>
                                                      <ScalarOperator>
                                                        <Const ConstValue="NULL" />
                                                      </ScalarOperator>
                                                    </Compare>
                                                  </ScalarOperator>
                                                  <ScalarOperator>
                                                    <Identifier>
                                                      <ColumnReference Column="Expr1006" />
                                                    </Identifier>
                                                  </ScalarOperator>
                                                </Logical>
                                              </ScalarOperator>
                                            </Condition>
                                            <Then>
                                              <ScalarOperator>
                                                <Const ConstValue="(1)" />
                                              </ScalarOperator>
                                            </Then>
                                            <Else>
                                              <ScalarOperator>
                                                <Const ConstValue="(0)" />
                                              </ScalarOperator>
                                            </Else>
                                          </IF>
                                        </ScalarOperator>
                                      </DefinedValue>
                                    </DefinedValues>
                                    <RelOp NodeId="1" PhysicalOp="Nested Loops" LogicalOp="Left Semi Join" EstimateRows="1" EstimateIO="0" EstimateCPU="4.18e-006" AvgRowSize="9" EstimatedTotalSubtreeCost="0.00328884" Parallel="0" EstimateRebinds="0" EstimateRewinds="0" EstimatedExecutionMode="Row">
                                      <OutputList>
                                        <ColumnReference Column="Expr1006" />
                                      </OutputList>
                                      <NestedLoops Optimized="0">
                                        <DefinedValues>
                                          <DefinedValue>
                                            <ColumnReference Column="Expr1006" />
                                          </DefinedValue>
                                        </DefinedValues>
                                        <PassThru>
                                          <ScalarOperator ScalarString="IsFalseOrNull [@CurrentIndexID] IS NOT NULL">
                                            <Logical Operation="IsFalseOrNull">
                                              <ScalarOperator>
                                                <Compare CompareOp="IS NOT">
                                                  <ScalarOperator>
                                                    <Identifier>
                                                      <ColumnReference Column="@CurrentIndexID" />
                                                    </Identifier>
                                                  </ScalarOperator>
                                                  <ScalarOperator>
                                                    <Const ConstValue="NULL" />
                                                  </ScalarOperator>
                                                </Compare>
                                              </ScalarOperator>
                                            </Logical>
                                          </ScalarOperator>
                                        </PassThru>
                                        <ProbeColumn>
                                          <ColumnReference Column="Expr1006" />
                                        </ProbeColumn>
                                        <RelOp NodeId="2" PhysicalOp="Constant Scan" LogicalOp="Constant Scan" EstimateRows="1" EstimateIO="0" EstimateCPU="1.157e-006" AvgRowSize="9" EstimatedTotalSubtreeCost="1.157e-006" Parallel="0" EstimateRebinds="0" EstimateRewinds="0" EstimatedExecutionMode="Row">
                                          <OutputList />
                                          <ConstantScan />
                                        </RelOp>
                                        <RelOp NodeId="3" PhysicalOp="Table Scan" LogicalOp="Table Scan" EstimateRows="1" EstimateIO="0.003125" EstimateCPU="0.0001625" AvgRowSize="9" EstimatedTotalSubtreeCost="0.0032831" TableCardinality="5" Parallel="0" EstimateRebinds="0" EstimateRewinds="0" EstimatedExecutionMode="Row">
                                          <OutputList />
                                          <TableScan Ordered="0" ForcedIndex="0" ForceScan="0" NoExpandHint="0">
                                            <DefinedValues />
                                            <Object Table="[@ActionsPreferred]" />
                                          </TableScan>
                                        </RelOp>
                                      </NestedLoops>
                                    </RelOp>
                                  </ComputeScalar>
                                </RelOp>
                              </QueryPlan>
                            </Condition>
                            <Then>
                              <Statements>
                                <StmtSimple StatementText=" BEGIN&#xD;&#xA;          SET @CurrentCommand11 = 'IF EXISTS(SELECT * FROM (SELECT filegroups.data_space_id FROM ' + QUOTENAME(@CurrentDatabaseName) + '.sys.indexes indexes INNER JOIN ' + QUOTENAME(@CurrentDatabaseName) + '.sys.destination_data_spaces destination_data_spaces ON indexes.data_space_id = destination_data_spaces.partition_scheme_id INNER JOIN ' + QUOTENAME(@CurrentDatabaseName) + '.sys.filegroups filegroups ON destination_data_spaces.data_space_id = filegroups.data_space_id WHERE filegroups.is_read_only = 1 AND indexes.[object_id] = @ParamObjectID AND indexes.[index_id] = @ParamIndexID'&#xD;&#xA;         " StatementId="325" StatementCompId="434" StatementType="ASSIGN" RetrievedFromCache="true" />
                                <StmtCond StatementText=" IF @CurrentIsPartition = 1" StatementId="326" StatementCompId="435" StatementType="COND" RetrievedFromCache="true">
                                  <Condition />
                                  <Then>
                                    <Statements>
                                      <StmtSimple StatementText=" SET @CurrentCommand11 = @CurrentCommand11 + ' AND destination_data_spaces.destination_id = @ParamPartitionNumber'&#xD;&#xA;         " StatementId="327" StatementCompId="436" StatementType="ASSIGN" RetrievedFromCache="true" />
                                    </Statements>
                                  </Then>
                                </StmtCond>
                                <StmtSimple StatementText=" SET @CurrentCommand11 = @CurrentCommand11 + ' UNION SELECT filegroups.data_space_id FROM ' + QUOTENAME(@CurrentDatabaseName) + '.sys.indexes indexes INNER JOIN ' + QUOTENAME(@CurrentDatabaseName) + '.sys.filegroups filegroups ON indexes.data_space_id = filegroups.data_space_id WHERE filegroups.is_read_only = 1 AND indexes.[object_id] = @ParamObjectID AND indexes.[index_id] = @ParamIndexID'&#xD;&#xA;         " StatementId="328" StatementCompId="438" StatementType="ASSIGN" RetrievedFromCache="true" />
                                <StmtCond StatementText=" IF @CurrentIndexType = 1" StatementId="329" StatementCompId="439" StatementType="COND" RetrievedFromCache="true">
                                  <Condition />
                                  <Then>
                                    <Statements>
                                      <StmtSimple StatementText=" SET @CurrentCommand11 = @CurrentCommand11 + ' UNION SELECT filegroups.data_space_id FROM ' + QUOTENAME(@CurrentDatabaseName) + '.sys.tables tables INNER JOIN ' + QUOTENAME(@CurrentDatabaseName) + '.sys.filegroups filegroups ON tables.lob_data_space_id = filegroups.data_space_id WHERE filegroups.is_read_only = 1 AND tables.[object_id] = @ParamObjectID'&#xD;&#xA;         " StatementId="330" StatementCompId="440" StatementType="ASSIGN" RetrievedFromCache="true" />
                                    </Statements>
                                  </Then>
                                </StmtCond>
                                <StmtSimple StatementText=" SET @CurrentCommand11 = @CurrentCommand11 + ') ReadOnlyFileGroups) BEGIN SET @ParamOnReadOnlyFileGroup = 1 END'&#xD;&#xA;&#xD;&#xA;         " StatementId="331" StatementCompId="442" StatementType="ASSIGN" RetrievedFromCache="true" />
                                <StmtSimple StatementText=" EXECUTE sp_executesql @statement = @CurrentCommand11, @params = N'@ParamObjectID int, @ParamIndexID int, @ParamPartitionNumber int, @ParamOnReadOnlyFileGroup bit OUTPUT', @ParamObjectID = @CurrentObjectID, @ParamIndexID = @CurrentIndexID, @ParamPartitionNumber = @CurrentPartitionNumber, @ParamOnReadOnlyFileGroup = @CurrentOnReadOnlyFileGroup OUTPUT&#xD;&#xA;         " StatementId="332" StatementCompId="443" StatementType="EXECUTE PROC" RetrievedFromCache="true" />
                                <StmtSimple StatementText=" SET @Error = @@ERROR&#xD;&#xA;         " StatementId="333" StatementCompId="444" StatementType="ASSIGN" RetrievedFromCache="true" />
                                <StmtCond StatementText=" IF @Error = 0 AND @CurrentOnReadOnlyFileGroup IS NULL" StatementId="334" StatementCompId="445" StatementType="COND" RetrievedFromCache="true">
                                  <Condition />
                                  <Then>
                                    <Statements>
                                      <StmtSimple StatementText=" SET @CurrentOnReadOnlyFileGroup = 0&#xD;&#xA;         " StatementId="335" StatementCompId="446" StatementType="ASSIGN" RetrievedFromCache="true" />
                                    </Statements>
                                  </Then>
                                </StmtCond>
                                <StmtCond StatementText=" IF @Error &lt;&gt; 0&#xD;&#xA;         " StatementId="336" StatementCompId="448" StatementType="COND" RetrievedFromCache="true">
                                  <Condition />
                                  <Then>
                                    <Statements>
                                      <StmtSimple StatementText=" BEGIN&#xD;&#xA;            SET @ReturnCode = @Error&#xD;&#xA;           " StatementId="337" StatementCompId="449" StatementType="ASSIGN" RetrievedFromCache="true" />
                                      <StmtSimple StatementText=" GOTO NoAction&#xD;&#xA;         " StatementId="338" StatementCompId="450" StatementType="GOTO" RetrievedFromCache="true" />
                                    </Statements>
                                  </Then>
                                </StmtCond>
                              </Statements>
                            </Then>
                          </StmtCond>
                          <StmtCond StatementText=" END&#xD;&#xA;        END&#xD;&#xA;&#xD;&#xA;        -- Is the index fragmented?&#xD;&#xA;        IF @CurrentIndexID IS NOT NULL&#xD;&#xA;        AND @CurrentOnReadOnlyFileGroup = 0&#xD;&#xA;        AND EXISTS(SELECT * FROM @ActionsPreferred)&#xD;&#xA;        AND (EXISTS(SELECT [Priority], [Action], COUNT(*) FROM @ActionsPreferred GROUP BY [Priority], [Action] HAVING COUNT(*) &lt;&gt; 3) OR @PageCountLevel &gt; 0)&#xD;&#xA;       " StatementId="339" StatementCompId="453" StatementType="COND WITH QUERY" RetrievedFromCache="true" StatementSubTreeCost="0.00329625" StatementEstRows="1" StatementOptmLevel="FULL" QueryHash="0x6804FAC43E18C376" QueryPlanHash="0x48A8D89068BD13D4" StatementOptmEarlyAbortReason="GoodEnoughPlanFound">
                            <StatementSetOptions QUOTED_IDENTIFIER="false" ARITHABORT="false" CONCAT_NULL_YIELDS_NULL="true" ANSI_NULLS="true" ANSI_PADDING="true" ANSI_WARNINGS="true" NUMERIC_ROUNDABORT="false" />
                            <Condition>
                              <QueryPlan NonParallelPlanReason="MaxDOPSetToOne" CachedPlanSize="32" CompileTime="3" CompileCPU="3" CompileMemory="312">
                                <MemoryGrantInfo SerialRequiredMemory="512" SerialDesiredMemory="576" />
                                <OptimizerHardwareDependentProperties EstimatedAvailableMemoryGrant="193313" EstimatedPagesCached="773254" EstimatedAvailableDegreeOfParallelism="1" />
                                <RelOp NodeId="0" PhysicalOp="Compute Scalar" LogicalOp="Compute Scalar" EstimateRows="1" EstimateIO="0" EstimateCPU="1e-007" AvgRowSize="11" EstimatedTotalSubtreeCost="0.00329625" Parallel="0" EstimateRebinds="0" EstimateRewinds="0" EstimatedExecutionMode="Row">
                                  <OutputList>
                                    <ColumnReference Column="Expr1010" />
                                  </OutputList>
                                  <ComputeScalar>
                                    <DefinedValues>
                                      <DefinedValue>
                                        <ColumnReference Column="Expr1010" />
                                        <ScalarOperator ScalarString="CASE WHEN [@CurrentIndexID] IS NOT NULL AND [@CurrentOnReadOnlyFileGroup]=(0) AND [Expr1011] AND [Expr1012] THEN (1) ELSE (0) END">
                                          <IF>
                                            <Condition>
                                              <ScalarOperator>
                                                <Logical Operation="AND">
                                                  <ScalarOperator>
                                                    <Compare CompareOp="IS NOT">
                                                      <ScalarOperator>
                                                        <Identifier>
                                                          <ColumnReference Column="@CurrentIndexID" />
                                                        </Identifier>
                                                      </ScalarOperator>
                                                      <ScalarOperator>
                                                        <Const ConstValue="NULL" />
                                                      </ScalarOperator>
                                                    </Compare>
                                                  </ScalarOperator>
                                                  <ScalarOperator>
                                                    <Compare CompareOp="EQ">
                                                      <ScalarOperator>
                                                        <Identifier>
                                                          <ColumnReference Column="@CurrentOnReadOnlyFileGroup" />
                                                        </Identifier>
                                                      </ScalarOperator>
                                                      <ScalarOperator>
                                                        <Const ConstValue="(0)" />
                                                      </ScalarOperator>
                                                    </Compare>
                                                  </ScalarOperator>
                                                  <ScalarOperator>
                                                    <Identifier>
                                                      <ColumnReference Column="Expr1011" />
                                                    </Identifier>
                                                  </ScalarOperator>
                                                  <ScalarOperator>
                                                    <Identifier>
                                                      <ColumnReference Column="Expr1012" />
                                                    </Identifier>
                                                  </ScalarOperator>
                                                </Logical>
                                              </ScalarOperator>
                                            </Condition>
                                            <Then>
                                              <ScalarOperator>
                                                <Const ConstValue="(1)" />
                                              </ScalarOperator>
                                            </Then>
                                            <Else>
                                              <ScalarOperator>
                                                <Const ConstValue="(0)" />
                                              </ScalarOperator>
                                            </Else>
                                          </IF>
                                        </ScalarOperator>
                                      </DefinedValue>
                                    </DefinedValues>
                                    <RelOp NodeId="1" PhysicalOp="Nested Loops" LogicalOp="Left Semi Join" EstimateRows="1" EstimateIO="0" EstimateCPU="4.18e-006" AvgRowSize="9" EstimatedTotalSubtreeCost="0.00329615" Parallel="0" EstimateRebinds="0" EstimateRewinds="0" EstimatedExecutionMode="Row">
                                      <OutputList>
                                        <ColumnReference Column="Expr1011" />
                                        <ColumnReference Column="Expr1012" />
                                      </OutputList>
                                      <NestedLoops Optimized="0">
                                        <DefinedValues>
                                          <DefinedValue>
                                            <ColumnReference Column="Expr1012" />
                                          </DefinedValue>
                                        </DefinedValues>
                                        <PassThru>
                                          <ScalarOperator ScalarString="IsFalseOrNull [@CurrentIndexID] IS NOT NULL OR IsFalseOrNull [@CurrentOnReadOnlyFileGroup]=(0)">
                                            <Logical Operation="OR">
                                              <ScalarOperator>
                                                <Logical Operation="IsFalseOrNull">
                                                  <ScalarOperator>
                                                    <Compare CompareOp="IS NOT">
                                                      <ScalarOperator>
                                                        <Identifier>
                                                          <ColumnReference Column="@CurrentIndexID" />
                                                        </Identifier>
                                                      </ScalarOperator>
                                                      <ScalarOperator>
                                                        <Const ConstValue="NULL" />
                                                      </ScalarOperator>
                                                    </Compare>
                                                  </ScalarOperator>
                                                </Logical>
                                              </ScalarOperator>
                                              <ScalarOperator>
                                                <Logical Operation="IsFalseOrNull">
                                                  <ScalarOperator>
                                                    <Compare CompareOp="EQ">
                                                      <ScalarOperator>
                                                        <Identifier>
                                                          <ColumnReference Column="@CurrentOnReadOnlyFileGroup" />
                                                        </Identifier>
                                                      </ScalarOperator>
                                                      <ScalarOperator>
                                                        <Const ConstValue="(0)" />
                                                      </ScalarOperator>
                                                    </Compare>
                                                  </ScalarOperator>
                                                </Logical>
                                              </ScalarOperator>
                                            </Logical>
                                          </ScalarOperator>
                                        </PassThru>
                                        <ProbeColumn>
                                          <ColumnReference Column="Expr1012" />
                                        </ProbeColumn>
                                        <RelOp NodeId="2" PhysicalOp="Nested Loops" LogicalOp="Left Semi Join" EstimateRows="1" EstimateIO="0" EstimateCPU="4.18e-006" AvgRowSize="9" EstimatedTotalSubtreeCost="0.00328934" Parallel="0" EstimateRebinds="0" EstimateRewinds="0" EstimatedExecutionMode="Row">
                                          <OutputList>
                                            <ColumnReference Column="Expr1011" />
                                          </OutputList>
                                          <NestedLoops Optimized="0">
                                            <DefinedValues>
                                              <DefinedValue>
                                                <ColumnReference Column="Expr1011" />
                                              </DefinedValue>
                                            </DefinedValues>
                                            <PassThru>
                                              <ScalarOperator ScalarString="IsFalseOrNull [@CurrentIndexID] IS NOT NULL OR IsFalseOrNull [@CurrentOnReadOnlyFileGroup]=(0)">
                                                <Logical Operation="OR">
                                                  <ScalarOperator>
                                                    <Logical Operation="IsFalseOrNull">
                                                      <ScalarOperator>
                                                        <Compare CompareOp="IS NOT">
                                                          <ScalarOperator>
                                                            <Identifier>
                                                              <ColumnReference Column="@CurrentIndexID" />
                                                            </Identifier>
                                                          </ScalarOperator>
                                                          <ScalarOperator>
                                                            <Const ConstValue="NULL" />
                                                          </ScalarOperator>
                                                        </Compare>
                                                      </ScalarOperator>
                                                    </Logical>
                                                  </ScalarOperator>
                                                  <ScalarOperator>
                                                    <Logical Operation="IsFalseOrNull">
                                                      <ScalarOperator>
                                                        <Compare CompareOp="EQ">
                                                          <ScalarOperator>
                                                            <Identifier>
                                                              <ColumnReference Column="@CurrentOnReadOnlyFileGroup" />
                                                            </Identifier>
                                                          </ScalarOperator>
                                                          <ScalarOperator>
                                                            <Const ConstValue="(0)" />
                                                          </ScalarOperator>
                                                        </Compare>
                                                      </ScalarOperator>
                                                    </Logical>
                                                  </ScalarOperator>
                                                </Logical>
                                              </ScalarOperator>
                                            </PassThru>
                                            <ProbeColumn>
                                              <ColumnReference Column="Expr1011" />
                                            </ProbeColumn>
                                            <RelOp NodeId="3" PhysicalOp="Constant Scan" LogicalOp="Constant Scan" EstimateRows="1" EstimateIO="0" EstimateCPU="1.157e-006" AvgRowSize="9" EstimatedTotalSubtreeCost="1.157e-006" Parallel="0" EstimateRebinds="0" EstimateRewinds="0" EstimatedExecutionMode="Row">
                                              <OutputList />
                                              <ConstantScan />
                                            </RelOp>
                                            <RelOp NodeId="4" PhysicalOp="Table Scan" LogicalOp="Table Scan" EstimateRows="1" EstimateIO="0.003125" EstimateCPU="0.0001625" AvgRowSize="9" EstimatedTotalSubtreeCost="0.0032831" TableCardinality="5" Parallel="0" EstimateRebinds="0" EstimateRewinds="0" EstimatedExecutionMode="Row">
                                              <OutputList />
                                              <TableScan Ordered="0" ForcedIndex="0" ForceScan="0" NoExpandHint="0">
                                                <DefinedValues />
                                                <Object Table="[@ActionsPreferred]" TableReferenceId="1" />
                                              </TableScan>
                                            </RelOp>
                                          </NestedLoops>
                                        </RelOp>
                                        <RelOp NodeId="5" PhysicalOp="Concatenation" LogicalOp="Concatenation" EstimateRows="1" EstimateIO="0" EstimateCPU="6e-007" AvgRowSize="9" EstimatedTotalSubtreeCost="1.737e-006" Parallel="0" EstimateRebinds="0" EstimateRewinds="0" EstimatedExecutionMode="Row">
                                          <OutputList />
                                          <Concat>
                                            <DefinedValues />
                                            <RelOp NodeId="6" PhysicalOp="Filter" LogicalOp="Filter" EstimateRows="1" EstimateIO="0" EstimateCPU="4.8e-007" AvgRowSize="9" EstimatedTotalSubtreeCost="1.637e-006" Parallel="0" EstimateRebinds="0" EstimateRewinds="0" EstimatedExecutionMode="Row">
                                              <OutputList />
                                              <Filter StartupExpression="1">
                                                <RelOp NodeId="7" PhysicalOp="Constant Scan" LogicalOp="Constant Scan" EstimateRows="1" EstimateIO="0" EstimateCPU="1.157e-006" AvgRowSize="9" EstimatedTotalSubtreeCost="1.157e-006" Parallel="0" EstimateRebinds="0" EstimateRewinds="0" EstimatedExecutionMode="Row">
                                                  <OutputList />
                                                  <ConstantScan />
                                                </RelOp>
                                                <Predicate>
                                                  <ScalarOperator ScalarString="[@PageCountLevel]&gt;(0)">
                                                    <Compare CompareOp="GT">
                                                      <ScalarOperator>
                                                        <Identifier>
                                                          <ColumnReference Column="@PageCountLevel" />
                                                        </Identifier>
                                                      </ScalarOperator>
                                                      <ScalarOperator>
                                                        <Const ConstValue="(0)" />
                                                      </ScalarOperator>
                                                    </Compare>
                                                  </ScalarOperator>
                                                </Predicate>
                                              </Filter>
                                            </RelOp>
                                            <RelOp NodeId="9" PhysicalOp="Filter" LogicalOp="Filter" EstimateRows="1" EstimateIO="0" EstimateCPU="2.4e-006" AvgRowSize="9" EstimatedTotalSubtreeCost="0.00329625" Parallel="0" EstimateRebinds="0" EstimateRewinds="0" EstimatedExecutionMode="Row">
                                              <OutputList />
                                              <Filter StartupExpression="0">
                                                <RelOp NodeId="10" PhysicalOp="Compute Scalar" LogicalOp="Compute Scalar" EstimateRows="1" EstimateIO="0" EstimateCPU="5.5e-006" AvgRowSize="11" EstimatedTotalSubtreeCost="0.00329625" Parallel="0" EstimateRebinds="0" EstimateRewinds="0" EstimatedExecutionMode="Row">
                                                  <OutputList>
                                                    <ColumnReference Column="Expr1009" />
                                                  </OutputList>
                                                  <ComputeScalar>
                                                    <DefinedValues>
                                                      <DefinedValue>
                                                        <ColumnReference Column="Expr1009" />
                                                        <ScalarOperator ScalarString="CONVERT_IMPLICIT(int,[Expr1017],0)">
                                                          <Convert DataType="int" Style="0" Implicit="1">
                                                            <ScalarOperator>
                                                              <Identifier>
                                                                <ColumnReference Column="Expr1017" />
                                                              </Identifier>
                                                            </ScalarOperator>
                                                          </Convert>
                                                        </ScalarOperator>
                                                      </DefinedValue>
                                                    </DefinedValues>
                                                    <RelOp NodeId="11" PhysicalOp="Stream Aggregate" LogicalOp="Aggregate" EstimateRows="1" EstimateIO="0" EstimateCPU="5.5e-006" AvgRowSize="11" EstimatedTotalSubtreeCost="0.00329625" Parallel="0" EstimateRebinds="0" EstimateRewinds="0" EstimatedExecutionMode="Row">
                                                      <OutputList>
                                                        <ColumnReference Column="Expr1017" />
                                                      </OutputList>
                                                      <StreamAggregate>
                                                        <DefinedValues>
                                                          <DefinedValue>
                                                            <ColumnReference Column="Expr1017" />
                                                            <ScalarOperator ScalarString="Count(*)">
                                                              <Aggregate AggType="countstar" Distinct="0" />
                                                            </ScalarOperator>
                                                          </DefinedValue>
                                                        </DefinedValues>
                                                        <GroupBy>
                                                          <ColumnReference Column="Action" />
                                                          <ColumnReference Column="Priority" />
                                                        </GroupBy>
                                                        <RelOp NodeId="12" PhysicalOp="Sort" LogicalOp="Sort" EstimateRows="1" EstimateIO="0.0112613" EstimateCPU="0.00012215" AvgRowSize="4039" EstimatedTotalSubtreeCost="0.00329625" Parallel="0" EstimateRebinds="0" EstimateRewinds="0" EstimatedExecutionMode="Row">
                                                          <OutputList>
                                                            <ColumnReference Column="Priority" />
                                                            <ColumnReference Column="Action" />
                                                          </OutputList>
                                                          <MemoryFractions Input="1" Output="1" />
                                                          <Sort Distinct="0">
                                                            <OrderBy>
                                                              <OrderByColumn Ascending="1">
                                                                <ColumnReference Column="Action" />
                                                              </OrderByColumn>
                                                              <OrderByColumn Ascending="1">
                                                                <ColumnReference Column="Priority" />
                                                              </OrderByColumn>
                                                            </OrderBy>
                                                            <RelOp NodeId="13" PhysicalOp="Table Scan" LogicalOp="Table Scan" EstimateRows="5" EstimateIO="0.003125" EstimateCPU="0.0001625" AvgRowSize="4039" EstimatedTotalSubtreeCost="0.0032875" TableCardinality="5" Parallel="0" EstimateRebinds="0" EstimateRewinds="0" EstimatedExecutionMode="Row">
                                                              <OutputList>
                                                                <ColumnReference Column="Priority" />
                                                                <ColumnReference Column="Action" />
                                                              </OutputList>
                                                              <TableScan Ordered="0" ForcedIndex="0" ForceScan="0" NoExpandHint="0">
                                                                <DefinedValues>
                                                                  <DefinedValue>
                                                                    <ColumnReference Column="Priority" />
                                                                  </DefinedValue>
                                                                  <DefinedValue>
                                                                    <ColumnReference Column="Action" />
                                                                  </DefinedValue>
                                                                </DefinedValues>
                                                                <Object Table="[@ActionsPreferred]" TableReferenceId="2" />
                                                              </TableScan>
                                                            </RelOp>
                                                          </Sort>
                                                        </RelOp>
                                                      </StreamAggregate>
                                                    </RelOp>
                                                  </ComputeScalar>
                                                </RelOp>
                                                <Predicate>
                                                  <ScalarOperator ScalarString="[Expr1009]&lt;&gt;(3)">
                                                    <Compare CompareOp="NE">
                                                      <ScalarOperator>
                                                        <Identifier>
                                                          <ColumnReference Column="Expr1009" />
                                                        </Identifier>
                                                      </ScalarOperator>
                                                      <ScalarOperator>
                                                        <Const ConstValue="(3)" />
                                                      </ScalarOperator>
                                                    </Compare>
                                                  </ScalarOperator>
                                                </Predicate>
                                              </Filter>
                                            </RelOp>
                                          </Concat>
                                        </RelOp>
                                      </NestedLoops>
                                    </RelOp>
                                  </ComputeScalar>
                                </RelOp>
                                <ParameterList>
                                  <ColumnReference Column="@PageCountLevel" ParameterCompiledValue="(10)" />
                                </ParameterList>
                              </QueryPlan>
                            </Condition>
                            <Then>
                              <Statements>
                                <StmtSimple StatementText=" BEGIN&#xD;&#xA;          SELECT @CurrentFragmentationLevel = MAX(avg_fragmentation_in_percent),&#xD;&#xA;                 @CurrentPageCount = SUM(page_count)&#xD;&#xA;          --FROM sys.dm_db_index_physical_stats(@CurrentDatabaseID, @CurrentObjectID, @CurrentIndexID, @CurrentPartitionNumber, 'LIMITED')&#xD;&#xA;&#x9;&#x9;  FROM sys.dm_db_index_physical_stats(@CurrentDatabaseID, @CurrentObjectID, @CurrentIndexID, @CurrentPartitionNumber, 'SAMPLED')  -- 04FEB14 for all index levels&#xD;&#xA;          WHERE alloc_unit_type_desc = 'IN_ROW_DATA'&#xD;&#xA;          AND index_level = 0&#xD;&#xA;         " StatementId="340" StatementCompId="454" StatementType="SELECT" RetrievedFromCache="true" StatementSubTreeCost="0.00194994" StatementEstRows="1" StatementOptmLevel="FULL" QueryHash="0xA9EB95126DFC8967" QueryPlanHash="0xB598A3AAD990DBB8" StatementOptmEarlyAbortReason="GoodEnoughPlanFound">
                                  <StatementSetOptions QUOTED_IDENTIFIER="false" ARITHABORT="false" CONCAT_NULL_YIELDS_NULL="true" ANSI_NULLS="true" ANSI_PADDING="true" ANSI_WARNINGS="true" NUMERIC_ROUNDABORT="false" />
                                  <QueryPlan NonParallelPlanReason="MaxDOPSetToOne" CachedPlanSize="32" CompileTime="1" CompileCPU="1" CompileMemory="272">
                                    <MemoryGrantInfo SerialRequiredMemory="0" SerialDesiredMemory="0" />
                                    <OptimizerHardwareDependentProperties EstimatedAvailableMemoryGrant="193313" EstimatedPagesCached="773254" EstimatedAvailableDegreeOfParallelism="1" />
                                    <RelOp NodeId="0" PhysicalOp="Compute Scalar" LogicalOp="Compute Scalar" EstimateRows="1" EstimateIO="0" EstimateCPU="6.97869e-005" AvgRowSize="23" EstimatedTotalSubtreeCost="0.00194994" Parallel="0" EstimateRebinds="0" EstimateRewinds="0" EstimatedExecutionMode="Row">
                                      <OutputList>
                                        <ColumnReference Column="Expr1000" />
                                        <ColumnReference Column="Expr1001" />
                                      </OutputList>
                                      <ComputeScalar>
                                        <DefinedValues>
                                          <DefinedValue>
                                            <ColumnReference Column="Expr1001" />
                                            <ScalarOperator ScalarString="CASE WHEN [Expr1009]=(0) THEN NULL ELSE [Expr1010] END">
                                              <IF>
                                                <Condition>
                                                  <ScalarOperator>
                                                    <Compare CompareOp="EQ">
                                                      <ScalarOperator>
                                                        <Identifier>
                                                          <ColumnReference Column="Expr1009" />
                                                        </Identifier>
                                                      </ScalarOperator>
                                                      <ScalarOperator>
                                                        <Const ConstValue="(0)" />
                                                      </ScalarOperator>
                                                    </Compare>
                                                  </ScalarOperator>
                                                </Condition>
                                                <Then>
                                                  <ScalarOperator>
                                                    <Const ConstValue="NULL" />
                                                  </ScalarOperator>
                                                </Then>
                                                <Else>
                                                  <ScalarOperator>
                                                    <Identifier>
                                                      <ColumnReference Column="Expr1010" />
                                                    </Identifier>
                                                  </ScalarOperator>
                                                </Else>
                                              </IF>
                                            </ScalarOperator>
                                          </DefinedValue>
                                        </DefinedValues>
                                        <RelOp NodeId="1" PhysicalOp="Stream Aggregate" LogicalOp="Aggregate" EstimateRows="1" EstimateIO="0" EstimateCPU="6.97869e-005" AvgRowSize="23" EstimatedTotalSubtreeCost="0.00194994" Parallel="0" EstimateRebinds="0" EstimateRewinds="0" EstimatedExecutionMode="Row">
                                          <OutputList>
                                            <ColumnReference Column="Expr1000" />
                                            <ColumnReference Column="Expr1009" />
                                            <ColumnReference Column="Expr1010" />
                                          </OutputList>
                                          <StreamAggregate>
                                            <DefinedValues>
                                              <DefinedValue>
                                                <ColumnReference Column="Expr1000" />
                                                <ScalarOperator ScalarString="MAX(INDEXANALYSIS.[avg_fragmentation_in_percent])">
                                                  <Aggregate Distinct="0" AggType="MAX">
                                                    <ScalarOperator>
                                                      <Identifier>
                                                        <ColumnReference Table="[INDEXANALYSIS]" Column="avg_fragmentation_in_percent" />
                                                      </Identifier>
                                                    </ScalarOperator>
                                                  </Aggregate>
                                                </ScalarOperator>
                                              </DefinedValue>
                                              <DefinedValue>
                                                <ColumnReference Column="Expr1009" />
                                                <ScalarOperator ScalarString="COUNT_BIG(INDEXANALYSIS.[page_count])">
                                                  <Aggregate Distinct="0" AggType="COUNT_BIG">
                                                    <ScalarOperator>
                                                      <Identifier>
                                                        <ColumnReference Table="[INDEXANALYSIS]" Column="page_count" />
                                                      </Identifier>
                                                    </ScalarOperator>
                                                  </Aggregate>
                                                </ScalarOperator>
                                              </DefinedValue>
                                              <DefinedValue>
                                                <ColumnReference Column="Expr1010" />
                                                <ScalarOperator ScalarString="SUM(INDEXANALYSIS.[page_count])">
                                                  <Aggregate Distinct="0" AggType="SUM">
                                                    <ScalarOperator>
                                                      <Identifier>
                                                        <ColumnReference Table="[INDEXANALYSIS]" Column="page_count" />
                                                      </Identifier>
                                                    </ScalarOperator>
                                                  </Aggregate>
                                                </ScalarOperator>
                                              </DefinedValue>
                                            </DefinedValues>
                                            <RelOp NodeId="2" PhysicalOp="Filter" LogicalOp="Filter" EstimateRows="115.478" EstimateIO="0" EstimateCPU="0.00088" AvgRowSize="23" EstimatedTotalSubtreeCost="0.00188016" Parallel="0" EstimateRebinds="0" EstimateRewinds="0" EstimatedExecutionMode="Row">
                                              <OutputList>
                                                <ColumnReference Table="[INDEXANALYSIS]" Column="avg_fragmentation_in_percent" />
                                                <ColumnReference Table="[INDEXANALYSIS]" Column="page_count" />
                                              </OutputList>
                                              <Filter StartupExpression="0">
                                                <RelOp NodeId="3" PhysicalOp="Table-valued function" LogicalOp="Table-valued function" EstimateRows="1000" EstimateIO="0" EstimateCPU="0.00100016" AvgRowSize="88" EstimatedTotalSubtreeCost="0.00100016" Parallel="0" EstimateRebinds="0" EstimateRewinds="0" EstimatedExecutionMode="Row">
                                                  <OutputList>
                                                    <ColumnReference Table="[INDEXANALYSIS]" Column="alloc_unit_type_desc" />
                                                    <ColumnReference Table="[INDEXANALYSIS]" Column="index_level" />
                                                    <ColumnReference Table="[INDEXANALYSIS]" Column="avg_fragmentation_in_percent" />
                                                    <ColumnReference Table="[INDEXANALYSIS]" Column="page_count" />
                                                  </OutputList>
                                                  <TableValuedFunction>
                                                    <DefinedValues>
                                                      <DefinedValue>
                                                        <ColumnReference Table="[INDEXANALYSIS]" Column="alloc_unit_type_desc" />
                                                      </DefinedValue>
                                                      <DefinedValue>
                                                        <ColumnReference Table="[INDEXANALYSIS]" Column="index_level" />
                                                      </DefinedValue>
                                                      <DefinedValue>
                                                        <ColumnReference Table="[INDEXANALYSIS]" Column="avg_fragmentation_in_percent" />
                                                      </DefinedValue>
                                                      <DefinedValue>
                                                        <ColumnReference Table="[INDEXANALYSIS]" Column="page_count" />
                                                      </DefinedValue>
                                                    </DefinedValues>
                                                    <Object Table="[INDEXANALYSIS]" />
                                                    <ParameterList>
                                                      <ScalarOperator ScalarString="CONVERT_IMPLICIT(smallint,[@CurrentDatabaseID],0)">
                                                        <Identifier>
                                                          <ColumnReference Column="ConstExpr1002">
                                                            <ScalarOperator>
                                                              <Convert DataType="smallint" Style="0" Implicit="1">
                                                                <ScalarOperator>
                                                                  <Identifier>
                                                                    <ColumnReference Column="@CurrentDatabaseID" />
                                                                  </Identifier>
                                                                </ScalarOperator>
                                                              </Convert>
                                                            </ScalarOperator>
                                                          </ColumnReference>
                                                        </Identifier>
                                                      </ScalarOperator>
                                                      <ScalarOperator ScalarString="[@CurrentObjectID]">
                                                        <Identifier>
                                                          <ColumnReference Column="@CurrentObjectID" />
                                                        </Identifier>
                                                      </ScalarOperator>
                                                      <ScalarOperator ScalarString="[@CurrentIndexID]">
                                                        <Identifier>
                                                          <ColumnReference Column="@CurrentIndexID" />
                                                        </Identifier>
                                                      </ScalarOperator>
                                                      <ScalarOperator ScalarString="[@CurrentPartitionNumber]">
                                                        <Identifier>
                                                          <ColumnReference Column="@CurrentPartitionNumber" />
                                                        </Identifier>
                                                      </ScalarOperator>
                                                      <ScalarOperator ScalarString="N'SAMPLED'">
                                                        <Const ConstValue="N'SAMPLED'" />
                                                      </ScalarOperator>
                                                    </ParameterList>
                                                  </TableValuedFunction>
                                                </RelOp>
                                                <Predicate>
                                                  <ScalarOperator ScalarString="INDEXANALYSIS.[alloc_unit_type_desc]=N'IN_ROW_DATA' AND INDEXANALYSIS.[index_level]=(0)">
                                                    <Logical Operation="AND">
                                                      <ScalarOperator>
                                                        <Compare CompareOp="EQ">
                                                          <ScalarOperator>
                                                            <Identifier>
                                                              <ColumnReference Table="[INDEXANALYSIS]" Column="alloc_unit_type_desc" />
                                                            </Identifier>
                                                          </ScalarOperator>
                                                          <ScalarOperator>
                                                            <Const ConstValue="N'IN_ROW_DATA'" />
                                                          </ScalarOperator>
                                                        </Compare>
                                                      </ScalarOperator>
                                                      <ScalarOperator>
                                                        <Compare CompareOp="EQ">
                                                          <ScalarOperator>
                                                            <Identifier>
                                                              <ColumnReference Table="[INDEXANALYSIS]" Column="index_level" />
                                                            </Identifier>
                                                          </ScalarOperator>
                                                          <ScalarOperator>
                                                            <Const ConstValue="(0)" />
                                                          </ScalarOperator>
                                                        </Compare>
                                                      </ScalarOperator>
                                                    </Logical>
                                                  </ScalarOperator>
                                                </Predicate>
                                              </Filter>
                                            </RelOp>
                                          </StreamAggregate>
                                        </RelOp>
                                      </ComputeScalar>
                                    </RelOp>
                                  </QueryPlan>
                                </StmtSimple>
                                <StmtSimple StatementText=" SET @Error = @@ERROR&#xD;&#xA;         " StatementId="341" StatementCompId="455" StatementType="ASSIGN" RetrievedFromCache="true" />
                                <StmtCond StatementText=" IF @Error = 1222&#xD;&#xA;         " StatementId="342" StatementCompId="456" StatementType="COND" RetrievedFromCache="true">
                                  <Condition />
                                  <Then>
                                    <Statements>
                                      <StmtSimple StatementText=" BEGIN&#xD;&#xA;            SET @ErrorMessage = 'The dynamic management view sys.dm_db_index_physical_stats is locked on the index ' + QUOTENAME(@CurrentSchemaName) + '.' + QUOTENAME(@CurrentObjectName) + '.' + QUOTENAME(@CurrentIndexName) + '.' + CHAR(13) + CHAR(10) + ' '&#xD;&#xA;           " StatementId="343" StatementCompId="457" StatementType="ASSIGN" RetrievedFromCache="true" />
                                      <StmtSimple StatementText=" SET @ErrorMessage = REPLACE(@ErrorMessage,'%','%%')&#xD;&#xA;           " StatementId="344" StatementCompId="458" StatementType="ASSIGN" RetrievedFromCache="true" />
                                      <StmtSimple StatementText=" RAISERROR(@ErrorMessage,16,1) WITH NOWAIT&#xD;&#xA;           " StatementId="345" StatementCompId="459" StatementType="RAISERROR" RetrievedFromCache="true" />
                                    </Statements>
                                  </Then>
                                </StmtCond>
                                <StmtCond StatementText=" END&#xD;&#xA;          IF @Error &lt;&gt; 0&#xD;&#xA;         " StatementId="346" StatementCompId="461" StatementType="COND" RetrievedFromCache="true">
                                  <Condition />
                                  <Then>
                                    <Statements>
                                      <StmtSimple StatementText=" BEGIN&#xD;&#xA;            SET @ReturnCode = @Error&#xD;&#xA;           " StatementId="347" StatementCompId="462" StatementType="ASSIGN" RetrievedFromCache="true" />
                                      <StmtSimple StatementText=" GOTO NoAction&#xD;&#xA;         " StatementId="348" StatementCompId="463" StatementType="GOTO" RetrievedFromCache="true" />
                                    </Statements>
                                  </Then>
                                </StmtCond>
                              </Statements>
                            </Then>
                          </StmtCond>
                          <StmtCond StatementText=" END&#xD;&#xA;        END&#xD;&#xA;&#xD;&#xA;        -- Select fragmentation group&#xD;&#xA;        IF @CurrentIndexID IS NOT NULL AND @CurrentOnReadOnlyFileGroup = 0 AND EXISTS(SELECT * FROM @ActionsPreferred)&#xD;&#xA;       " StatementId="349" StatementCompId="466" StatementType="COND WITH QUERY" RetrievedFromCache="true" StatementSubTreeCost="0.00328944" StatementEstRows="1" StatementOptmLevel="FULL" QueryHash="0x26A019A4970E6419" QueryPlanHash="0x232A1169F826CEA4" StatementOptmEarlyAbortReason="GoodEnoughPlanFound">
                            <StatementSetOptions QUOTED_IDENTIFIER="false" ARITHABORT="false" CONCAT_NULL_YIELDS_NULL="true" ANSI_NULLS="true" ANSI_PADDING="true" ANSI_WARNINGS="true" NUMERIC_ROUNDABORT="false" />
                            <Condition>
                              <QueryPlan NonParallelPlanReason="MaxDOPSetToOne" CachedPlanSize="16" CompileTime="1" CompileCPU="1" CompileMemory="176">
                                <MemoryGrantInfo SerialRequiredMemory="0" SerialDesiredMemory="0" />
                                <OptimizerHardwareDependentProperties EstimatedAvailableMemoryGrant="193313" EstimatedPagesCached="773254" EstimatedAvailableDegreeOfParallelism="1" />
                                <RelOp NodeId="0" PhysicalOp="Compute Scalar" LogicalOp="Compute Scalar" EstimateRows="1" EstimateIO="0" EstimateCPU="1e-007" AvgRowSize="11" EstimatedTotalSubtreeCost="0.00328944" Parallel="0" EstimateRebinds="0" EstimateRewinds="0" EstimatedExecutionMode="Row">
                                  <OutputList>
                                    <ColumnReference Column="Expr1005" />
                                  </OutputList>
                                  <ComputeScalar>
                                    <DefinedValues>
                                      <DefinedValue>
                                        <ColumnReference Column="Expr1005" />
                                        <ScalarOperator ScalarString="CASE WHEN [@CurrentIndexID] IS NOT NULL AND [@CurrentOnReadOnlyFileGroup]=(0) AND [Expr1006] THEN (1) ELSE (0) END">
                                          <IF>
                                            <Condition>
                                              <ScalarOperator>
                                                <Logical Operation="AND">
                                                  <ScalarOperator>
                                                    <Compare CompareOp="IS NOT">
                                                      <ScalarOperator>
                                                        <Identifier>
                                                          <ColumnReference Column="@CurrentIndexID" />
                                                        </Identifier>
                                                      </ScalarOperator>
                                                      <ScalarOperator>
                                                        <Const ConstValue="NULL" />
                                                      </ScalarOperator>
                                                    </Compare>
                                                  </ScalarOperator>
                                                  <ScalarOperator>
                                                    <Compare CompareOp="EQ">
                                                      <ScalarOperator>
                                                        <Identifier>
                                                          <ColumnReference Column="@CurrentOnReadOnlyFileGroup" />
                                                        </Identifier>
                                                      </ScalarOperator>
                                                      <ScalarOperator>
                                                        <Const ConstValue="(0)" />
                                                      </ScalarOperator>
                                                    </Compare>
                                                  </ScalarOperator>
                                                  <ScalarOperator>
                                                    <Identifier>
                                                      <ColumnReference Column="Expr1006" />
                                                    </Identifier>
                                                  </ScalarOperator>
                                                </Logical>
                                              </ScalarOperator>
                                            </Condition>
                                            <Then>
                                              <ScalarOperator>
                                                <Const ConstValue="(1)" />
                                              </ScalarOperator>
                                            </Then>
                                            <Else>
                                              <ScalarOperator>
                                                <Const ConstValue="(0)" />
                                              </ScalarOperator>
                                            </Else>
                                          </IF>
                                        </ScalarOperator>
                                      </DefinedValue>
                                    </DefinedValues>
                                    <RelOp NodeId="1" PhysicalOp="Nested Loops" LogicalOp="Left Semi Join" EstimateRows="1" EstimateIO="0" EstimateCPU="4.18e-006" AvgRowSize="9" EstimatedTotalSubtreeCost="0.00328934" Parallel="0" EstimateRebinds="0" EstimateRewinds="0" EstimatedExecutionMode="Row">
                                      <OutputList>
                                        <ColumnReference Column="Expr1006" />
                                      </OutputList>
                                      <NestedLoops Optimized="0">
                                        <DefinedValues>
                                          <DefinedValue>
                                            <ColumnReference Column="Expr1006" />
                                          </DefinedValue>
                                        </DefinedValues>
                                        <PassThru>
                                          <ScalarOperator ScalarString="IsFalseOrNull [@CurrentIndexID] IS NOT NULL OR IsFalseOrNull [@CurrentOnReadOnlyFileGroup]=(0)">
                                            <Logical Operation="OR">
                                              <ScalarOperator>
                                                <Logical Operation="IsFalseOrNull">
                                                  <ScalarOperator>
                                                    <Compare CompareOp="IS NOT">
                                                      <ScalarOperator>
                                                        <Identifier>
                                                          <ColumnReference Column="@CurrentIndexID" />
                                                        </Identifier>
                                                      </ScalarOperator>
                                                      <ScalarOperator>
                                                        <Const ConstValue="NULL" />
                                                      </ScalarOperator>
                                                    </Compare>
                                                  </ScalarOperator>
                                                </Logical>
                                              </ScalarOperator>
                                              <ScalarOperator>
                                                <Logical Operation="IsFalseOrNull">
                                                  <ScalarOperator>
                                                    <Compare CompareOp="EQ">
                                                      <ScalarOperator>
                                                        <Identifier>
                                                          <ColumnReference Column="@CurrentOnReadOnlyFileGroup" />
                                                        </Identifier>
                                                      </ScalarOperator>
                                                      <ScalarOperator>
                                                        <Const ConstValue="(0)" />
                                                      </ScalarOperator>
                                                    </Compare>
                                                  </ScalarOperator>
                                                </Logical>
                                              </ScalarOperator>
                                            </Logical>
                                          </ScalarOperator>
                                        </PassThru>
                                        <ProbeColumn>
                                          <ColumnReference Column="Expr1006" />
                                        </ProbeColumn>
                                        <RelOp NodeId="2" PhysicalOp="Constant Scan" LogicalOp="Constant Scan" EstimateRows="1" EstimateIO="0" EstimateCPU="1.157e-006" AvgRowSize="9" EstimatedTotalSubtreeCost="1.157e-006" Parallel="0" EstimateRebinds="0" EstimateRewinds="0" EstimatedExecutionMode="Row">
                                          <OutputList />
                                          <ConstantScan />
                                        </RelOp>
                                        <RelOp NodeId="3" PhysicalOp="Table Scan" LogicalOp="Table Scan" EstimateRows="1" EstimateIO="0.003125" EstimateCPU="0.0001625" AvgRowSize="9" EstimatedTotalSubtreeCost="0.0032831" TableCardinality="5" Parallel="0" EstimateRebinds="0" EstimateRewinds="0" EstimatedExecutionMode="Row">
                                          <OutputList />
                                          <TableScan Ordered="0" ForcedIndex="0" ForceScan="0" NoExpandHint="0">
                                            <DefinedValues />
                                            <Object Table="[@ActionsPreferred]" />
                                          </TableScan>
                                        </RelOp>
                                      </NestedLoops>
                                    </RelOp>
                                  </ComputeScalar>
                                </RelOp>
                              </QueryPlan>
                            </Condition>
                            <Then>
                              <Statements>
                                <StmtSimple StatementText=" BEGIN&#xD;&#xA;          SET @CurrentFragmentationGroup = CASE&#xD;&#xA;          WHEN @CurrentFragmentationLevel &gt;= @FragmentationLevel2 THEN 'High'&#xD;&#xA;          WHEN @CurrentFragmentationLevel &gt;= @FragmentationLevel1 AND @CurrentFragmentationLevel &lt; @FragmentationLevel2 THEN 'Medium'&#xD;&#xA;          WHEN @CurrentFragmentationLevel &lt; @FragmentationLevel1 THEN 'Low'&#xD;&#xA;          END&#xD;&#xA;       " StatementId="350" StatementCompId="467" StatementType="ASSIGN" RetrievedFromCache="true" />
                              </Statements>
                            </Then>
                          </StmtCond>
                          <StmtCond StatementText=" END&#xD;&#xA;&#xD;&#xA;        -- Which actions are allowed?&#xD;&#xA;        IF @CurrentIndexID IS NOT NULL AND EXISTS(SELECT * FROM @ActionsPreferred)&#xD;&#xA;       " StatementId="351" StatementCompId="469" StatementType="COND WITH QUERY" RetrievedFromCache="true" StatementSubTreeCost="0.00328894" StatementEstRows="1" StatementOptmLevel="FULL" QueryHash="0x6732DCAA0D1AB204" QueryPlanHash="0xD33BB5E5C22C10D4" StatementOptmEarlyAbortReason="GoodEnoughPlanFound">
                            <StatementSetOptions QUOTED_IDENTIFIER="false" ARITHABORT="false" CONCAT_NULL_YIELDS_NULL="true" ANSI_NULLS="true" ANSI_PADDING="true" ANSI_WARNINGS="true" NUMERIC_ROUNDABORT="false" />
                            <Condition>
                              <QueryPlan NonParallelPlanReason="MaxDOPSetToOne" CachedPlanSize="16" CompileTime="0" CompileCPU="0" CompileMemory="160">
                                <MemoryGrantInfo SerialRequiredMemory="0" SerialDesiredMemory="0" />
                                <OptimizerHardwareDependentProperties EstimatedAvailableMemoryGrant="193313" EstimatedPagesCached="773254" EstimatedAvailableDegreeOfParallelism="1" />
                                <RelOp NodeId="0" PhysicalOp="Compute Scalar" LogicalOp="Compute Scalar" EstimateRows="1" EstimateIO="0" EstimateCPU="1e-007" AvgRowSize="11" EstimatedTotalSubtreeCost="0.00328894" Parallel="0" EstimateRebinds="0" EstimateRewinds="0" EstimatedExecutionMode="Row">
                                  <OutputList>
                                    <ColumnReference Column="Expr1005" />
                                  </OutputList>
                                  <ComputeScalar>
                                    <DefinedValues>
                                      <DefinedValue>
                                        <ColumnReference Column="Expr1005" />
                                        <ScalarOperator ScalarString="CASE WHEN [@CurrentIndexID] IS NOT NULL AND [Expr1006] THEN (1) ELSE (0) END">
                                          <IF>
                                            <Condition>
                                              <ScalarOperator>
                                                <Logical Operation="AND">
                                                  <ScalarOperator>
                                                    <Compare CompareOp="IS NOT">
                                                      <ScalarOperator>
                                                        <Identifier>
                                                          <ColumnReference Column="@CurrentIndexID" />
                                                        </Identifier>
                                                      </ScalarOperator>
                                                      <ScalarOperator>
                                                        <Const ConstValue="NULL" />
                                                      </ScalarOperator>
                                                    </Compare>
                                                  </ScalarOperator>
                                                  <ScalarOperator>
                                                    <Identifier>
                                                      <ColumnReference Column="Expr1006" />
                                                    </Identifier>
                                                  </ScalarOperator>
                                                </Logical>
                                              </ScalarOperator>
                                            </Condition>
                                            <Then>
                                              <ScalarOperator>
                                                <Const ConstValue="(1)" />
                                              </ScalarOperator>
                                            </Then>
                                            <Else>
                                              <ScalarOperator>
                                                <Const ConstValue="(0)" />
                                              </ScalarOperator>
                                            </Else>
                                          </IF>
                                        </ScalarOperator>
                                      </DefinedValue>
                                    </DefinedValues>
                                    <RelOp NodeId="1" PhysicalOp="Nested Loops" LogicalOp="Left Semi Join" EstimateRows="1" EstimateIO="0" EstimateCPU="4.18e-006" AvgRowSize="9" EstimatedTotalSubtreeCost="0.00328884" Parallel="0" EstimateRebinds="0" EstimateRewinds="0" EstimatedExecutionMode="Row">
                                      <OutputList>
                                        <ColumnReference Column="Expr1006" />
                                      </OutputList>
                                      <NestedLoops Optimized="0">
                                        <DefinedValues>
                                          <DefinedValue>
                                            <ColumnReference Column="Expr1006" />
                                          </DefinedValue>
                                        </DefinedValues>
                                        <PassThru>
                                          <ScalarOperator ScalarString="IsFalseOrNull [@CurrentIndexID] IS NOT NULL">
                                            <Logical Operation="IsFalseOrNull">
                                              <ScalarOperator>
                                                <Compare CompareOp="IS NOT">
                                                  <ScalarOperator>
                                                    <Identifier>
                                                      <ColumnReference Column="@CurrentIndexID" />
                                                    </Identifier>
                                                  </ScalarOperator>
                                                  <ScalarOperator>
                                                    <Const ConstValue="NULL" />
                                                  </ScalarOperator>
                                                </Compare>
                                              </ScalarOperator>
                                            </Logical>
                                          </ScalarOperator>
                                        </PassThru>
                                        <ProbeColumn>
                                          <ColumnReference Column="Expr1006" />
                                        </ProbeColumn>
                                        <RelOp NodeId="2" PhysicalOp="Constant Scan" LogicalOp="Constant Scan" EstimateRows="1" EstimateIO="0" EstimateCPU="1.157e-006" AvgRowSize="9" EstimatedTotalSubtreeCost="1.157e-006" Parallel="0" EstimateRebinds="0" EstimateRewinds="0" EstimatedExecutionMode="Row">
                                          <OutputList />
                                          <ConstantScan />
                                        </RelOp>
                                        <RelOp NodeId="3" PhysicalOp="Table Scan" LogicalOp="Table Scan" EstimateRows="1" EstimateIO="0.003125" EstimateCPU="0.0001625" AvgRowSize="9" EstimatedTotalSubtreeCost="0.0032831" TableCardinality="5" Parallel="0" EstimateRebinds="0" EstimateRewinds="0" EstimatedExecutionMode="Row">
                                          <OutputList />
                                          <TableScan Ordered="0" ForcedIndex="0" ForceScan="0" NoExpandHint="0">
                                            <DefinedValues />
                                            <Object Table="[@ActionsPreferred]" />
                                          </TableScan>
                                        </RelOp>
                                      </NestedLoops>
                                    </RelOp>
                                  </ComputeScalar>
                                </RelOp>
                              </QueryPlan>
                            </Condition>
                            <Then>
                              <Statements>
                                <StmtCond StatementText=" BEGIN&#xD;&#xA;          IF @CurrentOnReadOnlyFileGroup = 0 AND @CurrentAllowPageLocks = 1&#xD;&#xA;         " StatementId="352" StatementCompId="470" StatementType="COND" RetrievedFromCache="true">
                                  <Condition />
                                  <Then>
                                    <Statements>
                                      <StmtSimple StatementText=" BEGIN&#xD;&#xA;            INSERT INTO @CurrentActionsAllowed ([Action])&#xD;&#xA;            VALUES ('INDEX_REORGANIZE')&#xD;&#xA;         " StatementId="353" StatementCompId="471" StatementType="INSERT" RetrievedFromCache="true" StatementSubTreeCost="0.0100022" StatementEstRows="1" StatementOptmLevel="TRIVIAL" QueryHash="0xA5B346E638FDA7F0" QueryPlanHash="0xDC97418551255445">
                                        <StatementSetOptions QUOTED_IDENTIFIER="false" ARITHABORT="false" CONCAT_NULL_YIELDS_NULL="true" ANSI_NULLS="true" ANSI_PADDING="true" ANSI_WARNINGS="true" NUMERIC_ROUNDABORT="false" />
                                        <QueryPlan NonParallelPlanReason="MaxDOPSetToOne" CachedPlanSize="16" CompileTime="0" CompileCPU="0" CompileMemory="88">
                                          <MemoryGrantInfo SerialRequiredMemory="0" SerialDesiredMemory="0" />
                                          <OptimizerHardwareDependentProperties EstimatedAvailableMemoryGrant="193313" EstimatedPagesCached="773254" EstimatedAvailableDegreeOfParallelism="1" />
                                          <RelOp NodeId="0" PhysicalOp="Table Insert" LogicalOp="Insert" EstimateRows="1" EstimateIO="0.01" EstimateCPU="1e-006" AvgRowSize="9" EstimatedTotalSubtreeCost="0.0100022" Parallel="0" EstimateRebinds="0" EstimateRewinds="0" EstimatedExecutionMode="Row">
                                            <OutputList />
                                            <ScalarInsert DMLRequestSort="0">
                                              <DefinedValues>
                                                <DefinedValue>
                                                  <ColumnReference Column="Expr1004" />
                                                  <ScalarOperator ScalarString="CONVERT_IMPLICIT(nvarchar(max),'INDEX_REORGANIZE',0)">
                                                    <Convert DataType="nvarchar(max)" Length="2147483647" Style="0" Implicit="1">
                                                      <ScalarOperator>
                                                        <Const ConstValue="'INDEX_REORGANIZE'" />
                                                      </ScalarOperator>
                                                    </Convert>
                                                  </ScalarOperator>
                                                </DefinedValue>
                                              </DefinedValues>
                                              <Object Table="[@CurrentActionsAllowed]" />
                                              <SetPredicate>
                                                <ScalarOperator ScalarString="[Action] = [Expr1004]">
                                                  <ScalarExpressionList>
                                                    <ScalarOperator>
                                                      <MultipleAssign>
                                                        <Assign>
                                                          <ColumnReference Column="Action" />
                                                          <ScalarOperator>
                                                            <Identifier>
                                                              <ColumnReference Column="Expr1004" />
                                                            </Identifier>
                                                          </ScalarOperator>
                                                        </Assign>
                                                      </MultipleAssign>
                                                    </ScalarOperator>
                                                  </ScalarExpressionList>
                                                </ScalarOperator>
                                              </SetPredicate>
                                            </ScalarInsert>
                                          </RelOp>
                                        </QueryPlan>
                                      </StmtSimple>
                                    </Statements>
                                  </Then>
                                </StmtCond>
                                <StmtCond StatementText=" END&#xD;&#xA;          IF @CurrentOnReadOnlyFileGroup = 0&#xD;&#xA;         " StatementId="354" StatementCompId="473" StatementType="COND" RetrievedFromCache="true">
                                  <Condition />
                                  <Then>
                                    <Statements>
                                      <StmtSimple StatementText=" BEGIN&#xD;&#xA;            INSERT INTO @CurrentActionsAllowed ([Action])&#xD;&#xA;            VALUES ('INDEX_REBUILD_OFFLINE')&#xD;&#xA;         " StatementId="355" StatementCompId="474" StatementType="INSERT" RetrievedFromCache="true" StatementSubTreeCost="0.0100022" StatementEstRows="1" StatementOptmLevel="TRIVIAL" QueryHash="0xA5B346E638FDA7F0" QueryPlanHash="0xDC97418551255445">
                                        <StatementSetOptions QUOTED_IDENTIFIER="false" ARITHABORT="false" CONCAT_NULL_YIELDS_NULL="true" ANSI_NULLS="true" ANSI_PADDING="true" ANSI_WARNINGS="true" NUMERIC_ROUNDABORT="false" />
                                        <QueryPlan NonParallelPlanReason="MaxDOPSetToOne" CachedPlanSize="16" CompileTime="0" CompileCPU="0" CompileMemory="88">
                                          <MemoryGrantInfo SerialRequiredMemory="0" SerialDesiredMemory="0" />
                                          <OptimizerHardwareDependentProperties EstimatedAvailableMemoryGrant="193313" EstimatedPagesCached="773254" EstimatedAvailableDegreeOfParallelism="1" />
                                          <RelOp NodeId="0" PhysicalOp="Table Insert" LogicalOp="Insert" EstimateRows="1" EstimateIO="0.01" EstimateCPU="1e-006" AvgRowSize="9" EstimatedTotalSubtreeCost="0.0100022" Parallel="0" EstimateRebinds="0" EstimateRewinds="0" EstimatedExecutionMode="Row">
                                            <OutputList />
                                            <ScalarInsert DMLRequestSort="0">
                                              <DefinedValues>
                                                <DefinedValue>
                                                  <ColumnReference Column="Expr1004" />
                                                  <ScalarOperator ScalarString="CONVERT_IMPLICIT(nvarchar(max),'INDEX_REBUILD_OFFLINE',0)">
                                                    <Convert DataType="nvarchar(max)" Length="2147483647" Style="0" Implicit="1">
                                                      <ScalarOperator>
                                                        <Const ConstValue="'INDEX_REBUILD_OFFLINE'" />
                                                      </ScalarOperator>
                                                    </Convert>
                                                  </ScalarOperator>
                                                </DefinedValue>
                                              </DefinedValues>
                                              <Object Table="[@CurrentActionsAllowed]" />
                                              <SetPredicate>
                                                <ScalarOperator ScalarString="[Action] = [Expr1004]">
                                                  <ScalarExpressionList>
                                                    <ScalarOperator>
                                                      <MultipleAssign>
                                                        <Assign>
                                                          <ColumnReference Column="Action" />
                                                          <ScalarOperator>
                                                            <Identifier>
                                                              <ColumnReference Column="Expr1004" />
                                                            </Identifier>
                                                          </ScalarOperator>
                                                        </Assign>
                                                      </MultipleAssign>
                                                    </ScalarOperator>
                                                  </ScalarExpressionList>
                                                </ScalarOperator>
                                              </SetPredicate>
                                            </ScalarInsert>
                                          </RelOp>
                                        </QueryPlan>
                                      </StmtSimple>
                                    </Statements>
                                  </Then>
                                </StmtCond>
                                <StmtCond StatementText=" END&#xD;&#xA;          IF @CurrentOnReadOnlyFileGroup = 0&#xD;&#xA;          AND @CurrentIsPartition = 0&#xD;&#xA;          AND ((@CurrentIndexType = 1 AND @CurrentIsImageText = 0 AND @CurrentIsNewLOB = 0)&#xD;&#xA;          OR (@CurrentIndexType = 2 AND @CurrentIsNewLOB = 0)&#xD;&#xA;          OR (@CurrentIndexType = 1 AND @CurrentIsImageText = 0 AND @CurrentIsFileStream = 0 AND @Version &gt;= 11)&#xD;&#xA;          OR (@CurrentIndexType = 2 AND @Version &gt;= 11))&#xD;&#xA;          AND (@CurrentIsColumnStore = 0 OR @Version &lt; 11)&#xD;&#xA;          AND SERVERPROPERTY('EngineEdition') = 3&#xD;&#xA;         " StatementId="356" StatementCompId="476" StatementType="COND" RetrievedFromCache="true">
                                  <Condition />
                                  <Then>
                                    <Statements>
                                      <StmtSimple StatementText=" BEGIN&#xD;&#xA;            INSERT INTO @CurrentActionsAllowed ([Action])&#xD;&#xA;            VALUES ('INDEX_REBUILD_ONLINE')&#xD;&#xA;         " StatementId="357" StatementCompId="477" StatementType="INSERT" RetrievedFromCache="true" StatementSubTreeCost="0.0100022" StatementEstRows="1" StatementOptmLevel="TRIVIAL" QueryHash="0xA5B346E638FDA7F0" QueryPlanHash="0xDC97418551255445">
                                        <StatementSetOptions QUOTED_IDENTIFIER="false" ARITHABORT="false" CONCAT_NULL_YIELDS_NULL="true" ANSI_NULLS="true" ANSI_PADDING="true" ANSI_WARNINGS="true" NUMERIC_ROUNDABORT="false" />
                                        <QueryPlan NonParallelPlanReason="MaxDOPSetToOne" CachedPlanSize="16" CompileTime="0" CompileCPU="0" CompileMemory="88">
                                          <MemoryGrantInfo SerialRequiredMemory="0" SerialDesiredMemory="0" />
                                          <OptimizerHardwareDependentProperties EstimatedAvailableMemoryGrant="193313" EstimatedPagesCached="773254" EstimatedAvailableDegreeOfParallelism="1" />
                                          <RelOp NodeId="0" PhysicalOp="Table Insert" LogicalOp="Insert" EstimateRows="1" EstimateIO="0.01" EstimateCPU="1e-006" AvgRowSize="9" EstimatedTotalSubtreeCost="0.0100022" Parallel="0" EstimateRebinds="0" EstimateRewinds="0" EstimatedExecutionMode="Row">
                                            <OutputList />
                                            <ScalarInsert DMLRequestSort="0">
                                              <DefinedValues>
                                                <DefinedValue>
                                                  <ColumnReference Column="Expr1004" />
                                                  <ScalarOperator ScalarString="CONVERT_IMPLICIT(nvarchar(max),'INDEX_REBUILD_ONLINE',0)">
                                                    <Convert DataType="nvarchar(max)" Length="2147483647" Style="0" Implicit="1">
                                                      <ScalarOperator>
                                                        <Const ConstValue="'INDEX_REBUILD_ONLINE'" />
                                                      </ScalarOperator>
                                                    </Convert>
                                                  </ScalarOperator>
                                                </DefinedValue>
                                              </DefinedValues>
                                              <Object Table="[@CurrentActionsAllowed]" />
                                              <SetPredicate>
                                                <ScalarOperator ScalarString="[Action] = [Expr1004]">
                                                  <ScalarExpressionList>
                                                    <ScalarOperator>
                                                      <MultipleAssign>
                                                        <Assign>
                                                          <ColumnReference Column="Action" />
                                                          <ScalarOperator>
                                                            <Identifier>
                                                              <ColumnReference Column="Expr1004" />
                                                            </Identifier>
                                                          </ScalarOperator>
                                                        </Assign>
                                                      </MultipleAssign>
                                                    </ScalarOperator>
                                                  </ScalarExpressionList>
                                                </ScalarOperator>
                                              </SetPredicate>
                                            </ScalarInsert>
                                          </RelOp>
                                        </QueryPlan>
                                      </StmtSimple>
                                    </Statements>
                                  </Then>
                                </StmtCond>
                              </Statements>
                            </Then>
                          </StmtCond>
                          <StmtCond StatementText=" END&#xD;&#xA;        END&#xD;&#xA;&#xD;&#xA;        -- Decide action&#xD;&#xA;        IF @CurrentIndexID IS NOT NULL&#xD;&#xA;        AND EXISTS(SELECT * FROM @ActionsPreferred)&#xD;&#xA;        AND (@CurrentPageCount &gt;= @PageCountLevel OR @PageCountLevel = 0)&#xD;&#xA;       " StatementId="358" StatementCompId="480" StatementType="COND WITH QUERY" RetrievedFromCache="true" StatementSubTreeCost="0.00328994" StatementEstRows="1" StatementOptmLevel="FULL" QueryHash="0x3E6000ECF85838B2" QueryPlanHash="0xFA9B1E63864FDD30" StatementOptmEarlyAbortReason="GoodEnoughPlanFound">
                            <StatementSetOptions QUOTED_IDENTIFIER="false" ARITHABORT="false" CONCAT_NULL_YIELDS_NULL="true" ANSI_NULLS="true" ANSI_PADDING="true" ANSI_WARNINGS="true" NUMERIC_ROUNDABORT="false" />
                            <Condition>
                              <QueryPlan NonParallelPlanReason="MaxDOPSetToOne" CachedPlanSize="16" CompileTime="1" CompileCPU="1" CompileMemory="184">
                                <MemoryGrantInfo SerialRequiredMemory="0" SerialDesiredMemory="0" />
                                <OptimizerHardwareDependentProperties EstimatedAvailableMemoryGrant="193313" EstimatedPagesCached="773254" EstimatedAvailableDegreeOfParallelism="1" />
                                <RelOp NodeId="0" PhysicalOp="Compute Scalar" LogicalOp="Compute Scalar" EstimateRows="1" EstimateIO="0" EstimateCPU="1e-007" AvgRowSize="11" EstimatedTotalSubtreeCost="0.00328994" Parallel="0" EstimateRebinds="0" EstimateRewinds="0" EstimatedExecutionMode="Row">
                                  <OutputList>
                                    <ColumnReference Column="Expr1005" />
                                  </OutputList>
                                  <ComputeScalar>
                                    <DefinedValues>
                                      <DefinedValue>
                                        <ColumnReference Column="Expr1005" />
                                        <ScalarOperator ScalarString="CASE WHEN [@CurrentIndexID] IS NOT NULL AND ([@CurrentPageCount]&gt;=CONVERT_IMPLICIT(bigint,[@PageCountLevel],0) OR [@PageCountLevel]=(0)) AND [Expr1006] THEN (1) ELSE (0) END">
                                          <IF>
                                            <Condition>
                                              <ScalarOperator>
                                                <Logical Operation="AND">
                                                  <ScalarOperator>
                                                    <Compare CompareOp="IS NOT">
                                                      <ScalarOperator>
                                                        <Identifier>
                                                          <ColumnReference Column="@CurrentIndexID" />
                                                        </Identifier>
                                                      </ScalarOperator>
                                                      <ScalarOperator>
                                                        <Const ConstValue="NULL" />
                                                      </ScalarOperator>
                                                    </Compare>
                                                  </ScalarOperator>
                                                  <ScalarOperator>
                                                    <Logical Operation="OR">
                                                      <ScalarOperator>
                                                        <Compare CompareOp="GE">
                                                          <ScalarOperator>
                                                            <Identifier>
                                                              <ColumnReference Column="@CurrentPageCount" />
                                                            </Identifier>
                                                          </ScalarOperator>
                                                          <ScalarOperator>
                                                            <Convert DataType="bigint" Style="0" Implicit="1">
                                                              <ScalarOperator>
                                                                <Identifier>
                                                                  <ColumnReference Column="@PageCountLevel" />
                                                                </Identifier>
                                                              </ScalarOperator>
                                                            </Convert>
                                                          </ScalarOperator>
                                                        </Compare>
                                                      </ScalarOperator>
                                                      <ScalarOperator>
                                                        <Compare CompareOp="EQ">
                                                          <ScalarOperator>
                                                            <Identifier>
                                                              <ColumnReference Column="@PageCountLevel" />
                                                            </Identifier>
                                                          </ScalarOperator>
                                                          <ScalarOperator>
                                                            <Const ConstValue="(0)" />
                                                          </ScalarOperator>
                                                        </Compare>
                                                      </ScalarOperator>
                                                    </Logical>
                                                  </ScalarOperator>
                                                  <ScalarOperator>
                                                    <Identifier>
                                                      <ColumnReference Column="Expr1006" />
                                                    </Identifier>
                                                  </ScalarOperator>
                                                </Logical>
                                              </ScalarOperator>
                                            </Condition>
                                            <Then>
                                              <ScalarOperator>
                                                <Const ConstValue="(1)" />
                                              </ScalarOperator>
                                            </Then>
                                            <Else>
                                              <ScalarOperator>
                                                <Const ConstValue="(0)" />
                                              </ScalarOperator>
                                            </Else>
                                          </IF>
                                        </ScalarOperator>
                                      </DefinedValue>
                                    </DefinedValues>
                                    <RelOp NodeId="1" PhysicalOp="Nested Loops" LogicalOp="Left Semi Join" EstimateRows="1" EstimateIO="0" EstimateCPU="4.18e-006" AvgRowSize="9" EstimatedTotalSubtreeCost="0.00328984" Parallel="0" EstimateRebinds="0" EstimateRewinds="0" EstimatedExecutionMode="Row">
                                      <OutputList>
                                        <ColumnReference Column="Expr1006" />
                                      </OutputList>
                                      <NestedLoops Optimized="0">
                                        <DefinedValues>
                                          <DefinedValue>
                                            <ColumnReference Column="Expr1006" />
                                          </DefinedValue>
                                        </DefinedValues>
                                        <PassThru>
                                          <ScalarOperator ScalarString="IsFalseOrNull [@CurrentIndexID] IS NOT NULL OR IsFalseOrNull [@CurrentPageCount]&gt;=CONVERT_IMPLICIT(bigint,[@PageCountLevel],0) OR [@PageCountLevel]=(0)">
                                            <Logical Operation="OR">
                                              <ScalarOperator>
                                                <Logical Operation="IsFalseOrNull">
                                                  <ScalarOperator>
                                                    <Compare CompareOp="IS NOT">
                                                      <ScalarOperator>
                                                        <Identifier>
                                                          <ColumnReference Column="@CurrentIndexID" />
                                                        </Identifier>
                                                      </ScalarOperator>
                                                      <ScalarOperator>
                                                        <Const ConstValue="NULL" />
                                                      </ScalarOperator>
                                                    </Compare>
                                                  </ScalarOperator>
                                                </Logical>
                                              </ScalarOperator>
                                              <ScalarOperator>
                                                <Logical Operation="IsFalseOrNull">
                                                  <ScalarOperator>
                                                    <Logical Operation="OR">
                                                      <ScalarOperator>
                                                        <Compare CompareOp="GE">
                                                          <ScalarOperator>
                                                            <Identifier>
                                                              <ColumnReference Column="@CurrentPageCount" />
                                                            </Identifier>
                                                          </ScalarOperator>
                                                          <ScalarOperator>
                                                            <Convert DataType="bigint" Style="0" Implicit="1">
                                                              <ScalarOperator>
                                                                <Identifier>
                                                                  <ColumnReference Column="@PageCountLevel" />
                                                                </Identifier>
                                                              </ScalarOperator>
                                                            </Convert>
                                                          </ScalarOperator>
                                                        </Compare>
                                                      </ScalarOperator>
                                                      <ScalarOperator>
                                                        <Compare CompareOp="EQ">
                                                          <ScalarOperator>
                                                            <Identifier>
                                                              <ColumnReference Column="@PageCountLevel" />
                                                            </Identifier>
                                                          </ScalarOperator>
                                                          <ScalarOperator>
                                                            <Const ConstValue="(0)" />
                                                          </ScalarOperator>
                                                        </Compare>
                                                      </ScalarOperator>
                                                    </Logical>
                                                  </ScalarOperator>
                                                </Logical>
                                              </ScalarOperator>
                                            </Logical>
                                          </ScalarOperator>
                                        </PassThru>
                                        <ProbeColumn>
                                          <ColumnReference Column="Expr1006" />
                                        </ProbeColumn>
                                        <RelOp NodeId="2" PhysicalOp="Constant Scan" LogicalOp="Constant Scan" EstimateRows="1" EstimateIO="0" EstimateCPU="1.157e-006" AvgRowSize="9" EstimatedTotalSubtreeCost="1.157e-006" Parallel="0" EstimateRebinds="0" EstimateRewinds="0" EstimatedExecutionMode="Row">
                                          <OutputList />
                                          <ConstantScan />
                                        </RelOp>
                                        <RelOp NodeId="3" PhysicalOp="Table Scan" LogicalOp="Table Scan" EstimateRows="1" EstimateIO="0.003125" EstimateCPU="0.0001625" AvgRowSize="9" EstimatedTotalSubtreeCost="0.0032831" TableCardinality="5" Parallel="0" EstimateRebinds="0" EstimateRewinds="0" EstimatedExecutionMode="Row">
                                          <OutputList />
                                          <TableScan Ordered="0" ForcedIndex="0" ForceScan="0" NoExpandHint="0">
                                            <DefinedValues />
                                            <Object Table="[@ActionsPreferred]" />
                                          </TableScan>
                                        </RelOp>
                                      </NestedLoops>
                                    </RelOp>
                                  </ComputeScalar>
                                </RelOp>
                                <ParameterList>
                                  <ColumnReference Column="@PageCountLevel" ParameterCompiledValue="(10)" />
                                </ParameterList>
                              </QueryPlan>
                            </Condition>
                            <Then>
                              <Statements>
                                <StmtCond StatementText=" BEGIN&#xD;&#xA;          IF EXISTS(SELECT [Priority], [Action], COUNT(*) FROM @ActionsPreferred GROUP BY [Priority], [Action] HAVING COUNT(*) &lt;&gt; 3)&#xD;&#xA;         " StatementId="359" StatementCompId="481" StatementType="COND WITH QUERY" RetrievedFromCache="true" StatementSubTreeCost="0.0146779" StatementEstRows="1" StatementOptmLevel="FULL" QueryHash="0x972384742B37A5C3" QueryPlanHash="0xAE7818973DE2C49F" StatementOptmEarlyAbortReason="GoodEnoughPlanFound">
                                  <StatementSetOptions QUOTED_IDENTIFIER="false" ARITHABORT="false" CONCAT_NULL_YIELDS_NULL="true" ANSI_NULLS="true" ANSI_PADDING="true" ANSI_WARNINGS="true" NUMERIC_ROUNDABORT="false" />
                                  <Condition>
                                    <QueryPlan NonParallelPlanReason="MaxDOPSetToOne" CachedPlanSize="24" CompileTime="2" CompileCPU="2" CompileMemory="224">
                                      <MemoryGrantInfo SerialRequiredMemory="512" SerialDesiredMemory="576" />
                                      <OptimizerHardwareDependentProperties EstimatedAvailableMemoryGrant="193313" EstimatedPagesCached="773254" EstimatedAvailableDegreeOfParallelism="1" />
                                      <RelOp NodeId="0" PhysicalOp="Compute Scalar" LogicalOp="Compute Scalar" EstimateRows="1" EstimateIO="0" EstimateCPU="1e-007" AvgRowSize="11" EstimatedTotalSubtreeCost="0.0146779" Parallel="0" EstimateRebinds="0" EstimateRewinds="0" EstimatedExecutionMode="Row">
                                        <OutputList>
                                          <ColumnReference Column="Expr1005" />
                                        </OutputList>
                                        <ComputeScalar>
                                          <DefinedValues>
                                            <DefinedValue>
                                              <ColumnReference Column="Expr1005" />
                                              <ScalarOperator ScalarString="CASE WHEN [Expr1006] THEN (1) ELSE (0) END">
                                                <IF>
                                                  <Condition>
                                                    <ScalarOperator>
                                                      <Identifier>
                                                        <ColumnReference Column="Expr1006" />
                                                      </Identifier>
                                                    </ScalarOperator>
                                                  </Condition>
                                                  <Then>
                                                    <ScalarOperator>
                                                      <Const ConstValue="(1)" />
                                                    </ScalarOperator>
                                                  </Then>
                                                  <Else>
                                                    <ScalarOperator>
                                                      <Const ConstValue="(0)" />
                                                    </ScalarOperator>
                                                  </Else>
                                                </IF>
                                              </ScalarOperator>
                                            </DefinedValue>
                                          </DefinedValues>
                                          <RelOp NodeId="1" PhysicalOp="Nested Loops" LogicalOp="Left Semi Join" EstimateRows="1" EstimateIO="0" EstimateCPU="4.18e-006" AvgRowSize="9" EstimatedTotalSubtreeCost="0.0146778" Parallel="0" EstimateRebinds="0" EstimateRewinds="0" EstimatedExecutionMode="Row">
                                            <OutputList>
                                              <ColumnReference Column="Expr1006" />
                                            </OutputList>
                                            <NestedLoops Optimized="0">
                                              <DefinedValues>
                                                <DefinedValue>
                                                  <ColumnReference Column="Expr1006" />
                                                </DefinedValue>
                                              </DefinedValues>
                                              <ProbeColumn>
                                                <ColumnReference Column="Expr1006" />
                                              </ProbeColumn>
                                              <RelOp NodeId="2" PhysicalOp="Constant Scan" LogicalOp="Constant Scan" EstimateRows="1" EstimateIO="0" EstimateCPU="1.157e-006" AvgRowSize="9" EstimatedTotalSubtreeCost="1.157e-006" Parallel="0" EstimateRebinds="0" EstimateRewinds="0" EstimatedExecutionMode="Row">
                                                <OutputList />
                                                <ConstantScan />
                                              </RelOp>
                                              <RelOp NodeId="3" PhysicalOp="Filter" LogicalOp="Filter" EstimateRows="1" EstimateIO="0" EstimateCPU="2.4e-006" AvgRowSize="9" EstimatedTotalSubtreeCost="0.0146725" Parallel="0" EstimateRebinds="0" EstimateRewinds="0" EstimatedExecutionMode="Row">
                                                <OutputList />
                                                <Filter StartupExpression="0">
                                                  <RelOp NodeId="4" PhysicalOp="Compute Scalar" LogicalOp="Compute Scalar" EstimateRows="1" EstimateIO="0" EstimateCPU="5.5e-006" AvgRowSize="11" EstimatedTotalSubtreeCost="0.014672" Parallel="0" EstimateRebinds="0" EstimateRewinds="0" EstimatedExecutionMode="Row">
                                                    <OutputList>
                                                      <ColumnReference Column="Expr1004" />
                                                    </OutputList>
                                                    <ComputeScalar>
                                                      <DefinedValues>
                                                        <DefinedValue>
                                                          <ColumnReference Column="Expr1004" />
                                                          <ScalarOperator ScalarString="CONVERT_IMPLICIT(int,[Expr1011],0)">
                                                            <Convert DataType="int" Style="0" Implicit="1">
                                                              <ScalarOperator>
                                                                <Identifier>
                                                                  <ColumnReference Column="Expr1011" />
                                                                </Identifier>
                                                              </ScalarOperator>
                                                            </Convert>
                                                          </ScalarOperator>
                                                        </DefinedValue>
                                                      </DefinedValues>
                                                      <RelOp NodeId="5" PhysicalOp="Stream Aggregate" LogicalOp="Aggregate" EstimateRows="1" EstimateIO="0" EstimateCPU="5.5e-006" AvgRowSize="11" EstimatedTotalSubtreeCost="0.014672" Parallel="0" EstimateRebinds="0" EstimateRewinds="0" EstimatedExecutionMode="Row">
                                                        <OutputList>
                                                          <ColumnReference Column="Expr1011" />
                                                        </OutputList>
                                                        <StreamAggregate>
                                                          <DefinedValues>
                                                            <DefinedValue>
                                                              <ColumnReference Column="Expr1011" />
                                                              <ScalarOperator ScalarString="Count(*)">
                                                                <Aggregate AggType="countstar" Distinct="0" />
                                                              </ScalarOperator>
                                                            </DefinedValue>
                                                          </DefinedValues>
                                                          <GroupBy>
                                                            <ColumnReference Column="Action" />
                                                            <ColumnReference Column="Priority" />
                                                          </GroupBy>
                                                          <RelOp NodeId="6" PhysicalOp="Sort" LogicalOp="Sort" EstimateRows="1" EstimateIO="0.0112613" EstimateCPU="0.00012215" AvgRowSize="4039" EstimatedTotalSubtreeCost="0.0146709" Parallel="0" EstimateRebinds="0" EstimateRewinds="0" EstimatedExecutionMode="Row">
                                                            <OutputList>
                                                              <ColumnReference Column="Priority" />
                                                              <ColumnReference Column="Action" />
                                                            </OutputList>
                                                            <MemoryFractions Input="1" Output="1" />
                                                            <Sort Distinct="0">
                                                              <OrderBy>
                                                                <OrderByColumn Ascending="1">
                                                                  <ColumnReference Column="Action" />
                                                                </OrderByColumn>
                                                                <OrderByColumn Ascending="1">
                                                                  <ColumnReference Column="Priority" />
                                                                </OrderByColumn>
                                                              </OrderBy>
                                                              <RelOp NodeId="7" PhysicalOp="Table Scan" LogicalOp="Table Scan" EstimateRows="5" EstimateIO="0.003125" EstimateCPU="0.0001625" AvgRowSize="4039" EstimatedTotalSubtreeCost="0.0032875" TableCardinality="5" Parallel="0" EstimateRebinds="0" EstimateRewinds="0" EstimatedExecutionMode="Row">
                                                                <OutputList>
                                                                  <ColumnReference Column="Priority" />
                                                                  <ColumnReference Column="Action" />
                                                                </OutputList>
                                                                <TableScan Ordered="0" ForcedIndex="0" ForceScan="0" NoExpandHint="0">
                                                                  <DefinedValues>
                                                                    <DefinedValue>
                                                                      <ColumnReference Column="Priority" />
                                                                    </DefinedValue>
                                                                    <DefinedValue>
                                                                      <ColumnReference Column="Action" />
                                                                    </DefinedValue>
                                                                  </DefinedValues>
                                                                  <Object Table="[@ActionsPreferred]" />
                                                                </TableScan>
                                                              </RelOp>
                                                            </Sort>
                                                          </RelOp>
                                                        </StreamAggregate>
                                                      </RelOp>
                                                    </ComputeScalar>
                                                  </RelOp>
                                                  <Predicate>
                                                    <ScalarOperator ScalarString="[Expr1004]&lt;&gt;(3)">
                                                      <Compare CompareOp="NE">
                                                        <ScalarOperator>
                                                          <Identifier>
                                                            <ColumnReference Column="Expr1004" />
                                                          </Identifier>
                                                        </ScalarOperator>
                                                        <ScalarOperator>
                                                          <Const ConstValue="(3)" />
                                                        </ScalarOperator>
                                                      </Compare>
                                                    </ScalarOperator>
                                                  </Predicate>
                                                </Filter>
                                              </RelOp>
                                            </NestedLoops>
                                          </RelOp>
                                        </ComputeScalar>
                                      </RelOp>
                                    </QueryPlan>
                                  </Condition>
                                  <Then>
                                    <Statements>
                                      <StmtSimple StatementText=" BEGIN&#xD;&#xA;            SELECT @CurrentAction = [Action]&#xD;&#xA;            FROM @ActionsPreferred&#xD;&#xA;            WHERE FragmentationGroup = @CurrentFragmentationGroup&#xD;&#xA;            AND [Priority] = (SELECT MIN([Priority])&#xD;&#xA;                              FROM @ActionsPreferred&#xD;&#xA;                              WHERE FragmentationGroup = @CurrentFragmentationGroup&#xD;&#xA;                              AND [Action] IN (SELECT [Action] FROM @CurrentActionsAllowed))&#xD;&#xA;         " StatementId="360" StatementCompId="482" StatementType="SELECT" RetrievedFromCache="true" StatementSubTreeCost="0.0101111" StatementEstRows="2.4727" StatementOptmLevel="FULL" QueryHash="0x3FCE06C27CFA4693" QueryPlanHash="0xA84155AA6F313C59" StatementOptmEarlyAbortReason="GoodEnoughPlanFound">
                                        <StatementSetOptions QUOTED_IDENTIFIER="false" ARITHABORT="false" CONCAT_NULL_YIELDS_NULL="true" ANSI_NULLS="true" ANSI_PADDING="true" ANSI_WARNINGS="true" NUMERIC_ROUNDABORT="false" />
                                        <QueryPlan NonParallelPlanReason="MaxDOPSetToOne" CachedPlanSize="24" CompileTime="7" CompileCPU="7" CompileMemory="344">
                                          <MemoryGrantInfo SerialRequiredMemory="0" SerialDesiredMemory="0" />
                                          <OptimizerHardwareDependentProperties EstimatedAvailableMemoryGrant="193313" EstimatedPagesCached="773254" EstimatedAvailableDegreeOfParallelism="1" />
                                          <RelOp NodeId="0" PhysicalOp="Nested Loops" LogicalOp="Inner Join" EstimateRows="2.4727" EstimateIO="0" EstimateCPU="1.39767e-005" AvgRowSize="4035" EstimatedTotalSubtreeCost="0.0101111" Parallel="0" EstimateRebinds="0" EstimateRewinds="0" EstimatedExecutionMode="Row">
                                            <OutputList>
                                              <ColumnReference Column="Action" />
                                            </OutputList>
                                            <NestedLoops Optimized="0">
                                              <Predicate>
                                                <ScalarOperator ScalarString="[Expr1012]=[Priority]">
                                                  <Compare CompareOp="EQ">
                                                    <ScalarOperator>
                                                      <Identifier>
                                                        <ColumnReference Column="Expr1012" />
                                                      </Identifier>
                                                    </ScalarOperator>
                                                    <ScalarOperator>
                                                      <Identifier>
                                                        <ColumnReference Column="Priority" />
                                                      </Identifier>
                                                    </ScalarOperator>
                                                  </Compare>
                                                </ScalarOperator>
                                              </Predicate>
                                              <RelOp NodeId="1" PhysicalOp="Stream Aggregate" LogicalOp="Aggregate" EstimateRows="1" EstimateIO="0" EstimateCPU="1.1e-006" AvgRowSize="11" EstimatedTotalSubtreeCost="0.00680623" Parallel="0" EstimateRebinds="0" EstimateRewinds="0" EstimatedExecutionMode="Row">
                                                <OutputList>
                                                  <ColumnReference Column="Expr1012" />
                                                </OutputList>
                                                <StreamAggregate>
                                                  <DefinedValues>
                                                    <DefinedValue>
                                                      <ColumnReference Column="Expr1012" />
                                                      <ScalarOperator ScalarString="MIN([Priority])">
                                                        <Aggregate Distinct="0" AggType="MIN">
                                                          <ScalarOperator>
                                                            <Identifier>
                                                              <ColumnReference Column="Priority" />
                                                            </Identifier>
                                                          </ScalarOperator>
                                                        </Aggregate>
                                                      </ScalarOperator>
                                                    </DefinedValue>
                                                  </DefinedValues>
                                                  <RelOp NodeId="2" PhysicalOp="Nested Loops" LogicalOp="Left Semi Join" EstimateRows="1" EstimateIO="0" EstimateCPU="3.566e-005" AvgRowSize="11" EstimatedTotalSubtreeCost="0.00680513" Parallel="0" EstimateRebinds="0" EstimateRewinds="0" EstimatedExecutionMode="Row">
                                                    <OutputList>
                                                      <ColumnReference Column="Priority" />
                                                    </OutputList>
                                                    <NestedLoops Optimized="0">
                                                      <Predicate>
                                                        <ScalarOperator ScalarString="[Action]=[Action]">
                                                          <Compare CompareOp="EQ">
                                                            <ScalarOperator>
                                                              <Identifier>
                                                                <ColumnReference Column="Action" />
                                                              </Identifier>
                                                            </ScalarOperator>
                                                            <ScalarOperator>
                                                              <Identifier>
                                                                <ColumnReference Column="Action" />
                                                              </Identifier>
                                                            </ScalarOperator>
                                                          </Compare>
                                                        </ScalarOperator>
                                                      </Predicate>
                                                      <RelOp NodeId="3" PhysicalOp="Filter" LogicalOp="Filter" EstimateRows="3.3437" EstimateIO="0" EstimateCPU="2.4e-006" AvgRowSize="4047" EstimatedTotalSubtreeCost="0.0032899" Parallel="0" EstimateRebinds="0" EstimateRewinds="0" EstimatedExecutionMode="Row">
                                                        <OutputList>
                                                          <ColumnReference Column="Priority" />
                                                          <ColumnReference Column="Action" />
                                                        </OutputList>
                                                        <Filter StartupExpression="0">
                                                          <RelOp NodeId="4" PhysicalOp="Table Scan" LogicalOp="Table Scan" EstimateRows="5" EstimateIO="0.003125" EstimateCPU="0.0001625" AvgRowSize="8073" EstimatedTotalSubtreeCost="0.0032875" TableCardinality="5" Parallel="0" EstimateRebinds="0" EstimateRewinds="0" EstimatedExecutionMode="Row">
                                                            <OutputList>
                                                              <ColumnReference Column="FragmentationGroup" />
                                                              <ColumnReference Column="Priority" />
                                                              <ColumnReference Column="Action" />
                                                            </OutputList>
                                                            <TableScan Ordered="0" ForcedIndex="0" ForceScan="0" NoExpandHint="0">
                                                              <DefinedValues>
                                                                <DefinedValue>
                                                                  <ColumnReference Column="FragmentationGroup" />
                                                                </DefinedValue>
                                                                <DefinedValue>
                                                                  <ColumnReference Column="Priority" />
                                                                </DefinedValue>
                                                                <DefinedValue>
                                                                  <ColumnReference Column="Action" />
                                                                </DefinedValue>
                                                              </DefinedValues>
                                                              <Object Table="[@ActionsPreferred]" TableReferenceId="2" />
                                                            </TableScan>
                                                          </RelOp>
                                                          <Predicate>
                                                            <ScalarOperator ScalarString="[FragmentationGroup]=[@CurrentFragmentationGroup]">
                                                              <Compare CompareOp="EQ">
                                                                <ScalarOperator>
                                                                  <Identifier>
                                                                    <ColumnReference Column="FragmentationGroup" />
                                                                  </Identifier>
                                                                </ScalarOperator>
                                                                <ScalarOperator>
                                                                  <Identifier>
                                                                    <ColumnReference Column="@CurrentFragmentationGroup" />
                                                                  </Identifier>
                                                                </ScalarOperator>
                                                              </Compare>
                                                            </ScalarOperator>
                                                          </Predicate>
                                                        </Filter>
                                                      </RelOp>
                                                      <RelOp NodeId="6" PhysicalOp="Table Scan" LogicalOp="Table Scan" EstimateRows="3" EstimateIO="0.0032035" EstimateCPU="8.18e-005" AvgRowSize="4035" EstimatedTotalSubtreeCost="0.00347701" TableCardinality="3" Parallel="0" EstimateRebinds="0" EstimateRewinds="2.3437" EstimatedExecutionMode="Row">
                                                        <OutputList>
                                                          <ColumnReference Column="Action" />
                                                        </OutputList>
                                                        <TableScan Ordered="0" ForcedIndex="0" ForceScan="0" NoExpandHint="0">
                                                          <DefinedValues>
                                                            <DefinedValue>
                                                              <ColumnReference Column="Action" />
                                                            </DefinedValue>
                                                          </DefinedValues>
                                                          <Object Table="[@CurrentActionsAllowed]" />
                                                        </TableScan>
                                                      </RelOp>
                                                    </NestedLoops>
                                                  </RelOp>
                                                </StreamAggregate>
                                              </RelOp>
                                              <RelOp NodeId="11" PhysicalOp="Filter" LogicalOp="Filter" EstimateRows="3.3437" EstimateIO="0" EstimateCPU="2.4e-006" AvgRowSize="4039" EstimatedTotalSubtreeCost="0.0032899" Parallel="0" EstimateRebinds="0" EstimateRewinds="0" EstimatedExecutionMode="Row">
                                                <OutputList>
                                                  <ColumnReference Column="Priority" />
                                                  <ColumnReference Column="Action" />
                                                </OutputList>
                                                <Filter StartupExpression="0">
                                                  <RelOp NodeId="12" PhysicalOp="Table Scan" LogicalOp="Table Scan" EstimateRows="5" EstimateIO="0.003125" EstimateCPU="0.0001625" AvgRowSize="8065" EstimatedTotalSubtreeCost="0.0032875" TableCardinality="5" Parallel="0" EstimateRebinds="0" EstimateRewinds="0" EstimatedExecutionMode="Row">
                                                    <OutputList>
                                                      <ColumnReference Column="FragmentationGroup" />
                                                      <ColumnReference Column="Priority" />
                                                      <ColumnReference Column="Action" />
                                                    </OutputList>
                                                    <TableScan Ordered="0" ForcedIndex="0" ForceScan="0" NoExpandHint="0">
                                                      <DefinedValues>
                                                        <DefinedValue>
                                                          <ColumnReference Column="FragmentationGroup" />
                                                        </DefinedValue>
                                                        <DefinedValue>
                                                          <ColumnReference Column="Priority" />
                                                        </DefinedValue>
                                                        <DefinedValue>
                                                          <ColumnReference Column="Action" />
                                                        </DefinedValue>
                                                      </DefinedValues>
                                                      <Object Table="[@ActionsPreferred]" TableReferenceId="1" />
                                                    </TableScan>
                                                  </RelOp>
                                                  <Predicate>
                                                    <ScalarOperator ScalarString="[FragmentationGroup]=[@CurrentFragmentationGroup]">
                                                      <Compare CompareOp="EQ">
                                                        <ScalarOperator>
                                                          <Identifier>
                                                            <ColumnReference Column="FragmentationGroup" />
                                                          </Identifier>
                                                        </ScalarOperator>
                                                        <ScalarOperator>
                                                          <Identifier>
                                                            <ColumnReference Column="@CurrentFragmentationGroup" />
                                                          </Identifier>
                                                        </ScalarOperator>
                                                      </Compare>
                                                    </ScalarOperator>
                                                  </Predicate>
                                                </Filter>
                                              </RelOp>
                                            </NestedLoops>
                                          </RelOp>
                                        </QueryPlan>
                                      </StmtSimple>
                                    </Statements>
                                  </Then>
                                  <Else>
                                    <Statements>
                                      <StmtSimple StatementText=" END&#xD;&#xA;          ELSE&#xD;&#xA;          BEGIN&#xD;&#xA;            SELECT @CurrentAction = [Action]&#xD;&#xA;            FROM @ActionsPreferred&#xD;&#xA;            WHERE [Priority] = (SELECT MIN([Priority])&#xD;&#xA;                                FROM @ActionsPreferred&#xD;&#xA;                                WHERE [Action] IN (SELECT [Action] FROM @CurrentActionsAllowed))&#xD;&#xA;         " StatementId="361" StatementCompId="485" StatementType="SELECT" RetrievedFromCache="true" StatementSubTreeCost="0.00985936" StatementEstRows="1" StatementOptmLevel="FULL" QueryHash="0x116C25C4FAC8F22F" QueryPlanHash="0x85EF9800EB15927C" StatementOptmEarlyAbortReason="GoodEnoughPlanFound">
                                        <StatementSetOptions QUOTED_IDENTIFIER="false" ARITHABORT="false" CONCAT_NULL_YIELDS_NULL="true" ANSI_NULLS="true" ANSI_PADDING="true" ANSI_WARNINGS="true" NUMERIC_ROUNDABORT="false" />
                                        <QueryPlan NonParallelPlanReason="MaxDOPSetToOne" CachedPlanSize="24" CompileTime="7" CompileCPU="7" CompileMemory="3976">
                                          <MemoryGrantInfo SerialRequiredMemory="0" SerialDesiredMemory="0" />
                                          <OptimizerHardwareDependentProperties EstimatedAvailableMemoryGrant="193313" EstimatedPagesCached="773254" EstimatedAvailableDegreeOfParallelism="1" />
                                          <RelOp NodeId="0" PhysicalOp="Nested Loops" LogicalOp="Inner Join" EstimateRows="1" EstimateIO="0" EstimateCPU="4.18e-006" AvgRowSize="4035" EstimatedTotalSubtreeCost="0.00985936" Parallel="0" EstimateRebinds="0" EstimateRewinds="0" EstimatedExecutionMode="Row">
                                            <OutputList>
                                              <ColumnReference Column="Action" />
                                            </OutputList>
                                            <NestedLoops Optimized="0">
                                              <Predicate>
                                                <ScalarOperator ScalarString="[Expr1012]=[Priority]">
                                                  <Compare CompareOp="EQ">
                                                    <ScalarOperator>
                                                      <Identifier>
                                                        <ColumnReference Column="Expr1012" />
                                                      </Identifier>
                                                    </ScalarOperator>
                                                    <ScalarOperator>
                                                      <Identifier>
                                                        <ColumnReference Column="Priority" />
                                                      </Identifier>
                                                    </ScalarOperator>
                                                  </Compare>
                                                </ScalarOperator>
                                              </Predicate>
                                              <RelOp NodeId="1" PhysicalOp="Stream Aggregate" LogicalOp="Aggregate" EstimateRows="1" EstimateIO="0" EstimateCPU="1.1e-006" AvgRowSize="11" EstimatedTotalSubtreeCost="0.00657178" Parallel="0" EstimateRebinds="0" EstimateRewinds="0" EstimatedExecutionMode="Row">
                                                <OutputList>
                                                  <ColumnReference Column="Expr1012" />
                                                </OutputList>
                                                <StreamAggregate>
                                                  <DefinedValues>
                                                    <DefinedValue>
                                                      <ColumnReference Column="Expr1012" />
                                                      <ScalarOperator ScalarString="MIN([Priority])">
                                                        <Aggregate Distinct="0" AggType="MIN">
                                                          <ScalarOperator>
                                                            <Identifier>
                                                              <ColumnReference Column="Priority" />
                                                            </Identifier>
                                                          </ScalarOperator>
                                                        </Aggregate>
                                                      </ScalarOperator>
                                                    </DefinedValue>
                                                  </DefinedValues>
                                                  <RelOp NodeId="2" PhysicalOp="Nested Loops" LogicalOp="Left Semi Join" EstimateRows="1" EstimateIO="0" EstimateCPU="4.18e-006" AvgRowSize="11" EstimatedTotalSubtreeCost="0.00657068" Parallel="0" EstimateRebinds="0" EstimateRewinds="0" EstimatedExecutionMode="Row">
                                                    <OutputList>
                                                      <ColumnReference Column="Priority" />
                                                    </OutputList>
                                                    <NestedLoops Optimized="0">
                                                      <Predicate>
                                                        <ScalarOperator ScalarString="[Action]=[Action]">
                                                          <Compare CompareOp="EQ">
                                                            <ScalarOperator>
                                                              <Identifier>
                                                                <ColumnReference Column="Action" />
                                                              </Identifier>
                                                            </ScalarOperator>
                                                            <ScalarOperator>
                                                              <Identifier>
                                                                <ColumnReference Column="Action" />
                                                              </Identifier>
                                                            </ScalarOperator>
                                                          </Compare>
                                                        </ScalarOperator>
                                                      </Predicate>
                                                      <RelOp NodeId="3" PhysicalOp="Table Scan" LogicalOp="Table Scan" EstimateRows="1" EstimateIO="0.003125" EstimateCPU="0.0001581" AvgRowSize="4047" EstimatedTotalSubtreeCost="0.0032831" TableCardinality="0" Parallel="0" EstimateRebinds="0" EstimateRewinds="0" EstimatedExecutionMode="Row">
                                                        <OutputList>
                                                          <ColumnReference Column="Priority" />
                                                          <ColumnReference Column="Action" />
                                                        </OutputList>
                                                        <TableScan Ordered="0" ForcedIndex="0" ForceScan="0" NoExpandHint="0">
                                                          <DefinedValues>
                                                            <DefinedValue>
                                                              <ColumnReference Column="Priority" />
                                                            </DefinedValue>
                                                            <DefinedValue>
                                                              <ColumnReference Column="Action" />
                                                            </DefinedValue>
                                                          </DefinedValues>
                                                          <Object Table="[@ActionsPreferred]" TableReferenceId="2" />
                                                        </TableScan>
                                                      </RelOp>
                                                      <RelOp NodeId="4" PhysicalOp="Table Scan" LogicalOp="Table Scan" EstimateRows="1" EstimateIO="0.003125" EstimateCPU="0.0001581" AvgRowSize="4035" EstimatedTotalSubtreeCost="0.0032831" TableCardinality="0" Parallel="0" EstimateRebinds="0" EstimateRewinds="0" EstimatedExecutionMode="Row">
                                                        <OutputList>
                                                          <ColumnReference Column="Action" />
                                                        </OutputList>
                                                        <TableScan Ordered="0" ForcedIndex="0" ForceScan="0" NoExpandHint="0">
                                                          <DefinedValues>
                                                            <DefinedValue>
                                                              <ColumnReference Column="Action" />
                                                            </DefinedValue>
                                                          </DefinedValues>
                                                          <Object Table="[@CurrentActionsAllowed]" />
                                                        </TableScan>
                                                      </RelOp>
                                                    </NestedLoops>
                                                  </RelOp>
                                                </StreamAggregate>
                                              </RelOp>
                                              <RelOp NodeId="9" PhysicalOp="Table Scan" LogicalOp="Table Scan" EstimateRows="1" EstimateIO="0.003125" EstimateCPU="0.0001581" AvgRowSize="4039" EstimatedTotalSubtreeCost="0.0032831" TableCardinality="0" Parallel="0" EstimateRebinds="0" EstimateRewinds="0" EstimatedExecutionMode="Row">
                                                <OutputList>
                                                  <ColumnReference Column="Priority" />
                                                  <ColumnReference Column="Action" />
                                                </OutputList>
                                                <TableScan Ordered="0" ForcedIndex="0" ForceScan="0" NoExpandHint="0">
                                                  <DefinedValues>
                                                    <DefinedValue>
                                                      <ColumnReference Column="Priority" />
                                                    </DefinedValue>
                                                    <DefinedValue>
                                                      <ColumnReference Column="Action" />
                                                    </DefinedValue>
                                                  </DefinedValues>
                                                  <Object Table="[@ActionsPreferred]" TableReferenceId="1" />
                                                </TableScan>
                                              </RelOp>
                                            </NestedLoops>
                                          </RelOp>
                                        </QueryPlan>
                                      </StmtSimple>
                                    </Statements>
                                  </Else>
                                </StmtCond>
                              </Statements>
                            </Then>
                          </StmtCond>
                          <StmtCond StatementText=" END&#xD;&#xA;        END&#xD;&#xA;&#xD;&#xA;        -- Workaround for a bug in SQL Server 2005, SQL Server 2008 and SQL Server 2008 R2, http://support.microsoft.com/kb/2292737&#xD;&#xA;        IF @CurrentIndexID IS NOT NULL&#xD;&#xA;       " StatementId="362" StatementCompId="488" StatementType="COND" RetrievedFromCache="true">
                            <Condition />
                            <Then>
                              <Statements>
                                <StmtSimple StatementText=" BEGIN&#xD;&#xA;          SET @CurrentMaxDOP = @MaxDOP&#xD;&#xA;         " StatementId="363" StatementCompId="489" StatementType="ASSIGN" RetrievedFromCache="true" />
                                <StmtCond StatementText=" IF @Version &lt; 11 AND @CurrentAction = 'INDEX_REBUILD_ONLINE' AND @CurrentAllowPageLocks = 0&#xD;&#xA;         " StatementId="364" StatementCompId="490" StatementType="COND" RetrievedFromCache="true">
                                  <Condition />
                                  <Then>
                                    <Statements>
                                      <StmtSimple StatementText=" BEGIN&#xD;&#xA;            SET @CurrentMaxDOP = 1&#xD;&#xA;         " StatementId="365" StatementCompId="491" StatementType="ASSIGN" RetrievedFromCache="true" />
                                    </Statements>
                                  </Then>
                                </StmtCond>
                              </Statements>
                            </Then>
                          </StmtCond>
                          <StmtCond StatementText=" END&#xD;&#xA;        END&#xD;&#xA;&#xD;&#xA;        -- Update statistics?&#xD;&#xA;        IF @CurrentStatisticsID IS NOT NULL&#xD;&#xA;        AND (@UpdateStatistics = 'ALL' OR (@UpdateStatistics = 'INDEX' AND @CurrentIndexID IS NOT NULL) OR (@UpdateStatistics = 'COLUMNS' AND @CurrentIndexID IS NULL))&#xD;&#xA;        AND (@CurrentStatisticsModified = 1 OR @OnlyModifiedStatistics = 'N')&#xD;&#xA;        AND ((@CurrentIsPartition = 0 AND (@CurrentAction NOT IN('INDEX_REBUILD_ONLINE','INDEX_REBUILD_OFFLINE') OR @CurrentAction IS NULL)) OR (@CurrentIsPartition = 1 AND @CurrentPartitionNumber = @CurrentPartitionCount))&#xD;&#xA;       " StatementId="366" StatementCompId="494" StatementType="COND" RetrievedFromCache="true">
                            <Condition />
                            <Then>
                              <Statements>
                                <StmtSimple StatementText=" BEGIN&#xD;&#xA;          SET @CurrentUpdateStatistics = 'Y'&#xD;&#xA;       " StatementId="367" StatementCompId="495" StatementType="ASSIGN" RetrievedFromCache="true" />
                              </Statements>
                            </Then>
                            <Else>
                              <Statements>
                                <StmtSimple StatementText=" END&#xD;&#xA;        ELSE&#xD;&#xA;        BEGIN&#xD;&#xA;          SET @CurrentUpdateStatistics = 'N'&#xD;&#xA;       " StatementId="368" StatementCompId="498" StatementType="ASSIGN" RetrievedFromCache="true" />
                              </Statements>
                            </Else>
                          </StmtCond>
                          <StmtCond StatementText=" END&#xD;&#xA;&#xD;&#xA;        -- Create comment&#xD;&#xA;        IF @CurrentIndexID IS NOT NULL&#xD;&#xA;       " StatementId="369" StatementCompId="500" StatementType="COND" RetrievedFromCache="true">
                            <Condition />
                            <Then>
                              <Statements>
                                <StmtSimple StatementText=" BEGIN&#xD;&#xA;          SET @CurrentComment = 'ObjectType: ' + CASE WHEN @CurrentObjectType = 'U' THEN 'Table' WHEN @CurrentObjectType = 'V' THEN 'View' ELSE 'N/A' END + ', '&#xD;&#xA;         " StatementId="370" StatementCompId="501" StatementType="ASSIGN" RetrievedFromCache="true" />
                                <StmtSimple StatementText=" SET @CurrentComment = @CurrentComment + 'IndexType: ' + CASE WHEN @CurrentIndexType = 1 THEN 'Clustered' WHEN @CurrentIndexType = 2 THEN 'NonClustered' WHEN @CurrentIndexType = 3 THEN 'XML' WHEN @CurrentIndexType = 4 THEN 'Spatial' ELSE 'N/A' END + ', '&#xD;&#xA;         " StatementId="371" StatementCompId="502" StatementType="ASSIGN" RetrievedFromCache="true" />
                                <StmtSimple StatementText=" SET @CurrentComment = @CurrentComment + 'ImageText: ' + CASE WHEN @CurrentIsImageText = 1 THEN 'Yes' WHEN @CurrentIsImageText = 0 THEN 'No' ELSE 'N/A' END + ', '&#xD;&#xA;         " StatementId="372" StatementCompId="503" StatementType="ASSIGN" RetrievedFromCache="true" />
                                <StmtSimple StatementText=" SET @CurrentComment = @CurrentComment + 'NewLOB: ' + CASE WHEN @CurrentIsNewLOB = 1 THEN 'Yes' WHEN @CurrentIsNewLOB = 0 THEN 'No' ELSE 'N/A' END + ', '&#xD;&#xA;         " StatementId="373" StatementCompId="504" StatementType="ASSIGN" RetrievedFromCache="true" />
                                <StmtSimple StatementText=" SET @CurrentComment = @CurrentComment + 'FileStream: ' + CASE WHEN @CurrentIsFileStream = 1 THEN 'Yes' WHEN @CurrentIsFileStream = 0 THEN 'No' ELSE 'N/A' END + ', '&#xD;&#xA;         " StatementId="374" StatementCompId="505" StatementType="ASSIGN" RetrievedFromCache="true" />
                                <StmtCond StatementText=" IF @Version &gt;= 11" StatementId="375" StatementCompId="506" StatementType="COND" RetrievedFromCache="true">
                                  <Condition />
                                  <Then>
                                    <Statements>
                                      <StmtSimple StatementText=" SET @CurrentComment = @CurrentComment + 'ColumnStore: ' + CASE WHEN @CurrentIsColumnStore = 1 THEN 'Yes' WHEN @CurrentIsColumnStore = 0 THEN 'No' ELSE 'N/A' END + ', '&#xD;&#xA;         " StatementId="376" StatementCompId="507" StatementType="ASSIGN" RetrievedFromCache="true" />
                                    </Statements>
                                  </Then>
                                </StmtCond>
                                <StmtSimple StatementText=" SET @CurrentComment = @CurrentComment + 'AllowPageLocks: ' + CASE WHEN @CurrentAllowPageLocks = 1 THEN 'Yes' WHEN @CurrentAllowPageLocks = 0 THEN 'No' ELSE 'N/A' END + ', '&#xD;&#xA;         " StatementId="377" StatementCompId="509" StatementType="ASSIGN" RetrievedFromCache="true" />
                                <StmtSimple StatementText=" SET @CurrentComment = @CurrentComment + 'PageCount: ' + ISNULL(CAST(@CurrentPageCount AS nvarchar),'N/A') + ', '&#xD;&#xA;         " StatementId="378" StatementCompId="510" StatementType="ASSIGN" RetrievedFromCache="true" />
                                <StmtSimple StatementText=" SET @CurrentComment = @CurrentComment + 'Fragmentation: ' + ISNULL(CAST(@CurrentFragmentationLevel AS nvarchar),'N/A')&#xD;&#xA;       " StatementId="379" StatementCompId="511" StatementType="ASSIGN" RetrievedFromCache="true" />
                              </Statements>
                            </Then>
                          </StmtCond>
                          <StmtCond StatementText=" END&#xD;&#xA;&#xD;&#xA;        IF @CurrentIndexID IS NOT NULL AND (@CurrentPageCount IS NOT NULL OR @CurrentFragmentationLevel IS NOT NULL)&#xD;&#xA;       " StatementId="380" StatementCompId="513" StatementType="COND" RetrievedFromCache="true">
                            <Condition />
                            <Then>
                              <Statements>
                                <StmtSimple StatementText=" BEGIN&#xD;&#xA;        SET @CurrentExtendedInfo = (SELECT *&#xD;&#xA;                                    FROM (SELECT CAST(@CurrentPageCount AS nvarchar) AS [PageCount],&#xD;&#xA;                                                 CAST(@CurrentFragmentationLevel AS nvarchar) AS Fragmentation&#xD;&#xA;                                    ) ExtendedInfo FOR XML AUTO, ELEMENTS)&#xD;&#xA;       " StatementId="381" StatementCompId="514" StatementType="SELECT" RetrievedFromCache="true" StatementSubTreeCost="2.257e-006" StatementEstRows="1" StatementOptmLevel="FULL" QueryHash="0x82C78B60DE2BE07A" QueryPlanHash="0xF14F76171EBCAB41" StatementOptmEarlyAbortReason="GoodEnoughPlanFound">
                                  <StatementSetOptions QUOTED_IDENTIFIER="false" ARITHABORT="false" CONCAT_NULL_YIELDS_NULL="true" ANSI_NULLS="true" ANSI_PADDING="true" ANSI_WARNINGS="true" NUMERIC_ROUNDABORT="false" />
                                  <QueryPlan NonParallelPlanReason="MaxDOPSetToOne" CachedPlanSize="16" CompileTime="0" CompileCPU="0" CompileMemory="152">
                                    <MemoryGrantInfo SerialRequiredMemory="0" SerialDesiredMemory="0" />
                                    <OptimizerHardwareDependentProperties EstimatedAvailableMemoryGrant="193313" EstimatedPagesCached="773254" EstimatedAvailableDegreeOfParallelism="1" />
                                    <RelOp NodeId="0" PhysicalOp="Compute Scalar" LogicalOp="Compute Scalar" EstimateRows="1" EstimateIO="0" EstimateCPU="1e-007" AvgRowSize="4035" EstimatedTotalSubtreeCost="2.257e-006" Parallel="0" EstimateRebinds="0" EstimateRewinds="0" EstimatedExecutionMode="Row">
                                      <OutputList>
                                        <ColumnReference Column="Expr1004" />
                                      </OutputList>
                                      <ComputeScalar>
                                        <DefinedValues>
                                          <DefinedValue>
                                            <ColumnReference Column="Expr1004" />
                                            <ScalarOperator ScalarString="CONVERT_IMPLICIT(xml,[Expr1002],0)">
                                              <Convert DataType="xml" Style="0" Implicit="1">
                                                <ScalarOperator>
                                                  <Identifier>
                                                    <ColumnReference Column="Expr1002" />
                                                  </Identifier>
                                                </ScalarOperator>
                                              </Convert>
                                            </ScalarOperator>
                                          </DefinedValue>
                                        </DefinedValues>
                                        <RelOp NodeId="1" PhysicalOp="UDX" LogicalOp="UDX" EstimateRows="1" EstimateIO="0" EstimateCPU="1e-006" AvgRowSize="4035" EstimatedTotalSubtreeCost="2.157e-006" Parallel="0" EstimateRebinds="0" EstimateRewinds="0" EstimatedExecutionMode="Row">
                                          <OutputList>
                                            <ColumnReference Column="Expr1002" />
                                          </OutputList>
                                          <Extension UDXName="FOR XML">
                                            <DefinedValues>
                                              <DefinedValue>
                                                <ColumnReference Column="Expr1002" />
                                              </DefinedValue>
                                            </DefinedValues>
                                            <UsedUDXColumns>
                                              <ColumnReference Column="Expr1000" />
                                              <ColumnReference Column="Expr1001" />
                                            </UsedUDXColumns>
                                            <RelOp NodeId="2" PhysicalOp="Constant Scan" LogicalOp="Constant Scan" EstimateRows="1" EstimateIO="0" EstimateCPU="1.157e-006" AvgRowSize="73" EstimatedTotalSubtreeCost="1.157e-006" Parallel="0" EstimateRebinds="0" EstimateRewinds="0" EstimatedExecutionMode="Row">
                                              <OutputList>
                                                <ColumnReference Column="Expr1000" />
                                                <ColumnReference Column="Expr1001" />
                                              </OutputList>
                                              <ConstantScan>
                                                <Values>
                                                  <Row>
                                                    <ScalarOperator ScalarString="CONVERT(nvarchar(30),[@CurrentPageCount],0)">
                                                      <Convert DataType="nvarchar" Length="60" Style="0" Implicit="0">
                                                        <ScalarOperator>
                                                          <Identifier>
                                                            <ColumnReference Column="@CurrentPageCount" />
                                                          </Identifier>
                                                        </ScalarOperator>
                                                      </Convert>
                                                    </ScalarOperator>
                                                    <ScalarOperator ScalarString="CONVERT(nvarchar(30),[@CurrentFragmentationLevel],0)">
                                                      <Convert DataType="nvarchar" Length="60" Style="0" Implicit="0">
                                                        <ScalarOperator>
                                                          <Identifier>
                                                            <ColumnReference Column="@CurrentFragmentationLevel" />
                                                          </Identifier>
                                                        </ScalarOperator>
                                                      </Convert>
                                                    </ScalarOperator>
                                                  </Row>
                                                </Values>
                                              </ConstantScan>
                                            </RelOp>
                                          </Extension>
                                        </RelOp>
                                      </ComputeScalar>
                                    </RelOp>
                                  </QueryPlan>
                                </StmtSimple>
                              </Statements>
                            </Then>
                          </StmtCond>
                          <StmtCond StatementText=" END&#xD;&#xA;&#xD;&#xA;        IF @CurrentIndexID IS NOT NULL AND @CurrentAction IS NOT NULL AND (GETDATE() &lt; DATEADD(ss,@TimeLimit,@StartTime) OR @TimeLimit IS NULL)&#xD;&#xA;       " StatementId="382" StatementCompId="516" StatementType="COND" RetrievedFromCache="true">
                            <Condition />
                            <Then>
                              <Statements>
                                <StmtSimple StatementText=" BEGIN&#xD;&#xA;          SET @CurrentCommandType12 = 'ALTER_INDEX'&#xD;&#xA;&#xD;&#xA;         " StatementId="383" StatementCompId="517" StatementType="ASSIGN" RetrievedFromCache="true" />
                                <StmtSimple StatementText=" SET @CurrentCommand12 = 'ALTER INDEX ' + QUOTENAME(@CurrentIndexName) + ' ON ' + QUOTENAME(@CurrentDatabaseName) + '.' + QUOTENAME(@CurrentSchemaName) + '.' + QUOTENAME(@CurrentObjectName)&#xD;&#xA;&#xD;&#xA;         " StatementId="384" StatementCompId="518" StatementType="ASSIGN" RetrievedFromCache="true" />
                                <StmtCond StatementText=" IF @CurrentAction IN('INDEX_REBUILD_ONLINE','INDEX_REBUILD_OFFLINE')&#xD;&#xA;         " StatementId="385" StatementCompId="519" StatementType="COND" RetrievedFromCache="true">
                                  <Condition />
                                  <Then>
                                    <Statements>
                                      <StmtSimple StatementText=" BEGIN&#xD;&#xA;            SET @CurrentCommand12 = @CurrentCommand12 + ' REBUILD'&#xD;&#xA;           " StatementId="386" StatementCompId="520" StatementType="ASSIGN" RetrievedFromCache="true" />
                                      <StmtCond StatementText=" IF @CurrentIsPartition = 1" StatementId="387" StatementCompId="521" StatementType="COND" RetrievedFromCache="true">
                                        <Condition />
                                        <Then>
                                          <Statements>
                                            <StmtSimple StatementText=" SET @CurrentCommand12 = @CurrentCommand12 + ' PARTITION = ' + CAST(@CurrentPartitionNumber AS nvarchar)&#xD;&#xA;           " StatementId="388" StatementCompId="522" StatementType="ASSIGN" RetrievedFromCache="true" />
                                          </Statements>
                                        </Then>
                                      </StmtCond>
                                      <StmtSimple StatementText=" SET @CurrentCommand12 = @CurrentCommand12 + ' WITH ('&#xD;&#xA;           " StatementId="389" StatementCompId="524" StatementType="ASSIGN" RetrievedFromCache="true" />
                                      <StmtCond StatementText=" IF @SortInTempdb = 'Y'" StatementId="390" StatementCompId="525" StatementType="COND" RetrievedFromCache="true">
                                        <Condition />
                                        <Then>
                                          <Statements>
                                            <StmtSimple StatementText=" SET @CurrentCommand12 = @CurrentCommand12 + 'SORT_IN_TEMPDB = ON'&#xD;&#xA;           " StatementId="391" StatementCompId="526" StatementType="ASSIGN" RetrievedFromCache="true" />
                                          </Statements>
                                        </Then>
                                      </StmtCond>
                                      <StmtCond StatementText=" IF @SortInTempdb = 'N'" StatementId="392" StatementCompId="528" StatementType="COND" RetrievedFromCache="true">
                                        <Condition />
                                        <Then>
                                          <Statements>
                                            <StmtSimple StatementText=" SET @CurrentCommand12 = @CurrentCommand12 + 'SORT_IN_TEMPDB = OFF'&#xD;&#xA;           " StatementId="393" StatementCompId="529" StatementType="ASSIGN" RetrievedFromCache="true" />
                                          </Statements>
                                        </Then>
                                      </StmtCond>
                                      <StmtCond StatementText=" IF @CurrentAction = 'INDEX_REBUILD_ONLINE' AND @CurrentIsPartition = 0" StatementId="394" StatementCompId="531" StatementType="COND" RetrievedFromCache="true">
                                        <Condition />
                                        <Then>
                                          <Statements>
                                            <StmtSimple StatementText=" SET @CurrentCommand12 = @CurrentCommand12 + ', ONLINE = ON'&#xD;&#xA;           " StatementId="395" StatementCompId="532" StatementType="ASSIGN" RetrievedFromCache="true" />
                                          </Statements>
                                        </Then>
                                      </StmtCond>
                                      <StmtCond StatementText=" IF @CurrentAction = 'INDEX_REBUILD_OFFLINE' AND @CurrentIsPartition = 0" StatementId="396" StatementCompId="534" StatementType="COND" RetrievedFromCache="true">
                                        <Condition />
                                        <Then>
                                          <Statements>
                                            <StmtSimple StatementText=" SET @CurrentCommand12 = @CurrentCommand12 + ', ONLINE = OFF'&#xD;&#xA;           " StatementId="397" StatementCompId="535" StatementType="ASSIGN" RetrievedFromCache="true" />
                                          </Statements>
                                        </Then>
                                      </StmtCond>
                                      <StmtCond StatementText=" IF @CurrentMaxDOP IS NOT NULL" StatementId="398" StatementCompId="537" StatementType="COND" RetrievedFromCache="true">
                                        <Condition />
                                        <Then>
                                          <Statements>
                                            <StmtSimple StatementText=" SET @CurrentCommand12 = @CurrentCommand12 + ', MAXDOP = ' + CAST(@CurrentMaxDOP AS nvarchar)&#xD;&#xA;           " StatementId="399" StatementCompId="538" StatementType="ASSIGN" RetrievedFromCache="true" />
                                          </Statements>
                                        </Then>
                                      </StmtCond>
                                      <StmtCond StatementText=" IF @FillFactor IS NOT NULL AND @CurrentIsPartition = 0" StatementId="400" StatementCompId="540" StatementType="COND" RetrievedFromCache="true">
                                        <Condition />
                                        <Then>
                                          <Statements>
                                            <StmtSimple StatementText=" SET @CurrentCommand12 = @CurrentCommand12 + ', FILLFACTOR = ' + CAST(@FillFactor AS nvarchar)&#xD;&#xA;           " StatementId="401" StatementCompId="541" StatementType="ASSIGN" RetrievedFromCache="true" />
                                          </Statements>
                                        </Then>
                                      </StmtCond>
                                      <StmtCond StatementText=" IF @PadIndex = 'Y' AND @CurrentIsPartition = 0" StatementId="402" StatementCompId="543" StatementType="COND" RetrievedFromCache="true">
                                        <Condition />
                                        <Then>
                                          <Statements>
                                            <StmtSimple StatementText=" SET @CurrentCommand12 = @CurrentCommand12 + ', PAD_INDEX = ON'&#xD;&#xA;           " StatementId="403" StatementCompId="544" StatementType="ASSIGN" RetrievedFromCache="true" />
                                          </Statements>
                                        </Then>
                                      </StmtCond>
                                      <StmtCond StatementText=" IF @PadIndex = 'N' AND @CurrentIsPartition = 0" StatementId="404" StatementCompId="546" StatementType="COND" RetrievedFromCache="true">
                                        <Condition />
                                        <Then>
                                          <Statements>
                                            <StmtSimple StatementText=" SET @CurrentCommand12 = @CurrentCommand12 + ', PAD_INDEX = OFF'&#xD;&#xA;           " StatementId="405" StatementCompId="547" StatementType="ASSIGN" RetrievedFromCache="true" />
                                          </Statements>
                                        </Then>
                                      </StmtCond>
                                      <StmtSimple StatementText=" SET @CurrentCommand12 = @CurrentCommand12 + ')'&#xD;&#xA;         " StatementId="406" StatementCompId="549" StatementType="ASSIGN" RetrievedFromCache="true" />
                                    </Statements>
                                  </Then>
                                </StmtCond>
                                <StmtCond StatementText=" END&#xD;&#xA;&#xD;&#xA;          IF @CurrentAction IN('INDEX_REORGANIZE')&#xD;&#xA;         " StatementId="407" StatementCompId="551" StatementType="COND" RetrievedFromCache="true">
                                  <Condition />
                                  <Then>
                                    <Statements>
                                      <StmtSimple StatementText=" BEGIN&#xD;&#xA;            SET @CurrentCommand12 = @CurrentCommand12 + ' REORGANIZE'&#xD;&#xA;           " StatementId="408" StatementCompId="552" StatementType="ASSIGN" RetrievedFromCache="true" />
                                      <StmtCond StatementText=" IF @CurrentIsPartition = 1" StatementId="409" StatementCompId="553" StatementType="COND" RetrievedFromCache="true">
                                        <Condition />
                                        <Then>
                                          <Statements>
                                            <StmtSimple StatementText=" SET @CurrentCommand12 = @CurrentCommand12 + ' PARTITION = ' + CAST(@CurrentPartitionNumber AS nvarchar)&#xD;&#xA;           " StatementId="410" StatementCompId="554" StatementType="ASSIGN" RetrievedFromCache="true" />
                                          </Statements>
                                        </Then>
                                      </StmtCond>
                                      <StmtSimple StatementText=" SET @CurrentCommand12 = @CurrentCommand12 + ' WITH ('&#xD;&#xA;           " StatementId="411" StatementCompId="556" StatementType="ASSIGN" RetrievedFromCache="true" />
                                      <StmtCond StatementText=" IF @LOBCompaction = 'Y'" StatementId="412" StatementCompId="557" StatementType="COND" RetrievedFromCache="true">
                                        <Condition />
                                        <Then>
                                          <Statements>
                                            <StmtSimple StatementText=" SET @CurrentCommand12 = @CurrentCommand12 + 'LOB_COMPACTION = ON'&#xD;&#xA;           " StatementId="413" StatementCompId="558" StatementType="ASSIGN" RetrievedFromCache="true" />
                                          </Statements>
                                        </Then>
                                      </StmtCond>
                                      <StmtCond StatementText=" IF @LOBCompaction = 'N'" StatementId="414" StatementCompId="560" StatementType="COND" RetrievedFromCache="true">
                                        <Condition />
                                        <Then>
                                          <Statements>
                                            <StmtSimple StatementText=" SET @CurrentCommand12 = @CurrentCommand12 + 'LOB_COMPACTION = OFF'&#xD;&#xA;           " StatementId="415" StatementCompId="561" StatementType="ASSIGN" RetrievedFromCache="true" />
                                          </Statements>
                                        </Then>
                                      </StmtCond>
                                      <StmtSimple StatementText=" SET @CurrentCommand12 = @CurrentCommand12 + ')'&#xD;&#xA;         " StatementId="416" StatementCompId="563" StatementType="ASSIGN" RetrievedFromCache="true" />
                                    </Statements>
                                  </Then>
                                </StmtCond>
                                <StmtSimple StatementText=" END&#xD;&#xA;&#xD;&#xA;          EXECUTE @CurrentCommandOutput12 = [dbo].[CommandExecute] @Command = @CurrentCommand12, @CommandType = @CurrentCommandType12, @Mode = 2, @Comment = @CurrentComment, @DatabaseName = @CurrentDatabaseName, @SchemaName = @CurrentSchemaName, @ObjectName = @CurrentObjectName, @ObjectType = @CurrentObjectType, @IndexName = @CurrentIndexName, @IndexType = @CurrentIndexType, @PartitionNumber = @CurrentPartitionNumber, @ExtendedInfo = @CurrentExtendedInfo, @LogToTable = @LogToTable, @Execute = @Execute&#xD;&#xA;         " StatementId="417" StatementCompId="565" StatementType="EXECUTE PROC" RetrievedFromCache="true" />
                                <StmtSimple StatementText=" SET @Error = @@ERROR&#xD;&#xA;         " StatementId="418" StatementCompId="566" StatementType="ASSIGN" RetrievedFromCache="true" />
                                <StmtCond StatementText=" IF @Error &lt;&gt; 0" StatementId="419" StatementCompId="567" StatementType="COND" RetrievedFromCache="true">
                                  <Condition />
                                  <Then>
                                    <Statements>
                                      <StmtSimple StatementText=" SET @CurrentCommandOutput12 = @Error&#xD;&#xA;         " StatementId="420" StatementCompId="568" StatementType="ASSIGN" RetrievedFromCache="true" />
                                    </Statements>
                                  </Then>
                                </StmtCond>
                                <StmtCond StatementText=" IF @CurrentCommandOutput12 &lt;&gt; 0" StatementId="421" StatementCompId="570" StatementType="COND" RetrievedFromCache="true">
                                  <Condition />
                                  <Then>
                                    <Statements>
                                      <StmtSimple StatementText=" SET @ReturnCode = @CurrentCommandOutput12&#xD;&#xA;&#xD;&#xA;         " StatementId="422" StatementCompId="571" StatementType="ASSIGN" RetrievedFromCache="true" />
                                    </Statements>
                                  </Then>
                                </StmtCond>
                                <StmtCond StatementText=" IF @Delay &gt; 0&#xD;&#xA;         " StatementId="423" StatementCompId="573" StatementType="COND" RetrievedFromCache="true">
                                  <Condition />
                                  <Then>
                                    <Statements>
                                      <StmtSimple StatementText=" BEGIN&#xD;&#xA;            SET @CurrentDelay = DATEADD(ss,@Delay,'1900-01-01')&#xD;&#xA;           " StatementId="424" StatementCompId="574" StatementType="ASSIGN" RetrievedFromCache="true" />
                                      <StmtSimple StatementText=" WAITFOR DELAY @CurrentDelay&#xD;&#xA;         " StatementId="425" StatementCompId="575" StatementType="WAITFOR" RetrievedFromCache="true" />
                                    </Statements>
                                  </Then>
                                </StmtCond>
                              </Statements>
                            </Then>
                          </StmtCond>
                          <StmtCond StatementText=" END&#xD;&#xA;        END&#xD;&#xA;&#xD;&#xA;        IF @CurrentStatisticsID IS NOT NULL AND @CurrentUpdateStatistics = 'Y' AND (GETDATE() &lt; DATEADD(ss,@TimeLimit,@StartTime) OR @TimeLimit IS NULL)&#xD;&#xA;       " StatementId="426" StatementCompId="578" StatementType="COND" RetrievedFromCache="true">
                            <Condition />
                            <Then>
                              <Statements>
                                <StmtSimple StatementText=" BEGIN&#xD;&#xA;          SET @CurrentCommandType13 = 'UPDATE_STATISTICS'&#xD;&#xA;&#xD;&#xA;         " StatementId="427" StatementCompId="579" StatementType="ASSIGN" RetrievedFromCache="true" />
                                <StmtSimple StatementText=" SET @CurrentCommand13 = 'UPDATE STATISTICS ' + QUOTENAME(@CurrentDatabaseName) + '.' + QUOTENAME(@CurrentSchemaName) + '.' + QUOTENAME(@CurrentObjectName) + ' ' + QUOTENAME(@CurrentStatisticsName)&#xD;&#xA;         " StatementId="428" StatementCompId="580" StatementType="ASSIGN" RetrievedFromCache="true" />
                                <StmtCond StatementText=" IF @StatisticsSample IS NOT NULL OR @StatisticsResample = 'Y' OR @CurrentNoRecompute = 1" StatementId="429" StatementCompId="581" StatementType="COND" RetrievedFromCache="true">
                                  <Condition />
                                  <Then>
                                    <Statements>
                                      <StmtSimple StatementText=" SET @CurrentCommand13 = @CurrentCommand13 + ' WITH'&#xD;&#xA;         " StatementId="430" StatementCompId="582" StatementType="ASSIGN" RetrievedFromCache="true" />
                                    </Statements>
                                  </Then>
                                </StmtCond>
                                <StmtCond StatementText=" IF @StatisticsSample = 100" StatementId="431" StatementCompId="584" StatementType="COND" RetrievedFromCache="true">
                                  <Condition />
                                  <Then>
                                    <Statements>
                                      <StmtSimple StatementText=" SET @CurrentCommand13 = @CurrentCommand13 + ' FULLSCAN'&#xD;&#xA;         " StatementId="432" StatementCompId="585" StatementType="ASSIGN" RetrievedFromCache="true" />
                                    </Statements>
                                  </Then>
                                </StmtCond>
                                <StmtCond StatementText=" IF @StatisticsSample IS NOT NULL AND @StatisticsSample &lt;&gt; 100" StatementId="433" StatementCompId="587" StatementType="COND" RetrievedFromCache="true">
                                  <Condition />
                                  <Then>
                                    <Statements>
                                      <StmtSimple StatementText=" SET @CurrentCommand13 = @CurrentCommand13 + ' SAMPLE ' + CAST(@StatisticsSample AS nvarchar) + ' PERCENT'&#xD;&#xA;         " StatementId="434" StatementCompId="588" StatementType="ASSIGN" RetrievedFromCache="true" />
                                    </Statements>
                                  </Then>
                                </StmtCond>
                                <StmtCond StatementText=" IF @StatisticsResample = 'Y'" StatementId="435" StatementCompId="590" StatementType="COND" RetrievedFromCache="true">
                                  <Condition />
                                  <Then>
                                    <Statements>
                                      <StmtSimple StatementText=" SET @CurrentCommand13 = @CurrentCommand13 + ' RESAMPLE'&#xD;&#xA;         " StatementId="436" StatementCompId="591" StatementType="ASSIGN" RetrievedFromCache="true" />
                                    </Statements>
                                  </Then>
                                </StmtCond>
                                <StmtCond StatementText=" IF (@StatisticsSample IS NOT NULL OR @StatisticsResample = 'Y') AND @CurrentNoRecompute = 1" StatementId="437" StatementCompId="593" StatementType="COND" RetrievedFromCache="true">
                                  <Condition />
                                  <Then>
                                    <Statements>
                                      <StmtSimple StatementText=" SET @CurrentCommand13 = @CurrentCommand13 + ','&#xD;&#xA;         " StatementId="438" StatementCompId="594" StatementType="ASSIGN" RetrievedFromCache="true" />
                                    </Statements>
                                  </Then>
                                </StmtCond>
                                <StmtCond StatementText=" IF @CurrentNoRecompute = 1" StatementId="439" StatementCompId="596" StatementType="COND" RetrievedFromCache="true">
                                  <Condition />
                                  <Then>
                                    <Statements>
                                      <StmtSimple StatementText=" SET @CurrentCommand13 = @CurrentCommand13 + ' NORECOMPUTE'&#xD;&#xA;&#xD;&#xA;         " StatementId="440" StatementCompId="597" StatementType="ASSIGN" RetrievedFromCache="true" />
                                    </Statements>
                                  </Then>
                                </StmtCond>
                                <StmtSimple StatementText=" EXECUTE @CurrentCommandOutput13 = [dbo].[CommandExecute] @Command = @CurrentCommand13, @CommandType = @CurrentCommandType13, @Mode = 2, @DatabaseName = @CurrentDatabaseName, @SchemaName = @CurrentSchemaName, @ObjectName = @CurrentObjectName, @ObjectType = @CurrentObjectType, @IndexName = @CurrentIndexName, @IndexType = @CurrentIndexType, @StatisticsName = @CurrentStatisticsName, @LogToTable = @LogToTable, @Execute = @Execute&#xD;&#xA;         " StatementId="441" StatementCompId="599" StatementType="EXECUTE PROC" RetrievedFromCache="true" />
                                <StmtSimple StatementText=" SET @Error = @@ERROR&#xD;&#xA;         " StatementId="442" StatementCompId="600" StatementType="ASSIGN" RetrievedFromCache="true" />
                                <StmtCond StatementText=" IF @Error &lt;&gt; 0" StatementId="443" StatementCompId="601" StatementType="COND" RetrievedFromCache="true">
                                  <Condition />
                                  <Then>
                                    <Statements>
                                      <StmtSimple StatementText=" SET @CurrentCommandOutput13 = @Error&#xD;&#xA;         " StatementId="444" StatementCompId="602" StatementType="ASSIGN" RetrievedFromCache="true" />
                                    </Statements>
                                  </Then>
                                </StmtCond>
                                <StmtCond StatementText=" IF @CurrentCommandOutput13 &lt;&gt; 0" StatementId="445" StatementCompId="604" StatementType="COND" RetrievedFromCache="true">
                                  <Condition />
                                  <Then>
                                    <Statements>
                                      <StmtSimple StatementText=" SET @ReturnCode = @CurrentCommandOutput13&#xD;&#xA;       " StatementId="446" StatementCompId="605" StatementType="ASSIGN" RetrievedFromCache="true" />
                                    </Statements>
                                  </Then>
                                </StmtCond>
                              </Statements>
                            </Then>
                          </StmtCond>
                          <StmtSimple StatementText=" END&#xD;&#xA;&#xD;&#xA;        NoAction:&#xD;&#xA;&#xD;&#xA;        -- Update that the index is completed&#xD;&#xA;        UPDATE @tmpIndexesStatistics&#xD;&#xA;        SET Completed = 1&#xD;&#xA;        WHERE Selected = 1&#xD;&#xA;        AND Completed = 0&#xD;&#xA;        AND ID = @CurrentIxID&#xD;&#xA;&#xD;&#xA;        -- Clear variables&#xD;&#xA;       " StatementId="447" StatementCompId="609" StatementType="UPDATE" RetrievedFromCache="true" StatementSubTreeCost="0.0132843" StatementEstRows="1" StatementOptmLevel="TRIVIAL" QueryHash="0x55EE09EFF31C71B" QueryPlanHash="0xF692343C880F0626">
                            <StatementSetOptions QUOTED_IDENTIFIER="false" ARITHABORT="false" CONCAT_NULL_YIELDS_NULL="true" ANSI_NULLS="true" ANSI_PADDING="true" ANSI_WARNINGS="true" NUMERIC_ROUNDABORT="false" />
                            <QueryPlan NonParallelPlanReason="MaxDOPSetToOne" CachedPlanSize="16" CompileTime="1" CompileCPU="1" CompileMemory="232">
                              <MemoryGrantInfo SerialRequiredMemory="0" SerialDesiredMemory="0" />
                              <OptimizerHardwareDependentProperties EstimatedAvailableMemoryGrant="193313" EstimatedPagesCached="773254" EstimatedAvailableDegreeOfParallelism="1" />
                              <RelOp NodeId="0" PhysicalOp="Clustered Index Update" LogicalOp="Update" EstimateRows="1" EstimateIO="0.01" EstimateCPU="1e-006" AvgRowSize="9" EstimatedTotalSubtreeCost="0.0132843" Parallel="0" EstimateRebinds="0" EstimateRewinds="0" EstimatedExecutionMode="Row">
                                <OutputList />
                                <SimpleUpdate DMLRequestSort="0">
                                  <DefinedValues>
                                    <DefinedValue>
                                      <ColumnReference Column="Expr1003" />
                                      <ScalarOperator ScalarString="(1)">
                                        <Const ConstValue="(1)" />
                                      </ScalarOperator>
                                    </DefinedValue>
                                  </DefinedValues>
                                  <Object Table="[@tmpIndexesStatistics]" Index="[PK__#B6DF63E__0861D20E8259BF05]" />
                                  <SeekPredicateNew>
                                    <SeekKeys>
                                      <Prefix ScanType="EQ">
                                        <RangeColumns>
                                          <ColumnReference Column="Selected" />
                                          <ColumnReference Column="Completed" />
                                          <ColumnReference Column="ID" />
                                        </RangeColumns>
                                        <RangeExpressions>
                                          <ScalarOperator ScalarString="(1)">
                                            <Const ConstValue="(1)" />
                                          </ScalarOperator>
                                          <ScalarOperator ScalarString="(0)">
                                            <Const ConstValue="(0)" />
                                          </ScalarOperator>
                                          <ScalarOperator ScalarString="[@CurrentIxID]">
                                            <Identifier>
                                              <ColumnReference Column="@CurrentIxID" />
                                            </Identifier>
                                          </ScalarOperator>
                                        </RangeExpressions>
                                      </Prefix>
                                    </SeekKeys>
                                  </SeekPredicateNew>
                                  <SetPredicate>
                                    <ScalarOperator ScalarString="[Completed] = [Expr1003]">
                                      <ScalarExpressionList>
                                        <ScalarOperator>
                                          <MultipleAssign>
                                            <Assign>
                                              <ColumnReference Column="Completed" />
                                              <ScalarOperator>
                                                <Identifier>
                                                  <ColumnReference Column="Expr1003" />
                                                </Identifier>
                                              </ScalarOperator>
                                            </Assign>
                                          </MultipleAssign>
                                        </ScalarOperator>
                                      </ScalarExpressionList>
                                    </ScalarOperator>
                                  </SetPredicate>
                                </SimpleUpdate>
                              </RelOp>
                            </QueryPlan>
                          </StmtSimple>
                          <StmtSimple StatementText=" SET @CurrentCommand02 = NULL&#xD;&#xA;       " StatementId="448" StatementCompId="610" StatementType="ASSIGN" RetrievedFromCache="true" />
                          <StmtSimple StatementText=" SET @CurrentCommand03 = NULL&#xD;&#xA;       " StatementId="449" StatementCompId="611" StatementType="ASSIGN" RetrievedFromCache="true" />
                          <StmtSimple StatementText=" SET @CurrentCommand04 = NULL&#xD;&#xA;       " StatementId="450" StatementCompId="612" StatementType="ASSIGN" RetrievedFromCache="true" />
                          <StmtSimple StatementText=" SET @CurrentCommand05 = NULL&#xD;&#xA;       " StatementId="451" StatementCompId="613" StatementType="ASSIGN" RetrievedFromCache="true" />
                          <StmtSimple StatementText=" SET @CurrentCommand06 = NULL&#xD;&#xA;       " StatementId="452" StatementCompId="614" StatementType="ASSIGN" RetrievedFromCache="true" />
                          <StmtSimple StatementText=" SET @CurrentCommand07 = NULL&#xD;&#xA;       " StatementId="453" StatementCompId="615" StatementType="ASSIGN" RetrievedFromCache="true" />
                          <StmtSimple StatementText=" SET @CurrentCommand08 = NULL&#xD;&#xA;       " StatementId="454" StatementCompId="616" StatementType="ASSIGN" RetrievedFromCache="true" />
                          <StmtSimple StatementText=" SET @CurrentCommand09 = NULL&#xD;&#xA;       " StatementId="455" StatementCompId="617" StatementType="ASSIGN" RetrievedFromCache="true" />
                          <StmtSimple StatementText=" SET @CurrentCommand10 = NULL&#xD;&#xA;       " StatementId="456" StatementCompId="618" StatementType="ASSIGN" RetrievedFromCache="true" />
                          <StmtSimple StatementText=" SET @CurrentCommand11 = NULL&#xD;&#xA;       " StatementId="457" StatementCompId="619" StatementType="ASSIGN" RetrievedFromCache="true" />
                          <StmtSimple StatementText=" SET @CurrentCommand12 = NULL&#xD;&#xA;       " StatementId="458" StatementCompId="620" StatementType="ASSIGN" RetrievedFromCache="true" />
                          <StmtSimple StatementText=" SET @CurrentCommand13 = NULL&#xD;&#xA;&#xD;&#xA;       " StatementId="459" StatementCompId="621" StatementType="ASSIGN" RetrievedFromCache="true" />
                          <StmtSimple StatementText=" SET @CurrentCommandOutput12 = NULL&#xD;&#xA;       " StatementId="460" StatementCompId="622" StatementType="ASSIGN" RetrievedFromCache="true" />
                          <StmtSimple StatementText=" SET @CurrentCommandOutput13 = NULL&#xD;&#xA;&#xD;&#xA;       " StatementId="461" StatementCompId="623" StatementType="ASSIGN" RetrievedFromCache="true" />
                          <StmtSimple StatementText=" SET @CurrentCommandType12 = NULL&#xD;&#xA;       " StatementId="462" StatementCompId="624" StatementType="ASSIGN" RetrievedFromCache="true" />
                          <StmtSimple StatementText=" SET @CurrentCommandType13 = NULL&#xD;&#xA;&#xD;&#xA;       " StatementId="463" StatementCompId="625" StatementType="ASSIGN" RetrievedFromCache="true" />
                          <StmtSimple StatementText=" SET @CurrentIxID = NULL&#xD;&#xA;       " StatementId="464" StatementCompId="626" StatementType="ASSIGN" RetrievedFromCache="true" />
                          <StmtSimple StatementText=" SET @CurrentSchemaID = NULL&#xD;&#xA;       " StatementId="465" StatementCompId="627" StatementType="ASSIGN" RetrievedFromCache="true" />
                          <StmtSimple StatementText=" SET @CurrentSchemaName = NULL&#xD;&#xA;       " StatementId="466" StatementCompId="628" StatementType="ASSIGN" RetrievedFromCache="true" />
                          <StmtSimple StatementText=" SET @CurrentObjectID = NULL&#xD;&#xA;       " StatementId="467" StatementCompId="629" StatementType="ASSIGN" RetrievedFromCache="true" />
                          <StmtSimple StatementText=" SET @CurrentObjectName = NULL&#xD;&#xA;       " StatementId="468" StatementCompId="630" StatementType="ASSIGN" RetrievedFromCache="true" />
                          <StmtSimple StatementText=" SET @CurrentObjectType = NULL&#xD;&#xA;       " StatementId="469" StatementCompId="631" StatementType="ASSIGN" RetrievedFromCache="true" />
                          <StmtSimple StatementText=" SET @CurrentIndexID = NULL&#xD;&#xA;       " StatementId="470" StatementCompId="632" StatementType="ASSIGN" RetrievedFromCache="true" />
                          <StmtSimple StatementText=" SET @CurrentIndexName = NULL&#xD;&#xA;       " StatementId="471" StatementCompId="633" StatementType="ASSIGN" RetrievedFromCache="true" />
                          <StmtSimple StatementText=" SET @CurrentIndexType = NULL&#xD;&#xA;       " StatementId="472" StatementCompId="634" StatementType="ASSIGN" RetrievedFromCache="true" />
                          <StmtSimple StatementText=" SET @CurrentStatisticsID = NULL&#xD;&#xA;       " StatementId="473" StatementCompId="635" StatementType="ASSIGN" RetrievedFromCache="true" />
                          <StmtSimple StatementText=" SET @CurrentStatisticsName = NULL&#xD;&#xA;       " StatementId="474" StatementCompId="636" StatementType="ASSIGN" RetrievedFromCache="true" />
                          <StmtSimple StatementText=" SET @CurrentPartitionID = NULL&#xD;&#xA;       " StatementId="475" StatementCompId="637" StatementType="ASSIGN" RetrievedFromCache="true" />
                          <StmtSimple StatementText=" SET @CurrentPartitionNumber = NULL&#xD;&#xA;       " StatementId="476" StatementCompId="638" StatementType="ASSIGN" RetrievedFromCache="true" />
                          <StmtSimple StatementText=" SET @CurrentPartitionCount = NULL&#xD;&#xA;       " StatementId="477" StatementCompId="639" StatementType="ASSIGN" RetrievedFromCache="true" />
                          <StmtSimple StatementText=" SET @CurrentIsPartition = NULL&#xD;&#xA;       " StatementId="478" StatementCompId="640" StatementType="ASSIGN" RetrievedFromCache="true" />
                          <StmtSimple StatementText=" SET @CurrentIndexExists = NULL&#xD;&#xA;       " StatementId="479" StatementCompId="641" StatementType="ASSIGN" RetrievedFromCache="true" />
                          <StmtSimple StatementText=" SET @CurrentStatisticsExists = NULL&#xD;&#xA;       " StatementId="480" StatementCompId="642" StatementType="ASSIGN" RetrievedFromCache="true" />
                          <StmtSimple StatementText=" SET @CurrentIsImageText = NULL&#xD;&#xA;       " StatementId="481" StatementCompId="643" StatementType="ASSIGN" RetrievedFromCache="true" />
                          <StmtSimple StatementText=" SET @CurrentIsNewLOB = NULL&#xD;&#xA;       " StatementId="482" StatementCompId="644" StatementType="ASSIGN" RetrievedFromCache="true" />
                          <StmtSimple StatementText=" SET @CurrentIsFileStream = NULL&#xD;&#xA;       " StatementId="483" StatementCompId="645" StatementType="ASSIGN" RetrievedFromCache="true" />
                          <StmtSimple StatementText=" SET @CurrentIsColumnStore = NULL&#xD;&#xA;       " StatementId="484" StatementCompId="646" StatementType="ASSIGN" RetrievedFromCache="true" />
                          <StmtSimple StatementText=" SET @CurrentAllowPageLocks = NULL&#xD;&#xA;       " StatementId="485" StatementCompId="647" StatementType="ASSIGN" RetrievedFromCache="true" />
                          <StmtSimple StatementText=" SET @CurrentNoRecompute = NULL&#xD;&#xA;       " StatementId="486" StatementCompId="648" StatementType="ASSIGN" RetrievedFromCache="true" />
                          <StmtSimple StatementText=" SET @CurrentStatisticsModified = NULL&#xD;&#xA;       " StatementId="487" StatementCompId="649" StatementType="ASSIGN" RetrievedFromCache="true" />
                          <StmtSimple StatementText=" SET @CurrentOnReadOnlyFileGroup = NULL&#xD;&#xA;       " StatementId="488" StatementCompId="650" StatementType="ASSIGN" RetrievedFromCache="true" />
                          <StmtSimple StatementText=" SET @CurrentFragmentationLevel = NULL&#xD;&#xA;       " StatementId="489" StatementCompId="651" StatementType="ASSIGN" RetrievedFromCache="true" />
                          <StmtSimple StatementText=" SET @CurrentPageCount = NULL&#xD;&#xA;       " StatementId="490" StatementCompId="652" StatementType="ASSIGN" RetrievedFromCache="true" />
                          <StmtSimple StatementText=" SET @CurrentFragmentationGroup = NULL&#xD;&#xA;       " StatementId="491" StatementCompId="653" StatementType="ASSIGN" RetrievedFromCache="true" />
                          <StmtSimple StatementText=" SET @CurrentAction = NULL&#xD;&#xA;       " StatementId="492" StatementCompId="654" StatementType="ASSIGN" RetrievedFromCache="true" />
                          <StmtSimple StatementText=" SET @CurrentMaxDOP = NULL&#xD;&#xA;       " StatementId="493" StatementCompId="655" StatementType="ASSIGN" RetrievedFromCache="true" />
                          <StmtSimple StatementText=" SET @CurrentUpdateStatistics = NULL&#xD;&#xA;       " StatementId="494" StatementCompId="656" StatementType="ASSIGN" RetrievedFromCache="true" />
                          <StmtSimple StatementText=" SET @CurrentComment = NULL&#xD;&#xA;       " StatementId="495" StatementCompId="657" StatementType="ASSIGN" RetrievedFromCache="true" />
                          <StmtSimple StatementText=" SET @CurrentExtendedInfo = NULL&#xD;&#xA;&#xD;&#xA;       " StatementId="496" StatementCompId="658" StatementType="ASSIGN" RetrievedFromCache="true" />
                          <StmtSimple StatementText=" DELETE FROM @CurrentActionsAllowed&#xD;&#xA;&#xD;&#xA;     " StatementId="497" StatementCompId="659" StatementType="DELETE" RetrievedFromCache="true" StatementSubTreeCost="0.0132883" StatementEstRows="3" StatementOptmLevel="TRIVIAL" QueryHash="0xA40EBEE7F3A358E" QueryPlanHash="0x9FF9E72AFCF42B8F">
                            <StatementSetOptions QUOTED_IDENTIFIER="false" ARITHABORT="false" CONCAT_NULL_YIELDS_NULL="true" ANSI_NULLS="true" ANSI_PADDING="true" ANSI_WARNINGS="true" NUMERIC_ROUNDABORT="false" />
                            <QueryPlan NonParallelPlanReason="MaxDOPSetToOne" CachedPlanSize="16" CompileTime="0" CompileCPU="0" CompileMemory="80">
                              <MemoryGrantInfo SerialRequiredMemory="0" SerialDesiredMemory="0" />
                              <OptimizerHardwareDependentProperties EstimatedAvailableMemoryGrant="193313" EstimatedPagesCached="773254" EstimatedAvailableDegreeOfParallelism="1" />
                              <RelOp NodeId="0" PhysicalOp="Table Delete" LogicalOp="Delete" EstimateRows="3" EstimateIO="0.01" EstimateCPU="3e-006" AvgRowSize="9" EstimatedTotalSubtreeCost="0.0132883" Parallel="0" EstimateRebinds="0" EstimateRewinds="0" EstimatedExecutionMode="Row">
                                <OutputList />
                                <Update DMLRequestSort="0">
                                  <Object Table="[@CurrentActionsAllowed]" />
                                  <RelOp NodeId="1" PhysicalOp="Table Scan" LogicalOp="Table Scan" EstimateRows="3" EstimateIO="0.0032035" EstimateCPU="8.18e-005" AvgRowSize="15" EstimatedTotalSubtreeCost="0.0032853" TableCardinality="3" Parallel="0" EstimateRebinds="0" EstimateRewinds="0" EstimatedExecutionMode="Row">
                                    <OutputList>
                                      <ColumnReference Column="Bmk1000" />
                                    </OutputList>
                                    <TableScan Ordered="1" ForcedIndex="0" ForceScan="0" NoExpandHint="0">
                                      <DefinedValues>
                                        <DefinedValue>
                                          <ColumnReference Column="Bmk1000" />
                                        </DefinedValue>
                                      </DefinedValues>
                                      <Object Table="[@CurrentActionsAllowed]" />
                                    </TableScan>
                                  </RelOp>
                                </Update>
                              </RelOp>
                            </QueryPlan>
                          </StmtSimple>
                        </Statements>
                      </Then>
                    </StmtCond>
                  </Statements>
                </Then>
              </StmtCond>
              <StmtSimple StatementText=" END&#xD;&#xA;&#xD;&#xA;    END&#xD;&#xA;&#xD;&#xA;    -- Update that the database is completed&#xD;&#xA;    UPDATE @tmpDatabases&#xD;&#xA;    SET Completed = 1&#xD;&#xA;    WHERE Selected = 1&#xD;&#xA;    AND Completed = 0&#xD;&#xA;    AND ID = @CurrentDBID&#xD;&#xA;&#xD;&#xA;    -- Clear variables&#xD;&#xA;   " StatementId="498" StatementCompId="663" StatementType="UPDATE" RetrievedFromCache="true" StatementSubTreeCost="0.0132843" StatementEstRows="1" StatementOptmLevel="TRIVIAL" QueryHash="0x1F5862832FA63CEF" QueryPlanHash="0x89FB0C1B8F8180A2">
                <StatementSetOptions QUOTED_IDENTIFIER="false" ARITHABORT="false" CONCAT_NULL_YIELDS_NULL="true" ANSI_NULLS="true" ANSI_PADDING="true" ANSI_WARNINGS="true" NUMERIC_ROUNDABORT="false" />
                <QueryPlan NonParallelPlanReason="MaxDOPSetToOne" CachedPlanSize="16" CompileTime="2" CompileCPU="2" CompileMemory="3904">
                  <MemoryGrantInfo SerialRequiredMemory="0" SerialDesiredMemory="0" />
                  <OptimizerHardwareDependentProperties EstimatedAvailableMemoryGrant="193313" EstimatedPagesCached="773254" EstimatedAvailableDegreeOfParallelism="1" />
                  <RelOp NodeId="0" PhysicalOp="Clustered Index Update" LogicalOp="Update" EstimateRows="1" EstimateIO="0.01" EstimateCPU="1e-006" AvgRowSize="9" EstimatedTotalSubtreeCost="0.0132843" Parallel="0" EstimateRebinds="0" EstimateRewinds="0" EstimatedExecutionMode="Row">
                    <OutputList />
                    <SimpleUpdate DMLRequestSort="0">
                      <DefinedValues>
                        <DefinedValue>
                          <ColumnReference Column="Expr1003" />
                          <ScalarOperator ScalarString="(1)">
                            <Const ConstValue="(1)" />
                          </ScalarOperator>
                        </DefinedValue>
                      </DefinedValues>
                      <Object Table="[@tmpDatabases]" Index="[PK__#A01683A__0861D20E4552170E]" />
                      <SeekPredicateNew>
                        <SeekKeys>
                          <Prefix ScanType="EQ">
                            <RangeColumns>
                              <ColumnReference Column="Selected" />
                              <ColumnReference Column="Completed" />
                              <ColumnReference Column="ID" />
                            </RangeColumns>
                            <RangeExpressions>
                              <ScalarOperator ScalarString="(1)">
                                <Const ConstValue="(1)" />
                              </ScalarOperator>
                              <ScalarOperator ScalarString="(0)">
                                <Const ConstValue="(0)" />
                              </ScalarOperator>
                              <ScalarOperator ScalarString="[@CurrentDBID]">
                                <Identifier>
                                  <ColumnReference Column="@CurrentDBID" />
                                </Identifier>
                              </ScalarOperator>
                            </RangeExpressions>
                          </Prefix>
                        </SeekKeys>
                      </SeekPredicateNew>
                      <SetPredicate>
                        <ScalarOperator ScalarString="[Completed] = [Expr1003]">
                          <ScalarExpressionList>
                            <ScalarOperator>
                              <MultipleAssign>
                                <Assign>
                                  <ColumnReference Column="Completed" />
                                  <ScalarOperator>
                                    <Identifier>
                                      <ColumnReference Column="Expr1003" />
                                    </Identifier>
                                  </ScalarOperator>
                                </Assign>
                              </MultipleAssign>
                            </ScalarOperator>
                          </ScalarExpressionList>
                        </ScalarOperator>
                      </SetPredicate>
                    </SimpleUpdate>
                  </RelOp>
                </QueryPlan>
              </StmtSimple>
              <StmtSimple StatementText=" SET @CurrentDBID = NULL&#xD;&#xA;   " StatementId="499" StatementCompId="664" StatementType="ASSIGN" RetrievedFromCache="true" />
              <StmtSimple StatementText=" SET @CurrentDatabaseID = NULL&#xD;&#xA;   " StatementId="500" StatementCompId="665" StatementType="ASSIGN" RetrievedFromCache="true" />
              <StmtSimple StatementText=" SET @CurrentDatabaseName = NULL&#xD;&#xA;   " StatementId="501" StatementCompId="666" StatementType="ASSIGN" RetrievedFromCache="true" />
              <StmtSimple StatementText=" SET @CurrentIsDatabaseAccessible = NULL&#xD;&#xA;   " StatementId="502" StatementCompId="667" StatementType="ASSIGN" RetrievedFromCache="true" />
              <StmtSimple StatementText=" SET @CurrentAvailabilityGroup = NULL&#xD;&#xA;   " StatementId="503" StatementCompId="668" StatementType="ASSIGN" RetrievedFromCache="true" />
              <StmtSimple StatementText=" SET @CurrentAvailabilityGroupRole = NULL&#xD;&#xA;   " StatementId="504" StatementCompId="669" StatementType="ASSIGN" RetrievedFromCache="true" />
              <StmtSimple StatementText=" SET @CurrentDatabaseMirroringRole = NULL&#xD;&#xA;   " StatementId="505" StatementCompId="670" StatementType="ASSIGN" RetrievedFromCache="true" />
              <StmtSimple StatementText=" SET @CurrentLogShippingRole = NULL&#xD;&#xA;&#xD;&#xA;   " StatementId="506" StatementCompId="671" StatementType="ASSIGN" RetrievedFromCache="true" />
              <StmtSimple StatementText=" SET @CurrentCommand01 = NULL&#xD;&#xA;&#xD;&#xA;   " StatementId="507" StatementCompId="672" StatementType="ASSIGN" RetrievedFromCache="true" />
              <StmtSimple StatementText=" DELETE FROM @tmpIndexesStatistics&#xD;&#xA;&#xD;&#xA; " StatementId="508" StatementCompId="673" StatementType="DELETE" RetrievedFromCache="true" StatementSubTreeCost="0.0132841" StatementEstRows="1" StatementOptmLevel="TRIVIAL" QueryHash="0x115D97909940C3F8" QueryPlanHash="0x1D282D09CE2E30ED">
                <StatementSetOptions QUOTED_IDENTIFIER="false" ARITHABORT="false" CONCAT_NULL_YIELDS_NULL="true" ANSI_NULLS="true" ANSI_PADDING="true" ANSI_WARNINGS="true" NUMERIC_ROUNDABORT="false" />
                <QueryPlan NonParallelPlanReason="MaxDOPSetToOne" CachedPlanSize="16" CompileTime="0" CompileCPU="0" CompileMemory="3808">
                  <MemoryGrantInfo SerialRequiredMemory="0" SerialDesiredMemory="0" />
                  <OptimizerHardwareDependentProperties EstimatedAvailableMemoryGrant="193313" EstimatedPagesCached="773254" EstimatedAvailableDegreeOfParallelism="1" />
                  <RelOp NodeId="0" PhysicalOp="Clustered Index Delete" LogicalOp="Delete" EstimateRows="1" EstimateIO="0.01" EstimateCPU="1e-006" AvgRowSize="9" EstimatedTotalSubtreeCost="0.0132841" Parallel="0" EstimateRebinds="0" EstimateRewinds="0" EstimatedExecutionMode="Row">
                    <OutputList />
                    <Update DMLRequestSort="0">
                      <Object Table="[@tmpIndexesStatistics]" Index="[PK__#A1FECC1__0861D20ECE4A5ACA]" />
                      <RelOp NodeId="1" PhysicalOp="Clustered Index Scan" LogicalOp="Clustered Index Scan" EstimateRows="1" EstimateIO="0.003125" EstimateCPU="0.0001581" AvgRowSize="12" EstimatedTotalSubtreeCost="0.0032831" TableCardinality="0" Parallel="0" EstimateRebinds="0" EstimateRewinds="0" EstimatedExecutionMode="Row">
                        <OutputList>
                          <ColumnReference Column="ID" />
                          <ColumnReference Column="Selected" />
                          <ColumnReference Column="Completed" />
                        </OutputList>
                        <IndexScan Ordered="1" ForcedIndex="0" ForceScan="0" NoExpandHint="0">
                          <DefinedValues>
                            <DefinedValue>
                              <ColumnReference Column="ID" />
                            </DefinedValue>
                            <DefinedValue>
                              <ColumnReference Column="Selected" />
                            </DefinedValue>
                            <DefinedValue>
                              <ColumnReference Column="Completed" />
                            </DefinedValue>
                          </DefinedValues>
                          <Object Table="[@tmpIndexesStatistics]" Index="[PK__#A1FECC1__0861D20ECE4A5ACA]" />
                        </IndexScan>
                      </RelOp>
                    </Update>
                  </RelOp>
                </QueryPlan>
              </StmtSimple>
            </Statements>
          </Then>
        </StmtCond>
        <StmtSimple StatementText=" END&#xD;&#xA;&#xD;&#xA;  ----------------------------------------------------------------------------------------------------&#xD;&#xA;  --// Log completing information                                                                 //--&#xD;&#xA;  ----------------------------------------------------------------------------------------------------&#xD;&#xA;&#xD;&#xA;  Logging:&#xD;&#xA;  SET @EndMessage = 'Date and time: ' + CONVERT(nvarchar,GETDATE(),120)&#xD;&#xA; " StatementId="509" StatementCompId="677" StatementType="ASSIGN" RetrievedFromCache="true" />
        <StmtSimple StatementText=" SET @EndMessage = REPLACE(@EndMessage,'%','%%')&#xD;&#xA; " StatementId="510" StatementCompId="678" StatementType="ASSIGN" RetrievedFromCache="true" />
        <StmtSimple StatementText=" RAISERROR(@EndMessage,10,1) WITH NOWAIT&#xD;&#xA;&#xD;&#xA; " StatementId="511" StatementCompId="679" StatementType="RAISERROR" RetrievedFromCache="true" />
        <StmtCond StatementText=" IF @ReturnCode &lt;&gt; 0&#xD;&#xA; " StatementId="512" StatementCompId="680" StatementType="COND" RetrievedFromCache="true">
          <Condition />
          <Then>
            <Statements>
              <StmtSimple StatementText=" BEGIN&#xD;&#xA;    RETURN @ReturnCode&#xD;&#xA; " StatementId="513" StatementCompId="681" StatementType="RETURN" RetrievedFromCache="true" />
            </Statements>
          </Then>
        </StmtCond>
      </Statements>
    </Batch>
  </BatchSequence>
</ShowPlanXML>