<?xml version="1.0" encoding="utf-8"?>
<ShowPlanXML xmlns="http://schemas.microsoft.com/sqlserver/2004/07/showplan" Version="1.2" Build="11.0.3412.0">
  <BatchSequence>
    <Batch>
      <Statements>
        <StmtSimple StatementText=" CREATE PROCEDURE [dbo].[Web_GetPageHeaderSummary] @FeaturePath NVARCHAR(2048) = NULL&#xD;&#xA;&#x9;,@MixId INT = NULL&#xD;&#xA;&#x9;,@teuId BIGINT = NULL&#xD;&#xA;&#x9;,@TestCaseResultId BIGINT = NULL&#xD;&#xA;&#x9;,@FailureId INT = NULL&#xD;&#xA;&#x9;,@FeaturePathId INT = NULL&#xD;&#xA;&#x9;,@Area NVARCHAR(60) = NULL&#xD;&#xA;&#x9;,@SubArea NVARCHAR(60) = NULL&#xD;&#xA;&#x9;,@ScheduleId INT = NULL&#xD;&#xA;&#x9;,@MachineSetId INT = NULL&#xD;&#xA;&#x9;,@RoleId INT = NULL&#xD;&#xA;&#x9;,@ResolvedteDid INT = NULL&#xD;&#xA;&#x9;,@TestPassId INT = NULL&#xD;&#xA;AS&#xD;&#xA;BEGIN&#xD;&#xA;&#x9;SET NOCOUNT ON;&#xD;&#xA;&#xD;&#xA;&#x9;--Schedule and Mix Related info&#x9;&#xD;&#xA;" StatementId="1" StatementCompId="2" StatementType="SET ON/OFF" RetrievedFromCache="true" />
        <StmtSimple StatementText="&#x9;DECLARE @local_ScheduleName NVARCHAR(200)&#xD;&#xA;&#x9;DECLARE @local_ScheduleId INT&#xD;&#xA;&#x9;DECLARE @local_MixId INT&#xD;&#xA;&#x9;DECLARE @local_ScheduleStartDate DATETIME&#xD;&#xA;&#x9;DECLARE @local_ScheduleEndDate DATETIME&#xD;&#xA;&#x9;DECLARE @local_ScheduleStatus NVARCHAR(50)&#xD;&#xA;&#x9;DECLARE @local_FullBuildNumber NVARCHAR(256)&#xD;&#xA;&#x9;DECLARE @local_BuildVersionId INT&#xD;&#xA;&#x9;DECLARE @local_Branch NVARCHAR(100)&#xD;&#xA;&#x9;DECLARE @local_SKU NVARCHAR(50)&#xD;&#xA;&#x9;DECLARE @local_Flavor NVARCHAR(100)&#xD;&#xA;&#x9;DECLARE @local_Language NVARCHAR(200)&#xD;&#xA;&#x9;DECLARE @local_ScheduleRLD NVARCHAR(260)&#xD;&#xA;&#x9;DECLARE @local_ScheduleComments NVARCHAR(250)&#xD;&#xA;&#x9;DECLARE @local_TestpassList NVARCHAR(MAX)&#xD;&#xA;&#x9;DECLARE @local_ModifierList NVARCHAR(MAX)&#xD;&#xA;&#x9;DECLARE @local_BuildRange NVARCHAR(256)&#xD;&#xA;&#x9;DECLARE @local_BuildListTooltip NVARCHAR(MAX)&#xD;&#xA;&#x9;DECLARE @local_ScheduleIsRerun BIT&#xD;&#xA;&#x9;DECLARE @local_ScheduleIsRerunning BIT&#xD;&#xA;&#x9;DECLARE @MinBuild INT&#xD;&#xA;&#x9;DECLARE @MaxBuild INT&#xD;&#xA;&#x9;DECLARE @local_EffectivePackageName NVARCHAR(500)&#xD;&#xA;&#x9;DECLARE @local_EffectiveContextName NVARCHAR(500)&#xD;&#xA;&#x9;DECLARE @local_MixStartDate DATETIME&#xD;&#xA;&#x9;DECLARE @local_MixEndDate DATETIME&#xD;&#xA;&#x9;DECLARE @local_MixStatus NVARCHAR(50)&#xD;&#xA;&#x9;DECLARE @local_MixComments NVARCHAR(250)&#xD;&#xA;&#x9;--TEU Environment Related info&#xD;&#xA;&#x9;DECLARE @local_TEDName NVARCHAR(200)&#xD;&#xA;&#x9;DECLARE @local_PrimaryRoleName NVARCHAR(50)&#xD;&#xA;&#x9;DECLARE @local_TEDExecutionLink NVARCHAR(1024)&#xD;&#xA;&#x9;DECLARE @local_MachineSetExecutionLink NVARCHAR(1024)&#xD;&#xA;&#x9;DECLARE @local_ResultLink NVARCHAR(1024)&#xD;&#xA;&#x9;DECLARE @local_PrimaryRoleId INT&#xD;&#xA;&#x9;DECLARE @local_TEUHasExecutionFailures BIT&#xD;&#xA;&#x9;DECLARE @local_ResolvedTEDStartTime DATETIME&#xD;&#xA;&#x9;DECLARE @local_ResolvedTEDEndTime DATETIME&#xD;&#xA;&#x9;DECLARE @local_ResolvedTEDStatus NVARCHAR(200)&#xD;&#xA;&#x9;DECLARE @local_EnvComments NVARCHAR(250)&#xD;&#xA;&#x9;--TEU Execution Related Info&#xD;&#xA;&#x9;DECLARE @local_TEUId BIGINT&#xD;&#xA;&#x9;DECLARE @local_TEUName NVARCHAR(200)&#xD;&#xA;&#x9;DECLARE @local_TEUOwner NVARCHAR(50)&#xD;&#xA;&#x9;DECLARE @local_TEUStatus NVARCHAR(50)&#xD;&#xA;&#x9;DECLARE @local_TEULogDirectory NVARCHAR(260)&#xD;&#xA;&#x9;DECLARE @local_FeaturePath NVARCHAR(2048)&#xD;&#xA;&#x9;DECLARE @local_FeaturePathId INT&#xD;&#xA;&#x9;DECLARE @local_CustomUnc NVARCHAR(500)&#xD;&#xA;&#x9;DECLARE @local_CustomUrl NVARCHAR(500)&#xD;&#xA;&#x9;DECLARE @local_TEUHasUploaded BIT&#xD;&#xA;&#x9;DECLARE @local_AdditionalInfo NVARCHAR(1024)&#xD;&#xA;&#x9;DECLARE @local_TEUIsRerun BIT&#xD;&#xA;&#x9;DECLARE @local_TEUIsRerunning BIT&#xD;&#xA;&#x9;DECLARE @local_TEUIsPrimary BIT&#xD;&#xA;&#x9;--TestCase Related info&#xD;&#xA;&#x9;DECLARE @local_TestCasePath NVARCHAR(MAX)&#xD;&#xA;&#x9;DECLARE @local_TestCaseResultId INT&#xD;&#xA;&#x9;DECLARE @local_TestCaseOwner NVARCHAR(50)&#xD;&#xA;&#x9;DECLARE @local_TestCaseLogFile NVARCHAR(260)&#xD;&#xA;&#x9;DECLARE @local_LoggedAt BIGINT&#xD;&#xA;&#x9;--TEU Count Info&#xD;&#xA;&#x9;DECLARE @local_TotalTEUs INT&#xD;&#xA;&#x9;DECLARE @local_CompletedTEUs INT&#xD;&#xA;&#x9;DECLARE @local_FailedTEUs INT&#xD;&#xA;&#x9;DECLARE @local_NotScheduledTEUs INT&#xD;&#xA;&#x9;--TestCase Count Info&#xD;&#xA;&#x9;DECLARE @local_TotalTCCount INT&#xD;&#xA;&#x9;DECLARE @local_PassedTCCount INT&#xD;&#xA;&#x9;DECLARE @local_FailedTCCount INT&#xD;&#xA;&#x9;DECLARE @local_WarnedTCCount INT&#xD;&#xA;&#x9;DECLARE @local_BlockedTCCount INT&#xD;&#xA;&#x9;DECLARE @local_SkippedTCCount INT&#xD;&#xA;&#x9;-- Failure Related Info&#xD;&#xA;&#x9;DECLARE @local_FailureId INT&#xD;&#xA;&#x9;DECLARE @local_ResolvedStatusId INT&#xD;&#xA;&#x9;DECLARE @local_ActiveNonInfraFailureCount INT&#xD;&#xA;&#x9;DECLARE @local_TotalNonInfraFailureCount INT&#xD;&#xA;&#x9;DECLARE @local_ActiveInfraFailureCount INT&#xD;&#xA;&#x9;DECLARE @local_TotalInfraFailureCount INT&#xD;&#xA;&#x9;DECLARE @local_InfraFailureTypeId INT&#xD;&#xA;&#x9;--other info&#xD;&#xA;&#x9;DECLARE @local_ResolvedTEDId INT&#xD;&#xA;&#x9;DECLARE @local_ResolvedTEDName NVARCHAR(1000)&#xD;&#xA;&#x9;DECLARE @local_Area NVARCHAR(60)&#xD;&#xA;&#x9;DECLARE @local_SubArea NVARCHAR(60)&#xD;&#xA;&#x9;DECLARE @local_TestpassIsRerun BIT&#xD;&#xA;&#x9;DECLARE @local_TestpassIsRerunning BIT&#xD;&#xA;&#x9;DECLARE @local_TestpassIsContainsReruns BIT&#xD;&#xA;&#x9;DECLARE @local_TestpassIsRerunEnabled BIT&#xD;&#xA;&#xD;&#xA;&#x9;-- Initialize all the local variables&#xD;&#xA;&#x9;SELECT @local_ScheduleName = NULL&#xD;&#xA;&#x9;&#x9;,@local_ScheduleId = NULL&#xD;&#xA;&#x9;&#x9;,@local_MixId = NULL&#xD;&#xA;&#x9;&#x9;,@local_ScheduleStartDate = NULL&#xD;&#xA;&#x9;&#x9;,@local_ScheduleEndDate = NULL&#xD;&#xA;&#x9;&#x9;,@local_ScheduleStatus = NULL&#xD;&#xA;&#x9;&#x9;,@local_FullBuildNumber = NULL&#xD;&#xA;&#x9;&#x9;,@local_BuildVersionId = NULL&#xD;&#xA;&#x9;&#x9;,@local_Branch = NULL&#xD;&#xA;&#x9;&#x9;,@local_SKU = NULL&#xD;&#xA;&#x9;&#x9;,@local_Flavor = NULL&#xD;&#xA;&#x9;&#x9;,@local_Language = NULL&#xD;&#xA;&#x9;&#x9;,@local_ScheduleRLD = NULL&#xD;&#xA;&#x9;&#x9;,@local_TEDName = NULL&#xD;&#xA;&#x9;&#x9;,@local_PrimaryRoleName = NULL&#xD;&#xA;&#x9;&#x9;" StatementId="2" StatementCompId="3" StatementType="ASSIGN" RetrievedFromCache="true" />
        <StmtCond StatementText="&#x9;IF @FeaturePath IS NOT NULL&#xD;&#xA;" StatementId="3" StatementCompId="4" StatementType="COND" RetrievedFromCache="true">
          <Condition />
          <Then>
            <Statements>
              <StmtSimple StatementText="&#x9;BEGIN&#xD;&#xA;&#x9;&#x9;SELECT @local_FeaturePath = @FeaturePath&#xD;&#xA;&#x9;&#x9;&#x9;,@local_FeaturePathId = Id&#xD;&#xA;&#x9;&#x9;FROM dbo.FeaturePath WITH (NOLOCK)&#xD;&#xA;&#x9;&#x9;WHERE [Path] = @FeaturePath&#xD;&#xA;" StatementId="4" StatementCompId="5" StatementType="SELECT" RetrievedFromCache="true" StatementSubTreeCost="0.0032831" StatementEstRows="1" StatementOptmLevel="TRIVIAL" QueryHash="0x1F4491CD6909E8A" QueryPlanHash="0x154F78EF1576EE2A">
                <StatementSetOptions QUOTED_IDENTIFIER="true" ARITHABORT="true" CONCAT_NULL_YIELDS_NULL="true" ANSI_NULLS="true" ANSI_PADDING="true" ANSI_WARNINGS="true" NUMERIC_ROUNDABORT="false" />
                <QueryPlan NonParallelPlanReason="MaxDOPSetToOne" CachedPlanSize="8" CompileTime="0" CompileCPU="0" CompileMemory="1712">
                  <MemoryGrantInfo SerialRequiredMemory="0" SerialDesiredMemory="0" />
                  <OptimizerHardwareDependentProperties EstimatedAvailableMemoryGrant="193313" EstimatedPagesCached="773254" EstimatedAvailableDegreeOfParallelism="1" />
                  <RelOp NodeId="0" PhysicalOp="Index Seek" LogicalOp="Index Seek" EstimateRows="1" EstimateIO="0.003125" EstimateCPU="0.0001581" AvgRowSize="11" EstimatedTotalSubtreeCost="0.0032831" TableCardinality="7814" Parallel="0" EstimateRebinds="0" EstimateRewinds="0" EstimatedExecutionMode="Row">
                    <OutputList>
                      <ColumnReference Database="[OurLabReporting]" Schema="[dbo]" Table="[FeaturePath]" Column="Id" />
                    </OutputList>
                    <IndexScan Ordered="1" ScanDirection="FORWARD" ForcedIndex="0" ForceSeek="0" ForceScan="0" NoExpandHint="0" Storage="RowStore">
                      <DefinedValues>
                        <DefinedValue>
                          <ColumnReference Database="[OurLabReporting]" Schema="[dbo]" Table="[FeaturePath]" Column="Id" />
                        </DefinedValue>
                      </DefinedValues>
                      <Object Database="[OurLabReporting]" Schema="[dbo]" Table="[FeaturePath]" Index="[FeaturePath_IDX_Path]" IndexKind="NonClustered" />
                      <SeekPredicates>
                        <SeekPredicateNew>
                          <SeekKeys>
                            <Prefix ScanType="EQ">
                              <RangeColumns>
                                <ColumnReference Database="[OurLabReporting]" Schema="[dbo]" Table="[FeaturePath]" Column="Path" />
                              </RangeColumns>
                              <RangeExpressions>
                                <ScalarOperator ScalarString="[@FeaturePath]">
                                  <Identifier>
                                    <ColumnReference Column="@FeaturePath" />
                                  </Identifier>
                                </ScalarOperator>
                              </RangeExpressions>
                            </Prefix>
                          </SeekKeys>
                        </SeekPredicateNew>
                      </SeekPredicates>
                    </IndexScan>
                  </RelOp>
                  <ParameterList>
                    <ColumnReference Column="@FeaturePath" ParameterCompiledValue="NULL" />
                  </ParameterList>
                </QueryPlan>
              </StmtSimple>
            </Statements>
          </Then>
        </StmtCond>
        <StmtCond StatementText="&#x9;END&#xD;&#xA;&#xD;&#xA;&#x9;-- override the featurepath values if a featurepathid is provided&#xD;&#xA;&#x9;IF (@FeaturePathId IS NOT NULL)&#xD;&#xA;" StatementId="5" StatementCompId="7" StatementType="COND" RetrievedFromCache="true">
          <Condition />
          <Then>
            <Statements>
              <StmtSimple StatementText="&#x9;BEGIN&#xD;&#xA;&#x9;&#x9;SELECT @local_FeaturePath = [Path]&#xD;&#xA;&#x9;&#x9;&#x9;,@local_FeaturePathId = @FeaturePathId&#xD;&#xA;&#x9;&#x9;FROM dbo.FeaturePath WITH (NOLOCK)&#xD;&#xA;&#x9;&#x9;WHERE Id = @FeaturePathId&#xD;&#xA;" StatementId="6" StatementCompId="8" StatementType="SELECT" RetrievedFromCache="true" StatementSubTreeCost="0.0032831" StatementEstRows="1" StatementOptmLevel="TRIVIAL" QueryHash="0x8CEEB3FFDA222859" QueryPlanHash="0xBB7AFDBC1973BD04">
                <StatementSetOptions QUOTED_IDENTIFIER="true" ARITHABORT="true" CONCAT_NULL_YIELDS_NULL="true" ANSI_NULLS="true" ANSI_PADDING="true" ANSI_WARNINGS="true" NUMERIC_ROUNDABORT="false" />
                <QueryPlan NonParallelPlanReason="MaxDOPSetToOne" CachedPlanSize="8" CompileTime="0" CompileCPU="0" CompileMemory="1696">
                  <MemoryGrantInfo SerialRequiredMemory="0" SerialDesiredMemory="0" />
                  <OptimizerHardwareDependentProperties EstimatedAvailableMemoryGrant="193313" EstimatedPagesCached="773254" EstimatedAvailableDegreeOfParallelism="1" />
                  <RelOp NodeId="0" PhysicalOp="Clustered Index Seek" LogicalOp="Clustered Index Seek" EstimateRows="1" EstimateIO="0.003125" EstimateCPU="0.0001581" AvgRowSize="411" EstimatedTotalSubtreeCost="0.0032831" TableCardinality="7814" Parallel="0" EstimateRebinds="0" EstimateRewinds="0" EstimatedExecutionMode="Row">
                    <OutputList>
                      <ColumnReference Database="[OurLabReporting]" Schema="[dbo]" Table="[FeaturePath]" Column="Path" />
                    </OutputList>
                    <IndexScan Ordered="1" ScanDirection="FORWARD" ForcedIndex="0" ForceSeek="0" ForceScan="0" NoExpandHint="0" Storage="RowStore">
                      <DefinedValues>
                        <DefinedValue>
                          <ColumnReference Database="[OurLabReporting]" Schema="[dbo]" Table="[FeaturePath]" Column="Path" />
                        </DefinedValue>
                      </DefinedValues>
                      <Object Database="[OurLabReporting]" Schema="[dbo]" Table="[FeaturePath]" Index="[FeaturePath_PK]" IndexKind="Clustered" />
                      <SeekPredicates>
                        <SeekPredicateNew>
                          <SeekKeys>
                            <Prefix ScanType="EQ">
                              <RangeColumns>
                                <ColumnReference Database="[OurLabReporting]" Schema="[dbo]" Table="[FeaturePath]" Column="Id" />
                              </RangeColumns>
                              <RangeExpressions>
                                <ScalarOperator ScalarString="[@FeaturePathId]">
                                  <Identifier>
                                    <ColumnReference Column="@FeaturePathId" />
                                  </Identifier>
                                </ScalarOperator>
                              </RangeExpressions>
                            </Prefix>
                          </SeekKeys>
                        </SeekPredicateNew>
                      </SeekPredicates>
                    </IndexScan>
                  </RelOp>
                  <ParameterList>
                    <ColumnReference Column="@FeaturePathId" ParameterCompiledValue="NULL" />
                  </ParameterList>
                </QueryPlan>
              </StmtSimple>
            </Statements>
          </Then>
        </StmtCond>
        <StmtCond StatementText="&#x9;END&#xD;&#xA;&#xD;&#xA;&#x9;IF (@Area IS NOT NULL)&#xD;&#xA;" StatementId="7" StatementCompId="10" StatementType="COND" RetrievedFromCache="true">
          <Condition />
          <Then>
            <Statements>
              <StmtSimple StatementText="&#x9;BEGIN&#xD;&#xA;&#x9;&#x9;SET @local_Area = @Area&#xD;&#xA;" StatementId="8" StatementCompId="11" StatementType="ASSIGN" RetrievedFromCache="true" />
            </Statements>
          </Then>
        </StmtCond>
        <StmtCond StatementText="&#x9;END&#xD;&#xA;&#xD;&#xA;&#x9;IF (@SubArea IS NOT NULL)&#xD;&#xA;" StatementId="9" StatementCompId="13" StatementType="COND" RetrievedFromCache="true">
          <Condition />
          <Then>
            <Statements>
              <StmtSimple StatementText="&#x9;BEGIN&#xD;&#xA;&#x9;&#x9;SET @local_SubArea = @SubArea&#xD;&#xA;" StatementId="10" StatementCompId="14" StatementType="ASSIGN" RetrievedFromCache="true" />
            </Statements>
          </Then>
        </StmtCond>
        <StmtCond StatementText="&#x9;END&#xD;&#xA;&#xD;&#xA;&#x9;IF (@ScheduleId IS NOT NULL)&#xD;&#xA;" StatementId="11" StatementCompId="16" StatementType="COND" RetrievedFromCache="true">
          <Condition />
          <Then>
            <Statements>
              <StmtSimple StatementText="&#x9;BEGIN&#xD;&#xA;&#x9;&#x9;SET @local_ScheduleId = @ScheduleId&#xD;&#xA;" StatementId="12" StatementCompId="17" StatementType="ASSIGN" RetrievedFromCache="true" />
            </Statements>
          </Then>
        </StmtCond>
        <StmtCond StatementText="&#x9;END&#xD;&#xA;&#xD;&#xA;&#x9;-- Get TEU and TC Counts for the Schedule&#xD;&#xA;&#x9;IF (@local_ScheduleId IS NOT NULL)&#xD;&#xA;" StatementId="13" StatementCompId="19" StatementType="COND" RetrievedFromCache="true">
          <Condition />
          <Then>
            <Statements>
              <StmtSimple StatementText="&#x9;BEGIN&#xD;&#xA;&#x9;&#x9;-- Get TestCase Counts&#xD;&#xA;&#x9;&#x9;SELECT @local_TotalTCCount = A.Total&#xD;&#xA;&#x9;&#x9;&#x9;,@local_PassedTCCount = A.PassTotal&#xD;&#xA;&#x9;&#x9;&#x9;,@local_FailedTCCount = A.FailTotal&#xD;&#xA;&#x9;&#x9;&#x9;,@local_WarnedTCCount = A.WarnTotal&#xD;&#xA;&#x9;&#x9;&#x9;,@local_BlockedTCCount = A.BlockTotal&#xD;&#xA;&#x9;&#x9;&#x9;,@local_SkippedTCCount = A.SkipTotal&#xD;&#xA;&#x9;&#x9;FROM dbo.View_TEUAndTCCountsBySchedule AS A WITH (NOLOCK)&#xD;&#xA;&#x9;&#x9;WHERE A.ScheduleId = @local_ScheduleId&#xD;&#xA;&#xD;&#xA;&#x9;&#x9;-- Get TEU Counts     &#xD;&#xA;&#x9;" StatementId="14" StatementCompId="20" StatementType="SELECT" RetrievedFromCache="true" StatementSubTreeCost="0.0136284" StatementEstRows="1" StatementOptmLevel="FULL" QueryHash="0x3EAB1E072F58C2C3" QueryPlanHash="0xB4A36997213577BA" StatementOptmEarlyAbortReason="GoodEnoughPlanFound">
                <StatementSetOptions QUOTED_IDENTIFIER="true" ARITHABORT="true" CONCAT_NULL_YIELDS_NULL="true" ANSI_NULLS="true" ANSI_PADDING="true" ANSI_WARNINGS="true" NUMERIC_ROUNDABORT="false" />
                <QueryPlan NonParallelPlanReason="MaxDOPSetToOne" CachedPlanSize="48" CompileTime="14" CompileCPU="14" CompileMemory="2296">
                  <MemoryGrantInfo SerialRequiredMemory="0" SerialDesiredMemory="0" />
                  <OptimizerHardwareDependentProperties EstimatedAvailableMemoryGrant="193313" EstimatedPagesCached="773254" EstimatedAvailableDegreeOfParallelism="1" />
                  <RelOp NodeId="0" PhysicalOp="Stream Aggregate" LogicalOp="Aggregate" EstimateRows="1" EstimateIO="0" EstimateCPU="2.06907e-006" AvgRowSize="31" EstimatedTotalSubtreeCost="0.0136284" Parallel="0" EstimateRebinds="0" EstimateRewinds="0" EstimatedExecutionMode="Row">
                    <OutputList>
                      <ColumnReference Column="Expr1014" />
                      <ColumnReference Column="Expr1015" />
                      <ColumnReference Column="Expr1016" />
                      <ColumnReference Column="Expr1017" />
                      <ColumnReference Column="Expr1018" />
                      <ColumnReference Column="Expr1019" />
                    </OutputList>
                    <StreamAggregate>
                      <DefinedValues>
                        <DefinedValue>
                          <ColumnReference Column="Expr1014" />
                          <ScalarOperator ScalarString="SUM([OurLabReporting].[dbo].[TEUCountsByResolvedTED].[PassTotal] as [cache].[PassTotal])">
                            <Aggregate Distinct="0" AggType="SUM">
                              <ScalarOperator>
                                <Identifier>
                                  <ColumnReference Database="[OurLabReporting]" Schema="[dbo]" Table="[TEUCountsByResolvedTED]" Alias="[cache]" Column="PassTotal" />
                                </Identifier>
                              </ScalarOperator>
                            </Aggregate>
                          </ScalarOperator>
                        </DefinedValue>
                        <DefinedValue>
                          <ColumnReference Column="Expr1015" />
                          <ScalarOperator ScalarString="SUM([OurLabReporting].[dbo].[TEUCountsByResolvedTED].[FailTotal] as [cache].[FailTotal])">
                            <Aggregate Distinct="0" AggType="SUM">
                              <ScalarOperator>
                                <Identifier>
                                  <ColumnReference Database="[OurLabReporting]" Schema="[dbo]" Table="[TEUCountsByResolvedTED]" Alias="[cache]" Column="FailTotal" />
                                </Identifier>
                              </ScalarOperator>
                            </Aggregate>
                          </ScalarOperator>
                        </DefinedValue>
                        <DefinedValue>
                          <ColumnReference Column="Expr1016" />
                          <ScalarOperator ScalarString="SUM([OurLabReporting].[dbo].[TEUCountsByResolvedTED].[WarnTotal] as [cache].[WarnTotal])">
                            <Aggregate Distinct="0" AggType="SUM">
                              <ScalarOperator>
                                <Identifier>
                                  <ColumnReference Database="[OurLabReporting]" Schema="[dbo]" Table="[TEUCountsByResolvedTED]" Alias="[cache]" Column="WarnTotal" />
                                </Identifier>
                              </ScalarOperator>
                            </Aggregate>
                          </ScalarOperator>
                        </DefinedValue>
                        <DefinedValue>
                          <ColumnReference Column="Expr1017" />
                          <ScalarOperator ScalarString="SUM([OurLabReporting].[dbo].[TEUCountsByResolvedTED].[SkipTotal] as [cache].[SkipTotal])">
                            <Aggregate Distinct="0" AggType="SUM">
                              <ScalarOperator>
                                <Identifier>
                                  <ColumnReference Database="[OurLabReporting]" Schema="[dbo]" Table="[TEUCountsByResolvedTED]" Alias="[cache]" Column="SkipTotal" />
                                </Identifier>
                              </ScalarOperator>
                            </Aggregate>
                          </ScalarOperator>
                        </DefinedValue>
                        <DefinedValue>
                          <ColumnReference Column="Expr1018" />
                          <ScalarOperator ScalarString="SUM([OurLabReporting].[dbo].[TEUCountsByResolvedTED].[BlockTotal] as [cache].[BlockTotal])">
                            <Aggregate Distinct="0" AggType="SUM">
                              <ScalarOperator>
                                <Identifier>
                                  <ColumnReference Database="[OurLabReporting]" Schema="[dbo]" Table="[TEUCountsByResolvedTED]" Alias="[cache]" Column="BlockTotal" />
                                </Identifier>
                              </ScalarOperator>
                            </Aggregate>
                          </ScalarOperator>
                        </DefinedValue>
                        <DefinedValue>
                          <ColumnReference Column="Expr1019" />
                          <ScalarOperator ScalarString="SUM([Expr1020])">
                            <Aggregate Distinct="0" AggType="SUM">
                              <ScalarOperator>
                                <Identifier>
                                  <ColumnReference Column="Expr1020" />
                                </Identifier>
                              </ScalarOperator>
                            </Aggregate>
                          </ScalarOperator>
                        </DefinedValue>
                      </DefinedValues>
                      <RelOp NodeId="1" PhysicalOp="Compute Scalar" LogicalOp="Compute Scalar" EstimateRows="2.61512" EstimateIO="0" EstimateCPU="2.61512e-007" AvgRowSize="31" EstimatedTotalSubtreeCost="0.0136263" Parallel="0" EstimateRebinds="0" EstimateRewinds="0" EstimatedExecutionMode="Row">
                        <OutputList>
                          <ColumnReference Database="[OurLabReporting]" Schema="[dbo]" Table="[TEUCountsByResolvedTED]" Alias="[cache]" Column="PassTotal" />
                          <ColumnReference Database="[OurLabReporting]" Schema="[dbo]" Table="[TEUCountsByResolvedTED]" Alias="[cache]" Column="FailTotal" />
                          <ColumnReference Database="[OurLabReporting]" Schema="[dbo]" Table="[TEUCountsByResolvedTED]" Alias="[cache]" Column="WarnTotal" />
                          <ColumnReference Database="[OurLabReporting]" Schema="[dbo]" Table="[TEUCountsByResolvedTED]" Alias="[cache]" Column="SkipTotal" />
                          <ColumnReference Database="[OurLabReporting]" Schema="[dbo]" Table="[TEUCountsByResolvedTED]" Alias="[cache]" Column="BlockTotal" />
                          <ColumnReference Column="Expr1020" />
                        </OutputList>
                        <ComputeScalar>
                          <DefinedValues>
                            <DefinedValue>
                              <ColumnReference Column="Expr1020" />
                              <ScalarOperator ScalarString="[OurLabReporting].[dbo].[TEUCountsByResolvedTED].[Total] as [cache].[Total]">
                                <Identifier>
                                  <ColumnReference Database="[OurLabReporting]" Schema="[dbo]" Table="[TEUCountsByResolvedTED]" Alias="[cache]" Column="Total" ComputedColumn="1" />
                                </Identifier>
                              </ScalarOperator>
                            </DefinedValue>
                          </DefinedValues>
                          <RelOp NodeId="2" PhysicalOp="Nested Loops" LogicalOp="Inner Join" EstimateRows="2.61512" EstimateIO="0" EstimateCPU="1.09312e-005" AvgRowSize="31" EstimatedTotalSubtreeCost="0.0136261" Parallel="0" EstimateRebinds="0" EstimateRewinds="0" EstimatedExecutionMode="Row">
                            <OutputList>
                              <ColumnReference Database="[OurLabReporting]" Schema="[dbo]" Table="[TEUCountsByResolvedTED]" Alias="[cache]" Column="PassTotal" />
                              <ColumnReference Database="[OurLabReporting]" Schema="[dbo]" Table="[TEUCountsByResolvedTED]" Alias="[cache]" Column="FailTotal" />
                              <ColumnReference Database="[OurLabReporting]" Schema="[dbo]" Table="[TEUCountsByResolvedTED]" Alias="[cache]" Column="WarnTotal" />
                              <ColumnReference Database="[OurLabReporting]" Schema="[dbo]" Table="[TEUCountsByResolvedTED]" Alias="[cache]" Column="SkipTotal" />
                              <ColumnReference Database="[OurLabReporting]" Schema="[dbo]" Table="[TEUCountsByResolvedTED]" Alias="[cache]" Column="BlockTotal" />
                              <ColumnReference Database="[OurLabReporting]" Schema="[dbo]" Table="[TEUCountsByResolvedTED]" Alias="[cache]" Column="Total" ComputedColumn="1" />
                            </OutputList>
                            <NestedLoops Optimized="0">
                              <OuterReferences>
                                <ColumnReference Database="[OurLabReporting]" Schema="[dbo]" Table="[ResolvedTED]" Alias="[rted]" Column="Id" />
                              </OuterReferences>
                              <RelOp NodeId="3" PhysicalOp="Nested Loops" LogicalOp="Inner Join" EstimateRows="2.61512" EstimateIO="0" EstimateCPU="1.09312e-005" AvgRowSize="11" EstimatedTotalSubtreeCost="0.0073469" Parallel="0" EstimateRebinds="0" EstimateRewinds="0" EstimatedExecutionMode="Row">
                                <OutputList>
                                  <ColumnReference Database="[OurLabReporting]" Schema="[dbo]" Table="[ResolvedTED]" Alias="[rted]" Column="Id" />
                                </OutputList>
                                <NestedLoops Optimized="0">
                                  <OuterReferences>
                                    <ColumnReference Database="[OurLabReporting]" Schema="[dbo]" Table="[Mix]" Alias="[m]" Column="Id" />
                                  </OuterReferences>
                                  <RelOp NodeId="4" PhysicalOp="Index Seek" LogicalOp="Index Seek" EstimateRows="1.51525" EstimateIO="0.003125" EstimateCPU="0.000158667" AvgRowSize="11" EstimatedTotalSubtreeCost="0.00328367" TableCardinality="1.48176e+006" Parallel="0" EstimateRebinds="0" EstimateRewinds="0" EstimatedExecutionMode="Row">
                                    <OutputList>
                                      <ColumnReference Database="[OurLabReporting]" Schema="[dbo]" Table="[Mix]" Alias="[m]" Column="Id" />
                                    </OutputList>
                                    <IndexScan Ordered="1" ScanDirection="FORWARD" ForcedIndex="0" ForceSeek="0" ForceScan="0" NoExpandHint="0" Storage="RowStore">
                                      <DefinedValues>
                                        <DefinedValue>
                                          <ColumnReference Database="[OurLabReporting]" Schema="[dbo]" Table="[Mix]" Alias="[m]" Column="Id" />
                                        </DefinedValue>
                                      </DefinedValues>
                                      <Object Database="[OurLabReporting]" Schema="[dbo]" Table="[Mix]" Index="[Mix_IDX_Schedule]" Alias="[m]" IndexKind="NonClustered" />
                                      <SeekPredicates>
                                        <SeekPredicateNew>
                                          <SeekKeys>
                                            <Prefix ScanType="EQ">
                                              <RangeColumns>
                                                <ColumnReference Database="[OurLabReporting]" Schema="[dbo]" Table="[Mix]" Alias="[m]" Column="ScheduleId" />
                                              </RangeColumns>
                                              <RangeExpressions>
                                                <ScalarOperator ScalarString="[@local_ScheduleId]">
                                                  <Identifier>
                                                    <ColumnReference Column="@local_ScheduleId" />
                                                  </Identifier>
                                                </ScalarOperator>
                                              </RangeExpressions>
                                            </Prefix>
                                          </SeekKeys>
                                        </SeekPredicateNew>
                                      </SeekPredicates>
                                    </IndexScan>
                                  </RelOp>
                                  <RelOp NodeId="5" PhysicalOp="Index Seek" LogicalOp="Index Seek" EstimateRows="1.72587" EstimateIO="0.003125" EstimateCPU="0.000158898" AvgRowSize="11" EstimatedTotalSubtreeCost="0.0040523" TableCardinality="1.37084e+006" Parallel="0" EstimateRebinds="0.515247" EstimateRewinds="0" EstimatedExecutionMode="Row">
                                    <OutputList>
                                      <ColumnReference Database="[OurLabReporting]" Schema="[dbo]" Table="[ResolvedTED]" Alias="[rted]" Column="Id" />
                                    </OutputList>
                                    <IndexScan Ordered="1" ScanDirection="FORWARD" ForcedIndex="0" ForceSeek="0" ForceScan="0" NoExpandHint="0" Storage="RowStore">
                                      <DefinedValues>
                                        <DefinedValue>
                                          <ColumnReference Database="[OurLabReporting]" Schema="[dbo]" Table="[ResolvedTED]" Alias="[rted]" Column="Id" />
                                        </DefinedValue>
                                      </DefinedValues>
                                      <Object Database="[OurLabReporting]" Schema="[dbo]" Table="[ResolvedTED]" Index="[ResolvedTED_IDX_MixId]" Alias="[rted]" IndexKind="NonClustered" />
                                      <SeekPredicates>
                                        <SeekPredicateNew>
                                          <SeekKeys>
                                            <Prefix ScanType="EQ">
                                              <RangeColumns>
                                                <ColumnReference Database="[OurLabReporting]" Schema="[dbo]" Table="[ResolvedTED]" Alias="[rted]" Column="MixId" />
                                              </RangeColumns>
                                              <RangeExpressions>
                                                <ScalarOperator ScalarString="[OurLabReporting].[dbo].[Mix].[Id] as [m].[Id]">
                                                  <Identifier>
                                                    <ColumnReference Database="[OurLabReporting]" Schema="[dbo]" Table="[Mix]" Alias="[m]" Column="Id" />
                                                  </Identifier>
                                                </ScalarOperator>
                                              </RangeExpressions>
                                            </Prefix>
                                          </SeekKeys>
                                        </SeekPredicateNew>
                                      </SeekPredicates>
                                    </IndexScan>
                                  </RelOp>
                                </NestedLoops>
                              </RelOp>
                              <RelOp NodeId="6" PhysicalOp="Compute Scalar" LogicalOp="Compute Scalar" EstimateRows="1" EstimateIO="0" EstimateCPU="1e-007" AvgRowSize="31" EstimatedTotalSubtreeCost="0.00626823" Parallel="0" EstimateRebinds="1.61512" EstimateRewinds="0" EstimatedExecutionMode="Row">
                                <OutputList>
                                  <ColumnReference Database="[OurLabReporting]" Schema="[dbo]" Table="[TEUCountsByResolvedTED]" Alias="[cache]" Column="PassTotal" />
                                  <ColumnReference Database="[OurLabReporting]" Schema="[dbo]" Table="[TEUCountsByResolvedTED]" Alias="[cache]" Column="FailTotal" />
                                  <ColumnReference Database="[OurLabReporting]" Schema="[dbo]" Table="[TEUCountsByResolvedTED]" Alias="[cache]" Column="WarnTotal" />
                                  <ColumnReference Database="[OurLabReporting]" Schema="[dbo]" Table="[TEUCountsByResolvedTED]" Alias="[cache]" Column="SkipTotal" />
                                  <ColumnReference Database="[OurLabReporting]" Schema="[dbo]" Table="[TEUCountsByResolvedTED]" Alias="[cache]" Column="BlockTotal" />
                                  <ColumnReference Database="[OurLabReporting]" Schema="[dbo]" Table="[TEUCountsByResolvedTED]" Alias="[cache]" Column="Total" ComputedColumn="1" />
                                </OutputList>
                                <ComputeScalar>
                                  <DefinedValues>
                                    <DefinedValue>
                                      <ColumnReference Database="[OurLabReporting]" Schema="[dbo]" Table="[TEUCountsByResolvedTED]" Alias="[cache]" Column="Total" ComputedColumn="1" />
                                      <ScalarOperator ScalarString="[OurLabReporting].[dbo].[TEUCountsByResolvedTED].[PassTotal] as [cache].[PassTotal]+[OurLabReporting].[dbo].[TEUCountsByResolvedTED].[FailTotal] as [cache].[FailTotal]+[OurLabReporting].[dbo].[TEUCountsByResolvedTED].[WarnTotal] as [cache].[WarnTotal]+[OurLabReporting].[dbo].[TEUCountsByResolvedTED].[SkipTotal] as [cache].[SkipTotal]+[OurLabReporting].[dbo].[TEUCountsByResolvedTED].[BlockTotal] as [cache].[BlockTotal]">
                                        <Arithmetic Operation="ADD">
                                          <ScalarOperator>
                                            <Arithmetic Operation="ADD">
                                              <ScalarOperator>
                                                <Arithmetic Operation="ADD">
                                                  <ScalarOperator>
                                                    <Arithmetic Operation="ADD">
                                                      <ScalarOperator>
                                                        <Identifier>
                                                          <ColumnReference Database="[OurLabReporting]" Schema="[dbo]" Table="[TEUCountsByResolvedTED]" Alias="[cache]" Column="PassTotal" />
                                                        </Identifier>
                                                      </ScalarOperator>
                                                      <ScalarOperator>
                                                        <Identifier>
                                                          <ColumnReference Database="[OurLabReporting]" Schema="[dbo]" Table="[TEUCountsByResolvedTED]" Alias="[cache]" Column="FailTotal" />
                                                        </Identifier>
                                                      </ScalarOperator>
                                                    </Arithmetic>
                                                  </ScalarOperator>
                                                  <ScalarOperator>
                                                    <Identifier>
                                                      <ColumnReference Database="[OurLabReporting]" Schema="[dbo]" Table="[TEUCountsByResolvedTED]" Alias="[cache]" Column="WarnTotal" />
                                                    </Identifier>
                                                  </ScalarOperator>
                                                </Arithmetic>
                                              </ScalarOperator>
                                              <ScalarOperator>
                                                <Identifier>
                                                  <ColumnReference Database="[OurLabReporting]" Schema="[dbo]" Table="[TEUCountsByResolvedTED]" Alias="[cache]" Column="SkipTotal" />
                                                </Identifier>
                                              </ScalarOperator>
                                            </Arithmetic>
                                          </ScalarOperator>
                                          <ScalarOperator>
                                            <Identifier>
                                              <ColumnReference Database="[OurLabReporting]" Schema="[dbo]" Table="[TEUCountsByResolvedTED]" Alias="[cache]" Column="BlockTotal" />
                                            </Identifier>
                                          </ScalarOperator>
                                        </Arithmetic>
                                      </ScalarOperator>
                                    </DefinedValue>
                                  </DefinedValues>
                                  <RelOp NodeId="7" PhysicalOp="Clustered Index Seek" LogicalOp="Clustered Index Seek" EstimateRows="1" EstimateIO="0.003125" EstimateCPU="0.0001581" AvgRowSize="27" EstimatedTotalSubtreeCost="0.00626797" TableCardinality="1.37084e+006" Parallel="0" EstimateRebinds="1.61512" EstimateRewinds="0" EstimatedExecutionMode="Row">
                                    <OutputList>
                                      <ColumnReference Database="[OurLabReporting]" Schema="[dbo]" Table="[TEUCountsByResolvedTED]" Alias="[cache]" Column="PassTotal" />
                                      <ColumnReference Database="[OurLabReporting]" Schema="[dbo]" Table="[TEUCountsByResolvedTED]" Alias="[cache]" Column="FailTotal" />
                                      <ColumnReference Database="[OurLabReporting]" Schema="[dbo]" Table="[TEUCountsByResolvedTED]" Alias="[cache]" Column="WarnTotal" />
                                      <ColumnReference Database="[OurLabReporting]" Schema="[dbo]" Table="[TEUCountsByResolvedTED]" Alias="[cache]" Column="SkipTotal" />
                                      <ColumnReference Database="[OurLabReporting]" Schema="[dbo]" Table="[TEUCountsByResolvedTED]" Alias="[cache]" Column="BlockTotal" />
                                    </OutputList>
                                    <IndexScan Ordered="1" ScanDirection="FORWARD" ForcedIndex="0" ForceSeek="0" ForceScan="0" NoExpandHint="0" Storage="RowStore">
                                      <DefinedValues>
                                        <DefinedValue>
                                          <ColumnReference Database="[OurLabReporting]" Schema="[dbo]" Table="[TEUCountsByResolvedTED]" Alias="[cache]" Column="PassTotal" />
                                        </DefinedValue>
                                        <DefinedValue>
                                          <ColumnReference Database="[OurLabReporting]" Schema="[dbo]" Table="[TEUCountsByResolvedTED]" Alias="[cache]" Column="FailTotal" />
                                        </DefinedValue>
                                        <DefinedValue>
                                          <ColumnReference Database="[OurLabReporting]" Schema="[dbo]" Table="[TEUCountsByResolvedTED]" Alias="[cache]" Column="WarnTotal" />
                                        </DefinedValue>
                                        <DefinedValue>
                                          <ColumnReference Database="[OurLabReporting]" Schema="[dbo]" Table="[TEUCountsByResolvedTED]" Alias="[cache]" Column="SkipTotal" />
                                        </DefinedValue>
                                        <DefinedValue>
                                          <ColumnReference Database="[OurLabReporting]" Schema="[dbo]" Table="[TEUCountsByResolvedTED]" Alias="[cache]" Column="BlockTotal" />
                                        </DefinedValue>
                                      </DefinedValues>
                                      <Object Database="[OurLabReporting]" Schema="[dbo]" Table="[TEUCountsByResolvedTED]" Index="[TEUCountsByResolvedTED_PK]" Alias="[cache]" IndexKind="Clustered" />
                                      <SeekPredicates>
                                        <SeekPredicateNew>
                                          <SeekKeys>
                                            <Prefix ScanType="EQ">
                                              <RangeColumns>
                                                <ColumnReference Database="[OurLabReporting]" Schema="[dbo]" Table="[TEUCountsByResolvedTED]" Alias="[cache]" Column="ResolvedTEDId" />
                                              </RangeColumns>
                                              <RangeExpressions>
                                                <ScalarOperator ScalarString="[OurLabReporting].[dbo].[ResolvedTED].[Id] as [rted].[Id]">
                                                  <Identifier>
                                                    <ColumnReference Database="[OurLabReporting]" Schema="[dbo]" Table="[ResolvedTED]" Alias="[rted]" Column="Id" />
                                                  </Identifier>
                                                </ScalarOperator>
                                              </RangeExpressions>
                                            </Prefix>
                                          </SeekKeys>
                                        </SeekPredicateNew>
                                      </SeekPredicates>
                                    </IndexScan>
                                  </RelOp>
                                </ComputeScalar>
                              </RelOp>
                            </NestedLoops>
                          </RelOp>
                        </ComputeScalar>
                      </RelOp>
                    </StreamAggregate>
                  </RelOp>
                </QueryPlan>
              </StmtSimple>
              <StmtSimple StatementText="&#x9;SELECT @local_TotalTEUs = A.TotalTEUs&#xD;&#xA;&#x9;&#x9;&#x9;,@local_CompletedTEUs = A.TEUsCompleted&#xD;&#xA;&#x9;&#x9;&#x9;,@local_FailedTEUs = A.TEUsFailed&#xD;&#xA;&#x9;&#x9;&#x9;,@local_NotScheduledTEUs = A.TEUsNotScheduled&#xD;&#xA;&#x9;&#x9;FROM dbo.View_TEUAndTCCountsBySchedule AS A WITH (NOLOCK)&#xD;&#xA;&#x9;&#x9;WHERE A.ScheduleId = @local_ScheduleId&#xD;&#xA;" StatementId="15" StatementCompId="21" StatementType="SELECT" RetrievedFromCache="true" StatementSubTreeCost="0.0136279" StatementEstRows="1" StatementOptmLevel="FULL" QueryHash="0x1DF3750AA0E8AFB5" QueryPlanHash="0x9ADA3B952A7F201A" StatementOptmEarlyAbortReason="GoodEnoughPlanFound">
                <StatementSetOptions QUOTED_IDENTIFIER="true" ARITHABORT="true" CONCAT_NULL_YIELDS_NULL="true" ANSI_NULLS="true" ANSI_PADDING="true" ANSI_WARNINGS="true" NUMERIC_ROUNDABORT="false" />
                <QueryPlan NonParallelPlanReason="MaxDOPSetToOne" CachedPlanSize="40" CompileTime="12" CompileCPU="12" CompileMemory="2232">
                  <MemoryGrantInfo SerialRequiredMemory="0" SerialDesiredMemory="0" />
                  <OptimizerHardwareDependentProperties EstimatedAvailableMemoryGrant="193313" EstimatedPagesCached="773254" EstimatedAvailableDegreeOfParallelism="1" />
                  <RelOp NodeId="0" PhysicalOp="Stream Aggregate" LogicalOp="Aggregate" EstimateRows="1" EstimateIO="0" EstimateCPU="2.06907e-006" AvgRowSize="23" EstimatedTotalSubtreeCost="0.0136279" Parallel="0" EstimateRebinds="0" EstimateRewinds="0" EstimatedExecutionMode="Row">
                    <OutputList>
                      <ColumnReference Column="Expr1006" />
                      <ColumnReference Column="Expr1008" />
                      <ColumnReference Column="Expr1009" />
                      <ColumnReference Column="Expr1012" />
                    </OutputList>
                    <StreamAggregate>
                      <DefinedValues>
                        <DefinedValue>
                          <ColumnReference Column="Expr1006" />
                          <ScalarOperator ScalarString="SUM([OurLabReporting].[dbo].[TEUCountsByResolvedTED].[TEUsCompleted] as [cache].[TEUsCompleted])">
                            <Aggregate Distinct="0" AggType="SUM">
                              <ScalarOperator>
                                <Identifier>
                                  <ColumnReference Database="[OurLabReporting]" Schema="[dbo]" Table="[TEUCountsByResolvedTED]" Alias="[cache]" Column="TEUsCompleted" />
                                </Identifier>
                              </ScalarOperator>
                            </Aggregate>
                          </ScalarOperator>
                        </DefinedValue>
                        <DefinedValue>
                          <ColumnReference Column="Expr1008" />
                          <ScalarOperator ScalarString="SUM([OurLabReporting].[dbo].[TEUCountsByResolvedTED].[TEUsNotScheduled] as [cache].[TEUsNotScheduled])">
                            <Aggregate Distinct="0" AggType="SUM">
                              <ScalarOperator>
                                <Identifier>
                                  <ColumnReference Database="[OurLabReporting]" Schema="[dbo]" Table="[TEUCountsByResolvedTED]" Alias="[cache]" Column="TEUsNotScheduled" />
                                </Identifier>
                              </ScalarOperator>
                            </Aggregate>
                          </ScalarOperator>
                        </DefinedValue>
                        <DefinedValue>
                          <ColumnReference Column="Expr1009" />
                          <ScalarOperator ScalarString="SUM([OurLabReporting].[dbo].[TEUCountsByResolvedTED].[TEUsFailed] as [cache].[TEUsFailed])">
                            <Aggregate Distinct="0" AggType="SUM">
                              <ScalarOperator>
                                <Identifier>
                                  <ColumnReference Database="[OurLabReporting]" Schema="[dbo]" Table="[TEUCountsByResolvedTED]" Alias="[cache]" Column="TEUsFailed" />
                                </Identifier>
                              </ScalarOperator>
                            </Aggregate>
                          </ScalarOperator>
                        </DefinedValue>
                        <DefinedValue>
                          <ColumnReference Column="Expr1012" />
                          <ScalarOperator ScalarString="SUM([OurLabReporting].[dbo].[TEUCountsByResolvedTED].[TotalTEUs] as [cache].[TotalTEUs])">
                            <Aggregate Distinct="0" AggType="SUM">
                              <ScalarOperator>
                                <Identifier>
                                  <ColumnReference Database="[OurLabReporting]" Schema="[dbo]" Table="[TEUCountsByResolvedTED]" Alias="[cache]" Column="TotalTEUs" />
                                </Identifier>
                              </ScalarOperator>
                            </Aggregate>
                          </ScalarOperator>
                        </DefinedValue>
                      </DefinedValues>
                      <RelOp NodeId="1" PhysicalOp="Nested Loops" LogicalOp="Inner Join" EstimateRows="2.61512" EstimateIO="0" EstimateCPU="1.09312e-005" AvgRowSize="23" EstimatedTotalSubtreeCost="0.0136258" Parallel="0" EstimateRebinds="0" EstimateRewinds="0" EstimatedExecutionMode="Row">
                        <OutputList>
                          <ColumnReference Database="[OurLabReporting]" Schema="[dbo]" Table="[TEUCountsByResolvedTED]" Alias="[cache]" Column="TEUsCompleted" />
                          <ColumnReference Database="[OurLabReporting]" Schema="[dbo]" Table="[TEUCountsByResolvedTED]" Alias="[cache]" Column="TEUsNotScheduled" />
                          <ColumnReference Database="[OurLabReporting]" Schema="[dbo]" Table="[TEUCountsByResolvedTED]" Alias="[cache]" Column="TEUsFailed" />
                          <ColumnReference Database="[OurLabReporting]" Schema="[dbo]" Table="[TEUCountsByResolvedTED]" Alias="[cache]" Column="TotalTEUs" />
                        </OutputList>
                        <NestedLoops Optimized="0">
                          <OuterReferences>
                            <ColumnReference Database="[OurLabReporting]" Schema="[dbo]" Table="[ResolvedTED]" Alias="[rted]" Column="Id" />
                          </OuterReferences>
                          <RelOp NodeId="2" PhysicalOp="Nested Loops" LogicalOp="Inner Join" EstimateRows="2.61512" EstimateIO="0" EstimateCPU="1.09312e-005" AvgRowSize="11" EstimatedTotalSubtreeCost="0.0073469" Parallel="0" EstimateRebinds="0" EstimateRewinds="0" EstimatedExecutionMode="Row">
                            <OutputList>
                              <ColumnReference Database="[OurLabReporting]" Schema="[dbo]" Table="[ResolvedTED]" Alias="[rted]" Column="Id" />
                            </OutputList>
                            <NestedLoops Optimized="0">
                              <OuterReferences>
                                <ColumnReference Database="[OurLabReporting]" Schema="[dbo]" Table="[Mix]" Alias="[m]" Column="Id" />
                              </OuterReferences>
                              <RelOp NodeId="3" PhysicalOp="Index Seek" LogicalOp="Index Seek" EstimateRows="1.51525" EstimateIO="0.003125" EstimateCPU="0.000158667" AvgRowSize="11" EstimatedTotalSubtreeCost="0.00328367" TableCardinality="1.48176e+006" Parallel="0" EstimateRebinds="0" EstimateRewinds="0" EstimatedExecutionMode="Row">
                                <OutputList>
                                  <ColumnReference Database="[OurLabReporting]" Schema="[dbo]" Table="[Mix]" Alias="[m]" Column="Id" />
                                </OutputList>
                                <IndexScan Ordered="1" ScanDirection="FORWARD" ForcedIndex="0" ForceSeek="0" ForceScan="0" NoExpandHint="0" Storage="RowStore">
                                  <DefinedValues>
                                    <DefinedValue>
                                      <ColumnReference Database="[OurLabReporting]" Schema="[dbo]" Table="[Mix]" Alias="[m]" Column="Id" />
                                    </DefinedValue>
                                  </DefinedValues>
                                  <Object Database="[OurLabReporting]" Schema="[dbo]" Table="[Mix]" Index="[Mix_IDX_Schedule]" Alias="[m]" IndexKind="NonClustered" />
                                  <SeekPredicates>
                                    <SeekPredicateNew>
                                      <SeekKeys>
                                        <Prefix ScanType="EQ">
                                          <RangeColumns>
                                            <ColumnReference Database="[OurLabReporting]" Schema="[dbo]" Table="[Mix]" Alias="[m]" Column="ScheduleId" />
                                          </RangeColumns>
                                          <RangeExpressions>
                                            <ScalarOperator ScalarString="[@local_ScheduleId]">
                                              <Identifier>
                                                <ColumnReference Column="@local_ScheduleId" />
                                              </Identifier>
                                            </ScalarOperator>
                                          </RangeExpressions>
                                        </Prefix>
                                      </SeekKeys>
                                    </SeekPredicateNew>
                                  </SeekPredicates>
                                </IndexScan>
                              </RelOp>
                              <RelOp NodeId="4" PhysicalOp="Index Seek" LogicalOp="Index Seek" EstimateRows="1.72587" EstimateIO="0.003125" EstimateCPU="0.000158898" AvgRowSize="11" EstimatedTotalSubtreeCost="0.0040523" TableCardinality="1.37084e+006" Parallel="0" EstimateRebinds="0.515247" EstimateRewinds="0" EstimatedExecutionMode="Row">
                                <OutputList>
                                  <ColumnReference Database="[OurLabReporting]" Schema="[dbo]" Table="[ResolvedTED]" Alias="[rted]" Column="Id" />
                                </OutputList>
                                <IndexScan Ordered="1" ScanDirection="FORWARD" ForcedIndex="0" ForceSeek="0" ForceScan="0" NoExpandHint="0" Storage="RowStore">
                                  <DefinedValues>
                                    <DefinedValue>
                                      <ColumnReference Database="[OurLabReporting]" Schema="[dbo]" Table="[ResolvedTED]" Alias="[rted]" Column="Id" />
                                    </DefinedValue>
                                  </DefinedValues>
                                  <Object Database="[OurLabReporting]" Schema="[dbo]" Table="[ResolvedTED]" Index="[ResolvedTED_IDX_MixId]" Alias="[rted]" IndexKind="NonClustered" />
                                  <SeekPredicates>
                                    <SeekPredicateNew>
                                      <SeekKeys>
                                        <Prefix ScanType="EQ">
                                          <RangeColumns>
                                            <ColumnReference Database="[OurLabReporting]" Schema="[dbo]" Table="[ResolvedTED]" Alias="[rted]" Column="MixId" />
                                          </RangeColumns>
                                          <RangeExpressions>
                                            <ScalarOperator ScalarString="[OurLabReporting].[dbo].[Mix].[Id] as [m].[Id]">
                                              <Identifier>
                                                <ColumnReference Database="[OurLabReporting]" Schema="[dbo]" Table="[Mix]" Alias="[m]" Column="Id" />
                                              </Identifier>
                                            </ScalarOperator>
                                          </RangeExpressions>
                                        </Prefix>
                                      </SeekKeys>
                                    </SeekPredicateNew>
                                  </SeekPredicates>
                                </IndexScan>
                              </RelOp>
                            </NestedLoops>
                          </RelOp>
                          <RelOp NodeId="5" PhysicalOp="Clustered Index Seek" LogicalOp="Clustered Index Seek" EstimateRows="1" EstimateIO="0.003125" EstimateCPU="0.0001581" AvgRowSize="23" EstimatedTotalSubtreeCost="0.00626797" TableCardinality="1.37084e+006" Parallel="0" EstimateRebinds="1.61512" EstimateRewinds="0" EstimatedExecutionMode="Row">
                            <OutputList>
                              <ColumnReference Database="[OurLabReporting]" Schema="[dbo]" Table="[TEUCountsByResolvedTED]" Alias="[cache]" Column="TEUsCompleted" />
                              <ColumnReference Database="[OurLabReporting]" Schema="[dbo]" Table="[TEUCountsByResolvedTED]" Alias="[cache]" Column="TEUsNotScheduled" />
                              <ColumnReference Database="[OurLabReporting]" Schema="[dbo]" Table="[TEUCountsByResolvedTED]" Alias="[cache]" Column="TEUsFailed" />
                              <ColumnReference Database="[OurLabReporting]" Schema="[dbo]" Table="[TEUCountsByResolvedTED]" Alias="[cache]" Column="TotalTEUs" />
                            </OutputList>
                            <IndexScan Ordered="1" ScanDirection="FORWARD" ForcedIndex="0" ForceSeek="0" ForceScan="0" NoExpandHint="0" Storage="RowStore">
                              <DefinedValues>
                                <DefinedValue>
                                  <ColumnReference Database="[OurLabReporting]" Schema="[dbo]" Table="[TEUCountsByResolvedTED]" Alias="[cache]" Column="TEUsCompleted" />
                                </DefinedValue>
                                <DefinedValue>
                                  <ColumnReference Database="[OurLabReporting]" Schema="[dbo]" Table="[TEUCountsByResolvedTED]" Alias="[cache]" Column="TEUsNotScheduled" />
                                </DefinedValue>
                                <DefinedValue>
                                  <ColumnReference Database="[OurLabReporting]" Schema="[dbo]" Table="[TEUCountsByResolvedTED]" Alias="[cache]" Column="TEUsFailed" />
                                </DefinedValue>
                                <DefinedValue>
                                  <ColumnReference Database="[OurLabReporting]" Schema="[dbo]" Table="[TEUCountsByResolvedTED]" Alias="[cache]" Column="TotalTEUs" />
                                </DefinedValue>
                              </DefinedValues>
                              <Object Database="[OurLabReporting]" Schema="[dbo]" Table="[TEUCountsByResolvedTED]" Index="[TEUCountsByResolvedTED_PK]" Alias="[cache]" IndexKind="Clustered" />
                              <SeekPredicates>
                                <SeekPredicateNew>
                                  <SeekKeys>
                                    <Prefix ScanType="EQ">
                                      <RangeColumns>
                                        <ColumnReference Database="[OurLabReporting]" Schema="[dbo]" Table="[TEUCountsByResolvedTED]" Alias="[cache]" Column="ResolvedTEDId" />
                                      </RangeColumns>
                                      <RangeExpressions>
                                        <ScalarOperator ScalarString="[OurLabReporting].[dbo].[ResolvedTED].[Id] as [rted].[Id]">
                                          <Identifier>
                                            <ColumnReference Database="[OurLabReporting]" Schema="[dbo]" Table="[ResolvedTED]" Alias="[rted]" Column="Id" />
                                          </Identifier>
                                        </ScalarOperator>
                                      </RangeExpressions>
                                    </Prefix>
                                  </SeekKeys>
                                </SeekPredicateNew>
                              </SeekPredicates>
                            </IndexScan>
                          </RelOp>
                        </NestedLoops>
                      </RelOp>
                    </StreamAggregate>
                  </RelOp>
                </QueryPlan>
              </StmtSimple>
            </Statements>
          </Then>
        </StmtCond>
        <StmtCond StatementText="&#x9;END&#xD;&#xA;&#xD;&#xA;&#x9;-- Get the details for the MachineSet&#xD;&#xA;&#x9;IF (@MachineSetId IS NOT NULL)&#xD;&#xA;" StatementId="16" StatementCompId="23" StatementType="COND" RetrievedFromCache="true">
          <Condition />
          <Then>
            <Statements>
              <StmtSimple StatementText="&#x9;BEGIN&#xD;&#xA;&#x9;&#x9;SELECT @local_MixId = dbo.MachineSet.MixId&#xD;&#xA;&#x9;&#x9;&#x9;,@local_ScheduleId = dbo.Mix.ScheduleId&#xD;&#xA;&#x9;&#x9;&#x9;,@local_ResolvedTEDId = dbo.MachineSet.ResolvedTEDId&#xD;&#xA;&#x9;&#x9;FROM dbo.MachineSet WITH (NOLOCK)&#xD;&#xA;&#x9;&#x9;INNER JOIN dbo.Mix WITH (NOLOCK) ON dbo.Mix.Id = dbo.MachineSet.MixId&#xD;&#xA;&#x9;&#x9;WHERE dbo.MachineSet.Id = @MachineSetId&#xD;&#xA;&#xD;&#xA;&#x9;" StatementId="17" StatementCompId="24" StatementType="SELECT" RetrievedFromCache="true" StatementSubTreeCost="0.00657038" StatementEstRows="1" StatementOptmLevel="FULL" QueryHash="0x5EE45B6E72B9B262" QueryPlanHash="0x821239644645E3B6" StatementOptmEarlyAbortReason="GoodEnoughPlanFound">
                <StatementSetOptions QUOTED_IDENTIFIER="true" ARITHABORT="true" CONCAT_NULL_YIELDS_NULL="true" ANSI_NULLS="true" ANSI_PADDING="true" ANSI_WARNINGS="true" NUMERIC_ROUNDABORT="false" />
                <QueryPlan NonParallelPlanReason="MaxDOPSetToOne" CachedPlanSize="16" CompileTime="4" CompileCPU="4" CompileMemory="1936">
                  <MemoryGrantInfo SerialRequiredMemory="0" SerialDesiredMemory="0" />
                  <OptimizerHardwareDependentProperties EstimatedAvailableMemoryGrant="193313" EstimatedPagesCached="773254" EstimatedAvailableDegreeOfParallelism="1" />
                  <RelOp NodeId="0" PhysicalOp="Nested Loops" LogicalOp="Inner Join" EstimateRows="1" EstimateIO="0" EstimateCPU="4.18e-006" AvgRowSize="19" EstimatedTotalSubtreeCost="0.00657038" Parallel="0" EstimateRebinds="0" EstimateRewinds="0" EstimatedExecutionMode="Row">
                    <OutputList>
                      <ColumnReference Database="[OurLabReporting]" Schema="[dbo]" Table="[MachineSet]" Column="MixId" />
                      <ColumnReference Database="[OurLabReporting]" Schema="[dbo]" Table="[MachineSet]" Column="ResolvedTEDId" />
                      <ColumnReference Database="[OurLabReporting]" Schema="[dbo]" Table="[Mix]" Column="ScheduleId" />
                    </OutputList>
                    <NestedLoops Optimized="0">
                      <OuterReferences>
                        <ColumnReference Database="[OurLabReporting]" Schema="[dbo]" Table="[MachineSet]" Column="MixId" />
                      </OuterReferences>
                      <RelOp NodeId="1" PhysicalOp="Clustered Index Seek" LogicalOp="Clustered Index Seek" EstimateRows="1" EstimateIO="0.003125" EstimateCPU="0.0001581" AvgRowSize="15" EstimatedTotalSubtreeCost="0.0032831" TableCardinality="1.23247e+007" Parallel="0" EstimateRebinds="0" EstimateRewinds="0" EstimatedExecutionMode="Row">
                        <OutputList>
                          <ColumnReference Database="[OurLabReporting]" Schema="[dbo]" Table="[MachineSet]" Column="MixId" />
                          <ColumnReference Database="[OurLabReporting]" Schema="[dbo]" Table="[MachineSet]" Column="ResolvedTEDId" />
                        </OutputList>
                        <IndexScan Ordered="1" ScanDirection="FORWARD" ForcedIndex="0" ForceSeek="0" ForceScan="0" NoExpandHint="0" Storage="RowStore">
                          <DefinedValues>
                            <DefinedValue>
                              <ColumnReference Database="[OurLabReporting]" Schema="[dbo]" Table="[MachineSet]" Column="MixId" />
                            </DefinedValue>
                            <DefinedValue>
                              <ColumnReference Database="[OurLabReporting]" Schema="[dbo]" Table="[MachineSet]" Column="ResolvedTEDId" />
                            </DefinedValue>
                          </DefinedValues>
                          <Object Database="[OurLabReporting]" Schema="[dbo]" Table="[MachineSet]" Index="[MachineSet_PK]" IndexKind="Clustered" />
                          <SeekPredicates>
                            <SeekPredicateNew>
                              <SeekKeys>
                                <Prefix ScanType="EQ">
                                  <RangeColumns>
                                    <ColumnReference Database="[OurLabReporting]" Schema="[dbo]" Table="[MachineSet]" Column="Id" />
                                  </RangeColumns>
                                  <RangeExpressions>
                                    <ScalarOperator ScalarString="[@MachineSetId]">
                                      <Identifier>
                                        <ColumnReference Column="@MachineSetId" />
                                      </Identifier>
                                    </ScalarOperator>
                                  </RangeExpressions>
                                </Prefix>
                              </SeekKeys>
                            </SeekPredicateNew>
                          </SeekPredicates>
                        </IndexScan>
                      </RelOp>
                      <RelOp NodeId="2" PhysicalOp="Index Seek" LogicalOp="Index Seek" EstimateRows="1" EstimateIO="0.003125" EstimateCPU="0.0001581" AvgRowSize="11" EstimatedTotalSubtreeCost="0.0032831" TableCardinality="1.48176e+006" Parallel="0" EstimateRebinds="0" EstimateRewinds="0" EstimatedExecutionMode="Row">
                        <OutputList>
                          <ColumnReference Database="[OurLabReporting]" Schema="[dbo]" Table="[Mix]" Column="ScheduleId" />
                        </OutputList>
                        <IndexScan Ordered="1" ScanDirection="FORWARD" ForcedIndex="0" ForceSeek="0" ForceScan="0" NoExpandHint="0" Storage="RowStore">
                          <DefinedValues>
                            <DefinedValue>
                              <ColumnReference Database="[OurLabReporting]" Schema="[dbo]" Table="[Mix]" Column="ScheduleId" />
                            </DefinedValue>
                          </DefinedValues>
                          <Object Database="[OurLabReporting]" Schema="[dbo]" Table="[Mix]" Index="[Mix_IDX_Id]" IndexKind="NonClustered" />
                          <SeekPredicates>
                            <SeekPredicateNew>
                              <SeekKeys>
                                <Prefix ScanType="EQ">
                                  <RangeColumns>
                                    <ColumnReference Database="[OurLabReporting]" Schema="[dbo]" Table="[Mix]" Column="Id" />
                                  </RangeColumns>
                                  <RangeExpressions>
                                    <ScalarOperator ScalarString="[OurLabReporting].[dbo].[MachineSet].[MixId]">
                                      <Identifier>
                                        <ColumnReference Database="[OurLabReporting]" Schema="[dbo]" Table="[MachineSet]" Column="MixId" />
                                      </Identifier>
                                    </ScalarOperator>
                                  </RangeExpressions>
                                </Prefix>
                              </SeekKeys>
                            </SeekPredicateNew>
                          </SeekPredicates>
                        </IndexScan>
                      </RelOp>
                    </NestedLoops>
                  </RelOp>
                  <ParameterList>
                    <ColumnReference Column="@MachineSetId" ParameterCompiledValue="(12456405)" />
                  </ParameterList>
                </QueryPlan>
              </StmtSimple>
              <StmtSimple StatementText="&#x9;SELECT @local_TEDName = dbo.ResolvedTED.NAME&#xD;&#xA;&#x9;&#x9;&#x9;,@local_ResolvedTEDName = dbo.ResolvedTED.ResolvedName&#xD;&#xA;&#x9;&#x9;&#x9;,@local_TEDExecutionLink = dbo.ResolvedTED.ExecutionStatusLink&#xD;&#xA;&#x9;&#x9;&#x9;,@local_ResolvedTEDStartTime = dbo.ResolvedTED.StartDate&#xD;&#xA;&#x9;&#x9;&#x9;,@local_ResolvedTEDEndTime = dbo.ResolvedTED.EndDate&#xD;&#xA;&#x9;&#x9;&#x9;,@local_ResolvedTEDStatus = dbo.[Status].[Status]&#xD;&#xA;&#x9;&#x9;&#x9;,@local_EnvComments = dbo.ResolvedTED.Comments&#xD;&#xA;&#x9;&#x9;FROM dbo.ResolvedTED WITH (NOLOCK)&#xD;&#xA;&#x9;&#x9;LEFT JOIN dbo.[Status] WITH (NOLOCK) ON dbo.[Status].Id = dbo.ResolvedTED.StatusId&#xD;&#xA;&#x9;&#x9;WHERE dbo.ResolvedTED.Id = @local_ResolvedTEDId&#xD;&#xA;&#xD;&#xA;&#x9;" StatementId="18" StatementCompId="25" StatementType="SELECT" RetrievedFromCache="true" StatementSubTreeCost="0.00657058" StatementEstRows="1" StatementOptmLevel="FULL" QueryHash="0xEB21D3C45C970DCD" QueryPlanHash="0xCBFEFD9A95DBD5B5" StatementOptmEarlyAbortReason="GoodEnoughPlanFound">
                <StatementSetOptions QUOTED_IDENTIFIER="true" ARITHABORT="true" CONCAT_NULL_YIELDS_NULL="true" ANSI_NULLS="true" ANSI_PADDING="true" ANSI_WARNINGS="true" NUMERIC_ROUNDABORT="false" />
                <QueryPlan NonParallelPlanReason="MaxDOPSetToOne" CachedPlanSize="24" CompileTime="3" CompileCPU="3" CompileMemory="1840">
                  <MemoryGrantInfo SerialRequiredMemory="0" SerialDesiredMemory="0" />
                  <OptimizerHardwareDependentProperties EstimatedAvailableMemoryGrant="193313" EstimatedPagesCached="773254" EstimatedAvailableDegreeOfParallelism="1" />
                  <RelOp NodeId="0" PhysicalOp="Compute Scalar" LogicalOp="Compute Scalar" EstimateRows="1" EstimateIO="0" EstimateCPU="1e-007" AvgRowSize="2709" EstimatedTotalSubtreeCost="0.00657058" Parallel="0" EstimateRebinds="0" EstimateRewinds="0" EstimatedExecutionMode="Row">
                    <OutputList>
                      <ColumnReference Database="[OurLabReporting]" Schema="[dbo]" Table="[ResolvedTED]" Column="Name" />
                      <ColumnReference Database="[OurLabReporting]" Schema="[dbo]" Table="[ResolvedTED]" Column="ExecutionStatusLink" />
                      <ColumnReference Database="[OurLabReporting]" Schema="[dbo]" Table="[ResolvedTED]" Column="ResolvedName" />
                      <ColumnReference Database="[OurLabReporting]" Schema="[dbo]" Table="[ResolvedTED]" Column="StartDate" />
                      <ColumnReference Database="[OurLabReporting]" Schema="[dbo]" Table="[ResolvedTED]" Column="EndDate" />
                      <ColumnReference Column="Expr1006" />
                      <ColumnReference Column="Expr1007" />
                    </OutputList>
                    <ComputeScalar>
                      <DefinedValues>
                        <DefinedValue>
                          <ColumnReference Column="Expr1006" />
                          <ScalarOperator ScalarString="CONVERT_IMPLICIT(nvarchar(200),[OurLabReporting].[dbo].[Status].[Status],0)">
                            <Convert DataType="nvarchar" Length="400" Style="0" Implicit="1">
                              <ScalarOperator>
                                <Identifier>
                                  <ColumnReference Database="[OurLabReporting]" Schema="[dbo]" Table="[Status]" Column="Status" />
                                </Identifier>
                              </ScalarOperator>
                            </Convert>
                          </ScalarOperator>
                        </DefinedValue>
                      </DefinedValues>
                      <RelOp NodeId="1" PhysicalOp="Nested Loops" LogicalOp="Left Outer Join" EstimateRows="1" EstimateIO="0" EstimateCPU="4.18e-006" AvgRowSize="2609" EstimatedTotalSubtreeCost="0.00657048" Parallel="0" EstimateRebinds="0" EstimateRewinds="0" EstimatedExecutionMode="Row">
                        <OutputList>
                          <ColumnReference Database="[OurLabReporting]" Schema="[dbo]" Table="[ResolvedTED]" Column="Name" />
                          <ColumnReference Database="[OurLabReporting]" Schema="[dbo]" Table="[ResolvedTED]" Column="ExecutionStatusLink" />
                          <ColumnReference Database="[OurLabReporting]" Schema="[dbo]" Table="[ResolvedTED]" Column="ResolvedName" />
                          <ColumnReference Database="[OurLabReporting]" Schema="[dbo]" Table="[ResolvedTED]" Column="StartDate" />
                          <ColumnReference Database="[OurLabReporting]" Schema="[dbo]" Table="[ResolvedTED]" Column="EndDate" />
                          <ColumnReference Database="[OurLabReporting]" Schema="[dbo]" Table="[Status]" Column="Status" />
                          <ColumnReference Column="Expr1007" />
                        </OutputList>
                        <NestedLoops Optimized="0">
                          <OuterReferences>
                            <ColumnReference Database="[OurLabReporting]" Schema="[dbo]" Table="[ResolvedTED]" Column="StatusId" />
                          </OuterReferences>
                          <RelOp NodeId="2" PhysicalOp="Compute Scalar" LogicalOp="Compute Scalar" EstimateRows="1" EstimateIO="0" EstimateCPU="1e-007" AvgRowSize="2511" EstimatedTotalSubtreeCost="0.0032832" Parallel="0" EstimateRebinds="0" EstimateRewinds="0" EstimatedExecutionMode="Row">
                            <OutputList>
                              <ColumnReference Database="[OurLabReporting]" Schema="[dbo]" Table="[ResolvedTED]" Column="Name" />
                              <ColumnReference Database="[OurLabReporting]" Schema="[dbo]" Table="[ResolvedTED]" Column="ExecutionStatusLink" />
                              <ColumnReference Database="[OurLabReporting]" Schema="[dbo]" Table="[ResolvedTED]" Column="ResolvedName" />
                              <ColumnReference Database="[OurLabReporting]" Schema="[dbo]" Table="[ResolvedTED]" Column="StartDate" />
                              <ColumnReference Database="[OurLabReporting]" Schema="[dbo]" Table="[ResolvedTED]" Column="EndDate" />
                              <ColumnReference Database="[OurLabReporting]" Schema="[dbo]" Table="[ResolvedTED]" Column="StatusId" />
                              <ColumnReference Column="Expr1007" />
                            </OutputList>
                            <ComputeScalar>
                              <DefinedValues>
                                <DefinedValue>
                                  <ColumnReference Column="Expr1007" />
                                  <ScalarOperator ScalarString="CONVERT_IMPLICIT(nvarchar(250),[OurLabReporting].[dbo].[ResolvedTED].[Comments],0)">
                                    <Convert DataType="nvarchar" Length="500" Style="0" Implicit="1">
                                      <ScalarOperator>
                                        <Identifier>
                                          <ColumnReference Database="[OurLabReporting]" Schema="[dbo]" Table="[ResolvedTED]" Column="Comments" />
                                        </Identifier>
                                      </ScalarOperator>
                                    </Convert>
                                  </ScalarOperator>
                                </DefinedValue>
                              </DefinedValues>
                              <RelOp NodeId="3" PhysicalOp="Clustered Index Seek" LogicalOp="Clustered Index Seek" EstimateRows="1" EstimateIO="0.003125" EstimateCPU="0.0001581" AvgRowSize="3261" EstimatedTotalSubtreeCost="0.0032831" TableCardinality="1.37084e+006" Parallel="0" EstimateRebinds="0" EstimateRewinds="0" EstimatedExecutionMode="Row">
                                <OutputList>
                                  <ColumnReference Database="[OurLabReporting]" Schema="[dbo]" Table="[ResolvedTED]" Column="Name" />
                                  <ColumnReference Database="[OurLabReporting]" Schema="[dbo]" Table="[ResolvedTED]" Column="ExecutionStatusLink" />
                                  <ColumnReference Database="[OurLabReporting]" Schema="[dbo]" Table="[ResolvedTED]" Column="ResolvedName" />
                                  <ColumnReference Database="[OurLabReporting]" Schema="[dbo]" Table="[ResolvedTED]" Column="StartDate" />
                                  <ColumnReference Database="[OurLabReporting]" Schema="[dbo]" Table="[ResolvedTED]" Column="EndDate" />
                                  <ColumnReference Database="[OurLabReporting]" Schema="[dbo]" Table="[ResolvedTED]" Column="Comments" />
                                  <ColumnReference Database="[OurLabReporting]" Schema="[dbo]" Table="[ResolvedTED]" Column="StatusId" />
                                </OutputList>
                                <IndexScan Ordered="1" ScanDirection="FORWARD" ForcedIndex="0" ForceSeek="0" ForceScan="0" NoExpandHint="0" Storage="RowStore">
                                  <DefinedValues>
                                    <DefinedValue>
                                      <ColumnReference Database="[OurLabReporting]" Schema="[dbo]" Table="[ResolvedTED]" Column="Name" />
                                    </DefinedValue>
                                    <DefinedValue>
                                      <ColumnReference Database="[OurLabReporting]" Schema="[dbo]" Table="[ResolvedTED]" Column="ExecutionStatusLink" />
                                    </DefinedValue>
                                    <DefinedValue>
                                      <ColumnReference Database="[OurLabReporting]" Schema="[dbo]" Table="[ResolvedTED]" Column="ResolvedName" />
                                    </DefinedValue>
                                    <DefinedValue>
                                      <ColumnReference Database="[OurLabReporting]" Schema="[dbo]" Table="[ResolvedTED]" Column="StartDate" />
                                    </DefinedValue>
                                    <DefinedValue>
                                      <ColumnReference Database="[OurLabReporting]" Schema="[dbo]" Table="[ResolvedTED]" Column="EndDate" />
                                    </DefinedValue>
                                    <DefinedValue>
                                      <ColumnReference Database="[OurLabReporting]" Schema="[dbo]" Table="[ResolvedTED]" Column="Comments" />
                                    </DefinedValue>
                                    <DefinedValue>
                                      <ColumnReference Database="[OurLabReporting]" Schema="[dbo]" Table="[ResolvedTED]" Column="StatusId" />
                                    </DefinedValue>
                                  </DefinedValues>
                                  <Object Database="[OurLabReporting]" Schema="[dbo]" Table="[ResolvedTED]" Index="[ResolvedTED_PK]" IndexKind="Clustered" />
                                  <SeekPredicates>
                                    <SeekPredicateNew>
                                      <SeekKeys>
                                        <Prefix ScanType="EQ">
                                          <RangeColumns>
                                            <ColumnReference Database="[OurLabReporting]" Schema="[dbo]" Table="[ResolvedTED]" Column="Id" />
                                          </RangeColumns>
                                          <RangeExpressions>
                                            <ScalarOperator ScalarString="[@local_ResolvedTEDId]">
                                              <Identifier>
                                                <ColumnReference Column="@local_ResolvedTEDId" />
                                              </Identifier>
                                            </ScalarOperator>
                                          </RangeExpressions>
                                        </Prefix>
                                      </SeekKeys>
                                    </SeekPredicateNew>
                                  </SeekPredicates>
                                </IndexScan>
                              </RelOp>
                            </ComputeScalar>
                          </RelOp>
                          <RelOp NodeId="7" PhysicalOp="Clustered Index Seek" LogicalOp="Clustered Index Seek" EstimateRows="1" EstimateIO="0.003125" EstimateCPU="0.0001581" AvgRowSize="111" EstimatedTotalSubtreeCost="0.0032831" TableCardinality="96" Parallel="0" EstimateRebinds="0" EstimateRewinds="0" EstimatedExecutionMode="Row">
                            <OutputList>
                              <ColumnReference Database="[OurLabReporting]" Schema="[dbo]" Table="[Status]" Column="Status" />
                            </OutputList>
                            <IndexScan Ordered="1" ScanDirection="FORWARD" ForcedIndex="0" ForceSeek="0" ForceScan="0" NoExpandHint="0" Storage="RowStore">
                              <DefinedValues>
                                <DefinedValue>
                                  <ColumnReference Database="[OurLabReporting]" Schema="[dbo]" Table="[Status]" Column="Status" />
                                </DefinedValue>
                              </DefinedValues>
                              <Object Database="[OurLabReporting]" Schema="[dbo]" Table="[Status]" Index="[Status_PK]" IndexKind="Clustered" />
                              <SeekPredicates>
                                <SeekPredicateNew>
                                  <SeekKeys>
                                    <Prefix ScanType="EQ">
                                      <RangeColumns>
                                        <ColumnReference Database="[OurLabReporting]" Schema="[dbo]" Table="[Status]" Column="Id" />
                                      </RangeColumns>
                                      <RangeExpressions>
                                        <ScalarOperator ScalarString="[OurLabReporting].[dbo].[ResolvedTED].[StatusId]">
                                          <Identifier>
                                            <ColumnReference Database="[OurLabReporting]" Schema="[dbo]" Table="[ResolvedTED]" Column="StatusId" />
                                          </Identifier>
                                        </ScalarOperator>
                                      </RangeExpressions>
                                    </Prefix>
                                  </SeekKeys>
                                </SeekPredicateNew>
                              </SeekPredicates>
                            </IndexScan>
                          </RelOp>
                        </NestedLoops>
                      </RelOp>
                    </ComputeScalar>
                  </RelOp>
                </QueryPlan>
              </StmtSimple>
              <StmtSimple StatementText="&#x9;SELECT @local_TEUId = dbo.TEU.Id&#xD;&#xA;&#x9;&#x9;FROM dbo.TEU WITH (NOLOCK)&#xD;&#xA;&#x9;&#x9;WHERE dbo.TEU.ResolvedTEDId = @local_ResolvedTEDId&#xD;&#xA;&#xD;&#xA;&#x9;" StatementId="19" StatementCompId="26" StatementType="SELECT" RetrievedFromCache="true" StatementSubTreeCost="0.0432083" StatementEstRows="2674.87" StatementOptmLevel="TRIVIAL" QueryHash="0xBA0E457FC4DBF693" QueryPlanHash="0xCE6167A685A36044">
                <StatementSetOptions QUOTED_IDENTIFIER="true" ARITHABORT="true" CONCAT_NULL_YIELDS_NULL="true" ANSI_NULLS="true" ANSI_PADDING="true" ANSI_WARNINGS="true" NUMERIC_ROUNDABORT="false" />
                <QueryPlan NonParallelPlanReason="MaxDOPSetToOne" CachedPlanSize="16" CompileTime="1" CompileCPU="1" CompileMemory="1768">
                  <MemoryGrantInfo SerialRequiredMemory="0" SerialDesiredMemory="0" />
                  <OptimizerHardwareDependentProperties EstimatedAvailableMemoryGrant="193313" EstimatedPagesCached="773254" EstimatedAvailableDegreeOfParallelism="1" />
                  <RelOp NodeId="0" PhysicalOp="Index Seek" LogicalOp="Index Seek" EstimateRows="2674.87" EstimateIO="0.0401089" EstimateCPU="0.00309936" AvgRowSize="15" EstimatedTotalSubtreeCost="0.0432083" TableCardinality="4.12024e+007" Parallel="0" EstimateRebinds="0" EstimateRewinds="0" EstimatedExecutionMode="Row">
                    <OutputList>
                      <ColumnReference Database="[OurLabReporting]" Schema="[dbo]" Table="[TEU]" Column="Id" />
                    </OutputList>
                    <IndexScan Ordered="1" ScanDirection="FORWARD" ForcedIndex="0" ForceSeek="0" ForceScan="0" NoExpandHint="0" Storage="RowStore">
                      <DefinedValues>
                        <DefinedValue>
                          <ColumnReference Database="[OurLabReporting]" Schema="[dbo]" Table="[TEU]" Column="Id" />
                        </DefinedValue>
                      </DefinedValues>
                      <Object Database="[OurLabReporting]" Schema="[dbo]" Table="[TEU]" Index="[Teu_IDX_ResolvedTED]" IndexKind="NonClustered" />
                      <SeekPredicates>
                        <SeekPredicateNew>
                          <SeekKeys>
                            <Prefix ScanType="EQ">
                              <RangeColumns>
                                <ColumnReference Database="[OurLabReporting]" Schema="[dbo]" Table="[TEU]" Column="ResolvedTEDId" />
                              </RangeColumns>
                              <RangeExpressions>
                                <ScalarOperator ScalarString="[@local_ResolvedTEDId]">
                                  <Identifier>
                                    <ColumnReference Column="@local_ResolvedTEDId" />
                                  </Identifier>
                                </ScalarOperator>
                              </RangeExpressions>
                            </Prefix>
                          </SeekKeys>
                        </SeekPredicateNew>
                      </SeekPredicates>
                    </IndexScan>
                  </RelOp>
                </QueryPlan>
              </StmtSimple>
              <StmtSimple StatementText="&#x9;SELECT @local_PrimaryRoleId = dbo.TEU.PrimaryRoleId&#xD;&#xA;&#x9;&#x9;&#x9;,@local_MachineSetExecutionLink = dbo.MachineSet.ExecutionStatusLink&#xD;&#xA;&#x9;&#x9;&#x9;,@local_ResultLink = dbo.MachineSet.CustomExecutionFilePath&#xD;&#xA;&#x9;&#x9;&#x9;,@local_TEUId = dbo.TEU.Id&#xD;&#xA;&#x9;&#x9;&#x9;,@local_TEUName = dbo.TEU.NAME&#xD;&#xA;&#x9;&#x9;&#x9;,@local_TEUOwner = dbo.TEU.[Owner]&#xD;&#xA;&#x9;&#x9;&#x9;,@local_TEUStatus = dbo.[Status].[Status]&#xD;&#xA;&#x9;&#x9;&#x9;,@local_TEULogDirectory = dbo.TEU.RunLogDirectory&#xD;&#xA;&#x9;&#x9;&#x9;,@local_FeaturePath = dbo.FeaturePath.[Path]&#xD;&#xA;&#x9;&#x9;&#x9;,@local_FeaturePathId = dbo.FeaturePath.Id&#xD;&#xA;&#x9;&#x9;&#x9;,@local_CustomUnc = dbo.TEU.CustomUnc&#xD;&#xA;&#x9;&#x9;&#x9;,@local_CustomUrl = dbo.TEU.CustomUrl&#xD;&#xA;&#x9;&#x9;&#x9;,@local_TEUHasUploaded = dbo.TEU.UploadComplete&#xD;&#xA;&#x9;&#x9;&#x9;,@local_TEUHasExecutionFailures = dbo.TEU.HasExecutionFailures&#xD;&#xA;&#x9;&#x9;&#x9;,@local_AdditionalInfo = dbo.TEU.AdditionalInfo&#xD;&#xA;&#x9;&#x9;FROM dbo.TEU WITH (NOLOCK)&#xD;&#xA;&#x9;&#x9;LEFT JOIN dbo.MachineSet WITH (NOLOCK) ON dbo.TEU.MachineSetId = dbo.MachineSet.Id&#xD;&#xA;&#x9;&#x9;LEFT JOIN dbo.FeaturePath WITH (NOLOCK) ON dbo.TEU.FeaturePathId = dbo.FeaturePath.Id&#xD;&#xA;&#x9;&#x9;INNER JOIN dbo.[Status] WITH (NOLOCK) ON dbo.TEU.StatusId = dbo.[Status].Id&#xD;&#xA;&#x9;&#x9;WHERE dbo.TEU.Id = @local_TEUId&#xD;&#xA;&#xD;&#xA;&#x9;" StatementId="20" StatementCompId="27" StatementType="SELECT" RetrievedFromCache="true" StatementSubTreeCost="0.013145" StatementEstRows="1" StatementOptmLevel="FULL" QueryHash="0x7D92F287F6462029" QueryPlanHash="0x8AB0533E46F3FF7F" StatementOptmEarlyAbortReason="GoodEnoughPlanFound">
                <StatementSetOptions QUOTED_IDENTIFIER="true" ARITHABORT="true" CONCAT_NULL_YIELDS_NULL="true" ANSI_NULLS="true" ANSI_PADDING="true" ANSI_WARNINGS="true" NUMERIC_ROUNDABORT="false" />
                <QueryPlan NonParallelPlanReason="MaxDOPSetToOne" CachedPlanSize="48" CompileTime="7" CompileCPU="7" CompileMemory="2120">
                  <MemoryGrantInfo SerialRequiredMemory="0" SerialDesiredMemory="0" />
                  <OptimizerHardwareDependentProperties EstimatedAvailableMemoryGrant="193313" EstimatedPagesCached="773254" EstimatedAvailableDegreeOfParallelism="1" />
                  <RelOp NodeId="0" PhysicalOp="Nested Loops" LogicalOp="Left Outer Join" EstimateRows="1" EstimateIO="0" EstimateCPU="4.18e-006" AvgRowSize="5079" EstimatedTotalSubtreeCost="0.013145" Parallel="0" EstimateRebinds="0" EstimateRewinds="0" EstimatedExecutionMode="Row">
                    <OutputList>
                      <ColumnReference Database="[OurLabReporting]" Schema="[dbo]" Table="[TEU]" Column="Id" />
                      <ColumnReference Database="[OurLabReporting]" Schema="[dbo]" Table="[TEU]" Column="Name" />
                      <ColumnReference Database="[OurLabReporting]" Schema="[dbo]" Table="[TEU]" Column="Owner" />
                      <ColumnReference Database="[OurLabReporting]" Schema="[dbo]" Table="[TEU]" Column="RunLogDirectory" />
                      <ColumnReference Database="[OurLabReporting]" Schema="[dbo]" Table="[TEU]" Column="UploadComplete" />
                      <ColumnReference Database="[OurLabReporting]" Schema="[dbo]" Table="[TEU]" Column="CustomUrl" />
                      <ColumnReference Database="[OurLabReporting]" Schema="[dbo]" Table="[TEU]" Column="CustomUnc" />
                      <ColumnReference Database="[OurLabReporting]" Schema="[dbo]" Table="[TEU]" Column="HasExecutionFailures" />
                      <ColumnReference Database="[OurLabReporting]" Schema="[dbo]" Table="[TEU]" Column="AdditionalInfo" />
                      <ColumnReference Database="[OurLabReporting]" Schema="[dbo]" Table="[TEU]" Column="PrimaryRoleId" />
                      <ColumnReference Database="[OurLabReporting]" Schema="[dbo]" Table="[MachineSet]" Column="ExecutionStatusLink" />
                      <ColumnReference Database="[OurLabReporting]" Schema="[dbo]" Table="[MachineSet]" Column="CustomExecutionFilePath" />
                      <ColumnReference Database="[OurLabReporting]" Schema="[dbo]" Table="[FeaturePath]" Column="Id" />
                      <ColumnReference Database="[OurLabReporting]" Schema="[dbo]" Table="[FeaturePath]" Column="Path" />
                      <ColumnReference Column="Expr1012" />
                    </OutputList>
                    <NestedLoops Optimized="0">
                      <OuterReferences>
                        <ColumnReference Database="[OurLabReporting]" Schema="[dbo]" Table="[TEU]" Column="FeaturePathId" />
                      </OuterReferences>
                      <RelOp NodeId="1" PhysicalOp="Nested Loops" LogicalOp="Left Outer Join" EstimateRows="1" EstimateIO="0" EstimateCPU="4.18e-006" AvgRowSize="4677" EstimatedTotalSubtreeCost="0.00985776" Parallel="0" EstimateRebinds="0" EstimateRewinds="0" EstimatedExecutionMode="Row">
                        <OutputList>
                          <ColumnReference Database="[OurLabReporting]" Schema="[dbo]" Table="[TEU]" Column="Id" />
                          <ColumnReference Database="[OurLabReporting]" Schema="[dbo]" Table="[TEU]" Column="Name" />
                          <ColumnReference Database="[OurLabReporting]" Schema="[dbo]" Table="[TEU]" Column="Owner" />
                          <ColumnReference Database="[OurLabReporting]" Schema="[dbo]" Table="[TEU]" Column="RunLogDirectory" />
                          <ColumnReference Database="[OurLabReporting]" Schema="[dbo]" Table="[TEU]" Column="UploadComplete" />
                          <ColumnReference Database="[OurLabReporting]" Schema="[dbo]" Table="[TEU]" Column="CustomUrl" />
                          <ColumnReference Database="[OurLabReporting]" Schema="[dbo]" Table="[TEU]" Column="CustomUnc" />
                          <ColumnReference Database="[OurLabReporting]" Schema="[dbo]" Table="[TEU]" Column="HasExecutionFailures" />
                          <ColumnReference Database="[OurLabReporting]" Schema="[dbo]" Table="[TEU]" Column="AdditionalInfo" />
                          <ColumnReference Database="[OurLabReporting]" Schema="[dbo]" Table="[TEU]" Column="FeaturePathId" />
                          <ColumnReference Database="[OurLabReporting]" Schema="[dbo]" Table="[TEU]" Column="PrimaryRoleId" />
                          <ColumnReference Database="[OurLabReporting]" Schema="[dbo]" Table="[MachineSet]" Column="ExecutionStatusLink" />
                          <ColumnReference Database="[OurLabReporting]" Schema="[dbo]" Table="[MachineSet]" Column="CustomExecutionFilePath" />
                          <ColumnReference Column="Expr1012" />
                        </OutputList>
                        <NestedLoops Optimized="0">
                          <OuterReferences>
                            <ColumnReference Database="[OurLabReporting]" Schema="[dbo]" Table="[TEU]" Column="MachineSetId" />
                          </OuterReferences>
                          <RelOp NodeId="2" PhysicalOp="Compute Scalar" LogicalOp="Compute Scalar" EstimateRows="1" EstimateIO="0" EstimateCPU="1e-007" AvgRowSize="2629" EstimatedTotalSubtreeCost="0.00657048" Parallel="0" EstimateRebinds="0" EstimateRewinds="0" EstimatedExecutionMode="Row">
                            <OutputList>
                              <ColumnReference Database="[OurLabReporting]" Schema="[dbo]" Table="[TEU]" Column="Id" />
                              <ColumnReference Database="[OurLabReporting]" Schema="[dbo]" Table="[TEU]" Column="Name" />
                              <ColumnReference Database="[OurLabReporting]" Schema="[dbo]" Table="[TEU]" Column="Owner" />
                              <ColumnReference Database="[OurLabReporting]" Schema="[dbo]" Table="[TEU]" Column="RunLogDirectory" />
                              <ColumnReference Database="[OurLabReporting]" Schema="[dbo]" Table="[TEU]" Column="UploadComplete" />
                              <ColumnReference Database="[OurLabReporting]" Schema="[dbo]" Table="[TEU]" Column="CustomUrl" />
                              <ColumnReference Database="[OurLabReporting]" Schema="[dbo]" Table="[TEU]" Column="CustomUnc" />
                              <ColumnReference Database="[OurLabReporting]" Schema="[dbo]" Table="[TEU]" Column="HasExecutionFailures" />
                              <ColumnReference Database="[OurLabReporting]" Schema="[dbo]" Table="[TEU]" Column="AdditionalInfo" />
                              <ColumnReference Database="[OurLabReporting]" Schema="[dbo]" Table="[TEU]" Column="FeaturePathId" />
                              <ColumnReference Database="[OurLabReporting]" Schema="[dbo]" Table="[TEU]" Column="MachineSetId" />
                              <ColumnReference Database="[OurLabReporting]" Schema="[dbo]" Table="[TEU]" Column="PrimaryRoleId" />
                              <ColumnReference Column="Expr1012" />
                            </OutputList>
                            <ComputeScalar>
                              <DefinedValues>
                                <DefinedValue>
                                  <ColumnReference Column="Expr1012" />
                                  <ScalarOperator ScalarString="CONVERT_IMPLICIT(nvarchar(50),[OurLabReporting].[dbo].[Status].[Status],0)">
                                    <Convert DataType="nvarchar" Length="100" Style="0" Implicit="1">
                                      <ScalarOperator>
                                        <Identifier>
                                          <ColumnReference Database="[OurLabReporting]" Schema="[dbo]" Table="[Status]" Column="Status" />
                                        </Identifier>
                                      </ScalarOperator>
                                    </Convert>
                                  </ScalarOperator>
                                </DefinedValue>
                              </DefinedValues>
                              <RelOp NodeId="3" PhysicalOp="Nested Loops" LogicalOp="Inner Join" EstimateRows="1" EstimateIO="0" EstimateCPU="4.18e-006" AvgRowSize="2679" EstimatedTotalSubtreeCost="0.00657038" Parallel="0" EstimateRebinds="0" EstimateRewinds="0" EstimatedExecutionMode="Row">
                                <OutputList>
                                  <ColumnReference Database="[OurLabReporting]" Schema="[dbo]" Table="[TEU]" Column="Id" />
                                  <ColumnReference Database="[OurLabReporting]" Schema="[dbo]" Table="[TEU]" Column="Name" />
                                  <ColumnReference Database="[OurLabReporting]" Schema="[dbo]" Table="[TEU]" Column="Owner" />
                                  <ColumnReference Database="[OurLabReporting]" Schema="[dbo]" Table="[TEU]" Column="RunLogDirectory" />
                                  <ColumnReference Database="[OurLabReporting]" Schema="[dbo]" Table="[TEU]" Column="UploadComplete" />
                                  <ColumnReference Database="[OurLabReporting]" Schema="[dbo]" Table="[TEU]" Column="CustomUrl" />
                                  <ColumnReference Database="[OurLabReporting]" Schema="[dbo]" Table="[TEU]" Column="CustomUnc" />
                                  <ColumnReference Database="[OurLabReporting]" Schema="[dbo]" Table="[TEU]" Column="HasExecutionFailures" />
                                  <ColumnReference Database="[OurLabReporting]" Schema="[dbo]" Table="[TEU]" Column="AdditionalInfo" />
                                  <ColumnReference Database="[OurLabReporting]" Schema="[dbo]" Table="[TEU]" Column="FeaturePathId" />
                                  <ColumnReference Database="[OurLabReporting]" Schema="[dbo]" Table="[TEU]" Column="MachineSetId" />
                                  <ColumnReference Database="[OurLabReporting]" Schema="[dbo]" Table="[TEU]" Column="PrimaryRoleId" />
                                  <ColumnReference Database="[OurLabReporting]" Schema="[dbo]" Table="[Status]" Column="Status" />
                                </OutputList>
                                <NestedLoops Optimized="0">
                                  <OuterReferences>
                                    <ColumnReference Database="[OurLabReporting]" Schema="[dbo]" Table="[TEU]" Column="StatusId" />
                                  </OuterReferences>
                                  <RelOp NodeId="4" PhysicalOp="Clustered Index Seek" LogicalOp="Clustered Index Seek" EstimateRows="1" EstimateIO="0.003125" EstimateCPU="0.0001581" AvgRowSize="2581" EstimatedTotalSubtreeCost="0.0032831" TableCardinality="4.12024e+007" Parallel="0" EstimateRebinds="0" EstimateRewinds="0" EstimatedExecutionMode="Row">
                                    <OutputList>
                                      <ColumnReference Database="[OurLabReporting]" Schema="[dbo]" Table="[TEU]" Column="Id" />
                                      <ColumnReference Database="[OurLabReporting]" Schema="[dbo]" Table="[TEU]" Column="Name" />
                                      <ColumnReference Database="[OurLabReporting]" Schema="[dbo]" Table="[TEU]" Column="Owner" />
                                      <ColumnReference Database="[OurLabReporting]" Schema="[dbo]" Table="[TEU]" Column="RunLogDirectory" />
                                      <ColumnReference Database="[OurLabReporting]" Schema="[dbo]" Table="[TEU]" Column="UploadComplete" />
                                      <ColumnReference Database="[OurLabReporting]" Schema="[dbo]" Table="[TEU]" Column="CustomUrl" />
                                      <ColumnReference Database="[OurLabReporting]" Schema="[dbo]" Table="[TEU]" Column="CustomUnc" />
                                      <ColumnReference Database="[OurLabReporting]" Schema="[dbo]" Table="[TEU]" Column="HasExecutionFailures" />
                                      <ColumnReference Database="[OurLabReporting]" Schema="[dbo]" Table="[TEU]" Column="AdditionalInfo" />
                                      <ColumnReference Database="[OurLabReporting]" Schema="[dbo]" Table="[TEU]" Column="FeaturePathId" />
                                      <ColumnReference Database="[OurLabReporting]" Schema="[dbo]" Table="[TEU]" Column="MachineSetId" />
                                      <ColumnReference Database="[OurLabReporting]" Schema="[dbo]" Table="[TEU]" Column="PrimaryRoleId" />
                                      <ColumnReference Database="[OurLabReporting]" Schema="[dbo]" Table="[TEU]" Column="StatusId" />
                                    </OutputList>
                                    <IndexScan Ordered="1" ScanDirection="FORWARD" ForcedIndex="0" ForceSeek="0" ForceScan="0" NoExpandHint="0" Storage="RowStore">
                                      <DefinedValues>
                                        <DefinedValue>
                                          <ColumnReference Database="[OurLabReporting]" Schema="[dbo]" Table="[TEU]" Column="Id" />
                                        </DefinedValue>
                                        <DefinedValue>
                                          <ColumnReference Database="[OurLabReporting]" Schema="[dbo]" Table="[TEU]" Column="Name" />
                                        </DefinedValue>
                                        <DefinedValue>
                                          <ColumnReference Database="[OurLabReporting]" Schema="[dbo]" Table="[TEU]" Column="Owner" />
                                        </DefinedValue>
                                        <DefinedValue>
                                          <ColumnReference Database="[OurLabReporting]" Schema="[dbo]" Table="[TEU]" Column="RunLogDirectory" />
                                        </DefinedValue>
                                        <DefinedValue>
                                          <ColumnReference Database="[OurLabReporting]" Schema="[dbo]" Table="[TEU]" Column="UploadComplete" />
                                        </DefinedValue>
                                        <DefinedValue>
                                          <ColumnReference Database="[OurLabReporting]" Schema="[dbo]" Table="[TEU]" Column="CustomUrl" />
                                        </DefinedValue>
                                        <DefinedValue>
                                          <ColumnReference Database="[OurLabReporting]" Schema="[dbo]" Table="[TEU]" Column="CustomUnc" />
                                        </DefinedValue>
                                        <DefinedValue>
                                          <ColumnReference Database="[OurLabReporting]" Schema="[dbo]" Table="[TEU]" Column="HasExecutionFailures" />
                                        </DefinedValue>
                                        <DefinedValue>
                                          <ColumnReference Database="[OurLabReporting]" Schema="[dbo]" Table="[TEU]" Column="AdditionalInfo" />
                                        </DefinedValue>
                                        <DefinedValue>
                                          <ColumnReference Database="[OurLabReporting]" Schema="[dbo]" Table="[TEU]" Column="FeaturePathId" />
                                        </DefinedValue>
                                        <DefinedValue>
                                          <ColumnReference Database="[OurLabReporting]" Schema="[dbo]" Table="[TEU]" Column="MachineSetId" />
                                        </DefinedValue>
                                        <DefinedValue>
                                          <ColumnReference Database="[OurLabReporting]" Schema="[dbo]" Table="[TEU]" Column="PrimaryRoleId" />
                                        </DefinedValue>
                                        <DefinedValue>
                                          <ColumnReference Database="[OurLabReporting]" Schema="[dbo]" Table="[TEU]" Column="StatusId" />
                                        </DefinedValue>
                                      </DefinedValues>
                                      <Object Database="[OurLabReporting]" Schema="[dbo]" Table="[TEU]" Index="[Teu_PK]" IndexKind="Clustered" />
                                      <SeekPredicates>
                                        <SeekPredicateNew>
                                          <SeekKeys>
                                            <Prefix ScanType="EQ">
                                              <RangeColumns>
                                                <ColumnReference Database="[OurLabReporting]" Schema="[dbo]" Table="[TEU]" Column="Id" />
                                              </RangeColumns>
                                              <RangeExpressions>
                                                <ScalarOperator ScalarString="[@local_TEUId]">
                                                  <Identifier>
                                                    <ColumnReference Column="@local_TEUId" />
                                                  </Identifier>
                                                </ScalarOperator>
                                              </RangeExpressions>
                                            </Prefix>
                                          </SeekKeys>
                                        </SeekPredicateNew>
                                      </SeekPredicates>
                                    </IndexScan>
                                  </RelOp>
                                  <RelOp NodeId="5" PhysicalOp="Clustered Index Seek" LogicalOp="Clustered Index Seek" EstimateRows="1" EstimateIO="0.003125" EstimateCPU="0.0001581" AvgRowSize="111" EstimatedTotalSubtreeCost="0.0032831" TableCardinality="96" Parallel="0" EstimateRebinds="0" EstimateRewinds="0" EstimatedExecutionMode="Row">
                                    <OutputList>
                                      <ColumnReference Database="[OurLabReporting]" Schema="[dbo]" Table="[Status]" Column="Status" />
                                    </OutputList>
                                    <IndexScan Ordered="1" ScanDirection="FORWARD" ForcedIndex="0" ForceSeek="0" ForceScan="0" NoExpandHint="0" Storage="RowStore">
                                      <DefinedValues>
                                        <DefinedValue>
                                          <ColumnReference Database="[OurLabReporting]" Schema="[dbo]" Table="[Status]" Column="Status" />
                                        </DefinedValue>
                                      </DefinedValues>
                                      <Object Database="[OurLabReporting]" Schema="[dbo]" Table="[Status]" Index="[Status_PK]" IndexKind="Clustered" />
                                      <SeekPredicates>
                                        <SeekPredicateNew>
                                          <SeekKeys>
                                            <Prefix ScanType="EQ">
                                              <RangeColumns>
                                                <ColumnReference Database="[OurLabReporting]" Schema="[dbo]" Table="[Status]" Column="Id" />
                                              </RangeColumns>
                                              <RangeExpressions>
                                                <ScalarOperator ScalarString="[OurLabReporting].[dbo].[TEU].[StatusId]">
                                                  <Identifier>
                                                    <ColumnReference Database="[OurLabReporting]" Schema="[dbo]" Table="[TEU]" Column="StatusId" />
                                                  </Identifier>
                                                </ScalarOperator>
                                              </RangeExpressions>
                                            </Prefix>
                                          </SeekKeys>
                                        </SeekPredicateNew>
                                      </SeekPredicates>
                                    </IndexScan>
                                  </RelOp>
                                </NestedLoops>
                              </RelOp>
                            </ComputeScalar>
                          </RelOp>
                          <RelOp NodeId="9" PhysicalOp="Clustered Index Seek" LogicalOp="Clustered Index Seek" EstimateRows="1" EstimateIO="0.003125" EstimateCPU="0.0001581" AvgRowSize="2061" EstimatedTotalSubtreeCost="0.0032831" TableCardinality="1.23247e+007" Parallel="0" EstimateRebinds="0" EstimateRewinds="0" EstimatedExecutionMode="Row">
                            <OutputList>
                              <ColumnReference Database="[OurLabReporting]" Schema="[dbo]" Table="[MachineSet]" Column="ExecutionStatusLink" />
                              <ColumnReference Database="[OurLabReporting]" Schema="[dbo]" Table="[MachineSet]" Column="CustomExecutionFilePath" />
                            </OutputList>
                            <IndexScan Ordered="1" ScanDirection="FORWARD" ForcedIndex="0" ForceSeek="0" ForceScan="0" NoExpandHint="0" Storage="RowStore">
                              <DefinedValues>
                                <DefinedValue>
                                  <ColumnReference Database="[OurLabReporting]" Schema="[dbo]" Table="[MachineSet]" Column="ExecutionStatusLink" />
                                </DefinedValue>
                                <DefinedValue>
                                  <ColumnReference Database="[OurLabReporting]" Schema="[dbo]" Table="[MachineSet]" Column="CustomExecutionFilePath" />
                                </DefinedValue>
                              </DefinedValues>
                              <Object Database="[OurLabReporting]" Schema="[dbo]" Table="[MachineSet]" Index="[MachineSet_PK]" IndexKind="Clustered" />
                              <SeekPredicates>
                                <SeekPredicateNew>
                                  <SeekKeys>
                                    <Prefix ScanType="EQ">
                                      <RangeColumns>
                                        <ColumnReference Database="[OurLabReporting]" Schema="[dbo]" Table="[MachineSet]" Column="Id" />
                                      </RangeColumns>
                                      <RangeExpressions>
                                        <ScalarOperator ScalarString="[OurLabReporting].[dbo].[TEU].[MachineSetId]">
                                          <Identifier>
                                            <ColumnReference Database="[OurLabReporting]" Schema="[dbo]" Table="[TEU]" Column="MachineSetId" />
                                          </Identifier>
                                        </ScalarOperator>
                                      </RangeExpressions>
                                    </Prefix>
                                  </SeekKeys>
                                </SeekPredicateNew>
                              </SeekPredicates>
                            </IndexScan>
                          </RelOp>
                        </NestedLoops>
                      </RelOp>
                      <RelOp NodeId="10" PhysicalOp="Clustered Index Seek" LogicalOp="Clustered Index Seek" EstimateRows="1" EstimateIO="0.003125" EstimateCPU="0.0001581" AvgRowSize="415" EstimatedTotalSubtreeCost="0.0032831" TableCardinality="7814" Parallel="0" EstimateRebinds="0" EstimateRewinds="0" EstimatedExecutionMode="Row">
                        <OutputList>
                          <ColumnReference Database="[OurLabReporting]" Schema="[dbo]" Table="[FeaturePath]" Column="Id" />
                          <ColumnReference Database="[OurLabReporting]" Schema="[dbo]" Table="[FeaturePath]" Column="Path" />
                        </OutputList>
                        <IndexScan Ordered="1" ScanDirection="FORWARD" ForcedIndex="0" ForceSeek="0" ForceScan="0" NoExpandHint="0" Storage="RowStore">
                          <DefinedValues>
                            <DefinedValue>
                              <ColumnReference Database="[OurLabReporting]" Schema="[dbo]" Table="[FeaturePath]" Column="Id" />
                            </DefinedValue>
                            <DefinedValue>
                              <ColumnReference Database="[OurLabReporting]" Schema="[dbo]" Table="[FeaturePath]" Column="Path" />
                            </DefinedValue>
                          </DefinedValues>
                          <Object Database="[OurLabReporting]" Schema="[dbo]" Table="[FeaturePath]" Index="[FeaturePath_PK]" IndexKind="Clustered" />
                          <SeekPredicates>
                            <SeekPredicateNew>
                              <SeekKeys>
                                <Prefix ScanType="EQ">
                                  <RangeColumns>
                                    <ColumnReference Database="[OurLabReporting]" Schema="[dbo]" Table="[FeaturePath]" Column="Id" />
                                  </RangeColumns>
                                  <RangeExpressions>
                                    <ScalarOperator ScalarString="[OurLabReporting].[dbo].[TEU].[FeaturePathId]">
                                      <Identifier>
                                        <ColumnReference Database="[OurLabReporting]" Schema="[dbo]" Table="[TEU]" Column="FeaturePathId" />
                                      </Identifier>
                                    </ScalarOperator>
                                  </RangeExpressions>
                                </Prefix>
                              </SeekKeys>
                            </SeekPredicateNew>
                          </SeekPredicates>
                        </IndexScan>
                      </RelOp>
                    </NestedLoops>
                  </RelOp>
                </QueryPlan>
              </StmtSimple>
              <StmtSimple StatementText="&#x9;SELECT @local_PrimaryRoleName = dbo.[Role].NAME&#xD;&#xA;&#x9;&#x9;FROM dbo.[Role] WITH (NOLOCK)&#xD;&#xA;&#x9;&#x9;WHERE dbo.[Role].Id = @local_PrimaryRoleId&#xD;&#xA;&#xD;&#xA;&#x9;" StatementId="21" StatementCompId="28" StatementType="SELECT" RetrievedFromCache="true" StatementSubTreeCost="0.0032831" StatementEstRows="1" StatementOptmLevel="TRIVIAL" QueryHash="0xE1AA8CD9A0892EA5" QueryPlanHash="0xB63B67D5A78DEB6D">
                <StatementSetOptions QUOTED_IDENTIFIER="true" ARITHABORT="true" CONCAT_NULL_YIELDS_NULL="true" ANSI_NULLS="true" ANSI_PADDING="true" ANSI_WARNINGS="true" NUMERIC_ROUNDABORT="false" />
                <QueryPlan NonParallelPlanReason="MaxDOPSetToOne" CachedPlanSize="8" CompileTime="0" CompileCPU="0" CompileMemory="1720">
                  <MemoryGrantInfo SerialRequiredMemory="0" SerialDesiredMemory="0" />
                  <OptimizerHardwareDependentProperties EstimatedAvailableMemoryGrant="193313" EstimatedPagesCached="773254" EstimatedAvailableDegreeOfParallelism="1" />
                  <RelOp NodeId="0" PhysicalOp="Clustered Index Seek" LogicalOp="Clustered Index Seek" EstimateRows="1" EstimateIO="0.003125" EstimateCPU="0.0001581" AvgRowSize="61" EstimatedTotalSubtreeCost="0.0032831" TableCardinality="1.2143e+007" Parallel="0" EstimateRebinds="0" EstimateRewinds="0" EstimatedExecutionMode="Row">
                    <OutputList>
                      <ColumnReference Database="[OurLabReporting]" Schema="[dbo]" Table="[Role]" Column="Name" />
                    </OutputList>
                    <IndexScan Ordered="1" ScanDirection="FORWARD" ForcedIndex="0" ForceSeek="0" ForceScan="0" NoExpandHint="0" Storage="RowStore">
                      <DefinedValues>
                        <DefinedValue>
                          <ColumnReference Database="[OurLabReporting]" Schema="[dbo]" Table="[Role]" Column="Name" />
                        </DefinedValue>
                      </DefinedValues>
                      <Object Database="[OurLabReporting]" Schema="[dbo]" Table="[Role]" Index="[Role_PK]" IndexKind="Clustered" />
                      <SeekPredicates>
                        <SeekPredicateNew>
                          <SeekKeys>
                            <Prefix ScanType="EQ">
                              <RangeColumns>
                                <ColumnReference Database="[OurLabReporting]" Schema="[dbo]" Table="[Role]" Column="Id" />
                              </RangeColumns>
                              <RangeExpressions>
                                <ScalarOperator ScalarString="[@local_PrimaryRoleId]">
                                  <Identifier>
                                    <ColumnReference Column="@local_PrimaryRoleId" />
                                  </Identifier>
                                </ScalarOperator>
                              </RangeExpressions>
                            </Prefix>
                          </SeekKeys>
                        </SeekPredicateNew>
                      </SeekPredicates>
                    </IndexScan>
                  </RelOp>
                </QueryPlan>
              </StmtSimple>
              <StmtSimple StatementText="&#x9;SELECT @local_TestpassList = dbo.[Function_GetTestpassList](@MachineSetId, 'MachineSet')&#xD;&#xA;&#xD;&#xA;&#x9;" StatementId="22" StatementCompId="29" StatementType="ASSIGN WITH QUERY" RetrievedFromCache="true" />
              <StmtSimple StatementText="&#x9;SELECT @local_ModifierList = dbo.[Function_GetModifierList](@MachineSetId, 'MachineSet')&#xD;&#xA;" StatementId="23" StatementCompId="30" StatementType="ASSIGN WITH QUERY" RetrievedFromCache="true" />
            </Statements>
          </Then>
        </StmtCond>
        <StmtCond StatementText="&#x9;END&#xD;&#xA;&#xD;&#xA;&#x9;-- Get the details for the Role&#xD;&#xA;&#x9;IF (@RoleId IS NOT NULL)&#xD;&#xA;" StatementId="24" StatementCompId="32" StatementType="COND" RetrievedFromCache="true">
          <Condition />
          <Then>
            <Statements>
              <StmtSimple StatementText="&#x9;BEGIN&#xD;&#xA;&#x9;&#x9;SELECT @local_MixId = dbo.MachineSet.MixId&#xD;&#xA;&#x9;&#x9;&#x9;,@local_ScheduleId = dbo.Mix.ScheduleId&#xD;&#xA;&#x9;&#x9;&#x9;,@local_ResolvedTEDId = dbo.MachineSet.ResolvedTEDId&#xD;&#xA;&#x9;&#x9;FROM dbo.[Role] WITH (NOLOCK)&#xD;&#xA;&#x9;&#x9;INNER JOIN dbo.MachineSet WITH (NOLOCK) ON dbo.MachineSet.Id = dbo.[Role].MachineSetId&#xD;&#xA;&#x9;&#x9;INNER JOIN dbo.Mix WITH (NOLOCK) ON dbo.Mix.Id = dbo.MachineSet.MixId&#xD;&#xA;&#x9;&#x9;WHERE dbo.[Role].Id = @RoleId&#xD;&#xA;&#xD;&#xA;&#x9;" StatementId="25" StatementCompId="33" StatementType="SELECT" RetrievedFromCache="true" StatementSubTreeCost="0.00985766" StatementEstRows="1" StatementOptmLevel="FULL" QueryHash="0x38AA39ED400AB478" QueryPlanHash="0x993703C07735682C" StatementOptmEarlyAbortReason="GoodEnoughPlanFound">
                <StatementSetOptions QUOTED_IDENTIFIER="true" ARITHABORT="true" CONCAT_NULL_YIELDS_NULL="true" ANSI_NULLS="true" ANSI_PADDING="true" ANSI_WARNINGS="true" NUMERIC_ROUNDABORT="false" />
                <QueryPlan NonParallelPlanReason="MaxDOPSetToOne" CachedPlanSize="24" CompileTime="6" CompileCPU="6" CompileMemory="2040">
                  <MemoryGrantInfo SerialRequiredMemory="0" SerialDesiredMemory="0" />
                  <OptimizerHardwareDependentProperties EstimatedAvailableMemoryGrant="193313" EstimatedPagesCached="773254" EstimatedAvailableDegreeOfParallelism="1" />
                  <RelOp NodeId="0" PhysicalOp="Nested Loops" LogicalOp="Inner Join" EstimateRows="1" EstimateIO="0" EstimateCPU="4.18e-006" AvgRowSize="19" EstimatedTotalSubtreeCost="0.00985766" Parallel="0" EstimateRebinds="0" EstimateRewinds="0" EstimatedExecutionMode="Row">
                    <OutputList>
                      <ColumnReference Database="[OurLabReporting]" Schema="[dbo]" Table="[MachineSet]" Column="MixId" />
                      <ColumnReference Database="[OurLabReporting]" Schema="[dbo]" Table="[MachineSet]" Column="ResolvedTEDId" />
                      <ColumnReference Database="[OurLabReporting]" Schema="[dbo]" Table="[Mix]" Column="ScheduleId" />
                    </OutputList>
                    <NestedLoops Optimized="0">
                      <OuterReferences>
                        <ColumnReference Database="[OurLabReporting]" Schema="[dbo]" Table="[MachineSet]" Column="MixId" />
                      </OuterReferences>
                      <RelOp NodeId="1" PhysicalOp="Nested Loops" LogicalOp="Inner Join" EstimateRows="1" EstimateIO="0" EstimateCPU="4.18e-006" AvgRowSize="15" EstimatedTotalSubtreeCost="0.00657038" Parallel="0" EstimateRebinds="0" EstimateRewinds="0" EstimatedExecutionMode="Row">
                        <OutputList>
                          <ColumnReference Database="[OurLabReporting]" Schema="[dbo]" Table="[MachineSet]" Column="MixId" />
                          <ColumnReference Database="[OurLabReporting]" Schema="[dbo]" Table="[MachineSet]" Column="ResolvedTEDId" />
                        </OutputList>
                        <NestedLoops Optimized="0">
                          <OuterReferences>
                            <ColumnReference Database="[OurLabReporting]" Schema="[dbo]" Table="[Role]" Column="MachineSetId" />
                          </OuterReferences>
                          <RelOp NodeId="2" PhysicalOp="Clustered Index Seek" LogicalOp="Clustered Index Seek" EstimateRows="1" EstimateIO="0.003125" EstimateCPU="0.0001581" AvgRowSize="11" EstimatedTotalSubtreeCost="0.0032831" TableCardinality="1.2143e+007" Parallel="0" EstimateRebinds="0" EstimateRewinds="0" EstimatedExecutionMode="Row">
                            <OutputList>
                              <ColumnReference Database="[OurLabReporting]" Schema="[dbo]" Table="[Role]" Column="MachineSetId" />
                            </OutputList>
                            <IndexScan Ordered="1" ScanDirection="FORWARD" ForcedIndex="0" ForceSeek="0" ForceScan="0" NoExpandHint="0" Storage="RowStore">
                              <DefinedValues>
                                <DefinedValue>
                                  <ColumnReference Database="[OurLabReporting]" Schema="[dbo]" Table="[Role]" Column="MachineSetId" />
                                </DefinedValue>
                              </DefinedValues>
                              <Object Database="[OurLabReporting]" Schema="[dbo]" Table="[Role]" Index="[Role_PK]" IndexKind="Clustered" />
                              <SeekPredicates>
                                <SeekPredicateNew>
                                  <SeekKeys>
                                    <Prefix ScanType="EQ">
                                      <RangeColumns>
                                        <ColumnReference Database="[OurLabReporting]" Schema="[dbo]" Table="[Role]" Column="Id" />
                                      </RangeColumns>
                                      <RangeExpressions>
                                        <ScalarOperator ScalarString="[@RoleId]">
                                          <Identifier>
                                            <ColumnReference Column="@RoleId" />
                                          </Identifier>
                                        </ScalarOperator>
                                      </RangeExpressions>
                                    </Prefix>
                                  </SeekKeys>
                                </SeekPredicateNew>
                              </SeekPredicates>
                            </IndexScan>
                          </RelOp>
                          <RelOp NodeId="3" PhysicalOp="Clustered Index Seek" LogicalOp="Clustered Index Seek" EstimateRows="1" EstimateIO="0.003125" EstimateCPU="0.0001581" AvgRowSize="15" EstimatedTotalSubtreeCost="0.0032831" TableCardinality="1.23247e+007" Parallel="0" EstimateRebinds="0" EstimateRewinds="0" EstimatedExecutionMode="Row">
                            <OutputList>
                              <ColumnReference Database="[OurLabReporting]" Schema="[dbo]" Table="[MachineSet]" Column="MixId" />
                              <ColumnReference Database="[OurLabReporting]" Schema="[dbo]" Table="[MachineSet]" Column="ResolvedTEDId" />
                            </OutputList>
                            <IndexScan Ordered="1" ScanDirection="FORWARD" ForcedIndex="0" ForceSeek="0" ForceScan="0" NoExpandHint="0" Storage="RowStore">
                              <DefinedValues>
                                <DefinedValue>
                                  <ColumnReference Database="[OurLabReporting]" Schema="[dbo]" Table="[MachineSet]" Column="MixId" />
                                </DefinedValue>
                                <DefinedValue>
                                  <ColumnReference Database="[OurLabReporting]" Schema="[dbo]" Table="[MachineSet]" Column="ResolvedTEDId" />
                                </DefinedValue>
                              </DefinedValues>
                              <Object Database="[OurLabReporting]" Schema="[dbo]" Table="[MachineSet]" Index="[MachineSet_PK]" IndexKind="Clustered" />
                              <SeekPredicates>
                                <SeekPredicateNew>
                                  <SeekKeys>
                                    <Prefix ScanType="EQ">
                                      <RangeColumns>
                                        <ColumnReference Database="[OurLabReporting]" Schema="[dbo]" Table="[MachineSet]" Column="Id" />
                                      </RangeColumns>
                                      <RangeExpressions>
                                        <ScalarOperator ScalarString="[OurLabReporting].[dbo].[Role].[MachineSetId]">
                                          <Identifier>
                                            <ColumnReference Database="[OurLabReporting]" Schema="[dbo]" Table="[Role]" Column="MachineSetId" />
                                          </Identifier>
                                        </ScalarOperator>
                                      </RangeExpressions>
                                    </Prefix>
                                  </SeekKeys>
                                </SeekPredicateNew>
                              </SeekPredicates>
                            </IndexScan>
                          </RelOp>
                        </NestedLoops>
                      </RelOp>
                      <RelOp NodeId="4" PhysicalOp="Index Seek" LogicalOp="Index Seek" EstimateRows="1" EstimateIO="0.003125" EstimateCPU="0.0001581" AvgRowSize="11" EstimatedTotalSubtreeCost="0.0032831" TableCardinality="1.48176e+006" Parallel="0" EstimateRebinds="0" EstimateRewinds="0" EstimatedExecutionMode="Row">
                        <OutputList>
                          <ColumnReference Database="[OurLabReporting]" Schema="[dbo]" Table="[Mix]" Column="ScheduleId" />
                        </OutputList>
                        <IndexScan Ordered="1" ScanDirection="FORWARD" ForcedIndex="0" ForceSeek="0" ForceScan="0" NoExpandHint="0" Storage="RowStore">
                          <DefinedValues>
                            <DefinedValue>
                              <ColumnReference Database="[OurLabReporting]" Schema="[dbo]" Table="[Mix]" Column="ScheduleId" />
                            </DefinedValue>
                          </DefinedValues>
                          <Object Database="[OurLabReporting]" Schema="[dbo]" Table="[Mix]" Index="[Mix_IDX_Id]" IndexKind="NonClustered" />
                          <SeekPredicates>
                            <SeekPredicateNew>
                              <SeekKeys>
                                <Prefix ScanType="EQ">
                                  <RangeColumns>
                                    <ColumnReference Database="[OurLabReporting]" Schema="[dbo]" Table="[Mix]" Column="Id" />
                                  </RangeColumns>
                                  <RangeExpressions>
                                    <ScalarOperator ScalarString="[OurLabReporting].[dbo].[MachineSet].[MixId]">
                                      <Identifier>
                                        <ColumnReference Database="[OurLabReporting]" Schema="[dbo]" Table="[MachineSet]" Column="MixId" />
                                      </Identifier>
                                    </ScalarOperator>
                                  </RangeExpressions>
                                </Prefix>
                              </SeekKeys>
                            </SeekPredicateNew>
                          </SeekPredicates>
                        </IndexScan>
                      </RelOp>
                    </NestedLoops>
                  </RelOp>
                  <ParameterList>
                    <ColumnReference Column="@RoleId" ParameterCompiledValue="NULL" />
                  </ParameterList>
                </QueryPlan>
              </StmtSimple>
              <StmtSimple StatementText="&#x9;SELECT @local_TEDName = dbo.ResolvedTED.NAME&#xD;&#xA;&#x9;&#x9;&#x9;,@local_ResolvedTEDName = dbo.ResolvedTED.ResolvedName&#xD;&#xA;&#x9;&#x9;&#x9;,@local_TEDExecutionLink = dbo.ResolvedTED.ExecutionStatusLink&#xD;&#xA;&#x9;&#x9;&#x9;,@local_ResolvedTEDStartTime = dbo.ResolvedTED.StartDate&#xD;&#xA;&#x9;&#x9;&#x9;,@local_ResolvedTEDEndTime = dbo.ResolvedTED.EndDate&#xD;&#xA;&#x9;&#x9;&#x9;,@local_ResolvedTEDStatus = dbo.[Status].[Status]&#xD;&#xA;&#x9;&#x9;&#x9;,@local_EnvComments = dbo.ResolvedTED.Comments&#xD;&#xA;&#x9;&#x9;FROM dbo.ResolvedTED WITH (NOLOCK)&#xD;&#xA;&#x9;&#x9;LEFT JOIN dbo.[Status] WITH (NOLOCK) ON dbo.[Status].Id = dbo.ResolvedTED.StatusId&#xD;&#xA;&#x9;&#x9;WHERE dbo.ResolvedTED.Id = @local_ResolvedTEDId&#xD;&#xA;&#xD;&#xA;&#x9;" StatementId="26" StatementCompId="34" StatementType="SELECT" RetrievedFromCache="true" StatementSubTreeCost="0.00657058" StatementEstRows="1" StatementOptmLevel="FULL" QueryHash="0xEB21D3C45C970DCD" QueryPlanHash="0xCBFEFD9A95DBD5B5" StatementOptmEarlyAbortReason="GoodEnoughPlanFound">
                <StatementSetOptions QUOTED_IDENTIFIER="true" ARITHABORT="true" CONCAT_NULL_YIELDS_NULL="true" ANSI_NULLS="true" ANSI_PADDING="true" ANSI_WARNINGS="true" NUMERIC_ROUNDABORT="false" />
                <QueryPlan NonParallelPlanReason="MaxDOPSetToOne" CachedPlanSize="24" CompileTime="2" CompileCPU="2" CompileMemory="1840">
                  <MemoryGrantInfo SerialRequiredMemory="0" SerialDesiredMemory="0" />
                  <OptimizerHardwareDependentProperties EstimatedAvailableMemoryGrant="193313" EstimatedPagesCached="773254" EstimatedAvailableDegreeOfParallelism="1" />
                  <RelOp NodeId="0" PhysicalOp="Compute Scalar" LogicalOp="Compute Scalar" EstimateRows="1" EstimateIO="0" EstimateCPU="1e-007" AvgRowSize="2709" EstimatedTotalSubtreeCost="0.00657058" Parallel="0" EstimateRebinds="0" EstimateRewinds="0" EstimatedExecutionMode="Row">
                    <OutputList>
                      <ColumnReference Database="[OurLabReporting]" Schema="[dbo]" Table="[ResolvedTED]" Column="Name" />
                      <ColumnReference Database="[OurLabReporting]" Schema="[dbo]" Table="[ResolvedTED]" Column="ExecutionStatusLink" />
                      <ColumnReference Database="[OurLabReporting]" Schema="[dbo]" Table="[ResolvedTED]" Column="ResolvedName" />
                      <ColumnReference Database="[OurLabReporting]" Schema="[dbo]" Table="[ResolvedTED]" Column="StartDate" />
                      <ColumnReference Database="[OurLabReporting]" Schema="[dbo]" Table="[ResolvedTED]" Column="EndDate" />
                      <ColumnReference Column="Expr1006" />
                      <ColumnReference Column="Expr1007" />
                    </OutputList>
                    <ComputeScalar>
                      <DefinedValues>
                        <DefinedValue>
                          <ColumnReference Column="Expr1006" />
                          <ScalarOperator ScalarString="CONVERT_IMPLICIT(nvarchar(200),[OurLabReporting].[dbo].[Status].[Status],0)">
                            <Convert DataType="nvarchar" Length="400" Style="0" Implicit="1">
                              <ScalarOperator>
                                <Identifier>
                                  <ColumnReference Database="[OurLabReporting]" Schema="[dbo]" Table="[Status]" Column="Status" />
                                </Identifier>
                              </ScalarOperator>
                            </Convert>
                          </ScalarOperator>
                        </DefinedValue>
                      </DefinedValues>
                      <RelOp NodeId="1" PhysicalOp="Nested Loops" LogicalOp="Left Outer Join" EstimateRows="1" EstimateIO="0" EstimateCPU="4.18e-006" AvgRowSize="2609" EstimatedTotalSubtreeCost="0.00657048" Parallel="0" EstimateRebinds="0" EstimateRewinds="0" EstimatedExecutionMode="Row">
                        <OutputList>
                          <ColumnReference Database="[OurLabReporting]" Schema="[dbo]" Table="[ResolvedTED]" Column="Name" />
                          <ColumnReference Database="[OurLabReporting]" Schema="[dbo]" Table="[ResolvedTED]" Column="ExecutionStatusLink" />
                          <ColumnReference Database="[OurLabReporting]" Schema="[dbo]" Table="[ResolvedTED]" Column="ResolvedName" />
                          <ColumnReference Database="[OurLabReporting]" Schema="[dbo]" Table="[ResolvedTED]" Column="StartDate" />
                          <ColumnReference Database="[OurLabReporting]" Schema="[dbo]" Table="[ResolvedTED]" Column="EndDate" />
                          <ColumnReference Database="[OurLabReporting]" Schema="[dbo]" Table="[Status]" Column="Status" />
                          <ColumnReference Column="Expr1007" />
                        </OutputList>
                        <NestedLoops Optimized="0">
                          <OuterReferences>
                            <ColumnReference Database="[OurLabReporting]" Schema="[dbo]" Table="[ResolvedTED]" Column="StatusId" />
                          </OuterReferences>
                          <RelOp NodeId="2" PhysicalOp="Compute Scalar" LogicalOp="Compute Scalar" EstimateRows="1" EstimateIO="0" EstimateCPU="1e-007" AvgRowSize="2511" EstimatedTotalSubtreeCost="0.0032832" Parallel="0" EstimateRebinds="0" EstimateRewinds="0" EstimatedExecutionMode="Row">
                            <OutputList>
                              <ColumnReference Database="[OurLabReporting]" Schema="[dbo]" Table="[ResolvedTED]" Column="Name" />
                              <ColumnReference Database="[OurLabReporting]" Schema="[dbo]" Table="[ResolvedTED]" Column="ExecutionStatusLink" />
                              <ColumnReference Database="[OurLabReporting]" Schema="[dbo]" Table="[ResolvedTED]" Column="ResolvedName" />
                              <ColumnReference Database="[OurLabReporting]" Schema="[dbo]" Table="[ResolvedTED]" Column="StartDate" />
                              <ColumnReference Database="[OurLabReporting]" Schema="[dbo]" Table="[ResolvedTED]" Column="EndDate" />
                              <ColumnReference Database="[OurLabReporting]" Schema="[dbo]" Table="[ResolvedTED]" Column="StatusId" />
                              <ColumnReference Column="Expr1007" />
                            </OutputList>
                            <ComputeScalar>
                              <DefinedValues>
                                <DefinedValue>
                                  <ColumnReference Column="Expr1007" />
                                  <ScalarOperator ScalarString="CONVERT_IMPLICIT(nvarchar(250),[OurLabReporting].[dbo].[ResolvedTED].[Comments],0)">
                                    <Convert DataType="nvarchar" Length="500" Style="0" Implicit="1">
                                      <ScalarOperator>
                                        <Identifier>
                                          <ColumnReference Database="[OurLabReporting]" Schema="[dbo]" Table="[ResolvedTED]" Column="Comments" />
                                        </Identifier>
                                      </ScalarOperator>
                                    </Convert>
                                  </ScalarOperator>
                                </DefinedValue>
                              </DefinedValues>
                              <RelOp NodeId="3" PhysicalOp="Clustered Index Seek" LogicalOp="Clustered Index Seek" EstimateRows="1" EstimateIO="0.003125" EstimateCPU="0.0001581" AvgRowSize="3261" EstimatedTotalSubtreeCost="0.0032831" TableCardinality="1.37084e+006" Parallel="0" EstimateRebinds="0" EstimateRewinds="0" EstimatedExecutionMode="Row">
                                <OutputList>
                                  <ColumnReference Database="[OurLabReporting]" Schema="[dbo]" Table="[ResolvedTED]" Column="Name" />
                                  <ColumnReference Database="[OurLabReporting]" Schema="[dbo]" Table="[ResolvedTED]" Column="ExecutionStatusLink" />
                                  <ColumnReference Database="[OurLabReporting]" Schema="[dbo]" Table="[ResolvedTED]" Column="ResolvedName" />
                                  <ColumnReference Database="[OurLabReporting]" Schema="[dbo]" Table="[ResolvedTED]" Column="StartDate" />
                                  <ColumnReference Database="[OurLabReporting]" Schema="[dbo]" Table="[ResolvedTED]" Column="EndDate" />
                                  <ColumnReference Database="[OurLabReporting]" Schema="[dbo]" Table="[ResolvedTED]" Column="Comments" />
                                  <ColumnReference Database="[OurLabReporting]" Schema="[dbo]" Table="[ResolvedTED]" Column="StatusId" />
                                </OutputList>
                                <IndexScan Ordered="1" ScanDirection="FORWARD" ForcedIndex="0" ForceSeek="0" ForceScan="0" NoExpandHint="0" Storage="RowStore">
                                  <DefinedValues>
                                    <DefinedValue>
                                      <ColumnReference Database="[OurLabReporting]" Schema="[dbo]" Table="[ResolvedTED]" Column="Name" />
                                    </DefinedValue>
                                    <DefinedValue>
                                      <ColumnReference Database="[OurLabReporting]" Schema="[dbo]" Table="[ResolvedTED]" Column="ExecutionStatusLink" />
                                    </DefinedValue>
                                    <DefinedValue>
                                      <ColumnReference Database="[OurLabReporting]" Schema="[dbo]" Table="[ResolvedTED]" Column="ResolvedName" />
                                    </DefinedValue>
                                    <DefinedValue>
                                      <ColumnReference Database="[OurLabReporting]" Schema="[dbo]" Table="[ResolvedTED]" Column="StartDate" />
                                    </DefinedValue>
                                    <DefinedValue>
                                      <ColumnReference Database="[OurLabReporting]" Schema="[dbo]" Table="[ResolvedTED]" Column="EndDate" />
                                    </DefinedValue>
                                    <DefinedValue>
                                      <ColumnReference Database="[OurLabReporting]" Schema="[dbo]" Table="[ResolvedTED]" Column="Comments" />
                                    </DefinedValue>
                                    <DefinedValue>
                                      <ColumnReference Database="[OurLabReporting]" Schema="[dbo]" Table="[ResolvedTED]" Column="StatusId" />
                                    </DefinedValue>
                                  </DefinedValues>
                                  <Object Database="[OurLabReporting]" Schema="[dbo]" Table="[ResolvedTED]" Index="[ResolvedTED_PK]" IndexKind="Clustered" />
                                  <SeekPredicates>
                                    <SeekPredicateNew>
                                      <SeekKeys>
                                        <Prefix ScanType="EQ">
                                          <RangeColumns>
                                            <ColumnReference Database="[OurLabReporting]" Schema="[dbo]" Table="[ResolvedTED]" Column="Id" />
                                          </RangeColumns>
                                          <RangeExpressions>
                                            <ScalarOperator ScalarString="[@local_ResolvedTEDId]">
                                              <Identifier>
                                                <ColumnReference Column="@local_ResolvedTEDId" />
                                              </Identifier>
                                            </ScalarOperator>
                                          </RangeExpressions>
                                        </Prefix>
                                      </SeekKeys>
                                    </SeekPredicateNew>
                                  </SeekPredicates>
                                </IndexScan>
                              </RelOp>
                            </ComputeScalar>
                          </RelOp>
                          <RelOp NodeId="7" PhysicalOp="Clustered Index Seek" LogicalOp="Clustered Index Seek" EstimateRows="1" EstimateIO="0.003125" EstimateCPU="0.0001581" AvgRowSize="111" EstimatedTotalSubtreeCost="0.0032831" TableCardinality="96" Parallel="0" EstimateRebinds="0" EstimateRewinds="0" EstimatedExecutionMode="Row">
                            <OutputList>
                              <ColumnReference Database="[OurLabReporting]" Schema="[dbo]" Table="[Status]" Column="Status" />
                            </OutputList>
                            <IndexScan Ordered="1" ScanDirection="FORWARD" ForcedIndex="0" ForceSeek="0" ForceScan="0" NoExpandHint="0" Storage="RowStore">
                              <DefinedValues>
                                <DefinedValue>
                                  <ColumnReference Database="[OurLabReporting]" Schema="[dbo]" Table="[Status]" Column="Status" />
                                </DefinedValue>
                              </DefinedValues>
                              <Object Database="[OurLabReporting]" Schema="[dbo]" Table="[Status]" Index="[Status_PK]" IndexKind="Clustered" />
                              <SeekPredicates>
                                <SeekPredicateNew>
                                  <SeekKeys>
                                    <Prefix ScanType="EQ">
                                      <RangeColumns>
                                        <ColumnReference Database="[OurLabReporting]" Schema="[dbo]" Table="[Status]" Column="Id" />
                                      </RangeColumns>
                                      <RangeExpressions>
                                        <ScalarOperator ScalarString="[OurLabReporting].[dbo].[ResolvedTED].[StatusId]">
                                          <Identifier>
                                            <ColumnReference Database="[OurLabReporting]" Schema="[dbo]" Table="[ResolvedTED]" Column="StatusId" />
                                          </Identifier>
                                        </ScalarOperator>
                                      </RangeExpressions>
                                    </Prefix>
                                  </SeekKeys>
                                </SeekPredicateNew>
                              </SeekPredicates>
                            </IndexScan>
                          </RelOp>
                        </NestedLoops>
                      </RelOp>
                    </ComputeScalar>
                  </RelOp>
                </QueryPlan>
              </StmtSimple>
              <StmtSimple StatementText="&#x9;SELECT @local_TEUId = dbo.TEU.Id&#xD;&#xA;&#x9;&#x9;FROM dbo.TEU WITH (NOLOCK)&#xD;&#xA;&#x9;&#x9;WHERE dbo.TEU.ResolvedTEDId = @local_ResolvedTEDId&#xD;&#xA;&#xD;&#xA;&#x9;" StatementId="27" StatementCompId="35" StatementType="SELECT" RetrievedFromCache="true" StatementSubTreeCost="0.0432083" StatementEstRows="2674.87" StatementOptmLevel="TRIVIAL" QueryHash="0xBA0E457FC4DBF693" QueryPlanHash="0xCE6167A685A36044">
                <StatementSetOptions QUOTED_IDENTIFIER="true" ARITHABORT="true" CONCAT_NULL_YIELDS_NULL="true" ANSI_NULLS="true" ANSI_PADDING="true" ANSI_WARNINGS="true" NUMERIC_ROUNDABORT="false" />
                <QueryPlan NonParallelPlanReason="MaxDOPSetToOne" CachedPlanSize="8" CompileTime="1" CompileCPU="1" CompileMemory="1768">
                  <MemoryGrantInfo SerialRequiredMemory="0" SerialDesiredMemory="0" />
                  <OptimizerHardwareDependentProperties EstimatedAvailableMemoryGrant="193313" EstimatedPagesCached="773254" EstimatedAvailableDegreeOfParallelism="1" />
                  <RelOp NodeId="0" PhysicalOp="Index Seek" LogicalOp="Index Seek" EstimateRows="2674.87" EstimateIO="0.0401089" EstimateCPU="0.00309936" AvgRowSize="15" EstimatedTotalSubtreeCost="0.0432083" TableCardinality="4.12024e+007" Parallel="0" EstimateRebinds="0" EstimateRewinds="0" EstimatedExecutionMode="Row">
                    <OutputList>
                      <ColumnReference Database="[OurLabReporting]" Schema="[dbo]" Table="[TEU]" Column="Id" />
                    </OutputList>
                    <IndexScan Ordered="1" ScanDirection="FORWARD" ForcedIndex="0" ForceSeek="0" ForceScan="0" NoExpandHint="0" Storage="RowStore">
                      <DefinedValues>
                        <DefinedValue>
                          <ColumnReference Database="[OurLabReporting]" Schema="[dbo]" Table="[TEU]" Column="Id" />
                        </DefinedValue>
                      </DefinedValues>
                      <Object Database="[OurLabReporting]" Schema="[dbo]" Table="[TEU]" Index="[Teu_IDX_ResolvedTED]" IndexKind="NonClustered" />
                      <SeekPredicates>
                        <SeekPredicateNew>
                          <SeekKeys>
                            <Prefix ScanType="EQ">
                              <RangeColumns>
                                <ColumnReference Database="[OurLabReporting]" Schema="[dbo]" Table="[TEU]" Column="ResolvedTEDId" />
                              </RangeColumns>
                              <RangeExpressions>
                                <ScalarOperator ScalarString="[@local_ResolvedTEDId]">
                                  <Identifier>
                                    <ColumnReference Column="@local_ResolvedTEDId" />
                                  </Identifier>
                                </ScalarOperator>
                              </RangeExpressions>
                            </Prefix>
                          </SeekKeys>
                        </SeekPredicateNew>
                      </SeekPredicates>
                    </IndexScan>
                  </RelOp>
                </QueryPlan>
              </StmtSimple>
              <StmtSimple StatementText="&#x9;SELECT @local_PrimaryRoleId = dbo.TEU.PrimaryRoleId&#xD;&#xA;&#x9;&#x9;&#x9;,@local_MachineSetExecutionLink = dbo.MachineSet.ExecutionStatusLink&#xD;&#xA;&#x9;&#x9;&#x9;,@local_ResultLink = dbo.MachineSet.CustomExecutionFilePath&#xD;&#xA;&#x9;&#x9;&#x9;,@local_TEUId = dbo.TEU.Id&#xD;&#xA;&#x9;&#x9;&#x9;,@local_TEUName = dbo.TEU.NAME&#xD;&#xA;&#x9;&#x9;&#x9;,@local_TEUOwner = dbo.TEU.[Owner]&#xD;&#xA;&#x9;&#x9;&#x9;,@local_TEUStatus = dbo.[Status].[Status]&#xD;&#xA;&#x9;&#x9;&#x9;,@local_TEULogDirectory = dbo.TEU.RunLogDirectory&#xD;&#xA;&#x9;&#x9;&#x9;,@local_FeaturePath = dbo.FeaturePath.[Path]&#xD;&#xA;&#x9;&#x9;&#x9;,@local_FeaturePathId = dbo.FeaturePath.Id&#xD;&#xA;&#x9;&#x9;&#x9;,@local_CustomUnc = dbo.TEU.CustomUnc&#xD;&#xA;&#x9;&#x9;&#x9;,@local_CustomUrl = dbo.TEU.CustomUrl&#xD;&#xA;&#x9;&#x9;&#x9;,@local_TEUHasUploaded = dbo.TEU.UploadComplete&#xD;&#xA;&#x9;&#x9;&#x9;,@local_TEUHasExecutionFailures = dbo.TEU.HasExecutionFailures&#xD;&#xA;&#x9;&#x9;&#x9;,@local_AdditionalInfo = dbo.TEU.AdditionalInfo&#xD;&#xA;&#x9;&#x9;FROM dbo.TEU WITH (NOLOCK)&#xD;&#xA;&#x9;&#x9;LEFT JOIN dbo.MachineSet WITH (NOLOCK) ON dbo.TEU.MachineSetId = dbo.MachineSet.Id&#xD;&#xA;&#x9;&#x9;LEFT JOIN dbo.FeaturePath WITH (NOLOCK) ON dbo.TEU.FeaturePathId = dbo.FeaturePath.Id&#xD;&#xA;&#x9;&#x9;INNER JOIN dbo.[Status] WITH (NOLOCK) ON dbo.TEU.StatusId = dbo.[Status].Id&#xD;&#xA;&#x9;&#x9;WHERE dbo.TEU.Id = @local_TEUId&#xD;&#xA;&#xD;&#xA;&#x9;" StatementId="28" StatementCompId="36" StatementType="SELECT" RetrievedFromCache="true" StatementSubTreeCost="0.013145" StatementEstRows="1" StatementOptmLevel="FULL" QueryHash="0x7D92F287F6462029" QueryPlanHash="0x8AB0533E46F3FF7F" StatementOptmEarlyAbortReason="GoodEnoughPlanFound">
                <StatementSetOptions QUOTED_IDENTIFIER="true" ARITHABORT="true" CONCAT_NULL_YIELDS_NULL="true" ANSI_NULLS="true" ANSI_PADDING="true" ANSI_WARNINGS="true" NUMERIC_ROUNDABORT="false" />
                <QueryPlan NonParallelPlanReason="MaxDOPSetToOne" CachedPlanSize="40" CompileTime="6" CompileCPU="6" CompileMemory="2120">
                  <MemoryGrantInfo SerialRequiredMemory="0" SerialDesiredMemory="0" />
                  <OptimizerHardwareDependentProperties EstimatedAvailableMemoryGrant="193313" EstimatedPagesCached="773254" EstimatedAvailableDegreeOfParallelism="1" />
                  <RelOp NodeId="0" PhysicalOp="Nested Loops" LogicalOp="Left Outer Join" EstimateRows="1" EstimateIO="0" EstimateCPU="4.18e-006" AvgRowSize="5079" EstimatedTotalSubtreeCost="0.013145" Parallel="0" EstimateRebinds="0" EstimateRewinds="0" EstimatedExecutionMode="Row">
                    <OutputList>
                      <ColumnReference Database="[OurLabReporting]" Schema="[dbo]" Table="[TEU]" Column="Id" />
                      <ColumnReference Database="[OurLabReporting]" Schema="[dbo]" Table="[TEU]" Column="Name" />
                      <ColumnReference Database="[OurLabReporting]" Schema="[dbo]" Table="[TEU]" Column="Owner" />
                      <ColumnReference Database="[OurLabReporting]" Schema="[dbo]" Table="[TEU]" Column="RunLogDirectory" />
                      <ColumnReference Database="[OurLabReporting]" Schema="[dbo]" Table="[TEU]" Column="UploadComplete" />
                      <ColumnReference Database="[OurLabReporting]" Schema="[dbo]" Table="[TEU]" Column="CustomUrl" />
                      <ColumnReference Database="[OurLabReporting]" Schema="[dbo]" Table="[TEU]" Column="CustomUnc" />
                      <ColumnReference Database="[OurLabReporting]" Schema="[dbo]" Table="[TEU]" Column="HasExecutionFailures" />
                      <ColumnReference Database="[OurLabReporting]" Schema="[dbo]" Table="[TEU]" Column="AdditionalInfo" />
                      <ColumnReference Database="[OurLabReporting]" Schema="[dbo]" Table="[TEU]" Column="PrimaryRoleId" />
                      <ColumnReference Database="[OurLabReporting]" Schema="[dbo]" Table="[MachineSet]" Column="ExecutionStatusLink" />
                      <ColumnReference Database="[OurLabReporting]" Schema="[dbo]" Table="[MachineSet]" Column="CustomExecutionFilePath" />
                      <ColumnReference Database="[OurLabReporting]" Schema="[dbo]" Table="[FeaturePath]" Column="Id" />
                      <ColumnReference Database="[OurLabReporting]" Schema="[dbo]" Table="[FeaturePath]" Column="Path" />
                      <ColumnReference Column="Expr1012" />
                    </OutputList>
                    <NestedLoops Optimized="0">
                      <OuterReferences>
                        <ColumnReference Database="[OurLabReporting]" Schema="[dbo]" Table="[TEU]" Column="FeaturePathId" />
                      </OuterReferences>
                      <RelOp NodeId="1" PhysicalOp="Nested Loops" LogicalOp="Left Outer Join" EstimateRows="1" EstimateIO="0" EstimateCPU="4.18e-006" AvgRowSize="4677" EstimatedTotalSubtreeCost="0.00985776" Parallel="0" EstimateRebinds="0" EstimateRewinds="0" EstimatedExecutionMode="Row">
                        <OutputList>
                          <ColumnReference Database="[OurLabReporting]" Schema="[dbo]" Table="[TEU]" Column="Id" />
                          <ColumnReference Database="[OurLabReporting]" Schema="[dbo]" Table="[TEU]" Column="Name" />
                          <ColumnReference Database="[OurLabReporting]" Schema="[dbo]" Table="[TEU]" Column="Owner" />
                          <ColumnReference Database="[OurLabReporting]" Schema="[dbo]" Table="[TEU]" Column="RunLogDirectory" />
                          <ColumnReference Database="[OurLabReporting]" Schema="[dbo]" Table="[TEU]" Column="UploadComplete" />
                          <ColumnReference Database="[OurLabReporting]" Schema="[dbo]" Table="[TEU]" Column="CustomUrl" />
                          <ColumnReference Database="[OurLabReporting]" Schema="[dbo]" Table="[TEU]" Column="CustomUnc" />
                          <ColumnReference Database="[OurLabReporting]" Schema="[dbo]" Table="[TEU]" Column="HasExecutionFailures" />
                          <ColumnReference Database="[OurLabReporting]" Schema="[dbo]" Table="[TEU]" Column="AdditionalInfo" />
                          <ColumnReference Database="[OurLabReporting]" Schema="[dbo]" Table="[TEU]" Column="FeaturePathId" />
                          <ColumnReference Database="[OurLabReporting]" Schema="[dbo]" Table="[TEU]" Column="PrimaryRoleId" />
                          <ColumnReference Database="[OurLabReporting]" Schema="[dbo]" Table="[MachineSet]" Column="ExecutionStatusLink" />
                          <ColumnReference Database="[OurLabReporting]" Schema="[dbo]" Table="[MachineSet]" Column="CustomExecutionFilePath" />
                          <ColumnReference Column="Expr1012" />
                        </OutputList>
                        <NestedLoops Optimized="0">
                          <OuterReferences>
                            <ColumnReference Database="[OurLabReporting]" Schema="[dbo]" Table="[TEU]" Column="MachineSetId" />
                          </OuterReferences>
                          <RelOp NodeId="2" PhysicalOp="Compute Scalar" LogicalOp="Compute Scalar" EstimateRows="1" EstimateIO="0" EstimateCPU="1e-007" AvgRowSize="2629" EstimatedTotalSubtreeCost="0.00657048" Parallel="0" EstimateRebinds="0" EstimateRewinds="0" EstimatedExecutionMode="Row">
                            <OutputList>
                              <ColumnReference Database="[OurLabReporting]" Schema="[dbo]" Table="[TEU]" Column="Id" />
                              <ColumnReference Database="[OurLabReporting]" Schema="[dbo]" Table="[TEU]" Column="Name" />
                              <ColumnReference Database="[OurLabReporting]" Schema="[dbo]" Table="[TEU]" Column="Owner" />
                              <ColumnReference Database="[OurLabReporting]" Schema="[dbo]" Table="[TEU]" Column="RunLogDirectory" />
                              <ColumnReference Database="[OurLabReporting]" Schema="[dbo]" Table="[TEU]" Column="UploadComplete" />
                              <ColumnReference Database="[OurLabReporting]" Schema="[dbo]" Table="[TEU]" Column="CustomUrl" />
                              <ColumnReference Database="[OurLabReporting]" Schema="[dbo]" Table="[TEU]" Column="CustomUnc" />
                              <ColumnReference Database="[OurLabReporting]" Schema="[dbo]" Table="[TEU]" Column="HasExecutionFailures" />
                              <ColumnReference Database="[OurLabReporting]" Schema="[dbo]" Table="[TEU]" Column="AdditionalInfo" />
                              <ColumnReference Database="[OurLabReporting]" Schema="[dbo]" Table="[TEU]" Column="FeaturePathId" />
                              <ColumnReference Database="[OurLabReporting]" Schema="[dbo]" Table="[TEU]" Column="MachineSetId" />
                              <ColumnReference Database="[OurLabReporting]" Schema="[dbo]" Table="[TEU]" Column="PrimaryRoleId" />
                              <ColumnReference Column="Expr1012" />
                            </OutputList>
                            <ComputeScalar>
                              <DefinedValues>
                                <DefinedValue>
                                  <ColumnReference Column="Expr1012" />
                                  <ScalarOperator ScalarString="CONVERT_IMPLICIT(nvarchar(50),[OurLabReporting].[dbo].[Status].[Status],0)">
                                    <Convert DataType="nvarchar" Length="100" Style="0" Implicit="1">
                                      <ScalarOperator>
                                        <Identifier>
                                          <ColumnReference Database="[OurLabReporting]" Schema="[dbo]" Table="[Status]" Column="Status" />
                                        </Identifier>
                                      </ScalarOperator>
                                    </Convert>
                                  </ScalarOperator>
                                </DefinedValue>
                              </DefinedValues>
                              <RelOp NodeId="3" PhysicalOp="Nested Loops" LogicalOp="Inner Join" EstimateRows="1" EstimateIO="0" EstimateCPU="4.18e-006" AvgRowSize="2679" EstimatedTotalSubtreeCost="0.00657038" Parallel="0" EstimateRebinds="0" EstimateRewinds="0" EstimatedExecutionMode="Row">
                                <OutputList>
                                  <ColumnReference Database="[OurLabReporting]" Schema="[dbo]" Table="[TEU]" Column="Id" />
                                  <ColumnReference Database="[OurLabReporting]" Schema="[dbo]" Table="[TEU]" Column="Name" />
                                  <ColumnReference Database="[OurLabReporting]" Schema="[dbo]" Table="[TEU]" Column="Owner" />
                                  <ColumnReference Database="[OurLabReporting]" Schema="[dbo]" Table="[TEU]" Column="RunLogDirectory" />
                                  <ColumnReference Database="[OurLabReporting]" Schema="[dbo]" Table="[TEU]" Column="UploadComplete" />
                                  <ColumnReference Database="[OurLabReporting]" Schema="[dbo]" Table="[TEU]" Column="CustomUrl" />
                                  <ColumnReference Database="[OurLabReporting]" Schema="[dbo]" Table="[TEU]" Column="CustomUnc" />
                                  <ColumnReference Database="[OurLabReporting]" Schema="[dbo]" Table="[TEU]" Column="HasExecutionFailures" />
                                  <ColumnReference Database="[OurLabReporting]" Schema="[dbo]" Table="[TEU]" Column="AdditionalInfo" />
                                  <ColumnReference Database="[OurLabReporting]" Schema="[dbo]" Table="[TEU]" Column="FeaturePathId" />
                                  <ColumnReference Database="[OurLabReporting]" Schema="[dbo]" Table="[TEU]" Column="MachineSetId" />
                                  <ColumnReference Database="[OurLabReporting]" Schema="[dbo]" Table="[TEU]" Column="PrimaryRoleId" />
                                  <ColumnReference Database="[OurLabReporting]" Schema="[dbo]" Table="[Status]" Column="Status" />
                                </OutputList>
                                <NestedLoops Optimized="0">
                                  <OuterReferences>
                                    <ColumnReference Database="[OurLabReporting]" Schema="[dbo]" Table="[TEU]" Column="StatusId" />
                                  </OuterReferences>
                                  <RelOp NodeId="4" PhysicalOp="Clustered Index Seek" LogicalOp="Clustered Index Seek" EstimateRows="1" EstimateIO="0.003125" EstimateCPU="0.0001581" AvgRowSize="2581" EstimatedTotalSubtreeCost="0.0032831" TableCardinality="4.12024e+007" Parallel="0" EstimateRebinds="0" EstimateRewinds="0" EstimatedExecutionMode="Row">
                                    <OutputList>
                                      <ColumnReference Database="[OurLabReporting]" Schema="[dbo]" Table="[TEU]" Column="Id" />
                                      <ColumnReference Database="[OurLabReporting]" Schema="[dbo]" Table="[TEU]" Column="Name" />
                                      <ColumnReference Database="[OurLabReporting]" Schema="[dbo]" Table="[TEU]" Column="Owner" />
                                      <ColumnReference Database="[OurLabReporting]" Schema="[dbo]" Table="[TEU]" Column="RunLogDirectory" />
                                      <ColumnReference Database="[OurLabReporting]" Schema="[dbo]" Table="[TEU]" Column="UploadComplete" />
                                      <ColumnReference Database="[OurLabReporting]" Schema="[dbo]" Table="[TEU]" Column="CustomUrl" />
                                      <ColumnReference Database="[OurLabReporting]" Schema="[dbo]" Table="[TEU]" Column="CustomUnc" />
                                      <ColumnReference Database="[OurLabReporting]" Schema="[dbo]" Table="[TEU]" Column="HasExecutionFailures" />
                                      <ColumnReference Database="[OurLabReporting]" Schema="[dbo]" Table="[TEU]" Column="AdditionalInfo" />
                                      <ColumnReference Database="[OurLabReporting]" Schema="[dbo]" Table="[TEU]" Column="FeaturePathId" />
                                      <ColumnReference Database="[OurLabReporting]" Schema="[dbo]" Table="[TEU]" Column="MachineSetId" />
                                      <ColumnReference Database="[OurLabReporting]" Schema="[dbo]" Table="[TEU]" Column="PrimaryRoleId" />
                                      <ColumnReference Database="[OurLabReporting]" Schema="[dbo]" Table="[TEU]" Column="StatusId" />
                                    </OutputList>
                                    <IndexScan Ordered="1" ScanDirection="FORWARD" ForcedIndex="0" ForceSeek="0" ForceScan="0" NoExpandHint="0" Storage="RowStore">
                                      <DefinedValues>
                                        <DefinedValue>
                                          <ColumnReference Database="[OurLabReporting]" Schema="[dbo]" Table="[TEU]" Column="Id" />
                                        </DefinedValue>
                                        <DefinedValue>
                                          <ColumnReference Database="[OurLabReporting]" Schema="[dbo]" Table="[TEU]" Column="Name" />
                                        </DefinedValue>
                                        <DefinedValue>
                                          <ColumnReference Database="[OurLabReporting]" Schema="[dbo]" Table="[TEU]" Column="Owner" />
                                        </DefinedValue>
                                        <DefinedValue>
                                          <ColumnReference Database="[OurLabReporting]" Schema="[dbo]" Table="[TEU]" Column="RunLogDirectory" />
                                        </DefinedValue>
                                        <DefinedValue>
                                          <ColumnReference Database="[OurLabReporting]" Schema="[dbo]" Table="[TEU]" Column="UploadComplete" />
                                        </DefinedValue>
                                        <DefinedValue>
                                          <ColumnReference Database="[OurLabReporting]" Schema="[dbo]" Table="[TEU]" Column="CustomUrl" />
                                        </DefinedValue>
                                        <DefinedValue>
                                          <ColumnReference Database="[OurLabReporting]" Schema="[dbo]" Table="[TEU]" Column="CustomUnc" />
                                        </DefinedValue>
                                        <DefinedValue>
                                          <ColumnReference Database="[OurLabReporting]" Schema="[dbo]" Table="[TEU]" Column="HasExecutionFailures" />
                                        </DefinedValue>
                                        <DefinedValue>
                                          <ColumnReference Database="[OurLabReporting]" Schema="[dbo]" Table="[TEU]" Column="AdditionalInfo" />
                                        </DefinedValue>
                                        <DefinedValue>
                                          <ColumnReference Database="[OurLabReporting]" Schema="[dbo]" Table="[TEU]" Column="FeaturePathId" />
                                        </DefinedValue>
                                        <DefinedValue>
                                          <ColumnReference Database="[OurLabReporting]" Schema="[dbo]" Table="[TEU]" Column="MachineSetId" />
                                        </DefinedValue>
                                        <DefinedValue>
                                          <ColumnReference Database="[OurLabReporting]" Schema="[dbo]" Table="[TEU]" Column="PrimaryRoleId" />
                                        </DefinedValue>
                                        <DefinedValue>
                                          <ColumnReference Database="[OurLabReporting]" Schema="[dbo]" Table="[TEU]" Column="StatusId" />
                                        </DefinedValue>
                                      </DefinedValues>
                                      <Object Database="[OurLabReporting]" Schema="[dbo]" Table="[TEU]" Index="[Teu_PK]" IndexKind="Clustered" />
                                      <SeekPredicates>
                                        <SeekPredicateNew>
                                          <SeekKeys>
                                            <Prefix ScanType="EQ">
                                              <RangeColumns>
                                                <ColumnReference Database="[OurLabReporting]" Schema="[dbo]" Table="[TEU]" Column="Id" />
                                              </RangeColumns>
                                              <RangeExpressions>
                                                <ScalarOperator ScalarString="[@local_TEUId]">
                                                  <Identifier>
                                                    <ColumnReference Column="@local_TEUId" />
                                                  </Identifier>
                                                </ScalarOperator>
                                              </RangeExpressions>
                                            </Prefix>
                                          </SeekKeys>
                                        </SeekPredicateNew>
                                      </SeekPredicates>
                                    </IndexScan>
                                  </RelOp>
                                  <RelOp NodeId="5" PhysicalOp="Clustered Index Seek" LogicalOp="Clustered Index Seek" EstimateRows="1" EstimateIO="0.003125" EstimateCPU="0.0001581" AvgRowSize="111" EstimatedTotalSubtreeCost="0.0032831" TableCardinality="96" Parallel="0" EstimateRebinds="0" EstimateRewinds="0" EstimatedExecutionMode="Row">
                                    <OutputList>
                                      <ColumnReference Database="[OurLabReporting]" Schema="[dbo]" Table="[Status]" Column="Status" />
                                    </OutputList>
                                    <IndexScan Ordered="1" ScanDirection="FORWARD" ForcedIndex="0" ForceSeek="0" ForceScan="0" NoExpandHint="0" Storage="RowStore">
                                      <DefinedValues>
                                        <DefinedValue>
                                          <ColumnReference Database="[OurLabReporting]" Schema="[dbo]" Table="[Status]" Column="Status" />
                                        </DefinedValue>
                                      </DefinedValues>
                                      <Object Database="[OurLabReporting]" Schema="[dbo]" Table="[Status]" Index="[Status_PK]" IndexKind="Clustered" />
                                      <SeekPredicates>
                                        <SeekPredicateNew>
                                          <SeekKeys>
                                            <Prefix ScanType="EQ">
                                              <RangeColumns>
                                                <ColumnReference Database="[OurLabReporting]" Schema="[dbo]" Table="[Status]" Column="Id" />
                                              </RangeColumns>
                                              <RangeExpressions>
                                                <ScalarOperator ScalarString="[OurLabReporting].[dbo].[TEU].[StatusId]">
                                                  <Identifier>
                                                    <ColumnReference Database="[OurLabReporting]" Schema="[dbo]" Table="[TEU]" Column="StatusId" />
                                                  </Identifier>
                                                </ScalarOperator>
                                              </RangeExpressions>
                                            </Prefix>
                                          </SeekKeys>
                                        </SeekPredicateNew>
                                      </SeekPredicates>
                                    </IndexScan>
                                  </RelOp>
                                </NestedLoops>
                              </RelOp>
                            </ComputeScalar>
                          </RelOp>
                          <RelOp NodeId="9" PhysicalOp="Clustered Index Seek" LogicalOp="Clustered Index Seek" EstimateRows="1" EstimateIO="0.003125" EstimateCPU="0.0001581" AvgRowSize="2061" EstimatedTotalSubtreeCost="0.0032831" TableCardinality="1.23247e+007" Parallel="0" EstimateRebinds="0" EstimateRewinds="0" EstimatedExecutionMode="Row">
                            <OutputList>
                              <ColumnReference Database="[OurLabReporting]" Schema="[dbo]" Table="[MachineSet]" Column="ExecutionStatusLink" />
                              <ColumnReference Database="[OurLabReporting]" Schema="[dbo]" Table="[MachineSet]" Column="CustomExecutionFilePath" />
                            </OutputList>
                            <IndexScan Ordered="1" ScanDirection="FORWARD" ForcedIndex="0" ForceSeek="0" ForceScan="0" NoExpandHint="0" Storage="RowStore">
                              <DefinedValues>
                                <DefinedValue>
                                  <ColumnReference Database="[OurLabReporting]" Schema="[dbo]" Table="[MachineSet]" Column="ExecutionStatusLink" />
                                </DefinedValue>
                                <DefinedValue>
                                  <ColumnReference Database="[OurLabReporting]" Schema="[dbo]" Table="[MachineSet]" Column="CustomExecutionFilePath" />
                                </DefinedValue>
                              </DefinedValues>
                              <Object Database="[OurLabReporting]" Schema="[dbo]" Table="[MachineSet]" Index="[MachineSet_PK]" IndexKind="Clustered" />
                              <SeekPredicates>
                                <SeekPredicateNew>
                                  <SeekKeys>
                                    <Prefix ScanType="EQ">
                                      <RangeColumns>
                                        <ColumnReference Database="[OurLabReporting]" Schema="[dbo]" Table="[MachineSet]" Column="Id" />
                                      </RangeColumns>
                                      <RangeExpressions>
                                        <ScalarOperator ScalarString="[OurLabReporting].[dbo].[TEU].[MachineSetId]">
                                          <Identifier>
                                            <ColumnReference Database="[OurLabReporting]" Schema="[dbo]" Table="[TEU]" Column="MachineSetId" />
                                          </Identifier>
                                        </ScalarOperator>
                                      </RangeExpressions>
                                    </Prefix>
                                  </SeekKeys>
                                </SeekPredicateNew>
                              </SeekPredicates>
                            </IndexScan>
                          </RelOp>
                        </NestedLoops>
                      </RelOp>
                      <RelOp NodeId="10" PhysicalOp="Clustered Index Seek" LogicalOp="Clustered Index Seek" EstimateRows="1" EstimateIO="0.003125" EstimateCPU="0.0001581" AvgRowSize="415" EstimatedTotalSubtreeCost="0.0032831" TableCardinality="7814" Parallel="0" EstimateRebinds="0" EstimateRewinds="0" EstimatedExecutionMode="Row">
                        <OutputList>
                          <ColumnReference Database="[OurLabReporting]" Schema="[dbo]" Table="[FeaturePath]" Column="Id" />
                          <ColumnReference Database="[OurLabReporting]" Schema="[dbo]" Table="[FeaturePath]" Column="Path" />
                        </OutputList>
                        <IndexScan Ordered="1" ScanDirection="FORWARD" ForcedIndex="0" ForceSeek="0" ForceScan="0" NoExpandHint="0" Storage="RowStore">
                          <DefinedValues>
                            <DefinedValue>
                              <ColumnReference Database="[OurLabReporting]" Schema="[dbo]" Table="[FeaturePath]" Column="Id" />
                            </DefinedValue>
                            <DefinedValue>
                              <ColumnReference Database="[OurLabReporting]" Schema="[dbo]" Table="[FeaturePath]" Column="Path" />
                            </DefinedValue>
                          </DefinedValues>
                          <Object Database="[OurLabReporting]" Schema="[dbo]" Table="[FeaturePath]" Index="[FeaturePath_PK]" IndexKind="Clustered" />
                          <SeekPredicates>
                            <SeekPredicateNew>
                              <SeekKeys>
                                <Prefix ScanType="EQ">
                                  <RangeColumns>
                                    <ColumnReference Database="[OurLabReporting]" Schema="[dbo]" Table="[FeaturePath]" Column="Id" />
                                  </RangeColumns>
                                  <RangeExpressions>
                                    <ScalarOperator ScalarString="[OurLabReporting].[dbo].[TEU].[FeaturePathId]">
                                      <Identifier>
                                        <ColumnReference Database="[OurLabReporting]" Schema="[dbo]" Table="[TEU]" Column="FeaturePathId" />
                                      </Identifier>
                                    </ScalarOperator>
                                  </RangeExpressions>
                                </Prefix>
                              </SeekKeys>
                            </SeekPredicateNew>
                          </SeekPredicates>
                        </IndexScan>
                      </RelOp>
                    </NestedLoops>
                  </RelOp>
                </QueryPlan>
              </StmtSimple>
              <StmtSimple StatementText="&#x9;SELECT @local_PrimaryRoleName = dbo.[Role].NAME&#xD;&#xA;&#x9;&#x9;FROM dbo.[Role] WITH (NOLOCK)&#xD;&#xA;&#x9;&#x9;WHERE dbo.[Role].Id = @local_PrimaryRoleId&#xD;&#xA;&#xD;&#xA;&#x9;" StatementId="29" StatementCompId="37" StatementType="SELECT" RetrievedFromCache="true" StatementSubTreeCost="0.0032831" StatementEstRows="1" StatementOptmLevel="TRIVIAL" QueryHash="0xE1AA8CD9A0892EA5" QueryPlanHash="0xB63B67D5A78DEB6D">
                <StatementSetOptions QUOTED_IDENTIFIER="true" ARITHABORT="true" CONCAT_NULL_YIELDS_NULL="true" ANSI_NULLS="true" ANSI_PADDING="true" ANSI_WARNINGS="true" NUMERIC_ROUNDABORT="false" />
                <QueryPlan NonParallelPlanReason="MaxDOPSetToOne" CachedPlanSize="8" CompileTime="0" CompileCPU="0" CompileMemory="1720">
                  <MemoryGrantInfo SerialRequiredMemory="0" SerialDesiredMemory="0" />
                  <OptimizerHardwareDependentProperties EstimatedAvailableMemoryGrant="193313" EstimatedPagesCached="773254" EstimatedAvailableDegreeOfParallelism="1" />
                  <RelOp NodeId="0" PhysicalOp="Clustered Index Seek" LogicalOp="Clustered Index Seek" EstimateRows="1" EstimateIO="0.003125" EstimateCPU="0.0001581" AvgRowSize="61" EstimatedTotalSubtreeCost="0.0032831" TableCardinality="1.2143e+007" Parallel="0" EstimateRebinds="0" EstimateRewinds="0" EstimatedExecutionMode="Row">
                    <OutputList>
                      <ColumnReference Database="[OurLabReporting]" Schema="[dbo]" Table="[Role]" Column="Name" />
                    </OutputList>
                    <IndexScan Ordered="1" ScanDirection="FORWARD" ForcedIndex="0" ForceSeek="0" ForceScan="0" NoExpandHint="0" Storage="RowStore">
                      <DefinedValues>
                        <DefinedValue>
                          <ColumnReference Database="[OurLabReporting]" Schema="[dbo]" Table="[Role]" Column="Name" />
                        </DefinedValue>
                      </DefinedValues>
                      <Object Database="[OurLabReporting]" Schema="[dbo]" Table="[Role]" Index="[Role_PK]" IndexKind="Clustered" />
                      <SeekPredicates>
                        <SeekPredicateNew>
                          <SeekKeys>
                            <Prefix ScanType="EQ">
                              <RangeColumns>
                                <ColumnReference Database="[OurLabReporting]" Schema="[dbo]" Table="[Role]" Column="Id" />
                              </RangeColumns>
                              <RangeExpressions>
                                <ScalarOperator ScalarString="[@local_PrimaryRoleId]">
                                  <Identifier>
                                    <ColumnReference Column="@local_PrimaryRoleId" />
                                  </Identifier>
                                </ScalarOperator>
                              </RangeExpressions>
                            </Prefix>
                          </SeekKeys>
                        </SeekPredicateNew>
                      </SeekPredicates>
                    </IndexScan>
                  </RelOp>
                </QueryPlan>
              </StmtSimple>
              <StmtSimple StatementText="&#x9;SELECT @local_TestpassList = dbo.[Function_GetTestpassList](@RoleId, 'Role')&#xD;&#xA;&#xD;&#xA;&#x9;" StatementId="30" StatementCompId="38" StatementType="ASSIGN WITH QUERY" RetrievedFromCache="true" />
              <StmtSimple StatementText="&#x9;SELECT @local_ModifierList = dbo.[Function_GetModifierList](@RoleId, 'Role')&#xD;&#xA;" StatementId="31" StatementCompId="39" StatementType="ASSIGN WITH QUERY" RetrievedFromCache="true" />
            </Statements>
          </Then>
        </StmtCond>
        <StmtCond StatementText="&#x9;END&#xD;&#xA;&#xD;&#xA;&#x9;-- Get the details for the ResolvedTED&#xD;&#xA;&#x9;IF (@ResolvedTEDId IS NOT NULL)&#xD;&#xA;" StatementId="32" StatementCompId="41" StatementType="COND" RetrievedFromCache="true">
          <Condition />
          <Then>
            <Statements>
              <StmtSimple StatementText="&#x9;BEGIN&#xD;&#xA;&#x9;&#x9;SELECT @local_MixId = dbo.ResolvedTED.MixId&#xD;&#xA;&#x9;&#x9;&#x9;,@local_ScheduleId = dbo.Mix.ScheduleId&#xD;&#xA;&#x9;&#x9;&#x9;,@local_ResolvedTEDId = dbo.ResolvedTED.Id&#xD;&#xA;&#x9;&#x9;&#x9;,@local_EnvComments = dbo.ResolvedTED.Comments&#xD;&#xA;&#x9;&#x9;FROM dbo.ResolvedTED WITH (NOLOCK)&#xD;&#xA;&#x9;&#x9;INNER JOIN dbo.Mix WITH (NOLOCK) ON dbo.Mix.Id = dbo.ResolvedTED.MixId&#xD;&#xA;&#x9;&#x9;WHERE dbo.ResolvedTED.Id = @ResolvedTEDId&#xD;&#xA;&#xD;&#xA;&#x9;" StatementId="33" StatementCompId="42" StatementType="SELECT" RetrievedFromCache="true" StatementSubTreeCost="0.00657048" StatementEstRows="1" StatementOptmLevel="FULL" QueryHash="0x90D5371A9AE3C498" QueryPlanHash="0x93EFC084B697539B" StatementOptmEarlyAbortReason="GoodEnoughPlanFound">
                <StatementSetOptions QUOTED_IDENTIFIER="true" ARITHABORT="true" CONCAT_NULL_YIELDS_NULL="true" ANSI_NULLS="true" ANSI_PADDING="true" ANSI_WARNINGS="true" NUMERIC_ROUNDABORT="false" />
                <QueryPlan NonParallelPlanReason="MaxDOPSetToOne" CachedPlanSize="16" CompileTime="4" CompileCPU="4" CompileMemory="1960">
                  <MemoryGrantInfo SerialRequiredMemory="0" SerialDesiredMemory="0" />
                  <OptimizerHardwareDependentProperties EstimatedAvailableMemoryGrant="193313" EstimatedPagesCached="773254" EstimatedAvailableDegreeOfParallelism="1" />
                  <RelOp NodeId="0" PhysicalOp="Nested Loops" LogicalOp="Inner Join" EstimateRows="1" EstimateIO="0" EstimateCPU="4.18e-006" AvgRowSize="273" EstimatedTotalSubtreeCost="0.00657048" Parallel="0" EstimateRebinds="0" EstimateRewinds="0" EstimatedExecutionMode="Row">
                    <OutputList>
                      <ColumnReference Database="[OurLabReporting]" Schema="[dbo]" Table="[ResolvedTED]" Column="Id" />
                      <ColumnReference Database="[OurLabReporting]" Schema="[dbo]" Table="[ResolvedTED]" Column="MixId" />
                      <ColumnReference Database="[OurLabReporting]" Schema="[dbo]" Table="[Mix]" Column="ScheduleId" />
                      <ColumnReference Column="Expr1006" />
                    </OutputList>
                    <NestedLoops Optimized="0">
                      <OuterReferences>
                        <ColumnReference Database="[OurLabReporting]" Schema="[dbo]" Table="[ResolvedTED]" Column="MixId" />
                      </OuterReferences>
                      <RelOp NodeId="1" PhysicalOp="Compute Scalar" LogicalOp="Compute Scalar" EstimateRows="1" EstimateIO="0" EstimateCPU="1e-007" AvgRowSize="269" EstimatedTotalSubtreeCost="0.0032832" Parallel="0" EstimateRebinds="0" EstimateRewinds="0" EstimatedExecutionMode="Row">
                        <OutputList>
                          <ColumnReference Database="[OurLabReporting]" Schema="[dbo]" Table="[ResolvedTED]" Column="Id" />
                          <ColumnReference Database="[OurLabReporting]" Schema="[dbo]" Table="[ResolvedTED]" Column="MixId" />
                          <ColumnReference Column="Expr1006" />
                        </OutputList>
                        <ComputeScalar>
                          <DefinedValues>
                            <DefinedValue>
                              <ColumnReference Column="Expr1006" />
                              <ScalarOperator ScalarString="CONVERT_IMPLICIT(nvarchar(250),[OurLabReporting].[dbo].[ResolvedTED].[Comments],0)">
                                <Convert DataType="nvarchar" Length="500" Style="0" Implicit="1">
                                  <ScalarOperator>
                                    <Identifier>
                                      <ColumnReference Database="[OurLabReporting]" Schema="[dbo]" Table="[ResolvedTED]" Column="Comments" />
                                    </Identifier>
                                  </ScalarOperator>
                                </Convert>
                              </ScalarOperator>
                            </DefinedValue>
                          </DefinedValues>
                          <RelOp NodeId="2" PhysicalOp="Clustered Index Seek" LogicalOp="Clustered Index Seek" EstimateRows="1" EstimateIO="0.003125" EstimateCPU="0.0001581" AvgRowSize="1019" EstimatedTotalSubtreeCost="0.0032831" TableCardinality="1.37084e+006" Parallel="0" EstimateRebinds="0" EstimateRewinds="0" EstimatedExecutionMode="Row">
                            <OutputList>
                              <ColumnReference Database="[OurLabReporting]" Schema="[dbo]" Table="[ResolvedTED]" Column="Id" />
                              <ColumnReference Database="[OurLabReporting]" Schema="[dbo]" Table="[ResolvedTED]" Column="MixId" />
                              <ColumnReference Database="[OurLabReporting]" Schema="[dbo]" Table="[ResolvedTED]" Column="Comments" />
                            </OutputList>
                            <IndexScan Ordered="1" ScanDirection="FORWARD" ForcedIndex="0" ForceSeek="0" ForceScan="0" NoExpandHint="0" Storage="RowStore">
                              <DefinedValues>
                                <DefinedValue>
                                  <ColumnReference Database="[OurLabReporting]" Schema="[dbo]" Table="[ResolvedTED]" Column="Id" />
                                </DefinedValue>
                                <DefinedValue>
                                  <ColumnReference Database="[OurLabReporting]" Schema="[dbo]" Table="[ResolvedTED]" Column="MixId" />
                                </DefinedValue>
                                <DefinedValue>
                                  <ColumnReference Database="[OurLabReporting]" Schema="[dbo]" Table="[ResolvedTED]" Column="Comments" />
                                </DefinedValue>
                              </DefinedValues>
                              <Object Database="[OurLabReporting]" Schema="[dbo]" Table="[ResolvedTED]" Index="[ResolvedTED_PK]" IndexKind="Clustered" />
                              <SeekPredicates>
                                <SeekPredicateNew>
                                  <SeekKeys>
                                    <Prefix ScanType="EQ">
                                      <RangeColumns>
                                        <ColumnReference Database="[OurLabReporting]" Schema="[dbo]" Table="[ResolvedTED]" Column="Id" />
                                      </RangeColumns>
                                      <RangeExpressions>
                                        <ScalarOperator ScalarString="[@ResolvedteDid]">
                                          <Identifier>
                                            <ColumnReference Column="@ResolvedteDid" />
                                          </Identifier>
                                        </ScalarOperator>
                                      </RangeExpressions>
                                    </Prefix>
                                  </SeekKeys>
                                </SeekPredicateNew>
                              </SeekPredicates>
                            </IndexScan>
                          </RelOp>
                        </ComputeScalar>
                      </RelOp>
                      <RelOp NodeId="6" PhysicalOp="Index Seek" LogicalOp="Index Seek" EstimateRows="1" EstimateIO="0.003125" EstimateCPU="0.0001581" AvgRowSize="11" EstimatedTotalSubtreeCost="0.0032831" TableCardinality="1.48176e+006" Parallel="0" EstimateRebinds="0" EstimateRewinds="0" EstimatedExecutionMode="Row">
                        <OutputList>
                          <ColumnReference Database="[OurLabReporting]" Schema="[dbo]" Table="[Mix]" Column="ScheduleId" />
                        </OutputList>
                        <IndexScan Ordered="1" ScanDirection="FORWARD" ForcedIndex="0" ForceSeek="0" ForceScan="0" NoExpandHint="0" Storage="RowStore">
                          <DefinedValues>
                            <DefinedValue>
                              <ColumnReference Database="[OurLabReporting]" Schema="[dbo]" Table="[Mix]" Column="ScheduleId" />
                            </DefinedValue>
                          </DefinedValues>
                          <Object Database="[OurLabReporting]" Schema="[dbo]" Table="[Mix]" Index="[Mix_IDX_Id]" IndexKind="NonClustered" />
                          <SeekPredicates>
                            <SeekPredicateNew>
                              <SeekKeys>
                                <Prefix ScanType="EQ">
                                  <RangeColumns>
                                    <ColumnReference Database="[OurLabReporting]" Schema="[dbo]" Table="[Mix]" Column="Id" />
                                  </RangeColumns>
                                  <RangeExpressions>
                                    <ScalarOperator ScalarString="[OurLabReporting].[dbo].[ResolvedTED].[MixId]">
                                      <Identifier>
                                        <ColumnReference Database="[OurLabReporting]" Schema="[dbo]" Table="[ResolvedTED]" Column="MixId" />
                                      </Identifier>
                                    </ScalarOperator>
                                  </RangeExpressions>
                                </Prefix>
                              </SeekKeys>
                            </SeekPredicateNew>
                          </SeekPredicates>
                        </IndexScan>
                      </RelOp>
                    </NestedLoops>
                  </RelOp>
                  <ParameterList>
                    <ColumnReference Column="@ResolvedteDid" ParameterCompiledValue="NULL" />
                  </ParameterList>
                </QueryPlan>
              </StmtSimple>
              <StmtSimple StatementText="&#x9;SELECT @local_TEDName = dbo.ResolvedTED.NAME&#xD;&#xA;&#x9;&#x9;&#x9;,@local_ResolvedTEDName = dbo.ResolvedTED.ResolvedName&#xD;&#xA;&#x9;&#x9;&#x9;,@local_TEDExecutionLink = dbo.ResolvedTED.ExecutionStatusLink&#xD;&#xA;&#x9;&#x9;&#x9;,@local_ResolvedTEDStartTime = dbo.ResolvedTED.StartDate&#xD;&#xA;&#x9;&#x9;&#x9;,@local_ResolvedTEDEndTime = dbo.ResolvedTED.EndDate&#xD;&#xA;&#x9;&#x9;&#x9;,@local_ResolvedTEDStatus = dbo.[Status].[Status]&#xD;&#xA;&#x9;&#x9;FROM dbo.ResolvedTED WITH (NOLOCK)&#xD;&#xA;&#x9;&#x9;LEFT JOIN dbo.[Status] WITH (NOLOCK) ON dbo.[Status].Id = dbo.ResolvedTED.StatusId&#xD;&#xA;&#x9;&#x9;WHERE dbo.ResolvedTED.Id = @local_ResolvedTEDId&#xD;&#xA;&#xD;&#xA;&#x9;" StatementId="34" StatementCompId="43" StatementType="SELECT" RetrievedFromCache="true" StatementSubTreeCost="0.00657048" StatementEstRows="1" StatementOptmLevel="FULL" QueryHash="0x7772D809D14DB453" QueryPlanHash="0x7F6A605D83325156" StatementOptmEarlyAbortReason="GoodEnoughPlanFound">
                <StatementSetOptions QUOTED_IDENTIFIER="true" ARITHABORT="true" CONCAT_NULL_YIELDS_NULL="true" ANSI_NULLS="true" ANSI_PADDING="true" ANSI_WARNINGS="true" NUMERIC_ROUNDABORT="false" />
                <QueryPlan NonParallelPlanReason="MaxDOPSetToOne" CachedPlanSize="24" CompileTime="2" CompileCPU="2" CompileMemory="1816">
                  <MemoryGrantInfo SerialRequiredMemory="0" SerialDesiredMemory="0" />
                  <OptimizerHardwareDependentProperties EstimatedAvailableMemoryGrant="193313" EstimatedPagesCached="773254" EstimatedAvailableDegreeOfParallelism="1" />
                  <RelOp NodeId="0" PhysicalOp="Compute Scalar" LogicalOp="Compute Scalar" EstimateRows="1" EstimateIO="0" EstimateCPU="1e-007" AvgRowSize="2457" EstimatedTotalSubtreeCost="0.00657048" Parallel="0" EstimateRebinds="0" EstimateRewinds="0" EstimatedExecutionMode="Row">
                    <OutputList>
                      <ColumnReference Database="[OurLabReporting]" Schema="[dbo]" Table="[ResolvedTED]" Column="Name" />
                      <ColumnReference Database="[OurLabReporting]" Schema="[dbo]" Table="[ResolvedTED]" Column="ExecutionStatusLink" />
                      <ColumnReference Database="[OurLabReporting]" Schema="[dbo]" Table="[ResolvedTED]" Column="ResolvedName" />
                      <ColumnReference Database="[OurLabReporting]" Schema="[dbo]" Table="[ResolvedTED]" Column="StartDate" />
                      <ColumnReference Database="[OurLabReporting]" Schema="[dbo]" Table="[ResolvedTED]" Column="EndDate" />
                      <ColumnReference Column="Expr1006" />
                    </OutputList>
                    <ComputeScalar>
                      <DefinedValues>
                        <DefinedValue>
                          <ColumnReference Column="Expr1006" />
                          <ScalarOperator ScalarString="CONVERT_IMPLICIT(nvarchar(200),[OurLabReporting].[dbo].[Status].[Status],0)">
                            <Convert DataType="nvarchar" Length="400" Style="0" Implicit="1">
                              <ScalarOperator>
                                <Identifier>
                                  <ColumnReference Database="[OurLabReporting]" Schema="[dbo]" Table="[Status]" Column="Status" />
                                </Identifier>
                              </ScalarOperator>
                            </Convert>
                          </ScalarOperator>
                        </DefinedValue>
                      </DefinedValues>
                      <RelOp NodeId="1" PhysicalOp="Nested Loops" LogicalOp="Left Outer Join" EstimateRows="1" EstimateIO="0" EstimateCPU="4.18e-006" AvgRowSize="2357" EstimatedTotalSubtreeCost="0.00657038" Parallel="0" EstimateRebinds="0" EstimateRewinds="0" EstimatedExecutionMode="Row">
                        <OutputList>
                          <ColumnReference Database="[OurLabReporting]" Schema="[dbo]" Table="[ResolvedTED]" Column="Name" />
                          <ColumnReference Database="[OurLabReporting]" Schema="[dbo]" Table="[ResolvedTED]" Column="ExecutionStatusLink" />
                          <ColumnReference Database="[OurLabReporting]" Schema="[dbo]" Table="[ResolvedTED]" Column="ResolvedName" />
                          <ColumnReference Database="[OurLabReporting]" Schema="[dbo]" Table="[ResolvedTED]" Column="StartDate" />
                          <ColumnReference Database="[OurLabReporting]" Schema="[dbo]" Table="[ResolvedTED]" Column="EndDate" />
                          <ColumnReference Database="[OurLabReporting]" Schema="[dbo]" Table="[Status]" Column="Status" />
                        </OutputList>
                        <NestedLoops Optimized="0">
                          <OuterReferences>
                            <ColumnReference Database="[OurLabReporting]" Schema="[dbo]" Table="[ResolvedTED]" Column="StatusId" />
                          </OuterReferences>
                          <RelOp NodeId="2" PhysicalOp="Clustered Index Seek" LogicalOp="Clustered Index Seek" EstimateRows="1" EstimateIO="0.003125" EstimateCPU="0.0001581" AvgRowSize="2259" EstimatedTotalSubtreeCost="0.0032831" TableCardinality="1.37084e+006" Parallel="0" EstimateRebinds="0" EstimateRewinds="0" EstimatedExecutionMode="Row">
                            <OutputList>
                              <ColumnReference Database="[OurLabReporting]" Schema="[dbo]" Table="[ResolvedTED]" Column="Name" />
                              <ColumnReference Database="[OurLabReporting]" Schema="[dbo]" Table="[ResolvedTED]" Column="ExecutionStatusLink" />
                              <ColumnReference Database="[OurLabReporting]" Schema="[dbo]" Table="[ResolvedTED]" Column="ResolvedName" />
                              <ColumnReference Database="[OurLabReporting]" Schema="[dbo]" Table="[ResolvedTED]" Column="StartDate" />
                              <ColumnReference Database="[OurLabReporting]" Schema="[dbo]" Table="[ResolvedTED]" Column="EndDate" />
                              <ColumnReference Database="[OurLabReporting]" Schema="[dbo]" Table="[ResolvedTED]" Column="StatusId" />
                            </OutputList>
                            <IndexScan Ordered="1" ScanDirection="FORWARD" ForcedIndex="0" ForceSeek="0" ForceScan="0" NoExpandHint="0" Storage="RowStore">
                              <DefinedValues>
                                <DefinedValue>
                                  <ColumnReference Database="[OurLabReporting]" Schema="[dbo]" Table="[ResolvedTED]" Column="Name" />
                                </DefinedValue>
                                <DefinedValue>
                                  <ColumnReference Database="[OurLabReporting]" Schema="[dbo]" Table="[ResolvedTED]" Column="ExecutionStatusLink" />
                                </DefinedValue>
                                <DefinedValue>
                                  <ColumnReference Database="[OurLabReporting]" Schema="[dbo]" Table="[ResolvedTED]" Column="ResolvedName" />
                                </DefinedValue>
                                <DefinedValue>
                                  <ColumnReference Database="[OurLabReporting]" Schema="[dbo]" Table="[ResolvedTED]" Column="StartDate" />
                                </DefinedValue>
                                <DefinedValue>
                                  <ColumnReference Database="[OurLabReporting]" Schema="[dbo]" Table="[ResolvedTED]" Column="EndDate" />
                                </DefinedValue>
                                <DefinedValue>
                                  <ColumnReference Database="[OurLabReporting]" Schema="[dbo]" Table="[ResolvedTED]" Column="StatusId" />
                                </DefinedValue>
                              </DefinedValues>
                              <Object Database="[OurLabReporting]" Schema="[dbo]" Table="[ResolvedTED]" Index="[ResolvedTED_PK]" IndexKind="Clustered" />
                              <SeekPredicates>
                                <SeekPredicateNew>
                                  <SeekKeys>
                                    <Prefix ScanType="EQ">
                                      <RangeColumns>
                                        <ColumnReference Database="[OurLabReporting]" Schema="[dbo]" Table="[ResolvedTED]" Column="Id" />
                                      </RangeColumns>
                                      <RangeExpressions>
                                        <ScalarOperator ScalarString="[@local_ResolvedTEDId]">
                                          <Identifier>
                                            <ColumnReference Column="@local_ResolvedTEDId" />
                                          </Identifier>
                                        </ScalarOperator>
                                      </RangeExpressions>
                                    </Prefix>
                                  </SeekKeys>
                                </SeekPredicateNew>
                              </SeekPredicates>
                            </IndexScan>
                          </RelOp>
                          <RelOp NodeId="3" PhysicalOp="Clustered Index Seek" LogicalOp="Clustered Index Seek" EstimateRows="1" EstimateIO="0.003125" EstimateCPU="0.0001581" AvgRowSize="111" EstimatedTotalSubtreeCost="0.0032831" TableCardinality="96" Parallel="0" EstimateRebinds="0" EstimateRewinds="0" EstimatedExecutionMode="Row">
                            <OutputList>
                              <ColumnReference Database="[OurLabReporting]" Schema="[dbo]" Table="[Status]" Column="Status" />
                            </OutputList>
                            <IndexScan Ordered="1" ScanDirection="FORWARD" ForcedIndex="0" ForceSeek="0" ForceScan="0" NoExpandHint="0" Storage="RowStore">
                              <DefinedValues>
                                <DefinedValue>
                                  <ColumnReference Database="[OurLabReporting]" Schema="[dbo]" Table="[Status]" Column="Status" />
                                </DefinedValue>
                              </DefinedValues>
                              <Object Database="[OurLabReporting]" Schema="[dbo]" Table="[Status]" Index="[Status_PK]" IndexKind="Clustered" />
                              <SeekPredicates>
                                <SeekPredicateNew>
                                  <SeekKeys>
                                    <Prefix ScanType="EQ">
                                      <RangeColumns>
                                        <ColumnReference Database="[OurLabReporting]" Schema="[dbo]" Table="[Status]" Column="Id" />
                                      </RangeColumns>
                                      <RangeExpressions>
                                        <ScalarOperator ScalarString="[OurLabReporting].[dbo].[ResolvedTED].[StatusId]">
                                          <Identifier>
                                            <ColumnReference Database="[OurLabReporting]" Schema="[dbo]" Table="[ResolvedTED]" Column="StatusId" />
                                          </Identifier>
                                        </ScalarOperator>
                                      </RangeExpressions>
                                    </Prefix>
                                  </SeekKeys>
                                </SeekPredicateNew>
                              </SeekPredicates>
                            </IndexScan>
                          </RelOp>
                        </NestedLoops>
                      </RelOp>
                    </ComputeScalar>
                  </RelOp>
                </QueryPlan>
              </StmtSimple>
              <StmtSimple StatementText="&#x9;SELECT @local_TestpassList = dbo.[Function_GetTestpassList](@ResolvedTEDId, 'ResolvedTED')&#xD;&#xA;&#xD;&#xA;&#x9;" StatementId="35" StatementCompId="44" StatementType="ASSIGN WITH QUERY" RetrievedFromCache="true" />
              <StmtSimple StatementText="&#x9;SELECT @local_ModifierList = dbo.[Function_GetModifierList](@ResolvedTEDId, 'ResolvedTED')&#xD;&#xA;" StatementId="36" StatementCompId="45" StatementType="ASSIGN WITH QUERY" RetrievedFromCache="true" />
            </Statements>
          </Then>
        </StmtCond>
        <StmtCond StatementText="&#x9;END&#xD;&#xA;&#xD;&#xA;&#x9;-- validate and get Mix/schedule data&#xD;&#xA;&#x9;-- Note: for bigger joins, we are splitting the joins to make it faster&#xD;&#xA;&#x9;IF @MixId IS NOT NULL&#xD;&#xA;" StatementId="37" StatementCompId="47" StatementType="COND" RetrievedFromCache="true">
          <Condition />
          <Then>
            <Statements>
              <StmtSimple StatementText="&#x9;BEGIN&#xD;&#xA;&#x9;&#x9;SELECT @local_MixId = dbo.Mix.Id&#xD;&#xA;&#x9;&#x9;&#x9;,@local_ScheduleId = dbo.Mix.ScheduleId&#xD;&#xA;&#x9;&#x9;FROM dbo.Mix WITH (NOLOCK)&#xD;&#xA;&#x9;&#x9;WHERE dbo.Mix.Id = @MixId&#xD;&#xA;&#xD;&#xA;&#x9;" StatementId="38" StatementCompId="48" StatementType="SELECT" RetrievedFromCache="true" StatementSubTreeCost="0.0032831" StatementEstRows="1" StatementOptmLevel="TRIVIAL" QueryHash="0x54AEE0A317CCBAFE" QueryPlanHash="0xBFE39867C0D888BC">
                <StatementSetOptions QUOTED_IDENTIFIER="true" ARITHABORT="true" CONCAT_NULL_YIELDS_NULL="true" ANSI_NULLS="true" ANSI_PADDING="true" ANSI_WARNINGS="true" NUMERIC_ROUNDABORT="false" />
                <QueryPlan NonParallelPlanReason="MaxDOPSetToOne" CachedPlanSize="16" CompileTime="0" CompileCPU="0" CompileMemory="1744">
                  <MemoryGrantInfo SerialRequiredMemory="0" SerialDesiredMemory="0" />
                  <OptimizerHardwareDependentProperties EstimatedAvailableMemoryGrant="193313" EstimatedPagesCached="773254" EstimatedAvailableDegreeOfParallelism="1" />
                  <RelOp NodeId="0" PhysicalOp="Clustered Index Seek" LogicalOp="Clustered Index Seek" EstimateRows="1" EstimateIO="0.003125" EstimateCPU="0.0001581" AvgRowSize="15" EstimatedTotalSubtreeCost="0.0032831" TableCardinality="1.48176e+006" Parallel="0" EstimateRebinds="0" EstimateRewinds="0" EstimatedExecutionMode="Row">
                    <OutputList>
                      <ColumnReference Database="[OurLabReporting]" Schema="[dbo]" Table="[Mix]" Column="Id" />
                      <ColumnReference Database="[OurLabReporting]" Schema="[dbo]" Table="[Mix]" Column="ScheduleId" />
                    </OutputList>
                    <IndexScan Ordered="1" ScanDirection="FORWARD" ForcedIndex="0" ForceSeek="0" ForceScan="0" NoExpandHint="0" Storage="RowStore">
                      <DefinedValues>
                        <DefinedValue>
                          <ColumnReference Database="[OurLabReporting]" Schema="[dbo]" Table="[Mix]" Column="Id" />
                        </DefinedValue>
                        <DefinedValue>
                          <ColumnReference Database="[OurLabReporting]" Schema="[dbo]" Table="[Mix]" Column="ScheduleId" />
                        </DefinedValue>
                      </DefinedValues>
                      <Object Database="[OurLabReporting]" Schema="[dbo]" Table="[Mix]" Index="[Mix_PK]" IndexKind="Clustered" />
                      <SeekPredicates>
                        <SeekPredicateNew>
                          <SeekKeys>
                            <Prefix ScanType="EQ">
                              <RangeColumns>
                                <ColumnReference Database="[OurLabReporting]" Schema="[dbo]" Table="[Mix]" Column="Id" />
                              </RangeColumns>
                              <RangeExpressions>
                                <ScalarOperator ScalarString="[@MixId]">
                                  <Identifier>
                                    <ColumnReference Column="@MixId" />
                                  </Identifier>
                                </ScalarOperator>
                              </RangeExpressions>
                            </Prefix>
                          </SeekKeys>
                        </SeekPredicateNew>
                      </SeekPredicates>
                    </IndexScan>
                  </RelOp>
                  <ParameterList>
                    <ColumnReference Column="@MixId" ParameterCompiledValue="NULL" />
                  </ParameterList>
                </QueryPlan>
              </StmtSimple>
              <StmtSimple StatementText="&#x9;SELECT @local_TEDName = dbo.ResolvedTED.NAME&#xD;&#xA;&#x9;&#x9;&#x9;,@local_ResolvedTEDName = dbo.ResolvedTED.ResolvedName&#xD;&#xA;&#x9;&#x9;&#x9;,@local_TEDExecutionLink = dbo.ResolvedTED.ExecutionStatusLink&#xD;&#xA;&#x9;&#x9;&#x9;,@local_ResolvedTEDId = dbo.ResolvedTED.Id&#xD;&#xA;&#x9;&#x9;&#x9;,@local_ResolvedTEDStartTime = dbo.ResolvedTED.StartDate&#xD;&#xA;&#x9;&#x9;&#x9;,@local_ResolvedTEDEndTime = dbo.ResolvedTED.EndDate&#xD;&#xA;&#x9;&#x9;&#x9;,@local_ResolvedTEDStatus = dbo.[Status].[Status]&#xD;&#xA;&#x9;&#x9;&#x9;,@local_MixComments = dbo.Mix.Comments&#xD;&#xA;&#x9;&#x9;FROM dbo.Mix WITH (NOLOCK)&#xD;&#xA;&#x9;&#x9;LEFT JOIN dbo.ResolvedTED WITH (NOLOCK) ON dbo.Mix.Id = dbo.ResolvedTED.MixId&#xD;&#xA;&#x9;&#x9;LEFT JOIN dbo.[Status] WITH (NOLOCK) ON dbo.[Status].Id = dbo.ResolvedTED.StatusId&#xD;&#xA;&#x9;&#x9;WHERE dbo.Mix.Id = @local_MixId&#xD;&#xA;&#xD;&#xA;&#x9;" StatementId="39" StatementCompId="49" StatementType="SELECT" RetrievedFromCache="true" StatementSubTreeCost="0.0144433" StatementEstRows="1.72587" StatementOptmLevel="FULL" QueryHash="0xD8D3B95E29FA698F" QueryPlanHash="0x828DDAA91683F9FA" StatementOptmEarlyAbortReason="GoodEnoughPlanFound">
                <StatementSetOptions QUOTED_IDENTIFIER="true" ARITHABORT="true" CONCAT_NULL_YIELDS_NULL="true" ANSI_NULLS="true" ANSI_PADDING="true" ANSI_WARNINGS="true" NUMERIC_ROUNDABORT="false" />
                <QueryPlan NonParallelPlanReason="MaxDOPSetToOne" CachedPlanSize="40" CompileTime="4" CompileCPU="4" CompileMemory="1976">
                  <MemoryGrantInfo SerialRequiredMemory="0" SerialDesiredMemory="0" />
                  <OptimizerHardwareDependentProperties EstimatedAvailableMemoryGrant="193313" EstimatedPagesCached="773254" EstimatedAvailableDegreeOfParallelism="1" />
                  <RelOp NodeId="0" PhysicalOp="Compute Scalar" LogicalOp="Compute Scalar" EstimateRows="1.72587" EstimateIO="0" EstimateCPU="1.72587e-007" AvgRowSize="2713" EstimatedTotalSubtreeCost="0.0144433" Parallel="0" EstimateRebinds="0" EstimateRewinds="0" EstimatedExecutionMode="Row">
                    <OutputList>
                      <ColumnReference Database="[OurLabReporting]" Schema="[dbo]" Table="[ResolvedTED]" Column="Id" />
                      <ColumnReference Database="[OurLabReporting]" Schema="[dbo]" Table="[ResolvedTED]" Column="Name" />
                      <ColumnReference Database="[OurLabReporting]" Schema="[dbo]" Table="[ResolvedTED]" Column="ExecutionStatusLink" />
                      <ColumnReference Database="[OurLabReporting]" Schema="[dbo]" Table="[ResolvedTED]" Column="ResolvedName" />
                      <ColumnReference Database="[OurLabReporting]" Schema="[dbo]" Table="[ResolvedTED]" Column="StartDate" />
                      <ColumnReference Database="[OurLabReporting]" Schema="[dbo]" Table="[ResolvedTED]" Column="EndDate" />
                      <ColumnReference Column="Expr1009" />
                      <ColumnReference Column="Expr1010" />
                    </OutputList>
                    <ComputeScalar>
                      <DefinedValues>
                        <DefinedValue>
                          <ColumnReference Column="Expr1009" />
                          <ScalarOperator ScalarString="CONVERT_IMPLICIT(nvarchar(200),[OurLabReporting].[dbo].[Status].[Status],0)">
                            <Convert DataType="nvarchar" Length="400" Style="0" Implicit="1">
                              <ScalarOperator>
                                <Identifier>
                                  <ColumnReference Database="[OurLabReporting]" Schema="[dbo]" Table="[Status]" Column="Status" />
                                </Identifier>
                              </ScalarOperator>
                            </Convert>
                          </ScalarOperator>
                        </DefinedValue>
                      </DefinedValues>
                      <RelOp NodeId="1" PhysicalOp="Nested Loops" LogicalOp="Left Outer Join" EstimateRows="1.72587" EstimateIO="0" EstimateCPU="7.21415e-006" AvgRowSize="2613" EstimatedTotalSubtreeCost="0.0144431" Parallel="0" EstimateRebinds="0" EstimateRewinds="0" EstimatedExecutionMode="Row">
                        <OutputList>
                          <ColumnReference Database="[OurLabReporting]" Schema="[dbo]" Table="[ResolvedTED]" Column="Id" />
                          <ColumnReference Database="[OurLabReporting]" Schema="[dbo]" Table="[ResolvedTED]" Column="Name" />
                          <ColumnReference Database="[OurLabReporting]" Schema="[dbo]" Table="[ResolvedTED]" Column="ExecutionStatusLink" />
                          <ColumnReference Database="[OurLabReporting]" Schema="[dbo]" Table="[ResolvedTED]" Column="ResolvedName" />
                          <ColumnReference Database="[OurLabReporting]" Schema="[dbo]" Table="[ResolvedTED]" Column="StartDate" />
                          <ColumnReference Database="[OurLabReporting]" Schema="[dbo]" Table="[ResolvedTED]" Column="EndDate" />
                          <ColumnReference Database="[OurLabReporting]" Schema="[dbo]" Table="[Status]" Column="Status" />
                          <ColumnReference Column="Expr1010" />
                        </OutputList>
                        <NestedLoops Optimized="0">
                          <OuterReferences>
                            <ColumnReference Database="[OurLabReporting]" Schema="[dbo]" Table="[ResolvedTED]" Column="StatusId" />
                          </OuterReferences>
                          <RelOp NodeId="2" PhysicalOp="Nested Loops" LogicalOp="Left Outer Join" EstimateRows="1.72587" EstimateIO="0" EstimateCPU="7.21415e-006" AvgRowSize="2515" EstimatedTotalSubtreeCost="0.011038" Parallel="0" EstimateRebinds="0" EstimateRewinds="0" EstimatedExecutionMode="Row">
                            <OutputList>
                              <ColumnReference Database="[OurLabReporting]" Schema="[dbo]" Table="[ResolvedTED]" Column="Id" />
                              <ColumnReference Database="[OurLabReporting]" Schema="[dbo]" Table="[ResolvedTED]" Column="Name" />
                              <ColumnReference Database="[OurLabReporting]" Schema="[dbo]" Table="[ResolvedTED]" Column="ExecutionStatusLink" />
                              <ColumnReference Database="[OurLabReporting]" Schema="[dbo]" Table="[ResolvedTED]" Column="ResolvedName" />
                              <ColumnReference Database="[OurLabReporting]" Schema="[dbo]" Table="[ResolvedTED]" Column="StartDate" />
                              <ColumnReference Database="[OurLabReporting]" Schema="[dbo]" Table="[ResolvedTED]" Column="EndDate" />
                              <ColumnReference Database="[OurLabReporting]" Schema="[dbo]" Table="[ResolvedTED]" Column="StatusId" />
                              <ColumnReference Column="Expr1010" />
                            </OutputList>
                            <NestedLoops Optimized="0">
                              <RelOp NodeId="3" PhysicalOp="Compute Scalar" LogicalOp="Compute Scalar" EstimateRows="1" EstimateIO="0" EstimateCPU="1e-007" AvgRowSize="261" EstimatedTotalSubtreeCost="0.0032832" Parallel="0" EstimateRebinds="0" EstimateRewinds="0" EstimatedExecutionMode="Row">
                                <OutputList>
                                  <ColumnReference Column="Expr1010" />
                                </OutputList>
                                <ComputeScalar>
                                  <DefinedValues>
                                    <DefinedValue>
                                      <ColumnReference Column="Expr1010" />
                                      <ScalarOperator ScalarString="CONVERT_IMPLICIT(nvarchar(250),[OurLabReporting].[dbo].[Mix].[Comments],0)">
                                        <Convert DataType="nvarchar" Length="500" Style="0" Implicit="1">
                                          <ScalarOperator>
                                            <Identifier>
                                              <ColumnReference Database="[OurLabReporting]" Schema="[dbo]" Table="[Mix]" Column="Comments" />
                                            </Identifier>
                                          </ScalarOperator>
                                        </Convert>
                                      </ScalarOperator>
                                    </DefinedValue>
                                  </DefinedValues>
                                  <RelOp NodeId="4" PhysicalOp="Clustered Index Seek" LogicalOp="Clustered Index Seek" EstimateRows="1" EstimateIO="0.003125" EstimateCPU="0.0001581" AvgRowSize="1011" EstimatedTotalSubtreeCost="0.0032831" TableCardinality="1.48176e+006" Parallel="0" EstimateRebinds="0" EstimateRewinds="0" EstimatedExecutionMode="Row">
                                    <OutputList>
                                      <ColumnReference Database="[OurLabReporting]" Schema="[dbo]" Table="[Mix]" Column="Comments" />
                                    </OutputList>
                                    <IndexScan Ordered="1" ScanDirection="FORWARD" ForcedIndex="0" ForceSeek="0" ForceScan="0" NoExpandHint="0" Storage="RowStore">
                                      <DefinedValues>
                                        <DefinedValue>
                                          <ColumnReference Database="[OurLabReporting]" Schema="[dbo]" Table="[Mix]" Column="Comments" />
                                        </DefinedValue>
                                      </DefinedValues>
                                      <Object Database="[OurLabReporting]" Schema="[dbo]" Table="[Mix]" Index="[Mix_PK]" IndexKind="Clustered" />
                                      <SeekPredicates>
                                        <SeekPredicateNew>
                                          <SeekKeys>
                                            <Prefix ScanType="EQ">
                                              <RangeColumns>
                                                <ColumnReference Database="[OurLabReporting]" Schema="[dbo]" Table="[Mix]" Column="Id" />
                                              </RangeColumns>
                                              <RangeExpressions>
                                                <ScalarOperator ScalarString="[@local_MixId]">
                                                  <Identifier>
                                                    <ColumnReference Column="@local_MixId" />
                                                  </Identifier>
                                                </ScalarOperator>
                                              </RangeExpressions>
                                            </Prefix>
                                          </SeekKeys>
                                        </SeekPredicateNew>
                                      </SeekPredicates>
                                    </IndexScan>
                                  </RelOp>
                                </ComputeScalar>
                              </RelOp>
                              <RelOp NodeId="8" PhysicalOp="Nested Loops" LogicalOp="Inner Join" EstimateRows="1.72587" EstimateIO="0" EstimateCPU="7.21415e-006" AvgRowSize="2263" EstimatedTotalSubtreeCost="0.00774763" Parallel="0" EstimateRebinds="0" EstimateRewinds="0" EstimatedExecutionMode="Row">
                                <OutputList>
                                  <ColumnReference Database="[OurLabReporting]" Schema="[dbo]" Table="[ResolvedTED]" Column="Id" />
                                  <ColumnReference Database="[OurLabReporting]" Schema="[dbo]" Table="[ResolvedTED]" Column="Name" />
                                  <ColumnReference Database="[OurLabReporting]" Schema="[dbo]" Table="[ResolvedTED]" Column="ExecutionStatusLink" />
                                  <ColumnReference Database="[OurLabReporting]" Schema="[dbo]" Table="[ResolvedTED]" Column="ResolvedName" />
                                  <ColumnReference Database="[OurLabReporting]" Schema="[dbo]" Table="[ResolvedTED]" Column="StartDate" />
                                  <ColumnReference Database="[OurLabReporting]" Schema="[dbo]" Table="[ResolvedTED]" Column="EndDate" />
                                  <ColumnReference Database="[OurLabReporting]" Schema="[dbo]" Table="[ResolvedTED]" Column="StatusId" />
                                </OutputList>
                                <NestedLoops Optimized="0">
                                  <OuterReferences>
                                    <ColumnReference Database="[OurLabReporting]" Schema="[dbo]" Table="[ResolvedTED]" Column="Id" />
                                  </OuterReferences>
                                  <RelOp NodeId="9" PhysicalOp="Index Seek" LogicalOp="Index Seek" EstimateRows="1.72587" EstimateIO="0.003125" EstimateCPU="0.000158898" AvgRowSize="1241" EstimatedTotalSubtreeCost="0.0032839" TableCardinality="1.37084e+006" Parallel="0" EstimateRebinds="0" EstimateRewinds="0" EstimatedExecutionMode="Row">
                                    <OutputList>
                                      <ColumnReference Database="[OurLabReporting]" Schema="[dbo]" Table="[ResolvedTED]" Column="Id" />
                                      <ColumnReference Database="[OurLabReporting]" Schema="[dbo]" Table="[ResolvedTED]" Column="Name" />
                                      <ColumnReference Database="[OurLabReporting]" Schema="[dbo]" Table="[ResolvedTED]" Column="ExecutionStatusLink" />
                                    </OutputList>
                                    <IndexScan Ordered="1" ScanDirection="FORWARD" ForcedIndex="0" ForceSeek="0" ForceScan="0" NoExpandHint="0" Storage="RowStore">
                                      <DefinedValues>
                                        <DefinedValue>
                                          <ColumnReference Database="[OurLabReporting]" Schema="[dbo]" Table="[ResolvedTED]" Column="Id" />
                                        </DefinedValue>
                                        <DefinedValue>
                                          <ColumnReference Database="[OurLabReporting]" Schema="[dbo]" Table="[ResolvedTED]" Column="Name" />
                                        </DefinedValue>
                                        <DefinedValue>
                                          <ColumnReference Database="[OurLabReporting]" Schema="[dbo]" Table="[ResolvedTED]" Column="ExecutionStatusLink" />
                                        </DefinedValue>
                                      </DefinedValues>
                                      <Object Database="[OurLabReporting]" Schema="[dbo]" Table="[ResolvedTED]" Index="[ResolvedTED_IDX_MixId]" IndexKind="NonClustered" />
                                      <SeekPredicates>
                                        <SeekPredicateNew>
                                          <SeekKeys>
                                            <Prefix ScanType="EQ">
                                              <RangeColumns>
                                                <ColumnReference Database="[OurLabReporting]" Schema="[dbo]" Table="[ResolvedTED]" Column="MixId" />
                                              </RangeColumns>
                                              <RangeExpressions>
                                                <ScalarOperator ScalarString="[@local_MixId]">
                                                  <Identifier>
                                                    <ColumnReference Column="@local_MixId" />
                                                  </Identifier>
                                                </ScalarOperator>
                                              </RangeExpressions>
                                            </Prefix>
                                          </SeekKeys>
                                        </SeekPredicateNew>
                                      </SeekPredicates>
                                    </IndexScan>
                                  </RelOp>
                                  <RelOp NodeId="11" PhysicalOp="Clustered Index Seek" LogicalOp="Clustered Index Seek" EstimateRows="1" EstimateIO="0.003125" EstimateCPU="0.0001581" AvgRowSize="1031" EstimatedTotalSubtreeCost="0.00445652" TableCardinality="1.37084e+006" Parallel="0" EstimateRebinds="0.725873" EstimateRewinds="0" EstimatedExecutionMode="Row">
                                    <OutputList>
                                      <ColumnReference Database="[OurLabReporting]" Schema="[dbo]" Table="[ResolvedTED]" Column="ResolvedName" />
                                      <ColumnReference Database="[OurLabReporting]" Schema="[dbo]" Table="[ResolvedTED]" Column="StartDate" />
                                      <ColumnReference Database="[OurLabReporting]" Schema="[dbo]" Table="[ResolvedTED]" Column="EndDate" />
                                      <ColumnReference Database="[OurLabReporting]" Schema="[dbo]" Table="[ResolvedTED]" Column="StatusId" />
                                    </OutputList>
                                    <IndexScan Lookup="1" Ordered="1" ScanDirection="FORWARD" ForcedIndex="0" ForceSeek="0" ForceScan="0" NoExpandHint="0" Storage="RowStore">
                                      <DefinedValues>
                                        <DefinedValue>
                                          <ColumnReference Database="[OurLabReporting]" Schema="[dbo]" Table="[ResolvedTED]" Column="ResolvedName" />
                                        </DefinedValue>
                                        <DefinedValue>
                                          <ColumnReference Database="[OurLabReporting]" Schema="[dbo]" Table="[ResolvedTED]" Column="StartDate" />
                                        </DefinedValue>
                                        <DefinedValue>
                                          <ColumnReference Database="[OurLabReporting]" Schema="[dbo]" Table="[ResolvedTED]" Column="EndDate" />
                                        </DefinedValue>
                                        <DefinedValue>
                                          <ColumnReference Database="[OurLabReporting]" Schema="[dbo]" Table="[ResolvedTED]" Column="StatusId" />
                                        </DefinedValue>
                                      </DefinedValues>
                                      <Object Database="[OurLabReporting]" Schema="[dbo]" Table="[ResolvedTED]" Index="[ResolvedTED_PK]" TableReferenceId="-1" IndexKind="Clustered" />
                                      <SeekPredicates>
                                        <SeekPredicateNew>
                                          <SeekKeys>
                                            <Prefix ScanType="EQ">
                                              <RangeColumns>
                                                <ColumnReference Database="[OurLabReporting]" Schema="[dbo]" Table="[ResolvedTED]" Column="Id" />
                                              </RangeColumns>
                                              <RangeExpressions>
                                                <ScalarOperator ScalarString="[OurLabReporting].[dbo].[ResolvedTED].[Id]">
                                                  <Identifier>
                                                    <ColumnReference Database="[OurLabReporting]" Schema="[dbo]" Table="[ResolvedTED]" Column="Id" />
                                                  </Identifier>
                                                </ScalarOperator>
                                              </RangeExpressions>
                                            </Prefix>
                                          </SeekKeys>
                                        </SeekPredicateNew>
                                      </SeekPredicates>
                                    </IndexScan>
                                  </RelOp>
                                </NestedLoops>
                              </RelOp>
                            </NestedLoops>
                          </RelOp>
                          <RelOp NodeId="21" PhysicalOp="Clustered Index Seek" LogicalOp="Clustered Index Seek" EstimateRows="1" EstimateIO="0.003125" EstimateCPU="0.0001581" AvgRowSize="111" EstimatedTotalSubtreeCost="0.00339786" TableCardinality="96" Parallel="0" EstimateRebinds="0.670404" EstimateRewinds="0.0554689" EstimatedExecutionMode="Row">
                            <OutputList>
                              <ColumnReference Database="[OurLabReporting]" Schema="[dbo]" Table="[Status]" Column="Status" />
                            </OutputList>
                            <IndexScan Ordered="1" ScanDirection="FORWARD" ForcedIndex="0" ForceSeek="0" ForceScan="0" NoExpandHint="0" Storage="RowStore">
                              <DefinedValues>
                                <DefinedValue>
                                  <ColumnReference Database="[OurLabReporting]" Schema="[dbo]" Table="[Status]" Column="Status" />
                                </DefinedValue>
                              </DefinedValues>
                              <Object Database="[OurLabReporting]" Schema="[dbo]" Table="[Status]" Index="[Status_PK]" IndexKind="Clustered" />
                              <SeekPredicates>
                                <SeekPredicateNew>
                                  <SeekKeys>
                                    <Prefix ScanType="EQ">
                                      <RangeColumns>
                                        <ColumnReference Database="[OurLabReporting]" Schema="[dbo]" Table="[Status]" Column="Id" />
                                      </RangeColumns>
                                      <RangeExpressions>
                                        <ScalarOperator ScalarString="[OurLabReporting].[dbo].[ResolvedTED].[StatusId]">
                                          <Identifier>
                                            <ColumnReference Database="[OurLabReporting]" Schema="[dbo]" Table="[ResolvedTED]" Column="StatusId" />
                                          </Identifier>
                                        </ScalarOperator>
                                      </RangeExpressions>
                                    </Prefix>
                                  </SeekKeys>
                                </SeekPredicateNew>
                              </SeekPredicates>
                            </IndexScan>
                          </RelOp>
                        </NestedLoops>
                      </RelOp>
                    </ComputeScalar>
                  </RelOp>
                </QueryPlan>
              </StmtSimple>
              <StmtSimple StatementText="&#x9;SELECT @local_TotalTCCount = Total&#xD;&#xA;&#x9;&#x9;&#x9;,@local_PassedTCCount = PassTotal&#xD;&#xA;&#x9;&#x9;&#x9;,@local_FailedTCCount = FailTotal&#xD;&#xA;&#x9;&#x9;&#x9;,@local_WarnedTCCount = WarnTotal&#xD;&#xA;&#x9;&#x9;&#x9;,@local_BlockedTCCount = BlockTotal&#xD;&#xA;&#x9;&#x9;&#x9;,@local_SkippedTCCount = SkipTotal&#xD;&#xA;&#x9;&#x9;&#x9;,@local_TotalTEUs = TotalTEUs&#xD;&#xA;&#x9;&#x9;&#x9;,@local_CompletedTEUs = TEUsCompleted&#xD;&#xA;&#x9;&#x9;&#x9;,@local_FailedTEUs = TEUsFailed&#xD;&#xA;&#x9;&#x9;&#x9;,@local_NotScheduledTEUs = TEUsNotScheduled&#xD;&#xA;&#x9;&#x9;FROM dbo.View_TEUAndTCCountsByMix WITH (NOLOCK)&#xD;&#xA;&#x9;&#x9;WHERE MixId = @local_MixId&#xD;&#xA;&#xD;&#xA;&#x9;" StatementId="40" StatementCompId="50" StatementType="SELECT" RetrievedFromCache="true" StatementSubTreeCost="0.00774947" StatementEstRows="1" StatementOptmLevel="FULL" QueryHash="0xE4D347E542C9AC7E" QueryPlanHash="0xC05DAEDADD98A9EB" StatementOptmEarlyAbortReason="GoodEnoughPlanFound">
                <StatementSetOptions QUOTED_IDENTIFIER="true" ARITHABORT="true" CONCAT_NULL_YIELDS_NULL="true" ANSI_NULLS="true" ANSI_PADDING="true" ANSI_WARNINGS="true" NUMERIC_ROUNDABORT="false" />
                <QueryPlan NonParallelPlanReason="MaxDOPSetToOne" CachedPlanSize="48" CompileTime="7" CompileCPU="7" CompileMemory="2192">
                  <MemoryGrantInfo SerialRequiredMemory="0" SerialDesiredMemory="0" />
                  <OptimizerHardwareDependentProperties EstimatedAvailableMemoryGrant="193313" EstimatedPagesCached="773254" EstimatedAvailableDegreeOfParallelism="1" />
                  <RelOp NodeId="0" PhysicalOp="Stream Aggregate" LogicalOp="Aggregate" EstimateRows="1" EstimateIO="0" EstimateCPU="1.53552e-006" AvgRowSize="48" EstimatedTotalSubtreeCost="0.00774947" Parallel="0" EstimateRebinds="0" EstimateRewinds="0" EstimatedExecutionMode="Row">
                    <OutputList>
                      <ColumnReference Column="Expr1004" />
                      <ColumnReference Column="Expr1006" />
                      <ColumnReference Column="Expr1007" />
                      <ColumnReference Column="Expr1010" />
                      <ColumnReference Column="Expr1011" />
                      <ColumnReference Column="Expr1012" />
                      <ColumnReference Column="Expr1013" />
                      <ColumnReference Column="Expr1014" />
                      <ColumnReference Column="Expr1015" />
                      <ColumnReference Column="Expr1016" />
                    </OutputList>
                    <StreamAggregate>
                      <DefinedValues>
                        <DefinedValue>
                          <ColumnReference Column="Expr1004" />
                          <ScalarOperator ScalarString="SUM([OurLabReporting].[dbo].[TEUCountsByResolvedTED].[TEUsCompleted] as [cache].[TEUsCompleted])">
                            <Aggregate Distinct="0" AggType="SUM">
                              <ScalarOperator>
                                <Identifier>
                                  <ColumnReference Database="[OurLabReporting]" Schema="[dbo]" Table="[TEUCountsByResolvedTED]" Alias="[cache]" Column="TEUsCompleted" />
                                </Identifier>
                              </ScalarOperator>
                            </Aggregate>
                          </ScalarOperator>
                        </DefinedValue>
                        <DefinedValue>
                          <ColumnReference Column="Expr1006" />
                          <ScalarOperator ScalarString="SUM([OurLabReporting].[dbo].[TEUCountsByResolvedTED].[TEUsNotScheduled] as [cache].[TEUsNotScheduled])">
                            <Aggregate Distinct="0" AggType="SUM">
                              <ScalarOperator>
                                <Identifier>
                                  <ColumnReference Database="[OurLabReporting]" Schema="[dbo]" Table="[TEUCountsByResolvedTED]" Alias="[cache]" Column="TEUsNotScheduled" />
                                </Identifier>
                              </ScalarOperator>
                            </Aggregate>
                          </ScalarOperator>
                        </DefinedValue>
                        <DefinedValue>
                          <ColumnReference Column="Expr1007" />
                          <ScalarOperator ScalarString="SUM([OurLabReporting].[dbo].[TEUCountsByResolvedTED].[TEUsFailed] as [cache].[TEUsFailed])">
                            <Aggregate Distinct="0" AggType="SUM">
                              <ScalarOperator>
                                <Identifier>
                                  <ColumnReference Database="[OurLabReporting]" Schema="[dbo]" Table="[TEUCountsByResolvedTED]" Alias="[cache]" Column="TEUsFailed" />
                                </Identifier>
                              </ScalarOperator>
                            </Aggregate>
                          </ScalarOperator>
                        </DefinedValue>
                        <DefinedValue>
                          <ColumnReference Column="Expr1010" />
                          <ScalarOperator ScalarString="SUM([OurLabReporting].[dbo].[TEUCountsByResolvedTED].[TotalTEUs] as [cache].[TotalTEUs])">
                            <Aggregate Distinct="0" AggType="SUM">
                              <ScalarOperator>
                                <Identifier>
                                  <ColumnReference Database="[OurLabReporting]" Schema="[dbo]" Table="[TEUCountsByResolvedTED]" Alias="[cache]" Column="TotalTEUs" />
                                </Identifier>
                              </ScalarOperator>
                            </Aggregate>
                          </ScalarOperator>
                        </DefinedValue>
                        <DefinedValue>
                          <ColumnReference Column="Expr1011" />
                          <ScalarOperator ScalarString="SUM([OurLabReporting].[dbo].[TEUCountsByResolvedTED].[PassTotal] as [cache].[PassTotal])">
                            <Aggregate Distinct="0" AggType="SUM">
                              <ScalarOperator>
                                <Identifier>
                                  <ColumnReference Database="[OurLabReporting]" Schema="[dbo]" Table="[TEUCountsByResolvedTED]" Alias="[cache]" Column="PassTotal" />
                                </Identifier>
                              </ScalarOperator>
                            </Aggregate>
                          </ScalarOperator>
                        </DefinedValue>
                        <DefinedValue>
                          <ColumnReference Column="Expr1012" />
                          <ScalarOperator ScalarString="SUM([OurLabReporting].[dbo].[TEUCountsByResolvedTED].[FailTotal] as [cache].[FailTotal])">
                            <Aggregate Distinct="0" AggType="SUM">
                              <ScalarOperator>
                                <Identifier>
                                  <ColumnReference Database="[OurLabReporting]" Schema="[dbo]" Table="[TEUCountsByResolvedTED]" Alias="[cache]" Column="FailTotal" />
                                </Identifier>
                              </ScalarOperator>
                            </Aggregate>
                          </ScalarOperator>
                        </DefinedValue>
                        <DefinedValue>
                          <ColumnReference Column="Expr1013" />
                          <ScalarOperator ScalarString="SUM([OurLabReporting].[dbo].[TEUCountsByResolvedTED].[WarnTotal] as [cache].[WarnTotal])">
                            <Aggregate Distinct="0" AggType="SUM">
                              <ScalarOperator>
                                <Identifier>
                                  <ColumnReference Database="[OurLabReporting]" Schema="[dbo]" Table="[TEUCountsByResolvedTED]" Alias="[cache]" Column="WarnTotal" />
                                </Identifier>
                              </ScalarOperator>
                            </Aggregate>
                          </ScalarOperator>
                        </DefinedValue>
                        <DefinedValue>
                          <ColumnReference Column="Expr1014" />
                          <ScalarOperator ScalarString="SUM([OurLabReporting].[dbo].[TEUCountsByResolvedTED].[SkipTotal] as [cache].[SkipTotal])">
                            <Aggregate Distinct="0" AggType="SUM">
                              <ScalarOperator>
                                <Identifier>
                                  <ColumnReference Database="[OurLabReporting]" Schema="[dbo]" Table="[TEUCountsByResolvedTED]" Alias="[cache]" Column="SkipTotal" />
                                </Identifier>
                              </ScalarOperator>
                            </Aggregate>
                          </ScalarOperator>
                        </DefinedValue>
                        <DefinedValue>
                          <ColumnReference Column="Expr1015" />
                          <ScalarOperator ScalarString="SUM([OurLabReporting].[dbo].[TEUCountsByResolvedTED].[BlockTotal] as [cache].[BlockTotal])">
                            <Aggregate Distinct="0" AggType="SUM">
                              <ScalarOperator>
                                <Identifier>
                                  <ColumnReference Database="[OurLabReporting]" Schema="[dbo]" Table="[TEUCountsByResolvedTED]" Alias="[cache]" Column="BlockTotal" />
                                </Identifier>
                              </ScalarOperator>
                            </Aggregate>
                          </ScalarOperator>
                        </DefinedValue>
                        <DefinedValue>
                          <ColumnReference Column="Expr1016" />
                          <ScalarOperator ScalarString="SUM([Expr1017])">
                            <Aggregate Distinct="0" AggType="SUM">
                              <ScalarOperator>
                                <Identifier>
                                  <ColumnReference Column="Expr1017" />
                                </Identifier>
                              </ScalarOperator>
                            </Aggregate>
                          </ScalarOperator>
                        </DefinedValue>
                      </DefinedValues>
                      <RelOp NodeId="1" PhysicalOp="Compute Scalar" LogicalOp="Compute Scalar" EstimateRows="1.72587" EstimateIO="0" EstimateCPU="1.72587e-007" AvgRowSize="48" EstimatedTotalSubtreeCost="0.00774793" Parallel="0" EstimateRebinds="0" EstimateRewinds="0" EstimatedExecutionMode="Row">
                        <OutputList>
                          <ColumnReference Database="[OurLabReporting]" Schema="[dbo]" Table="[TEUCountsByResolvedTED]" Alias="[cache]" Column="TEUsCompleted" />
                          <ColumnReference Database="[OurLabReporting]" Schema="[dbo]" Table="[TEUCountsByResolvedTED]" Alias="[cache]" Column="TEUsNotScheduled" />
                          <ColumnReference Database="[OurLabReporting]" Schema="[dbo]" Table="[TEUCountsByResolvedTED]" Alias="[cache]" Column="TEUsFailed" />
                          <ColumnReference Database="[OurLabReporting]" Schema="[dbo]" Table="[TEUCountsByResolvedTED]" Alias="[cache]" Column="TotalTEUs" />
                          <ColumnReference Database="[OurLabReporting]" Schema="[dbo]" Table="[TEUCountsByResolvedTED]" Alias="[cache]" Column="PassTotal" />
                          <ColumnReference Database="[OurLabReporting]" Schema="[dbo]" Table="[TEUCountsByResolvedTED]" Alias="[cache]" Column="FailTotal" />
                          <ColumnReference Database="[OurLabReporting]" Schema="[dbo]" Table="[TEUCountsByResolvedTED]" Alias="[cache]" Column="WarnTotal" />
                          <ColumnReference Database="[OurLabReporting]" Schema="[dbo]" Table="[TEUCountsByResolvedTED]" Alias="[cache]" Column="SkipTotal" />
                          <ColumnReference Database="[OurLabReporting]" Schema="[dbo]" Table="[TEUCountsByResolvedTED]" Alias="[cache]" Column="BlockTotal" />
                          <ColumnReference Column="Expr1017" />
                        </OutputList>
                        <ComputeScalar>
                          <DefinedValues>
                            <DefinedValue>
                              <ColumnReference Column="Expr1017" />
                              <ScalarOperator ScalarString="[OurLabReporting].[dbo].[TEUCountsByResolvedTED].[Total] as [cache].[Total]">
                                <Identifier>
                                  <ColumnReference Database="[OurLabReporting]" Schema="[dbo]" Table="[TEUCountsByResolvedTED]" Alias="[cache]" Column="Total" ComputedColumn="1" />
                                </Identifier>
                              </ScalarOperator>
                            </DefinedValue>
                          </DefinedValues>
                          <RelOp NodeId="2" PhysicalOp="Nested Loops" LogicalOp="Inner Join" EstimateRows="1.72587" EstimateIO="0" EstimateCPU="7.21415e-006" AvgRowSize="48" EstimatedTotalSubtreeCost="0.00774776" Parallel="0" EstimateRebinds="0" EstimateRewinds="0" EstimatedExecutionMode="Row">
                            <OutputList>
                              <ColumnReference Database="[OurLabReporting]" Schema="[dbo]" Table="[TEUCountsByResolvedTED]" Alias="[cache]" Column="TEUsCompleted" />
                              <ColumnReference Database="[OurLabReporting]" Schema="[dbo]" Table="[TEUCountsByResolvedTED]" Alias="[cache]" Column="TEUsNotScheduled" />
                              <ColumnReference Database="[OurLabReporting]" Schema="[dbo]" Table="[TEUCountsByResolvedTED]" Alias="[cache]" Column="TEUsFailed" />
                              <ColumnReference Database="[OurLabReporting]" Schema="[dbo]" Table="[TEUCountsByResolvedTED]" Alias="[cache]" Column="TotalTEUs" />
                              <ColumnReference Database="[OurLabReporting]" Schema="[dbo]" Table="[TEUCountsByResolvedTED]" Alias="[cache]" Column="PassTotal" />
                              <ColumnReference Database="[OurLabReporting]" Schema="[dbo]" Table="[TEUCountsByResolvedTED]" Alias="[cache]" Column="FailTotal" />
                              <ColumnReference Database="[OurLabReporting]" Schema="[dbo]" Table="[TEUCountsByResolvedTED]" Alias="[cache]" Column="WarnTotal" />
                              <ColumnReference Database="[OurLabReporting]" Schema="[dbo]" Table="[TEUCountsByResolvedTED]" Alias="[cache]" Column="SkipTotal" />
                              <ColumnReference Database="[OurLabReporting]" Schema="[dbo]" Table="[TEUCountsByResolvedTED]" Alias="[cache]" Column="BlockTotal" />
                              <ColumnReference Database="[OurLabReporting]" Schema="[dbo]" Table="[TEUCountsByResolvedTED]" Alias="[cache]" Column="Total" ComputedColumn="1" />
                            </OutputList>
                            <NestedLoops Optimized="0">
                              <OuterReferences>
                                <ColumnReference Database="[OurLabReporting]" Schema="[dbo]" Table="[ResolvedTED]" Alias="[rted]" Column="Id" />
                              </OuterReferences>
                              <RelOp NodeId="3" PhysicalOp="Index Seek" LogicalOp="Index Seek" EstimateRows="1.72587" EstimateIO="0.003125" EstimateCPU="0.000158898" AvgRowSize="11" EstimatedTotalSubtreeCost="0.0032839" TableCardinality="1.37084e+006" Parallel="0" EstimateRebinds="0" EstimateRewinds="0" EstimatedExecutionMode="Row">
                                <OutputList>
                                  <ColumnReference Database="[OurLabReporting]" Schema="[dbo]" Table="[ResolvedTED]" Alias="[rted]" Column="Id" />
                                </OutputList>
                                <IndexScan Ordered="1" ScanDirection="FORWARD" ForcedIndex="0" ForceSeek="0" ForceScan="0" NoExpandHint="0" Storage="RowStore">
                                  <DefinedValues>
                                    <DefinedValue>
                                      <ColumnReference Database="[OurLabReporting]" Schema="[dbo]" Table="[ResolvedTED]" Alias="[rted]" Column="Id" />
                                    </DefinedValue>
                                  </DefinedValues>
                                  <Object Database="[OurLabReporting]" Schema="[dbo]" Table="[ResolvedTED]" Index="[ResolvedTED_IDX_MixId]" Alias="[rted]" IndexKind="NonClustered" />
                                  <SeekPredicates>
                                    <SeekPredicateNew>
                                      <SeekKeys>
                                        <Prefix ScanType="EQ">
                                          <RangeColumns>
                                            <ColumnReference Database="[OurLabReporting]" Schema="[dbo]" Table="[ResolvedTED]" Alias="[rted]" Column="MixId" />
                                          </RangeColumns>
                                          <RangeExpressions>
                                            <ScalarOperator ScalarString="[@local_MixId]">
                                              <Identifier>
                                                <ColumnReference Column="@local_MixId" />
                                              </Identifier>
                                            </ScalarOperator>
                                          </RangeExpressions>
                                        </Prefix>
                                      </SeekKeys>
                                    </SeekPredicateNew>
                                  </SeekPredicates>
                                </IndexScan>
                              </RelOp>
                              <RelOp NodeId="4" PhysicalOp="Compute Scalar" LogicalOp="Compute Scalar" EstimateRows="1" EstimateIO="0" EstimateCPU="1e-007" AvgRowSize="48" EstimatedTotalSubtreeCost="0.00445665" Parallel="0" EstimateRebinds="0.725873" EstimateRewinds="0" EstimatedExecutionMode="Row">
                                <OutputList>
                                  <ColumnReference Database="[OurLabReporting]" Schema="[dbo]" Table="[TEUCountsByResolvedTED]" Alias="[cache]" Column="TEUsCompleted" />
                                  <ColumnReference Database="[OurLabReporting]" Schema="[dbo]" Table="[TEUCountsByResolvedTED]" Alias="[cache]" Column="TEUsNotScheduled" />
                                  <ColumnReference Database="[OurLabReporting]" Schema="[dbo]" Table="[TEUCountsByResolvedTED]" Alias="[cache]" Column="TEUsFailed" />
                                  <ColumnReference Database="[OurLabReporting]" Schema="[dbo]" Table="[TEUCountsByResolvedTED]" Alias="[cache]" Column="TotalTEUs" />
                                  <ColumnReference Database="[OurLabReporting]" Schema="[dbo]" Table="[TEUCountsByResolvedTED]" Alias="[cache]" Column="PassTotal" />
                                  <ColumnReference Database="[OurLabReporting]" Schema="[dbo]" Table="[TEUCountsByResolvedTED]" Alias="[cache]" Column="FailTotal" />
                                  <ColumnReference Database="[OurLabReporting]" Schema="[dbo]" Table="[TEUCountsByResolvedTED]" Alias="[cache]" Column="WarnTotal" />
                                  <ColumnReference Database="[OurLabReporting]" Schema="[dbo]" Table="[TEUCountsByResolvedTED]" Alias="[cache]" Column="SkipTotal" />
                                  <ColumnReference Database="[OurLabReporting]" Schema="[dbo]" Table="[TEUCountsByResolvedTED]" Alias="[cache]" Column="BlockTotal" />
                                  <ColumnReference Database="[OurLabReporting]" Schema="[dbo]" Table="[TEUCountsByResolvedTED]" Alias="[cache]" Column="Total" ComputedColumn="1" />
                                </OutputList>
                                <ComputeScalar>
                                  <DefinedValues>
                                    <DefinedValue>
                                      <ColumnReference Database="[OurLabReporting]" Schema="[dbo]" Table="[TEUCountsByResolvedTED]" Alias="[cache]" Column="Total" ComputedColumn="1" />
                                      <ScalarOperator ScalarString="[OurLabReporting].[dbo].[TEUCountsByResolvedTED].[PassTotal] as [cache].[PassTotal]+[OurLabReporting].[dbo].[TEUCountsByResolvedTED].[FailTotal] as [cache].[FailTotal]+[OurLabReporting].[dbo].[TEUCountsByResolvedTED].[WarnTotal] as [cache].[WarnTotal]+[OurLabReporting].[dbo].[TEUCountsByResolvedTED].[SkipTotal] as [cache].[SkipTotal]+[OurLabReporting].[dbo].[TEUCountsByResolvedTED].[BlockTotal] as [cache].[BlockTotal]">
                                        <Arithmetic Operation="ADD">
                                          <ScalarOperator>
                                            <Arithmetic Operation="ADD">
                                              <ScalarOperator>
                                                <Arithmetic Operation="ADD">
                                                  <ScalarOperator>
                                                    <Arithmetic Operation="ADD">
                                                      <ScalarOperator>
                                                        <Identifier>
                                                          <ColumnReference Database="[OurLabReporting]" Schema="[dbo]" Table="[TEUCountsByResolvedTED]" Alias="[cache]" Column="PassTotal" />
                                                        </Identifier>
                                                      </ScalarOperator>
                                                      <ScalarOperator>
                                                        <Identifier>
                                                          <ColumnReference Database="[OurLabReporting]" Schema="[dbo]" Table="[TEUCountsByResolvedTED]" Alias="[cache]" Column="FailTotal" />
                                                        </Identifier>
                                                      </ScalarOperator>
                                                    </Arithmetic>
                                                  </ScalarOperator>
                                                  <ScalarOperator>
                                                    <Identifier>
                                                      <ColumnReference Database="[OurLabReporting]" Schema="[dbo]" Table="[TEUCountsByResolvedTED]" Alias="[cache]" Column="WarnTotal" />
                                                    </Identifier>
                                                  </ScalarOperator>
                                                </Arithmetic>
                                              </ScalarOperator>
                                              <ScalarOperator>
                                                <Identifier>
                                                  <ColumnReference Database="[OurLabReporting]" Schema="[dbo]" Table="[TEUCountsByResolvedTED]" Alias="[cache]" Column="SkipTotal" />
                                                </Identifier>
                                              </ScalarOperator>
                                            </Arithmetic>
                                          </ScalarOperator>
                                          <ScalarOperator>
                                            <Identifier>
                                              <ColumnReference Database="[OurLabReporting]" Schema="[dbo]" Table="[TEUCountsByResolvedTED]" Alias="[cache]" Column="BlockTotal" />
                                            </Identifier>
                                          </ScalarOperator>
                                        </Arithmetic>
                                      </ScalarOperator>
                                    </DefinedValue>
                                  </DefinedValues>
                                  <RelOp NodeId="5" PhysicalOp="Clustered Index Seek" LogicalOp="Clustered Index Seek" EstimateRows="1" EstimateIO="0.003125" EstimateCPU="0.0001581" AvgRowSize="44" EstimatedTotalSubtreeCost="0.00445647" TableCardinality="1.37084e+006" Parallel="0" EstimateRebinds="0.725873" EstimateRewinds="0" EstimatedExecutionMode="Row">
                                    <OutputList>
                                      <ColumnReference Database="[OurLabReporting]" Schema="[dbo]" Table="[TEUCountsByResolvedTED]" Alias="[cache]" Column="TEUsCompleted" />
                                      <ColumnReference Database="[OurLabReporting]" Schema="[dbo]" Table="[TEUCountsByResolvedTED]" Alias="[cache]" Column="TEUsNotScheduled" />
                                      <ColumnReference Database="[OurLabReporting]" Schema="[dbo]" Table="[TEUCountsByResolvedTED]" Alias="[cache]" Column="TEUsFailed" />
                                      <ColumnReference Database="[OurLabReporting]" Schema="[dbo]" Table="[TEUCountsByResolvedTED]" Alias="[cache]" Column="TotalTEUs" />
                                      <ColumnReference Database="[OurLabReporting]" Schema="[dbo]" Table="[TEUCountsByResolvedTED]" Alias="[cache]" Column="PassTotal" />
                                      <ColumnReference Database="[OurLabReporting]" Schema="[dbo]" Table="[TEUCountsByResolvedTED]" Alias="[cache]" Column="FailTotal" />
                                      <ColumnReference Database="[OurLabReporting]" Schema="[dbo]" Table="[TEUCountsByResolvedTED]" Alias="[cache]" Column="WarnTotal" />
                                      <ColumnReference Database="[OurLabReporting]" Schema="[dbo]" Table="[TEUCountsByResolvedTED]" Alias="[cache]" Column="SkipTotal" />
                                      <ColumnReference Database="[OurLabReporting]" Schema="[dbo]" Table="[TEUCountsByResolvedTED]" Alias="[cache]" Column="BlockTotal" />
                                    </OutputList>
                                    <IndexScan Ordered="1" ScanDirection="FORWARD" ForcedIndex="0" ForceSeek="0" ForceScan="0" NoExpandHint="0" Storage="RowStore">
                                      <DefinedValues>
                                        <DefinedValue>
                                          <ColumnReference Database="[OurLabReporting]" Schema="[dbo]" Table="[TEUCountsByResolvedTED]" Alias="[cache]" Column="TEUsCompleted" />
                                        </DefinedValue>
                                        <DefinedValue>
                                          <ColumnReference Database="[OurLabReporting]" Schema="[dbo]" Table="[TEUCountsByResolvedTED]" Alias="[cache]" Column="TEUsNotScheduled" />
                                        </DefinedValue>
                                        <DefinedValue>
                                          <ColumnReference Database="[OurLabReporting]" Schema="[dbo]" Table="[TEUCountsByResolvedTED]" Alias="[cache]" Column="TEUsFailed" />
                                        </DefinedValue>
                                        <DefinedValue>
                                          <ColumnReference Database="[OurLabReporting]" Schema="[dbo]" Table="[TEUCountsByResolvedTED]" Alias="[cache]" Column="TotalTEUs" />
                                        </DefinedValue>
                                        <DefinedValue>
                                          <ColumnReference Database="[OurLabReporting]" Schema="[dbo]" Table="[TEUCountsByResolvedTED]" Alias="[cache]" Column="PassTotal" />
                                        </DefinedValue>
                                        <DefinedValue>
                                          <ColumnReference Database="[OurLabReporting]" Schema="[dbo]" Table="[TEUCountsByResolvedTED]" Alias="[cache]" Column="FailTotal" />
                                        </DefinedValue>
                                        <DefinedValue>
                                          <ColumnReference Database="[OurLabReporting]" Schema="[dbo]" Table="[TEUCountsByResolvedTED]" Alias="[cache]" Column="WarnTotal" />
                                        </DefinedValue>
                                        <DefinedValue>
                                          <ColumnReference Database="[OurLabReporting]" Schema="[dbo]" Table="[TEUCountsByResolvedTED]" Alias="[cache]" Column="SkipTotal" />
                                        </DefinedValue>
                                        <DefinedValue>
                                          <ColumnReference Database="[OurLabReporting]" Schema="[dbo]" Table="[TEUCountsByResolvedTED]" Alias="[cache]" Column="BlockTotal" />
                                        </DefinedValue>
                                      </DefinedValues>
                                      <Object Database="[OurLabReporting]" Schema="[dbo]" Table="[TEUCountsByResolvedTED]" Index="[TEUCountsByResolvedTED_PK]" Alias="[cache]" IndexKind="Clustered" />
                                      <SeekPredicates>
                                        <SeekPredicateNew>
                                          <SeekKeys>
                                            <Prefix ScanType="EQ">
                                              <RangeColumns>
                                                <ColumnReference Database="[OurLabReporting]" Schema="[dbo]" Table="[TEUCountsByResolvedTED]" Alias="[cache]" Column="ResolvedTEDId" />
                                              </RangeColumns>
                                              <RangeExpressions>
                                                <ScalarOperator ScalarString="[OurLabReporting].[dbo].[ResolvedTED].[Id] as [rted].[Id]">
                                                  <Identifier>
                                                    <ColumnReference Database="[OurLabReporting]" Schema="[dbo]" Table="[ResolvedTED]" Alias="[rted]" Column="Id" />
                                                  </Identifier>
                                                </ScalarOperator>
                                              </RangeExpressions>
                                            </Prefix>
                                          </SeekKeys>
                                        </SeekPredicateNew>
                                      </SeekPredicates>
                                    </IndexScan>
                                  </RelOp>
                                </ComputeScalar>
                              </RelOp>
                            </NestedLoops>
                          </RelOp>
                        </ComputeScalar>
                      </RelOp>
                    </StreamAggregate>
                  </RelOp>
                </QueryPlan>
              </StmtSimple>
              <StmtSimple StatementText="&#x9;SELECT @local_TestpassList = dbo.[Function_GetTestpassList](@MixId, 'Mix')&#xD;&#xA;&#xD;&#xA;&#x9;" StatementId="41" StatementCompId="51" StatementType="ASSIGN WITH QUERY" RetrievedFromCache="true" />
              <StmtSimple StatementText="&#x9;SELECT @local_ModifierList = dbo.[Function_GetModifierList](@MixId, 'Mix')&#xD;&#xA;" StatementId="42" StatementCompId="52" StatementType="ASSIGN WITH QUERY" RetrievedFromCache="true" />
            </Statements>
          </Then>
        </StmtCond>
        <StmtCond StatementText="&#x9;END&#xD;&#xA;&#xD;&#xA;&#x9;--validate and get TEU data&#xD;&#xA;&#x9;IF @TEUId IS NOT NULL&#xD;&#xA;" StatementId="43" StatementCompId="54" StatementType="COND" RetrievedFromCache="true">
          <Condition />
          <Then>
            <Statements>
              <StmtSimple StatementText="&#x9;BEGIN&#xD;&#xA;&#x9;&#x9;SELECT @local_TEUId = dbo.TEU.Id&#xD;&#xA;&#x9;&#x9;&#x9;,@local_ResolvedTEDId = dbo.TEU.ResolvedTEDId&#xD;&#xA;&#x9;&#x9;FROM dbo.TEU WITH (NOLOCK)&#xD;&#xA;&#x9;&#x9;WHERE dbo.TEU.Id = @TEUId&#xD;&#xA;&#xD;&#xA;&#x9;" StatementId="44" StatementCompId="55" StatementType="SELECT" RetrievedFromCache="true" StatementSubTreeCost="0.0032831" StatementEstRows="1" StatementOptmLevel="TRIVIAL" QueryHash="0x6DCF8C5AE2399058" QueryPlanHash="0x7D288921E13D12D5">
                <StatementSetOptions QUOTED_IDENTIFIER="true" ARITHABORT="true" CONCAT_NULL_YIELDS_NULL="true" ANSI_NULLS="true" ANSI_PADDING="true" ANSI_WARNINGS="true" NUMERIC_ROUNDABORT="false" />
                <QueryPlan NonParallelPlanReason="MaxDOPSetToOne" CachedPlanSize="8" CompileTime="1" CompileCPU="1" CompileMemory="1784">
                  <MemoryGrantInfo SerialRequiredMemory="0" SerialDesiredMemory="0" />
                  <OptimizerHardwareDependentProperties EstimatedAvailableMemoryGrant="193313" EstimatedPagesCached="773254" EstimatedAvailableDegreeOfParallelism="1" />
                  <RelOp NodeId="0" PhysicalOp="Clustered Index Seek" LogicalOp="Clustered Index Seek" EstimateRows="1" EstimateIO="0.003125" EstimateCPU="0.0001581" AvgRowSize="19" EstimatedTotalSubtreeCost="0.0032831" TableCardinality="4.12024e+007" Parallel="0" EstimateRebinds="0" EstimateRewinds="0" EstimatedExecutionMode="Row">
                    <OutputList>
                      <ColumnReference Database="[OurLabReporting]" Schema="[dbo]" Table="[TEU]" Column="Id" />
                      <ColumnReference Database="[OurLabReporting]" Schema="[dbo]" Table="[TEU]" Column="ResolvedTEDId" />
                    </OutputList>
                    <IndexScan Ordered="1" ScanDirection="FORWARD" ForcedIndex="0" ForceSeek="0" ForceScan="0" NoExpandHint="0" Storage="RowStore">
                      <DefinedValues>
                        <DefinedValue>
                          <ColumnReference Database="[OurLabReporting]" Schema="[dbo]" Table="[TEU]" Column="Id" />
                        </DefinedValue>
                        <DefinedValue>
                          <ColumnReference Database="[OurLabReporting]" Schema="[dbo]" Table="[TEU]" Column="ResolvedTEDId" />
                        </DefinedValue>
                      </DefinedValues>
                      <Object Database="[OurLabReporting]" Schema="[dbo]" Table="[TEU]" Index="[Teu_PK]" IndexKind="Clustered" />
                      <SeekPredicates>
                        <SeekPredicateNew>
                          <SeekKeys>
                            <Prefix ScanType="EQ">
                              <RangeColumns>
                                <ColumnReference Database="[OurLabReporting]" Schema="[dbo]" Table="[TEU]" Column="Id" />
                              </RangeColumns>
                              <RangeExpressions>
                                <ScalarOperator ScalarString="[@teuId]">
                                  <Identifier>
                                    <ColumnReference Column="@teuId" />
                                  </Identifier>
                                </ScalarOperator>
                              </RangeExpressions>
                            </Prefix>
                          </SeekKeys>
                        </SeekPredicateNew>
                      </SeekPredicates>
                    </IndexScan>
                  </RelOp>
                  <ParameterList>
                    <ColumnReference Column="@teuId" ParameterCompiledValue="NULL" />
                  </ParameterList>
                </QueryPlan>
              </StmtSimple>
              <StmtSimple StatementText="&#x9;SELECT @local_TEDName = dbo.ResolvedTED.NAME&#xD;&#xA;&#x9;&#x9;&#x9;,@local_ResolvedTEDName = dbo.ResolvedTED.ResolvedName&#xD;&#xA;&#x9;&#x9;&#x9;,@local_TEDExecutionLink = dbo.ResolvedTED.ExecutionStatusLink&#xD;&#xA;&#x9;&#x9;&#x9;,@local_ScheduleId = dbo.Schedule.Id&#xD;&#xA;&#x9;&#x9;&#x9;,@local_MixId = dbo.ResolvedTED.MixId&#xD;&#xA;&#x9;&#x9;&#x9;,@local_ResolvedTEDStartTime = dbo.ResolvedTED.StartDate&#xD;&#xA;&#x9;&#x9;&#x9;,@local_ResolvedTEDEndTime = dbo.ResolvedTED.EndDate&#xD;&#xA;&#x9;&#x9;&#x9;,@local_ResolvedTEDStatus = dbo.[Status].[Status]&#xD;&#xA;&#x9;&#x9;&#x9;,@local_EnvComments = dbo.ResolvedTED.Comments&#xD;&#xA;&#x9;&#x9;&#x9;,@local_MixComments = dbo.Mix.Comments&#xD;&#xA;&#x9;&#x9;&#x9;,@local_ScheduleComments = dbo.Schedule.Comments&#xD;&#xA;&#x9;&#x9;FROM dbo.ResolvedTED WITH (NOLOCK)&#xD;&#xA;&#x9;&#x9;LEFT JOIN dbo.Mix WITH (NOLOCK) ON dbo.ResolvedTED.MixId = dbo.Mix.Id&#xD;&#xA;&#x9;&#x9;LEFT JOIN dbo.Schedule WITH (NOLOCK) ON dbo.Mix.ScheduleId = dbo.Schedule.Id&#xD;&#xA;&#x9;&#x9;LEFT JOIN dbo.[Status] WITH (NOLOCK) ON dbo.[Status].Id = dbo.ResolvedTED.StatusId&#xD;&#xA;&#x9;&#x9;WHERE dbo.ResolvedTED.Id = @local_ResolvedTEDId&#xD;&#xA;&#xD;&#xA;&#x9;" StatementId="45" StatementCompId="56" StatementType="SELECT" RetrievedFromCache="true" StatementSubTreeCost="0.0131453" StatementEstRows="1" StatementOptmLevel="FULL" QueryHash="0x3C18628726DAFEE4" QueryPlanHash="0x9998D8C27D66D214" StatementOptmEarlyAbortReason="GoodEnoughPlanFound">
                <StatementSetOptions QUOTED_IDENTIFIER="true" ARITHABORT="true" CONCAT_NULL_YIELDS_NULL="true" ANSI_NULLS="true" ANSI_PADDING="true" ANSI_WARNINGS="true" NUMERIC_ROUNDABORT="false" />
                <QueryPlan NonParallelPlanReason="MaxDOPSetToOne" CachedPlanSize="40" CompileTime="7" CompileCPU="7" CompileMemory="2168">
                  <MemoryGrantInfo SerialRequiredMemory="0" SerialDesiredMemory="0" />
                  <OptimizerHardwareDependentProperties EstimatedAvailableMemoryGrant="193313" EstimatedPagesCached="773254" EstimatedAvailableDegreeOfParallelism="1" />
                  <RelOp NodeId="0" PhysicalOp="Compute Scalar" LogicalOp="Compute Scalar" EstimateRows="1" EstimateIO="0" EstimateCPU="1e-007" AvgRowSize="3222" EstimatedTotalSubtreeCost="0.0131453" Parallel="0" EstimateRebinds="0" EstimateRewinds="0" EstimatedExecutionMode="Row">
                    <OutputList>
                      <ColumnReference Database="[OurLabReporting]" Schema="[dbo]" Table="[ResolvedTED]" Column="MixId" />
                      <ColumnReference Database="[OurLabReporting]" Schema="[dbo]" Table="[ResolvedTED]" Column="Name" />
                      <ColumnReference Database="[OurLabReporting]" Schema="[dbo]" Table="[ResolvedTED]" Column="ExecutionStatusLink" />
                      <ColumnReference Database="[OurLabReporting]" Schema="[dbo]" Table="[ResolvedTED]" Column="ResolvedName" />
                      <ColumnReference Database="[OurLabReporting]" Schema="[dbo]" Table="[ResolvedTED]" Column="StartDate" />
                      <ColumnReference Database="[OurLabReporting]" Schema="[dbo]" Table="[ResolvedTED]" Column="EndDate" />
                      <ColumnReference Database="[OurLabReporting]" Schema="[dbo]" Table="[Schedule]" Column="Id" />
                      <ColumnReference Column="Expr1012" />
                      <ColumnReference Column="Expr1013" />
                      <ColumnReference Column="Expr1014" />
                      <ColumnReference Column="Expr1015" />
                    </OutputList>
                    <ComputeScalar>
                      <DefinedValues>
                        <DefinedValue>
                          <ColumnReference Column="Expr1012" />
                          <ScalarOperator ScalarString="CONVERT_IMPLICIT(nvarchar(200),[OurLabReporting].[dbo].[Status].[Status],0)">
                            <Convert DataType="nvarchar" Length="400" Style="0" Implicit="1">
                              <ScalarOperator>
                                <Identifier>
                                  <ColumnReference Database="[OurLabReporting]" Schema="[dbo]" Table="[Status]" Column="Status" />
                                </Identifier>
                              </ScalarOperator>
                            </Convert>
                          </ScalarOperator>
                        </DefinedValue>
                      </DefinedValues>
                      <RelOp NodeId="1" PhysicalOp="Nested Loops" LogicalOp="Left Outer Join" EstimateRows="1" EstimateIO="0" EstimateCPU="4.18e-006" AvgRowSize="3122" EstimatedTotalSubtreeCost="0.0131452" Parallel="0" EstimateRebinds="0" EstimateRewinds="0" EstimatedExecutionMode="Row">
                        <OutputList>
                          <ColumnReference Database="[OurLabReporting]" Schema="[dbo]" Table="[ResolvedTED]" Column="MixId" />
                          <ColumnReference Database="[OurLabReporting]" Schema="[dbo]" Table="[ResolvedTED]" Column="Name" />
                          <ColumnReference Database="[OurLabReporting]" Schema="[dbo]" Table="[ResolvedTED]" Column="ExecutionStatusLink" />
                          <ColumnReference Database="[OurLabReporting]" Schema="[dbo]" Table="[ResolvedTED]" Column="ResolvedName" />
                          <ColumnReference Database="[OurLabReporting]" Schema="[dbo]" Table="[ResolvedTED]" Column="StartDate" />
                          <ColumnReference Database="[OurLabReporting]" Schema="[dbo]" Table="[ResolvedTED]" Column="EndDate" />
                          <ColumnReference Database="[OurLabReporting]" Schema="[dbo]" Table="[Schedule]" Column="Id" />
                          <ColumnReference Database="[OurLabReporting]" Schema="[dbo]" Table="[Status]" Column="Status" />
                          <ColumnReference Column="Expr1013" />
                          <ColumnReference Column="Expr1014" />
                          <ColumnReference Column="Expr1015" />
                        </OutputList>
                        <NestedLoops Optimized="0">
                          <OuterReferences>
                            <ColumnReference Database="[OurLabReporting]" Schema="[dbo]" Table="[ResolvedTED]" Column="StatusId" />
                          </OuterReferences>
                          <RelOp NodeId="2" PhysicalOp="Compute Scalar" LogicalOp="Compute Scalar" EstimateRows="1" EstimateIO="0" EstimateCPU="1e-007" AvgRowSize="3024" EstimatedTotalSubtreeCost="0.00985796" Parallel="0" EstimateRebinds="0" EstimateRewinds="0" EstimatedExecutionMode="Row">
                            <OutputList>
                              <ColumnReference Database="[OurLabReporting]" Schema="[dbo]" Table="[ResolvedTED]" Column="MixId" />
                              <ColumnReference Database="[OurLabReporting]" Schema="[dbo]" Table="[ResolvedTED]" Column="Name" />
                              <ColumnReference Database="[OurLabReporting]" Schema="[dbo]" Table="[ResolvedTED]" Column="ExecutionStatusLink" />
                              <ColumnReference Database="[OurLabReporting]" Schema="[dbo]" Table="[ResolvedTED]" Column="ResolvedName" />
                              <ColumnReference Database="[OurLabReporting]" Schema="[dbo]" Table="[ResolvedTED]" Column="StartDate" />
                              <ColumnReference Database="[OurLabReporting]" Schema="[dbo]" Table="[ResolvedTED]" Column="EndDate" />
                              <ColumnReference Database="[OurLabReporting]" Schema="[dbo]" Table="[ResolvedTED]" Column="StatusId" />
                              <ColumnReference Database="[OurLabReporting]" Schema="[dbo]" Table="[Schedule]" Column="Id" />
                              <ColumnReference Column="Expr1013" />
                              <ColumnReference Column="Expr1014" />
                              <ColumnReference Column="Expr1015" />
                            </OutputList>
                            <ComputeScalar>
                              <DefinedValues>
                                <DefinedValue>
                                  <ColumnReference Column="Expr1015" />
                                  <ScalarOperator ScalarString="CONVERT_IMPLICIT(nvarchar(250),[OurLabReporting].[dbo].[Schedule].[Comments],0)">
                                    <Convert DataType="nvarchar" Length="500" Style="0" Implicit="1">
                                      <ScalarOperator>
                                        <Identifier>
                                          <ColumnReference Database="[OurLabReporting]" Schema="[dbo]" Table="[Schedule]" Column="Comments" />
                                        </Identifier>
                                      </ScalarOperator>
                                    </Convert>
                                  </ScalarOperator>
                                </DefinedValue>
                              </DefinedValues>
                              <RelOp NodeId="3" PhysicalOp="Nested Loops" LogicalOp="Left Outer Join" EstimateRows="1" EstimateIO="0" EstimateCPU="4.18e-006" AvgRowSize="3774" EstimatedTotalSubtreeCost="0.00985786" Parallel="0" EstimateRebinds="0" EstimateRewinds="0" EstimatedExecutionMode="Row">
                                <OutputList>
                                  <ColumnReference Database="[OurLabReporting]" Schema="[dbo]" Table="[ResolvedTED]" Column="MixId" />
                                  <ColumnReference Database="[OurLabReporting]" Schema="[dbo]" Table="[ResolvedTED]" Column="Name" />
                                  <ColumnReference Database="[OurLabReporting]" Schema="[dbo]" Table="[ResolvedTED]" Column="ExecutionStatusLink" />
                                  <ColumnReference Database="[OurLabReporting]" Schema="[dbo]" Table="[ResolvedTED]" Column="ResolvedName" />
                                  <ColumnReference Database="[OurLabReporting]" Schema="[dbo]" Table="[ResolvedTED]" Column="StartDate" />
                                  <ColumnReference Database="[OurLabReporting]" Schema="[dbo]" Table="[ResolvedTED]" Column="EndDate" />
                                  <ColumnReference Database="[OurLabReporting]" Schema="[dbo]" Table="[ResolvedTED]" Column="StatusId" />
                                  <ColumnReference Database="[OurLabReporting]" Schema="[dbo]" Table="[Schedule]" Column="Id" />
                                  <ColumnReference Database="[OurLabReporting]" Schema="[dbo]" Table="[Schedule]" Column="Comments" />
                                  <ColumnReference Column="Expr1013" />
                                  <ColumnReference Column="Expr1014" />
                                </OutputList>
                                <NestedLoops Optimized="0">
                                  <OuterReferences>
                                    <ColumnReference Database="[OurLabReporting]" Schema="[dbo]" Table="[Mix]" Column="ScheduleId" />
                                  </OuterReferences>
                                  <RelOp NodeId="4" PhysicalOp="Compute Scalar" LogicalOp="Compute Scalar" EstimateRows="1" EstimateIO="0" EstimateCPU="1e-007" AvgRowSize="2772" EstimatedTotalSubtreeCost="0.00657058" Parallel="0" EstimateRebinds="0" EstimateRewinds="0" EstimatedExecutionMode="Row">
                                    <OutputList>
                                      <ColumnReference Database="[OurLabReporting]" Schema="[dbo]" Table="[ResolvedTED]" Column="MixId" />
                                      <ColumnReference Database="[OurLabReporting]" Schema="[dbo]" Table="[ResolvedTED]" Column="Name" />
                                      <ColumnReference Database="[OurLabReporting]" Schema="[dbo]" Table="[ResolvedTED]" Column="ExecutionStatusLink" />
                                      <ColumnReference Database="[OurLabReporting]" Schema="[dbo]" Table="[ResolvedTED]" Column="ResolvedName" />
                                      <ColumnReference Database="[OurLabReporting]" Schema="[dbo]" Table="[ResolvedTED]" Column="StartDate" />
                                      <ColumnReference Database="[OurLabReporting]" Schema="[dbo]" Table="[ResolvedTED]" Column="EndDate" />
                                      <ColumnReference Database="[OurLabReporting]" Schema="[dbo]" Table="[ResolvedTED]" Column="StatusId" />
                                      <ColumnReference Database="[OurLabReporting]" Schema="[dbo]" Table="[Mix]" Column="ScheduleId" />
                                      <ColumnReference Column="Expr1013" />
                                      <ColumnReference Column="Expr1014" />
                                    </OutputList>
                                    <ComputeScalar>
                                      <DefinedValues>
                                        <DefinedValue>
                                          <ColumnReference Column="Expr1014" />
                                          <ScalarOperator ScalarString="CONVERT_IMPLICIT(nvarchar(250),[OurLabReporting].[dbo].[Mix].[Comments],0)">
                                            <Convert DataType="nvarchar" Length="500" Style="0" Implicit="1">
                                              <ScalarOperator>
                                                <Identifier>
                                                  <ColumnReference Database="[OurLabReporting]" Schema="[dbo]" Table="[Mix]" Column="Comments" />
                                                </Identifier>
                                              </ScalarOperator>
                                            </Convert>
                                          </ScalarOperator>
                                        </DefinedValue>
                                      </DefinedValues>
                                      <RelOp NodeId="5" PhysicalOp="Nested Loops" LogicalOp="Left Outer Join" EstimateRows="1" EstimateIO="0" EstimateCPU="4.18e-006" AvgRowSize="3522" EstimatedTotalSubtreeCost="0.00657048" Parallel="0" EstimateRebinds="0" EstimateRewinds="0" EstimatedExecutionMode="Row">
                                        <OutputList>
                                          <ColumnReference Database="[OurLabReporting]" Schema="[dbo]" Table="[ResolvedTED]" Column="MixId" />
                                          <ColumnReference Database="[OurLabReporting]" Schema="[dbo]" Table="[ResolvedTED]" Column="Name" />
                                          <ColumnReference Database="[OurLabReporting]" Schema="[dbo]" Table="[ResolvedTED]" Column="ExecutionStatusLink" />
                                          <ColumnReference Database="[OurLabReporting]" Schema="[dbo]" Table="[ResolvedTED]" Column="ResolvedName" />
                                          <ColumnReference Database="[OurLabReporting]" Schema="[dbo]" Table="[ResolvedTED]" Column="StartDate" />
                                          <ColumnReference Database="[OurLabReporting]" Schema="[dbo]" Table="[ResolvedTED]" Column="EndDate" />
                                          <ColumnReference Database="[OurLabReporting]" Schema="[dbo]" Table="[ResolvedTED]" Column="StatusId" />
                                          <ColumnReference Database="[OurLabReporting]" Schema="[dbo]" Table="[Mix]" Column="ScheduleId" />
                                          <ColumnReference Database="[OurLabReporting]" Schema="[dbo]" Table="[Mix]" Column="Comments" />
                                          <ColumnReference Column="Expr1013" />
                                        </OutputList>
                                        <NestedLoops Optimized="0">
                                          <OuterReferences>
                                            <ColumnReference Database="[OurLabReporting]" Schema="[dbo]" Table="[ResolvedTED]" Column="MixId" />
                                          </OuterReferences>
                                          <RelOp NodeId="6" PhysicalOp="Compute Scalar" LogicalOp="Compute Scalar" EstimateRows="1" EstimateIO="0" EstimateCPU="1e-007" AvgRowSize="2515" EstimatedTotalSubtreeCost="0.0032832" Parallel="0" EstimateRebinds="0" EstimateRewinds="0" EstimatedExecutionMode="Row">
                                            <OutputList>
                                              <ColumnReference Database="[OurLabReporting]" Schema="[dbo]" Table="[ResolvedTED]" Column="MixId" />
                                              <ColumnReference Database="[OurLabReporting]" Schema="[dbo]" Table="[ResolvedTED]" Column="Name" />
                                              <ColumnReference Database="[OurLabReporting]" Schema="[dbo]" Table="[ResolvedTED]" Column="ExecutionStatusLink" />
                                              <ColumnReference Database="[OurLabReporting]" Schema="[dbo]" Table="[ResolvedTED]" Column="ResolvedName" />
                                              <ColumnReference Database="[OurLabReporting]" Schema="[dbo]" Table="[ResolvedTED]" Column="StartDate" />
                                              <ColumnReference Database="[OurLabReporting]" Schema="[dbo]" Table="[ResolvedTED]" Column="EndDate" />
                                              <ColumnReference Database="[OurLabReporting]" Schema="[dbo]" Table="[ResolvedTED]" Column="StatusId" />
                                              <ColumnReference Column="Expr1013" />
                                            </OutputList>
                                            <ComputeScalar>
                                              <DefinedValues>
                                                <DefinedValue>
                                                  <ColumnReference Column="Expr1013" />
                                                  <ScalarOperator ScalarString="CONVERT_IMPLICIT(nvarchar(250),[OurLabReporting].[dbo].[ResolvedTED].[Comments],0)">
                                                    <Convert DataType="nvarchar" Length="500" Style="0" Implicit="1">
                                                      <ScalarOperator>
                                                        <Identifier>
                                                          <ColumnReference Database="[OurLabReporting]" Schema="[dbo]" Table="[ResolvedTED]" Column="Comments" />
                                                        </Identifier>
                                                      </ScalarOperator>
                                                    </Convert>
                                                  </ScalarOperator>
                                                </DefinedValue>
                                              </DefinedValues>
                                              <RelOp NodeId="7" PhysicalOp="Clustered Index Seek" LogicalOp="Clustered Index Seek" EstimateRows="1" EstimateIO="0.003125" EstimateCPU="0.0001581" AvgRowSize="3265" EstimatedTotalSubtreeCost="0.0032831" TableCardinality="1.37084e+006" Parallel="0" EstimateRebinds="0" EstimateRewinds="0" EstimatedExecutionMode="Row">
                                                <OutputList>
                                                  <ColumnReference Database="[OurLabReporting]" Schema="[dbo]" Table="[ResolvedTED]" Column="MixId" />
                                                  <ColumnReference Database="[OurLabReporting]" Schema="[dbo]" Table="[ResolvedTED]" Column="Name" />
                                                  <ColumnReference Database="[OurLabReporting]" Schema="[dbo]" Table="[ResolvedTED]" Column="ExecutionStatusLink" />
                                                  <ColumnReference Database="[OurLabReporting]" Schema="[dbo]" Table="[ResolvedTED]" Column="ResolvedName" />
                                                  <ColumnReference Database="[OurLabReporting]" Schema="[dbo]" Table="[ResolvedTED]" Column="StartDate" />
                                                  <ColumnReference Database="[OurLabReporting]" Schema="[dbo]" Table="[ResolvedTED]" Column="EndDate" />
                                                  <ColumnReference Database="[OurLabReporting]" Schema="[dbo]" Table="[ResolvedTED]" Column="Comments" />
                                                  <ColumnReference Database="[OurLabReporting]" Schema="[dbo]" Table="[ResolvedTED]" Column="StatusId" />
                                                </OutputList>
                                                <IndexScan Ordered="1" ScanDirection="FORWARD" ForcedIndex="0" ForceSeek="0" ForceScan="0" NoExpandHint="0" Storage="RowStore">
                                                  <DefinedValues>
                                                    <DefinedValue>
                                                      <ColumnReference Database="[OurLabReporting]" Schema="[dbo]" Table="[ResolvedTED]" Column="MixId" />
                                                    </DefinedValue>
                                                    <DefinedValue>
                                                      <ColumnReference Database="[OurLabReporting]" Schema="[dbo]" Table="[ResolvedTED]" Column="Name" />
                                                    </DefinedValue>
                                                    <DefinedValue>
                                                      <ColumnReference Database="[OurLabReporting]" Schema="[dbo]" Table="[ResolvedTED]" Column="ExecutionStatusLink" />
                                                    </DefinedValue>
                                                    <DefinedValue>
                                                      <ColumnReference Database="[OurLabReporting]" Schema="[dbo]" Table="[ResolvedTED]" Column="ResolvedName" />
                                                    </DefinedValue>
                                                    <DefinedValue>
                                                      <ColumnReference Database="[OurLabReporting]" Schema="[dbo]" Table="[ResolvedTED]" Column="StartDate" />
                                                    </DefinedValue>
                                                    <DefinedValue>
                                                      <ColumnReference Database="[OurLabReporting]" Schema="[dbo]" Table="[ResolvedTED]" Column="EndDate" />
                                                    </DefinedValue>
                                                    <DefinedValue>
                                                      <ColumnReference Database="[OurLabReporting]" Schema="[dbo]" Table="[ResolvedTED]" Column="Comments" />
                                                    </DefinedValue>
                                                    <DefinedValue>
                                                      <ColumnReference Database="[OurLabReporting]" Schema="[dbo]" Table="[ResolvedTED]" Column="StatusId" />
                                                    </DefinedValue>
                                                  </DefinedValues>
                                                  <Object Database="[OurLabReporting]" Schema="[dbo]" Table="[ResolvedTED]" Index="[ResolvedTED_PK]" IndexKind="Clustered" />
                                                  <SeekPredicates>
                                                    <SeekPredicateNew>
                                                      <SeekKeys>
                                                        <Prefix ScanType="EQ">
                                                          <RangeColumns>
                                                            <ColumnReference Database="[OurLabReporting]" Schema="[dbo]" Table="[ResolvedTED]" Column="Id" />
                                                          </RangeColumns>
                                                          <RangeExpressions>
                                                            <ScalarOperator ScalarString="[@local_ResolvedTEDId]">
                                                              <Identifier>
                                                                <ColumnReference Column="@local_ResolvedTEDId" />
                                                              </Identifier>
                                                            </ScalarOperator>
                                                          </RangeExpressions>
                                                        </Prefix>
                                                      </SeekKeys>
                                                    </SeekPredicateNew>
                                                  </SeekPredicates>
                                                </IndexScan>
                                              </RelOp>
                                            </ComputeScalar>
                                          </RelOp>
                                          <RelOp NodeId="11" PhysicalOp="Clustered Index Seek" LogicalOp="Clustered Index Seek" EstimateRows="1" EstimateIO="0.003125" EstimateCPU="0.0001581" AvgRowSize="1015" EstimatedTotalSubtreeCost="0.0032831" TableCardinality="1.48176e+006" Parallel="0" EstimateRebinds="0" EstimateRewinds="0" EstimatedExecutionMode="Row">
                                            <OutputList>
                                              <ColumnReference Database="[OurLabReporting]" Schema="[dbo]" Table="[Mix]" Column="ScheduleId" />
                                              <ColumnReference Database="[OurLabReporting]" Schema="[dbo]" Table="[Mix]" Column="Comments" />
                                            </OutputList>
                                            <IndexScan Ordered="1" ScanDirection="FORWARD" ForcedIndex="0" ForceSeek="0" ForceScan="0" NoExpandHint="0" Storage="RowStore">
                                              <DefinedValues>
                                                <DefinedValue>
                                                  <ColumnReference Database="[OurLabReporting]" Schema="[dbo]" Table="[Mix]" Column="ScheduleId" />
                                                </DefinedValue>
                                                <DefinedValue>
                                                  <ColumnReference Database="[OurLabReporting]" Schema="[dbo]" Table="[Mix]" Column="Comments" />
                                                </DefinedValue>
                                              </DefinedValues>
                                              <Object Database="[OurLabReporting]" Schema="[dbo]" Table="[Mix]" Index="[Mix_PK]" IndexKind="Clustered" />
                                              <SeekPredicates>
                                                <SeekPredicateNew>
                                                  <SeekKeys>
                                                    <Prefix ScanType="EQ">
                                                      <RangeColumns>
                                                        <ColumnReference Database="[OurLabReporting]" Schema="[dbo]" Table="[Mix]" Column="Id" />
                                                      </RangeColumns>
                                                      <RangeExpressions>
                                                        <ScalarOperator ScalarString="[OurLabReporting].[dbo].[ResolvedTED].[MixId]">
                                                          <Identifier>
                                                            <ColumnReference Database="[OurLabReporting]" Schema="[dbo]" Table="[ResolvedTED]" Column="MixId" />
                                                          </Identifier>
                                                        </ScalarOperator>
                                                      </RangeExpressions>
                                                    </Prefix>
                                                  </SeekKeys>
                                                </SeekPredicateNew>
                                              </SeekPredicates>
                                            </IndexScan>
                                          </RelOp>
                                        </NestedLoops>
                                      </RelOp>
                                    </ComputeScalar>
                                  </RelOp>
                                  <RelOp NodeId="15" PhysicalOp="Clustered Index Seek" LogicalOp="Clustered Index Seek" EstimateRows="1" EstimateIO="0.003125" EstimateCPU="0.0001581" AvgRowSize="1015" EstimatedTotalSubtreeCost="0.0032831" TableCardinality="1.44031e+006" Parallel="0" EstimateRebinds="0" EstimateRewinds="0" EstimatedExecutionMode="Row">
                                    <OutputList>
                                      <ColumnReference Database="[OurLabReporting]" Schema="[dbo]" Table="[Schedule]" Column="Id" />
                                      <ColumnReference Database="[OurLabReporting]" Schema="[dbo]" Table="[Schedule]" Column="Comments" />
                                    </OutputList>
                                    <IndexScan Ordered="1" ScanDirection="FORWARD" ForcedIndex="0" ForceSeek="0" ForceScan="0" NoExpandHint="0" Storage="RowStore">
                                      <DefinedValues>
                                        <DefinedValue>
                                          <ColumnReference Database="[OurLabReporting]" Schema="[dbo]" Table="[Schedule]" Column="Id" />
                                        </DefinedValue>
                                        <DefinedValue>
                                          <ColumnReference Database="[OurLabReporting]" Schema="[dbo]" Table="[Schedule]" Column="Comments" />
                                        </DefinedValue>
                                      </DefinedValues>
                                      <Object Database="[OurLabReporting]" Schema="[dbo]" Table="[Schedule]" Index="[Schedule_PK]" IndexKind="Clustered" />
                                      <SeekPredicates>
                                        <SeekPredicateNew>
                                          <SeekKeys>
                                            <Prefix ScanType="EQ">
                                              <RangeColumns>
                                                <ColumnReference Database="[OurLabReporting]" Schema="[dbo]" Table="[Schedule]" Column="Id" />
                                              </RangeColumns>
                                              <RangeExpressions>
                                                <ScalarOperator ScalarString="[OurLabReporting].[dbo].[Mix].[ScheduleId]">
                                                  <Identifier>
                                                    <ColumnReference Database="[OurLabReporting]" Schema="[dbo]" Table="[Mix]" Column="ScheduleId" />
                                                  </Identifier>
                                                </ScalarOperator>
                                              </RangeExpressions>
                                            </Prefix>
                                          </SeekKeys>
                                        </SeekPredicateNew>
                                      </SeekPredicates>
                                    </IndexScan>
                                  </RelOp>
                                </NestedLoops>
                              </RelOp>
                            </ComputeScalar>
                          </RelOp>
                          <RelOp NodeId="19" PhysicalOp="Clustered Index Seek" LogicalOp="Clustered Index Seek" EstimateRows="1" EstimateIO="0.003125" EstimateCPU="0.0001581" AvgRowSize="111" EstimatedTotalSubtreeCost="0.0032831" TableCardinality="96" Parallel="0" EstimateRebinds="0" EstimateRewinds="0" EstimatedExecutionMode="Row">
                            <OutputList>
                              <ColumnReference Database="[OurLabReporting]" Schema="[dbo]" Table="[Status]" Column="Status" />
                            </OutputList>
                            <IndexScan Ordered="1" ScanDirection="FORWARD" ForcedIndex="0" ForceSeek="0" ForceScan="0" NoExpandHint="0" Storage="RowStore">
                              <DefinedValues>
                                <DefinedValue>
                                  <ColumnReference Database="[OurLabReporting]" Schema="[dbo]" Table="[Status]" Column="Status" />
                                </DefinedValue>
                              </DefinedValues>
                              <Object Database="[OurLabReporting]" Schema="[dbo]" Table="[Status]" Index="[Status_PK]" IndexKind="Clustered" />
                              <SeekPredicates>
                                <SeekPredicateNew>
                                  <SeekKeys>
                                    <Prefix ScanType="EQ">
                                      <RangeColumns>
                                        <ColumnReference Database="[OurLabReporting]" Schema="[dbo]" Table="[Status]" Column="Id" />
                                      </RangeColumns>
                                      <RangeExpressions>
                                        <ScalarOperator ScalarString="[OurLabReporting].[dbo].[ResolvedTED].[StatusId]">
                                          <Identifier>
                                            <ColumnReference Database="[OurLabReporting]" Schema="[dbo]" Table="[ResolvedTED]" Column="StatusId" />
                                          </Identifier>
                                        </ScalarOperator>
                                      </RangeExpressions>
                                    </Prefix>
                                  </SeekKeys>
                                </SeekPredicateNew>
                              </SeekPredicates>
                            </IndexScan>
                          </RelOp>
                        </NestedLoops>
                      </RelOp>
                    </ComputeScalar>
                  </RelOp>
                </QueryPlan>
              </StmtSimple>
              <StmtSimple StatementText="&#x9;SELECT @local_PrimaryRoleId = T.PrimaryRoleId&#xD;&#xA;&#x9;&#x9;&#x9;,@local_MachineSetExecutionLink = dbo.MachineSet.ExecutionStatusLink&#xD;&#xA;&#x9;&#x9;&#x9;,@local_ResultLink = dbo.MachineSet.CustomExecutionFilePath&#xD;&#xA;&#x9;&#x9;&#x9;,@local_TEUId = T.Id&#xD;&#xA;&#x9;&#x9;&#x9;,@local_TEUName = T.NAME&#xD;&#xA;&#x9;&#x9;&#x9;,@local_TEUOwner = T.[Owner]&#xD;&#xA;&#x9;&#x9;&#x9;,@local_TEUStatus = dbo.[Status].[Status]&#xD;&#xA;&#x9;&#x9;&#x9;,@local_TEULogDirectory = T.RunLogDirectory&#xD;&#xA;&#x9;&#x9;&#x9;,@local_FeaturePath = dbo.FeaturePath.[Path]&#xD;&#xA;&#x9;&#x9;&#x9;,@local_FeaturePathId = dbo.FeaturePath.Id&#xD;&#xA;&#x9;&#x9;&#x9;,@local_TotalTCCount = (T.TCPassCount + T.TCFailCount + T.TCWarnCount + T.TCSkipCount + T.TCBlockCount)&#xD;&#xA;&#x9;&#x9;&#x9;,@local_PassedTCCount = T.TCPassCount&#xD;&#xA;&#x9;&#x9;&#x9;,@local_FailedTCCount = T.TCFailCount&#xD;&#xA;&#x9;&#x9;&#x9;,@local_WarnedTCCount = T.TCWarnCount&#xD;&#xA;&#x9;&#x9;&#x9;,@local_BlockedTCCount = T.TCBlockCount&#xD;&#xA;&#x9;&#x9;&#x9;,@local_SkippedTCCount = T.TCSkipCount&#xD;&#xA;&#x9;&#x9;&#x9;,@local_CustomUnc = T.CustomUnc&#xD;&#xA;&#x9;&#x9;&#x9;,@local_CustomUrl = T.CustomUrl&#xD;&#xA;&#x9;&#x9;&#x9;,@local_TEUHasUploaded = T.UploadComplete&#xD;&#xA;&#x9;&#x9;&#x9;,@local_TEUHasExecutionFailures = T.HasExecutionFailures&#xD;&#xA;&#x9;&#x9;&#x9;,@local_AdditionalInfo = T.AdditionalInfo&#xD;&#xA;&#x9;&#x9;&#x9;,@local_TEUIsRerun = T.IsRerun&#xD;&#xA;&#x9;&#x9;&#x9;,@local_TEUIsRerunning = T.IsRerunning&#xD;&#xA;&#x9;&#x9;&#x9;,@local_TEUIsPrimary = T.IsRerunPrimary&#xD;&#xA;&#x9;&#x9;FROM dbo.View_RerunTeu AS T WITH (NOLOCK)&#xD;&#xA;&#x9;&#x9;LEFT JOIN dbo.MachineSet WITH (NOLOCK) ON T.MachineSetId = dbo.MachineSet.Id&#xD;&#xA;&#x9;&#x9;LEFT JOIN dbo.FeaturePath WITH (NOLOCK) ON T.FeaturePathId = dbo.FeaturePath.Id&#xD;&#xA;&#x9;&#x9;INNER JOIN dbo.[Status] WITH (NOLOCK) ON T.StatusId = dbo.[Status].Id&#xD;&#xA;&#x9;&#x9;WHERE T.Id = @local_TEUId&#xD;&#xA;&#xD;&#xA;&#x9;" StatementId="46" StatementCompId="57" StatementType="SELECT" RetrievedFromCache="true" StatementSubTreeCost="0.0164325" StatementEstRows="1" StatementOptmLevel="FULL" QueryHash="0x1235E674E6625C64" QueryPlanHash="0x8FFC90C0F2439BB8" StatementOptmEarlyAbortReason="GoodEnoughPlanFound">
                <StatementSetOptions QUOTED_IDENTIFIER="true" ARITHABORT="true" CONCAT_NULL_YIELDS_NULL="true" ANSI_NULLS="true" ANSI_PADDING="true" ANSI_WARNINGS="true" NUMERIC_ROUNDABORT="false" />
                <QueryPlan NonParallelPlanReason="MaxDOPSetToOne" CachedPlanSize="80" CompileTime="21" CompileCPU="21" CompileMemory="2720">
                  <MemoryGrantInfo SerialRequiredMemory="512" SerialDesiredMemory="544" />
                  <OptimizerHardwareDependentProperties EstimatedAvailableMemoryGrant="193313" EstimatedPagesCached="773254" EstimatedAvailableDegreeOfParallelism="1" />
                  <RelOp NodeId="0" PhysicalOp="Nested Loops" LogicalOp="Left Outer Join" EstimateRows="1" EstimateIO="0" EstimateCPU="4.18e-006" AvgRowSize="5104" EstimatedTotalSubtreeCost="0.0164325" Parallel="0" EstimateRebinds="0" EstimateRewinds="0" EstimatedExecutionMode="Row">
                    <OutputList>
                      <ColumnReference Database="[OurLabReporting]" Schema="[dbo]" Table="[TEU]" Alias="[T]" Column="Id" />
                      <ColumnReference Database="[OurLabReporting]" Schema="[dbo]" Table="[TEU]" Alias="[T]" Column="Name" />
                      <ColumnReference Database="[OurLabReporting]" Schema="[dbo]" Table="[TEU]" Alias="[T]" Column="Owner" />
                      <ColumnReference Database="[OurLabReporting]" Schema="[dbo]" Table="[TEU]" Alias="[T]" Column="RunLogDirectory" />
                      <ColumnReference Database="[OurLabReporting]" Schema="[dbo]" Table="[TEU]" Alias="[T]" Column="UploadComplete" />
                      <ColumnReference Database="[OurLabReporting]" Schema="[dbo]" Table="[TEU]" Alias="[T]" Column="TCPassCount" />
                      <ColumnReference Database="[OurLabReporting]" Schema="[dbo]" Table="[TEU]" Alias="[T]" Column="TCFailCount" />
                      <ColumnReference Database="[OurLabReporting]" Schema="[dbo]" Table="[TEU]" Alias="[T]" Column="TCWarnCount" />
                      <ColumnReference Database="[OurLabReporting]" Schema="[dbo]" Table="[TEU]" Alias="[T]" Column="TCSkipCount" />
                      <ColumnReference Database="[OurLabReporting]" Schema="[dbo]" Table="[TEU]" Alias="[T]" Column="TCBlockCount" />
                      <ColumnReference Database="[OurLabReporting]" Schema="[dbo]" Table="[TEU]" Alias="[T]" Column="CustomUrl" />
                      <ColumnReference Database="[OurLabReporting]" Schema="[dbo]" Table="[TEU]" Alias="[T]" Column="CustomUnc" />
                      <ColumnReference Database="[OurLabReporting]" Schema="[dbo]" Table="[TEU]" Alias="[T]" Column="HasExecutionFailures" />
                      <ColumnReference Database="[OurLabReporting]" Schema="[dbo]" Table="[TEU]" Alias="[T]" Column="AdditionalInfo" />
                      <ColumnReference Database="[OurLabReporting]" Schema="[dbo]" Table="[TEU]" Alias="[T]" Column="PrimaryRoleId" />
                      <ColumnReference Database="[OurLabReporting]" Schema="[dbo]" Table="[TEU]" Alias="[T]" Column="IsRerunPrimary" />
                      <ColumnReference Column="Expr1004" />
                      <ColumnReference Column="Expr1006" />
                      <ColumnReference Database="[OurLabReporting]" Schema="[dbo]" Table="[MachineSet]" Column="ExecutionStatusLink" />
                      <ColumnReference Database="[OurLabReporting]" Schema="[dbo]" Table="[MachineSet]" Column="CustomExecutionFilePath" />
                      <ColumnReference Database="[OurLabReporting]" Schema="[dbo]" Table="[FeaturePath]" Column="Id" />
                      <ColumnReference Database="[OurLabReporting]" Schema="[dbo]" Table="[FeaturePath]" Column="Path" />
                      <ColumnReference Column="Expr1016" />
                      <ColumnReference Column="Expr1017" />
                    </OutputList>
                    <NestedLoops Optimized="0">
                      <OuterReferences>
                        <ColumnReference Database="[OurLabReporting]" Schema="[dbo]" Table="[TEU]" Alias="[T]" Column="FeaturePathId" />
                      </OuterReferences>
                      <RelOp NodeId="1" PhysicalOp="Nested Loops" LogicalOp="Left Outer Join" EstimateRows="1" EstimateIO="0" EstimateCPU="4.18e-006" AvgRowSize="4702" EstimatedTotalSubtreeCost="0.0131452" Parallel="0" EstimateRebinds="0" EstimateRewinds="0" EstimatedExecutionMode="Row">
                        <OutputList>
                          <ColumnReference Database="[OurLabReporting]" Schema="[dbo]" Table="[TEU]" Alias="[T]" Column="Id" />
                          <ColumnReference Database="[OurLabReporting]" Schema="[dbo]" Table="[TEU]" Alias="[T]" Column="Name" />
                          <ColumnReference Database="[OurLabReporting]" Schema="[dbo]" Table="[TEU]" Alias="[T]" Column="Owner" />
                          <ColumnReference Database="[OurLabReporting]" Schema="[dbo]" Table="[TEU]" Alias="[T]" Column="RunLogDirectory" />
                          <ColumnReference Database="[OurLabReporting]" Schema="[dbo]" Table="[TEU]" Alias="[T]" Column="UploadComplete" />
                          <ColumnReference Database="[OurLabReporting]" Schema="[dbo]" Table="[TEU]" Alias="[T]" Column="TCPassCount" />
                          <ColumnReference Database="[OurLabReporting]" Schema="[dbo]" Table="[TEU]" Alias="[T]" Column="TCFailCount" />
                          <ColumnReference Database="[OurLabReporting]" Schema="[dbo]" Table="[TEU]" Alias="[T]" Column="TCWarnCount" />
                          <ColumnReference Database="[OurLabReporting]" Schema="[dbo]" Table="[TEU]" Alias="[T]" Column="TCSkipCount" />
                          <ColumnReference Database="[OurLabReporting]" Schema="[dbo]" Table="[TEU]" Alias="[T]" Column="TCBlockCount" />
                          <ColumnReference Database="[OurLabReporting]" Schema="[dbo]" Table="[TEU]" Alias="[T]" Column="CustomUrl" />
                          <ColumnReference Database="[OurLabReporting]" Schema="[dbo]" Table="[TEU]" Alias="[T]" Column="CustomUnc" />
                          <ColumnReference Database="[OurLabReporting]" Schema="[dbo]" Table="[TEU]" Alias="[T]" Column="HasExecutionFailures" />
                          <ColumnReference Database="[OurLabReporting]" Schema="[dbo]" Table="[TEU]" Alias="[T]" Column="AdditionalInfo" />
                          <ColumnReference Database="[OurLabReporting]" Schema="[dbo]" Table="[TEU]" Alias="[T]" Column="FeaturePathId" />
                          <ColumnReference Database="[OurLabReporting]" Schema="[dbo]" Table="[TEU]" Alias="[T]" Column="PrimaryRoleId" />
                          <ColumnReference Database="[OurLabReporting]" Schema="[dbo]" Table="[TEU]" Alias="[T]" Column="IsRerunPrimary" />
                          <ColumnReference Column="Expr1004" />
                          <ColumnReference Column="Expr1006" />
                          <ColumnReference Database="[OurLabReporting]" Schema="[dbo]" Table="[MachineSet]" Column="ExecutionStatusLink" />
                          <ColumnReference Database="[OurLabReporting]" Schema="[dbo]" Table="[MachineSet]" Column="CustomExecutionFilePath" />
                          <ColumnReference Column="Expr1016" />
                          <ColumnReference Column="Expr1017" />
                        </OutputList>
                        <NestedLoops Optimized="1">
                          <OuterReferences>
                            <ColumnReference Database="[OurLabReporting]" Schema="[dbo]" Table="[TEU]" Alias="[T]" Column="MachineSetId" />
                          </OuterReferences>
                          <RelOp NodeId="3" PhysicalOp="Compute Scalar" LogicalOp="Compute Scalar" EstimateRows="1" EstimateIO="0" EstimateCPU="1e-007" AvgRowSize="2654" EstimatedTotalSubtreeCost="0.00985796" Parallel="0" EstimateRebinds="0" EstimateRewinds="0" EstimatedExecutionMode="Row">
                            <OutputList>
                              <ColumnReference Database="[OurLabReporting]" Schema="[dbo]" Table="[TEU]" Alias="[T]" Column="Id" />
                              <ColumnReference Database="[OurLabReporting]" Schema="[dbo]" Table="[TEU]" Alias="[T]" Column="Name" />
                              <ColumnReference Database="[OurLabReporting]" Schema="[dbo]" Table="[TEU]" Alias="[T]" Column="Owner" />
                              <ColumnReference Database="[OurLabReporting]" Schema="[dbo]" Table="[TEU]" Alias="[T]" Column="RunLogDirectory" />
                              <ColumnReference Database="[OurLabReporting]" Schema="[dbo]" Table="[TEU]" Alias="[T]" Column="UploadComplete" />
                              <ColumnReference Database="[OurLabReporting]" Schema="[dbo]" Table="[TEU]" Alias="[T]" Column="TCPassCount" />
                              <ColumnReference Database="[OurLabReporting]" Schema="[dbo]" Table="[TEU]" Alias="[T]" Column="TCFailCount" />
                              <ColumnReference Database="[OurLabReporting]" Schema="[dbo]" Table="[TEU]" Alias="[T]" Column="TCWarnCount" />
                              <ColumnReference Database="[OurLabReporting]" Schema="[dbo]" Table="[TEU]" Alias="[T]" Column="TCSkipCount" />
                              <ColumnReference Database="[OurLabReporting]" Schema="[dbo]" Table="[TEU]" Alias="[T]" Column="TCBlockCount" />
                              <ColumnReference Database="[OurLabReporting]" Schema="[dbo]" Table="[TEU]" Alias="[T]" Column="CustomUrl" />
                              <ColumnReference Database="[OurLabReporting]" Schema="[dbo]" Table="[TEU]" Alias="[T]" Column="CustomUnc" />
                              <ColumnReference Database="[OurLabReporting]" Schema="[dbo]" Table="[TEU]" Alias="[T]" Column="HasExecutionFailures" />
                              <ColumnReference Database="[OurLabReporting]" Schema="[dbo]" Table="[TEU]" Alias="[T]" Column="AdditionalInfo" />
                              <ColumnReference Database="[OurLabReporting]" Schema="[dbo]" Table="[TEU]" Alias="[T]" Column="FeaturePathId" />
                              <ColumnReference Database="[OurLabReporting]" Schema="[dbo]" Table="[TEU]" Alias="[T]" Column="MachineSetId" />
                              <ColumnReference Database="[OurLabReporting]" Schema="[dbo]" Table="[TEU]" Alias="[T]" Column="PrimaryRoleId" />
                              <ColumnReference Database="[OurLabReporting]" Schema="[dbo]" Table="[TEU]" Alias="[T]" Column="IsRerunPrimary" />
                              <ColumnReference Column="Expr1004" />
                              <ColumnReference Column="Expr1006" />
                              <ColumnReference Column="Expr1016" />
                              <ColumnReference Column="Expr1017" />
                            </OutputList>
                            <ComputeScalar>
                              <DefinedValues>
                                <DefinedValue>
                                  <ColumnReference Column="Expr1006" />
                                  <ScalarOperator ScalarString="CONVERT(bit,CASE WHEN [OurLabReporting].[dbo].[TEU].[Id] as [R].[Id] IS NULL THEN (0) ELSE CASE WHEN [OurLabReporting].[dbo].[TEU].[Id] as [R].[Id] IS NOT NULL AND [OurLabReporting].[dbo].[TEU].[StatusId] as [R].[StatusId]&lt;&gt;(52) AND [OurLabReporting].[dbo].[TEU].[StatusId] as [R].[StatusId]&lt;&gt;(50) AND [OurLabReporting].[dbo].[TEU].[StatusId] as [R].[StatusId]&lt;&gt;(49) AND [OurLabReporting].[dbo].[TEU].[StatusId] as [R].[StatusId]&lt;&gt;(48) THEN (1) ELSE (0) END END,0)">
                                    <Convert DataType="bit" Style="0" Implicit="0">
                                      <ScalarOperator>
                                        <IF>
                                          <Condition>
                                            <ScalarOperator>
                                              <Compare CompareOp="IS">
                                                <ScalarOperator>
                                                  <Identifier>
                                                    <ColumnReference Database="[OurLabReporting]" Schema="[dbo]" Table="[TEU]" Alias="[R]" Column="Id" />
                                                  </Identifier>
                                                </ScalarOperator>
                                                <ScalarOperator>
                                                  <Const ConstValue="NULL" />
                                                </ScalarOperator>
                                              </Compare>
                                            </ScalarOperator>
                                          </Condition>
                                          <Then>
                                            <ScalarOperator>
                                              <Const ConstValue="(0)" />
                                            </ScalarOperator>
                                          </Then>
                                          <Else>
                                            <ScalarOperator>
                                              <IF>
                                                <Condition>
                                                  <ScalarOperator>
                                                    <Logical Operation="AND">
                                                      <ScalarOperator>
                                                        <Compare CompareOp="IS NOT">
                                                          <ScalarOperator>
                                                            <Identifier>
                                                              <ColumnReference Database="[OurLabReporting]" Schema="[dbo]" Table="[TEU]" Alias="[R]" Column="Id" />
                                                            </Identifier>
                                                          </ScalarOperator>
                                                          <ScalarOperator>
                                                            <Const ConstValue="NULL" />
                                                          </ScalarOperator>
                                                        </Compare>
                                                      </ScalarOperator>
                                                      <ScalarOperator>
                                                        <Compare CompareOp="NE">
                                                          <ScalarOperator>
                                                            <Identifier>
                                                              <ColumnReference Database="[OurLabReporting]" Schema="[dbo]" Table="[TEU]" Alias="[R]" Column="StatusId" />
                                                            </Identifier>
                                                          </ScalarOperator>
                                                          <ScalarOperator>
                                                            <Const ConstValue="(52)" />
                                                          </ScalarOperator>
                                                        </Compare>
                                                      </ScalarOperator>
                                                      <ScalarOperator>
                                                        <Compare CompareOp="NE">
                                                          <ScalarOperator>
                                                            <Identifier>
                                                              <ColumnReference Database="[OurLabReporting]" Schema="[dbo]" Table="[TEU]" Alias="[R]" Column="StatusId" />
                                                            </Identifier>
                                                          </ScalarOperator>
                                                          <ScalarOperator>
                                                            <Const ConstValue="(50)" />
                                                          </ScalarOperator>
                                                        </Compare>
                                                      </ScalarOperator>
                                                      <ScalarOperator>
                                                        <Compare CompareOp="NE">
                                                          <ScalarOperator>
                                                            <Identifier>
                                                              <ColumnReference Database="[OurLabReporting]" Schema="[dbo]" Table="[TEU]" Alias="[R]" Column="StatusId" />
                                                            </Identifier>
                                                          </ScalarOperator>
                                                          <ScalarOperator>
                                                            <Const ConstValue="(49)" />
                                                          </ScalarOperator>
                                                        </Compare>
                                                      </ScalarOperator>
                                                      <ScalarOperator>
                                                        <Compare CompareOp="NE">
                                                          <ScalarOperator>
                                                            <Identifier>
                                                              <ColumnReference Database="[OurLabReporting]" Schema="[dbo]" Table="[TEU]" Alias="[R]" Column="StatusId" />
                                                            </Identifier>
                                                          </ScalarOperator>
                                                          <ScalarOperator>
                                                            <Const ConstValue="(48)" />
                                                          </ScalarOperator>
                                                        </Compare>
                                                      </ScalarOperator>
                                                    </Logical>
                                                  </ScalarOperator>
                                                </Condition>
                                                <Then>
                                                  <ScalarOperator>
                                                    <Const ConstValue="(1)" />
                                                  </ScalarOperator>
                                                </Then>
                                                <Else>
                                                  <ScalarOperator>
                                                    <Const ConstValue="(0)" />
                                                  </ScalarOperator>
                                                </Else>
                                              </IF>
                                            </ScalarOperator>
                                          </Else>
                                        </IF>
                                      </ScalarOperator>
                                    </Convert>
                                  </ScalarOperator>
                                </DefinedValue>
                              </DefinedValues>
                              <RelOp NodeId="4" PhysicalOp="Nested Loops" LogicalOp="Left Outer Join" EstimateRows="1" EstimateIO="0" EstimateCPU="4.18e-006" AvgRowSize="2666" EstimatedTotalSubtreeCost="0.00985786" Parallel="0" EstimateRebinds="0" EstimateRewinds="0" EstimatedExecutionMode="Row">
                                <OutputList>
                                  <ColumnReference Database="[OurLabReporting]" Schema="[dbo]" Table="[TEU]" Alias="[T]" Column="Id" />
                                  <ColumnReference Database="[OurLabReporting]" Schema="[dbo]" Table="[TEU]" Alias="[T]" Column="Name" />
                                  <ColumnReference Database="[OurLabReporting]" Schema="[dbo]" Table="[TEU]" Alias="[T]" Column="Owner" />
                                  <ColumnReference Database="[OurLabReporting]" Schema="[dbo]" Table="[TEU]" Alias="[T]" Column="RunLogDirectory" />
                                  <ColumnReference Database="[OurLabReporting]" Schema="[dbo]" Table="[TEU]" Alias="[T]" Column="UploadComplete" />
                                  <ColumnReference Database="[OurLabReporting]" Schema="[dbo]" Table="[TEU]" Alias="[T]" Column="TCPassCount" />
                                  <ColumnReference Database="[OurLabReporting]" Schema="[dbo]" Table="[TEU]" Alias="[T]" Column="TCFailCount" />
                                  <ColumnReference Database="[OurLabReporting]" Schema="[dbo]" Table="[TEU]" Alias="[T]" Column="TCWarnCount" />
                                  <ColumnReference Database="[OurLabReporting]" Schema="[dbo]" Table="[TEU]" Alias="[T]" Column="TCSkipCount" />
                                  <ColumnReference Database="[OurLabReporting]" Schema="[dbo]" Table="[TEU]" Alias="[T]" Column="TCBlockCount" />
                                  <ColumnReference Database="[OurLabReporting]" Schema="[dbo]" Table="[TEU]" Alias="[T]" Column="CustomUrl" />
                                  <ColumnReference Database="[OurLabReporting]" Schema="[dbo]" Table="[TEU]" Alias="[T]" Column="CustomUnc" />
                                  <ColumnReference Database="[OurLabReporting]" Schema="[dbo]" Table="[TEU]" Alias="[T]" Column="HasExecutionFailures" />
                                  <ColumnReference Database="[OurLabReporting]" Schema="[dbo]" Table="[TEU]" Alias="[T]" Column="AdditionalInfo" />
                                  <ColumnReference Database="[OurLabReporting]" Schema="[dbo]" Table="[TEU]" Alias="[T]" Column="FeaturePathId" />
                                  <ColumnReference Database="[OurLabReporting]" Schema="[dbo]" Table="[TEU]" Alias="[T]" Column="MachineSetId" />
                                  <ColumnReference Database="[OurLabReporting]" Schema="[dbo]" Table="[TEU]" Alias="[T]" Column="PrimaryRoleId" />
                                  <ColumnReference Database="[OurLabReporting]" Schema="[dbo]" Table="[TEU]" Alias="[T]" Column="IsRerunPrimary" />
                                  <ColumnReference Database="[OurLabReporting]" Schema="[dbo]" Table="[TEU]" Alias="[R]" Column="Id" />
                                  <ColumnReference Database="[OurLabReporting]" Schema="[dbo]" Table="[TEU]" Alias="[R]" Column="StatusId" />
                                  <ColumnReference Column="Expr1004" />
                                  <ColumnReference Column="Expr1016" />
                                  <ColumnReference Column="Expr1017" />
                                </OutputList>
                                <NestedLoops Optimized="0">
                                  <OuterReferences>
                                    <ColumnReference Database="[OurLabReporting]" Schema="[dbo]" Table="[TEU]" Alias="[T]" Column="MixId" />
                                  </OuterReferences>
                                  <RelOp NodeId="5" PhysicalOp="Compute Scalar" LogicalOp="Compute Scalar" EstimateRows="1" EstimateIO="0" EstimateCPU="1e-007" AvgRowSize="2658" EstimatedTotalSubtreeCost="0.00657058" Parallel="0" EstimateRebinds="0" EstimateRewinds="0" EstimatedExecutionMode="Row">
                                    <OutputList>
                                      <ColumnReference Database="[OurLabReporting]" Schema="[dbo]" Table="[TEU]" Alias="[T]" Column="Id" />
                                      <ColumnReference Database="[OurLabReporting]" Schema="[dbo]" Table="[TEU]" Alias="[T]" Column="MixId" />
                                      <ColumnReference Database="[OurLabReporting]" Schema="[dbo]" Table="[TEU]" Alias="[T]" Column="Name" />
                                      <ColumnReference Database="[OurLabReporting]" Schema="[dbo]" Table="[TEU]" Alias="[T]" Column="Owner" />
                                      <ColumnReference Database="[OurLabReporting]" Schema="[dbo]" Table="[TEU]" Alias="[T]" Column="RunLogDirectory" />
                                      <ColumnReference Database="[OurLabReporting]" Schema="[dbo]" Table="[TEU]" Alias="[T]" Column="UploadComplete" />
                                      <ColumnReference Database="[OurLabReporting]" Schema="[dbo]" Table="[TEU]" Alias="[T]" Column="TCPassCount" />
                                      <ColumnReference Database="[OurLabReporting]" Schema="[dbo]" Table="[TEU]" Alias="[T]" Column="TCFailCount" />
                                      <ColumnReference Database="[OurLabReporting]" Schema="[dbo]" Table="[TEU]" Alias="[T]" Column="TCWarnCount" />
                                      <ColumnReference Database="[OurLabReporting]" Schema="[dbo]" Table="[TEU]" Alias="[T]" Column="TCSkipCount" />
                                      <ColumnReference Database="[OurLabReporting]" Schema="[dbo]" Table="[TEU]" Alias="[T]" Column="TCBlockCount" />
                                      <ColumnReference Database="[OurLabReporting]" Schema="[dbo]" Table="[TEU]" Alias="[T]" Column="CustomUrl" />
                                      <ColumnReference Database="[OurLabReporting]" Schema="[dbo]" Table="[TEU]" Alias="[T]" Column="CustomUnc" />
                                      <ColumnReference Database="[OurLabReporting]" Schema="[dbo]" Table="[TEU]" Alias="[T]" Column="HasExecutionFailures" />
                                      <ColumnReference Database="[OurLabReporting]" Schema="[dbo]" Table="[TEU]" Alias="[T]" Column="AdditionalInfo" />
                                      <ColumnReference Database="[OurLabReporting]" Schema="[dbo]" Table="[TEU]" Alias="[T]" Column="FeaturePathId" />
                                      <ColumnReference Database="[OurLabReporting]" Schema="[dbo]" Table="[TEU]" Alias="[T]" Column="MachineSetId" />
                                      <ColumnReference Database="[OurLabReporting]" Schema="[dbo]" Table="[TEU]" Alias="[T]" Column="PrimaryRoleId" />
                                      <ColumnReference Database="[OurLabReporting]" Schema="[dbo]" Table="[TEU]" Alias="[T]" Column="IsRerunPrimary" />
                                      <ColumnReference Column="Expr1004" />
                                      <ColumnReference Column="Expr1016" />
                                      <ColumnReference Column="Expr1017" />
                                    </OutputList>
                                    <ComputeScalar>
                                      <DefinedValues>
                                        <DefinedValue>
                                          <ColumnReference Column="Expr1016" />
                                          <ScalarOperator ScalarString="CONVERT_IMPLICIT(nvarchar(50),[OurLabReporting].[dbo].[Status].[Status],0)">
                                            <Convert DataType="nvarchar" Length="100" Style="0" Implicit="1">
                                              <ScalarOperator>
                                                <Identifier>
                                                  <ColumnReference Database="[OurLabReporting]" Schema="[dbo]" Table="[Status]" Column="Status" />
                                                </Identifier>
                                              </ScalarOperator>
                                            </Convert>
                                          </ScalarOperator>
                                        </DefinedValue>
                                      </DefinedValues>
                                      <RelOp NodeId="6" PhysicalOp="Nested Loops" LogicalOp="Inner Join" EstimateRows="1" EstimateIO="0" EstimateCPU="4.18e-006" AvgRowSize="2708" EstimatedTotalSubtreeCost="0.00657048" Parallel="0" EstimateRebinds="0" EstimateRewinds="0" EstimatedExecutionMode="Row">
                                        <OutputList>
                                          <ColumnReference Database="[OurLabReporting]" Schema="[dbo]" Table="[TEU]" Alias="[T]" Column="Id" />
                                          <ColumnReference Database="[OurLabReporting]" Schema="[dbo]" Table="[TEU]" Alias="[T]" Column="MixId" />
                                          <ColumnReference Database="[OurLabReporting]" Schema="[dbo]" Table="[TEU]" Alias="[T]" Column="Name" />
                                          <ColumnReference Database="[OurLabReporting]" Schema="[dbo]" Table="[TEU]" Alias="[T]" Column="Owner" />
                                          <ColumnReference Database="[OurLabReporting]" Schema="[dbo]" Table="[TEU]" Alias="[T]" Column="RunLogDirectory" />
                                          <ColumnReference Database="[OurLabReporting]" Schema="[dbo]" Table="[TEU]" Alias="[T]" Column="UploadComplete" />
                                          <ColumnReference Database="[OurLabReporting]" Schema="[dbo]" Table="[TEU]" Alias="[T]" Column="TCPassCount" />
                                          <ColumnReference Database="[OurLabReporting]" Schema="[dbo]" Table="[TEU]" Alias="[T]" Column="TCFailCount" />
                                          <ColumnReference Database="[OurLabReporting]" Schema="[dbo]" Table="[TEU]" Alias="[T]" Column="TCWarnCount" />
                                          <ColumnReference Database="[OurLabReporting]" Schema="[dbo]" Table="[TEU]" Alias="[T]" Column="TCSkipCount" />
                                          <ColumnReference Database="[OurLabReporting]" Schema="[dbo]" Table="[TEU]" Alias="[T]" Column="TCBlockCount" />
                                          <ColumnReference Database="[OurLabReporting]" Schema="[dbo]" Table="[TEU]" Alias="[T]" Column="CustomUrl" />
                                          <ColumnReference Database="[OurLabReporting]" Schema="[dbo]" Table="[TEU]" Alias="[T]" Column="CustomUnc" />
                                          <ColumnReference Database="[OurLabReporting]" Schema="[dbo]" Table="[TEU]" Alias="[T]" Column="HasExecutionFailures" />
                                          <ColumnReference Database="[OurLabReporting]" Schema="[dbo]" Table="[TEU]" Alias="[T]" Column="AdditionalInfo" />
                                          <ColumnReference Database="[OurLabReporting]" Schema="[dbo]" Table="[TEU]" Alias="[T]" Column="FeaturePathId" />
                                          <ColumnReference Database="[OurLabReporting]" Schema="[dbo]" Table="[TEU]" Alias="[T]" Column="MachineSetId" />
                                          <ColumnReference Database="[OurLabReporting]" Schema="[dbo]" Table="[TEU]" Alias="[T]" Column="PrimaryRoleId" />
                                          <ColumnReference Database="[OurLabReporting]" Schema="[dbo]" Table="[TEU]" Alias="[T]" Column="IsRerunPrimary" />
                                          <ColumnReference Column="Expr1004" />
                                          <ColumnReference Database="[OurLabReporting]" Schema="[dbo]" Table="[Status]" Column="Status" />
                                          <ColumnReference Column="Expr1017" />
                                        </OutputList>
                                        <NestedLoops Optimized="0">
                                          <OuterReferences>
                                            <ColumnReference Database="[OurLabReporting]" Schema="[dbo]" Table="[TEU]" Alias="[T]" Column="StatusId" />
                                          </OuterReferences>
                                          <RelOp NodeId="7" PhysicalOp="Compute Scalar" LogicalOp="Compute Scalar" EstimateRows="1" EstimateIO="0" EstimateCPU="1e-007" AvgRowSize="2610" EstimatedTotalSubtreeCost="0.0032832" Parallel="0" EstimateRebinds="0" EstimateRewinds="0" EstimatedExecutionMode="Row">
                                            <OutputList>
                                              <ColumnReference Database="[OurLabReporting]" Schema="[dbo]" Table="[TEU]" Alias="[T]" Column="Id" />
                                              <ColumnReference Database="[OurLabReporting]" Schema="[dbo]" Table="[TEU]" Alias="[T]" Column="MixId" />
                                              <ColumnReference Database="[OurLabReporting]" Schema="[dbo]" Table="[TEU]" Alias="[T]" Column="Name" />
                                              <ColumnReference Database="[OurLabReporting]" Schema="[dbo]" Table="[TEU]" Alias="[T]" Column="Owner" />
                                              <ColumnReference Database="[OurLabReporting]" Schema="[dbo]" Table="[TEU]" Alias="[T]" Column="RunLogDirectory" />
                                              <ColumnReference Database="[OurLabReporting]" Schema="[dbo]" Table="[TEU]" Alias="[T]" Column="UploadComplete" />
                                              <ColumnReference Database="[OurLabReporting]" Schema="[dbo]" Table="[TEU]" Alias="[T]" Column="TCPassCount" />
                                              <ColumnReference Database="[OurLabReporting]" Schema="[dbo]" Table="[TEU]" Alias="[T]" Column="TCFailCount" />
                                              <ColumnReference Database="[OurLabReporting]" Schema="[dbo]" Table="[TEU]" Alias="[T]" Column="TCWarnCount" />
                                              <ColumnReference Database="[OurLabReporting]" Schema="[dbo]" Table="[TEU]" Alias="[T]" Column="TCSkipCount" />
                                              <ColumnReference Database="[OurLabReporting]" Schema="[dbo]" Table="[TEU]" Alias="[T]" Column="TCBlockCount" />
                                              <ColumnReference Database="[OurLabReporting]" Schema="[dbo]" Table="[TEU]" Alias="[T]" Column="CustomUrl" />
                                              <ColumnReference Database="[OurLabReporting]" Schema="[dbo]" Table="[TEU]" Alias="[T]" Column="CustomUnc" />
                                              <ColumnReference Database="[OurLabReporting]" Schema="[dbo]" Table="[TEU]" Alias="[T]" Column="HasExecutionFailures" />
                                              <ColumnReference Database="[OurLabReporting]" Schema="[dbo]" Table="[TEU]" Alias="[T]" Column="AdditionalInfo" />
                                              <ColumnReference Database="[OurLabReporting]" Schema="[dbo]" Table="[TEU]" Alias="[T]" Column="FeaturePathId" />
                                              <ColumnReference Database="[OurLabReporting]" Schema="[dbo]" Table="[TEU]" Alias="[T]" Column="MachineSetId" />
                                              <ColumnReference Database="[OurLabReporting]" Schema="[dbo]" Table="[TEU]" Alias="[T]" Column="PrimaryRoleId" />
                                              <ColumnReference Database="[OurLabReporting]" Schema="[dbo]" Table="[TEU]" Alias="[T]" Column="StatusId" />
                                              <ColumnReference Database="[OurLabReporting]" Schema="[dbo]" Table="[TEU]" Alias="[T]" Column="IsRerunPrimary" />
                                              <ColumnReference Column="Expr1004" />
                                              <ColumnReference Column="Expr1017" />
                                            </OutputList>
                                            <ComputeScalar>
                                              <DefinedValues>
                                                <DefinedValue>
                                                  <ColumnReference Column="Expr1004" />
                                                  <ScalarOperator ScalarString="CONVERT(bit,CASE WHEN [OurLabReporting].[dbo].[TEU].[RerunSourceId] as [T].[RerunSourceId] IS NULL THEN (0) ELSE (1) END,0)">
                                                    <Convert DataType="bit" Style="0" Implicit="0">
                                                      <ScalarOperator>
                                                        <IF>
                                                          <Condition>
                                                            <ScalarOperator>
                                                              <Compare CompareOp="IS">
                                                                <ScalarOperator>
                                                                  <Identifier>
                                                                    <ColumnReference Database="[OurLabReporting]" Schema="[dbo]" Table="[TEU]" Alias="[T]" Column="RerunSourceId" />
                                                                  </Identifier>
                                                                </ScalarOperator>
                                                                <ScalarOperator>
                                                                  <Const ConstValue="NULL" />
                                                                </ScalarOperator>
                                                              </Compare>
                                                            </ScalarOperator>
                                                          </Condition>
                                                          <Then>
                                                            <ScalarOperator>
                                                              <Const ConstValue="(0)" />
                                                            </ScalarOperator>
                                                          </Then>
                                                          <Else>
                                                            <ScalarOperator>
                                                              <Const ConstValue="(1)" />
                                                            </ScalarOperator>
                                                          </Else>
                                                        </IF>
                                                      </ScalarOperator>
                                                    </Convert>
                                                  </ScalarOperator>
                                                </DefinedValue>
                                                <DefinedValue>
                                                  <ColumnReference Column="Expr1017" />
                                                  <ScalarOperator ScalarString="[OurLabReporting].[dbo].[TEU].[TCPassCount] as [T].[TCPassCount]+[OurLabReporting].[dbo].[TEU].[TCFailCount] as [T].[TCFailCount]+[OurLabReporting].[dbo].[TEU].[TCWarnCount] as [T].[TCWarnCount]+[OurLabReporting].[dbo].[TEU].[TCSkipCount] as [T].[TCSkipCount]+[OurLabReporting].[dbo].[TEU].[TCBlockCount] as [T].[TCBlockCount]">
                                                    <Arithmetic Operation="ADD">
                                                      <ScalarOperator>
                                                        <Arithmetic Operation="ADD">
                                                          <ScalarOperator>
                                                            <Arithmetic Operation="ADD">
                                                              <ScalarOperator>
                                                                <Arithmetic Operation="ADD">
                                                                  <ScalarOperator>
                                                                    <Identifier>
                                                                      <ColumnReference Database="[OurLabReporting]" Schema="[dbo]" Table="[TEU]" Alias="[T]" Column="TCPassCount" />
                                                                    </Identifier>
                                                                  </ScalarOperator>
                                                                  <ScalarOperator>
                                                                    <Identifier>
                                                                      <ColumnReference Database="[OurLabReporting]" Schema="[dbo]" Table="[TEU]" Alias="[T]" Column="TCFailCount" />
                                                                    </Identifier>
                                                                  </ScalarOperator>
                                                                </Arithmetic>
                                                              </ScalarOperator>
                                                              <ScalarOperator>
                                                                <Identifier>
                                                                  <ColumnReference Database="[OurLabReporting]" Schema="[dbo]" Table="[TEU]" Alias="[T]" Column="TCWarnCount" />
                                                                </Identifier>
                                                              </ScalarOperator>
                                                            </Arithmetic>
                                                          </ScalarOperator>
                                                          <ScalarOperator>
                                                            <Identifier>
                                                              <ColumnReference Database="[OurLabReporting]" Schema="[dbo]" Table="[TEU]" Alias="[T]" Column="TCSkipCount" />
                                                            </Identifier>
                                                          </ScalarOperator>
                                                        </Arithmetic>
                                                      </ScalarOperator>
                                                      <ScalarOperator>
                                                        <Identifier>
                                                          <ColumnReference Database="[OurLabReporting]" Schema="[dbo]" Table="[TEU]" Alias="[T]" Column="TCBlockCount" />
                                                        </Identifier>
                                                      </ScalarOperator>
                                                    </Arithmetic>
                                                  </ScalarOperator>
                                                </DefinedValue>
                                              </DefinedValues>
                                              <RelOp NodeId="8" PhysicalOp="Clustered Index Seek" LogicalOp="Clustered Index Seek" EstimateRows="1" EstimateIO="0.003125" EstimateCPU="0.0001581" AvgRowSize="2614" EstimatedTotalSubtreeCost="0.0032831" TableCardinality="4.12024e+007" Parallel="0" EstimateRebinds="0" EstimateRewinds="0" EstimatedExecutionMode="Row">
                                                <OutputList>
                                                  <ColumnReference Database="[OurLabReporting]" Schema="[dbo]" Table="[TEU]" Alias="[T]" Column="Id" />
                                                  <ColumnReference Database="[OurLabReporting]" Schema="[dbo]" Table="[TEU]" Alias="[T]" Column="MixId" />
                                                  <ColumnReference Database="[OurLabReporting]" Schema="[dbo]" Table="[TEU]" Alias="[T]" Column="Name" />
                                                  <ColumnReference Database="[OurLabReporting]" Schema="[dbo]" Table="[TEU]" Alias="[T]" Column="Owner" />
                                                  <ColumnReference Database="[OurLabReporting]" Schema="[dbo]" Table="[TEU]" Alias="[T]" Column="RunLogDirectory" />
                                                  <ColumnReference Database="[OurLabReporting]" Schema="[dbo]" Table="[TEU]" Alias="[T]" Column="UploadComplete" />
                                                  <ColumnReference Database="[OurLabReporting]" Schema="[dbo]" Table="[TEU]" Alias="[T]" Column="TCPassCount" />
                                                  <ColumnReference Database="[OurLabReporting]" Schema="[dbo]" Table="[TEU]" Alias="[T]" Column="TCFailCount" />
                                                  <ColumnReference Database="[OurLabReporting]" Schema="[dbo]" Table="[TEU]" Alias="[T]" Column="TCWarnCount" />
                                                  <ColumnReference Database="[OurLabReporting]" Schema="[dbo]" Table="[TEU]" Alias="[T]" Column="TCSkipCount" />
                                                  <ColumnReference Database="[OurLabReporting]" Schema="[dbo]" Table="[TEU]" Alias="[T]" Column="TCBlockCount" />
                                                  <ColumnReference Database="[OurLabReporting]" Schema="[dbo]" Table="[TEU]" Alias="[T]" Column="CustomUrl" />
                                                  <ColumnReference Database="[OurLabReporting]" Schema="[dbo]" Table="[TEU]" Alias="[T]" Column="CustomUnc" />
                                                  <ColumnReference Database="[OurLabReporting]" Schema="[dbo]" Table="[TEU]" Alias="[T]" Column="HasExecutionFailures" />
                                                  <ColumnReference Database="[OurLabReporting]" Schema="[dbo]" Table="[TEU]" Alias="[T]" Column="AdditionalInfo" />
                                                  <ColumnReference Database="[OurLabReporting]" Schema="[dbo]" Table="[TEU]" Alias="[T]" Column="FeaturePathId" />
                                                  <ColumnReference Database="[OurLabReporting]" Schema="[dbo]" Table="[TEU]" Alias="[T]" Column="MachineSetId" />
                                                  <ColumnReference Database="[OurLabReporting]" Schema="[dbo]" Table="[TEU]" Alias="[T]" Column="PrimaryRoleId" />
                                                  <ColumnReference Database="[OurLabReporting]" Schema="[dbo]" Table="[TEU]" Alias="[T]" Column="StatusId" />
                                                  <ColumnReference Database="[OurLabReporting]" Schema="[dbo]" Table="[TEU]" Alias="[T]" Column="IsRerunPrimary" />
                                                  <ColumnReference Database="[OurLabReporting]" Schema="[dbo]" Table="[TEU]" Alias="[T]" Column="RerunSourceId" />
                                                </OutputList>
                                                <IndexScan Ordered="1" ScanDirection="FORWARD" ForcedIndex="0" ForceSeek="0" ForceScan="0" NoExpandHint="0" Storage="RowStore">
                                                  <DefinedValues>
                                                    <DefinedValue>
                                                      <ColumnReference Database="[OurLabReporting]" Schema="[dbo]" Table="[TEU]" Alias="[T]" Column="Id" />
                                                    </DefinedValue>
                                                    <DefinedValue>
                                                      <ColumnReference Database="[OurLabReporting]" Schema="[dbo]" Table="[TEU]" Alias="[T]" Column="MixId" />
                                                    </DefinedValue>
                                                    <DefinedValue>
                                                      <ColumnReference Database="[OurLabReporting]" Schema="[dbo]" Table="[TEU]" Alias="[T]" Column="Name" />
                                                    </DefinedValue>
                                                    <DefinedValue>
                                                      <ColumnReference Database="[OurLabReporting]" Schema="[dbo]" Table="[TEU]" Alias="[T]" Column="Owner" />
                                                    </DefinedValue>
                                                    <DefinedValue>
                                                      <ColumnReference Database="[OurLabReporting]" Schema="[dbo]" Table="[TEU]" Alias="[T]" Column="RunLogDirectory" />
                                                    </DefinedValue>
                                                    <DefinedValue>
                                                      <ColumnReference Database="[OurLabReporting]" Schema="[dbo]" Table="[TEU]" Alias="[T]" Column="UploadComplete" />
                                                    </DefinedValue>
                                                    <DefinedValue>
                                                      <ColumnReference Database="[OurLabReporting]" Schema="[dbo]" Table="[TEU]" Alias="[T]" Column="TCPassCount" />
                                                    </DefinedValue>
                                                    <DefinedValue>
                                                      <ColumnReference Database="[OurLabReporting]" Schema="[dbo]" Table="[TEU]" Alias="[T]" Column="TCFailCount" />
                                                    </DefinedValue>
                                                    <DefinedValue>
                                                      <ColumnReference Database="[OurLabReporting]" Schema="[dbo]" Table="[TEU]" Alias="[T]" Column="TCWarnCount" />
                                                    </DefinedValue>
                                                    <DefinedValue>
                                                      <ColumnReference Database="[OurLabReporting]" Schema="[dbo]" Table="[TEU]" Alias="[T]" Column="TCSkipCount" />
                                                    </DefinedValue>
                                                    <DefinedValue>
                                                      <ColumnReference Database="[OurLabReporting]" Schema="[dbo]" Table="[TEU]" Alias="[T]" Column="TCBlockCount" />
                                                    </DefinedValue>
                                                    <DefinedValue>
                                                      <ColumnReference Database="[OurLabReporting]" Schema="[dbo]" Table="[TEU]" Alias="[T]" Column="CustomUrl" />
                                                    </DefinedValue>
                                                    <DefinedValue>
                                                      <ColumnReference Database="[OurLabReporting]" Schema="[dbo]" Table="[TEU]" Alias="[T]" Column="CustomUnc" />
                                                    </DefinedValue>
                                                    <DefinedValue>
                                                      <ColumnReference Database="[OurLabReporting]" Schema="[dbo]" Table="[TEU]" Alias="[T]" Column="HasExecutionFailures" />
                                                    </DefinedValue>
                                                    <DefinedValue>
                                                      <ColumnReference Database="[OurLabReporting]" Schema="[dbo]" Table="[TEU]" Alias="[T]" Column="AdditionalInfo" />
                                                    </DefinedValue>
                                                    <DefinedValue>
                                                      <ColumnReference Database="[OurLabReporting]" Schema="[dbo]" Table="[TEU]" Alias="[T]" Column="FeaturePathId" />
                                                    </DefinedValue>
                                                    <DefinedValue>
                                                      <ColumnReference Database="[OurLabReporting]" Schema="[dbo]" Table="[TEU]" Alias="[T]" Column="MachineSetId" />
                                                    </DefinedValue>
                                                    <DefinedValue>
                                                      <ColumnReference Database="[OurLabReporting]" Schema="[dbo]" Table="[TEU]" Alias="[T]" Column="PrimaryRoleId" />
                                                    </DefinedValue>
                                                    <DefinedValue>
                                                      <ColumnReference Database="[OurLabReporting]" Schema="[dbo]" Table="[TEU]" Alias="[T]" Column="StatusId" />
                                                    </DefinedValue>
                                                    <DefinedValue>
                                                      <ColumnReference Database="[OurLabReporting]" Schema="[dbo]" Table="[TEU]" Alias="[T]" Column="IsRerunPrimary" />
                                                    </DefinedValue>
                                                    <DefinedValue>
                                                      <ColumnReference Database="[OurLabReporting]" Schema="[dbo]" Table="[TEU]" Alias="[T]" Column="RerunSourceId" />
                                                    </DefinedValue>
                                                  </DefinedValues>
                                                  <Object Database="[OurLabReporting]" Schema="[dbo]" Table="[TEU]" Index="[Teu_PK]" Alias="[T]" IndexKind="Clustered" />
                                                  <SeekPredicates>
                                                    <SeekPredicateNew>
                                                      <SeekKeys>
                                                        <Prefix ScanType="EQ">
                                                          <RangeColumns>
                                                            <ColumnReference Database="[OurLabReporting]" Schema="[dbo]" Table="[TEU]" Alias="[T]" Column="Id" />
                                                          </RangeColumns>
                                                          <RangeExpressions>
                                                            <ScalarOperator ScalarString="[@local_TEUId]">
                                                              <Identifier>
                                                                <ColumnReference Column="@local_TEUId" />
                                                              </Identifier>
                                                            </ScalarOperator>
                                                          </RangeExpressions>
                                                        </Prefix>
                                                      </SeekKeys>
                                                    </SeekPredicateNew>
                                                  </SeekPredicates>
                                                </IndexScan>
                                              </RelOp>
                                            </ComputeScalar>
                                          </RelOp>
                                          <RelOp NodeId="14" PhysicalOp="Clustered Index Seek" LogicalOp="Clustered Index Seek" EstimateRows="1" EstimateIO="0.003125" EstimateCPU="0.0001581" AvgRowSize="111" EstimatedTotalSubtreeCost="0.0032831" TableCardinality="96" Parallel="0" EstimateRebinds="0" EstimateRewinds="0" EstimatedExecutionMode="Row">
                                            <OutputList>
                                              <ColumnReference Database="[OurLabReporting]" Schema="[dbo]" Table="[Status]" Column="Status" />
                                            </OutputList>
                                            <IndexScan Ordered="1" ScanDirection="FORWARD" ForcedIndex="0" ForceSeek="0" ForceScan="0" NoExpandHint="0" Storage="RowStore">
                                              <DefinedValues>
                                                <DefinedValue>
                                                  <ColumnReference Database="[OurLabReporting]" Schema="[dbo]" Table="[Status]" Column="Status" />
                                                </DefinedValue>
                                              </DefinedValues>
                                              <Object Database="[OurLabReporting]" Schema="[dbo]" Table="[Status]" Index="[Status_PK]" IndexKind="Clustered" />
                                              <SeekPredicates>
                                                <SeekPredicateNew>
                                                  <SeekKeys>
                                                    <Prefix ScanType="EQ">
                                                      <RangeColumns>
                                                        <ColumnReference Database="[OurLabReporting]" Schema="[dbo]" Table="[Status]" Column="Id" />
                                                      </RangeColumns>
                                                      <RangeExpressions>
                                                        <ScalarOperator ScalarString="[OurLabReporting].[dbo].[TEU].[StatusId] as [T].[StatusId]">
                                                          <Identifier>
                                                            <ColumnReference Database="[OurLabReporting]" Schema="[dbo]" Table="[TEU]" Alias="[T]" Column="StatusId" />
                                                          </Identifier>
                                                        </ScalarOperator>
                                                      </RangeExpressions>
                                                    </Prefix>
                                                  </SeekKeys>
                                                </SeekPredicateNew>
                                              </SeekPredicates>
                                            </IndexScan>
                                          </RelOp>
                                        </NestedLoops>
                                      </RelOp>
                                    </ComputeScalar>
                                  </RelOp>
                                  <RelOp NodeId="18" PhysicalOp="Index Seek" LogicalOp="Index Seek" EstimateRows="1" EstimateIO="0.003125" EstimateCPU="0.0001581" AvgRowSize="19" EstimatedTotalSubtreeCost="0.0032831" TableCardinality="4.12024e+007" Parallel="0" EstimateRebinds="0" EstimateRewinds="0" EstimatedExecutionMode="Row">
                                    <OutputList>
                                      <ColumnReference Database="[OurLabReporting]" Schema="[dbo]" Table="[TEU]" Alias="[R]" Column="Id" />
                                      <ColumnReference Database="[OurLabReporting]" Schema="[dbo]" Table="[TEU]" Alias="[R]" Column="StatusId" />
                                    </OutputList>
                                    <IndexScan Ordered="1" ScanDirection="FORWARD" ForcedIndex="0" ForceSeek="0" ForceScan="0" NoExpandHint="0" Storage="RowStore">
                                      <DefinedValues>
                                        <DefinedValue>
                                          <ColumnReference Database="[OurLabReporting]" Schema="[dbo]" Table="[TEU]" Alias="[R]" Column="Id" />
                                        </DefinedValue>
                                        <DefinedValue>
                                          <ColumnReference Database="[OurLabReporting]" Schema="[dbo]" Table="[TEU]" Alias="[R]" Column="StatusId" />
                                        </DefinedValue>
                                      </DefinedValues>
                                      <Object Database="[OurLabReporting]" Schema="[dbo]" Table="[TEU]" Index="[Teu_IDX_Mix]" Alias="[R]" IndexKind="NonClustered" />
                                      <SeekPredicates>
                                        <SeekPredicateNew>
                                          <SeekKeys>
                                            <Prefix ScanType="EQ">
                                              <RangeColumns>
                                                <ColumnReference Database="[OurLabReporting]" Schema="[dbo]" Table="[TEU]" Alias="[R]" Column="MixId" />
                                                <ColumnReference Database="[OurLabReporting]" Schema="[dbo]" Table="[TEU]" Alias="[R]" Column="RerunSourceId" />
                                              </RangeColumns>
                                              <RangeExpressions>
                                                <ScalarOperator ScalarString="[OurLabReporting].[dbo].[TEU].[MixId] as [T].[MixId]">
                                                  <Identifier>
                                                    <ColumnReference Database="[OurLabReporting]" Schema="[dbo]" Table="[TEU]" Alias="[T]" Column="MixId" />
                                                  </Identifier>
                                                </ScalarOperator>
                                                <ScalarOperator ScalarString="[@local_TEUId]">
                                                  <Identifier>
                                                    <ColumnReference Column="@local_TEUId" />
                                                  </Identifier>
                                                </ScalarOperator>
                                              </RangeExpressions>
                                            </Prefix>
                                          </SeekKeys>
                                        </SeekPredicateNew>
                                      </SeekPredicates>
                                    </IndexScan>
                                  </RelOp>
                                </NestedLoops>
                              </RelOp>
                            </ComputeScalar>
                          </RelOp>
                          <RelOp NodeId="22" PhysicalOp="Clustered Index Seek" LogicalOp="Clustered Index Seek" EstimateRows="1" EstimateIO="0.003125" EstimateCPU="0.0001581" AvgRowSize="2061" EstimatedTotalSubtreeCost="0.0032831" TableCardinality="1.23247e+007" Parallel="0" EstimateRebinds="0" EstimateRewinds="0" EstimatedExecutionMode="Row">
                            <OutputList>
                              <ColumnReference Database="[OurLabReporting]" Schema="[dbo]" Table="[MachineSet]" Column="ExecutionStatusLink" />
                              <ColumnReference Database="[OurLabReporting]" Schema="[dbo]" Table="[MachineSet]" Column="CustomExecutionFilePath" />
                            </OutputList>
                            <IndexScan Ordered="1" ScanDirection="FORWARD" ForcedIndex="0" ForceSeek="0" ForceScan="0" NoExpandHint="0" Storage="RowStore">
                              <DefinedValues>
                                <DefinedValue>
                                  <ColumnReference Database="[OurLabReporting]" Schema="[dbo]" Table="[MachineSet]" Column="ExecutionStatusLink" />
                                </DefinedValue>
                                <DefinedValue>
                                  <ColumnReference Database="[OurLabReporting]" Schema="[dbo]" Table="[MachineSet]" Column="CustomExecutionFilePath" />
                                </DefinedValue>
                              </DefinedValues>
                              <Object Database="[OurLabReporting]" Schema="[dbo]" Table="[MachineSet]" Index="[MachineSet_PK]" IndexKind="Clustered" />
                              <SeekPredicates>
                                <SeekPredicateNew>
                                  <SeekKeys>
                                    <Prefix ScanType="EQ">
                                      <RangeColumns>
                                        <ColumnReference Database="[OurLabReporting]" Schema="[dbo]" Table="[MachineSet]" Column="Id" />
                                      </RangeColumns>
                                      <RangeExpressions>
                                        <ScalarOperator ScalarString="[OurLabReporting].[dbo].[TEU].[MachineSetId] as [T].[MachineSetId]">
                                          <Identifier>
                                            <ColumnReference Database="[OurLabReporting]" Schema="[dbo]" Table="[TEU]" Alias="[T]" Column="MachineSetId" />
                                          </Identifier>
                                        </ScalarOperator>
                                      </RangeExpressions>
                                    </Prefix>
                                  </SeekKeys>
                                </SeekPredicateNew>
                              </SeekPredicates>
                            </IndexScan>
                          </RelOp>
                        </NestedLoops>
                      </RelOp>
                      <RelOp NodeId="23" PhysicalOp="Clustered Index Seek" LogicalOp="Clustered Index Seek" EstimateRows="1" EstimateIO="0.003125" EstimateCPU="0.0001581" AvgRowSize="415" EstimatedTotalSubtreeCost="0.0032831" TableCardinality="7814" Parallel="0" EstimateRebinds="0" EstimateRewinds="0" EstimatedExecutionMode="Row">
                        <OutputList>
                          <ColumnReference Database="[OurLabReporting]" Schema="[dbo]" Table="[FeaturePath]" Column="Id" />
                          <ColumnReference Database="[OurLabReporting]" Schema="[dbo]" Table="[FeaturePath]" Column="Path" />
                        </OutputList>
                        <IndexScan Ordered="1" ScanDirection="FORWARD" ForcedIndex="0" ForceSeek="0" ForceScan="0" NoExpandHint="0" Storage="RowStore">
                          <DefinedValues>
                            <DefinedValue>
                              <ColumnReference Database="[OurLabReporting]" Schema="[dbo]" Table="[FeaturePath]" Column="Id" />
                            </DefinedValue>
                            <DefinedValue>
                              <ColumnReference Database="[OurLabReporting]" Schema="[dbo]" Table="[FeaturePath]" Column="Path" />
                            </DefinedValue>
                          </DefinedValues>
                          <Object Database="[OurLabReporting]" Schema="[dbo]" Table="[FeaturePath]" Index="[FeaturePath_PK]" IndexKind="Clustered" />
                          <SeekPredicates>
                            <SeekPredicateNew>
                              <SeekKeys>
                                <Prefix ScanType="EQ">
                                  <RangeColumns>
                                    <ColumnReference Database="[OurLabReporting]" Schema="[dbo]" Table="[FeaturePath]" Column="Id" />
                                  </RangeColumns>
                                  <RangeExpressions>
                                    <ScalarOperator ScalarString="[OurLabReporting].[dbo].[TEU].[FeaturePathId] as [T].[FeaturePathId]">
                                      <Identifier>
                                        <ColumnReference Database="[OurLabReporting]" Schema="[dbo]" Table="[TEU]" Alias="[T]" Column="FeaturePathId" />
                                      </Identifier>
                                    </ScalarOperator>
                                  </RangeExpressions>
                                </Prefix>
                              </SeekKeys>
                            </SeekPredicateNew>
                          </SeekPredicates>
                        </IndexScan>
                      </RelOp>
                    </NestedLoops>
                  </RelOp>
                </QueryPlan>
              </StmtSimple>
              <StmtSimple StatementText="&#x9;SELECT @local_PrimaryRoleName = dbo.[Role].NAME&#xD;&#xA;&#x9;&#x9;FROM dbo.[Role] WITH (NOLOCK)&#xD;&#xA;&#x9;&#x9;WHERE dbo.[Role].Id = @local_PrimaryRoleId&#xD;&#xA;&#xD;&#xA;&#x9;" StatementId="47" StatementCompId="58" StatementType="SELECT" RetrievedFromCache="true" StatementSubTreeCost="0.0032831" StatementEstRows="1" StatementOptmLevel="TRIVIAL" QueryHash="0xE1AA8CD9A0892EA5" QueryPlanHash="0xB63B67D5A78DEB6D">
                <StatementSetOptions QUOTED_IDENTIFIER="true" ARITHABORT="true" CONCAT_NULL_YIELDS_NULL="true" ANSI_NULLS="true" ANSI_PADDING="true" ANSI_WARNINGS="true" NUMERIC_ROUNDABORT="false" />
                <QueryPlan NonParallelPlanReason="MaxDOPSetToOne" CachedPlanSize="8" CompileTime="0" CompileCPU="0" CompileMemory="1720">
                  <MemoryGrantInfo SerialRequiredMemory="0" SerialDesiredMemory="0" />
                  <OptimizerHardwareDependentProperties EstimatedAvailableMemoryGrant="193313" EstimatedPagesCached="773254" EstimatedAvailableDegreeOfParallelism="1" />
                  <RelOp NodeId="0" PhysicalOp="Clustered Index Seek" LogicalOp="Clustered Index Seek" EstimateRows="1" EstimateIO="0.003125" EstimateCPU="0.0001581" AvgRowSize="61" EstimatedTotalSubtreeCost="0.0032831" TableCardinality="1.2143e+007" Parallel="0" EstimateRebinds="0" EstimateRewinds="0" EstimatedExecutionMode="Row">
                    <OutputList>
                      <ColumnReference Database="[OurLabReporting]" Schema="[dbo]" Table="[Role]" Column="Name" />
                    </OutputList>
                    <IndexScan Ordered="1" ScanDirection="FORWARD" ForcedIndex="0" ForceSeek="0" ForceScan="0" NoExpandHint="0" Storage="RowStore">
                      <DefinedValues>
                        <DefinedValue>
                          <ColumnReference Database="[OurLabReporting]" Schema="[dbo]" Table="[Role]" Column="Name" />
                        </DefinedValue>
                      </DefinedValues>
                      <Object Database="[OurLabReporting]" Schema="[dbo]" Table="[Role]" Index="[Role_PK]" IndexKind="Clustered" />
                      <SeekPredicates>
                        <SeekPredicateNew>
                          <SeekKeys>
                            <Prefix ScanType="EQ">
                              <RangeColumns>
                                <ColumnReference Database="[OurLabReporting]" Schema="[dbo]" Table="[Role]" Column="Id" />
                              </RangeColumns>
                              <RangeExpressions>
                                <ScalarOperator ScalarString="[@local_PrimaryRoleId]">
                                  <Identifier>
                                    <ColumnReference Column="@local_PrimaryRoleId" />
                                  </Identifier>
                                </ScalarOperator>
                              </RangeExpressions>
                            </Prefix>
                          </SeekKeys>
                        </SeekPredicateNew>
                      </SeekPredicates>
                    </IndexScan>
                  </RelOp>
                </QueryPlan>
              </StmtSimple>
              <StmtSimple StatementText="&#x9;SELECT @local_TestpassList = dbo.[Function_GetTestpassList](@TEUId, 'TEU')&#xD;&#xA;&#xD;&#xA;&#x9;" StatementId="48" StatementCompId="59" StatementType="ASSIGN WITH QUERY" RetrievedFromCache="true" />
              <StmtSimple StatementText="&#x9;SELECT @local_ModifierList = dbo.[Function_GetModifierList](@TEUId, 'TEU')&#xD;&#xA;" StatementId="49" StatementCompId="60" StatementType="ASSIGN WITH QUERY" RetrievedFromCache="true" />
            </Statements>
          </Then>
        </StmtCond>
        <StmtCond StatementText="&#x9;END&#xD;&#xA;&#xD;&#xA;&#x9;--validate and get TestCase data&#xD;&#xA;&#x9;IF @TestCaseResultId IS NOT NULL&#xD;&#xA;" StatementId="50" StatementCompId="62" StatementType="COND" RetrievedFromCache="true">
          <Condition />
          <Then>
            <Statements>
              <StmtSimple StatementText="&#x9;BEGIN&#xD;&#xA;&#x9;&#x9;SELECT @local_TestCaseResultId = dbo.TestCaseResult.Id&#xD;&#xA;&#x9;&#x9;&#x9;,@local_TEUId = dbo.TestCaseResult.TEUId&#xD;&#xA;&#x9;&#x9;&#x9;,@local_ScheduleId = dbo.TestCaseResult.ScheduleId&#xD;&#xA;&#x9;&#x9;FROM dbo.TestCaseResult WITH (NOLOCK)&#xD;&#xA;&#x9;&#x9;WHERE dbo.TestCaseResult.Id = @TestCaseResultId&#xD;&#xA;&#xD;&#xA;&#x9;" StatementId="51" StatementCompId="63" StatementType="SELECT" RetrievedFromCache="true" StatementSubTreeCost="2.63217" StatementEstRows="1" StatementOptmLevel="TRIVIAL" QueryHash="0x25A924640DEA5A2" QueryPlanHash="0xBDD341D4B4A7D781">
                <StatementSetOptions QUOTED_IDENTIFIER="true" ARITHABORT="true" CONCAT_NULL_YIELDS_NULL="true" ANSI_NULLS="true" ANSI_PADDING="true" ANSI_WARNINGS="true" NUMERIC_ROUNDABORT="false" />
                <QueryPlan NonParallelPlanReason="MaxDOPSetToOne" CachedPlanSize="56" CompileTime="20" CompileCPU="20" CompileMemory="3464">
                  <MemoryGrantInfo SerialRequiredMemory="0" SerialDesiredMemory="0" />
                  <OptimizerHardwareDependentProperties EstimatedAvailableMemoryGrant="193313" EstimatedPagesCached="773254" EstimatedAvailableDegreeOfParallelism="1" />
                  <RelOp NodeId="0" PhysicalOp="Compute Scalar" LogicalOp="Compute Scalar" EstimateRows="1" EstimateIO="0" EstimateCPU="1e-007" AvgRowSize="23" EstimatedTotalSubtreeCost="2.63217" Parallel="0" EstimateRebinds="0" EstimateRewinds="0" EstimatedExecutionMode="Row">
                    <OutputList>
                      <ColumnReference Database="[OurLabReporting]" Schema="[dbo]" Table="[TestCaseResult_part]" Column="TEUId" />
                      <ColumnReference Database="[OurLabReporting]" Schema="[dbo]" Table="[TestCaseResult_part]" Column="ScheduleId" />
                      <ColumnReference Column="Expr1004" />
                    </OutputList>
                    <ComputeScalar>
                      <DefinedValues>
                        <DefinedValue>
                          <ColumnReference Column="Expr1004" />
                          <ScalarOperator ScalarString="CONVERT_IMPLICIT(int,[OurLabReporting].[dbo].[TestCaseResult_part].[Id],0)">
                            <Convert DataType="int" Style="0" Implicit="1">
                              <ScalarOperator>
                                <Identifier>
                                  <ColumnReference Database="[OurLabReporting]" Schema="[dbo]" Table="[TestCaseResult_part]" Column="Id" />
                                </Identifier>
                              </ScalarOperator>
                            </Convert>
                          </ScalarOperator>
                        </DefinedValue>
                      </DefinedValues>
                      <RelOp NodeId="1" PhysicalOp="Clustered Index Seek" LogicalOp="Clustered Index Seek" EstimateRows="1" EstimateIO="2.50625" EstimateCPU="0.125915" AvgRowSize="27" EstimatedTotalSubtreeCost="2.63217" TableCardinality="3.58108e+008" Parallel="0" Partitioned="1" EstimateRebinds="0" EstimateRewinds="0" EstimatedExecutionMode="Row">
                        <OutputList>
                          <ColumnReference Database="[OurLabReporting]" Schema="[dbo]" Table="[TestCaseResult_part]" Column="Id" />
                          <ColumnReference Database="[OurLabReporting]" Schema="[dbo]" Table="[TestCaseResult_part]" Column="TEUId" />
                          <ColumnReference Database="[OurLabReporting]" Schema="[dbo]" Table="[TestCaseResult_part]" Column="ScheduleId" />
                        </OutputList>
                        <IndexScan Ordered="1" ScanDirection="FORWARD" ForcedIndex="0" ForceSeek="0" ForceScan="0" NoExpandHint="0" Storage="RowStore">
                          <DefinedValues>
                            <DefinedValue>
                              <ColumnReference Database="[OurLabReporting]" Schema="[dbo]" Table="[TestCaseResult_part]" Column="Id" />
                            </DefinedValue>
                            <DefinedValue>
                              <ColumnReference Database="[OurLabReporting]" Schema="[dbo]" Table="[TestCaseResult_part]" Column="TEUId" />
                            </DefinedValue>
                            <DefinedValue>
                              <ColumnReference Database="[OurLabReporting]" Schema="[dbo]" Table="[TestCaseResult_part]" Column="ScheduleId" />
                            </DefinedValue>
                          </DefinedValues>
                          <Object Database="[OurLabReporting]" Schema="[dbo]" Table="[TestCaseResult_part]" Index="[TestCaseResult_Part_New_PK]" IndexKind="Clustered" />
                          <SeekPredicates>
                            <SeekPredicateNew>
                              <SeekKeys>
                                <StartRange ScanType="GE">
                                  <RangeColumns>
                                    <ColumnReference Column="PtnId1000" />
                                  </RangeColumns>
                                  <RangeExpressions>
                                    <ScalarOperator ScalarString="(1)">
                                      <Const ConstValue="(1)" />
                                    </ScalarOperator>
                                  </RangeExpressions>
                                </StartRange>
                                <EndRange ScanType="LE">
                                  <RangeColumns>
                                    <ColumnReference Column="PtnId1000" />
                                  </RangeColumns>
                                  <RangeExpressions>
                                    <ScalarOperator ScalarString="(802)">
                                      <Const ConstValue="(802)" />
                                    </ScalarOperator>
                                  </RangeExpressions>
                                </EndRange>
                              </SeekKeys>
                              <SeekKeys>
                                <Prefix ScanType="EQ">
                                  <RangeColumns>
                                    <ColumnReference Database="[OurLabReporting]" Schema="[dbo]" Table="[TestCaseResult_part]" Column="Id" />
                                  </RangeColumns>
                                  <RangeExpressions>
                                    <ScalarOperator ScalarString="[@TestCaseResultId]">
                                      <Identifier>
                                        <ColumnReference Column="@TestCaseResultId" />
                                      </Identifier>
                                    </ScalarOperator>
                                  </RangeExpressions>
                                </Prefix>
                              </SeekKeys>
                            </SeekPredicateNew>
                          </SeekPredicates>
                        </IndexScan>
                      </RelOp>
                    </ComputeScalar>
                  </RelOp>
                  <ParameterList>
                    <ColumnReference Column="@TestCaseResultId" ParameterCompiledValue="NULL" />
                  </ParameterList>
                </QueryPlan>
              </StmtSimple>
              <StmtSimple StatementText="&#x9;SELECT @local_TestCasePath = dbo.TestCasePath.[Path]&#xD;&#xA;&#x9;&#x9;&#x9;,@local_TestCaseOwner = dbo.TestCaseResult.[Owner]&#xD;&#xA;&#x9;&#x9;&#x9;,@local_TestCaseLogFile = dbo.LogFilePath.[Path]&#xD;&#xA;&#x9;&#x9;&#x9;,@local_LoggedAt = dbo.TestCaseResult.LoggedAt&#xD;&#xA;&#x9;&#x9;FROM dbo.TestCaseResult WITH (NOLOCK)&#xD;&#xA;&#x9;&#x9;LEFT JOIN dbo.TestCasePath WITH (NOLOCK) ON dbo.TestCaseResult.TestCasePathId = dbo.TestCasePath.Id&#xD;&#xA;&#x9;&#x9;INNER JOIN dbo.LogFilePath WITH (NOLOCK) ON dbo.TestCaseResult.LogFilePathId = dbo.LogFilePath.Id&#xD;&#xA;&#x9;&#x9;WHERE dbo.TestCaseResult.Id = @local_TestCaseResultId&#xD;&#xA;&#xD;&#xA;&#x9;" StatementId="52" StatementCompId="64" StatementType="SELECT" RetrievedFromCache="true" StatementSubTreeCost="2.63891" StatementEstRows="1.10029" StatementOptmLevel="FULL" QueryHash="0x1940E04AA059183A" QueryPlanHash="0x59BD1A5E1A9AC217">
                <StatementSetOptions QUOTED_IDENTIFIER="true" ARITHABORT="true" CONCAT_NULL_YIELDS_NULL="true" ANSI_NULLS="true" ANSI_PADDING="true" ANSI_WARNINGS="true" NUMERIC_ROUNDABORT="false" />
                <QueryPlan NonParallelPlanReason="MaxDOPSetToOne" CachedPlanSize="72" CompileTime="21" CompileCPU="21" CompileMemory="3128">
                  <MemoryGrantInfo SerialRequiredMemory="1024" SerialDesiredMemory="1088" />
                  <OptimizerHardwareDependentProperties EstimatedAvailableMemoryGrant="193313" EstimatedPagesCached="773254" EstimatedAvailableDegreeOfParallelism="1" />
                  <RelOp NodeId="0" PhysicalOp="Nested Loops" LogicalOp="Left Outer Join" EstimateRows="1.10029" EstimateIO="0" EstimateCPU="4.59921e-006" AvgRowSize="4357" EstimatedTotalSubtreeCost="2.63891" Parallel="0" EstimateRebinds="0" EstimateRewinds="0" EstimatedExecutionMode="Row">
                    <OutputList>
                      <ColumnReference Database="[OurLabReporting]" Schema="[dbo]" Table="[TestCaseResult_part]" Column="Owner" />
                      <ColumnReference Database="[OurLabReporting]" Schema="[dbo]" Table="[TestCaseResult_part]" Column="LoggedAt" />
                      <ColumnReference Database="[OurLabReporting]" Schema="[dbo]" Table="[TestCasePath]" Column="Path" />
                      <ColumnReference Database="[OurLabReporting]" Schema="[dbo]" Table="[LogFilePath]" Column="Path" />
                    </OutputList>
                    <NestedLoops Optimized="1">
                      <OuterReferences>
                        <ColumnReference Database="[OurLabReporting]" Schema="[dbo]" Table="[TestCaseResult_part]" Column="TestCasePathId" />
                      </OuterReferences>
                      <RelOp NodeId="2" PhysicalOp="Nested Loops" LogicalOp="Inner Join" EstimateRows="1.10029" EstimateIO="0" EstimateCPU="4.59921e-006" AvgRowSize="335" EstimatedTotalSubtreeCost="2.63554" Parallel="0" EstimateRebinds="0" EstimateRewinds="0" EstimatedExecutionMode="Row">
                        <OutputList>
                          <ColumnReference Database="[OurLabReporting]" Schema="[dbo]" Table="[TestCaseResult_part]" Column="Owner" />
                          <ColumnReference Database="[OurLabReporting]" Schema="[dbo]" Table="[TestCaseResult_part]" Column="LoggedAt" />
                          <ColumnReference Database="[OurLabReporting]" Schema="[dbo]" Table="[TestCaseResult_part]" Column="TestCasePathId" />
                          <ColumnReference Database="[OurLabReporting]" Schema="[dbo]" Table="[LogFilePath]" Column="Path" />
                        </OutputList>
                        <NestedLoops Optimized="1">
                          <OuterReferences>
                            <ColumnReference Database="[OurLabReporting]" Schema="[dbo]" Table="[TestCaseResult_part]" Column="LogFilePathId" />
                          </OuterReferences>
                          <RelOp NodeId="4" PhysicalOp="Clustered Index Seek" LogicalOp="Clustered Index Seek" EstimateRows="1.10029" EstimateIO="2.50625" EstimateCPU="0.125915" AvgRowSize="81" EstimatedTotalSubtreeCost="2.63217" TableCardinality="3.58108e+008" Parallel="0" Partitioned="1" EstimateRebinds="0" EstimateRewinds="0" EstimatedExecutionMode="Row">
                            <OutputList>
                              <ColumnReference Database="[OurLabReporting]" Schema="[dbo]" Table="[TestCaseResult_part]" Column="Owner" />
                              <ColumnReference Database="[OurLabReporting]" Schema="[dbo]" Table="[TestCaseResult_part]" Column="LoggedAt" />
                              <ColumnReference Database="[OurLabReporting]" Schema="[dbo]" Table="[TestCaseResult_part]" Column="LogFilePathId" />
                              <ColumnReference Database="[OurLabReporting]" Schema="[dbo]" Table="[TestCaseResult_part]" Column="TestCasePathId" />
                            </OutputList>
                            <IndexScan Ordered="1" ScanDirection="FORWARD" ForcedIndex="0" ForceSeek="0" ForceScan="0" NoExpandHint="0" Storage="RowStore">
                              <DefinedValues>
                                <DefinedValue>
                                  <ColumnReference Database="[OurLabReporting]" Schema="[dbo]" Table="[TestCaseResult_part]" Column="Owner" />
                                </DefinedValue>
                                <DefinedValue>
                                  <ColumnReference Database="[OurLabReporting]" Schema="[dbo]" Table="[TestCaseResult_part]" Column="LoggedAt" />
                                </DefinedValue>
                                <DefinedValue>
                                  <ColumnReference Database="[OurLabReporting]" Schema="[dbo]" Table="[TestCaseResult_part]" Column="LogFilePathId" />
                                </DefinedValue>
                                <DefinedValue>
                                  <ColumnReference Database="[OurLabReporting]" Schema="[dbo]" Table="[TestCaseResult_part]" Column="TestCasePathId" />
                                </DefinedValue>
                              </DefinedValues>
                              <Object Database="[OurLabReporting]" Schema="[dbo]" Table="[TestCaseResult_part]" Index="[TestCaseResult_Part_New_PK]" IndexKind="Clustered" />
                              <SeekPredicates>
                                <SeekPredicateNew>
                                  <SeekKeys>
                                    <StartRange ScanType="GE">
                                      <RangeColumns>
                                        <ColumnReference Column="PtnId1000" />
                                      </RangeColumns>
                                      <RangeExpressions>
                                        <ScalarOperator ScalarString="(1)">
                                          <Const ConstValue="(1)" />
                                        </ScalarOperator>
                                      </RangeExpressions>
                                    </StartRange>
                                    <EndRange ScanType="LE">
                                      <RangeColumns>
                                        <ColumnReference Column="PtnId1000" />
                                      </RangeColumns>
                                      <RangeExpressions>
                                        <ScalarOperator ScalarString="(802)">
                                          <Const ConstValue="(802)" />
                                        </ScalarOperator>
                                      </RangeExpressions>
                                    </EndRange>
                                  </SeekKeys>
                                  <SeekKeys>
                                    <Prefix ScanType="EQ">
                                      <RangeColumns>
                                        <ColumnReference Database="[OurLabReporting]" Schema="[dbo]" Table="[TestCaseResult_part]" Column="Id" />
                                      </RangeColumns>
                                      <RangeExpressions>
                                        <ScalarOperator ScalarString="CONVERT_IMPLICIT(bigint,[@local_TestCaseResultId],0)">
                                          <Identifier>
                                            <ColumnReference Column="ConstExpr1010">
                                              <ScalarOperator>
                                                <Convert DataType="bigint" Style="0" Implicit="1">
                                                  <ScalarOperator>
                                                    <Identifier>
                                                      <ColumnReference Column="@local_TestCaseResultId" />
                                                    </Identifier>
                                                  </ScalarOperator>
                                                </Convert>
                                              </ScalarOperator>
                                            </ColumnReference>
                                          </Identifier>
                                        </ScalarOperator>
                                      </RangeExpressions>
                                    </Prefix>
                                  </SeekKeys>
                                </SeekPredicateNew>
                              </SeekPredicates>
                            </IndexScan>
                          </RelOp>
                          <RelOp NodeId="5" PhysicalOp="Clustered Index Seek" LogicalOp="Clustered Index Seek" EstimateRows="1" EstimateIO="0.003125" EstimateCPU="0.0001581" AvgRowSize="271" EstimatedTotalSubtreeCost="0.00336588" TableCardinality="9.06824e+007" Parallel="0" EstimateRebinds="0.10029" EstimateRewinds="0" EstimatedExecutionMode="Row">
                            <OutputList>
                              <ColumnReference Database="[OurLabReporting]" Schema="[dbo]" Table="[LogFilePath]" Column="Path" />
                            </OutputList>
                            <IndexScan Ordered="1" ScanDirection="FORWARD" ForcedIndex="0" ForceSeek="0" ForceScan="0" NoExpandHint="0" Storage="RowStore">
                              <DefinedValues>
                                <DefinedValue>
                                  <ColumnReference Database="[OurLabReporting]" Schema="[dbo]" Table="[LogFilePath]" Column="Path" />
                                </DefinedValue>
                              </DefinedValues>
                              <Object Database="[OurLabReporting]" Schema="[dbo]" Table="[LogFilePath]" Index="[LogFilePath_PK]" IndexKind="Clustered" />
                              <SeekPredicates>
                                <SeekPredicateNew>
                                  <SeekKeys>
                                    <Prefix ScanType="EQ">
                                      <RangeColumns>
                                        <ColumnReference Database="[OurLabReporting]" Schema="[dbo]" Table="[LogFilePath]" Column="Id" />
                                      </RangeColumns>
                                      <RangeExpressions>
                                        <ScalarOperator ScalarString="[OurLabReporting].[dbo].[TestCaseResult_part].[LogFilePathId]">
                                          <Identifier>
                                            <ColumnReference Database="[OurLabReporting]" Schema="[dbo]" Table="[TestCaseResult_part]" Column="LogFilePathId" />
                                          </Identifier>
                                        </ScalarOperator>
                                      </RangeExpressions>
                                    </Prefix>
                                  </SeekKeys>
                                </SeekPredicateNew>
                              </SeekPredicates>
                            </IndexScan>
                          </RelOp>
                        </NestedLoops>
                      </RelOp>
                      <RelOp NodeId="6" PhysicalOp="Clustered Index Seek" LogicalOp="Clustered Index Seek" EstimateRows="1" EstimateIO="0.003125" EstimateCPU="0.0001581" AvgRowSize="4035" EstimatedTotalSubtreeCost="0.00336588" TableCardinality="7.01821e+007" Parallel="0" EstimateRebinds="0.10029" EstimateRewinds="0" EstimatedExecutionMode="Row">
                        <OutputList>
                          <ColumnReference Database="[OurLabReporting]" Schema="[dbo]" Table="[TestCasePath]" Column="Path" />
                        </OutputList>
                        <IndexScan Ordered="1" ScanDirection="FORWARD" ForcedIndex="0" ForceSeek="0" ForceScan="0" NoExpandHint="0" Storage="RowStore">
                          <DefinedValues>
                            <DefinedValue>
                              <ColumnReference Database="[OurLabReporting]" Schema="[dbo]" Table="[TestCasePath]" Column="Path" />
                            </DefinedValue>
                          </DefinedValues>
                          <Object Database="[OurLabReporting]" Schema="[dbo]" Table="[TestCasePath]" Index="[TestCasePath_PK]" IndexKind="Clustered" />
                          <SeekPredicates>
                            <SeekPredicateNew>
                              <SeekKeys>
                                <Prefix ScanType="EQ">
                                  <RangeColumns>
                                    <ColumnReference Database="[OurLabReporting]" Schema="[dbo]" Table="[TestCasePath]" Column="Id" />
                                  </RangeColumns>
                                  <RangeExpressions>
                                    <ScalarOperator ScalarString="[OurLabReporting].[dbo].[TestCaseResult_part].[TestCasePathId]">
                                      <Identifier>
                                        <ColumnReference Database="[OurLabReporting]" Schema="[dbo]" Table="[TestCaseResult_part]" Column="TestCasePathId" />
                                      </Identifier>
                                    </ScalarOperator>
                                  </RangeExpressions>
                                </Prefix>
                              </SeekKeys>
                            </SeekPredicateNew>
                          </SeekPredicates>
                        </IndexScan>
                      </RelOp>
                    </NestedLoops>
                  </RelOp>
                </QueryPlan>
              </StmtSimple>
              <StmtSimple StatementText="&#x9;SELECT @local_TEUName = T.NAME&#xD;&#xA;&#x9;&#x9;&#x9;,@local_TEUOwner = T.[Owner]&#xD;&#xA;&#x9;&#x9;&#x9;,@local_TEUStatus = dbo.[Status].[Status]&#xD;&#xA;&#x9;&#x9;&#x9;,@local_TEULogDirectory = T.RunLogDirectory&#xD;&#xA;&#x9;&#x9;&#x9;,@local_PrimaryRoleId = T.PrimaryRoleId&#xD;&#xA;&#x9;&#x9;&#x9;,@local_FeaturePath = dbo.FeaturePath.[Path]&#xD;&#xA;&#x9;&#x9;&#x9;,@local_FeaturePathId = dbo.FeaturePath.Id&#xD;&#xA;&#x9;&#x9;&#x9;,@local_ResolvedTEDId = T.ResolvedTEDId&#xD;&#xA;&#x9;&#x9;&#x9;,@local_CustomUnc = T.CustomUnc&#xD;&#xA;&#x9;&#x9;&#x9;,@local_CustomUrl = T.CustomUrl&#xD;&#xA;&#x9;&#x9;&#x9;,@local_TEUHasUploaded = T.UploadComplete&#xD;&#xA;&#x9;&#x9;&#x9;,@local_TEUHasExecutionFailures = T.HasExecutionFailures&#xD;&#xA;&#x9;&#x9;&#x9;,@local_AdditionalInfo = T.AdditionalInfo&#xD;&#xA;&#x9;&#x9;&#x9;,@local_TEUIsRerun = T.IsRerun&#xD;&#xA;&#x9;&#x9;&#x9;,@local_TEUIsRerunning = T.IsRerunning&#xD;&#xA;&#x9;&#x9;&#x9;,@local_TEUIsPrimary = T.IsRerunPrimary&#xD;&#xA;&#x9;&#x9;FROM dbo.View_RerunTeu AS T WITH (NOLOCK)&#xD;&#xA;&#x9;&#x9;LEFT JOIN dbo.FeaturePath WITH (NOLOCK) ON T.FeaturePathId = dbo.FeaturePath.Id&#xD;&#xA;&#x9;&#x9;INNER JOIN dbo.[Status] WITH (NOLOCK) ON T.StatusId = dbo.[Status].Id&#xD;&#xA;&#x9;&#x9;WHERE T.Id = @local_TEUId&#xD;&#xA;&#xD;&#xA;&#x9;" StatementId="53" StatementCompId="65" StatementType="SELECT" RetrievedFromCache="true" StatementSubTreeCost="0.0131452" StatementEstRows="1" StatementOptmLevel="FULL" QueryHash="0x7B6001581A5E24E1" QueryPlanHash="0xC18966D6CBE82C58" StatementOptmEarlyAbortReason="GoodEnoughPlanFound">
                <StatementSetOptions QUOTED_IDENTIFIER="true" ARITHABORT="true" CONCAT_NULL_YIELDS_NULL="true" ANSI_NULLS="true" ANSI_PADDING="true" ANSI_WARNINGS="true" NUMERIC_ROUNDABORT="false" />
                <QueryPlan NonParallelPlanReason="MaxDOPSetToOne" CachedPlanSize="48" CompileTime="14" CompileCPU="14" CompileMemory="2528">
                  <MemoryGrantInfo SerialRequiredMemory="0" SerialDesiredMemory="0" />
                  <OptimizerHardwareDependentProperties EstimatedAvailableMemoryGrant="193313" EstimatedPagesCached="773254" EstimatedAvailableDegreeOfParallelism="1" />
                  <RelOp NodeId="0" PhysicalOp="Nested Loops" LogicalOp="Left Outer Join" EstimateRows="1" EstimateIO="0" EstimateCPU="4.18e-006" AvgRowSize="3023" EstimatedTotalSubtreeCost="0.0131452" Parallel="0" EstimateRebinds="0" EstimateRewinds="0" EstimatedExecutionMode="Row">
                    <OutputList>
                      <ColumnReference Database="[OurLabReporting]" Schema="[dbo]" Table="[TEU]" Alias="[T]" Column="ResolvedTEDId" />
                      <ColumnReference Database="[OurLabReporting]" Schema="[dbo]" Table="[TEU]" Alias="[T]" Column="Name" />
                      <ColumnReference Database="[OurLabReporting]" Schema="[dbo]" Table="[TEU]" Alias="[T]" Column="Owner" />
                      <ColumnReference Database="[OurLabReporting]" Schema="[dbo]" Table="[TEU]" Alias="[T]" Column="RunLogDirectory" />
                      <ColumnReference Database="[OurLabReporting]" Schema="[dbo]" Table="[TEU]" Alias="[T]" Column="UploadComplete" />
                      <ColumnReference Database="[OurLabReporting]" Schema="[dbo]" Table="[TEU]" Alias="[T]" Column="CustomUrl" />
                      <ColumnReference Database="[OurLabReporting]" Schema="[dbo]" Table="[TEU]" Alias="[T]" Column="CustomUnc" />
                      <ColumnReference Database="[OurLabReporting]" Schema="[dbo]" Table="[TEU]" Alias="[T]" Column="HasExecutionFailures" />
                      <ColumnReference Database="[OurLabReporting]" Schema="[dbo]" Table="[TEU]" Alias="[T]" Column="AdditionalInfo" />
                      <ColumnReference Database="[OurLabReporting]" Schema="[dbo]" Table="[TEU]" Alias="[T]" Column="PrimaryRoleId" />
                      <ColumnReference Database="[OurLabReporting]" Schema="[dbo]" Table="[TEU]" Alias="[T]" Column="IsRerunPrimary" />
                      <ColumnReference Column="Expr1004" />
                      <ColumnReference Column="Expr1006" />
                      <ColumnReference Database="[OurLabReporting]" Schema="[dbo]" Table="[FeaturePath]" Column="Id" />
                      <ColumnReference Database="[OurLabReporting]" Schema="[dbo]" Table="[FeaturePath]" Column="Path" />
                      <ColumnReference Column="Expr1013" />
                    </OutputList>
                    <NestedLoops Optimized="0">
                      <OuterReferences>
                        <ColumnReference Database="[OurLabReporting]" Schema="[dbo]" Table="[TEU]" Alias="[T]" Column="FeaturePathId" />
                      </OuterReferences>
                      <RelOp NodeId="1" PhysicalOp="Compute Scalar" LogicalOp="Compute Scalar" EstimateRows="1" EstimateIO="0" EstimateCPU="1e-007" AvgRowSize="2621" EstimatedTotalSubtreeCost="0.00985796" Parallel="0" EstimateRebinds="0" EstimateRewinds="0" EstimatedExecutionMode="Row">
                        <OutputList>
                          <ColumnReference Database="[OurLabReporting]" Schema="[dbo]" Table="[TEU]" Alias="[T]" Column="ResolvedTEDId" />
                          <ColumnReference Database="[OurLabReporting]" Schema="[dbo]" Table="[TEU]" Alias="[T]" Column="Name" />
                          <ColumnReference Database="[OurLabReporting]" Schema="[dbo]" Table="[TEU]" Alias="[T]" Column="Owner" />
                          <ColumnReference Database="[OurLabReporting]" Schema="[dbo]" Table="[TEU]" Alias="[T]" Column="RunLogDirectory" />
                          <ColumnReference Database="[OurLabReporting]" Schema="[dbo]" Table="[TEU]" Alias="[T]" Column="UploadComplete" />
                          <ColumnReference Database="[OurLabReporting]" Schema="[dbo]" Table="[TEU]" Alias="[T]" Column="CustomUrl" />
                          <ColumnReference Database="[OurLabReporting]" Schema="[dbo]" Table="[TEU]" Alias="[T]" Column="CustomUnc" />
                          <ColumnReference Database="[OurLabReporting]" Schema="[dbo]" Table="[TEU]" Alias="[T]" Column="HasExecutionFailures" />
                          <ColumnReference Database="[OurLabReporting]" Schema="[dbo]" Table="[TEU]" Alias="[T]" Column="AdditionalInfo" />
                          <ColumnReference Database="[OurLabReporting]" Schema="[dbo]" Table="[TEU]" Alias="[T]" Column="FeaturePathId" />
                          <ColumnReference Database="[OurLabReporting]" Schema="[dbo]" Table="[TEU]" Alias="[T]" Column="PrimaryRoleId" />
                          <ColumnReference Database="[OurLabReporting]" Schema="[dbo]" Table="[TEU]" Alias="[T]" Column="IsRerunPrimary" />
                          <ColumnReference Column="Expr1004" />
                          <ColumnReference Column="Expr1006" />
                          <ColumnReference Column="Expr1013" />
                        </OutputList>
                        <ComputeScalar>
                          <DefinedValues>
                            <DefinedValue>
                              <ColumnReference Column="Expr1006" />
                              <ScalarOperator ScalarString="CONVERT(bit,CASE WHEN [OurLabReporting].[dbo].[TEU].[Id] as [R].[Id] IS NULL THEN (0) ELSE CASE WHEN [OurLabReporting].[dbo].[TEU].[Id] as [R].[Id] IS NOT NULL AND [OurLabReporting].[dbo].[TEU].[StatusId] as [R].[StatusId]&lt;&gt;(52) AND [OurLabReporting].[dbo].[TEU].[StatusId] as [R].[StatusId]&lt;&gt;(50) AND [OurLabReporting].[dbo].[TEU].[StatusId] as [R].[StatusId]&lt;&gt;(49) AND [OurLabReporting].[dbo].[TEU].[StatusId] as [R].[StatusId]&lt;&gt;(48) THEN (1) ELSE (0) END END,0)">
                                <Convert DataType="bit" Style="0" Implicit="0">
                                  <ScalarOperator>
                                    <IF>
                                      <Condition>
                                        <ScalarOperator>
                                          <Compare CompareOp="IS">
                                            <ScalarOperator>
                                              <Identifier>
                                                <ColumnReference Database="[OurLabReporting]" Schema="[dbo]" Table="[TEU]" Alias="[R]" Column="Id" />
                                              </Identifier>
                                            </ScalarOperator>
                                            <ScalarOperator>
                                              <Const ConstValue="NULL" />
                                            </ScalarOperator>
                                          </Compare>
                                        </ScalarOperator>
                                      </Condition>
                                      <Then>
                                        <ScalarOperator>
                                          <Const ConstValue="(0)" />
                                        </ScalarOperator>
                                      </Then>
                                      <Else>
                                        <ScalarOperator>
                                          <IF>
                                            <Condition>
                                              <ScalarOperator>
                                                <Logical Operation="AND">
                                                  <ScalarOperator>
                                                    <Compare CompareOp="IS NOT">
                                                      <ScalarOperator>
                                                        <Identifier>
                                                          <ColumnReference Database="[OurLabReporting]" Schema="[dbo]" Table="[TEU]" Alias="[R]" Column="Id" />
                                                        </Identifier>
                                                      </ScalarOperator>
                                                      <ScalarOperator>
                                                        <Const ConstValue="NULL" />
                                                      </ScalarOperator>
                                                    </Compare>
                                                  </ScalarOperator>
                                                  <ScalarOperator>
                                                    <Compare CompareOp="NE">
                                                      <ScalarOperator>
                                                        <Identifier>
                                                          <ColumnReference Database="[OurLabReporting]" Schema="[dbo]" Table="[TEU]" Alias="[R]" Column="StatusId" />
                                                        </Identifier>
                                                      </ScalarOperator>
                                                      <ScalarOperator>
                                                        <Const ConstValue="(52)" />
                                                      </ScalarOperator>
                                                    </Compare>
                                                  </ScalarOperator>
                                                  <ScalarOperator>
                                                    <Compare CompareOp="NE">
                                                      <ScalarOperator>
                                                        <Identifier>
                                                          <ColumnReference Database="[OurLabReporting]" Schema="[dbo]" Table="[TEU]" Alias="[R]" Column="StatusId" />
                                                        </Identifier>
                                                      </ScalarOperator>
                                                      <ScalarOperator>
                                                        <Const ConstValue="(50)" />
                                                      </ScalarOperator>
                                                    </Compare>
                                                  </ScalarOperator>
                                                  <ScalarOperator>
                                                    <Compare CompareOp="NE">
                                                      <ScalarOperator>
                                                        <Identifier>
                                                          <ColumnReference Database="[OurLabReporting]" Schema="[dbo]" Table="[TEU]" Alias="[R]" Column="StatusId" />
                                                        </Identifier>
                                                      </ScalarOperator>
                                                      <ScalarOperator>
                                                        <Const ConstValue="(49)" />
                                                      </ScalarOperator>
                                                    </Compare>
                                                  </ScalarOperator>
                                                  <ScalarOperator>
                                                    <Compare CompareOp="NE">
                                                      <ScalarOperator>
                                                        <Identifier>
                                                          <ColumnReference Database="[OurLabReporting]" Schema="[dbo]" Table="[TEU]" Alias="[R]" Column="StatusId" />
                                                        </Identifier>
                                                      </ScalarOperator>
                                                      <ScalarOperator>
                                                        <Const ConstValue="(48)" />
                                                      </ScalarOperator>
                                                    </Compare>
                                                  </ScalarOperator>
                                                </Logical>
                                              </ScalarOperator>
                                            </Condition>
                                            <Then>
                                              <ScalarOperator>
                                                <Const ConstValue="(1)" />
                                              </ScalarOperator>
                                            </Then>
                                            <Else>
                                              <ScalarOperator>
                                                <Const ConstValue="(0)" />
                                              </ScalarOperator>
                                            </Else>
                                          </IF>
                                        </ScalarOperator>
                                      </Else>
                                    </IF>
                                  </ScalarOperator>
                                </Convert>
                              </ScalarOperator>
                            </DefinedValue>
                          </DefinedValues>
                          <RelOp NodeId="2" PhysicalOp="Nested Loops" LogicalOp="Left Outer Join" EstimateRows="1" EstimateIO="0" EstimateCPU="4.18e-006" AvgRowSize="2633" EstimatedTotalSubtreeCost="0.00985786" Parallel="0" EstimateRebinds="0" EstimateRewinds="0" EstimatedExecutionMode="Row">
                            <OutputList>
                              <ColumnReference Database="[OurLabReporting]" Schema="[dbo]" Table="[TEU]" Alias="[T]" Column="ResolvedTEDId" />
                              <ColumnReference Database="[OurLabReporting]" Schema="[dbo]" Table="[TEU]" Alias="[T]" Column="Name" />
                              <ColumnReference Database="[OurLabReporting]" Schema="[dbo]" Table="[TEU]" Alias="[T]" Column="Owner" />
                              <ColumnReference Database="[OurLabReporting]" Schema="[dbo]" Table="[TEU]" Alias="[T]" Column="RunLogDirectory" />
                              <ColumnReference Database="[OurLabReporting]" Schema="[dbo]" Table="[TEU]" Alias="[T]" Column="UploadComplete" />
                              <ColumnReference Database="[OurLabReporting]" Schema="[dbo]" Table="[TEU]" Alias="[T]" Column="CustomUrl" />
                              <ColumnReference Database="[OurLabReporting]" Schema="[dbo]" Table="[TEU]" Alias="[T]" Column="CustomUnc" />
                              <ColumnReference Database="[OurLabReporting]" Schema="[dbo]" Table="[TEU]" Alias="[T]" Column="HasExecutionFailures" />
                              <ColumnReference Database="[OurLabReporting]" Schema="[dbo]" Table="[TEU]" Alias="[T]" Column="AdditionalInfo" />
                              <ColumnReference Database="[OurLabReporting]" Schema="[dbo]" Table="[TEU]" Alias="[T]" Column="FeaturePathId" />
                              <ColumnReference Database="[OurLabReporting]" Schema="[dbo]" Table="[TEU]" Alias="[T]" Column="PrimaryRoleId" />
                              <ColumnReference Database="[OurLabReporting]" Schema="[dbo]" Table="[TEU]" Alias="[T]" Column="IsRerunPrimary" />
                              <ColumnReference Database="[OurLabReporting]" Schema="[dbo]" Table="[TEU]" Alias="[R]" Column="Id" />
                              <ColumnReference Database="[OurLabReporting]" Schema="[dbo]" Table="[TEU]" Alias="[R]" Column="StatusId" />
                              <ColumnReference Column="Expr1004" />
                              <ColumnReference Column="Expr1013" />
                            </OutputList>
                            <NestedLoops Optimized="0">
                              <OuterReferences>
                                <ColumnReference Database="[OurLabReporting]" Schema="[dbo]" Table="[TEU]" Alias="[T]" Column="MixId" />
                              </OuterReferences>
                              <RelOp NodeId="3" PhysicalOp="Compute Scalar" LogicalOp="Compute Scalar" EstimateRows="1" EstimateIO="0" EstimateCPU="1e-007" AvgRowSize="2625" EstimatedTotalSubtreeCost="0.00657058" Parallel="0" EstimateRebinds="0" EstimateRewinds="0" EstimatedExecutionMode="Row">
                                <OutputList>
                                  <ColumnReference Database="[OurLabReporting]" Schema="[dbo]" Table="[TEU]" Alias="[T]" Column="ResolvedTEDId" />
                                  <ColumnReference Database="[OurLabReporting]" Schema="[dbo]" Table="[TEU]" Alias="[T]" Column="MixId" />
                                  <ColumnReference Database="[OurLabReporting]" Schema="[dbo]" Table="[TEU]" Alias="[T]" Column="Name" />
                                  <ColumnReference Database="[OurLabReporting]" Schema="[dbo]" Table="[TEU]" Alias="[T]" Column="Owner" />
                                  <ColumnReference Database="[OurLabReporting]" Schema="[dbo]" Table="[TEU]" Alias="[T]" Column="RunLogDirectory" />
                                  <ColumnReference Database="[OurLabReporting]" Schema="[dbo]" Table="[TEU]" Alias="[T]" Column="UploadComplete" />
                                  <ColumnReference Database="[OurLabReporting]" Schema="[dbo]" Table="[TEU]" Alias="[T]" Column="CustomUrl" />
                                  <ColumnReference Database="[OurLabReporting]" Schema="[dbo]" Table="[TEU]" Alias="[T]" Column="CustomUnc" />
                                  <ColumnReference Database="[OurLabReporting]" Schema="[dbo]" Table="[TEU]" Alias="[T]" Column="HasExecutionFailures" />
                                  <ColumnReference Database="[OurLabReporting]" Schema="[dbo]" Table="[TEU]" Alias="[T]" Column="AdditionalInfo" />
                                  <ColumnReference Database="[OurLabReporting]" Schema="[dbo]" Table="[TEU]" Alias="[T]" Column="FeaturePathId" />
                                  <ColumnReference Database="[OurLabReporting]" Schema="[dbo]" Table="[TEU]" Alias="[T]" Column="PrimaryRoleId" />
                                  <ColumnReference Database="[OurLabReporting]" Schema="[dbo]" Table="[TEU]" Alias="[T]" Column="IsRerunPrimary" />
                                  <ColumnReference Column="Expr1004" />
                                  <ColumnReference Column="Expr1013" />
                                </OutputList>
                                <ComputeScalar>
                                  <DefinedValues>
                                    <DefinedValue>
                                      <ColumnReference Column="Expr1013" />
                                      <ScalarOperator ScalarString="CONVERT_IMPLICIT(nvarchar(50),[OurLabReporting].[dbo].[Status].[Status],0)">
                                        <Convert DataType="nvarchar" Length="100" Style="0" Implicit="1">
                                          <ScalarOperator>
                                            <Identifier>
                                              <ColumnReference Database="[OurLabReporting]" Schema="[dbo]" Table="[Status]" Column="Status" />
                                            </Identifier>
                                          </ScalarOperator>
                                        </Convert>
                                      </ScalarOperator>
                                    </DefinedValue>
                                  </DefinedValues>
                                  <RelOp NodeId="4" PhysicalOp="Nested Loops" LogicalOp="Inner Join" EstimateRows="1" EstimateIO="0" EstimateCPU="4.18e-006" AvgRowSize="2675" EstimatedTotalSubtreeCost="0.00657048" Parallel="0" EstimateRebinds="0" EstimateRewinds="0" EstimatedExecutionMode="Row">
                                    <OutputList>
                                      <ColumnReference Database="[OurLabReporting]" Schema="[dbo]" Table="[TEU]" Alias="[T]" Column="ResolvedTEDId" />
                                      <ColumnReference Database="[OurLabReporting]" Schema="[dbo]" Table="[TEU]" Alias="[T]" Column="MixId" />
                                      <ColumnReference Database="[OurLabReporting]" Schema="[dbo]" Table="[TEU]" Alias="[T]" Column="Name" />
                                      <ColumnReference Database="[OurLabReporting]" Schema="[dbo]" Table="[TEU]" Alias="[T]" Column="Owner" />
                                      <ColumnReference Database="[OurLabReporting]" Schema="[dbo]" Table="[TEU]" Alias="[T]" Column="RunLogDirectory" />
                                      <ColumnReference Database="[OurLabReporting]" Schema="[dbo]" Table="[TEU]" Alias="[T]" Column="UploadComplete" />
                                      <ColumnReference Database="[OurLabReporting]" Schema="[dbo]" Table="[TEU]" Alias="[T]" Column="CustomUrl" />
                                      <ColumnReference Database="[OurLabReporting]" Schema="[dbo]" Table="[TEU]" Alias="[T]" Column="CustomUnc" />
                                      <ColumnReference Database="[OurLabReporting]" Schema="[dbo]" Table="[TEU]" Alias="[T]" Column="HasExecutionFailures" />
                                      <ColumnReference Database="[OurLabReporting]" Schema="[dbo]" Table="[TEU]" Alias="[T]" Column="AdditionalInfo" />
                                      <ColumnReference Database="[OurLabReporting]" Schema="[dbo]" Table="[TEU]" Alias="[T]" Column="FeaturePathId" />
                                      <ColumnReference Database="[OurLabReporting]" Schema="[dbo]" Table="[TEU]" Alias="[T]" Column="PrimaryRoleId" />
                                      <ColumnReference Database="[OurLabReporting]" Schema="[dbo]" Table="[TEU]" Alias="[T]" Column="IsRerunPrimary" />
                                      <ColumnReference Column="Expr1004" />
                                      <ColumnReference Database="[OurLabReporting]" Schema="[dbo]" Table="[Status]" Column="Status" />
                                    </OutputList>
                                    <NestedLoops Optimized="0">
                                      <OuterReferences>
                                        <ColumnReference Database="[OurLabReporting]" Schema="[dbo]" Table="[TEU]" Alias="[T]" Column="StatusId" />
                                      </OuterReferences>
                                      <RelOp NodeId="5" PhysicalOp="Compute Scalar" LogicalOp="Compute Scalar" EstimateRows="1" EstimateIO="0" EstimateCPU="1e-007" AvgRowSize="2577" EstimatedTotalSubtreeCost="0.0032832" Parallel="0" EstimateRebinds="0" EstimateRewinds="0" EstimatedExecutionMode="Row">
                                        <OutputList>
                                          <ColumnReference Database="[OurLabReporting]" Schema="[dbo]" Table="[TEU]" Alias="[T]" Column="ResolvedTEDId" />
                                          <ColumnReference Database="[OurLabReporting]" Schema="[dbo]" Table="[TEU]" Alias="[T]" Column="MixId" />
                                          <ColumnReference Database="[OurLabReporting]" Schema="[dbo]" Table="[TEU]" Alias="[T]" Column="Name" />
                                          <ColumnReference Database="[OurLabReporting]" Schema="[dbo]" Table="[TEU]" Alias="[T]" Column="Owner" />
                                          <ColumnReference Database="[OurLabReporting]" Schema="[dbo]" Table="[TEU]" Alias="[T]" Column="RunLogDirectory" />
                                          <ColumnReference Database="[OurLabReporting]" Schema="[dbo]" Table="[TEU]" Alias="[T]" Column="UploadComplete" />
                                          <ColumnReference Database="[OurLabReporting]" Schema="[dbo]" Table="[TEU]" Alias="[T]" Column="CustomUrl" />
                                          <ColumnReference Database="[OurLabReporting]" Schema="[dbo]" Table="[TEU]" Alias="[T]" Column="CustomUnc" />
                                          <ColumnReference Database="[OurLabReporting]" Schema="[dbo]" Table="[TEU]" Alias="[T]" Column="HasExecutionFailures" />
                                          <ColumnReference Database="[OurLabReporting]" Schema="[dbo]" Table="[TEU]" Alias="[T]" Column="AdditionalInfo" />
                                          <ColumnReference Database="[OurLabReporting]" Schema="[dbo]" Table="[TEU]" Alias="[T]" Column="FeaturePathId" />
                                          <ColumnReference Database="[OurLabReporting]" Schema="[dbo]" Table="[TEU]" Alias="[T]" Column="PrimaryRoleId" />
                                          <ColumnReference Database="[OurLabReporting]" Schema="[dbo]" Table="[TEU]" Alias="[T]" Column="StatusId" />
                                          <ColumnReference Database="[OurLabReporting]" Schema="[dbo]" Table="[TEU]" Alias="[T]" Column="IsRerunPrimary" />
                                          <ColumnReference Column="Expr1004" />
                                        </OutputList>
                                        <ComputeScalar>
                                          <DefinedValues>
                                            <DefinedValue>
                                              <ColumnReference Column="Expr1004" />
                                              <ScalarOperator ScalarString="CONVERT(bit,CASE WHEN [OurLabReporting].[dbo].[TEU].[RerunSourceId] as [T].[RerunSourceId] IS NULL THEN (0) ELSE (1) END,0)">
                                                <Convert DataType="bit" Style="0" Implicit="0">
                                                  <ScalarOperator>
                                                    <IF>
                                                      <Condition>
                                                        <ScalarOperator>
                                                          <Compare CompareOp="IS">
                                                            <ScalarOperator>
                                                              <Identifier>
                                                                <ColumnReference Database="[OurLabReporting]" Schema="[dbo]" Table="[TEU]" Alias="[T]" Column="RerunSourceId" />
                                                              </Identifier>
                                                            </ScalarOperator>
                                                            <ScalarOperator>
                                                              <Const ConstValue="NULL" />
                                                            </ScalarOperator>
                                                          </Compare>
                                                        </ScalarOperator>
                                                      </Condition>
                                                      <Then>
                                                        <ScalarOperator>
                                                          <Const ConstValue="(0)" />
                                                        </ScalarOperator>
                                                      </Then>
                                                      <Else>
                                                        <ScalarOperator>
                                                          <Const ConstValue="(1)" />
                                                        </ScalarOperator>
                                                      </Else>
                                                    </IF>
                                                  </ScalarOperator>
                                                </Convert>
                                              </ScalarOperator>
                                            </DefinedValue>
                                          </DefinedValues>
                                          <RelOp NodeId="6" PhysicalOp="Clustered Index Seek" LogicalOp="Clustered Index Seek" EstimateRows="1" EstimateIO="0.003125" EstimateCPU="0.0001581" AvgRowSize="2585" EstimatedTotalSubtreeCost="0.0032831" TableCardinality="4.12024e+007" Parallel="0" EstimateRebinds="0" EstimateRewinds="0" EstimatedExecutionMode="Row">
                                            <OutputList>
                                              <ColumnReference Database="[OurLabReporting]" Schema="[dbo]" Table="[TEU]" Alias="[T]" Column="ResolvedTEDId" />
                                              <ColumnReference Database="[OurLabReporting]" Schema="[dbo]" Table="[TEU]" Alias="[T]" Column="MixId" />
                                              <ColumnReference Database="[OurLabReporting]" Schema="[dbo]" Table="[TEU]" Alias="[T]" Column="Name" />
                                              <ColumnReference Database="[OurLabReporting]" Schema="[dbo]" Table="[TEU]" Alias="[T]" Column="Owner" />
                                              <ColumnReference Database="[OurLabReporting]" Schema="[dbo]" Table="[TEU]" Alias="[T]" Column="RunLogDirectory" />
                                              <ColumnReference Database="[OurLabReporting]" Schema="[dbo]" Table="[TEU]" Alias="[T]" Column="UploadComplete" />
                                              <ColumnReference Database="[OurLabReporting]" Schema="[dbo]" Table="[TEU]" Alias="[T]" Column="CustomUrl" />
                                              <ColumnReference Database="[OurLabReporting]" Schema="[dbo]" Table="[TEU]" Alias="[T]" Column="CustomUnc" />
                                              <ColumnReference Database="[OurLabReporting]" Schema="[dbo]" Table="[TEU]" Alias="[T]" Column="HasExecutionFailures" />
                                              <ColumnReference Database="[OurLabReporting]" Schema="[dbo]" Table="[TEU]" Alias="[T]" Column="AdditionalInfo" />
                                              <ColumnReference Database="[OurLabReporting]" Schema="[dbo]" Table="[TEU]" Alias="[T]" Column="FeaturePathId" />
                                              <ColumnReference Database="[OurLabReporting]" Schema="[dbo]" Table="[TEU]" Alias="[T]" Column="PrimaryRoleId" />
                                              <ColumnReference Database="[OurLabReporting]" Schema="[dbo]" Table="[TEU]" Alias="[T]" Column="StatusId" />
                                              <ColumnReference Database="[OurLabReporting]" Schema="[dbo]" Table="[TEU]" Alias="[T]" Column="IsRerunPrimary" />
                                              <ColumnReference Database="[OurLabReporting]" Schema="[dbo]" Table="[TEU]" Alias="[T]" Column="RerunSourceId" />
                                            </OutputList>
                                            <IndexScan Ordered="1" ScanDirection="FORWARD" ForcedIndex="0" ForceSeek="0" ForceScan="0" NoExpandHint="0" Storage="RowStore">
                                              <DefinedValues>
                                                <DefinedValue>
                                                  <ColumnReference Database="[OurLabReporting]" Schema="[dbo]" Table="[TEU]" Alias="[T]" Column="ResolvedTEDId" />
                                                </DefinedValue>
                                                <DefinedValue>
                                                  <ColumnReference Database="[OurLabReporting]" Schema="[dbo]" Table="[TEU]" Alias="[T]" Column="MixId" />
                                                </DefinedValue>
                                                <DefinedValue>
                                                  <ColumnReference Database="[OurLabReporting]" Schema="[dbo]" Table="[TEU]" Alias="[T]" Column="Name" />
                                                </DefinedValue>
                                                <DefinedValue>
                                                  <ColumnReference Database="[OurLabReporting]" Schema="[dbo]" Table="[TEU]" Alias="[T]" Column="Owner" />
                                                </DefinedValue>
                                                <DefinedValue>
                                                  <ColumnReference Database="[OurLabReporting]" Schema="[dbo]" Table="[TEU]" Alias="[T]" Column="RunLogDirectory" />
                                                </DefinedValue>
                                                <DefinedValue>
                                                  <ColumnReference Database="[OurLabReporting]" Schema="[dbo]" Table="[TEU]" Alias="[T]" Column="UploadComplete" />
                                                </DefinedValue>
                                                <DefinedValue>
                                                  <ColumnReference Database="[OurLabReporting]" Schema="[dbo]" Table="[TEU]" Alias="[T]" Column="CustomUrl" />
                                                </DefinedValue>
                                                <DefinedValue>
                                                  <ColumnReference Database="[OurLabReporting]" Schema="[dbo]" Table="[TEU]" Alias="[T]" Column="CustomUnc" />
                                                </DefinedValue>
                                                <DefinedValue>
                                                  <ColumnReference Database="[OurLabReporting]" Schema="[dbo]" Table="[TEU]" Alias="[T]" Column="HasExecutionFailures" />
                                                </DefinedValue>
                                                <DefinedValue>
                                                  <ColumnReference Database="[OurLabReporting]" Schema="[dbo]" Table="[TEU]" Alias="[T]" Column="AdditionalInfo" />
                                                </DefinedValue>
                                                <DefinedValue>
                                                  <ColumnReference Database="[OurLabReporting]" Schema="[dbo]" Table="[TEU]" Alias="[T]" Column="FeaturePathId" />
                                                </DefinedValue>
                                                <DefinedValue>
                                                  <ColumnReference Database="[OurLabReporting]" Schema="[dbo]" Table="[TEU]" Alias="[T]" Column="PrimaryRoleId" />
                                                </DefinedValue>
                                                <DefinedValue>
                                                  <ColumnReference Database="[OurLabReporting]" Schema="[dbo]" Table="[TEU]" Alias="[T]" Column="StatusId" />
                                                </DefinedValue>
                                                <DefinedValue>
                                                  <ColumnReference Database="[OurLabReporting]" Schema="[dbo]" Table="[TEU]" Alias="[T]" Column="IsRerunPrimary" />
                                                </DefinedValue>
                                                <DefinedValue>
                                                  <ColumnReference Database="[OurLabReporting]" Schema="[dbo]" Table="[TEU]" Alias="[T]" Column="RerunSourceId" />
                                                </DefinedValue>
                                              </DefinedValues>
                                              <Object Database="[OurLabReporting]" Schema="[dbo]" Table="[TEU]" Index="[Teu_PK]" Alias="[T]" IndexKind="Clustered" />
                                              <SeekPredicates>
                                                <SeekPredicateNew>
                                                  <SeekKeys>
                                                    <Prefix ScanType="EQ">
                                                      <RangeColumns>
                                                        <ColumnReference Database="[OurLabReporting]" Schema="[dbo]" Table="[TEU]" Alias="[T]" Column="Id" />
                                                      </RangeColumns>
                                                      <RangeExpressions>
                                                        <ScalarOperator ScalarString="[@local_TEUId]">
                                                          <Identifier>
                                                            <ColumnReference Column="@local_TEUId" />
                                                          </Identifier>
                                                        </ScalarOperator>
                                                      </RangeExpressions>
                                                    </Prefix>
                                                  </SeekKeys>
                                                </SeekPredicateNew>
                                              </SeekPredicates>
                                            </IndexScan>
                                          </RelOp>
                                        </ComputeScalar>
                                      </RelOp>
                                      <RelOp NodeId="10" PhysicalOp="Clustered Index Seek" LogicalOp="Clustered Index Seek" EstimateRows="1" EstimateIO="0.003125" EstimateCPU="0.0001581" AvgRowSize="111" EstimatedTotalSubtreeCost="0.0032831" TableCardinality="96" Parallel="0" EstimateRebinds="0" EstimateRewinds="0" EstimatedExecutionMode="Row">
                                        <OutputList>
                                          <ColumnReference Database="[OurLabReporting]" Schema="[dbo]" Table="[Status]" Column="Status" />
                                        </OutputList>
                                        <IndexScan Ordered="1" ScanDirection="FORWARD" ForcedIndex="0" ForceSeek="0" ForceScan="0" NoExpandHint="0" Storage="RowStore">
                                          <DefinedValues>
                                            <DefinedValue>
                                              <ColumnReference Database="[OurLabReporting]" Schema="[dbo]" Table="[Status]" Column="Status" />
                                            </DefinedValue>
                                          </DefinedValues>
                                          <Object Database="[OurLabReporting]" Schema="[dbo]" Table="[Status]" Index="[Status_PK]" IndexKind="Clustered" />
                                          <SeekPredicates>
                                            <SeekPredicateNew>
                                              <SeekKeys>
                                                <Prefix ScanType="EQ">
                                                  <RangeColumns>
                                                    <ColumnReference Database="[OurLabReporting]" Schema="[dbo]" Table="[Status]" Column="Id" />
                                                  </RangeColumns>
                                                  <RangeExpressions>
                                                    <ScalarOperator ScalarString="[OurLabReporting].[dbo].[TEU].[StatusId] as [T].[StatusId]">
                                                      <Identifier>
                                                        <ColumnReference Database="[OurLabReporting]" Schema="[dbo]" Table="[TEU]" Alias="[T]" Column="StatusId" />
                                                      </Identifier>
                                                    </ScalarOperator>
                                                  </RangeExpressions>
                                                </Prefix>
                                              </SeekKeys>
                                            </SeekPredicateNew>
                                          </SeekPredicates>
                                        </IndexScan>
                                      </RelOp>
                                    </NestedLoops>
                                  </RelOp>
                                </ComputeScalar>
                              </RelOp>
                              <RelOp NodeId="14" PhysicalOp="Index Seek" LogicalOp="Index Seek" EstimateRows="1" EstimateIO="0.003125" EstimateCPU="0.0001581" AvgRowSize="19" EstimatedTotalSubtreeCost="0.0032831" TableCardinality="4.12024e+007" Parallel="0" EstimateRebinds="0" EstimateRewinds="0" EstimatedExecutionMode="Row">
                                <OutputList>
                                  <ColumnReference Database="[OurLabReporting]" Schema="[dbo]" Table="[TEU]" Alias="[R]" Column="Id" />
                                  <ColumnReference Database="[OurLabReporting]" Schema="[dbo]" Table="[TEU]" Alias="[R]" Column="StatusId" />
                                </OutputList>
                                <IndexScan Ordered="1" ScanDirection="FORWARD" ForcedIndex="0" ForceSeek="0" ForceScan="0" NoExpandHint="0" Storage="RowStore">
                                  <DefinedValues>
                                    <DefinedValue>
                                      <ColumnReference Database="[OurLabReporting]" Schema="[dbo]" Table="[TEU]" Alias="[R]" Column="Id" />
                                    </DefinedValue>
                                    <DefinedValue>
                                      <ColumnReference Database="[OurLabReporting]" Schema="[dbo]" Table="[TEU]" Alias="[R]" Column="StatusId" />
                                    </DefinedValue>
                                  </DefinedValues>
                                  <Object Database="[OurLabReporting]" Schema="[dbo]" Table="[TEU]" Index="[Teu_IDX_Mix]" Alias="[R]" IndexKind="NonClustered" />
                                  <SeekPredicates>
                                    <SeekPredicateNew>
                                      <SeekKeys>
                                        <Prefix ScanType="EQ">
                                          <RangeColumns>
                                            <ColumnReference Database="[OurLabReporting]" Schema="[dbo]" Table="[TEU]" Alias="[R]" Column="MixId" />
                                            <ColumnReference Database="[OurLabReporting]" Schema="[dbo]" Table="[TEU]" Alias="[R]" Column="RerunSourceId" />
                                          </RangeColumns>
                                          <RangeExpressions>
                                            <ScalarOperator ScalarString="[OurLabReporting].[dbo].[TEU].[MixId] as [T].[MixId]">
                                              <Identifier>
                                                <ColumnReference Database="[OurLabReporting]" Schema="[dbo]" Table="[TEU]" Alias="[T]" Column="MixId" />
                                              </Identifier>
                                            </ScalarOperator>
                                            <ScalarOperator ScalarString="[@local_TEUId]">
                                              <Identifier>
                                                <ColumnReference Column="@local_TEUId" />
                                              </Identifier>
                                            </ScalarOperator>
                                          </RangeExpressions>
                                        </Prefix>
                                      </SeekKeys>
                                    </SeekPredicateNew>
                                  </SeekPredicates>
                                </IndexScan>
                              </RelOp>
                            </NestedLoops>
                          </RelOp>
                        </ComputeScalar>
                      </RelOp>
                      <RelOp NodeId="18" PhysicalOp="Clustered Index Seek" LogicalOp="Clustered Index Seek" EstimateRows="1" EstimateIO="0.003125" EstimateCPU="0.0001581" AvgRowSize="415" EstimatedTotalSubtreeCost="0.0032831" TableCardinality="7814" Parallel="0" EstimateRebinds="0" EstimateRewinds="0" EstimatedExecutionMode="Row">
                        <OutputList>
                          <ColumnReference Database="[OurLabReporting]" Schema="[dbo]" Table="[FeaturePath]" Column="Id" />
                          <ColumnReference Database="[OurLabReporting]" Schema="[dbo]" Table="[FeaturePath]" Column="Path" />
                        </OutputList>
                        <IndexScan Ordered="1" ScanDirection="FORWARD" ForcedIndex="0" ForceSeek="0" ForceScan="0" NoExpandHint="0" Storage="RowStore">
                          <DefinedValues>
                            <DefinedValue>
                              <ColumnReference Database="[OurLabReporting]" Schema="[dbo]" Table="[FeaturePath]" Column="Id" />
                            </DefinedValue>
                            <DefinedValue>
                              <ColumnReference Database="[OurLabReporting]" Schema="[dbo]" Table="[FeaturePath]" Column="Path" />
                            </DefinedValue>
                          </DefinedValues>
                          <Object Database="[OurLabReporting]" Schema="[dbo]" Table="[FeaturePath]" Index="[FeaturePath_PK]" IndexKind="Clustered" />
                          <SeekPredicates>
                            <SeekPredicateNew>
                              <SeekKeys>
                                <Prefix ScanType="EQ">
                                  <RangeColumns>
                                    <ColumnReference Database="[OurLabReporting]" Schema="[dbo]" Table="[FeaturePath]" Column="Id" />
                                  </RangeColumns>
                                  <RangeExpressions>
                                    <ScalarOperator ScalarString="[OurLabReporting].[dbo].[TEU].[FeaturePathId] as [T].[FeaturePathId]">
                                      <Identifier>
                                        <ColumnReference Database="[OurLabReporting]" Schema="[dbo]" Table="[TEU]" Alias="[T]" Column="FeaturePathId" />
                                      </Identifier>
                                    </ScalarOperator>
                                  </RangeExpressions>
                                </Prefix>
                              </SeekKeys>
                            </SeekPredicateNew>
                          </SeekPredicates>
                        </IndexScan>
                      </RelOp>
                    </NestedLoops>
                  </RelOp>
                </QueryPlan>
              </StmtSimple>
              <StmtSimple StatementText="&#x9;SELECT @local_PrimaryRoleName = dbo.[Role].NAME&#xD;&#xA;&#x9;&#x9;FROM dbo.[Role]&#xD;&#xA;&#x9;&#x9;WHERE dbo.[Role].Id = @local_PrimaryRoleId&#xD;&#xA;&#xD;&#xA;&#x9;" StatementId="54" StatementCompId="66" StatementType="SELECT" RetrievedFromCache="true" StatementSubTreeCost="0.0032831" StatementEstRows="1" StatementOptmLevel="TRIVIAL" QueryHash="0x9068A81BD71EB8F2" QueryPlanHash="0x9AAE4FC4F62A1175">
                <StatementSetOptions QUOTED_IDENTIFIER="true" ARITHABORT="true" CONCAT_NULL_YIELDS_NULL="true" ANSI_NULLS="true" ANSI_PADDING="true" ANSI_WARNINGS="true" NUMERIC_ROUNDABORT="false" />
                <QueryPlan NonParallelPlanReason="MaxDOPSetToOne" CachedPlanSize="8" CompileTime="0" CompileCPU="0" CompileMemory="1720">
                  <MemoryGrantInfo SerialRequiredMemory="0" SerialDesiredMemory="0" />
                  <OptimizerHardwareDependentProperties EstimatedAvailableMemoryGrant="193313" EstimatedPagesCached="773254" EstimatedAvailableDegreeOfParallelism="1" />
                  <RelOp NodeId="0" PhysicalOp="Clustered Index Seek" LogicalOp="Clustered Index Seek" EstimateRows="1" EstimateIO="0.003125" EstimateCPU="0.0001581" AvgRowSize="61" EstimatedTotalSubtreeCost="0.0032831" TableCardinality="1.2143e+007" Parallel="0" EstimateRebinds="0" EstimateRewinds="0" EstimatedExecutionMode="Row">
                    <OutputList>
                      <ColumnReference Database="[OurLabReporting]" Schema="[dbo]" Table="[Role]" Column="Name" />
                    </OutputList>
                    <IndexScan Ordered="1" ScanDirection="FORWARD" ForcedIndex="0" ForceSeek="0" ForceScan="0" NoExpandHint="0" Storage="RowStore">
                      <DefinedValues>
                        <DefinedValue>
                          <ColumnReference Database="[OurLabReporting]" Schema="[dbo]" Table="[Role]" Column="Name" />
                        </DefinedValue>
                      </DefinedValues>
                      <Object Database="[OurLabReporting]" Schema="[dbo]" Table="[Role]" Index="[Role_PK]" IndexKind="Clustered" />
                      <SeekPredicates>
                        <SeekPredicateNew>
                          <SeekKeys>
                            <Prefix ScanType="EQ">
                              <RangeColumns>
                                <ColumnReference Database="[OurLabReporting]" Schema="[dbo]" Table="[Role]" Column="Id" />
                              </RangeColumns>
                              <RangeExpressions>
                                <ScalarOperator ScalarString="[@local_PrimaryRoleId]">
                                  <Identifier>
                                    <ColumnReference Column="@local_PrimaryRoleId" />
                                  </Identifier>
                                </ScalarOperator>
                              </RangeExpressions>
                            </Prefix>
                          </SeekKeys>
                        </SeekPredicateNew>
                      </SeekPredicates>
                    </IndexScan>
                  </RelOp>
                </QueryPlan>
              </StmtSimple>
              <StmtSimple StatementText="&#x9;SELECT @local_MixId = dbo.ResolvedTED.MixId&#xD;&#xA;&#x9;&#x9;FROM dbo.ResolvedTED WITH (NOLOCK)&#xD;&#xA;&#x9;&#x9;WHERE dbo.ResolvedTED.Id = @local_ResolvedTEDId&#xD;&#xA;&#xD;&#xA;&#x9;" StatementId="55" StatementCompId="67" StatementType="SELECT" RetrievedFromCache="true" StatementSubTreeCost="0.0032831" StatementEstRows="1" StatementOptmLevel="TRIVIAL" QueryHash="0x81788FB79B85BFD4" QueryPlanHash="0x6EA13C928509F8FD">
                <StatementSetOptions QUOTED_IDENTIFIER="true" ARITHABORT="true" CONCAT_NULL_YIELDS_NULL="true" ANSI_NULLS="true" ANSI_PADDING="true" ANSI_WARNINGS="true" NUMERIC_ROUNDABORT="false" />
                <QueryPlan NonParallelPlanReason="MaxDOPSetToOne" CachedPlanSize="8" CompileTime="0" CompileCPU="0" CompileMemory="1720">
                  <MemoryGrantInfo SerialRequiredMemory="0" SerialDesiredMemory="0" />
                  <OptimizerHardwareDependentProperties EstimatedAvailableMemoryGrant="193313" EstimatedPagesCached="773254" EstimatedAvailableDegreeOfParallelism="1" />
                  <RelOp NodeId="0" PhysicalOp="Clustered Index Seek" LogicalOp="Clustered Index Seek" EstimateRows="1" EstimateIO="0.003125" EstimateCPU="0.0001581" AvgRowSize="11" EstimatedTotalSubtreeCost="0.0032831" TableCardinality="1.37084e+006" Parallel="0" EstimateRebinds="0" EstimateRewinds="0" EstimatedExecutionMode="Row">
                    <OutputList>
                      <ColumnReference Database="[OurLabReporting]" Schema="[dbo]" Table="[ResolvedTED]" Column="MixId" />
                    </OutputList>
                    <IndexScan Ordered="1" ScanDirection="FORWARD" ForcedIndex="0" ForceSeek="0" ForceScan="0" NoExpandHint="0" Storage="RowStore">
                      <DefinedValues>
                        <DefinedValue>
                          <ColumnReference Database="[OurLabReporting]" Schema="[dbo]" Table="[ResolvedTED]" Column="MixId" />
                        </DefinedValue>
                      </DefinedValues>
                      <Object Database="[OurLabReporting]" Schema="[dbo]" Table="[ResolvedTED]" Index="[ResolvedTED_PK]" IndexKind="Clustered" />
                      <SeekPredicates>
                        <SeekPredicateNew>
                          <SeekKeys>
                            <Prefix ScanType="EQ">
                              <RangeColumns>
                                <ColumnReference Database="[OurLabReporting]" Schema="[dbo]" Table="[ResolvedTED]" Column="Id" />
                              </RangeColumns>
                              <RangeExpressions>
                                <ScalarOperator ScalarString="[@local_ResolvedTEDId]">
                                  <Identifier>
                                    <ColumnReference Column="@local_ResolvedTEDId" />
                                  </Identifier>
                                </ScalarOperator>
                              </RangeExpressions>
                            </Prefix>
                          </SeekKeys>
                        </SeekPredicateNew>
                      </SeekPredicates>
                    </IndexScan>
                  </RelOp>
                </QueryPlan>
              </StmtSimple>
              <StmtSimple StatementText="&#x9;SELECT @local_TEDName = dbo.ResolvedTED.NAME&#xD;&#xA;&#x9;&#x9;&#x9;,@local_ResolvedTEDName = dbo.ResolvedTED.ResolvedName&#xD;&#xA;&#x9;&#x9;&#x9;,@local_TEDExecutionLink = dbo.ResolvedTED.ExecutionStatusLink&#xD;&#xA;&#x9;&#x9;&#x9;,@local_MachineSetExecutionLink = dbo.MachineSet.ExecutionStatusLink&#xD;&#xA;&#x9;&#x9;&#x9;,@local_ResultLink = dbo.MachineSet.CustomExecutionFilePath&#xD;&#xA;&#x9;&#x9;&#x9;,@local_ResolvedTEDStartTime = dbo.ResolvedTED.StartDate&#xD;&#xA;&#x9;&#x9;&#x9;,@local_ResolvedTEDEndTime = dbo.ResolvedTED.EndDate&#xD;&#xA;&#x9;&#x9;&#x9;,@local_ResolvedTEDStatus = dbo.[Status].[Status]&#xD;&#xA;&#x9;&#x9;&#x9;,@local_MixComments = dbo.Mix.Comments&#xD;&#xA;&#x9;&#x9;&#x9;,@local_EnvComments = dbo.ResolvedTED.Comments&#xD;&#xA;&#x9;&#x9;FROM dbo.ResolvedTED WITH (NOLOCK)&#xD;&#xA;&#x9;&#x9;LEFT JOIN dbo.Mix WITH (NOLOCK) ON dbo.ResolvedTED.MixId = dbo.Mix.Id&#xD;&#xA;&#x9;&#x9;INNER JOIN dbo.MachineSet WITH (NOLOCK) ON dbo.Mix.Id = dbo.MachineSet.MixId&#xD;&#xA;&#x9;&#x9;LEFT JOIN dbo.[Status] WITH (NOLOCK) ON dbo.[Status].Id = dbo.ResolvedTED.StatusId&#xD;&#xA;&#x9;&#x9;WHERE dbo.ResolvedTED.Id = @local_ResolvedTEDId&#xD;&#xA;&#xD;&#xA;&#x9;" StatementId="56" StatementCompId="68" StatementType="SELECT" RetrievedFromCache="true" StatementSubTreeCost="0.0522487" StatementEstRows="181.516" StatementOptmLevel="FULL" QueryHash="0xEA4A7F57ABE27F3E" QueryPlanHash="0xBB1696C52C2222D7" StatementOptmEarlyAbortReason="GoodEnoughPlanFound">
                <StatementSetOptions QUOTED_IDENTIFIER="true" ARITHABORT="true" CONCAT_NULL_YIELDS_NULL="true" ANSI_NULLS="true" ANSI_PADDING="true" ANSI_WARNINGS="true" NUMERIC_ROUNDABORT="false" />
                <QueryPlan NonParallelPlanReason="MaxDOPSetToOne" CachedPlanSize="64" CompileTime="10" CompileCPU="10" CompileMemory="2200">
                  <MemoryGrantInfo SerialRequiredMemory="1024" SerialDesiredMemory="1256" />
                  <OptimizerHardwareDependentProperties EstimatedAvailableMemoryGrant="193313" EstimatedPagesCached="773254" EstimatedAvailableDegreeOfParallelism="1" />
                  <RelOp NodeId="0" PhysicalOp="Compute Scalar" LogicalOp="Compute Scalar" EstimateRows="181.516" EstimateIO="0" EstimateCPU="1.81516e-005" AvgRowSize="5014" EstimatedTotalSubtreeCost="0.0522487" Parallel="0" EstimateRebinds="0" EstimateRewinds="0" EstimatedExecutionMode="Row">
                    <OutputList>
                      <ColumnReference Database="[OurLabReporting]" Schema="[dbo]" Table="[ResolvedTED]" Column="Name" />
                      <ColumnReference Database="[OurLabReporting]" Schema="[dbo]" Table="[ResolvedTED]" Column="ExecutionStatusLink" />
                      <ColumnReference Database="[OurLabReporting]" Schema="[dbo]" Table="[ResolvedTED]" Column="ResolvedName" />
                      <ColumnReference Database="[OurLabReporting]" Schema="[dbo]" Table="[ResolvedTED]" Column="StartDate" />
                      <ColumnReference Database="[OurLabReporting]" Schema="[dbo]" Table="[ResolvedTED]" Column="EndDate" />
                      <ColumnReference Database="[OurLabReporting]" Schema="[dbo]" Table="[MachineSet]" Column="ExecutionStatusLink" />
                      <ColumnReference Database="[OurLabReporting]" Schema="[dbo]" Table="[MachineSet]" Column="CustomExecutionFilePath" />
                      <ColumnReference Column="Expr1012" />
                      <ColumnReference Column="Expr1013" />
                      <ColumnReference Column="Expr1014" />
                    </OutputList>
                    <ComputeScalar>
                      <DefinedValues>
                        <DefinedValue>
                          <ColumnReference Column="Expr1012" />
                          <ScalarOperator ScalarString="CONVERT_IMPLICIT(nvarchar(200),[OurLabReporting].[dbo].[Status].[Status],0)">
                            <Convert DataType="nvarchar" Length="400" Style="0" Implicit="1">
                              <ScalarOperator>
                                <Identifier>
                                  <ColumnReference Database="[OurLabReporting]" Schema="[dbo]" Table="[Status]" Column="Status" />
                                </Identifier>
                              </ScalarOperator>
                            </Convert>
                          </ScalarOperator>
                        </DefinedValue>
                      </DefinedValues>
                      <RelOp NodeId="1" PhysicalOp="Hash Match" LogicalOp="Right Outer Join" EstimateRows="181.516" EstimateIO="0" EstimateCPU="0.0269178" AvgRowSize="4914" EstimatedTotalSubtreeCost="0.0522305" Parallel="0" EstimateRebinds="0" EstimateRewinds="0" EstimatedExecutionMode="Row">
                        <OutputList>
                          <ColumnReference Database="[OurLabReporting]" Schema="[dbo]" Table="[ResolvedTED]" Column="Name" />
                          <ColumnReference Database="[OurLabReporting]" Schema="[dbo]" Table="[ResolvedTED]" Column="ExecutionStatusLink" />
                          <ColumnReference Database="[OurLabReporting]" Schema="[dbo]" Table="[ResolvedTED]" Column="ResolvedName" />
                          <ColumnReference Database="[OurLabReporting]" Schema="[dbo]" Table="[ResolvedTED]" Column="StartDate" />
                          <ColumnReference Database="[OurLabReporting]" Schema="[dbo]" Table="[ResolvedTED]" Column="EndDate" />
                          <ColumnReference Database="[OurLabReporting]" Schema="[dbo]" Table="[MachineSet]" Column="ExecutionStatusLink" />
                          <ColumnReference Database="[OurLabReporting]" Schema="[dbo]" Table="[MachineSet]" Column="CustomExecutionFilePath" />
                          <ColumnReference Database="[OurLabReporting]" Schema="[dbo]" Table="[Status]" Column="Status" />
                          <ColumnReference Column="Expr1013" />
                          <ColumnReference Column="Expr1014" />
                        </OutputList>
                        <MemoryFractions Input="1" Output="1" />
                        <Hash>
                          <DefinedValues />
                          <HashKeysBuild>
                            <ColumnReference Database="[OurLabReporting]" Schema="[dbo]" Table="[Status]" Column="Id" />
                          </HashKeysBuild>
                          <HashKeysProbe>
                            <ColumnReference Database="[OurLabReporting]" Schema="[dbo]" Table="[ResolvedTED]" Column="StatusId" />
                          </HashKeysProbe>
                          <ProbeResidual>
                            <ScalarOperator ScalarString="[OurLabReporting].[dbo].[Status].[Id]=[OurLabReporting].[dbo].[ResolvedTED].[StatusId]">
                              <Compare CompareOp="EQ">
                                <ScalarOperator>
                                  <Identifier>
                                    <ColumnReference Database="[OurLabReporting]" Schema="[dbo]" Table="[Status]" Column="Id" />
                                  </Identifier>
                                </ScalarOperator>
                                <ScalarOperator>
                                  <Identifier>
                                    <ColumnReference Database="[OurLabReporting]" Schema="[dbo]" Table="[ResolvedTED]" Column="StatusId" />
                                  </Identifier>
                                </ScalarOperator>
                              </Compare>
                            </ScalarOperator>
                          </ProbeResidual>
                          <RelOp NodeId="2" PhysicalOp="Index Scan" LogicalOp="Index Scan" EstimateRows="96" EstimateIO="0.003125" EstimateCPU="0.0002626" AvgRowSize="115" EstimatedTotalSubtreeCost="0.0033876" TableCardinality="96" Parallel="0" EstimateRebinds="0" EstimateRewinds="0" EstimatedExecutionMode="Row">
                            <OutputList>
                              <ColumnReference Database="[OurLabReporting]" Schema="[dbo]" Table="[Status]" Column="Id" />
                              <ColumnReference Database="[OurLabReporting]" Schema="[dbo]" Table="[Status]" Column="Status" />
                            </OutputList>
                            <IndexScan Ordered="0" ForcedIndex="0" ForceSeek="0" ForceScan="0" NoExpandHint="0" Storage="RowStore">
                              <DefinedValues>
                                <DefinedValue>
                                  <ColumnReference Database="[OurLabReporting]" Schema="[dbo]" Table="[Status]" Column="Id" />
                                </DefinedValue>
                                <DefinedValue>
                                  <ColumnReference Database="[OurLabReporting]" Schema="[dbo]" Table="[Status]" Column="Status" />
                                </DefinedValue>
                              </DefinedValues>
                              <Object Database="[OurLabReporting]" Schema="[dbo]" Table="[Status]" Index="[IX_Status_StatusType]" IndexKind="NonClustered" />
                            </IndexScan>
                          </RelOp>
                          <RelOp NodeId="3" PhysicalOp="Nested Loops" LogicalOp="Inner Join" EstimateRows="181.516" EstimateIO="0" EstimateCPU="0.000758739" AvgRowSize="4816" EstimatedTotalSubtreeCost="0.0219221" Parallel="0" EstimateRebinds="0" EstimateRewinds="0" EstimatedExecutionMode="Row">
                            <OutputList>
                              <ColumnReference Database="[OurLabReporting]" Schema="[dbo]" Table="[ResolvedTED]" Column="Name" />
                              <ColumnReference Database="[OurLabReporting]" Schema="[dbo]" Table="[ResolvedTED]" Column="ExecutionStatusLink" />
                              <ColumnReference Database="[OurLabReporting]" Schema="[dbo]" Table="[ResolvedTED]" Column="ResolvedName" />
                              <ColumnReference Database="[OurLabReporting]" Schema="[dbo]" Table="[ResolvedTED]" Column="StartDate" />
                              <ColumnReference Database="[OurLabReporting]" Schema="[dbo]" Table="[ResolvedTED]" Column="EndDate" />
                              <ColumnReference Database="[OurLabReporting]" Schema="[dbo]" Table="[ResolvedTED]" Column="StatusId" />
                              <ColumnReference Database="[OurLabReporting]" Schema="[dbo]" Table="[MachineSet]" Column="ExecutionStatusLink" />
                              <ColumnReference Database="[OurLabReporting]" Schema="[dbo]" Table="[MachineSet]" Column="CustomExecutionFilePath" />
                              <ColumnReference Column="Expr1013" />
                              <ColumnReference Column="Expr1014" />
                            </OutputList>
                            <NestedLoops Optimized="0">
                              <OuterReferences>
                                <ColumnReference Database="[OurLabReporting]" Schema="[dbo]" Table="[Mix]" Column="Id" />
                              </OuterReferences>
                              <RelOp NodeId="4" PhysicalOp="Compute Scalar" LogicalOp="Compute Scalar" EstimateRows="1" EstimateIO="0" EstimateCPU="1e-007" AvgRowSize="2768" EstimatedTotalSubtreeCost="0.00657058" Parallel="0" EstimateRebinds="0" EstimateRewinds="0" EstimatedExecutionMode="Row">
                                <OutputList>
                                  <ColumnReference Database="[OurLabReporting]" Schema="[dbo]" Table="[ResolvedTED]" Column="Name" />
                                  <ColumnReference Database="[OurLabReporting]" Schema="[dbo]" Table="[ResolvedTED]" Column="ExecutionStatusLink" />
                                  <ColumnReference Database="[OurLabReporting]" Schema="[dbo]" Table="[ResolvedTED]" Column="ResolvedName" />
                                  <ColumnReference Database="[OurLabReporting]" Schema="[dbo]" Table="[ResolvedTED]" Column="StartDate" />
                                  <ColumnReference Database="[OurLabReporting]" Schema="[dbo]" Table="[ResolvedTED]" Column="EndDate" />
                                  <ColumnReference Database="[OurLabReporting]" Schema="[dbo]" Table="[ResolvedTED]" Column="StatusId" />
                                  <ColumnReference Database="[OurLabReporting]" Schema="[dbo]" Table="[Mix]" Column="Id" />
                                  <ColumnReference Column="Expr1013" />
                                  <ColumnReference Column="Expr1014" />
                                </OutputList>
                                <ComputeScalar>
                                  <DefinedValues>
                                    <DefinedValue>
                                      <ColumnReference Column="Expr1013" />
                                      <ScalarOperator ScalarString="CONVERT_IMPLICIT(nvarchar(250),[OurLabReporting].[dbo].[Mix].[Comments],0)">
                                        <Convert DataType="nvarchar" Length="500" Style="0" Implicit="1">
                                          <ScalarOperator>
                                            <Identifier>
                                              <ColumnReference Database="[OurLabReporting]" Schema="[dbo]" Table="[Mix]" Column="Comments" />
                                            </Identifier>
                                          </ScalarOperator>
                                        </Convert>
                                      </ScalarOperator>
                                    </DefinedValue>
                                  </DefinedValues>
                                  <RelOp NodeId="5" PhysicalOp="Nested Loops" LogicalOp="Inner Join" EstimateRows="1" EstimateIO="0" EstimateCPU="4.18e-006" AvgRowSize="3518" EstimatedTotalSubtreeCost="0.00657048" Parallel="0" EstimateRebinds="0" EstimateRewinds="0" EstimatedExecutionMode="Row">
                                    <OutputList>
                                      <ColumnReference Database="[OurLabReporting]" Schema="[dbo]" Table="[ResolvedTED]" Column="Name" />
                                      <ColumnReference Database="[OurLabReporting]" Schema="[dbo]" Table="[ResolvedTED]" Column="ExecutionStatusLink" />
                                      <ColumnReference Database="[OurLabReporting]" Schema="[dbo]" Table="[ResolvedTED]" Column="ResolvedName" />
                                      <ColumnReference Database="[OurLabReporting]" Schema="[dbo]" Table="[ResolvedTED]" Column="StartDate" />
                                      <ColumnReference Database="[OurLabReporting]" Schema="[dbo]" Table="[ResolvedTED]" Column="EndDate" />
                                      <ColumnReference Database="[OurLabReporting]" Schema="[dbo]" Table="[ResolvedTED]" Column="StatusId" />
                                      <ColumnReference Database="[OurLabReporting]" Schema="[dbo]" Table="[Mix]" Column="Id" />
                                      <ColumnReference Database="[OurLabReporting]" Schema="[dbo]" Table="[Mix]" Column="Comments" />
                                      <ColumnReference Column="Expr1014" />
                                    </OutputList>
                                    <NestedLoops Optimized="0">
                                      <OuterReferences>
                                        <ColumnReference Database="[OurLabReporting]" Schema="[dbo]" Table="[ResolvedTED]" Column="MixId" />
                                      </OuterReferences>
                                      <RelOp NodeId="6" PhysicalOp="Compute Scalar" LogicalOp="Compute Scalar" EstimateRows="1" EstimateIO="0" EstimateCPU="1e-007" AvgRowSize="2515" EstimatedTotalSubtreeCost="0.0032832" Parallel="0" EstimateRebinds="0" EstimateRewinds="0" EstimatedExecutionMode="Row">
                                        <OutputList>
                                          <ColumnReference Database="[OurLabReporting]" Schema="[dbo]" Table="[ResolvedTED]" Column="MixId" />
                                          <ColumnReference Database="[OurLabReporting]" Schema="[dbo]" Table="[ResolvedTED]" Column="Name" />
                                          <ColumnReference Database="[OurLabReporting]" Schema="[dbo]" Table="[ResolvedTED]" Column="ExecutionStatusLink" />
                                          <ColumnReference Database="[OurLabReporting]" Schema="[dbo]" Table="[ResolvedTED]" Column="ResolvedName" />
                                          <ColumnReference Database="[OurLabReporting]" Schema="[dbo]" Table="[ResolvedTED]" Column="StartDate" />
                                          <ColumnReference Database="[OurLabReporting]" Schema="[dbo]" Table="[ResolvedTED]" Column="EndDate" />
                                          <ColumnReference Database="[OurLabReporting]" Schema="[dbo]" Table="[ResolvedTED]" Column="StatusId" />
                                          <ColumnReference Column="Expr1014" />
                                        </OutputList>
                                        <ComputeScalar>
                                          <DefinedValues>
                                            <DefinedValue>
                                              <ColumnReference Column="Expr1014" />
                                              <ScalarOperator ScalarString="CONVERT_IMPLICIT(nvarchar(250),[OurLabReporting].[dbo].[ResolvedTED].[Comments],0)">
                                                <Convert DataType="nvarchar" Length="500" Style="0" Implicit="1">
                                                  <ScalarOperator>
                                                    <Identifier>
                                                      <ColumnReference Database="[OurLabReporting]" Schema="[dbo]" Table="[ResolvedTED]" Column="Comments" />
                                                    </Identifier>
                                                  </ScalarOperator>
                                                </Convert>
                                              </ScalarOperator>
                                            </DefinedValue>
                                          </DefinedValues>
                                          <RelOp NodeId="7" PhysicalOp="Clustered Index Seek" LogicalOp="Clustered Index Seek" EstimateRows="1" EstimateIO="0.003125" EstimateCPU="0.0001581" AvgRowSize="3265" EstimatedTotalSubtreeCost="0.0032831" TableCardinality="1.37084e+006" Parallel="0" EstimateRebinds="0" EstimateRewinds="0" EstimatedExecutionMode="Row">
                                            <OutputList>
                                              <ColumnReference Database="[OurLabReporting]" Schema="[dbo]" Table="[ResolvedTED]" Column="MixId" />
                                              <ColumnReference Database="[OurLabReporting]" Schema="[dbo]" Table="[ResolvedTED]" Column="Name" />
                                              <ColumnReference Database="[OurLabReporting]" Schema="[dbo]" Table="[ResolvedTED]" Column="ExecutionStatusLink" />
                                              <ColumnReference Database="[OurLabReporting]" Schema="[dbo]" Table="[ResolvedTED]" Column="ResolvedName" />
                                              <ColumnReference Database="[OurLabReporting]" Schema="[dbo]" Table="[ResolvedTED]" Column="StartDate" />
                                              <ColumnReference Database="[OurLabReporting]" Schema="[dbo]" Table="[ResolvedTED]" Column="EndDate" />
                                              <ColumnReference Database="[OurLabReporting]" Schema="[dbo]" Table="[ResolvedTED]" Column="Comments" />
                                              <ColumnReference Database="[OurLabReporting]" Schema="[dbo]" Table="[ResolvedTED]" Column="StatusId" />
                                            </OutputList>
                                            <IndexScan Ordered="1" ScanDirection="FORWARD" ForcedIndex="0" ForceSeek="0" ForceScan="0" NoExpandHint="0" Storage="RowStore">
                                              <DefinedValues>
                                                <DefinedValue>
                                                  <ColumnReference Database="[OurLabReporting]" Schema="[dbo]" Table="[ResolvedTED]" Column="MixId" />
                                                </DefinedValue>
                                                <DefinedValue>
                                                  <ColumnReference Database="[OurLabReporting]" Schema="[dbo]" Table="[ResolvedTED]" Column="Name" />
                                                </DefinedValue>
                                                <DefinedValue>
                                                  <ColumnReference Database="[OurLabReporting]" Schema="[dbo]" Table="[ResolvedTED]" Column="ExecutionStatusLink" />
                                                </DefinedValue>
                                                <DefinedValue>
                                                  <ColumnReference Database="[OurLabReporting]" Schema="[dbo]" Table="[ResolvedTED]" Column="ResolvedName" />
                                                </DefinedValue>
                                                <DefinedValue>
                                                  <ColumnReference Database="[OurLabReporting]" Schema="[dbo]" Table="[ResolvedTED]" Column="StartDate" />
                                                </DefinedValue>
                                                <DefinedValue>
                                                  <ColumnReference Database="[OurLabReporting]" Schema="[dbo]" Table="[ResolvedTED]" Column="EndDate" />
                                                </DefinedValue>
                                                <DefinedValue>
                                                  <ColumnReference Database="[OurLabReporting]" Schema="[dbo]" Table="[ResolvedTED]" Column="Comments" />
                                                </DefinedValue>
                                                <DefinedValue>
                                                  <ColumnReference Database="[OurLabReporting]" Schema="[dbo]" Table="[ResolvedTED]" Column="StatusId" />
                                                </DefinedValue>
                                              </DefinedValues>
                                              <Object Database="[OurLabReporting]" Schema="[dbo]" Table="[ResolvedTED]" Index="[ResolvedTED_PK]" IndexKind="Clustered" />
                                              <SeekPredicates>
                                                <SeekPredicateNew>
                                                  <SeekKeys>
                                                    <Prefix ScanType="EQ">
                                                      <RangeColumns>
                                                        <ColumnReference Database="[OurLabReporting]" Schema="[dbo]" Table="[ResolvedTED]" Column="Id" />
                                                      </RangeColumns>
                                                      <RangeExpressions>
                                                        <ScalarOperator ScalarString="[@local_ResolvedTEDId]">
                                                          <Identifier>
                                                            <ColumnReference Column="@local_ResolvedTEDId" />
                                                          </Identifier>
                                                        </ScalarOperator>
                                                      </RangeExpressions>
                                                    </Prefix>
                                                  </SeekKeys>
                                                </SeekPredicateNew>
                                              </SeekPredicates>
                                            </IndexScan>
                                          </RelOp>
                                        </ComputeScalar>
                                      </RelOp>
                                      <RelOp NodeId="11" PhysicalOp="Clustered Index Seek" LogicalOp="Clustered Index Seek" EstimateRows="1" EstimateIO="0.003125" EstimateCPU="0.0001581" AvgRowSize="1015" EstimatedTotalSubtreeCost="0.0032831" TableCardinality="1.48176e+006" Parallel="0" EstimateRebinds="0" EstimateRewinds="0" EstimatedExecutionMode="Row">
                                        <OutputList>
                                          <ColumnReference Database="[OurLabReporting]" Schema="[dbo]" Table="[Mix]" Column="Id" />
                                          <ColumnReference Database="[OurLabReporting]" Schema="[dbo]" Table="[Mix]" Column="Comments" />
                                        </OutputList>
                                        <IndexScan Ordered="1" ScanDirection="FORWARD" ForcedIndex="0" ForceSeek="0" ForceScan="0" NoExpandHint="0" Storage="RowStore">
                                          <DefinedValues>
                                            <DefinedValue>
                                              <ColumnReference Database="[OurLabReporting]" Schema="[dbo]" Table="[Mix]" Column="Id" />
                                            </DefinedValue>
                                            <DefinedValue>
                                              <ColumnReference Database="[OurLabReporting]" Schema="[dbo]" Table="[Mix]" Column="Comments" />
                                            </DefinedValue>
                                          </DefinedValues>
                                          <Object Database="[OurLabReporting]" Schema="[dbo]" Table="[Mix]" Index="[Mix_PK]" IndexKind="Clustered" />
                                          <SeekPredicates>
                                            <SeekPredicateNew>
                                              <SeekKeys>
                                                <Prefix ScanType="EQ">
                                                  <RangeColumns>
                                                    <ColumnReference Database="[OurLabReporting]" Schema="[dbo]" Table="[Mix]" Column="Id" />
                                                  </RangeColumns>
                                                  <RangeExpressions>
                                                    <ScalarOperator ScalarString="[OurLabReporting].[dbo].[ResolvedTED].[MixId]">
                                                      <Identifier>
                                                        <ColumnReference Database="[OurLabReporting]" Schema="[dbo]" Table="[ResolvedTED]" Column="MixId" />
                                                      </Identifier>
                                                    </ScalarOperator>
                                                  </RangeExpressions>
                                                </Prefix>
                                              </SeekKeys>
                                            </SeekPredicateNew>
                                          </SeekPredicates>
                                        </IndexScan>
                                      </RelOp>
                                    </NestedLoops>
                                  </RelOp>
                                </ComputeScalar>
                              </RelOp>
                              <RelOp NodeId="15" PhysicalOp="Index Seek" LogicalOp="Index Seek" EstimateRows="181.516" EstimateIO="0.0142361" EstimateCPU="0.000356668" AvgRowSize="2061" EstimatedTotalSubtreeCost="0.0145928" TableCardinality="1.23247e+007" Parallel="0" EstimateRebinds="0" EstimateRewinds="0" EstimatedExecutionMode="Row">
                                <OutputList>
                                  <ColumnReference Database="[OurLabReporting]" Schema="[dbo]" Table="[MachineSet]" Column="ExecutionStatusLink" />
                                  <ColumnReference Database="[OurLabReporting]" Schema="[dbo]" Table="[MachineSet]" Column="CustomExecutionFilePath" />
                                </OutputList>
                                <IndexScan Ordered="1" ScanDirection="FORWARD" ForcedIndex="0" ForceSeek="0" ForceScan="0" NoExpandHint="0" Storage="RowStore">
                                  <DefinedValues>
                                    <DefinedValue>
                                      <ColumnReference Database="[OurLabReporting]" Schema="[dbo]" Table="[MachineSet]" Column="ExecutionStatusLink" />
                                    </DefinedValue>
                                    <DefinedValue>
                                      <ColumnReference Database="[OurLabReporting]" Schema="[dbo]" Table="[MachineSet]" Column="CustomExecutionFilePath" />
                                    </DefinedValue>
                                  </DefinedValues>
                                  <Object Database="[OurLabReporting]" Schema="[dbo]" Table="[MachineSet]" Index="[MachineSet_IDX_MixId]" IndexKind="NonClustered" />
                                  <SeekPredicates>
                                    <SeekPredicateNew>
                                      <SeekKeys>
                                        <Prefix ScanType="EQ">
                                          <RangeColumns>
                                            <ColumnReference Database="[OurLabReporting]" Schema="[dbo]" Table="[MachineSet]" Column="MixId" />
                                          </RangeColumns>
                                          <RangeExpressions>
                                            <ScalarOperator ScalarString="[OurLabReporting].[dbo].[Mix].[Id]">
                                              <Identifier>
                                                <ColumnReference Database="[OurLabReporting]" Schema="[dbo]" Table="[Mix]" Column="Id" />
                                              </Identifier>
                                            </ScalarOperator>
                                          </RangeExpressions>
                                        </Prefix>
                                      </SeekKeys>
                                    </SeekPredicateNew>
                                  </SeekPredicates>
                                </IndexScan>
                              </RelOp>
                            </NestedLoops>
                          </RelOp>
                        </Hash>
                      </RelOp>
                    </ComputeScalar>
                  </RelOp>
                </QueryPlan>
              </StmtSimple>
              <StmtSimple StatementText="&#x9;SELECT @local_TestCasePath = dbo.TestCasePath.[Path]&#xD;&#xA;&#x9;&#x9;&#x9;,@local_TestCaseOwner = dbo.TestCaseResult.[Owner]&#xD;&#xA;&#x9;&#x9;&#x9;,@local_TestCaseLogFile = dbo.LogFilePath.[Path]&#xD;&#xA;&#x9;&#x9;FROM dbo.TestCaseResult WITH (NOLOCK)&#xD;&#xA;&#x9;&#x9;LEFT JOIN dbo.TestCasePath WITH (NOLOCK) ON dbo.TestCaseResult.TestCasePathId = dbo.TestCasePath.Id&#xD;&#xA;&#x9;&#x9;INNER JOIN dbo.LogFilePath WITH (NOLOCK) ON dbo.TestCaseResult.LogFilePathId = dbo.LogFilePath.Id&#xD;&#xA;&#x9;&#x9;WHERE dbo.TestCaseResult.Id = @local_TestCaseResultId&#xD;&#xA;&#xD;&#xA;&#x9;" StatementId="57" StatementCompId="69" StatementType="SELECT" RetrievedFromCache="true" StatementSubTreeCost="2.63891" StatementEstRows="1.10029" StatementOptmLevel="FULL" QueryHash="0xE77F8C000096AB48" QueryPlanHash="0xA17E7E401C5324CE">
                <StatementSetOptions QUOTED_IDENTIFIER="true" ARITHABORT="true" CONCAT_NULL_YIELDS_NULL="true" ANSI_NULLS="true" ANSI_PADDING="true" ANSI_WARNINGS="true" NUMERIC_ROUNDABORT="false" />
                <QueryPlan NonParallelPlanReason="MaxDOPSetToOne" CachedPlanSize="72" CompileTime="25" CompileCPU="25" CompileMemory="3128">
                  <MemoryGrantInfo SerialRequiredMemory="1024" SerialDesiredMemory="1088" />
                  <OptimizerHardwareDependentProperties EstimatedAvailableMemoryGrant="193313" EstimatedPagesCached="773254" EstimatedAvailableDegreeOfParallelism="1" />
                  <RelOp NodeId="0" PhysicalOp="Nested Loops" LogicalOp="Left Outer Join" EstimateRows="1.10029" EstimateIO="0" EstimateCPU="4.59921e-006" AvgRowSize="4349" EstimatedTotalSubtreeCost="2.63891" Parallel="0" EstimateRebinds="0" EstimateRewinds="0" EstimatedExecutionMode="Row">
                    <OutputList>
                      <ColumnReference Database="[OurLabReporting]" Schema="[dbo]" Table="[TestCaseResult_part]" Column="Owner" />
                      <ColumnReference Database="[OurLabReporting]" Schema="[dbo]" Table="[TestCasePath]" Column="Path" />
                      <ColumnReference Database="[OurLabReporting]" Schema="[dbo]" Table="[LogFilePath]" Column="Path" />
                    </OutputList>
                    <NestedLoops Optimized="1">
                      <OuterReferences>
                        <ColumnReference Database="[OurLabReporting]" Schema="[dbo]" Table="[TestCaseResult_part]" Column="TestCasePathId" />
                      </OuterReferences>
                      <RelOp NodeId="2" PhysicalOp="Nested Loops" LogicalOp="Inner Join" EstimateRows="1.10029" EstimateIO="0" EstimateCPU="4.59921e-006" AvgRowSize="327" EstimatedTotalSubtreeCost="2.63554" Parallel="0" EstimateRebinds="0" EstimateRewinds="0" EstimatedExecutionMode="Row">
                        <OutputList>
                          <ColumnReference Database="[OurLabReporting]" Schema="[dbo]" Table="[TestCaseResult_part]" Column="Owner" />
                          <ColumnReference Database="[OurLabReporting]" Schema="[dbo]" Table="[TestCaseResult_part]" Column="TestCasePathId" />
                          <ColumnReference Database="[OurLabReporting]" Schema="[dbo]" Table="[LogFilePath]" Column="Path" />
                        </OutputList>
                        <NestedLoops Optimized="1">
                          <OuterReferences>
                            <ColumnReference Database="[OurLabReporting]" Schema="[dbo]" Table="[TestCaseResult_part]" Column="LogFilePathId" />
                          </OuterReferences>
                          <RelOp NodeId="4" PhysicalOp="Clustered Index Seek" LogicalOp="Clustered Index Seek" EstimateRows="1.10029" EstimateIO="2.50625" EstimateCPU="0.125915" AvgRowSize="73" EstimatedTotalSubtreeCost="2.63217" TableCardinality="3.58108e+008" Parallel="0" Partitioned="1" EstimateRebinds="0" EstimateRewinds="0" EstimatedExecutionMode="Row">
                            <OutputList>
                              <ColumnReference Database="[OurLabReporting]" Schema="[dbo]" Table="[TestCaseResult_part]" Column="Owner" />
                              <ColumnReference Database="[OurLabReporting]" Schema="[dbo]" Table="[TestCaseResult_part]" Column="LogFilePathId" />
                              <ColumnReference Database="[OurLabReporting]" Schema="[dbo]" Table="[TestCaseResult_part]" Column="TestCasePathId" />
                            </OutputList>
                            <IndexScan Ordered="1" ScanDirection="FORWARD" ForcedIndex="0" ForceSeek="0" ForceScan="0" NoExpandHint="0" Storage="RowStore">
                              <DefinedValues>
                                <DefinedValue>
                                  <ColumnReference Database="[OurLabReporting]" Schema="[dbo]" Table="[TestCaseResult_part]" Column="Owner" />
                                </DefinedValue>
                                <DefinedValue>
                                  <ColumnReference Database="[OurLabReporting]" Schema="[dbo]" Table="[TestCaseResult_part]" Column="LogFilePathId" />
                                </DefinedValue>
                                <DefinedValue>
                                  <ColumnReference Database="[OurLabReporting]" Schema="[dbo]" Table="[TestCaseResult_part]" Column="TestCasePathId" />
                                </DefinedValue>
                              </DefinedValues>
                              <Object Database="[OurLabReporting]" Schema="[dbo]" Table="[TestCaseResult_part]" Index="[TestCaseResult_Part_New_PK]" IndexKind="Clustered" />
                              <SeekPredicates>
                                <SeekPredicateNew>
                                  <SeekKeys>
                                    <StartRange ScanType="GE">
                                      <RangeColumns>
                                        <ColumnReference Column="PtnId1000" />
                                      </RangeColumns>
                                      <RangeExpressions>
                                        <ScalarOperator ScalarString="(1)">
                                          <Const ConstValue="(1)" />
                                        </ScalarOperator>
                                      </RangeExpressions>
                                    </StartRange>
                                    <EndRange ScanType="LE">
                                      <RangeColumns>
                                        <ColumnReference Column="PtnId1000" />
                                      </RangeColumns>
                                      <RangeExpressions>
                                        <ScalarOperator ScalarString="(802)">
                                          <Const ConstValue="(802)" />
                                        </ScalarOperator>
                                      </RangeExpressions>
                                    </EndRange>
                                  </SeekKeys>
                                  <SeekKeys>
                                    <Prefix ScanType="EQ">
                                      <RangeColumns>
                                        <ColumnReference Database="[OurLabReporting]" Schema="[dbo]" Table="[TestCaseResult_part]" Column="Id" />
                                      </RangeColumns>
                                      <RangeExpressions>
                                        <ScalarOperator ScalarString="CONVERT_IMPLICIT(bigint,[@local_TestCaseResultId],0)">
                                          <Identifier>
                                            <ColumnReference Column="ConstExpr1010">
                                              <ScalarOperator>
                                                <Convert DataType="bigint" Style="0" Implicit="1">
                                                  <ScalarOperator>
                                                    <Identifier>
                                                      <ColumnReference Column="@local_TestCaseResultId" />
                                                    </Identifier>
                                                  </ScalarOperator>
                                                </Convert>
                                              </ScalarOperator>
                                            </ColumnReference>
                                          </Identifier>
                                        </ScalarOperator>
                                      </RangeExpressions>
                                    </Prefix>
                                  </SeekKeys>
                                </SeekPredicateNew>
                              </SeekPredicates>
                            </IndexScan>
                          </RelOp>
                          <RelOp NodeId="5" PhysicalOp="Clustered Index Seek" LogicalOp="Clustered Index Seek" EstimateRows="1" EstimateIO="0.003125" EstimateCPU="0.0001581" AvgRowSize="271" EstimatedTotalSubtreeCost="0.00336588" TableCardinality="9.06824e+007" Parallel="0" EstimateRebinds="0.10029" EstimateRewinds="0" EstimatedExecutionMode="Row">
                            <OutputList>
                              <ColumnReference Database="[OurLabReporting]" Schema="[dbo]" Table="[LogFilePath]" Column="Path" />
                            </OutputList>
                            <IndexScan Ordered="1" ScanDirection="FORWARD" ForcedIndex="0" ForceSeek="0" ForceScan="0" NoExpandHint="0" Storage="RowStore">
                              <DefinedValues>
                                <DefinedValue>
                                  <ColumnReference Database="[OurLabReporting]" Schema="[dbo]" Table="[LogFilePath]" Column="Path" />
                                </DefinedValue>
                              </DefinedValues>
                              <Object Database="[OurLabReporting]" Schema="[dbo]" Table="[LogFilePath]" Index="[LogFilePath_PK]" IndexKind="Clustered" />
                              <SeekPredicates>
                                <SeekPredicateNew>
                                  <SeekKeys>
                                    <Prefix ScanType="EQ">
                                      <RangeColumns>
                                        <ColumnReference Database="[OurLabReporting]" Schema="[dbo]" Table="[LogFilePath]" Column="Id" />
                                      </RangeColumns>
                                      <RangeExpressions>
                                        <ScalarOperator ScalarString="[OurLabReporting].[dbo].[TestCaseResult_part].[LogFilePathId]">
                                          <Identifier>
                                            <ColumnReference Database="[OurLabReporting]" Schema="[dbo]" Table="[TestCaseResult_part]" Column="LogFilePathId" />
                                          </Identifier>
                                        </ScalarOperator>
                                      </RangeExpressions>
                                    </Prefix>
                                  </SeekKeys>
                                </SeekPredicateNew>
                              </SeekPredicates>
                            </IndexScan>
                          </RelOp>
                        </NestedLoops>
                      </RelOp>
                      <RelOp NodeId="6" PhysicalOp="Clustered Index Seek" LogicalOp="Clustered Index Seek" EstimateRows="1" EstimateIO="0.003125" EstimateCPU="0.0001581" AvgRowSize="4035" EstimatedTotalSubtreeCost="0.00336588" TableCardinality="7.01821e+007" Parallel="0" EstimateRebinds="0.10029" EstimateRewinds="0" EstimatedExecutionMode="Row">
                        <OutputList>
                          <ColumnReference Database="[OurLabReporting]" Schema="[dbo]" Table="[TestCasePath]" Column="Path" />
                        </OutputList>
                        <IndexScan Ordered="1" ScanDirection="FORWARD" ForcedIndex="0" ForceSeek="0" ForceScan="0" NoExpandHint="0" Storage="RowStore">
                          <DefinedValues>
                            <DefinedValue>
                              <ColumnReference Database="[OurLabReporting]" Schema="[dbo]" Table="[TestCasePath]" Column="Path" />
                            </DefinedValue>
                          </DefinedValues>
                          <Object Database="[OurLabReporting]" Schema="[dbo]" Table="[TestCasePath]" Index="[TestCasePath_PK]" IndexKind="Clustered" />
                          <SeekPredicates>
                            <SeekPredicateNew>
                              <SeekKeys>
                                <Prefix ScanType="EQ">
                                  <RangeColumns>
                                    <ColumnReference Database="[OurLabReporting]" Schema="[dbo]" Table="[TestCasePath]" Column="Id" />
                                  </RangeColumns>
                                  <RangeExpressions>
                                    <ScalarOperator ScalarString="[OurLabReporting].[dbo].[TestCaseResult_part].[TestCasePathId]">
                                      <Identifier>
                                        <ColumnReference Database="[OurLabReporting]" Schema="[dbo]" Table="[TestCaseResult_part]" Column="TestCasePathId" />
                                      </Identifier>
                                    </ScalarOperator>
                                  </RangeExpressions>
                                </Prefix>
                              </SeekKeys>
                            </SeekPredicateNew>
                          </SeekPredicates>
                        </IndexScan>
                      </RelOp>
                    </NestedLoops>
                  </RelOp>
                </QueryPlan>
              </StmtSimple>
              <StmtSimple StatementText="&#x9;SELECT @local_TestpassList = dbo.[Function_GetTestpassList](@TestCaseResultId, 'Testcase')&#xD;&#xA;&#xD;&#xA;&#x9;" StatementId="58" StatementCompId="70" StatementType="ASSIGN WITH QUERY" RetrievedFromCache="true" />
              <StmtSimple StatementText="&#x9;SELECT @local_ModifierList = dbo.[Function_GetModifierList](@TestCaseResultId, 'Testcase')&#xD;&#xA;" StatementId="59" StatementCompId="71" StatementType="ASSIGN WITH QUERY" RetrievedFromCache="true" />
            </Statements>
          </Then>
        </StmtCond>
        <StmtCond StatementText="&#x9;END&#xD;&#xA;&#xD;&#xA;&#x9;--validate and get Failure data&#xD;&#xA;&#x9;IF @FailureId IS NOT NULL&#xD;&#xA;" StatementId="60" StatementCompId="73" StatementType="COND" RetrievedFromCache="true">
          <Condition />
          <Then>
            <Statements>
              <StmtSimple StatementText="&#x9;BEGIN&#xD;&#xA;&#x9;&#x9;DECLARE @local_MachineSetId INT&#xD;&#xA;&#xD;&#xA;&#x9;&#x9;SELECT @local_FailureId = dbo.Failure.Id&#xD;&#xA;&#x9;&#x9;&#x9;,@local_TEUId = dbo.Failure.TEUId&#xD;&#xA;&#x9;&#x9;&#x9;,@local_TestCaseResultId = dbo.Failure.TestCaseResultId&#xD;&#xA;&#x9;&#x9;&#x9;,@local_ResolvedTEDId = dbo.Failure.ResolvedTEDId&#xD;&#xA;&#x9;&#x9;&#x9;,@local_ScheduleId = dbo.Failure.ScheduleId&#xD;&#xA;&#x9;&#x9;&#x9;,@local_MachineSetId = dbo.Failure.MachineSetId&#xD;&#xA;&#x9;&#x9;FROM dbo.Failure WITH (NOLOCK)&#xD;&#xA;&#x9;&#x9;WHERE dbo.Failure.Id = @FailureId&#xD;&#xA;&#xD;&#xA;&#x9;" StatementId="61" StatementCompId="74" StatementType="SELECT" RetrievedFromCache="true" StatementSubTreeCost="0.0032832" StatementEstRows="1" StatementOptmLevel="TRIVIAL" QueryHash="0x780E350FD5C8DFAE" QueryPlanHash="0x717F13E734252BB7">
                <StatementSetOptions QUOTED_IDENTIFIER="true" ARITHABORT="true" CONCAT_NULL_YIELDS_NULL="true" ANSI_NULLS="true" ANSI_PADDING="true" ANSI_WARNINGS="true" NUMERIC_ROUNDABORT="false" />
                <QueryPlan NonParallelPlanReason="MaxDOPSetToOne" CachedPlanSize="16" CompileTime="1" CompileCPU="1" CompileMemory="1760">
                  <MemoryGrantInfo SerialRequiredMemory="0" SerialDesiredMemory="0" />
                  <OptimizerHardwareDependentProperties EstimatedAvailableMemoryGrant="193313" EstimatedPagesCached="773254" EstimatedAvailableDegreeOfParallelism="1" />
                  <RelOp NodeId="0" PhysicalOp="Compute Scalar" LogicalOp="Compute Scalar" EstimateRows="1" EstimateIO="0" EstimateCPU="1e-007" AvgRowSize="35" EstimatedTotalSubtreeCost="0.0032832" Parallel="0" EstimateRebinds="0" EstimateRewinds="0" EstimatedExecutionMode="Row">
                    <OutputList>
                      <ColumnReference Database="[OurLabReporting]" Schema="[dbo]" Table="[Failure]" Column="Id" />
                      <ColumnReference Database="[OurLabReporting]" Schema="[dbo]" Table="[Failure]" Column="MachineSetId" />
                      <ColumnReference Database="[OurLabReporting]" Schema="[dbo]" Table="[Failure]" Column="ResolvedTEDId" />
                      <ColumnReference Database="[OurLabReporting]" Schema="[dbo]" Table="[Failure]" Column="ScheduleId" />
                      <ColumnReference Database="[OurLabReporting]" Schema="[dbo]" Table="[Failure]" Column="TEUId" />
                      <ColumnReference Column="Expr1003" />
                    </OutputList>
                    <ComputeScalar>
                      <DefinedValues>
                        <DefinedValue>
                          <ColumnReference Column="Expr1003" />
                          <ScalarOperator ScalarString="CONVERT_IMPLICIT(int,[OurLabReporting].[dbo].[Failure].[TestCaseResultId],0)">
                            <Convert DataType="int" Style="0" Implicit="1">
                              <ScalarOperator>
                                <Identifier>
                                  <ColumnReference Database="[OurLabReporting]" Schema="[dbo]" Table="[Failure]" Column="TestCaseResultId" />
                                </Identifier>
                              </ScalarOperator>
                            </Convert>
                          </ScalarOperator>
                        </DefinedValue>
                      </DefinedValues>
                      <RelOp NodeId="1" PhysicalOp="Clustered Index Seek" LogicalOp="Clustered Index Seek" EstimateRows="1" EstimateIO="0.003125" EstimateCPU="0.0001581" AvgRowSize="39" EstimatedTotalSubtreeCost="0.0032831" TableCardinality="3.38966e+007" Parallel="0" EstimateRebinds="0" EstimateRewinds="0" EstimatedExecutionMode="Row">
                        <OutputList>
                          <ColumnReference Database="[OurLabReporting]" Schema="[dbo]" Table="[Failure]" Column="Id" />
                          <ColumnReference Database="[OurLabReporting]" Schema="[dbo]" Table="[Failure]" Column="MachineSetId" />
                          <ColumnReference Database="[OurLabReporting]" Schema="[dbo]" Table="[Failure]" Column="ResolvedTEDId" />
                          <ColumnReference Database="[OurLabReporting]" Schema="[dbo]" Table="[Failure]" Column="ScheduleId" />
                          <ColumnReference Database="[OurLabReporting]" Schema="[dbo]" Table="[Failure]" Column="TestCaseResultId" />
                          <ColumnReference Database="[OurLabReporting]" Schema="[dbo]" Table="[Failure]" Column="TEUId" />
                        </OutputList>
                        <IndexScan Ordered="1" ScanDirection="FORWARD" ForcedIndex="0" ForceSeek="0" ForceScan="0" NoExpandHint="0" Storage="RowStore">
                          <DefinedValues>
                            <DefinedValue>
                              <ColumnReference Database="[OurLabReporting]" Schema="[dbo]" Table="[Failure]" Column="Id" />
                            </DefinedValue>
                            <DefinedValue>
                              <ColumnReference Database="[OurLabReporting]" Schema="[dbo]" Table="[Failure]" Column="MachineSetId" />
                            </DefinedValue>
                            <DefinedValue>
                              <ColumnReference Database="[OurLabReporting]" Schema="[dbo]" Table="[Failure]" Column="ResolvedTEDId" />
                            </DefinedValue>
                            <DefinedValue>
                              <ColumnReference Database="[OurLabReporting]" Schema="[dbo]" Table="[Failure]" Column="ScheduleId" />
                            </DefinedValue>
                            <DefinedValue>
                              <ColumnReference Database="[OurLabReporting]" Schema="[dbo]" Table="[Failure]" Column="TestCaseResultId" />
                            </DefinedValue>
                            <DefinedValue>
                              <ColumnReference Database="[OurLabReporting]" Schema="[dbo]" Table="[Failure]" Column="TEUId" />
                            </DefinedValue>
                          </DefinedValues>
                          <Object Database="[OurLabReporting]" Schema="[dbo]" Table="[Failure]" Index="[Failure_PK]" IndexKind="Clustered" />
                          <SeekPredicates>
                            <SeekPredicateNew>
                              <SeekKeys>
                                <Prefix ScanType="EQ">
                                  <RangeColumns>
                                    <ColumnReference Database="[OurLabReporting]" Schema="[dbo]" Table="[Failure]" Column="Id" />
                                  </RangeColumns>
                                  <RangeExpressions>
                                    <ScalarOperator ScalarString="[@FailureId]">
                                      <Identifier>
                                        <ColumnReference Column="@FailureId" />
                                      </Identifier>
                                    </ScalarOperator>
                                  </RangeExpressions>
                                </Prefix>
                              </SeekKeys>
                            </SeekPredicateNew>
                          </SeekPredicates>
                        </IndexScan>
                      </RelOp>
                    </ComputeScalar>
                  </RelOp>
                  <ParameterList>
                    <ColumnReference Column="@FailureId" ParameterCompiledValue="NULL" />
                  </ParameterList>
                </QueryPlan>
              </StmtSimple>
              <StmtSimple StatementText="&#x9;SELECT @local_MixId = dbo.ResolvedTED.MixId&#xD;&#xA;&#x9;&#x9;FROM dbo.ResolvedTED WITH (NOLOCK)&#xD;&#xA;&#x9;&#x9;WHERE dbo.ResolvedTED.Id = @local_ResolvedTEDId&#xD;&#xA;&#xD;&#xA;&#x9;" StatementId="62" StatementCompId="75" StatementType="SELECT" RetrievedFromCache="true" StatementSubTreeCost="0.0032831" StatementEstRows="1" StatementOptmLevel="TRIVIAL" QueryHash="0x81788FB79B85BFD4" QueryPlanHash="0x6EA13C928509F8FD">
                <StatementSetOptions QUOTED_IDENTIFIER="true" ARITHABORT="true" CONCAT_NULL_YIELDS_NULL="true" ANSI_NULLS="true" ANSI_PADDING="true" ANSI_WARNINGS="true" NUMERIC_ROUNDABORT="false" />
                <QueryPlan NonParallelPlanReason="MaxDOPSetToOne" CachedPlanSize="8" CompileTime="0" CompileCPU="0" CompileMemory="1720">
                  <MemoryGrantInfo SerialRequiredMemory="0" SerialDesiredMemory="0" />
                  <OptimizerHardwareDependentProperties EstimatedAvailableMemoryGrant="193313" EstimatedPagesCached="773254" EstimatedAvailableDegreeOfParallelism="1" />
                  <RelOp NodeId="0" PhysicalOp="Clustered Index Seek" LogicalOp="Clustered Index Seek" EstimateRows="1" EstimateIO="0.003125" EstimateCPU="0.0001581" AvgRowSize="11" EstimatedTotalSubtreeCost="0.0032831" TableCardinality="1.37084e+006" Parallel="0" EstimateRebinds="0" EstimateRewinds="0" EstimatedExecutionMode="Row">
                    <OutputList>
                      <ColumnReference Database="[OurLabReporting]" Schema="[dbo]" Table="[ResolvedTED]" Column="MixId" />
                    </OutputList>
                    <IndexScan Ordered="1" ScanDirection="FORWARD" ForcedIndex="0" ForceSeek="0" ForceScan="0" NoExpandHint="0" Storage="RowStore">
                      <DefinedValues>
                        <DefinedValue>
                          <ColumnReference Database="[OurLabReporting]" Schema="[dbo]" Table="[ResolvedTED]" Column="MixId" />
                        </DefinedValue>
                      </DefinedValues>
                      <Object Database="[OurLabReporting]" Schema="[dbo]" Table="[ResolvedTED]" Index="[ResolvedTED_PK]" IndexKind="Clustered" />
                      <SeekPredicates>
                        <SeekPredicateNew>
                          <SeekKeys>
                            <Prefix ScanType="EQ">
                              <RangeColumns>
                                <ColumnReference Database="[OurLabReporting]" Schema="[dbo]" Table="[ResolvedTED]" Column="Id" />
                              </RangeColumns>
                              <RangeExpressions>
                                <ScalarOperator ScalarString="[@local_ResolvedTEDId]">
                                  <Identifier>
                                    <ColumnReference Column="@local_ResolvedTEDId" />
                                  </Identifier>
                                </ScalarOperator>
                              </RangeExpressions>
                            </Prefix>
                          </SeekKeys>
                        </SeekPredicateNew>
                      </SeekPredicates>
                    </IndexScan>
                  </RelOp>
                </QueryPlan>
              </StmtSimple>
              <StmtSimple StatementText="&#x9;SELECT @local_MachineSetExecutionLink = dbo.MachineSet.ExecutionStatusLink&#xD;&#xA;&#x9;&#x9;&#x9;,@local_ResultLink = dbo.MachineSet.CustomExecutionFilePath&#xD;&#xA;&#x9;&#x9;FROM dbo.MachineSet WITH (NOLOCK)&#xD;&#xA;&#x9;&#x9;WHERE dbo.MachineSet.Id = @local_MachineSetId&#xD;&#xA;&#xD;&#xA;&#x9;" StatementId="63" StatementCompId="76" StatementType="SELECT" RetrievedFromCache="true" StatementSubTreeCost="0.0032831" StatementEstRows="1" StatementOptmLevel="TRIVIAL" QueryHash="0xAAF1E5D5469B6870" QueryPlanHash="0xC0216AE61F69D8D0">
                <StatementSetOptions QUOTED_IDENTIFIER="true" ARITHABORT="true" CONCAT_NULL_YIELDS_NULL="true" ANSI_NULLS="true" ANSI_PADDING="true" ANSI_WARNINGS="true" NUMERIC_ROUNDABORT="false" />
                <QueryPlan NonParallelPlanReason="MaxDOPSetToOne" CachedPlanSize="8" CompileTime="0" CompileCPU="0" CompileMemory="1728">
                  <MemoryGrantInfo SerialRequiredMemory="0" SerialDesiredMemory="0" />
                  <OptimizerHardwareDependentProperties EstimatedAvailableMemoryGrant="193313" EstimatedPagesCached="773254" EstimatedAvailableDegreeOfParallelism="1" />
                  <RelOp NodeId="0" PhysicalOp="Clustered Index Seek" LogicalOp="Clustered Index Seek" EstimateRows="1" EstimateIO="0.003125" EstimateCPU="0.0001581" AvgRowSize="2061" EstimatedTotalSubtreeCost="0.0032831" TableCardinality="1.23247e+007" Parallel="0" EstimateRebinds="0" EstimateRewinds="0" EstimatedExecutionMode="Row">
                    <OutputList>
                      <ColumnReference Database="[OurLabReporting]" Schema="[dbo]" Table="[MachineSet]" Column="ExecutionStatusLink" />
                      <ColumnReference Database="[OurLabReporting]" Schema="[dbo]" Table="[MachineSet]" Column="CustomExecutionFilePath" />
                    </OutputList>
                    <IndexScan Ordered="1" ScanDirection="FORWARD" ForcedIndex="0" ForceSeek="0" ForceScan="0" NoExpandHint="0" Storage="RowStore">
                      <DefinedValues>
                        <DefinedValue>
                          <ColumnReference Database="[OurLabReporting]" Schema="[dbo]" Table="[MachineSet]" Column="ExecutionStatusLink" />
                        </DefinedValue>
                        <DefinedValue>
                          <ColumnReference Database="[OurLabReporting]" Schema="[dbo]" Table="[MachineSet]" Column="CustomExecutionFilePath" />
                        </DefinedValue>
                      </DefinedValues>
                      <Object Database="[OurLabReporting]" Schema="[dbo]" Table="[MachineSet]" Index="[MachineSet_PK]" IndexKind="Clustered" />
                      <SeekPredicates>
                        <SeekPredicateNew>
                          <SeekKeys>
                            <Prefix ScanType="EQ">
                              <RangeColumns>
                                <ColumnReference Database="[OurLabReporting]" Schema="[dbo]" Table="[MachineSet]" Column="Id" />
                              </RangeColumns>
                              <RangeExpressions>
                                <ScalarOperator ScalarString="[@local_MachineSetId]">
                                  <Identifier>
                                    <ColumnReference Column="@local_MachineSetId" />
                                  </Identifier>
                                </ScalarOperator>
                              </RangeExpressions>
                            </Prefix>
                          </SeekKeys>
                        </SeekPredicateNew>
                      </SeekPredicates>
                    </IndexScan>
                  </RelOp>
                </QueryPlan>
              </StmtSimple>
              <StmtSimple StatementText="&#x9;SELECT @local_TEDName = dbo.ResolvedTED.NAME&#xD;&#xA;&#x9;&#x9;&#x9;,@local_ResolvedTEDName = dbo.ResolvedTED.ResolvedName&#xD;&#xA;&#x9;&#x9;&#x9;,@local_TEDExecutionLink = dbo.ResolvedTED.ExecutionStatusLink&#xD;&#xA;&#x9;&#x9;&#x9;,@local_ResolvedTEDStartTime = dbo.ResolvedTED.StartDate&#xD;&#xA;&#x9;&#x9;&#x9;,@local_ResolvedTEDEndTime = dbo.ResolvedTED.EndDate&#xD;&#xA;&#x9;&#x9;&#x9;,@local_ResolvedTEDStatus = dbo.[Status].[Status]&#xD;&#xA;&#x9;&#x9;&#x9;,@local_EnvComments = dbo.ResolvedTED.Comments&#xD;&#xA;&#x9;&#x9;FROM dbo.ResolvedTED WITH (NOLOCK)&#xD;&#xA;&#x9;&#x9;LEFT JOIN dbo.[Status] WITH (NOLOCK) ON dbo.[Status].Id = dbo.ResolvedTED.StatusId&#xD;&#xA;&#x9;&#x9;WHERE dbo.ResolvedTED.Id = @local_ResolvedTEDId&#xD;&#xA;&#xD;&#xA;&#x9;" StatementId="64" StatementCompId="77" StatementType="SELECT" RetrievedFromCache="true" StatementSubTreeCost="0.00657058" StatementEstRows="1" StatementOptmLevel="FULL" QueryHash="0xEB21D3C45C970DCD" QueryPlanHash="0xCBFEFD9A95DBD5B5" StatementOptmEarlyAbortReason="GoodEnoughPlanFound">
                <StatementSetOptions QUOTED_IDENTIFIER="true" ARITHABORT="true" CONCAT_NULL_YIELDS_NULL="true" ANSI_NULLS="true" ANSI_PADDING="true" ANSI_WARNINGS="true" NUMERIC_ROUNDABORT="false" />
                <QueryPlan NonParallelPlanReason="MaxDOPSetToOne" CachedPlanSize="24" CompileTime="2" CompileCPU="2" CompileMemory="1840">
                  <MemoryGrantInfo SerialRequiredMemory="0" SerialDesiredMemory="0" />
                  <OptimizerHardwareDependentProperties EstimatedAvailableMemoryGrant="193313" EstimatedPagesCached="773254" EstimatedAvailableDegreeOfParallelism="1" />
                  <RelOp NodeId="0" PhysicalOp="Compute Scalar" LogicalOp="Compute Scalar" EstimateRows="1" EstimateIO="0" EstimateCPU="1e-007" AvgRowSize="2709" EstimatedTotalSubtreeCost="0.00657058" Parallel="0" EstimateRebinds="0" EstimateRewinds="0" EstimatedExecutionMode="Row">
                    <OutputList>
                      <ColumnReference Database="[OurLabReporting]" Schema="[dbo]" Table="[ResolvedTED]" Column="Name" />
                      <ColumnReference Database="[OurLabReporting]" Schema="[dbo]" Table="[ResolvedTED]" Column="ExecutionStatusLink" />
                      <ColumnReference Database="[OurLabReporting]" Schema="[dbo]" Table="[ResolvedTED]" Column="ResolvedName" />
                      <ColumnReference Database="[OurLabReporting]" Schema="[dbo]" Table="[ResolvedTED]" Column="StartDate" />
                      <ColumnReference Database="[OurLabReporting]" Schema="[dbo]" Table="[ResolvedTED]" Column="EndDate" />
                      <ColumnReference Column="Expr1006" />
                      <ColumnReference Column="Expr1007" />
                    </OutputList>
                    <ComputeScalar>
                      <DefinedValues>
                        <DefinedValue>
                          <ColumnReference Column="Expr1006" />
                          <ScalarOperator ScalarString="CONVERT_IMPLICIT(nvarchar(200),[OurLabReporting].[dbo].[Status].[Status],0)">
                            <Convert DataType="nvarchar" Length="400" Style="0" Implicit="1">
                              <ScalarOperator>
                                <Identifier>
                                  <ColumnReference Database="[OurLabReporting]" Schema="[dbo]" Table="[Status]" Column="Status" />
                                </Identifier>
                              </ScalarOperator>
                            </Convert>
                          </ScalarOperator>
                        </DefinedValue>
                      </DefinedValues>
                      <RelOp NodeId="1" PhysicalOp="Nested Loops" LogicalOp="Left Outer Join" EstimateRows="1" EstimateIO="0" EstimateCPU="4.18e-006" AvgRowSize="2609" EstimatedTotalSubtreeCost="0.00657048" Parallel="0" EstimateRebinds="0" EstimateRewinds="0" EstimatedExecutionMode="Row">
                        <OutputList>
                          <ColumnReference Database="[OurLabReporting]" Schema="[dbo]" Table="[ResolvedTED]" Column="Name" />
                          <ColumnReference Database="[OurLabReporting]" Schema="[dbo]" Table="[ResolvedTED]" Column="ExecutionStatusLink" />
                          <ColumnReference Database="[OurLabReporting]" Schema="[dbo]" Table="[ResolvedTED]" Column="ResolvedName" />
                          <ColumnReference Database="[OurLabReporting]" Schema="[dbo]" Table="[ResolvedTED]" Column="StartDate" />
                          <ColumnReference Database="[OurLabReporting]" Schema="[dbo]" Table="[ResolvedTED]" Column="EndDate" />
                          <ColumnReference Database="[OurLabReporting]" Schema="[dbo]" Table="[Status]" Column="Status" />
                          <ColumnReference Column="Expr1007" />
                        </OutputList>
                        <NestedLoops Optimized="0">
                          <OuterReferences>
                            <ColumnReference Database="[OurLabReporting]" Schema="[dbo]" Table="[ResolvedTED]" Column="StatusId" />
                          </OuterReferences>
                          <RelOp NodeId="2" PhysicalOp="Compute Scalar" LogicalOp="Compute Scalar" EstimateRows="1" EstimateIO="0" EstimateCPU="1e-007" AvgRowSize="2511" EstimatedTotalSubtreeCost="0.0032832" Parallel="0" EstimateRebinds="0" EstimateRewinds="0" EstimatedExecutionMode="Row">
                            <OutputList>
                              <ColumnReference Database="[OurLabReporting]" Schema="[dbo]" Table="[ResolvedTED]" Column="Name" />
                              <ColumnReference Database="[OurLabReporting]" Schema="[dbo]" Table="[ResolvedTED]" Column="ExecutionStatusLink" />
                              <ColumnReference Database="[OurLabReporting]" Schema="[dbo]" Table="[ResolvedTED]" Column="ResolvedName" />
                              <ColumnReference Database="[OurLabReporting]" Schema="[dbo]" Table="[ResolvedTED]" Column="StartDate" />
                              <ColumnReference Database="[OurLabReporting]" Schema="[dbo]" Table="[ResolvedTED]" Column="EndDate" />
                              <ColumnReference Database="[OurLabReporting]" Schema="[dbo]" Table="[ResolvedTED]" Column="StatusId" />
                              <ColumnReference Column="Expr1007" />
                            </OutputList>
                            <ComputeScalar>
                              <DefinedValues>
                                <DefinedValue>
                                  <ColumnReference Column="Expr1007" />
                                  <ScalarOperator ScalarString="CONVERT_IMPLICIT(nvarchar(250),[OurLabReporting].[dbo].[ResolvedTED].[Comments],0)">
                                    <Convert DataType="nvarchar" Length="500" Style="0" Implicit="1">
                                      <ScalarOperator>
                                        <Identifier>
                                          <ColumnReference Database="[OurLabReporting]" Schema="[dbo]" Table="[ResolvedTED]" Column="Comments" />
                                        </Identifier>
                                      </ScalarOperator>
                                    </Convert>
                                  </ScalarOperator>
                                </DefinedValue>
                              </DefinedValues>
                              <RelOp NodeId="3" PhysicalOp="Clustered Index Seek" LogicalOp="Clustered Index Seek" EstimateRows="1" EstimateIO="0.003125" EstimateCPU="0.0001581" AvgRowSize="3261" EstimatedTotalSubtreeCost="0.0032831" TableCardinality="1.37084e+006" Parallel="0" EstimateRebinds="0" EstimateRewinds="0" EstimatedExecutionMode="Row">
                                <OutputList>
                                  <ColumnReference Database="[OurLabReporting]" Schema="[dbo]" Table="[ResolvedTED]" Column="Name" />
                                  <ColumnReference Database="[OurLabReporting]" Schema="[dbo]" Table="[ResolvedTED]" Column="ExecutionStatusLink" />
                                  <ColumnReference Database="[OurLabReporting]" Schema="[dbo]" Table="[ResolvedTED]" Column="ResolvedName" />
                                  <ColumnReference Database="[OurLabReporting]" Schema="[dbo]" Table="[ResolvedTED]" Column="StartDate" />
                                  <ColumnReference Database="[OurLabReporting]" Schema="[dbo]" Table="[ResolvedTED]" Column="EndDate" />
                                  <ColumnReference Database="[OurLabReporting]" Schema="[dbo]" Table="[ResolvedTED]" Column="Comments" />
                                  <ColumnReference Database="[OurLabReporting]" Schema="[dbo]" Table="[ResolvedTED]" Column="StatusId" />
                                </OutputList>
                                <IndexScan Ordered="1" ScanDirection="FORWARD" ForcedIndex="0" ForceSeek="0" ForceScan="0" NoExpandHint="0" Storage="RowStore">
                                  <DefinedValues>
                                    <DefinedValue>
                                      <ColumnReference Database="[OurLabReporting]" Schema="[dbo]" Table="[ResolvedTED]" Column="Name" />
                                    </DefinedValue>
                                    <DefinedValue>
                                      <ColumnReference Database="[OurLabReporting]" Schema="[dbo]" Table="[ResolvedTED]" Column="ExecutionStatusLink" />
                                    </DefinedValue>
                                    <DefinedValue>
                                      <ColumnReference Database="[OurLabReporting]" Schema="[dbo]" Table="[ResolvedTED]" Column="ResolvedName" />
                                    </DefinedValue>
                                    <DefinedValue>
                                      <ColumnReference Database="[OurLabReporting]" Schema="[dbo]" Table="[ResolvedTED]" Column="StartDate" />
                                    </DefinedValue>
                                    <DefinedValue>
                                      <ColumnReference Database="[OurLabReporting]" Schema="[dbo]" Table="[ResolvedTED]" Column="EndDate" />
                                    </DefinedValue>
                                    <DefinedValue>
                                      <ColumnReference Database="[OurLabReporting]" Schema="[dbo]" Table="[ResolvedTED]" Column="Comments" />
                                    </DefinedValue>
                                    <DefinedValue>
                                      <ColumnReference Database="[OurLabReporting]" Schema="[dbo]" Table="[ResolvedTED]" Column="StatusId" />
                                    </DefinedValue>
                                  </DefinedValues>
                                  <Object Database="[OurLabReporting]" Schema="[dbo]" Table="[ResolvedTED]" Index="[ResolvedTED_PK]" IndexKind="Clustered" />
                                  <SeekPredicates>
                                    <SeekPredicateNew>
                                      <SeekKeys>
                                        <Prefix ScanType="EQ">
                                          <RangeColumns>
                                            <ColumnReference Database="[OurLabReporting]" Schema="[dbo]" Table="[ResolvedTED]" Column="Id" />
                                          </RangeColumns>
                                          <RangeExpressions>
                                            <ScalarOperator ScalarString="[@local_ResolvedTEDId]">
                                              <Identifier>
                                                <ColumnReference Column="@local_ResolvedTEDId" />
                                              </Identifier>
                                            </ScalarOperator>
                                          </RangeExpressions>
                                        </Prefix>
                                      </SeekKeys>
                                    </SeekPredicateNew>
                                  </SeekPredicates>
                                </IndexScan>
                              </RelOp>
                            </ComputeScalar>
                          </RelOp>
                          <RelOp NodeId="7" PhysicalOp="Clustered Index Seek" LogicalOp="Clustered Index Seek" EstimateRows="1" EstimateIO="0.003125" EstimateCPU="0.0001581" AvgRowSize="111" EstimatedTotalSubtreeCost="0.0032831" TableCardinality="96" Parallel="0" EstimateRebinds="0" EstimateRewinds="0" EstimatedExecutionMode="Row">
                            <OutputList>
                              <ColumnReference Database="[OurLabReporting]" Schema="[dbo]" Table="[Status]" Column="Status" />
                            </OutputList>
                            <IndexScan Ordered="1" ScanDirection="FORWARD" ForcedIndex="0" ForceSeek="0" ForceScan="0" NoExpandHint="0" Storage="RowStore">
                              <DefinedValues>
                                <DefinedValue>
                                  <ColumnReference Database="[OurLabReporting]" Schema="[dbo]" Table="[Status]" Column="Status" />
                                </DefinedValue>
                              </DefinedValues>
                              <Object Database="[OurLabReporting]" Schema="[dbo]" Table="[Status]" Index="[Status_PK]" IndexKind="Clustered" />
                              <SeekPredicates>
                                <SeekPredicateNew>
                                  <SeekKeys>
                                    <Prefix ScanType="EQ">
                                      <RangeColumns>
                                        <ColumnReference Database="[OurLabReporting]" Schema="[dbo]" Table="[Status]" Column="Id" />
                                      </RangeColumns>
                                      <RangeExpressions>
                                        <ScalarOperator ScalarString="[OurLabReporting].[dbo].[ResolvedTED].[StatusId]">
                                          <Identifier>
                                            <ColumnReference Database="[OurLabReporting]" Schema="[dbo]" Table="[ResolvedTED]" Column="StatusId" />
                                          </Identifier>
                                        </ScalarOperator>
                                      </RangeExpressions>
                                    </Prefix>
                                  </SeekKeys>
                                </SeekPredicateNew>
                              </SeekPredicates>
                            </IndexScan>
                          </RelOp>
                        </NestedLoops>
                      </RelOp>
                    </ComputeScalar>
                  </RelOp>
                </QueryPlan>
              </StmtSimple>
              <StmtSimple StatementText="&#x9;SELECT @local_TEUName = T.NAME&#xD;&#xA;&#x9;&#x9;&#x9;,@local_TEUOwner = T.[Owner]&#xD;&#xA;&#x9;&#x9;&#x9;,@local_TEUStatus = dbo.[Status].[Status]&#xD;&#xA;&#x9;&#x9;&#x9;,@local_TEULogDirectory = T.RunLogDirectory&#xD;&#xA;&#x9;&#x9;&#x9;,@local_FeaturePath = dbo.FeaturePath.[Path]&#xD;&#xA;&#x9;&#x9;&#x9;,@local_FeaturePathId = dbo.FeaturePath.Id&#xD;&#xA;&#x9;&#x9;&#x9;,@local_CustomUnc = T.CustomUnc&#xD;&#xA;&#x9;&#x9;&#x9;,@local_CustomUrl = T.CustomUrl&#xD;&#xA;&#x9;&#x9;&#x9;,@local_PrimaryRoleId = T.PrimaryRoleId&#xD;&#xA;&#x9;&#x9;&#x9;,@local_TEUHasUploaded = T.UploadComplete&#xD;&#xA;&#x9;&#x9;&#x9;,@local_TEUHasExecutionFailures = T.HasExecutionFailures&#xD;&#xA;&#x9;&#x9;&#x9;,@local_AdditionalInfo = T.AdditionalInfo&#xD;&#xA;&#x9;&#x9;&#x9;,@local_TEUIsRerun = T.IsRerun&#xD;&#xA;&#x9;&#x9;&#x9;,@local_TEUIsRerunning = T.IsRerunning&#xD;&#xA;&#x9;&#x9;&#x9;,@local_TEUIsPrimary = T.IsRerunPrimary&#xD;&#xA;&#x9;&#x9;FROM dbo.View_RerunTeu AS T WITH (NOLOCK)&#xD;&#xA;&#x9;&#x9;LEFT JOIN dbo.FeaturePath WITH (NOLOCK) ON T.FeaturePathId = dbo.FeaturePath.Id&#xD;&#xA;&#x9;&#x9;INNER JOIN dbo.[Status] WITH (NOLOCK) ON T.StatusId = dbo.[Status].Id&#xD;&#xA;&#x9;&#x9;WHERE T.Id = @local_TEUId&#xD;&#xA;&#xD;&#xA;&#x9;" StatementId="65" StatementCompId="78" StatementType="SELECT" RetrievedFromCache="true" StatementSubTreeCost="0.0131452" StatementEstRows="1" StatementOptmLevel="FULL" QueryHash="0xCA0299040BD2142D" QueryPlanHash="0x476A1374589A03DE" StatementOptmEarlyAbortReason="GoodEnoughPlanFound">
                <StatementSetOptions QUOTED_IDENTIFIER="true" ARITHABORT="true" CONCAT_NULL_YIELDS_NULL="true" ANSI_NULLS="true" ANSI_PADDING="true" ANSI_WARNINGS="true" NUMERIC_ROUNDABORT="false" />
                <QueryPlan NonParallelPlanReason="MaxDOPSetToOne" CachedPlanSize="48" CompileTime="12" CompileCPU="12" CompileMemory="2528">
                  <MemoryGrantInfo SerialRequiredMemory="0" SerialDesiredMemory="0" />
                  <OptimizerHardwareDependentProperties EstimatedAvailableMemoryGrant="193313" EstimatedPagesCached="773254" EstimatedAvailableDegreeOfParallelism="1" />
                  <RelOp NodeId="0" PhysicalOp="Nested Loops" LogicalOp="Left Outer Join" EstimateRows="1" EstimateIO="0" EstimateCPU="4.18e-006" AvgRowSize="3019" EstimatedTotalSubtreeCost="0.0131452" Parallel="0" EstimateRebinds="0" EstimateRewinds="0" EstimatedExecutionMode="Row">
                    <OutputList>
                      <ColumnReference Database="[OurLabReporting]" Schema="[dbo]" Table="[TEU]" Alias="[T]" Column="Name" />
                      <ColumnReference Database="[OurLabReporting]" Schema="[dbo]" Table="[TEU]" Alias="[T]" Column="Owner" />
                      <ColumnReference Database="[OurLabReporting]" Schema="[dbo]" Table="[TEU]" Alias="[T]" Column="RunLogDirectory" />
                      <ColumnReference Database="[OurLabReporting]" Schema="[dbo]" Table="[TEU]" Alias="[T]" Column="UploadComplete" />
                      <ColumnReference Database="[OurLabReporting]" Schema="[dbo]" Table="[TEU]" Alias="[T]" Column="CustomUrl" />
                      <ColumnReference Database="[OurLabReporting]" Schema="[dbo]" Table="[TEU]" Alias="[T]" Column="CustomUnc" />
                      <ColumnReference Database="[OurLabReporting]" Schema="[dbo]" Table="[TEU]" Alias="[T]" Column="HasExecutionFailures" />
                      <ColumnReference Database="[OurLabReporting]" Schema="[dbo]" Table="[TEU]" Alias="[T]" Column="AdditionalInfo" />
                      <ColumnReference Database="[OurLabReporting]" Schema="[dbo]" Table="[TEU]" Alias="[T]" Column="PrimaryRoleId" />
                      <ColumnReference Database="[OurLabReporting]" Schema="[dbo]" Table="[TEU]" Alias="[T]" Column="IsRerunPrimary" />
                      <ColumnReference Column="Expr1004" />
                      <ColumnReference Column="Expr1006" />
                      <ColumnReference Database="[OurLabReporting]" Schema="[dbo]" Table="[FeaturePath]" Column="Id" />
                      <ColumnReference Database="[OurLabReporting]" Schema="[dbo]" Table="[FeaturePath]" Column="Path" />
                      <ColumnReference Column="Expr1013" />
                    </OutputList>
                    <NestedLoops Optimized="0">
                      <OuterReferences>
                        <ColumnReference Database="[OurLabReporting]" Schema="[dbo]" Table="[TEU]" Alias="[T]" Column="FeaturePathId" />
                      </OuterReferences>
                      <RelOp NodeId="1" PhysicalOp="Compute Scalar" LogicalOp="Compute Scalar" EstimateRows="1" EstimateIO="0" EstimateCPU="1e-007" AvgRowSize="2617" EstimatedTotalSubtreeCost="0.00985796" Parallel="0" EstimateRebinds="0" EstimateRewinds="0" EstimatedExecutionMode="Row">
                        <OutputList>
                          <ColumnReference Database="[OurLabReporting]" Schema="[dbo]" Table="[TEU]" Alias="[T]" Column="Name" />
                          <ColumnReference Database="[OurLabReporting]" Schema="[dbo]" Table="[TEU]" Alias="[T]" Column="Owner" />
                          <ColumnReference Database="[OurLabReporting]" Schema="[dbo]" Table="[TEU]" Alias="[T]" Column="RunLogDirectory" />
                          <ColumnReference Database="[OurLabReporting]" Schema="[dbo]" Table="[TEU]" Alias="[T]" Column="UploadComplete" />
                          <ColumnReference Database="[OurLabReporting]" Schema="[dbo]" Table="[TEU]" Alias="[T]" Column="CustomUrl" />
                          <ColumnReference Database="[OurLabReporting]" Schema="[dbo]" Table="[TEU]" Alias="[T]" Column="CustomUnc" />
                          <ColumnReference Database="[OurLabReporting]" Schema="[dbo]" Table="[TEU]" Alias="[T]" Column="HasExecutionFailures" />
                          <ColumnReference Database="[OurLabReporting]" Schema="[dbo]" Table="[TEU]" Alias="[T]" Column="AdditionalInfo" />
                          <ColumnReference Database="[OurLabReporting]" Schema="[dbo]" Table="[TEU]" Alias="[T]" Column="FeaturePathId" />
                          <ColumnReference Database="[OurLabReporting]" Schema="[dbo]" Table="[TEU]" Alias="[T]" Column="PrimaryRoleId" />
                          <ColumnReference Database="[OurLabReporting]" Schema="[dbo]" Table="[TEU]" Alias="[T]" Column="IsRerunPrimary" />
                          <ColumnReference Column="Expr1004" />
                          <ColumnReference Column="Expr1006" />
                          <ColumnReference Column="Expr1013" />
                        </OutputList>
                        <ComputeScalar>
                          <DefinedValues>
                            <DefinedValue>
                              <ColumnReference Column="Expr1006" />
                              <ScalarOperator ScalarString="CONVERT(bit,CASE WHEN [OurLabReporting].[dbo].[TEU].[Id] as [R].[Id] IS NULL THEN (0) ELSE CASE WHEN [OurLabReporting].[dbo].[TEU].[Id] as [R].[Id] IS NOT NULL AND [OurLabReporting].[dbo].[TEU].[StatusId] as [R].[StatusId]&lt;&gt;(52) AND [OurLabReporting].[dbo].[TEU].[StatusId] as [R].[StatusId]&lt;&gt;(50) AND [OurLabReporting].[dbo].[TEU].[StatusId] as [R].[StatusId]&lt;&gt;(49) AND [OurLabReporting].[dbo].[TEU].[StatusId] as [R].[StatusId]&lt;&gt;(48) THEN (1) ELSE (0) END END,0)">
                                <Convert DataType="bit" Style="0" Implicit="0">
                                  <ScalarOperator>
                                    <IF>
                                      <Condition>
                                        <ScalarOperator>
                                          <Compare CompareOp="IS">
                                            <ScalarOperator>
                                              <Identifier>
                                                <ColumnReference Database="[OurLabReporting]" Schema="[dbo]" Table="[TEU]" Alias="[R]" Column="Id" />
                                              </Identifier>
                                            </ScalarOperator>
                                            <ScalarOperator>
                                              <Const ConstValue="NULL" />
                                            </ScalarOperator>
                                          </Compare>
                                        </ScalarOperator>
                                      </Condition>
                                      <Then>
                                        <ScalarOperator>
                                          <Const ConstValue="(0)" />
                                        </ScalarOperator>
                                      </Then>
                                      <Else>
                                        <ScalarOperator>
                                          <IF>
                                            <Condition>
                                              <ScalarOperator>
                                                <Logical Operation="AND">
                                                  <ScalarOperator>
                                                    <Compare CompareOp="IS NOT">
                                                      <ScalarOperator>
                                                        <Identifier>
                                                          <ColumnReference Database="[OurLabReporting]" Schema="[dbo]" Table="[TEU]" Alias="[R]" Column="Id" />
                                                        </Identifier>
                                                      </ScalarOperator>
                                                      <ScalarOperator>
                                                        <Const ConstValue="NULL" />
                                                      </ScalarOperator>
                                                    </Compare>
                                                  </ScalarOperator>
                                                  <ScalarOperator>
                                                    <Compare CompareOp="NE">
                                                      <ScalarOperator>
                                                        <Identifier>
                                                          <ColumnReference Database="[OurLabReporting]" Schema="[dbo]" Table="[TEU]" Alias="[R]" Column="StatusId" />
                                                        </Identifier>
                                                      </ScalarOperator>
                                                      <ScalarOperator>
                                                        <Const ConstValue="(52)" />
                                                      </ScalarOperator>
                                                    </Compare>
                                                  </ScalarOperator>
                                                  <ScalarOperator>
                                                    <Compare CompareOp="NE">
                                                      <ScalarOperator>
                                                        <Identifier>
                                                          <ColumnReference Database="[OurLabReporting]" Schema="[dbo]" Table="[TEU]" Alias="[R]" Column="StatusId" />
                                                        </Identifier>
                                                      </ScalarOperator>
                                                      <ScalarOperator>
                                                        <Const ConstValue="(50)" />
                                                      </ScalarOperator>
                                                    </Compare>
                                                  </ScalarOperator>
                                                  <ScalarOperator>
                                                    <Compare CompareOp="NE">
                                                      <ScalarOperator>
                                                        <Identifier>
                                                          <ColumnReference Database="[OurLabReporting]" Schema="[dbo]" Table="[TEU]" Alias="[R]" Column="StatusId" />
                                                        </Identifier>
                                                      </ScalarOperator>
                                                      <ScalarOperator>
                                                        <Const ConstValue="(49)" />
                                                      </ScalarOperator>
                                                    </Compare>
                                                  </ScalarOperator>
                                                  <ScalarOperator>
                                                    <Compare CompareOp="NE">
                                                      <ScalarOperator>
                                                        <Identifier>
                                                          <ColumnReference Database="[OurLabReporting]" Schema="[dbo]" Table="[TEU]" Alias="[R]" Column="StatusId" />
                                                        </Identifier>
                                                      </ScalarOperator>
                                                      <ScalarOperator>
                                                        <Const ConstValue="(48)" />
                                                      </ScalarOperator>
                                                    </Compare>
                                                  </ScalarOperator>
                                                </Logical>
                                              </ScalarOperator>
                                            </Condition>
                                            <Then>
                                              <ScalarOperator>
                                                <Const ConstValue="(1)" />
                                              </ScalarOperator>
                                            </Then>
                                            <Else>
                                              <ScalarOperator>
                                                <Const ConstValue="(0)" />
                                              </ScalarOperator>
                                            </Else>
                                          </IF>
                                        </ScalarOperator>
                                      </Else>
                                    </IF>
                                  </ScalarOperator>
                                </Convert>
                              </ScalarOperator>
                            </DefinedValue>
                          </DefinedValues>
                          <RelOp NodeId="2" PhysicalOp="Nested Loops" LogicalOp="Left Outer Join" EstimateRows="1" EstimateIO="0" EstimateCPU="4.18e-006" AvgRowSize="2629" EstimatedTotalSubtreeCost="0.00985786" Parallel="0" EstimateRebinds="0" EstimateRewinds="0" EstimatedExecutionMode="Row">
                            <OutputList>
                              <ColumnReference Database="[OurLabReporting]" Schema="[dbo]" Table="[TEU]" Alias="[T]" Column="Name" />
                              <ColumnReference Database="[OurLabReporting]" Schema="[dbo]" Table="[TEU]" Alias="[T]" Column="Owner" />
                              <ColumnReference Database="[OurLabReporting]" Schema="[dbo]" Table="[TEU]" Alias="[T]" Column="RunLogDirectory" />
                              <ColumnReference Database="[OurLabReporting]" Schema="[dbo]" Table="[TEU]" Alias="[T]" Column="UploadComplete" />
                              <ColumnReference Database="[OurLabReporting]" Schema="[dbo]" Table="[TEU]" Alias="[T]" Column="CustomUrl" />
                              <ColumnReference Database="[OurLabReporting]" Schema="[dbo]" Table="[TEU]" Alias="[T]" Column="CustomUnc" />
                              <ColumnReference Database="[OurLabReporting]" Schema="[dbo]" Table="[TEU]" Alias="[T]" Column="HasExecutionFailures" />
                              <ColumnReference Database="[OurLabReporting]" Schema="[dbo]" Table="[TEU]" Alias="[T]" Column="AdditionalInfo" />
                              <ColumnReference Database="[OurLabReporting]" Schema="[dbo]" Table="[TEU]" Alias="[T]" Column="FeaturePathId" />
                              <ColumnReference Database="[OurLabReporting]" Schema="[dbo]" Table="[TEU]" Alias="[T]" Column="PrimaryRoleId" />
                              <ColumnReference Database="[OurLabReporting]" Schema="[dbo]" Table="[TEU]" Alias="[T]" Column="IsRerunPrimary" />
                              <ColumnReference Database="[OurLabReporting]" Schema="[dbo]" Table="[TEU]" Alias="[R]" Column="Id" />
                              <ColumnReference Database="[OurLabReporting]" Schema="[dbo]" Table="[TEU]" Alias="[R]" Column="StatusId" />
                              <ColumnReference Column="Expr1004" />
                              <ColumnReference Column="Expr1013" />
                            </OutputList>
                            <NestedLoops Optimized="0">
                              <OuterReferences>
                                <ColumnReference Database="[OurLabReporting]" Schema="[dbo]" Table="[TEU]" Alias="[T]" Column="MixId" />
                              </OuterReferences>
                              <RelOp NodeId="3" PhysicalOp="Compute Scalar" LogicalOp="Compute Scalar" EstimateRows="1" EstimateIO="0" EstimateCPU="1e-007" AvgRowSize="2621" EstimatedTotalSubtreeCost="0.00657058" Parallel="0" EstimateRebinds="0" EstimateRewinds="0" EstimatedExecutionMode="Row">
                                <OutputList>
                                  <ColumnReference Database="[OurLabReporting]" Schema="[dbo]" Table="[TEU]" Alias="[T]" Column="MixId" />
                                  <ColumnReference Database="[OurLabReporting]" Schema="[dbo]" Table="[TEU]" Alias="[T]" Column="Name" />
                                  <ColumnReference Database="[OurLabReporting]" Schema="[dbo]" Table="[TEU]" Alias="[T]" Column="Owner" />
                                  <ColumnReference Database="[OurLabReporting]" Schema="[dbo]" Table="[TEU]" Alias="[T]" Column="RunLogDirectory" />
                                  <ColumnReference Database="[OurLabReporting]" Schema="[dbo]" Table="[TEU]" Alias="[T]" Column="UploadComplete" />
                                  <ColumnReference Database="[OurLabReporting]" Schema="[dbo]" Table="[TEU]" Alias="[T]" Column="CustomUrl" />
                                  <ColumnReference Database="[OurLabReporting]" Schema="[dbo]" Table="[TEU]" Alias="[T]" Column="CustomUnc" />
                                  <ColumnReference Database="[OurLabReporting]" Schema="[dbo]" Table="[TEU]" Alias="[T]" Column="HasExecutionFailures" />
                                  <ColumnReference Database="[OurLabReporting]" Schema="[dbo]" Table="[TEU]" Alias="[T]" Column="AdditionalInfo" />
                                  <ColumnReference Database="[OurLabReporting]" Schema="[dbo]" Table="[TEU]" Alias="[T]" Column="FeaturePathId" />
                                  <ColumnReference Database="[OurLabReporting]" Schema="[dbo]" Table="[TEU]" Alias="[T]" Column="PrimaryRoleId" />
                                  <ColumnReference Database="[OurLabReporting]" Schema="[dbo]" Table="[TEU]" Alias="[T]" Column="IsRerunPrimary" />
                                  <ColumnReference Column="Expr1004" />
                                  <ColumnReference Column="Expr1013" />
                                </OutputList>
                                <ComputeScalar>
                                  <DefinedValues>
                                    <DefinedValue>
                                      <ColumnReference Column="Expr1013" />
                                      <ScalarOperator ScalarString="CONVERT_IMPLICIT(nvarchar(50),[OurLabReporting].[dbo].[Status].[Status],0)">
                                        <Convert DataType="nvarchar" Length="100" Style="0" Implicit="1">
                                          <ScalarOperator>
                                            <Identifier>
                                              <ColumnReference Database="[OurLabReporting]" Schema="[dbo]" Table="[Status]" Column="Status" />
                                            </Identifier>
                                          </ScalarOperator>
                                        </Convert>
                                      </ScalarOperator>
                                    </DefinedValue>
                                  </DefinedValues>
                                  <RelOp NodeId="4" PhysicalOp="Nested Loops" LogicalOp="Inner Join" EstimateRows="1" EstimateIO="0" EstimateCPU="4.18e-006" AvgRowSize="2671" EstimatedTotalSubtreeCost="0.00657048" Parallel="0" EstimateRebinds="0" EstimateRewinds="0" EstimatedExecutionMode="Row">
                                    <OutputList>
                                      <ColumnReference Database="[OurLabReporting]" Schema="[dbo]" Table="[TEU]" Alias="[T]" Column="MixId" />
                                      <ColumnReference Database="[OurLabReporting]" Schema="[dbo]" Table="[TEU]" Alias="[T]" Column="Name" />
                                      <ColumnReference Database="[OurLabReporting]" Schema="[dbo]" Table="[TEU]" Alias="[T]" Column="Owner" />
                                      <ColumnReference Database="[OurLabReporting]" Schema="[dbo]" Table="[TEU]" Alias="[T]" Column="RunLogDirectory" />
                                      <ColumnReference Database="[OurLabReporting]" Schema="[dbo]" Table="[TEU]" Alias="[T]" Column="UploadComplete" />
                                      <ColumnReference Database="[OurLabReporting]" Schema="[dbo]" Table="[TEU]" Alias="[T]" Column="CustomUrl" />
                                      <ColumnReference Database="[OurLabReporting]" Schema="[dbo]" Table="[TEU]" Alias="[T]" Column="CustomUnc" />
                                      <ColumnReference Database="[OurLabReporting]" Schema="[dbo]" Table="[TEU]" Alias="[T]" Column="HasExecutionFailures" />
                                      <ColumnReference Database="[OurLabReporting]" Schema="[dbo]" Table="[TEU]" Alias="[T]" Column="AdditionalInfo" />
                                      <ColumnReference Database="[OurLabReporting]" Schema="[dbo]" Table="[TEU]" Alias="[T]" Column="FeaturePathId" />
                                      <ColumnReference Database="[OurLabReporting]" Schema="[dbo]" Table="[TEU]" Alias="[T]" Column="PrimaryRoleId" />
                                      <ColumnReference Database="[OurLabReporting]" Schema="[dbo]" Table="[TEU]" Alias="[T]" Column="IsRerunPrimary" />
                                      <ColumnReference Column="Expr1004" />
                                      <ColumnReference Database="[OurLabReporting]" Schema="[dbo]" Table="[Status]" Column="Status" />
                                    </OutputList>
                                    <NestedLoops Optimized="0">
                                      <OuterReferences>
                                        <ColumnReference Database="[OurLabReporting]" Schema="[dbo]" Table="[TEU]" Alias="[T]" Column="StatusId" />
                                      </OuterReferences>
                                      <RelOp NodeId="5" PhysicalOp="Compute Scalar" LogicalOp="Compute Scalar" EstimateRows="1" EstimateIO="0" EstimateCPU="1e-007" AvgRowSize="2573" EstimatedTotalSubtreeCost="0.0032832" Parallel="0" EstimateRebinds="0" EstimateRewinds="0" EstimatedExecutionMode="Row">
                                        <OutputList>
                                          <ColumnReference Database="[OurLabReporting]" Schema="[dbo]" Table="[TEU]" Alias="[T]" Column="MixId" />
                                          <ColumnReference Database="[OurLabReporting]" Schema="[dbo]" Table="[TEU]" Alias="[T]" Column="Name" />
                                          <ColumnReference Database="[OurLabReporting]" Schema="[dbo]" Table="[TEU]" Alias="[T]" Column="Owner" />
                                          <ColumnReference Database="[OurLabReporting]" Schema="[dbo]" Table="[TEU]" Alias="[T]" Column="RunLogDirectory" />
                                          <ColumnReference Database="[OurLabReporting]" Schema="[dbo]" Table="[TEU]" Alias="[T]" Column="UploadComplete" />
                                          <ColumnReference Database="[OurLabReporting]" Schema="[dbo]" Table="[TEU]" Alias="[T]" Column="CustomUrl" />
                                          <ColumnReference Database="[OurLabReporting]" Schema="[dbo]" Table="[TEU]" Alias="[T]" Column="CustomUnc" />
                                          <ColumnReference Database="[OurLabReporting]" Schema="[dbo]" Table="[TEU]" Alias="[T]" Column="HasExecutionFailures" />
                                          <ColumnReference Database="[OurLabReporting]" Schema="[dbo]" Table="[TEU]" Alias="[T]" Column="AdditionalInfo" />
                                          <ColumnReference Database="[OurLabReporting]" Schema="[dbo]" Table="[TEU]" Alias="[T]" Column="FeaturePathId" />
                                          <ColumnReference Database="[OurLabReporting]" Schema="[dbo]" Table="[TEU]" Alias="[T]" Column="PrimaryRoleId" />
                                          <ColumnReference Database="[OurLabReporting]" Schema="[dbo]" Table="[TEU]" Alias="[T]" Column="StatusId" />
                                          <ColumnReference Database="[OurLabReporting]" Schema="[dbo]" Table="[TEU]" Alias="[T]" Column="IsRerunPrimary" />
                                          <ColumnReference Column="Expr1004" />
                                        </OutputList>
                                        <ComputeScalar>
                                          <DefinedValues>
                                            <DefinedValue>
                                              <ColumnReference Column="Expr1004" />
                                              <ScalarOperator ScalarString="CONVERT(bit,CASE WHEN [OurLabReporting].[dbo].[TEU].[RerunSourceId] as [T].[RerunSourceId] IS NULL THEN (0) ELSE (1) END,0)">
                                                <Convert DataType="bit" Style="0" Implicit="0">
                                                  <ScalarOperator>
                                                    <IF>
                                                      <Condition>
                                                        <ScalarOperator>
                                                          <Compare CompareOp="IS">
                                                            <ScalarOperator>
                                                              <Identifier>
                                                                <ColumnReference Database="[OurLabReporting]" Schema="[dbo]" Table="[TEU]" Alias="[T]" Column="RerunSourceId" />
                                                              </Identifier>
                                                            </ScalarOperator>
                                                            <ScalarOperator>
                                                              <Const ConstValue="NULL" />
                                                            </ScalarOperator>
                                                          </Compare>
                                                        </ScalarOperator>
                                                      </Condition>
                                                      <Then>
                                                        <ScalarOperator>
                                                          <Const ConstValue="(0)" />
                                                        </ScalarOperator>
                                                      </Then>
                                                      <Else>
                                                        <ScalarOperator>
                                                          <Const ConstValue="(1)" />
                                                        </ScalarOperator>
                                                      </Else>
                                                    </IF>
                                                  </ScalarOperator>
                                                </Convert>
                                              </ScalarOperator>
                                            </DefinedValue>
                                          </DefinedValues>
                                          <RelOp NodeId="6" PhysicalOp="Clustered Index Seek" LogicalOp="Clustered Index Seek" EstimateRows="1" EstimateIO="0.003125" EstimateCPU="0.0001581" AvgRowSize="2581" EstimatedTotalSubtreeCost="0.0032831" TableCardinality="4.12024e+007" Parallel="0" EstimateRebinds="0" EstimateRewinds="0" EstimatedExecutionMode="Row">
                                            <OutputList>
                                              <ColumnReference Database="[OurLabReporting]" Schema="[dbo]" Table="[TEU]" Alias="[T]" Column="MixId" />
                                              <ColumnReference Database="[OurLabReporting]" Schema="[dbo]" Table="[TEU]" Alias="[T]" Column="Name" />
                                              <ColumnReference Database="[OurLabReporting]" Schema="[dbo]" Table="[TEU]" Alias="[T]" Column="Owner" />
                                              <ColumnReference Database="[OurLabReporting]" Schema="[dbo]" Table="[TEU]" Alias="[T]" Column="RunLogDirectory" />
                                              <ColumnReference Database="[OurLabReporting]" Schema="[dbo]" Table="[TEU]" Alias="[T]" Column="UploadComplete" />
                                              <ColumnReference Database="[OurLabReporting]" Schema="[dbo]" Table="[TEU]" Alias="[T]" Column="CustomUrl" />
                                              <ColumnReference Database="[OurLabReporting]" Schema="[dbo]" Table="[TEU]" Alias="[T]" Column="CustomUnc" />
                                              <ColumnReference Database="[OurLabReporting]" Schema="[dbo]" Table="[TEU]" Alias="[T]" Column="HasExecutionFailures" />
                                              <ColumnReference Database="[OurLabReporting]" Schema="[dbo]" Table="[TEU]" Alias="[T]" Column="AdditionalInfo" />
                                              <ColumnReference Database="[OurLabReporting]" Schema="[dbo]" Table="[TEU]" Alias="[T]" Column="FeaturePathId" />
                                              <ColumnReference Database="[OurLabReporting]" Schema="[dbo]" Table="[TEU]" Alias="[T]" Column="PrimaryRoleId" />
                                              <ColumnReference Database="[OurLabReporting]" Schema="[dbo]" Table="[TEU]" Alias="[T]" Column="StatusId" />
                                              <ColumnReference Database="[OurLabReporting]" Schema="[dbo]" Table="[TEU]" Alias="[T]" Column="IsRerunPrimary" />
                                              <ColumnReference Database="[OurLabReporting]" Schema="[dbo]" Table="[TEU]" Alias="[T]" Column="RerunSourceId" />
                                            </OutputList>
                                            <IndexScan Ordered="1" ScanDirection="FORWARD" ForcedIndex="0" ForceSeek="0" ForceScan="0" NoExpandHint="0" Storage="RowStore">
                                              <DefinedValues>
                                                <DefinedValue>
                                                  <ColumnReference Database="[OurLabReporting]" Schema="[dbo]" Table="[TEU]" Alias="[T]" Column="MixId" />
                                                </DefinedValue>
                                                <DefinedValue>
                                                  <ColumnReference Database="[OurLabReporting]" Schema="[dbo]" Table="[TEU]" Alias="[T]" Column="Name" />
                                                </DefinedValue>
                                                <DefinedValue>
                                                  <ColumnReference Database="[OurLabReporting]" Schema="[dbo]" Table="[TEU]" Alias="[T]" Column="Owner" />
                                                </DefinedValue>
                                                <DefinedValue>
                                                  <ColumnReference Database="[OurLabReporting]" Schema="[dbo]" Table="[TEU]" Alias="[T]" Column="RunLogDirectory" />
                                                </DefinedValue>
                                                <DefinedValue>
                                                  <ColumnReference Database="[OurLabReporting]" Schema="[dbo]" Table="[TEU]" Alias="[T]" Column="UploadComplete" />
                                                </DefinedValue>
                                                <DefinedValue>
                                                  <ColumnReference Database="[OurLabReporting]" Schema="[dbo]" Table="[TEU]" Alias="[T]" Column="CustomUrl" />
                                                </DefinedValue>
                                                <DefinedValue>
                                                  <ColumnReference Database="[OurLabReporting]" Schema="[dbo]" Table="[TEU]" Alias="[T]" Column="CustomUnc" />
                                                </DefinedValue>
                                                <DefinedValue>
                                                  <ColumnReference Database="[OurLabReporting]" Schema="[dbo]" Table="[TEU]" Alias="[T]" Column="HasExecutionFailures" />
                                                </DefinedValue>
                                                <DefinedValue>
                                                  <ColumnReference Database="[OurLabReporting]" Schema="[dbo]" Table="[TEU]" Alias="[T]" Column="AdditionalInfo" />
                                                </DefinedValue>
                                                <DefinedValue>
                                                  <ColumnReference Database="[OurLabReporting]" Schema="[dbo]" Table="[TEU]" Alias="[T]" Column="FeaturePathId" />
                                                </DefinedValue>
                                                <DefinedValue>
                                                  <ColumnReference Database="[OurLabReporting]" Schema="[dbo]" Table="[TEU]" Alias="[T]" Column="PrimaryRoleId" />
                                                </DefinedValue>
                                                <DefinedValue>
                                                  <ColumnReference Database="[OurLabReporting]" Schema="[dbo]" Table="[TEU]" Alias="[T]" Column="StatusId" />
                                                </DefinedValue>
                                                <DefinedValue>
                                                  <ColumnReference Database="[OurLabReporting]" Schema="[dbo]" Table="[TEU]" Alias="[T]" Column="IsRerunPrimary" />
                                                </DefinedValue>
                                                <DefinedValue>
                                                  <ColumnReference Database="[OurLabReporting]" Schema="[dbo]" Table="[TEU]" Alias="[T]" Column="RerunSourceId" />
                                                </DefinedValue>
                                              </DefinedValues>
                                              <Object Database="[OurLabReporting]" Schema="[dbo]" Table="[TEU]" Index="[Teu_PK]" Alias="[T]" IndexKind="Clustered" />
                                              <SeekPredicates>
                                                <SeekPredicateNew>
                                                  <SeekKeys>
                                                    <Prefix ScanType="EQ">
                                                      <RangeColumns>
                                                        <ColumnReference Database="[OurLabReporting]" Schema="[dbo]" Table="[TEU]" Alias="[T]" Column="Id" />
                                                      </RangeColumns>
                                                      <RangeExpressions>
                                                        <ScalarOperator ScalarString="[@local_TEUId]">
                                                          <Identifier>
                                                            <ColumnReference Column="@local_TEUId" />
                                                          </Identifier>
                                                        </ScalarOperator>
                                                      </RangeExpressions>
                                                    </Prefix>
                                                  </SeekKeys>
                                                </SeekPredicateNew>
                                              </SeekPredicates>
                                            </IndexScan>
                                          </RelOp>
                                        </ComputeScalar>
                                      </RelOp>
                                      <RelOp NodeId="10" PhysicalOp="Clustered Index Seek" LogicalOp="Clustered Index Seek" EstimateRows="1" EstimateIO="0.003125" EstimateCPU="0.0001581" AvgRowSize="111" EstimatedTotalSubtreeCost="0.0032831" TableCardinality="96" Parallel="0" EstimateRebinds="0" EstimateRewinds="0" EstimatedExecutionMode="Row">
                                        <OutputList>
                                          <ColumnReference Database="[OurLabReporting]" Schema="[dbo]" Table="[Status]" Column="Status" />
                                        </OutputList>
                                        <IndexScan Ordered="1" ScanDirection="FORWARD" ForcedIndex="0" ForceSeek="0" ForceScan="0" NoExpandHint="0" Storage="RowStore">
                                          <DefinedValues>
                                            <DefinedValue>
                                              <ColumnReference Database="[OurLabReporting]" Schema="[dbo]" Table="[Status]" Column="Status" />
                                            </DefinedValue>
                                          </DefinedValues>
                                          <Object Database="[OurLabReporting]" Schema="[dbo]" Table="[Status]" Index="[Status_PK]" IndexKind="Clustered" />
                                          <SeekPredicates>
                                            <SeekPredicateNew>
                                              <SeekKeys>
                                                <Prefix ScanType="EQ">
                                                  <RangeColumns>
                                                    <ColumnReference Database="[OurLabReporting]" Schema="[dbo]" Table="[Status]" Column="Id" />
                                                  </RangeColumns>
                                                  <RangeExpressions>
                                                    <ScalarOperator ScalarString="[OurLabReporting].[dbo].[TEU].[StatusId] as [T].[StatusId]">
                                                      <Identifier>
                                                        <ColumnReference Database="[OurLabReporting]" Schema="[dbo]" Table="[TEU]" Alias="[T]" Column="StatusId" />
                                                      </Identifier>
                                                    </ScalarOperator>
                                                  </RangeExpressions>
                                                </Prefix>
                                              </SeekKeys>
                                            </SeekPredicateNew>
                                          </SeekPredicates>
                                        </IndexScan>
                                      </RelOp>
                                    </NestedLoops>
                                  </RelOp>
                                </ComputeScalar>
                              </RelOp>
                              <RelOp NodeId="14" PhysicalOp="Index Seek" LogicalOp="Index Seek" EstimateRows="1" EstimateIO="0.003125" EstimateCPU="0.0001581" AvgRowSize="19" EstimatedTotalSubtreeCost="0.0032831" TableCardinality="4.12024e+007" Parallel="0" EstimateRebinds="0" EstimateRewinds="0" EstimatedExecutionMode="Row">
                                <OutputList>
                                  <ColumnReference Database="[OurLabReporting]" Schema="[dbo]" Table="[TEU]" Alias="[R]" Column="Id" />
                                  <ColumnReference Database="[OurLabReporting]" Schema="[dbo]" Table="[TEU]" Alias="[R]" Column="StatusId" />
                                </OutputList>
                                <IndexScan Ordered="1" ScanDirection="FORWARD" ForcedIndex="0" ForceSeek="0" ForceScan="0" NoExpandHint="0" Storage="RowStore">
                                  <DefinedValues>
                                    <DefinedValue>
                                      <ColumnReference Database="[OurLabReporting]" Schema="[dbo]" Table="[TEU]" Alias="[R]" Column="Id" />
                                    </DefinedValue>
                                    <DefinedValue>
                                      <ColumnReference Database="[OurLabReporting]" Schema="[dbo]" Table="[TEU]" Alias="[R]" Column="StatusId" />
                                    </DefinedValue>
                                  </DefinedValues>
                                  <Object Database="[OurLabReporting]" Schema="[dbo]" Table="[TEU]" Index="[Teu_IDX_Mix]" Alias="[R]" IndexKind="NonClustered" />
                                  <SeekPredicates>
                                    <SeekPredicateNew>
                                      <SeekKeys>
                                        <Prefix ScanType="EQ">
                                          <RangeColumns>
                                            <ColumnReference Database="[OurLabReporting]" Schema="[dbo]" Table="[TEU]" Alias="[R]" Column="MixId" />
                                            <ColumnReference Database="[OurLabReporting]" Schema="[dbo]" Table="[TEU]" Alias="[R]" Column="RerunSourceId" />
                                          </RangeColumns>
                                          <RangeExpressions>
                                            <ScalarOperator ScalarString="[OurLabReporting].[dbo].[TEU].[MixId] as [T].[MixId]">
                                              <Identifier>
                                                <ColumnReference Database="[OurLabReporting]" Schema="[dbo]" Table="[TEU]" Alias="[T]" Column="MixId" />
                                              </Identifier>
                                            </ScalarOperator>
                                            <ScalarOperator ScalarString="[@local_TEUId]">
                                              <Identifier>
                                                <ColumnReference Column="@local_TEUId" />
                                              </Identifier>
                                            </ScalarOperator>
                                          </RangeExpressions>
                                        </Prefix>
                                      </SeekKeys>
                                    </SeekPredicateNew>
                                  </SeekPredicates>
                                </IndexScan>
                              </RelOp>
                            </NestedLoops>
                          </RelOp>
                        </ComputeScalar>
                      </RelOp>
                      <RelOp NodeId="18" PhysicalOp="Clustered Index Seek" LogicalOp="Clustered Index Seek" EstimateRows="1" EstimateIO="0.003125" EstimateCPU="0.0001581" AvgRowSize="415" EstimatedTotalSubtreeCost="0.0032831" TableCardinality="7814" Parallel="0" EstimateRebinds="0" EstimateRewinds="0" EstimatedExecutionMode="Row">
                        <OutputList>
                          <ColumnReference Database="[OurLabReporting]" Schema="[dbo]" Table="[FeaturePath]" Column="Id" />
                          <ColumnReference Database="[OurLabReporting]" Schema="[dbo]" Table="[FeaturePath]" Column="Path" />
                        </OutputList>
                        <IndexScan Ordered="1" ScanDirection="FORWARD" ForcedIndex="0" ForceSeek="0" ForceScan="0" NoExpandHint="0" Storage="RowStore">
                          <DefinedValues>
                            <DefinedValue>
                              <ColumnReference Database="[OurLabReporting]" Schema="[dbo]" Table="[FeaturePath]" Column="Id" />
                            </DefinedValue>
                            <DefinedValue>
                              <ColumnReference Database="[OurLabReporting]" Schema="[dbo]" Table="[FeaturePath]" Column="Path" />
                            </DefinedValue>
                          </DefinedValues>
                          <Object Database="[OurLabReporting]" Schema="[dbo]" Table="[FeaturePath]" Index="[FeaturePath_PK]" IndexKind="Clustered" />
                          <SeekPredicates>
                            <SeekPredicateNew>
                              <SeekKeys>
                                <Prefix ScanType="EQ">
                                  <RangeColumns>
                                    <ColumnReference Database="[OurLabReporting]" Schema="[dbo]" Table="[FeaturePath]" Column="Id" />
                                  </RangeColumns>
                                  <RangeExpressions>
                                    <ScalarOperator ScalarString="[OurLabReporting].[dbo].[TEU].[FeaturePathId] as [T].[FeaturePathId]">
                                      <Identifier>
                                        <ColumnReference Database="[OurLabReporting]" Schema="[dbo]" Table="[TEU]" Alias="[T]" Column="FeaturePathId" />
                                      </Identifier>
                                    </ScalarOperator>
                                  </RangeExpressions>
                                </Prefix>
                              </SeekKeys>
                            </SeekPredicateNew>
                          </SeekPredicates>
                        </IndexScan>
                      </RelOp>
                    </NestedLoops>
                  </RelOp>
                </QueryPlan>
              </StmtSimple>
              <StmtSimple StatementText="&#x9;SELECT @local_PrimaryRoleName = dbo.[Role].NAME&#xD;&#xA;&#x9;&#x9;FROM dbo.[Role] WITH (NOLOCK)&#xD;&#xA;&#x9;&#x9;WHERE dbo.[Role].Id = @local_PrimaryRoleId&#xD;&#xA;&#xD;&#xA;&#x9;" StatementId="66" StatementCompId="79" StatementType="SELECT" RetrievedFromCache="true" StatementSubTreeCost="0.0032831" StatementEstRows="1" StatementOptmLevel="TRIVIAL" QueryHash="0xE1AA8CD9A0892EA5" QueryPlanHash="0xB63B67D5A78DEB6D">
                <StatementSetOptions QUOTED_IDENTIFIER="true" ARITHABORT="true" CONCAT_NULL_YIELDS_NULL="true" ANSI_NULLS="true" ANSI_PADDING="true" ANSI_WARNINGS="true" NUMERIC_ROUNDABORT="false" />
                <QueryPlan NonParallelPlanReason="MaxDOPSetToOne" CachedPlanSize="8" CompileTime="0" CompileCPU="0" CompileMemory="1720">
                  <MemoryGrantInfo SerialRequiredMemory="0" SerialDesiredMemory="0" />
                  <OptimizerHardwareDependentProperties EstimatedAvailableMemoryGrant="193313" EstimatedPagesCached="773254" EstimatedAvailableDegreeOfParallelism="1" />
                  <RelOp NodeId="0" PhysicalOp="Clustered Index Seek" LogicalOp="Clustered Index Seek" EstimateRows="1" EstimateIO="0.003125" EstimateCPU="0.0001581" AvgRowSize="61" EstimatedTotalSubtreeCost="0.0032831" TableCardinality="1.2143e+007" Parallel="0" EstimateRebinds="0" EstimateRewinds="0" EstimatedExecutionMode="Row">
                    <OutputList>
                      <ColumnReference Database="[OurLabReporting]" Schema="[dbo]" Table="[Role]" Column="Name" />
                    </OutputList>
                    <IndexScan Ordered="1" ScanDirection="FORWARD" ForcedIndex="0" ForceSeek="0" ForceScan="0" NoExpandHint="0" Storage="RowStore">
                      <DefinedValues>
                        <DefinedValue>
                          <ColumnReference Database="[OurLabReporting]" Schema="[dbo]" Table="[Role]" Column="Name" />
                        </DefinedValue>
                      </DefinedValues>
                      <Object Database="[OurLabReporting]" Schema="[dbo]" Table="[Role]" Index="[Role_PK]" IndexKind="Clustered" />
                      <SeekPredicates>
                        <SeekPredicateNew>
                          <SeekKeys>
                            <Prefix ScanType="EQ">
                              <RangeColumns>
                                <ColumnReference Database="[OurLabReporting]" Schema="[dbo]" Table="[Role]" Column="Id" />
                              </RangeColumns>
                              <RangeExpressions>
                                <ScalarOperator ScalarString="[@local_PrimaryRoleId]">
                                  <Identifier>
                                    <ColumnReference Column="@local_PrimaryRoleId" />
                                  </Identifier>
                                </ScalarOperator>
                              </RangeExpressions>
                            </Prefix>
                          </SeekKeys>
                        </SeekPredicateNew>
                      </SeekPredicates>
                    </IndexScan>
                  </RelOp>
                </QueryPlan>
              </StmtSimple>
              <StmtSimple StatementText="&#x9;SELECT @local_TestCasePath = dbo.TestCasePath.[Path]&#xD;&#xA;&#x9;&#x9;&#x9;,@local_TestCaseOwner = dbo.TestCaseResult.[Owner]&#xD;&#xA;&#x9;&#x9;&#x9;,@local_TestCaseLogFile = dbo.LogFilePath.[Path]&#xD;&#xA;&#x9;&#x9;&#x9;,@local_LoggedAt = dbo.TestCaseResult.LoggedAt&#xD;&#xA;&#x9;&#x9;FROM dbo.TestCaseResult WITH (NOLOCK)&#xD;&#xA;&#x9;&#x9;INNER JOIN dbo.TestCasePath WITH (NOLOCK) ON dbo.TestCaseResult.TestCasePathId = dbo.TestCasePath.Id&#xD;&#xA;&#x9;&#x9;INNER JOIN dbo.LogFilePath WITH (NOLOCK) ON dbo.TestCaseResult.LogFilePathId = dbo.LogFilePath.Id&#xD;&#xA;&#x9;&#x9;WHERE dbo.TestCaseResult.Id = @local_TestCaseResultId&#xD;&#xA;&#xD;&#xA;&#x9;" StatementId="67" StatementCompId="80" StatementType="SELECT" RetrievedFromCache="true" StatementSubTreeCost="2.63891" StatementEstRows="1.10029" StatementOptmLevel="FULL" QueryHash="0x1591DE5E30045BA1" QueryPlanHash="0x424329BF96634A35">
                <StatementSetOptions QUOTED_IDENTIFIER="true" ARITHABORT="true" CONCAT_NULL_YIELDS_NULL="true" ANSI_NULLS="true" ANSI_PADDING="true" ANSI_WARNINGS="true" NUMERIC_ROUNDABORT="false" />
                <QueryPlan NonParallelPlanReason="MaxDOPSetToOne" CachedPlanSize="72" CompileTime="26" CompileCPU="26" CompileMemory="3248">
                  <MemoryGrantInfo SerialRequiredMemory="1024" SerialDesiredMemory="1088" />
                  <OptimizerHardwareDependentProperties EstimatedAvailableMemoryGrant="193313" EstimatedPagesCached="773254" EstimatedAvailableDegreeOfParallelism="1" />
                  <RelOp NodeId="0" PhysicalOp="Nested Loops" LogicalOp="Inner Join" EstimateRows="1.10029" EstimateIO="0" EstimateCPU="4.59921e-006" AvgRowSize="4357" EstimatedTotalSubtreeCost="2.63891" Parallel="0" EstimateRebinds="0" EstimateRewinds="0" EstimatedExecutionMode="Row">
                    <OutputList>
                      <ColumnReference Database="[OurLabReporting]" Schema="[dbo]" Table="[TestCaseResult_part]" Column="Owner" />
                      <ColumnReference Database="[OurLabReporting]" Schema="[dbo]" Table="[TestCaseResult_part]" Column="LoggedAt" />
                      <ColumnReference Database="[OurLabReporting]" Schema="[dbo]" Table="[TestCasePath]" Column="Path" />
                      <ColumnReference Database="[OurLabReporting]" Schema="[dbo]" Table="[LogFilePath]" Column="Path" />
                    </OutputList>
                    <NestedLoops Optimized="1">
                      <OuterReferences>
                        <ColumnReference Database="[OurLabReporting]" Schema="[dbo]" Table="[TestCaseResult_part]" Column="TestCasePathId" />
                      </OuterReferences>
                      <RelOp NodeId="2" PhysicalOp="Nested Loops" LogicalOp="Inner Join" EstimateRows="1.10029" EstimateIO="0" EstimateCPU="4.59921e-006" AvgRowSize="335" EstimatedTotalSubtreeCost="2.63554" Parallel="0" EstimateRebinds="0" EstimateRewinds="0" EstimatedExecutionMode="Row">
                        <OutputList>
                          <ColumnReference Database="[OurLabReporting]" Schema="[dbo]" Table="[TestCaseResult_part]" Column="Owner" />
                          <ColumnReference Database="[OurLabReporting]" Schema="[dbo]" Table="[TestCaseResult_part]" Column="LoggedAt" />
                          <ColumnReference Database="[OurLabReporting]" Schema="[dbo]" Table="[TestCaseResult_part]" Column="TestCasePathId" />
                          <ColumnReference Database="[OurLabReporting]" Schema="[dbo]" Table="[LogFilePath]" Column="Path" />
                        </OutputList>
                        <NestedLoops Optimized="1">
                          <OuterReferences>
                            <ColumnReference Database="[OurLabReporting]" Schema="[dbo]" Table="[TestCaseResult_part]" Column="LogFilePathId" />
                          </OuterReferences>
                          <RelOp NodeId="4" PhysicalOp="Clustered Index Seek" LogicalOp="Clustered Index Seek" EstimateRows="1.10029" EstimateIO="2.50625" EstimateCPU="0.125915" AvgRowSize="81" EstimatedTotalSubtreeCost="2.63217" TableCardinality="3.58108e+008" Parallel="0" Partitioned="1" EstimateRebinds="0" EstimateRewinds="0" EstimatedExecutionMode="Row">
                            <OutputList>
                              <ColumnReference Database="[OurLabReporting]" Schema="[dbo]" Table="[TestCaseResult_part]" Column="Owner" />
                              <ColumnReference Database="[OurLabReporting]" Schema="[dbo]" Table="[TestCaseResult_part]" Column="LoggedAt" />
                              <ColumnReference Database="[OurLabReporting]" Schema="[dbo]" Table="[TestCaseResult_part]" Column="LogFilePathId" />
                              <ColumnReference Database="[OurLabReporting]" Schema="[dbo]" Table="[TestCaseResult_part]" Column="TestCasePathId" />
                            </OutputList>
                            <IndexScan Ordered="1" ScanDirection="FORWARD" ForcedIndex="0" ForceSeek="0" ForceScan="0" NoExpandHint="0" Storage="RowStore">
                              <DefinedValues>
                                <DefinedValue>
                                  <ColumnReference Database="[OurLabReporting]" Schema="[dbo]" Table="[TestCaseResult_part]" Column="Owner" />
                                </DefinedValue>
                                <DefinedValue>
                                  <ColumnReference Database="[OurLabReporting]" Schema="[dbo]" Table="[TestCaseResult_part]" Column="LoggedAt" />
                                </DefinedValue>
                                <DefinedValue>
                                  <ColumnReference Database="[OurLabReporting]" Schema="[dbo]" Table="[TestCaseResult_part]" Column="LogFilePathId" />
                                </DefinedValue>
                                <DefinedValue>
                                  <ColumnReference Database="[OurLabReporting]" Schema="[dbo]" Table="[TestCaseResult_part]" Column="TestCasePathId" />
                                </DefinedValue>
                              </DefinedValues>
                              <Object Database="[OurLabReporting]" Schema="[dbo]" Table="[TestCaseResult_part]" Index="[TestCaseResult_Part_New_PK]" IndexKind="Clustered" />
                              <SeekPredicates>
                                <SeekPredicateNew>
                                  <SeekKeys>
                                    <StartRange ScanType="GE">
                                      <RangeColumns>
                                        <ColumnReference Column="PtnId1000" />
                                      </RangeColumns>
                                      <RangeExpressions>
                                        <ScalarOperator ScalarString="(1)">
                                          <Const ConstValue="(1)" />
                                        </ScalarOperator>
                                      </RangeExpressions>
                                    </StartRange>
                                    <EndRange ScanType="LE">
                                      <RangeColumns>
                                        <ColumnReference Column="PtnId1000" />
                                      </RangeColumns>
                                      <RangeExpressions>
                                        <ScalarOperator ScalarString="(802)">
                                          <Const ConstValue="(802)" />
                                        </ScalarOperator>
                                      </RangeExpressions>
                                    </EndRange>
                                  </SeekKeys>
                                  <SeekKeys>
                                    <Prefix ScanType="EQ">
                                      <RangeColumns>
                                        <ColumnReference Database="[OurLabReporting]" Schema="[dbo]" Table="[TestCaseResult_part]" Column="Id" />
                                      </RangeColumns>
                                      <RangeExpressions>
                                        <ScalarOperator ScalarString="CONVERT_IMPLICIT(bigint,[@local_TestCaseResultId],0)">
                                          <Identifier>
                                            <ColumnReference Column="ConstExpr1010">
                                              <ScalarOperator>
                                                <Convert DataType="bigint" Style="0" Implicit="1">
                                                  <ScalarOperator>
                                                    <Identifier>
                                                      <ColumnReference Column="@local_TestCaseResultId" />
                                                    </Identifier>
                                                  </ScalarOperator>
                                                </Convert>
                                              </ScalarOperator>
                                            </ColumnReference>
                                          </Identifier>
                                        </ScalarOperator>
                                      </RangeExpressions>
                                    </Prefix>
                                  </SeekKeys>
                                </SeekPredicateNew>
                              </SeekPredicates>
                            </IndexScan>
                          </RelOp>
                          <RelOp NodeId="5" PhysicalOp="Clustered Index Seek" LogicalOp="Clustered Index Seek" EstimateRows="1" EstimateIO="0.003125" EstimateCPU="0.0001581" AvgRowSize="271" EstimatedTotalSubtreeCost="0.00336588" TableCardinality="9.06824e+007" Parallel="0" EstimateRebinds="0.10029" EstimateRewinds="0" EstimatedExecutionMode="Row">
                            <OutputList>
                              <ColumnReference Database="[OurLabReporting]" Schema="[dbo]" Table="[LogFilePath]" Column="Path" />
                            </OutputList>
                            <IndexScan Ordered="1" ScanDirection="FORWARD" ForcedIndex="0" ForceSeek="0" ForceScan="0" NoExpandHint="0" Storage="RowStore">
                              <DefinedValues>
                                <DefinedValue>
                                  <ColumnReference Database="[OurLabReporting]" Schema="[dbo]" Table="[LogFilePath]" Column="Path" />
                                </DefinedValue>
                              </DefinedValues>
                              <Object Database="[OurLabReporting]" Schema="[dbo]" Table="[LogFilePath]" Index="[LogFilePath_PK]" IndexKind="Clustered" />
                              <SeekPredicates>
                                <SeekPredicateNew>
                                  <SeekKeys>
                                    <Prefix ScanType="EQ">
                                      <RangeColumns>
                                        <ColumnReference Database="[OurLabReporting]" Schema="[dbo]" Table="[LogFilePath]" Column="Id" />
                                      </RangeColumns>
                                      <RangeExpressions>
                                        <ScalarOperator ScalarString="[OurLabReporting].[dbo].[TestCaseResult_part].[LogFilePathId]">
                                          <Identifier>
                                            <ColumnReference Database="[OurLabReporting]" Schema="[dbo]" Table="[TestCaseResult_part]" Column="LogFilePathId" />
                                          </Identifier>
                                        </ScalarOperator>
                                      </RangeExpressions>
                                    </Prefix>
                                  </SeekKeys>
                                </SeekPredicateNew>
                              </SeekPredicates>
                            </IndexScan>
                          </RelOp>
                        </NestedLoops>
                      </RelOp>
                      <RelOp NodeId="6" PhysicalOp="Clustered Index Seek" LogicalOp="Clustered Index Seek" EstimateRows="1" EstimateIO="0.003125" EstimateCPU="0.0001581" AvgRowSize="4035" EstimatedTotalSubtreeCost="0.00336588" TableCardinality="7.01821e+007" Parallel="0" EstimateRebinds="0.10029" EstimateRewinds="0" EstimatedExecutionMode="Row">
                        <OutputList>
                          <ColumnReference Database="[OurLabReporting]" Schema="[dbo]" Table="[TestCasePath]" Column="Path" />
                        </OutputList>
                        <IndexScan Ordered="1" ScanDirection="FORWARD" ForcedIndex="0" ForceSeek="0" ForceScan="0" NoExpandHint="0" Storage="RowStore">
                          <DefinedValues>
                            <DefinedValue>
                              <ColumnReference Database="[OurLabReporting]" Schema="[dbo]" Table="[TestCasePath]" Column="Path" />
                            </DefinedValue>
                          </DefinedValues>
                          <Object Database="[OurLabReporting]" Schema="[dbo]" Table="[TestCasePath]" Index="[TestCasePath_PK]" IndexKind="Clustered" />
                          <SeekPredicates>
                            <SeekPredicateNew>
                              <SeekKeys>
                                <Prefix ScanType="EQ">
                                  <RangeColumns>
                                    <ColumnReference Database="[OurLabReporting]" Schema="[dbo]" Table="[TestCasePath]" Column="Id" />
                                  </RangeColumns>
                                  <RangeExpressions>
                                    <ScalarOperator ScalarString="[OurLabReporting].[dbo].[TestCaseResult_part].[TestCasePathId]">
                                      <Identifier>
                                        <ColumnReference Database="[OurLabReporting]" Schema="[dbo]" Table="[TestCaseResult_part]" Column="TestCasePathId" />
                                      </Identifier>
                                    </ScalarOperator>
                                  </RangeExpressions>
                                </Prefix>
                              </SeekKeys>
                            </SeekPredicateNew>
                          </SeekPredicates>
                        </IndexScan>
                      </RelOp>
                    </NestedLoops>
                  </RelOp>
                </QueryPlan>
              </StmtSimple>
              <StmtSimple StatementText="&#x9;SELECT @local_TestpassList = dbo.[Function_GetTestpassList](@FailureId, 'Failure')&#xD;&#xA;&#xD;&#xA;&#x9;" StatementId="68" StatementCompId="81" StatementType="ASSIGN WITH QUERY" RetrievedFromCache="true" />
              <StmtSimple StatementText="&#x9;SELECT @local_ModifierList = dbo.[Function_GetModifierList](@FailureId, 'Failure')&#xD;&#xA;" StatementId="69" StatementCompId="82" StatementType="ASSIGN WITH QUERY" RetrievedFromCache="true" />
            </Statements>
          </Then>
        </StmtCond>
        <StmtCond StatementText="&#x9;END&#xD;&#xA;&#xD;&#xA;&#x9;IF @local_ScheduleId IS NOT NULL&#xD;&#xA;" StatementId="70" StatementCompId="84" StatementType="COND" RetrievedFromCache="true">
          <Condition />
          <Then>
            <Statements>
              <StmtSimple StatementText="&#x9;BEGIN&#xD;&#xA;&#x9;&#x9;-- get build/schedule details&#xD;&#xA;&#x9;&#x9;SELECT @local_ScheduleName = S.NAME&#xD;&#xA;&#x9;&#x9;&#x9;,@local_ScheduleId = S.Id&#xD;&#xA;&#x9;&#x9;&#x9;,@local_ScheduleStartDate = S.StartDate&#xD;&#xA;&#x9;&#x9;&#x9;,@local_ScheduleEndDate = S.EndDate&#xD;&#xA;&#x9;&#x9;&#x9;,@local_ScheduleRLD = S.RunLogDirectory&#xD;&#xA;&#x9;&#x9;&#x9;,@local_ScheduleStatus = dbo.[Status].[Status]&#xD;&#xA;&#x9;&#x9;&#x9;,@local_BuildVersionId = dbo.BuildVersion.Id&#xD;&#xA;&#x9;&#x9;&#x9;,@local_FullBuildNumber = dbo.BuildVersion.FullBuildNumber&#xD;&#xA;&#x9;&#x9;&#x9;,@local_Branch = Branch&#xD;&#xA;&#x9;&#x9;&#x9;,@local_ScheduleComments = S.Comments&#xD;&#xA;&#x9;&#x9;&#x9;,@local_ScheduleIsRerun = RS.IsRerun&#xD;&#xA;&#x9;&#x9;&#x9;,@local_ScheduleIsRerunning = RS.IsRerunning&#xD;&#xA;&#x9;&#x9;FROM dbo.Schedule AS S WITH (NOLOCK)&#xD;&#xA;&#x9;&#x9;INNER JOIN dbo.View_RerunSchedule AS RS WITH (NOLOCK) ON RS.Id = S.Id&#xD;&#xA;&#x9;&#x9;INNER JOIN dbo.BuildVersion WITH (NOLOCK) ON S.BuildVersionId = dbo.BuildVersion.Id&#xD;&#xA;&#x9;&#x9;INNER JOIN dbo.[Status] WITH (NOLOCK) ON S.StatusId = dbo.[Status].Id&#xD;&#xA;&#x9;&#x9;WHERE S.Id = @local_ScheduleId&#xD;&#xA;&#xD;&#xA;&#x9;" StatementId="71" StatementCompId="85" StatementType="SELECT" RetrievedFromCache="true" StatementSubTreeCost="0.0432681" StatementEstRows="1" StatementOptmLevel="FULL" QueryHash="0x69F04BC8BA173F3D" QueryPlanHash="0x62C1F85611036C9" StatementOptmEarlyAbortReason="GoodEnoughPlanFound">
                <StatementSetOptions QUOTED_IDENTIFIER="true" ARITHABORT="true" CONCAT_NULL_YIELDS_NULL="true" ANSI_NULLS="true" ANSI_PADDING="true" ANSI_WARNINGS="true" NUMERIC_ROUNDABORT="false" />
                <QueryPlan NonParallelPlanReason="MaxDOPSetToOne" CachedPlanSize="88" CompileTime="30" CompileCPU="30" CompileMemory="3472">
                  <MemoryGrantInfo SerialRequiredMemory="512" SerialDesiredMemory="544" />
                  <OptimizerHardwareDependentProperties EstimatedAvailableMemoryGrant="193313" EstimatedPagesCached="773254" EstimatedAvailableDegreeOfParallelism="1" />
                  <RelOp NodeId="0" PhysicalOp="Compute Scalar" LogicalOp="Compute Scalar" EstimateRows="1" EstimateIO="0" EstimateCPU="1e-007" AvgRowSize="1163" EstimatedTotalSubtreeCost="0.0432681" Parallel="0" EstimateRebinds="0" EstimateRewinds="0" EstimatedExecutionMode="Row">
                    <OutputList>
                      <ColumnReference Database="[OurLabReporting]" Schema="[dbo]" Table="[Schedule]" Alias="[S]" Column="Id" />
                      <ColumnReference Database="[OurLabReporting]" Schema="[dbo]" Table="[Schedule]" Alias="[S]" Column="StartDate" />
                      <ColumnReference Database="[OurLabReporting]" Schema="[dbo]" Table="[Schedule]" Alias="[S]" Column="EndDate" />
                      <ColumnReference Database="[OurLabReporting]" Schema="[dbo]" Table="[Schedule]" Alias="[S]" Column="Name" />
                      <ColumnReference Column="Expr1004" />
                      <ColumnReference Column="Expr1027" />
                      <ColumnReference Database="[OurLabReporting]" Schema="[dbo]" Table="[BuildVersion]" Column="Id" />
                      <ColumnReference Database="[OurLabReporting]" Schema="[dbo]" Table="[BuildVersion]" Column="Branch" />
                      <ColumnReference Database="[OurLabReporting]" Schema="[dbo]" Table="[BuildVersion]" Column="FullBuildNumber" />
                      <ColumnReference Column="Expr1034" />
                      <ColumnReference Column="Expr1035" />
                      <ColumnReference Column="Expr1036" />
                    </OutputList>
                    <ComputeScalar>
                      <DefinedValues>
                        <DefinedValue>
                          <ColumnReference Column="Expr1004" />
                          <ScalarOperator ScalarString="(0)">
                            <Const ConstValue="(0)" />
                          </ScalarOperator>
                        </DefinedValue>
                        <DefinedValue>
                          <ColumnReference Column="Expr1027" />
                          <ScalarOperator ScalarString="CONVERT(bit,CASE WHEN [Expr1037] AND [Expr1038] IS NULL THEN (1) ELSE (0) END,0)">
                            <Convert DataType="bit" Style="0" Implicit="0">
                              <ScalarOperator>
                                <IF>
                                  <Condition>
                                    <ScalarOperator>
                                      <Logical Operation="AND">
                                        <ScalarOperator>
                                          <Identifier>
                                            <ColumnReference Column="Expr1037" />
                                          </Identifier>
                                        </ScalarOperator>
                                        <ScalarOperator>
                                          <Compare CompareOp="IS">
                                            <ScalarOperator>
                                              <Identifier>
                                                <ColumnReference Column="Expr1038" />
                                              </Identifier>
                                            </ScalarOperator>
                                            <ScalarOperator>
                                              <Const ConstValue="NULL" />
                                            </ScalarOperator>
                                          </Compare>
                                        </ScalarOperator>
                                      </Logical>
                                    </ScalarOperator>
                                  </Condition>
                                  <Then>
                                    <ScalarOperator>
                                      <Const ConstValue="(1)" />
                                    </ScalarOperator>
                                  </Then>
                                  <Else>
                                    <ScalarOperator>
                                      <Const ConstValue="(0)" />
                                    </ScalarOperator>
                                  </Else>
                                </IF>
                              </ScalarOperator>
                            </Convert>
                          </ScalarOperator>
                        </DefinedValue>
                      </DefinedValues>
                      <RelOp NodeId="1" PhysicalOp="Nested Loops" LogicalOp="Inner Join" EstimateRows="1" EstimateIO="0" EstimateCPU="4.18e-006" AvgRowSize="1163" EstimatedTotalSubtreeCost="0.043268" Parallel="0" EstimateRebinds="0" EstimateRewinds="0" EstimatedExecutionMode="Row">
                        <OutputList>
                          <ColumnReference Database="[OurLabReporting]" Schema="[dbo]" Table="[Schedule]" Alias="[S]" Column="Id" />
                          <ColumnReference Database="[OurLabReporting]" Schema="[dbo]" Table="[Schedule]" Alias="[S]" Column="StartDate" />
                          <ColumnReference Database="[OurLabReporting]" Schema="[dbo]" Table="[Schedule]" Alias="[S]" Column="EndDate" />
                          <ColumnReference Database="[OurLabReporting]" Schema="[dbo]" Table="[Schedule]" Alias="[S]" Column="Name" />
                          <ColumnReference Database="[OurLabReporting]" Schema="[dbo]" Table="[BuildVersion]" Column="Id" />
                          <ColumnReference Database="[OurLabReporting]" Schema="[dbo]" Table="[BuildVersion]" Column="Branch" />
                          <ColumnReference Database="[OurLabReporting]" Schema="[dbo]" Table="[BuildVersion]" Column="FullBuildNumber" />
                          <ColumnReference Column="Expr1034" />
                          <ColumnReference Column="Expr1035" />
                          <ColumnReference Column="Expr1036" />
                          <ColumnReference Column="Expr1037" />
                          <ColumnReference Column="Expr1038" />
                        </OutputList>
                        <NestedLoops Optimized="0">
                          <OuterReferences>
                            <ColumnReference Database="[OurLabReporting]" Schema="[dbo]" Table="[Schedule]" Alias="[S]" Column="BuildVersionId" />
                          </OuterReferences>
                          <RelOp NodeId="2" PhysicalOp="Compute Scalar" LogicalOp="Compute Scalar" EstimateRows="1" EstimateIO="0" EstimateCPU="1e-007" AvgRowSize="803" EstimatedTotalSubtreeCost="0.0399807" Parallel="0" EstimateRebinds="0" EstimateRewinds="0" EstimatedExecutionMode="Row">
                            <OutputList>
                              <ColumnReference Database="[OurLabReporting]" Schema="[dbo]" Table="[Schedule]" Alias="[S]" Column="Id" />
                              <ColumnReference Database="[OurLabReporting]" Schema="[dbo]" Table="[Schedule]" Alias="[S]" Column="StartDate" />
                              <ColumnReference Database="[OurLabReporting]" Schema="[dbo]" Table="[Schedule]" Alias="[S]" Column="EndDate" />
                              <ColumnReference Database="[OurLabReporting]" Schema="[dbo]" Table="[Schedule]" Alias="[S]" Column="Name" />
                              <ColumnReference Database="[OurLabReporting]" Schema="[dbo]" Table="[Schedule]" Alias="[S]" Column="BuildVersionId" />
                              <ColumnReference Column="Expr1034" />
                              <ColumnReference Column="Expr1035" />
                              <ColumnReference Column="Expr1036" />
                              <ColumnReference Column="Expr1037" />
                              <ColumnReference Column="Expr1038" />
                            </OutputList>
                            <ComputeScalar>
                              <DefinedValues>
                                <DefinedValue>
                                  <ColumnReference Column="Expr1035" />
                                  <ScalarOperator ScalarString="CONVERT_IMPLICIT(nvarchar(50),[OurLabReporting].[dbo].[Status].[Status],0)">
                                    <Convert DataType="nvarchar" Length="100" Style="0" Implicit="1">
                                      <ScalarOperator>
                                        <Identifier>
                                          <ColumnReference Database="[OurLabReporting]" Schema="[dbo]" Table="[Status]" Column="Status" />
                                        </Identifier>
                                      </ScalarOperator>
                                    </Convert>
                                  </ScalarOperator>
                                </DefinedValue>
                              </DefinedValues>
                              <RelOp NodeId="3" PhysicalOp="Nested Loops" LogicalOp="Inner Join" EstimateRows="1" EstimateIO="0" EstimateCPU="4.18e-006" AvgRowSize="853" EstimatedTotalSubtreeCost="0.0399806" Parallel="0" EstimateRebinds="0" EstimateRewinds="0" EstimatedExecutionMode="Row">
                                <OutputList>
                                  <ColumnReference Database="[OurLabReporting]" Schema="[dbo]" Table="[Schedule]" Alias="[S]" Column="Id" />
                                  <ColumnReference Database="[OurLabReporting]" Schema="[dbo]" Table="[Schedule]" Alias="[S]" Column="StartDate" />
                                  <ColumnReference Database="[OurLabReporting]" Schema="[dbo]" Table="[Schedule]" Alias="[S]" Column="EndDate" />
                                  <ColumnReference Database="[OurLabReporting]" Schema="[dbo]" Table="[Schedule]" Alias="[S]" Column="Name" />
                                  <ColumnReference Database="[OurLabReporting]" Schema="[dbo]" Table="[Schedule]" Alias="[S]" Column="BuildVersionId" />
                                  <ColumnReference Database="[OurLabReporting]" Schema="[dbo]" Table="[Status]" Column="Status" />
                                  <ColumnReference Column="Expr1034" />
                                  <ColumnReference Column="Expr1036" />
                                  <ColumnReference Column="Expr1037" />
                                  <ColumnReference Column="Expr1038" />
                                </OutputList>
                                <NestedLoops Optimized="0">
                                  <OuterReferences>
                                    <ColumnReference Database="[OurLabReporting]" Schema="[dbo]" Table="[Schedule]" Alias="[S]" Column="StatusId" />
                                  </OuterReferences>
                                  <RelOp NodeId="4" PhysicalOp="Nested Loops" LogicalOp="Inner Join" EstimateRows="1" EstimateIO="0" EstimateCPU="4.18e-006" AvgRowSize="755" EstimatedTotalSubtreeCost="0.0366933" Parallel="0" EstimateRebinds="0" EstimateRewinds="0" EstimatedExecutionMode="Row">
                                    <OutputList>
                                      <ColumnReference Database="[OurLabReporting]" Schema="[dbo]" Table="[Schedule]" Alias="[S]" Column="Id" />
                                      <ColumnReference Database="[OurLabReporting]" Schema="[dbo]" Table="[Schedule]" Alias="[S]" Column="StartDate" />
                                      <ColumnReference Database="[OurLabReporting]" Schema="[dbo]" Table="[Schedule]" Alias="[S]" Column="EndDate" />
                                      <ColumnReference Database="[OurLabReporting]" Schema="[dbo]" Table="[Schedule]" Alias="[S]" Column="Name" />
                                      <ColumnReference Database="[OurLabReporting]" Schema="[dbo]" Table="[Schedule]" Alias="[S]" Column="BuildVersionId" />
                                      <ColumnReference Database="[OurLabReporting]" Schema="[dbo]" Table="[Schedule]" Alias="[S]" Column="StatusId" />
                                      <ColumnReference Column="Expr1034" />
                                      <ColumnReference Column="Expr1036" />
                                      <ColumnReference Column="Expr1037" />
                                      <ColumnReference Column="Expr1038" />
                                    </OutputList>
                                    <NestedLoops Optimized="0">
                                      <RelOp NodeId="5" PhysicalOp="Compute Scalar" LogicalOp="Compute Scalar" EstimateRows="1" EstimateIO="0" EstimateCPU="1e-007" AvgRowSize="753" EstimatedTotalSubtreeCost="0.0032832" Parallel="0" EstimateRebinds="0" EstimateRewinds="0" EstimatedExecutionMode="Row">
                                        <OutputList>
                                          <ColumnReference Database="[OurLabReporting]" Schema="[dbo]" Table="[Schedule]" Alias="[S]" Column="Id" />
                                          <ColumnReference Database="[OurLabReporting]" Schema="[dbo]" Table="[Schedule]" Alias="[S]" Column="StartDate" />
                                          <ColumnReference Database="[OurLabReporting]" Schema="[dbo]" Table="[Schedule]" Alias="[S]" Column="EndDate" />
                                          <ColumnReference Database="[OurLabReporting]" Schema="[dbo]" Table="[Schedule]" Alias="[S]" Column="Name" />
                                          <ColumnReference Database="[OurLabReporting]" Schema="[dbo]" Table="[Schedule]" Alias="[S]" Column="BuildVersionId" />
                                          <ColumnReference Database="[OurLabReporting]" Schema="[dbo]" Table="[Schedule]" Alias="[S]" Column="StatusId" />
                                          <ColumnReference Column="Expr1034" />
                                          <ColumnReference Column="Expr1036" />
                                        </OutputList>
                                        <ComputeScalar>
                                          <DefinedValues>
                                            <DefinedValue>
                                              <ColumnReference Column="Expr1034" />
                                              <ScalarOperator ScalarString="CONVERT_IMPLICIT(nvarchar(260),[OurLabReporting].[dbo].[Schedule].[RunLogDirectory] as [S].[RunLogDirectory],0)">
                                                <Convert DataType="nvarchar" Length="520" Style="0" Implicit="1">
                                                  <ScalarOperator>
                                                    <Identifier>
                                                      <ColumnReference Database="[OurLabReporting]" Schema="[dbo]" Table="[Schedule]" Alias="[S]" Column="RunLogDirectory" />
                                                    </Identifier>
                                                  </ScalarOperator>
                                                </Convert>
                                              </ScalarOperator>
                                            </DefinedValue>
                                            <DefinedValue>
                                              <ColumnReference Column="Expr1036" />
                                              <ScalarOperator ScalarString="CONVERT_IMPLICIT(nvarchar(250),[OurLabReporting].[dbo].[Schedule].[Comments] as [S].[Comments],0)">
                                                <Convert DataType="nvarchar" Length="500" Style="0" Implicit="1">
                                                  <ScalarOperator>
                                                    <Identifier>
                                                      <ColumnReference Database="[OurLabReporting]" Schema="[dbo]" Table="[Schedule]" Alias="[S]" Column="Comments" />
                                                    </Identifier>
                                                  </ScalarOperator>
                                                </Convert>
                                              </ScalarOperator>
                                            </DefinedValue>
                                          </DefinedValues>
                                          <RelOp NodeId="6" PhysicalOp="Clustered Index Seek" LogicalOp="Clustered Index Seek" EstimateRows="1" EstimateIO="0.003125" EstimateCPU="0.0001581" AvgRowSize="1373" EstimatedTotalSubtreeCost="0.0032831" TableCardinality="1.44031e+006" Parallel="0" EstimateRebinds="0" EstimateRewinds="0" EstimatedExecutionMode="Row">
                                            <OutputList>
                                              <ColumnReference Database="[OurLabReporting]" Schema="[dbo]" Table="[Schedule]" Alias="[S]" Column="Id" />
                                              <ColumnReference Database="[OurLabReporting]" Schema="[dbo]" Table="[Schedule]" Alias="[S]" Column="StartDate" />
                                              <ColumnReference Database="[OurLabReporting]" Schema="[dbo]" Table="[Schedule]" Alias="[S]" Column="EndDate" />
                                              <ColumnReference Database="[OurLabReporting]" Schema="[dbo]" Table="[Schedule]" Alias="[S]" Column="Name" />
                                              <ColumnReference Database="[OurLabReporting]" Schema="[dbo]" Table="[Schedule]" Alias="[S]" Column="RunLogDirectory" />
                                              <ColumnReference Database="[OurLabReporting]" Schema="[dbo]" Table="[Schedule]" Alias="[S]" Column="Comments" />
                                              <ColumnReference Database="[OurLabReporting]" Schema="[dbo]" Table="[Schedule]" Alias="[S]" Column="BuildVersionId" />
                                              <ColumnReference Database="[OurLabReporting]" Schema="[dbo]" Table="[Schedule]" Alias="[S]" Column="StatusId" />
                                            </OutputList>
                                            <IndexScan Ordered="1" ScanDirection="FORWARD" ForcedIndex="0" ForceSeek="0" ForceScan="0" NoExpandHint="0" Storage="RowStore">
                                              <DefinedValues>
                                                <DefinedValue>
                                                  <ColumnReference Database="[OurLabReporting]" Schema="[dbo]" Table="[Schedule]" Alias="[S]" Column="Id" />
                                                </DefinedValue>
                                                <DefinedValue>
                                                  <ColumnReference Database="[OurLabReporting]" Schema="[dbo]" Table="[Schedule]" Alias="[S]" Column="StartDate" />
                                                </DefinedValue>
                                                <DefinedValue>
                                                  <ColumnReference Database="[OurLabReporting]" Schema="[dbo]" Table="[Schedule]" Alias="[S]" Column="EndDate" />
                                                </DefinedValue>
                                                <DefinedValue>
                                                  <ColumnReference Database="[OurLabReporting]" Schema="[dbo]" Table="[Schedule]" Alias="[S]" Column="Name" />
                                                </DefinedValue>
                                                <DefinedValue>
                                                  <ColumnReference Database="[OurLabReporting]" Schema="[dbo]" Table="[Schedule]" Alias="[S]" Column="RunLogDirectory" />
                                                </DefinedValue>
                                                <DefinedValue>
                                                  <ColumnReference Database="[OurLabReporting]" Schema="[dbo]" Table="[Schedule]" Alias="[S]" Column="Comments" />
                                                </DefinedValue>
                                                <DefinedValue>
                                                  <ColumnReference Database="[OurLabReporting]" Schema="[dbo]" Table="[Schedule]" Alias="[S]" Column="BuildVersionId" />
                                                </DefinedValue>
                                                <DefinedValue>
                                                  <ColumnReference Database="[OurLabReporting]" Schema="[dbo]" Table="[Schedule]" Alias="[S]" Column="StatusId" />
                                                </DefinedValue>
                                              </DefinedValues>
                                              <Object Database="[OurLabReporting]" Schema="[dbo]" Table="[Schedule]" Index="[Schedule_PK]" Alias="[S]" TableReferenceId="1" IndexKind="Clustered" />
                                              <SeekPredicates>
                                                <SeekPredicateNew>
                                                  <SeekKeys>
                                                    <Prefix ScanType="EQ">
                                                      <RangeColumns>
                                                        <ColumnReference Database="[OurLabReporting]" Schema="[dbo]" Table="[Schedule]" Alias="[S]" Column="Id" />
                                                      </RangeColumns>
                                                      <RangeExpressions>
                                                        <ScalarOperator ScalarString="[@local_ScheduleId]">
                                                          <Identifier>
                                                            <ColumnReference Column="@local_ScheduleId" />
                                                          </Identifier>
                                                        </ScalarOperator>
                                                      </RangeExpressions>
                                                    </Prefix>
                                                  </SeekKeys>
                                                </SeekPredicateNew>
                                              </SeekPredicates>
                                            </IndexScan>
                                          </RelOp>
                                        </ComputeScalar>
                                      </RelOp>
                                      <RelOp NodeId="12" PhysicalOp="Nested Loops" LogicalOp="Left Semi Join" EstimateRows="1" EstimateIO="0" EstimateCPU="4.18e-006" AvgRowSize="9" EstimatedTotalSubtreeCost="0.0334059" Parallel="0" EstimateRebinds="0" EstimateRewinds="0" EstimatedExecutionMode="Row">
                                        <OutputList>
                                          <ColumnReference Column="Expr1037" />
                                          <ColumnReference Column="Expr1038" />
                                        </OutputList>
                                        <NestedLoops Optimized="0">
                                          <DefinedValues>
                                            <DefinedValue>
                                              <ColumnReference Column="Expr1038" />
                                            </DefinedValue>
                                          </DefinedValues>
                                          <OuterReferences>
                                            <ColumnReference Database="[OurLabReporting]" Schema="[dbo]" Table="[Schedule]" Alias="[S]" Column="Id" />
                                          </OuterReferences>
                                          <ProbeColumn>
                                            <ColumnReference Column="Expr1038" />
                                          </ProbeColumn>
                                          <RelOp NodeId="13" PhysicalOp="Nested Loops" LogicalOp="Left Semi Join" EstimateRows="1" EstimateIO="0" EstimateCPU="4.18e-006" AvgRowSize="12" EstimatedTotalSubtreeCost="0.014596" Parallel="0" EstimateRebinds="0" EstimateRewinds="0" EstimatedExecutionMode="Row">
                                            <OutputList>
                                              <ColumnReference Database="[OurLabReporting]" Schema="[dbo]" Table="[Schedule]" Alias="[S]" Column="Id" />
                                              <ColumnReference Column="Expr1037" />
                                            </OutputList>
                                            <NestedLoops Optimized="0">
                                              <DefinedValues>
                                                <DefinedValue>
                                                  <ColumnReference Column="Expr1037" />
                                                </DefinedValue>
                                              </DefinedValues>
                                              <OuterReferences>
                                                <ColumnReference Database="[OurLabReporting]" Schema="[dbo]" Table="[Schedule]" Alias="[S]" Column="Id" />
                                              </OuterReferences>
                                              <ProbeColumn>
                                                <ColumnReference Column="Expr1037" />
                                              </ProbeColumn>
                                              <RelOp NodeId="14" PhysicalOp="Clustered Index Seek" LogicalOp="Clustered Index Seek" EstimateRows="1" EstimateIO="0.003125" EstimateCPU="0.0001581" AvgRowSize="11" EstimatedTotalSubtreeCost="0.0032831" TableCardinality="1.44031e+006" Parallel="0" EstimateRebinds="0" EstimateRewinds="0" EstimatedExecutionMode="Row">
                                                <OutputList>
                                                  <ColumnReference Database="[OurLabReporting]" Schema="[dbo]" Table="[Schedule]" Alias="[S]" Column="Id" />
                                                </OutputList>
                                                <IndexScan Ordered="1" ScanDirection="FORWARD" ForcedIndex="0" ForceSeek="0" ForceScan="0" NoExpandHint="0" Storage="RowStore">
                                                  <DefinedValues>
                                                    <DefinedValue>
                                                      <ColumnReference Database="[OurLabReporting]" Schema="[dbo]" Table="[Schedule]" Alias="[S]" Column="Id" />
                                                    </DefinedValue>
                                                  </DefinedValues>
                                                  <Object Database="[OurLabReporting]" Schema="[dbo]" Table="[Schedule]" Index="[Schedule_PK]" Alias="[S]" TableReferenceId="2" IndexKind="Clustered" />
                                                  <SeekPredicates>
                                                    <SeekPredicateNew>
                                                      <SeekKeys>
                                                        <Prefix ScanType="EQ">
                                                          <RangeColumns>
                                                            <ColumnReference Database="[OurLabReporting]" Schema="[dbo]" Table="[Schedule]" Alias="[S]" Column="Id" />
                                                          </RangeColumns>
                                                          <RangeExpressions>
                                                            <ScalarOperator ScalarString="[@local_ScheduleId]">
                                                              <Identifier>
                                                                <ColumnReference Column="@local_ScheduleId" />
                                                              </Identifier>
                                                            </ScalarOperator>
                                                          </RangeExpressions>
                                                        </Prefix>
                                                      </SeekKeys>
                                                    </SeekPredicateNew>
                                                  </SeekPredicates>
                                                </IndexScan>
                                              </RelOp>
                                              <RelOp NodeId="15" PhysicalOp="Nested Loops" LogicalOp="Inner Join" EstimateRows="1" EstimateIO="0" EstimateCPU="5.61809e-006" AvgRowSize="9" EstimatedTotalSubtreeCost="0.0113087" Parallel="0" EstimateRebinds="0" EstimateRewinds="0" EstimatedExecutionMode="Row">
                                                <OutputList />
                                                <NestedLoops Optimized="1">
                                                  <OuterReferences>
                                                    <ColumnReference Database="[OurLabReporting]" Schema="[dbo]" Table="[TestpassPackageMapping]" Alias="[TPM]" Column="MixId" />
                                                  </OuterReferences>
                                                  <RelOp NodeId="17" PhysicalOp="Nested Loops" LogicalOp="Inner Join" EstimateRows="1" EstimateIO="0" EstimateCPU="5.26861e-006" AvgRowSize="11" EstimatedTotalSubtreeCost="0.00657038" Parallel="0" EstimateRebinds="0" EstimateRewinds="0" EstimatedExecutionMode="Row">
                                                    <OutputList>
                                                      <ColumnReference Database="[OurLabReporting]" Schema="[dbo]" Table="[TestpassPackageMapping]" Alias="[TPM]" Column="MixId" />
                                                    </OutputList>
                                                    <NestedLoops Optimized="0">
                                                      <OuterReferences>
                                                        <ColumnReference Database="[OurLabReporting]" Schema="[dbo]" Table="[ScheduleTestpassMapping]" Alias="[STM]" Column="TestpassId" />
                                                      </OuterReferences>
                                                      <RelOp NodeId="18" PhysicalOp="Clustered Index Seek" LogicalOp="Clustered Index Seek" EstimateRows="1" EstimateIO="0.003125" EstimateCPU="0.0001581" AvgRowSize="11" EstimatedTotalSubtreeCost="0.0032831" TableCardinality="1.4403e+006" Parallel="0" EstimateRebinds="0" EstimateRewinds="0" EstimatedExecutionMode="Row">
                                                        <OutputList>
                                                          <ColumnReference Database="[OurLabReporting]" Schema="[dbo]" Table="[ScheduleTestpassMapping]" Alias="[STM]" Column="TestpassId" />
                                                        </OutputList>
                                                        <IndexScan Ordered="1" ScanDirection="FORWARD" ForcedIndex="0" ForceSeek="0" ForceScan="0" NoExpandHint="0" Storage="RowStore">
                                                          <DefinedValues>
                                                            <DefinedValue>
                                                              <ColumnReference Database="[OurLabReporting]" Schema="[dbo]" Table="[ScheduleTestpassMapping]" Alias="[STM]" Column="TestpassId" />
                                                            </DefinedValue>
                                                          </DefinedValues>
                                                          <Object Database="[OurLabReporting]" Schema="[dbo]" Table="[ScheduleTestpassMapping]" Index="[ScheduleTestpassMapping_PK]" Alias="[STM]" TableReferenceId="2" IndexKind="Clustered" />
                                                          <SeekPredicates>
                                                            <SeekPredicateNew>
                                                              <SeekKeys>
                                                                <Prefix ScanType="EQ">
                                                                  <RangeColumns>
                                                                    <ColumnReference Database="[OurLabReporting]" Schema="[dbo]" Table="[ScheduleTestpassMapping]" Alias="[STM]" Column="ScheduleId" />
                                                                  </RangeColumns>
                                                                  <RangeExpressions>
                                                                    <ScalarOperator ScalarString="[OurLabReporting].[dbo].[Schedule].[Id] as [S].[Id]">
                                                                      <Identifier>
                                                                        <ColumnReference Database="[OurLabReporting]" Schema="[dbo]" Table="[Schedule]" Alias="[S]" Column="Id" />
                                                                      </Identifier>
                                                                    </ScalarOperator>
                                                                  </RangeExpressions>
                                                                </Prefix>
                                                              </SeekKeys>
                                                            </SeekPredicateNew>
                                                          </SeekPredicates>
                                                        </IndexScan>
                                                      </RelOp>
                                                      <RelOp NodeId="19" PhysicalOp="Index Seek" LogicalOp="Index Seek" EstimateRows="1" EstimateIO="0.003125" EstimateCPU="0.000158386" AvgRowSize="11" EstimatedTotalSubtreeCost="0.0032831" TableCardinality="1.48174e+006" Parallel="0" EstimateRebinds="0" EstimateRewinds="0" EstimatedExecutionMode="Row">
                                                        <OutputList>
                                                          <ColumnReference Database="[OurLabReporting]" Schema="[dbo]" Table="[TestpassPackageMapping]" Alias="[TPM]" Column="MixId" />
                                                        </OutputList>
                                                        <IndexScan Ordered="1" ScanDirection="FORWARD" ForcedIndex="0" ForceSeek="0" ForceScan="0" NoExpandHint="0" Storage="RowStore">
                                                          <DefinedValues>
                                                            <DefinedValue>
                                                              <ColumnReference Database="[OurLabReporting]" Schema="[dbo]" Table="[TestpassPackageMapping]" Alias="[TPM]" Column="MixId" />
                                                            </DefinedValue>
                                                          </DefinedValues>
                                                          <Object Database="[OurLabReporting]" Schema="[dbo]" Table="[TestpassPackageMapping]" Index="[TestpassPackageMapping_IDX_TestpassId]" Alias="[TPM]" TableReferenceId="2" IndexKind="NonClustered" />
                                                          <SeekPredicates>
                                                            <SeekPredicateNew>
                                                              <SeekKeys>
                                                                <Prefix ScanType="EQ">
                                                                  <RangeColumns>
                                                                    <ColumnReference Database="[OurLabReporting]" Schema="[dbo]" Table="[TestpassPackageMapping]" Alias="[TPM]" Column="TestpassId" />
                                                                  </RangeColumns>
                                                                  <RangeExpressions>
                                                                    <ScalarOperator ScalarString="[OurLabReporting].[dbo].[ScheduleTestpassMapping].[TestpassId] as [STM].[TestpassId]">
                                                                      <Identifier>
                                                                        <ColumnReference Database="[OurLabReporting]" Schema="[dbo]" Table="[ScheduleTestpassMapping]" Alias="[STM]" Column="TestpassId" />
                                                                      </Identifier>
                                                                    </ScalarOperator>
                                                                  </RangeExpressions>
                                                                </Prefix>
                                                              </SeekKeys>
                                                            </SeekPredicateNew>
                                                          </SeekPredicates>
                                                        </IndexScan>
                                                      </RelOp>
                                                    </NestedLoops>
                                                  </RelOp>
                                                  <RelOp NodeId="20" PhysicalOp="Index Seek" LogicalOp="Index Seek" EstimateRows="1" EstimateIO="0.00386574" EstimateCPU="0.000335987" AvgRowSize="11" EstimatedTotalSubtreeCost="0.00454681" TableCardinality="4.12024e+007" Parallel="0" EstimateRebinds="0.260434" EstimateRewinds="0" EstimatedExecutionMode="Row">
                                                    <OutputList />
                                                    <IndexScan Ordered="1" ScanDirection="FORWARD" ForcedIndex="0" ForceSeek="0" ForceScan="0" NoExpandHint="0" Storage="RowStore">
                                                      <DefinedValues />
                                                      <Object Database="[OurLabReporting]" Schema="[dbo]" Table="[TEU]" Index="[Teu_IDX_Mix]" Alias="[T]" TableReferenceId="2" IndexKind="NonClustered" />
                                                      <SeekPredicates>
                                                        <SeekPredicateNew>
                                                          <SeekKeys>
                                                            <Prefix ScanType="EQ">
                                                              <RangeColumns>
                                                                <ColumnReference Database="[OurLabReporting]" Schema="[dbo]" Table="[TEU]" Alias="[T]" Column="MixId" />
                                                              </RangeColumns>
                                                              <RangeExpressions>
                                                                <ScalarOperator ScalarString="[OurLabReporting].[dbo].[TestpassPackageMapping].[MixId] as [TPM].[MixId]">
                                                                  <Identifier>
                                                                    <ColumnReference Database="[OurLabReporting]" Schema="[dbo]" Table="[TestpassPackageMapping]" Alias="[TPM]" Column="MixId" />
                                                                  </Identifier>
                                                                </ScalarOperator>
                                                              </RangeExpressions>
                                                            </Prefix>
                                                            <IsNotNull>
                                                              <ColumnReference Database="[OurLabReporting]" Schema="[dbo]" Table="[TEU]" Alias="[T]" Column="RerunSourceId" />
                                                            </IsNotNull>
                                                          </SeekKeys>
                                                        </SeekPredicateNew>
                                                      </SeekPredicates>
                                                      <Predicate>
                                                        <ScalarOperator ScalarString="[OurLabReporting].[dbo].[TEU].[StatusId] as [T].[StatusId]&lt;&gt;(48) AND [OurLabReporting].[dbo].[TEU].[StatusId] as [T].[StatusId]&lt;&gt;(49) AND [OurLabReporting].[dbo].[TEU].[StatusId] as [T].[StatusId]&lt;&gt;(50) AND [OurLabReporting].[dbo].[TEU].[StatusId] as [T].[StatusId]&lt;&gt;(52)">
                                                          <Logical Operation="AND">
                                                            <ScalarOperator>
                                                              <Compare CompareOp="NE">
                                                                <ScalarOperator>
                                                                  <Identifier>
                                                                    <ColumnReference Database="[OurLabReporting]" Schema="[dbo]" Table="[TEU]" Alias="[T]" Column="StatusId" />
                                                                  </Identifier>
                                                                </ScalarOperator>
                                                                <ScalarOperator>
                                                                  <Const ConstValue="(48)" />
                                                                </ScalarOperator>
                                                              </Compare>
                                                            </ScalarOperator>
                                                            <ScalarOperator>
                                                              <Compare CompareOp="NE">
                                                                <ScalarOperator>
                                                                  <Identifier>
                                                                    <ColumnReference Database="[OurLabReporting]" Schema="[dbo]" Table="[TEU]" Alias="[T]" Column="StatusId" />
                                                                  </Identifier>
                                                                </ScalarOperator>
                                                                <ScalarOperator>
                                                                  <Const ConstValue="(49)" />
                                                                </ScalarOperator>
                                                              </Compare>
                                                            </ScalarOperator>
                                                            <ScalarOperator>
                                                              <Compare CompareOp="NE">
                                                                <ScalarOperator>
                                                                  <Identifier>
                                                                    <ColumnReference Database="[OurLabReporting]" Schema="[dbo]" Table="[TEU]" Alias="[T]" Column="StatusId" />
                                                                  </Identifier>
                                                                </ScalarOperator>
                                                                <ScalarOperator>
                                                                  <Const ConstValue="(50)" />
                                                                </ScalarOperator>
                                                              </Compare>
                                                            </ScalarOperator>
                                                            <ScalarOperator>
                                                              <Compare CompareOp="NE">
                                                                <ScalarOperator>
                                                                  <Identifier>
                                                                    <ColumnReference Database="[OurLabReporting]" Schema="[dbo]" Table="[TEU]" Alias="[T]" Column="StatusId" />
                                                                  </Identifier>
                                                                </ScalarOperator>
                                                                <ScalarOperator>
                                                                  <Const ConstValue="(52)" />
                                                                </ScalarOperator>
                                                              </Compare>
                                                            </ScalarOperator>
                                                          </Logical>
                                                        </ScalarOperator>
                                                      </Predicate>
                                                    </IndexScan>
                                                  </RelOp>
                                                </NestedLoops>
                                              </RelOp>
                                            </NestedLoops>
                                          </RelOp>
                                          <RelOp NodeId="21" PhysicalOp="Nested Loops" LogicalOp="Inner Join" EstimateRows="1" EstimateIO="0" EstimateCPU="1.22106e-005" AvgRowSize="9" EstimatedTotalSubtreeCost="0.0188058" Parallel="0" EstimateRebinds="0" EstimateRewinds="0" EstimatedExecutionMode="Row">
                                            <OutputList />
                                            <NestedLoops Optimized="0">
                                              <OuterReferences>
                                                <ColumnReference Database="[OurLabReporting]" Schema="[dbo]" Table="[TestpassPackageMapping]" Alias="[TPM]" Column="MixId" />
                                              </OuterReferences>
                                              <RelOp NodeId="22" PhysicalOp="Nested Loops" LogicalOp="Inner Join" EstimateRows="1" EstimateIO="0" EstimateCPU="5.26861e-006" AvgRowSize="11" EstimatedTotalSubtreeCost="0.00657038" Parallel="0" EstimateRebinds="0" EstimateRewinds="0" EstimatedExecutionMode="Row">
                                                <OutputList>
                                                  <ColumnReference Database="[OurLabReporting]" Schema="[dbo]" Table="[TestpassPackageMapping]" Alias="[TPM]" Column="MixId" />
                                                </OutputList>
                                                <NestedLoops Optimized="0">
                                                  <OuterReferences>
                                                    <ColumnReference Database="[OurLabReporting]" Schema="[dbo]" Table="[ScheduleTestpassMapping]" Alias="[STM]" Column="TestpassId" />
                                                  </OuterReferences>
                                                  <RelOp NodeId="23" PhysicalOp="Clustered Index Seek" LogicalOp="Clustered Index Seek" EstimateRows="1" EstimateIO="0.003125" EstimateCPU="0.0001581" AvgRowSize="11" EstimatedTotalSubtreeCost="0.0032831" TableCardinality="1.4403e+006" Parallel="0" EstimateRebinds="0" EstimateRewinds="0" EstimatedExecutionMode="Row">
                                                    <OutputList>
                                                      <ColumnReference Database="[OurLabReporting]" Schema="[dbo]" Table="[ScheduleTestpassMapping]" Alias="[STM]" Column="TestpassId" />
                                                    </OutputList>
                                                    <IndexScan Ordered="1" ScanDirection="FORWARD" ForcedIndex="0" ForceSeek="0" ForceScan="0" NoExpandHint="0" Storage="RowStore">
                                                      <DefinedValues>
                                                        <DefinedValue>
                                                          <ColumnReference Database="[OurLabReporting]" Schema="[dbo]" Table="[ScheduleTestpassMapping]" Alias="[STM]" Column="TestpassId" />
                                                        </DefinedValue>
                                                      </DefinedValues>
                                                      <Object Database="[OurLabReporting]" Schema="[dbo]" Table="[ScheduleTestpassMapping]" Index="[ScheduleTestpassMapping_PK]" Alias="[STM]" TableReferenceId="3" IndexKind="Clustered" />
                                                      <SeekPredicates>
                                                        <SeekPredicateNew>
                                                          <SeekKeys>
                                                            <Prefix ScanType="EQ">
                                                              <RangeColumns>
                                                                <ColumnReference Database="[OurLabReporting]" Schema="[dbo]" Table="[ScheduleTestpassMapping]" Alias="[STM]" Column="ScheduleId" />
                                                              </RangeColumns>
                                                              <RangeExpressions>
                                                                <ScalarOperator ScalarString="[OurLabReporting].[dbo].[Schedule].[Id] as [S].[Id]">
                                                                  <Identifier>
                                                                    <ColumnReference Database="[OurLabReporting]" Schema="[dbo]" Table="[Schedule]" Alias="[S]" Column="Id" />
                                                                  </Identifier>
                                                                </ScalarOperator>
                                                              </RangeExpressions>
                                                            </Prefix>
                                                          </SeekKeys>
                                                        </SeekPredicateNew>
                                                      </SeekPredicates>
                                                    </IndexScan>
                                                  </RelOp>
                                                  <RelOp NodeId="24" PhysicalOp="Index Seek" LogicalOp="Index Seek" EstimateRows="1" EstimateIO="0.003125" EstimateCPU="0.000158386" AvgRowSize="11" EstimatedTotalSubtreeCost="0.0032831" TableCardinality="1.48174e+006" Parallel="0" EstimateRebinds="0" EstimateRewinds="0" EstimatedExecutionMode="Row">
                                                    <OutputList>
                                                      <ColumnReference Database="[OurLabReporting]" Schema="[dbo]" Table="[TestpassPackageMapping]" Alias="[TPM]" Column="MixId" />
                                                    </OutputList>
                                                    <IndexScan Ordered="1" ScanDirection="FORWARD" ForcedIndex="0" ForceSeek="0" ForceScan="0" NoExpandHint="0" Storage="RowStore">
                                                      <DefinedValues>
                                                        <DefinedValue>
                                                          <ColumnReference Database="[OurLabReporting]" Schema="[dbo]" Table="[TestpassPackageMapping]" Alias="[TPM]" Column="MixId" />
                                                        </DefinedValue>
                                                      </DefinedValues>
                                                      <Object Database="[OurLabReporting]" Schema="[dbo]" Table="[TestpassPackageMapping]" Index="[TestpassPackageMapping_IDX_TestpassId]" Alias="[TPM]" TableReferenceId="3" IndexKind="NonClustered" />
                                                      <SeekPredicates>
                                                        <SeekPredicateNew>
                                                          <SeekKeys>
                                                            <Prefix ScanType="EQ">
                                                              <RangeColumns>
                                                                <ColumnReference Database="[OurLabReporting]" Schema="[dbo]" Table="[TestpassPackageMapping]" Alias="[TPM]" Column="TestpassId" />
                                                              </RangeColumns>
                                                              <RangeExpressions>
                                                                <ScalarOperator ScalarString="[OurLabReporting].[dbo].[ScheduleTestpassMapping].[TestpassId] as [STM].[TestpassId]">
                                                                  <Identifier>
                                                                    <ColumnReference Database="[OurLabReporting]" Schema="[dbo]" Table="[ScheduleTestpassMapping]" Alias="[STM]" Column="TestpassId" />
                                                                  </Identifier>
                                                                </ScalarOperator>
                                                              </RangeExpressions>
                                                            </Prefix>
                                                          </SeekKeys>
                                                        </SeekPredicateNew>
                                                      </SeekPredicates>
                                                    </IndexScan>
                                                  </RelOp>
                                                </NestedLoops>
                                              </RelOp>
                                              <RelOp NodeId="25" PhysicalOp="Index Seek" LogicalOp="Index Seek" EstimateRows="1" EstimateIO="0.0149769" EstimateCPU="0.00292037" AvgRowSize="11" EstimatedTotalSubtreeCost="0.0105037" TableCardinality="4.12024e+007" Parallel="0" EstimateRebinds="0.260434" EstimateRewinds="0" EstimatedExecutionMode="Row">
                                                <OutputList />
                                                <IndexScan Ordered="1" ScanDirection="FORWARD" ForcedIndex="0" ForceSeek="0" ForceScan="0" NoExpandHint="0" Storage="RowStore">
                                                  <DefinedValues />
                                                  <Object Database="[OurLabReporting]" Schema="[dbo]" Table="[TEU]" Index="[Teu_IDX_Mix]" Alias="[T]" TableReferenceId="3" IndexKind="NonClustered" />
                                                  <SeekPredicates>
                                                    <SeekPredicateNew>
                                                      <SeekKeys>
                                                        <Prefix ScanType="EQ">
                                                          <RangeColumns>
                                                            <ColumnReference Database="[OurLabReporting]" Schema="[dbo]" Table="[TEU]" Alias="[T]" Column="MixId" />
                                                            <ColumnReference Database="[OurLabReporting]" Schema="[dbo]" Table="[TEU]" Alias="[T]" Column="RerunSourceId" />
                                                          </RangeColumns>
                                                          <RangeExpressions>
                                                            <ScalarOperator ScalarString="[OurLabReporting].[dbo].[TestpassPackageMapping].[MixId] as [TPM].[MixId]">
                                                              <Identifier>
                                                                <ColumnReference Database="[OurLabReporting]" Schema="[dbo]" Table="[TestpassPackageMapping]" Alias="[TPM]" Column="MixId" />
                                                              </Identifier>
                                                            </ScalarOperator>
                                                            <ScalarOperator ScalarString="NULL">
                                                              <Const ConstValue="NULL" />
                                                            </ScalarOperator>
                                                          </RangeExpressions>
                                                        </Prefix>
                                                      </SeekKeys>
                                                    </SeekPredicateNew>
                                                  </SeekPredicates>
                                                  <Predicate>
                                                    <ScalarOperator ScalarString="[OurLabReporting].[dbo].[TEU].[StatusId] as [T].[StatusId]&lt;&gt;(48) AND [OurLabReporting].[dbo].[TEU].[StatusId] as [T].[StatusId]&lt;&gt;(49) AND [OurLabReporting].[dbo].[TEU].[StatusId] as [T].[StatusId]&lt;&gt;(50) AND [OurLabReporting].[dbo].[TEU].[StatusId] as [T].[StatusId]&lt;&gt;(52)">
                                                      <Logical Operation="AND">
                                                        <ScalarOperator>
                                                          <Compare CompareOp="NE">
                                                            <ScalarOperator>
                                                              <Identifier>
                                                                <ColumnReference Database="[OurLabReporting]" Schema="[dbo]" Table="[TEU]" Alias="[T]" Column="StatusId" />
                                                              </Identifier>
                                                            </ScalarOperator>
                                                            <ScalarOperator>
                                                              <Const ConstValue="(48)" />
                                                            </ScalarOperator>
                                                          </Compare>
                                                        </ScalarOperator>
                                                        <ScalarOperator>
                                                          <Compare CompareOp="NE">
                                                            <ScalarOperator>
                                                              <Identifier>
                                                                <ColumnReference Database="[OurLabReporting]" Schema="[dbo]" Table="[TEU]" Alias="[T]" Column="StatusId" />
                                                              </Identifier>
                                                            </ScalarOperator>
                                                            <ScalarOperator>
                                                              <Const ConstValue="(49)" />
                                                            </ScalarOperator>
                                                          </Compare>
                                                        </ScalarOperator>
                                                        <ScalarOperator>
                                                          <Compare CompareOp="NE">
                                                            <ScalarOperator>
                                                              <Identifier>
                                                                <ColumnReference Database="[OurLabReporting]" Schema="[dbo]" Table="[TEU]" Alias="[T]" Column="StatusId" />
                                                              </Identifier>
                                                            </ScalarOperator>
                                                            <ScalarOperator>
                                                              <Const ConstValue="(50)" />
                                                            </ScalarOperator>
                                                          </Compare>
                                                        </ScalarOperator>
                                                        <ScalarOperator>
                                                          <Compare CompareOp="NE">
                                                            <ScalarOperator>
                                                              <Identifier>
                                                                <ColumnReference Database="[OurLabReporting]" Schema="[dbo]" Table="[TEU]" Alias="[T]" Column="StatusId" />
                                                              </Identifier>
                                                            </ScalarOperator>
                                                            <ScalarOperator>
                                                              <Const ConstValue="(52)" />
                                                            </ScalarOperator>
                                                          </Compare>
                                                        </ScalarOperator>
                                                      </Logical>
                                                    </ScalarOperator>
                                                  </Predicate>
                                                </IndexScan>
                                              </RelOp>
                                            </NestedLoops>
                                          </RelOp>
                                        </NestedLoops>
                                      </RelOp>
                                    </NestedLoops>
                                  </RelOp>
                                  <RelOp NodeId="26" PhysicalOp="Clustered Index Seek" LogicalOp="Clustered Index Seek" EstimateRows="1" EstimateIO="0.003125" EstimateCPU="0.0001581" AvgRowSize="111" EstimatedTotalSubtreeCost="0.0032831" TableCardinality="96" Parallel="0" EstimateRebinds="0" EstimateRewinds="0" EstimatedExecutionMode="Row">
                                    <OutputList>
                                      <ColumnReference Database="[OurLabReporting]" Schema="[dbo]" Table="[Status]" Column="Status" />
                                    </OutputList>
                                    <IndexScan Ordered="1" ScanDirection="FORWARD" ForcedIndex="0" ForceSeek="0" ForceScan="0" NoExpandHint="0" Storage="RowStore">
                                      <DefinedValues>
                                        <DefinedValue>
                                          <ColumnReference Database="[OurLabReporting]" Schema="[dbo]" Table="[Status]" Column="Status" />
                                        </DefinedValue>
                                      </DefinedValues>
                                      <Object Database="[OurLabReporting]" Schema="[dbo]" Table="[Status]" Index="[Status_PK]" IndexKind="Clustered" />
                                      <SeekPredicates>
                                        <SeekPredicateNew>
                                          <SeekKeys>
                                            <Prefix ScanType="EQ">
                                              <RangeColumns>
                                                <ColumnReference Database="[OurLabReporting]" Schema="[dbo]" Table="[Status]" Column="Id" />
                                              </RangeColumns>
                                              <RangeExpressions>
                                                <ScalarOperator ScalarString="[OurLabReporting].[dbo].[Schedule].[StatusId] as [S].[StatusId]">
                                                  <Identifier>
                                                    <ColumnReference Database="[OurLabReporting]" Schema="[dbo]" Table="[Schedule]" Alias="[S]" Column="StatusId" />
                                                  </Identifier>
                                                </ScalarOperator>
                                              </RangeExpressions>
                                            </Prefix>
                                          </SeekKeys>
                                        </SeekPredicateNew>
                                      </SeekPredicates>
                                    </IndexScan>
                                  </RelOp>
                                </NestedLoops>
                              </RelOp>
                            </ComputeScalar>
                          </RelOp>
                          <RelOp NodeId="30" PhysicalOp="Clustered Index Seek" LogicalOp="Clustered Index Seek" EstimateRows="1" EstimateIO="0.003125" EstimateCPU="0.0001581" AvgRowSize="373" EstimatedTotalSubtreeCost="0.0032831" TableCardinality="78971" Parallel="0" EstimateRebinds="0" EstimateRewinds="0" EstimatedExecutionMode="Row">
                            <OutputList>
                              <ColumnReference Database="[OurLabReporting]" Schema="[dbo]" Table="[BuildVersion]" Column="Id" />
                              <ColumnReference Database="[OurLabReporting]" Schema="[dbo]" Table="[BuildVersion]" Column="Branch" />
                              <ColumnReference Database="[OurLabReporting]" Schema="[dbo]" Table="[BuildVersion]" Column="FullBuildNumber" />
                            </OutputList>
                            <IndexScan Ordered="1" ScanDirection="FORWARD" ForcedIndex="0" ForceSeek="0" ForceScan="0" NoExpandHint="0" Storage="RowStore">
                              <DefinedValues>
                                <DefinedValue>
                                  <ColumnReference Database="[OurLabReporting]" Schema="[dbo]" Table="[BuildVersion]" Column="Id" />
                                </DefinedValue>
                                <DefinedValue>
                                  <ColumnReference Database="[OurLabReporting]" Schema="[dbo]" Table="[BuildVersion]" Column="Branch" />
                                </DefinedValue>
                                <DefinedValue>
                                  <ColumnReference Database="[OurLabReporting]" Schema="[dbo]" Table="[BuildVersion]" Column="FullBuildNumber" />
                                </DefinedValue>
                              </DefinedValues>
                              <Object Database="[OurLabReporting]" Schema="[dbo]" Table="[BuildVersion]" Index="[BuildVersion_PK]" IndexKind="Clustered" />
                              <SeekPredicates>
                                <SeekPredicateNew>
                                  <SeekKeys>
                                    <Prefix ScanType="EQ">
                                      <RangeColumns>
                                        <ColumnReference Database="[OurLabReporting]" Schema="[dbo]" Table="[BuildVersion]" Column="Id" />
                                      </RangeColumns>
                                      <RangeExpressions>
                                        <ScalarOperator ScalarString="[OurLabReporting].[dbo].[Schedule].[BuildVersionId] as [S].[BuildVersionId]">
                                          <Identifier>
                                            <ColumnReference Database="[OurLabReporting]" Schema="[dbo]" Table="[Schedule]" Alias="[S]" Column="BuildVersionId" />
                                          </Identifier>
                                        </ScalarOperator>
                                      </RangeExpressions>
                                    </Prefix>
                                  </SeekKeys>
                                </SeekPredicateNew>
                              </SeekPredicates>
                            </IndexScan>
                          </RelOp>
                        </NestedLoops>
                      </RelOp>
                    </ComputeScalar>
                  </RelOp>
                </QueryPlan>
              </StmtSimple>
              <StmtSimple StatementText="&#x9;SET @local_BuildRange = @local_FullBuildNumber&#xD;&#xA;&#x9;" StatementId="72" StatementCompId="86" StatementType="ASSIGN" RetrievedFromCache="true" />
              <StmtSimple StatementText="&#x9;SET @local_BuildListTooltip = @local_FullBuildNumber&#xD;&#xA;&#xD;&#xA;&#x9;" StatementId="73" StatementCompId="87" StatementType="ASSIGN" RetrievedFromCache="true" />
              <StmtSimple StatementText="&#x9;SELECT @local_TestpassIsContainsReruns = RTP.HasReruns&#xD;&#xA;&#x9;&#x9;&#x9;,@local_TestpassIsRerun = RTP.IsRerun&#xD;&#xA;&#x9;&#x9;&#x9;,@local_TestpassIsRerunning = RTP.IsRerunning&#xD;&#xA;&#x9;&#x9;&#x9;,@local_TestpassIsRerunEnabled = TP.CanRerun&#xD;&#xA;&#x9;&#x9;FROM dbo.TestPass AS TP WITH (NOLOCK)&#xD;&#xA;&#x9;&#x9;INNER JOIN dbo.View_RerunTestPass AS RTP WITH (NOLOCK) ON TP.Id = RTP.Id&#xD;&#xA;&#x9;&#x9;INNER JOIN dbo.ScheduleTestpassMapping AS STPM WITH (NOLOCK) ON TP.Id = STPM.TestpassId&#xD;&#xA;&#x9;&#x9;WHERE STPM.ScheduleId = @local_ScheduleId&#xD;&#xA;" StatementId="74" StatementCompId="88" StatementType="SELECT" RetrievedFromCache="true" StatementSubTreeCost="0.0399827" StatementEstRows="1" StatementOptmLevel="FULL" QueryHash="0x922D25C0EAAF6B78" QueryPlanHash="0x11742C13FE68BFEF" StatementOptmEarlyAbortReason="GoodEnoughPlanFound">
                <StatementSetOptions QUOTED_IDENTIFIER="true" ARITHABORT="true" CONCAT_NULL_YIELDS_NULL="true" ANSI_NULLS="true" ANSI_PADDING="true" ANSI_WARNINGS="true" NUMERIC_ROUNDABORT="false" />
                <QueryPlan NonParallelPlanReason="MaxDOPSetToOne" CachedPlanSize="72" CompileTime="38" CompileCPU="38" CompileMemory="3288">
                  <MemoryGrantInfo SerialRequiredMemory="0" SerialDesiredMemory="0" />
                  <OptimizerHardwareDependentProperties EstimatedAvailableMemoryGrant="193313" EstimatedPagesCached="773254" EstimatedAvailableDegreeOfParallelism="1" />
                  <RelOp NodeId="0" PhysicalOp="Compute Scalar" LogicalOp="Compute Scalar" EstimateRows="1" EstimateIO="0" EstimateCPU="1e-007" AvgRowSize="9" EstimatedTotalSubtreeCost="0.0399827" Parallel="0" EstimateRebinds="0" EstimateRewinds="0" EstimatedExecutionMode="Row">
                    <OutputList>
                      <ColumnReference Database="[OurLabReporting]" Schema="[dbo]" Table="[Testpass]" Alias="[TP]" Column="CanRerun" />
                      <ColumnReference Column="Expr1004" />
                      <ColumnReference Column="Expr1010" />
                      <ColumnReference Column="Expr1021" />
                    </OutputList>
                    <ComputeScalar>
                      <DefinedValues>
                        <DefinedValue>
                          <ColumnReference Column="Expr1004" />
                          <ScalarOperator ScalarString="(0)">
                            <Const ConstValue="(0)" />
                          </ScalarOperator>
                        </DefinedValue>
                        <DefinedValue>
                          <ColumnReference Column="Expr1010" />
                          <ScalarOperator ScalarString="CONVERT(bit,CASE WHEN [Expr1024] THEN (1) ELSE (0) END,0)">
                            <Convert DataType="bit" Style="0" Implicit="0">
                              <ScalarOperator>
                                <IF>
                                  <Condition>
                                    <ScalarOperator>
                                      <Identifier>
                                        <ColumnReference Column="Expr1024" />
                                      </Identifier>
                                    </ScalarOperator>
                                  </Condition>
                                  <Then>
                                    <ScalarOperator>
                                      <Const ConstValue="(1)" />
                                    </ScalarOperator>
                                  </Then>
                                  <Else>
                                    <ScalarOperator>
                                      <Const ConstValue="(0)" />
                                    </ScalarOperator>
                                  </Else>
                                </IF>
                              </ScalarOperator>
                            </Convert>
                          </ScalarOperator>
                        </DefinedValue>
                        <DefinedValue>
                          <ColumnReference Column="Expr1021" />
                          <ScalarOperator ScalarString="CONVERT(bit,CASE WHEN [Expr1025] AND [Expr1026] IS NULL THEN (1) ELSE (0) END,0)">
                            <Convert DataType="bit" Style="0" Implicit="0">
                              <ScalarOperator>
                                <IF>
                                  <Condition>
                                    <ScalarOperator>
                                      <Logical Operation="AND">
                                        <ScalarOperator>
                                          <Identifier>
                                            <ColumnReference Column="Expr1025" />
                                          </Identifier>
                                        </ScalarOperator>
                                        <ScalarOperator>
                                          <Compare CompareOp="IS">
                                            <ScalarOperator>
                                              <Identifier>
                                                <ColumnReference Column="Expr1026" />
                                              </Identifier>
                                            </ScalarOperator>
                                            <ScalarOperator>
                                              <Const ConstValue="NULL" />
                                            </ScalarOperator>
                                          </Compare>
                                        </ScalarOperator>
                                      </Logical>
                                    </ScalarOperator>
                                  </Condition>
                                  <Then>
                                    <ScalarOperator>
                                      <Const ConstValue="(1)" />
                                    </ScalarOperator>
                                  </Then>
                                  <Else>
                                    <ScalarOperator>
                                      <Const ConstValue="(0)" />
                                    </ScalarOperator>
                                  </Else>
                                </IF>
                              </ScalarOperator>
                            </Convert>
                          </ScalarOperator>
                        </DefinedValue>
                      </DefinedValues>
                      <RelOp NodeId="1" PhysicalOp="Nested Loops" LogicalOp="Inner Join" EstimateRows="1" EstimateIO="0" EstimateCPU="4.18e-006" AvgRowSize="9" EstimatedTotalSubtreeCost="0.0399826" Parallel="0" EstimateRebinds="0" EstimateRewinds="0" EstimatedExecutionMode="Row">
                        <OutputList>
                          <ColumnReference Database="[OurLabReporting]" Schema="[dbo]" Table="[Testpass]" Alias="[TP]" Column="CanRerun" />
                          <ColumnReference Column="Expr1024" />
                          <ColumnReference Column="Expr1025" />
                          <ColumnReference Column="Expr1026" />
                        </OutputList>
                        <NestedLoops Optimized="0">
                          <OuterReferences>
                            <ColumnReference Database="[OurLabReporting]" Schema="[dbo]" Table="[ScheduleTestpassMapping]" Alias="[STPM]" Column="TestpassId" />
                          </OuterReferences>
                          <RelOp NodeId="2" PhysicalOp="Nested Loops" LogicalOp="Left Semi Join" EstimateRows="1" EstimateIO="0" EstimateCPU="4.18e-006" AvgRowSize="12" EstimatedTotalSubtreeCost="0.0366953" Parallel="0" EstimateRebinds="0" EstimateRewinds="0" EstimatedExecutionMode="Row">
                            <OutputList>
                              <ColumnReference Database="[OurLabReporting]" Schema="[dbo]" Table="[ScheduleTestpassMapping]" Alias="[STPM]" Column="TestpassId" />
                              <ColumnReference Column="Expr1024" />
                              <ColumnReference Column="Expr1025" />
                              <ColumnReference Column="Expr1026" />
                            </OutputList>
                            <NestedLoops Optimized="0">
                              <DefinedValues>
                                <DefinedValue>
                                  <ColumnReference Column="Expr1026" />
                                </DefinedValue>
                              </DefinedValues>
                              <OuterReferences>
                                <ColumnReference Database="[OurLabReporting]" Schema="[dbo]" Table="[Testpass]" Alias="[TP]" Column="Id" />
                              </OuterReferences>
                              <ProbeColumn>
                                <ColumnReference Column="Expr1026" />
                              </ProbeColumn>
                              <RelOp NodeId="3" PhysicalOp="Nested Loops" LogicalOp="Left Semi Join" EstimateRows="1" EstimateIO="0" EstimateCPU="4.18e-006" AvgRowSize="16" EstimatedTotalSubtreeCost="0.0211726" Parallel="0" EstimateRebinds="0" EstimateRewinds="0" EstimatedExecutionMode="Row">
                                <OutputList>
                                  <ColumnReference Database="[OurLabReporting]" Schema="[dbo]" Table="[Testpass]" Alias="[TP]" Column="Id" />
                                  <ColumnReference Database="[OurLabReporting]" Schema="[dbo]" Table="[ScheduleTestpassMapping]" Alias="[STPM]" Column="TestpassId" />
                                  <ColumnReference Column="Expr1024" />
                                  <ColumnReference Column="Expr1025" />
                                </OutputList>
                                <NestedLoops Optimized="0">
                                  <DefinedValues>
                                    <DefinedValue>
                                      <ColumnReference Column="Expr1025" />
                                    </DefinedValue>
                                  </DefinedValues>
                                  <OuterReferences>
                                    <ColumnReference Database="[OurLabReporting]" Schema="[dbo]" Table="[Testpass]" Alias="[TP]" Column="Id" />
                                  </OuterReferences>
                                  <ProbeColumn>
                                    <ColumnReference Column="Expr1025" />
                                  </ProbeColumn>
                                  <RelOp NodeId="4" PhysicalOp="Nested Loops" LogicalOp="Left Semi Join" EstimateRows="1" EstimateIO="0" EstimateCPU="4.18e-006" AvgRowSize="16" EstimatedTotalSubtreeCost="0.013147" Parallel="0" EstimateRebinds="0" EstimateRewinds="0" EstimatedExecutionMode="Row">
                                    <OutputList>
                                      <ColumnReference Database="[OurLabReporting]" Schema="[dbo]" Table="[Testpass]" Alias="[TP]" Column="Id" />
                                      <ColumnReference Database="[OurLabReporting]" Schema="[dbo]" Table="[ScheduleTestpassMapping]" Alias="[STPM]" Column="TestpassId" />
                                      <ColumnReference Column="Expr1024" />
                                    </OutputList>
                                    <NestedLoops Optimized="0">
                                      <DefinedValues>
                                        <DefinedValue>
                                          <ColumnReference Column="Expr1024" />
                                        </DefinedValue>
                                      </DefinedValues>
                                      <OuterReferences>
                                        <ColumnReference Database="[OurLabReporting]" Schema="[dbo]" Table="[Testpass]" Alias="[TP]" Column="Id" />
                                      </OuterReferences>
                                      <ProbeColumn>
                                        <ColumnReference Column="Expr1024" />
                                      </ProbeColumn>
                                      <RelOp NodeId="5" PhysicalOp="Nested Loops" LogicalOp="Inner Join" EstimateRows="1" EstimateIO="0" EstimateCPU="4.18e-006" AvgRowSize="15" EstimatedTotalSubtreeCost="0.00657038" Parallel="0" EstimateRebinds="0" EstimateRewinds="0" EstimatedExecutionMode="Row">
                                        <OutputList>
                                          <ColumnReference Database="[OurLabReporting]" Schema="[dbo]" Table="[Testpass]" Alias="[TP]" Column="Id" />
                                          <ColumnReference Database="[OurLabReporting]" Schema="[dbo]" Table="[ScheduleTestpassMapping]" Alias="[STPM]" Column="TestpassId" />
                                        </OutputList>
                                        <NestedLoops Optimized="0">
                                          <OuterReferences>
                                            <ColumnReference Database="[OurLabReporting]" Schema="[dbo]" Table="[ScheduleTestpassMapping]" Alias="[STPM]" Column="TestpassId" />
                                          </OuterReferences>
                                          <RelOp NodeId="6" PhysicalOp="Clustered Index Seek" LogicalOp="Clustered Index Seek" EstimateRows="1" EstimateIO="0.003125" EstimateCPU="0.0001581" AvgRowSize="11" EstimatedTotalSubtreeCost="0.0032831" TableCardinality="1.4403e+006" Parallel="0" EstimateRebinds="0" EstimateRewinds="0" EstimatedExecutionMode="Row">
                                            <OutputList>
                                              <ColumnReference Database="[OurLabReporting]" Schema="[dbo]" Table="[ScheduleTestpassMapping]" Alias="[STPM]" Column="TestpassId" />
                                            </OutputList>
                                            <IndexScan Ordered="1" ScanDirection="FORWARD" ForcedIndex="0" ForceSeek="0" ForceScan="0" NoExpandHint="0" Storage="RowStore">
                                              <DefinedValues>
                                                <DefinedValue>
                                                  <ColumnReference Database="[OurLabReporting]" Schema="[dbo]" Table="[ScheduleTestpassMapping]" Alias="[STPM]" Column="TestpassId" />
                                                </DefinedValue>
                                              </DefinedValues>
                                              <Object Database="[OurLabReporting]" Schema="[dbo]" Table="[ScheduleTestpassMapping]" Index="[ScheduleTestpassMapping_PK]" Alias="[STPM]" IndexKind="Clustered" />
                                              <SeekPredicates>
                                                <SeekPredicateNew>
                                                  <SeekKeys>
                                                    <Prefix ScanType="EQ">
                                                      <RangeColumns>
                                                        <ColumnReference Database="[OurLabReporting]" Schema="[dbo]" Table="[ScheduleTestpassMapping]" Alias="[STPM]" Column="ScheduleId" />
                                                      </RangeColumns>
                                                      <RangeExpressions>
                                                        <ScalarOperator ScalarString="[@local_ScheduleId]">
                                                          <Identifier>
                                                            <ColumnReference Column="@local_ScheduleId" />
                                                          </Identifier>
                                                        </ScalarOperator>
                                                      </RangeExpressions>
                                                    </Prefix>
                                                  </SeekKeys>
                                                </SeekPredicateNew>
                                              </SeekPredicates>
                                            </IndexScan>
                                          </RelOp>
                                          <RelOp NodeId="7" PhysicalOp="Clustered Index Seek" LogicalOp="Clustered Index Seek" EstimateRows="1" EstimateIO="0.003125" EstimateCPU="0.0001581" AvgRowSize="11" EstimatedTotalSubtreeCost="0.0032831" TableCardinality="1.41186e+006" Parallel="0" EstimateRebinds="0" EstimateRewinds="0" EstimatedExecutionMode="Row">
                                            <OutputList>
                                              <ColumnReference Database="[OurLabReporting]" Schema="[dbo]" Table="[Testpass]" Alias="[TP]" Column="Id" />
                                            </OutputList>
                                            <IndexScan Ordered="1" ScanDirection="FORWARD" ForcedIndex="0" ForceSeek="0" ForceScan="0" NoExpandHint="0" Storage="RowStore">
                                              <DefinedValues>
                                                <DefinedValue>
                                                  <ColumnReference Database="[OurLabReporting]" Schema="[dbo]" Table="[Testpass]" Alias="[TP]" Column="Id" />
                                                </DefinedValue>
                                              </DefinedValues>
                                              <Object Database="[OurLabReporting]" Schema="[dbo]" Table="[Testpass]" Index="[Testpass_PK]" Alias="[TP]" TableReferenceId="2" IndexKind="Clustered" />
                                              <SeekPredicates>
                                                <SeekPredicateNew>
                                                  <SeekKeys>
                                                    <Prefix ScanType="EQ">
                                                      <RangeColumns>
                                                        <ColumnReference Database="[OurLabReporting]" Schema="[dbo]" Table="[Testpass]" Alias="[TP]" Column="Id" />
                                                      </RangeColumns>
                                                      <RangeExpressions>
                                                        <ScalarOperator ScalarString="[OurLabReporting].[dbo].[ScheduleTestpassMapping].[TestpassId] as [STPM].[TestpassId]">
                                                          <Identifier>
                                                            <ColumnReference Database="[OurLabReporting]" Schema="[dbo]" Table="[ScheduleTestpassMapping]" Alias="[STPM]" Column="TestpassId" />
                                                          </Identifier>
                                                        </ScalarOperator>
                                                      </RangeExpressions>
                                                    </Prefix>
                                                  </SeekKeys>
                                                </SeekPredicateNew>
                                              </SeekPredicates>
                                            </IndexScan>
                                          </RelOp>
                                        </NestedLoops>
                                      </RelOp>
                                      <RelOp NodeId="8" PhysicalOp="Nested Loops" LogicalOp="Inner Join" EstimateRows="1" EstimateIO="0" EstimateCPU="0.000857284" AvgRowSize="9" EstimatedTotalSubtreeCost="0.00657246" Parallel="0" EstimateRebinds="0" EstimateRewinds="0" EstimatedExecutionMode="Row">
                                        <OutputList />
                                        <NestedLoops Optimized="0">
                                          <OuterReferences>
                                            <ColumnReference Database="[OurLabReporting]" Schema="[dbo]" Table="[TestpassPackageMapping]" Alias="[TPM]" Column="MixId" />
                                          </OuterReferences>
                                          <RelOp NodeId="9" PhysicalOp="Index Seek" LogicalOp="Index Seek" EstimateRows="1" EstimateIO="0.003125" EstimateCPU="0.000158386" AvgRowSize="11" EstimatedTotalSubtreeCost="0.0032831" TableCardinality="1.48174e+006" Parallel="0" EstimateRebinds="0" EstimateRewinds="0" EstimatedExecutionMode="Row">
                                            <OutputList>
                                              <ColumnReference Database="[OurLabReporting]" Schema="[dbo]" Table="[TestpassPackageMapping]" Alias="[TPM]" Column="MixId" />
                                            </OutputList>
                                            <IndexScan Ordered="1" ScanDirection="FORWARD" ForcedIndex="0" ForceSeek="0" ForceScan="0" NoExpandHint="0" Storage="RowStore">
                                              <DefinedValues>
                                                <DefinedValue>
                                                  <ColumnReference Database="[OurLabReporting]" Schema="[dbo]" Table="[TestpassPackageMapping]" Alias="[TPM]" Column="MixId" />
                                                </DefinedValue>
                                              </DefinedValues>
                                              <Object Database="[OurLabReporting]" Schema="[dbo]" Table="[TestpassPackageMapping]" Index="[TestpassPackageMapping_IDX_TestpassId]" Alias="[TPM]" TableReferenceId="1" IndexKind="NonClustered" />
                                              <SeekPredicates>
                                                <SeekPredicateNew>
                                                  <SeekKeys>
                                                    <Prefix ScanType="EQ">
                                                      <RangeColumns>
                                                        <ColumnReference Database="[OurLabReporting]" Schema="[dbo]" Table="[TestpassPackageMapping]" Alias="[TPM]" Column="TestpassId" />
                                                      </RangeColumns>
                                                      <RangeExpressions>
                                                        <ScalarOperator ScalarString="[OurLabReporting].[dbo].[Testpass].[Id] as [TP].[Id]">
                                                          <Identifier>
                                                            <ColumnReference Database="[OurLabReporting]" Schema="[dbo]" Table="[Testpass]" Alias="[TP]" Column="Id" />
                                                          </Identifier>
                                                        </ScalarOperator>
                                                      </RangeExpressions>
                                                    </Prefix>
                                                  </SeekKeys>
                                                </SeekPredicateNew>
                                              </SeekPredicates>
                                            </IndexScan>
                                          </RelOp>
                                          <RelOp NodeId="10" PhysicalOp="Index Seek" LogicalOp="Index Seek" EstimateRows="1" EstimateIO="0.00386574" EstimateCPU="0.000335987" AvgRowSize="9" EstimatedTotalSubtreeCost="0.00332636" TableCardinality="4.12024e+007" Parallel="0" EstimateRebinds="0.260434" EstimateRewinds="0" EstimatedExecutionMode="Row">
                                            <OutputList />
                                            <IndexScan Ordered="1" ScanDirection="FORWARD" ForcedIndex="0" ForceSeek="0" ForceScan="0" NoExpandHint="0" Storage="RowStore">
                                              <DefinedValues />
                                              <Object Database="[OurLabReporting]" Schema="[dbo]" Table="[TEU]" Index="[Teu_IDX_Mix]" Alias="[T]" TableReferenceId="1" IndexKind="NonClustered" />
                                              <SeekPredicates>
                                                <SeekPredicateNew>
                                                  <SeekKeys>
                                                    <Prefix ScanType="EQ">
                                                      <RangeColumns>
                                                        <ColumnReference Database="[OurLabReporting]" Schema="[dbo]" Table="[TEU]" Alias="[T]" Column="MixId" />
                                                      </RangeColumns>
                                                      <RangeExpressions>
                                                        <ScalarOperator ScalarString="[OurLabReporting].[dbo].[TestpassPackageMapping].[MixId] as [TPM].[MixId]">
                                                          <Identifier>
                                                            <ColumnReference Database="[OurLabReporting]" Schema="[dbo]" Table="[TestpassPackageMapping]" Alias="[TPM]" Column="MixId" />
                                                          </Identifier>
                                                        </ScalarOperator>
                                                      </RangeExpressions>
                                                    </Prefix>
                                                    <IsNotNull>
                                                      <ColumnReference Database="[OurLabReporting]" Schema="[dbo]" Table="[TEU]" Alias="[T]" Column="RerunSourceId" />
                                                    </IsNotNull>
                                                  </SeekKeys>
                                                </SeekPredicateNew>
                                              </SeekPredicates>
                                            </IndexScan>
                                          </RelOp>
                                        </NestedLoops>
                                      </RelOp>
                                    </NestedLoops>
                                  </RelOp>
                                  <RelOp NodeId="11" PhysicalOp="Nested Loops" LogicalOp="Inner Join" EstimateRows="1" EstimateIO="0" EstimateCPU="5.61809e-006" AvgRowSize="9" EstimatedTotalSubtreeCost="0.00802139" Parallel="0" EstimateRebinds="0" EstimateRewinds="0" EstimatedExecutionMode="Row">
                                    <OutputList />
                                    <NestedLoops Optimized="0">
                                      <OuterReferences>
                                        <ColumnReference Database="[OurLabReporting]" Schema="[dbo]" Table="[TestpassPackageMapping]" Alias="[TPM]" Column="MixId" />
                                      </OuterReferences>
                                      <RelOp NodeId="12" PhysicalOp="Index Seek" LogicalOp="Index Seek" EstimateRows="1" EstimateIO="0.003125" EstimateCPU="0.000158386" AvgRowSize="11" EstimatedTotalSubtreeCost="0.0032831" TableCardinality="1.48174e+006" Parallel="0" EstimateRebinds="0" EstimateRewinds="0" EstimatedExecutionMode="Row">
                                        <OutputList>
                                          <ColumnReference Database="[OurLabReporting]" Schema="[dbo]" Table="[TestpassPackageMapping]" Alias="[TPM]" Column="MixId" />
                                        </OutputList>
                                        <IndexScan Ordered="1" ScanDirection="FORWARD" ForcedIndex="0" ForceSeek="0" ForceScan="0" NoExpandHint="0" Storage="RowStore">
                                          <DefinedValues>
                                            <DefinedValue>
                                              <ColumnReference Database="[OurLabReporting]" Schema="[dbo]" Table="[TestpassPackageMapping]" Alias="[TPM]" Column="MixId" />
                                            </DefinedValue>
                                          </DefinedValues>
                                          <Object Database="[OurLabReporting]" Schema="[dbo]" Table="[TestpassPackageMapping]" Index="[TestpassPackageMapping_IDX_TestpassId]" Alias="[TPM]" TableReferenceId="2" IndexKind="NonClustered" />
                                          <SeekPredicates>
                                            <SeekPredicateNew>
                                              <SeekKeys>
                                                <Prefix ScanType="EQ">
                                                  <RangeColumns>
                                                    <ColumnReference Database="[OurLabReporting]" Schema="[dbo]" Table="[TestpassPackageMapping]" Alias="[TPM]" Column="TestpassId" />
                                                  </RangeColumns>
                                                  <RangeExpressions>
                                                    <ScalarOperator ScalarString="[OurLabReporting].[dbo].[Testpass].[Id] as [TP].[Id]">
                                                      <Identifier>
                                                        <ColumnReference Database="[OurLabReporting]" Schema="[dbo]" Table="[Testpass]" Alias="[TP]" Column="Id" />
                                                      </Identifier>
                                                    </ScalarOperator>
                                                  </RangeExpressions>
                                                </Prefix>
                                              </SeekKeys>
                                            </SeekPredicateNew>
                                          </SeekPredicates>
                                        </IndexScan>
                                      </RelOp>
                                      <RelOp NodeId="13" PhysicalOp="Index Seek" LogicalOp="Index Seek" EstimateRows="1" EstimateIO="0.00386574" EstimateCPU="0.000335987" AvgRowSize="11" EstimatedTotalSubtreeCost="0.00454681" TableCardinality="4.12024e+007" Parallel="0" EstimateRebinds="0.260434" EstimateRewinds="0" EstimatedExecutionMode="Row">
                                        <OutputList />
                                        <IndexScan Ordered="1" ScanDirection="FORWARD" ForcedIndex="0" ForceSeek="0" ForceScan="0" NoExpandHint="0" Storage="RowStore">
                                          <DefinedValues />
                                          <Object Database="[OurLabReporting]" Schema="[dbo]" Table="[TEU]" Index="[Teu_IDX_Mix]" Alias="[T]" TableReferenceId="2" IndexKind="NonClustered" />
                                          <SeekPredicates>
                                            <SeekPredicateNew>
                                              <SeekKeys>
                                                <Prefix ScanType="EQ">
                                                  <RangeColumns>
                                                    <ColumnReference Database="[OurLabReporting]" Schema="[dbo]" Table="[TEU]" Alias="[T]" Column="MixId" />
                                                  </RangeColumns>
                                                  <RangeExpressions>
                                                    <ScalarOperator ScalarString="[OurLabReporting].[dbo].[TestpassPackageMapping].[MixId] as [TPM].[MixId]">
                                                      <Identifier>
                                                        <ColumnReference Database="[OurLabReporting]" Schema="[dbo]" Table="[TestpassPackageMapping]" Alias="[TPM]" Column="MixId" />
                                                      </Identifier>
                                                    </ScalarOperator>
                                                  </RangeExpressions>
                                                </Prefix>
                                                <IsNotNull>
                                                  <ColumnReference Database="[OurLabReporting]" Schema="[dbo]" Table="[TEU]" Alias="[T]" Column="RerunSourceId" />
                                                </IsNotNull>
                                              </SeekKeys>
                                            </SeekPredicateNew>
                                          </SeekPredicates>
                                          <Predicate>
                                            <ScalarOperator ScalarString="[OurLabReporting].[dbo].[TEU].[StatusId] as [T].[StatusId]&lt;&gt;(48) AND [OurLabReporting].[dbo].[TEU].[StatusId] as [T].[StatusId]&lt;&gt;(49) AND [OurLabReporting].[dbo].[TEU].[StatusId] as [T].[StatusId]&lt;&gt;(50) AND [OurLabReporting].[dbo].[TEU].[StatusId] as [T].[StatusId]&lt;&gt;(52)">
                                              <Logical Operation="AND">
                                                <ScalarOperator>
                                                  <Compare CompareOp="NE">
                                                    <ScalarOperator>
                                                      <Identifier>
                                                        <ColumnReference Database="[OurLabReporting]" Schema="[dbo]" Table="[TEU]" Alias="[T]" Column="StatusId" />
                                                      </Identifier>
                                                    </ScalarOperator>
                                                    <ScalarOperator>
                                                      <Const ConstValue="(48)" />
                                                    </ScalarOperator>
                                                  </Compare>
                                                </ScalarOperator>
                                                <ScalarOperator>
                                                  <Compare CompareOp="NE">
                                                    <ScalarOperator>
                                                      <Identifier>
                                                        <ColumnReference Database="[OurLabReporting]" Schema="[dbo]" Table="[TEU]" Alias="[T]" Column="StatusId" />
                                                      </Identifier>
                                                    </ScalarOperator>
                                                    <ScalarOperator>
                                                      <Const ConstValue="(49)" />
                                                    </ScalarOperator>
                                                  </Compare>
                                                </ScalarOperator>
                                                <ScalarOperator>
                                                  <Compare CompareOp="NE">
                                                    <ScalarOperator>
                                                      <Identifier>
                                                        <ColumnReference Database="[OurLabReporting]" Schema="[dbo]" Table="[TEU]" Alias="[T]" Column="StatusId" />
                                                      </Identifier>
                                                    </ScalarOperator>
                                                    <ScalarOperator>
                                                      <Const ConstValue="(50)" />
                                                    </ScalarOperator>
                                                  </Compare>
                                                </ScalarOperator>
                                                <ScalarOperator>
                                                  <Compare CompareOp="NE">
                                                    <ScalarOperator>
                                                      <Identifier>
                                                        <ColumnReference Database="[OurLabReporting]" Schema="[dbo]" Table="[TEU]" Alias="[T]" Column="StatusId" />
                                                      </Identifier>
                                                    </ScalarOperator>
                                                    <ScalarOperator>
                                                      <Const ConstValue="(52)" />
                                                    </ScalarOperator>
                                                  </Compare>
                                                </ScalarOperator>
                                              </Logical>
                                            </ScalarOperator>
                                          </Predicate>
                                        </IndexScan>
                                      </RelOp>
                                    </NestedLoops>
                                  </RelOp>
                                </NestedLoops>
                              </RelOp>
                              <RelOp NodeId="14" PhysicalOp="Nested Loops" LogicalOp="Inner Join" EstimateRows="1" EstimateIO="0" EstimateCPU="1.22106e-005" AvgRowSize="9" EstimatedTotalSubtreeCost="0.0155185" Parallel="0" EstimateRebinds="0" EstimateRewinds="0" EstimatedExecutionMode="Row">
                                <OutputList />
                                <NestedLoops Optimized="0">
                                  <OuterReferences>
                                    <ColumnReference Database="[OurLabReporting]" Schema="[dbo]" Table="[TestpassPackageMapping]" Alias="[TPM]" Column="MixId" />
                                  </OuterReferences>
                                  <RelOp NodeId="15" PhysicalOp="Index Seek" LogicalOp="Index Seek" EstimateRows="1" EstimateIO="0.003125" EstimateCPU="0.000158386" AvgRowSize="11" EstimatedTotalSubtreeCost="0.0032831" TableCardinality="1.48174e+006" Parallel="0" EstimateRebinds="0" EstimateRewinds="0" EstimatedExecutionMode="Row">
                                    <OutputList>
                                      <ColumnReference Database="[OurLabReporting]" Schema="[dbo]" Table="[TestpassPackageMapping]" Alias="[TPM]" Column="MixId" />
                                    </OutputList>
                                    <IndexScan Ordered="1" ScanDirection="FORWARD" ForcedIndex="0" ForceSeek="0" ForceScan="0" NoExpandHint="0" Storage="RowStore">
                                      <DefinedValues>
                                        <DefinedValue>
                                          <ColumnReference Database="[OurLabReporting]" Schema="[dbo]" Table="[TestpassPackageMapping]" Alias="[TPM]" Column="MixId" />
                                        </DefinedValue>
                                      </DefinedValues>
                                      <Object Database="[OurLabReporting]" Schema="[dbo]" Table="[TestpassPackageMapping]" Index="[TestpassPackageMapping_IDX_TestpassId]" Alias="[TPM]" TableReferenceId="3" IndexKind="NonClustered" />
                                      <SeekPredicates>
                                        <SeekPredicateNew>
                                          <SeekKeys>
                                            <Prefix ScanType="EQ">
                                              <RangeColumns>
                                                <ColumnReference Database="[OurLabReporting]" Schema="[dbo]" Table="[TestpassPackageMapping]" Alias="[TPM]" Column="TestpassId" />
                                              </RangeColumns>
                                              <RangeExpressions>
                                                <ScalarOperator ScalarString="[OurLabReporting].[dbo].[Testpass].[Id] as [TP].[Id]">
                                                  <Identifier>
                                                    <ColumnReference Database="[OurLabReporting]" Schema="[dbo]" Table="[Testpass]" Alias="[TP]" Column="Id" />
                                                  </Identifier>
                                                </ScalarOperator>
                                              </RangeExpressions>
                                            </Prefix>
                                          </SeekKeys>
                                        </SeekPredicateNew>
                                      </SeekPredicates>
                                    </IndexScan>
                                  </RelOp>
                                  <RelOp NodeId="16" PhysicalOp="Index Seek" LogicalOp="Index Seek" EstimateRows="1" EstimateIO="0.0149769" EstimateCPU="0.00292037" AvgRowSize="11" EstimatedTotalSubtreeCost="0.0105037" TableCardinality="4.12024e+007" Parallel="0" EstimateRebinds="0.260434" EstimateRewinds="0" EstimatedExecutionMode="Row">
                                    <OutputList />
                                    <IndexScan Ordered="1" ScanDirection="FORWARD" ForcedIndex="0" ForceSeek="0" ForceScan="0" NoExpandHint="0" Storage="RowStore">
                                      <DefinedValues />
                                      <Object Database="[OurLabReporting]" Schema="[dbo]" Table="[TEU]" Index="[Teu_IDX_Mix]" Alias="[T]" TableReferenceId="3" IndexKind="NonClustered" />
                                      <SeekPredicates>
                                        <SeekPredicateNew>
                                          <SeekKeys>
                                            <Prefix ScanType="EQ">
                                              <RangeColumns>
                                                <ColumnReference Database="[OurLabReporting]" Schema="[dbo]" Table="[TEU]" Alias="[T]" Column="MixId" />
                                                <ColumnReference Database="[OurLabReporting]" Schema="[dbo]" Table="[TEU]" Alias="[T]" Column="RerunSourceId" />
                                              </RangeColumns>
                                              <RangeExpressions>
                                                <ScalarOperator ScalarString="[OurLabReporting].[dbo].[TestpassPackageMapping].[MixId] as [TPM].[MixId]">
                                                  <Identifier>
                                                    <ColumnReference Database="[OurLabReporting]" Schema="[dbo]" Table="[TestpassPackageMapping]" Alias="[TPM]" Column="MixId" />
                                                  </Identifier>
                                                </ScalarOperator>
                                                <ScalarOperator ScalarString="NULL">
                                                  <Const ConstValue="NULL" />
                                                </ScalarOperator>
                                              </RangeExpressions>
                                            </Prefix>
                                          </SeekKeys>
                                        </SeekPredicateNew>
                                      </SeekPredicates>
                                      <Predicate>
                                        <ScalarOperator ScalarString="[OurLabReporting].[dbo].[TEU].[StatusId] as [T].[StatusId]&lt;&gt;(48) AND [OurLabReporting].[dbo].[TEU].[StatusId] as [T].[StatusId]&lt;&gt;(49) AND [OurLabReporting].[dbo].[TEU].[StatusId] as [T].[StatusId]&lt;&gt;(50) AND [OurLabReporting].[dbo].[TEU].[StatusId] as [T].[StatusId]&lt;&gt;(52)">
                                          <Logical Operation="AND">
                                            <ScalarOperator>
                                              <Compare CompareOp="NE">
                                                <ScalarOperator>
                                                  <Identifier>
                                                    <ColumnReference Database="[OurLabReporting]" Schema="[dbo]" Table="[TEU]" Alias="[T]" Column="StatusId" />
                                                  </Identifier>
                                                </ScalarOperator>
                                                <ScalarOperator>
                                                  <Const ConstValue="(48)" />
                                                </ScalarOperator>
                                              </Compare>
                                            </ScalarOperator>
                                            <ScalarOperator>
                                              <Compare CompareOp="NE">
                                                <ScalarOperator>
                                                  <Identifier>
                                                    <ColumnReference Database="[OurLabReporting]" Schema="[dbo]" Table="[TEU]" Alias="[T]" Column="StatusId" />
                                                  </Identifier>
                                                </ScalarOperator>
                                                <ScalarOperator>
                                                  <Const ConstValue="(49)" />
                                                </ScalarOperator>
                                              </Compare>
                                            </ScalarOperator>
                                            <ScalarOperator>
                                              <Compare CompareOp="NE">
                                                <ScalarOperator>
                                                  <Identifier>
                                                    <ColumnReference Database="[OurLabReporting]" Schema="[dbo]" Table="[TEU]" Alias="[T]" Column="StatusId" />
                                                  </Identifier>
                                                </ScalarOperator>
                                                <ScalarOperator>
                                                  <Const ConstValue="(50)" />
                                                </ScalarOperator>
                                              </Compare>
                                            </ScalarOperator>
                                            <ScalarOperator>
                                              <Compare CompareOp="NE">
                                                <ScalarOperator>
                                                  <Identifier>
                                                    <ColumnReference Database="[OurLabReporting]" Schema="[dbo]" Table="[TEU]" Alias="[T]" Column="StatusId" />
                                                  </Identifier>
                                                </ScalarOperator>
                                                <ScalarOperator>
                                                  <Const ConstValue="(52)" />
                                                </ScalarOperator>
                                              </Compare>
                                            </ScalarOperator>
                                          </Logical>
                                        </ScalarOperator>
                                      </Predicate>
                                    </IndexScan>
                                  </RelOp>
                                </NestedLoops>
                              </RelOp>
                            </NestedLoops>
                          </RelOp>
                          <RelOp NodeId="17" PhysicalOp="Clustered Index Seek" LogicalOp="Clustered Index Seek" EstimateRows="1" EstimateIO="0.003125" EstimateCPU="0.0001581" AvgRowSize="9" EstimatedTotalSubtreeCost="0.0032831" TableCardinality="1.41186e+006" Parallel="0" EstimateRebinds="0" EstimateRewinds="0" EstimatedExecutionMode="Row">
                            <OutputList>
                              <ColumnReference Database="[OurLabReporting]" Schema="[dbo]" Table="[Testpass]" Alias="[TP]" Column="CanRerun" />
                            </OutputList>
                            <IndexScan Ordered="1" ScanDirection="FORWARD" ForcedIndex="0" ForceSeek="0" ForceScan="0" NoExpandHint="0" Storage="RowStore">
                              <DefinedValues>
                                <DefinedValue>
                                  <ColumnReference Database="[OurLabReporting]" Schema="[dbo]" Table="[Testpass]" Alias="[TP]" Column="CanRerun" />
                                </DefinedValue>
                              </DefinedValues>
                              <Object Database="[OurLabReporting]" Schema="[dbo]" Table="[Testpass]" Index="[Testpass_PK]" Alias="[TP]" TableReferenceId="1" IndexKind="Clustered" />
                              <SeekPredicates>
                                <SeekPredicateNew>
                                  <SeekKeys>
                                    <Prefix ScanType="EQ">
                                      <RangeColumns>
                                        <ColumnReference Database="[OurLabReporting]" Schema="[dbo]" Table="[Testpass]" Alias="[TP]" Column="Id" />
                                      </RangeColumns>
                                      <RangeExpressions>
                                        <ScalarOperator ScalarString="[OurLabReporting].[dbo].[ScheduleTestpassMapping].[TestpassId] as [STPM].[TestpassId]">
                                          <Identifier>
                                            <ColumnReference Database="[OurLabReporting]" Schema="[dbo]" Table="[ScheduleTestpassMapping]" Alias="[STPM]" Column="TestpassId" />
                                          </Identifier>
                                        </ScalarOperator>
                                      </RangeExpressions>
                                    </Prefix>
                                  </SeekKeys>
                                </SeekPredicateNew>
                              </SeekPredicates>
                            </IndexScan>
                          </RelOp>
                        </NestedLoops>
                      </RelOp>
                    </ComputeScalar>
                  </RelOp>
                </QueryPlan>
              </StmtSimple>
            </Statements>
          </Then>
        </StmtCond>
        <StmtCond StatementText="&#x9;END&#xD;&#xA;&#xD;&#xA;&#x9;-- overide the following values if a MixId is available&#xD;&#xA;&#x9;IF (@local_MixId IS NOT NULL)&#xD;&#xA;" StatementId="75" StatementCompId="90" StatementType="COND" RetrievedFromCache="true">
          <Condition />
          <Then>
            <Statements>
              <StmtSimple StatementText="&#x9;BEGIN&#xD;&#xA;&#x9;&#x9;SELECT @local_BuildVersionId = dbo.BuildVersion.Id&#xD;&#xA;&#x9;&#x9;&#x9;,@local_FullBuildNumber = dbo.BuildVersion.FullBuildNumber&#xD;&#xA;&#x9;&#x9;&#x9;,@local_Branch = dbo.BuildVersion.Branch&#xD;&#xA;&#x9;&#x9;&#x9;,@local_SKU = dbo.BuildFlavor.SKU&#xD;&#xA;&#x9;&#x9;&#x9;,@local_Flavor = dbo.BuildFlavor.Architecture + dbo.BuildFlavor.[Type]&#xD;&#xA;&#x9;&#x9;&#x9;,@local_Language = dbo.BuildFlavor.[Language] + '-' + dbo.BuildFlavor.Culture&#xD;&#xA;&#x9;&#x9;&#x9;,@local_EffectivePackageName = dbo.Mix.EffectivePackageName&#xD;&#xA;&#x9;&#x9;&#x9;,@local_EffectiveContextName = dbo.Mix.EffectiveContextName&#xD;&#xA;&#x9;&#x9;&#x9;,@local_MixStatus = dbo.[Status].[Status]&#xD;&#xA;&#x9;&#x9;&#x9;,@local_MixStartDate = dbo.Mix.StartDate&#xD;&#xA;&#x9;&#x9;&#x9;,@local_MixEndDate = dbo.Mix.EndDate&#xD;&#xA;&#x9;&#x9;&#x9;,@local_MixComments = dbo.Mix.Comments&#xD;&#xA;&#x9;&#x9;FROM dbo.Mix WITH (NOLOCK)&#xD;&#xA;&#x9;&#x9;INNER JOIN dbo.BuildFlavor WITH (NOLOCK) ON dbo.BuildFlavor.Id = dbo.Mix.BuildFlavorId&#xD;&#xA;&#x9;&#x9;INNER JOIN dbo.BuildVersion WITH (NOLOCK) ON dbo.BuildVersion.Id = dbo.BuildFlavor.BuildVersionId&#xD;&#xA;&#x9;&#x9;LEFT JOIN dbo.[Status] WITH (NOLOCK) ON dbo.[Status].Id = dbo.Mix.StatusId&#xD;&#xA;&#x9;&#x9;WHERE dbo.Mix.Id = @local_MixId&#xD;&#xA;&#xD;&#xA;&#x9;" StatementId="76" StatementCompId="91" StatementType="SELECT" RetrievedFromCache="true" StatementSubTreeCost="0.0131452" StatementEstRows="1" StatementOptmLevel="FULL" QueryHash="0xA2DFAF44EEE3DDFF" QueryPlanHash="0xE3E85240F479FBEC" StatementOptmEarlyAbortReason="GoodEnoughPlanFound">
                <StatementSetOptions QUOTED_IDENTIFIER="true" ARITHABORT="true" CONCAT_NULL_YIELDS_NULL="true" ANSI_NULLS="true" ANSI_PADDING="true" ANSI_WARNINGS="true" NUMERIC_ROUNDABORT="false" />
                <QueryPlan NonParallelPlanReason="MaxDOPSetToOne" CachedPlanSize="48" CompileTime="10" CompileCPU="10" CompileMemory="2368">
                  <MemoryGrantInfo SerialRequiredMemory="0" SerialDesiredMemory="0" />
                  <OptimizerHardwareDependentProperties EstimatedAvailableMemoryGrant="193313" EstimatedPagesCached="773254" EstimatedAvailableDegreeOfParallelism="1" />
                  <RelOp NodeId="0" PhysicalOp="Compute Scalar" LogicalOp="Compute Scalar" EstimateRows="1" EstimateIO="0" EstimateCPU="1e-007" AvgRowSize="1454" EstimatedTotalSubtreeCost="0.0131452" Parallel="0" EstimateRebinds="0" EstimateRewinds="0" EstimatedExecutionMode="Row">
                    <OutputList>
                      <ColumnReference Database="[OurLabReporting]" Schema="[dbo]" Table="[Mix]" Column="StartDate" />
                      <ColumnReference Database="[OurLabReporting]" Schema="[dbo]" Table="[Mix]" Column="EndDate" />
                      <ColumnReference Database="[OurLabReporting]" Schema="[dbo]" Table="[Mix]" Column="EffectiveContextName" />
                      <ColumnReference Database="[OurLabReporting]" Schema="[dbo]" Table="[Mix]" Column="EffectivePackageName" />
                      <ColumnReference Database="[OurLabReporting]" Schema="[dbo]" Table="[BuildVersion]" Column="Id" />
                      <ColumnReference Database="[OurLabReporting]" Schema="[dbo]" Table="[BuildVersion]" Column="Branch" />
                      <ColumnReference Database="[OurLabReporting]" Schema="[dbo]" Table="[BuildVersion]" Column="FullBuildNumber" />
                      <ColumnReference Column="Expr1012" />
                      <ColumnReference Column="Expr1013" />
                      <ColumnReference Column="Expr1014" />
                      <ColumnReference Column="Expr1015" />
                      <ColumnReference Column="Expr1016" />
                    </OutputList>
                    <ComputeScalar>
                      <DefinedValues>
                        <DefinedValue>
                          <ColumnReference Column="Expr1015" />
                          <ScalarOperator ScalarString="CONVERT_IMPLICIT(nvarchar(50),[OurLabReporting].[dbo].[Status].[Status],0)">
                            <Convert DataType="nvarchar" Length="100" Style="0" Implicit="1">
                              <ScalarOperator>
                                <Identifier>
                                  <ColumnReference Database="[OurLabReporting]" Schema="[dbo]" Table="[Status]" Column="Status" />
                                </Identifier>
                              </ScalarOperator>
                            </Convert>
                          </ScalarOperator>
                        </DefinedValue>
                      </DefinedValues>
                      <RelOp NodeId="1" PhysicalOp="Nested Loops" LogicalOp="Left Outer Join" EstimateRows="1" EstimateIO="0" EstimateCPU="4.18e-006" AvgRowSize="1504" EstimatedTotalSubtreeCost="0.0131451" Parallel="0" EstimateRebinds="0" EstimateRewinds="0" EstimatedExecutionMode="Row">
                        <OutputList>
                          <ColumnReference Database="[OurLabReporting]" Schema="[dbo]" Table="[Mix]" Column="StartDate" />
                          <ColumnReference Database="[OurLabReporting]" Schema="[dbo]" Table="[Mix]" Column="EndDate" />
                          <ColumnReference Database="[OurLabReporting]" Schema="[dbo]" Table="[Mix]" Column="EffectiveContextName" />
                          <ColumnReference Database="[OurLabReporting]" Schema="[dbo]" Table="[Mix]" Column="EffectivePackageName" />
                          <ColumnReference Database="[OurLabReporting]" Schema="[dbo]" Table="[BuildVersion]" Column="Id" />
                          <ColumnReference Database="[OurLabReporting]" Schema="[dbo]" Table="[BuildVersion]" Column="Branch" />
                          <ColumnReference Database="[OurLabReporting]" Schema="[dbo]" Table="[BuildVersion]" Column="FullBuildNumber" />
                          <ColumnReference Database="[OurLabReporting]" Schema="[dbo]" Table="[Status]" Column="Status" />
                          <ColumnReference Column="Expr1012" />
                          <ColumnReference Column="Expr1013" />
                          <ColumnReference Column="Expr1014" />
                          <ColumnReference Column="Expr1016" />
                        </OutputList>
                        <NestedLoops Optimized="0">
                          <OuterReferences>
                            <ColumnReference Database="[OurLabReporting]" Schema="[dbo]" Table="[Mix]" Column="StatusId" />
                          </OuterReferences>
                          <RelOp NodeId="2" PhysicalOp="Nested Loops" LogicalOp="Inner Join" EstimateRows="1" EstimateIO="0" EstimateCPU="4.18e-006" AvgRowSize="1406" EstimatedTotalSubtreeCost="0.00985786" Parallel="0" EstimateRebinds="0" EstimateRewinds="0" EstimatedExecutionMode="Row">
                            <OutputList>
                              <ColumnReference Database="[OurLabReporting]" Schema="[dbo]" Table="[Mix]" Column="StartDate" />
                              <ColumnReference Database="[OurLabReporting]" Schema="[dbo]" Table="[Mix]" Column="EndDate" />
                              <ColumnReference Database="[OurLabReporting]" Schema="[dbo]" Table="[Mix]" Column="EffectiveContextName" />
                              <ColumnReference Database="[OurLabReporting]" Schema="[dbo]" Table="[Mix]" Column="EffectivePackageName" />
                              <ColumnReference Database="[OurLabReporting]" Schema="[dbo]" Table="[Mix]" Column="StatusId" />
                              <ColumnReference Database="[OurLabReporting]" Schema="[dbo]" Table="[BuildVersion]" Column="Id" />
                              <ColumnReference Database="[OurLabReporting]" Schema="[dbo]" Table="[BuildVersion]" Column="Branch" />
                              <ColumnReference Database="[OurLabReporting]" Schema="[dbo]" Table="[BuildVersion]" Column="FullBuildNumber" />
                              <ColumnReference Column="Expr1012" />
                              <ColumnReference Column="Expr1013" />
                              <ColumnReference Column="Expr1014" />
                              <ColumnReference Column="Expr1016" />
                            </OutputList>
                            <NestedLoops Optimized="0">
                              <OuterReferences>
                                <ColumnReference Database="[OurLabReporting]" Schema="[dbo]" Table="[BuildFlavor]" Column="BuildVersionId" />
                              </OuterReferences>
                              <RelOp NodeId="3" PhysicalOp="Compute Scalar" LogicalOp="Compute Scalar" EstimateRows="1" EstimateIO="0" EstimateCPU="1e-007" AvgRowSize="1046" EstimatedTotalSubtreeCost="0.00657058" Parallel="0" EstimateRebinds="0" EstimateRewinds="0" EstimatedExecutionMode="Row">
                                <OutputList>
                                  <ColumnReference Database="[OurLabReporting]" Schema="[dbo]" Table="[Mix]" Column="StartDate" />
                                  <ColumnReference Database="[OurLabReporting]" Schema="[dbo]" Table="[Mix]" Column="EndDate" />
                                  <ColumnReference Database="[OurLabReporting]" Schema="[dbo]" Table="[Mix]" Column="EffectiveContextName" />
                                  <ColumnReference Database="[OurLabReporting]" Schema="[dbo]" Table="[Mix]" Column="EffectivePackageName" />
                                  <ColumnReference Database="[OurLabReporting]" Schema="[dbo]" Table="[Mix]" Column="StatusId" />
                                  <ColumnReference Database="[OurLabReporting]" Schema="[dbo]" Table="[BuildFlavor]" Column="BuildVersionId" />
                                  <ColumnReference Column="Expr1012" />
                                  <ColumnReference Column="Expr1013" />
                                  <ColumnReference Column="Expr1014" />
                                  <ColumnReference Column="Expr1016" />
                                </OutputList>
                                <ComputeScalar>
                                  <DefinedValues>
                                    <DefinedValue>
                                      <ColumnReference Column="Expr1012" />
                                      <ScalarOperator ScalarString="CONVERT_IMPLICIT(nvarchar(50),[OurLabReporting].[dbo].[BuildFlavor].[Sku],0)">
                                        <Convert DataType="nvarchar" Length="100" Style="0" Implicit="1">
                                          <ScalarOperator>
                                            <Identifier>
                                              <ColumnReference Database="[OurLabReporting]" Schema="[dbo]" Table="[BuildFlavor]" Column="Sku" />
                                            </Identifier>
                                          </ScalarOperator>
                                        </Convert>
                                      </ScalarOperator>
                                    </DefinedValue>
                                    <DefinedValue>
                                      <ColumnReference Column="Expr1013" />
                                      <ScalarOperator ScalarString="CONVERT_IMPLICIT(nvarchar(100),[OurLabReporting].[dbo].[BuildFlavor].[Architecture]+[OurLabReporting].[dbo].[BuildFlavor].[Type],0)">
                                        <Convert DataType="nvarchar" Length="200" Style="0" Implicit="1">
                                          <ScalarOperator>
                                            <Arithmetic Operation="ADD">
                                              <ScalarOperator>
                                                <Identifier>
                                                  <ColumnReference Database="[OurLabReporting]" Schema="[dbo]" Table="[BuildFlavor]" Column="Architecture" />
                                                </Identifier>
                                              </ScalarOperator>
                                              <ScalarOperator>
                                                <Identifier>
                                                  <ColumnReference Database="[OurLabReporting]" Schema="[dbo]" Table="[BuildFlavor]" Column="Type" />
                                                </Identifier>
                                              </ScalarOperator>
                                            </Arithmetic>
                                          </ScalarOperator>
                                        </Convert>
                                      </ScalarOperator>
                                    </DefinedValue>
                                    <DefinedValue>
                                      <ColumnReference Column="Expr1014" />
                                      <ScalarOperator ScalarString="CONVERT_IMPLICIT(nvarchar(200),[OurLabReporting].[dbo].[BuildFlavor].[Language]+N'-'+[OurLabReporting].[dbo].[BuildFlavor].[Culture],0)">
                                        <Convert DataType="nvarchar" Length="400" Style="0" Implicit="1">
                                          <ScalarOperator>
                                            <Arithmetic Operation="ADD">
                                              <ScalarOperator>
                                                <Arithmetic Operation="ADD">
                                                  <ScalarOperator>
                                                    <Identifier>
                                                      <ColumnReference Database="[OurLabReporting]" Schema="[dbo]" Table="[BuildFlavor]" Column="Language" />
                                                    </Identifier>
                                                  </ScalarOperator>
                                                  <ScalarOperator>
                                                    <Const ConstValue="N'-'" />
                                                  </ScalarOperator>
                                                </Arithmetic>
                                              </ScalarOperator>
                                              <ScalarOperator>
                                                <Identifier>
                                                  <ColumnReference Database="[OurLabReporting]" Schema="[dbo]" Table="[BuildFlavor]" Column="Culture" />
                                                </Identifier>
                                              </ScalarOperator>
                                            </Arithmetic>
                                          </ScalarOperator>
                                        </Convert>
                                      </ScalarOperator>
                                    </DefinedValue>
                                  </DefinedValues>
                                  <RelOp NodeId="4" PhysicalOp="Nested Loops" LogicalOp="Inner Join" EstimateRows="1" EstimateIO="0" EstimateCPU="4.18e-006" AvgRowSize="975" EstimatedTotalSubtreeCost="0.00657048" Parallel="0" EstimateRebinds="0" EstimateRewinds="0" EstimatedExecutionMode="Row">
                                    <OutputList>
                                      <ColumnReference Database="[OurLabReporting]" Schema="[dbo]" Table="[Mix]" Column="StartDate" />
                                      <ColumnReference Database="[OurLabReporting]" Schema="[dbo]" Table="[Mix]" Column="EndDate" />
                                      <ColumnReference Database="[OurLabReporting]" Schema="[dbo]" Table="[Mix]" Column="EffectiveContextName" />
                                      <ColumnReference Database="[OurLabReporting]" Schema="[dbo]" Table="[Mix]" Column="EffectivePackageName" />
                                      <ColumnReference Database="[OurLabReporting]" Schema="[dbo]" Table="[Mix]" Column="StatusId" />
                                      <ColumnReference Database="[OurLabReporting]" Schema="[dbo]" Table="[BuildFlavor]" Column="BuildVersionId" />
                                      <ColumnReference Database="[OurLabReporting]" Schema="[dbo]" Table="[BuildFlavor]" Column="Sku" />
                                      <ColumnReference Database="[OurLabReporting]" Schema="[dbo]" Table="[BuildFlavor]" Column="Architecture" />
                                      <ColumnReference Database="[OurLabReporting]" Schema="[dbo]" Table="[BuildFlavor]" Column="Type" />
                                      <ColumnReference Database="[OurLabReporting]" Schema="[dbo]" Table="[BuildFlavor]" Column="Culture" />
                                      <ColumnReference Database="[OurLabReporting]" Schema="[dbo]" Table="[BuildFlavor]" Column="Language" />
                                      <ColumnReference Column="Expr1016" />
                                    </OutputList>
                                    <NestedLoops Optimized="0">
                                      <OuterReferences>
                                        <ColumnReference Database="[OurLabReporting]" Schema="[dbo]" Table="[Mix]" Column="BuildFlavorId" />
                                      </OuterReferences>
                                      <RelOp NodeId="5" PhysicalOp="Compute Scalar" LogicalOp="Compute Scalar" EstimateRows="1" EstimateIO="0" EstimateCPU="1e-007" AvgRowSize="689" EstimatedTotalSubtreeCost="0.0032832" Parallel="0" EstimateRebinds="0" EstimateRewinds="0" EstimatedExecutionMode="Row">
                                        <OutputList>
                                          <ColumnReference Database="[OurLabReporting]" Schema="[dbo]" Table="[Mix]" Column="StartDate" />
                                          <ColumnReference Database="[OurLabReporting]" Schema="[dbo]" Table="[Mix]" Column="EndDate" />
                                          <ColumnReference Database="[OurLabReporting]" Schema="[dbo]" Table="[Mix]" Column="EffectiveContextName" />
                                          <ColumnReference Database="[OurLabReporting]" Schema="[dbo]" Table="[Mix]" Column="EffectivePackageName" />
                                          <ColumnReference Database="[OurLabReporting]" Schema="[dbo]" Table="[Mix]" Column="BuildFlavorId" />
                                          <ColumnReference Database="[OurLabReporting]" Schema="[dbo]" Table="[Mix]" Column="StatusId" />
                                          <ColumnReference Column="Expr1016" />
                                        </OutputList>
                                        <ComputeScalar>
                                          <DefinedValues>
                                            <DefinedValue>
                                              <ColumnReference Column="Expr1016" />
                                              <ScalarOperator ScalarString="CONVERT_IMPLICIT(nvarchar(250),[OurLabReporting].[dbo].[Mix].[Comments],0)">
                                                <Convert DataType="nvarchar" Length="500" Style="0" Implicit="1">
                                                  <ScalarOperator>
                                                    <Identifier>
                                                      <ColumnReference Database="[OurLabReporting]" Schema="[dbo]" Table="[Mix]" Column="Comments" />
                                                    </Identifier>
                                                  </ScalarOperator>
                                                </Convert>
                                              </ScalarOperator>
                                            </DefinedValue>
                                          </DefinedValues>
                                          <RelOp NodeId="6" PhysicalOp="Clustered Index Seek" LogicalOp="Clustered Index Seek" EstimateRows="1" EstimateIO="0.003125" EstimateCPU="0.0001581" AvgRowSize="1439" EstimatedTotalSubtreeCost="0.0032831" TableCardinality="1.48176e+006" Parallel="0" EstimateRebinds="0" EstimateRewinds="0" EstimatedExecutionMode="Row">
                                            <OutputList>
                                              <ColumnReference Database="[OurLabReporting]" Schema="[dbo]" Table="[Mix]" Column="StartDate" />
                                              <ColumnReference Database="[OurLabReporting]" Schema="[dbo]" Table="[Mix]" Column="EndDate" />
                                              <ColumnReference Database="[OurLabReporting]" Schema="[dbo]" Table="[Mix]" Column="EffectiveContextName" />
                                              <ColumnReference Database="[OurLabReporting]" Schema="[dbo]" Table="[Mix]" Column="EffectivePackageName" />
                                              <ColumnReference Database="[OurLabReporting]" Schema="[dbo]" Table="[Mix]" Column="Comments" />
                                              <ColumnReference Database="[OurLabReporting]" Schema="[dbo]" Table="[Mix]" Column="BuildFlavorId" />
                                              <ColumnReference Database="[OurLabReporting]" Schema="[dbo]" Table="[Mix]" Column="StatusId" />
                                            </OutputList>
                                            <IndexScan Ordered="1" ScanDirection="FORWARD" ForcedIndex="0" ForceSeek="0" ForceScan="0" NoExpandHint="0" Storage="RowStore">
                                              <DefinedValues>
                                                <DefinedValue>
                                                  <ColumnReference Database="[OurLabReporting]" Schema="[dbo]" Table="[Mix]" Column="StartDate" />
                                                </DefinedValue>
                                                <DefinedValue>
                                                  <ColumnReference Database="[OurLabReporting]" Schema="[dbo]" Table="[Mix]" Column="EndDate" />
                                                </DefinedValue>
                                                <DefinedValue>
                                                  <ColumnReference Database="[OurLabReporting]" Schema="[dbo]" Table="[Mix]" Column="EffectiveContextName" />
                                                </DefinedValue>
                                                <DefinedValue>
                                                  <ColumnReference Database="[OurLabReporting]" Schema="[dbo]" Table="[Mix]" Column="EffectivePackageName" />
                                                </DefinedValue>
                                                <DefinedValue>
                                                  <ColumnReference Database="[OurLabReporting]" Schema="[dbo]" Table="[Mix]" Column="Comments" />
                                                </DefinedValue>
                                                <DefinedValue>
                                                  <ColumnReference Database="[OurLabReporting]" Schema="[dbo]" Table="[Mix]" Column="BuildFlavorId" />
                                                </DefinedValue>
                                                <DefinedValue>
                                                  <ColumnReference Database="[OurLabReporting]" Schema="[dbo]" Table="[Mix]" Column="StatusId" />
                                                </DefinedValue>
                                              </DefinedValues>
                                              <Object Database="[OurLabReporting]" Schema="[dbo]" Table="[Mix]" Index="[Mix_PK]" IndexKind="Clustered" />
                                              <SeekPredicates>
                                                <SeekPredicateNew>
                                                  <SeekKeys>
                                                    <Prefix ScanType="EQ">
                                                      <RangeColumns>
                                                        <ColumnReference Database="[OurLabReporting]" Schema="[dbo]" Table="[Mix]" Column="Id" />
                                                      </RangeColumns>
                                                      <RangeExpressions>
                                                        <ScalarOperator ScalarString="[@local_MixId]">
                                                          <Identifier>
                                                            <ColumnReference Column="@local_MixId" />
                                                          </Identifier>
                                                        </ScalarOperator>
                                                      </RangeExpressions>
                                                    </Prefix>
                                                  </SeekKeys>
                                                </SeekPredicateNew>
                                              </SeekPredicates>
                                            </IndexScan>
                                          </RelOp>
                                        </ComputeScalar>
                                      </RelOp>
                                      <RelOp NodeId="10" PhysicalOp="Clustered Index Seek" LogicalOp="Clustered Index Seek" EstimateRows="1" EstimateIO="0.003125" EstimateCPU="0.0001581" AvgRowSize="298" EstimatedTotalSubtreeCost="0.0032831" TableCardinality="805176" Parallel="0" EstimateRebinds="0" EstimateRewinds="0" EstimatedExecutionMode="Row">
                                        <OutputList>
                                          <ColumnReference Database="[OurLabReporting]" Schema="[dbo]" Table="[BuildFlavor]" Column="BuildVersionId" />
                                          <ColumnReference Database="[OurLabReporting]" Schema="[dbo]" Table="[BuildFlavor]" Column="Sku" />
                                          <ColumnReference Database="[OurLabReporting]" Schema="[dbo]" Table="[BuildFlavor]" Column="Architecture" />
                                          <ColumnReference Database="[OurLabReporting]" Schema="[dbo]" Table="[BuildFlavor]" Column="Type" />
                                          <ColumnReference Database="[OurLabReporting]" Schema="[dbo]" Table="[BuildFlavor]" Column="Culture" />
                                          <ColumnReference Database="[OurLabReporting]" Schema="[dbo]" Table="[BuildFlavor]" Column="Language" />
                                        </OutputList>
                                        <IndexScan Ordered="1" ScanDirection="FORWARD" ForcedIndex="0" ForceSeek="0" ForceScan="0" NoExpandHint="0" Storage="RowStore">
                                          <DefinedValues>
                                            <DefinedValue>
                                              <ColumnReference Database="[OurLabReporting]" Schema="[dbo]" Table="[BuildFlavor]" Column="BuildVersionId" />
                                            </DefinedValue>
                                            <DefinedValue>
                                              <ColumnReference Database="[OurLabReporting]" Schema="[dbo]" Table="[BuildFlavor]" Column="Sku" />
                                            </DefinedValue>
                                            <DefinedValue>
                                              <ColumnReference Database="[OurLabReporting]" Schema="[dbo]" Table="[BuildFlavor]" Column="Architecture" />
                                            </DefinedValue>
                                            <DefinedValue>
                                              <ColumnReference Database="[OurLabReporting]" Schema="[dbo]" Table="[BuildFlavor]" Column="Type" />
                                            </DefinedValue>
                                            <DefinedValue>
                                              <ColumnReference Database="[OurLabReporting]" Schema="[dbo]" Table="[BuildFlavor]" Column="Culture" />
                                            </DefinedValue>
                                            <DefinedValue>
                                              <ColumnReference Database="[OurLabReporting]" Schema="[dbo]" Table="[BuildFlavor]" Column="Language" />
                                            </DefinedValue>
                                          </DefinedValues>
                                          <Object Database="[OurLabReporting]" Schema="[dbo]" Table="[BuildFlavor]" Index="[BuildFlavor_PK]" IndexKind="Clustered" />
                                          <SeekPredicates>
                                            <SeekPredicateNew>
                                              <SeekKeys>
                                                <Prefix ScanType="EQ">
                                                  <RangeColumns>
                                                    <ColumnReference Database="[OurLabReporting]" Schema="[dbo]" Table="[BuildFlavor]" Column="Id" />
                                                  </RangeColumns>
                                                  <RangeExpressions>
                                                    <ScalarOperator ScalarString="[OurLabReporting].[dbo].[Mix].[BuildFlavorId]">
                                                      <Identifier>
                                                        <ColumnReference Database="[OurLabReporting]" Schema="[dbo]" Table="[Mix]" Column="BuildFlavorId" />
                                                      </Identifier>
                                                    </ScalarOperator>
                                                  </RangeExpressions>
                                                </Prefix>
                                              </SeekKeys>
                                            </SeekPredicateNew>
                                          </SeekPredicates>
                                        </IndexScan>
                                      </RelOp>
                                    </NestedLoops>
                                  </RelOp>
                                </ComputeScalar>
                              </RelOp>
                              <RelOp NodeId="18" PhysicalOp="Clustered Index Seek" LogicalOp="Clustered Index Seek" EstimateRows="1" EstimateIO="0.003125" EstimateCPU="0.0001581" AvgRowSize="373" EstimatedTotalSubtreeCost="0.0032831" TableCardinality="78971" Parallel="0" EstimateRebinds="0" EstimateRewinds="0" EstimatedExecutionMode="Row">
                                <OutputList>
                                  <ColumnReference Database="[OurLabReporting]" Schema="[dbo]" Table="[BuildVersion]" Column="Id" />
                                  <ColumnReference Database="[OurLabReporting]" Schema="[dbo]" Table="[BuildVersion]" Column="Branch" />
                                  <ColumnReference Database="[OurLabReporting]" Schema="[dbo]" Table="[BuildVersion]" Column="FullBuildNumber" />
                                </OutputList>
                                <IndexScan Ordered="1" ScanDirection="FORWARD" ForcedIndex="0" ForceSeek="0" ForceScan="0" NoExpandHint="0" Storage="RowStore">
                                  <DefinedValues>
                                    <DefinedValue>
                                      <ColumnReference Database="[OurLabReporting]" Schema="[dbo]" Table="[BuildVersion]" Column="Id" />
                                    </DefinedValue>
                                    <DefinedValue>
                                      <ColumnReference Database="[OurLabReporting]" Schema="[dbo]" Table="[BuildVersion]" Column="Branch" />
                                    </DefinedValue>
                                    <DefinedValue>
                                      <ColumnReference Database="[OurLabReporting]" Schema="[dbo]" Table="[BuildVersion]" Column="FullBuildNumber" />
                                    </DefinedValue>
                                  </DefinedValues>
                                  <Object Database="[OurLabReporting]" Schema="[dbo]" Table="[BuildVersion]" Index="[BuildVersion_PK]" IndexKind="Clustered" />
                                  <SeekPredicates>
                                    <SeekPredicateNew>
                                      <SeekKeys>
                                        <Prefix ScanType="EQ">
                                          <RangeColumns>
                                            <ColumnReference Database="[OurLabReporting]" Schema="[dbo]" Table="[BuildVersion]" Column="Id" />
                                          </RangeColumns>
                                          <RangeExpressions>
                                            <ScalarOperator ScalarString="[OurLabReporting].[dbo].[BuildFlavor].[BuildVersionId]">
                                              <Identifier>
                                                <ColumnReference Database="[OurLabReporting]" Schema="[dbo]" Table="[BuildFlavor]" Column="BuildVersionId" />
                                              </Identifier>
                                            </ScalarOperator>
                                          </RangeExpressions>
                                        </Prefix>
                                      </SeekKeys>
                                    </SeekPredicateNew>
                                  </SeekPredicates>
                                </IndexScan>
                              </RelOp>
                            </NestedLoops>
                          </RelOp>
                          <RelOp NodeId="19" PhysicalOp="Clustered Index Seek" LogicalOp="Clustered Index Seek" EstimateRows="1" EstimateIO="0.003125" EstimateCPU="0.0001581" AvgRowSize="111" EstimatedTotalSubtreeCost="0.0032831" TableCardinality="96" Parallel="0" EstimateRebinds="0" EstimateRewinds="0" EstimatedExecutionMode="Row">
                            <OutputList>
                              <ColumnReference Database="[OurLabReporting]" Schema="[dbo]" Table="[Status]" Column="Status" />
                            </OutputList>
                            <IndexScan Ordered="1" ScanDirection="FORWARD" ForcedIndex="0" ForceSeek="0" ForceScan="0" NoExpandHint="0" Storage="RowStore">
                              <DefinedValues>
                                <DefinedValue>
                                  <ColumnReference Database="[OurLabReporting]" Schema="[dbo]" Table="[Status]" Column="Status" />
                                </DefinedValue>
                              </DefinedValues>
                              <Object Database="[OurLabReporting]" Schema="[dbo]" Table="[Status]" Index="[Status_PK]" IndexKind="Clustered" />
                              <SeekPredicates>
                                <SeekPredicateNew>
                                  <SeekKeys>
                                    <Prefix ScanType="EQ">
                                      <RangeColumns>
                                        <ColumnReference Database="[OurLabReporting]" Schema="[dbo]" Table="[Status]" Column="Id" />
                                      </RangeColumns>
                                      <RangeExpressions>
                                        <ScalarOperator ScalarString="[OurLabReporting].[dbo].[Mix].[StatusId]">
                                          <Identifier>
                                            <ColumnReference Database="[OurLabReporting]" Schema="[dbo]" Table="[Mix]" Column="StatusId" />
                                          </Identifier>
                                        </ScalarOperator>
                                      </RangeExpressions>
                                    </Prefix>
                                  </SeekKeys>
                                </SeekPredicateNew>
                              </SeekPredicates>
                            </IndexScan>
                          </RelOp>
                        </NestedLoops>
                      </RelOp>
                    </ComputeScalar>
                  </RelOp>
                </QueryPlan>
              </StmtSimple>
              <StmtSimple StatementText="&#x9;SET @local_BuildRange = @local_FullBuildNumber&#xD;&#xA;&#x9;" StatementId="77" StatementCompId="92" StatementType="ASSIGN" RetrievedFromCache="true" />
              <StmtSimple StatementText="&#x9;SET @local_BuildListTooltip = @local_FullBuildNumber&#xD;&#xA;&#xD;&#xA;&#x9;" StatementId="78" StatementCompId="93" StatementType="ASSIGN" RetrievedFromCache="true" />
              <StmtSimple StatementText="&#x9;SELECT @local_TestpassIsContainsReruns = RTP.HasReruns&#xD;&#xA;&#x9;&#x9;&#x9;,@local_TestpassIsRerun = RTP.IsRerun&#xD;&#xA;&#x9;&#x9;&#x9;,@local_TestpassIsRerunning = RTP.IsRerunning&#xD;&#xA;&#x9;&#x9;&#x9;,@local_TestpassIsRerunEnabled = TP.CanRerun&#xD;&#xA;&#x9;&#x9;FROM dbo.TestPass AS TP WITH (NOLOCK)&#xD;&#xA;&#x9;&#x9;INNER JOIN dbo.View_RerunTestPass AS RTP WITH (NOLOCK) ON TP.Id = RTP.Id&#xD;&#xA;&#x9;&#x9;INNER JOIN ScheduleTestpassMapping AS STPM WITH (NOLOCK) ON TP.Id = STPM.TestpassId&#xD;&#xA;&#x9;&#x9;INNER JOIN Mix AS M WITH (NOLOCK) ON STPM.ScheduleId = M.ScheduleId&#xD;&#xA;&#x9;&#x9;WHERE M.Id = @local_MixId&#xD;&#xA;" StatementId="79" StatementCompId="94" StatementType="SELECT" RetrievedFromCache="true" StatementSubTreeCost="0.04327" StatementEstRows="1" StatementOptmLevel="FULL" QueryHash="0x2A3DE2E632479E19" QueryPlanHash="0xA86044F1475C55B4" StatementOptmEarlyAbortReason="GoodEnoughPlanFound">
                <StatementSetOptions QUOTED_IDENTIFIER="true" ARITHABORT="true" CONCAT_NULL_YIELDS_NULL="true" ANSI_NULLS="true" ANSI_PADDING="true" ANSI_WARNINGS="true" NUMERIC_ROUNDABORT="false" />
                <QueryPlan NonParallelPlanReason="MaxDOPSetToOne" CachedPlanSize="80" CompileTime="64" CompileCPU="64" CompileMemory="3816">
                  <MemoryGrantInfo SerialRequiredMemory="0" SerialDesiredMemory="0" />
                  <OptimizerHardwareDependentProperties EstimatedAvailableMemoryGrant="193313" EstimatedPagesCached="773254" EstimatedAvailableDegreeOfParallelism="1" />
                  <RelOp NodeId="0" PhysicalOp="Compute Scalar" LogicalOp="Compute Scalar" EstimateRows="1" EstimateIO="0" EstimateCPU="1e-007" AvgRowSize="9" EstimatedTotalSubtreeCost="0.04327" Parallel="0" EstimateRebinds="0" EstimateRewinds="0" EstimatedExecutionMode="Row">
                    <OutputList>
                      <ColumnReference Database="[OurLabReporting]" Schema="[dbo]" Table="[Testpass]" Alias="[TP]" Column="CanRerun" />
                      <ColumnReference Column="Expr1004" />
                      <ColumnReference Column="Expr1010" />
                      <ColumnReference Column="Expr1021" />
                    </OutputList>
                    <ComputeScalar>
                      <DefinedValues>
                        <DefinedValue>
                          <ColumnReference Column="Expr1004" />
                          <ScalarOperator ScalarString="(0)">
                            <Const ConstValue="(0)" />
                          </ScalarOperator>
                        </DefinedValue>
                        <DefinedValue>
                          <ColumnReference Column="Expr1010" />
                          <ScalarOperator ScalarString="CONVERT(bit,CASE WHEN [Expr1026] THEN (1) ELSE (0) END,0)">
                            <Convert DataType="bit" Style="0" Implicit="0">
                              <ScalarOperator>
                                <IF>
                                  <Condition>
                                    <ScalarOperator>
                                      <Identifier>
                                        <ColumnReference Column="Expr1026" />
                                      </Identifier>
                                    </ScalarOperator>
                                  </Condition>
                                  <Then>
                                    <ScalarOperator>
                                      <Const ConstValue="(1)" />
                                    </ScalarOperator>
                                  </Then>
                                  <Else>
                                    <ScalarOperator>
                                      <Const ConstValue="(0)" />
                                    </ScalarOperator>
                                  </Else>
                                </IF>
                              </ScalarOperator>
                            </Convert>
                          </ScalarOperator>
                        </DefinedValue>
                        <DefinedValue>
                          <ColumnReference Column="Expr1021" />
                          <ScalarOperator ScalarString="CONVERT(bit,CASE WHEN [Expr1027] AND [Expr1028] IS NULL THEN (1) ELSE (0) END,0)">
                            <Convert DataType="bit" Style="0" Implicit="0">
                              <ScalarOperator>
                                <IF>
                                  <Condition>
                                    <ScalarOperator>
                                      <Logical Operation="AND">
                                        <ScalarOperator>
                                          <Identifier>
                                            <ColumnReference Column="Expr1027" />
                                          </Identifier>
                                        </ScalarOperator>
                                        <ScalarOperator>
                                          <Compare CompareOp="IS">
                                            <ScalarOperator>
                                              <Identifier>
                                                <ColumnReference Column="Expr1028" />
                                              </Identifier>
                                            </ScalarOperator>
                                            <ScalarOperator>
                                              <Const ConstValue="NULL" />
                                            </ScalarOperator>
                                          </Compare>
                                        </ScalarOperator>
                                      </Logical>
                                    </ScalarOperator>
                                  </Condition>
                                  <Then>
                                    <ScalarOperator>
                                      <Const ConstValue="(1)" />
                                    </ScalarOperator>
                                  </Then>
                                  <Else>
                                    <ScalarOperator>
                                      <Const ConstValue="(0)" />
                                    </ScalarOperator>
                                  </Else>
                                </IF>
                              </ScalarOperator>
                            </Convert>
                          </ScalarOperator>
                        </DefinedValue>
                      </DefinedValues>
                      <RelOp NodeId="1" PhysicalOp="Nested Loops" LogicalOp="Inner Join" EstimateRows="1" EstimateIO="0" EstimateCPU="4.18e-006" AvgRowSize="9" EstimatedTotalSubtreeCost="0.0432699" Parallel="0" EstimateRebinds="0" EstimateRewinds="0" EstimatedExecutionMode="Row">
                        <OutputList>
                          <ColumnReference Database="[OurLabReporting]" Schema="[dbo]" Table="[Testpass]" Alias="[TP]" Column="CanRerun" />
                          <ColumnReference Column="Expr1026" />
                          <ColumnReference Column="Expr1027" />
                          <ColumnReference Column="Expr1028" />
                        </OutputList>
                        <NestedLoops Optimized="0">
                          <OuterReferences>
                            <ColumnReference Database="[OurLabReporting]" Schema="[dbo]" Table="[ScheduleTestpassMapping]" Alias="[STPM]" Column="TestpassId" />
                          </OuterReferences>
                          <RelOp NodeId="2" PhysicalOp="Nested Loops" LogicalOp="Left Semi Join" EstimateRows="1" EstimateIO="0" EstimateCPU="4.18e-006" AvgRowSize="12" EstimatedTotalSubtreeCost="0.0399826" Parallel="0" EstimateRebinds="0" EstimateRewinds="0" EstimatedExecutionMode="Row">
                            <OutputList>
                              <ColumnReference Database="[OurLabReporting]" Schema="[dbo]" Table="[ScheduleTestpassMapping]" Alias="[STPM]" Column="TestpassId" />
                              <ColumnReference Column="Expr1026" />
                              <ColumnReference Column="Expr1027" />
                              <ColumnReference Column="Expr1028" />
                            </OutputList>
                            <NestedLoops Optimized="0">
                              <DefinedValues>
                                <DefinedValue>
                                  <ColumnReference Column="Expr1028" />
                                </DefinedValue>
                              </DefinedValues>
                              <OuterReferences>
                                <ColumnReference Database="[OurLabReporting]" Schema="[dbo]" Table="[Testpass]" Alias="[TP]" Column="Id" />
                              </OuterReferences>
                              <ProbeColumn>
                                <ColumnReference Column="Expr1028" />
                              </ProbeColumn>
                              <RelOp NodeId="3" PhysicalOp="Nested Loops" LogicalOp="Left Semi Join" EstimateRows="1" EstimateIO="0" EstimateCPU="4.18e-006" AvgRowSize="16" EstimatedTotalSubtreeCost="0.0244599" Parallel="0" EstimateRebinds="0" EstimateRewinds="0" EstimatedExecutionMode="Row">
                                <OutputList>
                                  <ColumnReference Database="[OurLabReporting]" Schema="[dbo]" Table="[Testpass]" Alias="[TP]" Column="Id" />
                                  <ColumnReference Database="[OurLabReporting]" Schema="[dbo]" Table="[ScheduleTestpassMapping]" Alias="[STPM]" Column="TestpassId" />
                                  <ColumnReference Column="Expr1026" />
                                  <ColumnReference Column="Expr1027" />
                                </OutputList>
                                <NestedLoops Optimized="0">
                                  <DefinedValues>
                                    <DefinedValue>
                                      <ColumnReference Column="Expr1027" />
                                    </DefinedValue>
                                  </DefinedValues>
                                  <OuterReferences>
                                    <ColumnReference Database="[OurLabReporting]" Schema="[dbo]" Table="[Testpass]" Alias="[TP]" Column="Id" />
                                  </OuterReferences>
                                  <ProbeColumn>
                                    <ColumnReference Column="Expr1027" />
                                  </ProbeColumn>
                                  <RelOp NodeId="4" PhysicalOp="Nested Loops" LogicalOp="Left Semi Join" EstimateRows="1" EstimateIO="0" EstimateCPU="4.18e-006" AvgRowSize="16" EstimatedTotalSubtreeCost="0.0164343" Parallel="0" EstimateRebinds="0" EstimateRewinds="0" EstimatedExecutionMode="Row">
                                    <OutputList>
                                      <ColumnReference Database="[OurLabReporting]" Schema="[dbo]" Table="[Testpass]" Alias="[TP]" Column="Id" />
                                      <ColumnReference Database="[OurLabReporting]" Schema="[dbo]" Table="[ScheduleTestpassMapping]" Alias="[STPM]" Column="TestpassId" />
                                      <ColumnReference Column="Expr1026" />
                                    </OutputList>
                                    <NestedLoops Optimized="0">
                                      <DefinedValues>
                                        <DefinedValue>
                                          <ColumnReference Column="Expr1026" />
                                        </DefinedValue>
                                      </DefinedValues>
                                      <OuterReferences>
                                        <ColumnReference Database="[OurLabReporting]" Schema="[dbo]" Table="[Testpass]" Alias="[TP]" Column="Id" />
                                      </OuterReferences>
                                      <ProbeColumn>
                                        <ColumnReference Column="Expr1026" />
                                      </ProbeColumn>
                                      <RelOp NodeId="5" PhysicalOp="Nested Loops" LogicalOp="Inner Join" EstimateRows="1" EstimateIO="0" EstimateCPU="4.18e-006" AvgRowSize="15" EstimatedTotalSubtreeCost="0.00985766" Parallel="0" EstimateRebinds="0" EstimateRewinds="0" EstimatedExecutionMode="Row">
                                        <OutputList>
                                          <ColumnReference Database="[OurLabReporting]" Schema="[dbo]" Table="[Testpass]" Alias="[TP]" Column="Id" />
                                          <ColumnReference Database="[OurLabReporting]" Schema="[dbo]" Table="[ScheduleTestpassMapping]" Alias="[STPM]" Column="TestpassId" />
                                        </OutputList>
                                        <NestedLoops Optimized="0">
                                          <OuterReferences>
                                            <ColumnReference Database="[OurLabReporting]" Schema="[dbo]" Table="[ScheduleTestpassMapping]" Alias="[STPM]" Column="TestpassId" />
                                          </OuterReferences>
                                          <RelOp NodeId="6" PhysicalOp="Nested Loops" LogicalOp="Inner Join" EstimateRows="1" EstimateIO="0" EstimateCPU="4.18e-006" AvgRowSize="11" EstimatedTotalSubtreeCost="0.00657038" Parallel="0" EstimateRebinds="0" EstimateRewinds="0" EstimatedExecutionMode="Row">
                                            <OutputList>
                                              <ColumnReference Database="[OurLabReporting]" Schema="[dbo]" Table="[ScheduleTestpassMapping]" Alias="[STPM]" Column="TestpassId" />
                                            </OutputList>
                                            <NestedLoops Optimized="0">
                                              <OuterReferences>
                                                <ColumnReference Database="[OurLabReporting]" Schema="[dbo]" Table="[Mix]" Alias="[M]" Column="ScheduleId" />
                                              </OuterReferences>
                                              <RelOp NodeId="7" PhysicalOp="Clustered Index Seek" LogicalOp="Clustered Index Seek" EstimateRows="1" EstimateIO="0.003125" EstimateCPU="0.0001581" AvgRowSize="11" EstimatedTotalSubtreeCost="0.0032831" TableCardinality="1.48176e+006" Parallel="0" EstimateRebinds="0" EstimateRewinds="0" EstimatedExecutionMode="Row">
                                                <OutputList>
                                                  <ColumnReference Database="[OurLabReporting]" Schema="[dbo]" Table="[Mix]" Alias="[M]" Column="ScheduleId" />
                                                </OutputList>
                                                <IndexScan Ordered="1" ScanDirection="FORWARD" ForcedIndex="0" ForceSeek="0" ForceScan="0" NoExpandHint="0" Storage="RowStore">
                                                  <DefinedValues>
                                                    <DefinedValue>
                                                      <ColumnReference Database="[OurLabReporting]" Schema="[dbo]" Table="[Mix]" Alias="[M]" Column="ScheduleId" />
                                                    </DefinedValue>
                                                  </DefinedValues>
                                                  <Object Database="[OurLabReporting]" Schema="[dbo]" Table="[Mix]" Index="[Mix_PK]" Alias="[M]" IndexKind="Clustered" />
                                                  <SeekPredicates>
                                                    <SeekPredicateNew>
                                                      <SeekKeys>
                                                        <Prefix ScanType="EQ">
                                                          <RangeColumns>
                                                            <ColumnReference Database="[OurLabReporting]" Schema="[dbo]" Table="[Mix]" Alias="[M]" Column="Id" />
                                                          </RangeColumns>
                                                          <RangeExpressions>
                                                            <ScalarOperator ScalarString="[@local_MixId]">
                                                              <Identifier>
                                                                <ColumnReference Column="@local_MixId" />
                                                              </Identifier>
                                                            </ScalarOperator>
                                                          </RangeExpressions>
                                                        </Prefix>
                                                      </SeekKeys>
                                                    </SeekPredicateNew>
                                                  </SeekPredicates>
                                                </IndexScan>
                                              </RelOp>
                                              <RelOp NodeId="8" PhysicalOp="Index Seek" LogicalOp="Index Seek" EstimateRows="1" EstimateIO="0.003125" EstimateCPU="0.0001581" AvgRowSize="11" EstimatedTotalSubtreeCost="0.0032831" TableCardinality="1.4403e+006" Parallel="0" EstimateRebinds="0" EstimateRewinds="0" EstimatedExecutionMode="Row">
                                                <OutputList>
                                                  <ColumnReference Database="[OurLabReporting]" Schema="[dbo]" Table="[ScheduleTestpassMapping]" Alias="[STPM]" Column="TestpassId" />
                                                </OutputList>
                                                <IndexScan Ordered="1" ScanDirection="FORWARD" ForcedIndex="0" ForceSeek="0" ForceScan="0" NoExpandHint="0" Storage="RowStore">
                                                  <DefinedValues>
                                                    <DefinedValue>
                                                      <ColumnReference Database="[OurLabReporting]" Schema="[dbo]" Table="[ScheduleTestpassMapping]" Alias="[STPM]" Column="TestpassId" />
                                                    </DefinedValue>
                                                  </DefinedValues>
                                                  <Object Database="[OurLabReporting]" Schema="[dbo]" Table="[ScheduleTestpassMapping]" Index="[UX_Schedule]" Alias="[STPM]" IndexKind="NonClustered" />
                                                  <SeekPredicates>
                                                    <SeekPredicateNew>
                                                      <SeekKeys>
                                                        <Prefix ScanType="EQ">
                                                          <RangeColumns>
                                                            <ColumnReference Database="[OurLabReporting]" Schema="[dbo]" Table="[ScheduleTestpassMapping]" Alias="[STPM]" Column="ScheduleId" />
                                                          </RangeColumns>
                                                          <RangeExpressions>
                                                            <ScalarOperator ScalarString="[OurLabReporting].[dbo].[Mix].[ScheduleId] as [M].[ScheduleId]">
                                                              <Identifier>
                                                                <ColumnReference Database="[OurLabReporting]" Schema="[dbo]" Table="[Mix]" Alias="[M]" Column="ScheduleId" />
                                                              </Identifier>
                                                            </ScalarOperator>
                                                          </RangeExpressions>
                                                        </Prefix>
                                                      </SeekKeys>
                                                    </SeekPredicateNew>
                                                  </SeekPredicates>
                                                </IndexScan>
                                              </RelOp>
                                            </NestedLoops>
                                          </RelOp>
                                          <RelOp NodeId="9" PhysicalOp="Clustered Index Seek" LogicalOp="Clustered Index Seek" EstimateRows="1" EstimateIO="0.003125" EstimateCPU="0.0001581" AvgRowSize="11" EstimatedTotalSubtreeCost="0.0032831" TableCardinality="1.41186e+006" Parallel="0" EstimateRebinds="0" EstimateRewinds="0" EstimatedExecutionMode="Row">
                                            <OutputList>
                                              <ColumnReference Database="[OurLabReporting]" Schema="[dbo]" Table="[Testpass]" Alias="[TP]" Column="Id" />
                                            </OutputList>
                                            <IndexScan Ordered="1" ScanDirection="FORWARD" ForcedIndex="0" ForceSeek="0" ForceScan="0" NoExpandHint="0" Storage="RowStore">
                                              <DefinedValues>
                                                <DefinedValue>
                                                  <ColumnReference Database="[OurLabReporting]" Schema="[dbo]" Table="[Testpass]" Alias="[TP]" Column="Id" />
                                                </DefinedValue>
                                              </DefinedValues>
                                              <Object Database="[OurLabReporting]" Schema="[dbo]" Table="[Testpass]" Index="[Testpass_PK]" Alias="[TP]" TableReferenceId="2" IndexKind="Clustered" />
                                              <SeekPredicates>
                                                <SeekPredicateNew>
                                                  <SeekKeys>
                                                    <Prefix ScanType="EQ">
                                                      <RangeColumns>
                                                        <ColumnReference Database="[OurLabReporting]" Schema="[dbo]" Table="[Testpass]" Alias="[TP]" Column="Id" />
                                                      </RangeColumns>
                                                      <RangeExpressions>
                                                        <ScalarOperator ScalarString="[OurLabReporting].[dbo].[ScheduleTestpassMapping].[TestpassId] as [STPM].[TestpassId]">
                                                          <Identifier>
                                                            <ColumnReference Database="[OurLabReporting]" Schema="[dbo]" Table="[ScheduleTestpassMapping]" Alias="[STPM]" Column="TestpassId" />
                                                          </Identifier>
                                                        </ScalarOperator>
                                                      </RangeExpressions>
                                                    </Prefix>
                                                  </SeekKeys>
                                                </SeekPredicateNew>
                                              </SeekPredicates>
                                            </IndexScan>
                                          </RelOp>
                                        </NestedLoops>
                                      </RelOp>
                                      <RelOp NodeId="10" PhysicalOp="Nested Loops" LogicalOp="Inner Join" EstimateRows="1" EstimateIO="0" EstimateCPU="0.000857284" AvgRowSize="9" EstimatedTotalSubtreeCost="0.00657246" Parallel="0" EstimateRebinds="0" EstimateRewinds="0" EstimatedExecutionMode="Row">
                                        <OutputList />
                                        <NestedLoops Optimized="0">
                                          <OuterReferences>
                                            <ColumnReference Database="[OurLabReporting]" Schema="[dbo]" Table="[TestpassPackageMapping]" Alias="[TPM]" Column="MixId" />
                                          </OuterReferences>
                                          <RelOp NodeId="11" PhysicalOp="Index Seek" LogicalOp="Index Seek" EstimateRows="1" EstimateIO="0.003125" EstimateCPU="0.000158386" AvgRowSize="11" EstimatedTotalSubtreeCost="0.0032831" TableCardinality="1.48174e+006" Parallel="0" EstimateRebinds="0" EstimateRewinds="0" EstimatedExecutionMode="Row">
                                            <OutputList>
                                              <ColumnReference Database="[OurLabReporting]" Schema="[dbo]" Table="[TestpassPackageMapping]" Alias="[TPM]" Column="MixId" />
                                            </OutputList>
                                            <IndexScan Ordered="1" ScanDirection="FORWARD" ForcedIndex="0" ForceSeek="0" ForceScan="0" NoExpandHint="0" Storage="RowStore">
                                              <DefinedValues>
                                                <DefinedValue>
                                                  <ColumnReference Database="[OurLabReporting]" Schema="[dbo]" Table="[TestpassPackageMapping]" Alias="[TPM]" Column="MixId" />
                                                </DefinedValue>
                                              </DefinedValues>
                                              <Object Database="[OurLabReporting]" Schema="[dbo]" Table="[TestpassPackageMapping]" Index="[TestpassPackageMapping_IDX_TestpassId]" Alias="[TPM]" TableReferenceId="1" IndexKind="NonClustered" />
                                              <SeekPredicates>
                                                <SeekPredicateNew>
                                                  <SeekKeys>
                                                    <Prefix ScanType="EQ">
                                                      <RangeColumns>
                                                        <ColumnReference Database="[OurLabReporting]" Schema="[dbo]" Table="[TestpassPackageMapping]" Alias="[TPM]" Column="TestpassId" />
                                                      </RangeColumns>
                                                      <RangeExpressions>
                                                        <ScalarOperator ScalarString="[OurLabReporting].[dbo].[Testpass].[Id] as [TP].[Id]">
                                                          <Identifier>
                                                            <ColumnReference Database="[OurLabReporting]" Schema="[dbo]" Table="[Testpass]" Alias="[TP]" Column="Id" />
                                                          </Identifier>
                                                        </ScalarOperator>
                                                      </RangeExpressions>
                                                    </Prefix>
                                                  </SeekKeys>
                                                </SeekPredicateNew>
                                              </SeekPredicates>
                                            </IndexScan>
                                          </RelOp>
                                          <RelOp NodeId="12" PhysicalOp="Index Seek" LogicalOp="Index Seek" EstimateRows="1" EstimateIO="0.00386574" EstimateCPU="0.000335987" AvgRowSize="9" EstimatedTotalSubtreeCost="0.00332636" TableCardinality="4.12024e+007" Parallel="0" EstimateRebinds="0.260434" EstimateRewinds="0" EstimatedExecutionMode="Row">
                                            <OutputList />
                                            <IndexScan Ordered="1" ScanDirection="FORWARD" ForcedIndex="0" ForceSeek="0" ForceScan="0" NoExpandHint="0" Storage="RowStore">
                                              <DefinedValues />
                                              <Object Database="[OurLabReporting]" Schema="[dbo]" Table="[TEU]" Index="[Teu_IDX_Mix]" Alias="[T]" TableReferenceId="1" IndexKind="NonClustered" />
                                              <SeekPredicates>
                                                <SeekPredicateNew>
                                                  <SeekKeys>
                                                    <Prefix ScanType="EQ">
                                                      <RangeColumns>
                                                        <ColumnReference Database="[OurLabReporting]" Schema="[dbo]" Table="[TEU]" Alias="[T]" Column="MixId" />
                                                      </RangeColumns>
                                                      <RangeExpressions>
                                                        <ScalarOperator ScalarString="[OurLabReporting].[dbo].[TestpassPackageMapping].[MixId] as [TPM].[MixId]">
                                                          <Identifier>
                                                            <ColumnReference Database="[OurLabReporting]" Schema="[dbo]" Table="[TestpassPackageMapping]" Alias="[TPM]" Column="MixId" />
                                                          </Identifier>
                                                        </ScalarOperator>
                                                      </RangeExpressions>
                                                    </Prefix>
                                                    <IsNotNull>
                                                      <ColumnReference Database="[OurLabReporting]" Schema="[dbo]" Table="[TEU]" Alias="[T]" Column="RerunSourceId" />
                                                    </IsNotNull>
                                                  </SeekKeys>
                                                </SeekPredicateNew>
                                              </SeekPredicates>
                                            </IndexScan>
                                          </RelOp>
                                        </NestedLoops>
                                      </RelOp>
                                    </NestedLoops>
                                  </RelOp>
                                  <RelOp NodeId="13" PhysicalOp="Nested Loops" LogicalOp="Inner Join" EstimateRows="1" EstimateIO="0" EstimateCPU="5.61809e-006" AvgRowSize="9" EstimatedTotalSubtreeCost="0.00802139" Parallel="0" EstimateRebinds="0" EstimateRewinds="0" EstimatedExecutionMode="Row">
                                    <OutputList />
                                    <NestedLoops Optimized="0">
                                      <OuterReferences>
                                        <ColumnReference Database="[OurLabReporting]" Schema="[dbo]" Table="[TestpassPackageMapping]" Alias="[TPM]" Column="MixId" />
                                      </OuterReferences>
                                      <RelOp NodeId="14" PhysicalOp="Index Seek" LogicalOp="Index Seek" EstimateRows="1" EstimateIO="0.003125" EstimateCPU="0.000158386" AvgRowSize="11" EstimatedTotalSubtreeCost="0.0032831" TableCardinality="1.48174e+006" Parallel="0" EstimateRebinds="0" EstimateRewinds="0" EstimatedExecutionMode="Row">
                                        <OutputList>
                                          <ColumnReference Database="[OurLabReporting]" Schema="[dbo]" Table="[TestpassPackageMapping]" Alias="[TPM]" Column="MixId" />
                                        </OutputList>
                                        <IndexScan Ordered="1" ScanDirection="FORWARD" ForcedIndex="0" ForceSeek="0" ForceScan="0" NoExpandHint="0" Storage="RowStore">
                                          <DefinedValues>
                                            <DefinedValue>
                                              <ColumnReference Database="[OurLabReporting]" Schema="[dbo]" Table="[TestpassPackageMapping]" Alias="[TPM]" Column="MixId" />
                                            </DefinedValue>
                                          </DefinedValues>
                                          <Object Database="[OurLabReporting]" Schema="[dbo]" Table="[TestpassPackageMapping]" Index="[TestpassPackageMapping_IDX_TestpassId]" Alias="[TPM]" TableReferenceId="2" IndexKind="NonClustered" />
                                          <SeekPredicates>
                                            <SeekPredicateNew>
                                              <SeekKeys>
                                                <Prefix ScanType="EQ">
                                                  <RangeColumns>
                                                    <ColumnReference Database="[OurLabReporting]" Schema="[dbo]" Table="[TestpassPackageMapping]" Alias="[TPM]" Column="TestpassId" />
                                                  </RangeColumns>
                                                  <RangeExpressions>
                                                    <ScalarOperator ScalarString="[OurLabReporting].[dbo].[Testpass].[Id] as [TP].[Id]">
                                                      <Identifier>
                                                        <ColumnReference Database="[OurLabReporting]" Schema="[dbo]" Table="[Testpass]" Alias="[TP]" Column="Id" />
                                                      </Identifier>
                                                    </ScalarOperator>
                                                  </RangeExpressions>
                                                </Prefix>
                                              </SeekKeys>
                                            </SeekPredicateNew>
                                          </SeekPredicates>
                                        </IndexScan>
                                      </RelOp>
                                      <RelOp NodeId="15" PhysicalOp="Index Seek" LogicalOp="Index Seek" EstimateRows="1" EstimateIO="0.00386574" EstimateCPU="0.000335987" AvgRowSize="11" EstimatedTotalSubtreeCost="0.00454681" TableCardinality="4.12024e+007" Parallel="0" EstimateRebinds="0.260434" EstimateRewinds="0" EstimatedExecutionMode="Row">
                                        <OutputList />
                                        <IndexScan Ordered="1" ScanDirection="FORWARD" ForcedIndex="0" ForceSeek="0" ForceScan="0" NoExpandHint="0" Storage="RowStore">
                                          <DefinedValues />
                                          <Object Database="[OurLabReporting]" Schema="[dbo]" Table="[TEU]" Index="[Teu_IDX_Mix]" Alias="[T]" TableReferenceId="2" IndexKind="NonClustered" />
                                          <SeekPredicates>
                                            <SeekPredicateNew>
                                              <SeekKeys>
                                                <Prefix ScanType="EQ">
                                                  <RangeColumns>
                                                    <ColumnReference Database="[OurLabReporting]" Schema="[dbo]" Table="[TEU]" Alias="[T]" Column="MixId" />
                                                  </RangeColumns>
                                                  <RangeExpressions>
                                                    <ScalarOperator ScalarString="[OurLabReporting].[dbo].[TestpassPackageMapping].[MixId] as [TPM].[MixId]">
                                                      <Identifier>
                                                        <ColumnReference Database="[OurLabReporting]" Schema="[dbo]" Table="[TestpassPackageMapping]" Alias="[TPM]" Column="MixId" />
                                                      </Identifier>
                                                    </ScalarOperator>
                                                  </RangeExpressions>
                                                </Prefix>
                                                <IsNotNull>
                                                  <ColumnReference Database="[OurLabReporting]" Schema="[dbo]" Table="[TEU]" Alias="[T]" Column="RerunSourceId" />
                                                </IsNotNull>
                                              </SeekKeys>
                                            </SeekPredicateNew>
                                          </SeekPredicates>
                                          <Predicate>
                                            <ScalarOperator ScalarString="[OurLabReporting].[dbo].[TEU].[StatusId] as [T].[StatusId]&lt;&gt;(48) AND [OurLabReporting].[dbo].[TEU].[StatusId] as [T].[StatusId]&lt;&gt;(49) AND [OurLabReporting].[dbo].[TEU].[StatusId] as [T].[StatusId]&lt;&gt;(50) AND [OurLabReporting].[dbo].[TEU].[StatusId] as [T].[StatusId]&lt;&gt;(52)">
                                              <Logical Operation="AND">
                                                <ScalarOperator>
                                                  <Compare CompareOp="NE">
                                                    <ScalarOperator>
                                                      <Identifier>
                                                        <ColumnReference Database="[OurLabReporting]" Schema="[dbo]" Table="[TEU]" Alias="[T]" Column="StatusId" />
                                                      </Identifier>
                                                    </ScalarOperator>
                                                    <ScalarOperator>
                                                      <Const ConstValue="(48)" />
                                                    </ScalarOperator>
                                                  </Compare>
                                                </ScalarOperator>
                                                <ScalarOperator>
                                                  <Compare CompareOp="NE">
                                                    <ScalarOperator>
                                                      <Identifier>
                                                        <ColumnReference Database="[OurLabReporting]" Schema="[dbo]" Table="[TEU]" Alias="[T]" Column="StatusId" />
                                                      </Identifier>
                                                    </ScalarOperator>
                                                    <ScalarOperator>
                                                      <Const ConstValue="(49)" />
                                                    </ScalarOperator>
                                                  </Compare>
                                                </ScalarOperator>
                                                <ScalarOperator>
                                                  <Compare CompareOp="NE">
                                                    <ScalarOperator>
                                                      <Identifier>
                                                        <ColumnReference Database="[OurLabReporting]" Schema="[dbo]" Table="[TEU]" Alias="[T]" Column="StatusId" />
                                                      </Identifier>
                                                    </ScalarOperator>
                                                    <ScalarOperator>
                                                      <Const ConstValue="(50)" />
                                                    </ScalarOperator>
                                                  </Compare>
                                                </ScalarOperator>
                                                <ScalarOperator>
                                                  <Compare CompareOp="NE">
                                                    <ScalarOperator>
                                                      <Identifier>
                                                        <ColumnReference Database="[OurLabReporting]" Schema="[dbo]" Table="[TEU]" Alias="[T]" Column="StatusId" />
                                                      </Identifier>
                                                    </ScalarOperator>
                                                    <ScalarOperator>
                                                      <Const ConstValue="(52)" />
                                                    </ScalarOperator>
                                                  </Compare>
                                                </ScalarOperator>
                                              </Logical>
                                            </ScalarOperator>
                                          </Predicate>
                                        </IndexScan>
                                      </RelOp>
                                    </NestedLoops>
                                  </RelOp>
                                </NestedLoops>
                              </RelOp>
                              <RelOp NodeId="16" PhysicalOp="Nested Loops" LogicalOp="Inner Join" EstimateRows="1" EstimateIO="0" EstimateCPU="1.22106e-005" AvgRowSize="9" EstimatedTotalSubtreeCost="0.0155185" Parallel="0" EstimateRebinds="0" EstimateRewinds="0" EstimatedExecutionMode="Row">
                                <OutputList />
                                <NestedLoops Optimized="0">
                                  <OuterReferences>
                                    <ColumnReference Database="[OurLabReporting]" Schema="[dbo]" Table="[TestpassPackageMapping]" Alias="[TPM]" Column="MixId" />
                                  </OuterReferences>
                                  <RelOp NodeId="17" PhysicalOp="Index Seek" LogicalOp="Index Seek" EstimateRows="1" EstimateIO="0.003125" EstimateCPU="0.000158386" AvgRowSize="11" EstimatedTotalSubtreeCost="0.0032831" TableCardinality="1.48174e+006" Parallel="0" EstimateRebinds="0" EstimateRewinds="0" EstimatedExecutionMode="Row">
                                    <OutputList>
                                      <ColumnReference Database="[OurLabReporting]" Schema="[dbo]" Table="[TestpassPackageMapping]" Alias="[TPM]" Column="MixId" />
                                    </OutputList>
                                    <IndexScan Ordered="1" ScanDirection="FORWARD" ForcedIndex="0" ForceSeek="0" ForceScan="0" NoExpandHint="0" Storage="RowStore">
                                      <DefinedValues>
                                        <DefinedValue>
                                          <ColumnReference Database="[OurLabReporting]" Schema="[dbo]" Table="[TestpassPackageMapping]" Alias="[TPM]" Column="MixId" />
                                        </DefinedValue>
                                      </DefinedValues>
                                      <Object Database="[OurLabReporting]" Schema="[dbo]" Table="[TestpassPackageMapping]" Index="[TestpassPackageMapping_IDX_TestpassId]" Alias="[TPM]" TableReferenceId="3" IndexKind="NonClustered" />
                                      <SeekPredicates>
                                        <SeekPredicateNew>
                                          <SeekKeys>
                                            <Prefix ScanType="EQ">
                                              <RangeColumns>
                                                <ColumnReference Database="[OurLabReporting]" Schema="[dbo]" Table="[TestpassPackageMapping]" Alias="[TPM]" Column="TestpassId" />
                                              </RangeColumns>
                                              <RangeExpressions>
                                                <ScalarOperator ScalarString="[OurLabReporting].[dbo].[Testpass].[Id] as [TP].[Id]">
                                                  <Identifier>
                                                    <ColumnReference Database="[OurLabReporting]" Schema="[dbo]" Table="[Testpass]" Alias="[TP]" Column="Id" />
                                                  </Identifier>
                                                </ScalarOperator>
                                              </RangeExpressions>
                                            </Prefix>
                                          </SeekKeys>
                                        </SeekPredicateNew>
                                      </SeekPredicates>
                                    </IndexScan>
                                  </RelOp>
                                  <RelOp NodeId="18" PhysicalOp="Index Seek" LogicalOp="Index Seek" EstimateRows="1" EstimateIO="0.0149769" EstimateCPU="0.00292037" AvgRowSize="11" EstimatedTotalSubtreeCost="0.0105037" TableCardinality="4.12024e+007" Parallel="0" EstimateRebinds="0.260434" EstimateRewinds="0" EstimatedExecutionMode="Row">
                                    <OutputList />
                                    <IndexScan Ordered="1" ScanDirection="FORWARD" ForcedIndex="0" ForceSeek="0" ForceScan="0" NoExpandHint="0" Storage="RowStore">
                                      <DefinedValues />
                                      <Object Database="[OurLabReporting]" Schema="[dbo]" Table="[TEU]" Index="[Teu_IDX_Mix]" Alias="[T]" TableReferenceId="3" IndexKind="NonClustered" />
                                      <SeekPredicates>
                                        <SeekPredicateNew>
                                          <SeekKeys>
                                            <Prefix ScanType="EQ">
                                              <RangeColumns>
                                                <ColumnReference Database="[OurLabReporting]" Schema="[dbo]" Table="[TEU]" Alias="[T]" Column="MixId" />
                                                <ColumnReference Database="[OurLabReporting]" Schema="[dbo]" Table="[TEU]" Alias="[T]" Column="RerunSourceId" />
                                              </RangeColumns>
                                              <RangeExpressions>
                                                <ScalarOperator ScalarString="[OurLabReporting].[dbo].[TestpassPackageMapping].[MixId] as [TPM].[MixId]">
                                                  <Identifier>
                                                    <ColumnReference Database="[OurLabReporting]" Schema="[dbo]" Table="[TestpassPackageMapping]" Alias="[TPM]" Column="MixId" />
                                                  </Identifier>
                                                </ScalarOperator>
                                                <ScalarOperator ScalarString="NULL">
                                                  <Const ConstValue="NULL" />
                                                </ScalarOperator>
                                              </RangeExpressions>
                                            </Prefix>
                                          </SeekKeys>
                                        </SeekPredicateNew>
                                      </SeekPredicates>
                                      <Predicate>
                                        <ScalarOperator ScalarString="[OurLabReporting].[dbo].[TEU].[StatusId] as [T].[StatusId]&lt;&gt;(48) AND [OurLabReporting].[dbo].[TEU].[StatusId] as [T].[StatusId]&lt;&gt;(49) AND [OurLabReporting].[dbo].[TEU].[StatusId] as [T].[StatusId]&lt;&gt;(50) AND [OurLabReporting].[dbo].[TEU].[StatusId] as [T].[StatusId]&lt;&gt;(52)">
                                          <Logical Operation="AND">
                                            <ScalarOperator>
                                              <Compare CompareOp="NE">
                                                <ScalarOperator>
                                                  <Identifier>
                                                    <ColumnReference Database="[OurLabReporting]" Schema="[dbo]" Table="[TEU]" Alias="[T]" Column="StatusId" />
                                                  </Identifier>
                                                </ScalarOperator>
                                                <ScalarOperator>
                                                  <Const ConstValue="(48)" />
                                                </ScalarOperator>
                                              </Compare>
                                            </ScalarOperator>
                                            <ScalarOperator>
                                              <Compare CompareOp="NE">
                                                <ScalarOperator>
                                                  <Identifier>
                                                    <ColumnReference Database="[OurLabReporting]" Schema="[dbo]" Table="[TEU]" Alias="[T]" Column="StatusId" />
                                                  </Identifier>
                                                </ScalarOperator>
                                                <ScalarOperator>
                                                  <Const ConstValue="(49)" />
                                                </ScalarOperator>
                                              </Compare>
                                            </ScalarOperator>
                                            <ScalarOperator>
                                              <Compare CompareOp="NE">
                                                <ScalarOperator>
                                                  <Identifier>
                                                    <ColumnReference Database="[OurLabReporting]" Schema="[dbo]" Table="[TEU]" Alias="[T]" Column="StatusId" />
                                                  </Identifier>
                                                </ScalarOperator>
                                                <ScalarOperator>
                                                  <Const ConstValue="(50)" />
                                                </ScalarOperator>
                                              </Compare>
                                            </ScalarOperator>
                                            <ScalarOperator>
                                              <Compare CompareOp="NE">
                                                <ScalarOperator>
                                                  <Identifier>
                                                    <ColumnReference Database="[OurLabReporting]" Schema="[dbo]" Table="[TEU]" Alias="[T]" Column="StatusId" />
                                                  </Identifier>
                                                </ScalarOperator>
                                                <ScalarOperator>
                                                  <Const ConstValue="(52)" />
                                                </ScalarOperator>
                                              </Compare>
                                            </ScalarOperator>
                                          </Logical>
                                        </ScalarOperator>
                                      </Predicate>
                                    </IndexScan>
                                  </RelOp>
                                </NestedLoops>
                              </RelOp>
                            </NestedLoops>
                          </RelOp>
                          <RelOp NodeId="19" PhysicalOp="Clustered Index Seek" LogicalOp="Clustered Index Seek" EstimateRows="1" EstimateIO="0.003125" EstimateCPU="0.0001581" AvgRowSize="9" EstimatedTotalSubtreeCost="0.0032831" TableCardinality="1.41186e+006" Parallel="0" EstimateRebinds="0" EstimateRewinds="0" EstimatedExecutionMode="Row">
                            <OutputList>
                              <ColumnReference Database="[OurLabReporting]" Schema="[dbo]" Table="[Testpass]" Alias="[TP]" Column="CanRerun" />
                            </OutputList>
                            <IndexScan Ordered="1" ScanDirection="FORWARD" ForcedIndex="0" ForceSeek="0" ForceScan="0" NoExpandHint="0" Storage="RowStore">
                              <DefinedValues>
                                <DefinedValue>
                                  <ColumnReference Database="[OurLabReporting]" Schema="[dbo]" Table="[Testpass]" Alias="[TP]" Column="CanRerun" />
                                </DefinedValue>
                              </DefinedValues>
                              <Object Database="[OurLabReporting]" Schema="[dbo]" Table="[Testpass]" Index="[Testpass_PK]" Alias="[TP]" TableReferenceId="1" IndexKind="Clustered" />
                              <SeekPredicates>
                                <SeekPredicateNew>
                                  <SeekKeys>
                                    <Prefix ScanType="EQ">
                                      <RangeColumns>
                                        <ColumnReference Database="[OurLabReporting]" Schema="[dbo]" Table="[Testpass]" Alias="[TP]" Column="Id" />
                                      </RangeColumns>
                                      <RangeExpressions>
                                        <ScalarOperator ScalarString="[OurLabReporting].[dbo].[ScheduleTestpassMapping].[TestpassId] as [STPM].[TestpassId]">
                                          <Identifier>
                                            <ColumnReference Database="[OurLabReporting]" Schema="[dbo]" Table="[ScheduleTestpassMapping]" Alias="[STPM]" Column="TestpassId" />
                                          </Identifier>
                                        </ScalarOperator>
                                      </RangeExpressions>
                                    </Prefix>
                                  </SeekKeys>
                                </SeekPredicateNew>
                              </SeekPredicates>
                            </IndexScan>
                          </RelOp>
                        </NestedLoops>
                      </RelOp>
                    </ComputeScalar>
                  </RelOp>
                </QueryPlan>
              </StmtSimple>
            </Statements>
          </Then>
        </StmtCond>
        <StmtCond StatementText="&#x9;END&#xD;&#xA;&#xD;&#xA;&#x9;IF (@TestpassId IS NOT NULL)&#xD;&#xA;" StatementId="80" StatementCompId="96" StatementType="COND" RetrievedFromCache="true">
          <Condition />
          <Then>
            <Statements>
              <StmtSimple StatementText="&#x9;BEGIN&#xD;&#xA;&#x9;&#x9;SELECT @local_BuildListTooltip = dbo.Function_GetBuildListForTestpass(@TestpassId)&#xD;&#xA;&#x9;&#x9;&#x9;,@local_BuildRange = dbo.Function_GetBuildRangeForTestpass(@TestpassId)&#xD;&#xA;&#xD;&#xA;&#x9;" StatementId="81" StatementCompId="97" StatementType="ASSIGN WITH QUERY" RetrievedFromCache="true" />
              <StmtSimple StatementText="&#x9;SELECT @local_TestpassList = dbo.[Function_GetTestpassList](@TestpassId, 'Testpass')&#xD;&#xA;&#xD;&#xA;&#x9;" StatementId="82" StatementCompId="98" StatementType="ASSIGN WITH QUERY" RetrievedFromCache="true" />
              <StmtSimple StatementText="&#x9;SELECT @local_ModifierList = dbo.[Function_GetModifierList](@TestpassId, 'Testpass')&#xD;&#xA;&#xD;&#xA;&#x9;" StatementId="83" StatementCompId="99" StatementType="ASSIGN WITH QUERY" RetrievedFromCache="true" />
              <StmtSimple StatementText="&#x9;SELECT @local_TestpassIsContainsReruns = RTP.HasReruns&#xD;&#xA;&#x9;&#x9;&#x9;,@local_TestpassIsRerun = RTP.IsRerun&#xD;&#xA;&#x9;&#x9;&#x9;,@local_TestpassIsRerunning = RTP.IsRerunning&#xD;&#xA;&#x9;&#x9;&#x9;,@local_TestpassIsRerunEnabled = TP.CanRerun&#xD;&#xA;&#x9;&#x9;FROM dbo.TestPass AS TP WITH (NOLOCK)&#xD;&#xA;&#x9;&#x9;INNER JOIN dbo.View_RerunTestPass AS RTP WITH (NOLOCK) ON TP.Id = RTP.Id&#xD;&#xA;&#x9;&#x9;WHERE TP.Id = @TestpassId&#xD;&#xA;&#xD;&#xA;&#x9;&#x9;-- Get TEU Counts     &#xD;&#xA;&#x9;" StatementId="84" StatementCompId="100" StatementType="SELECT" RetrievedFromCache="true" StatementSubTreeCost="0.0366954" StatementEstRows="1" StatementOptmLevel="FULL" QueryHash="0xA4648D6FADA1C912" QueryPlanHash="0x75AC70B0FF396E82" StatementOptmEarlyAbortReason="GoodEnoughPlanFound">
                <StatementSetOptions QUOTED_IDENTIFIER="true" ARITHABORT="true" CONCAT_NULL_YIELDS_NULL="true" ANSI_NULLS="true" ANSI_PADDING="true" ANSI_WARNINGS="true" NUMERIC_ROUNDABORT="false" />
                <QueryPlan NonParallelPlanReason="MaxDOPSetToOne" CachedPlanSize="64" CompileTime="18" CompileCPU="18" CompileMemory="2936">
                  <MemoryGrantInfo SerialRequiredMemory="0" SerialDesiredMemory="0" />
                  <OptimizerHardwareDependentProperties EstimatedAvailableMemoryGrant="193313" EstimatedPagesCached="773254" EstimatedAvailableDegreeOfParallelism="1" />
                  <RelOp NodeId="0" PhysicalOp="Compute Scalar" LogicalOp="Compute Scalar" EstimateRows="1" EstimateIO="0" EstimateCPU="1e-007" AvgRowSize="9" EstimatedTotalSubtreeCost="0.0366954" Parallel="0" EstimateRebinds="0" EstimateRewinds="0" EstimatedExecutionMode="Row">
                    <OutputList>
                      <ColumnReference Database="[OurLabReporting]" Schema="[dbo]" Table="[Testpass]" Alias="[TP]" Column="CanRerun" />
                      <ColumnReference Column="Expr1004" />
                      <ColumnReference Column="Expr1010" />
                      <ColumnReference Column="Expr1021" />
                    </OutputList>
                    <ComputeScalar>
                      <DefinedValues>
                        <DefinedValue>
                          <ColumnReference Column="Expr1004" />
                          <ScalarOperator ScalarString="(0)">
                            <Const ConstValue="(0)" />
                          </ScalarOperator>
                        </DefinedValue>
                        <DefinedValue>
                          <ColumnReference Column="Expr1010" />
                          <ScalarOperator ScalarString="CONVERT(bit,CASE WHEN [Expr1022] THEN (1) ELSE (0) END,0)">
                            <Convert DataType="bit" Style="0" Implicit="0">
                              <ScalarOperator>
                                <IF>
                                  <Condition>
                                    <ScalarOperator>
                                      <Identifier>
                                        <ColumnReference Column="Expr1022" />
                                      </Identifier>
                                    </ScalarOperator>
                                  </Condition>
                                  <Then>
                                    <ScalarOperator>
                                      <Const ConstValue="(1)" />
                                    </ScalarOperator>
                                  </Then>
                                  <Else>
                                    <ScalarOperator>
                                      <Const ConstValue="(0)" />
                                    </ScalarOperator>
                                  </Else>
                                </IF>
                              </ScalarOperator>
                            </Convert>
                          </ScalarOperator>
                        </DefinedValue>
                        <DefinedValue>
                          <ColumnReference Column="Expr1021" />
                          <ScalarOperator ScalarString="CONVERT(bit,CASE WHEN [Expr1023] AND [Expr1024] IS NULL THEN (1) ELSE (0) END,0)">
                            <Convert DataType="bit" Style="0" Implicit="0">
                              <ScalarOperator>
                                <IF>
                                  <Condition>
                                    <ScalarOperator>
                                      <Logical Operation="AND">
                                        <ScalarOperator>
                                          <Identifier>
                                            <ColumnReference Column="Expr1023" />
                                          </Identifier>
                                        </ScalarOperator>
                                        <ScalarOperator>
                                          <Compare CompareOp="IS">
                                            <ScalarOperator>
                                              <Identifier>
                                                <ColumnReference Column="Expr1024" />
                                              </Identifier>
                                            </ScalarOperator>
                                            <ScalarOperator>
                                              <Const ConstValue="NULL" />
                                            </ScalarOperator>
                                          </Compare>
                                        </ScalarOperator>
                                      </Logical>
                                    </ScalarOperator>
                                  </Condition>
                                  <Then>
                                    <ScalarOperator>
                                      <Const ConstValue="(1)" />
                                    </ScalarOperator>
                                  </Then>
                                  <Else>
                                    <ScalarOperator>
                                      <Const ConstValue="(0)" />
                                    </ScalarOperator>
                                  </Else>
                                </IF>
                              </ScalarOperator>
                            </Convert>
                          </ScalarOperator>
                        </DefinedValue>
                      </DefinedValues>
                      <RelOp NodeId="1" PhysicalOp="Nested Loops" LogicalOp="Inner Join" EstimateRows="1" EstimateIO="0" EstimateCPU="4.18e-006" AvgRowSize="9" EstimatedTotalSubtreeCost="0.0366953" Parallel="0" EstimateRebinds="0" EstimateRewinds="0" EstimatedExecutionMode="Row">
                        <OutputList>
                          <ColumnReference Database="[OurLabReporting]" Schema="[dbo]" Table="[Testpass]" Alias="[TP]" Column="CanRerun" />
                          <ColumnReference Column="Expr1022" />
                          <ColumnReference Column="Expr1023" />
                          <ColumnReference Column="Expr1024" />
                        </OutputList>
                        <NestedLoops Optimized="0">
                          <RelOp NodeId="2" PhysicalOp="Nested Loops" LogicalOp="Left Semi Join" EstimateRows="1" EstimateIO="0" EstimateCPU="4.18e-006" AvgRowSize="9" EstimatedTotalSubtreeCost="0.033408" Parallel="0" EstimateRebinds="0" EstimateRewinds="0" EstimatedExecutionMode="Row">
                            <OutputList>
                              <ColumnReference Column="Expr1022" />
                              <ColumnReference Column="Expr1023" />
                              <ColumnReference Column="Expr1024" />
                            </OutputList>
                            <NestedLoops Optimized="0">
                              <DefinedValues>
                                <DefinedValue>
                                  <ColumnReference Column="Expr1024" />
                                </DefinedValue>
                              </DefinedValues>
                              <OuterReferences>
                                <ColumnReference Database="[OurLabReporting]" Schema="[dbo]" Table="[Testpass]" Alias="[TP]" Column="Id" />
                              </OuterReferences>
                              <ProbeColumn>
                                <ColumnReference Column="Expr1024" />
                              </ProbeColumn>
                              <RelOp NodeId="3" PhysicalOp="Nested Loops" LogicalOp="Left Semi Join" EstimateRows="1" EstimateIO="0" EstimateCPU="4.18e-006" AvgRowSize="12" EstimatedTotalSubtreeCost="0.0178853" Parallel="0" EstimateRebinds="0" EstimateRewinds="0" EstimatedExecutionMode="Row">
                                <OutputList>
                                  <ColumnReference Database="[OurLabReporting]" Schema="[dbo]" Table="[Testpass]" Alias="[TP]" Column="Id" />
                                  <ColumnReference Column="Expr1022" />
                                  <ColumnReference Column="Expr1023" />
                                </OutputList>
                                <NestedLoops Optimized="0">
                                  <DefinedValues>
                                    <DefinedValue>
                                      <ColumnReference Column="Expr1023" />
                                    </DefinedValue>
                                  </DefinedValues>
                                  <OuterReferences>
                                    <ColumnReference Database="[OurLabReporting]" Schema="[dbo]" Table="[Testpass]" Alias="[TP]" Column="Id" />
                                  </OuterReferences>
                                  <ProbeColumn>
                                    <ColumnReference Column="Expr1023" />
                                  </ProbeColumn>
                                  <RelOp NodeId="4" PhysicalOp="Nested Loops" LogicalOp="Left Semi Join" EstimateRows="1" EstimateIO="0" EstimateCPU="4.18e-006" AvgRowSize="12" EstimatedTotalSubtreeCost="0.00985974" Parallel="0" EstimateRebinds="0" EstimateRewinds="0" EstimatedExecutionMode="Row">
                                    <OutputList>
                                      <ColumnReference Database="[OurLabReporting]" Schema="[dbo]" Table="[Testpass]" Alias="[TP]" Column="Id" />
                                      <ColumnReference Column="Expr1022" />
                                    </OutputList>
                                    <NestedLoops Optimized="0">
                                      <DefinedValues>
                                        <DefinedValue>
                                          <ColumnReference Column="Expr1022" />
                                        </DefinedValue>
                                      </DefinedValues>
                                      <OuterReferences>
                                        <ColumnReference Database="[OurLabReporting]" Schema="[dbo]" Table="[Testpass]" Alias="[TP]" Column="Id" />
                                      </OuterReferences>
                                      <ProbeColumn>
                                        <ColumnReference Column="Expr1022" />
                                      </ProbeColumn>
                                      <RelOp NodeId="5" PhysicalOp="Clustered Index Seek" LogicalOp="Clustered Index Seek" EstimateRows="1" EstimateIO="0.003125" EstimateCPU="0.0001581" AvgRowSize="11" EstimatedTotalSubtreeCost="0.0032831" TableCardinality="1.41186e+006" Parallel="0" EstimateRebinds="0" EstimateRewinds="0" EstimatedExecutionMode="Row">
                                        <OutputList>
                                          <ColumnReference Database="[OurLabReporting]" Schema="[dbo]" Table="[Testpass]" Alias="[TP]" Column="Id" />
                                        </OutputList>
                                        <IndexScan Ordered="1" ScanDirection="FORWARD" ForcedIndex="0" ForceSeek="0" ForceScan="0" NoExpandHint="0" Storage="RowStore">
                                          <DefinedValues>
                                            <DefinedValue>
                                              <ColumnReference Database="[OurLabReporting]" Schema="[dbo]" Table="[Testpass]" Alias="[TP]" Column="Id" />
                                            </DefinedValue>
                                          </DefinedValues>
                                          <Object Database="[OurLabReporting]" Schema="[dbo]" Table="[Testpass]" Index="[Testpass_PK]" Alias="[TP]" TableReferenceId="2" IndexKind="Clustered" />
                                          <SeekPredicates>
                                            <SeekPredicateNew>
                                              <SeekKeys>
                                                <Prefix ScanType="EQ">
                                                  <RangeColumns>
                                                    <ColumnReference Database="[OurLabReporting]" Schema="[dbo]" Table="[Testpass]" Alias="[TP]" Column="Id" />
                                                  </RangeColumns>
                                                  <RangeExpressions>
                                                    <ScalarOperator ScalarString="[@TestPassId]">
                                                      <Identifier>
                                                        <ColumnReference Column="@TestPassId" />
                                                      </Identifier>
                                                    </ScalarOperator>
                                                  </RangeExpressions>
                                                </Prefix>
                                              </SeekKeys>
                                            </SeekPredicateNew>
                                          </SeekPredicates>
                                        </IndexScan>
                                      </RelOp>
                                      <RelOp NodeId="6" PhysicalOp="Nested Loops" LogicalOp="Inner Join" EstimateRows="1" EstimateIO="0" EstimateCPU="0.000857284" AvgRowSize="9" EstimatedTotalSubtreeCost="0.00657246" Parallel="0" EstimateRebinds="0" EstimateRewinds="0" EstimatedExecutionMode="Row">
                                        <OutputList />
                                        <NestedLoops Optimized="0">
                                          <OuterReferences>
                                            <ColumnReference Database="[OurLabReporting]" Schema="[dbo]" Table="[TestpassPackageMapping]" Alias="[TPM]" Column="MixId" />
                                          </OuterReferences>
                                          <RelOp NodeId="7" PhysicalOp="Index Seek" LogicalOp="Index Seek" EstimateRows="1" EstimateIO="0.003125" EstimateCPU="0.000158386" AvgRowSize="11" EstimatedTotalSubtreeCost="0.0032831" TableCardinality="1.48174e+006" Parallel="0" EstimateRebinds="0" EstimateRewinds="0" EstimatedExecutionMode="Row">
                                            <OutputList>
                                              <ColumnReference Database="[OurLabReporting]" Schema="[dbo]" Table="[TestpassPackageMapping]" Alias="[TPM]" Column="MixId" />
                                            </OutputList>
                                            <IndexScan Ordered="1" ScanDirection="FORWARD" ForcedIndex="0" ForceSeek="0" ForceScan="0" NoExpandHint="0" Storage="RowStore">
                                              <DefinedValues>
                                                <DefinedValue>
                                                  <ColumnReference Database="[OurLabReporting]" Schema="[dbo]" Table="[TestpassPackageMapping]" Alias="[TPM]" Column="MixId" />
                                                </DefinedValue>
                                              </DefinedValues>
                                              <Object Database="[OurLabReporting]" Schema="[dbo]" Table="[TestpassPackageMapping]" Index="[TestpassPackageMapping_IDX_TestpassId]" Alias="[TPM]" TableReferenceId="1" IndexKind="NonClustered" />
                                              <SeekPredicates>
                                                <SeekPredicateNew>
                                                  <SeekKeys>
                                                    <Prefix ScanType="EQ">
                                                      <RangeColumns>
                                                        <ColumnReference Database="[OurLabReporting]" Schema="[dbo]" Table="[TestpassPackageMapping]" Alias="[TPM]" Column="TestpassId" />
                                                      </RangeColumns>
                                                      <RangeExpressions>
                                                        <ScalarOperator ScalarString="[OurLabReporting].[dbo].[Testpass].[Id] as [TP].[Id]">
                                                          <Identifier>
                                                            <ColumnReference Database="[OurLabReporting]" Schema="[dbo]" Table="[Testpass]" Alias="[TP]" Column="Id" />
                                                          </Identifier>
                                                        </ScalarOperator>
                                                      </RangeExpressions>
                                                    </Prefix>
                                                  </SeekKeys>
                                                </SeekPredicateNew>
                                              </SeekPredicates>
                                            </IndexScan>
                                          </RelOp>
                                          <RelOp NodeId="8" PhysicalOp="Index Seek" LogicalOp="Index Seek" EstimateRows="1" EstimateIO="0.00386574" EstimateCPU="0.000335987" AvgRowSize="9" EstimatedTotalSubtreeCost="0.00332636" TableCardinality="4.12024e+007" Parallel="0" EstimateRebinds="0.260434" EstimateRewinds="0" EstimatedExecutionMode="Row">
                                            <OutputList />
                                            <IndexScan Ordered="1" ScanDirection="FORWARD" ForcedIndex="0" ForceSeek="0" ForceScan="0" NoExpandHint="0" Storage="RowStore">
                                              <DefinedValues />
                                              <Object Database="[OurLabReporting]" Schema="[dbo]" Table="[TEU]" Index="[Teu_IDX_Mix]" Alias="[T]" TableReferenceId="1" IndexKind="NonClustered" />
                                              <SeekPredicates>
                                                <SeekPredicateNew>
                                                  <SeekKeys>
                                                    <Prefix ScanType="EQ">
                                                      <RangeColumns>
                                                        <ColumnReference Database="[OurLabReporting]" Schema="[dbo]" Table="[TEU]" Alias="[T]" Column="MixId" />
                                                      </RangeColumns>
                                                      <RangeExpressions>
                                                        <ScalarOperator ScalarString="[OurLabReporting].[dbo].[TestpassPackageMapping].[MixId] as [TPM].[MixId]">
                                                          <Identifier>
                                                            <ColumnReference Database="[OurLabReporting]" Schema="[dbo]" Table="[TestpassPackageMapping]" Alias="[TPM]" Column="MixId" />
                                                          </Identifier>
                                                        </ScalarOperator>
                                                      </RangeExpressions>
                                                    </Prefix>
                                                    <IsNotNull>
                                                      <ColumnReference Database="[OurLabReporting]" Schema="[dbo]" Table="[TEU]" Alias="[T]" Column="RerunSourceId" />
                                                    </IsNotNull>
                                                  </SeekKeys>
                                                </SeekPredicateNew>
                                              </SeekPredicates>
                                            </IndexScan>
                                          </RelOp>
                                        </NestedLoops>
                                      </RelOp>
                                    </NestedLoops>
                                  </RelOp>
                                  <RelOp NodeId="9" PhysicalOp="Nested Loops" LogicalOp="Inner Join" EstimateRows="1" EstimateIO="0" EstimateCPU="5.61809e-006" AvgRowSize="9" EstimatedTotalSubtreeCost="0.00802139" Parallel="0" EstimateRebinds="0" EstimateRewinds="0" EstimatedExecutionMode="Row">
                                    <OutputList />
                                    <NestedLoops Optimized="0">
                                      <OuterReferences>
                                        <ColumnReference Database="[OurLabReporting]" Schema="[dbo]" Table="[TestpassPackageMapping]" Alias="[TPM]" Column="MixId" />
                                      </OuterReferences>
                                      <RelOp NodeId="10" PhysicalOp="Index Seek" LogicalOp="Index Seek" EstimateRows="1" EstimateIO="0.003125" EstimateCPU="0.000158386" AvgRowSize="11" EstimatedTotalSubtreeCost="0.0032831" TableCardinality="1.48174e+006" Parallel="0" EstimateRebinds="0" EstimateRewinds="0" EstimatedExecutionMode="Row">
                                        <OutputList>
                                          <ColumnReference Database="[OurLabReporting]" Schema="[dbo]" Table="[TestpassPackageMapping]" Alias="[TPM]" Column="MixId" />
                                        </OutputList>
                                        <IndexScan Ordered="1" ScanDirection="FORWARD" ForcedIndex="0" ForceSeek="0" ForceScan="0" NoExpandHint="0" Storage="RowStore">
                                          <DefinedValues>
                                            <DefinedValue>
                                              <ColumnReference Database="[OurLabReporting]" Schema="[dbo]" Table="[TestpassPackageMapping]" Alias="[TPM]" Column="MixId" />
                                            </DefinedValue>
                                          </DefinedValues>
                                          <Object Database="[OurLabReporting]" Schema="[dbo]" Table="[TestpassPackageMapping]" Index="[TestpassPackageMapping_IDX_TestpassId]" Alias="[TPM]" TableReferenceId="2" IndexKind="NonClustered" />
                                          <SeekPredicates>
                                            <SeekPredicateNew>
                                              <SeekKeys>
                                                <Prefix ScanType="EQ">
                                                  <RangeColumns>
                                                    <ColumnReference Database="[OurLabReporting]" Schema="[dbo]" Table="[TestpassPackageMapping]" Alias="[TPM]" Column="TestpassId" />
                                                  </RangeColumns>
                                                  <RangeExpressions>
                                                    <ScalarOperator ScalarString="[OurLabReporting].[dbo].[Testpass].[Id] as [TP].[Id]">
                                                      <Identifier>
                                                        <ColumnReference Database="[OurLabReporting]" Schema="[dbo]" Table="[Testpass]" Alias="[TP]" Column="Id" />
                                                      </Identifier>
                                                    </ScalarOperator>
                                                  </RangeExpressions>
                                                </Prefix>
                                              </SeekKeys>
                                            </SeekPredicateNew>
                                          </SeekPredicates>
                                        </IndexScan>
                                      </RelOp>
                                      <RelOp NodeId="11" PhysicalOp="Index Seek" LogicalOp="Index Seek" EstimateRows="1" EstimateIO="0.00386574" EstimateCPU="0.000335987" AvgRowSize="11" EstimatedTotalSubtreeCost="0.00454681" TableCardinality="4.12024e+007" Parallel="0" EstimateRebinds="0.260434" EstimateRewinds="0" EstimatedExecutionMode="Row">
                                        <OutputList />
                                        <IndexScan Ordered="1" ScanDirection="FORWARD" ForcedIndex="0" ForceSeek="0" ForceScan="0" NoExpandHint="0" Storage="RowStore">
                                          <DefinedValues />
                                          <Object Database="[OurLabReporting]" Schema="[dbo]" Table="[TEU]" Index="[Teu_IDX_Mix]" Alias="[T]" TableReferenceId="2" IndexKind="NonClustered" />
                                          <SeekPredicates>
                                            <SeekPredicateNew>
                                              <SeekKeys>
                                                <Prefix ScanType="EQ">
                                                  <RangeColumns>
                                                    <ColumnReference Database="[OurLabReporting]" Schema="[dbo]" Table="[TEU]" Alias="[T]" Column="MixId" />
                                                  </RangeColumns>
                                                  <RangeExpressions>
                                                    <ScalarOperator ScalarString="[OurLabReporting].[dbo].[TestpassPackageMapping].[MixId] as [TPM].[MixId]">
                                                      <Identifier>
                                                        <ColumnReference Database="[OurLabReporting]" Schema="[dbo]" Table="[TestpassPackageMapping]" Alias="[TPM]" Column="MixId" />
                                                      </Identifier>
                                                    </ScalarOperator>
                                                  </RangeExpressions>
                                                </Prefix>
                                                <IsNotNull>
                                                  <ColumnReference Database="[OurLabReporting]" Schema="[dbo]" Table="[TEU]" Alias="[T]" Column="RerunSourceId" />
                                                </IsNotNull>
                                              </SeekKeys>
                                            </SeekPredicateNew>
                                          </SeekPredicates>
                                          <Predicate>
                                            <ScalarOperator ScalarString="[OurLabReporting].[dbo].[TEU].[StatusId] as [T].[StatusId]&lt;&gt;(48) AND [OurLabReporting].[dbo].[TEU].[StatusId] as [T].[StatusId]&lt;&gt;(49) AND [OurLabReporting].[dbo].[TEU].[StatusId] as [T].[StatusId]&lt;&gt;(50) AND [OurLabReporting].[dbo].[TEU].[StatusId] as [T].[StatusId]&lt;&gt;(52)">
                                              <Logical Operation="AND">
                                                <ScalarOperator>
                                                  <Compare CompareOp="NE">
                                                    <ScalarOperator>
                                                      <Identifier>
                                                        <ColumnReference Database="[OurLabReporting]" Schema="[dbo]" Table="[TEU]" Alias="[T]" Column="StatusId" />
                                                      </Identifier>
                                                    </ScalarOperator>
                                                    <ScalarOperator>
                                                      <Const ConstValue="(48)" />
                                                    </ScalarOperator>
                                                  </Compare>
                                                </ScalarOperator>
                                                <ScalarOperator>
                                                  <Compare CompareOp="NE">
                                                    <ScalarOperator>
                                                      <Identifier>
                                                        <ColumnReference Database="[OurLabReporting]" Schema="[dbo]" Table="[TEU]" Alias="[T]" Column="StatusId" />
                                                      </Identifier>
                                                    </ScalarOperator>
                                                    <ScalarOperator>
                                                      <Const ConstValue="(49)" />
                                                    </ScalarOperator>
                                                  </Compare>
                                                </ScalarOperator>
                                                <ScalarOperator>
                                                  <Compare CompareOp="NE">
                                                    <ScalarOperator>
                                                      <Identifier>
                                                        <ColumnReference Database="[OurLabReporting]" Schema="[dbo]" Table="[TEU]" Alias="[T]" Column="StatusId" />
                                                      </Identifier>
                                                    </ScalarOperator>
                                                    <ScalarOperator>
                                                      <Const ConstValue="(50)" />
                                                    </ScalarOperator>
                                                  </Compare>
                                                </ScalarOperator>
                                                <ScalarOperator>
                                                  <Compare CompareOp="NE">
                                                    <ScalarOperator>
                                                      <Identifier>
                                                        <ColumnReference Database="[OurLabReporting]" Schema="[dbo]" Table="[TEU]" Alias="[T]" Column="StatusId" />
                                                      </Identifier>
                                                    </ScalarOperator>
                                                    <ScalarOperator>
                                                      <Const ConstValue="(52)" />
                                                    </ScalarOperator>
                                                  </Compare>
                                                </ScalarOperator>
                                              </Logical>
                                            </ScalarOperator>
                                          </Predicate>
                                        </IndexScan>
                                      </RelOp>
                                    </NestedLoops>
                                  </RelOp>
                                </NestedLoops>
                              </RelOp>
                              <RelOp NodeId="12" PhysicalOp="Nested Loops" LogicalOp="Inner Join" EstimateRows="1" EstimateIO="0" EstimateCPU="1.22106e-005" AvgRowSize="9" EstimatedTotalSubtreeCost="0.0155185" Parallel="0" EstimateRebinds="0" EstimateRewinds="0" EstimatedExecutionMode="Row">
                                <OutputList />
                                <NestedLoops Optimized="0">
                                  <OuterReferences>
                                    <ColumnReference Database="[OurLabReporting]" Schema="[dbo]" Table="[TestpassPackageMapping]" Alias="[TPM]" Column="MixId" />
                                  </OuterReferences>
                                  <RelOp NodeId="13" PhysicalOp="Index Seek" LogicalOp="Index Seek" EstimateRows="1" EstimateIO="0.003125" EstimateCPU="0.000158386" AvgRowSize="11" EstimatedTotalSubtreeCost="0.0032831" TableCardinality="1.48174e+006" Parallel="0" EstimateRebinds="0" EstimateRewinds="0" EstimatedExecutionMode="Row">
                                    <OutputList>
                                      <ColumnReference Database="[OurLabReporting]" Schema="[dbo]" Table="[TestpassPackageMapping]" Alias="[TPM]" Column="MixId" />
                                    </OutputList>
                                    <IndexScan Ordered="1" ScanDirection="FORWARD" ForcedIndex="0" ForceSeek="0" ForceScan="0" NoExpandHint="0" Storage="RowStore">
                                      <DefinedValues>
                                        <DefinedValue>
                                          <ColumnReference Database="[OurLabReporting]" Schema="[dbo]" Table="[TestpassPackageMapping]" Alias="[TPM]" Column="MixId" />
                                        </DefinedValue>
                                      </DefinedValues>
                                      <Object Database="[OurLabReporting]" Schema="[dbo]" Table="[TestpassPackageMapping]" Index="[TestpassPackageMapping_IDX_TestpassId]" Alias="[TPM]" TableReferenceId="3" IndexKind="NonClustered" />
                                      <SeekPredicates>
                                        <SeekPredicateNew>
                                          <SeekKeys>
                                            <Prefix ScanType="EQ">
                                              <RangeColumns>
                                                <ColumnReference Database="[OurLabReporting]" Schema="[dbo]" Table="[TestpassPackageMapping]" Alias="[TPM]" Column="TestpassId" />
                                              </RangeColumns>
                                              <RangeExpressions>
                                                <ScalarOperator ScalarString="[OurLabReporting].[dbo].[Testpass].[Id] as [TP].[Id]">
                                                  <Identifier>
                                                    <ColumnReference Database="[OurLabReporting]" Schema="[dbo]" Table="[Testpass]" Alias="[TP]" Column="Id" />
                                                  </Identifier>
                                                </ScalarOperator>
                                              </RangeExpressions>
                                            </Prefix>
                                          </SeekKeys>
                                        </SeekPredicateNew>
                                      </SeekPredicates>
                                    </IndexScan>
                                  </RelOp>
                                  <RelOp NodeId="14" PhysicalOp="Index Seek" LogicalOp="Index Seek" EstimateRows="1" EstimateIO="0.0149769" EstimateCPU="0.00292037" AvgRowSize="11" EstimatedTotalSubtreeCost="0.0105037" TableCardinality="4.12024e+007" Parallel="0" EstimateRebinds="0.260434" EstimateRewinds="0" EstimatedExecutionMode="Row">
                                    <OutputList />
                                    <IndexScan Ordered="1" ScanDirection="FORWARD" ForcedIndex="0" ForceSeek="0" ForceScan="0" NoExpandHint="0" Storage="RowStore">
                                      <DefinedValues />
                                      <Object Database="[OurLabReporting]" Schema="[dbo]" Table="[TEU]" Index="[Teu_IDX_Mix]" Alias="[T]" TableReferenceId="3" IndexKind="NonClustered" />
                                      <SeekPredicates>
                                        <SeekPredicateNew>
                                          <SeekKeys>
                                            <Prefix ScanType="EQ">
                                              <RangeColumns>
                                                <ColumnReference Database="[OurLabReporting]" Schema="[dbo]" Table="[TEU]" Alias="[T]" Column="MixId" />
                                                <ColumnReference Database="[OurLabReporting]" Schema="[dbo]" Table="[TEU]" Alias="[T]" Column="RerunSourceId" />
                                              </RangeColumns>
                                              <RangeExpressions>
                                                <ScalarOperator ScalarString="[OurLabReporting].[dbo].[TestpassPackageMapping].[MixId] as [TPM].[MixId]">
                                                  <Identifier>
                                                    <ColumnReference Database="[OurLabReporting]" Schema="[dbo]" Table="[TestpassPackageMapping]" Alias="[TPM]" Column="MixId" />
                                                  </Identifier>
                                                </ScalarOperator>
                                                <ScalarOperator ScalarString="NULL">
                                                  <Const ConstValue="NULL" />
                                                </ScalarOperator>
                                              </RangeExpressions>
                                            </Prefix>
                                          </SeekKeys>
                                        </SeekPredicateNew>
                                      </SeekPredicates>
                                      <Predicate>
                                        <ScalarOperator ScalarString="[OurLabReporting].[dbo].[TEU].[StatusId] as [T].[StatusId]&lt;&gt;(48) AND [OurLabReporting].[dbo].[TEU].[StatusId] as [T].[StatusId]&lt;&gt;(49) AND [OurLabReporting].[dbo].[TEU].[StatusId] as [T].[StatusId]&lt;&gt;(50) AND [OurLabReporting].[dbo].[TEU].[StatusId] as [T].[StatusId]&lt;&gt;(52)">
                                          <Logical Operation="AND">
                                            <ScalarOperator>
                                              <Compare CompareOp="NE">
                                                <ScalarOperator>
                                                  <Identifier>
                                                    <ColumnReference Database="[OurLabReporting]" Schema="[dbo]" Table="[TEU]" Alias="[T]" Column="StatusId" />
                                                  </Identifier>
                                                </ScalarOperator>
                                                <ScalarOperator>
                                                  <Const ConstValue="(48)" />
                                                </ScalarOperator>
                                              </Compare>
                                            </ScalarOperator>
                                            <ScalarOperator>
                                              <Compare CompareOp="NE">
                                                <ScalarOperator>
                                                  <Identifier>
                                                    <ColumnReference Database="[OurLabReporting]" Schema="[dbo]" Table="[TEU]" Alias="[T]" Column="StatusId" />
                                                  </Identifier>
                                                </ScalarOperator>
                                                <ScalarOperator>
                                                  <Const ConstValue="(49)" />
                                                </ScalarOperator>
                                              </Compare>
                                            </ScalarOperator>
                                            <ScalarOperator>
                                              <Compare CompareOp="NE">
                                                <ScalarOperator>
                                                  <Identifier>
                                                    <ColumnReference Database="[OurLabReporting]" Schema="[dbo]" Table="[TEU]" Alias="[T]" Column="StatusId" />
                                                  </Identifier>
                                                </ScalarOperator>
                                                <ScalarOperator>
                                                  <Const ConstValue="(50)" />
                                                </ScalarOperator>
                                              </Compare>
                                            </ScalarOperator>
                                            <ScalarOperator>
                                              <Compare CompareOp="NE">
                                                <ScalarOperator>
                                                  <Identifier>
                                                    <ColumnReference Database="[OurLabReporting]" Schema="[dbo]" Table="[TEU]" Alias="[T]" Column="StatusId" />
                                                  </Identifier>
                                                </ScalarOperator>
                                                <ScalarOperator>
                                                  <Const ConstValue="(52)" />
                                                </ScalarOperator>
                                              </Compare>
                                            </ScalarOperator>
                                          </Logical>
                                        </ScalarOperator>
                                      </Predicate>
                                    </IndexScan>
                                  </RelOp>
                                </NestedLoops>
                              </RelOp>
                            </NestedLoops>
                          </RelOp>
                          <RelOp NodeId="15" PhysicalOp="Clustered Index Seek" LogicalOp="Clustered Index Seek" EstimateRows="1" EstimateIO="0.003125" EstimateCPU="0.0001581" AvgRowSize="9" EstimatedTotalSubtreeCost="0.0032831" TableCardinality="1.41186e+006" Parallel="0" EstimateRebinds="0" EstimateRewinds="0" EstimatedExecutionMode="Row">
                            <OutputList>
                              <ColumnReference Database="[OurLabReporting]" Schema="[dbo]" Table="[Testpass]" Alias="[TP]" Column="CanRerun" />
                            </OutputList>
                            <IndexScan Ordered="1" ScanDirection="FORWARD" ForcedIndex="0" ForceSeek="0" ForceScan="0" NoExpandHint="0" Storage="RowStore">
                              <DefinedValues>
                                <DefinedValue>
                                  <ColumnReference Database="[OurLabReporting]" Schema="[dbo]" Table="[Testpass]" Alias="[TP]" Column="CanRerun" />
                                </DefinedValue>
                              </DefinedValues>
                              <Object Database="[OurLabReporting]" Schema="[dbo]" Table="[Testpass]" Index="[Testpass_PK]" Alias="[TP]" TableReferenceId="1" IndexKind="Clustered" />
                              <SeekPredicates>
                                <SeekPredicateNew>
                                  <SeekKeys>
                                    <Prefix ScanType="EQ">
                                      <RangeColumns>
                                        <ColumnReference Database="[OurLabReporting]" Schema="[dbo]" Table="[Testpass]" Alias="[TP]" Column="Id" />
                                      </RangeColumns>
                                      <RangeExpressions>
                                        <ScalarOperator ScalarString="[@TestPassId]">
                                          <Identifier>
                                            <ColumnReference Column="@TestPassId" />
                                          </Identifier>
                                        </ScalarOperator>
                                      </RangeExpressions>
                                    </Prefix>
                                  </SeekKeys>
                                </SeekPredicateNew>
                              </SeekPredicates>
                            </IndexScan>
                          </RelOp>
                        </NestedLoops>
                      </RelOp>
                    </ComputeScalar>
                  </RelOp>
                  <ParameterList>
                    <ColumnReference Column="@TestPassId" ParameterCompiledValue="NULL" />
                  </ParameterList>
                </QueryPlan>
              </StmtSimple>
              <StmtSimple StatementText="&#x9;SELECT @local_TotalTEUs = SUM(A.TotalTEUs)&#xD;&#xA;&#x9;&#x9;&#x9;,@local_CompletedTEUs = SUM(A.TEUsCompleted)&#xD;&#xA;&#x9;&#x9;&#x9;,@local_FailedTEUs = SUM(A.TEUsFailed)&#xD;&#xA;&#x9;&#x9;&#x9;,@local_NotScheduledTEUs = SUM(A.TEUsNotScheduled)&#xD;&#xA;&#x9;&#x9;FROM dbo.View_TEUAndTCCountsBySchedule AS A WITH (NOLOCK)&#xD;&#xA;&#x9;&#x9;INNER JOIN dbo.ScheduleTestpassMapping AS STPM WITH (NOLOCK) ON A.ScheduleId = STPM.ScheduleId&#xD;&#xA;&#x9;&#x9;WHERE STPM.TestpassId = @TestpassId&#xD;&#xA;&#x9;&#x9;GROUP BY STPM.TestpassId&#xD;&#xA;" StatementId="85" StatementCompId="101" StatementType="SELECT" RetrievedFromCache="true" StatementSubTreeCost="0.0167374" StatementEstRows="1" StatementOptmLevel="FULL" QueryHash="0x987283E14A06679B" QueryPlanHash="0xCFBC9EEEFFB7B51A" StatementOptmEarlyAbortReason="GoodEnoughPlanFound">
                <StatementSetOptions QUOTED_IDENTIFIER="true" ARITHABORT="true" CONCAT_NULL_YIELDS_NULL="true" ANSI_NULLS="true" ANSI_PADDING="true" ANSI_WARNINGS="true" NUMERIC_ROUNDABORT="false" />
                <QueryPlan NonParallelPlanReason="MaxDOPSetToOne" CachedPlanSize="64" CompileTime="51" CompileCPU="51" CompileMemory="3328">
                  <MemoryGrantInfo SerialRequiredMemory="0" SerialDesiredMemory="0" />
                  <OptimizerHardwareDependentProperties EstimatedAvailableMemoryGrant="193313" EstimatedPagesCached="773254" EstimatedAvailableDegreeOfParallelism="1" />
                  <RelOp NodeId="0" PhysicalOp="Compute Scalar" LogicalOp="Compute Scalar" EstimateRows="1" EstimateIO="0" EstimateCPU="1.1e-006" AvgRowSize="23" EstimatedTotalSubtreeCost="0.0167374" Parallel="0" EstimateRebinds="0" EstimateRewinds="0" EstimatedExecutionMode="Row">
                    <OutputList>
                      <ColumnReference Column="Expr1022" />
                      <ColumnReference Column="Expr1023" />
                      <ColumnReference Column="Expr1024" />
                      <ColumnReference Column="Expr1025" />
                    </OutputList>
                    <ComputeScalar>
                      <DefinedValues>
                        <DefinedValue>
                          <ColumnReference Column="Expr1022" />
                          <ScalarOperator ScalarString="CASE WHEN [Expr1054]=(0) THEN NULL ELSE [Expr1055] END">
                            <IF>
                              <Condition>
                                <ScalarOperator>
                                  <Compare CompareOp="EQ">
                                    <ScalarOperator>
                                      <Identifier>
                                        <ColumnReference Column="Expr1054" />
                                      </Identifier>
                                    </ScalarOperator>
                                    <ScalarOperator>
                                      <Const ConstValue="(0)" />
                                    </ScalarOperator>
                                  </Compare>
                                </ScalarOperator>
                              </Condition>
                              <Then>
                                <ScalarOperator>
                                  <Const ConstValue="NULL" />
                                </ScalarOperator>
                              </Then>
                              <Else>
                                <ScalarOperator>
                                  <Identifier>
                                    <ColumnReference Column="Expr1055" />
                                  </Identifier>
                                </ScalarOperator>
                              </Else>
                            </IF>
                          </ScalarOperator>
                        </DefinedValue>
                        <DefinedValue>
                          <ColumnReference Column="Expr1023" />
                          <ScalarOperator ScalarString="CASE WHEN [Expr1056]=(0) THEN NULL ELSE [Expr1057] END">
                            <IF>
                              <Condition>
                                <ScalarOperator>
                                  <Compare CompareOp="EQ">
                                    <ScalarOperator>
                                      <Identifier>
                                        <ColumnReference Column="Expr1056" />
                                      </Identifier>
                                    </ScalarOperator>
                                    <ScalarOperator>
                                      <Const ConstValue="(0)" />
                                    </ScalarOperator>
                                  </Compare>
                                </ScalarOperator>
                              </Condition>
                              <Then>
                                <ScalarOperator>
                                  <Const ConstValue="NULL" />
                                </ScalarOperator>
                              </Then>
                              <Else>
                                <ScalarOperator>
                                  <Identifier>
                                    <ColumnReference Column="Expr1057" />
                                  </Identifier>
                                </ScalarOperator>
                              </Else>
                            </IF>
                          </ScalarOperator>
                        </DefinedValue>
                        <DefinedValue>
                          <ColumnReference Column="Expr1024" />
                          <ScalarOperator ScalarString="CASE WHEN [Expr1058]=(0) THEN NULL ELSE [Expr1059] END">
                            <IF>
                              <Condition>
                                <ScalarOperator>
                                  <Compare CompareOp="EQ">
                                    <ScalarOperator>
                                      <Identifier>
                                        <ColumnReference Column="Expr1058" />
                                      </Identifier>
                                    </ScalarOperator>
                                    <ScalarOperator>
                                      <Const ConstValue="(0)" />
                                    </ScalarOperator>
                                  </Compare>
                                </ScalarOperator>
                              </Condition>
                              <Then>
                                <ScalarOperator>
                                  <Const ConstValue="NULL" />
                                </ScalarOperator>
                              </Then>
                              <Else>
                                <ScalarOperator>
                                  <Identifier>
                                    <ColumnReference Column="Expr1059" />
                                  </Identifier>
                                </ScalarOperator>
                              </Else>
                            </IF>
                          </ScalarOperator>
                        </DefinedValue>
                        <DefinedValue>
                          <ColumnReference Column="Expr1025" />
                          <ScalarOperator ScalarString="CASE WHEN [Expr1060]=(0) THEN NULL ELSE [Expr1061] END">
                            <IF>
                              <Condition>
                                <ScalarOperator>
                                  <Compare CompareOp="EQ">
                                    <ScalarOperator>
                                      <Identifier>
                                        <ColumnReference Column="Expr1060" />
                                      </Identifier>
                                    </ScalarOperator>
                                    <ScalarOperator>
                                      <Const ConstValue="(0)" />
                                    </ScalarOperator>
                                  </Compare>
                                </ScalarOperator>
                              </Condition>
                              <Then>
                                <ScalarOperator>
                                  <Const ConstValue="NULL" />
                                </ScalarOperator>
                              </Then>
                              <Else>
                                <ScalarOperator>
                                  <Identifier>
                                    <ColumnReference Column="Expr1061" />
                                  </Identifier>
                                </ScalarOperator>
                              </Else>
                            </IF>
                          </ScalarOperator>
                        </DefinedValue>
                      </DefinedValues>
                      <RelOp NodeId="1" PhysicalOp="Stream Aggregate" LogicalOp="Aggregate" EstimateRows="1" EstimateIO="0" EstimateCPU="1.1e-006" AvgRowSize="23" EstimatedTotalSubtreeCost="0.0167374" Parallel="0" EstimateRebinds="0" EstimateRewinds="0" EstimatedExecutionMode="Row">
                        <OutputList>
                          <ColumnReference Column="Expr1054" />
                          <ColumnReference Column="Expr1055" />
                          <ColumnReference Column="Expr1056" />
                          <ColumnReference Column="Expr1057" />
                          <ColumnReference Column="Expr1058" />
                          <ColumnReference Column="Expr1059" />
                          <ColumnReference Column="Expr1060" />
                          <ColumnReference Column="Expr1061" />
                        </OutputList>
                        <StreamAggregate>
                          <DefinedValues>
                            <DefinedValue>
                              <ColumnReference Column="Expr1054" />
                              <ScalarOperator ScalarString="COUNT_BIG([Expr1012])">
                                <Aggregate Distinct="0" AggType="COUNT_BIG">
                                  <ScalarOperator>
                                    <Identifier>
                                      <ColumnReference Column="Expr1012" />
                                    </Identifier>
                                  </ScalarOperator>
                                </Aggregate>
                              </ScalarOperator>
                            </DefinedValue>
                            <DefinedValue>
                              <ColumnReference Column="Expr1055" />
                              <ScalarOperator ScalarString="SUM([Expr1012])">
                                <Aggregate Distinct="0" AggType="SUM">
                                  <ScalarOperator>
                                    <Identifier>
                                      <ColumnReference Column="Expr1012" />
                                    </Identifier>
                                  </ScalarOperator>
                                </Aggregate>
                              </ScalarOperator>
                            </DefinedValue>
                            <DefinedValue>
                              <ColumnReference Column="Expr1056" />
                              <ScalarOperator ScalarString="COUNT_BIG([Expr1006])">
                                <Aggregate Distinct="0" AggType="COUNT_BIG">
                                  <ScalarOperator>
                                    <Identifier>
                                      <ColumnReference Column="Expr1006" />
                                    </Identifier>
                                  </ScalarOperator>
                                </Aggregate>
                              </ScalarOperator>
                            </DefinedValue>
                            <DefinedValue>
                              <ColumnReference Column="Expr1057" />
                              <ScalarOperator ScalarString="SUM([Expr1006])">
                                <Aggregate Distinct="0" AggType="SUM">
                                  <ScalarOperator>
                                    <Identifier>
                                      <ColumnReference Column="Expr1006" />
                                    </Identifier>
                                  </ScalarOperator>
                                </Aggregate>
                              </ScalarOperator>
                            </DefinedValue>
                            <DefinedValue>
                              <ColumnReference Column="Expr1058" />
                              <ScalarOperator ScalarString="COUNT_BIG([Expr1009])">
                                <Aggregate Distinct="0" AggType="COUNT_BIG">
                                  <ScalarOperator>
                                    <Identifier>
                                      <ColumnReference Column="Expr1009" />
                                    </Identifier>
                                  </ScalarOperator>
                                </Aggregate>
                              </ScalarOperator>
                            </DefinedValue>
                            <DefinedValue>
                              <ColumnReference Column="Expr1059" />
                              <ScalarOperator ScalarString="SUM([Expr1009])">
                                <Aggregate Distinct="0" AggType="SUM">
                                  <ScalarOperator>
                                    <Identifier>
                                      <ColumnReference Column="Expr1009" />
                                    </Identifier>
                                  </ScalarOperator>
                                </Aggregate>
                              </ScalarOperator>
                            </DefinedValue>
                            <DefinedValue>
                              <ColumnReference Column="Expr1060" />
                              <ScalarOperator ScalarString="COUNT_BIG([Expr1008])">
                                <Aggregate Distinct="0" AggType="COUNT_BIG">
                                  <ScalarOperator>
                                    <Identifier>
                                      <ColumnReference Column="Expr1008" />
                                    </Identifier>
                                  </ScalarOperator>
                                </Aggregate>
                              </ScalarOperator>
                            </DefinedValue>
                            <DefinedValue>
                              <ColumnReference Column="Expr1061" />
                              <ScalarOperator ScalarString="SUM([Expr1008])">
                                <Aggregate Distinct="0" AggType="SUM">
                                  <ScalarOperator>
                                    <Identifier>
                                      <ColumnReference Column="Expr1008" />
                                    </Identifier>
                                  </ScalarOperator>
                                </Aggregate>
                              </ScalarOperator>
                            </DefinedValue>
                          </DefinedValues>
                          <RelOp NodeId="2" PhysicalOp="Stream Aggregate" LogicalOp="Aggregate" EstimateRows="1" EstimateIO="0" EstimateCPU="1.85208e-006" AvgRowSize="23" EstimatedTotalSubtreeCost="0.0167363" Parallel="0" EstimateRebinds="0" EstimateRewinds="0" EstimatedExecutionMode="Row">
                            <OutputList>
                              <ColumnReference Column="Expr1006" />
                              <ColumnReference Column="Expr1008" />
                              <ColumnReference Column="Expr1009" />
                              <ColumnReference Column="Expr1012" />
                            </OutputList>
                            <StreamAggregate>
                              <DefinedValues>
                                <DefinedValue>
                                  <ColumnReference Column="Expr1006" />
                                  <ScalarOperator ScalarString="SUM([OurLabReporting].[dbo].[TEUCountsByResolvedTED].[TEUsCompleted] as [cache].[TEUsCompleted])">
                                    <Aggregate Distinct="0" AggType="SUM">
                                      <ScalarOperator>
                                        <Identifier>
                                          <ColumnReference Database="[OurLabReporting]" Schema="[dbo]" Table="[TEUCountsByResolvedTED]" Alias="[cache]" Column="TEUsCompleted" />
                                        </Identifier>
                                      </ScalarOperator>
                                    </Aggregate>
                                  </ScalarOperator>
                                </DefinedValue>
                                <DefinedValue>
                                  <ColumnReference Column="Expr1008" />
                                  <ScalarOperator ScalarString="SUM([OurLabReporting].[dbo].[TEUCountsByResolvedTED].[TEUsNotScheduled] as [cache].[TEUsNotScheduled])">
                                    <Aggregate Distinct="0" AggType="SUM">
                                      <ScalarOperator>
                                        <Identifier>
                                          <ColumnReference Database="[OurLabReporting]" Schema="[dbo]" Table="[TEUCountsByResolvedTED]" Alias="[cache]" Column="TEUsNotScheduled" />
                                        </Identifier>
                                      </ScalarOperator>
                                    </Aggregate>
                                  </ScalarOperator>
                                </DefinedValue>
                                <DefinedValue>
                                  <ColumnReference Column="Expr1009" />
                                  <ScalarOperator ScalarString="SUM([OurLabReporting].[dbo].[TEUCountsByResolvedTED].[TEUsFailed] as [cache].[TEUsFailed])">
                                    <Aggregate Distinct="0" AggType="SUM">
                                      <ScalarOperator>
                                        <Identifier>
                                          <ColumnReference Database="[OurLabReporting]" Schema="[dbo]" Table="[TEUCountsByResolvedTED]" Alias="[cache]" Column="TEUsFailed" />
                                        </Identifier>
                                      </ScalarOperator>
                                    </Aggregate>
                                  </ScalarOperator>
                                </DefinedValue>
                                <DefinedValue>
                                  <ColumnReference Column="Expr1012" />
                                  <ScalarOperator ScalarString="SUM([OurLabReporting].[dbo].[TEUCountsByResolvedTED].[TotalTEUs] as [cache].[TotalTEUs])">
                                    <Aggregate Distinct="0" AggType="SUM">
                                      <ScalarOperator>
                                        <Identifier>
                                          <ColumnReference Database="[OurLabReporting]" Schema="[dbo]" Table="[TEUCountsByResolvedTED]" Alias="[cache]" Column="TotalTEUs" />
                                        </Identifier>
                                      </ScalarOperator>
                                    </Aggregate>
                                  </ScalarOperator>
                                </DefinedValue>
                              </DefinedValues>
                              <GroupBy>
                                <ColumnReference Database="[OurLabReporting]" Schema="[dbo]" Table="[ScheduleTestpassMapping]" Alias="[STPM]" Column="ScheduleId" />
                              </GroupBy>
                              <RelOp NodeId="3" PhysicalOp="Nested Loops" LogicalOp="Inner Join" EstimateRows="2.25347" EstimateIO="0" EstimateCPU="1.05363e-005" AvgRowSize="31" EstimatedTotalSubtreeCost="0.0167344" Parallel="0" EstimateRebinds="0" EstimateRewinds="0" EstimatedExecutionMode="Row">
                                <OutputList>
                                  <ColumnReference Database="[OurLabReporting]" Schema="[dbo]" Table="[TEUCountsByResolvedTED]" Alias="[cache]" Column="TEUsCompleted" />
                                  <ColumnReference Database="[OurLabReporting]" Schema="[dbo]" Table="[TEUCountsByResolvedTED]" Alias="[cache]" Column="TEUsNotScheduled" />
                                  <ColumnReference Database="[OurLabReporting]" Schema="[dbo]" Table="[TEUCountsByResolvedTED]" Alias="[cache]" Column="TEUsFailed" />
                                  <ColumnReference Database="[OurLabReporting]" Schema="[dbo]" Table="[TEUCountsByResolvedTED]" Alias="[cache]" Column="TotalTEUs" />
                                  <ColumnReference Database="[OurLabReporting]" Schema="[dbo]" Table="[Mix]" Alias="[m]" Column="ScheduleId" />
                                  <ColumnReference Database="[OurLabReporting]" Schema="[dbo]" Table="[ScheduleTestpassMapping]" Alias="[STPM]" Column="ScheduleId" />
                                </OutputList>
                                <NestedLoops Optimized="0">
                                  <OuterReferences>
                                    <ColumnReference Database="[OurLabReporting]" Schema="[dbo]" Table="[ResolvedTED]" Alias="[rted]" Column="Id" />
                                  </OuterReferences>
                                  <RelOp NodeId="4" PhysicalOp="Nested Loops" LogicalOp="Inner Join" EstimateRows="2.52064" EstimateIO="0" EstimateCPU="6.33373e-006" AvgRowSize="19" EstimatedTotalSubtreeCost="0.0106305" Parallel="0" EstimateRebinds="0" EstimateRewinds="0" EstimatedExecutionMode="Row">
                                    <OutputList>
                                      <ColumnReference Database="[OurLabReporting]" Schema="[dbo]" Table="[ResolvedTED]" Alias="[rted]" Column="Id" />
                                      <ColumnReference Database="[OurLabReporting]" Schema="[dbo]" Table="[Mix]" Alias="[m]" Column="ScheduleId" />
                                      <ColumnReference Database="[OurLabReporting]" Schema="[dbo]" Table="[ScheduleTestpassMapping]" Alias="[STPM]" Column="ScheduleId" />
                                    </OutputList>
                                    <NestedLoops Optimized="0">
                                      <OuterReferences>
                                        <ColumnReference Database="[OurLabReporting]" Schema="[dbo]" Table="[Mix]" Alias="[m]" Column="Id" />
                                      </OuterReferences>
                                      <RelOp NodeId="5" PhysicalOp="Nested Loops" LogicalOp="Inner Join" EstimateRows="1.51525" EstimateIO="0" EstimateCPU="6.33373e-006" AvgRowSize="19" EstimatedTotalSubtreeCost="0.0065731" Parallel="0" EstimateRebinds="0" EstimateRewinds="0" EstimatedExecutionMode="Row">
                                        <OutputList>
                                          <ColumnReference Database="[OurLabReporting]" Schema="[dbo]" Table="[Mix]" Alias="[m]" Column="Id" />
                                          <ColumnReference Database="[OurLabReporting]" Schema="[dbo]" Table="[Mix]" Alias="[m]" Column="ScheduleId" />
                                          <ColumnReference Database="[OurLabReporting]" Schema="[dbo]" Table="[ScheduleTestpassMapping]" Alias="[STPM]" Column="ScheduleId" />
                                        </OutputList>
                                        <NestedLoops Optimized="0">
                                          <OuterReferences>
                                            <ColumnReference Database="[OurLabReporting]" Schema="[dbo]" Table="[ScheduleTestpassMapping]" Alias="[STPM]" Column="ScheduleId" />
                                          </OuterReferences>
                                          <RelOp NodeId="6" PhysicalOp="Index Seek" LogicalOp="Index Seek" EstimateRows="1" EstimateIO="0.003125" EstimateCPU="0.0001581" AvgRowSize="11" EstimatedTotalSubtreeCost="0.0032831" TableCardinality="1.4403e+006" Parallel="0" EstimateRebinds="0" EstimateRewinds="0" EstimatedExecutionMode="Row">
                                            <OutputList>
                                              <ColumnReference Database="[OurLabReporting]" Schema="[dbo]" Table="[ScheduleTestpassMapping]" Alias="[STPM]" Column="ScheduleId" />
                                            </OutputList>
                                            <IndexScan Ordered="1" ScanDirection="FORWARD" ForcedIndex="0" ForceSeek="0" ForceScan="0" NoExpandHint="0" Storage="RowStore">
                                              <DefinedValues>
                                                <DefinedValue>
                                                  <ColumnReference Database="[OurLabReporting]" Schema="[dbo]" Table="[ScheduleTestpassMapping]" Alias="[STPM]" Column="ScheduleId" />
                                                </DefinedValue>
                                              </DefinedValues>
                                              <Object Database="[OurLabReporting]" Schema="[dbo]" Table="[ScheduleTestpassMapping]" Index="[ScheduleTestpassMapping_Testpass]" Alias="[STPM]" IndexKind="NonClustered" />
                                              <SeekPredicates>
                                                <SeekPredicateNew>
                                                  <SeekKeys>
                                                    <Prefix ScanType="EQ">
                                                      <RangeColumns>
                                                        <ColumnReference Database="[OurLabReporting]" Schema="[dbo]" Table="[ScheduleTestpassMapping]" Alias="[STPM]" Column="TestpassId" />
                                                      </RangeColumns>
                                                      <RangeExpressions>
                                                        <ScalarOperator ScalarString="[@TestPassId]">
                                                          <Identifier>
                                                            <ColumnReference Column="@TestPassId" />
                                                          </Identifier>
                                                        </ScalarOperator>
                                                      </RangeExpressions>
                                                    </Prefix>
                                                  </SeekKeys>
                                                </SeekPredicateNew>
                                              </SeekPredicates>
                                            </IndexScan>
                                          </RelOp>
                                          <RelOp NodeId="7" PhysicalOp="Index Seek" LogicalOp="Index Seek" EstimateRows="1.51525" EstimateIO="0.003125" EstimateCPU="0.000158667" AvgRowSize="15" EstimatedTotalSubtreeCost="0.00328367" TableCardinality="1.48176e+006" Parallel="0" EstimateRebinds="0" EstimateRewinds="0" EstimatedExecutionMode="Row">
                                            <OutputList>
                                              <ColumnReference Database="[OurLabReporting]" Schema="[dbo]" Table="[Mix]" Alias="[m]" Column="Id" />
                                              <ColumnReference Database="[OurLabReporting]" Schema="[dbo]" Table="[Mix]" Alias="[m]" Column="ScheduleId" />
                                            </OutputList>
                                            <IndexScan Ordered="1" ScanDirection="FORWARD" ForcedIndex="0" ForceSeek="0" ForceScan="0" NoExpandHint="0" Storage="RowStore">
                                              <DefinedValues>
                                                <DefinedValue>
                                                  <ColumnReference Database="[OurLabReporting]" Schema="[dbo]" Table="[Mix]" Alias="[m]" Column="Id" />
                                                </DefinedValue>
                                                <DefinedValue>
                                                  <ColumnReference Database="[OurLabReporting]" Schema="[dbo]" Table="[Mix]" Alias="[m]" Column="ScheduleId" />
                                                </DefinedValue>
                                              </DefinedValues>
                                              <Object Database="[OurLabReporting]" Schema="[dbo]" Table="[Mix]" Index="[Mix_IDX_Schedule]" Alias="[m]" IndexKind="NonClustered" />
                                              <SeekPredicates>
                                                <SeekPredicateNew>
                                                  <SeekKeys>
                                                    <Prefix ScanType="EQ">
                                                      <RangeColumns>
                                                        <ColumnReference Database="[OurLabReporting]" Schema="[dbo]" Table="[Mix]" Alias="[m]" Column="ScheduleId" />
                                                      </RangeColumns>
                                                      <RangeExpressions>
                                                        <ScalarOperator ScalarString="[OurLabReporting].[dbo].[ScheduleTestpassMapping].[ScheduleId] as [STPM].[ScheduleId]">
                                                          <Identifier>
                                                            <ColumnReference Database="[OurLabReporting]" Schema="[dbo]" Table="[ScheduleTestpassMapping]" Alias="[STPM]" Column="ScheduleId" />
                                                          </Identifier>
                                                        </ScalarOperator>
                                                      </RangeExpressions>
                                                    </Prefix>
                                                  </SeekKeys>
                                                </SeekPredicateNew>
                                              </SeekPredicates>
                                            </IndexScan>
                                          </RelOp>
                                        </NestedLoops>
                                      </RelOp>
                                      <RelOp NodeId="8" PhysicalOp="Index Seek" LogicalOp="Index Seek" EstimateRows="1" EstimateIO="0.003125" EstimateCPU="0.0001581" AvgRowSize="11" EstimatedTotalSubtreeCost="0.00405109" TableCardinality="1.37084e+006" Parallel="0" EstimateRebinds="0.515247" EstimateRewinds="0" EstimatedExecutionMode="Row">
                                        <OutputList>
                                          <ColumnReference Database="[OurLabReporting]" Schema="[dbo]" Table="[ResolvedTED]" Alias="[rted]" Column="Id" />
                                        </OutputList>
                                        <IndexScan Ordered="1" ScanDirection="FORWARD" ForcedIndex="0" ForceSeek="0" ForceScan="0" NoExpandHint="0" Storage="RowStore">
                                          <DefinedValues>
                                            <DefinedValue>
                                              <ColumnReference Database="[OurLabReporting]" Schema="[dbo]" Table="[ResolvedTED]" Alias="[rted]" Column="Id" />
                                            </DefinedValue>
                                          </DefinedValues>
                                          <Object Database="[OurLabReporting]" Schema="[dbo]" Table="[ResolvedTED]" Index="[ResolvedTED_IDX_MixId]" Alias="[rted]" IndexKind="NonClustered" />
                                          <SeekPredicates>
                                            <SeekPredicateNew>
                                              <SeekKeys>
                                                <Prefix ScanType="EQ">
                                                  <RangeColumns>
                                                    <ColumnReference Database="[OurLabReporting]" Schema="[dbo]" Table="[ResolvedTED]" Alias="[rted]" Column="MixId" />
                                                  </RangeColumns>
                                                  <RangeExpressions>
                                                    <ScalarOperator ScalarString="[OurLabReporting].[dbo].[Mix].[Id] as [m].[Id]">
                                                      <Identifier>
                                                        <ColumnReference Database="[OurLabReporting]" Schema="[dbo]" Table="[Mix]" Alias="[m]" Column="Id" />
                                                      </Identifier>
                                                    </ScalarOperator>
                                                  </RangeExpressions>
                                                </Prefix>
                                              </SeekKeys>
                                            </SeekPredicateNew>
                                          </SeekPredicates>
                                        </IndexScan>
                                      </RelOp>
                                    </NestedLoops>
                                  </RelOp>
                                  <RelOp NodeId="9" PhysicalOp="Clustered Index Seek" LogicalOp="Clustered Index Seek" EstimateRows="1" EstimateIO="0.003125" EstimateCPU="0.0001581" AvgRowSize="23" EstimatedTotalSubtreeCost="0.00609336" TableCardinality="1.37084e+006" Parallel="0" EstimateRebinds="1.52064" EstimateRewinds="0" EstimatedExecutionMode="Row">
                                    <OutputList>
                                      <ColumnReference Database="[OurLabReporting]" Schema="[dbo]" Table="[TEUCountsByResolvedTED]" Alias="[cache]" Column="TEUsCompleted" />
                                      <ColumnReference Database="[OurLabReporting]" Schema="[dbo]" Table="[TEUCountsByResolvedTED]" Alias="[cache]" Column="TEUsNotScheduled" />
                                      <ColumnReference Database="[OurLabReporting]" Schema="[dbo]" Table="[TEUCountsByResolvedTED]" Alias="[cache]" Column="TEUsFailed" />
                                      <ColumnReference Database="[OurLabReporting]" Schema="[dbo]" Table="[TEUCountsByResolvedTED]" Alias="[cache]" Column="TotalTEUs" />
                                    </OutputList>
                                    <IndexScan Ordered="1" ScanDirection="FORWARD" ForcedIndex="0" ForceSeek="0" ForceScan="0" NoExpandHint="0" Storage="RowStore">
                                      <DefinedValues>
                                        <DefinedValue>
                                          <ColumnReference Database="[OurLabReporting]" Schema="[dbo]" Table="[TEUCountsByResolvedTED]" Alias="[cache]" Column="TEUsCompleted" />
                                        </DefinedValue>
                                        <DefinedValue>
                                          <ColumnReference Database="[OurLabReporting]" Schema="[dbo]" Table="[TEUCountsByResolvedTED]" Alias="[cache]" Column="TEUsNotScheduled" />
                                        </DefinedValue>
                                        <DefinedValue>
                                          <ColumnReference Database="[OurLabReporting]" Schema="[dbo]" Table="[TEUCountsByResolvedTED]" Alias="[cache]" Column="TEUsFailed" />
                                        </DefinedValue>
                                        <DefinedValue>
                                          <ColumnReference Database="[OurLabReporting]" Schema="[dbo]" Table="[TEUCountsByResolvedTED]" Alias="[cache]" Column="TotalTEUs" />
                                        </DefinedValue>
                                      </DefinedValues>
                                      <Object Database="[OurLabReporting]" Schema="[dbo]" Table="[TEUCountsByResolvedTED]" Index="[TEUCountsByResolvedTED_PK]" Alias="[cache]" IndexKind="Clustered" />
                                      <SeekPredicates>
                                        <SeekPredicateNew>
                                          <SeekKeys>
                                            <Prefix ScanType="EQ">
                                              <RangeColumns>
                                                <ColumnReference Database="[OurLabReporting]" Schema="[dbo]" Table="[TEUCountsByResolvedTED]" Alias="[cache]" Column="ResolvedTEDId" />
                                              </RangeColumns>
                                              <RangeExpressions>
                                                <ScalarOperator ScalarString="[OurLabReporting].[dbo].[ResolvedTED].[Id] as [rted].[Id]">
                                                  <Identifier>
                                                    <ColumnReference Database="[OurLabReporting]" Schema="[dbo]" Table="[ResolvedTED]" Alias="[rted]" Column="Id" />
                                                  </Identifier>
                                                </ScalarOperator>
                                              </RangeExpressions>
                                            </Prefix>
                                          </SeekKeys>
                                        </SeekPredicateNew>
                                      </SeekPredicates>
                                    </IndexScan>
                                  </RelOp>
                                </NestedLoops>
                              </RelOp>
                            </StreamAggregate>
                          </RelOp>
                        </StreamAggregate>
                      </RelOp>
                    </ComputeScalar>
                  </RelOp>
                  <ParameterList>
                    <ColumnReference Column="@TestPassId" ParameterCompiledValue="NULL" />
                  </ParameterList>
                </QueryPlan>
              </StmtSimple>
            </Statements>
          </Then>
        </StmtCond>
        <StmtCond StatementText="&#x9;END&#xD;&#xA;&#xD;&#xA;&#x9;IF (@ScheduleId IS NOT NULL)&#xD;&#xA;" StatementId="86" StatementCompId="103" StatementType="COND" RetrievedFromCache="true">
          <Condition />
          <Then>
            <Statements>
              <StmtSimple StatementText="&#x9;BEGIN&#xD;&#xA;&#x9;&#x9;SELECT @local_TestpassList = dbo.[Function_GetTestpassList](@ScheduleId, 'Schedule')&#xD;&#xA;&#xD;&#xA;&#x9;" StatementId="87" StatementCompId="104" StatementType="ASSIGN WITH QUERY" RetrievedFromCache="true" />
              <StmtSimple StatementText="&#x9;SELECT @local_ModifierList = dbo.[Function_GetModifierList](@ScheduleId, 'Schedule')&#xD;&#xA;" StatementId="88" StatementCompId="105" StatementType="ASSIGN WITH QUERY" RetrievedFromCache="true" />
            </Statements>
          </Then>
        </StmtCond>
        <StmtCond StatementText="&#x9;END&#xD;&#xA;&#xD;&#xA;&#x9;-- Populate Infra/Non-Infra Failure Counts for TEU Instance&#xD;&#xA;&#x9;IF (@local_TEUId IS NOT NULL)&#xD;&#xA;" StatementId="89" StatementCompId="107" StatementType="COND" RetrievedFromCache="true">
          <Condition />
          <Then>
            <Statements>
              <StmtSimple StatementText="&#x9;BEGIN&#xD;&#xA;&#x9;&#x9;-- Get Infrastructure Failure Type&#xD;&#xA;&#x9;&#x9;SELECT @local_InfraFailureTypeId = ISNULL(dbo.Function_GetInfraFailureTypeId(), 0)&#xD;&#xA;&#xD;&#xA;&#x9;&#x9;-- Get the resolved status&#xD;&#xA;&#x9;" StatementId="90" StatementCompId="108" StatementType="ASSIGN WITH QUERY" RetrievedFromCache="true" />
              <StmtSimple StatementText="&#x9;SELECT @local_ResolvedStatusId = dbo.[Status].Id&#xD;&#xA;&#x9;&#x9;FROM dbo.[Status] WITH (NOLOCK)&#xD;&#xA;&#x9;&#x9;WHERE dbo.[Status].[Status] = 'Resolved'&#xD;&#xA;&#x9;&#x9;&#x9;AND dbo.[Status].[Type] = 'Failure'&#xD;&#xA;&#xD;&#xA;&#x9;" StatementId="91" StatementCompId="109" StatementType="SELECT" RetrievedFromCache="true" StatementSubTreeCost="0.0032831" StatementEstRows="1" StatementOptmLevel="TRIVIAL" QueryHash="0x1F38E19A451B6346" QueryPlanHash="0xAC79AF102FE3AB29">
                <StatementSetOptions QUOTED_IDENTIFIER="true" ARITHABORT="true" CONCAT_NULL_YIELDS_NULL="true" ANSI_NULLS="true" ANSI_PADDING="true" ANSI_WARNINGS="true" NUMERIC_ROUNDABORT="false" />
                <QueryPlan NonParallelPlanReason="MaxDOPSetToOne" CachedPlanSize="16" CompileTime="0" CompileCPU="0" CompileMemory="1704">
                  <MemoryGrantInfo SerialRequiredMemory="0" SerialDesiredMemory="0" />
                  <OptimizerHardwareDependentProperties EstimatedAvailableMemoryGrant="193313" EstimatedPagesCached="773254" EstimatedAvailableDegreeOfParallelism="1" />
                  <RelOp NodeId="0" PhysicalOp="Index Seek" LogicalOp="Index Seek" EstimateRows="1" EstimateIO="0.003125" EstimateCPU="0.0001581" AvgRowSize="11" EstimatedTotalSubtreeCost="0.0032831" TableCardinality="96" Parallel="0" EstimateRebinds="0" EstimateRewinds="0" EstimatedExecutionMode="Row">
                    <OutputList>
                      <ColumnReference Database="[OurLabReporting]" Schema="[dbo]" Table="[Status]" Column="Id" />
                    </OutputList>
                    <IndexScan Ordered="1" ScanDirection="FORWARD" ForcedIndex="0" ForceSeek="0" ForceScan="0" NoExpandHint="0" Storage="RowStore">
                      <DefinedValues>
                        <DefinedValue>
                          <ColumnReference Database="[OurLabReporting]" Schema="[dbo]" Table="[Status]" Column="Id" />
                        </DefinedValue>
                      </DefinedValues>
                      <Object Database="[OurLabReporting]" Schema="[dbo]" Table="[Status]" Index="[Status_AK]" IndexKind="NonClustered" />
                      <SeekPredicates>
                        <SeekPredicateNew>
                          <SeekKeys>
                            <Prefix ScanType="EQ">
                              <RangeColumns>
                                <ColumnReference Database="[OurLabReporting]" Schema="[dbo]" Table="[Status]" Column="Type" />
                                <ColumnReference Database="[OurLabReporting]" Schema="[dbo]" Table="[Status]" Column="Status" />
                              </RangeColumns>
                              <RangeExpressions>
                                <ScalarOperator ScalarString="'Failure'">
                                  <Const ConstValue="'Failure'" />
                                </ScalarOperator>
                                <ScalarOperator ScalarString="'Resolved'">
                                  <Const ConstValue="'Resolved'" />
                                </ScalarOperator>
                              </RangeExpressions>
                            </Prefix>
                          </SeekKeys>
                        </SeekPredicateNew>
                      </SeekPredicates>
                    </IndexScan>
                  </RelOp>
                </QueryPlan>
              </StmtSimple>
              <StmtSimple StatementText="&#x9;SELECT @local_ActiveNonInfraFailureCount = COUNT(1)&#xD;&#xA;&#x9;&#x9;FROM dbo.Failure WITH (NOLOCK)&#xD;&#xA;&#x9;&#x9;WHERE dbo.Failure.TEUId = @local_TEUId&#xD;&#xA;&#x9;&#x9;&#x9;AND dbo.Failure.FailureTypeId &lt;&gt; @local_InfraFailureTypeId&#xD;&#xA;&#x9;&#x9;&#x9;AND dbo.Failure.StatusId &lt;&gt; @local_ResolvedStatusId&#xD;&#xA;&#xD;&#xA;&#x9;" StatementId="92" StatementCompId="110" StatementType="SELECT" RetrievedFromCache="true" StatementSubTreeCost="0.00667637" StatementEstRows="1" StatementOptmLevel="FULL" QueryHash="0x3F9DA083D60C62EF" QueryPlanHash="0xAD1DBF994C1014E5" StatementOptmEarlyAbortReason="GoodEnoughPlanFound">
                <StatementSetOptions QUOTED_IDENTIFIER="true" ARITHABORT="true" CONCAT_NULL_YIELDS_NULL="true" ANSI_NULLS="true" ANSI_PADDING="true" ANSI_WARNINGS="true" NUMERIC_ROUNDABORT="false" />
                <QueryPlan NonParallelPlanReason="MaxDOPSetToOne" CachedPlanSize="16" CompileTime="2" CompileCPU="2" CompileMemory="1856">
                  <MemoryGrantInfo SerialRequiredMemory="0" SerialDesiredMemory="0" />
                  <OptimizerHardwareDependentProperties EstimatedAvailableMemoryGrant="193313" EstimatedPagesCached="773254" EstimatedAvailableDegreeOfParallelism="1" />
                  <RelOp NodeId="0" PhysicalOp="Compute Scalar" LogicalOp="Compute Scalar" EstimateRows="1" EstimateIO="0" EstimateCPU="1.49777e-006" AvgRowSize="11" EstimatedTotalSubtreeCost="0.00667637" Parallel="0" EstimateRebinds="0" EstimateRewinds="0" EstimatedExecutionMode="Row">
                    <OutputList>
                      <ColumnReference Column="Expr1003" />
                    </OutputList>
                    <ComputeScalar>
                      <DefinedValues>
                        <DefinedValue>
                          <ColumnReference Column="Expr1003" />
                          <ScalarOperator ScalarString="CONVERT_IMPLICIT(int,[Expr1007],0)">
                            <Convert DataType="int" Style="0" Implicit="1">
                              <ScalarOperator>
                                <Identifier>
                                  <ColumnReference Column="Expr1007" />
                                </Identifier>
                              </ScalarOperator>
                            </Convert>
                          </ScalarOperator>
                        </DefinedValue>
                      </DefinedValues>
                      <RelOp NodeId="1" PhysicalOp="Stream Aggregate" LogicalOp="Aggregate" EstimateRows="1" EstimateIO="0" EstimateCPU="1.49777e-006" AvgRowSize="11" EstimatedTotalSubtreeCost="0.00667637" Parallel="0" EstimateRebinds="0" EstimateRewinds="0" EstimatedExecutionMode="Row">
                        <OutputList>
                          <ColumnReference Column="Expr1007" />
                        </OutputList>
                        <StreamAggregate>
                          <DefinedValues>
                            <DefinedValue>
                              <ColumnReference Column="Expr1007" />
                              <ScalarOperator ScalarString="Count(*)">
                                <Aggregate AggType="countstar" Distinct="0" />
                              </ScalarOperator>
                            </DefinedValue>
                          </DefinedValues>
                          <RelOp NodeId="2" PhysicalOp="Index Seek" LogicalOp="Index Seek" EstimateRows="1.66295" EstimateIO="0.00547533" EstimateCPU="0.00056952" AvgRowSize="15" EstimatedTotalSubtreeCost="0.00604484" TableCardinality="3.38966e+007" Parallel="0" EstimateRebinds="0" EstimateRewinds="0" EstimatedExecutionMode="Row">
                            <OutputList />
                            <IndexScan Ordered="1" ScanDirection="FORWARD" ForcedIndex="0" ForceSeek="0" ForceScan="0" NoExpandHint="0" Storage="RowStore">
                              <DefinedValues />
                              <Object Database="[OurLabReporting]" Schema="[dbo]" Table="[Failure]" Index="[Failure_IDX_TEU]" IndexKind="NonClustered" />
                              <SeekPredicates>
                                <SeekPredicateNew>
                                  <SeekKeys>
                                    <Prefix ScanType="EQ">
                                      <RangeColumns>
                                        <ColumnReference Database="[OurLabReporting]" Schema="[dbo]" Table="[Failure]" Column="TEUId" />
                                      </RangeColumns>
                                      <RangeExpressions>
                                        <ScalarOperator ScalarString="[@local_TEUId]">
                                          <Identifier>
                                            <ColumnReference Column="@local_TEUId" />
                                          </Identifier>
                                        </ScalarOperator>
                                      </RangeExpressions>
                                    </Prefix>
                                  </SeekKeys>
                                </SeekPredicateNew>
                              </SeekPredicates>
                              <Predicate>
                                <ScalarOperator ScalarString="([OurLabReporting].[dbo].[Failure].[FailureTypeId]&lt;[@local_InfraFailureTypeId] OR [OurLabReporting].[dbo].[Failure].[FailureTypeId]&gt;[@local_InfraFailureTypeId]) AND ([OurLabReporting].[dbo].[Failure].[StatusId]&lt;[@local_ResolvedStatusId] OR [OurLabReporting].[dbo].[Failure].[StatusId]&gt;[@local_ResolvedStatusId])">
                                  <Logical Operation="AND">
                                    <ScalarOperator>
                                      <Logical Operation="OR">
                                        <ScalarOperator>
                                          <Compare CompareOp="LT">
                                            <ScalarOperator>
                                              <Identifier>
                                                <ColumnReference Database="[OurLabReporting]" Schema="[dbo]" Table="[Failure]" Column="FailureTypeId" />
                                              </Identifier>
                                            </ScalarOperator>
                                            <ScalarOperator>
                                              <Identifier>
                                                <ColumnReference Column="@local_InfraFailureTypeId" />
                                              </Identifier>
                                            </ScalarOperator>
                                          </Compare>
                                        </ScalarOperator>
                                        <ScalarOperator>
                                          <Compare CompareOp="GT">
                                            <ScalarOperator>
                                              <Identifier>
                                                <ColumnReference Database="[OurLabReporting]" Schema="[dbo]" Table="[Failure]" Column="FailureTypeId" />
                                              </Identifier>
                                            </ScalarOperator>
                                            <ScalarOperator>
                                              <Identifier>
                                                <ColumnReference Column="@local_InfraFailureTypeId" />
                                              </Identifier>
                                            </ScalarOperator>
                                          </Compare>
                                        </ScalarOperator>
                                      </Logical>
                                    </ScalarOperator>
                                    <ScalarOperator>
                                      <Logical Operation="OR">
                                        <ScalarOperator>
                                          <Compare CompareOp="LT">
                                            <ScalarOperator>
                                              <Identifier>
                                                <ColumnReference Database="[OurLabReporting]" Schema="[dbo]" Table="[Failure]" Column="StatusId" />
                                              </Identifier>
                                            </ScalarOperator>
                                            <ScalarOperator>
                                              <Identifier>
                                                <ColumnReference Column="@local_ResolvedStatusId" />
                                              </Identifier>
                                            </ScalarOperator>
                                          </Compare>
                                        </ScalarOperator>
                                        <ScalarOperator>
                                          <Compare CompareOp="GT">
                                            <ScalarOperator>
                                              <Identifier>
                                                <ColumnReference Database="[OurLabReporting]" Schema="[dbo]" Table="[Failure]" Column="StatusId" />
                                              </Identifier>
                                            </ScalarOperator>
                                            <ScalarOperator>
                                              <Identifier>
                                                <ColumnReference Column="@local_ResolvedStatusId" />
                                              </Identifier>
                                            </ScalarOperator>
                                          </Compare>
                                        </ScalarOperator>
                                      </Logical>
                                    </ScalarOperator>
                                  </Logical>
                                </ScalarOperator>
                              </Predicate>
                            </IndexScan>
                          </RelOp>
                        </StreamAggregate>
                      </RelOp>
                    </ComputeScalar>
                  </RelOp>
                </QueryPlan>
              </StmtSimple>
              <StmtSimple StatementText="&#x9;SELECT @local_TotalNonInfraFailureCount = COUNT(1)&#xD;&#xA;&#x9;&#x9;FROM dbo.Failure WITH (NOLOCK)&#xD;&#xA;&#x9;&#x9;WHERE dbo.Failure.TEUId = @local_TEUId&#xD;&#xA;&#x9;&#x9;&#x9;AND dbo.Failure.FailureTypeId &lt;&gt; @local_InfraFailureTypeId&#xD;&#xA;&#xD;&#xA;&#x9;" StatementId="93" StatementCompId="111" StatementType="SELECT" RetrievedFromCache="true" StatementSubTreeCost="0.00637831" StatementEstRows="1" StatementOptmLevel="FULL" QueryHash="0xC2C6EF1A8237BA9B" QueryPlanHash="0x602ECDE03C113AA1" StatementOptmEarlyAbortReason="GoodEnoughPlanFound">
                <StatementSetOptions QUOTED_IDENTIFIER="true" ARITHABORT="true" CONCAT_NULL_YIELDS_NULL="true" ANSI_NULLS="true" ANSI_PADDING="true" ANSI_WARNINGS="true" NUMERIC_ROUNDABORT="false" />
                <QueryPlan NonParallelPlanReason="MaxDOPSetToOne" CachedPlanSize="16" CompileTime="1" CompileCPU="1" CompileMemory="1840">
                  <MemoryGrantInfo SerialRequiredMemory="0" SerialDesiredMemory="0" />
                  <OptimizerHardwareDependentProperties EstimatedAvailableMemoryGrant="193313" EstimatedPagesCached="773254" EstimatedAvailableDegreeOfParallelism="1" />
                  <RelOp NodeId="0" PhysicalOp="Compute Scalar" LogicalOp="Compute Scalar" EstimateRows="1" EstimateIO="0" EstimateCPU="3.44893e-006" AvgRowSize="11" EstimatedTotalSubtreeCost="0.00637831" Parallel="0" EstimateRebinds="0" EstimateRewinds="0" EstimatedExecutionMode="Row">
                    <OutputList>
                      <ColumnReference Column="Expr1003" />
                    </OutputList>
                    <ComputeScalar>
                      <DefinedValues>
                        <DefinedValue>
                          <ColumnReference Column="Expr1003" />
                          <ScalarOperator ScalarString="CONVERT_IMPLICIT(int,[Expr1007],0)">
                            <Convert DataType="int" Style="0" Implicit="1">
                              <ScalarOperator>
                                <Identifier>
                                  <ColumnReference Column="Expr1007" />
                                </Identifier>
                              </ScalarOperator>
                            </Convert>
                          </ScalarOperator>
                        </DefinedValue>
                      </DefinedValues>
                      <RelOp NodeId="1" PhysicalOp="Stream Aggregate" LogicalOp="Aggregate" EstimateRows="1" EstimateIO="0" EstimateCPU="3.44893e-006" AvgRowSize="11" EstimatedTotalSubtreeCost="0.00637831" Parallel="0" EstimateRebinds="0" EstimateRewinds="0" EstimatedExecutionMode="Row">
                        <OutputList>
                          <ColumnReference Column="Expr1007" />
                        </OutputList>
                        <StreamAggregate>
                          <DefinedValues>
                            <DefinedValue>
                              <ColumnReference Column="Expr1007" />
                              <ScalarOperator ScalarString="Count(*)">
                                <Aggregate AggType="countstar" Distinct="0" />
                              </ScalarOperator>
                            </DefinedValue>
                          </DefinedValues>
                          <RelOp NodeId="2" PhysicalOp="Index Seek" LogicalOp="Index Seek" EstimateRows="4.91488" EstimateIO="0.00547533" EstimateCPU="0.00056952" AvgRowSize="11" EstimatedTotalSubtreeCost="0.00604484" TableCardinality="3.38966e+007" Parallel="0" EstimateRebinds="0" EstimateRewinds="0" EstimatedExecutionMode="Row">
                            <OutputList />
                            <IndexScan Ordered="1" ScanDirection="FORWARD" ForcedIndex="0" ForceSeek="0" ForceScan="0" NoExpandHint="0" Storage="RowStore">
                              <DefinedValues />
                              <Object Database="[OurLabReporting]" Schema="[dbo]" Table="[Failure]" Index="[Failure_IDX_TEU]" IndexKind="NonClustered" />
                              <SeekPredicates>
                                <SeekPredicateNew>
                                  <SeekKeys>
                                    <Prefix ScanType="EQ">
                                      <RangeColumns>
                                        <ColumnReference Database="[OurLabReporting]" Schema="[dbo]" Table="[Failure]" Column="TEUId" />
                                      </RangeColumns>
                                      <RangeExpressions>
                                        <ScalarOperator ScalarString="[@local_TEUId]">
                                          <Identifier>
                                            <ColumnReference Column="@local_TEUId" />
                                          </Identifier>
                                        </ScalarOperator>
                                      </RangeExpressions>
                                    </Prefix>
                                  </SeekKeys>
                                </SeekPredicateNew>
                              </SeekPredicates>
                              <Predicate>
                                <ScalarOperator ScalarString="[OurLabReporting].[dbo].[Failure].[FailureTypeId]&lt;[@local_InfraFailureTypeId] OR [OurLabReporting].[dbo].[Failure].[FailureTypeId]&gt;[@local_InfraFailureTypeId]">
                                  <Logical Operation="OR">
                                    <ScalarOperator>
                                      <Compare CompareOp="LT">
                                        <ScalarOperator>
                                          <Identifier>
                                            <ColumnReference Database="[OurLabReporting]" Schema="[dbo]" Table="[Failure]" Column="FailureTypeId" />
                                          </Identifier>
                                        </ScalarOperator>
                                        <ScalarOperator>
                                          <Identifier>
                                            <ColumnReference Column="@local_InfraFailureTypeId" />
                                          </Identifier>
                                        </ScalarOperator>
                                      </Compare>
                                    </ScalarOperator>
                                    <ScalarOperator>
                                      <Compare CompareOp="GT">
                                        <ScalarOperator>
                                          <Identifier>
                                            <ColumnReference Database="[OurLabReporting]" Schema="[dbo]" Table="[Failure]" Column="FailureTypeId" />
                                          </Identifier>
                                        </ScalarOperator>
                                        <ScalarOperator>
                                          <Identifier>
                                            <ColumnReference Column="@local_InfraFailureTypeId" />
                                          </Identifier>
                                        </ScalarOperator>
                                      </Compare>
                                    </ScalarOperator>
                                  </Logical>
                                </ScalarOperator>
                              </Predicate>
                            </IndexScan>
                          </RelOp>
                        </StreamAggregate>
                      </RelOp>
                    </ComputeScalar>
                  </RelOp>
                </QueryPlan>
              </StmtSimple>
              <StmtSimple StatementText="&#x9;SELECT @local_ActiveInfraFailureCount = COUNT(1)&#xD;&#xA;&#x9;&#x9;FROM dbo.Failure WITH (NOLOCK)&#xD;&#xA;&#x9;&#x9;WHERE dbo.Failure.TEUId = @local_TEUId&#xD;&#xA;&#x9;&#x9;&#x9;AND dbo.Failure.FailureTypeId = @local_InfraFailureTypeId&#xD;&#xA;&#x9;&#x9;&#x9;AND dbo.Failure.StatusId &lt;&gt; @local_ResolvedStatusId&#xD;&#xA;&#xD;&#xA;&#x9;" StatementId="94" StatementCompId="112" StatementType="SELECT" RetrievedFromCache="true" StatementSubTreeCost="0.00512545" StatementEstRows="1" StatementOptmLevel="FULL" QueryHash="0x2B97CB9303CB444C" QueryPlanHash="0xC0CE7044594DE070" StatementOptmEarlyAbortReason="GoodEnoughPlanFound">
                <StatementSetOptions QUOTED_IDENTIFIER="true" ARITHABORT="true" CONCAT_NULL_YIELDS_NULL="true" ANSI_NULLS="true" ANSI_PADDING="true" ANSI_WARNINGS="true" NUMERIC_ROUNDABORT="false" />
                <QueryPlan NonParallelPlanReason="MaxDOPSetToOne" CachedPlanSize="16" CompileTime="2" CompileCPU="2" CompileMemory="1848">
                  <MemoryGrantInfo SerialRequiredMemory="0" SerialDesiredMemory="0" />
                  <OptimizerHardwareDependentProperties EstimatedAvailableMemoryGrant="193313" EstimatedPagesCached="773254" EstimatedAvailableDegreeOfParallelism="1" />
                  <RelOp NodeId="0" PhysicalOp="Compute Scalar" LogicalOp="Compute Scalar" EstimateRows="1" EstimateIO="0" EstimateCPU="3.68821e-006" AvgRowSize="11" EstimatedTotalSubtreeCost="0.00512545" Parallel="0" EstimateRebinds="0" EstimateRewinds="0" EstimatedExecutionMode="Row">
                    <OutputList>
                      <ColumnReference Column="Expr1003" />
                    </OutputList>
                    <ComputeScalar>
                      <DefinedValues>
                        <DefinedValue>
                          <ColumnReference Column="Expr1003" />
                          <ScalarOperator ScalarString="CONVERT_IMPLICIT(int,[Expr1007],0)">
                            <Convert DataType="int" Style="0" Implicit="1">
                              <ScalarOperator>
                                <Identifier>
                                  <ColumnReference Column="Expr1007" />
                                </Identifier>
                              </ScalarOperator>
                            </Convert>
                          </ScalarOperator>
                        </DefinedValue>
                      </DefinedValues>
                      <RelOp NodeId="1" PhysicalOp="Stream Aggregate" LogicalOp="Aggregate" EstimateRows="1" EstimateIO="0" EstimateCPU="3.68821e-006" AvgRowSize="11" EstimatedTotalSubtreeCost="0.00512545" Parallel="0" EstimateRebinds="0" EstimateRewinds="0" EstimatedExecutionMode="Row">
                        <OutputList>
                          <ColumnReference Column="Expr1007" />
                        </OutputList>
                        <StreamAggregate>
                          <DefinedValues>
                            <DefinedValue>
                              <ColumnReference Column="Expr1007" />
                              <ScalarOperator ScalarString="Count(*)">
                                <Aggregate AggType="countstar" Distinct="0" />
                              </ScalarOperator>
                            </DefinedValue>
                          </DefinedValues>
                          <RelOp NodeId="2" PhysicalOp="Index Seek" LogicalOp="Index Seek" EstimateRows="5.31368" EstimateIO="0.00422222" EstimateCPU="0.00056952" AvgRowSize="11" EstimatedTotalSubtreeCost="0.00479174" TableCardinality="3.38966e+007" Parallel="0" EstimateRebinds="0" EstimateRewinds="0" EstimatedExecutionMode="Row">
                            <OutputList />
                            <IndexScan Ordered="1" ScanDirection="FORWARD" ForcedIndex="0" ForceSeek="0" ForceScan="0" NoExpandHint="0" Storage="RowStore">
                              <DefinedValues />
                              <Object Database="[OurLabReporting]" Schema="[dbo]" Table="[Failure]" Index="[Failure_IDX_FailureType]" IndexKind="NonClustered" />
                              <SeekPredicates>
                                <SeekPredicateNew>
                                  <SeekKeys>
                                    <Prefix ScanType="EQ">
                                      <RangeColumns>
                                        <ColumnReference Database="[OurLabReporting]" Schema="[dbo]" Table="[Failure]" Column="FailureTypeId" />
                                        <ColumnReference Database="[OurLabReporting]" Schema="[dbo]" Table="[Failure]" Column="TEUId" />
                                      </RangeColumns>
                                      <RangeExpressions>
                                        <ScalarOperator ScalarString="[@local_InfraFailureTypeId]">
                                          <Identifier>
                                            <ColumnReference Column="@local_InfraFailureTypeId" />
                                          </Identifier>
                                        </ScalarOperator>
                                        <ScalarOperator ScalarString="[@local_TEUId]">
                                          <Identifier>
                                            <ColumnReference Column="@local_TEUId" />
                                          </Identifier>
                                        </ScalarOperator>
                                      </RangeExpressions>
                                    </Prefix>
                                  </SeekKeys>
                                </SeekPredicateNew>
                              </SeekPredicates>
                              <Predicate>
                                <ScalarOperator ScalarString="[OurLabReporting].[dbo].[Failure].[StatusId]&lt;[@local_ResolvedStatusId] OR [OurLabReporting].[dbo].[Failure].[StatusId]&gt;[@local_ResolvedStatusId]">
                                  <Logical Operation="OR">
                                    <ScalarOperator>
                                      <Compare CompareOp="LT">
                                        <ScalarOperator>
                                          <Identifier>
                                            <ColumnReference Database="[OurLabReporting]" Schema="[dbo]" Table="[Failure]" Column="StatusId" />
                                          </Identifier>
                                        </ScalarOperator>
                                        <ScalarOperator>
                                          <Identifier>
                                            <ColumnReference Column="@local_ResolvedStatusId" />
                                          </Identifier>
                                        </ScalarOperator>
                                      </Compare>
                                    </ScalarOperator>
                                    <ScalarOperator>
                                      <Compare CompareOp="GT">
                                        <ScalarOperator>
                                          <Identifier>
                                            <ColumnReference Database="[OurLabReporting]" Schema="[dbo]" Table="[Failure]" Column="StatusId" />
                                          </Identifier>
                                        </ScalarOperator>
                                        <ScalarOperator>
                                          <Identifier>
                                            <ColumnReference Column="@local_ResolvedStatusId" />
                                          </Identifier>
                                        </ScalarOperator>
                                      </Compare>
                                    </ScalarOperator>
                                  </Logical>
                                </ScalarOperator>
                              </Predicate>
                            </IndexScan>
                          </RelOp>
                        </StreamAggregate>
                      </RelOp>
                    </ComputeScalar>
                  </RelOp>
                </QueryPlan>
              </StmtSimple>
              <StmtSimple StatementText="&#x9;SELECT @local_TotalInfraFailureCount = COUNT(1)&#xD;&#xA;&#x9;&#x9;FROM dbo.Failure WITH (NOLOCK)&#xD;&#xA;&#x9;&#x9;WHERE dbo.Failure.TEUId = @local_TEUId&#xD;&#xA;&#x9;&#x9;&#x9;AND dbo.Failure.FailureTypeId = @local_InfraFailureTypeId&#xD;&#xA;" StatementId="95" StatementCompId="113" StatementType="SELECT" RetrievedFromCache="true" StatementSubTreeCost="0.00501725" StatementEstRows="1" StatementOptmLevel="TRIVIAL" QueryHash="0xD6CC840A57F09C38" QueryPlanHash="0x8E14A8DDC4DD7290">
                <StatementSetOptions QUOTED_IDENTIFIER="true" ARITHABORT="true" CONCAT_NULL_YIELDS_NULL="true" ANSI_NULLS="true" ANSI_PADDING="true" ANSI_WARNINGS="true" NUMERIC_ROUNDABORT="false" />
                <QueryPlan NonParallelPlanReason="MaxDOPSetToOne" CachedPlanSize="16" CompileTime="1" CompileCPU="1" CompileMemory="1768">
                  <MemoryGrantInfo SerialRequiredMemory="0" SerialDesiredMemory="0" />
                  <OptimizerHardwareDependentProperties EstimatedAvailableMemoryGrant="193313" EstimatedPagesCached="773254" EstimatedAvailableDegreeOfParallelism="1" />
                  <RelOp NodeId="0" PhysicalOp="Compute Scalar" LogicalOp="Compute Scalar" EstimateRows="1" EstimateIO="0" EstimateCPU="0.000225511" AvgRowSize="11" EstimatedTotalSubtreeCost="0.00501725" Parallel="0" EstimateRebinds="0" EstimateRewinds="0" EstimatedExecutionMode="Row">
                    <OutputList>
                      <ColumnReference Column="Expr1003" />
                    </OutputList>
                    <ComputeScalar>
                      <DefinedValues>
                        <DefinedValue>
                          <ColumnReference Column="Expr1003" />
                          <ScalarOperator ScalarString="CONVERT_IMPLICIT(int,[Expr1004],0)">
                            <Convert DataType="int" Style="0" Implicit="1">
                              <ScalarOperator>
                                <Identifier>
                                  <ColumnReference Column="Expr1004" />
                                </Identifier>
                              </ScalarOperator>
                            </Convert>
                          </ScalarOperator>
                        </DefinedValue>
                      </DefinedValues>
                      <RelOp NodeId="1" PhysicalOp="Stream Aggregate" LogicalOp="Aggregate" EstimateRows="1" EstimateIO="0" EstimateCPU="0.000225511" AvgRowSize="11" EstimatedTotalSubtreeCost="0.00501725" Parallel="0" EstimateRebinds="0" EstimateRewinds="0" EstimatedExecutionMode="Row">
                        <OutputList>
                          <ColumnReference Column="Expr1004" />
                        </OutputList>
                        <StreamAggregate>
                          <DefinedValues>
                            <DefinedValue>
                              <ColumnReference Column="Expr1004" />
                              <ScalarOperator ScalarString="Count(*)">
                                <Aggregate AggType="countstar" Distinct="0" />
                              </ScalarOperator>
                            </DefinedValue>
                          </DefinedValues>
                          <RelOp NodeId="2" PhysicalOp="Index Seek" LogicalOp="Index Seek" EstimateRows="375.018" EstimateIO="0.00422222" EstimateCPU="0.00056952" AvgRowSize="9" EstimatedTotalSubtreeCost="0.00479174" TableCardinality="3.38966e+007" Parallel="0" EstimateRebinds="0" EstimateRewinds="0" EstimatedExecutionMode="Row">
                            <OutputList />
                            <IndexScan Ordered="1" ScanDirection="FORWARD" ForcedIndex="0" ForceSeek="0" ForceScan="0" NoExpandHint="0" Storage="RowStore">
                              <DefinedValues />
                              <Object Database="[OurLabReporting]" Schema="[dbo]" Table="[Failure]" Index="[Failure_IDX_FailureType]" IndexKind="NonClustered" />
                              <SeekPredicates>
                                <SeekPredicateNew>
                                  <SeekKeys>
                                    <Prefix ScanType="EQ">
                                      <RangeColumns>
                                        <ColumnReference Database="[OurLabReporting]" Schema="[dbo]" Table="[Failure]" Column="FailureTypeId" />
                                        <ColumnReference Database="[OurLabReporting]" Schema="[dbo]" Table="[Failure]" Column="TEUId" />
                                      </RangeColumns>
                                      <RangeExpressions>
                                        <ScalarOperator ScalarString="[@local_InfraFailureTypeId]">
                                          <Identifier>
                                            <ColumnReference Column="@local_InfraFailureTypeId" />
                                          </Identifier>
                                        </ScalarOperator>
                                        <ScalarOperator ScalarString="[@local_TEUId]">
                                          <Identifier>
                                            <ColumnReference Column="@local_TEUId" />
                                          </Identifier>
                                        </ScalarOperator>
                                      </RangeExpressions>
                                    </Prefix>
                                  </SeekKeys>
                                </SeekPredicateNew>
                              </SeekPredicates>
                            </IndexScan>
                          </RelOp>
                        </StreamAggregate>
                      </RelOp>
                    </ComputeScalar>
                  </RelOp>
                </QueryPlan>
              </StmtSimple>
            </Statements>
          </Then>
        </StmtCond>
        <StmtSimple StatementText="&#x9;END&#xD;&#xA;&#xD;&#xA;&#x9;--select all the variables&#xD;&#xA;&#x9;SELECT @local_ScheduleName AS ScheduleName&#xD;&#xA;&#x9;&#x9;,@local_ScheduleId AS ScheduleId&#xD;&#xA;&#x9;&#x9;,@local_MixId AS MixId&#xD;&#xA;&#x9;&#x9;,@local_ScheduleStartDate AS ScheduleStartDate&#xD;&#xA;&#x9;&#x9;,@local_ScheduleEndDate AS ScheduleEndDate&#xD;&#xA;&#x9;&#x9;,@local_ScheduleStatus AS ScheduleStatus&#xD;&#xA;&#x9;&#x9;,@local_FullBuildNumber AS FullBuildNumber&#xD;&#xA;&#x9;&#x9;,@local_BuildVersionId AS BuildVersionId&#xD;&#xA;&#x9;&#x9;,@local_Branch AS Branch&#xD;&#xA;&#x9;&#x9;,@local_SKU AS SKU&#xD;&#xA;&#x9;&#x9;,@local_Flavor AS Flavor&#xD;&#xA;&#x9;&#x9;,@local_Language AS LANGUAGE&#xD;&#xA;&#x9;&#x9;,@local_ScheduleRLD AS ScheduleRLD&#xD;&#xA;&#x9;&#x9;,@local_TEDName AS TEDName&#xD;&#xA;&#x9;&#x9;,@local_ResolvedTEDName AS ResolvedTEDName&#xD;&#xA;&#x9;&#x9;,@local_ResolvedTEDId AS ResolvedTEDId&#xD;&#xA;&#x9;&#x9;,@local_PrimaryRoleName AS PrimaryRoleName&#xD;&#xA;&#x9;&#x9;,@local_PrimaryRoleId AS PrimaryRoleId&#xD;&#xA;&#x9;&#x9;,@local_TEDExecutionLink AS TEDExecutionLink&#xD;&#xA;&#x9;&#x9;,@local_MachineSetExecutionLink AS MachineSetExecutionLink&#xD;&#xA;&#x9;&#x9;,@local_ResultLink AS ResultLink&#xD;&#xA;&#x9;&#x9;,@local_TEUId AS TEUId&#xD;&#xA;&#x9;&#x9;,@local_TEUName AS TEUName&#xD;&#xA;&#x9;&#x9;,@local_TEUOwner AS TEUOwner&#xD;&#xA;&#x9;&#x9;,@local_TEUStatus AS TEUStatus&#xD;&#xA;&#x9;&#x9;,@local_TEULogDirectory AS TEULogDirectory&#xD;&#xA;&#x9;&#x9;,@local_FeaturePath AS FeaturePath&#xD;&#xA;&#x9;&#x9;,@local_FeaturePathId AS FeaturePathId&#xD;&#xA;&#x9;&#x9;,@local_TestCasePath AS TestCasePath&#xD;&#xA;&#x9;&#x9;,@local_TestCaseResultId AS TestCaseResultId&#xD;&#xA;&#x9;&#x9;,@local_TestCaseOwner AS TestCaseOwner&#xD;&#xA;&#x9;&#x9;,@local_TestCaseLogFile AS TestCaseLogFile&#xD;&#xA;&#x9;&#x9;,@local_TotalTEUs AS TotalTEUs&#xD;&#xA;&#x9;&#x9;,@local_CompletedTEUs AS CompletedTEUs&#xD;&#xA;&#x9;&#x9;,@local_FailedTEUs AS FailedTEUs&#xD;&#xA;&#x9;&#x9;,@local_NotScheduledTEUs AS NotScheduledTEUs&#xD;&#xA;&#x9;&#x9;,@local_TestCaseResultId AS TestCaseResultId&#xD;&#xA;&#x9;&#x9;,@local_TotalTCCount AS TotalTCCount&#xD;&#xA;&#x9;&#x9;,@local_PassedTCCount AS PassedTCCount&#xD;&#xA;&#x9;&#x9;,@local_FailedTCCount AS FailedTCCount&#xD;&#xA;&#x9;&#x9;,@local_WarnedTCCount AS WarnedCount&#xD;&#xA;&#x9;&#x9;,@local_BlockedTCCount AS BlockedCount&#xD;&#xA;&#x9;&#x9;,@local_SkippedTCCount AS SkippedCount&#xD;&#xA;&#x9;&#x9;,@local_FailureId AS FailureId&#xD;&#xA;&#x9;&#x9;,@local_CustomUnc AS CustomUnc&#xD;&#xA;&#x9;&#x9;,@local_CustomUrl AS CustomUrl&#xD;&#xA;&#x9;&#x9;,@local_Area AS Area&#xD;&#xA;&#x9;&#x9;,@local_SubArea AS SubArea&#xD;&#xA;&#x9;&#x9;,@local_LoggedAt AS LoggedAt&#xD;&#xA;&#x9;&#x9;,@local_ResolvedTEDStartTime AS ResolvedTEDStartTime&#xD;&#xA;&#x9;&#x9;,@local_ResolvedTEDEndTime AS ResolvedTEDEndTime&#xD;&#xA;&#x9;&#x9;,@local_ResolvedTEDStatus AS ResolvedTEDStatus&#xD;&#xA;&#x9;&#x9;,@local_TEUHasUploaded AS TEUHasUploaded&#xD;&#xA;&#x9;&#x9;,@local_TEUHasExecutionFailures AS TEUHasExecutionFailures&#xD;&#xA;&#x9;&#x9;,@local_ActiveNonInfraFailureCount AS ActiveNonInfraFailureCount&#xD;&#xA;&#x9;&#x9;,@local_TotalNonInfraFailureCount AS TotalNonInfraFailureCount&#xD;&#xA;&#x9;&#x9;,@local_ActiveInfraFailureCount AS ActiveInfraFailureCount&#xD;&#xA;&#x9;&#x9;,@local_TotalInfraFailureCount AS TotalInfraFailureCount&#xD;&#xA;&#x9;&#x9;,@local_EffectivePackageName AS EffectivePackageName&#xD;&#xA;&#x9;&#x9;,@local_EffectiveContextName AS EffectiveContextName&#xD;&#xA;&#x9;&#x9;,@local_MixStartDate AS MixStartDate&#xD;&#xA;&#x9;&#x9;,@local_MixEndDate AS MixEndDate&#xD;&#xA;&#x9;&#x9;,@local_MixStatus AS MixStatus&#xD;&#xA;&#x9;&#x9;,@local_AdditionalInfo AS AdditionalInfo&#xD;&#xA;&#x9;&#x9;,@local_ScheduleComments AS ScheduleComments&#xD;&#xA;&#x9;&#x9;,@local_MixComments AS MixComments&#xD;&#xA;&#x9;&#x9;,@local_EnvComments AS EnvComments&#xD;&#xA;&#x9;&#x9;,@local_TestpassList AS TestpassList&#xD;&#xA;&#x9;&#x9;,@local_ModifierList AS ModifierList&#xD;&#xA;&#x9;&#x9;,@local_BuildRange AS BuildList&#xD;&#xA;&#x9;&#x9;,@local_BuildListTooltip AS BuildListTooltip&#xD;&#xA;&#x9;&#x9;,@local_ScheduleIsRerun AS ScheduleIsRerun&#xD;&#xA;&#x9;&#x9;,@local_ScheduleIsRerunning AS ScheduleIsRerunning&#xD;&#xA;&#x9;&#x9;,@local_TEUIsRerun AS TEUIsRerun&#xD;&#xA;&#x9;&#x9;,@local_TEUIsRerunning AS TEUIsRerunning&#xD;&#xA;&#x9;&#x9;,@local_TestpassIsRerun AS TestpassIsRerun&#xD;&#xA;&#x9;&#x9;,@local_TestpassIsRerunning AS TestpassIsRerunning&#xD;&#xA;&#x9;&#x9;,@local_TestpassIsContainsReruns AS TestpassContainsReruns&#xD;&#xA;&#x9;&#x9;,@local_TestpassIsRerunEnabled AS TestpassIsRerunEnabled&#xD;&#xA;&#x9;&#x9;,@local_TEUIsPrimary AS TEUIsPrimary&#xD;" StatementId="96" StatementCompId="115" StatementType="SELECT WITHOUT QUERY" RetrievedFromCache="true" />
      </Statements>
    </Batch>
  </BatchSequence>
</ShowPlanXML>