<?xml version="1.0" encoding="utf-8"?>
<ShowPlanXML xmlns="http://schemas.microsoft.com/sqlserver/2004/07/showplan" Version="1.2" Build="11.0.3412.0">
  <BatchSequence>
    <Batch>
      <Statements>
        <StmtSimple StatementText="(@Product nvarchar(9),@Branch nvarchar(7),@Build nvarchar(33),@SectionEntryXml xml)--Uncomment these lines for debugging/testing&#xD;&#xA;--DECLARE @Product nvarchar(50) = N'Blue'&#xD;&#xA;--DECLARE @SectionEntryXml xml = N'&#xD;&#xA;--&lt;SectionEntries&gt;&#xD;&#xA;--  &lt;SectionEntry SectionId=&quot;36&quot; SectionEntryId=&quot;60&quot; SectionEntryName=&quot;MTBF MIN HyperV x86FRE QPS-PLOC GSM 768x1280&quot; Branch=&quot;WPMAIN&quot; Build=&quot;WPMAIN.9391.12081.20130506-1315&quot; TestPassName=&quot;Stress Longhaul Free Roam Phi ARMFRE QPS-PLOC GSM 768x1280&quot; DeviceType=&quot;HyperV&quot; /&gt;&#xD;&#xA;--&lt;/SectionEntries&gt;'&#xD;&#xA;&#xD;&#xA;DECLARE @SectionEntries table (&#xD;&#xA;    SortOrder int IDENTITY(1, 1),&#xD;&#xA;    SectionId int NOT NULL,&#xD;&#xA;    SectionEntryId int NOT NULL,&#xD;&#xA;    SectionEntryName nvarchar(255),&#xD;&#xA;    Branch nvarchar(100),&#xD;&#xA;    Build nvarchar(256),&#xD;&#xA;    TellusBuild nvarchar(256),&#xD;&#xA;    TestPassName nvarchar(500)&#xD;&#xA;)&#xD;&#xA;&#xD;&#xA;--Extract section entry data from XML into a table variable&#xD;&#xA;INSERT INTO @SectionEntries&#xD;&#xA;SELECT&#xD;&#xA;    [Entry].value('@SectionId', 'int'),&#xD;&#xA;    [Entry].value('@SectionEntryId', 'int'),&#xD;&#xA;    [Entry].value('@SectionEntryName', 'nvarchar(255)'),&#xD;&#xA;    [Entry].value('@Branch', 'nvarchar(100)'),&#xD;&#xA;    [Entry].value('@Build', 'nvarchar(256)'),&#xD;&#xA;    N'' AS TellusBuild,&#xD;&#xA;    [Entry].value('@TestPassName', 'nvarchar(500)')&#xD;&#xA;FROM @SectionEntryXml.nodes('//SectionEntry') AS Entries([Entry])&#xD;&#xA;OPTION (OPTIMIZE FOR (@SectionEntryXml = NULL))&#xD;&#xA;&#xD;" StatementId="1" StatementCompId="2" StatementType="INSERT" RetrievedFromCache="true" StatementSubTreeCost="7.01634" StatementEstRows="1" StatementOptmLevel="FULL" QueryHash="0x21BC22E85B8D0106" QueryPlanHash="0x5C4E97AC07F15884">
          <StatementSetOptions QUOTED_IDENTIFIER="true" ARITHABORT="true" CONCAT_NULL_YIELDS_NULL="true" ANSI_NULLS="true" ANSI_PADDING="true" ANSI_WARNINGS="true" NUMERIC_ROUNDABORT="false" />
          <QueryPlan NonParallelPlanReason="MaxDOPSetToOne" CachedPlanSize="128" CompileTime="29" CompileCPU="13" CompileMemory="2440">
            <MemoryGrantInfo SerialRequiredMemory="0" SerialDesiredMemory="0" />
            <OptimizerHardwareDependentProperties EstimatedAvailableMemoryGrant="193313" EstimatedPagesCached="773254" EstimatedAvailableDegreeOfParallelism="1" />
            <RelOp NodeId="0" PhysicalOp="Table Insert" LogicalOp="Insert" EstimateRows="1" EstimateIO="0.01" EstimateCPU="1e-006" AvgRowSize="9" EstimatedTotalSubtreeCost="7.01634" Parallel="0" EstimateRebinds="0" EstimateRewinds="0" EstimatedExecutionMode="Row">
              <OutputList />
              <Update DMLRequestSort="0">
                <Object Table="[@SectionEntries]" />
                <SetPredicate>
                  <ScalarOperator ScalarString="[SectionId] = RaiseIfNullInsert([Expr1013]),[SectionEntryId] = RaiseIfNullInsert([Expr1018]),[SectionEntryName] = [Expr1023],[Branch] = [Expr1028],[Build] = [Expr1033],[TellusBuild] = [Expr1034],[TestPassName] = [Expr1039],[SortOrder] = [Expr1008]">
                    <ScalarExpressionList>
                      <ScalarOperator>
                        <MultipleAssign>
                          <Assign>
                            <ColumnReference Column="SectionId" />
                            <ScalarOperator>
                              <Intrinsic FunctionName="RaiseIfNullInsert">
                                <ScalarOperator>
                                  <Identifier>
                                    <ColumnReference Column="Expr1013" />
                                  </Identifier>
                                </ScalarOperator>
                              </Intrinsic>
                            </ScalarOperator>
                          </Assign>
                          <Assign>
                            <ColumnReference Column="SectionEntryId" />
                            <ScalarOperator>
                              <Intrinsic FunctionName="RaiseIfNullInsert">
                                <ScalarOperator>
                                  <Identifier>
                                    <ColumnReference Column="Expr1018" />
                                  </Identifier>
                                </ScalarOperator>
                              </Intrinsic>
                            </ScalarOperator>
                          </Assign>
                          <Assign>
                            <ColumnReference Column="SectionEntryName" />
                            <ScalarOperator>
                              <Identifier>
                                <ColumnReference Column="Expr1023" />
                              </Identifier>
                            </ScalarOperator>
                          </Assign>
                          <Assign>
                            <ColumnReference Column="Branch" />
                            <ScalarOperator>
                              <Identifier>
                                <ColumnReference Column="Expr1028" />
                              </Identifier>
                            </ScalarOperator>
                          </Assign>
                          <Assign>
                            <ColumnReference Column="Build" />
                            <ScalarOperator>
                              <Identifier>
                                <ColumnReference Column="Expr1033" />
                              </Identifier>
                            </ScalarOperator>
                          </Assign>
                          <Assign>
                            <ColumnReference Column="TellusBuild" />
                            <ScalarOperator>
                              <Identifier>
                                <ColumnReference Column="Expr1034" />
                              </Identifier>
                            </ScalarOperator>
                          </Assign>
                          <Assign>
                            <ColumnReference Column="TestPassName" />
                            <ScalarOperator>
                              <Identifier>
                                <ColumnReference Column="Expr1039" />
                              </Identifier>
                            </ScalarOperator>
                          </Assign>
                          <Assign>
                            <ColumnReference Column="SortOrder" />
                            <ScalarOperator>
                              <Identifier>
                                <ColumnReference Column="Expr1008" />
                              </Identifier>
                            </ScalarOperator>
                          </Assign>
                        </MultipleAssign>
                      </ScalarOperator>
                    </ScalarExpressionList>
                  </ScalarOperator>
                </SetPredicate>
                <RelOp NodeId="1" PhysicalOp="Compute Scalar" LogicalOp="Compute Scalar" EstimateRows="1" EstimateIO="0" EstimateCPU="1e-007" AvgRowSize="1398" EstimatedTotalSubtreeCost="7.00634" Parallel="0" EstimateRebinds="0" EstimateRewinds="0" EstimatedExecutionMode="Row">
                  <OutputList>
                    <ColumnReference Column="Expr1008" />
                    <ColumnReference Column="Expr1013" />
                    <ColumnReference Column="Expr1018" />
                    <ColumnReference Column="Expr1023" />
                    <ColumnReference Column="Expr1028" />
                    <ColumnReference Column="Expr1033" />
                    <ColumnReference Column="Expr1034" />
                    <ColumnReference Column="Expr1039" />
                  </OutputList>
                  <ComputeScalar>
                    <DefinedValues>
                      <DefinedValue>
                        <ColumnReference Column="Expr1013" />
                        <ScalarOperator ScalarString="[Expr1012]">
                          <Identifier>
                            <ColumnReference Column="Expr1012" />
                          </Identifier>
                        </ScalarOperator>
                      </DefinedValue>
                      <DefinedValue>
                        <ColumnReference Column="Expr1018" />
                        <ScalarOperator ScalarString="[Expr1017]">
                          <Identifier>
                            <ColumnReference Column="Expr1017" />
                          </Identifier>
                        </ScalarOperator>
                      </DefinedValue>
                      <DefinedValue>
                        <ColumnReference Column="Expr1023" />
                        <ScalarOperator ScalarString="[Expr1022]">
                          <Identifier>
                            <ColumnReference Column="Expr1022" />
                          </Identifier>
                        </ScalarOperator>
                      </DefinedValue>
                      <DefinedValue>
                        <ColumnReference Column="Expr1028" />
                        <ScalarOperator ScalarString="[Expr1027]">
                          <Identifier>
                            <ColumnReference Column="Expr1027" />
                          </Identifier>
                        </ScalarOperator>
                      </DefinedValue>
                      <DefinedValue>
                        <ColumnReference Column="Expr1033" />
                        <ScalarOperator ScalarString="[Expr1032]">
                          <Identifier>
                            <ColumnReference Column="Expr1032" />
                          </Identifier>
                        </ScalarOperator>
                      </DefinedValue>
                      <DefinedValue>
                        <ColumnReference Column="Expr1034" />
                        <ScalarOperator ScalarString="N''">
                          <Const ConstValue="N''" />
                        </ScalarOperator>
                      </DefinedValue>
                      <DefinedValue>
                        <ColumnReference Column="Expr1039" />
                        <ScalarOperator ScalarString="[Expr1038]">
                          <Identifier>
                            <ColumnReference Column="Expr1038" />
                          </Identifier>
                        </ScalarOperator>
                      </DefinedValue>
                    </DefinedValues>
                    <RelOp NodeId="2" PhysicalOp="Nested Loops" LogicalOp="Inner Join" EstimateRows="1" EstimateIO="0" EstimateCPU="4.18e-006" AvgRowSize="1140" EstimatedTotalSubtreeCost="7.00634" Parallel="0" EstimateRebinds="0" EstimateRewinds="0" EstimatedExecutionMode="Row">
                      <OutputList>
                        <ColumnReference Column="Expr1008" />
                        <ColumnReference Column="Expr1012" />
                        <ColumnReference Column="Expr1017" />
                        <ColumnReference Column="Expr1022" />
                        <ColumnReference Column="Expr1027" />
                        <ColumnReference Column="Expr1032" />
                        <ColumnReference Column="Expr1038" />
                      </OutputList>
                      <NestedLoops Optimized="0">
                        <OuterReferences>
                          <ColumnReference Table="[XML Reader with XPath filter]" Column="id" />
                        </OuterReferences>
                        <RelOp NodeId="3" PhysicalOp="Nested Loops" LogicalOp="Inner Join" EstimateRows="1" EstimateIO="0" EstimateCPU="4.18e-006" AvgRowSize="646" EstimatedTotalSubtreeCost="6.00596" Parallel="0" EstimateRebinds="0" EstimateRewinds="0" EstimatedExecutionMode="Row">
                          <OutputList>
                            <ColumnReference Table="[XML Reader with XPath filter]" Column="id" />
                            <ColumnReference Column="Expr1008" />
                            <ColumnReference Column="Expr1012" />
                            <ColumnReference Column="Expr1017" />
                            <ColumnReference Column="Expr1022" />
                            <ColumnReference Column="Expr1027" />
                            <ColumnReference Column="Expr1032" />
                          </OutputList>
                          <NestedLoops Optimized="0">
                            <OuterReferences>
                              <ColumnReference Table="[XML Reader with XPath filter]" Column="id" />
                            </OuterReferences>
                            <RelOp NodeId="4" PhysicalOp="Nested Loops" LogicalOp="Inner Join" EstimateRows="1" EstimateIO="0" EstimateCPU="4.18e-006" AvgRowSize="388" EstimatedTotalSubtreeCost="5.00558" Parallel="0" EstimateRebinds="0" EstimateRewinds="0" EstimatedExecutionMode="Row">
                              <OutputList>
                                <ColumnReference Table="[XML Reader with XPath filter]" Column="id" />
                                <ColumnReference Column="Expr1008" />
                                <ColumnReference Column="Expr1012" />
                                <ColumnReference Column="Expr1017" />
                                <ColumnReference Column="Expr1022" />
                                <ColumnReference Column="Expr1027" />
                              </OutputList>
                              <NestedLoops Optimized="0">
                                <OuterReferences>
                                  <ColumnReference Table="[XML Reader with XPath filter]" Column="id" />
                                </OuterReferences>
                                <RelOp NodeId="5" PhysicalOp="Nested Loops" LogicalOp="Inner Join" EstimateRows="1" EstimateIO="0" EstimateCPU="4.18e-006" AvgRowSize="286" EstimatedTotalSubtreeCost="4.0052" Parallel="0" EstimateRebinds="0" EstimateRewinds="0" EstimatedExecutionMode="Row">
                                  <OutputList>
                                    <ColumnReference Table="[XML Reader with XPath filter]" Column="id" />
                                    <ColumnReference Column="Expr1008" />
                                    <ColumnReference Column="Expr1012" />
                                    <ColumnReference Column="Expr1017" />
                                    <ColumnReference Column="Expr1022" />
                                  </OutputList>
                                  <NestedLoops Optimized="0">
                                    <OuterReferences>
                                      <ColumnReference Table="[XML Reader with XPath filter]" Column="id" />
                                    </OuterReferences>
                                    <RelOp NodeId="6" PhysicalOp="Nested Loops" LogicalOp="Inner Join" EstimateRows="1" EstimateIO="0" EstimateCPU="4.18e-006" AvgRowSize="29" EstimatedTotalSubtreeCost="3.00482" Parallel="0" EstimateRebinds="0" EstimateRewinds="0" EstimatedExecutionMode="Row">
                                      <OutputList>
                                        <ColumnReference Table="[XML Reader with XPath filter]" Column="id" />
                                        <ColumnReference Column="Expr1008" />
                                        <ColumnReference Column="Expr1012" />
                                        <ColumnReference Column="Expr1017" />
                                      </OutputList>
                                      <NestedLoops Optimized="0">
                                        <OuterReferences>
                                          <ColumnReference Table="[XML Reader with XPath filter]" Column="id" />
                                        </OuterReferences>
                                        <RelOp NodeId="7" PhysicalOp="Nested Loops" LogicalOp="Inner Join" EstimateRows="1" EstimateIO="0" EstimateCPU="4.18e-006" AvgRowSize="25" EstimatedTotalSubtreeCost="2.00444" Parallel="0" EstimateRebinds="0" EstimateRewinds="0" EstimatedExecutionMode="Row">
                                          <OutputList>
                                            <ColumnReference Table="[XML Reader with XPath filter]" Column="id" />
                                            <ColumnReference Column="Expr1008" />
                                            <ColumnReference Column="Expr1012" />
                                          </OutputList>
                                          <NestedLoops Optimized="0">
                                            <OuterReferences>
                                              <ColumnReference Table="[XML Reader with XPath filter]" Column="id" />
                                            </OuterReferences>
                                            <RelOp NodeId="8" PhysicalOp="Compute Scalar" LogicalOp="Compute Scalar" EstimateRows="1" EstimateIO="0" EstimateCPU="1e-007" AvgRowSize="21" EstimatedTotalSubtreeCost="1.00406" Parallel="0" EstimateRebinds="0" EstimateRewinds="0" EstimatedExecutionMode="Row">
                                              <OutputList>
                                                <ColumnReference Table="[XML Reader with XPath filter]" Column="id" />
                                                <ColumnReference Column="Expr1008" />
                                              </OutputList>
                                              <ComputeScalar ComputeSequence="1">
                                                <DefinedValues>
                                                  <DefinedValue>
                                                    <ColumnReference Column="Expr1008" />
                                                    <ScalarOperator ScalarString="getidentity((-1367244364),(2),N'@SectionEntries')">
                                                      <Intrinsic FunctionName="getidentity">
                                                        <ScalarOperator>
                                                          <Const ConstValue="(-1367244364)" />
                                                        </ScalarOperator>
                                                        <ScalarOperator>
                                                          <Const ConstValue="(2)" />
                                                        </ScalarOperator>
                                                        <ScalarOperator>
                                                          <Const ConstValue="N'@SectionEntries'" />
                                                        </ScalarOperator>
                                                      </Intrinsic>
                                                    </ScalarOperator>
                                                  </DefinedValue>
                                                </DefinedValues>
                                                <RelOp NodeId="9" PhysicalOp="Filter" LogicalOp="Filter" EstimateRows="1" EstimateIO="0" EstimateCPU="5.6e-005" AvgRowSize="17" EstimatedTotalSubtreeCost="1.00406" Parallel="0" EstimateRebinds="0" EstimateRewinds="0" EstimatedExecutionMode="Row">
                                                  <OutputList>
                                                    <ColumnReference Table="[XML Reader with XPath filter]" Column="id" />
                                                  </OutputList>
                                                  <Filter StartupExpression="1">
                                                    <RelOp NodeId="10" PhysicalOp="Table-valued function" LogicalOp="Table-valued function" EstimateRows="200" EstimateIO="0" EstimateCPU="1.004" AvgRowSize="17" EstimatedTotalSubtreeCost="1.004" Parallel="0" EstimateRebinds="0" EstimateRewinds="0" EstimatedExecutionMode="Row">
                                                      <OutputList>
                                                        <ColumnReference Table="[XML Reader with XPath filter]" Column="id" />
                                                      </OutputList>
                                                      <TableValuedFunction>
                                                        <DefinedValues>
                                                          <DefinedValue>
                                                            <ColumnReference Table="[XML Reader with XPath filter]" Column="id" />
                                                          </DefinedValue>
                                                        </DefinedValues>
                                                        <Object Table="[XML Reader with XPath filter]" />
                                                        <ParameterList>
                                                          <ScalarOperator ScalarString="[@SectionEntryXml]">
                                                            <Identifier>
                                                              <ColumnReference Column="@SectionEntryXml" />
                                                            </Identifier>
                                                          </ScalarOperator>
                                                          <ScalarOperator ScalarString="(0)">
                                                            <Const ConstValue="(0)" />
                                                          </ScalarOperator>
                                                          <ScalarOperator ScalarString="NULL">
                                                            <Const ConstValue="NULL" />
                                                          </ScalarOperator>
                                                          <ScalarOperator ScalarString="NULL">
                                                            <Const ConstValue="NULL" />
                                                          </ScalarOperator>
                                                        </ParameterList>
                                                      </TableValuedFunction>
                                                    </RelOp>
                                                    <Predicate>
                                                      <ScalarOperator ScalarString="[@SectionEntryXml] IS NOT NULL">
                                                        <Identifier>
                                                          <ColumnReference Column="ConstExpr1040">
                                                            <ScalarOperator>
                                                              <Compare CompareOp="IS NOT">
                                                                <ScalarOperator>
                                                                  <Identifier>
                                                                    <ColumnReference Column="@SectionEntryXml" />
                                                                  </Identifier>
                                                                </ScalarOperator>
                                                                <ScalarOperator>
                                                                  <Const ConstValue="NULL" />
                                                                </ScalarOperator>
                                                              </Compare>
                                                            </ScalarOperator>
                                                          </ColumnReference>
                                                        </Identifier>
                                                      </ScalarOperator>
                                                    </Predicate>
                                                  </Filter>
                                                </RelOp>
                                              </ComputeScalar>
                                            </RelOp>
                                            <RelOp NodeId="19" PhysicalOp="Stream Aggregate" LogicalOp="Aggregate" EstimateRows="1" EstimateIO="0" EstimateCPU="3.37188e-006" AvgRowSize="11" EstimatedTotalSubtreeCost="1.00038" Parallel="0" EstimateRebinds="0" EstimateRewinds="0" EstimatedExecutionMode="Row">
                                              <OutputList>
                                                <ColumnReference Column="Expr1012" />
                                              </OutputList>
                                              <StreamAggregate>
                                                <DefinedValues>
                                                  <DefinedValue>
                                                    <ColumnReference Column="Expr1012" />
                                                    <ScalarOperator ScalarString="MIN(CASE WHEN [@SectionEntryXml] IS NULL THEN NULL ELSE CASE WHEN datalength(XML Reader with XPath filter.[value])&gt;=(128) THEN CONVERT_IMPLICIT(int,XML Reader with XPath filter.[lvalue],0) ELSE CONVERT_IMPLICIT(int,XML Reader with XPath filter.[value],0) END END)">
                                                      <Aggregate Distinct="0" AggType="MIN">
                                                        <ScalarOperator>
                                                          <IF>
                                                            <Condition>
                                                              <ScalarOperator>
                                                                <Compare CompareOp="IS">
                                                                  <ScalarOperator>
                                                                    <Identifier>
                                                                      <ColumnReference Column="@SectionEntryXml" />
                                                                    </Identifier>
                                                                  </ScalarOperator>
                                                                  <ScalarOperator>
                                                                    <Const ConstValue="NULL" />
                                                                  </ScalarOperator>
                                                                </Compare>
                                                              </ScalarOperator>
                                                            </Condition>
                                                            <Then>
                                                              <ScalarOperator>
                                                                <Const ConstValue="NULL" />
                                                              </ScalarOperator>
                                                            </Then>
                                                            <Else>
                                                              <ScalarOperator>
                                                                <IF>
                                                                  <Condition>
                                                                    <ScalarOperator>
                                                                      <Compare CompareOp="GE">
                                                                        <ScalarOperator>
                                                                          <Intrinsic FunctionName="datalength">
                                                                            <ScalarOperator>
                                                                              <Identifier>
                                                                                <ColumnReference Table="[XML Reader with XPath filter]" Column="value" />
                                                                              </Identifier>
                                                                            </ScalarOperator>
                                                                          </Intrinsic>
                                                                        </ScalarOperator>
                                                                        <ScalarOperator>
                                                                          <Const ConstValue="(128)" />
                                                                        </ScalarOperator>
                                                                      </Compare>
                                                                    </ScalarOperator>
                                                                  </Condition>
                                                                  <Then>
                                                                    <ScalarOperator>
                                                                      <Convert DataType="int" Style="0" Implicit="1">
                                                                        <ScalarOperator>
                                                                          <Identifier>
                                                                            <ColumnReference Table="[XML Reader with XPath filter]" Column="lvalue" />
                                                                          </Identifier>
                                                                        </ScalarOperator>
                                                                      </Convert>
                                                                    </ScalarOperator>
                                                                  </Then>
                                                                  <Else>
                                                                    <ScalarOperator>
                                                                      <Convert DataType="int" Style="0" Implicit="1">
                                                                        <ScalarOperator>
                                                                          <Identifier>
                                                                            <ColumnReference Table="[XML Reader with XPath filter]" Column="value" />
                                                                          </Identifier>
                                                                        </ScalarOperator>
                                                                      </Convert>
                                                                    </ScalarOperator>
                                                                  </Else>
                                                                </IF>
                                                              </ScalarOperator>
                                                            </Else>
                                                          </IF>
                                                        </ScalarOperator>
                                                      </Aggregate>
                                                    </ScalarOperator>
                                                  </DefinedValue>
                                                </DefinedValues>
                                                <RelOp NodeId="20" PhysicalOp="Filter" LogicalOp="Filter" EstimateRows="4.78647" EstimateIO="0" EstimateCPU="1.224e-005" AvgRowSize="4057" EstimatedTotalSubtreeCost="1.00037" Parallel="0" EstimateRebinds="0" EstimateRewinds="0" EstimatedExecutionMode="Row">
                                                  <OutputList>
                                                    <ColumnReference Table="[XML Reader with XPath filter]" Column="value" />
                                                    <ColumnReference Table="[XML Reader with XPath filter]" Column="lvalue" />
                                                  </OutputList>
                                                  <Filter StartupExpression="0">
                                                    <RelOp NodeId="21" PhysicalOp="Table-valued function" LogicalOp="Table-valued function" EstimateRows="18" EstimateIO="0" EstimateCPU="1.00036" AvgRowSize="4065" EstimatedTotalSubtreeCost="1.00036" Parallel="0" EstimateRebinds="0" EstimateRewinds="0" EstimatedExecutionMode="Row">
                                                      <OutputList>
                                                        <ColumnReference Table="[XML Reader with XPath filter]" Column="id" />
                                                        <ColumnReference Table="[XML Reader with XPath filter]" Column="value" />
                                                        <ColumnReference Table="[XML Reader with XPath filter]" Column="lvalue" />
                                                      </OutputList>
                                                      <TableValuedFunction>
                                                        <DefinedValues>
                                                          <DefinedValue>
                                                            <ColumnReference Table="[XML Reader with XPath filter]" Column="id" />
                                                          </DefinedValue>
                                                          <DefinedValue>
                                                            <ColumnReference Table="[XML Reader with XPath filter]" Column="value" />
                                                          </DefinedValue>
                                                          <DefinedValue>
                                                            <ColumnReference Table="[XML Reader with XPath filter]" Column="lvalue" />
                                                          </DefinedValue>
                                                        </DefinedValues>
                                                        <Object Table="[XML Reader with XPath filter]" />
                                                        <ParameterList>
                                                          <ScalarOperator ScalarString="[@SectionEntryXml]">
                                                            <Identifier>
                                                              <ColumnReference Column="@SectionEntryXml" />
                                                            </Identifier>
                                                          </ScalarOperator>
                                                          <ScalarOperator ScalarString="(7)">
                                                            <Const ConstValue="(7)" />
                                                          </ScalarOperator>
                                                          <ScalarOperator ScalarString="XML Reader with XPath filter.[id]">
                                                            <Identifier>
                                                              <ColumnReference Table="[XML Reader with XPath filter]" Column="id" />
                                                            </Identifier>
                                                          </ScalarOperator>
                                                          <ScalarOperator ScalarString="getdescendantlimit(XML Reader with XPath filter.[id])">
                                                            <Intrinsic FunctionName="getdescendantlimit">
                                                              <ScalarOperator>
                                                                <Identifier>
                                                                  <ColumnReference Table="[XML Reader with XPath filter]" Column="id" />
                                                                </Identifier>
                                                              </ScalarOperator>
                                                            </Intrinsic>
                                                          </ScalarOperator>
                                                        </ParameterList>
                                                      </TableValuedFunction>
                                                    </RelOp>
                                                    <Predicate>
                                                      <ScalarOperator ScalarString="XML Reader with XPath filter.[id]=getancestor(XML Reader with XPath filter.[id],(1))">
                                                        <Compare CompareOp="EQ">
                                                          <ScalarOperator>
                                                            <Identifier>
                                                              <ColumnReference Table="[XML Reader with XPath filter]" Column="id" />
                                                            </Identifier>
                                                          </ScalarOperator>
                                                          <ScalarOperator>
                                                            <Intrinsic FunctionName="getancestor">
                                                              <ScalarOperator>
                                                                <Identifier>
                                                                  <ColumnReference Table="[XML Reader with XPath filter]" Column="id" />
                                                                </Identifier>
                                                              </ScalarOperator>
                                                              <ScalarOperator>
                                                                <Const ConstValue="(1)" />
                                                              </ScalarOperator>
                                                            </Intrinsic>
                                                          </ScalarOperator>
                                                        </Compare>
                                                      </ScalarOperator>
                                                    </Predicate>
                                                  </Filter>
                                                </RelOp>
                                              </StreamAggregate>
                                            </RelOp>
                                          </NestedLoops>
                                        </RelOp>
                                        <RelOp NodeId="30" PhysicalOp="Stream Aggregate" LogicalOp="Aggregate" EstimateRows="1" EstimateIO="0" EstimateCPU="3.37188e-006" AvgRowSize="11" EstimatedTotalSubtreeCost="1.00038" Parallel="0" EstimateRebinds="0" EstimateRewinds="0" EstimatedExecutionMode="Row">
                                          <OutputList>
                                            <ColumnReference Column="Expr1017" />
                                          </OutputList>
                                          <StreamAggregate>
                                            <DefinedValues>
                                              <DefinedValue>
                                                <ColumnReference Column="Expr1017" />
                                                <ScalarOperator ScalarString="MIN(CASE WHEN [@SectionEntryXml] IS NULL THEN NULL ELSE CASE WHEN datalength(XML Reader with XPath filter.[value])&gt;=(128) THEN CONVERT_IMPLICIT(int,XML Reader with XPath filter.[lvalue],0) ELSE CONVERT_IMPLICIT(int,XML Reader with XPath filter.[value],0) END END)">
                                                  <Aggregate Distinct="0" AggType="MIN">
                                                    <ScalarOperator>
                                                      <IF>
                                                        <Condition>
                                                          <ScalarOperator>
                                                            <Compare CompareOp="IS">
                                                              <ScalarOperator>
                                                                <Identifier>
                                                                  <ColumnReference Column="@SectionEntryXml" />
                                                                </Identifier>
                                                              </ScalarOperator>
                                                              <ScalarOperator>
                                                                <Const ConstValue="NULL" />
                                                              </ScalarOperator>
                                                            </Compare>
                                                          </ScalarOperator>
                                                        </Condition>
                                                        <Then>
                                                          <ScalarOperator>
                                                            <Const ConstValue="NULL" />
                                                          </ScalarOperator>
                                                        </Then>
                                                        <Else>
                                                          <ScalarOperator>
                                                            <IF>
                                                              <Condition>
                                                                <ScalarOperator>
                                                                  <Compare CompareOp="GE">
                                                                    <ScalarOperator>
                                                                      <Intrinsic FunctionName="datalength">
                                                                        <ScalarOperator>
                                                                          <Identifier>
                                                                            <ColumnReference Table="[XML Reader with XPath filter]" Column="value" />
                                                                          </Identifier>
                                                                        </ScalarOperator>
                                                                      </Intrinsic>
                                                                    </ScalarOperator>
                                                                    <ScalarOperator>
                                                                      <Const ConstValue="(128)" />
                                                                    </ScalarOperator>
                                                                  </Compare>
                                                                </ScalarOperator>
                                                              </Condition>
                                                              <Then>
                                                                <ScalarOperator>
                                                                  <Convert DataType="int" Style="0" Implicit="1">
                                                                    <ScalarOperator>
                                                                      <Identifier>
                                                                        <ColumnReference Table="[XML Reader with XPath filter]" Column="lvalue" />
                                                                      </Identifier>
                                                                    </ScalarOperator>
                                                                  </Convert>
                                                                </ScalarOperator>
                                                              </Then>
                                                              <Else>
                                                                <ScalarOperator>
                                                                  <Convert DataType="int" Style="0" Implicit="1">
                                                                    <ScalarOperator>
                                                                      <Identifier>
                                                                        <ColumnReference Table="[XML Reader with XPath filter]" Column="value" />
                                                                      </Identifier>
                                                                    </ScalarOperator>
                                                                  </Convert>
                                                                </ScalarOperator>
                                                              </Else>
                                                            </IF>
                                                          </ScalarOperator>
                                                        </Else>
                                                      </IF>
                                                    </ScalarOperator>
                                                  </Aggregate>
                                                </ScalarOperator>
                                              </DefinedValue>
                                            </DefinedValues>
                                            <RelOp NodeId="31" PhysicalOp="Filter" LogicalOp="Filter" EstimateRows="4.78647" EstimateIO="0" EstimateCPU="1.224e-005" AvgRowSize="4057" EstimatedTotalSubtreeCost="1.00037" Parallel="0" EstimateRebinds="0" EstimateRewinds="0" EstimatedExecutionMode="Row">
                                              <OutputList>
                                                <ColumnReference Table="[XML Reader with XPath filter]" Column="value" />
                                                <ColumnReference Table="[XML Reader with XPath filter]" Column="lvalue" />
                                              </OutputList>
                                              <Filter StartupExpression="0">
                                                <RelOp NodeId="32" PhysicalOp="Table-valued function" LogicalOp="Table-valued function" EstimateRows="18" EstimateIO="0" EstimateCPU="1.00036" AvgRowSize="4065" EstimatedTotalSubtreeCost="1.00036" Parallel="0" EstimateRebinds="0" EstimateRewinds="0" EstimatedExecutionMode="Row">
                                                  <OutputList>
                                                    <ColumnReference Table="[XML Reader with XPath filter]" Column="id" />
                                                    <ColumnReference Table="[XML Reader with XPath filter]" Column="value" />
                                                    <ColumnReference Table="[XML Reader with XPath filter]" Column="lvalue" />
                                                  </OutputList>
                                                  <TableValuedFunction>
                                                    <DefinedValues>
                                                      <DefinedValue>
                                                        <ColumnReference Table="[XML Reader with XPath filter]" Column="id" />
                                                      </DefinedValue>
                                                      <DefinedValue>
                                                        <ColumnReference Table="[XML Reader with XPath filter]" Column="value" />
                                                      </DefinedValue>
                                                      <DefinedValue>
                                                        <ColumnReference Table="[XML Reader with XPath filter]" Column="lvalue" />
                                                      </DefinedValue>
                                                    </DefinedValues>
                                                    <Object Table="[XML Reader with XPath filter]" />
                                                    <ParameterList>
                                                      <ScalarOperator ScalarString="[@SectionEntryXml]">
                                                        <Identifier>
                                                          <ColumnReference Column="@SectionEntryXml" />
                                                        </Identifier>
                                                      </ScalarOperator>
                                                      <ScalarOperator ScalarString="(7)">
                                                        <Const ConstValue="(7)" />
                                                      </ScalarOperator>
                                                      <ScalarOperator ScalarString="XML Reader with XPath filter.[id]">
                                                        <Identifier>
                                                          <ColumnReference Table="[XML Reader with XPath filter]" Column="id" />
                                                        </Identifier>
                                                      </ScalarOperator>
                                                      <ScalarOperator ScalarString="getdescendantlimit(XML Reader with XPath filter.[id])">
                                                        <Intrinsic FunctionName="getdescendantlimit">
                                                          <ScalarOperator>
                                                            <Identifier>
                                                              <ColumnReference Table="[XML Reader with XPath filter]" Column="id" />
                                                            </Identifier>
                                                          </ScalarOperator>
                                                        </Intrinsic>
                                                      </ScalarOperator>
                                                    </ParameterList>
                                                  </TableValuedFunction>
                                                </RelOp>
                                                <Predicate>
                                                  <ScalarOperator ScalarString="XML Reader with XPath filter.[id]=getancestor(XML Reader with XPath filter.[id],(1))">
                                                    <Compare CompareOp="EQ">
                                                      <ScalarOperator>
                                                        <Identifier>
                                                          <ColumnReference Table="[XML Reader with XPath filter]" Column="id" />
                                                        </Identifier>
                                                      </ScalarOperator>
                                                      <ScalarOperator>
                                                        <Intrinsic FunctionName="getancestor">
                                                          <ScalarOperator>
                                                            <Identifier>
                                                              <ColumnReference Table="[XML Reader with XPath filter]" Column="id" />
                                                            </Identifier>
                                                          </ScalarOperator>
                                                          <ScalarOperator>
                                                            <Const ConstValue="(1)" />
                                                          </ScalarOperator>
                                                        </Intrinsic>
                                                      </ScalarOperator>
                                                    </Compare>
                                                  </ScalarOperator>
                                                </Predicate>
                                              </Filter>
                                            </RelOp>
                                          </StreamAggregate>
                                        </RelOp>
                                      </NestedLoops>
                                    </RelOp>
                                    <RelOp NodeId="41" PhysicalOp="Stream Aggregate" LogicalOp="Aggregate" EstimateRows="1" EstimateIO="0" EstimateCPU="3.37188e-006" AvgRowSize="266" EstimatedTotalSubtreeCost="1.00038" Parallel="0" EstimateRebinds="0" EstimateRewinds="0" EstimatedExecutionMode="Row">
                                      <OutputList>
                                        <ColumnReference Column="Expr1022" />
                                      </OutputList>
                                      <StreamAggregate>
                                        <DefinedValues>
                                          <DefinedValue>
                                            <ColumnReference Column="Expr1022" />
                                            <ScalarOperator ScalarString="MIN(CASE WHEN [@SectionEntryXml] IS NULL THEN NULL ELSE CASE WHEN datalength(XML Reader with XPath filter.[value])&gt;=(128) THEN CONVERT_IMPLICIT(nvarchar(255),XML Reader with XPath filter.[lvalue],0) ELSE CONVERT_IMPLICIT(nvarchar(255),XML Reader with XPath filter.[value],0) END END)">
                                              <Aggregate Distinct="0" AggType="MIN">
                                                <ScalarOperator>
                                                  <IF>
                                                    <Condition>
                                                      <ScalarOperator>
                                                        <Compare CompareOp="IS">
                                                          <ScalarOperator>
                                                            <Identifier>
                                                              <ColumnReference Column="@SectionEntryXml" />
                                                            </Identifier>
                                                          </ScalarOperator>
                                                          <ScalarOperator>
                                                            <Const ConstValue="NULL" />
                                                          </ScalarOperator>
                                                        </Compare>
                                                      </ScalarOperator>
                                                    </Condition>
                                                    <Then>
                                                      <ScalarOperator>
                                                        <Const ConstValue="NULL" />
                                                      </ScalarOperator>
                                                    </Then>
                                                    <Else>
                                                      <ScalarOperator>
                                                        <IF>
                                                          <Condition>
                                                            <ScalarOperator>
                                                              <Compare CompareOp="GE">
                                                                <ScalarOperator>
                                                                  <Intrinsic FunctionName="datalength">
                                                                    <ScalarOperator>
                                                                      <Identifier>
                                                                        <ColumnReference Table="[XML Reader with XPath filter]" Column="value" />
                                                                      </Identifier>
                                                                    </ScalarOperator>
                                                                  </Intrinsic>
                                                                </ScalarOperator>
                                                                <ScalarOperator>
                                                                  <Const ConstValue="(128)" />
                                                                </ScalarOperator>
                                                              </Compare>
                                                            </ScalarOperator>
                                                          </Condition>
                                                          <Then>
                                                            <ScalarOperator>
                                                              <Convert DataType="nvarchar" Length="510" Style="0" Implicit="1">
                                                                <ScalarOperator>
                                                                  <Identifier>
                                                                    <ColumnReference Table="[XML Reader with XPath filter]" Column="lvalue" />
                                                                  </Identifier>
                                                                </ScalarOperator>
                                                              </Convert>
                                                            </ScalarOperator>
                                                          </Then>
                                                          <Else>
                                                            <ScalarOperator>
                                                              <Convert DataType="nvarchar" Length="510" Style="0" Implicit="1">
                                                                <ScalarOperator>
                                                                  <Identifier>
                                                                    <ColumnReference Table="[XML Reader with XPath filter]" Column="value" />
                                                                  </Identifier>
                                                                </ScalarOperator>
                                                              </Convert>
                                                            </ScalarOperator>
                                                          </Else>
                                                        </IF>
                                                      </ScalarOperator>
                                                    </Else>
                                                  </IF>
                                                </ScalarOperator>
                                              </Aggregate>
                                            </ScalarOperator>
                                          </DefinedValue>
                                        </DefinedValues>
                                        <RelOp NodeId="42" PhysicalOp="Filter" LogicalOp="Filter" EstimateRows="4.78647" EstimateIO="0" EstimateCPU="1.224e-005" AvgRowSize="4057" EstimatedTotalSubtreeCost="1.00037" Parallel="0" EstimateRebinds="0" EstimateRewinds="0" EstimatedExecutionMode="Row">
                                          <OutputList>
                                            <ColumnReference Table="[XML Reader with XPath filter]" Column="value" />
                                            <ColumnReference Table="[XML Reader with XPath filter]" Column="lvalue" />
                                          </OutputList>
                                          <Filter StartupExpression="0">
                                            <RelOp NodeId="43" PhysicalOp="Table-valued function" LogicalOp="Table-valued function" EstimateRows="18" EstimateIO="0" EstimateCPU="1.00036" AvgRowSize="4065" EstimatedTotalSubtreeCost="1.00036" Parallel="0" EstimateRebinds="0" EstimateRewinds="0" EstimatedExecutionMode="Row">
                                              <OutputList>
                                                <ColumnReference Table="[XML Reader with XPath filter]" Column="id" />
                                                <ColumnReference Table="[XML Reader with XPath filter]" Column="value" />
                                                <ColumnReference Table="[XML Reader with XPath filter]" Column="lvalue" />
                                              </OutputList>
                                              <TableValuedFunction>
                                                <DefinedValues>
                                                  <DefinedValue>
                                                    <ColumnReference Table="[XML Reader with XPath filter]" Column="id" />
                                                  </DefinedValue>
                                                  <DefinedValue>
                                                    <ColumnReference Table="[XML Reader with XPath filter]" Column="value" />
                                                  </DefinedValue>
                                                  <DefinedValue>
                                                    <ColumnReference Table="[XML Reader with XPath filter]" Column="lvalue" />
                                                  </DefinedValue>
                                                </DefinedValues>
                                                <Object Table="[XML Reader with XPath filter]" />
                                                <ParameterList>
                                                  <ScalarOperator ScalarString="[@SectionEntryXml]">
                                                    <Identifier>
                                                      <ColumnReference Column="@SectionEntryXml" />
                                                    </Identifier>
                                                  </ScalarOperator>
                                                  <ScalarOperator ScalarString="(7)">
                                                    <Const ConstValue="(7)" />
                                                  </ScalarOperator>
                                                  <ScalarOperator ScalarString="XML Reader with XPath filter.[id]">
                                                    <Identifier>
                                                      <ColumnReference Table="[XML Reader with XPath filter]" Column="id" />
                                                    </Identifier>
                                                  </ScalarOperator>
                                                  <ScalarOperator ScalarString="getdescendantlimit(XML Reader with XPath filter.[id])">
                                                    <Intrinsic FunctionName="getdescendantlimit">
                                                      <ScalarOperator>
                                                        <Identifier>
                                                          <ColumnReference Table="[XML Reader with XPath filter]" Column="id" />
                                                        </Identifier>
                                                      </ScalarOperator>
                                                    </Intrinsic>
                                                  </ScalarOperator>
                                                </ParameterList>
                                              </TableValuedFunction>
                                            </RelOp>
                                            <Predicate>
                                              <ScalarOperator ScalarString="XML Reader with XPath filter.[id]=getancestor(XML Reader with XPath filter.[id],(1))">
                                                <Compare CompareOp="EQ">
                                                  <ScalarOperator>
                                                    <Identifier>
                                                      <ColumnReference Table="[XML Reader with XPath filter]" Column="id" />
                                                    </Identifier>
                                                  </ScalarOperator>
                                                  <ScalarOperator>
                                                    <Intrinsic FunctionName="getancestor">
                                                      <ScalarOperator>
                                                        <Identifier>
                                                          <ColumnReference Table="[XML Reader with XPath filter]" Column="id" />
                                                        </Identifier>
                                                      </ScalarOperator>
                                                      <ScalarOperator>
                                                        <Const ConstValue="(1)" />
                                                      </ScalarOperator>
                                                    </Intrinsic>
                                                  </ScalarOperator>
                                                </Compare>
                                              </ScalarOperator>
                                            </Predicate>
                                          </Filter>
                                        </RelOp>
                                      </StreamAggregate>
                                    </RelOp>
                                  </NestedLoops>
                                </RelOp>
                                <RelOp NodeId="52" PhysicalOp="Stream Aggregate" LogicalOp="Aggregate" EstimateRows="1" EstimateIO="0" EstimateCPU="3.37188e-006" AvgRowSize="111" EstimatedTotalSubtreeCost="1.00038" Parallel="0" EstimateRebinds="0" EstimateRewinds="0" EstimatedExecutionMode="Row">
                                  <OutputList>
                                    <ColumnReference Column="Expr1027" />
                                  </OutputList>
                                  <StreamAggregate>
                                    <DefinedValues>
                                      <DefinedValue>
                                        <ColumnReference Column="Expr1027" />
                                        <ScalarOperator ScalarString="MIN(CASE WHEN [@SectionEntryXml] IS NULL THEN NULL ELSE CASE WHEN datalength(XML Reader with XPath filter.[value])&gt;=(128) THEN CONVERT_IMPLICIT(nvarchar(100),XML Reader with XPath filter.[lvalue],0) ELSE CONVERT_IMPLICIT(nvarchar(100),XML Reader with XPath filter.[value],0) END END)">
                                          <Aggregate Distinct="0" AggType="MIN">
                                            <ScalarOperator>
                                              <IF>
                                                <Condition>
                                                  <ScalarOperator>
                                                    <Compare CompareOp="IS">
                                                      <ScalarOperator>
                                                        <Identifier>
                                                          <ColumnReference Column="@SectionEntryXml" />
                                                        </Identifier>
                                                      </ScalarOperator>
                                                      <ScalarOperator>
                                                        <Const ConstValue="NULL" />
                                                      </ScalarOperator>
                                                    </Compare>
                                                  </ScalarOperator>
                                                </Condition>
                                                <Then>
                                                  <ScalarOperator>
                                                    <Const ConstValue="NULL" />
                                                  </ScalarOperator>
                                                </Then>
                                                <Else>
                                                  <ScalarOperator>
                                                    <IF>
                                                      <Condition>
                                                        <ScalarOperator>
                                                          <Compare CompareOp="GE">
                                                            <ScalarOperator>
                                                              <Intrinsic FunctionName="datalength">
                                                                <ScalarOperator>
                                                                  <Identifier>
                                                                    <ColumnReference Table="[XML Reader with XPath filter]" Column="value" />
                                                                  </Identifier>
                                                                </ScalarOperator>
                                                              </Intrinsic>
                                                            </ScalarOperator>
                                                            <ScalarOperator>
                                                              <Const ConstValue="(128)" />
                                                            </ScalarOperator>
                                                          </Compare>
                                                        </ScalarOperator>
                                                      </Condition>
                                                      <Then>
                                                        <ScalarOperator>
                                                          <Convert DataType="nvarchar" Length="200" Style="0" Implicit="1">
                                                            <ScalarOperator>
                                                              <Identifier>
                                                                <ColumnReference Table="[XML Reader with XPath filter]" Column="lvalue" />
                                                              </Identifier>
                                                            </ScalarOperator>
                                                          </Convert>
                                                        </ScalarOperator>
                                                      </Then>
                                                      <Else>
                                                        <ScalarOperator>
                                                          <Convert DataType="nvarchar" Length="200" Style="0" Implicit="1">
                                                            <ScalarOperator>
                                                              <Identifier>
                                                                <ColumnReference Table="[XML Reader with XPath filter]" Column="value" />
                                                              </Identifier>
                                                            </ScalarOperator>
                                                          </Convert>
                                                        </ScalarOperator>
                                                      </Else>
                                                    </IF>
                                                  </ScalarOperator>
                                                </Else>
                                              </IF>
                                            </ScalarOperator>
                                          </Aggregate>
                                        </ScalarOperator>
                                      </DefinedValue>
                                    </DefinedValues>
                                    <RelOp NodeId="53" PhysicalOp="Filter" LogicalOp="Filter" EstimateRows="4.78647" EstimateIO="0" EstimateCPU="1.224e-005" AvgRowSize="4057" EstimatedTotalSubtreeCost="1.00037" Parallel="0" EstimateRebinds="0" EstimateRewinds="0" EstimatedExecutionMode="Row">
                                      <OutputList>
                                        <ColumnReference Table="[XML Reader with XPath filter]" Column="value" />
                                        <ColumnReference Table="[XML Reader with XPath filter]" Column="lvalue" />
                                      </OutputList>
                                      <Filter StartupExpression="0">
                                        <RelOp NodeId="54" PhysicalOp="Table-valued function" LogicalOp="Table-valued function" EstimateRows="18" EstimateIO="0" EstimateCPU="1.00036" AvgRowSize="4065" EstimatedTotalSubtreeCost="1.00036" Parallel="0" EstimateRebinds="0" EstimateRewinds="0" EstimatedExecutionMode="Row">
                                          <OutputList>
                                            <ColumnReference Table="[XML Reader with XPath filter]" Column="id" />
                                            <ColumnReference Table="[XML Reader with XPath filter]" Column="value" />
                                            <ColumnReference Table="[XML Reader with XPath filter]" Column="lvalue" />
                                          </OutputList>
                                          <TableValuedFunction>
                                            <DefinedValues>
                                              <DefinedValue>
                                                <ColumnReference Table="[XML Reader with XPath filter]" Column="id" />
                                              </DefinedValue>
                                              <DefinedValue>
                                                <ColumnReference Table="[XML Reader with XPath filter]" Column="value" />
                                              </DefinedValue>
                                              <DefinedValue>
                                                <ColumnReference Table="[XML Reader with XPath filter]" Column="lvalue" />
                                              </DefinedValue>
                                            </DefinedValues>
                                            <Object Table="[XML Reader with XPath filter]" />
                                            <ParameterList>
                                              <ScalarOperator ScalarString="[@SectionEntryXml]">
                                                <Identifier>
                                                  <ColumnReference Column="@SectionEntryXml" />
                                                </Identifier>
                                              </ScalarOperator>
                                              <ScalarOperator ScalarString="(7)">
                                                <Const ConstValue="(7)" />
                                              </ScalarOperator>
                                              <ScalarOperator ScalarString="XML Reader with XPath filter.[id]">
                                                <Identifier>
                                                  <ColumnReference Table="[XML Reader with XPath filter]" Column="id" />
                                                </Identifier>
                                              </ScalarOperator>
                                              <ScalarOperator ScalarString="getdescendantlimit(XML Reader with XPath filter.[id])">
                                                <Intrinsic FunctionName="getdescendantlimit">
                                                  <ScalarOperator>
                                                    <Identifier>
                                                      <ColumnReference Table="[XML Reader with XPath filter]" Column="id" />
                                                    </Identifier>
                                                  </ScalarOperator>
                                                </Intrinsic>
                                              </ScalarOperator>
                                            </ParameterList>
                                          </TableValuedFunction>
                                        </RelOp>
                                        <Predicate>
                                          <ScalarOperator ScalarString="XML Reader with XPath filter.[id]=getancestor(XML Reader with XPath filter.[id],(1))">
                                            <Compare CompareOp="EQ">
                                              <ScalarOperator>
                                                <Identifier>
                                                  <ColumnReference Table="[XML Reader with XPath filter]" Column="id" />
                                                </Identifier>
                                              </ScalarOperator>
                                              <ScalarOperator>
                                                <Intrinsic FunctionName="getancestor">
                                                  <ScalarOperator>
                                                    <Identifier>
                                                      <ColumnReference Table="[XML Reader with XPath filter]" Column="id" />
                                                    </Identifier>
                                                  </ScalarOperator>
                                                  <ScalarOperator>
                                                    <Const ConstValue="(1)" />
                                                  </ScalarOperator>
                                                </Intrinsic>
                                              </ScalarOperator>
                                            </Compare>
                                          </ScalarOperator>
                                        </Predicate>
                                      </Filter>
                                    </RelOp>
                                  </StreamAggregate>
                                </RelOp>
                              </NestedLoops>
                            </RelOp>
                            <RelOp NodeId="63" PhysicalOp="Stream Aggregate" LogicalOp="Aggregate" EstimateRows="1" EstimateIO="0" EstimateCPU="3.37188e-006" AvgRowSize="267" EstimatedTotalSubtreeCost="1.00038" Parallel="0" EstimateRebinds="0" EstimateRewinds="0" EstimatedExecutionMode="Row">
                              <OutputList>
                                <ColumnReference Column="Expr1032" />
                              </OutputList>
                              <StreamAggregate>
                                <DefinedValues>
                                  <DefinedValue>
                                    <ColumnReference Column="Expr1032" />
                                    <ScalarOperator ScalarString="MIN(CASE WHEN [@SectionEntryXml] IS NULL THEN NULL ELSE CASE WHEN datalength(XML Reader with XPath filter.[value])&gt;=(128) THEN CONVERT_IMPLICIT(nvarchar(256),XML Reader with XPath filter.[lvalue],0) ELSE CONVERT_IMPLICIT(nvarchar(256),XML Reader with XPath filter.[value],0) END END)">
                                      <Aggregate Distinct="0" AggType="MIN">
                                        <ScalarOperator>
                                          <IF>
                                            <Condition>
                                              <ScalarOperator>
                                                <Compare CompareOp="IS">
                                                  <ScalarOperator>
                                                    <Identifier>
                                                      <ColumnReference Column="@SectionEntryXml" />
                                                    </Identifier>
                                                  </ScalarOperator>
                                                  <ScalarOperator>
                                                    <Const ConstValue="NULL" />
                                                  </ScalarOperator>
                                                </Compare>
                                              </ScalarOperator>
                                            </Condition>
                                            <Then>
                                              <ScalarOperator>
                                                <Const ConstValue="NULL" />
                                              </ScalarOperator>
                                            </Then>
                                            <Else>
                                              <ScalarOperator>
                                                <IF>
                                                  <Condition>
                                                    <ScalarOperator>
                                                      <Compare CompareOp="GE">
                                                        <ScalarOperator>
                                                          <Intrinsic FunctionName="datalength">
                                                            <ScalarOperator>
                                                              <Identifier>
                                                                <ColumnReference Table="[XML Reader with XPath filter]" Column="value" />
                                                              </Identifier>
                                                            </ScalarOperator>
                                                          </Intrinsic>
                                                        </ScalarOperator>
                                                        <ScalarOperator>
                                                          <Const ConstValue="(128)" />
                                                        </ScalarOperator>
                                                      </Compare>
                                                    </ScalarOperator>
                                                  </Condition>
                                                  <Then>
                                                    <ScalarOperator>
                                                      <Convert DataType="nvarchar" Length="512" Style="0" Implicit="1">
                                                        <ScalarOperator>
                                                          <Identifier>
                                                            <ColumnReference Table="[XML Reader with XPath filter]" Column="lvalue" />
                                                          </Identifier>
                                                        </ScalarOperator>
                                                      </Convert>
                                                    </ScalarOperator>
                                                  </Then>
                                                  <Else>
                                                    <ScalarOperator>
                                                      <Convert DataType="nvarchar" Length="512" Style="0" Implicit="1">
                                                        <ScalarOperator>
                                                          <Identifier>
                                                            <ColumnReference Table="[XML Reader with XPath filter]" Column="value" />
                                                          </Identifier>
                                                        </ScalarOperator>
                                                      </Convert>
                                                    </ScalarOperator>
                                                  </Else>
                                                </IF>
                                              </ScalarOperator>
                                            </Else>
                                          </IF>
                                        </ScalarOperator>
                                      </Aggregate>
                                    </ScalarOperator>
                                  </DefinedValue>
                                </DefinedValues>
                                <RelOp NodeId="64" PhysicalOp="Filter" LogicalOp="Filter" EstimateRows="4.78647" EstimateIO="0" EstimateCPU="1.224e-005" AvgRowSize="4057" EstimatedTotalSubtreeCost="1.00037" Parallel="0" EstimateRebinds="0" EstimateRewinds="0" EstimatedExecutionMode="Row">
                                  <OutputList>
                                    <ColumnReference Table="[XML Reader with XPath filter]" Column="value" />
                                    <ColumnReference Table="[XML Reader with XPath filter]" Column="lvalue" />
                                  </OutputList>
                                  <Filter StartupExpression="0">
                                    <RelOp NodeId="65" PhysicalOp="Table-valued function" LogicalOp="Table-valued function" EstimateRows="18" EstimateIO="0" EstimateCPU="1.00036" AvgRowSize="4065" EstimatedTotalSubtreeCost="1.00036" Parallel="0" EstimateRebinds="0" EstimateRewinds="0" EstimatedExecutionMode="Row">
                                      <OutputList>
                                        <ColumnReference Table="[XML Reader with XPath filter]" Column="id" />
                                        <ColumnReference Table="[XML Reader with XPath filter]" Column="value" />
                                        <ColumnReference Table="[XML Reader with XPath filter]" Column="lvalue" />
                                      </OutputList>
                                      <TableValuedFunction>
                                        <DefinedValues>
                                          <DefinedValue>
                                            <ColumnReference Table="[XML Reader with XPath filter]" Column="id" />
                                          </DefinedValue>
                                          <DefinedValue>
                                            <ColumnReference Table="[XML Reader with XPath filter]" Column="value" />
                                          </DefinedValue>
                                          <DefinedValue>
                                            <ColumnReference Table="[XML Reader with XPath filter]" Column="lvalue" />
                                          </DefinedValue>
                                        </DefinedValues>
                                        <Object Table="[XML Reader with XPath filter]" />
                                        <ParameterList>
                                          <ScalarOperator ScalarString="[@SectionEntryXml]">
                                            <Identifier>
                                              <ColumnReference Column="@SectionEntryXml" />
                                            </Identifier>
                                          </ScalarOperator>
                                          <ScalarOperator ScalarString="(7)">
                                            <Const ConstValue="(7)" />
                                          </ScalarOperator>
                                          <ScalarOperator ScalarString="XML Reader with XPath filter.[id]">
                                            <Identifier>
                                              <ColumnReference Table="[XML Reader with XPath filter]" Column="id" />
                                            </Identifier>
                                          </ScalarOperator>
                                          <ScalarOperator ScalarString="getdescendantlimit(XML Reader with XPath filter.[id])">
                                            <Intrinsic FunctionName="getdescendantlimit">
                                              <ScalarOperator>
                                                <Identifier>
                                                  <ColumnReference Table="[XML Reader with XPath filter]" Column="id" />
                                                </Identifier>
                                              </ScalarOperator>
                                            </Intrinsic>
                                          </ScalarOperator>
                                        </ParameterList>
                                      </TableValuedFunction>
                                    </RelOp>
                                    <Predicate>
                                      <ScalarOperator ScalarString="XML Reader with XPath filter.[id]=getancestor(XML Reader with XPath filter.[id],(1))">
                                        <Compare CompareOp="EQ">
                                          <ScalarOperator>
                                            <Identifier>
                                              <ColumnReference Table="[XML Reader with XPath filter]" Column="id" />
                                            </Identifier>
                                          </ScalarOperator>
                                          <ScalarOperator>
                                            <Intrinsic FunctionName="getancestor">
                                              <ScalarOperator>
                                                <Identifier>
                                                  <ColumnReference Table="[XML Reader with XPath filter]" Column="id" />
                                                </Identifier>
                                              </ScalarOperator>
                                              <ScalarOperator>
                                                <Const ConstValue="(1)" />
                                              </ScalarOperator>
                                            </Intrinsic>
                                          </ScalarOperator>
                                        </Compare>
                                      </ScalarOperator>
                                    </Predicate>
                                  </Filter>
                                </RelOp>
                              </StreamAggregate>
                            </RelOp>
                          </NestedLoops>
                        </RelOp>
                        <RelOp NodeId="74" PhysicalOp="Stream Aggregate" LogicalOp="Aggregate" EstimateRows="1" EstimateIO="0" EstimateCPU="3.37188e-006" AvgRowSize="511" EstimatedTotalSubtreeCost="1.00038" Parallel="0" EstimateRebinds="0" EstimateRewinds="0" EstimatedExecutionMode="Row">
                          <OutputList>
                            <ColumnReference Column="Expr1038" />
                          </OutputList>
                          <StreamAggregate>
                            <DefinedValues>
                              <DefinedValue>
                                <ColumnReference Column="Expr1038" />
                                <ScalarOperator ScalarString="MIN(CASE WHEN [@SectionEntryXml] IS NULL THEN NULL ELSE CASE WHEN datalength(XML Reader with XPath filter.[value])&gt;=(128) THEN CONVERT_IMPLICIT(nvarchar(500),XML Reader with XPath filter.[lvalue],0) ELSE CONVERT_IMPLICIT(nvarchar(500),XML Reader with XPath filter.[value],0) END END)">
                                  <Aggregate Distinct="0" AggType="MIN">
                                    <ScalarOperator>
                                      <IF>
                                        <Condition>
                                          <ScalarOperator>
                                            <Compare CompareOp="IS">
                                              <ScalarOperator>
                                                <Identifier>
                                                  <ColumnReference Column="@SectionEntryXml" />
                                                </Identifier>
                                              </ScalarOperator>
                                              <ScalarOperator>
                                                <Const ConstValue="NULL" />
                                              </ScalarOperator>
                                            </Compare>
                                          </ScalarOperator>
                                        </Condition>
                                        <Then>
                                          <ScalarOperator>
                                            <Const ConstValue="NULL" />
                                          </ScalarOperator>
                                        </Then>
                                        <Else>
                                          <ScalarOperator>
                                            <IF>
                                              <Condition>
                                                <ScalarOperator>
                                                  <Compare CompareOp="GE">
                                                    <ScalarOperator>
                                                      <Intrinsic FunctionName="datalength">
                                                        <ScalarOperator>
                                                          <Identifier>
                                                            <ColumnReference Table="[XML Reader with XPath filter]" Column="value" />
                                                          </Identifier>
                                                        </ScalarOperator>
                                                      </Intrinsic>
                                                    </ScalarOperator>
                                                    <ScalarOperator>
                                                      <Const ConstValue="(128)" />
                                                    </ScalarOperator>
                                                  </Compare>
                                                </ScalarOperator>
                                              </Condition>
                                              <Then>
                                                <ScalarOperator>
                                                  <Convert DataType="nvarchar" Length="1000" Style="0" Implicit="1">
                                                    <ScalarOperator>
                                                      <Identifier>
                                                        <ColumnReference Table="[XML Reader with XPath filter]" Column="lvalue" />
                                                      </Identifier>
                                                    </ScalarOperator>
                                                  </Convert>
                                                </ScalarOperator>
                                              </Then>
                                              <Else>
                                                <ScalarOperator>
                                                  <Convert DataType="nvarchar" Length="1000" Style="0" Implicit="1">
                                                    <ScalarOperator>
                                                      <Identifier>
                                                        <ColumnReference Table="[XML Reader with XPath filter]" Column="value" />
                                                      </Identifier>
                                                    </ScalarOperator>
                                                  </Convert>
                                                </ScalarOperator>
                                              </Else>
                                            </IF>
                                          </ScalarOperator>
                                        </Else>
                                      </IF>
                                    </ScalarOperator>
                                  </Aggregate>
                                </ScalarOperator>
                              </DefinedValue>
                            </DefinedValues>
                            <RelOp NodeId="75" PhysicalOp="Filter" LogicalOp="Filter" EstimateRows="4.78647" EstimateIO="0" EstimateCPU="1.224e-005" AvgRowSize="4057" EstimatedTotalSubtreeCost="1.00037" Parallel="0" EstimateRebinds="0" EstimateRewinds="0" EstimatedExecutionMode="Row">
                              <OutputList>
                                <ColumnReference Table="[XML Reader with XPath filter]" Column="value" />
                                <ColumnReference Table="[XML Reader with XPath filter]" Column="lvalue" />
                              </OutputList>
                              <Filter StartupExpression="0">
                                <RelOp NodeId="76" PhysicalOp="Table-valued function" LogicalOp="Table-valued function" EstimateRows="18" EstimateIO="0" EstimateCPU="1.00036" AvgRowSize="4065" EstimatedTotalSubtreeCost="1.00036" Parallel="0" EstimateRebinds="0" EstimateRewinds="0" EstimatedExecutionMode="Row">
                                  <OutputList>
                                    <ColumnReference Table="[XML Reader with XPath filter]" Column="id" />
                                    <ColumnReference Table="[XML Reader with XPath filter]" Column="value" />
                                    <ColumnReference Table="[XML Reader with XPath filter]" Column="lvalue" />
                                  </OutputList>
                                  <TableValuedFunction>
                                    <DefinedValues>
                                      <DefinedValue>
                                        <ColumnReference Table="[XML Reader with XPath filter]" Column="id" />
                                      </DefinedValue>
                                      <DefinedValue>
                                        <ColumnReference Table="[XML Reader with XPath filter]" Column="value" />
                                      </DefinedValue>
                                      <DefinedValue>
                                        <ColumnReference Table="[XML Reader with XPath filter]" Column="lvalue" />
                                      </DefinedValue>
                                    </DefinedValues>
                                    <Object Table="[XML Reader with XPath filter]" />
                                    <ParameterList>
                                      <ScalarOperator ScalarString="[@SectionEntryXml]">
                                        <Identifier>
                                          <ColumnReference Column="@SectionEntryXml" />
                                        </Identifier>
                                      </ScalarOperator>
                                      <ScalarOperator ScalarString="(7)">
                                        <Const ConstValue="(7)" />
                                      </ScalarOperator>
                                      <ScalarOperator ScalarString="XML Reader with XPath filter.[id]">
                                        <Identifier>
                                          <ColumnReference Table="[XML Reader with XPath filter]" Column="id" />
                                        </Identifier>
                                      </ScalarOperator>
                                      <ScalarOperator ScalarString="getdescendantlimit(XML Reader with XPath filter.[id])">
                                        <Intrinsic FunctionName="getdescendantlimit">
                                          <ScalarOperator>
                                            <Identifier>
                                              <ColumnReference Table="[XML Reader with XPath filter]" Column="id" />
                                            </Identifier>
                                          </ScalarOperator>
                                        </Intrinsic>
                                      </ScalarOperator>
                                    </ParameterList>
                                  </TableValuedFunction>
                                </RelOp>
                                <Predicate>
                                  <ScalarOperator ScalarString="XML Reader with XPath filter.[id]=getancestor(XML Reader with XPath filter.[id],(1))">
                                    <Compare CompareOp="EQ">
                                      <ScalarOperator>
                                        <Identifier>
                                          <ColumnReference Table="[XML Reader with XPath filter]" Column="id" />
                                        </Identifier>
                                      </ScalarOperator>
                                      <ScalarOperator>
                                        <Intrinsic FunctionName="getancestor">
                                          <ScalarOperator>
                                            <Identifier>
                                              <ColumnReference Table="[XML Reader with XPath filter]" Column="id" />
                                            </Identifier>
                                          </ScalarOperator>
                                          <ScalarOperator>
                                            <Const ConstValue="(1)" />
                                          </ScalarOperator>
                                        </Intrinsic>
                                      </ScalarOperator>
                                    </Compare>
                                  </ScalarOperator>
                                </Predicate>
                              </Filter>
                            </RelOp>
                          </StreamAggregate>
                        </RelOp>
                      </NestedLoops>
                    </RelOp>
                  </ComputeScalar>
                </RelOp>
              </Update>
            </RelOp>
            <ParameterList>
              <ColumnReference Column="@SectionEntryXml" ParameterCompiledValue="NULL" />
            </ParameterList>
          </QueryPlan>
        </StmtSimple>
        <StmtSimple StatementText="&#xA;UPDATE @SectionEntries SET TellusBuild = (&#xD;&#xA;    SELECT TOP 1 OutputBuildString FROM dbo.Function_ConvertTPMBuildToTellus(@Product, Branch, Build)&#xD;&#xA;)&#xD;&#xA;&#xD;" StatementId="2" StatementCompId="3" StatementType="UPDATE" RetrievedFromCache="true" StatementSubTreeCost="0.0265152" StatementEstRows="1" StatementOptmLevel="FULL" QueryHash="0x34C4FEA2BB9F353C" QueryPlanHash="0x27FFA34C9B356628" StatementOptmEarlyAbortReason="GoodEnoughPlanFound">
          <StatementSetOptions QUOTED_IDENTIFIER="true" ARITHABORT="true" CONCAT_NULL_YIELDS_NULL="true" ANSI_NULLS="true" ANSI_PADDING="true" ANSI_WARNINGS="true" NUMERIC_ROUNDABORT="false" />
          <QueryPlan NonParallelPlanReason="MaxDOPSetToOne" CachedPlanSize="24" CompileTime="6" CompileCPU="2" CompileMemory="576">
            <MemoryGrantInfo SerialRequiredMemory="0" SerialDesiredMemory="0" />
            <OptimizerHardwareDependentProperties EstimatedAvailableMemoryGrant="193313" EstimatedPagesCached="773254" EstimatedAvailableDegreeOfParallelism="1" />
            <RelOp NodeId="0" PhysicalOp="Table Update" LogicalOp="Update" EstimateRows="1" EstimateIO="0.01" EstimateCPU="1e-006" AvgRowSize="9" EstimatedTotalSubtreeCost="0.0265152" Parallel="0" EstimateRebinds="0" EstimateRewinds="0" EstimatedExecutionMode="Row">
              <OutputList />
              <Update DMLRequestSort="0">
                <Object Table="[@SectionEntries]" />
                <SetPredicate>
                  <ScalarOperator ScalarString="[TellusBuild] = [Expr1007]">
                    <ScalarExpressionList>
                      <ScalarOperator>
                        <MultipleAssign>
                          <Assign>
                            <ColumnReference Column="TellusBuild" />
                            <ScalarOperator>
                              <Identifier>
                                <ColumnReference Column="Expr1007" />
                              </Identifier>
                            </ScalarOperator>
                          </Assign>
                        </MultipleAssign>
                      </ScalarOperator>
                    </ScalarExpressionList>
                  </ScalarOperator>
                </SetPredicate>
                <RelOp NodeId="1" PhysicalOp="Table Spool" LogicalOp="Eager Spool" EstimateRows="1" EstimateIO="0.013125" EstimateCPU="0.00010056" AvgRowSize="275" EstimatedTotalSubtreeCost="0.0165142" Parallel="0" EstimateRebinds="0" EstimateRewinds="0" EstimatedExecutionMode="Row">
                  <OutputList>
                    <ColumnReference Column="Bmk1000" />
                    <ColumnReference Column="Expr1007" />
                  </OutputList>
                  <Spool>
                    <RelOp NodeId="2" PhysicalOp="Compute Scalar" LogicalOp="Compute Scalar" EstimateRows="1" EstimateIO="0" EstimateCPU="1e-007" AvgRowSize="275" EstimatedTotalSubtreeCost="0.00328864" Parallel="0" EstimateRebinds="0" EstimateRewinds="0" EstimatedExecutionMode="Row">
                      <OutputList>
                        <ColumnReference Column="Bmk1000" />
                        <ColumnReference Column="Expr1007" />
                      </OutputList>
                      <ComputeScalar>
                        <DefinedValues>
                          <DefinedValue>
                            <ColumnReference Column="Expr1007" />
                            <ScalarOperator ScalarString="[OurLabReporting].[dbo].[Function_ConvertTPMBuildToTellus].[OutputBuildString]">
                              <Identifier>
                                <ColumnReference Database="[OurLabReporting]" Schema="[dbo]" Table="[Function_ConvertTPMBuildToTellus]" Column="OutputBuildString" />
                              </Identifier>
                            </ScalarOperator>
                          </DefinedValue>
                        </DefinedValues>
                        <RelOp NodeId="3" PhysicalOp="Nested Loops" LogicalOp="Left Outer Join" EstimateRows="1" EstimateIO="0" EstimateCPU="4.18e-006" AvgRowSize="275" EstimatedTotalSubtreeCost="0.00328854" Parallel="0" EstimateRebinds="0" EstimateRewinds="0" EstimatedExecutionMode="Row">
                          <OutputList>
                            <ColumnReference Column="Bmk1000" />
                            <ColumnReference Database="[OurLabReporting]" Schema="[dbo]" Table="[Function_ConvertTPMBuildToTellus]" Column="OutputBuildString" />
                          </OutputList>
                          <NestedLoops Optimized="0">
                            <OuterReferences>
                              <ColumnReference Column="Branch" />
                              <ColumnReference Column="Build" />
                            </OuterReferences>
                            <RelOp NodeId="4" PhysicalOp="Table Scan" LogicalOp="Table Scan" EstimateRows="1" EstimateIO="0.003125" EstimateCPU="0.0001581" AvgRowSize="377" EstimatedTotalSubtreeCost="0.0032831" TableCardinality="0" Parallel="0" EstimateRebinds="0" EstimateRewinds="0" EstimatedExecutionMode="Row">
                              <OutputList>
                                <ColumnReference Column="Bmk1000" />
                                <ColumnReference Column="Branch" />
                                <ColumnReference Column="Build" />
                              </OutputList>
                              <TableScan Ordered="1" ForcedIndex="0" ForceScan="0" NoExpandHint="0">
                                <DefinedValues>
                                  <DefinedValue>
                                    <ColumnReference Column="Bmk1000" />
                                  </DefinedValue>
                                  <DefinedValue>
                                    <ColumnReference Column="Branch" />
                                  </DefinedValue>
                                  <DefinedValue>
                                    <ColumnReference Column="Build" />
                                  </DefinedValue>
                                </DefinedValues>
                                <Object Table="[@SectionEntries]" />
                              </TableScan>
                            </RelOp>
                            <RelOp NodeId="5" PhysicalOp="Top" LogicalOp="Top" EstimateRows="1" EstimateIO="0" EstimateCPU="1e-007" AvgRowSize="267" EstimatedTotalSubtreeCost="1.257e-006" Parallel="0" EstimateRebinds="0" EstimateRewinds="0" EstimatedExecutionMode="Row">
                              <OutputList>
                                <ColumnReference Database="[OurLabReporting]" Schema="[dbo]" Table="[Function_ConvertTPMBuildToTellus]" Column="OutputBuildString" />
                              </OutputList>
                              <Top RowCount="0" IsPercent="0" WithTies="0">
                                <TopExpression>
                                  <ScalarOperator ScalarString="(1)">
                                    <Const ConstValue="(1)" />
                                  </ScalarOperator>
                                </TopExpression>
                                <RelOp NodeId="6" PhysicalOp="Table-valued function" LogicalOp="Table-valued function" EstimateRows="1" EstimateIO="0" EstimateCPU="1.157e-006" AvgRowSize="267" EstimatedTotalSubtreeCost="1.157e-006" Parallel="0" EstimateRebinds="0" EstimateRewinds="0" EstimatedExecutionMode="Row">
                                  <OutputList>
                                    <ColumnReference Database="[OurLabReporting]" Schema="[dbo]" Table="[Function_ConvertTPMBuildToTellus]" Column="OutputBuildString" />
                                  </OutputList>
                                  <TableValuedFunction>
                                    <DefinedValues>
                                      <DefinedValue>
                                        <ColumnReference Database="[OurLabReporting]" Schema="[dbo]" Table="[Function_ConvertTPMBuildToTellus]" Column="OutputBuildString" />
                                      </DefinedValue>
                                    </DefinedValues>
                                    <Object Database="[OurLabReporting]" Schema="[dbo]" Table="[Function_ConvertTPMBuildToTellus]" />
                                    <ParameterList>
                                      <ScalarOperator ScalarString="[@Product]">
                                        <Identifier>
                                          <ColumnReference Column="@Product" />
                                        </Identifier>
                                      </ScalarOperator>
                                      <ScalarOperator ScalarString="[Branch]">
                                        <Identifier>
                                          <ColumnReference Column="Branch" />
                                        </Identifier>
                                      </ScalarOperator>
                                      <ScalarOperator ScalarString="[Build]">
                                        <Identifier>
                                          <ColumnReference Column="Build" />
                                        </Identifier>
                                      </ScalarOperator>
                                    </ParameterList>
                                  </TableValuedFunction>
                                </RelOp>
                              </Top>
                            </RelOp>
                          </NestedLoops>
                        </RelOp>
                      </ComputeScalar>
                    </RelOp>
                  </Spool>
                </RelOp>
              </Update>
            </RelOp>
            <ParameterList>
              <ColumnReference Column="@Product" ParameterCompiledValue="N'Threshold'" />
            </ParameterList>
          </QueryPlan>
        </StmtSimple>
        <StmtSimple StatementText="&#xA;DECLARE @TestPasses table (&#xD;&#xA;    SortOrder int,&#xD;&#xA;    SectionId int NOT NULL,&#xD;&#xA;    SectionEntryId int NOT NULL,&#xD;&#xA;    SectionEntryName nvarchar(255) NOT NULL,&#xD;&#xA;    Branch nvarchar(100) NOT NULL,&#xD;&#xA;    Build nvarchar(256) NOT NULL,&#xD;&#xA;    Id int,&#xD;&#xA;    Name nvarchar(150),&#xD;&#xA;    [State] nvarchar(20)&#xD;&#xA;)&#xD;&#xA;&#xD;&#xA;--Find matching test passes for each section entry&#xD;&#xA;INSERT INTO @TestPasses&#xD;&#xA;SELECT&#xD;&#xA;    se.SortOrder,&#xD;&#xA;    se.SectionId,&#xD;&#xA;    se.SectionEntryId,&#xD;&#xA;    se.SectionEntryName,&#xD;&#xA;    se.Branch,&#xD;&#xA;    se.Build,&#xD;&#xA;    btm.TestPassId AS Id,&#xD;&#xA;    tpd.Name,&#xD;&#xA;    CASE&#xD;&#xA;        WHEN tp.StartDate IS NOT NULL AND tp.EndDate IS NOT NULL THEN N'Completed'&#xD;&#xA;        WHEN btm.TestPassId IS NOT NULL THEN N'In Progress'&#xD;&#xA;        ELSE N'Unknown'&#xD;&#xA;    END AS [State]&#xD;&#xA;FROM @SectionEntries se&#xD;&#xA;    CROSS APPLY (&#xD;&#xA;        SELECT RTRIM(LTRIM(String)) AS TestPassName FROM dbo.Function_Split(se.TestPassName, ',')&#xD;&#xA;    ) tpn&#xD;&#xA;    OUTER APPLY (&#xD;&#xA;        SELECT TOP 1 tpd.Id, tpd.Name&#xD;&#xA;        FROM dbo.TestpassDefinition tpd WITH (NOLOCK)&#xD;&#xA;        WHERE tpd.Name = tpn.TestPassName&#xD;&#xA;        ORDER BY tpd.Id DESC&#xD;&#xA;    ) tpd&#xD;&#xA;    LEFT JOIN (&#xD;&#xA;        SELECT&#xD;&#xA;            btm.TestPassDefinitionId,&#xD;&#xA;            btm.Branch,&#xD;&#xA;            btm.FullBuildNumber,&#xD;&#xA;            MAX(btm.TestPassId) AS TestPassId&#xD;&#xA;        FROM dbo.View_BuildTestpassMix btm WITH (NOLOCK, NOEXPAND)&#xD;&#xA;        GROUP BY btm.TestPassDefinitionId, btm.Branch, btm.FullBuildNumber&#xD;&#xA;    ) btm ON btm.TestPassDefinitionId = tpd.Id&#xD;&#xA;        AND btm.Branch = se.Branch&#xD;&#xA;        AND btm.FullBuildNumber = se.TellusBuild&#xD;&#xA;    LEFT JOIN dbo.Testpass tp WITH (NOLOCK) ON tp.Id = btm.TestPassId&#xD;&#xA;&#xD;&#xA;-- Cache test pass and mix info&#xD;" StatementId="3" StatementCompId="5" StatementType="INSERT" RetrievedFromCache="true" StatementSubTreeCost="0.0312572" StatementEstRows="1" StatementOptmLevel="FULL" QueryHash="0xE468C4BAFCBA0C3" QueryPlanHash="0xD50ED0B7A4B42DB8" StatementOptmEarlyAbortReason="GoodEnoughPlanFound">
          <StatementSetOptions QUOTED_IDENTIFIER="true" ARITHABORT="true" CONCAT_NULL_YIELDS_NULL="true" ANSI_NULLS="true" ANSI_PADDING="true" ANSI_WARNINGS="true" NUMERIC_ROUNDABORT="false" />
          <QueryPlan NonParallelPlanReason="MaxDOPSetToOne" CachedPlanSize="96" CompileTime="34" CompileCPU="17" CompileMemory="1504">
            <MemoryGrantInfo SerialRequiredMemory="0" SerialDesiredMemory="0" />
            <OptimizerHardwareDependentProperties EstimatedAvailableMemoryGrant="193313" EstimatedPagesCached="773254" EstimatedAvailableDegreeOfParallelism="1" />
            <RelOp NodeId="0" PhysicalOp="Table Insert" LogicalOp="Insert" EstimateRows="1" EstimateIO="0.01" EstimateCPU="1e-006" AvgRowSize="9" EstimatedTotalSubtreeCost="0.0312572" Parallel="0" EstimateRebinds="0" EstimateRewinds="0" EstimatedExecutionMode="Row">
              <OutputList />
              <Update DMLRequestSort="0">
                <Object Table="[@TestPasses]" />
                <SetPredicate>
                  <ScalarOperator ScalarString="[SortOrder] = @SectionEntries.[SortOrder] as [se].[SortOrder],[SectionId] = @SectionEntries.[SectionId] as [se].[SectionId],[SectionEntryId] = @SectionEntries.[SectionEntryId] as [se].[SectionEntryId],[SectionEntryName] = RaiseIfNullInsert(@SectionEntries.[SectionEntryName] as [se].[SectionEntryName]),[Branch] = RaiseIfNullInsert(@SectionEntries.[Branch] as [se].[Branch]),[Build] = RaiseIfNullInsert(@SectionEntries.[Build] as [se].[Build]),[Id] = [Expr1026],[Name] = [Expr1019],[State] = [Expr1029]">
                    <ScalarExpressionList>
                      <ScalarOperator>
                        <MultipleAssign>
                          <Assign>
                            <ColumnReference Column="SortOrder" />
                            <ScalarOperator>
                              <Identifier>
                                <ColumnReference Table="@SectionEntries" Alias="[se]" Column="SortOrder" />
                              </Identifier>
                            </ScalarOperator>
                          </Assign>
                          <Assign>
                            <ColumnReference Column="SectionId" />
                            <ScalarOperator>
                              <Identifier>
                                <ColumnReference Table="@SectionEntries" Alias="[se]" Column="SectionId" />
                              </Identifier>
                            </ScalarOperator>
                          </Assign>
                          <Assign>
                            <ColumnReference Column="SectionEntryId" />
                            <ScalarOperator>
                              <Identifier>
                                <ColumnReference Table="@SectionEntries" Alias="[se]" Column="SectionEntryId" />
                              </Identifier>
                            </ScalarOperator>
                          </Assign>
                          <Assign>
                            <ColumnReference Column="SectionEntryName" />
                            <ScalarOperator>
                              <Intrinsic FunctionName="RaiseIfNullInsert">
                                <ScalarOperator>
                                  <Identifier>
                                    <ColumnReference Table="@SectionEntries" Alias="[se]" Column="SectionEntryName" />
                                  </Identifier>
                                </ScalarOperator>
                              </Intrinsic>
                            </ScalarOperator>
                          </Assign>
                          <Assign>
                            <ColumnReference Column="Branch" />
                            <ScalarOperator>
                              <Intrinsic FunctionName="RaiseIfNullInsert">
                                <ScalarOperator>
                                  <Identifier>
                                    <ColumnReference Table="@SectionEntries" Alias="[se]" Column="Branch" />
                                  </Identifier>
                                </ScalarOperator>
                              </Intrinsic>
                            </ScalarOperator>
                          </Assign>
                          <Assign>
                            <ColumnReference Column="Build" />
                            <ScalarOperator>
                              <Intrinsic FunctionName="RaiseIfNullInsert">
                                <ScalarOperator>
                                  <Identifier>
                                    <ColumnReference Table="@SectionEntries" Alias="[se]" Column="Build" />
                                  </Identifier>
                                </ScalarOperator>
                              </Intrinsic>
                            </ScalarOperator>
                          </Assign>
                          <Assign>
                            <ColumnReference Column="Id" />
                            <ScalarOperator>
                              <Identifier>
                                <ColumnReference Column="Expr1026" />
                              </Identifier>
                            </ScalarOperator>
                          </Assign>
                          <Assign>
                            <ColumnReference Column="Name" />
                            <ScalarOperator>
                              <Identifier>
                                <ColumnReference Column="Expr1019" />
                              </Identifier>
                            </ScalarOperator>
                          </Assign>
                          <Assign>
                            <ColumnReference Column="State" />
                            <ScalarOperator>
                              <Identifier>
                                <ColumnReference Column="Expr1029" />
                              </Identifier>
                            </ScalarOperator>
                          </Assign>
                        </MultipleAssign>
                      </ScalarOperator>
                    </ScalarExpressionList>
                  </ScalarOperator>
                </SetPredicate>
                <RelOp NodeId="1" PhysicalOp="Compute Scalar" LogicalOp="Compute Scalar" EstimateRows="1" EstimateIO="0" EstimateCPU="1e-007" AvgRowSize="817" EstimatedTotalSubtreeCost="0.0212562" Parallel="0" EstimateRebinds="0" EstimateRewinds="0" EstimatedExecutionMode="Row">
                  <OutputList>
                    <ColumnReference Table="@SectionEntries" Alias="[se]" Column="SortOrder" />
                    <ColumnReference Table="@SectionEntries" Alias="[se]" Column="SectionId" />
                    <ColumnReference Table="@SectionEntries" Alias="[se]" Column="SectionEntryId" />
                    <ColumnReference Table="@SectionEntries" Alias="[se]" Column="SectionEntryName" />
                    <ColumnReference Table="@SectionEntries" Alias="[se]" Column="Branch" />
                    <ColumnReference Table="@SectionEntries" Alias="[se]" Column="Build" />
                    <ColumnReference Column="Expr1019" />
                    <ColumnReference Column="Expr1026" />
                    <ColumnReference Column="Expr1029" />
                  </OutputList>
                  <ComputeScalar>
                    <DefinedValues>
                      <DefinedValue>
                        <ColumnReference Column="Expr1029" />
                        <ScalarOperator ScalarString="CONVERT_IMPLICIT(nvarchar(20),CASE WHEN [OurLabReporting].[dbo].[Testpass].[StartDate] as [tp].[StartDate] IS NOT NULL AND [OurLabReporting].[dbo].[Testpass].[EndDate] as [tp].[EndDate] IS NOT NULL THEN N'Completed' ELSE CASE WHEN [Expr1026] IS NOT NULL THEN N'In Progress' ELSE N'Unknown' END END,0)">
                          <Convert DataType="nvarchar" Length="40" Style="0" Implicit="1">
                            <ScalarOperator>
                              <IF>
                                <Condition>
                                  <ScalarOperator>
                                    <Logical Operation="AND">
                                      <ScalarOperator>
                                        <Compare CompareOp="IS NOT">
                                          <ScalarOperator>
                                            <Identifier>
                                              <ColumnReference Database="[OurLabReporting]" Schema="[dbo]" Table="[Testpass]" Alias="[tp]" Column="StartDate" />
                                            </Identifier>
                                          </ScalarOperator>
                                          <ScalarOperator>
                                            <Const ConstValue="NULL" />
                                          </ScalarOperator>
                                        </Compare>
                                      </ScalarOperator>
                                      <ScalarOperator>
                                        <Compare CompareOp="IS NOT">
                                          <ScalarOperator>
                                            <Identifier>
                                              <ColumnReference Database="[OurLabReporting]" Schema="[dbo]" Table="[Testpass]" Alias="[tp]" Column="EndDate" />
                                            </Identifier>
                                          </ScalarOperator>
                                          <ScalarOperator>
                                            <Const ConstValue="NULL" />
                                          </ScalarOperator>
                                        </Compare>
                                      </ScalarOperator>
                                    </Logical>
                                  </ScalarOperator>
                                </Condition>
                                <Then>
                                  <ScalarOperator>
                                    <Const ConstValue="N'Completed'" />
                                  </ScalarOperator>
                                </Then>
                                <Else>
                                  <ScalarOperator>
                                    <IF>
                                      <Condition>
                                        <ScalarOperator>
                                          <Compare CompareOp="IS NOT">
                                            <ScalarOperator>
                                              <Identifier>
                                                <ColumnReference Column="Expr1026" />
                                              </Identifier>
                                            </ScalarOperator>
                                            <ScalarOperator>
                                              <Const ConstValue="NULL" />
                                            </ScalarOperator>
                                          </Compare>
                                        </ScalarOperator>
                                      </Condition>
                                      <Then>
                                        <ScalarOperator>
                                          <Const ConstValue="N'In Progress'" />
                                        </ScalarOperator>
                                      </Then>
                                      <Else>
                                        <ScalarOperator>
                                          <Const ConstValue="N'Unknown'" />
                                        </ScalarOperator>
                                      </Else>
                                    </IF>
                                  </ScalarOperator>
                                </Else>
                              </IF>
                            </ScalarOperator>
                          </Convert>
                        </ScalarOperator>
                      </DefinedValue>
                    </DefinedValues>
                    <RelOp NodeId="2" PhysicalOp="Nested Loops" LogicalOp="Left Outer Join" EstimateRows="1" EstimateIO="0" EstimateCPU="4.18e-006" AvgRowSize="811" EstimatedTotalSubtreeCost="0.0212561" Parallel="0" EstimateRebinds="0" EstimateRewinds="0" EstimatedExecutionMode="Row">
                      <OutputList>
                        <ColumnReference Table="@SectionEntries" Alias="[se]" Column="SortOrder" />
                        <ColumnReference Table="@SectionEntries" Alias="[se]" Column="SectionId" />
                        <ColumnReference Table="@SectionEntries" Alias="[se]" Column="SectionEntryId" />
                        <ColumnReference Table="@SectionEntries" Alias="[se]" Column="SectionEntryName" />
                        <ColumnReference Table="@SectionEntries" Alias="[se]" Column="Branch" />
                        <ColumnReference Table="@SectionEntries" Alias="[se]" Column="Build" />
                        <ColumnReference Column="Expr1019" />
                        <ColumnReference Column="Expr1026" />
                        <ColumnReference Database="[OurLabReporting]" Schema="[dbo]" Table="[Testpass]" Alias="[tp]" Column="StartDate" />
                        <ColumnReference Database="[OurLabReporting]" Schema="[dbo]" Table="[Testpass]" Alias="[tp]" Column="EndDate" />
                      </OutputList>
                      <NestedLoops Optimized="0">
                        <OuterReferences>
                          <ColumnReference Column="Expr1026" />
                        </OuterReferences>
                        <RelOp NodeId="3" PhysicalOp="Nested Loops" LogicalOp="Left Outer Join" EstimateRows="1" EstimateIO="0" EstimateCPU="4.18e-006" AvgRowSize="794" EstimatedTotalSubtreeCost="0.0179688" Parallel="0" EstimateRebinds="0" EstimateRewinds="0" EstimatedExecutionMode="Row">
                          <OutputList>
                            <ColumnReference Table="@SectionEntries" Alias="[se]" Column="SortOrder" />
                            <ColumnReference Table="@SectionEntries" Alias="[se]" Column="SectionId" />
                            <ColumnReference Table="@SectionEntries" Alias="[se]" Column="SectionEntryId" />
                            <ColumnReference Table="@SectionEntries" Alias="[se]" Column="SectionEntryName" />
                            <ColumnReference Table="@SectionEntries" Alias="[se]" Column="Branch" />
                            <ColumnReference Table="@SectionEntries" Alias="[se]" Column="Build" />
                            <ColumnReference Column="Expr1019" />
                            <ColumnReference Column="Expr1026" />
                          </OutputList>
                          <NestedLoops Optimized="0">
                            <OuterReferences>
                              <ColumnReference Table="@SectionEntries" Alias="[se]" Column="Branch" />
                              <ColumnReference Table="@SectionEntries" Alias="[se]" Column="TellusBuild" />
                              <ColumnReference Column="Expr1018" />
                            </OuterReferences>
                            <RelOp NodeId="4" PhysicalOp="Nested Loops" LogicalOp="Left Outer Join" EstimateRows="1" EstimateIO="0" EstimateCPU="4.18e-006" AvgRowSize="1053" EstimatedTotalSubtreeCost="0.00658217" Parallel="0" EstimateRebinds="0" EstimateRewinds="0" EstimatedExecutionMode="Row">
                              <OutputList>
                                <ColumnReference Table="@SectionEntries" Alias="[se]" Column="SortOrder" />
                                <ColumnReference Table="@SectionEntries" Alias="[se]" Column="SectionId" />
                                <ColumnReference Table="@SectionEntries" Alias="[se]" Column="SectionEntryId" />
                                <ColumnReference Table="@SectionEntries" Alias="[se]" Column="SectionEntryName" />
                                <ColumnReference Table="@SectionEntries" Alias="[se]" Column="Branch" />
                                <ColumnReference Table="@SectionEntries" Alias="[se]" Column="Build" />
                                <ColumnReference Table="@SectionEntries" Alias="[se]" Column="TellusBuild" />
                                <ColumnReference Column="Expr1018" />
                                <ColumnReference Column="Expr1019" />
                              </OutputList>
                              <NestedLoops Optimized="0">
                                <OuterReferences>
                                  <ColumnReference Column="Expr1015" />
                                </OuterReferences>
                                <RelOp NodeId="5" PhysicalOp="Compute Scalar" LogicalOp="Compute Scalar" EstimateRows="1" EstimateIO="0" EstimateCPU="1e-007" AvgRowSize="1922" EstimatedTotalSubtreeCost="0.00329469" Parallel="0" EstimateRebinds="0" EstimateRewinds="0" EstimatedExecutionMode="Row">
                                  <OutputList>
                                    <ColumnReference Table="@SectionEntries" Alias="[se]" Column="SortOrder" />
                                    <ColumnReference Table="@SectionEntries" Alias="[se]" Column="SectionId" />
                                    <ColumnReference Table="@SectionEntries" Alias="[se]" Column="SectionEntryId" />
                                    <ColumnReference Table="@SectionEntries" Alias="[se]" Column="SectionEntryName" />
                                    <ColumnReference Table="@SectionEntries" Alias="[se]" Column="Branch" />
                                    <ColumnReference Table="@SectionEntries" Alias="[se]" Column="Build" />
                                    <ColumnReference Table="@SectionEntries" Alias="[se]" Column="TellusBuild" />
                                    <ColumnReference Column="Expr1015" />
                                  </OutputList>
                                  <ComputeScalar>
                                    <DefinedValues>
                                      <DefinedValue>
                                        <ColumnReference Column="Expr1015" />
                                        <ScalarOperator ScalarString="rtrim(ltrim(substring([Expr1030],[Recr1012],CASE WHEN [Recr1013]&gt;(1) THEN [Recr1013]-[Recr1012]-(1) ELSE len(CONVERT_IMPLICIT(varchar(2048),@SectionEntries.[TestPassName] as [se].[TestPassName],0))-[Recr1012]+(1) END)))">
                                          <Intrinsic FunctionName="rtrim">
                                            <ScalarOperator>
                                              <Intrinsic FunctionName="ltrim">
                                                <ScalarOperator>
                                                  <Intrinsic FunctionName="substring">
                                                    <ScalarOperator>
                                                      <Identifier>
                                                        <ColumnReference Column="Expr1030" />
                                                      </Identifier>
                                                    </ScalarOperator>
                                                    <ScalarOperator>
                                                      <Identifier>
                                                        <ColumnReference Column="Recr1012" />
                                                      </Identifier>
                                                    </ScalarOperator>
                                                    <ScalarOperator>
                                                      <IF>
                                                        <Condition>
                                                          <ScalarOperator>
                                                            <Compare CompareOp="GT">
                                                              <ScalarOperator>
                                                                <Identifier>
                                                                  <ColumnReference Column="Recr1013" />
                                                                </Identifier>
                                                              </ScalarOperator>
                                                              <ScalarOperator>
                                                                <Const ConstValue="(1)" />
                                                              </ScalarOperator>
                                                            </Compare>
                                                          </ScalarOperator>
                                                        </Condition>
                                                        <Then>
                                                          <ScalarOperator>
                                                            <Arithmetic Operation="SUB">
                                                              <ScalarOperator>
                                                                <Arithmetic Operation="SUB">
                                                                  <ScalarOperator>
                                                                    <Identifier>
                                                                      <ColumnReference Column="Recr1013" />
                                                                    </Identifier>
                                                                  </ScalarOperator>
                                                                  <ScalarOperator>
                                                                    <Identifier>
                                                                      <ColumnReference Column="Recr1012" />
                                                                    </Identifier>
                                                                  </ScalarOperator>
                                                                </Arithmetic>
                                                              </ScalarOperator>
                                                              <ScalarOperator>
                                                                <Const ConstValue="(1)" />
                                                              </ScalarOperator>
                                                            </Arithmetic>
                                                          </ScalarOperator>
                                                        </Then>
                                                        <Else>
                                                          <ScalarOperator>
                                                            <Arithmetic Operation="ADD">
                                                              <ScalarOperator>
                                                                <Arithmetic Operation="SUB">
                                                                  <ScalarOperator>
                                                                    <Intrinsic FunctionName="len">
                                                                      <ScalarOperator>
                                                                        <Convert DataType="varchar" Length="2048" Style="0" Implicit="1">
                                                                          <ScalarOperator>
                                                                            <Identifier>
                                                                              <ColumnReference Table="@SectionEntries" Alias="[se]" Column="TestPassName" />
                                                                            </Identifier>
                                                                          </ScalarOperator>
                                                                        </Convert>
                                                                      </ScalarOperator>
                                                                    </Intrinsic>
                                                                  </ScalarOperator>
                                                                  <ScalarOperator>
                                                                    <Identifier>
                                                                      <ColumnReference Column="Recr1012" />
                                                                    </Identifier>
                                                                  </ScalarOperator>
                                                                </Arithmetic>
                                                              </ScalarOperator>
                                                              <ScalarOperator>
                                                                <Const ConstValue="(1)" />
                                                              </ScalarOperator>
                                                            </Arithmetic>
                                                          </ScalarOperator>
                                                        </Else>
                                                      </IF>
                                                    </ScalarOperator>
                                                  </Intrinsic>
                                                </ScalarOperator>
                                              </Intrinsic>
                                            </ScalarOperator>
                                          </Intrinsic>
                                        </ScalarOperator>
                                      </DefinedValue>
                                    </DefinedValues>
                                    <RelOp NodeId="6" PhysicalOp="Nested Loops" LogicalOp="Inner Join" EstimateRows="1" EstimateIO="0" EstimateCPU="4.18e-006" AvgRowSize="2433" EstimatedTotalSubtreeCost="0.00329459" Parallel="0" EstimateRebinds="0" EstimateRewinds="0" EstimatedExecutionMode="Row">
                                      <OutputList>
                                        <ColumnReference Table="@SectionEntries" Alias="[se]" Column="SortOrder" />
                                        <ColumnReference Table="@SectionEntries" Alias="[se]" Column="SectionId" />
                                        <ColumnReference Table="@SectionEntries" Alias="[se]" Column="SectionEntryId" />
                                        <ColumnReference Table="@SectionEntries" Alias="[se]" Column="SectionEntryName" />
                                        <ColumnReference Table="@SectionEntries" Alias="[se]" Column="Branch" />
                                        <ColumnReference Table="@SectionEntries" Alias="[se]" Column="Build" />
                                        <ColumnReference Table="@SectionEntries" Alias="[se]" Column="TellusBuild" />
                                        <ColumnReference Table="@SectionEntries" Alias="[se]" Column="TestPassName" />
                                        <ColumnReference Column="Recr1012" />
                                        <ColumnReference Column="Recr1013" />
                                        <ColumnReference Column="Expr1030" />
                                      </OutputList>
                                      <NestedLoops Optimized="0">
                                        <OuterReferences>
                                          <ColumnReference Table="@SectionEntries" Alias="[se]" Column="TestPassName" />
                                        </OuterReferences>
                                        <RelOp NodeId="7" PhysicalOp="Compute Scalar" LogicalOp="Compute Scalar" EstimateRows="1" EstimateIO="0" EstimateCPU="1e-007" AvgRowSize="2425" EstimatedTotalSubtreeCost="0.0032832" Parallel="0" EstimateRebinds="0" EstimateRewinds="0" EstimatedExecutionMode="Row">
                                          <OutputList>
                                            <ColumnReference Table="@SectionEntries" Alias="[se]" Column="SortOrder" />
                                            <ColumnReference Table="@SectionEntries" Alias="[se]" Column="SectionId" />
                                            <ColumnReference Table="@SectionEntries" Alias="[se]" Column="SectionEntryId" />
                                            <ColumnReference Table="@SectionEntries" Alias="[se]" Column="SectionEntryName" />
                                            <ColumnReference Table="@SectionEntries" Alias="[se]" Column="Branch" />
                                            <ColumnReference Table="@SectionEntries" Alias="[se]" Column="Build" />
                                            <ColumnReference Table="@SectionEntries" Alias="[se]" Column="TellusBuild" />
                                            <ColumnReference Table="@SectionEntries" Alias="[se]" Column="TestPassName" />
                                            <ColumnReference Column="Expr1030" />
                                          </OutputList>
                                          <ComputeScalar>
                                            <DefinedValues>
                                              <DefinedValue>
                                                <ColumnReference Column="Expr1030" />
                                                <ScalarOperator ScalarString="CONVERT_IMPLICIT(varchar(2048),@SectionEntries.[TestPassName] as [se].[TestPassName],0)">
                                                  <Convert DataType="varchar" Length="2048" Style="0" Implicit="1">
                                                    <ScalarOperator>
                                                      <Identifier>
                                                        <ColumnReference Table="@SectionEntries" Alias="[se]" Column="TestPassName" />
                                                      </Identifier>
                                                    </ScalarOperator>
                                                  </Convert>
                                                </ScalarOperator>
                                              </DefinedValue>
                                            </DefinedValues>
                                            <RelOp NodeId="8" PhysicalOp="Table Scan" LogicalOp="Table Scan" EstimateRows="1" EstimateIO="0.003125" EstimateCPU="0.0001581" AvgRowSize="1398" EstimatedTotalSubtreeCost="0.0032831" TableCardinality="0" Parallel="0" EstimateRebinds="0" EstimateRewinds="0" EstimatedExecutionMode="Row">
                                              <OutputList>
                                                <ColumnReference Table="@SectionEntries" Alias="[se]" Column="SortOrder" />
                                                <ColumnReference Table="@SectionEntries" Alias="[se]" Column="SectionId" />
                                                <ColumnReference Table="@SectionEntries" Alias="[se]" Column="SectionEntryId" />
                                                <ColumnReference Table="@SectionEntries" Alias="[se]" Column="SectionEntryName" />
                                                <ColumnReference Table="@SectionEntries" Alias="[se]" Column="Branch" />
                                                <ColumnReference Table="@SectionEntries" Alias="[se]" Column="Build" />
                                                <ColumnReference Table="@SectionEntries" Alias="[se]" Column="TellusBuild" />
                                                <ColumnReference Table="@SectionEntries" Alias="[se]" Column="TestPassName" />
                                              </OutputList>
                                              <TableScan Ordered="0" ForcedIndex="0" ForceScan="0" NoExpandHint="0">
                                                <DefinedValues>
                                                  <DefinedValue>
                                                    <ColumnReference Table="@SectionEntries" Alias="[se]" Column="SortOrder" />
                                                  </DefinedValue>
                                                  <DefinedValue>
                                                    <ColumnReference Table="@SectionEntries" Alias="[se]" Column="SectionId" />
                                                  </DefinedValue>
                                                  <DefinedValue>
                                                    <ColumnReference Table="@SectionEntries" Alias="[se]" Column="SectionEntryId" />
                                                  </DefinedValue>
                                                  <DefinedValue>
                                                    <ColumnReference Table="@SectionEntries" Alias="[se]" Column="SectionEntryName" />
                                                  </DefinedValue>
                                                  <DefinedValue>
                                                    <ColumnReference Table="@SectionEntries" Alias="[se]" Column="Branch" />
                                                  </DefinedValue>
                                                  <DefinedValue>
                                                    <ColumnReference Table="@SectionEntries" Alias="[se]" Column="Build" />
                                                  </DefinedValue>
                                                  <DefinedValue>
                                                    <ColumnReference Table="@SectionEntries" Alias="[se]" Column="TellusBuild" />
                                                  </DefinedValue>
                                                  <DefinedValue>
                                                    <ColumnReference Table="@SectionEntries" Alias="[se]" Column="TestPassName" />
                                                  </DefinedValue>
                                                </DefinedValues>
                                                <Object Table="[@SectionEntries]" Alias="[se]" />
                                              </TableScan>
                                            </RelOp>
                                          </ComputeScalar>
                                        </RelOp>
                                        <RelOp NodeId="12" PhysicalOp="Filter" LogicalOp="Filter" EstimateRows="1" EstimateIO="0" EstimateCPU="9.6e-007" AvgRowSize="15" EstimatedTotalSubtreeCost="7.214e-006" Parallel="0" EstimateRebinds="0" EstimateRewinds="0" EstimatedExecutionMode="Row">
                                          <OutputList>
                                            <ColumnReference Column="Recr1012" />
                                            <ColumnReference Column="Recr1013" />
                                          </OutputList>
                                          <Filter StartupExpression="0">
                                            <RelOp NodeId="13" PhysicalOp="Index Spool" LogicalOp="Lazy Spool" EstimateRows="2" EstimateIO="0" EstimateCPU="1e-008" AvgRowSize="15" EstimatedTotalSubtreeCost="6.254e-006" Parallel="0" EstimateRebinds="0" EstimateRewinds="0" EstimatedExecutionMode="Row">
                                              <OutputList>
                                                <ColumnReference Column="Expr1035" />
                                                <ColumnReference Column="Recr1012" />
                                                <ColumnReference Column="Recr1013" />
                                              </OutputList>
                                              <Spool Stack="1">
                                                <RelOp NodeId="14" PhysicalOp="Concatenation" LogicalOp="Concatenation" EstimateRows="2" EstimateIO="0" EstimateCPU="2e-009" AvgRowSize="15" EstimatedTotalSubtreeCost="4.664e-006" Parallel="0" EstimateRebinds="0" EstimateRewinds="0" EstimatedExecutionMode="Row">
                                                  <OutputList>
                                                    <ColumnReference Column="Expr1035" />
                                                    <ColumnReference Column="Recr1012" />
                                                    <ColumnReference Column="Recr1013" />
                                                  </OutputList>
                                                  <Concat>
                                                    <DefinedValues>
                                                      <DefinedValue>
                                                        <ColumnReference Column="Expr1035" />
                                                        <ColumnReference Column="Expr1032" />
                                                        <ColumnReference Column="Expr1034" />
                                                      </DefinedValue>
                                                      <DefinedValue>
                                                        <ColumnReference Column="Recr1012" />
                                                        <ColumnReference Column="Expr1007" />
                                                        <ColumnReference Column="Recr1010" />
                                                      </DefinedValue>
                                                      <DefinedValue>
                                                        <ColumnReference Column="Recr1013" />
                                                        <ColumnReference Column="Expr1008" />
                                                        <ColumnReference Column="Expr1011" />
                                                      </DefinedValue>
                                                    </DefinedValues>
                                                    <RelOp NodeId="15" PhysicalOp="Compute Scalar" LogicalOp="Compute Scalar" EstimateRows="1" EstimateIO="0" EstimateCPU="2e-008" AvgRowSize="15" EstimatedTotalSubtreeCost="2e-008" Parallel="0" EstimateRebinds="2" EstimateRewinds="0" EstimatedExecutionMode="Row">
                                                      <OutputList>
                                                        <ColumnReference Column="Expr1032" />
                                                        <ColumnReference Column="Expr1007" />
                                                        <ColumnReference Column="Expr1008" />
                                                      </OutputList>
                                                      <ComputeScalar>
                                                        <DefinedValues>
                                                          <DefinedValue>
                                                            <ColumnReference Column="Expr1032" />
                                                            <ScalarOperator ScalarString="(0)">
                                                              <Const ConstValue="(0)" />
                                                            </ScalarOperator>
                                                          </DefinedValue>
                                                        </DefinedValues>
                                                        <RelOp NodeId="16" PhysicalOp="Constant Scan" LogicalOp="Constant Scan" EstimateRows="1" EstimateIO="0" EstimateCPU="1.157e-006" AvgRowSize="15" EstimatedTotalSubtreeCost="1.157e-006" Parallel="0" EstimateRebinds="0" EstimateRewinds="0" EstimatedExecutionMode="Row">
                                                          <OutputList>
                                                            <ColumnReference Column="Expr1007" />
                                                            <ColumnReference Column="Expr1008" />
                                                          </OutputList>
                                                          <ConstantScan>
                                                            <Values>
                                                              <Row>
                                                                <ScalarOperator ScalarString="(0)">
                                                                  <Const ConstValue="(0)" />
                                                                </ScalarOperator>
                                                                <ScalarOperator ScalarString="(1)">
                                                                  <Const ConstValue="(1)" />
                                                                </ScalarOperator>
                                                              </Row>
                                                            </Values>
                                                          </ConstantScan>
                                                        </RelOp>
                                                      </ComputeScalar>
                                                    </RelOp>
                                                    <RelOp NodeId="22" PhysicalOp="Assert" LogicalOp="Assert" EstimateRows="2" EstimateIO="0" EstimateCPU="1.68e-007" AvgRowSize="15" EstimatedTotalSubtreeCost="3.505e-006" Parallel="0" EstimateRebinds="2" EstimateRewinds="0" EstimatedExecutionMode="Row">
                                                      <OutputList>
                                                        <ColumnReference Column="Expr1034" />
                                                        <ColumnReference Column="Recr1010" />
                                                        <ColumnReference Column="Expr1011" />
                                                      </OutputList>
                                                      <Assert StartupExpression="0">
                                                        <RelOp NodeId="23" PhysicalOp="Nested Loops" LogicalOp="Inner Join" EstimateRows="2" EstimateIO="0" EstimateCPU="1.68e-007" AvgRowSize="15" EstimatedTotalSubtreeCost="3.505e-006" Parallel="0" EstimateRebinds="2" EstimateRewinds="0" EstimatedExecutionMode="Row">
                                                          <OutputList>
                                                            <ColumnReference Column="Expr1034" />
                                                            <ColumnReference Column="Recr1010" />
                                                            <ColumnReference Column="Expr1011" />
                                                          </OutputList>
                                                          <NestedLoops Optimized="0">
                                                            <OuterReferences>
                                                              <ColumnReference Column="Expr1034" />
                                                              <ColumnReference Column="Recr1009" />
                                                              <ColumnReference Column="Recr1010" />
                                                            </OuterReferences>
                                                            <RelOp NodeId="24" PhysicalOp="Compute Scalar" LogicalOp="Compute Scalar" EstimateRows="1" EstimateIO="0" EstimateCPU="2e-008" AvgRowSize="15" EstimatedTotalSubtreeCost="2e-008" Parallel="0" EstimateRebinds="2" EstimateRewinds="0" EstimatedExecutionMode="Row">
                                                              <OutputList>
                                                                <ColumnReference Column="Expr1034" />
                                                                <ColumnReference Column="Recr1009" />
                                                                <ColumnReference Column="Recr1010" />
                                                              </OutputList>
                                                              <ComputeScalar>
                                                                <DefinedValues>
                                                                  <DefinedValue>
                                                                    <ColumnReference Column="Expr1034" />
                                                                    <ScalarOperator ScalarString="[Expr1033]+(1)">
                                                                      <Arithmetic Operation="ADD">
                                                                        <ScalarOperator>
                                                                          <Identifier>
                                                                            <ColumnReference Column="Expr1033" />
                                                                          </Identifier>
                                                                        </ScalarOperator>
                                                                        <ScalarOperator>
                                                                          <Const ConstValue="(1)" />
                                                                        </ScalarOperator>
                                                                      </Arithmetic>
                                                                    </ScalarOperator>
                                                                  </DefinedValue>
                                                                </DefinedValues>
                                                                <RelOp NodeId="25" PhysicalOp="Table Spool" LogicalOp="Lazy Spool" EstimateRows="1" EstimateIO="0" EstimateCPU="2e-008" AvgRowSize="15" EstimatedTotalSubtreeCost="2e-008" Parallel="0" EstimateRebinds="2" EstimateRewinds="0" EstimatedExecutionMode="Row">
                                                                  <OutputList>
                                                                    <ColumnReference Column="Expr1033" />
                                                                    <ColumnReference Column="Recr1009" />
                                                                    <ColumnReference Column="Recr1010" />
                                                                  </OutputList>
                                                                  <Spool PrimaryNodeId="13" Stack="1" />
                                                                </RelOp>
                                                              </ComputeScalar>
                                                            </RelOp>
                                                            <RelOp NodeId="29" PhysicalOp="Compute Scalar" LogicalOp="Compute Scalar" EstimateRows="1" EstimateIO="0" EstimateCPU="1e-007" AvgRowSize="11" EstimatedTotalSubtreeCost="3.317e-006" Parallel="0" EstimateRebinds="1" EstimateRewinds="0" EstimatedExecutionMode="Row">
                                                              <OutputList>
                                                                <ColumnReference Column="Expr1011" />
                                                              </OutputList>
                                                              <ComputeScalar>
                                                                <DefinedValues>
                                                                  <DefinedValue>
                                                                    <ColumnReference Column="Expr1011" />
                                                                    <ScalarOperator ScalarString="charindex(',',CONVERT_IMPLICIT(varchar(2048),@SectionEntries.[TestPassName] as [se].[TestPassName],0),[Recr1010])+(1)">
                                                                      <Arithmetic Operation="ADD">
                                                                        <ScalarOperator>
                                                                          <Intrinsic FunctionName="charindex">
                                                                            <ScalarOperator>
                                                                              <Const ConstValue="','" />
                                                                            </ScalarOperator>
                                                                            <ScalarOperator>
                                                                              <Convert DataType="varchar" Length="2048" Style="0" Implicit="1">
                                                                                <ScalarOperator>
                                                                                  <Identifier>
                                                                                    <ColumnReference Table="@SectionEntries" Alias="[se]" Column="TestPassName" />
                                                                                  </Identifier>
                                                                                </ScalarOperator>
                                                                              </Convert>
                                                                            </ScalarOperator>
                                                                            <ScalarOperator>
                                                                              <Identifier>
                                                                                <ColumnReference Column="Recr1010" />
                                                                              </Identifier>
                                                                            </ScalarOperator>
                                                                          </Intrinsic>
                                                                        </ScalarOperator>
                                                                        <ScalarOperator>
                                                                          <Const ConstValue="(1)" />
                                                                        </ScalarOperator>
                                                                      </Arithmetic>
                                                                    </ScalarOperator>
                                                                  </DefinedValue>
                                                                </DefinedValues>
                                                                <RelOp NodeId="30" PhysicalOp="Filter" LogicalOp="Filter" EstimateRows="1" EstimateIO="0" EstimateCPU="4.8e-007" AvgRowSize="9" EstimatedTotalSubtreeCost="3.117e-006" Parallel="0" EstimateRebinds="1" EstimateRewinds="0" EstimatedExecutionMode="Row">
                                                                  <OutputList />
                                                                  <Filter StartupExpression="1">
                                                                    <RelOp NodeId="31" PhysicalOp="Constant Scan" LogicalOp="Constant Scan" EstimateRows="1" EstimateIO="0" EstimateCPU="1.157e-006" AvgRowSize="9" EstimatedTotalSubtreeCost="2.157e-006" Parallel="0" EstimateRebinds="0" EstimateRewinds="1" EstimatedExecutionMode="Row">
                                                                      <OutputList />
                                                                      <ConstantScan />
                                                                    </RelOp>
                                                                    <Predicate>
                                                                      <ScalarOperator ScalarString="[Recr1010]&gt;[Recr1009]">
                                                                        <Compare CompareOp="GT">
                                                                          <ScalarOperator>
                                                                            <Identifier>
                                                                              <ColumnReference Column="Recr1010" />
                                                                            </Identifier>
                                                                          </ScalarOperator>
                                                                          <ScalarOperator>
                                                                            <Identifier>
                                                                              <ColumnReference Column="Recr1009" />
                                                                            </Identifier>
                                                                          </ScalarOperator>
                                                                        </Compare>
                                                                      </ScalarOperator>
                                                                    </Predicate>
                                                                  </Filter>
                                                                </RelOp>
                                                              </ComputeScalar>
                                                            </RelOp>
                                                          </NestedLoops>
                                                        </RelOp>
                                                        <Predicate>
                                                          <ScalarOperator ScalarString="CASE WHEN [Expr1034]&gt;(100) THEN (0) ELSE NULL END">
                                                            <IF>
                                                              <Condition>
                                                                <ScalarOperator>
                                                                  <Compare CompareOp="GT">
                                                                    <ScalarOperator>
                                                                      <Identifier>
                                                                        <ColumnReference Column="Expr1034" />
                                                                      </Identifier>
                                                                    </ScalarOperator>
                                                                    <ScalarOperator>
                                                                      <Const ConstValue="(100)" />
                                                                    </ScalarOperator>
                                                                  </Compare>
                                                                </ScalarOperator>
                                                              </Condition>
                                                              <Then>
                                                                <ScalarOperator>
                                                                  <Const ConstValue="(0)" />
                                                                </ScalarOperator>
                                                              </Then>
                                                              <Else>
                                                                <ScalarOperator>
                                                                  <Const ConstValue="NULL" />
                                                                </ScalarOperator>
                                                              </Else>
                                                            </IF>
                                                          </ScalarOperator>
                                                        </Predicate>
                                                      </Assert>
                                                    </RelOp>
                                                  </Concat>
                                                </RelOp>
                                              </Spool>
                                            </RelOp>
                                            <Predicate>
                                              <ScalarOperator ScalarString="[Recr1012]&gt;(0)">
                                                <Compare CompareOp="GT">
                                                  <ScalarOperator>
                                                    <Identifier>
                                                      <ColumnReference Column="Recr1012" />
                                                    </Identifier>
                                                  </ScalarOperator>
                                                  <ScalarOperator>
                                                    <Const ConstValue="(0)" />
                                                  </ScalarOperator>
                                                </Compare>
                                              </ScalarOperator>
                                            </Predicate>
                                          </Filter>
                                        </RelOp>
                                      </NestedLoops>
                                    </RelOp>
                                  </ComputeScalar>
                                </RelOp>
                                <RelOp NodeId="41" PhysicalOp="Top" LogicalOp="Top" EstimateRows="1" EstimateIO="0" EstimateCPU="1e-007" AvgRowSize="165" EstimatedTotalSubtreeCost="0.0032833" Parallel="0" EstimateRebinds="0" EstimateRewinds="0" EstimatedExecutionMode="Row">
                                  <OutputList>
                                    <ColumnReference Column="Expr1018" />
                                    <ColumnReference Column="Expr1019" />
                                  </OutputList>
                                  <Top RowCount="0" IsPercent="0" WithTies="0">
                                    <TopExpression>
                                      <ScalarOperator ScalarString="(1)">
                                        <Const ConstValue="(1)" />
                                      </ScalarOperator>
                                    </TopExpression>
                                    <RelOp NodeId="42" PhysicalOp="Compute Scalar" LogicalOp="Compute Scalar" EstimateRows="1" EstimateIO="0" EstimateCPU="1.0246e-007" AvgRowSize="169" EstimatedTotalSubtreeCost="0.0032832" Parallel="0" EstimateRebinds="0" EstimateRewinds="0" EstimatedExecutionMode="Row">
                                      <OutputList>
                                        <ColumnReference Database="[OurLabReporting]" Schema="[dbo]" Table="[TestpassDefinition]" Alias="[tpd]" Column="Id" />
                                        <ColumnReference Column="Expr1018" />
                                        <ColumnReference Column="Expr1019" />
                                      </OutputList>
                                      <ComputeScalar>
                                        <DefinedValues>
                                          <DefinedValue>
                                            <ColumnReference Column="Expr1018" />
                                            <ScalarOperator ScalarString="[OurLabReporting].[dbo].[TestpassDefinition].[Id] as [tpd].[Id]">
                                              <Identifier>
                                                <ColumnReference Database="[OurLabReporting]" Schema="[dbo]" Table="[TestpassDefinition]" Alias="[tpd]" Column="Id" />
                                              </Identifier>
                                            </ScalarOperator>
                                          </DefinedValue>
                                          <DefinedValue>
                                            <ColumnReference Column="Expr1019" />
                                            <ScalarOperator ScalarString="[OurLabReporting].[dbo].[TestpassDefinition].[Name] as [tpd].[Name]">
                                              <Identifier>
                                                <ColumnReference Database="[OurLabReporting]" Schema="[dbo]" Table="[TestpassDefinition]" Alias="[tpd]" Column="Name" />
                                              </Identifier>
                                            </ScalarOperator>
                                          </DefinedValue>
                                        </DefinedValues>
                                        <RelOp NodeId="43" PhysicalOp="Index Seek" LogicalOp="Index Seek" EstimateRows="1" EstimateIO="0.003125" EstimateCPU="0.000158127" AvgRowSize="98" EstimatedTotalSubtreeCost="0.0032831" TableCardinality="1875" Parallel="0" EstimateRebinds="0" EstimateRewinds="0" EstimatedExecutionMode="Row">
                                          <OutputList>
                                            <ColumnReference Database="[OurLabReporting]" Schema="[dbo]" Table="[TestpassDefinition]" Alias="[tpd]" Column="Id" />
                                            <ColumnReference Database="[OurLabReporting]" Schema="[dbo]" Table="[TestpassDefinition]" Alias="[tpd]" Column="Name" />
                                          </OutputList>
                                          <IndexScan Ordered="1" ScanDirection="BACKWARD" ForcedIndex="0" ForceSeek="0" ForceScan="0" NoExpandHint="0" Storage="RowStore">
                                            <DefinedValues>
                                              <DefinedValue>
                                                <ColumnReference Database="[OurLabReporting]" Schema="[dbo]" Table="[TestpassDefinition]" Alias="[tpd]" Column="Id" />
                                              </DefinedValue>
                                              <DefinedValue>
                                                <ColumnReference Database="[OurLabReporting]" Schema="[dbo]" Table="[TestpassDefinition]" Alias="[tpd]" Column="Name" />
                                              </DefinedValue>
                                            </DefinedValues>
                                            <Object Database="[OurLabReporting]" Schema="[dbo]" Table="[TestpassDefinition]" Index="[IX_TestpassDefinition_Name_Include_Id]" Alias="[tpd]" IndexKind="NonClustered" />
                                            <SeekPredicates>
                                              <SeekPredicateNew>
                                                <SeekKeys>
                                                  <Prefix ScanType="EQ">
                                                    <RangeColumns>
                                                      <ColumnReference Database="[OurLabReporting]" Schema="[dbo]" Table="[TestpassDefinition]" Alias="[tpd]" Column="Name" />
                                                    </RangeColumns>
                                                    <RangeExpressions>
                                                      <ScalarOperator ScalarString="CONVERT_IMPLICIT(nvarchar(2048),[Expr1015],0)">
                                                        <Convert DataType="nvarchar" Length="4096" Style="0" Implicit="1">
                                                          <ScalarOperator>
                                                            <Identifier>
                                                              <ColumnReference Column="Expr1015" />
                                                            </Identifier>
                                                          </ScalarOperator>
                                                        </Convert>
                                                      </ScalarOperator>
                                                    </RangeExpressions>
                                                  </Prefix>
                                                </SeekKeys>
                                              </SeekPredicateNew>
                                            </SeekPredicates>
                                          </IndexScan>
                                        </RelOp>
                                      </ComputeScalar>
                                    </RelOp>
                                  </Top>
                                </RelOp>
                              </NestedLoops>
                            </RelOp>
                            <RelOp NodeId="50" PhysicalOp="Compute Scalar" LogicalOp="Compute Scalar" EstimateRows="1" EstimateIO="0" EstimateCPU="1e-007" AvgRowSize="11" EstimatedTotalSubtreeCost="0.0113824" Parallel="0" EstimateRebinds="0" EstimateRewinds="0" EstimatedExecutionMode="Row">
                              <OutputList>
                                <ColumnReference Column="Expr1026" />
                              </OutputList>
                              <ComputeScalar>
                                <DefinedValues>
                                  <DefinedValue>
                                    <ColumnReference Column="Expr1026" />
                                    <ScalarOperator ScalarString="[Expr1022]">
                                      <Identifier>
                                        <ColumnReference Column="Expr1022" />
                                      </Identifier>
                                    </ScalarOperator>
                                  </DefinedValue>
                                </DefinedValues>
                                <RelOp NodeId="51" PhysicalOp="Stream Aggregate" LogicalOp="Aggregate" EstimateRows="1" EstimateIO="0" EstimateCPU="1.1e-006" AvgRowSize="11" EstimatedTotalSubtreeCost="0.0113823" Parallel="0" EstimateRebinds="0" EstimateRewinds="0" EstimatedExecutionMode="Row">
                                  <OutputList>
                                    <ColumnReference Column="Expr1022" />
                                  </OutputList>
                                  <StreamAggregate>
                                    <DefinedValues>
                                      <DefinedValue>
                                        <ColumnReference Column="Expr1022" />
                                        <ScalarOperator ScalarString="MAX([OurLabReporting].[dbo].[View_BuildTestpassMix].[TestPassId] as [btm].[TestPassId])">
                                          <Aggregate Distinct="0" AggType="MAX">
                                            <ScalarOperator>
                                              <Identifier>
                                                <ColumnReference Database="[OurLabReporting]" Schema="[dbo]" Table="[View_BuildTestpassMix]" Alias="[btm]" Column="TestPassId" />
                                              </Identifier>
                                            </ScalarOperator>
                                          </Aggregate>
                                        </ScalarOperator>
                                      </DefinedValue>
                                    </DefinedValues>
                                    <RelOp NodeId="52" PhysicalOp="Nested Loops" LogicalOp="Inner Join" EstimateRows="1" EstimateIO="0" EstimateCPU="4.18e-006" AvgRowSize="39" EstimatedTotalSubtreeCost="0.0113808" Parallel="0" EstimateRebinds="0" EstimateRewinds="0" EstimatedExecutionMode="Row">
                                      <OutputList>
                                        <ColumnReference Database="[OurLabReporting]" Schema="[dbo]" Table="[View_BuildTestpassMix]" Alias="[btm]" Column="TestPassId" />
                                      </OutputList>
                                      <NestedLoops Optimized="0">
                                        <OuterReferences>
                                          <ColumnReference Database="[OurLabReporting]" Schema="[dbo]" Table="[View_BuildTestpassMix]" Alias="[btm]" Column="TestPassId" />
                                          <ColumnReference Database="[OurLabReporting]" Schema="[dbo]" Table="[View_BuildTestpassMix]" Alias="[btm]" Column="TestPassDefinitionId" />
                                          <ColumnReference Database="[OurLabReporting]" Schema="[dbo]" Table="[View_BuildTestpassMix]" Alias="[btm]" Column="MixId" />
                                          <ColumnReference Database="[OurLabReporting]" Schema="[dbo]" Table="[View_BuildTestpassMix]" Alias="[btm]" Column="BuildVersionId" />
                                        </OuterReferences>
                                        <RelOp NodeId="53" PhysicalOp="Index Seek" LogicalOp="Index Seek" EstimateRows="1" EstimateIO="0.00756944" EstimateCPU="0.000412538" AvgRowSize="23" EstimatedTotalSubtreeCost="0.00798198" TableCardinality="1.36064e+006" Parallel="0" EstimateRebinds="0" EstimateRewinds="0" EstimatedExecutionMode="Row">
                                          <OutputList>
                                            <ColumnReference Database="[OurLabReporting]" Schema="[dbo]" Table="[View_BuildTestpassMix]" Alias="[btm]" Column="TestPassId" />
                                            <ColumnReference Database="[OurLabReporting]" Schema="[dbo]" Table="[View_BuildTestpassMix]" Alias="[btm]" Column="TestPassDefinitionId" />
                                            <ColumnReference Database="[OurLabReporting]" Schema="[dbo]" Table="[View_BuildTestpassMix]" Alias="[btm]" Column="MixId" />
                                            <ColumnReference Database="[OurLabReporting]" Schema="[dbo]" Table="[View_BuildTestpassMix]" Alias="[btm]" Column="BuildVersionId" />
                                          </OutputList>
                                          <IndexScan Ordered="1" ScanDirection="FORWARD" ForcedIndex="0" ForceSeek="0" ForceScan="0" NoExpandHint="1" Storage="RowStore">
                                            <DefinedValues>
                                              <DefinedValue>
                                                <ColumnReference Database="[OurLabReporting]" Schema="[dbo]" Table="[View_BuildTestpassMix]" Alias="[btm]" Column="TestPassId" />
                                              </DefinedValue>
                                              <DefinedValue>
                                                <ColumnReference Database="[OurLabReporting]" Schema="[dbo]" Table="[View_BuildTestpassMix]" Alias="[btm]" Column="TestPassDefinitionId" />
                                              </DefinedValue>
                                              <DefinedValue>
                                                <ColumnReference Database="[OurLabReporting]" Schema="[dbo]" Table="[View_BuildTestpassMix]" Alias="[btm]" Column="MixId" />
                                              </DefinedValue>
                                              <DefinedValue>
                                                <ColumnReference Database="[OurLabReporting]" Schema="[dbo]" Table="[View_BuildTestpassMix]" Alias="[btm]" Column="BuildVersionId" />
                                              </DefinedValue>
                                            </DefinedValues>
                                            <Object Database="[OurLabReporting]" Schema="[dbo]" Table="[View_BuildTestpassMix]" Index="[View_BuildTestpassMix_BuildTestPassName]" Alias="[btm]" IndexKind="ViewNonClustered" />
                                            <SeekPredicates>
                                              <SeekPredicateNew>
                                                <SeekKeys>
                                                  <Prefix ScanType="EQ">
                                                    <RangeColumns>
                                                      <ColumnReference Database="[OurLabReporting]" Schema="[dbo]" Table="[View_BuildTestpassMix]" Alias="[btm]" Column="FullBuildNumber" />
                                                    </RangeColumns>
                                                    <RangeExpressions>
                                                      <ScalarOperator ScalarString="@SectionEntries.[TellusBuild] as [se].[TellusBuild]">
                                                        <Identifier>
                                                          <ColumnReference Table="@SectionEntries" Alias="[se]" Column="TellusBuild" />
                                                        </Identifier>
                                                      </ScalarOperator>
                                                    </RangeExpressions>
                                                  </Prefix>
                                                </SeekKeys>
                                              </SeekPredicateNew>
                                            </SeekPredicates>
                                            <Predicate>
                                              <ScalarOperator ScalarString="[OurLabReporting].[dbo].[View_BuildTestpassMix].[TestPassDefinitionId] as [btm].[TestPassDefinitionId]=[Expr1018]">
                                                <Compare CompareOp="EQ">
                                                  <ScalarOperator>
                                                    <Identifier>
                                                      <ColumnReference Database="[OurLabReporting]" Schema="[dbo]" Table="[View_BuildTestpassMix]" Alias="[btm]" Column="TestPassDefinitionId" />
                                                    </Identifier>
                                                  </ScalarOperator>
                                                  <ScalarOperator>
                                                    <Identifier>
                                                      <ColumnReference Column="Expr1018" />
                                                    </Identifier>
                                                  </ScalarOperator>
                                                </Compare>
                                              </ScalarOperator>
                                            </Predicate>
                                          </IndexScan>
                                        </RelOp>
                                        <RelOp NodeId="55" PhysicalOp="Clustered Index Seek" LogicalOp="Clustered Index Seek" EstimateRows="1" EstimateIO="0.003125" EstimateCPU="0.0001581" AvgRowSize="111" EstimatedTotalSubtreeCost="0.0032831" TableCardinality="1.36064e+006" Parallel="0" EstimateRebinds="0" EstimateRewinds="0" EstimatedExecutionMode="Row">
                                          <OutputList />
                                          <IndexScan Lookup="1" Ordered="1" ScanDirection="FORWARD" ForcedIndex="0" ForceSeek="0" ForceScan="0" NoExpandHint="1" Storage="RowStore">
                                            <DefinedValues />
                                            <Object Database="[OurLabReporting]" Schema="[dbo]" Table="[View_BuildTestpassMix]" Index="[View_BuildTestpassMix_PK]" Alias="[btm]" TableReferenceId="-1" IndexKind="ViewClustered" />
                                            <SeekPredicates>
                                              <SeekPredicateNew>
                                                <SeekKeys>
                                                  <Prefix ScanType="EQ">
                                                    <RangeColumns>
                                                      <ColumnReference Database="[OurLabReporting]" Schema="[dbo]" Table="[View_BuildTestpassMix]" Alias="[btm]" Column="BuildVersionId" />
                                                      <ColumnReference Database="[OurLabReporting]" Schema="[dbo]" Table="[View_BuildTestpassMix]" Alias="[btm]" Column="TestPassId" />
                                                      <ColumnReference Database="[OurLabReporting]" Schema="[dbo]" Table="[View_BuildTestpassMix]" Alias="[btm]" Column="MixId" />
                                                      <ColumnReference Database="[OurLabReporting]" Schema="[dbo]" Table="[View_BuildTestpassMix]" Alias="[btm]" Column="TestPassDefinitionId" />
                                                    </RangeColumns>
                                                    <RangeExpressions>
                                                      <ScalarOperator ScalarString="[OurLabReporting].[dbo].[View_BuildTestpassMix].[BuildVersionId] as [btm].[BuildVersionId]">
                                                        <Identifier>
                                                          <ColumnReference Database="[OurLabReporting]" Schema="[dbo]" Table="[View_BuildTestpassMix]" Alias="[btm]" Column="BuildVersionId" />
                                                        </Identifier>
                                                      </ScalarOperator>
                                                      <ScalarOperator ScalarString="[OurLabReporting].[dbo].[View_BuildTestpassMix].[TestPassId] as [btm].[TestPassId]">
                                                        <Identifier>
                                                          <ColumnReference Database="[OurLabReporting]" Schema="[dbo]" Table="[View_BuildTestpassMix]" Alias="[btm]" Column="TestPassId" />
                                                        </Identifier>
                                                      </ScalarOperator>
                                                      <ScalarOperator ScalarString="[OurLabReporting].[dbo].[View_BuildTestpassMix].[MixId] as [btm].[MixId]">
                                                        <Identifier>
                                                          <ColumnReference Database="[OurLabReporting]" Schema="[dbo]" Table="[View_BuildTestpassMix]" Alias="[btm]" Column="MixId" />
                                                        </Identifier>
                                                      </ScalarOperator>
                                                      <ScalarOperator ScalarString="[OurLabReporting].[dbo].[View_BuildTestpassMix].[TestPassDefinitionId] as [btm].[TestPassDefinitionId]">
                                                        <Identifier>
                                                          <ColumnReference Database="[OurLabReporting]" Schema="[dbo]" Table="[View_BuildTestpassMix]" Alias="[btm]" Column="TestPassDefinitionId" />
                                                        </Identifier>
                                                      </ScalarOperator>
                                                    </RangeExpressions>
                                                  </Prefix>
                                                </SeekKeys>
                                              </SeekPredicateNew>
                                            </SeekPredicates>
                                            <Predicate>
                                              <ScalarOperator ScalarString="[OurLabReporting].[dbo].[View_BuildTestpassMix].[Branch] as [btm].[Branch]=@SectionEntries.[Branch] as [se].[Branch]">
                                                <Compare CompareOp="EQ">
                                                  <ScalarOperator>
                                                    <Identifier>
                                                      <ColumnReference Database="[OurLabReporting]" Schema="[dbo]" Table="[View_BuildTestpassMix]" Alias="[btm]" Column="Branch" />
                                                    </Identifier>
                                                  </ScalarOperator>
                                                  <ScalarOperator>
                                                    <Identifier>
                                                      <ColumnReference Table="@SectionEntries" Alias="[se]" Column="Branch" />
                                                    </Identifier>
                                                  </ScalarOperator>
                                                </Compare>
                                              </ScalarOperator>
                                            </Predicate>
                                          </IndexScan>
                                        </RelOp>
                                      </NestedLoops>
                                    </RelOp>
                                  </StreamAggregate>
                                </RelOp>
                              </ComputeScalar>
                            </RelOp>
                          </NestedLoops>
                        </RelOp>
                        <RelOp NodeId="63" PhysicalOp="Clustered Index Seek" LogicalOp="Clustered Index Seek" EstimateRows="1" EstimateIO="0.003125" EstimateCPU="0.0001581" AvgRowSize="23" EstimatedTotalSubtreeCost="0.0032831" TableCardinality="1.4119e+006" Parallel="0" EstimateRebinds="0" EstimateRewinds="0" EstimatedExecutionMode="Row">
                          <OutputList>
                            <ColumnReference Database="[OurLabReporting]" Schema="[dbo]" Table="[Testpass]" Alias="[tp]" Column="StartDate" />
                            <ColumnReference Database="[OurLabReporting]" Schema="[dbo]" Table="[Testpass]" Alias="[tp]" Column="EndDate" />
                          </OutputList>
                          <IndexScan Ordered="1" ScanDirection="FORWARD" ForcedIndex="0" ForceSeek="0" ForceScan="0" NoExpandHint="0" Storage="RowStore">
                            <DefinedValues>
                              <DefinedValue>
                                <ColumnReference Database="[OurLabReporting]" Schema="[dbo]" Table="[Testpass]" Alias="[tp]" Column="StartDate" />
                              </DefinedValue>
                              <DefinedValue>
                                <ColumnReference Database="[OurLabReporting]" Schema="[dbo]" Table="[Testpass]" Alias="[tp]" Column="EndDate" />
                              </DefinedValue>
                            </DefinedValues>
                            <Object Database="[OurLabReporting]" Schema="[dbo]" Table="[Testpass]" Index="[Testpass_PK]" Alias="[tp]" IndexKind="Clustered" />
                            <SeekPredicates>
                              <SeekPredicateNew>
                                <SeekKeys>
                                  <Prefix ScanType="EQ">
                                    <RangeColumns>
                                      <ColumnReference Database="[OurLabReporting]" Schema="[dbo]" Table="[Testpass]" Alias="[tp]" Column="Id" />
                                    </RangeColumns>
                                    <RangeExpressions>
                                      <ScalarOperator ScalarString="[Expr1026]">
                                        <Identifier>
                                          <ColumnReference Column="Expr1026" />
                                        </Identifier>
                                      </ScalarOperator>
                                    </RangeExpressions>
                                  </Prefix>
                                </SeekKeys>
                              </SeekPredicateNew>
                            </SeekPredicates>
                          </IndexScan>
                        </RelOp>
                      </NestedLoops>
                    </RelOp>
                  </ComputeScalar>
                </RelOp>
              </Update>
            </RelOp>
          </QueryPlan>
        </StmtSimple>
        <StmtSimple StatementText="&#xA;DECLARE @TestPassMix table (&#xD;&#xA;    TestPassId int,&#xD;&#xA;    MixId int&#xD;&#xA;    PRIMARY KEY (TestPassId, MixId)&#xD;&#xA;)&#xD;&#xA;&#xD;&#xA;INSERT INTO @TestPassMix&#xD;&#xA;SELECT DISTINCT tp.Id, btm.MixId&#xD;&#xA;FROM @TestPasses tp&#xD;&#xA;    INNER JOIN dbo.View_BuildTestpassMix btm WITH (NOLOCK, NOEXPAND) ON btm.TestPassId = tp.Id&#xD;&#xA;&#xD;" StatementId="4" StatementCompId="7" StatementType="INSERT" RetrievedFromCache="true" StatementSubTreeCost="37.5211" StatementEstRows="1.11828" StatementOptmLevel="FULL" QueryHash="0xFE36260ED017F595" QueryPlanHash="0xBC31636ED702AC7A">
          <StatementSetOptions QUOTED_IDENTIFIER="true" ARITHABORT="true" CONCAT_NULL_YIELDS_NULL="true" ANSI_NULLS="true" ANSI_PADDING="true" ANSI_WARNINGS="true" NUMERIC_ROUNDABORT="false" />
          <QueryPlan NonParallelPlanReason="MaxDOPSetToOne" CachedPlanSize="40" CompileTime="7" CompileCPU="3" CompileMemory="600">
            <MissingIndexes>
              <MissingIndexGroup Impact="99.924">
                <MissingIndex Database="[OurLabReporting]" Schema="[dbo]" Table="[View_BuildTestpassMix]">
                  <ColumnGroup Usage="EQUALITY">
                    <Column Name="[TestPassId]" ColumnId="1" />
                  </ColumnGroup>
                  <ColumnGroup Usage="INCLUDE">
                    <Column Name="[MixId]" ColumnId="3" />
                  </ColumnGroup>
                </MissingIndex>
              </MissingIndexGroup>
            </MissingIndexes>
            <MemoryGrantInfo SerialRequiredMemory="1536" SerialDesiredMemory="2000" />
            <OptimizerHardwareDependentProperties EstimatedAvailableMemoryGrant="193313" EstimatedPagesCached="773254" EstimatedAvailableDegreeOfParallelism="1" />
            <RelOp NodeId="0" PhysicalOp="Clustered Index Insert" LogicalOp="Insert" EstimateRows="1.11828" EstimateIO="0.01" EstimateCPU="1.11828e-006" AvgRowSize="9" EstimatedTotalSubtreeCost="37.5211" Parallel="0" EstimateRebinds="0" EstimateRewinds="0" EstimatedExecutionMode="Row">
              <OutputList />
              <Update DMLRequestSort="0">
                <Object Table="[@TestPassMix]" Index="[PK__#B34636D__A429706AAAF60180]" />
                <SetPredicate>
                  <ScalarOperator ScalarString="[TestPassId] = @TestPasses.[Id] as [tp].[Id],[MixId] = [OurLabReporting].[dbo].[View_BuildTestpassMix].[MixId] as [btm].[MixId]">
                    <ScalarExpressionList>
                      <ScalarOperator>
                        <MultipleAssign>
                          <Assign>
                            <ColumnReference Column="TestPassId" />
                            <ScalarOperator>
                              <Identifier>
                                <ColumnReference Table="@TestPasses" Alias="[tp]" Column="Id" />
                              </Identifier>
                            </ScalarOperator>
                          </Assign>
                          <Assign>
                            <ColumnReference Column="MixId" />
                            <ScalarOperator>
                              <Identifier>
                                <ColumnReference Database="[OurLabReporting]" Schema="[dbo]" Table="[View_BuildTestpassMix]" Alias="[btm]" Column="MixId" />
                              </Identifier>
                            </ScalarOperator>
                          </Assign>
                        </MultipleAssign>
                      </ScalarOperator>
                    </ScalarExpressionList>
                  </ScalarOperator>
                </SetPredicate>
                <RelOp NodeId="1" PhysicalOp="Sort" LogicalOp="Distinct Sort" EstimateRows="1.11828" EstimateIO="0.0112613" EstimateCPU="0.000100296" AvgRowSize="15" EstimatedTotalSubtreeCost="37.5111" Parallel="0" EstimateRebinds="0" EstimateRewinds="0" EstimatedExecutionMode="Row">
                  <OutputList>
                    <ColumnReference Table="@TestPasses" Alias="[tp]" Column="Id" />
                    <ColumnReference Database="[OurLabReporting]" Schema="[dbo]" Table="[View_BuildTestpassMix]" Alias="[btm]" Column="MixId" />
                  </OutputList>
                  <MemoryFractions Input="0.0689655" Output="1" />
                  <Sort Distinct="1">
                    <OrderBy>
                      <OrderByColumn Ascending="1">
                        <ColumnReference Table="@TestPasses" Alias="[tp]" Column="Id" />
                      </OrderByColumn>
                      <OrderByColumn Ascending="1">
                        <ColumnReference Database="[OurLabReporting]" Schema="[dbo]" Table="[View_BuildTestpassMix]" Alias="[btm]" Column="MixId" />
                      </OrderByColumn>
                    </OrderBy>
                    <RelOp NodeId="2" PhysicalOp="Hash Match" LogicalOp="Inner Join" EstimateRows="1.11828" EstimateIO="0" EstimateCPU="8.91051" AvgRowSize="15" EstimatedTotalSubtreeCost="37.4997" Parallel="0" EstimateRebinds="0" EstimateRewinds="0" EstimatedExecutionMode="Row">
                      <OutputList>
                        <ColumnReference Table="@TestPasses" Alias="[tp]" Column="Id" />
                        <ColumnReference Database="[OurLabReporting]" Schema="[dbo]" Table="[View_BuildTestpassMix]" Alias="[btm]" Column="MixId" />
                      </OutputList>
                      <MemoryFractions Input="1" Output="0.931034" />
                      <Hash>
                        <DefinedValues />
                        <HashKeysBuild>
                          <ColumnReference Table="@TestPasses" Alias="[tp]" Column="Id" />
                        </HashKeysBuild>
                        <HashKeysProbe>
                          <ColumnReference Database="[OurLabReporting]" Schema="[dbo]" Table="[View_BuildTestpassMix]" Alias="[btm]" Column="TestPassId" />
                        </HashKeysProbe>
                        <ProbeResidual>
                          <ScalarOperator ScalarString="@TestPasses.[Id] as [tp].[Id]=[OurLabReporting].[dbo].[View_BuildTestpassMix].[TestPassId] as [btm].[TestPassId]">
                            <Compare CompareOp="EQ">
                              <ScalarOperator>
                                <Identifier>
                                  <ColumnReference Table="@TestPasses" Alias="[tp]" Column="Id" />
                                </Identifier>
                              </ScalarOperator>
                              <ScalarOperator>
                                <Identifier>
                                  <ColumnReference Database="[OurLabReporting]" Schema="[dbo]" Table="[View_BuildTestpassMix]" Alias="[btm]" Column="TestPassId" />
                                </Identifier>
                              </ScalarOperator>
                            </Compare>
                          </ScalarOperator>
                        </ProbeResidual>
                        <RelOp NodeId="3" PhysicalOp="Table Scan" LogicalOp="Table Scan" EstimateRows="1" EstimateIO="0.003125" EstimateCPU="0.0001581" AvgRowSize="11" EstimatedTotalSubtreeCost="0.0032831" TableCardinality="0" Parallel="0" EstimateRebinds="0" EstimateRewinds="0" EstimatedExecutionMode="Row">
                          <OutputList>
                            <ColumnReference Table="@TestPasses" Alias="[tp]" Column="Id" />
                          </OutputList>
                          <TableScan Ordered="0" ForcedIndex="0" ForceScan="0" NoExpandHint="0">
                            <DefinedValues>
                              <DefinedValue>
                                <ColumnReference Table="@TestPasses" Alias="[tp]" Column="Id" />
                              </DefinedValue>
                            </DefinedValues>
                            <Object Table="[@TestPasses]" Alias="[tp]" />
                          </TableScan>
                        </RelOp>
                        <RelOp NodeId="4" PhysicalOp="Index Scan" LogicalOp="Index Scan" EstimateRows="1.36064e+006" EstimateIO="27.0891" EstimateCPU="1.49686" AvgRowSize="15" EstimatedTotalSubtreeCost="28.5859" TableCardinality="1.36064e+006" Parallel="0" EstimateRebinds="0" EstimateRewinds="0" EstimatedExecutionMode="Row">
                          <OutputList>
                            <ColumnReference Database="[OurLabReporting]" Schema="[dbo]" Table="[View_BuildTestpassMix]" Alias="[btm]" Column="TestPassId" />
                            <ColumnReference Database="[OurLabReporting]" Schema="[dbo]" Table="[View_BuildTestpassMix]" Alias="[btm]" Column="MixId" />
                          </OutputList>
                          <IndexScan Ordered="0" ForcedIndex="0" ForceSeek="0" ForceScan="0" NoExpandHint="1" Storage="RowStore">
                            <DefinedValues>
                              <DefinedValue>
                                <ColumnReference Database="[OurLabReporting]" Schema="[dbo]" Table="[View_BuildTestpassMix]" Alias="[btm]" Column="TestPassId" />
                              </DefinedValue>
                              <DefinedValue>
                                <ColumnReference Database="[OurLabReporting]" Schema="[dbo]" Table="[View_BuildTestpassMix]" Alias="[btm]" Column="MixId" />
                              </DefinedValue>
                            </DefinedValues>
                            <Object Database="[OurLabReporting]" Schema="[dbo]" Table="[View_BuildTestpassMix]" Index="[View_BuildTestpassMix_BuildTestPassName]" Alias="[btm]" IndexKind="ViewNonClustered" />
                          </IndexScan>
                        </RelOp>
                      </Hash>
                    </RelOp>
                  </Sort>
                </RelOp>
              </Update>
            </RelOp>
          </QueryPlan>
        </StmtSimple>
        <StmtSimple StatementText="&#xA;DECLARE @TestPassFailures table (&#xD;&#xA;    Id int,&#xD;&#xA;    StatusId int,&#xD;&#xA;    FailureTypeId int,&#xD;&#xA;    IsPrimary bit,&#xD;&#xA;    TestpassId int,&#xD;&#xA;    PRIMARY KEY (TestPassId, Id)&#xD;&#xA;)&#xD;&#xA;&#xD;&#xA;DECLARE @InfrastructureFailureTypeId int = (SELECT Id FROM dbo.FailureType WITH (NOLOCK) WHERE [Type] = N'Infrastructure')&#xD;&#xA;&#xD;&#xA;--Find failures for test passes&#xD;" StatementId="5" StatementCompId="9" StatementType="SELECT" RetrievedFromCache="true" StatementSubTreeCost="0.0032985" StatementEstRows="1" StatementOptmLevel="FULL" QueryHash="0x3B98B683BBD1274A" QueryPlanHash="0x4096651AAE5EC58F" StatementOptmEarlyAbortReason="GoodEnoughPlanFound">
          <StatementSetOptions QUOTED_IDENTIFIER="true" ARITHABORT="true" CONCAT_NULL_YIELDS_NULL="true" ANSI_NULLS="true" ANSI_PADDING="true" ANSI_WARNINGS="true" NUMERIC_ROUNDABORT="false" />
          <QueryPlan NonParallelPlanReason="MaxDOPSetToOne" CachedPlanSize="16" CompileTime="6" CompileCPU="1" CompileMemory="552">
            <MemoryGrantInfo SerialRequiredMemory="0" SerialDesiredMemory="0" />
            <OptimizerHardwareDependentProperties EstimatedAvailableMemoryGrant="193313" EstimatedPagesCached="773254" EstimatedAvailableDegreeOfParallelism="1" />
            <RelOp NodeId="0" PhysicalOp="Compute Scalar" LogicalOp="Compute Scalar" EstimateRows="1" EstimateIO="0" EstimateCPU="1e-007" AvgRowSize="11" EstimatedTotalSubtreeCost="0.0032985" Parallel="0" EstimateRebinds="0" EstimateRewinds="0" EstimatedExecutionMode="Row">
              <OutputList>
                <ColumnReference Column="Expr1004" />
              </OutputList>
              <ComputeScalar>
                <DefinedValues>
                  <DefinedValue>
                    <ColumnReference Column="Expr1004" />
                    <ScalarOperator ScalarString="[Expr1006]">
                      <Identifier>
                        <ColumnReference Column="Expr1006" />
                      </Identifier>
                    </ScalarOperator>
                  </DefinedValue>
                </DefinedValues>
                <RelOp NodeId="1" PhysicalOp="Nested Loops" LogicalOp="Left Outer Join" EstimateRows="1" EstimateIO="0" EstimateCPU="4.18e-006" AvgRowSize="11" EstimatedTotalSubtreeCost="0.0032984" Parallel="0" EstimateRebinds="0" EstimateRewinds="0" EstimatedExecutionMode="Row">
                  <OutputList>
                    <ColumnReference Column="Expr1006" />
                  </OutputList>
                  <NestedLoops Optimized="0">
                    <RelOp NodeId="2" PhysicalOp="Constant Scan" LogicalOp="Constant Scan" EstimateRows="1" EstimateIO="0" EstimateCPU="1.157e-006" AvgRowSize="9" EstimatedTotalSubtreeCost="1.157e-006" Parallel="0" EstimateRebinds="0" EstimateRewinds="0" EstimatedExecutionMode="Row">
                      <OutputList />
                      <ConstantScan />
                    </RelOp>
                    <RelOp NodeId="3" PhysicalOp="Assert" LogicalOp="Assert" EstimateRows="1" EstimateIO="0" EstimateCPU="4.8e-007" AvgRowSize="11" EstimatedTotalSubtreeCost="0.00329306" Parallel="0" EstimateRebinds="0" EstimateRewinds="0" EstimatedExecutionMode="Row">
                      <OutputList>
                        <ColumnReference Column="Expr1006" />
                      </OutputList>
                      <Assert StartupExpression="0">
                        <RelOp NodeId="4" PhysicalOp="Stream Aggregate" LogicalOp="Aggregate" EstimateRows="1" EstimateIO="0" EstimateCPU="1.1e-006" AvgRowSize="19" EstimatedTotalSubtreeCost="0.00329258" Parallel="0" EstimateRebinds="0" EstimateRewinds="0" EstimatedExecutionMode="Row">
                          <OutputList>
                            <ColumnReference Column="Expr1005" />
                            <ColumnReference Column="Expr1006" />
                          </OutputList>
                          <StreamAggregate>
                            <DefinedValues>
                              <DefinedValue>
                                <ColumnReference Column="Expr1005" />
                                <ScalarOperator ScalarString="Count(*)">
                                  <Aggregate AggType="countstar" Distinct="0" />
                                </ScalarOperator>
                              </DefinedValue>
                              <DefinedValue>
                                <ColumnReference Column="Expr1006" />
                                <ScalarOperator ScalarString="ANY([OurLabReporting].[dbo].[FailureType].[Id])">
                                  <Aggregate Distinct="0" AggType="ANY">
                                    <ScalarOperator>
                                      <Identifier>
                                        <ColumnReference Database="[OurLabReporting]" Schema="[dbo]" Table="[FailureType]" Column="Id" />
                                      </Identifier>
                                    </ScalarOperator>
                                  </Aggregate>
                                </ScalarOperator>
                              </DefinedValue>
                            </DefinedValues>
                            <RelOp NodeId="5" PhysicalOp="Clustered Index Scan" LogicalOp="Clustered Index Scan" EstimateRows="1" EstimateIO="0.003125" EstimateCPU="0.0001636" AvgRowSize="38" EstimatedTotalSubtreeCost="0.0032886" TableCardinality="6" Parallel="0" EstimateRebinds="0" EstimateRewinds="0" EstimatedExecutionMode="Row">
                              <OutputList>
                                <ColumnReference Database="[OurLabReporting]" Schema="[dbo]" Table="[FailureType]" Column="Id" />
                              </OutputList>
                              <IndexScan Ordered="0" ForcedIndex="0" ForceScan="0" NoExpandHint="0">
                                <DefinedValues>
                                  <DefinedValue>
                                    <ColumnReference Database="[OurLabReporting]" Schema="[dbo]" Table="[FailureType]" Column="Id" />
                                  </DefinedValue>
                                </DefinedValues>
                                <Object Database="[OurLabReporting]" Schema="[dbo]" Table="[FailureType]" Index="[FailureType_PK]" IndexKind="Clustered" />
                                <Predicate>
                                  <ScalarOperator ScalarString="[OurLabReporting].[dbo].[FailureType].[Type]=N'Infrastructure'">
                                    <Compare CompareOp="EQ">
                                      <ScalarOperator>
                                        <Identifier>
                                          <ColumnReference Database="[OurLabReporting]" Schema="[dbo]" Table="[FailureType]" Column="Type" />
                                        </Identifier>
                                      </ScalarOperator>
                                      <ScalarOperator>
                                        <Const ConstValue="N'Infrastructure'" />
                                      </ScalarOperator>
                                    </Compare>
                                  </ScalarOperator>
                                </Predicate>
                              </IndexScan>
                            </RelOp>
                          </StreamAggregate>
                        </RelOp>
                        <Predicate>
                          <ScalarOperator ScalarString="CASE WHEN [Expr1005]&gt;(1) THEN (0) ELSE NULL END">
                            <IF>
                              <Condition>
                                <ScalarOperator>
                                  <Compare CompareOp="GT">
                                    <ScalarOperator>
                                      <Identifier>
                                        <ColumnReference Column="Expr1005" />
                                      </Identifier>
                                    </ScalarOperator>
                                    <ScalarOperator>
                                      <Const ConstValue="(1)" />
                                    </ScalarOperator>
                                  </Compare>
                                </ScalarOperator>
                              </Condition>
                              <Then>
                                <ScalarOperator>
                                  <Const ConstValue="(0)" />
                                </ScalarOperator>
                              </Then>
                              <Else>
                                <ScalarOperator>
                                  <Const ConstValue="NULL" />
                                </ScalarOperator>
                              </Else>
                            </IF>
                          </ScalarOperator>
                        </Predicate>
                      </Assert>
                    </RelOp>
                  </NestedLoops>
                </RelOp>
              </ComputeScalar>
            </RelOp>
          </QueryPlan>
        </StmtSimple>
        <StmtSimple StatementText="&#xA;INSERT INTO @TestPassFailures&#xD;&#xA;SELECT f.Id, f.StatusId, f.FailureTypeId, ISNULL(t.IsRerunPrimary, 0) AS IsPrimary, tpm.TestPassId&#xD;&#xA;FROM @TestPassMix tpm&#xD;&#xA;    INNER JOIN dbo.TEU t WITH (NOLOCK) ON t.MixId = tpm.MixId&#xD;&#xA;    INNER JOIN dbo.Failure f WITH (NOLOCK) ON f.TEUId = t.Id&#xD;&#xA;WHERE t.IsRerunPrimary = 1&#xD;&#xA;    OR f.FailureTypeId = @InfrastructureFailureTypeId&#xD;&#xA;&#xD;" StatementId="6" StatementCompId="10" StatementType="INSERT" RetrievedFromCache="true" StatementSubTreeCost="8.89466" StatementEstRows="2200.56" StatementOptmLevel="FULL" QueryHash="0x4472A8542663A308" QueryPlanHash="0xE086AAD1607847AD">
          <StatementSetOptions QUOTED_IDENTIFIER="true" ARITHABORT="true" CONCAT_NULL_YIELDS_NULL="true" ANSI_NULLS="true" ANSI_PADDING="true" ANSI_WARNINGS="true" NUMERIC_ROUNDABORT="false" />
          <QueryPlan NonParallelPlanReason="MaxDOPSetToOne" CachedPlanSize="48" CompileTime="24" CompileCPU="18" CompileMemory="1144">
            <MemoryGrantInfo SerialRequiredMemory="1536" SerialDesiredMemory="2192" />
            <OptimizerHardwareDependentProperties EstimatedAvailableMemoryGrant="193313" EstimatedPagesCached="773254" EstimatedAvailableDegreeOfParallelism="1" />
            <RelOp NodeId="0" PhysicalOp="Clustered Index Insert" LogicalOp="Insert" EstimateRows="2200.56" EstimateIO="0.0468038" EstimateCPU="0.00220056" AvgRowSize="9" EstimatedTotalSubtreeCost="8.89466" Parallel="0" EstimateRebinds="0" EstimateRewinds="0" EstimatedExecutionMode="Row">
              <OutputList />
              <Update DMLRequestSort="1">
                <Object Table="[@TestPassFailures]" Index="[PK__#B622A37__693551ED31E5EC8C]" />
                <SetPredicate>
                  <ScalarOperator ScalarString="[Id] = [OurLabReporting].[dbo].[Failure].[Id] as [f].[Id],[StatusId] = [OurLabReporting].[dbo].[Failure].[StatusId] as [f].[StatusId],[FailureTypeId] = [OurLabReporting].[dbo].[Failure].[FailureTypeId] as [f].[FailureTypeId],[IsPrimary] = [Expr1009],[TestpassId] = @TestPassMix.[TestPassId] as [tpm].[TestPassId]">
                    <ScalarExpressionList>
                      <ScalarOperator>
                        <MultipleAssign>
                          <Assign>
                            <ColumnReference Column="Id" />
                            <ScalarOperator>
                              <Identifier>
                                <ColumnReference Database="[OurLabReporting]" Schema="[dbo]" Table="[Failure]" Alias="[f]" Column="Id" />
                              </Identifier>
                            </ScalarOperator>
                          </Assign>
                          <Assign>
                            <ColumnReference Column="StatusId" />
                            <ScalarOperator>
                              <Identifier>
                                <ColumnReference Database="[OurLabReporting]" Schema="[dbo]" Table="[Failure]" Alias="[f]" Column="StatusId" />
                              </Identifier>
                            </ScalarOperator>
                          </Assign>
                          <Assign>
                            <ColumnReference Column="FailureTypeId" />
                            <ScalarOperator>
                              <Identifier>
                                <ColumnReference Database="[OurLabReporting]" Schema="[dbo]" Table="[Failure]" Alias="[f]" Column="FailureTypeId" />
                              </Identifier>
                            </ScalarOperator>
                          </Assign>
                          <Assign>
                            <ColumnReference Column="IsPrimary" />
                            <ScalarOperator>
                              <Identifier>
                                <ColumnReference Column="Expr1009" />
                              </Identifier>
                            </ScalarOperator>
                          </Assign>
                          <Assign>
                            <ColumnReference Column="TestpassId" />
                            <ScalarOperator>
                              <Identifier>
                                <ColumnReference Table="@TestPassMix" Alias="[tpm]" Column="TestPassId" />
                              </Identifier>
                            </ScalarOperator>
                          </Assign>
                        </MultipleAssign>
                      </ScalarOperator>
                    </ScalarExpressionList>
                  </ScalarOperator>
                </SetPredicate>
                <RelOp NodeId="1" PhysicalOp="Sort" LogicalOp="Sort" EstimateRows="2200.56" EstimateIO="0.0112613" EstimateCPU="0.0382175" AvgRowSize="24" EstimatedTotalSubtreeCost="8.84565" Parallel="0" EstimateRebinds="0" EstimateRewinds="0" EstimatedExecutionMode="Row">
                  <OutputList>
                    <ColumnReference Table="@TestPassMix" Alias="[tpm]" Column="TestPassId" />
                    <ColumnReference Database="[OurLabReporting]" Schema="[dbo]" Table="[Failure]" Alias="[f]" Column="Id" />
                    <ColumnReference Database="[OurLabReporting]" Schema="[dbo]" Table="[Failure]" Alias="[f]" Column="StatusId" />
                    <ColumnReference Database="[OurLabReporting]" Schema="[dbo]" Table="[Failure]" Alias="[f]" Column="FailureTypeId" />
                    <ColumnReference Column="Expr1009" />
                  </OutputList>
                  <MemoryFractions Input="0.439024" Output="1" />
                  <Sort Distinct="0">
                    <OrderBy>
                      <OrderByColumn Ascending="1">
                        <ColumnReference Table="@TestPassMix" Alias="[tpm]" Column="TestPassId" />
                      </OrderByColumn>
                      <OrderByColumn Ascending="1">
                        <ColumnReference Database="[OurLabReporting]" Schema="[dbo]" Table="[Failure]" Alias="[f]" Column="Id" />
                      </OrderByColumn>
                    </OrderBy>
                    <RelOp NodeId="2" PhysicalOp="Compute Scalar" LogicalOp="Compute Scalar" EstimateRows="2200.56" EstimateIO="0" EstimateCPU="0.000220056" AvgRowSize="24" EstimatedTotalSubtreeCost="8.79618" Parallel="0" EstimateRebinds="0" EstimateRewinds="0" EstimatedExecutionMode="Row">
                      <OutputList>
                        <ColumnReference Table="@TestPassMix" Alias="[tpm]" Column="TestPassId" />
                        <ColumnReference Database="[OurLabReporting]" Schema="[dbo]" Table="[Failure]" Alias="[f]" Column="Id" />
                        <ColumnReference Database="[OurLabReporting]" Schema="[dbo]" Table="[Failure]" Alias="[f]" Column="StatusId" />
                        <ColumnReference Database="[OurLabReporting]" Schema="[dbo]" Table="[Failure]" Alias="[f]" Column="FailureTypeId" />
                        <ColumnReference Column="Expr1009" />
                      </OutputList>
                      <ComputeScalar>
                        <DefinedValues>
                          <DefinedValue>
                            <ColumnReference Column="Expr1009" />
                            <ScalarOperator ScalarString="isnull([OurLabReporting].[dbo].[TEU].[IsRerunPrimary] as [t].[IsRerunPrimary],(0))">
                              <Intrinsic FunctionName="isnull">
                                <ScalarOperator>
                                  <Identifier>
                                    <ColumnReference Database="[OurLabReporting]" Schema="[dbo]" Table="[TEU]" Alias="[t]" Column="IsRerunPrimary" />
                                  </Identifier>
                                </ScalarOperator>
                                <ScalarOperator>
                                  <Const ConstValue="(0)" />
                                </ScalarOperator>
                              </Intrinsic>
                            </ScalarOperator>
                          </DefinedValue>
                        </DefinedValues>
                        <RelOp NodeId="3" PhysicalOp="Nested Loops" LogicalOp="Inner Join" EstimateRows="2200.56" EstimateIO="0" EstimateCPU="0.011181" AvgRowSize="24" EstimatedTotalSubtreeCost="8.79595" Parallel="0" EstimateRebinds="0" EstimateRewinds="0" EstimatedExecutionMode="Row">
                          <OutputList>
                            <ColumnReference Table="@TestPassMix" Alias="[tpm]" Column="TestPassId" />
                            <ColumnReference Database="[OurLabReporting]" Schema="[dbo]" Table="[TEU]" Alias="[t]" Column="IsRerunPrimary" />
                            <ColumnReference Database="[OurLabReporting]" Schema="[dbo]" Table="[Failure]" Alias="[f]" Column="Id" />
                            <ColumnReference Database="[OurLabReporting]" Schema="[dbo]" Table="[Failure]" Alias="[f]" Column="StatusId" />
                            <ColumnReference Database="[OurLabReporting]" Schema="[dbo]" Table="[Failure]" Alias="[f]" Column="FailureTypeId" />
                          </OutputList>
                          <NestedLoops Optimized="1" WithUnorderedPrefetch="1">
                            <OuterReferences>
                              <ColumnReference Database="[OurLabReporting]" Schema="[dbo]" Table="[TEU]" Alias="[t]" Column="Id" />
                              <ColumnReference Database="[OurLabReporting]" Schema="[dbo]" Table="[TEU]" Alias="[t]" Column="IsRerunPrimary" />
                              <ColumnReference Column="Expr1011" />
                            </OuterReferences>
                            <RelOp NodeId="6" PhysicalOp="Nested Loops" LogicalOp="Inner Join" EstimateRows="2674.87" EstimateIO="0" EstimateCPU="0.011181" AvgRowSize="20" EstimatedTotalSubtreeCost="0.033281" Parallel="0" EstimateRebinds="0" EstimateRewinds="0" EstimatedExecutionMode="Row">
                              <OutputList>
                                <ColumnReference Table="@TestPassMix" Alias="[tpm]" Column="TestPassId" />
                                <ColumnReference Database="[OurLabReporting]" Schema="[dbo]" Table="[TEU]" Alias="[t]" Column="Id" />
                                <ColumnReference Database="[OurLabReporting]" Schema="[dbo]" Table="[TEU]" Alias="[t]" Column="IsRerunPrimary" />
                              </OutputList>
                              <NestedLoops Optimized="1">
                                <OuterReferences>
                                  <ColumnReference Table="@TestPassMix" Alias="[tpm]" Column="MixId" />
                                </OuterReferences>
                                <RelOp NodeId="8" PhysicalOp="Clustered Index Scan" LogicalOp="Clustered Index Scan" EstimateRows="1" EstimateIO="0.003125" EstimateCPU="0.0001581" AvgRowSize="15" EstimatedTotalSubtreeCost="0.0032831" TableCardinality="0" Parallel="0" EstimateRebinds="0" EstimateRewinds="0" EstimatedExecutionMode="Row">
                                  <OutputList>
                                    <ColumnReference Table="@TestPassMix" Alias="[tpm]" Column="TestPassId" />
                                    <ColumnReference Table="@TestPassMix" Alias="[tpm]" Column="MixId" />
                                  </OutputList>
                                  <IndexScan Ordered="0" ForcedIndex="0" ForceScan="0" NoExpandHint="0">
                                    <DefinedValues>
                                      <DefinedValue>
                                        <ColumnReference Table="@TestPassMix" Alias="[tpm]" Column="TestPassId" />
                                      </DefinedValue>
                                      <DefinedValue>
                                        <ColumnReference Table="@TestPassMix" Alias="[tpm]" Column="MixId" />
                                      </DefinedValue>
                                    </DefinedValues>
                                    <Object Table="[@TestPassMix]" Index="[PK__#B34636D__A429706AAAF60180]" Alias="[tpm]" />
                                  </IndexScan>
                                </RelOp>
                                <RelOp NodeId="9" PhysicalOp="Index Seek" LogicalOp="Index Seek" EstimateRows="2674.87" EstimateIO="0.0157176" EstimateCPU="0.00309936" AvgRowSize="16" EstimatedTotalSubtreeCost="0.0188169" TableCardinality="4.1203e+007" Parallel="0" EstimateRebinds="0" EstimateRewinds="0" EstimatedExecutionMode="Row">
                                  <OutputList>
                                    <ColumnReference Database="[OurLabReporting]" Schema="[dbo]" Table="[TEU]" Alias="[t]" Column="Id" />
                                    <ColumnReference Database="[OurLabReporting]" Schema="[dbo]" Table="[TEU]" Alias="[t]" Column="IsRerunPrimary" />
                                  </OutputList>
                                  <IndexScan Ordered="1" ScanDirection="FORWARD" ForcedIndex="0" ForceSeek="0" ForceScan="0" NoExpandHint="0" Storage="RowStore">
                                    <DefinedValues>
                                      <DefinedValue>
                                        <ColumnReference Database="[OurLabReporting]" Schema="[dbo]" Table="[TEU]" Alias="[t]" Column="Id" />
                                      </DefinedValue>
                                      <DefinedValue>
                                        <ColumnReference Database="[OurLabReporting]" Schema="[dbo]" Table="[TEU]" Alias="[t]" Column="IsRerunPrimary" />
                                      </DefinedValue>
                                    </DefinedValues>
                                    <Object Database="[OurLabReporting]" Schema="[dbo]" Table="[TEU]" Index="[Teu_IDX_Mix]" Alias="[t]" IndexKind="NonClustered" />
                                    <SeekPredicates>
                                      <SeekPredicateNew>
                                        <SeekKeys>
                                          <Prefix ScanType="EQ">
                                            <RangeColumns>
                                              <ColumnReference Database="[OurLabReporting]" Schema="[dbo]" Table="[TEU]" Alias="[t]" Column="MixId" />
                                            </RangeColumns>
                                            <RangeExpressions>
                                              <ScalarOperator ScalarString="@TestPassMix.[MixId] as [tpm].[MixId]">
                                                <Identifier>
                                                  <ColumnReference Table="@TestPassMix" Alias="[tpm]" Column="MixId" />
                                                </Identifier>
                                              </ScalarOperator>
                                            </RangeExpressions>
                                          </Prefix>
                                        </SeekKeys>
                                      </SeekPredicateNew>
                                    </SeekPredicates>
                                  </IndexScan>
                                </RelOp>
                              </NestedLoops>
                            </RelOp>
                            <RelOp NodeId="10" PhysicalOp="Index Seek" LogicalOp="Index Seek" EstimateRows="1" EstimateIO="0.003125" EstimateCPU="0.0001581" AvgRowSize="19" EstimatedTotalSubtreeCost="8.74914" TableCardinality="3.38968e+007" Parallel="0" EstimateRebinds="2673.87" EstimateRewinds="0" EstimatedExecutionMode="Row">
                              <OutputList>
                                <ColumnReference Database="[OurLabReporting]" Schema="[dbo]" Table="[Failure]" Alias="[f]" Column="Id" />
                                <ColumnReference Database="[OurLabReporting]" Schema="[dbo]" Table="[Failure]" Alias="[f]" Column="StatusId" />
                                <ColumnReference Database="[OurLabReporting]" Schema="[dbo]" Table="[Failure]" Alias="[f]" Column="FailureTypeId" />
                              </OutputList>
                              <IndexScan Ordered="1" ScanDirection="FORWARD" ForcedIndex="0" ForceSeek="0" ForceScan="0" NoExpandHint="0" Storage="RowStore">
                                <DefinedValues>
                                  <DefinedValue>
                                    <ColumnReference Database="[OurLabReporting]" Schema="[dbo]" Table="[Failure]" Alias="[f]" Column="Id" />
                                  </DefinedValue>
                                  <DefinedValue>
                                    <ColumnReference Database="[OurLabReporting]" Schema="[dbo]" Table="[Failure]" Alias="[f]" Column="StatusId" />
                                  </DefinedValue>
                                  <DefinedValue>
                                    <ColumnReference Database="[OurLabReporting]" Schema="[dbo]" Table="[Failure]" Alias="[f]" Column="FailureTypeId" />
                                  </DefinedValue>
                                </DefinedValues>
                                <Object Database="[OurLabReporting]" Schema="[dbo]" Table="[Failure]" Index="[Failure_IDX_TEU]" Alias="[f]" IndexKind="NonClustered" />
                                <SeekPredicates>
                                  <SeekPredicateNew>
                                    <SeekKeys>
                                      <Prefix ScanType="EQ">
                                        <RangeColumns>
                                          <ColumnReference Database="[OurLabReporting]" Schema="[dbo]" Table="[Failure]" Alias="[f]" Column="TEUId" />
                                        </RangeColumns>
                                        <RangeExpressions>
                                          <ScalarOperator ScalarString="[OurLabReporting].[dbo].[TEU].[Id] as [t].[Id]">
                                            <Identifier>
                                              <ColumnReference Database="[OurLabReporting]" Schema="[dbo]" Table="[TEU]" Alias="[t]" Column="Id" />
                                            </Identifier>
                                          </ScalarOperator>
                                        </RangeExpressions>
                                      </Prefix>
                                    </SeekKeys>
                                  </SeekPredicateNew>
                                </SeekPredicates>
                                <Predicate>
                                  <ScalarOperator ScalarString="[OurLabReporting].[dbo].[TEU].[IsRerunPrimary] as [t].[IsRerunPrimary]=(1) OR [OurLabReporting].[dbo].[Failure].[FailureTypeId] as [f].[FailureTypeId]=[@InfrastructureFailureTypeId]">
                                    <Logical Operation="OR">
                                      <ScalarOperator>
                                        <Compare CompareOp="EQ">
                                          <ScalarOperator>
                                            <Identifier>
                                              <ColumnReference Database="[OurLabReporting]" Schema="[dbo]" Table="[TEU]" Alias="[t]" Column="IsRerunPrimary" />
                                            </Identifier>
                                          </ScalarOperator>
                                          <ScalarOperator>
                                            <Const ConstValue="(1)" />
                                          </ScalarOperator>
                                        </Compare>
                                      </ScalarOperator>
                                      <ScalarOperator>
                                        <Compare CompareOp="EQ">
                                          <ScalarOperator>
                                            <Identifier>
                                              <ColumnReference Database="[OurLabReporting]" Schema="[dbo]" Table="[Failure]" Alias="[f]" Column="FailureTypeId" />
                                            </Identifier>
                                          </ScalarOperator>
                                          <ScalarOperator>
                                            <Identifier>
                                              <ColumnReference Column="@InfrastructureFailureTypeId" />
                                            </Identifier>
                                          </ScalarOperator>
                                        </Compare>
                                      </ScalarOperator>
                                    </Logical>
                                  </ScalarOperator>
                                </Predicate>
                              </IndexScan>
                            </RelOp>
                          </NestedLoops>
                        </RelOp>
                      </ComputeScalar>
                    </RelOp>
                  </Sort>
                </RelOp>
              </Update>
            </RelOp>
          </QueryPlan>
        </StmtSimple>
        <StmtSimple StatementText="&#xA;DECLARE @CompletedStatusId int = (SELECT Id FROM dbo.[Status] WITH (NOLOCK) WHERE [Status] = 'Completed' AND [Type] = 'TEU')&#xD;" StatementId="7" StatementCompId="11" StatementType="SELECT" RetrievedFromCache="true" StatementSubTreeCost="0.00328854" StatementEstRows="1" StatementOptmLevel="FULL" QueryHash="0xEBFB9EAED1D5663A" QueryPlanHash="0xCD460230C810FD4B" StatementOptmEarlyAbortReason="GoodEnoughPlanFound">
          <StatementSetOptions QUOTED_IDENTIFIER="true" ARITHABORT="true" CONCAT_NULL_YIELDS_NULL="true" ANSI_NULLS="true" ANSI_PADDING="true" ANSI_WARNINGS="true" NUMERIC_ROUNDABORT="false" />
          <QueryPlan NonParallelPlanReason="MaxDOPSetToOne" CachedPlanSize="16" CompileTime="1" CompileCPU="1" CompileMemory="520">
            <MemoryGrantInfo SerialRequiredMemory="0" SerialDesiredMemory="0" />
            <OptimizerHardwareDependentProperties EstimatedAvailableMemoryGrant="193313" EstimatedPagesCached="773254" EstimatedAvailableDegreeOfParallelism="1" />
            <RelOp NodeId="0" PhysicalOp="Compute Scalar" LogicalOp="Compute Scalar" EstimateRows="1" EstimateIO="0" EstimateCPU="1e-007" AvgRowSize="11" EstimatedTotalSubtreeCost="0.00328854" Parallel="0" EstimateRebinds="0" EstimateRewinds="0" EstimatedExecutionMode="Row">
              <OutputList>
                <ColumnReference Column="Expr1004" />
              </OutputList>
              <ComputeScalar>
                <DefinedValues>
                  <DefinedValue>
                    <ColumnReference Column="Expr1004" />
                    <ScalarOperator ScalarString="[OurLabReporting].[dbo].[Status].[Id]">
                      <Identifier>
                        <ColumnReference Database="[OurLabReporting]" Schema="[dbo]" Table="[Status]" Column="Id" />
                      </Identifier>
                    </ScalarOperator>
                  </DefinedValue>
                </DefinedValues>
                <RelOp NodeId="1" PhysicalOp="Nested Loops" LogicalOp="Left Outer Join" EstimateRows="1" EstimateIO="0" EstimateCPU="4.18e-006" AvgRowSize="11" EstimatedTotalSubtreeCost="0.00328844" Parallel="0" EstimateRebinds="0" EstimateRewinds="0" EstimatedExecutionMode="Row">
                  <OutputList>
                    <ColumnReference Database="[OurLabReporting]" Schema="[dbo]" Table="[Status]" Column="Id" />
                  </OutputList>
                  <NestedLoops Optimized="0">
                    <RelOp NodeId="2" PhysicalOp="Constant Scan" LogicalOp="Constant Scan" EstimateRows="1" EstimateIO="0" EstimateCPU="1.157e-006" AvgRowSize="9" EstimatedTotalSubtreeCost="1.157e-006" Parallel="0" EstimateRebinds="0" EstimateRewinds="0" EstimatedExecutionMode="Row">
                      <OutputList />
                      <ConstantScan />
                    </RelOp>
                    <RelOp NodeId="3" PhysicalOp="Index Seek" LogicalOp="Index Seek" EstimateRows="1" EstimateIO="0.003125" EstimateCPU="0.0001581" AvgRowSize="11" EstimatedTotalSubtreeCost="0.0032831" TableCardinality="96" Parallel="0" EstimateRebinds="0" EstimateRewinds="0" EstimatedExecutionMode="Row">
                      <OutputList>
                        <ColumnReference Database="[OurLabReporting]" Schema="[dbo]" Table="[Status]" Column="Id" />
                      </OutputList>
                      <IndexScan Ordered="1" ScanDirection="FORWARD" ForcedIndex="0" ForceSeek="0" ForceScan="0" NoExpandHint="0" Storage="RowStore">
                        <DefinedValues>
                          <DefinedValue>
                            <ColumnReference Database="[OurLabReporting]" Schema="[dbo]" Table="[Status]" Column="Id" />
                          </DefinedValue>
                        </DefinedValues>
                        <Object Database="[OurLabReporting]" Schema="[dbo]" Table="[Status]" Index="[Status_AK]" IndexKind="NonClustered" />
                        <SeekPredicates>
                          <SeekPredicateNew>
                            <SeekKeys>
                              <Prefix ScanType="EQ">
                                <RangeColumns>
                                  <ColumnReference Database="[OurLabReporting]" Schema="[dbo]" Table="[Status]" Column="Type" />
                                  <ColumnReference Database="[OurLabReporting]" Schema="[dbo]" Table="[Status]" Column="Status" />
                                </RangeColumns>
                                <RangeExpressions>
                                  <ScalarOperator ScalarString="'TEU'">
                                    <Const ConstValue="'TEU'" />
                                  </ScalarOperator>
                                  <ScalarOperator ScalarString="'Completed'">
                                    <Const ConstValue="'Completed'" />
                                  </ScalarOperator>
                                </RangeExpressions>
                              </Prefix>
                            </SeekKeys>
                          </SeekPredicateNew>
                        </SeekPredicates>
                      </IndexScan>
                    </RelOp>
                  </NestedLoops>
                </RelOp>
              </ComputeScalar>
            </RelOp>
          </QueryPlan>
        </StmtSimple>
        <StmtSimple StatementText="&#xA;DECLARE @ActiveStatusId int = (SELECT Id FROM dbo.[Status] WITH (NOLOCK) WHERE [Status] = N'Active' AND [Type] = N'Failure')&#xD;&#xA;&#xD;" StatementId="8" StatementCompId="12" StatementType="SELECT" RetrievedFromCache="true" StatementSubTreeCost="0.0034887" StatementEstRows="1" StatementOptmLevel="FULL" QueryHash="0xEBFB9EAED1D5663A" QueryPlanHash="0x4CD33315D4274327" StatementOptmEarlyAbortReason="GoodEnoughPlanFound">
          <StatementSetOptions QUOTED_IDENTIFIER="true" ARITHABORT="true" CONCAT_NULL_YIELDS_NULL="true" ANSI_NULLS="true" ANSI_PADDING="true" ANSI_WARNINGS="true" NUMERIC_ROUNDABORT="false" />
          <QueryPlan NonParallelPlanReason="MaxDOPSetToOne" CachedPlanSize="24" CompileTime="2" CompileCPU="2" CompileMemory="608">
            <Warnings>
              <PlanAffectingConvert ConvertIssue="Cardinality Estimate" Expression="CONVERT_IMPLICIT(nvarchar(200),[OurLabReporting].[dbo].[Status].[Status],0)" />
              <PlanAffectingConvert ConvertIssue="Cardinality Estimate" Expression="CONVERT_IMPLICIT(nvarchar(50),[OurLabReporting].[dbo].[Status].[Type],0)" />
              <PlanAffectingConvert ConvertIssue="Seek Plan" Expression="CONVERT_IMPLICIT(nvarchar(200),[OurLabReporting].[dbo].[Status].[Status],0)=N'Active'" />
              <PlanAffectingConvert ConvertIssue="Seek Plan" Expression="CONVERT_IMPLICIT(nvarchar(50),[OurLabReporting].[dbo].[Status].[Type],0)=N'Failure'" />
            </Warnings>
            <MemoryGrantInfo SerialRequiredMemory="0" SerialDesiredMemory="0" />
            <OptimizerHardwareDependentProperties EstimatedAvailableMemoryGrant="193313" EstimatedPagesCached="773254" EstimatedAvailableDegreeOfParallelism="1" />
            <RelOp NodeId="0" PhysicalOp="Compute Scalar" LogicalOp="Compute Scalar" EstimateRows="1" EstimateIO="0" EstimateCPU="1e-007" AvgRowSize="11" EstimatedTotalSubtreeCost="0.0034887" Parallel="0" EstimateRebinds="0" EstimateRewinds="0" EstimatedExecutionMode="Row">
              <OutputList>
                <ColumnReference Column="Expr1004" />
              </OutputList>
              <ComputeScalar>
                <DefinedValues>
                  <DefinedValue>
                    <ColumnReference Column="Expr1004" />
                    <ScalarOperator ScalarString="[Expr1006]">
                      <Identifier>
                        <ColumnReference Column="Expr1006" />
                      </Identifier>
                    </ScalarOperator>
                  </DefinedValue>
                </DefinedValues>
                <RelOp NodeId="1" PhysicalOp="Nested Loops" LogicalOp="Left Outer Join" EstimateRows="1" EstimateIO="0" EstimateCPU="4.18e-006" AvgRowSize="11" EstimatedTotalSubtreeCost="0.0034886" Parallel="0" EstimateRebinds="0" EstimateRewinds="0" EstimatedExecutionMode="Row">
                  <OutputList>
                    <ColumnReference Column="Expr1006" />
                  </OutputList>
                  <NestedLoops Optimized="0">
                    <RelOp NodeId="2" PhysicalOp="Constant Scan" LogicalOp="Constant Scan" EstimateRows="1" EstimateIO="0" EstimateCPU="1.157e-006" AvgRowSize="9" EstimatedTotalSubtreeCost="1.157e-006" Parallel="0" EstimateRebinds="0" EstimateRewinds="0" EstimatedExecutionMode="Row">
                      <OutputList />
                      <ConstantScan />
                    </RelOp>
                    <RelOp NodeId="3" PhysicalOp="Assert" LogicalOp="Assert" EstimateRows="1" EstimateIO="0" EstimateCPU="4.8e-007" AvgRowSize="11" EstimatedTotalSubtreeCost="0.00348326" Parallel="0" EstimateRebinds="0" EstimateRewinds="0" EstimatedExecutionMode="Row">
                      <OutputList>
                        <ColumnReference Column="Expr1006" />
                      </OutputList>
                      <Assert StartupExpression="0">
                        <RelOp NodeId="4" PhysicalOp="Stream Aggregate" LogicalOp="Aggregate" EstimateRows="1" EstimateIO="0" EstimateCPU="1.1e-006" AvgRowSize="19" EstimatedTotalSubtreeCost="0.00348278" Parallel="0" EstimateRebinds="0" EstimateRewinds="0" EstimatedExecutionMode="Row">
                          <OutputList>
                            <ColumnReference Column="Expr1005" />
                            <ColumnReference Column="Expr1006" />
                          </OutputList>
                          <StreamAggregate>
                            <DefinedValues>
                              <DefinedValue>
                                <ColumnReference Column="Expr1005" />
                                <ScalarOperator ScalarString="Count(*)">
                                  <Aggregate AggType="countstar" Distinct="0" />
                                </ScalarOperator>
                              </DefinedValue>
                              <DefinedValue>
                                <ColumnReference Column="Expr1006" />
                                <ScalarOperator ScalarString="ANY([OurLabReporting].[dbo].[Status].[Id])">
                                  <Aggregate Distinct="0" AggType="ANY">
                                    <ScalarOperator>
                                      <Identifier>
                                        <ColumnReference Database="[OurLabReporting]" Schema="[dbo]" Table="[Status]" Column="Id" />
                                      </Identifier>
                                    </ScalarOperator>
                                  </Aggregate>
                                </ScalarOperator>
                              </DefinedValue>
                            </DefinedValues>
                            <RelOp NodeId="6" PhysicalOp="Index Scan" LogicalOp="Index Scan" EstimateRows="1" EstimateIO="0.003125" EstimateCPU="0.0002626" AvgRowSize="37" EstimatedTotalSubtreeCost="0.0033876" TableCardinality="96" Parallel="0" EstimateRebinds="0" EstimateRewinds="0" EstimatedExecutionMode="Row">
                              <OutputList>
                                <ColumnReference Database="[OurLabReporting]" Schema="[dbo]" Table="[Status]" Column="Id" />
                              </OutputList>
                              <IndexScan Ordered="0" ForcedIndex="0" ForceSeek="0" ForceScan="0" NoExpandHint="0" Storage="RowStore">
                                <DefinedValues>
                                  <DefinedValue>
                                    <ColumnReference Database="[OurLabReporting]" Schema="[dbo]" Table="[Status]" Column="Id" />
                                  </DefinedValue>
                                </DefinedValues>
                                <Object Database="[OurLabReporting]" Schema="[dbo]" Table="[Status]" Index="[IX_Status_StatusType]" IndexKind="NonClustered" />
                                <Predicate>
                                  <ScalarOperator ScalarString="CONVERT_IMPLICIT(nvarchar(200),[OurLabReporting].[dbo].[Status].[Status],0)=N'Active' AND CONVERT_IMPLICIT(nvarchar(50),[OurLabReporting].[dbo].[Status].[Type],0)=N'Failure'">
                                    <Logical Operation="AND">
                                      <ScalarOperator>
                                        <Compare CompareOp="EQ">
                                          <ScalarOperator>
                                            <Convert DataType="nvarchar" Length="400" Style="0" Implicit="1">
                                              <ScalarOperator>
                                                <Identifier>
                                                  <ColumnReference Database="[OurLabReporting]" Schema="[dbo]" Table="[Status]" Column="Status" />
                                                </Identifier>
                                              </ScalarOperator>
                                            </Convert>
                                          </ScalarOperator>
                                          <ScalarOperator>
                                            <Const ConstValue="N'Active'" />
                                          </ScalarOperator>
                                        </Compare>
                                      </ScalarOperator>
                                      <ScalarOperator>
                                        <Compare CompareOp="EQ">
                                          <ScalarOperator>
                                            <Convert DataType="nvarchar" Length="100" Style="0" Implicit="1">
                                              <ScalarOperator>
                                                <Identifier>
                                                  <ColumnReference Database="[OurLabReporting]" Schema="[dbo]" Table="[Status]" Column="Type" />
                                                </Identifier>
                                              </ScalarOperator>
                                            </Convert>
                                          </ScalarOperator>
                                          <ScalarOperator>
                                            <Const ConstValue="N'Failure'" />
                                          </ScalarOperator>
                                        </Compare>
                                      </ScalarOperator>
                                    </Logical>
                                  </ScalarOperator>
                                </Predicate>
                              </IndexScan>
                            </RelOp>
                          </StreamAggregate>
                        </RelOp>
                        <Predicate>
                          <ScalarOperator ScalarString="CASE WHEN [Expr1005]&gt;(1) THEN (0) ELSE NULL END">
                            <IF>
                              <Condition>
                                <ScalarOperator>
                                  <Compare CompareOp="GT">
                                    <ScalarOperator>
                                      <Identifier>
                                        <ColumnReference Column="Expr1005" />
                                      </Identifier>
                                    </ScalarOperator>
                                    <ScalarOperator>
                                      <Const ConstValue="(1)" />
                                    </ScalarOperator>
                                  </Compare>
                                </ScalarOperator>
                              </Condition>
                              <Then>
                                <ScalarOperator>
                                  <Const ConstValue="(0)" />
                                </ScalarOperator>
                              </Then>
                              <Else>
                                <ScalarOperator>
                                  <Const ConstValue="NULL" />
                                </ScalarOperator>
                              </Else>
                            </IF>
                          </ScalarOperator>
                        </Predicate>
                      </Assert>
                    </RelOp>
                  </NestedLoops>
                </RelOp>
              </ComputeScalar>
            </RelOp>
          </QueryPlan>
        </StmtSimple>
        <StmtSimple StatementText="&#xA;SELECT&#xD;&#xA;    tp.SectionId,&#xD;&#xA;    tp.SectionEntryId,&#xD;&#xA;    tp.SectionEntryName,&#xD;&#xA;    tp.Branch AS BranchName,&#xD;&#xA;    tp.Build AS BuildString,&#xD;&#xA;    tp.Id AS TestPassId,&#xD;&#xA;    tp.Name AS TestPassName,&#xD;&#xA;    tp.[State] AS TestPassState,&#xD;&#xA;    r.HasReruns,&#xD;&#xA;    ms.TotalDeviceCount,&#xD;&#xA;    cnt.TotalTestCaseCount,&#xD;&#xA;    cnt.PassedTestCaseCount,&#xD;&#xA;    cnt.FailedTestCaseCount,&#xD;&#xA;    cnt.SkippedTestCaseCount,&#xD;&#xA;    cnt.WarnedTestCaseCount,&#xD;&#xA;    cnt.BlockedTestCaseCount,&#xD;&#xA;    f.TotalFailureCount,&#xD;&#xA;    f.ActiveFailureCount,&#xD;&#xA;    f.TotalInfrastructureFailureCount,&#xD;&#xA;    f.ActiveInfrastructureFailureCount,&#xD;&#xA;    bug.BugsXml&#xD;&#xA;FROM @TestPasses tp&#xD;&#xA;    LEFT JOIN (&#xD;&#xA;        SELECT tpm.TestPassId, CONVERT(bit, COUNT(1)) AS HasReruns&#xD;&#xA;        FROM @TestPassMix tpm&#xD;&#xA;            INNER JOIN dbo.TEU t WITH (NOLOCK) ON t.MixId = tpm.MixId&#xD;&#xA;        WHERE t.RerunSourceId IS NOT NULL&#xD;&#xA;        GROUP BY tpm.TestPassId&#xD;&#xA;    ) r ON r.TestPassId = tp.Id&#xD;&#xA;    LEFT JOIN (&#xD;&#xA;        SELECT tpm.TestPassId, COUNT(1) AS TotalDeviceCount&#xD;&#xA;        FROM dbo.MachineSet ms WITH (NOLOCK)&#xD;&#xA;            INNER JOIN @TestPassMix tpm ON tpm.MixId = ms.MixId&#xD;&#xA;        GROUP BY tpm.TestPassId&#xD;&#xA;    ) ms ON ms.TestPassId = tp.Id&#xD;&#xA;    LEFT JOIN (&#xD;&#xA;        SELECT&#xD;&#xA;            tpm.TestPassId,&#xD;&#xA;            SUM(cnt.TEUsInProgress) AS RunningDeviceCount,&#xD;&#xA;            SUM(cnt.Total) AS TotalTestCaseCount,&#xD;&#xA;            SUM(cnt.PassTotal) AS PassedTestCaseCount,&#xD;&#xA;            SUM(cnt.FailTotal) AS FailedTestCaseCount,&#xD;&#xA;            SUM(cnt.SkipTotal) AS SkippedTestCaseCount,&#xD;&#xA;            SUM(cnt.WarnTotal) AS WarnedTestCaseCount,&#xD;&#xA;            SUM(cnt.BlockTotal) AS BlockedTestCaseCount&#xD;&#xA;        FROM dbo.View_TEUAndTCCountsByMix cnt WITH (NOLOCK)&#xD;&#xA;            INNER JOIN @TestPassMix tpm ON tpm.MixId = cnt.MixId&#xD;&#xA;        GROUP BY tpm.TestPassId&#xD;&#xA;    ) cnt ON cnt.TestPassId = tp.Id&#xD;&#xA;    OUTER APPLY (&#xD;&#xA;        SELECT&#xD;&#xA;            (&#xD;&#xA;                SELECT COUNT(1)&#xD;&#xA;                FROM @TestPassFailures f&#xD;&#xA;                WHERE f.TestPassId = tp.Id&#xD;&#xA;            ) AS TotalFailureCount,&#xD;&#xA;            (&#xD;&#xA;                SELECT COUNT(1)&#xD;&#xA;                FROM @TestPassFailures f&#xD;&#xA;                WHERE f.TestPassId = tp.Id AND f.StatusId = @ActiveStatusId&#xD;&#xA;            ) AS ActiveFailureCount,&#xD;&#xA;            (&#xD;&#xA;                SELECT COUNT(1)&#xD;&#xA;                FROM @TestPassFailures f&#xD;&#xA;                WHERE f.TestPassId = tp.Id AND f.FailureTypeId = @InfrastructureFailureTypeId&#xD;&#xA;            ) AS TotalInfrastructureFailureCount,&#xD;&#xA;            (&#xD;&#xA;                SELECT COUNT(1)&#xD;&#xA;                FROM @TestPassFailures f&#xD;&#xA;                WHERE f.TestPassId = tp.Id&#xD;&#xA;                    AND f.FailureTypeId = @InfrastructureFailureTypeId&#xD;&#xA;                    AND f.StatusId = @ActiveStatusId&#xD;&#xA;            ) AS ActiveInfrastructureFailureCount&#xD;&#xA;    ) f&#xD;&#xA;    OUTER APPLY (&#xD;&#xA;        SELECT (&#xD;&#xA;            SELECT&#xD;&#xA;                b.Number,&#xD;&#xA;                REPLACE(b.Title, '&quot;', '&amp;quot;') AS Title,&#xD;&#xA;                b.DatabaseName AS BugDatabase,&#xD;&#xA;                b.[Status],&#xD;&#xA;                COUNT(1) AS RunHits,&#xD;&#xA;                MAX(ft.[Type]) AS FailureType,&#xD;&#xA;                CAST(MAX(CAST(f.IsPrimary AS tinyint)) AS bit) AS PrimaryFailure&#xD;&#xA;            FROM @TestPassFailures f&#xD;&#xA;                INNER JOIN dbo.FailureBugMapping fbm WITH (NOLOCK) ON fbm.FailureId = f.Id&#xD;&#xA;                INNER JOIN dbo.Bug AS b WITH (NOLOCK) ON b.Id = fbm.BugId&#xD;&#xA;                INNER JOIN dbo.FailureType ft WITH (NOLOCK) ON ft.Id = f.FailureTypeId&#xD;&#xA;            WHERE f.TestpassId = tp.Id&#xD;&#xA;            GROUP BY b.Number, b.Title, b.DatabaseName, b.[Status]&#xD;&#xA;            ORDER BY RunHits DESC&#xD;&#xA;            FOR XML RAW('Bug'), TYPE, ROOT('Bugs')&#xD;&#xA;        ) AS BugsXml&#xD;&#xA;    ) bug&#xD;&#xA;ORDER BY tp.SortOrder" StatementId="9" StatementCompId="13" StatementType="SELECT" RetrievedFromCache="true" StatementSubTreeCost="0.100226" StatementEstRows="1" StatementOptmLevel="FULL" QueryHash="0xF2C28B0B87067AEB" QueryPlanHash="0x825F8BE59AF84771" StatementOptmEarlyAbortReason="GoodEnoughPlanFound">
          <StatementSetOptions QUOTED_IDENTIFIER="true" ARITHABORT="true" CONCAT_NULL_YIELDS_NULL="true" ANSI_NULLS="true" ANSI_PADDING="true" ANSI_WARNINGS="true" NUMERIC_ROUNDABORT="false" />
          <QueryPlan NonParallelPlanReason="MaxDOPSetToOne" CachedPlanSize="208" CompileTime="203" CompileCPU="98" CompileMemory="4184">
            <MemoryGrantInfo SerialRequiredMemory="768" SerialDesiredMemory="864" />
            <OptimizerHardwareDependentProperties EstimatedAvailableMemoryGrant="193313" EstimatedPagesCached="773254" EstimatedAvailableDegreeOfParallelism="1" />
            <RelOp NodeId="0" PhysicalOp="Nested Loops" LogicalOp="Left Outer Join" EstimateRows="1" EstimateIO="0" EstimateCPU="4.18e-006" AvgRowSize="4889" EstimatedTotalSubtreeCost="0.100226" Parallel="0" EstimateRebinds="0" EstimateRewinds="0" EstimatedExecutionMode="Row">
              <OutputList>
                <ColumnReference Table="@TestPasses" Alias="[tp]" Column="SortOrder" />
                <ColumnReference Table="@TestPasses" Alias="[tp]" Column="SectionId" />
                <ColumnReference Table="@TestPasses" Alias="[tp]" Column="SectionEntryId" />
                <ColumnReference Table="@TestPasses" Alias="[tp]" Column="SectionEntryName" />
                <ColumnReference Table="@TestPasses" Alias="[tp]" Column="Branch" />
                <ColumnReference Table="@TestPasses" Alias="[tp]" Column="Build" />
                <ColumnReference Table="@TestPasses" Alias="[tp]" Column="Id" />
                <ColumnReference Table="@TestPasses" Alias="[tp]" Column="Name" />
                <ColumnReference Table="@TestPasses" Alias="[tp]" Column="State" />
                <ColumnReference Column="Expr1009" />
                <ColumnReference Column="Expr1016" />
                <ColumnReference Column="Expr1044" />
                <ColumnReference Column="Expr1045" />
                <ColumnReference Column="Expr1046" />
                <ColumnReference Column="Expr1047" />
                <ColumnReference Column="Expr1048" />
                <ColumnReference Column="Expr1049" />
                <ColumnReference Column="Expr1054" />
                <ColumnReference Column="Expr1059" />
                <ColumnReference Column="Expr1064" />
                <ColumnReference Column="Expr1069" />
                <ColumnReference Column="Expr1085" />
              </OutputList>
              <NestedLoops Optimized="0">
                <OuterReferences>
                  <ColumnReference Table="@TestPasses" Alias="[tp]" Column="Id" />
                </OuterReferences>
                <RelOp NodeId="1" PhysicalOp="Nested Loops" LogicalOp="Left Outer Join" EstimateRows="1" EstimateIO="0" EstimateCPU="4.18e-006" AvgRowSize="863" EstimatedTotalSubtreeCost="0.0643496" Parallel="0" EstimateRebinds="0" EstimateRewinds="0" EstimatedExecutionMode="Row">
                  <OutputList>
                    <ColumnReference Table="@TestPasses" Alias="[tp]" Column="SortOrder" />
                    <ColumnReference Table="@TestPasses" Alias="[tp]" Column="SectionId" />
                    <ColumnReference Table="@TestPasses" Alias="[tp]" Column="SectionEntryId" />
                    <ColumnReference Table="@TestPasses" Alias="[tp]" Column="SectionEntryName" />
                    <ColumnReference Table="@TestPasses" Alias="[tp]" Column="Branch" />
                    <ColumnReference Table="@TestPasses" Alias="[tp]" Column="Build" />
                    <ColumnReference Table="@TestPasses" Alias="[tp]" Column="Id" />
                    <ColumnReference Table="@TestPasses" Alias="[tp]" Column="Name" />
                    <ColumnReference Table="@TestPasses" Alias="[tp]" Column="State" />
                    <ColumnReference Column="Expr1009" />
                    <ColumnReference Column="Expr1016" />
                    <ColumnReference Column="Expr1044" />
                    <ColumnReference Column="Expr1045" />
                    <ColumnReference Column="Expr1046" />
                    <ColumnReference Column="Expr1047" />
                    <ColumnReference Column="Expr1048" />
                    <ColumnReference Column="Expr1049" />
                    <ColumnReference Column="Expr1054" />
                    <ColumnReference Column="Expr1059" />
                    <ColumnReference Column="Expr1064" />
                    <ColumnReference Column="Expr1069" />
                  </OutputList>
                  <NestedLoops Optimized="0">
                    <OuterReferences>
                      <ColumnReference Table="@TestPasses" Alias="[tp]" Column="Id" />
                    </OuterReferences>
                    <RelOp NodeId="2" PhysicalOp="Nested Loops" LogicalOp="Left Outer Join" EstimateRows="1" EstimateIO="0" EstimateCPU="4.18e-006" AvgRowSize="847" EstimatedTotalSubtreeCost="0.0511941" Parallel="0" EstimateRebinds="0" EstimateRewinds="0" EstimatedExecutionMode="Row">
                      <OutputList>
                        <ColumnReference Table="@TestPasses" Alias="[tp]" Column="SortOrder" />
                        <ColumnReference Table="@TestPasses" Alias="[tp]" Column="SectionId" />
                        <ColumnReference Table="@TestPasses" Alias="[tp]" Column="SectionEntryId" />
                        <ColumnReference Table="@TestPasses" Alias="[tp]" Column="SectionEntryName" />
                        <ColumnReference Table="@TestPasses" Alias="[tp]" Column="Branch" />
                        <ColumnReference Table="@TestPasses" Alias="[tp]" Column="Build" />
                        <ColumnReference Table="@TestPasses" Alias="[tp]" Column="Id" />
                        <ColumnReference Table="@TestPasses" Alias="[tp]" Column="Name" />
                        <ColumnReference Table="@TestPasses" Alias="[tp]" Column="State" />
                        <ColumnReference Column="Expr1009" />
                        <ColumnReference Column="Expr1016" />
                        <ColumnReference Column="Expr1044" />
                        <ColumnReference Column="Expr1045" />
                        <ColumnReference Column="Expr1046" />
                        <ColumnReference Column="Expr1047" />
                        <ColumnReference Column="Expr1048" />
                        <ColumnReference Column="Expr1049" />
                      </OutputList>
                      <NestedLoops Optimized="0">
                        <OuterReferences>
                          <ColumnReference Table="@TestPasses" Alias="[tp]" Column="Id" />
                        </OuterReferences>
                        <RelOp NodeId="3" PhysicalOp="Nested Loops" LogicalOp="Left Outer Join" EstimateRows="1" EstimateIO="0" EstimateCPU="4.18e-006" AvgRowSize="822" EstimatedTotalSubtreeCost="0.040152" Parallel="0" EstimateRebinds="0" EstimateRewinds="0" EstimatedExecutionMode="Row">
                          <OutputList>
                            <ColumnReference Table="@TestPasses" Alias="[tp]" Column="SortOrder" />
                            <ColumnReference Table="@TestPasses" Alias="[tp]" Column="SectionId" />
                            <ColumnReference Table="@TestPasses" Alias="[tp]" Column="SectionEntryId" />
                            <ColumnReference Table="@TestPasses" Alias="[tp]" Column="SectionEntryName" />
                            <ColumnReference Table="@TestPasses" Alias="[tp]" Column="Branch" />
                            <ColumnReference Table="@TestPasses" Alias="[tp]" Column="Build" />
                            <ColumnReference Table="@TestPasses" Alias="[tp]" Column="Id" />
                            <ColumnReference Table="@TestPasses" Alias="[tp]" Column="Name" />
                            <ColumnReference Table="@TestPasses" Alias="[tp]" Column="State" />
                            <ColumnReference Column="Expr1009" />
                            <ColumnReference Column="Expr1016" />
                          </OutputList>
                          <NestedLoops Optimized="0">
                            <OuterReferences>
                              <ColumnReference Table="@TestPasses" Alias="[tp]" Column="Id" />
                            </OuterReferences>
                            <RelOp NodeId="4" PhysicalOp="Nested Loops" LogicalOp="Left Outer Join" EstimateRows="1" EstimateIO="0" EstimateCPU="4.18e-006" AvgRowSize="818" EstimatedTotalSubtreeCost="0.0214829" Parallel="0" EstimateRebinds="0" EstimateRewinds="0" EstimatedExecutionMode="Row">
                              <OutputList>
                                <ColumnReference Table="@TestPasses" Alias="[tp]" Column="SortOrder" />
                                <ColumnReference Table="@TestPasses" Alias="[tp]" Column="SectionId" />
                                <ColumnReference Table="@TestPasses" Alias="[tp]" Column="SectionEntryId" />
                                <ColumnReference Table="@TestPasses" Alias="[tp]" Column="SectionEntryName" />
                                <ColumnReference Table="@TestPasses" Alias="[tp]" Column="Branch" />
                                <ColumnReference Table="@TestPasses" Alias="[tp]" Column="Build" />
                                <ColumnReference Table="@TestPasses" Alias="[tp]" Column="Id" />
                                <ColumnReference Table="@TestPasses" Alias="[tp]" Column="Name" />
                                <ColumnReference Table="@TestPasses" Alias="[tp]" Column="State" />
                                <ColumnReference Column="Expr1009" />
                              </OutputList>
                              <NestedLoops Optimized="0">
                                <OuterReferences>
                                  <ColumnReference Table="@TestPasses" Alias="[tp]" Column="Id" />
                                </OuterReferences>
                                <RelOp NodeId="5" PhysicalOp="Sort" LogicalOp="Sort" EstimateRows="1" EstimateIO="0.0112613" EstimateCPU="0.000100817" AvgRowSize="817" EstimatedTotalSubtreeCost="0.0146452" Parallel="0" EstimateRebinds="0" EstimateRewinds="0" EstimatedExecutionMode="Row">
                                  <OutputList>
                                    <ColumnReference Table="@TestPasses" Alias="[tp]" Column="SortOrder" />
                                    <ColumnReference Table="@TestPasses" Alias="[tp]" Column="SectionId" />
                                    <ColumnReference Table="@TestPasses" Alias="[tp]" Column="SectionEntryId" />
                                    <ColumnReference Table="@TestPasses" Alias="[tp]" Column="SectionEntryName" />
                                    <ColumnReference Table="@TestPasses" Alias="[tp]" Column="Branch" />
                                    <ColumnReference Table="@TestPasses" Alias="[tp]" Column="Build" />
                                    <ColumnReference Table="@TestPasses" Alias="[tp]" Column="Id" />
                                    <ColumnReference Table="@TestPasses" Alias="[tp]" Column="Name" />
                                    <ColumnReference Table="@TestPasses" Alias="[tp]" Column="State" />
                                  </OutputList>
                                  <MemoryFractions Input="1" Output="0.333333" />
                                  <Sort Distinct="0">
                                    <OrderBy>
                                      <OrderByColumn Ascending="1">
                                        <ColumnReference Table="@TestPasses" Alias="[tp]" Column="SortOrder" />
                                      </OrderByColumn>
                                    </OrderBy>
                                    <RelOp NodeId="6" PhysicalOp="Table Scan" LogicalOp="Table Scan" EstimateRows="1" EstimateIO="0.003125" EstimateCPU="0.0001581" AvgRowSize="817" EstimatedTotalSubtreeCost="0.0032831" TableCardinality="0" Parallel="0" EstimateRebinds="0" EstimateRewinds="0" EstimatedExecutionMode="Row">
                                      <OutputList>
                                        <ColumnReference Table="@TestPasses" Alias="[tp]" Column="SortOrder" />
                                        <ColumnReference Table="@TestPasses" Alias="[tp]" Column="SectionId" />
                                        <ColumnReference Table="@TestPasses" Alias="[tp]" Column="SectionEntryId" />
                                        <ColumnReference Table="@TestPasses" Alias="[tp]" Column="SectionEntryName" />
                                        <ColumnReference Table="@TestPasses" Alias="[tp]" Column="Branch" />
                                        <ColumnReference Table="@TestPasses" Alias="[tp]" Column="Build" />
                                        <ColumnReference Table="@TestPasses" Alias="[tp]" Column="Id" />
                                        <ColumnReference Table="@TestPasses" Alias="[tp]" Column="Name" />
                                        <ColumnReference Table="@TestPasses" Alias="[tp]" Column="State" />
                                      </OutputList>
                                      <TableScan Ordered="0" ForcedIndex="0" ForceScan="0" NoExpandHint="0">
                                        <DefinedValues>
                                          <DefinedValue>
                                            <ColumnReference Table="@TestPasses" Alias="[tp]" Column="SortOrder" />
                                          </DefinedValue>
                                          <DefinedValue>
                                            <ColumnReference Table="@TestPasses" Alias="[tp]" Column="SectionId" />
                                          </DefinedValue>
                                          <DefinedValue>
                                            <ColumnReference Table="@TestPasses" Alias="[tp]" Column="SectionEntryId" />
                                          </DefinedValue>
                                          <DefinedValue>
                                            <ColumnReference Table="@TestPasses" Alias="[tp]" Column="SectionEntryName" />
                                          </DefinedValue>
                                          <DefinedValue>
                                            <ColumnReference Table="@TestPasses" Alias="[tp]" Column="Branch" />
                                          </DefinedValue>
                                          <DefinedValue>
                                            <ColumnReference Table="@TestPasses" Alias="[tp]" Column="Build" />
                                          </DefinedValue>
                                          <DefinedValue>
                                            <ColumnReference Table="@TestPasses" Alias="[tp]" Column="Id" />
                                          </DefinedValue>
                                          <DefinedValue>
                                            <ColumnReference Table="@TestPasses" Alias="[tp]" Column="Name" />
                                          </DefinedValue>
                                          <DefinedValue>
                                            <ColumnReference Table="@TestPasses" Alias="[tp]" Column="State" />
                                          </DefinedValue>
                                        </DefinedValues>
                                        <Object Table="[@TestPasses]" Alias="[tp]" />
                                      </TableScan>
                                    </RelOp>
                                  </Sort>
                                </RelOp>
                                <RelOp NodeId="7" PhysicalOp="Compute Scalar" LogicalOp="Compute Scalar" EstimateRows="1" EstimateIO="0" EstimateCPU="1e-007" AvgRowSize="9" EstimatedTotalSubtreeCost="0.00683359" Parallel="0" EstimateRebinds="0" EstimateRewinds="0" EstimatedExecutionMode="Row">
                                  <OutputList>
                                    <ColumnReference Column="Expr1009" />
                                  </OutputList>
                                  <ComputeScalar>
                                    <DefinedValues>
                                      <DefinedValue>
                                        <ColumnReference Column="Expr1009" />
                                        <ScalarOperator ScalarString="CONVERT(bit,[Expr1007],0)">
                                          <Convert DataType="bit" Style="0" Implicit="0">
                                            <ScalarOperator>
                                              <Identifier>
                                                <ColumnReference Column="Expr1007" />
                                              </Identifier>
                                            </ScalarOperator>
                                          </Convert>
                                        </ScalarOperator>
                                      </DefinedValue>
                                    </DefinedValues>
                                    <RelOp NodeId="8" PhysicalOp="Compute Scalar" LogicalOp="Compute Scalar" EstimateRows="1" EstimateIO="0" EstimateCPU="2.78352e-005" AvgRowSize="11" EstimatedTotalSubtreeCost="0.00683349" Parallel="0" EstimateRebinds="0" EstimateRewinds="0" EstimatedExecutionMode="Row">
                                      <OutputList>
                                        <ColumnReference Column="Expr1007" />
                                      </OutputList>
                                      <ComputeScalar>
                                        <DefinedValues>
                                          <DefinedValue>
                                            <ColumnReference Column="Expr1007" />
                                            <ScalarOperator ScalarString="CONVERT_IMPLICIT(int,[Expr1143],0)">
                                              <Convert DataType="int" Style="0" Implicit="1">
                                                <ScalarOperator>
                                                  <Identifier>
                                                    <ColumnReference Column="Expr1143" />
                                                  </Identifier>
                                                </ScalarOperator>
                                              </Convert>
                                            </ScalarOperator>
                                          </DefinedValue>
                                        </DefinedValues>
                                        <RelOp NodeId="9" PhysicalOp="Stream Aggregate" LogicalOp="Aggregate" EstimateRows="1" EstimateIO="0" EstimateCPU="2.78352e-005" AvgRowSize="11" EstimatedTotalSubtreeCost="0.00683349" Parallel="0" EstimateRebinds="0" EstimateRewinds="0" EstimatedExecutionMode="Row">
                                          <OutputList>
                                            <ColumnReference Column="Expr1143" />
                                          </OutputList>
                                          <StreamAggregate>
                                            <DefinedValues>
                                              <DefinedValue>
                                                <ColumnReference Column="Expr1143" />
                                                <ScalarOperator ScalarString="Count(*)">
                                                  <Aggregate AggType="countstar" Distinct="0" />
                                                </ScalarOperator>
                                              </DefinedValue>
                                            </DefinedValues>
                                            <RelOp NodeId="10" PhysicalOp="Nested Loops" LogicalOp="Inner Join" EstimateRows="45.5587" EstimateIO="0" EstimateCPU="0.000190435" AvgRowSize="9" EstimatedTotalSubtreeCost="0.00680565" Parallel="0" EstimateRebinds="0" EstimateRewinds="0" EstimatedExecutionMode="Row">
                                              <OutputList />
                                              <NestedLoops Optimized="0">
                                                <OuterReferences>
                                                  <ColumnReference Table="@TestPassMix" Alias="[tpm]" Column="MixId" />
                                                </OuterReferences>
                                                <RelOp NodeId="11" PhysicalOp="Clustered Index Seek" LogicalOp="Clustered Index Seek" EstimateRows="1" EstimateIO="0.003125" EstimateCPU="0.0001581" AvgRowSize="11" EstimatedTotalSubtreeCost="0.0032831" TableCardinality="0" Parallel="0" EstimateRebinds="0" EstimateRewinds="0" EstimatedExecutionMode="Row">
                                                  <OutputList>
                                                    <ColumnReference Table="@TestPassMix" Alias="[tpm]" Column="MixId" />
                                                  </OutputList>
                                                  <IndexScan Ordered="1" ScanDirection="FORWARD" ForcedIndex="0" ForceSeek="0" ForceScan="0" NoExpandHint="0" Storage="RowStore">
                                                    <DefinedValues>
                                                      <DefinedValue>
                                                        <ColumnReference Table="@TestPassMix" Alias="[tpm]" Column="MixId" />
                                                      </DefinedValue>
                                                    </DefinedValues>
                                                    <Object Table="[@TestPassMix]" Index="[PK__#B34636D__A429706AAAF60180]" Alias="[tpm]" TableReferenceId="1" />
                                                    <SeekPredicates>
                                                      <SeekPredicateNew>
                                                        <SeekKeys>
                                                          <Prefix ScanType="EQ">
                                                            <RangeColumns>
                                                              <ColumnReference Table="@TestPassMix" Alias="[tpm]" Column="TestPassId" />
                                                            </RangeColumns>
                                                            <RangeExpressions>
                                                              <ScalarOperator ScalarString="@TestPasses.[Id] as [tp].[Id]">
                                                                <Identifier>
                                                                  <ColumnReference Table="@TestPasses" Alias="[tp]" Column="Id" />
                                                                </Identifier>
                                                              </ScalarOperator>
                                                            </RangeExpressions>
                                                          </Prefix>
                                                        </SeekKeys>
                                                      </SeekPredicateNew>
                                                    </SeekPredicates>
                                                  </IndexScan>
                                                </RelOp>
                                                <RelOp NodeId="12" PhysicalOp="Index Seek" LogicalOp="Index Seek" EstimateRows="45.5587" EstimateIO="0.003125" EstimateCPU="0.000207115" AvgRowSize="9" EstimatedTotalSubtreeCost="0.00333211" TableCardinality="4.1203e+007" Parallel="0" EstimateRebinds="0" EstimateRewinds="0" EstimatedExecutionMode="Row">
                                                  <OutputList />
                                                  <IndexScan Ordered="1" ScanDirection="FORWARD" ForcedIndex="0" ForceSeek="0" ForceScan="0" NoExpandHint="0" Storage="RowStore">
                                                    <DefinedValues />
                                                    <Object Database="[OurLabReporting]" Schema="[dbo]" Table="[TEU]" Index="[Teu_IDX_Mix]" Alias="[t]" IndexKind="NonClustered" />
                                                    <SeekPredicates>
                                                      <SeekPredicateNew>
                                                        <SeekKeys>
                                                          <Prefix ScanType="EQ">
                                                            <RangeColumns>
                                                              <ColumnReference Database="[OurLabReporting]" Schema="[dbo]" Table="[TEU]" Alias="[t]" Column="MixId" />
                                                            </RangeColumns>
                                                            <RangeExpressions>
                                                              <ScalarOperator ScalarString="@TestPassMix.[MixId] as [tpm].[MixId]">
                                                                <Identifier>
                                                                  <ColumnReference Table="@TestPassMix" Alias="[tpm]" Column="MixId" />
                                                                </Identifier>
                                                              </ScalarOperator>
                                                            </RangeExpressions>
                                                          </Prefix>
                                                          <IsNotNull>
                                                            <ColumnReference Database="[OurLabReporting]" Schema="[dbo]" Table="[TEU]" Alias="[t]" Column="RerunSourceId" />
                                                          </IsNotNull>
                                                        </SeekKeys>
                                                      </SeekPredicateNew>
                                                    </SeekPredicates>
                                                  </IndexScan>
                                                </RelOp>
                                              </NestedLoops>
                                            </RelOp>
                                          </StreamAggregate>
                                        </RelOp>
                                      </ComputeScalar>
                                    </RelOp>
                                  </ComputeScalar>
                                </RelOp>
                              </NestedLoops>
                            </RelOp>
                            <RelOp NodeId="20" PhysicalOp="Compute Scalar" LogicalOp="Compute Scalar" EstimateRows="1" EstimateIO="0" EstimateCPU="1e-007" AvgRowSize="11" EstimatedTotalSubtreeCost="0.0186649" Parallel="0" EstimateRebinds="0" EstimateRewinds="0" EstimatedExecutionMode="Row">
                              <OutputList>
                                <ColumnReference Column="Expr1016" />
                              </OutputList>
                              <ComputeScalar>
                                <DefinedValues>
                                  <DefinedValue>
                                    <ColumnReference Column="Expr1016" />
                                    <ScalarOperator ScalarString="[Expr1014]">
                                      <Identifier>
                                        <ColumnReference Column="Expr1014" />
                                      </Identifier>
                                    </ScalarOperator>
                                  </DefinedValue>
                                </DefinedValues>
                                <RelOp NodeId="21" PhysicalOp="Compute Scalar" LogicalOp="Compute Scalar" EstimateRows="1" EstimateIO="0" EstimateCPU="3.01714e-005" AvgRowSize="11" EstimatedTotalSubtreeCost="0.0186648" Parallel="0" EstimateRebinds="0" EstimateRewinds="0" EstimatedExecutionMode="Row">
                                  <OutputList>
                                    <ColumnReference Column="Expr1014" />
                                  </OutputList>
                                  <ComputeScalar>
                                    <DefinedValues>
                                      <DefinedValue>
                                        <ColumnReference Column="Expr1014" />
                                        <ScalarOperator ScalarString="CONVERT_IMPLICIT(int,[Expr1144],0)">
                                          <Convert DataType="int" Style="0" Implicit="1">
                                            <ScalarOperator>
                                              <Identifier>
                                                <ColumnReference Column="Expr1144" />
                                              </Identifier>
                                            </ScalarOperator>
                                          </Convert>
                                        </ScalarOperator>
                                      </DefinedValue>
                                    </DefinedValues>
                                    <RelOp NodeId="22" PhysicalOp="Stream Aggregate" LogicalOp="Aggregate" EstimateRows="1" EstimateIO="0" EstimateCPU="3.01714e-005" AvgRowSize="11" EstimatedTotalSubtreeCost="0.0186648" Parallel="0" EstimateRebinds="0" EstimateRewinds="0" EstimatedExecutionMode="Row">
                                      <OutputList>
                                        <ColumnReference Column="Expr1144" />
                                      </OutputList>
                                      <StreamAggregate>
                                        <DefinedValues>
                                          <DefinedValue>
                                            <ColumnReference Column="Expr1144" />
                                            <ScalarOperator ScalarString="Count(*)">
                                              <Aggregate AggType="countstar" Distinct="0" />
                                            </ScalarOperator>
                                          </DefinedValue>
                                        </DefinedValues>
                                        <RelOp NodeId="23" PhysicalOp="Nested Loops" LogicalOp="Inner Join" EstimateRows="49.4523" EstimateIO="0" EstimateCPU="0.000758739" AvgRowSize="9" EstimatedTotalSubtreeCost="0.0186346" Parallel="0" EstimateRebinds="0" EstimateRewinds="0" EstimatedExecutionMode="Row">
                                          <OutputList />
                                          <NestedLoops Optimized="0">
                                            <OuterReferences>
                                              <ColumnReference Table="@TestPassMix" Alias="[tpm]" Column="MixId" />
                                            </OuterReferences>
                                            <RelOp NodeId="24" PhysicalOp="Clustered Index Seek" LogicalOp="Clustered Index Seek" EstimateRows="1" EstimateIO="0.003125" EstimateCPU="0.0001581" AvgRowSize="11" EstimatedTotalSubtreeCost="0.0032831" TableCardinality="0" Parallel="0" EstimateRebinds="0" EstimateRewinds="0" EstimatedExecutionMode="Row">
                                              <OutputList>
                                                <ColumnReference Table="@TestPassMix" Alias="[tpm]" Column="MixId" />
                                              </OutputList>
                                              <IndexScan Ordered="1" ScanDirection="FORWARD" ForcedIndex="0" ForceSeek="0" ForceScan="0" NoExpandHint="0" Storage="RowStore">
                                                <DefinedValues>
                                                  <DefinedValue>
                                                    <ColumnReference Table="@TestPassMix" Alias="[tpm]" Column="MixId" />
                                                  </DefinedValue>
                                                </DefinedValues>
                                                <Object Table="[@TestPassMix]" Index="[PK__#B34636D__A429706AAAF60180]" Alias="[tpm]" TableReferenceId="2" />
                                                <SeekPredicates>
                                                  <SeekPredicateNew>
                                                    <SeekKeys>
                                                      <Prefix ScanType="EQ">
                                                        <RangeColumns>
                                                          <ColumnReference Table="@TestPassMix" Alias="[tpm]" Column="TestPassId" />
                                                        </RangeColumns>
                                                        <RangeExpressions>
                                                          <ScalarOperator ScalarString="@TestPasses.[Id] as [tp].[Id]">
                                                            <Identifier>
                                                              <ColumnReference Table="@TestPasses" Alias="[tp]" Column="Id" />
                                                            </Identifier>
                                                          </ScalarOperator>
                                                        </RangeExpressions>
                                                      </Prefix>
                                                    </SeekKeys>
                                                  </SeekPredicateNew>
                                                </SeekPredicates>
                                              </IndexScan>
                                            </RelOp>
                                            <RelOp NodeId="25" PhysicalOp="Index Seek" LogicalOp="Index Seek" EstimateRows="181.516" EstimateIO="0.0142361" EstimateCPU="0.000356668" AvgRowSize="9" EstimatedTotalSubtreeCost="0.0145928" TableCardinality="1.2325e+007" Parallel="0" EstimateRebinds="0" EstimateRewinds="0" EstimatedExecutionMode="Row">
                                              <OutputList />
                                              <IndexScan Ordered="1" ScanDirection="FORWARD" ForcedIndex="0" ForceSeek="0" ForceScan="0" NoExpandHint="0" Storage="RowStore">
                                                <DefinedValues />
                                                <Object Database="[OurLabReporting]" Schema="[dbo]" Table="[MachineSet]" Index="[MachineSet_IDX_MixId]" Alias="[ms]" IndexKind="NonClustered" />
                                                <SeekPredicates>
                                                  <SeekPredicateNew>
                                                    <SeekKeys>
                                                      <Prefix ScanType="EQ">
                                                        <RangeColumns>
                                                          <ColumnReference Database="[OurLabReporting]" Schema="[dbo]" Table="[MachineSet]" Alias="[ms]" Column="MixId" />
                                                        </RangeColumns>
                                                        <RangeExpressions>
                                                          <ScalarOperator ScalarString="@TestPassMix.[MixId] as [tpm].[MixId]">
                                                            <Identifier>
                                                              <ColumnReference Table="@TestPassMix" Alias="[tpm]" Column="MixId" />
                                                            </Identifier>
                                                          </ScalarOperator>
                                                        </RangeExpressions>
                                                      </Prefix>
                                                    </SeekKeys>
                                                  </SeekPredicateNew>
                                                </SeekPredicates>
                                              </IndexScan>
                                            </RelOp>
                                          </NestedLoops>
                                        </RelOp>
                                      </StreamAggregate>
                                    </RelOp>
                                  </ComputeScalar>
                                </RelOp>
                              </ComputeScalar>
                            </RelOp>
                          </NestedLoops>
                        </RelOp>
                        <RelOp NodeId="33" PhysicalOp="Compute Scalar" LogicalOp="Compute Scalar" EstimateRows="1" EstimateIO="0" EstimateCPU="1e-007" AvgRowSize="31" EstimatedTotalSubtreeCost="0.0110379" Parallel="0" EstimateRebinds="0" EstimateRewinds="0" EstimatedExecutionMode="Row">
                          <OutputList>
                            <ColumnReference Column="Expr1044" />
                            <ColumnReference Column="Expr1045" />
                            <ColumnReference Column="Expr1046" />
                            <ColumnReference Column="Expr1047" />
                            <ColumnReference Column="Expr1048" />
                            <ColumnReference Column="Expr1049" />
                          </OutputList>
                          <ComputeScalar>
                            <DefinedValues>
                              <DefinedValue>
                                <ColumnReference Column="Expr1044" />
                                <ScalarOperator ScalarString="[Expr1037]">
                                  <Identifier>
                                    <ColumnReference Column="Expr1037" />
                                  </Identifier>
                                </ScalarOperator>
                              </DefinedValue>
                              <DefinedValue>
                                <ColumnReference Column="Expr1045" />
                                <ScalarOperator ScalarString="[Expr1038]">
                                  <Identifier>
                                    <ColumnReference Column="Expr1038" />
                                  </Identifier>
                                </ScalarOperator>
                              </DefinedValue>
                              <DefinedValue>
                                <ColumnReference Column="Expr1046" />
                                <ScalarOperator ScalarString="[Expr1039]">
                                  <Identifier>
                                    <ColumnReference Column="Expr1039" />
                                  </Identifier>
                                </ScalarOperator>
                              </DefinedValue>
                              <DefinedValue>
                                <ColumnReference Column="Expr1047" />
                                <ScalarOperator ScalarString="[Expr1040]">
                                  <Identifier>
                                    <ColumnReference Column="Expr1040" />
                                  </Identifier>
                                </ScalarOperator>
                              </DefinedValue>
                              <DefinedValue>
                                <ColumnReference Column="Expr1048" />
                                <ScalarOperator ScalarString="[Expr1041]">
                                  <Identifier>
                                    <ColumnReference Column="Expr1041" />
                                  </Identifier>
                                </ScalarOperator>
                              </DefinedValue>
                              <DefinedValue>
                                <ColumnReference Column="Expr1049" />
                                <ScalarOperator ScalarString="[Expr1042]">
                                  <Identifier>
                                    <ColumnReference Column="Expr1042" />
                                  </Identifier>
                                </ScalarOperator>
                              </DefinedValue>
                            </DefinedValues>
                            <RelOp NodeId="34" PhysicalOp="Compute Scalar" LogicalOp="Compute Scalar" EstimateRows="1" EstimateIO="0" EstimateCPU="1.1e-006" AvgRowSize="31" EstimatedTotalSubtreeCost="0.0110378" Parallel="0" EstimateRebinds="0" EstimateRewinds="0" EstimatedExecutionMode="Row">
                              <OutputList>
                                <ColumnReference Column="Expr1037" />
                                <ColumnReference Column="Expr1038" />
                                <ColumnReference Column="Expr1039" />
                                <ColumnReference Column="Expr1040" />
                                <ColumnReference Column="Expr1041" />
                                <ColumnReference Column="Expr1042" />
                              </OutputList>
                              <ComputeScalar>
                                <DefinedValues>
                                  <DefinedValue>
                                    <ColumnReference Column="Expr1037" />
                                    <ScalarOperator ScalarString="CASE WHEN [Expr1145]=(0) THEN NULL ELSE [Expr1146] END">
                                      <IF>
                                        <Condition>
                                          <ScalarOperator>
                                            <Compare CompareOp="EQ">
                                              <ScalarOperator>
                                                <Identifier>
                                                  <ColumnReference Column="Expr1145" />
                                                </Identifier>
                                              </ScalarOperator>
                                              <ScalarOperator>
                                                <Const ConstValue="(0)" />
                                              </ScalarOperator>
                                            </Compare>
                                          </ScalarOperator>
                                        </Condition>
                                        <Then>
                                          <ScalarOperator>
                                            <Const ConstValue="NULL" />
                                          </ScalarOperator>
                                        </Then>
                                        <Else>
                                          <ScalarOperator>
                                            <Identifier>
                                              <ColumnReference Column="Expr1146" />
                                            </Identifier>
                                          </ScalarOperator>
                                        </Else>
                                      </IF>
                                    </ScalarOperator>
                                  </DefinedValue>
                                  <DefinedValue>
                                    <ColumnReference Column="Expr1038" />
                                    <ScalarOperator ScalarString="CASE WHEN [Expr1147]=(0) THEN NULL ELSE [Expr1148] END">
                                      <IF>
                                        <Condition>
                                          <ScalarOperator>
                                            <Compare CompareOp="EQ">
                                              <ScalarOperator>
                                                <Identifier>
                                                  <ColumnReference Column="Expr1147" />
                                                </Identifier>
                                              </ScalarOperator>
                                              <ScalarOperator>
                                                <Const ConstValue="(0)" />
                                              </ScalarOperator>
                                            </Compare>
                                          </ScalarOperator>
                                        </Condition>
                                        <Then>
                                          <ScalarOperator>
                                            <Const ConstValue="NULL" />
                                          </ScalarOperator>
                                        </Then>
                                        <Else>
                                          <ScalarOperator>
                                            <Identifier>
                                              <ColumnReference Column="Expr1148" />
                                            </Identifier>
                                          </ScalarOperator>
                                        </Else>
                                      </IF>
                                    </ScalarOperator>
                                  </DefinedValue>
                                  <DefinedValue>
                                    <ColumnReference Column="Expr1039" />
                                    <ScalarOperator ScalarString="CASE WHEN [Expr1149]=(0) THEN NULL ELSE [Expr1150] END">
                                      <IF>
                                        <Condition>
                                          <ScalarOperator>
                                            <Compare CompareOp="EQ">
                                              <ScalarOperator>
                                                <Identifier>
                                                  <ColumnReference Column="Expr1149" />
                                                </Identifier>
                                              </ScalarOperator>
                                              <ScalarOperator>
                                                <Const ConstValue="(0)" />
                                              </ScalarOperator>
                                            </Compare>
                                          </ScalarOperator>
                                        </Condition>
                                        <Then>
                                          <ScalarOperator>
                                            <Const ConstValue="NULL" />
                                          </ScalarOperator>
                                        </Then>
                                        <Else>
                                          <ScalarOperator>
                                            <Identifier>
                                              <ColumnReference Column="Expr1150" />
                                            </Identifier>
                                          </ScalarOperator>
                                        </Else>
                                      </IF>
                                    </ScalarOperator>
                                  </DefinedValue>
                                  <DefinedValue>
                                    <ColumnReference Column="Expr1040" />
                                    <ScalarOperator ScalarString="CASE WHEN [Expr1151]=(0) THEN NULL ELSE [Expr1152] END">
                                      <IF>
                                        <Condition>
                                          <ScalarOperator>
                                            <Compare CompareOp="EQ">
                                              <ScalarOperator>
                                                <Identifier>
                                                  <ColumnReference Column="Expr1151" />
                                                </Identifier>
                                              </ScalarOperator>
                                              <ScalarOperator>
                                                <Const ConstValue="(0)" />
                                              </ScalarOperator>
                                            </Compare>
                                          </ScalarOperator>
                                        </Condition>
                                        <Then>
                                          <ScalarOperator>
                                            <Const ConstValue="NULL" />
                                          </ScalarOperator>
                                        </Then>
                                        <Else>
                                          <ScalarOperator>
                                            <Identifier>
                                              <ColumnReference Column="Expr1152" />
                                            </Identifier>
                                          </ScalarOperator>
                                        </Else>
                                      </IF>
                                    </ScalarOperator>
                                  </DefinedValue>
                                  <DefinedValue>
                                    <ColumnReference Column="Expr1041" />
                                    <ScalarOperator ScalarString="CASE WHEN [Expr1153]=(0) THEN NULL ELSE [Expr1154] END">
                                      <IF>
                                        <Condition>
                                          <ScalarOperator>
                                            <Compare CompareOp="EQ">
                                              <ScalarOperator>
                                                <Identifier>
                                                  <ColumnReference Column="Expr1153" />
                                                </Identifier>
                                              </ScalarOperator>
                                              <ScalarOperator>
                                                <Const ConstValue="(0)" />
                                              </ScalarOperator>
                                            </Compare>
                                          </ScalarOperator>
                                        </Condition>
                                        <Then>
                                          <ScalarOperator>
                                            <Const ConstValue="NULL" />
                                          </ScalarOperator>
                                        </Then>
                                        <Else>
                                          <ScalarOperator>
                                            <Identifier>
                                              <ColumnReference Column="Expr1154" />
                                            </Identifier>
                                          </ScalarOperator>
                                        </Else>
                                      </IF>
                                    </ScalarOperator>
                                  </DefinedValue>
                                  <DefinedValue>
                                    <ColumnReference Column="Expr1042" />
                                    <ScalarOperator ScalarString="CASE WHEN [Expr1155]=(0) THEN NULL ELSE [Expr1156] END">
                                      <IF>
                                        <Condition>
                                          <ScalarOperator>
                                            <Compare CompareOp="EQ">
                                              <ScalarOperator>
                                                <Identifier>
                                                  <ColumnReference Column="Expr1155" />
                                                </Identifier>
                                              </ScalarOperator>
                                              <ScalarOperator>
                                                <Const ConstValue="(0)" />
                                              </ScalarOperator>
                                            </Compare>
                                          </ScalarOperator>
                                        </Condition>
                                        <Then>
                                          <ScalarOperator>
                                            <Const ConstValue="NULL" />
                                          </ScalarOperator>
                                        </Then>
                                        <Else>
                                          <ScalarOperator>
                                            <Identifier>
                                              <ColumnReference Column="Expr1156" />
                                            </Identifier>
                                          </ScalarOperator>
                                        </Else>
                                      </IF>
                                    </ScalarOperator>
                                  </DefinedValue>
                                </DefinedValues>
                                <RelOp NodeId="35" PhysicalOp="Stream Aggregate" LogicalOp="Aggregate" EstimateRows="1" EstimateIO="0" EstimateCPU="1.1e-006" AvgRowSize="31" EstimatedTotalSubtreeCost="0.0110378" Parallel="0" EstimateRebinds="0" EstimateRewinds="0" EstimatedExecutionMode="Row">
                                  <OutputList>
                                    <ColumnReference Column="Expr1145" />
                                    <ColumnReference Column="Expr1146" />
                                    <ColumnReference Column="Expr1147" />
                                    <ColumnReference Column="Expr1148" />
                                    <ColumnReference Column="Expr1149" />
                                    <ColumnReference Column="Expr1150" />
                                    <ColumnReference Column="Expr1151" />
                                    <ColumnReference Column="Expr1152" />
                                    <ColumnReference Column="Expr1153" />
                                    <ColumnReference Column="Expr1154" />
                                    <ColumnReference Column="Expr1155" />
                                    <ColumnReference Column="Expr1156" />
                                  </OutputList>
                                  <StreamAggregate>
                                    <DefinedValues>
                                      <DefinedValue>
                                        <ColumnReference Column="Expr1145" />
                                        <ScalarOperator ScalarString="COUNT_BIG([Expr1033])">
                                          <Aggregate Distinct="0" AggType="COUNT_BIG">
                                            <ScalarOperator>
                                              <Identifier>
                                                <ColumnReference Column="Expr1033" />
                                              </Identifier>
                                            </ScalarOperator>
                                          </Aggregate>
                                        </ScalarOperator>
                                      </DefinedValue>
                                      <DefinedValue>
                                        <ColumnReference Column="Expr1146" />
                                        <ScalarOperator ScalarString="SUM([Expr1033])">
                                          <Aggregate Distinct="0" AggType="SUM">
                                            <ScalarOperator>
                                              <Identifier>
                                                <ColumnReference Column="Expr1033" />
                                              </Identifier>
                                            </ScalarOperator>
                                          </Aggregate>
                                        </ScalarOperator>
                                      </DefinedValue>
                                      <DefinedValue>
                                        <ColumnReference Column="Expr1147" />
                                        <ScalarOperator ScalarString="COUNT_BIG([Expr1028])">
                                          <Aggregate Distinct="0" AggType="COUNT_BIG">
                                            <ScalarOperator>
                                              <Identifier>
                                                <ColumnReference Column="Expr1028" />
                                              </Identifier>
                                            </ScalarOperator>
                                          </Aggregate>
                                        </ScalarOperator>
                                      </DefinedValue>
                                      <DefinedValue>
                                        <ColumnReference Column="Expr1148" />
                                        <ScalarOperator ScalarString="SUM([Expr1028])">
                                          <Aggregate Distinct="0" AggType="SUM">
                                            <ScalarOperator>
                                              <Identifier>
                                                <ColumnReference Column="Expr1028" />
                                              </Identifier>
                                            </ScalarOperator>
                                          </Aggregate>
                                        </ScalarOperator>
                                      </DefinedValue>
                                      <DefinedValue>
                                        <ColumnReference Column="Expr1149" />
                                        <ScalarOperator ScalarString="COUNT_BIG([Expr1029])">
                                          <Aggregate Distinct="0" AggType="COUNT_BIG">
                                            <ScalarOperator>
                                              <Identifier>
                                                <ColumnReference Column="Expr1029" />
                                              </Identifier>
                                            </ScalarOperator>
                                          </Aggregate>
                                        </ScalarOperator>
                                      </DefinedValue>
                                      <DefinedValue>
                                        <ColumnReference Column="Expr1150" />
                                        <ScalarOperator ScalarString="SUM([Expr1029])">
                                          <Aggregate Distinct="0" AggType="SUM">
                                            <ScalarOperator>
                                              <Identifier>
                                                <ColumnReference Column="Expr1029" />
                                              </Identifier>
                                            </ScalarOperator>
                                          </Aggregate>
                                        </ScalarOperator>
                                      </DefinedValue>
                                      <DefinedValue>
                                        <ColumnReference Column="Expr1151" />
                                        <ScalarOperator ScalarString="COUNT_BIG([Expr1031])">
                                          <Aggregate Distinct="0" AggType="COUNT_BIG">
                                            <ScalarOperator>
                                              <Identifier>
                                                <ColumnReference Column="Expr1031" />
                                              </Identifier>
                                            </ScalarOperator>
                                          </Aggregate>
                                        </ScalarOperator>
                                      </DefinedValue>
                                      <DefinedValue>
                                        <ColumnReference Column="Expr1152" />
                                        <ScalarOperator ScalarString="SUM([Expr1031])">
                                          <Aggregate Distinct="0" AggType="SUM">
                                            <ScalarOperator>
                                              <Identifier>
                                                <ColumnReference Column="Expr1031" />
                                              </Identifier>
                                            </ScalarOperator>
                                          </Aggregate>
                                        </ScalarOperator>
                                      </DefinedValue>
                                      <DefinedValue>
                                        <ColumnReference Column="Expr1153" />
                                        <ScalarOperator ScalarString="COUNT_BIG([Expr1030])">
                                          <Aggregate Distinct="0" AggType="COUNT_BIG">
                                            <ScalarOperator>
                                              <Identifier>
                                                <ColumnReference Column="Expr1030" />
                                              </Identifier>
                                            </ScalarOperator>
                                          </Aggregate>
                                        </ScalarOperator>
                                      </DefinedValue>
                                      <DefinedValue>
                                        <ColumnReference Column="Expr1154" />
                                        <ScalarOperator ScalarString="SUM([Expr1030])">
                                          <Aggregate Distinct="0" AggType="SUM">
                                            <ScalarOperator>
                                              <Identifier>
                                                <ColumnReference Column="Expr1030" />
                                              </Identifier>
                                            </ScalarOperator>
                                          </Aggregate>
                                        </ScalarOperator>
                                      </DefinedValue>
                                      <DefinedValue>
                                        <ColumnReference Column="Expr1155" />
                                        <ScalarOperator ScalarString="COUNT_BIG([Expr1032])">
                                          <Aggregate Distinct="0" AggType="COUNT_BIG">
                                            <ScalarOperator>
                                              <Identifier>
                                                <ColumnReference Column="Expr1032" />
                                              </Identifier>
                                            </ScalarOperator>
                                          </Aggregate>
                                        </ScalarOperator>
                                      </DefinedValue>
                                      <DefinedValue>
                                        <ColumnReference Column="Expr1156" />
                                        <ScalarOperator ScalarString="SUM([Expr1032])">
                                          <Aggregate Distinct="0" AggType="SUM">
                                            <ScalarOperator>
                                              <Identifier>
                                                <ColumnReference Column="Expr1032" />
                                              </Identifier>
                                            </ScalarOperator>
                                          </Aggregate>
                                        </ScalarOperator>
                                      </DefinedValue>
                                    </DefinedValues>
                                    <RelOp NodeId="36" PhysicalOp="Nested Loops" LogicalOp="Inner Join" EstimateRows="1" EstimateIO="0" EstimateCPU="4.18e-006" AvgRowSize="31" EstimatedTotalSubtreeCost="0.0110367" Parallel="0" EstimateRebinds="0" EstimateRewinds="0" EstimatedExecutionMode="Row">
                                      <OutputList>
                                        <ColumnReference Column="Expr1028" />
                                        <ColumnReference Column="Expr1029" />
                                        <ColumnReference Column="Expr1030" />
                                        <ColumnReference Column="Expr1031" />
                                        <ColumnReference Column="Expr1032" />
                                        <ColumnReference Column="Expr1033" />
                                      </OutputList>
                                      <NestedLoops Optimized="0">
                                        <OuterReferences>
                                          <ColumnReference Table="@TestPassMix" Alias="[tpm]" Column="MixId" />
                                        </OuterReferences>
                                        <RelOp NodeId="37" PhysicalOp="Clustered Index Seek" LogicalOp="Clustered Index Seek" EstimateRows="1" EstimateIO="0.003125" EstimateCPU="0.0001581" AvgRowSize="11" EstimatedTotalSubtreeCost="0.0032831" TableCardinality="0" Parallel="0" EstimateRebinds="0" EstimateRewinds="0" EstimatedExecutionMode="Row">
                                          <OutputList>
                                            <ColumnReference Table="@TestPassMix" Alias="[tpm]" Column="MixId" />
                                          </OutputList>
                                          <IndexScan Ordered="1" ScanDirection="FORWARD" ForcedIndex="0" ForceSeek="0" ForceScan="0" NoExpandHint="0" Storage="RowStore">
                                            <DefinedValues>
                                              <DefinedValue>
                                                <ColumnReference Table="@TestPassMix" Alias="[tpm]" Column="MixId" />
                                              </DefinedValue>
                                            </DefinedValues>
                                            <Object Table="[@TestPassMix]" Index="[PK__#B34636D__A429706AAAF60180]" Alias="[tpm]" TableReferenceId="3" />
                                            <SeekPredicates>
                                              <SeekPredicateNew>
                                                <SeekKeys>
                                                  <Prefix ScanType="EQ">
                                                    <RangeColumns>
                                                      <ColumnReference Table="@TestPassMix" Alias="[tpm]" Column="TestPassId" />
                                                    </RangeColumns>
                                                    <RangeExpressions>
                                                      <ScalarOperator ScalarString="@TestPasses.[Id] as [tp].[Id]">
                                                        <Identifier>
                                                          <ColumnReference Table="@TestPasses" Alias="[tp]" Column="Id" />
                                                        </Identifier>
                                                      </ScalarOperator>
                                                    </RangeExpressions>
                                                  </Prefix>
                                                </SeekKeys>
                                              </SeekPredicateNew>
                                            </SeekPredicates>
                                          </IndexScan>
                                        </RelOp>
                                        <RelOp NodeId="38" PhysicalOp="Stream Aggregate" LogicalOp="Aggregate" EstimateRows="1" EstimateIO="0" EstimateCPU="1.53552e-006" AvgRowSize="31" EstimatedTotalSubtreeCost="0.00774947" Parallel="0" EstimateRebinds="0" EstimateRewinds="0" EstimatedExecutionMode="Row">
                                          <OutputList>
                                            <ColumnReference Column="Expr1028" />
                                            <ColumnReference Column="Expr1029" />
                                            <ColumnReference Column="Expr1030" />
                                            <ColumnReference Column="Expr1031" />
                                            <ColumnReference Column="Expr1032" />
                                            <ColumnReference Column="Expr1033" />
                                          </OutputList>
                                          <StreamAggregate>
                                            <DefinedValues>
                                              <DefinedValue>
                                                <ColumnReference Column="Expr1028" />
                                                <ScalarOperator ScalarString="SUM([OurLabReporting].[dbo].[TEUCountsByResolvedTED].[PassTotal] as [cache].[PassTotal])">
                                                  <Aggregate Distinct="0" AggType="SUM">
                                                    <ScalarOperator>
                                                      <Identifier>
                                                        <ColumnReference Database="[OurLabReporting]" Schema="[dbo]" Table="[TEUCountsByResolvedTED]" Alias="[cache]" Column="PassTotal" />
                                                      </Identifier>
                                                    </ScalarOperator>
                                                  </Aggregate>
                                                </ScalarOperator>
                                              </DefinedValue>
                                              <DefinedValue>
                                                <ColumnReference Column="Expr1029" />
                                                <ScalarOperator ScalarString="SUM([OurLabReporting].[dbo].[TEUCountsByResolvedTED].[FailTotal] as [cache].[FailTotal])">
                                                  <Aggregate Distinct="0" AggType="SUM">
                                                    <ScalarOperator>
                                                      <Identifier>
                                                        <ColumnReference Database="[OurLabReporting]" Schema="[dbo]" Table="[TEUCountsByResolvedTED]" Alias="[cache]" Column="FailTotal" />
                                                      </Identifier>
                                                    </ScalarOperator>
                                                  </Aggregate>
                                                </ScalarOperator>
                                              </DefinedValue>
                                              <DefinedValue>
                                                <ColumnReference Column="Expr1030" />
                                                <ScalarOperator ScalarString="SUM([OurLabReporting].[dbo].[TEUCountsByResolvedTED].[WarnTotal] as [cache].[WarnTotal])">
                                                  <Aggregate Distinct="0" AggType="SUM">
                                                    <ScalarOperator>
                                                      <Identifier>
                                                        <ColumnReference Database="[OurLabReporting]" Schema="[dbo]" Table="[TEUCountsByResolvedTED]" Alias="[cache]" Column="WarnTotal" />
                                                      </Identifier>
                                                    </ScalarOperator>
                                                  </Aggregate>
                                                </ScalarOperator>
                                              </DefinedValue>
                                              <DefinedValue>
                                                <ColumnReference Column="Expr1031" />
                                                <ScalarOperator ScalarString="SUM([OurLabReporting].[dbo].[TEUCountsByResolvedTED].[SkipTotal] as [cache].[SkipTotal])">
                                                  <Aggregate Distinct="0" AggType="SUM">
                                                    <ScalarOperator>
                                                      <Identifier>
                                                        <ColumnReference Database="[OurLabReporting]" Schema="[dbo]" Table="[TEUCountsByResolvedTED]" Alias="[cache]" Column="SkipTotal" />
                                                      </Identifier>
                                                    </ScalarOperator>
                                                  </Aggregate>
                                                </ScalarOperator>
                                              </DefinedValue>
                                              <DefinedValue>
                                                <ColumnReference Column="Expr1032" />
                                                <ScalarOperator ScalarString="SUM([OurLabReporting].[dbo].[TEUCountsByResolvedTED].[BlockTotal] as [cache].[BlockTotal])">
                                                  <Aggregate Distinct="0" AggType="SUM">
                                                    <ScalarOperator>
                                                      <Identifier>
                                                        <ColumnReference Database="[OurLabReporting]" Schema="[dbo]" Table="[TEUCountsByResolvedTED]" Alias="[cache]" Column="BlockTotal" />
                                                      </Identifier>
                                                    </ScalarOperator>
                                                  </Aggregate>
                                                </ScalarOperator>
                                              </DefinedValue>
                                              <DefinedValue>
                                                <ColumnReference Column="Expr1033" />
                                                <ScalarOperator ScalarString="SUM([Expr1086])">
                                                  <Aggregate Distinct="0" AggType="SUM">
                                                    <ScalarOperator>
                                                      <Identifier>
                                                        <ColumnReference Column="Expr1086" />
                                                      </Identifier>
                                                    </ScalarOperator>
                                                  </Aggregate>
                                                </ScalarOperator>
                                              </DefinedValue>
                                            </DefinedValues>
                                            <RelOp NodeId="39" PhysicalOp="Compute Scalar" LogicalOp="Compute Scalar" EstimateRows="1.72587" EstimateIO="0" EstimateCPU="1.72587e-007" AvgRowSize="31" EstimatedTotalSubtreeCost="0.00774793" Parallel="0" EstimateRebinds="0" EstimateRewinds="0" EstimatedExecutionMode="Row">
                                              <OutputList>
                                                <ColumnReference Database="[OurLabReporting]" Schema="[dbo]" Table="[TEUCountsByResolvedTED]" Alias="[cache]" Column="PassTotal" />
                                                <ColumnReference Database="[OurLabReporting]" Schema="[dbo]" Table="[TEUCountsByResolvedTED]" Alias="[cache]" Column="FailTotal" />
                                                <ColumnReference Database="[OurLabReporting]" Schema="[dbo]" Table="[TEUCountsByResolvedTED]" Alias="[cache]" Column="WarnTotal" />
                                                <ColumnReference Database="[OurLabReporting]" Schema="[dbo]" Table="[TEUCountsByResolvedTED]" Alias="[cache]" Column="SkipTotal" />
                                                <ColumnReference Database="[OurLabReporting]" Schema="[dbo]" Table="[TEUCountsByResolvedTED]" Alias="[cache]" Column="BlockTotal" />
                                                <ColumnReference Column="Expr1086" />
                                              </OutputList>
                                              <ComputeScalar>
                                                <DefinedValues>
                                                  <DefinedValue>
                                                    <ColumnReference Column="Expr1086" />
                                                    <ScalarOperator ScalarString="[OurLabReporting].[dbo].[TEUCountsByResolvedTED].[Total] as [cache].[Total]">
                                                      <Identifier>
                                                        <ColumnReference Database="[OurLabReporting]" Schema="[dbo]" Table="[TEUCountsByResolvedTED]" Alias="[cache]" Column="Total" ComputedColumn="1" />
                                                      </Identifier>
                                                    </ScalarOperator>
                                                  </DefinedValue>
                                                </DefinedValues>
                                                <RelOp NodeId="40" PhysicalOp="Nested Loops" LogicalOp="Inner Join" EstimateRows="1.72587" EstimateIO="0" EstimateCPU="7.21415e-006" AvgRowSize="31" EstimatedTotalSubtreeCost="0.00774776" Parallel="0" EstimateRebinds="0" EstimateRewinds="0" EstimatedExecutionMode="Row">
                                                  <OutputList>
                                                    <ColumnReference Database="[OurLabReporting]" Schema="[dbo]" Table="[TEUCountsByResolvedTED]" Alias="[cache]" Column="PassTotal" />
                                                    <ColumnReference Database="[OurLabReporting]" Schema="[dbo]" Table="[TEUCountsByResolvedTED]" Alias="[cache]" Column="FailTotal" />
                                                    <ColumnReference Database="[OurLabReporting]" Schema="[dbo]" Table="[TEUCountsByResolvedTED]" Alias="[cache]" Column="WarnTotal" />
                                                    <ColumnReference Database="[OurLabReporting]" Schema="[dbo]" Table="[TEUCountsByResolvedTED]" Alias="[cache]" Column="SkipTotal" />
                                                    <ColumnReference Database="[OurLabReporting]" Schema="[dbo]" Table="[TEUCountsByResolvedTED]" Alias="[cache]" Column="BlockTotal" />
                                                    <ColumnReference Database="[OurLabReporting]" Schema="[dbo]" Table="[TEUCountsByResolvedTED]" Alias="[cache]" Column="Total" ComputedColumn="1" />
                                                  </OutputList>
                                                  <NestedLoops Optimized="0">
                                                    <OuterReferences>
                                                      <ColumnReference Database="[OurLabReporting]" Schema="[dbo]" Table="[ResolvedTED]" Alias="[rted]" Column="Id" />
                                                    </OuterReferences>
                                                    <RelOp NodeId="41" PhysicalOp="Index Seek" LogicalOp="Index Seek" EstimateRows="1.72587" EstimateIO="0.003125" EstimateCPU="0.000158898" AvgRowSize="11" EstimatedTotalSubtreeCost="0.0032839" TableCardinality="1.37087e+006" Parallel="0" EstimateRebinds="0" EstimateRewinds="0" EstimatedExecutionMode="Row">
                                                      <OutputList>
                                                        <ColumnReference Database="[OurLabReporting]" Schema="[dbo]" Table="[ResolvedTED]" Alias="[rted]" Column="Id" />
                                                      </OutputList>
                                                      <IndexScan Ordered="1" ScanDirection="FORWARD" ForcedIndex="0" ForceSeek="0" ForceScan="0" NoExpandHint="0" Storage="RowStore">
                                                        <DefinedValues>
                                                          <DefinedValue>
                                                            <ColumnReference Database="[OurLabReporting]" Schema="[dbo]" Table="[ResolvedTED]" Alias="[rted]" Column="Id" />
                                                          </DefinedValue>
                                                        </DefinedValues>
                                                        <Object Database="[OurLabReporting]" Schema="[dbo]" Table="[ResolvedTED]" Index="[ResolvedTED_IDX_MixId]" Alias="[rted]" IndexKind="NonClustered" />
                                                        <SeekPredicates>
                                                          <SeekPredicateNew>
                                                            <SeekKeys>
                                                              <Prefix ScanType="EQ">
                                                                <RangeColumns>
                                                                  <ColumnReference Database="[OurLabReporting]" Schema="[dbo]" Table="[ResolvedTED]" Alias="[rted]" Column="MixId" />
                                                                </RangeColumns>
                                                                <RangeExpressions>
                                                                  <ScalarOperator ScalarString="@TestPassMix.[MixId] as [tpm].[MixId]">
                                                                    <Identifier>
                                                                      <ColumnReference Table="@TestPassMix" Alias="[tpm]" Column="MixId" />
                                                                    </Identifier>
                                                                  </ScalarOperator>
                                                                </RangeExpressions>
                                                              </Prefix>
                                                            </SeekKeys>
                                                          </SeekPredicateNew>
                                                        </SeekPredicates>
                                                      </IndexScan>
                                                    </RelOp>
                                                    <RelOp NodeId="42" PhysicalOp="Compute Scalar" LogicalOp="Compute Scalar" EstimateRows="1" EstimateIO="0" EstimateCPU="1e-007" AvgRowSize="31" EstimatedTotalSubtreeCost="0.00445665" Parallel="0" EstimateRebinds="0.725873" EstimateRewinds="0" EstimatedExecutionMode="Row">
                                                      <OutputList>
                                                        <ColumnReference Database="[OurLabReporting]" Schema="[dbo]" Table="[TEUCountsByResolvedTED]" Alias="[cache]" Column="PassTotal" />
                                                        <ColumnReference Database="[OurLabReporting]" Schema="[dbo]" Table="[TEUCountsByResolvedTED]" Alias="[cache]" Column="FailTotal" />
                                                        <ColumnReference Database="[OurLabReporting]" Schema="[dbo]" Table="[TEUCountsByResolvedTED]" Alias="[cache]" Column="WarnTotal" />
                                                        <ColumnReference Database="[OurLabReporting]" Schema="[dbo]" Table="[TEUCountsByResolvedTED]" Alias="[cache]" Column="SkipTotal" />
                                                        <ColumnReference Database="[OurLabReporting]" Schema="[dbo]" Table="[TEUCountsByResolvedTED]" Alias="[cache]" Column="BlockTotal" />
                                                        <ColumnReference Database="[OurLabReporting]" Schema="[dbo]" Table="[TEUCountsByResolvedTED]" Alias="[cache]" Column="Total" ComputedColumn="1" />
                                                      </OutputList>
                                                      <ComputeScalar>
                                                        <DefinedValues>
                                                          <DefinedValue>
                                                            <ColumnReference Database="[OurLabReporting]" Schema="[dbo]" Table="[TEUCountsByResolvedTED]" Alias="[cache]" Column="Total" ComputedColumn="1" />
                                                            <ScalarOperator ScalarString="[OurLabReporting].[dbo].[TEUCountsByResolvedTED].[PassTotal] as [cache].[PassTotal]+[OurLabReporting].[dbo].[TEUCountsByResolvedTED].[FailTotal] as [cache].[FailTotal]+[OurLabReporting].[dbo].[TEUCountsByResolvedTED].[WarnTotal] as [cache].[WarnTotal]+[OurLabReporting].[dbo].[TEUCountsByResolvedTED].[SkipTotal] as [cache].[SkipTotal]+[OurLabReporting].[dbo].[TEUCountsByResolvedTED].[BlockTotal] as [cache].[BlockTotal]">
                                                              <Arithmetic Operation="ADD">
                                                                <ScalarOperator>
                                                                  <Arithmetic Operation="ADD">
                                                                    <ScalarOperator>
                                                                      <Arithmetic Operation="ADD">
                                                                        <ScalarOperator>
                                                                          <Arithmetic Operation="ADD">
                                                                            <ScalarOperator>
                                                                              <Identifier>
                                                                                <ColumnReference Database="[OurLabReporting]" Schema="[dbo]" Table="[TEUCountsByResolvedTED]" Alias="[cache]" Column="PassTotal" />
                                                                              </Identifier>
                                                                            </ScalarOperator>
                                                                            <ScalarOperator>
                                                                              <Identifier>
                                                                                <ColumnReference Database="[OurLabReporting]" Schema="[dbo]" Table="[TEUCountsByResolvedTED]" Alias="[cache]" Column="FailTotal" />
                                                                              </Identifier>
                                                                            </ScalarOperator>
                                                                          </Arithmetic>
                                                                        </ScalarOperator>
                                                                        <ScalarOperator>
                                                                          <Identifier>
                                                                            <ColumnReference Database="[OurLabReporting]" Schema="[dbo]" Table="[TEUCountsByResolvedTED]" Alias="[cache]" Column="WarnTotal" />
                                                                          </Identifier>
                                                                        </ScalarOperator>
                                                                      </Arithmetic>
                                                                    </ScalarOperator>
                                                                    <ScalarOperator>
                                                                      <Identifier>
                                                                        <ColumnReference Database="[OurLabReporting]" Schema="[dbo]" Table="[TEUCountsByResolvedTED]" Alias="[cache]" Column="SkipTotal" />
                                                                      </Identifier>
                                                                    </ScalarOperator>
                                                                  </Arithmetic>
                                                                </ScalarOperator>
                                                                <ScalarOperator>
                                                                  <Identifier>
                                                                    <ColumnReference Database="[OurLabReporting]" Schema="[dbo]" Table="[TEUCountsByResolvedTED]" Alias="[cache]" Column="BlockTotal" />
                                                                  </Identifier>
                                                                </ScalarOperator>
                                                              </Arithmetic>
                                                            </ScalarOperator>
                                                          </DefinedValue>
                                                        </DefinedValues>
                                                        <RelOp NodeId="43" PhysicalOp="Clustered Index Seek" LogicalOp="Clustered Index Seek" EstimateRows="1" EstimateIO="0.003125" EstimateCPU="0.0001581" AvgRowSize="27" EstimatedTotalSubtreeCost="0.00445647" TableCardinality="1.37087e+006" Parallel="0" EstimateRebinds="0.725873" EstimateRewinds="0" EstimatedExecutionMode="Row">
                                                          <OutputList>
                                                            <ColumnReference Database="[OurLabReporting]" Schema="[dbo]" Table="[TEUCountsByResolvedTED]" Alias="[cache]" Column="PassTotal" />
                                                            <ColumnReference Database="[OurLabReporting]" Schema="[dbo]" Table="[TEUCountsByResolvedTED]" Alias="[cache]" Column="FailTotal" />
                                                            <ColumnReference Database="[OurLabReporting]" Schema="[dbo]" Table="[TEUCountsByResolvedTED]" Alias="[cache]" Column="WarnTotal" />
                                                            <ColumnReference Database="[OurLabReporting]" Schema="[dbo]" Table="[TEUCountsByResolvedTED]" Alias="[cache]" Column="SkipTotal" />
                                                            <ColumnReference Database="[OurLabReporting]" Schema="[dbo]" Table="[TEUCountsByResolvedTED]" Alias="[cache]" Column="BlockTotal" />
                                                          </OutputList>
                                                          <IndexScan Ordered="1" ScanDirection="FORWARD" ForcedIndex="0" ForceSeek="0" ForceScan="0" NoExpandHint="0" Storage="RowStore">
                                                            <DefinedValues>
                                                              <DefinedValue>
                                                                <ColumnReference Database="[OurLabReporting]" Schema="[dbo]" Table="[TEUCountsByResolvedTED]" Alias="[cache]" Column="PassTotal" />
                                                              </DefinedValue>
                                                              <DefinedValue>
                                                                <ColumnReference Database="[OurLabReporting]" Schema="[dbo]" Table="[TEUCountsByResolvedTED]" Alias="[cache]" Column="FailTotal" />
                                                              </DefinedValue>
                                                              <DefinedValue>
                                                                <ColumnReference Database="[OurLabReporting]" Schema="[dbo]" Table="[TEUCountsByResolvedTED]" Alias="[cache]" Column="WarnTotal" />
                                                              </DefinedValue>
                                                              <DefinedValue>
                                                                <ColumnReference Database="[OurLabReporting]" Schema="[dbo]" Table="[TEUCountsByResolvedTED]" Alias="[cache]" Column="SkipTotal" />
                                                              </DefinedValue>
                                                              <DefinedValue>
                                                                <ColumnReference Database="[OurLabReporting]" Schema="[dbo]" Table="[TEUCountsByResolvedTED]" Alias="[cache]" Column="BlockTotal" />
                                                              </DefinedValue>
                                                            </DefinedValues>
                                                            <Object Database="[OurLabReporting]" Schema="[dbo]" Table="[TEUCountsByResolvedTED]" Index="[TEUCountsByResolvedTED_PK]" Alias="[cache]" IndexKind="Clustered" />
                                                            <SeekPredicates>
                                                              <SeekPredicateNew>
                                                                <SeekKeys>
                                                                  <Prefix ScanType="EQ">
                                                                    <RangeColumns>
                                                                      <ColumnReference Database="[OurLabReporting]" Schema="[dbo]" Table="[TEUCountsByResolvedTED]" Alias="[cache]" Column="ResolvedTEDId" />
                                                                    </RangeColumns>
                                                                    <RangeExpressions>
                                                                      <ScalarOperator ScalarString="[OurLabReporting].[dbo].[ResolvedTED].[Id] as [rted].[Id]">
                                                                        <Identifier>
                                                                          <ColumnReference Database="[OurLabReporting]" Schema="[dbo]" Table="[ResolvedTED]" Alias="[rted]" Column="Id" />
                                                                        </Identifier>
                                                                      </ScalarOperator>
                                                                    </RangeExpressions>
                                                                  </Prefix>
                                                                </SeekKeys>
                                                              </SeekPredicateNew>
                                                            </SeekPredicates>
                                                          </IndexScan>
                                                        </RelOp>
                                                      </ComputeScalar>
                                                    </RelOp>
                                                  </NestedLoops>
                                                </RelOp>
                                              </ComputeScalar>
                                            </RelOp>
                                          </StreamAggregate>
                                        </RelOp>
                                      </NestedLoops>
                                    </RelOp>
                                  </StreamAggregate>
                                </RelOp>
                              </ComputeScalar>
                            </RelOp>
                          </ComputeScalar>
                        </RelOp>
                      </NestedLoops>
                    </RelOp>
                    <RelOp NodeId="114" PhysicalOp="Compute Scalar" LogicalOp="Compute Scalar" EstimateRows="1" EstimateIO="0" EstimateCPU="1e-007" AvgRowSize="23" EstimatedTotalSubtreeCost="0.0131513" Parallel="0" EstimateRebinds="0" EstimateRewinds="0" EstimatedExecutionMode="Row">
                      <OutputList>
                        <ColumnReference Column="Expr1054" />
                        <ColumnReference Column="Expr1059" />
                        <ColumnReference Column="Expr1064" />
                        <ColumnReference Column="Expr1069" />
                      </OutputList>
                      <ComputeScalar>
                        <DefinedValues>
                          <DefinedValue>
                            <ColumnReference Column="Expr1054" />
                            <ScalarOperator ScalarString="[Expr1052]">
                              <Identifier>
                                <ColumnReference Column="Expr1052" />
                              </Identifier>
                            </ScalarOperator>
                          </DefinedValue>
                          <DefinedValue>
                            <ColumnReference Column="Expr1059" />
                            <ScalarOperator ScalarString="[Expr1057]">
                              <Identifier>
                                <ColumnReference Column="Expr1057" />
                              </Identifier>
                            </ScalarOperator>
                          </DefinedValue>
                          <DefinedValue>
                            <ColumnReference Column="Expr1064" />
                            <ScalarOperator ScalarString="[Expr1062]">
                              <Identifier>
                                <ColumnReference Column="Expr1062" />
                              </Identifier>
                            </ScalarOperator>
                          </DefinedValue>
                          <DefinedValue>
                            <ColumnReference Column="Expr1069" />
                            <ScalarOperator ScalarString="[Expr1067]">
                              <Identifier>
                                <ColumnReference Column="Expr1067" />
                              </Identifier>
                            </ScalarOperator>
                          </DefinedValue>
                        </DefinedValues>
                        <RelOp NodeId="115" PhysicalOp="Nested Loops" LogicalOp="Inner Join" EstimateRows="1" EstimateIO="0" EstimateCPU="4.18e-006" AvgRowSize="23" EstimatedTotalSubtreeCost="0.0131512" Parallel="0" EstimateRebinds="0" EstimateRewinds="0" EstimatedExecutionMode="Row">
                          <OutputList>
                            <ColumnReference Column="Expr1052" />
                            <ColumnReference Column="Expr1057" />
                            <ColumnReference Column="Expr1062" />
                            <ColumnReference Column="Expr1067" />
                          </OutputList>
                          <NestedLoops Optimized="0">
                            <RelOp NodeId="116" PhysicalOp="Nested Loops" LogicalOp="Inner Join" EstimateRows="1" EstimateIO="0" EstimateCPU="4.18e-006" AvgRowSize="19" EstimatedTotalSubtreeCost="0.00986232" Parallel="0" EstimateRebinds="0" EstimateRewinds="0" EstimatedExecutionMode="Row">
                              <OutputList>
                                <ColumnReference Column="Expr1052" />
                                <ColumnReference Column="Expr1062" />
                                <ColumnReference Column="Expr1067" />
                              </OutputList>
                              <NestedLoops Optimized="0">
                                <RelOp NodeId="117" PhysicalOp="Nested Loops" LogicalOp="Inner Join" EstimateRows="1" EstimateIO="0" EstimateCPU="4.18e-006" AvgRowSize="15" EstimatedTotalSubtreeCost="0.00657346" Parallel="0" EstimateRebinds="0" EstimateRewinds="0" EstimatedExecutionMode="Row">
                                  <OutputList>
                                    <ColumnReference Column="Expr1052" />
                                    <ColumnReference Column="Expr1067" />
                                  </OutputList>
                                  <NestedLoops Optimized="0">
                                    <RelOp NodeId="118" PhysicalOp="Compute Scalar" LogicalOp="Compute Scalar" EstimateRows="1" EstimateIO="0" EstimateCPU="1.1e-006" AvgRowSize="11" EstimatedTotalSubtreeCost="0.0032842" Parallel="0" EstimateRebinds="0" EstimateRewinds="0" EstimatedExecutionMode="Row">
                                      <OutputList>
                                        <ColumnReference Column="Expr1052" />
                                      </OutputList>
                                      <ComputeScalar>
                                        <DefinedValues>
                                          <DefinedValue>
                                            <ColumnReference Column="Expr1052" />
                                            <ScalarOperator ScalarString="CONVERT_IMPLICIT(int,[Expr1157],0)">
                                              <Convert DataType="int" Style="0" Implicit="1">
                                                <ScalarOperator>
                                                  <Identifier>
                                                    <ColumnReference Column="Expr1157" />
                                                  </Identifier>
                                                </ScalarOperator>
                                              </Convert>
                                            </ScalarOperator>
                                          </DefinedValue>
                                        </DefinedValues>
                                        <RelOp NodeId="119" PhysicalOp="Stream Aggregate" LogicalOp="Aggregate" EstimateRows="1" EstimateIO="0" EstimateCPU="1.1e-006" AvgRowSize="11" EstimatedTotalSubtreeCost="0.0032842" Parallel="0" EstimateRebinds="0" EstimateRewinds="0" EstimatedExecutionMode="Row">
                                          <OutputList>
                                            <ColumnReference Column="Expr1157" />
                                          </OutputList>
                                          <StreamAggregate>
                                            <DefinedValues>
                                              <DefinedValue>
                                                <ColumnReference Column="Expr1157" />
                                                <ScalarOperator ScalarString="Count(*)">
                                                  <Aggregate AggType="countstar" Distinct="0" />
                                                </ScalarOperator>
                                              </DefinedValue>
                                            </DefinedValues>
                                            <RelOp NodeId="120" PhysicalOp="Clustered Index Seek" LogicalOp="Clustered Index Seek" EstimateRows="1" EstimateIO="0.003125" EstimateCPU="0.0001581" AvgRowSize="9" EstimatedTotalSubtreeCost="0.0032831" TableCardinality="0" Parallel="0" EstimateRebinds="0" EstimateRewinds="0" EstimatedExecutionMode="Row">
                                              <OutputList />
                                              <IndexScan Ordered="1" ScanDirection="FORWARD" ForcedIndex="0" ForceSeek="0" ForceScan="0" NoExpandHint="0" Storage="RowStore">
                                                <DefinedValues />
                                                <Object Table="[@TestPassFailures]" Index="[PK__#B622A37__693551ED31E5EC8C]" Alias="[f]" TableReferenceId="1" />
                                                <SeekPredicates>
                                                  <SeekPredicateNew>
                                                    <SeekKeys>
                                                      <Prefix ScanType="EQ">
                                                        <RangeColumns>
                                                          <ColumnReference Table="@TestPassFailures" Alias="[f]" Column="TestpassId" />
                                                        </RangeColumns>
                                                        <RangeExpressions>
                                                          <ScalarOperator ScalarString="@TestPasses.[Id] as [tp].[Id]">
                                                            <Identifier>
                                                              <ColumnReference Table="@TestPasses" Alias="[tp]" Column="Id" />
                                                            </Identifier>
                                                          </ScalarOperator>
                                                        </RangeExpressions>
                                                      </Prefix>
                                                    </SeekKeys>
                                                  </SeekPredicateNew>
                                                </SeekPredicates>
                                              </IndexScan>
                                            </RelOp>
                                          </StreamAggregate>
                                        </RelOp>
                                      </ComputeScalar>
                                    </RelOp>
                                    <RelOp NodeId="125" PhysicalOp="Compute Scalar" LogicalOp="Compute Scalar" EstimateRows="1" EstimateIO="0" EstimateCPU="1.1e-006" AvgRowSize="11" EstimatedTotalSubtreeCost="0.00328508" Parallel="0" EstimateRebinds="0" EstimateRewinds="0" EstimatedExecutionMode="Row">
                                      <OutputList>
                                        <ColumnReference Column="Expr1067" />
                                      </OutputList>
                                      <ComputeScalar>
                                        <DefinedValues>
                                          <DefinedValue>
                                            <ColumnReference Column="Expr1067" />
                                            <ScalarOperator ScalarString="CONVERT_IMPLICIT(int,[Expr1158],0)">
                                              <Convert DataType="int" Style="0" Implicit="1">
                                                <ScalarOperator>
                                                  <Identifier>
                                                    <ColumnReference Column="Expr1158" />
                                                  </Identifier>
                                                </ScalarOperator>
                                              </Convert>
                                            </ScalarOperator>
                                          </DefinedValue>
                                        </DefinedValues>
                                        <RelOp NodeId="126" PhysicalOp="Stream Aggregate" LogicalOp="Aggregate" EstimateRows="1" EstimateIO="0" EstimateCPU="1.1e-006" AvgRowSize="11" EstimatedTotalSubtreeCost="0.00328508" Parallel="0" EstimateRebinds="0" EstimateRewinds="0" EstimatedExecutionMode="Row">
                                          <OutputList>
                                            <ColumnReference Column="Expr1158" />
                                          </OutputList>
                                          <StreamAggregate>
                                            <DefinedValues>
                                              <DefinedValue>
                                                <ColumnReference Column="Expr1158" />
                                                <ScalarOperator ScalarString="Count(*)">
                                                  <Aggregate AggType="countstar" Distinct="0" />
                                                </ScalarOperator>
                                              </DefinedValue>
                                            </DefinedValues>
                                            <RelOp NodeId="127" PhysicalOp="Clustered Index Seek" LogicalOp="Clustered Index Seek" EstimateRows="1" EstimateIO="0.003125" EstimateCPU="0.0001581" AvgRowSize="15" EstimatedTotalSubtreeCost="0.0032831" TableCardinality="0" Parallel="0" EstimateRebinds="0" EstimateRewinds="0" EstimatedExecutionMode="Row">
                                              <OutputList />
                                              <IndexScan Ordered="1" ScanDirection="FORWARD" ForcedIndex="0" ForceSeek="0" ForceScan="0" NoExpandHint="0" Storage="RowStore">
                                                <DefinedValues />
                                                <Object Table="[@TestPassFailures]" Index="[PK__#B622A37__693551ED31E5EC8C]" Alias="[f]" TableReferenceId="4" />
                                                <SeekPredicates>
                                                  <SeekPredicateNew>
                                                    <SeekKeys>
                                                      <Prefix ScanType="EQ">
                                                        <RangeColumns>
                                                          <ColumnReference Table="@TestPassFailures" Alias="[f]" Column="TestpassId" />
                                                        </RangeColumns>
                                                        <RangeExpressions>
                                                          <ScalarOperator ScalarString="@TestPasses.[Id] as [tp].[Id]">
                                                            <Identifier>
                                                              <ColumnReference Table="@TestPasses" Alias="[tp]" Column="Id" />
                                                            </Identifier>
                                                          </ScalarOperator>
                                                        </RangeExpressions>
                                                      </Prefix>
                                                    </SeekKeys>
                                                  </SeekPredicateNew>
                                                </SeekPredicates>
                                                <Predicate>
                                                  <ScalarOperator ScalarString="@TestPassFailures.[FailureTypeId] as [f].[FailureTypeId]=[@InfrastructureFailureTypeId] AND @TestPassFailures.[StatusId] as [f].[StatusId]=[@ActiveStatusId]">
                                                    <Logical Operation="AND">
                                                      <ScalarOperator>
                                                        <Compare CompareOp="EQ">
                                                          <ScalarOperator>
                                                            <Identifier>
                                                              <ColumnReference Table="@TestPassFailures" Alias="[f]" Column="FailureTypeId" />
                                                            </Identifier>
                                                          </ScalarOperator>
                                                          <ScalarOperator>
                                                            <Identifier>
                                                              <ColumnReference Column="@InfrastructureFailureTypeId" />
                                                            </Identifier>
                                                          </ScalarOperator>
                                                        </Compare>
                                                      </ScalarOperator>
                                                      <ScalarOperator>
                                                        <Compare CompareOp="EQ">
                                                          <ScalarOperator>
                                                            <Identifier>
                                                              <ColumnReference Table="@TestPassFailures" Alias="[f]" Column="StatusId" />
                                                            </Identifier>
                                                          </ScalarOperator>
                                                          <ScalarOperator>
                                                            <Identifier>
                                                              <ColumnReference Column="@ActiveStatusId" />
                                                            </Identifier>
                                                          </ScalarOperator>
                                                        </Compare>
                                                      </ScalarOperator>
                                                    </Logical>
                                                  </ScalarOperator>
                                                </Predicate>
                                              </IndexScan>
                                            </RelOp>
                                          </StreamAggregate>
                                        </RelOp>
                                      </ComputeScalar>
                                    </RelOp>
                                  </NestedLoops>
                                </RelOp>
                                <RelOp NodeId="132" PhysicalOp="Compute Scalar" LogicalOp="Compute Scalar" EstimateRows="1" EstimateIO="0" EstimateCPU="1.1e-006" AvgRowSize="11" EstimatedTotalSubtreeCost="0.00328468" Parallel="0" EstimateRebinds="0" EstimateRewinds="0" EstimatedExecutionMode="Row">
                                  <OutputList>
                                    <ColumnReference Column="Expr1062" />
                                  </OutputList>
                                  <ComputeScalar>
                                    <DefinedValues>
                                      <DefinedValue>
                                        <ColumnReference Column="Expr1062" />
                                        <ScalarOperator ScalarString="CONVERT_IMPLICIT(int,[Expr1159],0)">
                                          <Convert DataType="int" Style="0" Implicit="1">
                                            <ScalarOperator>
                                              <Identifier>
                                                <ColumnReference Column="Expr1159" />
                                              </Identifier>
                                            </ScalarOperator>
                                          </Convert>
                                        </ScalarOperator>
                                      </DefinedValue>
                                    </DefinedValues>
                                    <RelOp NodeId="133" PhysicalOp="Stream Aggregate" LogicalOp="Aggregate" EstimateRows="1" EstimateIO="0" EstimateCPU="1.1e-006" AvgRowSize="11" EstimatedTotalSubtreeCost="0.00328468" Parallel="0" EstimateRebinds="0" EstimateRewinds="0" EstimatedExecutionMode="Row">
                                      <OutputList>
                                        <ColumnReference Column="Expr1159" />
                                      </OutputList>
                                      <StreamAggregate>
                                        <DefinedValues>
                                          <DefinedValue>
                                            <ColumnReference Column="Expr1159" />
                                            <ScalarOperator ScalarString="Count(*)">
                                              <Aggregate AggType="countstar" Distinct="0" />
                                            </ScalarOperator>
                                          </DefinedValue>
                                        </DefinedValues>
                                        <RelOp NodeId="134" PhysicalOp="Clustered Index Seek" LogicalOp="Clustered Index Seek" EstimateRows="1" EstimateIO="0.003125" EstimateCPU="0.0001581" AvgRowSize="11" EstimatedTotalSubtreeCost="0.0032831" TableCardinality="0" Parallel="0" EstimateRebinds="0" EstimateRewinds="0" EstimatedExecutionMode="Row">
                                          <OutputList />
                                          <IndexScan Ordered="1" ScanDirection="FORWARD" ForcedIndex="0" ForceSeek="0" ForceScan="0" NoExpandHint="0" Storage="RowStore">
                                            <DefinedValues />
                                            <Object Table="[@TestPassFailures]" Index="[PK__#B622A37__693551ED31E5EC8C]" Alias="[f]" TableReferenceId="3" />
                                            <SeekPredicates>
                                              <SeekPredicateNew>
                                                <SeekKeys>
                                                  <Prefix ScanType="EQ">
                                                    <RangeColumns>
                                                      <ColumnReference Table="@TestPassFailures" Alias="[f]" Column="TestpassId" />
                                                    </RangeColumns>
                                                    <RangeExpressions>
                                                      <ScalarOperator ScalarString="@TestPasses.[Id] as [tp].[Id]">
                                                        <Identifier>
                                                          <ColumnReference Table="@TestPasses" Alias="[tp]" Column="Id" />
                                                        </Identifier>
                                                      </ScalarOperator>
                                                    </RangeExpressions>
                                                  </Prefix>
                                                </SeekKeys>
                                              </SeekPredicateNew>
                                            </SeekPredicates>
                                            <Predicate>
                                              <ScalarOperator ScalarString="@TestPassFailures.[FailureTypeId] as [f].[FailureTypeId]=[@InfrastructureFailureTypeId]">
                                                <Compare CompareOp="EQ">
                                                  <ScalarOperator>
                                                    <Identifier>
                                                      <ColumnReference Table="@TestPassFailures" Alias="[f]" Column="FailureTypeId" />
                                                    </Identifier>
                                                  </ScalarOperator>
                                                  <ScalarOperator>
                                                    <Identifier>
                                                      <ColumnReference Column="@InfrastructureFailureTypeId" />
                                                    </Identifier>
                                                  </ScalarOperator>
                                                </Compare>
                                              </ScalarOperator>
                                            </Predicate>
                                          </IndexScan>
                                        </RelOp>
                                      </StreamAggregate>
                                    </RelOp>
                                  </ComputeScalar>
                                </RelOp>
                              </NestedLoops>
                            </RelOp>
                            <RelOp NodeId="139" PhysicalOp="Compute Scalar" LogicalOp="Compute Scalar" EstimateRows="1" EstimateIO="0" EstimateCPU="1.1e-006" AvgRowSize="11" EstimatedTotalSubtreeCost="0.00328468" Parallel="0" EstimateRebinds="0" EstimateRewinds="0" EstimatedExecutionMode="Row">
                              <OutputList>
                                <ColumnReference Column="Expr1057" />
                              </OutputList>
                              <ComputeScalar>
                                <DefinedValues>
                                  <DefinedValue>
                                    <ColumnReference Column="Expr1057" />
                                    <ScalarOperator ScalarString="CONVERT_IMPLICIT(int,[Expr1160],0)">
                                      <Convert DataType="int" Style="0" Implicit="1">
                                        <ScalarOperator>
                                          <Identifier>
                                            <ColumnReference Column="Expr1160" />
                                          </Identifier>
                                        </ScalarOperator>
                                      </Convert>
                                    </ScalarOperator>
                                  </DefinedValue>
                                </DefinedValues>
                                <RelOp NodeId="140" PhysicalOp="Stream Aggregate" LogicalOp="Aggregate" EstimateRows="1" EstimateIO="0" EstimateCPU="1.1e-006" AvgRowSize="11" EstimatedTotalSubtreeCost="0.00328468" Parallel="0" EstimateRebinds="0" EstimateRewinds="0" EstimatedExecutionMode="Row">
                                  <OutputList>
                                    <ColumnReference Column="Expr1160" />
                                  </OutputList>
                                  <StreamAggregate>
                                    <DefinedValues>
                                      <DefinedValue>
                                        <ColumnReference Column="Expr1160" />
                                        <ScalarOperator ScalarString="Count(*)">
                                          <Aggregate AggType="countstar" Distinct="0" />
                                        </ScalarOperator>
                                      </DefinedValue>
                                    </DefinedValues>
                                    <RelOp NodeId="141" PhysicalOp="Clustered Index Seek" LogicalOp="Clustered Index Seek" EstimateRows="1" EstimateIO="0.003125" EstimateCPU="0.0001581" AvgRowSize="11" EstimatedTotalSubtreeCost="0.0032831" TableCardinality="0" Parallel="0" EstimateRebinds="0" EstimateRewinds="0" EstimatedExecutionMode="Row">
                                      <OutputList />
                                      <IndexScan Ordered="1" ScanDirection="FORWARD" ForcedIndex="0" ForceSeek="0" ForceScan="0" NoExpandHint="0" Storage="RowStore">
                                        <DefinedValues />
                                        <Object Table="[@TestPassFailures]" Index="[PK__#B622A37__693551ED31E5EC8C]" Alias="[f]" TableReferenceId="2" />
                                        <SeekPredicates>
                                          <SeekPredicateNew>
                                            <SeekKeys>
                                              <Prefix ScanType="EQ">
                                                <RangeColumns>
                                                  <ColumnReference Table="@TestPassFailures" Alias="[f]" Column="TestpassId" />
                                                </RangeColumns>
                                                <RangeExpressions>
                                                  <ScalarOperator ScalarString="@TestPasses.[Id] as [tp].[Id]">
                                                    <Identifier>
                                                      <ColumnReference Table="@TestPasses" Alias="[tp]" Column="Id" />
                                                    </Identifier>
                                                  </ScalarOperator>
                                                </RangeExpressions>
                                              </Prefix>
                                            </SeekKeys>
                                          </SeekPredicateNew>
                                        </SeekPredicates>
                                        <Predicate>
                                          <ScalarOperator ScalarString="@TestPassFailures.[StatusId] as [f].[StatusId]=[@ActiveStatusId]">
                                            <Compare CompareOp="EQ">
                                              <ScalarOperator>
                                                <Identifier>
                                                  <ColumnReference Table="@TestPassFailures" Alias="[f]" Column="StatusId" />
                                                </Identifier>
                                              </ScalarOperator>
                                              <ScalarOperator>
                                                <Identifier>
                                                  <ColumnReference Column="@ActiveStatusId" />
                                                </Identifier>
                                              </ScalarOperator>
                                            </Compare>
                                          </ScalarOperator>
                                        </Predicate>
                                      </IndexScan>
                                    </RelOp>
                                  </StreamAggregate>
                                </RelOp>
                              </ComputeScalar>
                            </RelOp>
                          </NestedLoops>
                        </RelOp>
                      </ComputeScalar>
                    </RelOp>
                  </NestedLoops>
                </RelOp>
                <RelOp NodeId="155" PhysicalOp="Compute Scalar" LogicalOp="Compute Scalar" EstimateRows="1" EstimateIO="0" EstimateCPU="1e-007" AvgRowSize="4035" EstimatedTotalSubtreeCost="0.0358727" Parallel="0" EstimateRebinds="0" EstimateRewinds="0" EstimatedExecutionMode="Row">
                  <OutputList>
                    <ColumnReference Column="Expr1085" />
                  </OutputList>
                  <ComputeScalar>
                    <DefinedValues>
                      <DefinedValue>
                        <ColumnReference Column="Expr1085" />
                        <ScalarOperator ScalarString="[Expr1083]">
                          <Identifier>
                            <ColumnReference Column="Expr1083" />
                          </Identifier>
                        </ScalarOperator>
                      </DefinedValue>
                    </DefinedValues>
                    <RelOp NodeId="156" PhysicalOp="UDX" LogicalOp="UDX" EstimateRows="1" EstimateIO="0" EstimateCPU="1e-006" AvgRowSize="4035" EstimatedTotalSubtreeCost="0.0358726" Parallel="0" EstimateRebinds="0" EstimateRewinds="0" EstimatedExecutionMode="Row">
                      <OutputList>
                        <ColumnReference Column="Expr1083" />
                      </OutputList>
                      <Extension UDXName="FOR XML">
                        <DefinedValues>
                          <DefinedValue>
                            <ColumnReference Column="Expr1083" />
                          </DefinedValue>
                        </DefinedValues>
                        <UsedUDXColumns>
                          <ColumnReference Database="[OurLabReporting]" Schema="[dbo]" Table="[Bug]" Alias="[b]" Column="Number" />
                          <ColumnReference Column="Expr1081" />
                          <ColumnReference Database="[OurLabReporting]" Schema="[dbo]" Table="[Bug]" Alias="[b]" Column="DatabaseName" />
                          <ColumnReference Database="[OurLabReporting]" Schema="[dbo]" Table="[Bug]" Alias="[b]" Column="Status" />
                          <ColumnReference Column="Expr1078" />
                          <ColumnReference Column="Expr1079" />
                          <ColumnReference Column="Expr1082" />
                        </UsedUDXColumns>
                        <RelOp NodeId="157" PhysicalOp="Compute Scalar" LogicalOp="Compute Scalar" EstimateRows="1" EstimateIO="0" EstimateCPU="1e-007" AvgRowSize="4195" EstimatedTotalSubtreeCost="0.0358716" Parallel="0" EstimateRebinds="0" EstimateRewinds="0" EstimatedExecutionMode="Row">
                          <OutputList>
                            <ColumnReference Database="[OurLabReporting]" Schema="[dbo]" Table="[Bug]" Alias="[b]" Column="Number" />
                            <ColumnReference Database="[OurLabReporting]" Schema="[dbo]" Table="[Bug]" Alias="[b]" Column="DatabaseName" />
                            <ColumnReference Database="[OurLabReporting]" Schema="[dbo]" Table="[Bug]" Alias="[b]" Column="Status" />
                            <ColumnReference Column="Expr1078" />
                            <ColumnReference Column="Expr1079" />
                            <ColumnReference Column="Expr1081" />
                            <ColumnReference Column="Expr1082" />
                          </OutputList>
                          <ComputeScalar>
                            <DefinedValues>
                              <DefinedValue>
                                <ColumnReference Column="Expr1081" />
                                <ScalarOperator ScalarString="replace([OurLabReporting].[dbo].[Bug].[Title] as [b].[Title],N'&quot;',N'&amp;quot;')">
                                  <Intrinsic FunctionName="replace">
                                    <ScalarOperator>
                                      <Identifier>
                                        <ColumnReference Database="[OurLabReporting]" Schema="[dbo]" Table="[Bug]" Alias="[b]" Column="Title" />
                                      </Identifier>
                                    </ScalarOperator>
                                    <ScalarOperator>
                                      <Const ConstValue="N'&quot;'" />
                                    </ScalarOperator>
                                    <ScalarOperator>
                                      <Const ConstValue="N'&amp;quot;'" />
                                    </ScalarOperator>
                                  </Intrinsic>
                                </ScalarOperator>
                              </DefinedValue>
                              <DefinedValue>
                                <ColumnReference Column="Expr1082" />
                                <ScalarOperator ScalarString="CONVERT(bit,[Expr1080],0)">
                                  <Convert DataType="bit" Style="0" Implicit="0">
                                    <ScalarOperator>
                                      <Identifier>
                                        <ColumnReference Column="Expr1080" />
                                      </Identifier>
                                    </ScalarOperator>
                                  </Convert>
                                </ScalarOperator>
                              </DefinedValue>
                            </DefinedValues>
                            <RelOp NodeId="158" PhysicalOp="Sort" LogicalOp="Sort" EstimateRows="1" EstimateIO="0.0112613" EstimateCPU="0.000101219" AvgRowSize="1219" EstimatedTotalSubtreeCost="0.0358715" Parallel="0" EstimateRebinds="0" EstimateRewinds="0" EstimatedExecutionMode="Row">
                              <OutputList>
                                <ColumnReference Database="[OurLabReporting]" Schema="[dbo]" Table="[Bug]" Alias="[b]" Column="Number" />
                                <ColumnReference Database="[OurLabReporting]" Schema="[dbo]" Table="[Bug]" Alias="[b]" Column="DatabaseName" />
                                <ColumnReference Database="[OurLabReporting]" Schema="[dbo]" Table="[Bug]" Alias="[b]" Column="Title" />
                                <ColumnReference Database="[OurLabReporting]" Schema="[dbo]" Table="[Bug]" Alias="[b]" Column="Status" />
                                <ColumnReference Column="Expr1078" />
                                <ColumnReference Column="Expr1079" />
                                <ColumnReference Column="Expr1080" />
                              </OutputList>
                              <MemoryFractions Input="0.333333" Output="0.666667" />
                              <Sort Distinct="0">
                                <OrderBy>
                                  <OrderByColumn Ascending="0">
                                    <ColumnReference Column="Expr1078" />
                                  </OrderByColumn>
                                </OrderBy>
                                <RelOp NodeId="159" PhysicalOp="Compute Scalar" LogicalOp="Compute Scalar" EstimateRows="1" EstimateIO="0" EstimateCPU="1.1e-006" AvgRowSize="1219" EstimatedTotalSubtreeCost="0.024509" Parallel="0" EstimateRebinds="0" EstimateRewinds="0" EstimatedExecutionMode="Row">
                                  <OutputList>
                                    <ColumnReference Database="[OurLabReporting]" Schema="[dbo]" Table="[Bug]" Alias="[b]" Column="Number" />
                                    <ColumnReference Database="[OurLabReporting]" Schema="[dbo]" Table="[Bug]" Alias="[b]" Column="DatabaseName" />
                                    <ColumnReference Database="[OurLabReporting]" Schema="[dbo]" Table="[Bug]" Alias="[b]" Column="Title" />
                                    <ColumnReference Database="[OurLabReporting]" Schema="[dbo]" Table="[Bug]" Alias="[b]" Column="Status" />
                                    <ColumnReference Column="Expr1078" />
                                    <ColumnReference Column="Expr1079" />
                                    <ColumnReference Column="Expr1080" />
                                  </OutputList>
                                  <ComputeScalar>
                                    <DefinedValues>
                                      <DefinedValue>
                                        <ColumnReference Column="Expr1078" />
                                        <ScalarOperator ScalarString="CONVERT_IMPLICIT(int,[Expr1161],0)">
                                          <Convert DataType="int" Style="0" Implicit="1">
                                            <ScalarOperator>
                                              <Identifier>
                                                <ColumnReference Column="Expr1161" />
                                              </Identifier>
                                            </ScalarOperator>
                                          </Convert>
                                        </ScalarOperator>
                                      </DefinedValue>
                                    </DefinedValues>
                                    <RelOp NodeId="160" PhysicalOp="Stream Aggregate" LogicalOp="Aggregate" EstimateRows="1" EstimateIO="0" EstimateCPU="1.1e-006" AvgRowSize="1219" EstimatedTotalSubtreeCost="0.024509" Parallel="0" EstimateRebinds="0" EstimateRewinds="0" EstimatedExecutionMode="Row">
                                      <OutputList>
                                        <ColumnReference Database="[OurLabReporting]" Schema="[dbo]" Table="[Bug]" Alias="[b]" Column="Number" />
                                        <ColumnReference Database="[OurLabReporting]" Schema="[dbo]" Table="[Bug]" Alias="[b]" Column="DatabaseName" />
                                        <ColumnReference Database="[OurLabReporting]" Schema="[dbo]" Table="[Bug]" Alias="[b]" Column="Title" />
                                        <ColumnReference Database="[OurLabReporting]" Schema="[dbo]" Table="[Bug]" Alias="[b]" Column="Status" />
                                        <ColumnReference Column="Expr1079" />
                                        <ColumnReference Column="Expr1080" />
                                        <ColumnReference Column="Expr1161" />
                                      </OutputList>
                                      <StreamAggregate>
                                        <DefinedValues>
                                          <DefinedValue>
                                            <ColumnReference Column="Expr1161" />
                                            <ScalarOperator ScalarString="Count(*)">
                                              <Aggregate AggType="countstar" Distinct="0" />
                                            </ScalarOperator>
                                          </DefinedValue>
                                          <DefinedValue>
                                            <ColumnReference Column="Expr1079" />
                                            <ScalarOperator ScalarString="MAX([OurLabReporting].[dbo].[FailureType].[Type] as [ft].[Type])">
                                              <Aggregate Distinct="0" AggType="MAX">
                                                <ScalarOperator>
                                                  <Identifier>
                                                    <ColumnReference Database="[OurLabReporting]" Schema="[dbo]" Table="[FailureType]" Alias="[ft]" Column="Type" />
                                                  </Identifier>
                                                </ScalarOperator>
                                              </Aggregate>
                                            </ScalarOperator>
                                          </DefinedValue>
                                          <DefinedValue>
                                            <ColumnReference Column="Expr1080" />
                                            <ScalarOperator ScalarString="MAX([Expr1087])">
                                              <Aggregate Distinct="0" AggType="MAX">
                                                <ScalarOperator>
                                                  <Identifier>
                                                    <ColumnReference Column="Expr1087" />
                                                  </Identifier>
                                                </ScalarOperator>
                                              </Aggregate>
                                            </ScalarOperator>
                                          </DefinedValue>
                                          <DefinedValue>
                                            <ColumnReference Database="[OurLabReporting]" Schema="[dbo]" Table="[Bug]" Alias="[b]" Column="Title" />
                                            <ScalarOperator ScalarString="ANY([OurLabReporting].[dbo].[Bug].[Title] as [b].[Title])">
                                              <Aggregate Distinct="0" AggType="ANY">
                                                <ScalarOperator>
                                                  <Identifier>
                                                    <ColumnReference Database="[OurLabReporting]" Schema="[dbo]" Table="[Bug]" Alias="[b]" Column="Title" />
                                                  </Identifier>
                                                </ScalarOperator>
                                              </Aggregate>
                                            </ScalarOperator>
                                          </DefinedValue>
                                          <DefinedValue>
                                            <ColumnReference Database="[OurLabReporting]" Schema="[dbo]" Table="[Bug]" Alias="[b]" Column="Status" />
                                            <ScalarOperator ScalarString="ANY([OurLabReporting].[dbo].[Bug].[Status] as [b].[Status])">
                                              <Aggregate Distinct="0" AggType="ANY">
                                                <ScalarOperator>
                                                  <Identifier>
                                                    <ColumnReference Database="[OurLabReporting]" Schema="[dbo]" Table="[Bug]" Alias="[b]" Column="Status" />
                                                  </Identifier>
                                                </ScalarOperator>
                                              </Aggregate>
                                            </ScalarOperator>
                                          </DefinedValue>
                                        </DefinedValues>
                                        <GroupBy>
                                          <ColumnReference Database="[OurLabReporting]" Schema="[dbo]" Table="[Bug]" Alias="[b]" Column="DatabaseName" />
                                          <ColumnReference Database="[OurLabReporting]" Schema="[dbo]" Table="[Bug]" Alias="[b]" Column="Number" />
                                        </GroupBy>
                                        <RelOp NodeId="161" PhysicalOp="Sort" LogicalOp="Sort" EstimateRows="1" EstimateIO="0.0112613" EstimateCPU="0.000101215" AvgRowSize="1215" EstimatedTotalSubtreeCost="0.0245079" Parallel="0" EstimateRebinds="0" EstimateRewinds="0" EstimatedExecutionMode="Row">
                                          <OutputList>
                                            <ColumnReference Database="[OurLabReporting]" Schema="[dbo]" Table="[Bug]" Alias="[b]" Column="Number" />
                                            <ColumnReference Database="[OurLabReporting]" Schema="[dbo]" Table="[Bug]" Alias="[b]" Column="DatabaseName" />
                                            <ColumnReference Database="[OurLabReporting]" Schema="[dbo]" Table="[Bug]" Alias="[b]" Column="Title" />
                                            <ColumnReference Database="[OurLabReporting]" Schema="[dbo]" Table="[Bug]" Alias="[b]" Column="Status" />
                                            <ColumnReference Database="[OurLabReporting]" Schema="[dbo]" Table="[FailureType]" Alias="[ft]" Column="Type" />
                                            <ColumnReference Column="Expr1087" />
                                          </OutputList>
                                          <MemoryFractions Input="0.666667" Output="0.333333" />
                                          <Sort Distinct="0">
                                            <OrderBy>
                                              <OrderByColumn Ascending="1">
                                                <ColumnReference Database="[OurLabReporting]" Schema="[dbo]" Table="[Bug]" Alias="[b]" Column="DatabaseName" />
                                              </OrderByColumn>
                                              <OrderByColumn Ascending="1">
                                                <ColumnReference Database="[OurLabReporting]" Schema="[dbo]" Table="[Bug]" Alias="[b]" Column="Number" />
                                              </OrderByColumn>
                                            </OrderBy>
                                            <RelOp NodeId="162" PhysicalOp="Nested Loops" LogicalOp="Inner Join" EstimateRows="1" EstimateIO="0" EstimateCPU="4.18795e-006" AvgRowSize="1215" EstimatedTotalSubtreeCost="0.0131454" Parallel="0" EstimateRebinds="0" EstimateRewinds="0" EstimatedExecutionMode="Row">
                                              <OutputList>
                                                <ColumnReference Database="[OurLabReporting]" Schema="[dbo]" Table="[Bug]" Alias="[b]" Column="Number" />
                                                <ColumnReference Database="[OurLabReporting]" Schema="[dbo]" Table="[Bug]" Alias="[b]" Column="DatabaseName" />
                                                <ColumnReference Database="[OurLabReporting]" Schema="[dbo]" Table="[Bug]" Alias="[b]" Column="Title" />
                                                <ColumnReference Database="[OurLabReporting]" Schema="[dbo]" Table="[Bug]" Alias="[b]" Column="Status" />
                                                <ColumnReference Database="[OurLabReporting]" Schema="[dbo]" Table="[FailureType]" Alias="[ft]" Column="Type" />
                                                <ColumnReference Column="Expr1087" />
                                              </OutputList>
                                              <NestedLoops Optimized="0">
                                                <OuterReferences>
                                                  <ColumnReference Database="[OurLabReporting]" Schema="[dbo]" Table="[FailureBugMapping]" Alias="[fbm]" Column="BugId" />
                                                </OuterReferences>
                                                <RelOp NodeId="163" PhysicalOp="Nested Loops" LogicalOp="Inner Join" EstimateRows="1.0019" EstimateIO="0" EstimateCPU="4.18795e-006" AvgRowSize="116" EstimatedTotalSubtreeCost="0.00985777" Parallel="0" EstimateRebinds="0" EstimateRewinds="0" EstimatedExecutionMode="Row">
                                                  <OutputList>
                                                    <ColumnReference Database="[OurLabReporting]" Schema="[dbo]" Table="[FailureBugMapping]" Alias="[fbm]" Column="BugId" />
                                                    <ColumnReference Database="[OurLabReporting]" Schema="[dbo]" Table="[FailureType]" Alias="[ft]" Column="Type" />
                                                    <ColumnReference Column="Expr1087" />
                                                  </OutputList>
                                                  <NestedLoops Optimized="0">
                                                    <OuterReferences>
                                                      <ColumnReference Table="@TestPassFailures" Alias="[f]" Column="Id" />
                                                    </OuterReferences>
                                                    <RelOp NodeId="164" PhysicalOp="Nested Loops" LogicalOp="Inner Join" EstimateRows="1" EstimateIO="0" EstimateCPU="4.18e-006" AvgRowSize="116" EstimatedTotalSubtreeCost="0.00657048" Parallel="0" EstimateRebinds="0" EstimateRewinds="0" EstimatedExecutionMode="Row">
                                                      <OutputList>
                                                        <ColumnReference Table="@TestPassFailures" Alias="[f]" Column="Id" />
                                                        <ColumnReference Database="[OurLabReporting]" Schema="[dbo]" Table="[FailureType]" Alias="[ft]" Column="Type" />
                                                        <ColumnReference Column="Expr1087" />
                                                      </OutputList>
                                                      <NestedLoops Optimized="0">
                                                        <OuterReferences>
                                                          <ColumnReference Table="@TestPassFailures" Alias="[f]" Column="FailureTypeId" />
                                                        </OuterReferences>
                                                        <RelOp NodeId="165" PhysicalOp="Compute Scalar" LogicalOp="Compute Scalar" EstimateRows="1" EstimateIO="0" EstimateCPU="1e-007" AvgRowSize="16" EstimatedTotalSubtreeCost="0.0032832" Parallel="0" EstimateRebinds="0" EstimateRewinds="0" EstimatedExecutionMode="Row">
                                                          <OutputList>
                                                            <ColumnReference Table="@TestPassFailures" Alias="[f]" Column="Id" />
                                                            <ColumnReference Table="@TestPassFailures" Alias="[f]" Column="FailureTypeId" />
                                                            <ColumnReference Column="Expr1087" />
                                                          </OutputList>
                                                          <ComputeScalar>
                                                            <DefinedValues>
                                                              <DefinedValue>
                                                                <ColumnReference Column="Expr1087" />
                                                                <ScalarOperator ScalarString="CONVERT(tinyint,@TestPassFailures.[IsPrimary] as [f].[IsPrimary],0)">
                                                                  <Convert DataType="tinyint" Style="0" Implicit="0">
                                                                    <ScalarOperator>
                                                                      <Identifier>
                                                                        <ColumnReference Table="@TestPassFailures" Alias="[f]" Column="IsPrimary" />
                                                                      </Identifier>
                                                                    </ScalarOperator>
                                                                  </Convert>
                                                                </ScalarOperator>
                                                              </DefinedValue>
                                                            </DefinedValues>
                                                            <RelOp NodeId="166" PhysicalOp="Clustered Index Seek" LogicalOp="Clustered Index Seek" EstimateRows="1" EstimateIO="0.003125" EstimateCPU="0.0001581" AvgRowSize="16" EstimatedTotalSubtreeCost="0.0032831" TableCardinality="0" Parallel="0" EstimateRebinds="0" EstimateRewinds="0" EstimatedExecutionMode="Row">
                                                              <OutputList>
                                                                <ColumnReference Table="@TestPassFailures" Alias="[f]" Column="Id" />
                                                                <ColumnReference Table="@TestPassFailures" Alias="[f]" Column="FailureTypeId" />
                                                                <ColumnReference Table="@TestPassFailures" Alias="[f]" Column="IsPrimary" />
                                                              </OutputList>
                                                              <IndexScan Ordered="1" ScanDirection="FORWARD" ForcedIndex="0" ForceSeek="0" ForceScan="0" NoExpandHint="0" Storage="RowStore">
                                                                <DefinedValues>
                                                                  <DefinedValue>
                                                                    <ColumnReference Table="@TestPassFailures" Alias="[f]" Column="Id" />
                                                                  </DefinedValue>
                                                                  <DefinedValue>
                                                                    <ColumnReference Table="@TestPassFailures" Alias="[f]" Column="FailureTypeId" />
                                                                  </DefinedValue>
                                                                  <DefinedValue>
                                                                    <ColumnReference Table="@TestPassFailures" Alias="[f]" Column="IsPrimary" />
                                                                  </DefinedValue>
                                                                </DefinedValues>
                                                                <Object Table="[@TestPassFailures]" Index="[PK__#B622A37__693551ED31E5EC8C]" Alias="[f]" TableReferenceId="5" />
                                                                <SeekPredicates>
                                                                  <SeekPredicateNew>
                                                                    <SeekKeys>
                                                                      <Prefix ScanType="EQ">
                                                                        <RangeColumns>
                                                                          <ColumnReference Table="@TestPassFailures" Alias="[f]" Column="TestpassId" />
                                                                        </RangeColumns>
                                                                        <RangeExpressions>
                                                                          <ScalarOperator ScalarString="@TestPasses.[Id] as [tp].[Id]">
                                                                            <Identifier>
                                                                              <ColumnReference Table="@TestPasses" Alias="[tp]" Column="Id" />
                                                                            </Identifier>
                                                                          </ScalarOperator>
                                                                        </RangeExpressions>
                                                                      </Prefix>
                                                                    </SeekKeys>
                                                                  </SeekPredicateNew>
                                                                </SeekPredicates>
                                                              </IndexScan>
                                                            </RelOp>
                                                          </ComputeScalar>
                                                        </RelOp>
                                                        <RelOp NodeId="170" PhysicalOp="Clustered Index Seek" LogicalOp="Clustered Index Seek" EstimateRows="1" EstimateIO="0.003125" EstimateCPU="0.0001581" AvgRowSize="111" EstimatedTotalSubtreeCost="0.0032831" TableCardinality="6" Parallel="0" EstimateRebinds="0" EstimateRewinds="0" EstimatedExecutionMode="Row">
                                                          <OutputList>
                                                            <ColumnReference Database="[OurLabReporting]" Schema="[dbo]" Table="[FailureType]" Alias="[ft]" Column="Type" />
                                                          </OutputList>
                                                          <IndexScan Ordered="1" ScanDirection="FORWARD" ForcedIndex="0" ForceSeek="0" ForceScan="0" NoExpandHint="0" Storage="RowStore">
                                                            <DefinedValues>
                                                              <DefinedValue>
                                                                <ColumnReference Database="[OurLabReporting]" Schema="[dbo]" Table="[FailureType]" Alias="[ft]" Column="Type" />
                                                              </DefinedValue>
                                                            </DefinedValues>
                                                            <Object Database="[OurLabReporting]" Schema="[dbo]" Table="[FailureType]" Index="[FailureType_PK]" Alias="[ft]" IndexKind="Clustered" />
                                                            <SeekPredicates>
                                                              <SeekPredicateNew>
                                                                <SeekKeys>
                                                                  <Prefix ScanType="EQ">
                                                                    <RangeColumns>
                                                                      <ColumnReference Database="[OurLabReporting]" Schema="[dbo]" Table="[FailureType]" Alias="[ft]" Column="Id" />
                                                                    </RangeColumns>
                                                                    <RangeExpressions>
                                                                      <ScalarOperator ScalarString="@TestPassFailures.[FailureTypeId] as [f].[FailureTypeId]">
                                                                        <Identifier>
                                                                          <ColumnReference Table="@TestPassFailures" Alias="[f]" Column="FailureTypeId" />
                                                                        </Identifier>
                                                                      </ScalarOperator>
                                                                    </RangeExpressions>
                                                                  </Prefix>
                                                                </SeekKeys>
                                                              </SeekPredicateNew>
                                                            </SeekPredicates>
                                                          </IndexScan>
                                                        </RelOp>
                                                      </NestedLoops>
                                                    </RelOp>
                                                    <RelOp NodeId="171" PhysicalOp="Index Seek" LogicalOp="Index Seek" EstimateRows="1.0019" EstimateIO="0.003125" EstimateCPU="0.000158102" AvgRowSize="11" EstimatedTotalSubtreeCost="0.0032831" TableCardinality="5.01329e+006" Parallel="0" EstimateRebinds="0" EstimateRewinds="0" EstimatedExecutionMode="Row">
                                                      <OutputList>
                                                        <ColumnReference Database="[OurLabReporting]" Schema="[dbo]" Table="[FailureBugMapping]" Alias="[fbm]" Column="BugId" />
                                                      </OutputList>
                                                      <IndexScan Ordered="1" ScanDirection="FORWARD" ForcedIndex="0" ForceSeek="0" ForceScan="0" NoExpandHint="0" Storage="RowStore">
                                                        <DefinedValues>
                                                          <DefinedValue>
                                                            <ColumnReference Database="[OurLabReporting]" Schema="[dbo]" Table="[FailureBugMapping]" Alias="[fbm]" Column="BugId" />
                                                          </DefinedValue>
                                                        </DefinedValues>
                                                        <Object Database="[OurLabReporting]" Schema="[dbo]" Table="[FailureBugMapping]" Index="[FailureBugMapping_IDX_Failure]" Alias="[fbm]" IndexKind="NonClustered" />
                                                        <SeekPredicates>
                                                          <SeekPredicateNew>
                                                            <SeekKeys>
                                                              <Prefix ScanType="EQ">
                                                                <RangeColumns>
                                                                  <ColumnReference Database="[OurLabReporting]" Schema="[dbo]" Table="[FailureBugMapping]" Alias="[fbm]" Column="FailureId" />
                                                                </RangeColumns>
                                                                <RangeExpressions>
                                                                  <ScalarOperator ScalarString="@TestPassFailures.[Id] as [f].[Id]">
                                                                    <Identifier>
                                                                      <ColumnReference Table="@TestPassFailures" Alias="[f]" Column="Id" />
                                                                    </Identifier>
                                                                  </ScalarOperator>
                                                                </RangeExpressions>
                                                              </Prefix>
                                                            </SeekKeys>
                                                          </SeekPredicateNew>
                                                        </SeekPredicates>
                                                      </IndexScan>
                                                    </RelOp>
                                                  </NestedLoops>
                                                </RelOp>
                                                <RelOp NodeId="172" PhysicalOp="Clustered Index Seek" LogicalOp="Clustered Index Seek" EstimateRows="1" EstimateIO="0.003125" EstimateCPU="0.0001581" AvgRowSize="1112" EstimatedTotalSubtreeCost="0.00328347" TableCardinality="37279" Parallel="0" EstimateRebinds="0.00190183" EstimateRewinds="0" EstimatedExecutionMode="Row">
                                                  <OutputList>
                                                    <ColumnReference Database="[OurLabReporting]" Schema="[dbo]" Table="[Bug]" Alias="[b]" Column="Number" />
                                                    <ColumnReference Database="[OurLabReporting]" Schema="[dbo]" Table="[Bug]" Alias="[b]" Column="DatabaseName" />
                                                    <ColumnReference Database="[OurLabReporting]" Schema="[dbo]" Table="[Bug]" Alias="[b]" Column="Title" />
                                                    <ColumnReference Database="[OurLabReporting]" Schema="[dbo]" Table="[Bug]" Alias="[b]" Column="Status" />
                                                  </OutputList>
                                                  <IndexScan Ordered="1" ScanDirection="FORWARD" ForcedIndex="0" ForceSeek="0" ForceScan="0" NoExpandHint="0" Storage="RowStore">
                                                    <DefinedValues>
                                                      <DefinedValue>
                                                        <ColumnReference Database="[OurLabReporting]" Schema="[dbo]" Table="[Bug]" Alias="[b]" Column="Number" />
                                                      </DefinedValue>
                                                      <DefinedValue>
                                                        <ColumnReference Database="[OurLabReporting]" Schema="[dbo]" Table="[Bug]" Alias="[b]" Column="DatabaseName" />
                                                      </DefinedValue>
                                                      <DefinedValue>
                                                        <ColumnReference Database="[OurLabReporting]" Schema="[dbo]" Table="[Bug]" Alias="[b]" Column="Title" />
                                                      </DefinedValue>
                                                      <DefinedValue>
                                                        <ColumnReference Database="[OurLabReporting]" Schema="[dbo]" Table="[Bug]" Alias="[b]" Column="Status" />
                                                      </DefinedValue>
                                                    </DefinedValues>
                                                    <Object Database="[OurLabReporting]" Schema="[dbo]" Table="[Bug]" Index="[Bug_PK]" Alias="[b]" IndexKind="Clustered" />
                                                    <SeekPredicates>
                                                      <SeekPredicateNew>
                                                        <SeekKeys>
                                                          <Prefix ScanType="EQ">
                                                            <RangeColumns>
                                                              <ColumnReference Database="[OurLabReporting]" Schema="[dbo]" Table="[Bug]" Alias="[b]" Column="Id" />
                                                            </RangeColumns>
                                                            <RangeExpressions>
                                                              <ScalarOperator ScalarString="[OurLabReporting].[dbo].[FailureBugMapping].[BugId] as [fbm].[BugId]">
                                                                <Identifier>
                                                                  <ColumnReference Database="[OurLabReporting]" Schema="[dbo]" Table="[FailureBugMapping]" Alias="[fbm]" Column="BugId" />
                                                                </Identifier>
                                                              </ScalarOperator>
                                                            </RangeExpressions>
                                                          </Prefix>
                                                        </SeekKeys>
                                                      </SeekPredicateNew>
                                                    </SeekPredicates>
                                                  </IndexScan>
                                                </RelOp>
                                              </NestedLoops>
                                            </RelOp>
                                          </Sort>
                                        </RelOp>
                                      </StreamAggregate>
                                    </RelOp>
                                  </ComputeScalar>
                                </RelOp>
                              </Sort>
                            </RelOp>
                          </ComputeScalar>
                        </RelOp>
                      </Extension>
                    </RelOp>
                  </ComputeScalar>
                </RelOp>
              </NestedLoops>
            </RelOp>
          </QueryPlan>
        </StmtSimple>
      </Statements>
    </Batch>
  </BatchSequence>
</ShowPlanXML>