<?xml version="1.0" encoding="utf-8"?>
<ShowPlanXML xmlns="http://schemas.microsoft.com/sqlserver/2004/07/showplan" Version="1.2" Build="11.0.3412.0">
  <BatchSequence>
    <Batch>
      <Statements>
        <StmtSimple StatementText="CREATE PROCEDURE [dbo].[Uploader_AddFailure]&#xD;&#xA;    @failureId UNIQUEIDENTIFIER ,&#xD;&#xA;    @scheduleId UNIQUEIDENTIFIER ,&#xD;&#xA;    @resolvedTedId UNIQUEIDENTIFIER = NULL ,&#xD;&#xA;    @machineSetId UNIQUEIDENTIFIER = NULL ,&#xD;&#xA;    @teuId UNIQUEIDENTIFIER = NULL ,&#xD;&#xA;    @TestCaseResultId UNIQUEIDENTIFIER = NULL ,&#xD;&#xA;    @title NVARCHAR(200) ,&#xD;&#xA;    @assignedTo NVARCHAR(50) ,&#xD;&#xA;    @triageOwner NVARCHAR(50) ,&#xD;&#xA;    @comments NVARCHAR(MAX) ,&#xD;&#xA;    @failureType NVARCHAR(100) ,&#xD;&#xA;    @status VARCHAR(200) ,&#xD;&#xA;    @lastUpdateTime DATETIME = NULL ,&#xD;&#xA;    @lastUpdateBy NVARCHAR(50) ,&#xD;&#xA;    @failureCategoryId SMALLINT ,&#xD;&#xA;    @failureSubCategoryId INT ,&#xD;&#xA;    @logPathId BIGINT = NULL ,&#xD;&#xA;    @callStack NVARCHAR(MAX) = NULL ,&#xD;&#xA;    @dumpfilePathId BIGINT = NULL ,&#xD;&#xA;    @remote NVARCHAR(256) = NULL ,&#xD;&#xA;    @wttFailureId BIGINT = NULL ,&#xD;&#xA;    @mixId UNIQUEIDENTIFIER = NULL ,&#xD;&#xA;    @doNotUseForAutoAnanlysis BIT ,&#xD;&#xA;    @isNewFailure BIT = 1 OUTPUT&#xD;&#xA;AS&#xD;&#xA;    BEGIN&#xD;&#xA;        SET NOCOUNT ON&#xD;&#xA;    &#xD;&#xA;       " StatementId="1" StatementCompId="2" StatementType="SET ON/OFF" RetrievedFromCache="true" />
        <StmtSimple StatementText=" DECLARE @stopwatchBeginTime DATETIME2 &#xD;&#xA;        SELECT  @stopwatchBeginTime = [dbo].[fnBeginStopwatch]()&#xD;&#xA;&#xD;&#xA;       " StatementId="2" StatementCompId="3" StatementType="ASSIGN WITH QUERY" RetrievedFromCache="true" />
        <StmtSimple StatementText=" DECLARE @statusId INT&#xD;&#xA;        DECLARE @statusType VARCHAR(50)&#xD;&#xA;&#xD;&#xA;        SET @statusType = 'Failure'&#xD;&#xA;&#xD;&#xA;       " StatementId="3" StatementCompId="4" StatementType="ASSIGN" RetrievedFromCache="true" />
        <StmtSimple StatementText=" EXEC dbo.Uploader_GetOrCreateStatusId @status, @statusType,&#xD;&#xA;            @statusId OUTPUT&#xD;&#xA;&#xD;&#xA;       " StatementId="4" StatementCompId="5" StatementType="EXECUTE PROC" RetrievedFromCache="true" />
        <StmtCond StatementText=" IF @lastUpdateTime IS NULL&#xD;&#xA;           " StatementId="5" StatementCompId="6" StatementType="COND" RetrievedFromCache="true">
          <Condition />
          <Then>
            <Statements>
              <StmtSimple StatementText=" BEGIN&#xD;&#xA;                SET @lastUpdateTime = GETDATE()&#xD;&#xA;           " StatementId="6" StatementCompId="7" StatementType="ASSIGN" RetrievedFromCache="true" />
            </Statements>
          </Then>
        </StmtCond>
        <StmtSimple StatementText=" END&#xD;&#xA;&#xD;&#xA;        DECLARE @MixIntId INT&#xD;&#xA;        SELECT  @MixIntId = Id&#xD;&#xA;        FROM    dbo.Mix WITH ( NOLOCK )&#xD;&#xA;        WHERE   Guid = @mixId&#xD;&#xA;    &#xD;&#xA;       " StatementId="7" StatementCompId="9" StatementType="SELECT" RetrievedFromCache="true" StatementSubTreeCost="0.0032831" StatementEstRows="1" StatementOptmLevel="TRIVIAL" QueryHash="0x2E00E2E43412D73C" QueryPlanHash="0x4B5AFA0B241BB59C">
          <StatementSetOptions QUOTED_IDENTIFIER="true" ARITHABORT="true" CONCAT_NULL_YIELDS_NULL="true" ANSI_NULLS="true" ANSI_PADDING="true" ANSI_WARNINGS="true" NUMERIC_ROUNDABORT="false" />
          <QueryPlan NonParallelPlanReason="MaxDOPSetToOne" CachedPlanSize="8" CompileTime="1" CompileCPU="1" CompileMemory="336">
            <MemoryGrantInfo SerialRequiredMemory="0" SerialDesiredMemory="0" />
            <OptimizerHardwareDependentProperties EstimatedAvailableMemoryGrant="193313" EstimatedPagesCached="773254" EstimatedAvailableDegreeOfParallelism="1" />
            <RelOp NodeId="0" PhysicalOp="Index Seek" LogicalOp="Index Seek" EstimateRows="1" EstimateIO="0.003125" EstimateCPU="0.0001581" AvgRowSize="11" EstimatedTotalSubtreeCost="0.0032831" TableCardinality="1.48179e+006" Parallel="0" EstimateRebinds="0" EstimateRewinds="0" EstimatedExecutionMode="Row">
              <OutputList>
                <ColumnReference Database="[OurLabReporting]" Schema="[dbo]" Table="[Mix]" Column="Id" />
              </OutputList>
              <IndexScan Ordered="1" ScanDirection="FORWARD" ForcedIndex="0" ForceSeek="0" ForceScan="0" NoExpandHint="0" Storage="RowStore">
                <DefinedValues>
                  <DefinedValue>
                    <ColumnReference Database="[OurLabReporting]" Schema="[dbo]" Table="[Mix]" Column="Id" />
                  </DefinedValue>
                </DefinedValues>
                <Object Database="[OurLabReporting]" Schema="[dbo]" Table="[Mix]" Index="[Mix_IDX_Guid]" IndexKind="NonClustered" />
                <SeekPredicates>
                  <SeekPredicateNew>
                    <SeekKeys>
                      <Prefix ScanType="EQ">
                        <RangeColumns>
                          <ColumnReference Database="[OurLabReporting]" Schema="[dbo]" Table="[Mix]" Column="Guid" />
                        </RangeColumns>
                        <RangeExpressions>
                          <ScalarOperator ScalarString="[@mixId]">
                            <Identifier>
                              <ColumnReference Column="@mixId" />
                            </Identifier>
                          </ScalarOperator>
                        </RangeExpressions>
                      </Prefix>
                    </SeekKeys>
                  </SeekPredicateNew>
                </SeekPredicates>
              </IndexScan>
            </RelOp>
            <ParameterList>
              <ColumnReference Column="@mixId" ParameterCompiledValue="{guid'318742BD-97F2-41DB-A0EC-9568D12CCCEE'}" />
            </ParameterList>
          </QueryPlan>
        </StmtSimple>
        <StmtSimple StatementText=" DECLARE @scheduleIntId INT&#xD;&#xA;        SELECT  @scheduleIntId = Id&#xD;&#xA;        FROM    dbo.Schedule WITH ( NOLOCK )&#xD;&#xA;        WHERE   Guid = @scheduleId&#xD;&#xA;&#xD;&#xA;       " StatementId="8" StatementCompId="10" StatementType="SELECT" RetrievedFromCache="true" StatementSubTreeCost="0.0032831" StatementEstRows="1" StatementOptmLevel="TRIVIAL" QueryHash="0x209C13F2DDF11E6E" QueryPlanHash="0xFCE46DFEC9516F19">
          <StatementSetOptions QUOTED_IDENTIFIER="true" ARITHABORT="true" CONCAT_NULL_YIELDS_NULL="true" ANSI_NULLS="true" ANSI_PADDING="true" ANSI_WARNINGS="true" NUMERIC_ROUNDABORT="false" />
          <QueryPlan NonParallelPlanReason="MaxDOPSetToOne" CachedPlanSize="8" CompileTime="0" CompileCPU="0" CompileMemory="336">
            <MemoryGrantInfo SerialRequiredMemory="0" SerialDesiredMemory="0" />
            <OptimizerHardwareDependentProperties EstimatedAvailableMemoryGrant="193313" EstimatedPagesCached="773254" EstimatedAvailableDegreeOfParallelism="1" />
            <RelOp NodeId="0" PhysicalOp="Index Seek" LogicalOp="Index Seek" EstimateRows="1" EstimateIO="0.003125" EstimateCPU="0.0001581" AvgRowSize="11" EstimatedTotalSubtreeCost="0.0032831" TableCardinality="1.44033e+006" Parallel="0" EstimateRebinds="0" EstimateRewinds="0" EstimatedExecutionMode="Row">
              <OutputList>
                <ColumnReference Database="[OurLabReporting]" Schema="[dbo]" Table="[Schedule]" Column="Id" />
              </OutputList>
              <IndexScan Ordered="1" ScanDirection="FORWARD" ForcedIndex="0" ForceSeek="0" ForceScan="0" NoExpandHint="0" Storage="RowStore">
                <DefinedValues>
                  <DefinedValue>
                    <ColumnReference Database="[OurLabReporting]" Schema="[dbo]" Table="[Schedule]" Column="Id" />
                  </DefinedValue>
                </DefinedValues>
                <Object Database="[OurLabReporting]" Schema="[dbo]" Table="[Schedule]" Index="[Schedule_IDX_Guid]" IndexKind="NonClustered" />
                <SeekPredicates>
                  <SeekPredicateNew>
                    <SeekKeys>
                      <Prefix ScanType="EQ">
                        <RangeColumns>
                          <ColumnReference Database="[OurLabReporting]" Schema="[dbo]" Table="[Schedule]" Column="Guid" />
                        </RangeColumns>
                        <RangeExpressions>
                          <ScalarOperator ScalarString="[@scheduleId]">
                            <Identifier>
                              <ColumnReference Column="@scheduleId" />
                            </Identifier>
                          </ScalarOperator>
                        </RangeExpressions>
                      </Prefix>
                    </SeekKeys>
                  </SeekPredicateNew>
                </SeekPredicates>
              </IndexScan>
            </RelOp>
            <ParameterList>
              <ColumnReference Column="@scheduleId" ParameterCompiledValue="{guid'2215E272-C84E-400E-8260-AF5930A4B7DE'}" />
            </ParameterList>
          </QueryPlan>
        </StmtSimple>
        <StmtSimple StatementText=" DECLARE @resolvedTedIntId INT&#xD;&#xA;        SELECT  @resolvedTedIntId = Id&#xD;&#xA;        FROM    dbo.ResolvedTED WITH ( NOLOCK )&#xD;&#xA;        WHERE   Guid = @resolvedTedId&#xD;&#xA;&#xD;&#xA;       " StatementId="9" StatementCompId="11" StatementType="SELECT" RetrievedFromCache="true" StatementSubTreeCost="0.0032831" StatementEstRows="1" StatementOptmLevel="TRIVIAL" QueryHash="0xC77ACB628516748A" QueryPlanHash="0xAE0239E3CA342451">
          <StatementSetOptions QUOTED_IDENTIFIER="true" ARITHABORT="true" CONCAT_NULL_YIELDS_NULL="true" ANSI_NULLS="true" ANSI_PADDING="true" ANSI_WARNINGS="true" NUMERIC_ROUNDABORT="false" />
          <QueryPlan NonParallelPlanReason="MaxDOPSetToOne" CachedPlanSize="8" CompileTime="4" CompileCPU="0" CompileMemory="336">
            <MemoryGrantInfo SerialRequiredMemory="0" SerialDesiredMemory="0" />
            <OptimizerHardwareDependentProperties EstimatedAvailableMemoryGrant="193313" EstimatedPagesCached="773254" EstimatedAvailableDegreeOfParallelism="1" />
            <RelOp NodeId="0" PhysicalOp="Index Seek" LogicalOp="Index Seek" EstimateRows="1" EstimateIO="0.003125" EstimateCPU="0.0001581" AvgRowSize="11" EstimatedTotalSubtreeCost="0.0032831" TableCardinality="1.37085e+006" Parallel="0" EstimateRebinds="0" EstimateRewinds="0" EstimatedExecutionMode="Row">
              <OutputList>
                <ColumnReference Database="[OurLabReporting]" Schema="[dbo]" Table="[ResolvedTED]" Column="Id" />
              </OutputList>
              <IndexScan Ordered="1" ScanDirection="FORWARD" ForcedIndex="0" ForceSeek="0" ForceScan="0" NoExpandHint="0" Storage="RowStore">
                <DefinedValues>
                  <DefinedValue>
                    <ColumnReference Database="[OurLabReporting]" Schema="[dbo]" Table="[ResolvedTED]" Column="Id" />
                  </DefinedValue>
                </DefinedValues>
                <Object Database="[OurLabReporting]" Schema="[dbo]" Table="[ResolvedTED]" Index="[ResolvedTED_IDX_Guid]" IndexKind="NonClustered" />
                <SeekPredicates>
                  <SeekPredicateNew>
                    <SeekKeys>
                      <Prefix ScanType="EQ">
                        <RangeColumns>
                          <ColumnReference Database="[OurLabReporting]" Schema="[dbo]" Table="[ResolvedTED]" Column="Guid" />
                        </RangeColumns>
                        <RangeExpressions>
                          <ScalarOperator ScalarString="[@resolvedTedId]">
                            <Identifier>
                              <ColumnReference Column="@resolvedTedId" />
                            </Identifier>
                          </ScalarOperator>
                        </RangeExpressions>
                      </Prefix>
                    </SeekKeys>
                  </SeekPredicateNew>
                </SeekPredicates>
              </IndexScan>
            </RelOp>
            <ParameterList>
              <ColumnReference Column="@resolvedTedId" ParameterCompiledValue="{guid'06466F0C-F2F4-458C-A120-984B96CFCF73'}" />
            </ParameterList>
          </QueryPlan>
        </StmtSimple>
        <StmtSimple StatementText=" DECLARE @machineSetIntId INT&#xD;&#xA;        SELECT  @machineSetIntId = Id&#xD;&#xA;        FROM    dbo.MachineSet WITH ( NOLOCK )&#xD;&#xA;        WHERE   Guid = @machineSetId&#xD;&#xA;&#xD;&#xA;       " StatementId="10" StatementCompId="12" StatementType="SELECT" RetrievedFromCache="true" StatementSubTreeCost="0.0032831" StatementEstRows="1" StatementOptmLevel="TRIVIAL" QueryHash="0x78839BF2ACD9960E" QueryPlanHash="0xEEA79E69721FAD4A">
          <StatementSetOptions QUOTED_IDENTIFIER="true" ARITHABORT="true" CONCAT_NULL_YIELDS_NULL="true" ANSI_NULLS="true" ANSI_PADDING="true" ANSI_WARNINGS="true" NUMERIC_ROUNDABORT="false" />
          <QueryPlan NonParallelPlanReason="MaxDOPSetToOne" CachedPlanSize="8" CompileTime="0" CompileCPU="0" CompileMemory="336">
            <MemoryGrantInfo SerialRequiredMemory="0" SerialDesiredMemory="0" />
            <OptimizerHardwareDependentProperties EstimatedAvailableMemoryGrant="193313" EstimatedPagesCached="773254" EstimatedAvailableDegreeOfParallelism="1" />
            <RelOp NodeId="0" PhysicalOp="Index Seek" LogicalOp="Index Seek" EstimateRows="1" EstimateIO="0.003125" EstimateCPU="0.0001581" AvgRowSize="11" EstimatedTotalSubtreeCost="0.0032831" TableCardinality="1.23247e+007" Parallel="0" EstimateRebinds="0" EstimateRewinds="0" EstimatedExecutionMode="Row">
              <OutputList>
                <ColumnReference Database="[OurLabReporting]" Schema="[dbo]" Table="[MachineSet]" Column="Id" />
              </OutputList>
              <IndexScan Ordered="1" ScanDirection="FORWARD" ForcedIndex="0" ForceSeek="0" ForceScan="0" NoExpandHint="0" Storage="RowStore">
                <DefinedValues>
                  <DefinedValue>
                    <ColumnReference Database="[OurLabReporting]" Schema="[dbo]" Table="[MachineSet]" Column="Id" />
                  </DefinedValue>
                </DefinedValues>
                <Object Database="[OurLabReporting]" Schema="[dbo]" Table="[MachineSet]" Index="[MachineSet_IDX_Guid]" IndexKind="NonClustered" />
                <SeekPredicates>
                  <SeekPredicateNew>
                    <SeekKeys>
                      <Prefix ScanType="EQ">
                        <RangeColumns>
                          <ColumnReference Database="[OurLabReporting]" Schema="[dbo]" Table="[MachineSet]" Column="Guid" />
                        </RangeColumns>
                        <RangeExpressions>
                          <ScalarOperator ScalarString="[@machineSetId]">
                            <Identifier>
                              <ColumnReference Column="@machineSetId" />
                            </Identifier>
                          </ScalarOperator>
                        </RangeExpressions>
                      </Prefix>
                    </SeekKeys>
                  </SeekPredicateNew>
                </SeekPredicates>
              </IndexScan>
            </RelOp>
            <ParameterList>
              <ColumnReference Column="@machineSetId" ParameterCompiledValue="{guid'E7E43A2D-3F8E-4163-ADCC-A9F2D1DF9AD8'}" />
            </ParameterList>
          </QueryPlan>
        </StmtSimple>
        <StmtSimple StatementText=" DECLARE @teuIntId BIGINT&#xD;&#xA;        DECLARE @teuNameHash INT&#xD;&#xA;        SELECT  @teuIntId = Id ,&#xD;&#xA;                @teuNameHash = NameHash&#xD;&#xA;        FROM    dbo.TEU WITH ( NOLOCK )&#xD;&#xA;        WHERE   Guid = @teuId&#xD;&#xA;&#xD;&#xA;       " StatementId="11" StatementCompId="13" StatementType="SELECT" RetrievedFromCache="true" StatementSubTreeCost="0.00657048" StatementEstRows="1" StatementOptmLevel="TRIVIAL" QueryHash="0xBB72AEF548A8D7CB" QueryPlanHash="0x81105D416249330C">
          <StatementSetOptions QUOTED_IDENTIFIER="true" ARITHABORT="true" CONCAT_NULL_YIELDS_NULL="true" ANSI_NULLS="true" ANSI_PADDING="true" ANSI_WARNINGS="true" NUMERIC_ROUNDABORT="false" />
          <QueryPlan NonParallelPlanReason="MaxDOPSetToOne" CachedPlanSize="16" CompileTime="1" CompileCPU="1" CompileMemory="424">
            <MemoryGrantInfo SerialRequiredMemory="0" SerialDesiredMemory="0" />
            <OptimizerHardwareDependentProperties EstimatedAvailableMemoryGrant="193313" EstimatedPagesCached="773254" EstimatedAvailableDegreeOfParallelism="1" />
            <RelOp NodeId="0" PhysicalOp="Compute Scalar" LogicalOp="Compute Scalar" EstimateRows="1" EstimateIO="0" EstimateCPU="1e-007" AvgRowSize="19" EstimatedTotalSubtreeCost="0.00657048" Parallel="0" EstimateRebinds="0" EstimateRewinds="0" EstimatedExecutionMode="Row">
              <OutputList>
                <ColumnReference Database="[OurLabReporting]" Schema="[dbo]" Table="[TEU]" Column="Id" />
                <ColumnReference Database="[OurLabReporting]" Schema="[dbo]" Table="[TEU]" Column="NameHash" ComputedColumn="1" />
              </OutputList>
              <ComputeScalar>
                <DefinedValues>
                  <DefinedValue>
                    <ColumnReference Database="[OurLabReporting]" Schema="[dbo]" Table="[TEU]" Column="NameHash" ComputedColumn="1" />
                    <ScalarOperator ScalarString="[OurLabReporting].[dbo].[TEU].[NameHash]">
                      <Identifier>
                        <ColumnReference Database="[OurLabReporting]" Schema="[dbo]" Table="[TEU]" Column="NameHash" ComputedColumn="1" />
                      </Identifier>
                    </ScalarOperator>
                  </DefinedValue>
                </DefinedValues>
                <RelOp NodeId="1" PhysicalOp="Nested Loops" LogicalOp="Inner Join" EstimateRows="1" EstimateIO="0" EstimateCPU="4.18e-006" AvgRowSize="19" EstimatedTotalSubtreeCost="0.00657038" Parallel="0" EstimateRebinds="0" EstimateRewinds="0" EstimatedExecutionMode="Row">
                  <OutputList>
                    <ColumnReference Database="[OurLabReporting]" Schema="[dbo]" Table="[TEU]" Column="Id" />
                    <ColumnReference Database="[OurLabReporting]" Schema="[dbo]" Table="[TEU]" Column="NameHash" ComputedColumn="1" />
                  </OutputList>
                  <NestedLoops Optimized="0">
                    <OuterReferences>
                      <ColumnReference Database="[OurLabReporting]" Schema="[dbo]" Table="[TEU]" Column="Id" />
                    </OuterReferences>
                    <RelOp NodeId="2" PhysicalOp="Index Seek" LogicalOp="Index Seek" EstimateRows="1" EstimateIO="0.003125" EstimateCPU="0.0001581" AvgRowSize="15" EstimatedTotalSubtreeCost="0.0032831" TableCardinality="4.12025e+007" Parallel="0" EstimateRebinds="0" EstimateRewinds="0" EstimatedExecutionMode="Row">
                      <OutputList>
                        <ColumnReference Database="[OurLabReporting]" Schema="[dbo]" Table="[TEU]" Column="Id" />
                      </OutputList>
                      <IndexScan Ordered="1" ScanDirection="FORWARD" ForcedIndex="0" ForceSeek="0" ForceScan="0" NoExpandHint="0" Storage="RowStore">
                        <DefinedValues>
                          <DefinedValue>
                            <ColumnReference Database="[OurLabReporting]" Schema="[dbo]" Table="[TEU]" Column="Id" />
                          </DefinedValue>
                        </DefinedValues>
                        <Object Database="[OurLabReporting]" Schema="[dbo]" Table="[TEU]" Index="[Teu_IDX_Guid]" IndexKind="NonClustered" />
                        <SeekPredicates>
                          <SeekPredicateNew>
                            <SeekKeys>
                              <Prefix ScanType="EQ">
                                <RangeColumns>
                                  <ColumnReference Database="[OurLabReporting]" Schema="[dbo]" Table="[TEU]" Column="Guid" />
                                </RangeColumns>
                                <RangeExpressions>
                                  <ScalarOperator ScalarString="[@teuId]">
                                    <Identifier>
                                      <ColumnReference Column="@teuId" />
                                    </Identifier>
                                  </ScalarOperator>
                                </RangeExpressions>
                              </Prefix>
                            </SeekKeys>
                          </SeekPredicateNew>
                        </SeekPredicates>
                      </IndexScan>
                    </RelOp>
                    <RelOp NodeId="4" PhysicalOp="Clustered Index Seek" LogicalOp="Clustered Index Seek" EstimateRows="1" EstimateIO="0.003125" EstimateCPU="0.0001581" AvgRowSize="11" EstimatedTotalSubtreeCost="0.0032831" TableCardinality="4.12025e+007" Parallel="0" EstimateRebinds="0" EstimateRewinds="0" EstimatedExecutionMode="Row">
                      <OutputList>
                        <ColumnReference Database="[OurLabReporting]" Schema="[dbo]" Table="[TEU]" Column="NameHash" ComputedColumn="1" />
                      </OutputList>
                      <IndexScan Lookup="1" Ordered="1" ScanDirection="FORWARD" ForcedIndex="0" ForceSeek="0" ForceScan="0" NoExpandHint="0" Storage="RowStore">
                        <DefinedValues>
                          <DefinedValue>
                            <ColumnReference Database="[OurLabReporting]" Schema="[dbo]" Table="[TEU]" Column="NameHash" ComputedColumn="1" />
                          </DefinedValue>
                        </DefinedValues>
                        <Object Database="[OurLabReporting]" Schema="[dbo]" Table="[TEU]" Index="[Teu_PK]" TableReferenceId="-1" IndexKind="Clustered" />
                        <SeekPredicates>
                          <SeekPredicateNew>
                            <SeekKeys>
                              <Prefix ScanType="EQ">
                                <RangeColumns>
                                  <ColumnReference Database="[OurLabReporting]" Schema="[dbo]" Table="[TEU]" Column="Id" />
                                </RangeColumns>
                                <RangeExpressions>
                                  <ScalarOperator ScalarString="[OurLabReporting].[dbo].[TEU].[Id]">
                                    <Identifier>
                                      <ColumnReference Database="[OurLabReporting]" Schema="[dbo]" Table="[TEU]" Column="Id" />
                                    </Identifier>
                                  </ScalarOperator>
                                </RangeExpressions>
                              </Prefix>
                            </SeekKeys>
                          </SeekPredicateNew>
                        </SeekPredicates>
                      </IndexScan>
                    </RelOp>
                  </NestedLoops>
                </RelOp>
              </ComputeScalar>
            </RelOp>
            <ParameterList>
              <ColumnReference Column="@teuId" ParameterCompiledValue="NULL" />
            </ParameterList>
          </QueryPlan>
        </StmtSimple>
        <StmtSimple StatementText=" DECLARE @TestCaseResultIntId BIGINT&#xD;&#xA;        SELECT  @TestCaseResultIntId = Id&#xD;&#xA;        FROM    dbo.TestCaseResult WITH ( NOLOCK )&#xD;&#xA;        WHERE   ScheduleId = @scheduleIntId&#xD;&#xA;                AND Guid = @TestCaseResultId&#xD;&#xA;&#x9;&#x9;&#x9;&#x9;AND TEUID = @teuIntId&#xD;&#xA;    &#xD;&#xA;    -- Do we Know about this failure?&#xD;&#xA;       " StatementId="12" StatementCompId="14" StatementType="SELECT" RetrievedFromCache="true" StatementSubTreeCost="0.0032831" StatementEstRows="1" StatementOptmLevel="TRIVIAL" QueryHash="0x9EE23A50D8EBDF50" QueryPlanHash="0x5DE1341E1EF32E12">
          <StatementSetOptions QUOTED_IDENTIFIER="true" ARITHABORT="true" CONCAT_NULL_YIELDS_NULL="true" ANSI_NULLS="true" ANSI_PADDING="true" ANSI_WARNINGS="true" NUMERIC_ROUNDABORT="false" />
          <QueryPlan NonParallelPlanReason="MaxDOPSetToOne" CachedPlanSize="16" CompileTime="48" CompileCPU="28" CompileMemory="2152">
            <MemoryGrantInfo SerialRequiredMemory="0" SerialDesiredMemory="0" />
            <OptimizerHardwareDependentProperties EstimatedAvailableMemoryGrant="193313" EstimatedPagesCached="773254" EstimatedAvailableDegreeOfParallelism="1" />
            <RelOp NodeId="0" PhysicalOp="Index Seek" LogicalOp="Index Seek" EstimateRows="1" EstimateIO="0.003125" EstimateCPU="0.0001581" AvgRowSize="23" EstimatedTotalSubtreeCost="0.0032831" TableCardinality="3.58111e+008" Parallel="0" EstimateRebinds="0" EstimateRewinds="0" EstimatedExecutionMode="Row">
              <OutputList>
                <ColumnReference Database="[OurLabReporting]" Schema="[dbo]" Table="[TestCaseResult_part]" Column="Id" />
              </OutputList>
              <IndexScan Ordered="1" ScanDirection="FORWARD" ForcedIndex="0" ForceSeek="0" ForceScan="0" NoExpandHint="0" Storage="RowStore">
                <DefinedValues>
                  <DefinedValue>
                    <ColumnReference Database="[OurLabReporting]" Schema="[dbo]" Table="[TestCaseResult_part]" Column="Id" />
                  </DefinedValue>
                </DefinedValues>
                <Object Database="[OurLabReporting]" Schema="[dbo]" Table="[TestCaseResult_part]" Index="[TestCaseResult_Part_New_IDX_ScheduleId]" IndexKind="NonClustered" />
                <SeekPredicates>
                  <SeekPredicateNew>
                    <SeekKeys>
                      <Prefix ScanType="EQ">
                        <RangeColumns>
                          <ColumnReference Database="[OurLabReporting]" Schema="[dbo]" Table="[TestCaseResult_part]" Column="ScheduleId" />
                          <ColumnReference Database="[OurLabReporting]" Schema="[dbo]" Table="[TestCaseResult_part]" Column="Guid" />
                        </RangeColumns>
                        <RangeExpressions>
                          <ScalarOperator ScalarString="[@scheduleIntId]">
                            <Identifier>
                              <ColumnReference Column="@scheduleIntId" />
                            </Identifier>
                          </ScalarOperator>
                          <ScalarOperator ScalarString="[@TestCaseResultId]">
                            <Identifier>
                              <ColumnReference Column="@TestCaseResultId" />
                            </Identifier>
                          </ScalarOperator>
                        </RangeExpressions>
                      </Prefix>
                    </SeekKeys>
                  </SeekPredicateNew>
                </SeekPredicates>
                <Predicate>
                  <ScalarOperator ScalarString="[OurLabReporting].[dbo].[TestCaseResult_part].[TEUId]=[@teuIntId]">
                    <Compare CompareOp="EQ">
                      <ScalarOperator>
                        <Identifier>
                          <ColumnReference Database="[OurLabReporting]" Schema="[dbo]" Table="[TestCaseResult_part]" Column="TEUId" />
                        </Identifier>
                      </ScalarOperator>
                      <ScalarOperator>
                        <Identifier>
                          <ColumnReference Column="@teuIntId" />
                        </Identifier>
                      </ScalarOperator>
                    </Compare>
                  </ScalarOperator>
                </Predicate>
              </IndexScan>
            </RelOp>
            <ParameterList>
              <ColumnReference Column="@TestCaseResultId" ParameterCompiledValue="NULL" />
            </ParameterList>
          </QueryPlan>
        </StmtSimple>
        <StmtSimple StatementText=" SET @isNewFailure = 0&#xD;&#xA;&#xD;&#xA;       " StatementId="13" StatementCompId="15" StatementType="ASSIGN" RetrievedFromCache="true" />
        <StmtSimple StatementText=" DECLARE @DoTran BIT&#x9;= 1&#xD;&#xA;       " StatementId="14" StatementCompId="16" StatementType="ASSIGN" RetrievedFromCache="true" />
        <StmtCond StatementText=" IF ( @@TRANCOUNT &gt; 0 )&#xD;&#xA;           " StatementId="15" StatementCompId="17" StatementType="COND" RetrievedFromCache="true">
          <Condition />
          <Then>
            <Statements>
              <StmtSimple StatementText=" SET @DoTran = 0 &#xD;&#xA;&#xD;&#xA;       " StatementId="16" StatementCompId="18" StatementType="ASSIGN" RetrievedFromCache="true" />
            </Statements>
          </Then>
        </StmtCond>
        <StmtCond StatementText=" IF NOT EXISTS ( SELECT  *&#xD;&#xA;                        FROM    dbo.Failure (NOLOCK)&#xD;&#xA;                        WHERE   [Guid] = @failureId )&#xD;&#xA;           " StatementId="17" StatementCompId="20" StatementType="COND WITH QUERY" RetrievedFromCache="true" StatementSubTreeCost="0.00328854" StatementEstRows="1" StatementOptmLevel="FULL" QueryHash="0xAEA07554FAD37D52" QueryPlanHash="0xB7E6BA38366BDE0A" StatementOptmEarlyAbortReason="GoodEnoughPlanFound">
          <StatementSetOptions QUOTED_IDENTIFIER="true" ARITHABORT="true" CONCAT_NULL_YIELDS_NULL="true" ANSI_NULLS="true" ANSI_PADDING="true" ANSI_WARNINGS="true" NUMERIC_ROUNDABORT="false" />
          <Condition>
            <QueryPlan NonParallelPlanReason="MaxDOPSetToOne" CachedPlanSize="16" CompileTime="5" CompileCPU="1" CompileMemory="416">
              <MemoryGrantInfo SerialRequiredMemory="0" SerialDesiredMemory="0" />
              <OptimizerHardwareDependentProperties EstimatedAvailableMemoryGrant="193313" EstimatedPagesCached="773254" EstimatedAvailableDegreeOfParallelism="1" />
              <RelOp NodeId="0" PhysicalOp="Compute Scalar" LogicalOp="Compute Scalar" EstimateRows="1" EstimateIO="0" EstimateCPU="1e-007" AvgRowSize="11" EstimatedTotalSubtreeCost="0.00328854" Parallel="0" EstimateRebinds="0" EstimateRewinds="0" EstimatedExecutionMode="Row">
                <OutputList>
                  <ColumnReference Column="Expr1004" />
                </OutputList>
                <ComputeScalar>
                  <DefinedValues>
                    <DefinedValue>
                      <ColumnReference Column="Expr1004" />
                      <ScalarOperator ScalarString="CASE WHEN [Expr1005] IS NULL THEN (1) ELSE (0) END">
                        <IF>
                          <Condition>
                            <ScalarOperator>
                              <Compare CompareOp="IS">
                                <ScalarOperator>
                                  <Identifier>
                                    <ColumnReference Column="Expr1005" />
                                  </Identifier>
                                </ScalarOperator>
                                <ScalarOperator>
                                  <Const ConstValue="NULL" />
                                </ScalarOperator>
                              </Compare>
                            </ScalarOperator>
                          </Condition>
                          <Then>
                            <ScalarOperator>
                              <Const ConstValue="(1)" />
                            </ScalarOperator>
                          </Then>
                          <Else>
                            <ScalarOperator>
                              <Const ConstValue="(0)" />
                            </ScalarOperator>
                          </Else>
                        </IF>
                      </ScalarOperator>
                    </DefinedValue>
                  </DefinedValues>
                  <RelOp NodeId="1" PhysicalOp="Nested Loops" LogicalOp="Left Semi Join" EstimateRows="1" EstimateIO="0" EstimateCPU="4.18e-006" AvgRowSize="9" EstimatedTotalSubtreeCost="0.00328844" Parallel="0" EstimateRebinds="0" EstimateRewinds="0" EstimatedExecutionMode="Row">
                    <OutputList>
                      <ColumnReference Column="Expr1005" />
                    </OutputList>
                    <NestedLoops Optimized="0">
                      <DefinedValues>
                        <DefinedValue>
                          <ColumnReference Column="Expr1005" />
                        </DefinedValue>
                      </DefinedValues>
                      <ProbeColumn>
                        <ColumnReference Column="Expr1005" />
                      </ProbeColumn>
                      <RelOp NodeId="2" PhysicalOp="Constant Scan" LogicalOp="Constant Scan" EstimateRows="1" EstimateIO="0" EstimateCPU="1.157e-006" AvgRowSize="9" EstimatedTotalSubtreeCost="1.157e-006" Parallel="0" EstimateRebinds="0" EstimateRewinds="0" EstimatedExecutionMode="Row">
                        <OutputList />
                        <ConstantScan />
                      </RelOp>
                      <RelOp NodeId="3" PhysicalOp="Index Seek" LogicalOp="Index Seek" EstimateRows="1" EstimateIO="0.003125" EstimateCPU="0.0001581" AvgRowSize="9" EstimatedTotalSubtreeCost="0.0032831" TableCardinality="3.38967e+007" Parallel="0" EstimateRebinds="0" EstimateRewinds="0" EstimatedExecutionMode="Row">
                        <OutputList />
                        <IndexScan Ordered="1" ScanDirection="FORWARD" ForcedIndex="0" ForceSeek="0" ForceScan="0" NoExpandHint="0" Storage="RowStore">
                          <DefinedValues />
                          <Object Database="[OurLabReporting]" Schema="[dbo]" Table="[Failure]" Index="[Failure_IDX_Guid]" IndexKind="NonClustered" />
                          <SeekPredicates>
                            <SeekPredicateNew>
                              <SeekKeys>
                                <Prefix ScanType="EQ">
                                  <RangeColumns>
                                    <ColumnReference Database="[OurLabReporting]" Schema="[dbo]" Table="[Failure]" Column="Guid" />
                                  </RangeColumns>
                                  <RangeExpressions>
                                    <ScalarOperator ScalarString="[@failureId]">
                                      <Identifier>
                                        <ColumnReference Column="@failureId" />
                                      </Identifier>
                                    </ScalarOperator>
                                  </RangeExpressions>
                                </Prefix>
                              </SeekKeys>
                            </SeekPredicateNew>
                          </SeekPredicates>
                        </IndexScan>
                      </RelOp>
                    </NestedLoops>
                  </RelOp>
                </ComputeScalar>
              </RelOp>
              <ParameterList>
                <ColumnReference Column="@failureId" ParameterCompiledValue="{guid'1033E651-82F7-40C5-B3A2-AB00E6A88EAC'}" />
              </ParameterList>
            </QueryPlan>
          </Condition>
          <Then>
            <Statements>
              <StmtSimple StatementText=" BEGIN&#xD;&#xA;                DECLARE @NewId INT&#xD;&#xA;                SET @isNewFailure = 1&#xD;&#xA;               " StatementId="18" StatementCompId="21" StatementType="ASSIGN" RetrievedFromCache="true" />
              <StmtCond StatementText=" IF @@TRANCOUNT = 0&#xD;&#xA;                    AND @DoTran = 1&#xD;&#xA;                   " StatementId="19" StatementCompId="22" StatementType="COND" RetrievedFromCache="true">
                <Condition />
                <Then>
                  <Statements>
                    <StmtSimple StatementText=" BEGIN TRAN&#xD;&#xA;               " StatementId="20" StatementCompId="23" StatementType="BEGIN TRANSACTION" RetrievedFromCache="true" />
                  </Statements>
                </Then>
              </StmtCond>
              <StmtSimple StatementText=" INSERT  INTO [dbo].[Failure]&#xD;&#xA;                        ( [TriageOwner] ,&#xD;&#xA;                          [StatusId] ,&#xD;&#xA;                          [Guid] ,&#xD;&#xA;                          [Comments] ,&#xD;&#xA;                          [AssignedTo] ,&#xD;&#xA;                          [TestCaseResultId] ,&#xD;&#xA;                          [ScheduleId] ,&#xD;&#xA;                          [TEUId] ,&#xD;&#xA;                          [TeuNameHash] ,&#xD;&#xA;                          [Title] ,&#xD;&#xA;                          [FailureTypeId] ,&#xD;&#xA;                          [LastUpdateTime] ,&#xD;&#xA;                          [LastUpdateBy] ,&#xD;&#xA;                          [ResolvedTEDId] ,&#xD;&#xA;                          [MachineSetId] ,&#xD;&#xA;                          [FailureCategoryId] ,&#xD;&#xA;                          [FailureSubcategoryId] ,&#xD;&#xA;                          [LogFilePathId] ,&#xD;&#xA;                          [CallStack] ,&#xD;&#xA;                          [DumpfilePathId] ,&#xD;&#xA;                          [Remote] ,&#xD;&#xA;                          [WttFailureId] ,&#xD;&#xA;                          [MixId] ,&#xD;&#xA;                          [DoNotUseForAutoAnalysis]&#xD;&#xA;                        )&#xD;&#xA;                VALUES  ( @triageOwner ,&#xD;&#xA;                          @statusId ,&#xD;&#xA;                          @failureId ,&#xD;&#xA;                          @comments ,&#xD;&#xA;                          @assignedTo ,&#xD;&#xA;                          @TestCaseResultIntId ,&#xD;&#xA;                          @scheduleIntId ,&#xD;&#xA;                          @teuIntId ,&#xD;&#xA;                          @teuNameHash ,&#xD;&#xA;                          @title ,&#xD;&#xA;                          dbo.Function_GetFailureType(@failureType) --Deprecated FailureTypeId           &#xD;&#xA;                          ,&#xD;&#xA;                          @lastUpdateTime ,&#xD;&#xA;                          @lastUpdateBy ,&#xD;&#xA;                          @resolvedTedIntId ,&#xD;&#xA;                          @machineSetIntId ,&#xD;&#xA;                          @failureCategoryId ,&#xD;&#xA;                          @failureSubCategoryId ,&#xD;&#xA;                          @logPathId ,&#xD;&#xA;                          @callStack ,&#xD;&#xA;                          @dumpfilePathId ,&#xD;&#xA;                          @remote ,&#xD;&#xA;                          @wttFailureId ,&#xD;&#xA;                          @MixIntId ,&#xD;&#xA;                          @doNotUseForAutoAnanlysis&#xD;&#xA;                        )&#xD;&#xA;&#xD;&#xA;               " StatementId="21" StatementCompId="25" StatementType="INSERT" RetrievedFromCache="true" StatementSubTreeCost="0.208971" StatementEstRows="1" StatementOptmLevel="FULL" QueryHash="0x1FEFF4469BDAF9C5" QueryPlanHash="0xD7D27240C7617A96" StatementOptmEarlyAbortReason="GoodEnoughPlanFound">
                <StatementSetOptions QUOTED_IDENTIFIER="true" ARITHABORT="true" CONCAT_NULL_YIELDS_NULL="true" ANSI_NULLS="true" ANSI_PADDING="true" ANSI_WARNINGS="true" NUMERIC_ROUNDABORT="false" />
                <QueryPlan NonParallelPlanReason="MaxDOPSetToOne" CachedPlanSize="200" CompileTime="112" CompileCPU="55" CompileMemory="2400">
                  <MemoryGrantInfo SerialRequiredMemory="640" SerialDesiredMemory="704" />
                  <OptimizerHardwareDependentProperties EstimatedAvailableMemoryGrant="193313" EstimatedPagesCached="773254" EstimatedAvailableDegreeOfParallelism="1" />
                  <RelOp NodeId="1" PhysicalOp="Sequence" LogicalOp="Sequence" EstimateRows="1" EstimateIO="0" EstimateCPU="2e-006" AvgRowSize="9" EstimatedTotalSubtreeCost="0.208971" Parallel="0" EstimateRebinds="0" EstimateRewinds="0" EstimatedExecutionMode="Row">
                    <OutputList />
                    <Sequence>
                      <RelOp NodeId="2" PhysicalOp="Table Spool" LogicalOp="Eager Spool" EstimateRows="1" EstimateIO="0" EstimateCPU="5.0082e-005" AvgRowSize="15" EstimatedTotalSubtreeCost="0.0782586" Parallel="0" EstimateRebinds="0" EstimateRewinds="0" EstimatedExecutionMode="Row">
                        <OutputList>
                          <ColumnReference Database="[OurLabReporting]" Schema="[dbo]" Table="[Failure]" Column="Id" />
                          <ColumnReference Database="[OurLabReporting]" Schema="[dbo]" Table="[Failure]" Column="MixId" />
                        </OutputList>
                        <Spool>
                          <RelOp NodeId="3" PhysicalOp="Assert" LogicalOp="Assert" EstimateRows="1" EstimateIO="0" EstimateCPU="3.38e-006" AvgRowSize="15" EstimatedTotalSubtreeCost="0.156317" Parallel="0" EstimateRebinds="0" EstimateRewinds="0" EstimatedExecutionMode="Row">
                            <OutputList>
                              <ColumnReference Database="[OurLabReporting]" Schema="[dbo]" Table="[Failure]" Column="Id" />
                              <ColumnReference Database="[OurLabReporting]" Schema="[dbo]" Table="[Failure]" Column="MixId" />
                            </OutputList>
                            <Assert StartupExpression="0">
                              <RelOp NodeId="4" PhysicalOp="Nested Loops" LogicalOp="Left Semi Join" EstimateRows="1" EstimateIO="0" EstimateCPU="4.18e-006" AvgRowSize="18" EstimatedTotalSubtreeCost="0.156314" Parallel="0" EstimateRebinds="0" EstimateRewinds="0" EstimatedExecutionMode="Row">
                                <OutputList>
                                  <ColumnReference Database="[OurLabReporting]" Schema="[dbo]" Table="[Failure]" Column="Id" />
                                  <ColumnReference Database="[OurLabReporting]" Schema="[dbo]" Table="[Failure]" Column="MixId" />
                                  <ColumnReference Column="Expr1050" />
                                  <ColumnReference Column="Expr1051" />
                                  <ColumnReference Column="Expr1052" />
                                  <ColumnReference Column="Pass1053" />
                                  <ColumnReference Column="Expr1054" />
                                  <ColumnReference Column="Pass1055" />
                                  <ColumnReference Column="Expr1056" />
                                  <ColumnReference Column="Pass1057" />
                                  <ColumnReference Column="Expr1058" />
                                  <ColumnReference Column="Expr1059" />
                                  <ColumnReference Column="Pass1060" />
                                  <ColumnReference Column="Expr1061" />
                                  <ColumnReference Column="Pass1062" />
                                </OutputList>
                                <NestedLoops Optimized="0">
                                  <DefinedValues>
                                    <DefinedValue>
                                      <ColumnReference Column="Expr1061" />
                                    </DefinedValue>
                                    <DefinedValue>
                                      <ColumnReference Column="Pass1062" />
                                    </DefinedValue>
                                  </DefinedValues>
                                  <PassThru>
                                    <ScalarOperator ScalarString="[OurLabReporting].[dbo].[Failure].[TEUId] IS NULL">
                                      <Logical Operation="IS NULL">
                                        <ScalarOperator>
                                          <Identifier>
                                            <ColumnReference Database="[OurLabReporting]" Schema="[dbo]" Table="[Failure]" Column="TEUId" />
                                          </Identifier>
                                        </ScalarOperator>
                                      </Logical>
                                    </ScalarOperator>
                                  </PassThru>
                                  <OuterReferences>
                                    <ColumnReference Database="[OurLabReporting]" Schema="[dbo]" Table="[Failure]" Column="TEUId" />
                                  </OuterReferences>
                                  <ProbeColumn>
                                    <ColumnReference Column="Expr1061" />
                                  </ProbeColumn>
                                  <RelOp NodeId="5" PhysicalOp="Nested Loops" LogicalOp="Left Semi Join" EstimateRows="1" EstimateIO="0" EstimateCPU="4.18e-006" AvgRowSize="26" EstimatedTotalSubtreeCost="0.153026" Parallel="0" EstimateRebinds="0" EstimateRewinds="0" EstimatedExecutionMode="Row">
                                    <OutputList>
                                      <ColumnReference Database="[OurLabReporting]" Schema="[dbo]" Table="[Failure]" Column="Id" />
                                      <ColumnReference Database="[OurLabReporting]" Schema="[dbo]" Table="[Failure]" Column="MixId" />
                                      <ColumnReference Database="[OurLabReporting]" Schema="[dbo]" Table="[Failure]" Column="TEUId" />
                                      <ColumnReference Column="Expr1050" />
                                      <ColumnReference Column="Expr1051" />
                                      <ColumnReference Column="Expr1052" />
                                      <ColumnReference Column="Pass1053" />
                                      <ColumnReference Column="Expr1054" />
                                      <ColumnReference Column="Pass1055" />
                                      <ColumnReference Column="Expr1056" />
                                      <ColumnReference Column="Pass1057" />
                                      <ColumnReference Column="Expr1058" />
                                      <ColumnReference Column="Expr1059" />
                                      <ColumnReference Column="Pass1060" />
                                    </OutputList>
                                    <NestedLoops Optimized="0">
                                      <DefinedValues>
                                        <DefinedValue>
                                          <ColumnReference Column="Expr1059" />
                                        </DefinedValue>
                                        <DefinedValue>
                                          <ColumnReference Column="Pass1060" />
                                        </DefinedValue>
                                      </DefinedValues>
                                      <PassThru>
                                        <ScalarOperator ScalarString="[OurLabReporting].[dbo].[Failure].[LogFilePathId] IS NULL">
                                          <Logical Operation="IS NULL">
                                            <ScalarOperator>
                                              <Identifier>
                                                <ColumnReference Database="[OurLabReporting]" Schema="[dbo]" Table="[Failure]" Column="LogFilePathId" />
                                              </Identifier>
                                            </ScalarOperator>
                                          </Logical>
                                        </ScalarOperator>
                                      </PassThru>
                                      <OuterReferences>
                                        <ColumnReference Database="[OurLabReporting]" Schema="[dbo]" Table="[Failure]" Column="LogFilePathId" />
                                      </OuterReferences>
                                      <ProbeColumn>
                                        <ColumnReference Column="Expr1059" />
                                      </ProbeColumn>
                                      <RelOp NodeId="6" PhysicalOp="Nested Loops" LogicalOp="Left Semi Join" EstimateRows="1" EstimateIO="0" EstimateCPU="4.18e-006" AvgRowSize="34" EstimatedTotalSubtreeCost="0.149739" Parallel="0" EstimateRebinds="0" EstimateRewinds="0" EstimatedExecutionMode="Row">
                                        <OutputList>
                                          <ColumnReference Database="[OurLabReporting]" Schema="[dbo]" Table="[Failure]" Column="Id" />
                                          <ColumnReference Database="[OurLabReporting]" Schema="[dbo]" Table="[Failure]" Column="MixId" />
                                          <ColumnReference Database="[OurLabReporting]" Schema="[dbo]" Table="[Failure]" Column="TEUId" />
                                          <ColumnReference Database="[OurLabReporting]" Schema="[dbo]" Table="[Failure]" Column="LogFilePathId" />
                                          <ColumnReference Column="Expr1050" />
                                          <ColumnReference Column="Expr1051" />
                                          <ColumnReference Column="Expr1052" />
                                          <ColumnReference Column="Pass1053" />
                                          <ColumnReference Column="Expr1054" />
                                          <ColumnReference Column="Pass1055" />
                                          <ColumnReference Column="Expr1056" />
                                          <ColumnReference Column="Pass1057" />
                                          <ColumnReference Column="Expr1058" />
                                        </OutputList>
                                        <NestedLoops Optimized="0">
                                          <DefinedValues>
                                            <DefinedValue>
                                              <ColumnReference Column="Expr1058" />
                                            </DefinedValue>
                                          </DefinedValues>
                                          <OuterReferences>
                                            <ColumnReference Database="[OurLabReporting]" Schema="[dbo]" Table="[Failure]" Column="StatusId" />
                                          </OuterReferences>
                                          <ProbeColumn>
                                            <ColumnReference Column="Expr1058" />
                                          </ProbeColumn>
                                          <RelOp NodeId="7" PhysicalOp="Nested Loops" LogicalOp="Left Semi Join" EstimateRows="1" EstimateIO="0" EstimateCPU="4.18e-006" AvgRowSize="37" EstimatedTotalSubtreeCost="0.146451" Parallel="0" EstimateRebinds="0" EstimateRewinds="0" EstimatedExecutionMode="Row">
                                            <OutputList>
                                              <ColumnReference Database="[OurLabReporting]" Schema="[dbo]" Table="[Failure]" Column="Id" />
                                              <ColumnReference Database="[OurLabReporting]" Schema="[dbo]" Table="[Failure]" Column="MixId" />
                                              <ColumnReference Database="[OurLabReporting]" Schema="[dbo]" Table="[Failure]" Column="StatusId" />
                                              <ColumnReference Database="[OurLabReporting]" Schema="[dbo]" Table="[Failure]" Column="TEUId" />
                                              <ColumnReference Database="[OurLabReporting]" Schema="[dbo]" Table="[Failure]" Column="LogFilePathId" />
                                              <ColumnReference Column="Expr1050" />
                                              <ColumnReference Column="Expr1051" />
                                              <ColumnReference Column="Expr1052" />
                                              <ColumnReference Column="Pass1053" />
                                              <ColumnReference Column="Expr1054" />
                                              <ColumnReference Column="Pass1055" />
                                              <ColumnReference Column="Expr1056" />
                                              <ColumnReference Column="Pass1057" />
                                            </OutputList>
                                            <NestedLoops Optimized="0">
                                              <DefinedValues>
                                                <DefinedValue>
                                                  <ColumnReference Column="Expr1056" />
                                                </DefinedValue>
                                                <DefinedValue>
                                                  <ColumnReference Column="Pass1057" />
                                                </DefinedValue>
                                              </DefinedValues>
                                              <PassThru>
                                                <ScalarOperator ScalarString="[OurLabReporting].[dbo].[Failure].[ScheduleId] IS NULL">
                                                  <Logical Operation="IS NULL">
                                                    <ScalarOperator>
                                                      <Identifier>
                                                        <ColumnReference Database="[OurLabReporting]" Schema="[dbo]" Table="[Failure]" Column="ScheduleId" />
                                                      </Identifier>
                                                    </ScalarOperator>
                                                  </Logical>
                                                </ScalarOperator>
                                              </PassThru>
                                              <OuterReferences>
                                                <ColumnReference Database="[OurLabReporting]" Schema="[dbo]" Table="[Failure]" Column="ScheduleId" />
                                              </OuterReferences>
                                              <ProbeColumn>
                                                <ColumnReference Column="Expr1056" />
                                              </ProbeColumn>
                                              <RelOp NodeId="8" PhysicalOp="Nested Loops" LogicalOp="Left Semi Join" EstimateRows="1" EstimateIO="0" EstimateCPU="4.18e-006" AvgRowSize="41" EstimatedTotalSubtreeCost="0.143164" Parallel="0" EstimateRebinds="0" EstimateRewinds="0" EstimatedExecutionMode="Row">
                                                <OutputList>
                                                  <ColumnReference Database="[OurLabReporting]" Schema="[dbo]" Table="[Failure]" Column="Id" />
                                                  <ColumnReference Database="[OurLabReporting]" Schema="[dbo]" Table="[Failure]" Column="MixId" />
                                                  <ColumnReference Database="[OurLabReporting]" Schema="[dbo]" Table="[Failure]" Column="ScheduleId" />
                                                  <ColumnReference Database="[OurLabReporting]" Schema="[dbo]" Table="[Failure]" Column="StatusId" />
                                                  <ColumnReference Database="[OurLabReporting]" Schema="[dbo]" Table="[Failure]" Column="TEUId" />
                                                  <ColumnReference Database="[OurLabReporting]" Schema="[dbo]" Table="[Failure]" Column="LogFilePathId" />
                                                  <ColumnReference Column="Expr1050" />
                                                  <ColumnReference Column="Expr1051" />
                                                  <ColumnReference Column="Expr1052" />
                                                  <ColumnReference Column="Pass1053" />
                                                  <ColumnReference Column="Expr1054" />
                                                  <ColumnReference Column="Pass1055" />
                                                </OutputList>
                                                <NestedLoops Optimized="0">
                                                  <DefinedValues>
                                                    <DefinedValue>
                                                      <ColumnReference Column="Expr1054" />
                                                    </DefinedValue>
                                                    <DefinedValue>
                                                      <ColumnReference Column="Pass1055" />
                                                    </DefinedValue>
                                                  </DefinedValues>
                                                  <PassThru>
                                                    <ScalarOperator ScalarString="[OurLabReporting].[dbo].[Failure].[ResolvedTEDId] IS NULL">
                                                      <Logical Operation="IS NULL">
                                                        <ScalarOperator>
                                                          <Identifier>
                                                            <ColumnReference Database="[OurLabReporting]" Schema="[dbo]" Table="[Failure]" Column="ResolvedTEDId" />
                                                          </Identifier>
                                                        </ScalarOperator>
                                                      </Logical>
                                                    </ScalarOperator>
                                                  </PassThru>
                                                  <OuterReferences>
                                                    <ColumnReference Database="[OurLabReporting]" Schema="[dbo]" Table="[Failure]" Column="ResolvedTEDId" />
                                                  </OuterReferences>
                                                  <ProbeColumn>
                                                    <ColumnReference Column="Expr1054" />
                                                  </ProbeColumn>
                                                  <RelOp NodeId="9" PhysicalOp="Nested Loops" LogicalOp="Left Semi Join" EstimateRows="1" EstimateIO="0" EstimateCPU="4.18e-006" AvgRowSize="45" EstimatedTotalSubtreeCost="0.139876" Parallel="0" EstimateRebinds="0" EstimateRewinds="0" EstimatedExecutionMode="Row">
                                                    <OutputList>
                                                      <ColumnReference Database="[OurLabReporting]" Schema="[dbo]" Table="[Failure]" Column="Id" />
                                                      <ColumnReference Database="[OurLabReporting]" Schema="[dbo]" Table="[Failure]" Column="MixId" />
                                                      <ColumnReference Database="[OurLabReporting]" Schema="[dbo]" Table="[Failure]" Column="ResolvedTEDId" />
                                                      <ColumnReference Database="[OurLabReporting]" Schema="[dbo]" Table="[Failure]" Column="ScheduleId" />
                                                      <ColumnReference Database="[OurLabReporting]" Schema="[dbo]" Table="[Failure]" Column="StatusId" />
                                                      <ColumnReference Database="[OurLabReporting]" Schema="[dbo]" Table="[Failure]" Column="TEUId" />
                                                      <ColumnReference Database="[OurLabReporting]" Schema="[dbo]" Table="[Failure]" Column="LogFilePathId" />
                                                      <ColumnReference Column="Expr1050" />
                                                      <ColumnReference Column="Expr1051" />
                                                      <ColumnReference Column="Expr1052" />
                                                      <ColumnReference Column="Pass1053" />
                                                    </OutputList>
                                                    <NestedLoops Optimized="0">
                                                      <DefinedValues>
                                                        <DefinedValue>
                                                          <ColumnReference Column="Expr1052" />
                                                        </DefinedValue>
                                                        <DefinedValue>
                                                          <ColumnReference Column="Pass1053" />
                                                        </DefinedValue>
                                                      </DefinedValues>
                                                      <PassThru>
                                                        <ScalarOperator ScalarString="[OurLabReporting].[dbo].[Failure].[MachineSetId] IS NULL">
                                                          <Logical Operation="IS NULL">
                                                            <ScalarOperator>
                                                              <Identifier>
                                                                <ColumnReference Database="[OurLabReporting]" Schema="[dbo]" Table="[Failure]" Column="MachineSetId" />
                                                              </Identifier>
                                                            </ScalarOperator>
                                                          </Logical>
                                                        </ScalarOperator>
                                                      </PassThru>
                                                      <OuterReferences>
                                                        <ColumnReference Database="[OurLabReporting]" Schema="[dbo]" Table="[Failure]" Column="MachineSetId" />
                                                      </OuterReferences>
                                                      <ProbeColumn>
                                                        <ColumnReference Column="Expr1052" />
                                                      </ProbeColumn>
                                                      <RelOp NodeId="10" PhysicalOp="Nested Loops" LogicalOp="Left Semi Join" EstimateRows="1" EstimateIO="0" EstimateCPU="4.18e-006" AvgRowSize="49" EstimatedTotalSubtreeCost="0.136589" Parallel="0" EstimateRebinds="0" EstimateRewinds="0" EstimatedExecutionMode="Row">
                                                        <OutputList>
                                                          <ColumnReference Database="[OurLabReporting]" Schema="[dbo]" Table="[Failure]" Column="Id" />
                                                          <ColumnReference Database="[OurLabReporting]" Schema="[dbo]" Table="[Failure]" Column="MachineSetId" />
                                                          <ColumnReference Database="[OurLabReporting]" Schema="[dbo]" Table="[Failure]" Column="MixId" />
                                                          <ColumnReference Database="[OurLabReporting]" Schema="[dbo]" Table="[Failure]" Column="ResolvedTEDId" />
                                                          <ColumnReference Database="[OurLabReporting]" Schema="[dbo]" Table="[Failure]" Column="ScheduleId" />
                                                          <ColumnReference Database="[OurLabReporting]" Schema="[dbo]" Table="[Failure]" Column="StatusId" />
                                                          <ColumnReference Database="[OurLabReporting]" Schema="[dbo]" Table="[Failure]" Column="TEUId" />
                                                          <ColumnReference Database="[OurLabReporting]" Schema="[dbo]" Table="[Failure]" Column="LogFilePathId" />
                                                          <ColumnReference Column="Expr1050" />
                                                          <ColumnReference Column="Expr1051" />
                                                        </OutputList>
                                                        <NestedLoops Optimized="0">
                                                          <DefinedValues>
                                                            <DefinedValue>
                                                              <ColumnReference Column="Expr1051" />
                                                            </DefinedValue>
                                                          </DefinedValues>
                                                          <OuterReferences>
                                                            <ColumnReference Database="[OurLabReporting]" Schema="[dbo]" Table="[Failure]" Column="FailureSubCategoryId" />
                                                          </OuterReferences>
                                                          <ProbeColumn>
                                                            <ColumnReference Column="Expr1051" />
                                                          </ProbeColumn>
                                                          <RelOp NodeId="11" PhysicalOp="Nested Loops" LogicalOp="Left Semi Join" EstimateRows="1" EstimateIO="0" EstimateCPU="4.18e-006" AvgRowSize="53" EstimatedTotalSubtreeCost="0.133302" Parallel="0" EstimateRebinds="0" EstimateRewinds="0" EstimatedExecutionMode="Row">
                                                            <OutputList>
                                                              <ColumnReference Database="[OurLabReporting]" Schema="[dbo]" Table="[Failure]" Column="Id" />
                                                              <ColumnReference Database="[OurLabReporting]" Schema="[dbo]" Table="[Failure]" Column="MachineSetId" />
                                                              <ColumnReference Database="[OurLabReporting]" Schema="[dbo]" Table="[Failure]" Column="MixId" />
                                                              <ColumnReference Database="[OurLabReporting]" Schema="[dbo]" Table="[Failure]" Column="ResolvedTEDId" />
                                                              <ColumnReference Database="[OurLabReporting]" Schema="[dbo]" Table="[Failure]" Column="ScheduleId" />
                                                              <ColumnReference Database="[OurLabReporting]" Schema="[dbo]" Table="[Failure]" Column="StatusId" />
                                                              <ColumnReference Database="[OurLabReporting]" Schema="[dbo]" Table="[Failure]" Column="TEUId" />
                                                              <ColumnReference Database="[OurLabReporting]" Schema="[dbo]" Table="[Failure]" Column="FailureSubCategoryId" />
                                                              <ColumnReference Database="[OurLabReporting]" Schema="[dbo]" Table="[Failure]" Column="LogFilePathId" />
                                                              <ColumnReference Column="Expr1050" />
                                                            </OutputList>
                                                            <NestedLoops Optimized="0">
                                                              <DefinedValues>
                                                                <DefinedValue>
                                                                  <ColumnReference Column="Expr1050" />
                                                                </DefinedValue>
                                                              </DefinedValues>
                                                              <OuterReferences>
                                                                <ColumnReference Database="[OurLabReporting]" Schema="[dbo]" Table="[Failure]" Column="FailureCategoryId" />
                                                              </OuterReferences>
                                                              <ProbeColumn>
                                                                <ColumnReference Column="Expr1050" />
                                                              </ProbeColumn>
                                                              <RelOp NodeId="12" PhysicalOp="Clustered Index Insert" LogicalOp="Insert" EstimateRows="1" EstimateIO="0.13" EstimateCPU="1.3e-005" AvgRowSize="54" EstimatedTotalSubtreeCost="0.130014" Parallel="0" EstimateRebinds="0" EstimateRewinds="0" EstimatedExecutionMode="Row">
                                                                <OutputList>
                                                                  <ColumnReference Database="[OurLabReporting]" Schema="[dbo]" Table="[Failure]" Column="Id" />
                                                                  <ColumnReference Database="[OurLabReporting]" Schema="[dbo]" Table="[Failure]" Column="MachineSetId" />
                                                                  <ColumnReference Database="[OurLabReporting]" Schema="[dbo]" Table="[Failure]" Column="MixId" />
                                                                  <ColumnReference Database="[OurLabReporting]" Schema="[dbo]" Table="[Failure]" Column="ResolvedTEDId" />
                                                                  <ColumnReference Database="[OurLabReporting]" Schema="[dbo]" Table="[Failure]" Column="ScheduleId" />
                                                                  <ColumnReference Database="[OurLabReporting]" Schema="[dbo]" Table="[Failure]" Column="StatusId" />
                                                                  <ColumnReference Database="[OurLabReporting]" Schema="[dbo]" Table="[Failure]" Column="TEUId" />
                                                                  <ColumnReference Database="[OurLabReporting]" Schema="[dbo]" Table="[Failure]" Column="FailureCategoryId" />
                                                                  <ColumnReference Database="[OurLabReporting]" Schema="[dbo]" Table="[Failure]" Column="FailureSubCategoryId" />
                                                                  <ColumnReference Database="[OurLabReporting]" Schema="[dbo]" Table="[Failure]" Column="LogFilePathId" />
                                                                </OutputList>
                                                                <Update DMLRequestSort="0">
                                                                  <Object Database="[OurLabReporting]" Schema="[dbo]" Table="[Failure]" Index="[Failure_PK]" IndexKind="Clustered" />
                                                                  <Object Database="[OurLabReporting]" Schema="[dbo]" Table="[Failure]" Index="[Failure_IDX_AssignedTo]" IndexKind="NonClustered" />
                                                                  <Object Database="[OurLabReporting]" Schema="[dbo]" Table="[Failure]" Index="[Failure_IDX_FailureType]" IndexKind="NonClustered" />
                                                                  <Object Database="[OurLabReporting]" Schema="[dbo]" Table="[Failure]" Index="[Failure_IDX_Guid]" IndexKind="NonClustered" />
                                                                  <Object Database="[OurLabReporting]" Schema="[dbo]" Table="[Failure]" Index="[Failure_IDX_LastUpdated]" IndexKind="NonClustered" />
                                                                  <Object Database="[OurLabReporting]" Schema="[dbo]" Table="[Failure]" Index="[Failure_IDX_Mix]" IndexKind="NonClustered" />
                                                                  <Object Database="[OurLabReporting]" Schema="[dbo]" Table="[Failure]" Index="[Failure_IDX_ResolvedTED]" IndexKind="NonClustered" />
                                                                  <Object Database="[OurLabReporting]" Schema="[dbo]" Table="[Failure]" Index="[Failure_IDX_Schedule]" IndexKind="NonClustered" />
                                                                  <Object Database="[OurLabReporting]" Schema="[dbo]" Table="[Failure]" Index="[Failure_IDX_Status]" IndexKind="NonClustered" />
                                                                  <Object Database="[OurLabReporting]" Schema="[dbo]" Table="[Failure]" Index="[Failure_IDX_TestCaseResult]" IndexKind="NonClustered" />
                                                                  <Object Database="[OurLabReporting]" Schema="[dbo]" Table="[Failure]" Index="[Failure_IDX_TestPass]" IndexKind="NonClustered" />
                                                                  <Object Database="[OurLabReporting]" Schema="[dbo]" Table="[Failure]" Index="[Failure_IDX_TEU]" IndexKind="NonClustered" />
                                                                  <Object Database="[OurLabReporting]" Schema="[dbo]" Table="[Failure]" Index="[Failure_IDX_FailureCategoryId_LastUpdateTime_TEUId]" IndexKind="NonClustered" />
                                                                  <SetPredicate>
                                                                    <ScalarOperator ScalarString="[OurLabReporting].[dbo].[Failure].[TriageOwner] = RaiseIfNullInsert([@triageOwner]),[OurLabReporting].[dbo].[Failure].[StatusId] = RaiseIfNullInsert([@statusId]),[OurLabReporting].[dbo].[Failure].[Guid] = RaiseIfNullInsert([@failureId]),[OurLabReporting].[dbo].[Failure].[Comments] = [@comments],[OurLabReporting].[dbo].[Failure].[AssignedTo] = RaiseIfNullInsert([@assignedTo]),[OurLabReporting].[dbo].[Failure].[TestCaseResultId] = [@TestCaseResultIntId],[OurLabReporting].[dbo].[Failure].[ScheduleId] = [@scheduleIntId],[OurLabReporting].[dbo].[Failure].[TEUId] = [@teuIntId],[OurLabReporting].[dbo].[Failure].[TeuNameHash] = [@teuNameHash],[OurLabReporting].[dbo].[Failure].[Title] = RaiseIfNullInsert([@title]),[OurLabReporting].[dbo].[Failure].[FailureTypeId] = RaiseIfNullInsert([Expr1004]),[OurLabReporting].[dbo].[Failure].[LastUpdateTime] = RaiseIfNullInsert([@lastUpdateTime]),[OurLabReporting].[dbo].[Failure].[LastUpdateBy] = [@lastUpdateBy],[OurLabReporting].[dbo].[Failure].[ResolvedTEDId] = [@resolvedTedIntId],[OurLabReporting].[dbo].[Failure].[MachineSetId] = [@machineSetIntId],[OurLabReporting].[dbo].[Failure].[FailureCategoryId] = RaiseIfNullInsert([@failureCategoryId]),[OurLabReporting].[dbo].[Failure].[FailureSubCategoryId] = RaiseIfNullInsert([@failureSubCategoryId]),[OurLabReporting].[dbo].[Failure].[LogFilePathId] = [@logPathId],[OurLabReporting].[dbo].[Failure].[CallStack] = [@callStack],[OurLabReporting].[dbo].[Failure].[DumpFilePathId] = [@dumpfilePathId],[OurLabReporting].[dbo].[Failure].[Remote] = [@remote],[OurLabReporting].[dbo].[Failure].[WttFailureId] = [@wttFailureId],[OurLabReporting].[dbo].[Failure].[MixId] = [@MixIntId],[OurLabReporting].[dbo].[Failure].[DoNotUseForAutoAnalysis] = RaiseIfNullInsert([@doNotUseForAutoAnanlysis]),[OurLabReporting].[dbo].[Failure].[Id] = [Expr1003],[OurLabReporting].[dbo].[Failure].[AutoResolved] = [Expr1005],[OurLabReporting].[dbo].[Failure].[RecordLastUpdated] = [Expr1006],[OurLabReporting].[dbo].[Failure].[DbTimestamp] = [Expr1007],[OurLabReporting].[dbo].[Failure].[UEUId] = NULL,[OurLabReporting].[dbo].[Failure].[TestpassId] = NULL,[OurLabReporting].[dbo].[Failure].[NonBugResolutionReasonId] = NULL,[OurLabReporting].[dbo].[Failure].[ResolutionId] = NULL">
                                                                      <ScalarExpressionList>
                                                                        <ScalarOperator>
                                                                          <MultipleAssign>
                                                                            <Assign>
                                                                              <ColumnReference Database="[OurLabReporting]" Schema="[dbo]" Table="[Failure]" Column="TriageOwner" />
                                                                              <ScalarOperator>
                                                                                <Intrinsic FunctionName="RaiseIfNullInsert">
                                                                                  <ScalarOperator>
                                                                                    <Identifier>
                                                                                      <ColumnReference Column="@triageOwner" />
                                                                                    </Identifier>
                                                                                  </ScalarOperator>
                                                                                </Intrinsic>
                                                                              </ScalarOperator>
                                                                            </Assign>
                                                                            <Assign>
                                                                              <ColumnReference Database="[OurLabReporting]" Schema="[dbo]" Table="[Failure]" Column="StatusId" />
                                                                              <ScalarOperator>
                                                                                <Intrinsic FunctionName="RaiseIfNullInsert">
                                                                                  <ScalarOperator>
                                                                                    <Identifier>
                                                                                      <ColumnReference Column="@statusId" />
                                                                                    </Identifier>
                                                                                  </ScalarOperator>
                                                                                </Intrinsic>
                                                                              </ScalarOperator>
                                                                            </Assign>
                                                                            <Assign>
                                                                              <ColumnReference Database="[OurLabReporting]" Schema="[dbo]" Table="[Failure]" Column="Guid" />
                                                                              <ScalarOperator>
                                                                                <Intrinsic FunctionName="RaiseIfNullInsert">
                                                                                  <ScalarOperator>
                                                                                    <Identifier>
                                                                                      <ColumnReference Column="@failureId" />
                                                                                    </Identifier>
                                                                                  </ScalarOperator>
                                                                                </Intrinsic>
                                                                              </ScalarOperator>
                                                                            </Assign>
                                                                            <Assign>
                                                                              <ColumnReference Database="[OurLabReporting]" Schema="[dbo]" Table="[Failure]" Column="Comments" />
                                                                              <ScalarOperator>
                                                                                <Identifier>
                                                                                  <ColumnReference Column="@comments" />
                                                                                </Identifier>
                                                                              </ScalarOperator>
                                                                            </Assign>
                                                                            <Assign>
                                                                              <ColumnReference Database="[OurLabReporting]" Schema="[dbo]" Table="[Failure]" Column="AssignedTo" />
                                                                              <ScalarOperator>
                                                                                <Intrinsic FunctionName="RaiseIfNullInsert">
                                                                                  <ScalarOperator>
                                                                                    <Identifier>
                                                                                      <ColumnReference Column="@assignedTo" />
                                                                                    </Identifier>
                                                                                  </ScalarOperator>
                                                                                </Intrinsic>
                                                                              </ScalarOperator>
                                                                            </Assign>
                                                                            <Assign>
                                                                              <ColumnReference Database="[OurLabReporting]" Schema="[dbo]" Table="[Failure]" Column="TestCaseResultId" />
                                                                              <ScalarOperator>
                                                                                <Identifier>
                                                                                  <ColumnReference Column="@TestCaseResultIntId" />
                                                                                </Identifier>
                                                                              </ScalarOperator>
                                                                            </Assign>
                                                                            <Assign>
                                                                              <ColumnReference Database="[OurLabReporting]" Schema="[dbo]" Table="[Failure]" Column="ScheduleId" />
                                                                              <ScalarOperator>
                                                                                <Identifier>
                                                                                  <ColumnReference Column="@scheduleIntId" />
                                                                                </Identifier>
                                                                              </ScalarOperator>
                                                                            </Assign>
                                                                            <Assign>
                                                                              <ColumnReference Database="[OurLabReporting]" Schema="[dbo]" Table="[Failure]" Column="TEUId" />
                                                                              <ScalarOperator>
                                                                                <Identifier>
                                                                                  <ColumnReference Column="@teuIntId" />
                                                                                </Identifier>
                                                                              </ScalarOperator>
                                                                            </Assign>
                                                                            <Assign>
                                                                              <ColumnReference Database="[OurLabReporting]" Schema="[dbo]" Table="[Failure]" Column="TeuNameHash" />
                                                                              <ScalarOperator>
                                                                                <Identifier>
                                                                                  <ColumnReference Column="@teuNameHash" />
                                                                                </Identifier>
                                                                              </ScalarOperator>
                                                                            </Assign>
                                                                            <Assign>
                                                                              <ColumnReference Database="[OurLabReporting]" Schema="[dbo]" Table="[Failure]" Column="Title" />
                                                                              <ScalarOperator>
                                                                                <Intrinsic FunctionName="RaiseIfNullInsert">
                                                                                  <ScalarOperator>
                                                                                    <Identifier>
                                                                                      <ColumnReference Column="@title" />
                                                                                    </Identifier>
                                                                                  </ScalarOperator>
                                                                                </Intrinsic>
                                                                              </ScalarOperator>
                                                                            </Assign>
                                                                            <Assign>
                                                                              <ColumnReference Database="[OurLabReporting]" Schema="[dbo]" Table="[Failure]" Column="FailureTypeId" />
                                                                              <ScalarOperator>
                                                                                <Intrinsic FunctionName="RaiseIfNullInsert">
                                                                                  <ScalarOperator>
                                                                                    <Identifier>
                                                                                      <ColumnReference Column="Expr1004" />
                                                                                    </Identifier>
                                                                                  </ScalarOperator>
                                                                                </Intrinsic>
                                                                              </ScalarOperator>
                                                                            </Assign>
                                                                            <Assign>
                                                                              <ColumnReference Database="[OurLabReporting]" Schema="[dbo]" Table="[Failure]" Column="LastUpdateTime" />
                                                                              <ScalarOperator>
                                                                                <Intrinsic FunctionName="RaiseIfNullInsert">
                                                                                  <ScalarOperator>
                                                                                    <Identifier>
                                                                                      <ColumnReference Column="@lastUpdateTime" />
                                                                                    </Identifier>
                                                                                  </ScalarOperator>
                                                                                </Intrinsic>
                                                                              </ScalarOperator>
                                                                            </Assign>
                                                                            <Assign>
                                                                              <ColumnReference Database="[OurLabReporting]" Schema="[dbo]" Table="[Failure]" Column="LastUpdateBy" />
                                                                              <ScalarOperator>
                                                                                <Identifier>
                                                                                  <ColumnReference Column="@lastUpdateBy" />
                                                                                </Identifier>
                                                                              </ScalarOperator>
                                                                            </Assign>
                                                                            <Assign>
                                                                              <ColumnReference Database="[OurLabReporting]" Schema="[dbo]" Table="[Failure]" Column="ResolvedTEDId" />
                                                                              <ScalarOperator>
                                                                                <Identifier>
                                                                                  <ColumnReference Column="@resolvedTedIntId" />
                                                                                </Identifier>
                                                                              </ScalarOperator>
                                                                            </Assign>
                                                                            <Assign>
                                                                              <ColumnReference Database="[OurLabReporting]" Schema="[dbo]" Table="[Failure]" Column="MachineSetId" />
                                                                              <ScalarOperator>
                                                                                <Identifier>
                                                                                  <ColumnReference Column="@machineSetIntId" />
                                                                                </Identifier>
                                                                              </ScalarOperator>
                                                                            </Assign>
                                                                            <Assign>
                                                                              <ColumnReference Database="[OurLabReporting]" Schema="[dbo]" Table="[Failure]" Column="FailureCategoryId" />
                                                                              <ScalarOperator>
                                                                                <Intrinsic FunctionName="RaiseIfNullInsert">
                                                                                  <ScalarOperator>
                                                                                    <Identifier>
                                                                                      <ColumnReference Column="@failureCategoryId" />
                                                                                    </Identifier>
                                                                                  </ScalarOperator>
                                                                                </Intrinsic>
                                                                              </ScalarOperator>
                                                                            </Assign>
                                                                            <Assign>
                                                                              <ColumnReference Database="[OurLabReporting]" Schema="[dbo]" Table="[Failure]" Column="FailureSubCategoryId" />
                                                                              <ScalarOperator>
                                                                                <Intrinsic FunctionName="RaiseIfNullInsert">
                                                                                  <ScalarOperator>
                                                                                    <Identifier>
                                                                                      <ColumnReference Column="@failureSubCategoryId" />
                                                                                    </Identifier>
                                                                                  </ScalarOperator>
                                                                                </Intrinsic>
                                                                              </ScalarOperator>
                                                                            </Assign>
                                                                            <Assign>
                                                                              <ColumnReference Database="[OurLabReporting]" Schema="[dbo]" Table="[Failure]" Column="LogFilePathId" />
                                                                              <ScalarOperator>
                                                                                <Identifier>
                                                                                  <ColumnReference Column="@logPathId" />
                                                                                </Identifier>
                                                                              </ScalarOperator>
                                                                            </Assign>
                                                                            <Assign>
                                                                              <ColumnReference Database="[OurLabReporting]" Schema="[dbo]" Table="[Failure]" Column="CallStack" />
                                                                              <ScalarOperator>
                                                                                <Identifier>
                                                                                  <ColumnReference Column="@callStack" />
                                                                                </Identifier>
                                                                              </ScalarOperator>
                                                                            </Assign>
                                                                            <Assign>
                                                                              <ColumnReference Database="[OurLabReporting]" Schema="[dbo]" Table="[Failure]" Column="DumpFilePathId" />
                                                                              <ScalarOperator>
                                                                                <Identifier>
                                                                                  <ColumnReference Column="@dumpfilePathId" />
                                                                                </Identifier>
                                                                              </ScalarOperator>
                                                                            </Assign>
                                                                            <Assign>
                                                                              <ColumnReference Database="[OurLabReporting]" Schema="[dbo]" Table="[Failure]" Column="Remote" />
                                                                              <ScalarOperator>
                                                                                <Identifier>
                                                                                  <ColumnReference Column="@remote" />
                                                                                </Identifier>
                                                                              </ScalarOperator>
                                                                            </Assign>
                                                                            <Assign>
                                                                              <ColumnReference Database="[OurLabReporting]" Schema="[dbo]" Table="[Failure]" Column="WttFailureId" />
                                                                              <ScalarOperator>
                                                                                <Identifier>
                                                                                  <ColumnReference Column="@wttFailureId" />
                                                                                </Identifier>
                                                                              </ScalarOperator>
                                                                            </Assign>
                                                                            <Assign>
                                                                              <ColumnReference Database="[OurLabReporting]" Schema="[dbo]" Table="[Failure]" Column="MixId" />
                                                                              <ScalarOperator>
                                                                                <Identifier>
                                                                                  <ColumnReference Column="@MixIntId" />
                                                                                </Identifier>
                                                                              </ScalarOperator>
                                                                            </Assign>
                                                                            <Assign>
                                                                              <ColumnReference Database="[OurLabReporting]" Schema="[dbo]" Table="[Failure]" Column="DoNotUseForAutoAnalysis" />
                                                                              <ScalarOperator>
                                                                                <Intrinsic FunctionName="RaiseIfNullInsert">
                                                                                  <ScalarOperator>
                                                                                    <Identifier>
                                                                                      <ColumnReference Column="@doNotUseForAutoAnanlysis" />
                                                                                    </Identifier>
                                                                                  </ScalarOperator>
                                                                                </Intrinsic>
                                                                              </ScalarOperator>
                                                                            </Assign>
                                                                            <Assign>
                                                                              <ColumnReference Database="[OurLabReporting]" Schema="[dbo]" Table="[Failure]" Column="Id" />
                                                                              <ScalarOperator>
                                                                                <Identifier>
                                                                                  <ColumnReference Column="Expr1003" />
                                                                                </Identifier>
                                                                              </ScalarOperator>
                                                                            </Assign>
                                                                            <Assign>
                                                                              <ColumnReference Database="[OurLabReporting]" Schema="[dbo]" Table="[Failure]" Column="AutoResolved" />
                                                                              <ScalarOperator>
                                                                                <Identifier>
                                                                                  <ColumnReference Column="Expr1005" />
                                                                                </Identifier>
                                                                              </ScalarOperator>
                                                                            </Assign>
                                                                            <Assign>
                                                                              <ColumnReference Database="[OurLabReporting]" Schema="[dbo]" Table="[Failure]" Column="RecordLastUpdated" />
                                                                              <ScalarOperator>
                                                                                <Identifier>
                                                                                  <ColumnReference Column="Expr1006" />
                                                                                </Identifier>
                                                                              </ScalarOperator>
                                                                            </Assign>
                                                                            <Assign>
                                                                              <ColumnReference Database="[OurLabReporting]" Schema="[dbo]" Table="[Failure]" Column="DbTimestamp" />
                                                                              <ScalarOperator>
                                                                                <Identifier>
                                                                                  <ColumnReference Column="Expr1007" />
                                                                                </Identifier>
                                                                              </ScalarOperator>
                                                                            </Assign>
                                                                            <Assign>
                                                                              <ColumnReference Database="[OurLabReporting]" Schema="[dbo]" Table="[Failure]" Column="UEUId" />
                                                                              <ScalarOperator>
                                                                                <Const ConstValue="NULL" />
                                                                              </ScalarOperator>
                                                                            </Assign>
                                                                            <Assign>
                                                                              <ColumnReference Database="[OurLabReporting]" Schema="[dbo]" Table="[Failure]" Column="TestpassId" />
                                                                              <ScalarOperator>
                                                                                <Const ConstValue="NULL" />
                                                                              </ScalarOperator>
                                                                            </Assign>
                                                                            <Assign>
                                                                              <ColumnReference Database="[OurLabReporting]" Schema="[dbo]" Table="[Failure]" Column="NonBugResolutionReasonId" />
                                                                              <ScalarOperator>
                                                                                <Const ConstValue="NULL" />
                                                                              </ScalarOperator>
                                                                            </Assign>
                                                                            <Assign>
                                                                              <ColumnReference Database="[OurLabReporting]" Schema="[dbo]" Table="[Failure]" Column="ResolutionId" />
                                                                              <ScalarOperator>
                                                                                <Const ConstValue="NULL" />
                                                                              </ScalarOperator>
                                                                            </Assign>
                                                                          </MultipleAssign>
                                                                        </ScalarOperator>
                                                                      </ScalarExpressionList>
                                                                    </ScalarOperator>
                                                                  </SetPredicate>
                                                                  <RelOp NodeId="13" PhysicalOp="Top" LogicalOp="Top" EstimateRows="1" EstimateIO="0" EstimateCPU="1e-007" AvgRowSize="32" EstimatedTotalSubtreeCost="1.457e-006" Parallel="0" EstimateRebinds="0" EstimateRewinds="0" EstimatedExecutionMode="Row">
                                                                    <OutputList>
                                                                      <ColumnReference Column="Expr1003" />
                                                                      <ColumnReference Column="Expr1004" />
                                                                      <ColumnReference Column="Expr1005" />
                                                                      <ColumnReference Column="Expr1006" />
                                                                      <ColumnReference Column="Expr1007" />
                                                                    </OutputList>
                                                                    <Top RowCount="0" IsPercent="0" WithTies="0">
                                                                      <TopExpression>
                                                                        <ScalarOperator ScalarString="(1)">
                                                                          <Const ConstValue="(1)" />
                                                                        </ScalarOperator>
                                                                      </TopExpression>
                                                                      <RelOp NodeId="14" PhysicalOp="Compute Scalar" LogicalOp="Compute Scalar" EstimateRows="1" EstimateIO="0" EstimateCPU="1e-007" AvgRowSize="32" EstimatedTotalSubtreeCost="1.357e-006" Parallel="0" EstimateRebinds="0" EstimateRewinds="0" EstimatedExecutionMode="Row">
                                                                        <OutputList>
                                                                          <ColumnReference Column="Expr1003" />
                                                                          <ColumnReference Column="Expr1004" />
                                                                          <ColumnReference Column="Expr1005" />
                                                                          <ColumnReference Column="Expr1006" />
                                                                          <ColumnReference Column="Expr1007" />
                                                                        </OutputList>
                                                                        <ComputeScalar>
                                                                          <DefinedValues>
                                                                            <DefinedValue>
                                                                              <ColumnReference Column="Expr1004" />
                                                                              <ScalarOperator ScalarString="[OurLabReporting].[dbo].[Function_GetFailureType]([@failureType])">
                                                                                <UserDefinedFunction FunctionName="[OurLabReporting].[dbo].[Function_GetFailureType]">
                                                                                  <ScalarOperator>
                                                                                    <Identifier>
                                                                                      <ColumnReference Column="@failureType" />
                                                                                    </Identifier>
                                                                                  </ScalarOperator>
                                                                                </UserDefinedFunction>
                                                                              </ScalarOperator>
                                                                            </DefinedValue>
                                                                            <DefinedValue>
                                                                              <ColumnReference Column="Expr1005" />
                                                                              <ScalarOperator ScalarString="(0)">
                                                                                <Const ConstValue="(0)" />
                                                                              </ScalarOperator>
                                                                            </DefinedValue>
                                                                            <DefinedValue>
                                                                              <ColumnReference Column="Expr1006" />
                                                                              <ScalarOperator ScalarString="getdate()">
                                                                                <Identifier>
                                                                                  <ColumnReference Column="ConstExpr1048">
                                                                                    <ScalarOperator>
                                                                                      <Intrinsic FunctionName="getdate" />
                                                                                    </ScalarOperator>
                                                                                  </ColumnReference>
                                                                                </Identifier>
                                                                              </ScalarOperator>
                                                                            </DefinedValue>
                                                                            <DefinedValue>
                                                                              <ColumnReference Column="Expr1007" />
                                                                              <ScalarOperator ScalarString="CONVERT_IMPLICIT(datetime2(7),getutcdate(),0)">
                                                                                <Identifier>
                                                                                  <ColumnReference Column="ConstExpr1049">
                                                                                    <ScalarOperator>
                                                                                      <Convert DataType="datetime2" Style="0" Implicit="1">
                                                                                        <ScalarOperator>
                                                                                          <Intrinsic FunctionName="getutcdate" />
                                                                                        </ScalarOperator>
                                                                                      </Convert>
                                                                                    </ScalarOperator>
                                                                                  </ColumnReference>
                                                                                </Identifier>
                                                                              </ScalarOperator>
                                                                            </DefinedValue>
                                                                          </DefinedValues>
                                                                          <RelOp NodeId="15" PhysicalOp="Compute Scalar" LogicalOp="Compute Scalar" EstimateRows="1" EstimateIO="0" EstimateCPU="1e-007" AvgRowSize="11" EstimatedTotalSubtreeCost="1.257e-006" Parallel="0" EstimateRebinds="0" EstimateRewinds="0" EstimatedExecutionMode="Row">
                                                                            <OutputList>
                                                                              <ColumnReference Column="Expr1003" />
                                                                            </OutputList>
                                                                            <ComputeScalar ComputeSequence="1">
                                                                              <DefinedValues>
                                                                                <DefinedValue>
                                                                                  <ColumnReference Column="Expr1003" />
                                                                                  <ScalarOperator ScalarString="getidentity((1173579219),(6),NULL)">
                                                                                    <Intrinsic FunctionName="getidentity">
                                                                                      <ScalarOperator>
                                                                                        <Const ConstValue="(1173579219)" />
                                                                                      </ScalarOperator>
                                                                                      <ScalarOperator>
                                                                                        <Const ConstValue="(6)" />
                                                                                      </ScalarOperator>
                                                                                      <ScalarOperator>
                                                                                        <Const ConstValue="NULL" />
                                                                                      </ScalarOperator>
                                                                                    </Intrinsic>
                                                                                  </ScalarOperator>
                                                                                </DefinedValue>
                                                                              </DefinedValues>
                                                                              <RelOp NodeId="16" PhysicalOp="Constant Scan" LogicalOp="Constant Scan" EstimateRows="1" EstimateIO="0" EstimateCPU="1.157e-006" AvgRowSize="9" EstimatedTotalSubtreeCost="1.157e-006" Parallel="0" EstimateRebinds="0" EstimateRewinds="0" EstimatedExecutionMode="Row">
                                                                                <OutputList />
                                                                                <ConstantScan />
                                                                              </RelOp>
                                                                            </ComputeScalar>
                                                                          </RelOp>
                                                                        </ComputeScalar>
                                                                      </RelOp>
                                                                    </Top>
                                                                  </RelOp>
                                                                </Update>
                                                              </RelOp>
                                                              <RelOp NodeId="30" PhysicalOp="Clustered Index Seek" LogicalOp="Clustered Index Seek" EstimateRows="1" EstimateIO="0.003125" EstimateCPU="0.0001581" AvgRowSize="9" EstimatedTotalSubtreeCost="0.0032831" TableCardinality="14" Parallel="0" EstimateRebinds="0" EstimateRewinds="0" EstimatedExecutionMode="Row">
                                                                <OutputList />
                                                                <IndexScan Ordered="1" ScanDirection="FORWARD" ForcedIndex="1" ForceSeek="0" ForceScan="0" NoExpandHint="0" Storage="RowStore">
                                                                  <DefinedValues />
                                                                  <Object Database="[OurLabReporting]" Schema="[dbo]" Table="[FailureCategory]" Index="[PK_FailureCategory]" IndexKind="Clustered" />
                                                                  <SeekPredicates>
                                                                    <SeekPredicateNew>
                                                                      <SeekKeys>
                                                                        <Prefix ScanType="EQ">
                                                                          <RangeColumns>
                                                                            <ColumnReference Database="[OurLabReporting]" Schema="[dbo]" Table="[FailureCategory]" Column="Id" />
                                                                          </RangeColumns>
                                                                          <RangeExpressions>
                                                                            <ScalarOperator ScalarString="[OurLabReporting].[dbo].[Failure].[FailureCategoryId]">
                                                                              <Identifier>
                                                                                <ColumnReference Database="[OurLabReporting]" Schema="[dbo]" Table="[Failure]" Column="FailureCategoryId" />
                                                                              </Identifier>
                                                                            </ScalarOperator>
                                                                          </RangeExpressions>
                                                                        </Prefix>
                                                                      </SeekKeys>
                                                                    </SeekPredicateNew>
                                                                  </SeekPredicates>
                                                                </IndexScan>
                                                              </RelOp>
                                                            </NestedLoops>
                                                          </RelOp>
                                                          <RelOp NodeId="31" PhysicalOp="Clustered Index Seek" LogicalOp="Clustered Index Seek" EstimateRows="1" EstimateIO="0.003125" EstimateCPU="0.0001581" AvgRowSize="9" EstimatedTotalSubtreeCost="0.0032831" TableCardinality="56" Parallel="0" EstimateRebinds="0" EstimateRewinds="0" EstimatedExecutionMode="Row">
                                                            <OutputList />
                                                            <IndexScan Ordered="1" ScanDirection="FORWARD" ForcedIndex="1" ForceSeek="0" ForceScan="0" NoExpandHint="0" Storage="RowStore">
                                                              <DefinedValues />
                                                              <Object Database="[OurLabReporting]" Schema="[dbo]" Table="[FailureSubCategory]" Index="[PK_FailureSubCategory]" IndexKind="Clustered" />
                                                              <SeekPredicates>
                                                                <SeekPredicateNew>
                                                                  <SeekKeys>
                                                                    <Prefix ScanType="EQ">
                                                                      <RangeColumns>
                                                                        <ColumnReference Database="[OurLabReporting]" Schema="[dbo]" Table="[FailureSubCategory]" Column="Id" />
                                                                      </RangeColumns>
                                                                      <RangeExpressions>
                                                                        <ScalarOperator ScalarString="[OurLabReporting].[dbo].[Failure].[FailureSubCategoryId]">
                                                                          <Identifier>
                                                                            <ColumnReference Database="[OurLabReporting]" Schema="[dbo]" Table="[Failure]" Column="FailureSubCategoryId" />
                                                                          </Identifier>
                                                                        </ScalarOperator>
                                                                      </RangeExpressions>
                                                                    </Prefix>
                                                                  </SeekKeys>
                                                                </SeekPredicateNew>
                                                              </SeekPredicates>
                                                            </IndexScan>
                                                          </RelOp>
                                                        </NestedLoops>
                                                      </RelOp>
                                                      <RelOp NodeId="32" PhysicalOp="Clustered Index Seek" LogicalOp="Clustered Index Seek" EstimateRows="1" EstimateIO="0.003125" EstimateCPU="0.0001581" AvgRowSize="9" EstimatedTotalSubtreeCost="0.0032831" TableCardinality="1.23247e+007" Parallel="0" EstimateRebinds="0" EstimateRewinds="0" EstimatedExecutionMode="Row">
                                                        <OutputList />
                                                        <IndexScan Ordered="1" ScanDirection="FORWARD" ForcedIndex="1" ForceSeek="0" ForceScan="0" NoExpandHint="0" Storage="RowStore">
                                                          <DefinedValues />
                                                          <Object Database="[OurLabReporting]" Schema="[dbo]" Table="[MachineSet]" Index="[MachineSet_PK]" IndexKind="Clustered" />
                                                          <SeekPredicates>
                                                            <SeekPredicateNew>
                                                              <SeekKeys>
                                                                <Prefix ScanType="EQ">
                                                                  <RangeColumns>
                                                                    <ColumnReference Database="[OurLabReporting]" Schema="[dbo]" Table="[MachineSet]" Column="Id" />
                                                                  </RangeColumns>
                                                                  <RangeExpressions>
                                                                    <ScalarOperator ScalarString="[OurLabReporting].[dbo].[Failure].[MachineSetId]">
                                                                      <Identifier>
                                                                        <ColumnReference Database="[OurLabReporting]" Schema="[dbo]" Table="[Failure]" Column="MachineSetId" />
                                                                      </Identifier>
                                                                    </ScalarOperator>
                                                                  </RangeExpressions>
                                                                </Prefix>
                                                              </SeekKeys>
                                                            </SeekPredicateNew>
                                                          </SeekPredicates>
                                                        </IndexScan>
                                                      </RelOp>
                                                    </NestedLoops>
                                                  </RelOp>
                                                  <RelOp NodeId="33" PhysicalOp="Clustered Index Seek" LogicalOp="Clustered Index Seek" EstimateRows="1" EstimateIO="0.003125" EstimateCPU="0.0001581" AvgRowSize="9" EstimatedTotalSubtreeCost="0.0032831" TableCardinality="1.37085e+006" Parallel="0" EstimateRebinds="0" EstimateRewinds="0" EstimatedExecutionMode="Row">
                                                    <OutputList />
                                                    <IndexScan Ordered="1" ScanDirection="FORWARD" ForcedIndex="1" ForceSeek="0" ForceScan="0" NoExpandHint="0" Storage="RowStore">
                                                      <DefinedValues />
                                                      <Object Database="[OurLabReporting]" Schema="[dbo]" Table="[ResolvedTED]" Index="[ResolvedTED_PK]" IndexKind="Clustered" />
                                                      <SeekPredicates>
                                                        <SeekPredicateNew>
                                                          <SeekKeys>
                                                            <Prefix ScanType="EQ">
                                                              <RangeColumns>
                                                                <ColumnReference Database="[OurLabReporting]" Schema="[dbo]" Table="[ResolvedTED]" Column="Id" />
                                                              </RangeColumns>
                                                              <RangeExpressions>
                                                                <ScalarOperator ScalarString="[OurLabReporting].[dbo].[Failure].[ResolvedTEDId]">
                                                                  <Identifier>
                                                                    <ColumnReference Database="[OurLabReporting]" Schema="[dbo]" Table="[Failure]" Column="ResolvedTEDId" />
                                                                  </Identifier>
                                                                </ScalarOperator>
                                                              </RangeExpressions>
                                                            </Prefix>
                                                          </SeekKeys>
                                                        </SeekPredicateNew>
                                                      </SeekPredicates>
                                                    </IndexScan>
                                                  </RelOp>
                                                </NestedLoops>
                                              </RelOp>
                                              <RelOp NodeId="34" PhysicalOp="Clustered Index Seek" LogicalOp="Clustered Index Seek" EstimateRows="1" EstimateIO="0.003125" EstimateCPU="0.0001581" AvgRowSize="9" EstimatedTotalSubtreeCost="0.0032831" TableCardinality="1.44033e+006" Parallel="0" EstimateRebinds="0" EstimateRewinds="0" EstimatedExecutionMode="Row">
                                                <OutputList />
                                                <IndexScan Ordered="1" ScanDirection="FORWARD" ForcedIndex="1" ForceSeek="0" ForceScan="0" NoExpandHint="0" Storage="RowStore">
                                                  <DefinedValues />
                                                  <Object Database="[OurLabReporting]" Schema="[dbo]" Table="[Schedule]" Index="[Schedule_PK]" IndexKind="Clustered" />
                                                  <SeekPredicates>
                                                    <SeekPredicateNew>
                                                      <SeekKeys>
                                                        <Prefix ScanType="EQ">
                                                          <RangeColumns>
                                                            <ColumnReference Database="[OurLabReporting]" Schema="[dbo]" Table="[Schedule]" Column="Id" />
                                                          </RangeColumns>
                                                          <RangeExpressions>
                                                            <ScalarOperator ScalarString="[OurLabReporting].[dbo].[Failure].[ScheduleId]">
                                                              <Identifier>
                                                                <ColumnReference Database="[OurLabReporting]" Schema="[dbo]" Table="[Failure]" Column="ScheduleId" />
                                                              </Identifier>
                                                            </ScalarOperator>
                                                          </RangeExpressions>
                                                        </Prefix>
                                                      </SeekKeys>
                                                    </SeekPredicateNew>
                                                  </SeekPredicates>
                                                </IndexScan>
                                              </RelOp>
                                            </NestedLoops>
                                          </RelOp>
                                          <RelOp NodeId="35" PhysicalOp="Clustered Index Seek" LogicalOp="Clustered Index Seek" EstimateRows="1" EstimateIO="0.003125" EstimateCPU="0.0001581" AvgRowSize="9" EstimatedTotalSubtreeCost="0.0032831" TableCardinality="96" Parallel="0" EstimateRebinds="0" EstimateRewinds="0" EstimatedExecutionMode="Row">
                                            <OutputList />
                                            <IndexScan Ordered="1" ScanDirection="FORWARD" ForcedIndex="1" ForceSeek="0" ForceScan="0" NoExpandHint="0" Storage="RowStore">
                                              <DefinedValues />
                                              <Object Database="[OurLabReporting]" Schema="[dbo]" Table="[Status]" Index="[Status_PK]" IndexKind="Clustered" />
                                              <SeekPredicates>
                                                <SeekPredicateNew>
                                                  <SeekKeys>
                                                    <Prefix ScanType="EQ">
                                                      <RangeColumns>
                                                        <ColumnReference Database="[OurLabReporting]" Schema="[dbo]" Table="[Status]" Column="Id" />
                                                      </RangeColumns>
                                                      <RangeExpressions>
                                                        <ScalarOperator ScalarString="[OurLabReporting].[dbo].[Failure].[StatusId]">
                                                          <Identifier>
                                                            <ColumnReference Database="[OurLabReporting]" Schema="[dbo]" Table="[Failure]" Column="StatusId" />
                                                          </Identifier>
                                                        </ScalarOperator>
                                                      </RangeExpressions>
                                                    </Prefix>
                                                  </SeekKeys>
                                                </SeekPredicateNew>
                                              </SeekPredicates>
                                            </IndexScan>
                                          </RelOp>
                                        </NestedLoops>
                                      </RelOp>
                                      <RelOp NodeId="36" PhysicalOp="Clustered Index Seek" LogicalOp="Clustered Index Seek" EstimateRows="1" EstimateIO="0.003125" EstimateCPU="0.0001581" AvgRowSize="9" EstimatedTotalSubtreeCost="0.0032831" TableCardinality="9.06832e+007" Parallel="0" EstimateRebinds="0" EstimateRewinds="0" EstimatedExecutionMode="Row">
                                        <OutputList />
                                        <IndexScan Ordered="1" ScanDirection="FORWARD" ForcedIndex="1" ForceSeek="0" ForceScan="0" NoExpandHint="0" Storage="RowStore">
                                          <DefinedValues />
                                          <Object Database="[OurLabReporting]" Schema="[dbo]" Table="[LogFilePath]" Index="[LogFilePath_PK]" IndexKind="Clustered" />
                                          <SeekPredicates>
                                            <SeekPredicateNew>
                                              <SeekKeys>
                                                <Prefix ScanType="EQ">
                                                  <RangeColumns>
                                                    <ColumnReference Database="[OurLabReporting]" Schema="[dbo]" Table="[LogFilePath]" Column="Id" />
                                                  </RangeColumns>
                                                  <RangeExpressions>
                                                    <ScalarOperator ScalarString="[OurLabReporting].[dbo].[Failure].[LogFilePathId]">
                                                      <Identifier>
                                                        <ColumnReference Database="[OurLabReporting]" Schema="[dbo]" Table="[Failure]" Column="LogFilePathId" />
                                                      </Identifier>
                                                    </ScalarOperator>
                                                  </RangeExpressions>
                                                </Prefix>
                                              </SeekKeys>
                                            </SeekPredicateNew>
                                          </SeekPredicates>
                                        </IndexScan>
                                      </RelOp>
                                    </NestedLoops>
                                  </RelOp>
                                  <RelOp NodeId="37" PhysicalOp="Clustered Index Seek" LogicalOp="Clustered Index Seek" EstimateRows="1" EstimateIO="0.003125" EstimateCPU="0.0001581" AvgRowSize="9" EstimatedTotalSubtreeCost="0.0032831" TableCardinality="4.12025e+007" Parallel="0" EstimateRebinds="0" EstimateRewinds="0" EstimatedExecutionMode="Row">
                                    <OutputList />
                                    <IndexScan Ordered="1" ScanDirection="FORWARD" ForcedIndex="1" ForceSeek="0" ForceScan="0" NoExpandHint="0" Storage="RowStore">
                                      <DefinedValues />
                                      <Object Database="[OurLabReporting]" Schema="[dbo]" Table="[TEU]" Index="[Teu_PK]" IndexKind="Clustered" />
                                      <SeekPredicates>
                                        <SeekPredicateNew>
                                          <SeekKeys>
                                            <Prefix ScanType="EQ">
                                              <RangeColumns>
                                                <ColumnReference Database="[OurLabReporting]" Schema="[dbo]" Table="[TEU]" Column="Id" />
                                              </RangeColumns>
                                              <RangeExpressions>
                                                <ScalarOperator ScalarString="[OurLabReporting].[dbo].[Failure].[TEUId]">
                                                  <Identifier>
                                                    <ColumnReference Database="[OurLabReporting]" Schema="[dbo]" Table="[Failure]" Column="TEUId" />
                                                  </Identifier>
                                                </ScalarOperator>
                                              </RangeExpressions>
                                            </Prefix>
                                          </SeekKeys>
                                        </SeekPredicateNew>
                                      </SeekPredicates>
                                    </IndexScan>
                                  </RelOp>
                                </NestedLoops>
                              </RelOp>
                              <Predicate>
                                <ScalarOperator ScalarString="CASE WHEN [Expr1050] IS NULL THEN (0) ELSE CASE WHEN [Expr1051] IS NULL THEN (1) ELSE CASE WHEN NOT [Pass1053] AND [Expr1052] IS NULL THEN (2) ELSE CASE WHEN NOT [Pass1055] AND [Expr1054] IS NULL THEN (3) ELSE CASE WHEN NOT [Pass1057] AND [Expr1056] IS NULL THEN (4) ELSE CASE WHEN [Expr1058] IS NULL THEN (5) ELSE CASE WHEN NOT [Pass1060] AND [Expr1059] IS NULL THEN (6) ELSE CASE WHEN NOT [Pass1062] AND [Expr1061] IS NULL THEN (7) ELSE NULL END END END END END END END END">
                                  <IF>
                                    <Condition>
                                      <ScalarOperator>
                                        <Logical Operation="IS NULL">
                                          <ScalarOperator>
                                            <Identifier>
                                              <ColumnReference Column="Expr1050" />
                                            </Identifier>
                                          </ScalarOperator>
                                        </Logical>
                                      </ScalarOperator>
                                    </Condition>
                                    <Then>
                                      <ScalarOperator>
                                        <Const ConstValue="(0)" />
                                      </ScalarOperator>
                                    </Then>
                                    <Else>
                                      <ScalarOperator>
                                        <IF>
                                          <Condition>
                                            <ScalarOperator>
                                              <Logical Operation="IS NULL">
                                                <ScalarOperator>
                                                  <Identifier>
                                                    <ColumnReference Column="Expr1051" />
                                                  </Identifier>
                                                </ScalarOperator>
                                              </Logical>
                                            </ScalarOperator>
                                          </Condition>
                                          <Then>
                                            <ScalarOperator>
                                              <Const ConstValue="(1)" />
                                            </ScalarOperator>
                                          </Then>
                                          <Else>
                                            <ScalarOperator>
                                              <IF>
                                                <Condition>
                                                  <ScalarOperator>
                                                    <Logical Operation="AND">
                                                      <ScalarOperator>
                                                        <Logical Operation="NOT">
                                                          <ScalarOperator>
                                                            <Identifier>
                                                              <ColumnReference Column="Pass1053" />
                                                            </Identifier>
                                                          </ScalarOperator>
                                                        </Logical>
                                                      </ScalarOperator>
                                                      <ScalarOperator>
                                                        <Logical Operation="IS NULL">
                                                          <ScalarOperator>
                                                            <Identifier>
                                                              <ColumnReference Column="Expr1052" />
                                                            </Identifier>
                                                          </ScalarOperator>
                                                        </Logical>
                                                      </ScalarOperator>
                                                    </Logical>
                                                  </ScalarOperator>
                                                </Condition>
                                                <Then>
                                                  <ScalarOperator>
                                                    <Const ConstValue="(2)" />
                                                  </ScalarOperator>
                                                </Then>
                                                <Else>
                                                  <ScalarOperator>
                                                    <IF>
                                                      <Condition>
                                                        <ScalarOperator>
                                                          <Logical Operation="AND">
                                                            <ScalarOperator>
                                                              <Logical Operation="NOT">
                                                                <ScalarOperator>
                                                                  <Identifier>
                                                                    <ColumnReference Column="Pass1055" />
                                                                  </Identifier>
                                                                </ScalarOperator>
                                                              </Logical>
                                                            </ScalarOperator>
                                                            <ScalarOperator>
                                                              <Logical Operation="IS NULL">
                                                                <ScalarOperator>
                                                                  <Identifier>
                                                                    <ColumnReference Column="Expr1054" />
                                                                  </Identifier>
                                                                </ScalarOperator>
                                                              </Logical>
                                                            </ScalarOperator>
                                                          </Logical>
                                                        </ScalarOperator>
                                                      </Condition>
                                                      <Then>
                                                        <ScalarOperator>
                                                          <Const ConstValue="(3)" />
                                                        </ScalarOperator>
                                                      </Then>
                                                      <Else>
                                                        <ScalarOperator>
                                                          <IF>
                                                            <Condition>
                                                              <ScalarOperator>
                                                                <Logical Operation="AND">
                                                                  <ScalarOperator>
                                                                    <Logical Operation="NOT">
                                                                      <ScalarOperator>
                                                                        <Identifier>
                                                                          <ColumnReference Column="Pass1057" />
                                                                        </Identifier>
                                                                      </ScalarOperator>
                                                                    </Logical>
                                                                  </ScalarOperator>
                                                                  <ScalarOperator>
                                                                    <Logical Operation="IS NULL">
                                                                      <ScalarOperator>
                                                                        <Identifier>
                                                                          <ColumnReference Column="Expr1056" />
                                                                        </Identifier>
                                                                      </ScalarOperator>
                                                                    </Logical>
                                                                  </ScalarOperator>
                                                                </Logical>
                                                              </ScalarOperator>
                                                            </Condition>
                                                            <Then>
                                                              <ScalarOperator>
                                                                <Const ConstValue="(4)" />
                                                              </ScalarOperator>
                                                            </Then>
                                                            <Else>
                                                              <ScalarOperator>
                                                                <IF>
                                                                  <Condition>
                                                                    <ScalarOperator>
                                                                      <Logical Operation="IS NULL">
                                                                        <ScalarOperator>
                                                                          <Identifier>
                                                                            <ColumnReference Column="Expr1058" />
                                                                          </Identifier>
                                                                        </ScalarOperator>
                                                                      </Logical>
                                                                    </ScalarOperator>
                                                                  </Condition>
                                                                  <Then>
                                                                    <ScalarOperator>
                                                                      <Const ConstValue="(5)" />
                                                                    </ScalarOperator>
                                                                  </Then>
                                                                  <Else>
                                                                    <ScalarOperator>
                                                                      <IF>
                                                                        <Condition>
                                                                          <ScalarOperator>
                                                                            <Logical Operation="AND">
                                                                              <ScalarOperator>
                                                                                <Logical Operation="NOT">
                                                                                  <ScalarOperator>
                                                                                    <Identifier>
                                                                                      <ColumnReference Column="Pass1060" />
                                                                                    </Identifier>
                                                                                  </ScalarOperator>
                                                                                </Logical>
                                                                              </ScalarOperator>
                                                                              <ScalarOperator>
                                                                                <Logical Operation="IS NULL">
                                                                                  <ScalarOperator>
                                                                                    <Identifier>
                                                                                      <ColumnReference Column="Expr1059" />
                                                                                    </Identifier>
                                                                                  </ScalarOperator>
                                                                                </Logical>
                                                                              </ScalarOperator>
                                                                            </Logical>
                                                                          </ScalarOperator>
                                                                        </Condition>
                                                                        <Then>
                                                                          <ScalarOperator>
                                                                            <Const ConstValue="(6)" />
                                                                          </ScalarOperator>
                                                                        </Then>
                                                                        <Else>
                                                                          <ScalarOperator>
                                                                            <IF>
                                                                              <Condition>
                                                                                <ScalarOperator>
                                                                                  <Logical Operation="AND">
                                                                                    <ScalarOperator>
                                                                                      <Logical Operation="NOT">
                                                                                        <ScalarOperator>
                                                                                          <Identifier>
                                                                                            <ColumnReference Column="Pass1062" />
                                                                                          </Identifier>
                                                                                        </ScalarOperator>
                                                                                      </Logical>
                                                                                    </ScalarOperator>
                                                                                    <ScalarOperator>
                                                                                      <Logical Operation="IS NULL">
                                                                                        <ScalarOperator>
                                                                                          <Identifier>
                                                                                            <ColumnReference Column="Expr1061" />
                                                                                          </Identifier>
                                                                                        </ScalarOperator>
                                                                                      </Logical>
                                                                                    </ScalarOperator>
                                                                                  </Logical>
                                                                                </ScalarOperator>
                                                                              </Condition>
                                                                              <Then>
                                                                                <ScalarOperator>
                                                                                  <Const ConstValue="(7)" />
                                                                                </ScalarOperator>
                                                                              </Then>
                                                                              <Else>
                                                                                <ScalarOperator>
                                                                                  <Const ConstValue="NULL" />
                                                                                </ScalarOperator>
                                                                              </Else>
                                                                            </IF>
                                                                          </ScalarOperator>
                                                                        </Else>
                                                                      </IF>
                                                                    </ScalarOperator>
                                                                  </Else>
                                                                </IF>
                                                              </ScalarOperator>
                                                            </Else>
                                                          </IF>
                                                        </ScalarOperator>
                                                      </Else>
                                                    </IF>
                                                  </ScalarOperator>
                                                </Else>
                                              </IF>
                                            </ScalarOperator>
                                          </Else>
                                        </IF>
                                      </ScalarOperator>
                                    </Else>
                                  </IF>
                                </ScalarOperator>
                              </Predicate>
                            </Assert>
                          </RelOp>
                        </Spool>
                      </RelOp>
                      <RelOp NodeId="39" PhysicalOp="Clustered Index Update" LogicalOp="Update" EstimateRows="1" EstimateIO="0.01" EstimateCPU="1e-006" AvgRowSize="9" EstimatedTotalSubtreeCost="0.13071" Parallel="0" EstimateRebinds="0" EstimateRewinds="0" EstimatedExecutionMode="Row">
                        <OutputList />
                        <Update DMLRequestSort="1">
                          <Object Database="[OurLabReporting]" Schema="[dbo]" Table="[BugBranchFailureCount]" Index="[IDX_BugBranchFailureCount]" IndexKind="ViewClustered" />
                          <SetPredicate>
                            <ScalarOperator ScalarString="[OurLabReporting].[dbo].[BugBranchFailureCount].[Number] = RaiseIfNullUpdate([OurLabReporting].[dbo].[Bug].[Number] as [b].[Number]),[OurLabReporting].[dbo].[BugBranchFailureCount].[DatabaseName] = RaiseIfNullUpdate([OurLabReporting].[dbo].[Bug].[DatabaseName] as [b].[DatabaseName]),[OurLabReporting].[dbo].[BugBranchFailureCount].[Branch] = RaiseIfNullUpdate([OurLabReporting].[dbo].[BuildVersion].[Branch] as [BV].[Branch]),[OurLabReporting].[dbo].[BugBranchFailureCount].[FailCount] = [Expr1023]">
                              <ScalarExpressionList>
                                <ScalarOperator>
                                  <MultipleAssign>
                                    <Assign>
                                      <ColumnReference Database="[OurLabReporting]" Schema="[dbo]" Table="[BugBranchFailureCount]" Column="Number" />
                                      <ScalarOperator>
                                        <Intrinsic FunctionName="RaiseIfNullUpdate">
                                          <ScalarOperator>
                                            <Identifier>
                                              <ColumnReference Database="[OurLabReporting]" Schema="[dbo]" Table="[Bug]" Alias="[b]" Column="Number" />
                                            </Identifier>
                                          </ScalarOperator>
                                        </Intrinsic>
                                      </ScalarOperator>
                                    </Assign>
                                    <Assign>
                                      <ColumnReference Database="[OurLabReporting]" Schema="[dbo]" Table="[BugBranchFailureCount]" Column="DatabaseName" />
                                      <ScalarOperator>
                                        <Intrinsic FunctionName="RaiseIfNullUpdate">
                                          <ScalarOperator>
                                            <Identifier>
                                              <ColumnReference Database="[OurLabReporting]" Schema="[dbo]" Table="[Bug]" Alias="[b]" Column="DatabaseName" />
                                            </Identifier>
                                          </ScalarOperator>
                                        </Intrinsic>
                                      </ScalarOperator>
                                    </Assign>
                                    <Assign>
                                      <ColumnReference Database="[OurLabReporting]" Schema="[dbo]" Table="[BugBranchFailureCount]" Column="Branch" />
                                      <ScalarOperator>
                                        <Intrinsic FunctionName="RaiseIfNullUpdate">
                                          <ScalarOperator>
                                            <Identifier>
                                              <ColumnReference Database="[OurLabReporting]" Schema="[dbo]" Table="[BuildVersion]" Alias="[BV]" Column="Branch" />
                                            </Identifier>
                                          </ScalarOperator>
                                        </Intrinsic>
                                      </ScalarOperator>
                                    </Assign>
                                    <Assign>
                                      <ColumnReference Database="[OurLabReporting]" Schema="[dbo]" Table="[BugBranchFailureCount]" Column="FailCount" />
                                      <ScalarOperator>
                                        <Identifier>
                                          <ColumnReference Column="Expr1023" />
                                        </Identifier>
                                      </ScalarOperator>
                                    </Assign>
                                  </MultipleAssign>
                                </ScalarOperator>
                              </ScalarExpressionList>
                            </ScalarOperator>
                          </SetPredicate>
                          <ActionColumn>
                            <ColumnReference Column="Act1065" />
                          </ActionColumn>
                          <RelOp NodeId="40" PhysicalOp="Collapse" LogicalOp="Collapse" EstimateRows="1" EstimateIO="0" EstimateCPU="2.0019e-006" AvgRowSize="431" EstimatedTotalSubtreeCost="0.120709" Parallel="0" EstimateRebinds="0" EstimateRewinds="0" EstimatedExecutionMode="Row">
                            <OutputList>
                              <ColumnReference Database="[OurLabReporting]" Schema="[dbo]" Table="[Bug]" Alias="[b]" Column="Number" />
                              <ColumnReference Database="[OurLabReporting]" Schema="[dbo]" Table="[Bug]" Alias="[b]" Column="DatabaseName" />
                              <ColumnReference Database="[OurLabReporting]" Schema="[dbo]" Table="[BuildVersion]" Alias="[BV]" Column="Branch" />
                              <ColumnReference Column="Expr1023" />
                              <ColumnReference Column="Act1065" />
                              <ColumnReference Database="[OurLabReporting]" Schema="[dbo]" Table="[BugBranchFailureCount]" Column="Number" />
                              <ColumnReference Database="[OurLabReporting]" Schema="[dbo]" Table="[BugBranchFailureCount]" Column="DatabaseName" />
                              <ColumnReference Database="[OurLabReporting]" Schema="[dbo]" Table="[BugBranchFailureCount]" Column="Branch" />
                            </OutputList>
                            <Collapse>
                              <GroupBy>
                                <ColumnReference Database="[OurLabReporting]" Schema="[dbo]" Table="[Bug]" Alias="[b]" Column="Number" />
                                <ColumnReference Database="[OurLabReporting]" Schema="[dbo]" Table="[Bug]" Alias="[b]" Column="DatabaseName" />
                                <ColumnReference Database="[OurLabReporting]" Schema="[dbo]" Table="[BuildVersion]" Alias="[BV]" Column="Branch" />
                              </GroupBy>
                              <RelOp NodeId="42" PhysicalOp="Sort" LogicalOp="Sort" EstimateRows="1.0019" EstimateIO="0.0112613" EstimateCPU="0.000100435" AvgRowSize="431" EstimatedTotalSubtreeCost="0.120707" Parallel="0" EstimateRebinds="0" EstimateRewinds="0" EstimatedExecutionMode="Row">
                                <OutputList>
                                  <ColumnReference Database="[OurLabReporting]" Schema="[dbo]" Table="[Bug]" Alias="[b]" Column="Number" />
                                  <ColumnReference Database="[OurLabReporting]" Schema="[dbo]" Table="[Bug]" Alias="[b]" Column="DatabaseName" />
                                  <ColumnReference Database="[OurLabReporting]" Schema="[dbo]" Table="[BuildVersion]" Alias="[BV]" Column="Branch" />
                                  <ColumnReference Column="Expr1023" />
                                  <ColumnReference Column="Act1065" />
                                  <ColumnReference Database="[OurLabReporting]" Schema="[dbo]" Table="[Bug]" Alias="[b]" Column="DatabaseName" />
                                  <ColumnReference Database="[OurLabReporting]" Schema="[dbo]" Table="[BuildVersion]" Alias="[BV]" Column="Branch" />
                                </OutputList>
                                <MemoryFractions Input="0.5" Output="1" />
                                <Sort Distinct="0">
                                  <OrderBy>
                                    <OrderByColumn Ascending="1">
                                      <ColumnReference Database="[OurLabReporting]" Schema="[dbo]" Table="[Bug]" Alias="[b]" Column="Number" />
                                    </OrderByColumn>
                                    <OrderByColumn Ascending="1">
                                      <ColumnReference Database="[OurLabReporting]" Schema="[dbo]" Table="[Bug]" Alias="[b]" Column="DatabaseName" />
                                    </OrderByColumn>
                                    <OrderByColumn Ascending="1">
                                      <ColumnReference Database="[OurLabReporting]" Schema="[dbo]" Table="[BuildVersion]" Alias="[BV]" Column="Branch" />
                                    </OrderByColumn>
                                    <OrderByColumn Ascending="1">
                                      <ColumnReference Column="Act1065" />
                                    </OrderByColumn>
                                  </OrderBy>
                                  <RelOp NodeId="44" PhysicalOp="Compute Scalar" LogicalOp="Compute Scalar" EstimateRows="1.0019" EstimateIO="0" EstimateCPU="1.0019e-007" AvgRowSize="73" EstimatedTotalSubtreeCost="0.109346" Parallel="0" EstimateRebinds="0" EstimateRewinds="0" EstimatedExecutionMode="Row">
                                    <OutputList>
                                      <ColumnReference Database="[OurLabReporting]" Schema="[dbo]" Table="[Bug]" Alias="[b]" Column="Number" />
                                      <ColumnReference Database="[OurLabReporting]" Schema="[dbo]" Table="[Bug]" Alias="[b]" Column="DatabaseName" />
                                      <ColumnReference Database="[OurLabReporting]" Schema="[dbo]" Table="[BuildVersion]" Alias="[BV]" Column="Branch" />
                                      <ColumnReference Column="Expr1023" />
                                      <ColumnReference Column="Act1065" />
                                    </OutputList>
                                    <ComputeScalar>
                                      <DefinedValues>
                                        <DefinedValue>
                                          <ColumnReference Column="Expr1023" />
                                          <ScalarOperator ScalarString="CASE WHEN [OurLabReporting].[dbo].[BugBranchFailureCount].[FailCount] IS NULL THEN [Expr1023] ELSE [OurLabReporting].[dbo].[BugBranchFailureCount].[FailCount]+[Expr1023] END">
                                            <IF>
                                              <Condition>
                                                <ScalarOperator>
                                                  <Logical Operation="IS NULL">
                                                    <ScalarOperator>
                                                      <Identifier>
                                                        <ColumnReference Database="[OurLabReporting]" Schema="[dbo]" Table="[BugBranchFailureCount]" Column="FailCount" />
                                                      </Identifier>
                                                    </ScalarOperator>
                                                  </Logical>
                                                </ScalarOperator>
                                              </Condition>
                                              <Then>
                                                <ScalarOperator>
                                                  <Identifier>
                                                    <ColumnReference Column="Expr1023" />
                                                  </Identifier>
                                                </ScalarOperator>
                                              </Then>
                                              <Else>
                                                <ScalarOperator>
                                                  <Arithmetic Operation="ADD">
                                                    <ScalarOperator>
                                                      <Identifier>
                                                        <ColumnReference Database="[OurLabReporting]" Schema="[dbo]" Table="[BugBranchFailureCount]" Column="FailCount" />
                                                      </Identifier>
                                                    </ScalarOperator>
                                                    <ScalarOperator>
                                                      <Identifier>
                                                        <ColumnReference Column="Expr1023" />
                                                      </Identifier>
                                                    </ScalarOperator>
                                                  </Arithmetic>
                                                </ScalarOperator>
                                              </Else>
                                            </IF>
                                          </ScalarOperator>
                                        </DefinedValue>
                                        <DefinedValue>
                                          <ColumnReference Column="Act1065" />
                                          <ScalarOperator ScalarString="CASE WHEN [OurLabReporting].[dbo].[BugBranchFailureCount].[FailCount] IS NULL THEN (4) ELSE (1) END">
                                            <IF>
                                              <Condition>
                                                <ScalarOperator>
                                                  <Logical Operation="IS NULL">
                                                    <ScalarOperator>
                                                      <Identifier>
                                                        <ColumnReference Database="[OurLabReporting]" Schema="[dbo]" Table="[BugBranchFailureCount]" Column="FailCount" />
                                                      </Identifier>
                                                    </ScalarOperator>
                                                  </Logical>
                                                </ScalarOperator>
                                              </Condition>
                                              <Then>
                                                <ScalarOperator>
                                                  <Const ConstValue="(4)" />
                                                </ScalarOperator>
                                              </Then>
                                              <Else>
                                                <ScalarOperator>
                                                  <Const ConstValue="(1)" />
                                                </ScalarOperator>
                                              </Else>
                                            </IF>
                                          </ScalarOperator>
                                        </DefinedValue>
                                      </DefinedValues>
                                      <RelOp NodeId="45" PhysicalOp="Nested Loops" LogicalOp="Left Outer Join" EstimateRows="1.0019" EstimateIO="0" EstimateCPU="4.18795e-006" AvgRowSize="77" EstimatedTotalSubtreeCost="0.109345" Parallel="0" EstimateRebinds="0" EstimateRewinds="0" EstimatedExecutionMode="Row">
                                        <OutputList>
                                          <ColumnReference Database="[OurLabReporting]" Schema="[dbo]" Table="[Bug]" Alias="[b]" Column="Number" />
                                          <ColumnReference Database="[OurLabReporting]" Schema="[dbo]" Table="[Bug]" Alias="[b]" Column="DatabaseName" />
                                          <ColumnReference Database="[OurLabReporting]" Schema="[dbo]" Table="[BuildVersion]" Alias="[BV]" Column="Branch" />
                                          <ColumnReference Column="Expr1023" />
                                          <ColumnReference Database="[OurLabReporting]" Schema="[dbo]" Table="[BugBranchFailureCount]" Column="FailCount" />
                                        </OutputList>
                                        <NestedLoops Optimized="0">
                                          <OuterReferences>
                                            <ColumnReference Database="[OurLabReporting]" Schema="[dbo]" Table="[Bug]" Alias="[b]" Column="Number" />
                                            <ColumnReference Database="[OurLabReporting]" Schema="[dbo]" Table="[Bug]" Alias="[b]" Column="DatabaseName" />
                                            <ColumnReference Database="[OurLabReporting]" Schema="[dbo]" Table="[BuildVersion]" Alias="[BV]" Column="Branch" />
                                          </OuterReferences>
                                          <RelOp NodeId="46" PhysicalOp="Stream Aggregate" LogicalOp="Aggregate" EstimateRows="1.0019" EstimateIO="0" EstimateCPU="1.10209e-006" AvgRowSize="69" EstimatedTotalSubtreeCost="0.106058" Parallel="0" EstimateRebinds="0" EstimateRewinds="0" EstimatedExecutionMode="Row">
                                            <OutputList>
                                              <ColumnReference Database="[OurLabReporting]" Schema="[dbo]" Table="[Bug]" Alias="[b]" Column="Number" />
                                              <ColumnReference Database="[OurLabReporting]" Schema="[dbo]" Table="[Bug]" Alias="[b]" Column="DatabaseName" />
                                              <ColumnReference Database="[OurLabReporting]" Schema="[dbo]" Table="[BuildVersion]" Alias="[BV]" Column="Branch" />
                                              <ColumnReference Column="Expr1023" />
                                            </OutputList>
                                            <StreamAggregate>
                                              <DefinedValues>
                                                <DefinedValue>
                                                  <ColumnReference Column="Expr1023" />
                                                  <ScalarOperator ScalarString="Count(*)">
                                                    <Aggregate AggType="countstar" Distinct="0" />
                                                  </ScalarOperator>
                                                </DefinedValue>
                                              </DefinedValues>
                                              <GroupBy>
                                                <ColumnReference Database="[OurLabReporting]" Schema="[dbo]" Table="[Bug]" Alias="[b]" Column="Number" />
                                                <ColumnReference Database="[OurLabReporting]" Schema="[dbo]" Table="[Bug]" Alias="[b]" Column="DatabaseName" />
                                                <ColumnReference Database="[OurLabReporting]" Schema="[dbo]" Table="[BuildVersion]" Alias="[BV]" Column="Branch" />
                                              </GroupBy>
                                              <RelOp NodeId="47" PhysicalOp="Sort" LogicalOp="Sort" EstimateRows="1.0019" EstimateIO="0.0112613" EstimateCPU="0.000100065" AvgRowSize="61" EstimatedTotalSubtreeCost="0.106057" Parallel="0" EstimateRebinds="0" EstimateRewinds="0" EstimatedExecutionMode="Row">
                                                <OutputList>
                                                  <ColumnReference Database="[OurLabReporting]" Schema="[dbo]" Table="[Bug]" Alias="[b]" Column="Number" />
                                                  <ColumnReference Database="[OurLabReporting]" Schema="[dbo]" Table="[Bug]" Alias="[b]" Column="DatabaseName" />
                                                  <ColumnReference Database="[OurLabReporting]" Schema="[dbo]" Table="[BuildVersion]" Alias="[BV]" Column="Branch" />
                                                </OutputList>
                                                <MemoryFractions Input="1" Output="0.5" />
                                                <Sort Distinct="0">
                                                  <OrderBy>
                                                    <OrderByColumn Ascending="1">
                                                      <ColumnReference Database="[OurLabReporting]" Schema="[dbo]" Table="[Bug]" Alias="[b]" Column="Number" />
                                                    </OrderByColumn>
                                                    <OrderByColumn Ascending="1">
                                                      <ColumnReference Database="[OurLabReporting]" Schema="[dbo]" Table="[Bug]" Alias="[b]" Column="DatabaseName" />
                                                    </OrderByColumn>
                                                    <OrderByColumn Ascending="1">
                                                      <ColumnReference Database="[OurLabReporting]" Schema="[dbo]" Table="[BuildVersion]" Alias="[BV]" Column="Branch" />
                                                    </OrderByColumn>
                                                  </OrderBy>
                                                  <RelOp NodeId="48" PhysicalOp="Nested Loops" LogicalOp="Inner Join" EstimateRows="1.0019" EstimateIO="0" EstimateCPU="4.18795e-006" AvgRowSize="61" EstimatedTotalSubtreeCost="0.0946954" Parallel="0" EstimateRebinds="0" EstimateRewinds="0" EstimatedExecutionMode="Row">
                                                    <OutputList>
                                                      <ColumnReference Database="[OurLabReporting]" Schema="[dbo]" Table="[Bug]" Alias="[b]" Column="Number" />
                                                      <ColumnReference Database="[OurLabReporting]" Schema="[dbo]" Table="[Bug]" Alias="[b]" Column="DatabaseName" />
                                                      <ColumnReference Database="[OurLabReporting]" Schema="[dbo]" Table="[BuildVersion]" Alias="[BV]" Column="Branch" />
                                                    </OutputList>
                                                    <NestedLoops Optimized="0">
                                                      <OuterReferences>
                                                        <ColumnReference Database="[OurLabReporting]" Schema="[dbo]" Table="[FailureBugMapping]" Alias="[fbm]" Column="BugId" />
                                                      </OuterReferences>
                                                      <RelOp NodeId="49" PhysicalOp="Nested Loops" LogicalOp="Inner Join" EstimateRows="1.0019" EstimateIO="0" EstimateCPU="4.18795e-006" AvgRowSize="40" EstimatedTotalSubtreeCost="0.0914078" Parallel="0" EstimateRebinds="0" EstimateRewinds="0" EstimatedExecutionMode="Row">
                                                        <OutputList>
                                                          <ColumnReference Database="[OurLabReporting]" Schema="[dbo]" Table="[FailureBugMapping]" Alias="[fbm]" Column="BugId" />
                                                          <ColumnReference Database="[OurLabReporting]" Schema="[dbo]" Table="[BuildVersion]" Alias="[BV]" Column="Branch" />
                                                        </OutputList>
                                                        <NestedLoops Optimized="0">
                                                          <OuterReferences>
                                                            <ColumnReference Database="[OurLabReporting]" Schema="[dbo]" Table="[Failure]" Column="Id" />
                                                          </OuterReferences>
                                                          <RelOp NodeId="50" PhysicalOp="Nested Loops" LogicalOp="Inner Join" EstimateRows="1" EstimateIO="0" EstimateCPU="4.18e-006" AvgRowSize="40" EstimatedTotalSubtreeCost="0.0881205" Parallel="0" EstimateRebinds="0" EstimateRewinds="0" EstimatedExecutionMode="Row">
                                                            <OutputList>
                                                              <ColumnReference Database="[OurLabReporting]" Schema="[dbo]" Table="[Failure]" Column="Id" />
                                                              <ColumnReference Database="[OurLabReporting]" Schema="[dbo]" Table="[BuildVersion]" Alias="[BV]" Column="Branch" />
                                                            </OutputList>
                                                            <NestedLoops Optimized="0">
                                                              <OuterReferences>
                                                                <ColumnReference Database="[OurLabReporting]" Schema="[dbo]" Table="[BuildFlavor]" Alias="[BF]" Column="BuildVersionId" />
                                                              </OuterReferences>
                                                              <RelOp NodeId="51" PhysicalOp="Nested Loops" LogicalOp="Inner Join" EstimateRows="1" EstimateIO="0" EstimateCPU="4.18e-006" AvgRowSize="15" EstimatedTotalSubtreeCost="0.0848332" Parallel="0" EstimateRebinds="0" EstimateRewinds="0" EstimatedExecutionMode="Row">
                                                                <OutputList>
                                                                  <ColumnReference Database="[OurLabReporting]" Schema="[dbo]" Table="[Failure]" Column="Id" />
                                                                  <ColumnReference Database="[OurLabReporting]" Schema="[dbo]" Table="[BuildFlavor]" Alias="[BF]" Column="BuildVersionId" />
                                                                </OutputList>
                                                                <NestedLoops Optimized="0">
                                                                  <OuterReferences>
                                                                    <ColumnReference Database="[OurLabReporting]" Schema="[dbo]" Table="[Mix]" Alias="[M]" Column="BuildFlavorId" />
                                                                  </OuterReferences>
                                                                  <RelOp NodeId="52" PhysicalOp="Nested Loops" LogicalOp="Inner Join" EstimateRows="1" EstimateIO="0" EstimateCPU="4.18e-006" AvgRowSize="15" EstimatedTotalSubtreeCost="0.0815459" Parallel="0" EstimateRebinds="0" EstimateRewinds="0" EstimatedExecutionMode="Row">
                                                                    <OutputList>
                                                                      <ColumnReference Database="[OurLabReporting]" Schema="[dbo]" Table="[Failure]" Column="Id" />
                                                                      <ColumnReference Database="[OurLabReporting]" Schema="[dbo]" Table="[Mix]" Alias="[M]" Column="BuildFlavorId" />
                                                                    </OutputList>
                                                                    <NestedLoops Optimized="0">
                                                                      <OuterReferences>
                                                                        <ColumnReference Database="[OurLabReporting]" Schema="[dbo]" Table="[Failure]" Column="MixId" />
                                                                      </OuterReferences>
                                                                      <RelOp NodeId="54" PhysicalOp="Table Spool" LogicalOp="Eager Spool" EstimateRows="1" EstimateIO="0" EstimateCPU="5.0082e-005" AvgRowSize="15" EstimatedTotalSubtreeCost="0.0782586" Parallel="0" EstimateRebinds="0" EstimateRewinds="0" EstimatedExecutionMode="Row">
                                                                        <OutputList>
                                                                          <ColumnReference Database="[OurLabReporting]" Schema="[dbo]" Table="[Failure]" Column="Id" />
                                                                          <ColumnReference Database="[OurLabReporting]" Schema="[dbo]" Table="[Failure]" Column="MixId" />
                                                                        </OutputList>
                                                                        <Spool PrimaryNodeId="2" />
                                                                      </RelOp>
                                                                      <RelOp NodeId="60" PhysicalOp="Index Seek" LogicalOp="Index Seek" EstimateRows="1" EstimateIO="0.003125" EstimateCPU="0.0001581" AvgRowSize="11" EstimatedTotalSubtreeCost="0.0032831" TableCardinality="1.48179e+006" Parallel="0" EstimateRebinds="0" EstimateRewinds="0" EstimatedExecutionMode="Row">
                                                                        <OutputList>
                                                                          <ColumnReference Database="[OurLabReporting]" Schema="[dbo]" Table="[Mix]" Alias="[M]" Column="BuildFlavorId" />
                                                                        </OutputList>
                                                                        <IndexScan Ordered="1" ScanDirection="FORWARD" ForcedIndex="0" ForceSeek="0" ForceScan="0" NoExpandHint="0" Storage="RowStore">
                                                                          <DefinedValues>
                                                                            <DefinedValue>
                                                                              <ColumnReference Database="[OurLabReporting]" Schema="[dbo]" Table="[Mix]" Alias="[M]" Column="BuildFlavorId" />
                                                                            </DefinedValue>
                                                                          </DefinedValues>
                                                                          <Object Database="[OurLabReporting]" Schema="[dbo]" Table="[Mix]" Index="[Mix_IDX_Id]" Alias="[M]" IndexKind="NonClustered" />
                                                                          <SeekPredicates>
                                                                            <SeekPredicateNew>
                                                                              <SeekKeys>
                                                                                <Prefix ScanType="EQ">
                                                                                  <RangeColumns>
                                                                                    <ColumnReference Database="[OurLabReporting]" Schema="[dbo]" Table="[Mix]" Alias="[M]" Column="Id" />
                                                                                  </RangeColumns>
                                                                                  <RangeExpressions>
                                                                                    <ScalarOperator ScalarString="[OurLabReporting].[dbo].[Failure].[MixId]">
                                                                                      <Identifier>
                                                                                        <ColumnReference Database="[OurLabReporting]" Schema="[dbo]" Table="[Failure]" Column="MixId" />
                                                                                      </Identifier>
                                                                                    </ScalarOperator>
                                                                                  </RangeExpressions>
                                                                                </Prefix>
                                                                              </SeekKeys>
                                                                            </SeekPredicateNew>
                                                                          </SeekPredicates>
                                                                        </IndexScan>
                                                                      </RelOp>
                                                                    </NestedLoops>
                                                                  </RelOp>
                                                                  <RelOp NodeId="61" PhysicalOp="Index Seek" LogicalOp="Index Seek" EstimateRows="1" EstimateIO="0.003125" EstimateCPU="0.0001581" AvgRowSize="11" EstimatedTotalSubtreeCost="0.0032831" TableCardinality="805185" Parallel="0" EstimateRebinds="0" EstimateRewinds="0" EstimatedExecutionMode="Row">
                                                                    <OutputList>
                                                                      <ColumnReference Database="[OurLabReporting]" Schema="[dbo]" Table="[BuildFlavor]" Alias="[BF]" Column="BuildVersionId" />
                                                                    </OutputList>
                                                                    <IndexScan Ordered="1" ScanDirection="FORWARD" ForcedIndex="0" ForceSeek="0" ForceScan="0" NoExpandHint="0" Storage="RowStore">
                                                                      <DefinedValues>
                                                                        <DefinedValue>
                                                                          <ColumnReference Database="[OurLabReporting]" Schema="[dbo]" Table="[BuildFlavor]" Alias="[BF]" Column="BuildVersionId" />
                                                                        </DefinedValue>
                                                                      </DefinedValues>
                                                                      <Object Database="[OurLabReporting]" Schema="[dbo]" Table="[BuildFlavor]" Index="[BuildFlavor_IDX_Id]" Alias="[BF]" IndexKind="NonClustered" />
                                                                      <SeekPredicates>
                                                                        <SeekPredicateNew>
                                                                          <SeekKeys>
                                                                            <Prefix ScanType="EQ">
                                                                              <RangeColumns>
                                                                                <ColumnReference Database="[OurLabReporting]" Schema="[dbo]" Table="[BuildFlavor]" Alias="[BF]" Column="Id" />
                                                                              </RangeColumns>
                                                                              <RangeExpressions>
                                                                                <ScalarOperator ScalarString="[OurLabReporting].[dbo].[Mix].[BuildFlavorId] as [M].[BuildFlavorId]">
                                                                                  <Identifier>
                                                                                    <ColumnReference Database="[OurLabReporting]" Schema="[dbo]" Table="[Mix]" Alias="[M]" Column="BuildFlavorId" />
                                                                                  </Identifier>
                                                                                </ScalarOperator>
                                                                              </RangeExpressions>
                                                                            </Prefix>
                                                                          </SeekKeys>
                                                                        </SeekPredicateNew>
                                                                      </SeekPredicates>
                                                                    </IndexScan>
                                                                  </RelOp>
                                                                </NestedLoops>
                                                              </RelOp>
                                                              <RelOp NodeId="62" PhysicalOp="Clustered Index Seek" LogicalOp="Clustered Index Seek" EstimateRows="1" EstimateIO="0.003125" EstimateCPU="0.0001581" AvgRowSize="36" EstimatedTotalSubtreeCost="0.0032831" TableCardinality="78973" Parallel="0" EstimateRebinds="0" EstimateRewinds="0" EstimatedExecutionMode="Row">
                                                                <OutputList>
                                                                  <ColumnReference Database="[OurLabReporting]" Schema="[dbo]" Table="[BuildVersion]" Alias="[BV]" Column="Branch" />
                                                                </OutputList>
                                                                <IndexScan Ordered="1" ScanDirection="FORWARD" ForcedIndex="0" ForceSeek="0" ForceScan="0" NoExpandHint="0" Storage="RowStore">
                                                                  <DefinedValues>
                                                                    <DefinedValue>
                                                                      <ColumnReference Database="[OurLabReporting]" Schema="[dbo]" Table="[BuildVersion]" Alias="[BV]" Column="Branch" />
                                                                    </DefinedValue>
                                                                  </DefinedValues>
                                                                  <Object Database="[OurLabReporting]" Schema="[dbo]" Table="[BuildVersion]" Index="[BuildVersion_PK]" Alias="[BV]" IndexKind="Clustered" />
                                                                  <SeekPredicates>
                                                                    <SeekPredicateNew>
                                                                      <SeekKeys>
                                                                        <Prefix ScanType="EQ">
                                                                          <RangeColumns>
                                                                            <ColumnReference Database="[OurLabReporting]" Schema="[dbo]" Table="[BuildVersion]" Alias="[BV]" Column="Id" />
                                                                          </RangeColumns>
                                                                          <RangeExpressions>
                                                                            <ScalarOperator ScalarString="[OurLabReporting].[dbo].[BuildFlavor].[BuildVersionId] as [BF].[BuildVersionId]">
                                                                              <Identifier>
                                                                                <ColumnReference Database="[OurLabReporting]" Schema="[dbo]" Table="[BuildFlavor]" Alias="[BF]" Column="BuildVersionId" />
                                                                              </Identifier>
                                                                            </ScalarOperator>
                                                                          </RangeExpressions>
                                                                        </Prefix>
                                                                      </SeekKeys>
                                                                    </SeekPredicateNew>
                                                                  </SeekPredicates>
                                                                </IndexScan>
                                                              </RelOp>
                                                            </NestedLoops>
                                                          </RelOp>
                                                          <RelOp NodeId="63" PhysicalOp="Index Seek" LogicalOp="Index Seek" EstimateRows="1.0019" EstimateIO="0.003125" EstimateCPU="0.000158102" AvgRowSize="11" EstimatedTotalSubtreeCost="0.0032831" TableCardinality="5.01329e+006" Parallel="0" EstimateRebinds="0" EstimateRewinds="0" EstimatedExecutionMode="Row">
                                                            <OutputList>
                                                              <ColumnReference Database="[OurLabReporting]" Schema="[dbo]" Table="[FailureBugMapping]" Alias="[fbm]" Column="BugId" />
                                                            </OutputList>
                                                            <IndexScan Ordered="1" ScanDirection="FORWARD" ForcedIndex="0" ForceSeek="0" ForceScan="0" NoExpandHint="0" Storage="RowStore">
                                                              <DefinedValues>
                                                                <DefinedValue>
                                                                  <ColumnReference Database="[OurLabReporting]" Schema="[dbo]" Table="[FailureBugMapping]" Alias="[fbm]" Column="BugId" />
                                                                </DefinedValue>
                                                              </DefinedValues>
                                                              <Object Database="[OurLabReporting]" Schema="[dbo]" Table="[FailureBugMapping]" Index="[FailureBugMapping_IDX_Failure]" Alias="[fbm]" IndexKind="NonClustered" />
                                                              <SeekPredicates>
                                                                <SeekPredicateNew>
                                                                  <SeekKeys>
                                                                    <Prefix ScanType="EQ">
                                                                      <RangeColumns>
                                                                        <ColumnReference Database="[OurLabReporting]" Schema="[dbo]" Table="[FailureBugMapping]" Alias="[fbm]" Column="FailureId" />
                                                                      </RangeColumns>
                                                                      <RangeExpressions>
                                                                        <ScalarOperator ScalarString="[OurLabReporting].[dbo].[Failure].[Id]">
                                                                          <Identifier>
                                                                            <ColumnReference Database="[OurLabReporting]" Schema="[dbo]" Table="[Failure]" Column="Id" />
                                                                          </Identifier>
                                                                        </ScalarOperator>
                                                                      </RangeExpressions>
                                                                    </Prefix>
                                                                  </SeekKeys>
                                                                </SeekPredicateNew>
                                                              </SeekPredicates>
                                                            </IndexScan>
                                                          </RelOp>
                                                        </NestedLoops>
                                                      </RelOp>
                                                      <RelOp NodeId="64" PhysicalOp="Clustered Index Seek" LogicalOp="Clustered Index Seek" EstimateRows="1" EstimateIO="0.003125" EstimateCPU="0.0001581" AvgRowSize="34" EstimatedTotalSubtreeCost="0.00328347" TableCardinality="37279" Parallel="0" EstimateRebinds="0.00190183" EstimateRewinds="0" EstimatedExecutionMode="Row">
                                                        <OutputList>
                                                          <ColumnReference Database="[OurLabReporting]" Schema="[dbo]" Table="[Bug]" Alias="[b]" Column="Number" />
                                                          <ColumnReference Database="[OurLabReporting]" Schema="[dbo]" Table="[Bug]" Alias="[b]" Column="DatabaseName" />
                                                        </OutputList>
                                                        <IndexScan Ordered="1" ScanDirection="FORWARD" ForcedIndex="0" ForceSeek="0" ForceScan="0" NoExpandHint="0" Storage="RowStore">
                                                          <DefinedValues>
                                                            <DefinedValue>
                                                              <ColumnReference Database="[OurLabReporting]" Schema="[dbo]" Table="[Bug]" Alias="[b]" Column="Number" />
                                                            </DefinedValue>
                                                            <DefinedValue>
                                                              <ColumnReference Database="[OurLabReporting]" Schema="[dbo]" Table="[Bug]" Alias="[b]" Column="DatabaseName" />
                                                            </DefinedValue>
                                                          </DefinedValues>
                                                          <Object Database="[OurLabReporting]" Schema="[dbo]" Table="[Bug]" Index="[Bug_PK]" Alias="[b]" IndexKind="Clustered" />
                                                          <SeekPredicates>
                                                            <SeekPredicateNew>
                                                              <SeekKeys>
                                                                <Prefix ScanType="EQ">
                                                                  <RangeColumns>
                                                                    <ColumnReference Database="[OurLabReporting]" Schema="[dbo]" Table="[Bug]" Alias="[b]" Column="Id" />
                                                                  </RangeColumns>
                                                                  <RangeExpressions>
                                                                    <ScalarOperator ScalarString="[OurLabReporting].[dbo].[FailureBugMapping].[BugId] as [fbm].[BugId]">
                                                                      <Identifier>
                                                                        <ColumnReference Database="[OurLabReporting]" Schema="[dbo]" Table="[FailureBugMapping]" Alias="[fbm]" Column="BugId" />
                                                                      </Identifier>
                                                                    </ScalarOperator>
                                                                  </RangeExpressions>
                                                                </Prefix>
                                                              </SeekKeys>
                                                            </SeekPredicateNew>
                                                          </SeekPredicates>
                                                        </IndexScan>
                                                      </RelOp>
                                                    </NestedLoops>
                                                  </RelOp>
                                                </Sort>
                                              </RelOp>
                                            </StreamAggregate>
                                          </RelOp>
                                          <RelOp NodeId="66" PhysicalOp="Clustered Index Seek" LogicalOp="Clustered Index Seek" EstimateRows="1" EstimateIO="0.003125" EstimateCPU="0.0001581" AvgRowSize="15" EstimatedTotalSubtreeCost="0.0032834" TableCardinality="218711" Parallel="0" EstimateRebinds="0.00190183" EstimateRewinds="0" EstimatedExecutionMode="Row">
                                            <OutputList>
                                              <ColumnReference Database="[OurLabReporting]" Schema="[dbo]" Table="[BugBranchFailureCount]" Column="FailCount" />
                                            </OutputList>
                                            <IndexScan Ordered="1" ScanDirection="FORWARD" ForcedIndex="0" ForceSeek="0" ForceScan="0" NoExpandHint="1" Storage="RowStore">
                                              <DefinedValues>
                                                <DefinedValue>
                                                  <ColumnReference Database="[OurLabReporting]" Schema="[dbo]" Table="[BugBranchFailureCount]" Column="FailCount" />
                                                </DefinedValue>
                                              </DefinedValues>
                                              <Object Database="[OurLabReporting]" Schema="[dbo]" Table="[BugBranchFailureCount]" Index="[IDX_BugBranchFailureCount]" IndexKind="ViewClustered" />
                                              <SeekPredicates>
                                                <SeekPredicateNew>
                                                  <SeekKeys>
                                                    <Prefix ScanType="EQ">
                                                      <RangeColumns>
                                                        <ColumnReference Database="[OurLabReporting]" Schema="[dbo]" Table="[BugBranchFailureCount]" Column="Number" />
                                                        <ColumnReference Database="[OurLabReporting]" Schema="[dbo]" Table="[BugBranchFailureCount]" Column="DatabaseName" />
                                                        <ColumnReference Database="[OurLabReporting]" Schema="[dbo]" Table="[BugBranchFailureCount]" Column="Branch" />
                                                      </RangeColumns>
                                                      <RangeExpressions>
                                                        <ScalarOperator ScalarString="[OurLabReporting].[dbo].[Bug].[Number] as [b].[Number]">
                                                          <Identifier>
                                                            <ColumnReference Database="[OurLabReporting]" Schema="[dbo]" Table="[Bug]" Alias="[b]" Column="Number" />
                                                          </Identifier>
                                                        </ScalarOperator>
                                                        <ScalarOperator ScalarString="[OurLabReporting].[dbo].[Bug].[DatabaseName] as [b].[DatabaseName]">
                                                          <Identifier>
                                                            <ColumnReference Database="[OurLabReporting]" Schema="[dbo]" Table="[Bug]" Alias="[b]" Column="DatabaseName" />
                                                          </Identifier>
                                                        </ScalarOperator>
                                                        <ScalarOperator ScalarString="[OurLabReporting].[dbo].[BuildVersion].[Branch] as [BV].[Branch]">
                                                          <Identifier>
                                                            <ColumnReference Database="[OurLabReporting]" Schema="[dbo]" Table="[BuildVersion]" Alias="[BV]" Column="Branch" />
                                                          </Identifier>
                                                        </ScalarOperator>
                                                      </RangeExpressions>
                                                    </Prefix>
                                                  </SeekKeys>
                                                </SeekPredicateNew>
                                              </SeekPredicates>
                                            </IndexScan>
                                          </RelOp>
                                        </NestedLoops>
                                      </RelOp>
                                    </ComputeScalar>
                                  </RelOp>
                                </Sort>
                              </RelOp>
                            </Collapse>
                          </RelOp>
                        </Update>
                      </RelOp>
                    </Sequence>
                  </RelOp>
                  <ParameterList>
                    <ColumnReference Column="@doNotUseForAutoAnanlysis" ParameterCompiledValue="(1)" />
                    <ColumnReference Column="@wttFailureId" ParameterCompiledValue="NULL" />
                    <ColumnReference Column="@remote" ParameterCompiledValue="NULL" />
                    <ColumnReference Column="@dumpfilePathId" ParameterCompiledValue="NULL" />
                    <ColumnReference Column="@callStack" ParameterCompiledValue="NULL" />
                    <ColumnReference Column="@logPathId" ParameterCompiledValue="NULL" />
                    <ColumnReference Column="@failureSubCategoryId" ParameterCompiledValue="(141)" />
                    <ColumnReference Column="@failureCategoryId" ParameterCompiledValue="(10)" />
                    <ColumnReference Column="@lastUpdateBy" ParameterCompiledValue="NULL" />
                    <ColumnReference Column="@lastUpdateTime" ParameterCompiledValue="NULL" />
                    <ColumnReference Column="@failureType" ParameterCompiledValue="N'Deprecated'" />
                    <ColumnReference Column="@title" ParameterCompiledValue="N'Autogenerated failure because of a debug break.'" />
                    <ColumnReference Column="@assignedTo" ParameterCompiledValue="N'wptstt'" />
                    <ColumnReference Column="@comments" ParameterCompiledValue="NULL" />
                    <ColumnReference Column="@failureId" ParameterCompiledValue="{guid'1033E651-82F7-40C5-B3A2-AB00E6A88EAC'}" />
                    <ColumnReference Column="@triageOwner" ParameterCompiledValue="N'wptstt'" />
                  </ParameterList>
                </QueryPlan>
              </StmtSimple>
              <StmtSimple StatementText=" SET @NewId = SCOPE_IDENTITY()&#xD;&#xA;&#xD;&#xA;               " StatementId="22" StatementCompId="26" StatementType="ASSIGN" RetrievedFromCache="true" />
              <StmtCond StatementText=" IF @@TRANCOUNT &gt; 0&#xD;&#xA;                    AND @DoTran = 1&#xD;&#xA;                   " StatementId="23" StatementCompId="27" StatementType="COND" RetrievedFromCache="true">
                <Condition />
                <Then>
                  <Statements>
                    <StmtSimple StatementText=" COMMIT TRAN&#xD;&#xA;           " StatementId="24" StatementCompId="28" StatementType="COMMIT TRANSACTION" RetrievedFromCache="true" />
                  </Statements>
                </Then>
              </StmtCond>
            </Statements>
          </Then>
        </StmtCond>
        <StmtSimple StatementText=" END&#xD;&#xA;&#xD;&#xA;        DECLARE @objectName VARCHAR(128) = ( SELECT OBJECT_NAME(@@PROCID)&#xD;&#xA;                                           )&#xD;&#xA;       " StatementId="25" StatementCompId="31" StatementType="SELECT" RetrievedFromCache="true" StatementSubTreeCost="1.257e-006" StatementEstRows="1" StatementOptmLevel="FULL" QueryHash="0x830C952D7490168E" QueryPlanHash="0x3B1EAEC0618BFE3F" StatementOptmEarlyAbortReason="GoodEnoughPlanFound">
          <StatementSetOptions QUOTED_IDENTIFIER="true" ARITHABORT="true" CONCAT_NULL_YIELDS_NULL="true" ANSI_NULLS="true" ANSI_PADDING="true" ANSI_WARNINGS="true" NUMERIC_ROUNDABORT="false" />
          <QueryPlan NonParallelPlanReason="MaxDOPSetToOne" CachedPlanSize="8" CompileTime="0" CompileCPU="0" CompileMemory="336">
            <MemoryGrantInfo SerialRequiredMemory="0" SerialDesiredMemory="0" />
            <OptimizerHardwareDependentProperties EstimatedAvailableMemoryGrant="193313" EstimatedPagesCached="773254" EstimatedAvailableDegreeOfParallelism="1" />
            <RelOp NodeId="0" PhysicalOp="Compute Scalar" LogicalOp="Compute Scalar" EstimateRows="1" EstimateIO="0" EstimateCPU="1e-007" AvgRowSize="75" EstimatedTotalSubtreeCost="1.257e-006" Parallel="0" EstimateRebinds="0" EstimateRewinds="0" EstimatedExecutionMode="Row">
              <OutputList>
                <ColumnReference Column="Expr1001" />
              </OutputList>
              <ComputeScalar>
                <DefinedValues>
                  <DefinedValue>
                    <ColumnReference Column="Expr1001" />
                    <ScalarOperator ScalarString="CONVERT_IMPLICIT(varchar(128),[Expr1000],0)">
                      <Convert DataType="varchar" Length="128" Style="0" Implicit="1">
                        <ScalarOperator>
                          <Identifier>
                            <ColumnReference Column="Expr1000" />
                          </Identifier>
                        </ScalarOperator>
                      </Convert>
                    </ScalarOperator>
                  </DefinedValue>
                </DefinedValues>
                <RelOp NodeId="1" PhysicalOp="Constant Scan" LogicalOp="Constant Scan" EstimateRows="1" EstimateIO="0" EstimateCPU="1.157e-006" AvgRowSize="139" EstimatedTotalSubtreeCost="1.157e-006" Parallel="0" EstimateRebinds="0" EstimateRewinds="0" EstimatedExecutionMode="Row">
                  <OutputList>
                    <ColumnReference Column="Expr1000" />
                  </OutputList>
                  <ConstantScan>
                    <Values>
                      <Row>
                        <ScalarOperator ScalarString="object_name(@@procid)">
                          <Intrinsic FunctionName="object_name">
                            <ScalarOperator>
                              <Intrinsic FunctionName="@@procid" />
                            </ScalarOperator>
                            <ScalarOperator>
                              <Const ConstValue="" />
                            </ScalarOperator>
                          </Intrinsic>
                        </ScalarOperator>
                      </Row>
                    </Values>
                  </ConstantScan>
                </RelOp>
              </ComputeScalar>
            </RelOp>
          </QueryPlan>
        </StmtSimple>
        <StmtSimple StatementText=" EXEC [dbo].[spEndStopwatch] @objectName, @stopwatchBeginTime&#xD;&#xA;   " StatementId="26" StatementCompId="32" StatementType="EXECUTE PROC" RetrievedFromCache="true" />
      </Statements>
    </Batch>
  </BatchSequence>
</ShowPlanXML>