<?xml version="1.0" encoding="utf-8"?>
<ShowPlanXML xmlns="http://schemas.microsoft.com/sqlserver/2004/07/showplan" Version="1.2" Build="11.0.3412.0">
  <BatchSequence>
    <Batch>
      <Statements>
        <StmtSimple StatementText="CREATE PROCEDURE [dbo].[Uploader_AddMixToSchedule]&#xD;&#xA;    @mixId                   UNIQUEIDENTIFIER&#xD;&#xA;    , @scheduleId            UNIQUEIDENTIFIER&#xD;&#xA;    , @buildId               INT&#xD;&#xA;    , @startDate             DATETIME&#xD;&#xA;    , @endDate               DATETIME=NULL&#xD;&#xA;    , @status                VARCHAR (200)&#xD;&#xA;    , @isNewMix              BIT=1 OUTPUT&#xD;&#xA;    , @implementationDetails XML=NULL&#xD;&#xA;    , @contextName           NVARCHAR (100)=NULL&#xD;&#xA;    , @effectiveContextName  NVARCHAR (500)=NULL&#xD;&#xA;    , @packageName           NVARCHAR (100)=NULL&#xD;&#xA;    , @effectivePackageName  NVARCHAR (500)=NULL&#xD;&#xA;    , @runLogDirectory       NVARCHAR (260)=NULL&#xD;&#xA;    , @FeaturePath           NVARCHAR (1000)=NULL&#xD;&#xA;    , @ReportingGroupKey     NVARCHAR (100)=NULL&#xD;&#xA;    , @ReportingGroupName    NVARCHAR (100)=NULL&#xD;&#xA;    , @Label                 NVARCHAR (100)=NULL&#xD;&#xA;    , @MailToAliases         NVARCHAR (200)&#xD;&#xA;    , @IsRerun               BIT=NULL&#xD;&#xA;    , @HasReruns             BIT=NULL&#xD;&#xA;    , @CanRerun              BIT=NULL&#xD;&#xA;    , @IsRerunning           BIT=NULL&#xD;&#xA;AS&#xD;&#xA;BEGIN&#xD;&#xA;    &#xD;&#xA;    DECLARE @stopwatchBeginTime datetime2 &#xD;&#xA;    SELECT @stopwatchBeginTime = [dbo].[fnBeginStopwatch]()&#xD;&#xA;&#xD;&#xA;   " StatementId="1" StatementCompId="2" StatementType="ASSIGN WITH QUERY" RetrievedFromCache="true" />
        <StmtSimple StatementText=" DECLARE @statusId INT&#xD;&#xA;    DECLARE @STATUSTYPE varchar(50)&#xD;&#xA;    DECLARE @ScheduleIntId INT&#xD;&#xA;    DECLARE @MixIntId INT&#xD;&#xA;    DECLARE @TestPassId INT&#xD;&#xA;    DECLARE @ErrorMsg varchar(1024)&#xD;&#xA;&#xD;&#xA;    SELECT @ScheduleIntId = Id FROM dbo.Schedule WITH (NOLOCK) WHERE [Guid] = @ScheduleId&#xD;&#xA;&#xD;&#xA;   " StatementId="2" StatementCompId="3" StatementType="SELECT" RetrievedFromCache="true" StatementSubTreeCost="0.0032831" StatementEstRows="1" StatementOptmLevel="TRIVIAL" QueryHash="0x209C13F2DDF11E6E" QueryPlanHash="0xFCE46DFEC9516F19">
          <StatementSetOptions QUOTED_IDENTIFIER="true" ARITHABORT="true" CONCAT_NULL_YIELDS_NULL="true" ANSI_NULLS="true" ANSI_PADDING="true" ANSI_WARNINGS="true" NUMERIC_ROUNDABORT="false" />
          <QueryPlan NonParallelPlanReason="MaxDOPSetToOne" CachedPlanSize="8" CompileTime="0" CompileCPU="0" CompileMemory="320">
            <MemoryGrantInfo SerialRequiredMemory="0" SerialDesiredMemory="0" />
            <OptimizerHardwareDependentProperties EstimatedAvailableMemoryGrant="193313" EstimatedPagesCached="773254" EstimatedAvailableDegreeOfParallelism="1" />
            <RelOp NodeId="0" PhysicalOp="Index Seek" LogicalOp="Index Seek" EstimateRows="1" EstimateIO="0.003125" EstimateCPU="0.0001581" AvgRowSize="11" EstimatedTotalSubtreeCost="0.0032831" TableCardinality="1.44031e+006" Parallel="0" EstimateRebinds="0" EstimateRewinds="0" EstimatedExecutionMode="Row">
              <OutputList>
                <ColumnReference Database="[OurLabReporting]" Schema="[dbo]" Table="[Schedule]" Column="Id" />
              </OutputList>
              <IndexScan Ordered="1" ScanDirection="FORWARD" ForcedIndex="0" ForceSeek="0" ForceScan="0" NoExpandHint="0" Storage="RowStore">
                <DefinedValues>
                  <DefinedValue>
                    <ColumnReference Database="[OurLabReporting]" Schema="[dbo]" Table="[Schedule]" Column="Id" />
                  </DefinedValue>
                </DefinedValues>
                <Object Database="[OurLabReporting]" Schema="[dbo]" Table="[Schedule]" Index="[Schedule_IDX_Guid]" IndexKind="NonClustered" />
                <SeekPredicates>
                  <SeekPredicateNew>
                    <SeekKeys>
                      <Prefix ScanType="EQ">
                        <RangeColumns>
                          <ColumnReference Database="[OurLabReporting]" Schema="[dbo]" Table="[Schedule]" Column="Guid" />
                        </RangeColumns>
                        <RangeExpressions>
                          <ScalarOperator ScalarString="[@scheduleId]">
                            <Identifier>
                              <ColumnReference Column="@scheduleId" />
                            </Identifier>
                          </ScalarOperator>
                        </RangeExpressions>
                      </Prefix>
                    </SeekKeys>
                  </SeekPredicateNew>
                </SeekPredicates>
              </IndexScan>
            </RelOp>
            <ParameterList>
              <ColumnReference Column="@scheduleId" ParameterCompiledValue="{guid'A97659D1-E973-40DE-9F6A-E334CB42E882'}" />
            </ParameterList>
          </QueryPlan>
        </StmtSimple>
        <StmtCond StatementText=" IF (@ScheduleIntId IS NULL)&#xD;&#xA;   " StatementId="3" StatementCompId="4" StatementType="COND" RetrievedFromCache="true">
          <Condition />
          <Then>
            <Statements>
              <StmtSimple StatementText=" BEGIN&#xD;&#xA;        SET @ErrorMsg = 'Unable to find Schedule Id for Schedule Guid ' + CAST(@ScheduleId as varchar(255))&#xD;&#xA;       " StatementId="4" StatementCompId="5" StatementType="ASSIGN" RetrievedFromCache="true" />
              <StmtSimple StatementText=" RAISERROR(@ErrorMsg, 11 ,1)&#xD;&#xA;       " StatementId="5" StatementCompId="6" StatementType="RAISERROR" RetrievedFromCache="true" />
              <StmtSimple StatementText=" GOTO ProcExit&#xD;&#xA;   " StatementId="6" StatementCompId="7" StatementType="GOTO" RetrievedFromCache="true" />
            </Statements>
          </Then>
        </StmtCond>
        <StmtSimple StatementText=" END&#xD;&#xA;   &#xD;&#xA;    SET @statusType = 'Mix'&#xD;&#xA;   " StatementId="7" StatementCompId="9" StatementType="ASSIGN" RetrievedFromCache="true" />
        <StmtSimple StatementText=" EXEC dbo.Uploader_GetOrCreateStatusId @status, @statusType, @statusId OUTPUT&#xD;&#xA;    &#xD;&#xA;   " StatementId="8" StatementCompId="10" StatementType="EXECUTE PROC" RetrievedFromCache="true" />
        <StmtSimple StatementText=" DECLARE @FeaturePathId INT&#xD;&#xA;    EXEC dbo.Uploader_GetOrCreateFeaturePath &#xD;&#xA;        @path = @FeaturePath, &#xD;&#xA;        @pathId = @FeaturePathId OUTPUT&#xD;&#xA;&#xD;&#xA;   " StatementId="9" StatementCompId="11" StatementType="EXECUTE PROC" RetrievedFromCache="true" />
        <StmtSimple StatementText=" SELECT @MixIntId = Id&#xD;&#xA;    FROM [dbo].[Mix] WITH (NOLOCK) &#xD;&#xA;    WHERE @mixId = [Guid]&#xD;&#xA;&#xD;&#xA;   " StatementId="10" StatementCompId="12" StatementType="SELECT" RetrievedFromCache="true" StatementSubTreeCost="0.0032831" StatementEstRows="1" StatementOptmLevel="TRIVIAL" QueryHash="0x350B24A62127E9A5" QueryPlanHash="0xD135EDA27C4D384">
          <StatementSetOptions QUOTED_IDENTIFIER="true" ARITHABORT="true" CONCAT_NULL_YIELDS_NULL="true" ANSI_NULLS="true" ANSI_PADDING="true" ANSI_WARNINGS="true" NUMERIC_ROUNDABORT="false" />
          <QueryPlan NonParallelPlanReason="MaxDOPSetToOne" CachedPlanSize="8" CompileTime="0" CompileCPU="0" CompileMemory="320">
            <MemoryGrantInfo SerialRequiredMemory="0" SerialDesiredMemory="0" />
            <OptimizerHardwareDependentProperties EstimatedAvailableMemoryGrant="193313" EstimatedPagesCached="773254" EstimatedAvailableDegreeOfParallelism="1" />
            <RelOp NodeId="0" PhysicalOp="Index Seek" LogicalOp="Index Seek" EstimateRows="1" EstimateIO="0.003125" EstimateCPU="0.0001581" AvgRowSize="11" EstimatedTotalSubtreeCost="0.0032831" TableCardinality="1.48176e+006" Parallel="0" EstimateRebinds="0" EstimateRewinds="0" EstimatedExecutionMode="Row">
              <OutputList>
                <ColumnReference Database="[OurLabReporting]" Schema="[dbo]" Table="[Mix]" Column="Id" />
              </OutputList>
              <IndexScan Ordered="1" ScanDirection="FORWARD" ForcedIndex="0" ForceSeek="0" ForceScan="0" NoExpandHint="0" Storage="RowStore">
                <DefinedValues>
                  <DefinedValue>
                    <ColumnReference Database="[OurLabReporting]" Schema="[dbo]" Table="[Mix]" Column="Id" />
                  </DefinedValue>
                </DefinedValues>
                <Object Database="[OurLabReporting]" Schema="[dbo]" Table="[Mix]" Index="[Mix_IDX_Guid]" IndexKind="NonClustered" />
                <SeekPredicates>
                  <SeekPredicateNew>
                    <SeekKeys>
                      <Prefix ScanType="EQ">
                        <RangeColumns>
                          <ColumnReference Database="[OurLabReporting]" Schema="[dbo]" Table="[Mix]" Column="Guid" />
                        </RangeColumns>
                        <RangeExpressions>
                          <ScalarOperator ScalarString="[@mixId]">
                            <Identifier>
                              <ColumnReference Column="@mixId" />
                            </Identifier>
                          </ScalarOperator>
                        </RangeExpressions>
                      </Prefix>
                    </SeekKeys>
                  </SeekPredicateNew>
                </SeekPredicates>
              </IndexScan>
            </RelOp>
            <ParameterList>
              <ColumnReference Column="@mixId" ParameterCompiledValue="{guid'67EAC5B8-5A4C-4EED-9480-6499894B0D15'}" />
            </ParameterList>
          </QueryPlan>
        </StmtSimple>
        <StmtSimple StatementText=" BEGIN TRAN&#xD;&#xA;       " StatementId="11" StatementCompId="13" StatementType="BEGIN TRANSACTION" RetrievedFromCache="true" />
        <StmtCond StatementText=" IF @MixIntId IS NOT NULL&#xD;&#xA;       " StatementId="12" StatementCompId="14" StatementType="COND" RetrievedFromCache="true">
          <Condition />
          <Then>
            <Statements>
              <StmtSimple StatementText=" BEGIN&#xD;&#xA;            SET @isNewMix  = 0&#xD;&#xA;   &#xD;&#xA;               " StatementId="13" StatementCompId="15" StatementType="ASSIGN" RetrievedFromCache="true" />
              <StmtSimple StatementText=" UPDATE [dbo].[Mix]&#xD;&#xA;                SET [ScheduleId] = @scheduleIntId&#xD;&#xA;                ,[StartDate] = @startDate&#xD;&#xA;                ,[EndDate] = @endDate&#xD;&#xA;                ,[StatusId] = @statusId&#xD;&#xA;                ,[BuildFlavorId] = @buildId&#xD;&#xA;                ,[ImplementationDetails] = @implementationDetails&#xD;&#xA;                ,[ContextName] = @contextName&#xD;&#xA;                ,[EffectiveContextName] = @effectiveContextName&#xD;&#xA;                ,[PackageName] = @packageName&#xD;&#xA;                ,[EffectivePackageName] = @effectivePackageName&#xD;&#xA;                ,[RunLogDirectory] = @runLogDirectory        &#xD;&#xA;                ,[FeaturePathId]= @FeaturePathId&#xD;&#xA;                ,[Label] = @Label&#xD;&#xA;                ,[RecordLastUpdated] = GETDATE()&#xD;&#xA;                WHERE Id = @MixIntId&#xD;&#xA;       " StatementId="14" StatementCompId="16" StatementType="UPDATE" RetrievedFromCache="true" StatementSubTreeCost="12.4739" StatementEstRows="1" StatementOptmLevel="FULL" QueryHash="0x49D765079232C36C" QueryPlanHash="0xFA5A8E2397C7CF2C">
                <StatementSetOptions QUOTED_IDENTIFIER="true" ARITHABORT="true" CONCAT_NULL_YIELDS_NULL="true" ANSI_NULLS="true" ANSI_PADDING="true" ANSI_WARNINGS="true" NUMERIC_ROUNDABORT="false" />
                <QueryPlan NonParallelPlanReason="MaxDOPSetToOne" CachedPlanSize="288" CompileTime="126" CompileCPU="126" CompileMemory="5352">
                  <MemoryGrantInfo SerialRequiredMemory="1536" SerialDesiredMemory="4752" />
                  <OptimizerHardwareDependentProperties EstimatedAvailableMemoryGrant="193313" EstimatedPagesCached="773254" EstimatedAvailableDegreeOfParallelism="1" />
                  <RelOp NodeId="1" PhysicalOp="Sequence" LogicalOp="Sequence" EstimateRows="1.458" EstimateIO="0" EstimateCPU="0.00141809" AvgRowSize="9" EstimatedTotalSubtreeCost="12.4739" Parallel="0" EstimateRebinds="0" EstimateRewinds="0" EstimatedExecutionMode="Row">
                    <OutputList />
                    <Sequence>
                      <RelOp NodeId="2" PhysicalOp="Table Spool" LogicalOp="Eager Spool" EstimateRows="2" EstimateIO="0" EstimateCPU="2.5191e-005" AvgRowSize="27" EstimatedTotalSubtreeCost="0.0134227" Parallel="0" EstimateRebinds="0" EstimateRewinds="0" EstimatedExecutionMode="Row">
                        <OutputList>
                          <ColumnReference Database="[OurLabReporting]" Schema="[dbo]" Table="[Mix]" Column="Id" />
                          <ColumnReference Database="[OurLabReporting]" Schema="[dbo]" Table="[Mix]" Column="ScheduleId" />
                          <ColumnReference Database="[OurLabReporting]" Schema="[dbo]" Table="[Mix]" Column="BuildFlavorId" />
                          <ColumnReference Database="[OurLabReporting]" Schema="[dbo]" Table="[Mix]" Column="StatusId" />
                          <ColumnReference Column="Act1097" />
                        </OutputList>
                        <Spool>
                          <RelOp NodeId="3" PhysicalOp="Split" LogicalOp="Split" EstimateRows="2" EstimateIO="0" EstimateCPU="1.5e-006" AvgRowSize="27" EstimatedTotalSubtreeCost="0.0532898" Parallel="0" EstimateRebinds="0" EstimateRewinds="0" EstimatedExecutionMode="Row">
                            <OutputList>
                              <ColumnReference Database="[OurLabReporting]" Schema="[dbo]" Table="[Mix]" Column="Id" />
                              <ColumnReference Database="[OurLabReporting]" Schema="[dbo]" Table="[Mix]" Column="ScheduleId" />
                              <ColumnReference Database="[OurLabReporting]" Schema="[dbo]" Table="[Mix]" Column="BuildFlavorId" />
                              <ColumnReference Database="[OurLabReporting]" Schema="[dbo]" Table="[Mix]" Column="StatusId" />
                              <ColumnReference Column="Act1097" />
                            </OutputList>
                            <Split>
                              <DefinedValues>
                                <DefinedValue>
                                  <ColumnReference Column="Act1097" />
                                </DefinedValue>
                              </DefinedValues>
                              <ActionColumn>
                                <ColumnReference Column="Act1097" />
                              </ActionColumn>
                              <RelOp NodeId="4" PhysicalOp="Clustered Index Update" LogicalOp="Update" EstimateRows="1" EstimateIO="0.05" EstimateCPU="5e-006" AvgRowSize="27" EstimatedTotalSubtreeCost="0.0532883" Parallel="0" EstimateRebinds="0" EstimateRewinds="0" EstimatedExecutionMode="Row">
                                <OutputList>
                                  <ColumnReference Database="[OurLabReporting]" Schema="[dbo]" Table="[Mix]" Column="Id" />
                                  <ColumnReference Database="[OurLabReporting]" Schema="[dbo]" Table="[Mix]" Column="ScheduleId" />
                                  <ColumnReference Database="[OurLabReporting]" Schema="[dbo]" Table="[Mix]" Column="BuildFlavorId" />
                                  <ColumnReference Database="[OurLabReporting]" Schema="[dbo]" Table="[Mix]" Column="StatusId" />
                                  <ColumnReference Column="BuildFlavorId_OLD" />
                                </OutputList>
                                <Update DMLRequestSort="0">
                                  <Object Database="[OurLabReporting]" Schema="[dbo]" Table="[Mix]" Index="[Mix_PK]" IndexKind="Clustered" />
                                  <Object Database="[OurLabReporting]" Schema="[dbo]" Table="[Mix]" Index="[Mix_IDX_BuildFlavor]" IndexKind="NonClustered" />
                                  <Object Database="[OurLabReporting]" Schema="[dbo]" Table="[Mix]" Index="[Mix_IDX_Id]" IndexKind="NonClustered" />
                                  <Object Database="[OurLabReporting]" Schema="[dbo]" Table="[Mix]" Index="[Mix_IDX_LastUpdated]" IndexKind="NonClustered" />
                                  <Object Database="[OurLabReporting]" Schema="[dbo]" Table="[Mix]" Index="[Mix_IDX_Schedule]" IndexKind="NonClustered" />
                                  <SetPredicate>
                                    <ScalarOperator ScalarString="[OurLabReporting].[dbo].[Mix].[ScheduleId] = RaiseIfNullUpdate([@ScheduleIntId]),[OurLabReporting].[dbo].[Mix].[StartDate] = RaiseIfNullUpdate([@startDate]),[OurLabReporting].[dbo].[Mix].[EndDate] = [@endDate],[OurLabReporting].[dbo].[Mix].[StatusId] = RaiseIfNullUpdate([@statusId]),[OurLabReporting].[dbo].[Mix].[BuildFlavorId] = RaiseIfNullUpdate([@buildId]),[OurLabReporting].[dbo].[Mix].[ImplementationDetails] = [@implementationDetails],[OurLabReporting].[dbo].[Mix].[ContextName] = [@contextName],[OurLabReporting].[dbo].[Mix].[EffectiveContextName] = [Expr1003],[OurLabReporting].[dbo].[Mix].[PackageName] = [@packageName],[OurLabReporting].[dbo].[Mix].[EffectivePackageName] = [Expr1004],[OurLabReporting].[dbo].[Mix].[RunLogDirectory] = [@runLogDirectory],[OurLabReporting].[dbo].[Mix].[FeaturePathId] = [@FeaturePathId],[OurLabReporting].[dbo].[Mix].[Label] = [@Label],[OurLabReporting].[dbo].[Mix].[RecordLastUpdated] = [Expr1005]">
                                      <ScalarExpressionList>
                                        <ScalarOperator>
                                          <MultipleAssign>
                                            <Assign>
                                              <ColumnReference Database="[OurLabReporting]" Schema="[dbo]" Table="[Mix]" Column="ScheduleId" />
                                              <ScalarOperator>
                                                <Intrinsic FunctionName="RaiseIfNullUpdate">
                                                  <ScalarOperator>
                                                    <Identifier>
                                                      <ColumnReference Column="@ScheduleIntId" />
                                                    </Identifier>
                                                  </ScalarOperator>
                                                </Intrinsic>
                                              </ScalarOperator>
                                            </Assign>
                                            <Assign>
                                              <ColumnReference Database="[OurLabReporting]" Schema="[dbo]" Table="[Mix]" Column="StartDate" />
                                              <ScalarOperator>
                                                <Intrinsic FunctionName="RaiseIfNullUpdate">
                                                  <ScalarOperator>
                                                    <Identifier>
                                                      <ColumnReference Column="@startDate" />
                                                    </Identifier>
                                                  </ScalarOperator>
                                                </Intrinsic>
                                              </ScalarOperator>
                                            </Assign>
                                            <Assign>
                                              <ColumnReference Database="[OurLabReporting]" Schema="[dbo]" Table="[Mix]" Column="EndDate" />
                                              <ScalarOperator>
                                                <Identifier>
                                                  <ColumnReference Column="@endDate" />
                                                </Identifier>
                                              </ScalarOperator>
                                            </Assign>
                                            <Assign>
                                              <ColumnReference Database="[OurLabReporting]" Schema="[dbo]" Table="[Mix]" Column="StatusId" />
                                              <ScalarOperator>
                                                <Intrinsic FunctionName="RaiseIfNullUpdate">
                                                  <ScalarOperator>
                                                    <Identifier>
                                                      <ColumnReference Column="@statusId" />
                                                    </Identifier>
                                                  </ScalarOperator>
                                                </Intrinsic>
                                              </ScalarOperator>
                                            </Assign>
                                            <Assign>
                                              <ColumnReference Database="[OurLabReporting]" Schema="[dbo]" Table="[Mix]" Column="BuildFlavorId" />
                                              <ScalarOperator>
                                                <Intrinsic FunctionName="RaiseIfNullUpdate">
                                                  <ScalarOperator>
                                                    <Identifier>
                                                      <ColumnReference Column="@buildId" />
                                                    </Identifier>
                                                  </ScalarOperator>
                                                </Intrinsic>
                                              </ScalarOperator>
                                            </Assign>
                                            <Assign>
                                              <ColumnReference Database="[OurLabReporting]" Schema="[dbo]" Table="[Mix]" Column="ImplementationDetails" />
                                              <ScalarOperator>
                                                <Identifier>
                                                  <ColumnReference Column="@implementationDetails" />
                                                </Identifier>
                                              </ScalarOperator>
                                            </Assign>
                                            <Assign>
                                              <ColumnReference Database="[OurLabReporting]" Schema="[dbo]" Table="[Mix]" Column="ContextName" />
                                              <ScalarOperator>
                                                <Identifier>
                                                  <ColumnReference Column="@contextName" />
                                                </Identifier>
                                              </ScalarOperator>
                                            </Assign>
                                            <Assign>
                                              <ColumnReference Database="[OurLabReporting]" Schema="[dbo]" Table="[Mix]" Column="EffectiveContextName" />
                                              <ScalarOperator>
                                                <Identifier>
                                                  <ColumnReference Column="Expr1003" />
                                                </Identifier>
                                              </ScalarOperator>
                                            </Assign>
                                            <Assign>
                                              <ColumnReference Database="[OurLabReporting]" Schema="[dbo]" Table="[Mix]" Column="PackageName" />
                                              <ScalarOperator>
                                                <Identifier>
                                                  <ColumnReference Column="@packageName" />
                                                </Identifier>
                                              </ScalarOperator>
                                            </Assign>
                                            <Assign>
                                              <ColumnReference Database="[OurLabReporting]" Schema="[dbo]" Table="[Mix]" Column="EffectivePackageName" />
                                              <ScalarOperator>
                                                <Identifier>
                                                  <ColumnReference Column="Expr1004" />
                                                </Identifier>
                                              </ScalarOperator>
                                            </Assign>
                                            <Assign>
                                              <ColumnReference Database="[OurLabReporting]" Schema="[dbo]" Table="[Mix]" Column="RunLogDirectory" />
                                              <ScalarOperator>
                                                <Identifier>
                                                  <ColumnReference Column="@runLogDirectory" />
                                                </Identifier>
                                              </ScalarOperator>
                                            </Assign>
                                            <Assign>
                                              <ColumnReference Database="[OurLabReporting]" Schema="[dbo]" Table="[Mix]" Column="FeaturePathId" />
                                              <ScalarOperator>
                                                <Identifier>
                                                  <ColumnReference Column="@FeaturePathId" />
                                                </Identifier>
                                              </ScalarOperator>
                                            </Assign>
                                            <Assign>
                                              <ColumnReference Database="[OurLabReporting]" Schema="[dbo]" Table="[Mix]" Column="Label" />
                                              <ScalarOperator>
                                                <Identifier>
                                                  <ColumnReference Column="@Label" />
                                                </Identifier>
                                              </ScalarOperator>
                                            </Assign>
                                            <Assign>
                                              <ColumnReference Database="[OurLabReporting]" Schema="[dbo]" Table="[Mix]" Column="RecordLastUpdated" />
                                              <ScalarOperator>
                                                <Identifier>
                                                  <ColumnReference Column="Expr1005" />
                                                </Identifier>
                                              </ScalarOperator>
                                            </Assign>
                                          </MultipleAssign>
                                        </ScalarOperator>
                                      </ScalarExpressionList>
                                    </ScalarOperator>
                                  </SetPredicate>
                                  <RelOp NodeId="5" PhysicalOp="Compute Scalar" LogicalOp="Compute Scalar" EstimateRows="1" EstimateIO="0" EstimateCPU="1e-007" AvgRowSize="441" EstimatedTotalSubtreeCost="0.0032833" Parallel="0" EstimateRebinds="0" EstimateRewinds="0" EstimatedExecutionMode="Row">
                                    <OutputList>
                                      <ColumnReference Database="[OurLabReporting]" Schema="[dbo]" Table="[Mix]" Column="Id" />
                                      <ColumnReference Column="Expr1003" />
                                      <ColumnReference Column="Expr1004" />
                                      <ColumnReference Column="Expr1005" />
                                      <ColumnReference Column="Expr1089" />
                                      <ColumnReference Column="Expr1090" />
                                      <ColumnReference Column="Expr1091" />
                                      <ColumnReference Column="Expr1092" />
                                    </OutputList>
                                    <ComputeScalar>
                                      <DefinedValues>
                                        <DefinedValue>
                                          <ColumnReference Column="Expr1089" />
                                          <ScalarOperator ScalarString="[Expr1089]">
                                            <Identifier>
                                              <ColumnReference Column="Expr1089" />
                                            </Identifier>
                                          </ScalarOperator>
                                        </DefinedValue>
                                        <DefinedValue>
                                          <ColumnReference Column="Expr1090" />
                                          <ScalarOperator ScalarString="[Expr1090]">
                                            <Identifier>
                                              <ColumnReference Column="Expr1090" />
                                            </Identifier>
                                          </ScalarOperator>
                                        </DefinedValue>
                                        <DefinedValue>
                                          <ColumnReference Column="Expr1091" />
                                          <ScalarOperator ScalarString="[Expr1091]">
                                            <Identifier>
                                              <ColumnReference Column="Expr1091" />
                                            </Identifier>
                                          </ScalarOperator>
                                        </DefinedValue>
                                        <DefinedValue>
                                          <ColumnReference Column="Expr1092" />
                                          <ScalarOperator ScalarString="[Expr1092]">
                                            <Identifier>
                                              <ColumnReference Column="Expr1092" />
                                            </Identifier>
                                          </ScalarOperator>
                                        </DefinedValue>
                                      </DefinedValues>
                                      <RelOp NodeId="6" PhysicalOp="Compute Scalar" LogicalOp="Compute Scalar" EstimateRows="1" EstimateIO="0" EstimateCPU="1e-007" AvgRowSize="441" EstimatedTotalSubtreeCost="0.0032833" Parallel="0" EstimateRebinds="0" EstimateRewinds="0" EstimatedExecutionMode="Row">
                                        <OutputList>
                                          <ColumnReference Database="[OurLabReporting]" Schema="[dbo]" Table="[Mix]" Column="Id" />
                                          <ColumnReference Column="Expr1003" />
                                          <ColumnReference Column="Expr1004" />
                                          <ColumnReference Column="Expr1005" />
                                          <ColumnReference Column="Expr1089" />
                                          <ColumnReference Column="Expr1090" />
                                          <ColumnReference Column="Expr1091" />
                                          <ColumnReference Column="Expr1092" />
                                        </OutputList>
                                        <ComputeScalar>
                                          <DefinedValues>
                                            <DefinedValue>
                                              <ColumnReference Column="Expr1089" />
                                              <ScalarOperator ScalarString="CASE WHEN [Expr1049] AND [Expr1053] AND [Expr1052] THEN (0) ELSE (1) END">
                                                <IF>
                                                  <Condition>
                                                    <ScalarOperator>
                                                      <Logical Operation="AND">
                                                        <ScalarOperator>
                                                          <Identifier>
                                                            <ColumnReference Column="Expr1049" />
                                                          </Identifier>
                                                        </ScalarOperator>
                                                        <ScalarOperator>
                                                          <Identifier>
                                                            <ColumnReference Column="Expr1053" />
                                                          </Identifier>
                                                        </ScalarOperator>
                                                        <ScalarOperator>
                                                          <Identifier>
                                                            <ColumnReference Column="Expr1052" />
                                                          </Identifier>
                                                        </ScalarOperator>
                                                      </Logical>
                                                    </ScalarOperator>
                                                  </Condition>
                                                  <Then>
                                                    <ScalarOperator>
                                                      <Const ConstValue="(0)" />
                                                    </ScalarOperator>
                                                  </Then>
                                                  <Else>
                                                    <ScalarOperator>
                                                      <Const ConstValue="(1)" />
                                                    </ScalarOperator>
                                                  </Else>
                                                </IF>
                                              </ScalarOperator>
                                            </DefinedValue>
                                            <DefinedValue>
                                              <ColumnReference Column="Expr1090" />
                                              <ScalarOperator ScalarString="CASE WHEN [Expr1049] AND [Expr1050] AND [Expr1051] AND [Expr1053] AND [Expr1052] THEN (0) ELSE (1) END">
                                                <IF>
                                                  <Condition>
                                                    <ScalarOperator>
                                                      <Logical Operation="AND">
                                                        <ScalarOperator>
                                                          <Identifier>
                                                            <ColumnReference Column="Expr1049" />
                                                          </Identifier>
                                                        </ScalarOperator>
                                                        <ScalarOperator>
                                                          <Identifier>
                                                            <ColumnReference Column="Expr1050" />
                                                          </Identifier>
                                                        </ScalarOperator>
                                                        <ScalarOperator>
                                                          <Identifier>
                                                            <ColumnReference Column="Expr1051" />
                                                          </Identifier>
                                                        </ScalarOperator>
                                                        <ScalarOperator>
                                                          <Identifier>
                                                            <ColumnReference Column="Expr1053" />
                                                          </Identifier>
                                                        </ScalarOperator>
                                                        <ScalarOperator>
                                                          <Identifier>
                                                            <ColumnReference Column="Expr1052" />
                                                          </Identifier>
                                                        </ScalarOperator>
                                                      </Logical>
                                                    </ScalarOperator>
                                                  </Condition>
                                                  <Then>
                                                    <ScalarOperator>
                                                      <Const ConstValue="(0)" />
                                                    </ScalarOperator>
                                                  </Then>
                                                  <Else>
                                                    <ScalarOperator>
                                                      <Const ConstValue="(1)" />
                                                    </ScalarOperator>
                                                  </Else>
                                                </IF>
                                              </ScalarOperator>
                                            </DefinedValue>
                                            <DefinedValue>
                                              <ColumnReference Column="Expr1091" />
                                              <ScalarOperator ScalarString="CASE WHEN [Expr1061] THEN (0) ELSE (1) END">
                                                <IF>
                                                  <Condition>
                                                    <ScalarOperator>
                                                      <Identifier>
                                                        <ColumnReference Column="Expr1061" />
                                                      </Identifier>
                                                    </ScalarOperator>
                                                  </Condition>
                                                  <Then>
                                                    <ScalarOperator>
                                                      <Const ConstValue="(0)" />
                                                    </ScalarOperator>
                                                  </Then>
                                                  <Else>
                                                    <ScalarOperator>
                                                      <Const ConstValue="(1)" />
                                                    </ScalarOperator>
                                                  </Else>
                                                </IF>
                                              </ScalarOperator>
                                            </DefinedValue>
                                            <DefinedValue>
                                              <ColumnReference Column="Expr1092" />
                                              <ScalarOperator ScalarString="CASE WHEN [Expr1049] AND [Expr1053] AND [Expr1052] THEN (0) ELSE (1) END">
                                                <IF>
                                                  <Condition>
                                                    <ScalarOperator>
                                                      <Logical Operation="AND">
                                                        <ScalarOperator>
                                                          <Identifier>
                                                            <ColumnReference Column="Expr1049" />
                                                          </Identifier>
                                                        </ScalarOperator>
                                                        <ScalarOperator>
                                                          <Identifier>
                                                            <ColumnReference Column="Expr1053" />
                                                          </Identifier>
                                                        </ScalarOperator>
                                                        <ScalarOperator>
                                                          <Identifier>
                                                            <ColumnReference Column="Expr1052" />
                                                          </Identifier>
                                                        </ScalarOperator>
                                                      </Logical>
                                                    </ScalarOperator>
                                                  </Condition>
                                                  <Then>
                                                    <ScalarOperator>
                                                      <Const ConstValue="(0)" />
                                                    </ScalarOperator>
                                                  </Then>
                                                  <Else>
                                                    <ScalarOperator>
                                                      <Const ConstValue="(1)" />
                                                    </ScalarOperator>
                                                  </Else>
                                                </IF>
                                              </ScalarOperator>
                                            </DefinedValue>
                                          </DefinedValues>
                                          <RelOp NodeId="7" PhysicalOp="Compute Scalar" LogicalOp="Compute Scalar" EstimateRows="1" EstimateIO="0" EstimateCPU="1e-007" AvgRowSize="427" EstimatedTotalSubtreeCost="0.0032832" Parallel="0" EstimateRebinds="0" EstimateRewinds="0" EstimatedExecutionMode="Row">
                                            <OutputList>
                                              <ColumnReference Database="[OurLabReporting]" Schema="[dbo]" Table="[Mix]" Column="Id" />
                                              <ColumnReference Column="Expr1003" />
                                              <ColumnReference Column="Expr1004" />
                                              <ColumnReference Column="Expr1005" />
                                              <ColumnReference Column="Expr1049" />
                                              <ColumnReference Column="Expr1050" />
                                              <ColumnReference Column="Expr1051" />
                                              <ColumnReference Column="Expr1052" />
                                              <ColumnReference Column="Expr1053" />
                                              <ColumnReference Column="Expr1061" />
                                            </OutputList>
                                            <ComputeScalar>
                                              <DefinedValues>
                                                <DefinedValue>
                                                  <ColumnReference Column="Expr1003" />
                                                  <ScalarOperator ScalarString="CONVERT_IMPLICIT(nvarchar(200),[@effectiveContextName],0)">
                                                    <Convert DataType="nvarchar" Length="400" Style="0" Implicit="1">
                                                      <ScalarOperator>
                                                        <Identifier>
                                                          <ColumnReference Column="@effectiveContextName" />
                                                        </Identifier>
                                                      </ScalarOperator>
                                                    </Convert>
                                                  </ScalarOperator>
                                                </DefinedValue>
                                                <DefinedValue>
                                                  <ColumnReference Column="Expr1004" />
                                                  <ScalarOperator ScalarString="CONVERT_IMPLICIT(nvarchar(200),[@effectivePackageName],0)">
                                                    <Convert DataType="nvarchar" Length="400" Style="0" Implicit="1">
                                                      <ScalarOperator>
                                                        <Identifier>
                                                          <ColumnReference Column="@effectivePackageName" />
                                                        </Identifier>
                                                      </ScalarOperator>
                                                    </Convert>
                                                  </ScalarOperator>
                                                </DefinedValue>
                                                <DefinedValue>
                                                  <ColumnReference Column="Expr1005" />
                                                  <ScalarOperator ScalarString="getdate()">
                                                    <Identifier>
                                                      <ColumnReference Column="ConstExpr1062">
                                                        <ScalarOperator>
                                                          <Intrinsic FunctionName="getdate" />
                                                        </ScalarOperator>
                                                      </ColumnReference>
                                                    </Identifier>
                                                  </ScalarOperator>
                                                </DefinedValue>
                                                <DefinedValue>
                                                  <ColumnReference Column="Expr1049" />
                                                  <ScalarOperator ScalarString="CASE WHEN [OurLabReporting].[dbo].[Mix].[ScheduleId] = [@ScheduleIntId] THEN (1) ELSE (0) END">
                                                    <IF>
                                                      <Condition>
                                                        <ScalarOperator>
                                                          <Compare CompareOp="BINARY IS">
                                                            <ScalarOperator>
                                                              <Identifier>
                                                                <ColumnReference Database="[OurLabReporting]" Schema="[dbo]" Table="[Mix]" Column="ScheduleId" />
                                                              </Identifier>
                                                            </ScalarOperator>
                                                            <ScalarOperator>
                                                              <Identifier>
                                                                <ColumnReference Column="@ScheduleIntId" />
                                                              </Identifier>
                                                            </ScalarOperator>
                                                          </Compare>
                                                        </ScalarOperator>
                                                      </Condition>
                                                      <Then>
                                                        <ScalarOperator>
                                                          <Const ConstValue="(1)" />
                                                        </ScalarOperator>
                                                      </Then>
                                                      <Else>
                                                        <ScalarOperator>
                                                          <Const ConstValue="(0)" />
                                                        </ScalarOperator>
                                                      </Else>
                                                    </IF>
                                                  </ScalarOperator>
                                                </DefinedValue>
                                                <DefinedValue>
                                                  <ColumnReference Column="Expr1050" />
                                                  <ScalarOperator ScalarString="CASE WHEN [OurLabReporting].[dbo].[Mix].[StartDate] = [@startDate] THEN (1) ELSE (0) END">
                                                    <IF>
                                                      <Condition>
                                                        <ScalarOperator>
                                                          <Compare CompareOp="BINARY IS">
                                                            <ScalarOperator>
                                                              <Identifier>
                                                                <ColumnReference Database="[OurLabReporting]" Schema="[dbo]" Table="[Mix]" Column="StartDate" />
                                                              </Identifier>
                                                            </ScalarOperator>
                                                            <ScalarOperator>
                                                              <Identifier>
                                                                <ColumnReference Column="@startDate" />
                                                              </Identifier>
                                                            </ScalarOperator>
                                                          </Compare>
                                                        </ScalarOperator>
                                                      </Condition>
                                                      <Then>
                                                        <ScalarOperator>
                                                          <Const ConstValue="(1)" />
                                                        </ScalarOperator>
                                                      </Then>
                                                      <Else>
                                                        <ScalarOperator>
                                                          <Const ConstValue="(0)" />
                                                        </ScalarOperator>
                                                      </Else>
                                                    </IF>
                                                  </ScalarOperator>
                                                </DefinedValue>
                                                <DefinedValue>
                                                  <ColumnReference Column="Expr1051" />
                                                  <ScalarOperator ScalarString="CASE WHEN [OurLabReporting].[dbo].[Mix].[EndDate] = [@endDate] THEN (1) ELSE (0) END">
                                                    <IF>
                                                      <Condition>
                                                        <ScalarOperator>
                                                          <Compare CompareOp="BINARY IS">
                                                            <ScalarOperator>
                                                              <Identifier>
                                                                <ColumnReference Database="[OurLabReporting]" Schema="[dbo]" Table="[Mix]" Column="EndDate" />
                                                              </Identifier>
                                                            </ScalarOperator>
                                                            <ScalarOperator>
                                                              <Identifier>
                                                                <ColumnReference Column="@endDate" />
                                                              </Identifier>
                                                            </ScalarOperator>
                                                          </Compare>
                                                        </ScalarOperator>
                                                      </Condition>
                                                      <Then>
                                                        <ScalarOperator>
                                                          <Const ConstValue="(1)" />
                                                        </ScalarOperator>
                                                      </Then>
                                                      <Else>
                                                        <ScalarOperator>
                                                          <Const ConstValue="(0)" />
                                                        </ScalarOperator>
                                                      </Else>
                                                    </IF>
                                                  </ScalarOperator>
                                                </DefinedValue>
                                                <DefinedValue>
                                                  <ColumnReference Column="Expr1052" />
                                                  <ScalarOperator ScalarString="CASE WHEN [OurLabReporting].[dbo].[Mix].[StatusId] = [@statusId] THEN (1) ELSE (0) END">
                                                    <IF>
                                                      <Condition>
                                                        <ScalarOperator>
                                                          <Compare CompareOp="BINARY IS">
                                                            <ScalarOperator>
                                                              <Identifier>
                                                                <ColumnReference Database="[OurLabReporting]" Schema="[dbo]" Table="[Mix]" Column="StatusId" />
                                                              </Identifier>
                                                            </ScalarOperator>
                                                            <ScalarOperator>
                                                              <Identifier>
                                                                <ColumnReference Column="@statusId" />
                                                              </Identifier>
                                                            </ScalarOperator>
                                                          </Compare>
                                                        </ScalarOperator>
                                                      </Condition>
                                                      <Then>
                                                        <ScalarOperator>
                                                          <Const ConstValue="(1)" />
                                                        </ScalarOperator>
                                                      </Then>
                                                      <Else>
                                                        <ScalarOperator>
                                                          <Const ConstValue="(0)" />
                                                        </ScalarOperator>
                                                      </Else>
                                                    </IF>
                                                  </ScalarOperator>
                                                </DefinedValue>
                                                <DefinedValue>
                                                  <ColumnReference Column="Expr1053" />
                                                  <ScalarOperator ScalarString="CASE WHEN [OurLabReporting].[dbo].[Mix].[BuildFlavorId] = [@buildId] THEN (1) ELSE (0) END">
                                                    <IF>
                                                      <Condition>
                                                        <ScalarOperator>
                                                          <Compare CompareOp="BINARY IS">
                                                            <ScalarOperator>
                                                              <Identifier>
                                                                <ColumnReference Database="[OurLabReporting]" Schema="[dbo]" Table="[Mix]" Column="BuildFlavorId" />
                                                              </Identifier>
                                                            </ScalarOperator>
                                                            <ScalarOperator>
                                                              <Identifier>
                                                                <ColumnReference Column="@buildId" />
                                                              </Identifier>
                                                            </ScalarOperator>
                                                          </Compare>
                                                        </ScalarOperator>
                                                      </Condition>
                                                      <Then>
                                                        <ScalarOperator>
                                                          <Const ConstValue="(1)" />
                                                        </ScalarOperator>
                                                      </Then>
                                                      <Else>
                                                        <ScalarOperator>
                                                          <Const ConstValue="(0)" />
                                                        </ScalarOperator>
                                                      </Else>
                                                    </IF>
                                                  </ScalarOperator>
                                                </DefinedValue>
                                                <DefinedValue>
                                                  <ColumnReference Column="Expr1061" />
                                                  <ScalarOperator ScalarString="CASE WHEN [OurLabReporting].[dbo].[Mix].[RecordLastUpdated] = getdate() THEN (1) ELSE (0) END">
                                                    <IF>
                                                      <Condition>
                                                        <ScalarOperator>
                                                          <Compare CompareOp="BINARY IS">
                                                            <ScalarOperator>
                                                              <Identifier>
                                                                <ColumnReference Database="[OurLabReporting]" Schema="[dbo]" Table="[Mix]" Column="RecordLastUpdated" />
                                                              </Identifier>
                                                            </ScalarOperator>
                                                            <ScalarOperator>
                                                              <Identifier>
                                                                <ColumnReference Column="ConstExpr1062">
                                                                  <ScalarOperator>
                                                                    <Intrinsic FunctionName="getdate" />
                                                                  </ScalarOperator>
                                                                </ColumnReference>
                                                              </Identifier>
                                                            </ScalarOperator>
                                                          </Compare>
                                                        </ScalarOperator>
                                                      </Condition>
                                                      <Then>
                                                        <ScalarOperator>
                                                          <Const ConstValue="(1)" />
                                                        </ScalarOperator>
                                                      </Then>
                                                      <Else>
                                                        <ScalarOperator>
                                                          <Const ConstValue="(0)" />
                                                        </ScalarOperator>
                                                      </Else>
                                                    </IF>
                                                  </ScalarOperator>
                                                </DefinedValue>
                                              </DefinedValues>
                                              <RelOp NodeId="8" PhysicalOp="Clustered Index Seek" LogicalOp="Clustered Index Seek" EstimateRows="1" EstimateIO="0.003125" EstimateCPU="0.0001581" AvgRowSize="47" EstimatedTotalSubtreeCost="0.0032831" TableCardinality="1.48176e+006" Parallel="0" EstimateRebinds="0" EstimateRewinds="0" EstimatedExecutionMode="Row">
                                                <OutputList>
                                                  <ColumnReference Database="[OurLabReporting]" Schema="[dbo]" Table="[Mix]" Column="Id" />
                                                  <ColumnReference Database="[OurLabReporting]" Schema="[dbo]" Table="[Mix]" Column="ScheduleId" />
                                                  <ColumnReference Database="[OurLabReporting]" Schema="[dbo]" Table="[Mix]" Column="StartDate" />
                                                  <ColumnReference Database="[OurLabReporting]" Schema="[dbo]" Table="[Mix]" Column="EndDate" />
                                                  <ColumnReference Database="[OurLabReporting]" Schema="[dbo]" Table="[Mix]" Column="BuildFlavorId" />
                                                  <ColumnReference Database="[OurLabReporting]" Schema="[dbo]" Table="[Mix]" Column="StatusId" />
                                                  <ColumnReference Database="[OurLabReporting]" Schema="[dbo]" Table="[Mix]" Column="RecordLastUpdated" />
                                                </OutputList>
                                                <IndexScan Ordered="1" ScanDirection="FORWARD" ForcedIndex="0" ForceSeek="0" ForceScan="0" NoExpandHint="0" Storage="RowStore">
                                                  <DefinedValues>
                                                    <DefinedValue>
                                                      <ColumnReference Database="[OurLabReporting]" Schema="[dbo]" Table="[Mix]" Column="Id" />
                                                    </DefinedValue>
                                                    <DefinedValue>
                                                      <ColumnReference Database="[OurLabReporting]" Schema="[dbo]" Table="[Mix]" Column="ScheduleId" />
                                                    </DefinedValue>
                                                    <DefinedValue>
                                                      <ColumnReference Database="[OurLabReporting]" Schema="[dbo]" Table="[Mix]" Column="StartDate" />
                                                    </DefinedValue>
                                                    <DefinedValue>
                                                      <ColumnReference Database="[OurLabReporting]" Schema="[dbo]" Table="[Mix]" Column="EndDate" />
                                                    </DefinedValue>
                                                    <DefinedValue>
                                                      <ColumnReference Database="[OurLabReporting]" Schema="[dbo]" Table="[Mix]" Column="BuildFlavorId" />
                                                    </DefinedValue>
                                                    <DefinedValue>
                                                      <ColumnReference Database="[OurLabReporting]" Schema="[dbo]" Table="[Mix]" Column="StatusId" />
                                                    </DefinedValue>
                                                    <DefinedValue>
                                                      <ColumnReference Database="[OurLabReporting]" Schema="[dbo]" Table="[Mix]" Column="RecordLastUpdated" />
                                                    </DefinedValue>
                                                  </DefinedValues>
                                                  <Object Database="[OurLabReporting]" Schema="[dbo]" Table="[Mix]" Index="[Mix_PK]" IndexKind="Clustered" />
                                                  <SeekPredicates>
                                                    <SeekPredicateNew>
                                                      <SeekKeys>
                                                        <Prefix ScanType="EQ">
                                                          <RangeColumns>
                                                            <ColumnReference Database="[OurLabReporting]" Schema="[dbo]" Table="[Mix]" Column="Id" />
                                                          </RangeColumns>
                                                          <RangeExpressions>
                                                            <ScalarOperator ScalarString="[@MixIntId]">
                                                              <Identifier>
                                                                <ColumnReference Column="@MixIntId" />
                                                              </Identifier>
                                                            </ScalarOperator>
                                                          </RangeExpressions>
                                                        </Prefix>
                                                      </SeekKeys>
                                                    </SeekPredicateNew>
                                                  </SeekPredicates>
                                                </IndexScan>
                                              </RelOp>
                                            </ComputeScalar>
                                          </RelOp>
                                        </ComputeScalar>
                                      </RelOp>
                                    </ComputeScalar>
                                  </RelOp>
                                </Update>
                              </RelOp>
                            </Split>
                          </RelOp>
                        </Spool>
                      </RelOp>
                      <RelOp NodeId="46" PhysicalOp="Clustered Index Update" LogicalOp="Update" EstimateRows="1412.15" EstimateIO="0.0945531" EstimateCPU="0.00141215" AvgRowSize="9" EstimatedTotalSubtreeCost="12.3681" Parallel="0" EstimateRebinds="0" EstimateRewinds="0" EstimatedExecutionMode="Row">
                        <OutputList />
                        <Update DMLRequestSort="1">
                          <Object Database="[OurLabReporting]" Schema="[dbo]" Table="[BugBranchFailureCount]" Index="[IDX_BugBranchFailureCount]" IndexKind="ViewClustered" />
                          <SetPredicate>
                            <ScalarOperator ScalarString="[OurLabReporting].[dbo].[BugBranchFailureCount].[Number] = RaiseIfNullUpdate([OurLabReporting].[dbo].[Bug].[Number] as [b].[Number]),[OurLabReporting].[dbo].[BugBranchFailureCount].[DatabaseName] = RaiseIfNullUpdate([OurLabReporting].[dbo].[Bug].[DatabaseName] as [b].[DatabaseName]),[OurLabReporting].[dbo].[BugBranchFailureCount].[Branch] = RaiseIfNullUpdate([OurLabReporting].[dbo].[BuildVersion].[Branch] as [BV].[Branch]),[OurLabReporting].[dbo].[BugBranchFailureCount].[FailCount] = [Expr1024]">
                              <ScalarExpressionList>
                                <ScalarOperator>
                                  <MultipleAssign>
                                    <Assign>
                                      <ColumnReference Database="[OurLabReporting]" Schema="[dbo]" Table="[BugBranchFailureCount]" Column="Number" />
                                      <ScalarOperator>
                                        <Intrinsic FunctionName="RaiseIfNullUpdate">
                                          <ScalarOperator>
                                            <Identifier>
                                              <ColumnReference Database="[OurLabReporting]" Schema="[dbo]" Table="[Bug]" Alias="[b]" Column="Number" />
                                            </Identifier>
                                          </ScalarOperator>
                                        </Intrinsic>
                                      </ScalarOperator>
                                    </Assign>
                                    <Assign>
                                      <ColumnReference Database="[OurLabReporting]" Schema="[dbo]" Table="[BugBranchFailureCount]" Column="DatabaseName" />
                                      <ScalarOperator>
                                        <Intrinsic FunctionName="RaiseIfNullUpdate">
                                          <ScalarOperator>
                                            <Identifier>
                                              <ColumnReference Database="[OurLabReporting]" Schema="[dbo]" Table="[Bug]" Alias="[b]" Column="DatabaseName" />
                                            </Identifier>
                                          </ScalarOperator>
                                        </Intrinsic>
                                      </ScalarOperator>
                                    </Assign>
                                    <Assign>
                                      <ColumnReference Database="[OurLabReporting]" Schema="[dbo]" Table="[BugBranchFailureCount]" Column="Branch" />
                                      <ScalarOperator>
                                        <Intrinsic FunctionName="RaiseIfNullUpdate">
                                          <ScalarOperator>
                                            <Identifier>
                                              <ColumnReference Database="[OurLabReporting]" Schema="[dbo]" Table="[BuildVersion]" Alias="[BV]" Column="Branch" />
                                            </Identifier>
                                          </ScalarOperator>
                                        </Intrinsic>
                                      </ScalarOperator>
                                    </Assign>
                                    <Assign>
                                      <ColumnReference Database="[OurLabReporting]" Schema="[dbo]" Table="[BugBranchFailureCount]" Column="FailCount" />
                                      <ScalarOperator>
                                        <Identifier>
                                          <ColumnReference Column="Expr1024" />
                                        </Identifier>
                                      </ScalarOperator>
                                    </Assign>
                                  </MultipleAssign>
                                </ScalarOperator>
                              </ScalarExpressionList>
                            </ScalarOperator>
                          </SetPredicate>
                          <ActionColumn>
                            <ColumnReference Column="Act1100" />
                          </ActionColumn>
                          <RelOp NodeId="47" PhysicalOp="Collapse" LogicalOp="Collapse" EstimateRows="1412.15" EstimateIO="0" EstimateCPU="0.00423645" AvgRowSize="431" EstimatedTotalSubtreeCost="12.2721" Parallel="0" EstimateRebinds="0" EstimateRewinds="0" EstimatedExecutionMode="Row">
                            <OutputList>
                              <ColumnReference Database="[OurLabReporting]" Schema="[dbo]" Table="[Bug]" Alias="[b]" Column="Number" />
                              <ColumnReference Database="[OurLabReporting]" Schema="[dbo]" Table="[Bug]" Alias="[b]" Column="DatabaseName" />
                              <ColumnReference Database="[OurLabReporting]" Schema="[dbo]" Table="[BuildVersion]" Alias="[BV]" Column="Branch" />
                              <ColumnReference Column="Expr1024" />
                              <ColumnReference Column="Act1100" />
                              <ColumnReference Database="[OurLabReporting]" Schema="[dbo]" Table="[BugBranchFailureCount]" Column="Number" />
                              <ColumnReference Database="[OurLabReporting]" Schema="[dbo]" Table="[BugBranchFailureCount]" Column="DatabaseName" />
                              <ColumnReference Database="[OurLabReporting]" Schema="[dbo]" Table="[BugBranchFailureCount]" Column="Branch" />
                            </OutputList>
                            <Collapse>
                              <GroupBy>
                                <ColumnReference Database="[OurLabReporting]" Schema="[dbo]" Table="[Bug]" Alias="[b]" Column="Number" />
                                <ColumnReference Database="[OurLabReporting]" Schema="[dbo]" Table="[Bug]" Alias="[b]" Column="DatabaseName" />
                                <ColumnReference Database="[OurLabReporting]" Schema="[dbo]" Table="[BuildVersion]" Alias="[BV]" Column="Branch" />
                              </GroupBy>
                              <RelOp NodeId="49" PhysicalOp="Sort" LogicalOp="Sort" EstimateRows="2824.3" EstimateIO="0.0112613" EstimateCPU="0.0506083" AvgRowSize="431" EstimatedTotalSubtreeCost="12.2679" Parallel="0" EstimateRebinds="0" EstimateRewinds="0" EstimatedExecutionMode="Row">
                                <OutputList>
                                  <ColumnReference Database="[OurLabReporting]" Schema="[dbo]" Table="[Bug]" Alias="[b]" Column="Number" />
                                  <ColumnReference Database="[OurLabReporting]" Schema="[dbo]" Table="[Bug]" Alias="[b]" Column="DatabaseName" />
                                  <ColumnReference Database="[OurLabReporting]" Schema="[dbo]" Table="[BuildVersion]" Alias="[BV]" Column="Branch" />
                                  <ColumnReference Column="Expr1024" />
                                  <ColumnReference Column="Act1100" />
                                  <ColumnReference Database="[OurLabReporting]" Schema="[dbo]" Table="[Bug]" Alias="[b]" Column="DatabaseName" />
                                  <ColumnReference Database="[OurLabReporting]" Schema="[dbo]" Table="[BuildVersion]" Alias="[BV]" Column="Branch" />
                                </OutputList>
                                <MemoryFractions Input="0.810945" Output="1" />
                                <Sort Distinct="0">
                                  <OrderBy>
                                    <OrderByColumn Ascending="1">
                                      <ColumnReference Database="[OurLabReporting]" Schema="[dbo]" Table="[Bug]" Alias="[b]" Column="Number" />
                                    </OrderByColumn>
                                    <OrderByColumn Ascending="1">
                                      <ColumnReference Database="[OurLabReporting]" Schema="[dbo]" Table="[Bug]" Alias="[b]" Column="DatabaseName" />
                                    </OrderByColumn>
                                    <OrderByColumn Ascending="1">
                                      <ColumnReference Database="[OurLabReporting]" Schema="[dbo]" Table="[BuildVersion]" Alias="[BV]" Column="Branch" />
                                    </OrderByColumn>
                                    <OrderByColumn Ascending="1">
                                      <ColumnReference Column="Act1100" />
                                    </OrderByColumn>
                                  </OrderBy>
                                  <RelOp NodeId="51" PhysicalOp="Compute Scalar" LogicalOp="Compute Scalar" EstimateRows="2824.3" EstimateIO="0" EstimateCPU="0.00028243" AvgRowSize="73" EstimatedTotalSubtreeCost="12.206" Parallel="0" EstimateRebinds="0" EstimateRewinds="0" EstimatedExecutionMode="Row">
                                    <OutputList>
                                      <ColumnReference Database="[OurLabReporting]" Schema="[dbo]" Table="[Bug]" Alias="[b]" Column="Number" />
                                      <ColumnReference Database="[OurLabReporting]" Schema="[dbo]" Table="[Bug]" Alias="[b]" Column="DatabaseName" />
                                      <ColumnReference Database="[OurLabReporting]" Schema="[dbo]" Table="[BuildVersion]" Alias="[BV]" Column="Branch" />
                                      <ColumnReference Column="Expr1024" />
                                      <ColumnReference Column="Act1100" />
                                    </OutputList>
                                    <ComputeScalar>
                                      <DefinedValues>
                                        <DefinedValue>
                                          <ColumnReference Column="Expr1024" />
                                          <ScalarOperator ScalarString="CASE WHEN [OurLabReporting].[dbo].[BugBranchFailureCount].[FailCount] IS NULL THEN [Expr1024] ELSE [OurLabReporting].[dbo].[BugBranchFailureCount].[FailCount]+[Expr1024] END">
                                            <IF>
                                              <Condition>
                                                <ScalarOperator>
                                                  <Logical Operation="IS NULL">
                                                    <ScalarOperator>
                                                      <Identifier>
                                                        <ColumnReference Database="[OurLabReporting]" Schema="[dbo]" Table="[BugBranchFailureCount]" Column="FailCount" />
                                                      </Identifier>
                                                    </ScalarOperator>
                                                  </Logical>
                                                </ScalarOperator>
                                              </Condition>
                                              <Then>
                                                <ScalarOperator>
                                                  <Identifier>
                                                    <ColumnReference Column="Expr1024" />
                                                  </Identifier>
                                                </ScalarOperator>
                                              </Then>
                                              <Else>
                                                <ScalarOperator>
                                                  <Arithmetic Operation="ADD">
                                                    <ScalarOperator>
                                                      <Identifier>
                                                        <ColumnReference Database="[OurLabReporting]" Schema="[dbo]" Table="[BugBranchFailureCount]" Column="FailCount" />
                                                      </Identifier>
                                                    </ScalarOperator>
                                                    <ScalarOperator>
                                                      <Identifier>
                                                        <ColumnReference Column="Expr1024" />
                                                      </Identifier>
                                                    </ScalarOperator>
                                                  </Arithmetic>
                                                </ScalarOperator>
                                              </Else>
                                            </IF>
                                          </ScalarOperator>
                                        </DefinedValue>
                                        <DefinedValue>
                                          <ColumnReference Column="Act1100" />
                                          <ScalarOperator ScalarString="CASE WHEN [OurLabReporting].[dbo].[BugBranchFailureCount].[FailCount] IS NULL THEN (4) ELSE CASE WHEN ([OurLabReporting].[dbo].[BugBranchFailureCount].[FailCount]+[Expr1024]) = (0) THEN (3) ELSE (1) END END">
                                            <IF>
                                              <Condition>
                                                <ScalarOperator>
                                                  <Logical Operation="IS NULL">
                                                    <ScalarOperator>
                                                      <Identifier>
                                                        <ColumnReference Database="[OurLabReporting]" Schema="[dbo]" Table="[BugBranchFailureCount]" Column="FailCount" />
                                                      </Identifier>
                                                    </ScalarOperator>
                                                  </Logical>
                                                </ScalarOperator>
                                              </Condition>
                                              <Then>
                                                <ScalarOperator>
                                                  <Const ConstValue="(4)" />
                                                </ScalarOperator>
                                              </Then>
                                              <Else>
                                                <ScalarOperator>
                                                  <IF>
                                                    <Condition>
                                                      <ScalarOperator>
                                                        <Compare CompareOp="IS">
                                                          <ScalarOperator>
                                                            <Arithmetic Operation="ADD">
                                                              <ScalarOperator>
                                                                <Identifier>
                                                                  <ColumnReference Database="[OurLabReporting]" Schema="[dbo]" Table="[BugBranchFailureCount]" Column="FailCount" />
                                                                </Identifier>
                                                              </ScalarOperator>
                                                              <ScalarOperator>
                                                                <Identifier>
                                                                  <ColumnReference Column="Expr1024" />
                                                                </Identifier>
                                                              </ScalarOperator>
                                                            </Arithmetic>
                                                          </ScalarOperator>
                                                          <ScalarOperator>
                                                            <Const ConstValue="(0)" />
                                                          </ScalarOperator>
                                                        </Compare>
                                                      </ScalarOperator>
                                                    </Condition>
                                                    <Then>
                                                      <ScalarOperator>
                                                        <Const ConstValue="(3)" />
                                                      </ScalarOperator>
                                                    </Then>
                                                    <Else>
                                                      <ScalarOperator>
                                                        <Const ConstValue="(1)" />
                                                      </ScalarOperator>
                                                    </Else>
                                                  </IF>
                                                </ScalarOperator>
                                              </Else>
                                            </IF>
                                          </ScalarOperator>
                                        </DefinedValue>
                                      </DefinedValues>
                                      <RelOp NodeId="52" PhysicalOp="Merge Join" LogicalOp="Left Outer Join" EstimateRows="2824.3" EstimateIO="0" EstimateCPU="0.471107" AvgRowSize="77" EstimatedTotalSubtreeCost="12.2057" Parallel="0" EstimateRebinds="0" EstimateRewinds="0" EstimatedExecutionMode="Row">
                                        <OutputList>
                                          <ColumnReference Database="[OurLabReporting]" Schema="[dbo]" Table="[Bug]" Alias="[b]" Column="Number" />
                                          <ColumnReference Database="[OurLabReporting]" Schema="[dbo]" Table="[Bug]" Alias="[b]" Column="DatabaseName" />
                                          <ColumnReference Database="[OurLabReporting]" Schema="[dbo]" Table="[BuildVersion]" Alias="[BV]" Column="Branch" />
                                          <ColumnReference Column="Expr1024" />
                                          <ColumnReference Database="[OurLabReporting]" Schema="[dbo]" Table="[BugBranchFailureCount]" Column="FailCount" />
                                        </OutputList>
                                        <Merge ManyToMany="0">
                                          <InnerSideJoinColumns>
                                            <ColumnReference Database="[OurLabReporting]" Schema="[dbo]" Table="[BugBranchFailureCount]" Column="Number" />
                                            <ColumnReference Database="[OurLabReporting]" Schema="[dbo]" Table="[BugBranchFailureCount]" Column="DatabaseName" />
                                            <ColumnReference Database="[OurLabReporting]" Schema="[dbo]" Table="[BugBranchFailureCount]" Column="Branch" />
                                          </InnerSideJoinColumns>
                                          <OuterSideJoinColumns>
                                            <ColumnReference Database="[OurLabReporting]" Schema="[dbo]" Table="[Bug]" Alias="[b]" Column="Number" />
                                            <ColumnReference Database="[OurLabReporting]" Schema="[dbo]" Table="[Bug]" Alias="[b]" Column="DatabaseName" />
                                            <ColumnReference Database="[OurLabReporting]" Schema="[dbo]" Table="[BuildVersion]" Alias="[BV]" Column="Branch" />
                                          </OuterSideJoinColumns>
                                          <Residual>
                                            <ScalarOperator ScalarString="[OurLabReporting].[dbo].[Bug].[Number] as [b].[Number] = [OurLabReporting].[dbo].[BugBranchFailureCount].[Number] AND [OurLabReporting].[dbo].[Bug].[DatabaseName] as [b].[DatabaseName] = [OurLabReporting].[dbo].[BugBranchFailureCount].[DatabaseName] AND [OurLabReporting].[dbo].[BuildVersion].[Branch] as [BV].[Branch] = [OurLabReporting].[dbo].[BugBranchFailureCount].[Branch]">
                                              <Logical Operation="AND">
                                                <ScalarOperator>
                                                  <Compare CompareOp="IS">
                                                    <ScalarOperator>
                                                      <Identifier>
                                                        <ColumnReference Database="[OurLabReporting]" Schema="[dbo]" Table="[Bug]" Alias="[b]" Column="Number" />
                                                      </Identifier>
                                                    </ScalarOperator>
                                                    <ScalarOperator>
                                                      <Identifier>
                                                        <ColumnReference Database="[OurLabReporting]" Schema="[dbo]" Table="[BugBranchFailureCount]" Column="Number" />
                                                      </Identifier>
                                                    </ScalarOperator>
                                                  </Compare>
                                                </ScalarOperator>
                                                <ScalarOperator>
                                                  <Compare CompareOp="IS">
                                                    <ScalarOperator>
                                                      <Identifier>
                                                        <ColumnReference Database="[OurLabReporting]" Schema="[dbo]" Table="[Bug]" Alias="[b]" Column="DatabaseName" />
                                                      </Identifier>
                                                    </ScalarOperator>
                                                    <ScalarOperator>
                                                      <Identifier>
                                                        <ColumnReference Database="[OurLabReporting]" Schema="[dbo]" Table="[BugBranchFailureCount]" Column="DatabaseName" />
                                                      </Identifier>
                                                    </ScalarOperator>
                                                  </Compare>
                                                </ScalarOperator>
                                                <ScalarOperator>
                                                  <Compare CompareOp="IS">
                                                    <ScalarOperator>
                                                      <Identifier>
                                                        <ColumnReference Database="[OurLabReporting]" Schema="[dbo]" Table="[BuildVersion]" Alias="[BV]" Column="Branch" />
                                                      </Identifier>
                                                    </ScalarOperator>
                                                    <ScalarOperator>
                                                      <Identifier>
                                                        <ColumnReference Database="[OurLabReporting]" Schema="[dbo]" Table="[BugBranchFailureCount]" Column="Branch" />
                                                      </Identifier>
                                                    </ScalarOperator>
                                                  </Compare>
                                                </ScalarOperator>
                                              </Logical>
                                            </ScalarOperator>
                                          </Residual>
                                          <RelOp NodeId="53" PhysicalOp="Sort" LogicalOp="Sort" EstimateRows="2824.3" EstimateIO="0.0112613" EstimateCPU="0.050608" AvgRowSize="69" EstimatedTotalSubtreeCost="9.94109" Parallel="0" EstimateRebinds="0" EstimateRewinds="0" EstimatedExecutionMode="Row">
                                            <OutputList>
                                              <ColumnReference Database="[OurLabReporting]" Schema="[dbo]" Table="[Bug]" Alias="[b]" Column="Number" />
                                              <ColumnReference Database="[OurLabReporting]" Schema="[dbo]" Table="[Bug]" Alias="[b]" Column="DatabaseName" />
                                              <ColumnReference Database="[OurLabReporting]" Schema="[dbo]" Table="[BuildVersion]" Alias="[BV]" Column="Branch" />
                                              <ColumnReference Column="Expr1024" />
                                            </OutputList>
                                            <MemoryFractions Input="0.447059" Output="0.189055" />
                                            <Sort Distinct="0">
                                              <OrderBy>
                                                <OrderByColumn Ascending="1">
                                                  <ColumnReference Database="[OurLabReporting]" Schema="[dbo]" Table="[Bug]" Alias="[b]" Column="Number" />
                                                </OrderByColumn>
                                                <OrderByColumn Ascending="1">
                                                  <ColumnReference Database="[OurLabReporting]" Schema="[dbo]" Table="[Bug]" Alias="[b]" Column="DatabaseName" />
                                                </OrderByColumn>
                                                <OrderByColumn Ascending="1">
                                                  <ColumnReference Database="[OurLabReporting]" Schema="[dbo]" Table="[BuildVersion]" Alias="[BV]" Column="Branch" />
                                                </OrderByColumn>
                                              </OrderBy>
                                              <RelOp NodeId="55" PhysicalOp="Hash Match" LogicalOp="Inner Join" EstimateRows="2824.3" EstimateIO="0" EstimateCPU="0.361363" AvgRowSize="69" EstimatedTotalSubtreeCost="9.87922" Parallel="0" EstimateRebinds="0" EstimateRewinds="0" EstimatedExecutionMode="Row">
                                                <OutputList>
                                                  <ColumnReference Database="[OurLabReporting]" Schema="[dbo]" Table="[Bug]" Alias="[b]" Column="Number" />
                                                  <ColumnReference Database="[OurLabReporting]" Schema="[dbo]" Table="[Bug]" Alias="[b]" Column="DatabaseName" />
                                                  <ColumnReference Database="[OurLabReporting]" Schema="[dbo]" Table="[BuildVersion]" Alias="[BV]" Column="Branch" />
                                                  <ColumnReference Column="Expr1024" />
                                                </OutputList>
                                                <MemoryFractions Input="0.443396" Output="0.552941" />
                                                <Hash>
                                                  <DefinedValues />
                                                  <HashKeysBuild>
                                                    <ColumnReference Database="[OurLabReporting]" Schema="[dbo]" Table="[FailureBugMapping]" Alias="[fbm]" Column="BugId" />
                                                  </HashKeysBuild>
                                                  <HashKeysProbe>
                                                    <ColumnReference Database="[OurLabReporting]" Schema="[dbo]" Table="[Bug]" Alias="[b]" Column="Id" />
                                                  </HashKeysProbe>
                                                  <RelOp NodeId="56" PhysicalOp="Stream Aggregate" LogicalOp="Aggregate" EstimateRows="2824.3" EstimateIO="0" EstimateCPU="0.00480002" AvgRowSize="48" EstimatedTotalSubtreeCost="9.29505" Parallel="0" EstimateRebinds="0" EstimateRewinds="0" EstimatedExecutionMode="Row">
                                                    <OutputList>
                                                      <ColumnReference Database="[OurLabReporting]" Schema="[dbo]" Table="[FailureBugMapping]" Alias="[fbm]" Column="BugId" />
                                                      <ColumnReference Database="[OurLabReporting]" Schema="[dbo]" Table="[BuildVersion]" Alias="[BV]" Column="Branch" />
                                                      <ColumnReference Column="Expr1024" />
                                                    </OutputList>
                                                    <StreamAggregate>
                                                      <DefinedValues>
                                                        <DefinedValue>
                                                          <ColumnReference Column="Expr1024" />
                                                          <ScalarOperator ScalarString="SUM(CASE WHEN [Act1097] = (3) THEN (-1) ELSE (1) END)">
                                                            <Aggregate Distinct="0" AggType="SUM">
                                                              <ScalarOperator>
                                                                <IF>
                                                                  <Condition>
                                                                    <ScalarOperator>
                                                                      <Compare CompareOp="IS">
                                                                        <ScalarOperator>
                                                                          <Identifier>
                                                                            <ColumnReference Column="Act1097" />
                                                                          </Identifier>
                                                                        </ScalarOperator>
                                                                        <ScalarOperator>
                                                                          <Const ConstValue="(3)" />
                                                                        </ScalarOperator>
                                                                      </Compare>
                                                                    </ScalarOperator>
                                                                  </Condition>
                                                                  <Then>
                                                                    <ScalarOperator>
                                                                      <Const ConstValue="(-1)" />
                                                                    </ScalarOperator>
                                                                  </Then>
                                                                  <Else>
                                                                    <ScalarOperator>
                                                                      <Const ConstValue="(1)" />
                                                                    </ScalarOperator>
                                                                  </Else>
                                                                </IF>
                                                              </ScalarOperator>
                                                            </Aggregate>
                                                          </ScalarOperator>
                                                        </DefinedValue>
                                                      </DefinedValues>
                                                      <GroupBy>
                                                        <ColumnReference Database="[OurLabReporting]" Schema="[dbo]" Table="[FailureBugMapping]" Alias="[fbm]" Column="BugId" />
                                                        <ColumnReference Database="[OurLabReporting]" Schema="[dbo]" Table="[BuildVersion]" Alias="[BV]" Column="Branch" />
                                                      </GroupBy>
                                                      <RelOp NodeId="57" PhysicalOp="Sort" LogicalOp="Sort" EstimateRows="5646.44" EstimateIO="0.0112613" EstimateCPU="0.135479" AvgRowSize="44" EstimatedTotalSubtreeCost="9.29025" Parallel="0" EstimateRebinds="0" EstimateRewinds="0" EstimatedExecutionMode="Row">
                                                        <OutputList>
                                                          <ColumnReference Database="[OurLabReporting]" Schema="[dbo]" Table="[FailureBugMapping]" Alias="[fbm]" Column="BugId" />
                                                          <ColumnReference Database="[OurLabReporting]" Schema="[dbo]" Table="[BuildVersion]" Alias="[BV]" Column="Branch" />
                                                          <ColumnReference Column="Act1097" />
                                                        </OutputList>
                                                        <MemoryFractions Input="1" Output="0.556604" />
                                                        <Sort Distinct="0">
                                                          <OrderBy>
                                                            <OrderByColumn Ascending="1">
                                                              <ColumnReference Database="[OurLabReporting]" Schema="[dbo]" Table="[FailureBugMapping]" Alias="[fbm]" Column="BugId" />
                                                            </OrderByColumn>
                                                            <OrderByColumn Ascending="1">
                                                              <ColumnReference Database="[OurLabReporting]" Schema="[dbo]" Table="[BuildVersion]" Alias="[BV]" Column="Branch" />
                                                            </OrderByColumn>
                                                          </OrderBy>
                                                          <RelOp NodeId="58" PhysicalOp="Nested Loops" LogicalOp="Inner Join" EstimateRows="5646.44" EstimateIO="0" EstimateCPU="0.0236021" AvgRowSize="44" EstimatedTotalSubtreeCost="9.14351" Parallel="0" EstimateRebinds="0" EstimateRewinds="0" EstimatedExecutionMode="Row">
                                                            <OutputList>
                                                              <ColumnReference Database="[OurLabReporting]" Schema="[dbo]" Table="[FailureBugMapping]" Alias="[fbm]" Column="BugId" />
                                                              <ColumnReference Database="[OurLabReporting]" Schema="[dbo]" Table="[BuildVersion]" Alias="[BV]" Column="Branch" />
                                                              <ColumnReference Column="Act1097" />
                                                            </OutputList>
                                                            <NestedLoops Optimized="0" WithUnorderedPrefetch="1">
                                                              <OuterReferences>
                                                                <ColumnReference Database="[OurLabReporting]" Schema="[dbo]" Table="[Failure]" Alias="[f]" Column="Id" />
                                                                <ColumnReference Column="Expr1123" />
                                                              </OuterReferences>
                                                              <RelOp NodeId="60" PhysicalOp="Nested Loops" LogicalOp="Inner Join" EstimateRows="5628.82" EstimateIO="0" EstimateCPU="0.0235285" AvgRowSize="44" EstimatedTotalSubtreeCost="0.0683764" Parallel="0" EstimateRebinds="0" EstimateRewinds="0" EstimatedExecutionMode="Row">
                                                                <OutputList>
                                                                  <ColumnReference Database="[OurLabReporting]" Schema="[dbo]" Table="[Failure]" Alias="[f]" Column="Id" />
                                                                  <ColumnReference Database="[OurLabReporting]" Schema="[dbo]" Table="[BuildVersion]" Alias="[BV]" Column="Branch" />
                                                                  <ColumnReference Column="Act1097" />
                                                                </OutputList>
                                                                <NestedLoops Optimized="0">
                                                                  <OuterReferences>
                                                                    <ColumnReference Database="[OurLabReporting]" Schema="[dbo]" Table="[Mix]" Column="Id" />
                                                                  </OuterReferences>
                                                                  <RelOp NodeId="61" PhysicalOp="Nested Loops" LogicalOp="Inner Join" EstimateRows="2" EstimateIO="0" EstimateCPU="8.36e-006" AvgRowSize="44" EstimatedTotalSubtreeCost="0.0218838" Parallel="0" EstimateRebinds="0" EstimateRewinds="0" EstimatedExecutionMode="Row">
                                                                    <OutputList>
                                                                      <ColumnReference Database="[OurLabReporting]" Schema="[dbo]" Table="[Mix]" Column="Id" />
                                                                      <ColumnReference Database="[OurLabReporting]" Schema="[dbo]" Table="[BuildVersion]" Alias="[BV]" Column="Branch" />
                                                                      <ColumnReference Column="Act1097" />
                                                                    </OutputList>
                                                                    <NestedLoops Optimized="0">
                                                                      <OuterReferences>
                                                                        <ColumnReference Database="[OurLabReporting]" Schema="[dbo]" Table="[BuildFlavor]" Alias="[BF]" Column="BuildVersionId" />
                                                                      </OuterReferences>
                                                                      <RelOp NodeId="62" PhysicalOp="Nested Loops" LogicalOp="Inner Join" EstimateRows="2" EstimateIO="0" EstimateCPU="8.36e-006" AvgRowSize="19" EstimatedTotalSubtreeCost="0.0184343" Parallel="0" EstimateRebinds="0" EstimateRewinds="0" EstimatedExecutionMode="Row">
                                                                        <OutputList>
                                                                          <ColumnReference Database="[OurLabReporting]" Schema="[dbo]" Table="[Mix]" Column="Id" />
                                                                          <ColumnReference Database="[OurLabReporting]" Schema="[dbo]" Table="[BuildFlavor]" Alias="[BF]" Column="BuildVersionId" />
                                                                          <ColumnReference Column="Act1097" />
                                                                        </OutputList>
                                                                        <NestedLoops Optimized="0">
                                                                          <OuterReferences>
                                                                            <ColumnReference Database="[OurLabReporting]" Schema="[dbo]" Table="[Mix]" Column="BuildFlavorId" />
                                                                          </OuterReferences>
                                                                          <RelOp NodeId="64" PhysicalOp="Table Spool" LogicalOp="Eager Spool" EstimateRows="2" EstimateIO="0" EstimateCPU="2.5191e-005" AvgRowSize="27" EstimatedTotalSubtreeCost="0.0134227" Parallel="0" EstimateRebinds="0" EstimateRewinds="0" EstimatedExecutionMode="Row">
                                                                            <OutputList>
                                                                              <ColumnReference Database="[OurLabReporting]" Schema="[dbo]" Table="[Mix]" Column="Id" />
                                                                              <ColumnReference Database="[OurLabReporting]" Schema="[dbo]" Table="[Mix]" Column="ScheduleId" />
                                                                              <ColumnReference Database="[OurLabReporting]" Schema="[dbo]" Table="[Mix]" Column="BuildFlavorId" />
                                                                              <ColumnReference Database="[OurLabReporting]" Schema="[dbo]" Table="[Mix]" Column="StatusId" />
                                                                              <ColumnReference Column="Act1097" />
                                                                            </OutputList>
                                                                            <Spool PrimaryNodeId="2" />
                                                                          </RelOp>
                                                                          <RelOp NodeId="70" PhysicalOp="Index Seek" LogicalOp="Index Seek" EstimateRows="1" EstimateIO="0.003125" EstimateCPU="0.0001581" AvgRowSize="11" EstimatedTotalSubtreeCost="0.00500328" TableCardinality="805176" Parallel="0" EstimateRebinds="1" EstimateRewinds="0" EstimatedExecutionMode="Row">
                                                                            <OutputList>
                                                                              <ColumnReference Database="[OurLabReporting]" Schema="[dbo]" Table="[BuildFlavor]" Alias="[BF]" Column="BuildVersionId" />
                                                                            </OutputList>
                                                                            <IndexScan Ordered="1" ScanDirection="FORWARD" ForcedIndex="0" ForceSeek="0" ForceScan="0" NoExpandHint="0" Storage="RowStore">
                                                                              <DefinedValues>
                                                                                <DefinedValue>
                                                                                  <ColumnReference Database="[OurLabReporting]" Schema="[dbo]" Table="[BuildFlavor]" Alias="[BF]" Column="BuildVersionId" />
                                                                                </DefinedValue>
                                                                              </DefinedValues>
                                                                              <Object Database="[OurLabReporting]" Schema="[dbo]" Table="[BuildFlavor]" Index="[BuildFlavor_IDX_Id]" Alias="[BF]" IndexKind="NonClustered" />
                                                                              <SeekPredicates>
                                                                                <SeekPredicateNew>
                                                                                  <SeekKeys>
                                                                                    <Prefix ScanType="EQ">
                                                                                      <RangeColumns>
                                                                                        <ColumnReference Database="[OurLabReporting]" Schema="[dbo]" Table="[BuildFlavor]" Alias="[BF]" Column="Id" />
                                                                                      </RangeColumns>
                                                                                      <RangeExpressions>
                                                                                        <ScalarOperator ScalarString="[OurLabReporting].[dbo].[Mix].[BuildFlavorId]">
                                                                                          <Identifier>
                                                                                            <ColumnReference Database="[OurLabReporting]" Schema="[dbo]" Table="[Mix]" Column="BuildFlavorId" />
                                                                                          </Identifier>
                                                                                        </ScalarOperator>
                                                                                      </RangeExpressions>
                                                                                    </Prefix>
                                                                                  </SeekKeys>
                                                                                </SeekPredicateNew>
                                                                              </SeekPredicates>
                                                                            </IndexScan>
                                                                          </RelOp>
                                                                        </NestedLoops>
                                                                      </RelOp>
                                                                      <RelOp NodeId="71" PhysicalOp="Clustered Index Seek" LogicalOp="Clustered Index Seek" EstimateRows="1" EstimateIO="0.003125" EstimateCPU="0.0001581" AvgRowSize="36" EstimatedTotalSubtreeCost="0.0034412" TableCardinality="78971" Parallel="0" EstimateRebinds="0" EstimateRewinds="1" EstimatedExecutionMode="Row">
                                                                        <OutputList>
                                                                          <ColumnReference Database="[OurLabReporting]" Schema="[dbo]" Table="[BuildVersion]" Alias="[BV]" Column="Branch" />
                                                                        </OutputList>
                                                                        <IndexScan Ordered="1" ScanDirection="FORWARD" ForcedIndex="0" ForceSeek="0" ForceScan="0" NoExpandHint="0" Storage="RowStore">
                                                                          <DefinedValues>
                                                                            <DefinedValue>
                                                                              <ColumnReference Database="[OurLabReporting]" Schema="[dbo]" Table="[BuildVersion]" Alias="[BV]" Column="Branch" />
                                                                            </DefinedValue>
                                                                          </DefinedValues>
                                                                          <Object Database="[OurLabReporting]" Schema="[dbo]" Table="[BuildVersion]" Index="[BuildVersion_PK]" Alias="[BV]" IndexKind="Clustered" />
                                                                          <SeekPredicates>
                                                                            <SeekPredicateNew>
                                                                              <SeekKeys>
                                                                                <Prefix ScanType="EQ">
                                                                                  <RangeColumns>
                                                                                    <ColumnReference Database="[OurLabReporting]" Schema="[dbo]" Table="[BuildVersion]" Alias="[BV]" Column="Id" />
                                                                                  </RangeColumns>
                                                                                  <RangeExpressions>
                                                                                    <ScalarOperator ScalarString="[OurLabReporting].[dbo].[BuildFlavor].[BuildVersionId] as [BF].[BuildVersionId]">
                                                                                      <Identifier>
                                                                                        <ColumnReference Database="[OurLabReporting]" Schema="[dbo]" Table="[BuildFlavor]" Alias="[BF]" Column="BuildVersionId" />
                                                                                      </Identifier>
                                                                                    </ScalarOperator>
                                                                                  </RangeExpressions>
                                                                                </Prefix>
                                                                              </SeekKeys>
                                                                            </SeekPredicateNew>
                                                                          </SeekPredicates>
                                                                        </IndexScan>
                                                                      </RelOp>
                                                                    </NestedLoops>
                                                                  </RelOp>
                                                                  <RelOp NodeId="72" PhysicalOp="Index Seek" LogicalOp="Index Seek" EstimateRows="2814.41" EstimateIO="0.0164583" EstimateCPU="0.00325285" AvgRowSize="11" EstimatedTotalSubtreeCost="0.022964" TableCardinality="3.38966e+007" Parallel="0" EstimateRebinds="0" EstimateRewinds="1" EstimatedExecutionMode="Row">
                                                                    <OutputList>
                                                                      <ColumnReference Database="[OurLabReporting]" Schema="[dbo]" Table="[Failure]" Alias="[f]" Column="Id" />
                                                                    </OutputList>
                                                                    <IndexScan Ordered="1" ScanDirection="FORWARD" ForcedIndex="0" ForceSeek="0" ForceScan="0" NoExpandHint="0" Storage="RowStore">
                                                                      <DefinedValues>
                                                                        <DefinedValue>
                                                                          <ColumnReference Database="[OurLabReporting]" Schema="[dbo]" Table="[Failure]" Alias="[f]" Column="Id" />
                                                                        </DefinedValue>
                                                                      </DefinedValues>
                                                                      <Object Database="[OurLabReporting]" Schema="[dbo]" Table="[Failure]" Index="[Failure_IDX_Mix]" Alias="[f]" IndexKind="NonClustered" />
                                                                      <SeekPredicates>
                                                                        <SeekPredicateNew>
                                                                          <SeekKeys>
                                                                            <Prefix ScanType="EQ">
                                                                              <RangeColumns>
                                                                                <ColumnReference Database="[OurLabReporting]" Schema="[dbo]" Table="[Failure]" Alias="[f]" Column="MixId" />
                                                                              </RangeColumns>
                                                                              <RangeExpressions>
                                                                                <ScalarOperator ScalarString="[OurLabReporting].[dbo].[Mix].[Id]">
                                                                                  <Identifier>
                                                                                    <ColumnReference Database="[OurLabReporting]" Schema="[dbo]" Table="[Mix]" Column="Id" />
                                                                                  </Identifier>
                                                                                </ScalarOperator>
                                                                              </RangeExpressions>
                                                                            </Prefix>
                                                                          </SeekKeys>
                                                                        </SeekPredicateNew>
                                                                      </SeekPredicates>
                                                                    </IndexScan>
                                                                  </RelOp>
                                                                </NestedLoops>
                                                              </RelOp>
                                                              <RelOp NodeId="73" PhysicalOp="Index Seek" LogicalOp="Index Seek" EstimateRows="1.00313" EstimateIO="0.003125" EstimateCPU="0.000158103" AvgRowSize="11" EstimatedTotalSubtreeCost="9.05153" TableCardinality="5.01329e+006" Parallel="0" EstimateRebinds="5626.82" EstimateRewinds="1.00049" EstimatedExecutionMode="Row">
                                                                <OutputList>
                                                                  <ColumnReference Database="[OurLabReporting]" Schema="[dbo]" Table="[FailureBugMapping]" Alias="[fbm]" Column="BugId" />
                                                                </OutputList>
                                                                <IndexScan Ordered="1" ScanDirection="FORWARD" ForcedIndex="0" ForceSeek="0" ForceScan="0" NoExpandHint="0" Storage="RowStore">
                                                                  <DefinedValues>
                                                                    <DefinedValue>
                                                                      <ColumnReference Database="[OurLabReporting]" Schema="[dbo]" Table="[FailureBugMapping]" Alias="[fbm]" Column="BugId" />
                                                                    </DefinedValue>
                                                                  </DefinedValues>
                                                                  <Object Database="[OurLabReporting]" Schema="[dbo]" Table="[FailureBugMapping]" Index="[FailureBugMapping_IDX_Failure]" Alias="[fbm]" IndexKind="NonClustered" />
                                                                  <SeekPredicates>
                                                                    <SeekPredicateNew>
                                                                      <SeekKeys>
                                                                        <Prefix ScanType="EQ">
                                                                          <RangeColumns>
                                                                            <ColumnReference Database="[OurLabReporting]" Schema="[dbo]" Table="[FailureBugMapping]" Alias="[fbm]" Column="FailureId" />
                                                                          </RangeColumns>
                                                                          <RangeExpressions>
                                                                            <ScalarOperator ScalarString="[OurLabReporting].[dbo].[Failure].[Id] as [f].[Id]">
                                                                              <Identifier>
                                                                                <ColumnReference Database="[OurLabReporting]" Schema="[dbo]" Table="[Failure]" Alias="[f]" Column="Id" />
                                                                              </Identifier>
                                                                            </ScalarOperator>
                                                                          </RangeExpressions>
                                                                        </Prefix>
                                                                      </SeekKeys>
                                                                    </SeekPredicateNew>
                                                                  </SeekPredicates>
                                                                </IndexScan>
                                                              </RelOp>
                                                            </NestedLoops>
                                                          </RelOp>
                                                        </Sort>
                                                      </RelOp>
                                                    </StreamAggregate>
                                                  </RelOp>
                                                  <RelOp NodeId="77" PhysicalOp="Index Scan" LogicalOp="Index Scan" EstimateRows="37279" EstimateIO="0.181644" EstimateCPU="0.0411639" AvgRowSize="38" EstimatedTotalSubtreeCost="0.222807" TableCardinality="37279" Parallel="0" EstimateRebinds="0" EstimateRewinds="0" EstimatedExecutionMode="Row">
                                                    <OutputList>
                                                      <ColumnReference Database="[OurLabReporting]" Schema="[dbo]" Table="[Bug]" Alias="[b]" Column="Number" />
                                                      <ColumnReference Database="[OurLabReporting]" Schema="[dbo]" Table="[Bug]" Alias="[b]" Column="DatabaseName" />
                                                      <ColumnReference Database="[OurLabReporting]" Schema="[dbo]" Table="[Bug]" Alias="[b]" Column="Id" />
                                                    </OutputList>
                                                    <IndexScan Ordered="0" ForcedIndex="0" ForceSeek="0" ForceScan="0" NoExpandHint="0" Storage="RowStore">
                                                      <DefinedValues>
                                                        <DefinedValue>
                                                          <ColumnReference Database="[OurLabReporting]" Schema="[dbo]" Table="[Bug]" Alias="[b]" Column="Number" />
                                                        </DefinedValue>
                                                        <DefinedValue>
                                                          <ColumnReference Database="[OurLabReporting]" Schema="[dbo]" Table="[Bug]" Alias="[b]" Column="DatabaseName" />
                                                        </DefinedValue>
                                                        <DefinedValue>
                                                          <ColumnReference Database="[OurLabReporting]" Schema="[dbo]" Table="[Bug]" Alias="[b]" Column="Id" />
                                                        </DefinedValue>
                                                      </DefinedValues>
                                                      <Object Database="[OurLabReporting]" Schema="[dbo]" Table="[Bug]" Index="[Bug_IX_BugDb_INC_BugNo]" Alias="[b]" IndexKind="NonClustered" />
                                                    </IndexScan>
                                                  </RelOp>
                                                </Hash>
                                              </RelOp>
                                            </Sort>
                                          </RelOp>
                                          <RelOp NodeId="80" PhysicalOp="Clustered Index Scan" LogicalOp="Clustered Index Scan" EstimateRows="218711" EstimateIO="1.55275" EstimateCPU="0.240739" AvgRowSize="67" EstimatedTotalSubtreeCost="1.79349" TableCardinality="218711" Parallel="0" EstimateRebinds="0" EstimateRewinds="0" EstimatedExecutionMode="Row">
                                            <OutputList>
                                              <ColumnReference Database="[OurLabReporting]" Schema="[dbo]" Table="[BugBranchFailureCount]" Column="Number" />
                                              <ColumnReference Database="[OurLabReporting]" Schema="[dbo]" Table="[BugBranchFailureCount]" Column="DatabaseName" />
                                              <ColumnReference Database="[OurLabReporting]" Schema="[dbo]" Table="[BugBranchFailureCount]" Column="Branch" />
                                              <ColumnReference Database="[OurLabReporting]" Schema="[dbo]" Table="[BugBranchFailureCount]" Column="FailCount" />
                                            </OutputList>
                                            <IndexScan Ordered="1" ScanDirection="FORWARD" ForcedIndex="0" ForceSeek="0" ForceScan="0" NoExpandHint="1" Storage="RowStore">
                                              <DefinedValues>
                                                <DefinedValue>
                                                  <ColumnReference Database="[OurLabReporting]" Schema="[dbo]" Table="[BugBranchFailureCount]" Column="Number" />
                                                </DefinedValue>
                                                <DefinedValue>
                                                  <ColumnReference Database="[OurLabReporting]" Schema="[dbo]" Table="[BugBranchFailureCount]" Column="DatabaseName" />
                                                </DefinedValue>
                                                <DefinedValue>
                                                  <ColumnReference Database="[OurLabReporting]" Schema="[dbo]" Table="[BugBranchFailureCount]" Column="Branch" />
                                                </DefinedValue>
                                                <DefinedValue>
                                                  <ColumnReference Database="[OurLabReporting]" Schema="[dbo]" Table="[BugBranchFailureCount]" Column="FailCount" />
                                                </DefinedValue>
                                              </DefinedValues>
                                              <Object Database="[OurLabReporting]" Schema="[dbo]" Table="[BugBranchFailureCount]" Index="[IDX_BugBranchFailureCount]" IndexKind="ViewClustered" />
                                            </IndexScan>
                                          </RelOp>
                                        </Merge>
                                      </RelOp>
                                    </ComputeScalar>
                                  </RelOp>
                                </Sort>
                              </RelOp>
                            </Collapse>
                          </RelOp>
                        </Update>
                      </RelOp>
                      <RelOp NodeId="97" PhysicalOp="Index Update" LogicalOp="Update" EstimateRows="2.4817" EstimateIO="0.01" EstimateCPU="2.4817e-006" AvgRowSize="9" EstimatedTotalSubtreeCost="0.0645834" Parallel="0" EstimateRebinds="0" EstimateRewinds="0" EstimatedExecutionMode="Row">
                        <OutputList />
                        <Update DMLRequestSort="0">
                          <Object Database="[OurLabReporting]" Schema="[dbo]" Table="[View_BuildTestpassMix]" Index="[View_BuildTestpassMix_BuildTestPassName]" IndexKind="ViewNonClustered" />
                          <SetPredicate>
                            <ScalarOperator ScalarString="[BuildVersionId1106] = [OurLabReporting].[dbo].[View_BuildTestpassMix].[BuildVersionId],[TestPassId1107] = [OurLabReporting].[dbo].[View_BuildTestpassMix].[TestPassId],[MixId1108] = [OurLabReporting].[dbo].[View_BuildTestpassMix].[MixId],[TestPassDefinitionId1109] = [OurLabReporting].[dbo].[View_BuildTestpassMix].[TestPassDefinitionId],[FullBuildNumber1110] = [OurLabReporting].[dbo].[View_BuildTestpassMix].[FullBuildNumber],[TestPassName1111] = [OurLabReporting].[dbo].[View_BuildTestpassMix].[TestPassName]">
                              <ScalarExpressionList>
                                <ScalarOperator>
                                  <MultipleAssign>
                                    <Assign>
                                      <ColumnReference Column="BuildVersionId1106" />
                                      <ScalarOperator>
                                        <Identifier>
                                          <ColumnReference Database="[OurLabReporting]" Schema="[dbo]" Table="[View_BuildTestpassMix]" Column="BuildVersionId" />
                                        </Identifier>
                                      </ScalarOperator>
                                    </Assign>
                                    <Assign>
                                      <ColumnReference Column="TestPassId1107" />
                                      <ScalarOperator>
                                        <Identifier>
                                          <ColumnReference Database="[OurLabReporting]" Schema="[dbo]" Table="[View_BuildTestpassMix]" Column="TestPassId" />
                                        </Identifier>
                                      </ScalarOperator>
                                    </Assign>
                                    <Assign>
                                      <ColumnReference Column="MixId1108" />
                                      <ScalarOperator>
                                        <Identifier>
                                          <ColumnReference Database="[OurLabReporting]" Schema="[dbo]" Table="[View_BuildTestpassMix]" Column="MixId" />
                                        </Identifier>
                                      </ScalarOperator>
                                    </Assign>
                                    <Assign>
                                      <ColumnReference Column="TestPassDefinitionId1109" />
                                      <ScalarOperator>
                                        <Identifier>
                                          <ColumnReference Database="[OurLabReporting]" Schema="[dbo]" Table="[View_BuildTestpassMix]" Column="TestPassDefinitionId" />
                                        </Identifier>
                                      </ScalarOperator>
                                    </Assign>
                                    <Assign>
                                      <ColumnReference Column="FullBuildNumber1110" />
                                      <ScalarOperator>
                                        <Identifier>
                                          <ColumnReference Database="[OurLabReporting]" Schema="[dbo]" Table="[View_BuildTestpassMix]" Column="FullBuildNumber" />
                                        </Identifier>
                                      </ScalarOperator>
                                    </Assign>
                                    <Assign>
                                      <ColumnReference Column="TestPassName1111" />
                                      <ScalarOperator>
                                        <Identifier>
                                          <ColumnReference Database="[OurLabReporting]" Schema="[dbo]" Table="[View_BuildTestpassMix]" Column="TestPassName" />
                                        </Identifier>
                                      </ScalarOperator>
                                    </Assign>
                                  </MultipleAssign>
                                </ScalarOperator>
                              </ScalarExpressionList>
                            </ScalarOperator>
                          </SetPredicate>
                          <ActionColumn>
                            <ColumnReference Column="Act1097" />
                          </ActionColumn>
                          <RelOp NodeId="98" PhysicalOp="Split" LogicalOp="Split" EstimateRows="2.4817" EstimateIO="0" EstimateCPU="1.86127e-006" AvgRowSize="439" EstimatedTotalSubtreeCost="0.0545809" Parallel="0" EstimateRebinds="0" EstimateRewinds="0" EstimatedExecutionMode="Row">
                            <OutputList>
                              <ColumnReference Database="[OurLabReporting]" Schema="[dbo]" Table="[View_BuildTestpassMix]" Column="TestPassId" />
                              <ColumnReference Database="[OurLabReporting]" Schema="[dbo]" Table="[View_BuildTestpassMix]" Column="TestPassDefinitionId" />
                              <ColumnReference Database="[OurLabReporting]" Schema="[dbo]" Table="[View_BuildTestpassMix]" Column="MixId" />
                              <ColumnReference Database="[OurLabReporting]" Schema="[dbo]" Table="[View_BuildTestpassMix]" Column="BuildVersionId" />
                              <ColumnReference Database="[OurLabReporting]" Schema="[dbo]" Table="[View_BuildTestpassMix]" Column="FullBuildNumber" />
                              <ColumnReference Database="[OurLabReporting]" Schema="[dbo]" Table="[View_BuildTestpassMix]" Column="TestPassName" />
                              <ColumnReference Column="Act1097" />
                            </OutputList>
                            <Split>
                              <DefinedValues>
                                <DefinedValue>
                                  <ColumnReference Column="Act1097" />
                                </DefinedValue>
                              </DefinedValues>
                              <ActionColumn>
                                <ColumnReference Column="Act1097" />
                              </ActionColumn>
                              <RelOp NodeId="99" PhysicalOp="Clustered Index Update" LogicalOp="Update" EstimateRows="1.24085" EstimateIO="0.01" EstimateCPU="1.24085e-006" AvgRowSize="866" EstimatedTotalSubtreeCost="0.0545791" Parallel="0" EstimateRebinds="0" EstimateRewinds="0" EstimatedExecutionMode="Row">
                                <OutputList>
                                  <ColumnReference Database="[OurLabReporting]" Schema="[dbo]" Table="[View_BuildTestpassMix]" Column="TestPassId" />
                                  <ColumnReference Database="[OurLabReporting]" Schema="[dbo]" Table="[View_BuildTestpassMix]" Column="TestPassDefinitionId" />
                                  <ColumnReference Database="[OurLabReporting]" Schema="[dbo]" Table="[View_BuildTestpassMix]" Column="MixId" />
                                  <ColumnReference Database="[OurLabReporting]" Schema="[dbo]" Table="[View_BuildTestpassMix]" Column="BuildVersionId" />
                                  <ColumnReference Database="[OurLabReporting]" Schema="[dbo]" Table="[View_BuildTestpassMix]" Column="FullBuildNumber" />
                                  <ColumnReference Database="[OurLabReporting]" Schema="[dbo]" Table="[View_BuildTestpassMix]" Column="TestPassName" />
                                  <ColumnReference Column="Act1097" />
                                  <ColumnReference Column="TestPassName_OLD" />
                                  <ColumnReference Column="TestPassId_OLD" />
                                  <ColumnReference Column="TestPassDefinitionId_OLD" />
                                  <ColumnReference Column="MixId_OLD" />
                                  <ColumnReference Column="BuildVersionId_OLD" />
                                  <ColumnReference Column="FullBuildNumber_OLD" />
                                </OutputList>
                                <Update DMLRequestSort="1">
                                  <Object Database="[OurLabReporting]" Schema="[dbo]" Table="[View_BuildTestpassMix]" Index="[View_BuildTestpassMix_PK]" IndexKind="ViewClustered" />
                                  <SetPredicate>
                                    <ScalarOperator ScalarString="[OurLabReporting].[dbo].[View_BuildTestpassMix].[TestPassId] = RaiseIfNullUpdate([OurLabReporting].[dbo].[Testpass].[Id] as [TP].[Id]),[OurLabReporting].[dbo].[View_BuildTestpassMix].[TestPassDefinitionId] = RaiseIfNullUpdate([OurLabReporting].[dbo].[TestpassDefinition].[Id] as [TPD].[Id]),[OurLabReporting].[dbo].[View_BuildTestpassMix].[MixId] = RaiseIfNullUpdate([OurLabReporting].[dbo].[Mix].[Id] as [M].[Id]),[OurLabReporting].[dbo].[View_BuildTestpassMix].[BuildVersionId] = RaiseIfNullUpdate([OurLabReporting].[dbo].[BuildVersion].[Id] as [BV].[Id]),[OurLabReporting].[dbo].[View_BuildTestpassMix].[Branch] = RaiseIfNullUpdate([OurLabReporting].[dbo].[BuildVersion].[Branch] as [BV].[Branch]),[OurLabReporting].[dbo].[View_BuildTestpassMix].[FullBuildNumber] = [OurLabReporting].[dbo].[BuildVersion].[FullBuildNumber] as [BV].[FullBuildNumber],[OurLabReporting].[dbo].[View_BuildTestpassMix].[TestPassName] = RaiseIfNullUpdate([OurLabReporting].[dbo].[TestpassDefinition].[Name] as [TPD].[Name])">
                                      <ScalarExpressionList>
                                        <ScalarOperator>
                                          <MultipleAssign>
                                            <Assign>
                                              <ColumnReference Database="[OurLabReporting]" Schema="[dbo]" Table="[View_BuildTestpassMix]" Column="TestPassId" />
                                              <ScalarOperator>
                                                <Intrinsic FunctionName="RaiseIfNullUpdate">
                                                  <ScalarOperator>
                                                    <Identifier>
                                                      <ColumnReference Database="[OurLabReporting]" Schema="[dbo]" Table="[Testpass]" Alias="[TP]" Column="Id" />
                                                    </Identifier>
                                                  </ScalarOperator>
                                                </Intrinsic>
                                              </ScalarOperator>
                                            </Assign>
                                            <Assign>
                                              <ColumnReference Database="[OurLabReporting]" Schema="[dbo]" Table="[View_BuildTestpassMix]" Column="TestPassDefinitionId" />
                                              <ScalarOperator>
                                                <Intrinsic FunctionName="RaiseIfNullUpdate">
                                                  <ScalarOperator>
                                                    <Identifier>
                                                      <ColumnReference Database="[OurLabReporting]" Schema="[dbo]" Table="[TestpassDefinition]" Alias="[TPD]" Column="Id" />
                                                    </Identifier>
                                                  </ScalarOperator>
                                                </Intrinsic>
                                              </ScalarOperator>
                                            </Assign>
                                            <Assign>
                                              <ColumnReference Database="[OurLabReporting]" Schema="[dbo]" Table="[View_BuildTestpassMix]" Column="MixId" />
                                              <ScalarOperator>
                                                <Intrinsic FunctionName="RaiseIfNullUpdate">
                                                  <ScalarOperator>
                                                    <Identifier>
                                                      <ColumnReference Database="[OurLabReporting]" Schema="[dbo]" Table="[Mix]" Alias="[M]" Column="Id" />
                                                    </Identifier>
                                                  </ScalarOperator>
                                                </Intrinsic>
                                              </ScalarOperator>
                                            </Assign>
                                            <Assign>
                                              <ColumnReference Database="[OurLabReporting]" Schema="[dbo]" Table="[View_BuildTestpassMix]" Column="BuildVersionId" />
                                              <ScalarOperator>
                                                <Intrinsic FunctionName="RaiseIfNullUpdate">
                                                  <ScalarOperator>
                                                    <Identifier>
                                                      <ColumnReference Database="[OurLabReporting]" Schema="[dbo]" Table="[BuildVersion]" Alias="[BV]" Column="Id" />
                                                    </Identifier>
                                                  </ScalarOperator>
                                                </Intrinsic>
                                              </ScalarOperator>
                                            </Assign>
                                            <Assign>
                                              <ColumnReference Database="[OurLabReporting]" Schema="[dbo]" Table="[View_BuildTestpassMix]" Column="Branch" />
                                              <ScalarOperator>
                                                <Intrinsic FunctionName="RaiseIfNullUpdate">
                                                  <ScalarOperator>
                                                    <Identifier>
                                                      <ColumnReference Database="[OurLabReporting]" Schema="[dbo]" Table="[BuildVersion]" Alias="[BV]" Column="Branch" />
                                                    </Identifier>
                                                  </ScalarOperator>
                                                </Intrinsic>
                                              </ScalarOperator>
                                            </Assign>
                                            <Assign>
                                              <ColumnReference Database="[OurLabReporting]" Schema="[dbo]" Table="[View_BuildTestpassMix]" Column="FullBuildNumber" />
                                              <ScalarOperator>
                                                <Identifier>
                                                  <ColumnReference Database="[OurLabReporting]" Schema="[dbo]" Table="[BuildVersion]" Alias="[BV]" Column="FullBuildNumber" />
                                                </Identifier>
                                              </ScalarOperator>
                                            </Assign>
                                            <Assign>
                                              <ColumnReference Database="[OurLabReporting]" Schema="[dbo]" Table="[View_BuildTestpassMix]" Column="TestPassName" />
                                              <ScalarOperator>
                                                <Intrinsic FunctionName="RaiseIfNullUpdate">
                                                  <ScalarOperator>
                                                    <Identifier>
                                                      <ColumnReference Database="[OurLabReporting]" Schema="[dbo]" Table="[TestpassDefinition]" Alias="[TPD]" Column="Name" />
                                                    </Identifier>
                                                  </ScalarOperator>
                                                </Intrinsic>
                                              </ScalarOperator>
                                            </Assign>
                                          </MultipleAssign>
                                        </ScalarOperator>
                                      </ScalarExpressionList>
                                    </ScalarOperator>
                                  </SetPredicate>
                                  <ActionColumn>
                                    <ColumnReference Column="Act1097" />
                                  </ActionColumn>
                                  <RelOp NodeId="100" PhysicalOp="Collapse" LogicalOp="Collapse" EstimateRows="1.24085" EstimateIO="0" EstimateCPU="3.72255e-006" AvgRowSize="483" EstimatedTotalSubtreeCost="0.0445778" Parallel="0" EstimateRebinds="0" EstimateRewinds="0" EstimatedExecutionMode="Row">
                                    <OutputList>
                                      <ColumnReference Database="[OurLabReporting]" Schema="[dbo]" Table="[TestpassDefinition]" Alias="[TPD]" Column="Id" />
                                      <ColumnReference Database="[OurLabReporting]" Schema="[dbo]" Table="[TestpassDefinition]" Alias="[TPD]" Column="Name" />
                                      <ColumnReference Database="[OurLabReporting]" Schema="[dbo]" Table="[Testpass]" Alias="[TP]" Column="Id" />
                                      <ColumnReference Database="[OurLabReporting]" Schema="[dbo]" Table="[Mix]" Alias="[M]" Column="Id" />
                                      <ColumnReference Database="[OurLabReporting]" Schema="[dbo]" Table="[BuildVersion]" Alias="[BV]" Column="Id" />
                                      <ColumnReference Database="[OurLabReporting]" Schema="[dbo]" Table="[BuildVersion]" Alias="[BV]" Column="Branch" />
                                      <ColumnReference Database="[OurLabReporting]" Schema="[dbo]" Table="[BuildVersion]" Alias="[BV]" Column="FullBuildNumber" />
                                      <ColumnReference Column="Act1097" />
                                      <ColumnReference Database="[OurLabReporting]" Schema="[dbo]" Table="[View_BuildTestpassMix]" Column="TestPassId" />
                                      <ColumnReference Database="[OurLabReporting]" Schema="[dbo]" Table="[View_BuildTestpassMix]" Column="TestPassDefinitionId" />
                                      <ColumnReference Database="[OurLabReporting]" Schema="[dbo]" Table="[View_BuildTestpassMix]" Column="MixId" />
                                      <ColumnReference Database="[OurLabReporting]" Schema="[dbo]" Table="[View_BuildTestpassMix]" Column="BuildVersionId" />
                                    </OutputList>
                                    <Collapse>
                                      <GroupBy>
                                        <ColumnReference Database="[OurLabReporting]" Schema="[dbo]" Table="[BuildVersion]" Alias="[BV]" Column="Id" />
                                        <ColumnReference Database="[OurLabReporting]" Schema="[dbo]" Table="[Testpass]" Alias="[TP]" Column="Id" />
                                        <ColumnReference Database="[OurLabReporting]" Schema="[dbo]" Table="[Mix]" Column="Id" />
                                        <ColumnReference Database="[OurLabReporting]" Schema="[dbo]" Table="[TestpassDefinition]" Alias="[TPD]" Column="Id" />
                                      </GroupBy>
                                      <RelOp NodeId="102" PhysicalOp="Nested Loops" LogicalOp="Inner Join" EstimateRows="2.4817" EstimateIO="0" EstimateCPU="1.03735e-005" AvgRowSize="471" EstimatedTotalSubtreeCost="0.0445741" Parallel="0" EstimateRebinds="0" EstimateRewinds="0" EstimatedExecutionMode="Row">
                                        <OutputList>
                                          <ColumnReference Database="[OurLabReporting]" Schema="[dbo]" Table="[TestpassDefinition]" Alias="[TPD]" Column="Id" />
                                          <ColumnReference Database="[OurLabReporting]" Schema="[dbo]" Table="[TestpassDefinition]" Alias="[TPD]" Column="Name" />
                                          <ColumnReference Database="[OurLabReporting]" Schema="[dbo]" Table="[Testpass]" Alias="[TP]" Column="Id" />
                                          <ColumnReference Database="[OurLabReporting]" Schema="[dbo]" Table="[Mix]" Column="Id" />
                                          <ColumnReference Database="[OurLabReporting]" Schema="[dbo]" Table="[BuildFlavor]" Alias="[BF]" Column="BuildVersionId" />
                                          <ColumnReference Database="[OurLabReporting]" Schema="[dbo]" Table="[BuildVersion]" Alias="[BV]" Column="Id" />
                                          <ColumnReference Database="[OurLabReporting]" Schema="[dbo]" Table="[BuildVersion]" Alias="[BV]" Column="Branch" />
                                          <ColumnReference Database="[OurLabReporting]" Schema="[dbo]" Table="[BuildVersion]" Alias="[BV]" Column="FullBuildNumber" />
                                          <ColumnReference Column="Act1097" />
                                        </OutputList>
                                        <NestedLoops Optimized="0">
                                          <OuterReferences>
                                            <ColumnReference Database="[OurLabReporting]" Schema="[dbo]" Table="[Testpass]" Alias="[TP]" Column="TestpassDefinitionId" />
                                          </OuterReferences>
                                          <RelOp NodeId="103" PhysicalOp="Nested Loops" LogicalOp="Inner Join" EstimateRows="2.4817" EstimateIO="0" EstimateCPU="1.03735e-005" AvgRowSize="318" EstimatedTotalSubtreeCost="0.0406414" Parallel="0" EstimateRebinds="0" EstimateRewinds="0" EstimatedExecutionMode="Row">
                                            <OutputList>
                                              <ColumnReference Database="[OurLabReporting]" Schema="[dbo]" Table="[Testpass]" Alias="[TP]" Column="Id" />
                                              <ColumnReference Database="[OurLabReporting]" Schema="[dbo]" Table="[Testpass]" Alias="[TP]" Column="TestpassDefinitionId" />
                                              <ColumnReference Database="[OurLabReporting]" Schema="[dbo]" Table="[Mix]" Column="Id" />
                                              <ColumnReference Database="[OurLabReporting]" Schema="[dbo]" Table="[BuildFlavor]" Alias="[BF]" Column="BuildVersionId" />
                                              <ColumnReference Database="[OurLabReporting]" Schema="[dbo]" Table="[BuildVersion]" Alias="[BV]" Column="Id" />
                                              <ColumnReference Database="[OurLabReporting]" Schema="[dbo]" Table="[BuildVersion]" Alias="[BV]" Column="Branch" />
                                              <ColumnReference Database="[OurLabReporting]" Schema="[dbo]" Table="[BuildVersion]" Alias="[BV]" Column="FullBuildNumber" />
                                              <ColumnReference Column="Act1097" />
                                            </OutputList>
                                            <NestedLoops Optimized="0">
                                              <OuterReferences>
                                                <ColumnReference Database="[OurLabReporting]" Schema="[dbo]" Table="[TestpassPackageMapping]" Alias="[TPM]" Column="TestpassId" />
                                              </OuterReferences>
                                              <RelOp NodeId="104" PhysicalOp="Nested Loops" LogicalOp="Inner Join" EstimateRows="2.4817" EstimateIO="0" EstimateCPU="1.03735e-005" AvgRowSize="314" EstimatedTotalSubtreeCost="0.0367006" Parallel="0" EstimateRebinds="0" EstimateRewinds="0" EstimatedExecutionMode="Row">
                                                <OutputList>
                                                  <ColumnReference Database="[OurLabReporting]" Schema="[dbo]" Table="[TestpassPackageMapping]" Alias="[TPM]" Column="TestpassId" />
                                                  <ColumnReference Database="[OurLabReporting]" Schema="[dbo]" Table="[Mix]" Column="Id" />
                                                  <ColumnReference Database="[OurLabReporting]" Schema="[dbo]" Table="[BuildFlavor]" Alias="[BF]" Column="BuildVersionId" />
                                                  <ColumnReference Database="[OurLabReporting]" Schema="[dbo]" Table="[BuildVersion]" Alias="[BV]" Column="Id" />
                                                  <ColumnReference Database="[OurLabReporting]" Schema="[dbo]" Table="[BuildVersion]" Alias="[BV]" Column="Branch" />
                                                  <ColumnReference Database="[OurLabReporting]" Schema="[dbo]" Table="[BuildVersion]" Alias="[BV]" Column="FullBuildNumber" />
                                                  <ColumnReference Column="Act1097" />
                                                </OutputList>
                                                <NestedLoops Optimized="0">
                                                  <OuterReferences>
                                                    <ColumnReference Database="[OurLabReporting]" Schema="[dbo]" Table="[Mix]" Column="Id" />
                                                  </OuterReferences>
                                                  <RelOp NodeId="106" PhysicalOp="Nested Loops" LogicalOp="Inner Join" EstimateRows="2" EstimateIO="0" EstimateCPU="8.36e-006" AvgRowSize="310" EstimatedTotalSubtreeCost="0.0332482" Parallel="0" EstimateRebinds="0" EstimateRewinds="0" EstimatedExecutionMode="Row">
                                                    <OutputList>
                                                      <ColumnReference Database="[OurLabReporting]" Schema="[dbo]" Table="[Mix]" Column="Id" />
                                                      <ColumnReference Database="[OurLabReporting]" Schema="[dbo]" Table="[BuildFlavor]" Alias="[BF]" Column="BuildVersionId" />
                                                      <ColumnReference Database="[OurLabReporting]" Schema="[dbo]" Table="[BuildVersion]" Alias="[BV]" Column="Id" />
                                                      <ColumnReference Database="[OurLabReporting]" Schema="[dbo]" Table="[BuildVersion]" Alias="[BV]" Column="Branch" />
                                                      <ColumnReference Database="[OurLabReporting]" Schema="[dbo]" Table="[BuildVersion]" Alias="[BV]" Column="FullBuildNumber" />
                                                      <ColumnReference Column="Act1097" />
                                                    </OutputList>
                                                    <NestedLoops Optimized="0">
                                                      <OuterReferences>
                                                        <ColumnReference Database="[OurLabReporting]" Schema="[dbo]" Table="[BuildFlavor]" Alias="[BF]" Column="BuildVersionId" />
                                                      </OuterReferences>
                                                      <RelOp NodeId="107" PhysicalOp="Sort" LogicalOp="Sort" EstimateRows="2" EstimateIO="0.0112613" EstimateCPU="0.000103139" AvgRowSize="19" EstimatedTotalSubtreeCost="0.0297987" Parallel="0" EstimateRebinds="0" EstimateRewinds="0" EstimatedExecutionMode="Row">
                                                        <OutputList>
                                                          <ColumnReference Database="[OurLabReporting]" Schema="[dbo]" Table="[Mix]" Column="Id" />
                                                          <ColumnReference Database="[OurLabReporting]" Schema="[dbo]" Table="[BuildFlavor]" Alias="[BF]" Column="BuildVersionId" />
                                                          <ColumnReference Column="Act1097" />
                                                        </OutputList>
                                                        <MemoryFractions Input="1" Output="1" />
                                                        <Sort Distinct="0">
                                                          <OrderBy>
                                                            <OrderByColumn Ascending="1">
                                                              <ColumnReference Database="[OurLabReporting]" Schema="[dbo]" Table="[BuildFlavor]" Alias="[BF]" Column="BuildVersionId" />
                                                            </OrderByColumn>
                                                            <OrderByColumn Ascending="1">
                                                              <ColumnReference Column="Act1097" />
                                                            </OrderByColumn>
                                                          </OrderBy>
                                                          <RelOp NodeId="108" PhysicalOp="Nested Loops" LogicalOp="Inner Join" EstimateRows="2" EstimateIO="0" EstimateCPU="8.36e-006" AvgRowSize="19" EstimatedTotalSubtreeCost="0.0184343" Parallel="0" EstimateRebinds="0" EstimateRewinds="0" EstimatedExecutionMode="Row">
                                                            <OutputList>
                                                              <ColumnReference Database="[OurLabReporting]" Schema="[dbo]" Table="[Mix]" Column="Id" />
                                                              <ColumnReference Database="[OurLabReporting]" Schema="[dbo]" Table="[BuildFlavor]" Alias="[BF]" Column="BuildVersionId" />
                                                              <ColumnReference Column="Act1097" />
                                                            </OutputList>
                                                            <NestedLoops Optimized="0">
                                                              <OuterReferences>
                                                                <ColumnReference Database="[OurLabReporting]" Schema="[dbo]" Table="[Mix]" Column="BuildFlavorId" />
                                                              </OuterReferences>
                                                              <RelOp NodeId="110" PhysicalOp="Table Spool" LogicalOp="Eager Spool" EstimateRows="2" EstimateIO="0" EstimateCPU="2.5191e-005" AvgRowSize="27" EstimatedTotalSubtreeCost="0.0134227" Parallel="0" EstimateRebinds="0" EstimateRewinds="0" EstimatedExecutionMode="Row">
                                                                <OutputList>
                                                                  <ColumnReference Database="[OurLabReporting]" Schema="[dbo]" Table="[Mix]" Column="Id" />
                                                                  <ColumnReference Database="[OurLabReporting]" Schema="[dbo]" Table="[Mix]" Column="ScheduleId" />
                                                                  <ColumnReference Database="[OurLabReporting]" Schema="[dbo]" Table="[Mix]" Column="BuildFlavorId" />
                                                                  <ColumnReference Database="[OurLabReporting]" Schema="[dbo]" Table="[Mix]" Column="StatusId" />
                                                                  <ColumnReference Column="Act1097" />
                                                                </OutputList>
                                                                <Spool PrimaryNodeId="2" />
                                                              </RelOp>
                                                              <RelOp NodeId="116" PhysicalOp="Index Seek" LogicalOp="Index Seek" EstimateRows="1" EstimateIO="0.003125" EstimateCPU="0.0001581" AvgRowSize="11" EstimatedTotalSubtreeCost="0.00500328" TableCardinality="805176" Parallel="0" EstimateRebinds="1" EstimateRewinds="0" EstimatedExecutionMode="Row">
                                                                <OutputList>
                                                                  <ColumnReference Database="[OurLabReporting]" Schema="[dbo]" Table="[BuildFlavor]" Alias="[BF]" Column="BuildVersionId" />
                                                                </OutputList>
                                                                <IndexScan Ordered="1" ScanDirection="FORWARD" ForcedIndex="0" ForceSeek="0" ForceScan="0" NoExpandHint="0" Storage="RowStore">
                                                                  <DefinedValues>
                                                                    <DefinedValue>
                                                                      <ColumnReference Database="[OurLabReporting]" Schema="[dbo]" Table="[BuildFlavor]" Alias="[BF]" Column="BuildVersionId" />
                                                                    </DefinedValue>
                                                                  </DefinedValues>
                                                                  <Object Database="[OurLabReporting]" Schema="[dbo]" Table="[BuildFlavor]" Index="[BuildFlavor_IDX_Id]" Alias="[BF]" IndexKind="NonClustered" />
                                                                  <SeekPredicates>
                                                                    <SeekPredicateNew>
                                                                      <SeekKeys>
                                                                        <Prefix ScanType="EQ">
                                                                          <RangeColumns>
                                                                            <ColumnReference Database="[OurLabReporting]" Schema="[dbo]" Table="[BuildFlavor]" Alias="[BF]" Column="Id" />
                                                                          </RangeColumns>
                                                                          <RangeExpressions>
                                                                            <ScalarOperator ScalarString="[OurLabReporting].[dbo].[Mix].[BuildFlavorId]">
                                                                              <Identifier>
                                                                                <ColumnReference Database="[OurLabReporting]" Schema="[dbo]" Table="[Mix]" Column="BuildFlavorId" />
                                                                              </Identifier>
                                                                            </ScalarOperator>
                                                                          </RangeExpressions>
                                                                        </Prefix>
                                                                      </SeekKeys>
                                                                    </SeekPredicateNew>
                                                                  </SeekPredicates>
                                                                </IndexScan>
                                                              </RelOp>
                                                            </NestedLoops>
                                                          </RelOp>
                                                        </Sort>
                                                      </RelOp>
                                                      <RelOp NodeId="117" PhysicalOp="Clustered Index Seek" LogicalOp="Clustered Index Seek" EstimateRows="1" EstimateIO="0.003125" EstimateCPU="0.0001581" AvgRowSize="298" EstimatedTotalSubtreeCost="0.0034412" TableCardinality="78971" Parallel="0" EstimateRebinds="0" EstimateRewinds="1" EstimatedExecutionMode="Row">
                                                        <OutputList>
                                                          <ColumnReference Database="[OurLabReporting]" Schema="[dbo]" Table="[BuildVersion]" Alias="[BV]" Column="Id" />
                                                          <ColumnReference Database="[OurLabReporting]" Schema="[dbo]" Table="[BuildVersion]" Alias="[BV]" Column="Branch" />
                                                          <ColumnReference Database="[OurLabReporting]" Schema="[dbo]" Table="[BuildVersion]" Alias="[BV]" Column="FullBuildNumber" />
                                                        </OutputList>
                                                        <IndexScan Ordered="1" ScanDirection="FORWARD" ForcedIndex="0" ForceSeek="0" ForceScan="0" NoExpandHint="0" Storage="RowStore">
                                                          <DefinedValues>
                                                            <DefinedValue>
                                                              <ColumnReference Database="[OurLabReporting]" Schema="[dbo]" Table="[BuildVersion]" Alias="[BV]" Column="Id" />
                                                            </DefinedValue>
                                                            <DefinedValue>
                                                              <ColumnReference Database="[OurLabReporting]" Schema="[dbo]" Table="[BuildVersion]" Alias="[BV]" Column="Branch" />
                                                            </DefinedValue>
                                                            <DefinedValue>
                                                              <ColumnReference Database="[OurLabReporting]" Schema="[dbo]" Table="[BuildVersion]" Alias="[BV]" Column="FullBuildNumber" />
                                                            </DefinedValue>
                                                          </DefinedValues>
                                                          <Object Database="[OurLabReporting]" Schema="[dbo]" Table="[BuildVersion]" Index="[BuildVersion_PK]" Alias="[BV]" IndexKind="Clustered" />
                                                          <SeekPredicates>
                                                            <SeekPredicateNew>
                                                              <SeekKeys>
                                                                <Prefix ScanType="EQ">
                                                                  <RangeColumns>
                                                                    <ColumnReference Database="[OurLabReporting]" Schema="[dbo]" Table="[BuildVersion]" Alias="[BV]" Column="Id" />
                                                                  </RangeColumns>
                                                                  <RangeExpressions>
                                                                    <ScalarOperator ScalarString="[OurLabReporting].[dbo].[BuildFlavor].[BuildVersionId] as [BF].[BuildVersionId]">
                                                                      <Identifier>
                                                                        <ColumnReference Database="[OurLabReporting]" Schema="[dbo]" Table="[BuildFlavor]" Alias="[BF]" Column="BuildVersionId" />
                                                                      </Identifier>
                                                                    </ScalarOperator>
                                                                  </RangeExpressions>
                                                                </Prefix>
                                                              </SeekKeys>
                                                            </SeekPredicateNew>
                                                          </SeekPredicates>
                                                        </IndexScan>
                                                      </RelOp>
                                                    </NestedLoops>
                                                  </RelOp>
                                                  <RelOp NodeId="119" PhysicalOp="Clustered Index Seek" LogicalOp="Clustered Index Seek" EstimateRows="1.24085" EstimateIO="0.003125" EstimateCPU="0.000158365" AvgRowSize="11" EstimatedTotalSubtreeCost="0.00344173" TableCardinality="1.48174e+006" Parallel="0" EstimateRebinds="0" EstimateRewinds="1" EstimatedExecutionMode="Row">
                                                    <OutputList>
                                                      <ColumnReference Database="[OurLabReporting]" Schema="[dbo]" Table="[TestpassPackageMapping]" Alias="[TPM]" Column="TestpassId" />
                                                    </OutputList>
                                                    <IndexScan Ordered="1" ScanDirection="FORWARD" ForcedIndex="0" ForceSeek="0" ForceScan="0" NoExpandHint="0" Storage="RowStore">
                                                      <DefinedValues>
                                                        <DefinedValue>
                                                          <ColumnReference Database="[OurLabReporting]" Schema="[dbo]" Table="[TestpassPackageMapping]" Alias="[TPM]" Column="TestpassId" />
                                                        </DefinedValue>
                                                      </DefinedValues>
                                                      <Object Database="[OurLabReporting]" Schema="[dbo]" Table="[TestpassPackageMapping]" Index="[PK_TestpassPackageMapping]" Alias="[TPM]" IndexKind="Clustered" />
                                                      <SeekPredicates>
                                                        <SeekPredicateNew>
                                                          <SeekKeys>
                                                            <Prefix ScanType="EQ">
                                                              <RangeColumns>
                                                                <ColumnReference Database="[OurLabReporting]" Schema="[dbo]" Table="[TestpassPackageMapping]" Alias="[TPM]" Column="MixId" />
                                                              </RangeColumns>
                                                              <RangeExpressions>
                                                                <ScalarOperator ScalarString="[OurLabReporting].[dbo].[Mix].[Id]">
                                                                  <Identifier>
                                                                    <ColumnReference Database="[OurLabReporting]" Schema="[dbo]" Table="[Mix]" Column="Id" />
                                                                  </Identifier>
                                                                </ScalarOperator>
                                                              </RangeExpressions>
                                                            </Prefix>
                                                          </SeekKeys>
                                                        </SeekPredicateNew>
                                                      </SeekPredicates>
                                                    </IndexScan>
                                                  </RelOp>
                                                </NestedLoops>
                                              </RelOp>
                                              <RelOp NodeId="120" PhysicalOp="Clustered Index Seek" LogicalOp="Clustered Index Seek" EstimateRows="1" EstimateIO="0.003125" EstimateCPU="0.0001581" AvgRowSize="16" EstimatedTotalSubtreeCost="0.00392831" TableCardinality="1.41186e+006" Parallel="0" EstimateRebinds="0.481699" EstimateRewinds="1" EstimatedExecutionMode="Row">
                                                <OutputList>
                                                  <ColumnReference Database="[OurLabReporting]" Schema="[dbo]" Table="[Testpass]" Alias="[TP]" Column="Id" />
                                                  <ColumnReference Database="[OurLabReporting]" Schema="[dbo]" Table="[Testpass]" Alias="[TP]" Column="TestpassDefinitionId" />
                                                </OutputList>
                                                <IndexScan Ordered="1" ScanDirection="FORWARD" ForcedIndex="0" ForceSeek="0" ForceScan="0" NoExpandHint="0" Storage="RowStore">
                                                  <DefinedValues>
                                                    <DefinedValue>
                                                      <ColumnReference Database="[OurLabReporting]" Schema="[dbo]" Table="[Testpass]" Alias="[TP]" Column="Id" />
                                                    </DefinedValue>
                                                    <DefinedValue>
                                                      <ColumnReference Database="[OurLabReporting]" Schema="[dbo]" Table="[Testpass]" Alias="[TP]" Column="TestpassDefinitionId" />
                                                    </DefinedValue>
                                                  </DefinedValues>
                                                  <Object Database="[OurLabReporting]" Schema="[dbo]" Table="[Testpass]" Index="[Testpass_PK]" Alias="[TP]" IndexKind="Clustered" />
                                                  <SeekPredicates>
                                                    <SeekPredicateNew>
                                                      <SeekKeys>
                                                        <Prefix ScanType="EQ">
                                                          <RangeColumns>
                                                            <ColumnReference Database="[OurLabReporting]" Schema="[dbo]" Table="[Testpass]" Alias="[TP]" Column="Id" />
                                                          </RangeColumns>
                                                          <RangeExpressions>
                                                            <ScalarOperator ScalarString="[OurLabReporting].[dbo].[TestpassPackageMapping].[TestpassId] as [TPM].[TestpassId]">
                                                              <Identifier>
                                                                <ColumnReference Database="[OurLabReporting]" Schema="[dbo]" Table="[TestpassPackageMapping]" Alias="[TPM]" Column="TestpassId" />
                                                              </Identifier>
                                                            </ScalarOperator>
                                                          </RangeExpressions>
                                                        </Prefix>
                                                      </SeekKeys>
                                                    </SeekPredicateNew>
                                                  </SeekPredicates>
                                                  <Predicate>
                                                    <ScalarOperator ScalarString="[OurLabReporting].[dbo].[Testpass].[IsOfficial] as [TP].[IsOfficial]=(1) AND [OurLabReporting].[dbo].[Testpass].[IsValid] as [TP].[IsValid]=(1)">
                                                      <Logical Operation="AND">
                                                        <ScalarOperator>
                                                          <Compare CompareOp="EQ">
                                                            <ScalarOperator>
                                                              <Identifier>
                                                                <ColumnReference Database="[OurLabReporting]" Schema="[dbo]" Table="[Testpass]" Alias="[TP]" Column="IsOfficial" />
                                                              </Identifier>
                                                            </ScalarOperator>
                                                            <ScalarOperator>
                                                              <Const ConstValue="(1)" />
                                                            </ScalarOperator>
                                                          </Compare>
                                                        </ScalarOperator>
                                                        <ScalarOperator>
                                                          <Compare CompareOp="EQ">
                                                            <ScalarOperator>
                                                              <Identifier>
                                                                <ColumnReference Database="[OurLabReporting]" Schema="[dbo]" Table="[Testpass]" Alias="[TP]" Column="IsValid" />
                                                              </Identifier>
                                                            </ScalarOperator>
                                                            <ScalarOperator>
                                                              <Const ConstValue="(1)" />
                                                            </ScalarOperator>
                                                          </Compare>
                                                        </ScalarOperator>
                                                      </Logical>
                                                    </ScalarOperator>
                                                  </Predicate>
                                                </IndexScan>
                                              </RelOp>
                                            </NestedLoops>
                                          </RelOp>
                                          <RelOp NodeId="121" PhysicalOp="Clustered Index Seek" LogicalOp="Clustered Index Seek" EstimateRows="1" EstimateIO="0.003125" EstimateCPU="0.0001581" AvgRowSize="165" EstimatedTotalSubtreeCost="0.00392229" TableCardinality="1875" Parallel="0" EstimateRebinds="0.481699" EstimateRewinds="1" EstimatedExecutionMode="Row">
                                            <OutputList>
                                              <ColumnReference Database="[OurLabReporting]" Schema="[dbo]" Table="[TestpassDefinition]" Alias="[TPD]" Column="Id" />
                                              <ColumnReference Database="[OurLabReporting]" Schema="[dbo]" Table="[TestpassDefinition]" Alias="[TPD]" Column="Name" />
                                            </OutputList>
                                            <IndexScan Ordered="1" ScanDirection="FORWARD" ForcedIndex="0" ForceSeek="0" ForceScan="0" NoExpandHint="0" Storage="RowStore">
                                              <DefinedValues>
                                                <DefinedValue>
                                                  <ColumnReference Database="[OurLabReporting]" Schema="[dbo]" Table="[TestpassDefinition]" Alias="[TPD]" Column="Id" />
                                                </DefinedValue>
                                                <DefinedValue>
                                                  <ColumnReference Database="[OurLabReporting]" Schema="[dbo]" Table="[TestpassDefinition]" Alias="[TPD]" Column="Name" />
                                                </DefinedValue>
                                              </DefinedValues>
                                              <Object Database="[OurLabReporting]" Schema="[dbo]" Table="[TestpassDefinition]" Index="[PK_TestpassDefinition]" Alias="[TPD]" IndexKind="Clustered" />
                                              <SeekPredicates>
                                                <SeekPredicateNew>
                                                  <SeekKeys>
                                                    <Prefix ScanType="EQ">
                                                      <RangeColumns>
                                                        <ColumnReference Database="[OurLabReporting]" Schema="[dbo]" Table="[TestpassDefinition]" Alias="[TPD]" Column="Id" />
                                                      </RangeColumns>
                                                      <RangeExpressions>
                                                        <ScalarOperator ScalarString="[OurLabReporting].[dbo].[Testpass].[TestpassDefinitionId] as [TP].[TestpassDefinitionId]">
                                                          <Identifier>
                                                            <ColumnReference Database="[OurLabReporting]" Schema="[dbo]" Table="[Testpass]" Alias="[TP]" Column="TestpassDefinitionId" />
                                                          </Identifier>
                                                        </ScalarOperator>
                                                      </RangeExpressions>
                                                    </Prefix>
                                                  </SeekKeys>
                                                </SeekPredicateNew>
                                              </SeekPredicates>
                                            </IndexScan>
                                          </RelOp>
                                        </NestedLoops>
                                      </RelOp>
                                    </Collapse>
                                  </RelOp>
                                </Update>
                              </RelOp>
                            </Split>
                          </RelOp>
                        </Update>
                      </RelOp>
                      <RelOp NodeId="131" PhysicalOp="Assert" LogicalOp="Assert" EstimateRows="1.458" EstimateIO="0" EstimateCPU="2.59524e-006" AvgRowSize="9" EstimatedTotalSubtreeCost="0.0264381" Parallel="0" EstimateRebinds="0" EstimateRewinds="0" EstimatedExecutionMode="Row">
                        <OutputList />
                        <Assert StartupExpression="0">
                          <RelOp NodeId="132" PhysicalOp="Nested Loops" LogicalOp="Left Semi Join" EstimateRows="1.458" EstimateIO="0" EstimateCPU="6.7716e-006" AvgRowSize="9" EstimatedTotalSubtreeCost="0.0264356" Parallel="0" EstimateRebinds="0" EstimateRewinds="0" EstimatedExecutionMode="Row">
                            <OutputList>
                              <ColumnReference Column="Expr1112" />
                              <ColumnReference Column="Pass1113" />
                              <ColumnReference Column="Expr1114" />
                              <ColumnReference Column="Pass1115" />
                              <ColumnReference Column="Expr1116" />
                              <ColumnReference Column="Pass1117" />
                            </OutputList>
                            <NestedLoops Optimized="0">
                              <DefinedValues>
                                <DefinedValue>
                                  <ColumnReference Column="Expr1116" />
                                </DefinedValue>
                                <DefinedValue>
                                  <ColumnReference Column="Pass1117" />
                                </DefinedValue>
                              </DefinedValues>
                              <PassThru>
                                <ScalarOperator ScalarString="[Act1097]&lt;&gt;(4) OR [OurLabReporting].[dbo].[Mix].[StatusId] IS NULL">
                                  <Logical Operation="OR">
                                    <ScalarOperator>
                                      <Compare CompareOp="NE">
                                        <ScalarOperator>
                                          <Identifier>
                                            <ColumnReference Column="Act1097" />
                                          </Identifier>
                                        </ScalarOperator>
                                        <ScalarOperator>
                                          <Const ConstValue="(4)" />
                                        </ScalarOperator>
                                      </Compare>
                                    </ScalarOperator>
                                    <ScalarOperator>
                                      <Logical Operation="IS NULL">
                                        <ScalarOperator>
                                          <Identifier>
                                            <ColumnReference Database="[OurLabReporting]" Schema="[dbo]" Table="[Mix]" Column="StatusId" />
                                          </Identifier>
                                        </ScalarOperator>
                                      </Logical>
                                    </ScalarOperator>
                                  </Logical>
                                </ScalarOperator>
                              </PassThru>
                              <OuterReferences>
                                <ColumnReference Database="[OurLabReporting]" Schema="[dbo]" Table="[Mix]" Column="StatusId" />
                              </OuterReferences>
                              <ProbeColumn>
                                <ColumnReference Column="Expr1116" />
                              </ProbeColumn>
                              <RelOp NodeId="133" PhysicalOp="Nested Loops" LogicalOp="Left Semi Join" EstimateRows="1.62" EstimateIO="0" EstimateCPU="7.524e-006" AvgRowSize="16" EstimatedTotalSubtreeCost="0.0230467" Parallel="0" EstimateRebinds="0" EstimateRewinds="0" EstimatedExecutionMode="Row">
                                <OutputList>
                                  <ColumnReference Database="[OurLabReporting]" Schema="[dbo]" Table="[Mix]" Column="StatusId" />
                                  <ColumnReference Column="Act1097" />
                                  <ColumnReference Column="Expr1112" />
                                  <ColumnReference Column="Pass1113" />
                                  <ColumnReference Column="Expr1114" />
                                  <ColumnReference Column="Pass1115" />
                                </OutputList>
                                <NestedLoops Optimized="0">
                                  <DefinedValues>
                                    <DefinedValue>
                                      <ColumnReference Column="Expr1114" />
                                    </DefinedValue>
                                    <DefinedValue>
                                      <ColumnReference Column="Pass1115" />
                                    </DefinedValue>
                                  </DefinedValues>
                                  <PassThru>
                                    <ScalarOperator ScalarString="[Act1097]&lt;&gt;(4) OR [OurLabReporting].[dbo].[Mix].[ScheduleId] IS NULL">
                                      <Logical Operation="OR">
                                        <ScalarOperator>
                                          <Compare CompareOp="NE">
                                            <ScalarOperator>
                                              <Identifier>
                                                <ColumnReference Column="Act1097" />
                                              </Identifier>
                                            </ScalarOperator>
                                            <ScalarOperator>
                                              <Const ConstValue="(4)" />
                                            </ScalarOperator>
                                          </Compare>
                                        </ScalarOperator>
                                        <ScalarOperator>
                                          <Logical Operation="IS NULL">
                                            <ScalarOperator>
                                              <Identifier>
                                                <ColumnReference Database="[OurLabReporting]" Schema="[dbo]" Table="[Mix]" Column="ScheduleId" />
                                              </Identifier>
                                            </ScalarOperator>
                                          </Logical>
                                        </ScalarOperator>
                                      </Logical>
                                    </ScalarOperator>
                                  </PassThru>
                                  <OuterReferences>
                                    <ColumnReference Database="[OurLabReporting]" Schema="[dbo]" Table="[Mix]" Column="ScheduleId" />
                                  </OuterReferences>
                                  <ProbeColumn>
                                    <ColumnReference Column="Expr1114" />
                                  </ProbeColumn>
                                  <RelOp NodeId="134" PhysicalOp="Nested Loops" LogicalOp="Left Semi Join" EstimateRows="1.8" EstimateIO="0" EstimateCPU="8.36e-006" AvgRowSize="20" EstimatedTotalSubtreeCost="0.0184353" Parallel="0" EstimateRebinds="0" EstimateRewinds="0" EstimatedExecutionMode="Row">
                                    <OutputList>
                                      <ColumnReference Database="[OurLabReporting]" Schema="[dbo]" Table="[Mix]" Column="ScheduleId" />
                                      <ColumnReference Database="[OurLabReporting]" Schema="[dbo]" Table="[Mix]" Column="StatusId" />
                                      <ColumnReference Column="Act1097" />
                                      <ColumnReference Column="Expr1112" />
                                      <ColumnReference Column="Pass1113" />
                                    </OutputList>
                                    <NestedLoops Optimized="0">
                                      <DefinedValues>
                                        <DefinedValue>
                                          <ColumnReference Column="Expr1112" />
                                        </DefinedValue>
                                        <DefinedValue>
                                          <ColumnReference Column="Pass1113" />
                                        </DefinedValue>
                                      </DefinedValues>
                                      <PassThru>
                                        <ScalarOperator ScalarString="[Act1097]&lt;&gt;(4)">
                                          <Compare CompareOp="NE">
                                            <ScalarOperator>
                                              <Identifier>
                                                <ColumnReference Column="Act1097" />
                                              </Identifier>
                                            </ScalarOperator>
                                            <ScalarOperator>
                                              <Const ConstValue="(4)" />
                                            </ScalarOperator>
                                          </Compare>
                                        </ScalarOperator>
                                      </PassThru>
                                      <OuterReferences>
                                        <ColumnReference Database="[OurLabReporting]" Schema="[dbo]" Table="[Mix]" Column="BuildFlavorId" />
                                      </OuterReferences>
                                      <ProbeColumn>
                                        <ColumnReference Column="Expr1112" />
                                      </ProbeColumn>
                                      <RelOp NodeId="135" PhysicalOp="Table Spool" LogicalOp="Eager Spool" EstimateRows="2" EstimateIO="0" EstimateCPU="2.5191e-005" AvgRowSize="27" EstimatedTotalSubtreeCost="0.0134227" Parallel="0" EstimateRebinds="0" EstimateRewinds="0" EstimatedExecutionMode="Row">
                                        <OutputList>
                                          <ColumnReference Database="[OurLabReporting]" Schema="[dbo]" Table="[Mix]" Column="Id" />
                                          <ColumnReference Database="[OurLabReporting]" Schema="[dbo]" Table="[Mix]" Column="ScheduleId" />
                                          <ColumnReference Database="[OurLabReporting]" Schema="[dbo]" Table="[Mix]" Column="BuildFlavorId" />
                                          <ColumnReference Database="[OurLabReporting]" Schema="[dbo]" Table="[Mix]" Column="StatusId" />
                                          <ColumnReference Column="Act1097" />
                                        </OutputList>
                                        <Spool PrimaryNodeId="2" />
                                      </RelOp>
                                      <RelOp NodeId="136" PhysicalOp="Clustered Index Seek" LogicalOp="Clustered Index Seek" EstimateRows="1" EstimateIO="0.003125" EstimateCPU="0.0001581" AvgRowSize="9" EstimatedTotalSubtreeCost="0.00500365" TableCardinality="805176" Parallel="0" EstimateRebinds="1" EstimateRewinds="0" EstimatedExecutionMode="Row">
                                        <OutputList />
                                        <IndexScan Ordered="1" ScanDirection="FORWARD" ForcedIndex="1" ForceSeek="0" ForceScan="0" NoExpandHint="0" Storage="RowStore">
                                          <DefinedValues />
                                          <Object Database="[OurLabReporting]" Schema="[dbo]" Table="[BuildFlavor]" Index="[BuildFlavor_PK]" IndexKind="Clustered" />
                                          <SeekPredicates>
                                            <SeekPredicateNew>
                                              <SeekKeys>
                                                <Prefix ScanType="EQ">
                                                  <RangeColumns>
                                                    <ColumnReference Database="[OurLabReporting]" Schema="[dbo]" Table="[BuildFlavor]" Column="Id" />
                                                  </RangeColumns>
                                                  <RangeExpressions>
                                                    <ScalarOperator ScalarString="[OurLabReporting].[dbo].[Mix].[BuildFlavorId]">
                                                      <Identifier>
                                                        <ColumnReference Database="[OurLabReporting]" Schema="[dbo]" Table="[Mix]" Column="BuildFlavorId" />
                                                      </Identifier>
                                                    </ScalarOperator>
                                                  </RangeExpressions>
                                                </Prefix>
                                              </SeekKeys>
                                            </SeekPredicateNew>
                                          </SeekPredicates>
                                        </IndexScan>
                                      </RelOp>
                                    </NestedLoops>
                                  </RelOp>
                                  <RelOp NodeId="137" PhysicalOp="Clustered Index Seek" LogicalOp="Clustered Index Seek" EstimateRows="1" EstimateIO="0.003125" EstimateCPU="0.0001581" AvgRowSize="9" EstimatedTotalSubtreeCost="0.00460282" TableCardinality="1.44031e+006" Parallel="0" EstimateRebinds="0.8" EstimateRewinds="0" EstimatedExecutionMode="Row">
                                    <OutputList />
                                    <IndexScan Ordered="1" ScanDirection="FORWARD" ForcedIndex="1" ForceSeek="0" ForceScan="0" NoExpandHint="0" Storage="RowStore">
                                      <DefinedValues />
                                      <Object Database="[OurLabReporting]" Schema="[dbo]" Table="[Schedule]" Index="[Schedule_PK]" IndexKind="Clustered" />
                                      <SeekPredicates>
                                        <SeekPredicateNew>
                                          <SeekKeys>
                                            <Prefix ScanType="EQ">
                                              <RangeColumns>
                                                <ColumnReference Database="[OurLabReporting]" Schema="[dbo]" Table="[Schedule]" Column="Id" />
                                              </RangeColumns>
                                              <RangeExpressions>
                                                <ScalarOperator ScalarString="[OurLabReporting].[dbo].[Mix].[ScheduleId]">
                                                  <Identifier>
                                                    <ColumnReference Database="[OurLabReporting]" Schema="[dbo]" Table="[Mix]" Column="ScheduleId" />
                                                  </Identifier>
                                                </ScalarOperator>
                                              </RangeExpressions>
                                            </Prefix>
                                          </SeekKeys>
                                        </SeekPredicateNew>
                                      </SeekPredicates>
                                    </IndexScan>
                                  </RelOp>
                                </NestedLoops>
                              </RelOp>
                              <RelOp NodeId="138" PhysicalOp="Clustered Index Seek" LogicalOp="Clustered Index Seek" EstimateRows="1" EstimateIO="0.003125" EstimateCPU="0.0001581" AvgRowSize="9" EstimatedTotalSubtreeCost="0.00338112" TableCardinality="96" Parallel="0" EstimateRebinds="0.62" EstimateRewinds="0" EstimatedExecutionMode="Row">
                                <OutputList />
                                <IndexScan Ordered="1" ScanDirection="FORWARD" ForcedIndex="1" ForceSeek="0" ForceScan="0" NoExpandHint="0" Storage="RowStore">
                                  <DefinedValues />
                                  <Object Database="[OurLabReporting]" Schema="[dbo]" Table="[Status]" Index="[Status_PK]" IndexKind="Clustered" />
                                  <SeekPredicates>
                                    <SeekPredicateNew>
                                      <SeekKeys>
                                        <Prefix ScanType="EQ">
                                          <RangeColumns>
                                            <ColumnReference Database="[OurLabReporting]" Schema="[dbo]" Table="[Status]" Column="Id" />
                                          </RangeColumns>
                                          <RangeExpressions>
                                            <ScalarOperator ScalarString="[OurLabReporting].[dbo].[Mix].[StatusId]">
                                              <Identifier>
                                                <ColumnReference Database="[OurLabReporting]" Schema="[dbo]" Table="[Mix]" Column="StatusId" />
                                              </Identifier>
                                            </ScalarOperator>
                                          </RangeExpressions>
                                        </Prefix>
                                      </SeekKeys>
                                    </SeekPredicateNew>
                                  </SeekPredicates>
                                </IndexScan>
                              </RelOp>
                            </NestedLoops>
                          </RelOp>
                          <Predicate>
                            <ScalarOperator ScalarString="CASE WHEN NOT [Pass1113] AND [Expr1112] IS NULL THEN (0) ELSE CASE WHEN NOT [Pass1115] AND [Expr1114] IS NULL THEN (1) ELSE CASE WHEN NOT [Pass1117] AND [Expr1116] IS NULL THEN (2) ELSE NULL END END END">
                              <IF>
                                <Condition>
                                  <ScalarOperator>
                                    <Logical Operation="AND">
                                      <ScalarOperator>
                                        <Logical Operation="NOT">
                                          <ScalarOperator>
                                            <Identifier>
                                              <ColumnReference Column="Pass1113" />
                                            </Identifier>
                                          </ScalarOperator>
                                        </Logical>
                                      </ScalarOperator>
                                      <ScalarOperator>
                                        <Logical Operation="IS NULL">
                                          <ScalarOperator>
                                            <Identifier>
                                              <ColumnReference Column="Expr1112" />
                                            </Identifier>
                                          </ScalarOperator>
                                        </Logical>
                                      </ScalarOperator>
                                    </Logical>
                                  </ScalarOperator>
                                </Condition>
                                <Then>
                                  <ScalarOperator>
                                    <Const ConstValue="(0)" />
                                  </ScalarOperator>
                                </Then>
                                <Else>
                                  <ScalarOperator>
                                    <IF>
                                      <Condition>
                                        <ScalarOperator>
                                          <Logical Operation="AND">
                                            <ScalarOperator>
                                              <Logical Operation="NOT">
                                                <ScalarOperator>
                                                  <Identifier>
                                                    <ColumnReference Column="Pass1115" />
                                                  </Identifier>
                                                </ScalarOperator>
                                              </Logical>
                                            </ScalarOperator>
                                            <ScalarOperator>
                                              <Logical Operation="IS NULL">
                                                <ScalarOperator>
                                                  <Identifier>
                                                    <ColumnReference Column="Expr1114" />
                                                  </Identifier>
                                                </ScalarOperator>
                                              </Logical>
                                            </ScalarOperator>
                                          </Logical>
                                        </ScalarOperator>
                                      </Condition>
                                      <Then>
                                        <ScalarOperator>
                                          <Const ConstValue="(1)" />
                                        </ScalarOperator>
                                      </Then>
                                      <Else>
                                        <ScalarOperator>
                                          <IF>
                                            <Condition>
                                              <ScalarOperator>
                                                <Logical Operation="AND">
                                                  <ScalarOperator>
                                                    <Logical Operation="NOT">
                                                      <ScalarOperator>
                                                        <Identifier>
                                                          <ColumnReference Column="Pass1117" />
                                                        </Identifier>
                                                      </ScalarOperator>
                                                    </Logical>
                                                  </ScalarOperator>
                                                  <ScalarOperator>
                                                    <Logical Operation="IS NULL">
                                                      <ScalarOperator>
                                                        <Identifier>
                                                          <ColumnReference Column="Expr1116" />
                                                        </Identifier>
                                                      </ScalarOperator>
                                                    </Logical>
                                                  </ScalarOperator>
                                                </Logical>
                                              </ScalarOperator>
                                            </Condition>
                                            <Then>
                                              <ScalarOperator>
                                                <Const ConstValue="(2)" />
                                              </ScalarOperator>
                                            </Then>
                                            <Else>
                                              <ScalarOperator>
                                                <Const ConstValue="NULL" />
                                              </ScalarOperator>
                                            </Else>
                                          </IF>
                                        </ScalarOperator>
                                      </Else>
                                    </IF>
                                  </ScalarOperator>
                                </Else>
                              </IF>
                            </ScalarOperator>
                          </Predicate>
                        </Assert>
                      </RelOp>
                    </Sequence>
                  </RelOp>
                  <ParameterList>
                    <ColumnReference Column="@Label" ParameterCompiledValue="NULL" />
                    <ColumnReference Column="@runLogDirectory" ParameterCompiledValue="N'\\osgt3tsvc01\rld\150129\schedule_a97659d1-e973-40de-9f6a-e334cb42e882\mix_9'" />
                    <ColumnReference Column="@effectivePackageName" ParameterCompiledValue="N'[Th] RI-TP FBL_GRFX CORE-SiGMa-GRFX All X86 FRE EN-US Enterprise Mix (114364) - 10'" />
                    <ColumnReference Column="@packageName" ParameterCompiledValue="N'[Th] RI-TP FBL_GRFX CORE-SiGMa-GRFX All X86 FRE EN-US Enterprise Mix (114364) - 10'" />
                    <ColumnReference Column="@effectiveContextName" ParameterCompiledValue="NULL" />
                    <ColumnReference Column="@contextName" ParameterCompiledValue="NULL" />
                    <ColumnReference Column="@implementationDetails" ParameterCompiledValue="NULL" />
                    <ColumnReference Column="@buildId" ParameterCompiledValue="(807398)" />
                    <ColumnReference Column="@endDate" ParameterCompiledValue="'2015-01-29 18:39:26.377'" />
                    <ColumnReference Column="@startDate" ParameterCompiledValue="'2015-01-29 07:14:34.103'" />
                  </ParameterList>
                </QueryPlan>
              </StmtSimple>
            </Statements>
          </Then>
          <Else>
            <Statements>
              <StmtSimple StatementText=" END&#xD;&#xA;        ELSE&#xD;&#xA;        BEGIN&#xD;&#xA;            SET @isNewMix = 1&#xD;&#xA;               " StatementId="15" StatementCompId="19" StatementType="ASSIGN" RetrievedFromCache="true" />
              <StmtSimple StatementText=" INSERT INTO [dbo].[Mix]&#xD;&#xA;                        ([Guid]&#xD;&#xA;                        ,[ScheduleId]&#xD;&#xA;                        ,[StartDate]&#xD;&#xA;                        ,[EndDate]&#xD;&#xA;                        ,[StatusId]&#xD;&#xA;                        ,[BuildFlavorId]&#xD;&#xA;                        ,[ImplementationDetails]&#xD;&#xA;                        ,[ContextName]&#xD;&#xA;                        ,[EffectiveContextName]&#xD;&#xA;                        ,[PackageName]&#xD;&#xA;                        ,[EffectivePackageName]&#xD;&#xA;                        ,[RunLogDirectory]&#xD;&#xA;                        ,[FeaturePathId]&#xD;&#xA;                        ,[Label]&#xD;&#xA;                        )&#xD;&#xA;                VALUES&#xD;&#xA;                        (@mixId&#xD;&#xA;                        ,@scheduleIntId&#xD;&#xA;                        ,@startDate&#xD;&#xA;                        ,@endDate&#xD;&#xA;                        ,@statusId&#xD;&#xA;                        ,@buildId&#xD;&#xA;                        ,@implementationDetails&#xD;&#xA;                        ,@contextName&#xD;&#xA;                        ,@effectiveContextName&#xD;&#xA;                        ,@packageName&#xD;&#xA;                        ,@effectivePackageName&#xD;&#xA;                        ,@runLogDirectory&#xD;&#xA;                        ,@FeaturePathId&#xD;&#xA;                        ,@Label&#xD;&#xA;                        )&#xD;&#xA;               " StatementId="16" StatementCompId="20" StatementType="INSERT" RetrievedFromCache="true" StatementSubTreeCost="11.7794" StatementEstRows="1" StatementOptmLevel="FULL" QueryHash="0x11FC87F9749018FB" QueryPlanHash="0x842E25F80EA05F84">
                <StatementSetOptions QUOTED_IDENTIFIER="true" ARITHABORT="true" CONCAT_NULL_YIELDS_NULL="true" ANSI_NULLS="true" ANSI_PADDING="true" ANSI_WARNINGS="true" NUMERIC_ROUNDABORT="false" />
                <QueryPlan NonParallelPlanReason="MaxDOPSetToOne" CachedPlanSize="176" CompileTime="54" CompileCPU="54" CompileMemory="2712">
                  <MemoryGrantInfo SerialRequiredMemory="1536" SerialDesiredMemory="4720" />
                  <OptimizerHardwareDependentProperties EstimatedAvailableMemoryGrant="193313" EstimatedPagesCached="773254" EstimatedAvailableDegreeOfParallelism="1" />
                  <RelOp NodeId="1" PhysicalOp="Sequence" LogicalOp="Sequence" EstimateRows="1411.61" EstimateIO="0" EstimateCPU="0.00141261" AvgRowSize="9" EstimatedTotalSubtreeCost="11.7794" Parallel="0" EstimateRebinds="0" EstimateRewinds="0" EstimatedExecutionMode="Row">
                    <OutputList />
                    <Sequence>
                      <RelOp NodeId="2" PhysicalOp="Table Spool" LogicalOp="Eager Spool" EstimateRows="1" EstimateIO="0" EstimateCPU="5.01216e-005" AvgRowSize="15" EstimatedTotalSubtreeCost="0.0350351" Parallel="0" EstimateRebinds="0" EstimateRewinds="0" EstimatedExecutionMode="Row">
                        <OutputList>
                          <ColumnReference Database="[OurLabReporting]" Schema="[dbo]" Table="[Mix]" Column="Id" />
                          <ColumnReference Database="[OurLabReporting]" Schema="[dbo]" Table="[Mix]" Column="BuildFlavorId" />
                        </OutputList>
                        <Spool>
                          <RelOp NodeId="3" PhysicalOp="Assert" LogicalOp="Assert" EstimateRows="1" EstimateIO="0" EstimateCPU="8.8e-007" AvgRowSize="15" EstimatedTotalSubtreeCost="0.0698701" Parallel="0" EstimateRebinds="0" EstimateRewinds="0" EstimatedExecutionMode="Row">
                            <OutputList>
                              <ColumnReference Database="[OurLabReporting]" Schema="[dbo]" Table="[Mix]" Column="Id" />
                              <ColumnReference Database="[OurLabReporting]" Schema="[dbo]" Table="[Mix]" Column="BuildFlavorId" />
                            </OutputList>
                            <Assert StartupExpression="0">
                              <RelOp NodeId="4" PhysicalOp="Nested Loops" LogicalOp="Left Semi Join" EstimateRows="1" EstimateIO="0" EstimateCPU="4.18e-006" AvgRowSize="16" EstimatedTotalSubtreeCost="0.0698692" Parallel="0" EstimateRebinds="0" EstimateRewinds="0" EstimatedExecutionMode="Row">
                                <OutputList>
                                  <ColumnReference Database="[OurLabReporting]" Schema="[dbo]" Table="[Mix]" Column="Id" />
                                  <ColumnReference Database="[OurLabReporting]" Schema="[dbo]" Table="[Mix]" Column="BuildFlavorId" />
                                  <ColumnReference Column="Expr1053" />
                                  <ColumnReference Column="Expr1054" />
                                  <ColumnReference Column="Expr1055" />
                                </OutputList>
                                <NestedLoops Optimized="0">
                                  <DefinedValues>
                                    <DefinedValue>
                                      <ColumnReference Column="Expr1055" />
                                    </DefinedValue>
                                  </DefinedValues>
                                  <OuterReferences>
                                    <ColumnReference Database="[OurLabReporting]" Schema="[dbo]" Table="[Mix]" Column="StatusId" />
                                  </OuterReferences>
                                  <ProbeColumn>
                                    <ColumnReference Column="Expr1055" />
                                  </ProbeColumn>
                                  <RelOp NodeId="5" PhysicalOp="Nested Loops" LogicalOp="Left Semi Join" EstimateRows="1" EstimateIO="0" EstimateCPU="4.18e-006" AvgRowSize="20" EstimatedTotalSubtreeCost="0.0665819" Parallel="0" EstimateRebinds="0" EstimateRewinds="0" EstimatedExecutionMode="Row">
                                    <OutputList>
                                      <ColumnReference Database="[OurLabReporting]" Schema="[dbo]" Table="[Mix]" Column="Id" />
                                      <ColumnReference Database="[OurLabReporting]" Schema="[dbo]" Table="[Mix]" Column="BuildFlavorId" />
                                      <ColumnReference Database="[OurLabReporting]" Schema="[dbo]" Table="[Mix]" Column="StatusId" />
                                      <ColumnReference Column="Expr1053" />
                                      <ColumnReference Column="Expr1054" />
                                    </OutputList>
                                    <NestedLoops Optimized="0">
                                      <DefinedValues>
                                        <DefinedValue>
                                          <ColumnReference Column="Expr1054" />
                                        </DefinedValue>
                                      </DefinedValues>
                                      <OuterReferences>
                                        <ColumnReference Database="[OurLabReporting]" Schema="[dbo]" Table="[Mix]" Column="ScheduleId" />
                                      </OuterReferences>
                                      <ProbeColumn>
                                        <ColumnReference Column="Expr1054" />
                                      </ProbeColumn>
                                      <RelOp NodeId="6" PhysicalOp="Nested Loops" LogicalOp="Left Semi Join" EstimateRows="1" EstimateIO="0" EstimateCPU="4.18e-006" AvgRowSize="24" EstimatedTotalSubtreeCost="0.0632946" Parallel="0" EstimateRebinds="0" EstimateRewinds="0" EstimatedExecutionMode="Row">
                                        <OutputList>
                                          <ColumnReference Database="[OurLabReporting]" Schema="[dbo]" Table="[Mix]" Column="Id" />
                                          <ColumnReference Database="[OurLabReporting]" Schema="[dbo]" Table="[Mix]" Column="ScheduleId" />
                                          <ColumnReference Database="[OurLabReporting]" Schema="[dbo]" Table="[Mix]" Column="BuildFlavorId" />
                                          <ColumnReference Database="[OurLabReporting]" Schema="[dbo]" Table="[Mix]" Column="StatusId" />
                                          <ColumnReference Column="Expr1053" />
                                        </OutputList>
                                        <NestedLoops Optimized="0">
                                          <DefinedValues>
                                            <DefinedValue>
                                              <ColumnReference Column="Expr1053" />
                                            </DefinedValue>
                                          </DefinedValues>
                                          <OuterReferences>
                                            <ColumnReference Database="[OurLabReporting]" Schema="[dbo]" Table="[Mix]" Column="BuildFlavorId" />
                                          </OuterReferences>
                                          <ProbeColumn>
                                            <ColumnReference Column="Expr1053" />
                                          </ProbeColumn>
                                          <RelOp NodeId="7" PhysicalOp="Clustered Index Insert" LogicalOp="Insert" EstimateRows="1" EstimateIO="0.06" EstimateCPU="6e-006" AvgRowSize="23" EstimatedTotalSubtreeCost="0.0600074" Parallel="0" EstimateRebinds="0" EstimateRewinds="0" EstimatedExecutionMode="Row">
                                            <OutputList>
                                              <ColumnReference Database="[OurLabReporting]" Schema="[dbo]" Table="[Mix]" Column="Id" />
                                              <ColumnReference Database="[OurLabReporting]" Schema="[dbo]" Table="[Mix]" Column="ScheduleId" />
                                              <ColumnReference Database="[OurLabReporting]" Schema="[dbo]" Table="[Mix]" Column="BuildFlavorId" />
                                              <ColumnReference Database="[OurLabReporting]" Schema="[dbo]" Table="[Mix]" Column="StatusId" />
                                            </OutputList>
                                            <Update DMLRequestSort="0">
                                              <Object Database="[OurLabReporting]" Schema="[dbo]" Table="[Mix]" Index="[Mix_PK]" IndexKind="Clustered" />
                                              <Object Database="[OurLabReporting]" Schema="[dbo]" Table="[Mix]" Index="[Mix_IDX_BuildFlavor]" IndexKind="NonClustered" />
                                              <Object Database="[OurLabReporting]" Schema="[dbo]" Table="[Mix]" Index="[Mix_IDX_Guid]" IndexKind="NonClustered" />
                                              <Object Database="[OurLabReporting]" Schema="[dbo]" Table="[Mix]" Index="[Mix_IDX_Id]" IndexKind="NonClustered" />
                                              <Object Database="[OurLabReporting]" Schema="[dbo]" Table="[Mix]" Index="[Mix_IDX_LastUpdated]" IndexKind="NonClustered" />
                                              <Object Database="[OurLabReporting]" Schema="[dbo]" Table="[Mix]" Index="[Mix_IDX_Schedule]" IndexKind="NonClustered" />
                                              <SetPredicate>
                                                <ScalarOperator ScalarString="[OurLabReporting].[dbo].[Mix].[Guid] = RaiseIfNullInsert([@mixId]),[OurLabReporting].[dbo].[Mix].[ScheduleId] = RaiseIfNullInsert([@ScheduleIntId]),[OurLabReporting].[dbo].[Mix].[StartDate] = RaiseIfNullInsert([@startDate]),[OurLabReporting].[dbo].[Mix].[EndDate] = [@endDate],[OurLabReporting].[dbo].[Mix].[StatusId] = RaiseIfNullInsert([@statusId]),[OurLabReporting].[dbo].[Mix].[BuildFlavorId] = RaiseIfNullInsert([@buildId]),[OurLabReporting].[dbo].[Mix].[ImplementationDetails] = [@implementationDetails],[OurLabReporting].[dbo].[Mix].[ContextName] = [@contextName],[OurLabReporting].[dbo].[Mix].[EffectiveContextName] = [Expr1004],[OurLabReporting].[dbo].[Mix].[PackageName] = [@packageName],[OurLabReporting].[dbo].[Mix].[EffectivePackageName] = [Expr1005],[OurLabReporting].[dbo].[Mix].[RunLogDirectory] = [@runLogDirectory],[OurLabReporting].[dbo].[Mix].[FeaturePathId] = [@FeaturePathId],[OurLabReporting].[dbo].[Mix].[Label] = [@Label],[OurLabReporting].[dbo].[Mix].[Id] = [Expr1003],[OurLabReporting].[dbo].[Mix].[IsInvalid] = [Expr1006],[OurLabReporting].[dbo].[Mix].[RecordLastUpdated] = [Expr1007],[OurLabReporting].[dbo].[Mix].[DbTimestamp] = [Expr1008],[OurLabReporting].[dbo].[Mix].[InsertUtcTime] = [Expr1009],[OurLabReporting].[dbo].[Mix].[Comments] = NULL,[OurLabReporting].[dbo].[Mix].[CommentAddedBy] = NULL,[OurLabReporting].[dbo].[Mix].[CommentUpdateTime] = NULL,[OurLabReporting].[dbo].[Mix].[ReportingGroupId] = NULL,[OurLabReporting].[dbo].[Mix].[ImageId] = NULL">
                                                  <ScalarExpressionList>
                                                    <ScalarOperator>
                                                      <MultipleAssign>
                                                        <Assign>
                                                          <ColumnReference Database="[OurLabReporting]" Schema="[dbo]" Table="[Mix]" Column="Guid" />
                                                          <ScalarOperator>
                                                            <Intrinsic FunctionName="RaiseIfNullInsert">
                                                              <ScalarOperator>
                                                                <Identifier>
                                                                  <ColumnReference Column="@mixId" />
                                                                </Identifier>
                                                              </ScalarOperator>
                                                            </Intrinsic>
                                                          </ScalarOperator>
                                                        </Assign>
                                                        <Assign>
                                                          <ColumnReference Database="[OurLabReporting]" Schema="[dbo]" Table="[Mix]" Column="ScheduleId" />
                                                          <ScalarOperator>
                                                            <Intrinsic FunctionName="RaiseIfNullInsert">
                                                              <ScalarOperator>
                                                                <Identifier>
                                                                  <ColumnReference Column="@ScheduleIntId" />
                                                                </Identifier>
                                                              </ScalarOperator>
                                                            </Intrinsic>
                                                          </ScalarOperator>
                                                        </Assign>
                                                        <Assign>
                                                          <ColumnReference Database="[OurLabReporting]" Schema="[dbo]" Table="[Mix]" Column="StartDate" />
                                                          <ScalarOperator>
                                                            <Intrinsic FunctionName="RaiseIfNullInsert">
                                                              <ScalarOperator>
                                                                <Identifier>
                                                                  <ColumnReference Column="@startDate" />
                                                                </Identifier>
                                                              </ScalarOperator>
                                                            </Intrinsic>
                                                          </ScalarOperator>
                                                        </Assign>
                                                        <Assign>
                                                          <ColumnReference Database="[OurLabReporting]" Schema="[dbo]" Table="[Mix]" Column="EndDate" />
                                                          <ScalarOperator>
                                                            <Identifier>
                                                              <ColumnReference Column="@endDate" />
                                                            </Identifier>
                                                          </ScalarOperator>
                                                        </Assign>
                                                        <Assign>
                                                          <ColumnReference Database="[OurLabReporting]" Schema="[dbo]" Table="[Mix]" Column="StatusId" />
                                                          <ScalarOperator>
                                                            <Intrinsic FunctionName="RaiseIfNullInsert">
                                                              <ScalarOperator>
                                                                <Identifier>
                                                                  <ColumnReference Column="@statusId" />
                                                                </Identifier>
                                                              </ScalarOperator>
                                                            </Intrinsic>
                                                          </ScalarOperator>
                                                        </Assign>
                                                        <Assign>
                                                          <ColumnReference Database="[OurLabReporting]" Schema="[dbo]" Table="[Mix]" Column="BuildFlavorId" />
                                                          <ScalarOperator>
                                                            <Intrinsic FunctionName="RaiseIfNullInsert">
                                                              <ScalarOperator>
                                                                <Identifier>
                                                                  <ColumnReference Column="@buildId" />
                                                                </Identifier>
                                                              </ScalarOperator>
                                                            </Intrinsic>
                                                          </ScalarOperator>
                                                        </Assign>
                                                        <Assign>
                                                          <ColumnReference Database="[OurLabReporting]" Schema="[dbo]" Table="[Mix]" Column="ImplementationDetails" />
                                                          <ScalarOperator>
                                                            <Identifier>
                                                              <ColumnReference Column="@implementationDetails" />
                                                            </Identifier>
                                                          </ScalarOperator>
                                                        </Assign>
                                                        <Assign>
                                                          <ColumnReference Database="[OurLabReporting]" Schema="[dbo]" Table="[Mix]" Column="ContextName" />
                                                          <ScalarOperator>
                                                            <Identifier>
                                                              <ColumnReference Column="@contextName" />
                                                            </Identifier>
                                                          </ScalarOperator>
                                                        </Assign>
                                                        <Assign>
                                                          <ColumnReference Database="[OurLabReporting]" Schema="[dbo]" Table="[Mix]" Column="EffectiveContextName" />
                                                          <ScalarOperator>
                                                            <Identifier>
                                                              <ColumnReference Column="Expr1004" />
                                                            </Identifier>
                                                          </ScalarOperator>
                                                        </Assign>
                                                        <Assign>
                                                          <ColumnReference Database="[OurLabReporting]" Schema="[dbo]" Table="[Mix]" Column="PackageName" />
                                                          <ScalarOperator>
                                                            <Identifier>
                                                              <ColumnReference Column="@packageName" />
                                                            </Identifier>
                                                          </ScalarOperator>
                                                        </Assign>
                                                        <Assign>
                                                          <ColumnReference Database="[OurLabReporting]" Schema="[dbo]" Table="[Mix]" Column="EffectivePackageName" />
                                                          <ScalarOperator>
                                                            <Identifier>
                                                              <ColumnReference Column="Expr1005" />
                                                            </Identifier>
                                                          </ScalarOperator>
                                                        </Assign>
                                                        <Assign>
                                                          <ColumnReference Database="[OurLabReporting]" Schema="[dbo]" Table="[Mix]" Column="RunLogDirectory" />
                                                          <ScalarOperator>
                                                            <Identifier>
                                                              <ColumnReference Column="@runLogDirectory" />
                                                            </Identifier>
                                                          </ScalarOperator>
                                                        </Assign>
                                                        <Assign>
                                                          <ColumnReference Database="[OurLabReporting]" Schema="[dbo]" Table="[Mix]" Column="FeaturePathId" />
                                                          <ScalarOperator>
                                                            <Identifier>
                                                              <ColumnReference Column="@FeaturePathId" />
                                                            </Identifier>
                                                          </ScalarOperator>
                                                        </Assign>
                                                        <Assign>
                                                          <ColumnReference Database="[OurLabReporting]" Schema="[dbo]" Table="[Mix]" Column="Label" />
                                                          <ScalarOperator>
                                                            <Identifier>
                                                              <ColumnReference Column="@Label" />
                                                            </Identifier>
                                                          </ScalarOperator>
                                                        </Assign>
                                                        <Assign>
                                                          <ColumnReference Database="[OurLabReporting]" Schema="[dbo]" Table="[Mix]" Column="Id" />
                                                          <ScalarOperator>
                                                            <Identifier>
                                                              <ColumnReference Column="Expr1003" />
                                                            </Identifier>
                                                          </ScalarOperator>
                                                        </Assign>
                                                        <Assign>
                                                          <ColumnReference Database="[OurLabReporting]" Schema="[dbo]" Table="[Mix]" Column="IsInvalid" />
                                                          <ScalarOperator>
                                                            <Identifier>
                                                              <ColumnReference Column="Expr1006" />
                                                            </Identifier>
                                                          </ScalarOperator>
                                                        </Assign>
                                                        <Assign>
                                                          <ColumnReference Database="[OurLabReporting]" Schema="[dbo]" Table="[Mix]" Column="RecordLastUpdated" />
                                                          <ScalarOperator>
                                                            <Identifier>
                                                              <ColumnReference Column="Expr1007" />
                                                            </Identifier>
                                                          </ScalarOperator>
                                                        </Assign>
                                                        <Assign>
                                                          <ColumnReference Database="[OurLabReporting]" Schema="[dbo]" Table="[Mix]" Column="DbTimestamp" />
                                                          <ScalarOperator>
                                                            <Identifier>
                                                              <ColumnReference Column="Expr1008" />
                                                            </Identifier>
                                                          </ScalarOperator>
                                                        </Assign>
                                                        <Assign>
                                                          <ColumnReference Database="[OurLabReporting]" Schema="[dbo]" Table="[Mix]" Column="InsertUtcTime" />
                                                          <ScalarOperator>
                                                            <Identifier>
                                                              <ColumnReference Column="Expr1009" />
                                                            </Identifier>
                                                          </ScalarOperator>
                                                        </Assign>
                                                        <Assign>
                                                          <ColumnReference Database="[OurLabReporting]" Schema="[dbo]" Table="[Mix]" Column="Comments" />
                                                          <ScalarOperator>
                                                            <Const ConstValue="NULL" />
                                                          </ScalarOperator>
                                                        </Assign>
                                                        <Assign>
                                                          <ColumnReference Database="[OurLabReporting]" Schema="[dbo]" Table="[Mix]" Column="CommentAddedBy" />
                                                          <ScalarOperator>
                                                            <Const ConstValue="NULL" />
                                                          </ScalarOperator>
                                                        </Assign>
                                                        <Assign>
                                                          <ColumnReference Database="[OurLabReporting]" Schema="[dbo]" Table="[Mix]" Column="CommentUpdateTime" />
                                                          <ScalarOperator>
                                                            <Const ConstValue="NULL" />
                                                          </ScalarOperator>
                                                        </Assign>
                                                        <Assign>
                                                          <ColumnReference Database="[OurLabReporting]" Schema="[dbo]" Table="[Mix]" Column="ReportingGroupId" />
                                                          <ScalarOperator>
                                                            <Const ConstValue="NULL" />
                                                          </ScalarOperator>
                                                        </Assign>
                                                        <Assign>
                                                          <ColumnReference Database="[OurLabReporting]" Schema="[dbo]" Table="[Mix]" Column="ImageId" />
                                                          <ScalarOperator>
                                                            <Const ConstValue="NULL" />
                                                          </ScalarOperator>
                                                        </Assign>
                                                      </MultipleAssign>
                                                    </ScalarOperator>
                                                  </ScalarExpressionList>
                                                </ScalarOperator>
                                              </SetPredicate>
                                              <RelOp NodeId="8" PhysicalOp="Compute Scalar" LogicalOp="Compute Scalar" EstimateRows="1" EstimateIO="0" EstimateCPU="1e-007" AvgRowSize="441" EstimatedTotalSubtreeCost="1.357e-006" Parallel="0" EstimateRebinds="0" EstimateRewinds="0" EstimatedExecutionMode="Row">
                                                <OutputList>
                                                  <ColumnReference Column="Expr1003" />
                                                  <ColumnReference Column="Expr1004" />
                                                  <ColumnReference Column="Expr1005" />
                                                  <ColumnReference Column="Expr1006" />
                                                  <ColumnReference Column="Expr1007" />
                                                  <ColumnReference Column="Expr1008" />
                                                  <ColumnReference Column="Expr1009" />
                                                </OutputList>
                                                <ComputeScalar>
                                                  <DefinedValues>
                                                    <DefinedValue>
                                                      <ColumnReference Column="Expr1004" />
                                                      <ScalarOperator ScalarString="CONVERT_IMPLICIT(nvarchar(200),[@effectiveContextName],0)">
                                                        <Convert DataType="nvarchar" Length="400" Style="0" Implicit="1">
                                                          <ScalarOperator>
                                                            <Identifier>
                                                              <ColumnReference Column="@effectiveContextName" />
                                                            </Identifier>
                                                          </ScalarOperator>
                                                        </Convert>
                                                      </ScalarOperator>
                                                    </DefinedValue>
                                                    <DefinedValue>
                                                      <ColumnReference Column="Expr1005" />
                                                      <ScalarOperator ScalarString="CONVERT_IMPLICIT(nvarchar(200),[@effectivePackageName],0)">
                                                        <Convert DataType="nvarchar" Length="400" Style="0" Implicit="1">
                                                          <ScalarOperator>
                                                            <Identifier>
                                                              <ColumnReference Column="@effectivePackageName" />
                                                            </Identifier>
                                                          </ScalarOperator>
                                                        </Convert>
                                                      </ScalarOperator>
                                                    </DefinedValue>
                                                    <DefinedValue>
                                                      <ColumnReference Column="Expr1006" />
                                                      <ScalarOperator ScalarString="(0)">
                                                        <Const ConstValue="(0)" />
                                                      </ScalarOperator>
                                                    </DefinedValue>
                                                    <DefinedValue>
                                                      <ColumnReference Column="Expr1007" />
                                                      <ScalarOperator ScalarString="getdate()">
                                                        <Identifier>
                                                          <ColumnReference Column="ConstExpr1050">
                                                            <ScalarOperator>
                                                              <Intrinsic FunctionName="getdate" />
                                                            </ScalarOperator>
                                                          </ColumnReference>
                                                        </Identifier>
                                                      </ScalarOperator>
                                                    </DefinedValue>
                                                    <DefinedValue>
                                                      <ColumnReference Column="Expr1008" />
                                                      <ScalarOperator ScalarString="CONVERT_IMPLICIT(datetime2(7),getutcdate(),0)">
                                                        <Identifier>
                                                          <ColumnReference Column="ConstExpr1051">
                                                            <ScalarOperator>
                                                              <Convert DataType="datetime2" Style="0" Implicit="1">
                                                                <ScalarOperator>
                                                                  <Intrinsic FunctionName="getutcdate" />
                                                                </ScalarOperator>
                                                              </Convert>
                                                            </ScalarOperator>
                                                          </ColumnReference>
                                                        </Identifier>
                                                      </ScalarOperator>
                                                    </DefinedValue>
                                                    <DefinedValue>
                                                      <ColumnReference Column="Expr1009" />
                                                      <ScalarOperator ScalarString="CONVERT_IMPLICIT(datetime2(3),getutcdate(),0)">
                                                        <Identifier>
                                                          <ColumnReference Column="ConstExpr1052">
                                                            <ScalarOperator>
                                                              <Convert DataType="datetime2" Style="0" Implicit="1">
                                                                <ScalarOperator>
                                                                  <Intrinsic FunctionName="getutcdate" />
                                                                </ScalarOperator>
                                                              </Convert>
                                                            </ScalarOperator>
                                                          </ColumnReference>
                                                        </Identifier>
                                                      </ScalarOperator>
                                                    </DefinedValue>
                                                  </DefinedValues>
                                                  <RelOp NodeId="9" PhysicalOp="Compute Scalar" LogicalOp="Compute Scalar" EstimateRows="1" EstimateIO="0" EstimateCPU="1e-007" AvgRowSize="11" EstimatedTotalSubtreeCost="1.257e-006" Parallel="0" EstimateRebinds="0" EstimateRewinds="0" EstimatedExecutionMode="Row">
                                                    <OutputList>
                                                      <ColumnReference Column="Expr1003" />
                                                    </OutputList>
                                                    <ComputeScalar ComputeSequence="1">
                                                      <DefinedValues>
                                                        <DefinedValue>
                                                          <ColumnReference Column="Expr1003" />
                                                          <ScalarOperator ScalarString="getidentity((1957582012),(6),NULL)">
                                                            <Intrinsic FunctionName="getidentity">
                                                              <ScalarOperator>
                                                                <Const ConstValue="(1957582012)" />
                                                              </ScalarOperator>
                                                              <ScalarOperator>
                                                                <Const ConstValue="(6)" />
                                                              </ScalarOperator>
                                                              <ScalarOperator>
                                                                <Const ConstValue="NULL" />
                                                              </ScalarOperator>
                                                            </Intrinsic>
                                                          </ScalarOperator>
                                                        </DefinedValue>
                                                      </DefinedValues>
                                                      <RelOp NodeId="10" PhysicalOp="Constant Scan" LogicalOp="Constant Scan" EstimateRows="1" EstimateIO="0" EstimateCPU="1.157e-006" AvgRowSize="9" EstimatedTotalSubtreeCost="1.157e-006" Parallel="0" EstimateRebinds="0" EstimateRewinds="0" EstimatedExecutionMode="Row">
                                                        <OutputList />
                                                        <ConstantScan />
                                                      </RelOp>
                                                    </ComputeScalar>
                                                  </RelOp>
                                                </ComputeScalar>
                                              </RelOp>
                                            </Update>
                                          </RelOp>
                                          <RelOp NodeId="27" PhysicalOp="Clustered Index Seek" LogicalOp="Clustered Index Seek" EstimateRows="1" EstimateIO="0.003125" EstimateCPU="0.0001581" AvgRowSize="9" EstimatedTotalSubtreeCost="0.0032831" TableCardinality="805176" Parallel="0" EstimateRebinds="0" EstimateRewinds="0" EstimatedExecutionMode="Row">
                                            <OutputList />
                                            <IndexScan Ordered="1" ScanDirection="FORWARD" ForcedIndex="1" ForceSeek="0" ForceScan="0" NoExpandHint="0" Storage="RowStore">
                                              <DefinedValues />
                                              <Object Database="[OurLabReporting]" Schema="[dbo]" Table="[BuildFlavor]" Index="[BuildFlavor_PK]" IndexKind="Clustered" />
                                              <SeekPredicates>
                                                <SeekPredicateNew>
                                                  <SeekKeys>
                                                    <Prefix ScanType="EQ">
                                                      <RangeColumns>
                                                        <ColumnReference Database="[OurLabReporting]" Schema="[dbo]" Table="[BuildFlavor]" Column="Id" />
                                                      </RangeColumns>
                                                      <RangeExpressions>
                                                        <ScalarOperator ScalarString="[OurLabReporting].[dbo].[Mix].[BuildFlavorId]">
                                                          <Identifier>
                                                            <ColumnReference Database="[OurLabReporting]" Schema="[dbo]" Table="[Mix]" Column="BuildFlavorId" />
                                                          </Identifier>
                                                        </ScalarOperator>
                                                      </RangeExpressions>
                                                    </Prefix>
                                                  </SeekKeys>
                                                </SeekPredicateNew>
                                              </SeekPredicates>
                                            </IndexScan>
                                          </RelOp>
                                        </NestedLoops>
                                      </RelOp>
                                      <RelOp NodeId="28" PhysicalOp="Clustered Index Seek" LogicalOp="Clustered Index Seek" EstimateRows="1" EstimateIO="0.003125" EstimateCPU="0.0001581" AvgRowSize="9" EstimatedTotalSubtreeCost="0.0032831" TableCardinality="1.44031e+006" Parallel="0" EstimateRebinds="0" EstimateRewinds="0" EstimatedExecutionMode="Row">
                                        <OutputList />
                                        <IndexScan Ordered="1" ScanDirection="FORWARD" ForcedIndex="1" ForceSeek="0" ForceScan="0" NoExpandHint="0" Storage="RowStore">
                                          <DefinedValues />
                                          <Object Database="[OurLabReporting]" Schema="[dbo]" Table="[Schedule]" Index="[Schedule_PK]" IndexKind="Clustered" />
                                          <SeekPredicates>
                                            <SeekPredicateNew>
                                              <SeekKeys>
                                                <Prefix ScanType="EQ">
                                                  <RangeColumns>
                                                    <ColumnReference Database="[OurLabReporting]" Schema="[dbo]" Table="[Schedule]" Column="Id" />
                                                  </RangeColumns>
                                                  <RangeExpressions>
                                                    <ScalarOperator ScalarString="[OurLabReporting].[dbo].[Mix].[ScheduleId]">
                                                      <Identifier>
                                                        <ColumnReference Database="[OurLabReporting]" Schema="[dbo]" Table="[Mix]" Column="ScheduleId" />
                                                      </Identifier>
                                                    </ScalarOperator>
                                                  </RangeExpressions>
                                                </Prefix>
                                              </SeekKeys>
                                            </SeekPredicateNew>
                                          </SeekPredicates>
                                        </IndexScan>
                                      </RelOp>
                                    </NestedLoops>
                                  </RelOp>
                                  <RelOp NodeId="29" PhysicalOp="Clustered Index Seek" LogicalOp="Clustered Index Seek" EstimateRows="1" EstimateIO="0.003125" EstimateCPU="0.0001581" AvgRowSize="9" EstimatedTotalSubtreeCost="0.0032831" TableCardinality="96" Parallel="0" EstimateRebinds="0" EstimateRewinds="0" EstimatedExecutionMode="Row">
                                    <OutputList />
                                    <IndexScan Ordered="1" ScanDirection="FORWARD" ForcedIndex="1" ForceSeek="0" ForceScan="0" NoExpandHint="0" Storage="RowStore">
                                      <DefinedValues />
                                      <Object Database="[OurLabReporting]" Schema="[dbo]" Table="[Status]" Index="[Status_PK]" IndexKind="Clustered" />
                                      <SeekPredicates>
                                        <SeekPredicateNew>
                                          <SeekKeys>
                                            <Prefix ScanType="EQ">
                                              <RangeColumns>
                                                <ColumnReference Database="[OurLabReporting]" Schema="[dbo]" Table="[Status]" Column="Id" />
                                              </RangeColumns>
                                              <RangeExpressions>
                                                <ScalarOperator ScalarString="[OurLabReporting].[dbo].[Mix].[StatusId]">
                                                  <Identifier>
                                                    <ColumnReference Database="[OurLabReporting]" Schema="[dbo]" Table="[Mix]" Column="StatusId" />
                                                  </Identifier>
                                                </ScalarOperator>
                                              </RangeExpressions>
                                            </Prefix>
                                          </SeekKeys>
                                        </SeekPredicateNew>
                                      </SeekPredicates>
                                    </IndexScan>
                                  </RelOp>
                                </NestedLoops>
                              </RelOp>
                              <Predicate>
                                <ScalarOperator ScalarString="CASE WHEN [Expr1053] IS NULL THEN (0) ELSE CASE WHEN [Expr1054] IS NULL THEN (1) ELSE CASE WHEN [Expr1055] IS NULL THEN (2) ELSE NULL END END END">
                                  <IF>
                                    <Condition>
                                      <ScalarOperator>
                                        <Logical Operation="IS NULL">
                                          <ScalarOperator>
                                            <Identifier>
                                              <ColumnReference Column="Expr1053" />
                                            </Identifier>
                                          </ScalarOperator>
                                        </Logical>
                                      </ScalarOperator>
                                    </Condition>
                                    <Then>
                                      <ScalarOperator>
                                        <Const ConstValue="(0)" />
                                      </ScalarOperator>
                                    </Then>
                                    <Else>
                                      <ScalarOperator>
                                        <IF>
                                          <Condition>
                                            <ScalarOperator>
                                              <Logical Operation="IS NULL">
                                                <ScalarOperator>
                                                  <Identifier>
                                                    <ColumnReference Column="Expr1054" />
                                                  </Identifier>
                                                </ScalarOperator>
                                              </Logical>
                                            </ScalarOperator>
                                          </Condition>
                                          <Then>
                                            <ScalarOperator>
                                              <Const ConstValue="(1)" />
                                            </ScalarOperator>
                                          </Then>
                                          <Else>
                                            <ScalarOperator>
                                              <IF>
                                                <Condition>
                                                  <ScalarOperator>
                                                    <Logical Operation="IS NULL">
                                                      <ScalarOperator>
                                                        <Identifier>
                                                          <ColumnReference Column="Expr1055" />
                                                        </Identifier>
                                                      </ScalarOperator>
                                                    </Logical>
                                                  </ScalarOperator>
                                                </Condition>
                                                <Then>
                                                  <ScalarOperator>
                                                    <Const ConstValue="(2)" />
                                                  </ScalarOperator>
                                                </Then>
                                                <Else>
                                                  <ScalarOperator>
                                                    <Const ConstValue="NULL" />
                                                  </ScalarOperator>
                                                </Else>
                                              </IF>
                                            </ScalarOperator>
                                          </Else>
                                        </IF>
                                      </ScalarOperator>
                                    </Else>
                                  </IF>
                                </ScalarOperator>
                              </Predicate>
                            </Assert>
                          </RelOp>
                        </Spool>
                      </RelOp>
                      <RelOp NodeId="31" PhysicalOp="Clustered Index Update" LogicalOp="Update" EstimateRows="1411.61" EstimateIO="0.0945182" EstimateCPU="0.00141161" AvgRowSize="9" EstimatedTotalSubtreeCost="11.743" Parallel="0" EstimateRebinds="0" EstimateRewinds="0" EstimatedExecutionMode="Row">
                        <OutputList />
                        <Update DMLRequestSort="1">
                          <Object Database="[OurLabReporting]" Schema="[dbo]" Table="[BugBranchFailureCount]" Index="[IDX_BugBranchFailureCount]" IndexKind="ViewClustered" />
                          <SetPredicate>
                            <ScalarOperator ScalarString="[OurLabReporting].[dbo].[BugBranchFailureCount].[Number] = RaiseIfNullUpdate([OurLabReporting].[dbo].[Bug].[Number] as [b].[Number]),[OurLabReporting].[dbo].[BugBranchFailureCount].[DatabaseName] = RaiseIfNullUpdate([OurLabReporting].[dbo].[Bug].[DatabaseName] as [b].[DatabaseName]),[OurLabReporting].[dbo].[BugBranchFailureCount].[Branch] = RaiseIfNullUpdate([OurLabReporting].[dbo].[BuildVersion].[Branch] as [BV].[Branch]),[OurLabReporting].[dbo].[BugBranchFailureCount].[FailCount] = [Expr1025]">
                              <ScalarExpressionList>
                                <ScalarOperator>
                                  <MultipleAssign>
                                    <Assign>
                                      <ColumnReference Database="[OurLabReporting]" Schema="[dbo]" Table="[BugBranchFailureCount]" Column="Number" />
                                      <ScalarOperator>
                                        <Intrinsic FunctionName="RaiseIfNullUpdate">
                                          <ScalarOperator>
                                            <Identifier>
                                              <ColumnReference Database="[OurLabReporting]" Schema="[dbo]" Table="[Bug]" Alias="[b]" Column="Number" />
                                            </Identifier>
                                          </ScalarOperator>
                                        </Intrinsic>
                                      </ScalarOperator>
                                    </Assign>
                                    <Assign>
                                      <ColumnReference Database="[OurLabReporting]" Schema="[dbo]" Table="[BugBranchFailureCount]" Column="DatabaseName" />
                                      <ScalarOperator>
                                        <Intrinsic FunctionName="RaiseIfNullUpdate">
                                          <ScalarOperator>
                                            <Identifier>
                                              <ColumnReference Database="[OurLabReporting]" Schema="[dbo]" Table="[Bug]" Alias="[b]" Column="DatabaseName" />
                                            </Identifier>
                                          </ScalarOperator>
                                        </Intrinsic>
                                      </ScalarOperator>
                                    </Assign>
                                    <Assign>
                                      <ColumnReference Database="[OurLabReporting]" Schema="[dbo]" Table="[BugBranchFailureCount]" Column="Branch" />
                                      <ScalarOperator>
                                        <Intrinsic FunctionName="RaiseIfNullUpdate">
                                          <ScalarOperator>
                                            <Identifier>
                                              <ColumnReference Database="[OurLabReporting]" Schema="[dbo]" Table="[BuildVersion]" Alias="[BV]" Column="Branch" />
                                            </Identifier>
                                          </ScalarOperator>
                                        </Intrinsic>
                                      </ScalarOperator>
                                    </Assign>
                                    <Assign>
                                      <ColumnReference Database="[OurLabReporting]" Schema="[dbo]" Table="[BugBranchFailureCount]" Column="FailCount" />
                                      <ScalarOperator>
                                        <Identifier>
                                          <ColumnReference Column="Expr1025" />
                                        </Identifier>
                                      </ScalarOperator>
                                    </Assign>
                                  </MultipleAssign>
                                </ScalarOperator>
                              </ScalarExpressionList>
                            </ScalarOperator>
                          </SetPredicate>
                          <ActionColumn>
                            <ColumnReference Column="Act1058" />
                          </ActionColumn>
                          <RelOp NodeId="32" PhysicalOp="Collapse" LogicalOp="Collapse" EstimateRows="1411.61" EstimateIO="0" EstimateCPU="0.00423483" AvgRowSize="431" EstimatedTotalSubtreeCost="11.6471" Parallel="0" EstimateRebinds="0" EstimateRewinds="0" EstimatedExecutionMode="Row">
                            <OutputList>
                              <ColumnReference Database="[OurLabReporting]" Schema="[dbo]" Table="[Bug]" Alias="[b]" Column="Number" />
                              <ColumnReference Database="[OurLabReporting]" Schema="[dbo]" Table="[Bug]" Alias="[b]" Column="DatabaseName" />
                              <ColumnReference Database="[OurLabReporting]" Schema="[dbo]" Table="[BuildVersion]" Alias="[BV]" Column="Branch" />
                              <ColumnReference Column="Expr1025" />
                              <ColumnReference Column="Act1058" />
                              <ColumnReference Database="[OurLabReporting]" Schema="[dbo]" Table="[BugBranchFailureCount]" Column="Number" />
                              <ColumnReference Database="[OurLabReporting]" Schema="[dbo]" Table="[BugBranchFailureCount]" Column="DatabaseName" />
                              <ColumnReference Database="[OurLabReporting]" Schema="[dbo]" Table="[BugBranchFailureCount]" Column="Branch" />
                            </OutputList>
                            <Collapse>
                              <GroupBy>
                                <ColumnReference Database="[OurLabReporting]" Schema="[dbo]" Table="[Bug]" Alias="[b]" Column="Number" />
                                <ColumnReference Database="[OurLabReporting]" Schema="[dbo]" Table="[Bug]" Alias="[b]" Column="DatabaseName" />
                                <ColumnReference Database="[OurLabReporting]" Schema="[dbo]" Table="[BuildVersion]" Alias="[BV]" Column="Branch" />
                              </GroupBy>
                              <RelOp NodeId="34" PhysicalOp="Sort" LogicalOp="Sort" EstimateRows="2823.22" EstimateIO="0.0112613" EstimateCPU="0.0505866" AvgRowSize="431" EstimatedTotalSubtreeCost="11.6428" Parallel="0" EstimateRebinds="0" EstimateRewinds="0" EstimatedExecutionMode="Row">
                                <OutputList>
                                  <ColumnReference Database="[OurLabReporting]" Schema="[dbo]" Table="[Bug]" Alias="[b]" Column="Number" />
                                  <ColumnReference Database="[OurLabReporting]" Schema="[dbo]" Table="[Bug]" Alias="[b]" Column="DatabaseName" />
                                  <ColumnReference Database="[OurLabReporting]" Schema="[dbo]" Table="[BuildVersion]" Alias="[BV]" Column="Branch" />
                                  <ColumnReference Column="Expr1025" />
                                  <ColumnReference Column="Act1058" />
                                  <ColumnReference Database="[OurLabReporting]" Schema="[dbo]" Table="[Bug]" Alias="[b]" Column="DatabaseName" />
                                  <ColumnReference Database="[OurLabReporting]" Schema="[dbo]" Table="[BuildVersion]" Alias="[BV]" Column="Branch" />
                                </OutputList>
                                <MemoryFractions Input="0.819095" Output="1" />
                                <Sort Distinct="0">
                                  <OrderBy>
                                    <OrderByColumn Ascending="1">
                                      <ColumnReference Database="[OurLabReporting]" Schema="[dbo]" Table="[Bug]" Alias="[b]" Column="Number" />
                                    </OrderByColumn>
                                    <OrderByColumn Ascending="1">
                                      <ColumnReference Database="[OurLabReporting]" Schema="[dbo]" Table="[Bug]" Alias="[b]" Column="DatabaseName" />
                                    </OrderByColumn>
                                    <OrderByColumn Ascending="1">
                                      <ColumnReference Database="[OurLabReporting]" Schema="[dbo]" Table="[BuildVersion]" Alias="[BV]" Column="Branch" />
                                    </OrderByColumn>
                                    <OrderByColumn Ascending="1">
                                      <ColumnReference Column="Act1058" />
                                    </OrderByColumn>
                                  </OrderBy>
                                  <RelOp NodeId="36" PhysicalOp="Compute Scalar" LogicalOp="Compute Scalar" EstimateRows="2823.22" EstimateIO="0" EstimateCPU="0.000282322" AvgRowSize="73" EstimatedTotalSubtreeCost="11.581" Parallel="0" EstimateRebinds="0" EstimateRewinds="0" EstimatedExecutionMode="Row">
                                    <OutputList>
                                      <ColumnReference Database="[OurLabReporting]" Schema="[dbo]" Table="[Bug]" Alias="[b]" Column="Number" />
                                      <ColumnReference Database="[OurLabReporting]" Schema="[dbo]" Table="[Bug]" Alias="[b]" Column="DatabaseName" />
                                      <ColumnReference Database="[OurLabReporting]" Schema="[dbo]" Table="[BuildVersion]" Alias="[BV]" Column="Branch" />
                                      <ColumnReference Column="Expr1025" />
                                      <ColumnReference Column="Act1058" />
                                    </OutputList>
                                    <ComputeScalar>
                                      <DefinedValues>
                                        <DefinedValue>
                                          <ColumnReference Column="Expr1025" />
                                          <ScalarOperator ScalarString="CASE WHEN [OurLabReporting].[dbo].[BugBranchFailureCount].[FailCount] IS NULL THEN [Expr1025] ELSE [OurLabReporting].[dbo].[BugBranchFailureCount].[FailCount]+[Expr1025] END">
                                            <IF>
                                              <Condition>
                                                <ScalarOperator>
                                                  <Logical Operation="IS NULL">
                                                    <ScalarOperator>
                                                      <Identifier>
                                                        <ColumnReference Database="[OurLabReporting]" Schema="[dbo]" Table="[BugBranchFailureCount]" Column="FailCount" />
                                                      </Identifier>
                                                    </ScalarOperator>
                                                  </Logical>
                                                </ScalarOperator>
                                              </Condition>
                                              <Then>
                                                <ScalarOperator>
                                                  <Identifier>
                                                    <ColumnReference Column="Expr1025" />
                                                  </Identifier>
                                                </ScalarOperator>
                                              </Then>
                                              <Else>
                                                <ScalarOperator>
                                                  <Arithmetic Operation="ADD">
                                                    <ScalarOperator>
                                                      <Identifier>
                                                        <ColumnReference Database="[OurLabReporting]" Schema="[dbo]" Table="[BugBranchFailureCount]" Column="FailCount" />
                                                      </Identifier>
                                                    </ScalarOperator>
                                                    <ScalarOperator>
                                                      <Identifier>
                                                        <ColumnReference Column="Expr1025" />
                                                      </Identifier>
                                                    </ScalarOperator>
                                                  </Arithmetic>
                                                </ScalarOperator>
                                              </Else>
                                            </IF>
                                          </ScalarOperator>
                                        </DefinedValue>
                                        <DefinedValue>
                                          <ColumnReference Column="Act1058" />
                                          <ScalarOperator ScalarString="CASE WHEN [OurLabReporting].[dbo].[BugBranchFailureCount].[FailCount] IS NULL THEN (4) ELSE (1) END">
                                            <IF>
                                              <Condition>
                                                <ScalarOperator>
                                                  <Logical Operation="IS NULL">
                                                    <ScalarOperator>
                                                      <Identifier>
                                                        <ColumnReference Database="[OurLabReporting]" Schema="[dbo]" Table="[BugBranchFailureCount]" Column="FailCount" />
                                                      </Identifier>
                                                    </ScalarOperator>
                                                  </Logical>
                                                </ScalarOperator>
                                              </Condition>
                                              <Then>
                                                <ScalarOperator>
                                                  <Const ConstValue="(4)" />
                                                </ScalarOperator>
                                              </Then>
                                              <Else>
                                                <ScalarOperator>
                                                  <Const ConstValue="(1)" />
                                                </ScalarOperator>
                                              </Else>
                                            </IF>
                                          </ScalarOperator>
                                        </DefinedValue>
                                      </DefinedValues>
                                      <RelOp NodeId="37" PhysicalOp="Merge Join" LogicalOp="Left Outer Join" EstimateRows="2823.22" EstimateIO="0" EstimateCPU="0.471104" AvgRowSize="77" EstimatedTotalSubtreeCost="11.5807" Parallel="0" EstimateRebinds="0" EstimateRewinds="0" EstimatedExecutionMode="Row">
                                        <OutputList>
                                          <ColumnReference Database="[OurLabReporting]" Schema="[dbo]" Table="[Bug]" Alias="[b]" Column="Number" />
                                          <ColumnReference Database="[OurLabReporting]" Schema="[dbo]" Table="[Bug]" Alias="[b]" Column="DatabaseName" />
                                          <ColumnReference Database="[OurLabReporting]" Schema="[dbo]" Table="[BuildVersion]" Alias="[BV]" Column="Branch" />
                                          <ColumnReference Column="Expr1025" />
                                          <ColumnReference Database="[OurLabReporting]" Schema="[dbo]" Table="[BugBranchFailureCount]" Column="FailCount" />
                                        </OutputList>
                                        <Merge ManyToMany="0">
                                          <InnerSideJoinColumns>
                                            <ColumnReference Database="[OurLabReporting]" Schema="[dbo]" Table="[BugBranchFailureCount]" Column="Number" />
                                            <ColumnReference Database="[OurLabReporting]" Schema="[dbo]" Table="[BugBranchFailureCount]" Column="DatabaseName" />
                                            <ColumnReference Database="[OurLabReporting]" Schema="[dbo]" Table="[BugBranchFailureCount]" Column="Branch" />
                                          </InnerSideJoinColumns>
                                          <OuterSideJoinColumns>
                                            <ColumnReference Database="[OurLabReporting]" Schema="[dbo]" Table="[Bug]" Alias="[b]" Column="Number" />
                                            <ColumnReference Database="[OurLabReporting]" Schema="[dbo]" Table="[Bug]" Alias="[b]" Column="DatabaseName" />
                                            <ColumnReference Database="[OurLabReporting]" Schema="[dbo]" Table="[BuildVersion]" Alias="[BV]" Column="Branch" />
                                          </OuterSideJoinColumns>
                                          <Residual>
                                            <ScalarOperator ScalarString="[OurLabReporting].[dbo].[Bug].[Number] as [b].[Number] = [OurLabReporting].[dbo].[BugBranchFailureCount].[Number] AND [OurLabReporting].[dbo].[Bug].[DatabaseName] as [b].[DatabaseName] = [OurLabReporting].[dbo].[BugBranchFailureCount].[DatabaseName] AND [OurLabReporting].[dbo].[BuildVersion].[Branch] as [BV].[Branch] = [OurLabReporting].[dbo].[BugBranchFailureCount].[Branch]">
                                              <Logical Operation="AND">
                                                <ScalarOperator>
                                                  <Compare CompareOp="IS">
                                                    <ScalarOperator>
                                                      <Identifier>
                                                        <ColumnReference Database="[OurLabReporting]" Schema="[dbo]" Table="[Bug]" Alias="[b]" Column="Number" />
                                                      </Identifier>
                                                    </ScalarOperator>
                                                    <ScalarOperator>
                                                      <Identifier>
                                                        <ColumnReference Database="[OurLabReporting]" Schema="[dbo]" Table="[BugBranchFailureCount]" Column="Number" />
                                                      </Identifier>
                                                    </ScalarOperator>
                                                  </Compare>
                                                </ScalarOperator>
                                                <ScalarOperator>
                                                  <Compare CompareOp="IS">
                                                    <ScalarOperator>
                                                      <Identifier>
                                                        <ColumnReference Database="[OurLabReporting]" Schema="[dbo]" Table="[Bug]" Alias="[b]" Column="DatabaseName" />
                                                      </Identifier>
                                                    </ScalarOperator>
                                                    <ScalarOperator>
                                                      <Identifier>
                                                        <ColumnReference Database="[OurLabReporting]" Schema="[dbo]" Table="[BugBranchFailureCount]" Column="DatabaseName" />
                                                      </Identifier>
                                                    </ScalarOperator>
                                                  </Compare>
                                                </ScalarOperator>
                                                <ScalarOperator>
                                                  <Compare CompareOp="IS">
                                                    <ScalarOperator>
                                                      <Identifier>
                                                        <ColumnReference Database="[OurLabReporting]" Schema="[dbo]" Table="[BuildVersion]" Alias="[BV]" Column="Branch" />
                                                      </Identifier>
                                                    </ScalarOperator>
                                                    <ScalarOperator>
                                                      <Identifier>
                                                        <ColumnReference Database="[OurLabReporting]" Schema="[dbo]" Table="[BugBranchFailureCount]" Column="Branch" />
                                                      </Identifier>
                                                    </ScalarOperator>
                                                  </Compare>
                                                </ScalarOperator>
                                              </Logical>
                                            </ScalarOperator>
                                          </Residual>
                                          <RelOp NodeId="38" PhysicalOp="Stream Aggregate" LogicalOp="Aggregate" EstimateRows="2823.22" EstimateIO="0" EstimateCPU="0.00310554" AvgRowSize="69" EstimatedTotalSubtreeCost="9.31609" Parallel="0" EstimateRebinds="0" EstimateRewinds="0" EstimatedExecutionMode="Row">
                                            <OutputList>
                                              <ColumnReference Database="[OurLabReporting]" Schema="[dbo]" Table="[Bug]" Alias="[b]" Column="Number" />
                                              <ColumnReference Database="[OurLabReporting]" Schema="[dbo]" Table="[Bug]" Alias="[b]" Column="DatabaseName" />
                                              <ColumnReference Database="[OurLabReporting]" Schema="[dbo]" Table="[BuildVersion]" Alias="[BV]" Column="Branch" />
                                              <ColumnReference Column="Expr1025" />
                                            </OutputList>
                                            <StreamAggregate>
                                              <DefinedValues>
                                                <DefinedValue>
                                                  <ColumnReference Column="Expr1025" />
                                                  <ScalarOperator ScalarString="Count(*)">
                                                    <Aggregate AggType="countstar" Distinct="0" />
                                                  </ScalarOperator>
                                                </DefinedValue>
                                                <DefinedValue>
                                                  <ColumnReference Database="[OurLabReporting]" Schema="[dbo]" Table="[BuildVersion]" Alias="[BV]" Column="Branch" />
                                                  <ScalarOperator ScalarString="ANY([OurLabReporting].[dbo].[BuildVersion].[Branch] as [BV].[Branch])">
                                                    <Aggregate Distinct="0" AggType="ANY">
                                                      <ScalarOperator>
                                                        <Identifier>
                                                          <ColumnReference Database="[OurLabReporting]" Schema="[dbo]" Table="[BuildVersion]" Alias="[BV]" Column="Branch" />
                                                        </Identifier>
                                                      </ScalarOperator>
                                                    </Aggregate>
                                                  </ScalarOperator>
                                                </DefinedValue>
                                              </DefinedValues>
                                              <GroupBy>
                                                <ColumnReference Database="[OurLabReporting]" Schema="[dbo]" Table="[Bug]" Alias="[b]" Column="Number" />
                                                <ColumnReference Database="[OurLabReporting]" Schema="[dbo]" Table="[Bug]" Alias="[b]" Column="DatabaseName" />
                                              </GroupBy>
                                              <RelOp NodeId="39" PhysicalOp="Sort" LogicalOp="Sort" EstimateRows="2823.22" EstimateIO="0.0112613" EstimateCPU="0.0505863" AvgRowSize="61" EstimatedTotalSubtreeCost="9.31298" Parallel="0" EstimateRebinds="0" EstimateRewinds="0" EstimatedExecutionMode="Row">
                                                <OutputList>
                                                  <ColumnReference Database="[OurLabReporting]" Schema="[dbo]" Table="[Bug]" Alias="[b]" Column="Number" />
                                                  <ColumnReference Database="[OurLabReporting]" Schema="[dbo]" Table="[Bug]" Alias="[b]" Column="DatabaseName" />
                                                  <ColumnReference Database="[OurLabReporting]" Schema="[dbo]" Table="[BuildVersion]" Alias="[BV]" Column="Branch" />
                                                </OutputList>
                                                <MemoryFractions Input="0.464516" Output="0.180905" />
                                                <Sort Distinct="0">
                                                  <OrderBy>
                                                    <OrderByColumn Ascending="1">
                                                      <ColumnReference Database="[OurLabReporting]" Schema="[dbo]" Table="[Bug]" Alias="[b]" Column="Number" />
                                                    </OrderByColumn>
                                                    <OrderByColumn Ascending="1">
                                                      <ColumnReference Database="[OurLabReporting]" Schema="[dbo]" Table="[Bug]" Alias="[b]" Column="DatabaseName" />
                                                    </OrderByColumn>
                                                  </OrderBy>
                                                  <RelOp NodeId="40" PhysicalOp="Hash Match" LogicalOp="Inner Join" EstimateRows="2823.22" EstimateIO="0" EstimateCPU="0.350682" AvgRowSize="61" EstimatedTotalSubtreeCost="9.25114" Parallel="0" EstimateRebinds="0" EstimateRewinds="0" EstimatedExecutionMode="Row">
                                                    <OutputList>
                                                      <ColumnReference Database="[OurLabReporting]" Schema="[dbo]" Table="[Bug]" Alias="[b]" Column="Number" />
                                                      <ColumnReference Database="[OurLabReporting]" Schema="[dbo]" Table="[Bug]" Alias="[b]" Column="DatabaseName" />
                                                      <ColumnReference Database="[OurLabReporting]" Schema="[dbo]" Table="[BuildVersion]" Alias="[BV]" Column="Branch" />
                                                    </OutputList>
                                                    <MemoryFractions Input="1" Output="0.535484" />
                                                    <Hash>
                                                      <DefinedValues />
                                                      <HashKeysBuild>
                                                        <ColumnReference Database="[OurLabReporting]" Schema="[dbo]" Table="[FailureBugMapping]" Alias="[fbm]" Column="BugId" />
                                                      </HashKeysBuild>
                                                      <HashKeysProbe>
                                                        <ColumnReference Database="[OurLabReporting]" Schema="[dbo]" Table="[Bug]" Alias="[b]" Column="Id" />
                                                      </HashKeysProbe>
                                                      <RelOp NodeId="41" PhysicalOp="Nested Loops" LogicalOp="Inner Join" EstimateRows="2823.22" EstimateIO="0" EstimateCPU="0.0118011" AvgRowSize="40" EstimatedTotalSubtreeCost="8.67764" Parallel="0" EstimateRebinds="0" EstimateRewinds="0" EstimatedExecutionMode="Row">
                                                        <OutputList>
                                                          <ColumnReference Database="[OurLabReporting]" Schema="[dbo]" Table="[FailureBugMapping]" Alias="[fbm]" Column="BugId" />
                                                          <ColumnReference Database="[OurLabReporting]" Schema="[dbo]" Table="[BuildVersion]" Alias="[BV]" Column="Branch" />
                                                        </OutputList>
                                                        <NestedLoops Optimized="0" WithUnorderedPrefetch="1">
                                                          <OuterReferences>
                                                            <ColumnReference Database="[OurLabReporting]" Schema="[dbo]" Table="[Failure]" Alias="[f]" Column="Id" />
                                                            <ColumnReference Column="Expr1068" />
                                                          </OuterReferences>
                                                          <RelOp NodeId="43" PhysicalOp="Nested Loops" LogicalOp="Inner Join" EstimateRows="2814.41" EstimateIO="0" EstimateCPU="0.0117642" AvgRowSize="40" EstimatedTotalSubtreeCost="0.0730851" Parallel="0" EstimateRebinds="0" EstimateRewinds="0" EstimatedExecutionMode="Row">
                                                            <OutputList>
                                                              <ColumnReference Database="[OurLabReporting]" Schema="[dbo]" Table="[Failure]" Alias="[f]" Column="Id" />
                                                              <ColumnReference Database="[OurLabReporting]" Schema="[dbo]" Table="[BuildVersion]" Alias="[BV]" Column="Branch" />
                                                            </OutputList>
                                                            <NestedLoops Optimized="0">
                                                              <OuterReferences>
                                                                <ColumnReference Database="[OurLabReporting]" Schema="[dbo]" Table="[Mix]" Column="Id" />
                                                              </OuterReferences>
                                                              <RelOp NodeId="44" PhysicalOp="Nested Loops" LogicalOp="Inner Join" EstimateRows="1" EstimateIO="0" EstimateCPU="4.18e-006" AvgRowSize="40" EstimatedTotalSubtreeCost="0.0416097" Parallel="0" EstimateRebinds="0" EstimateRewinds="0" EstimatedExecutionMode="Row">
                                                                <OutputList>
                                                                  <ColumnReference Database="[OurLabReporting]" Schema="[dbo]" Table="[Mix]" Column="Id" />
                                                                  <ColumnReference Database="[OurLabReporting]" Schema="[dbo]" Table="[BuildVersion]" Alias="[BV]" Column="Branch" />
                                                                </OutputList>
                                                                <NestedLoops Optimized="0">
                                                                  <OuterReferences>
                                                                    <ColumnReference Database="[OurLabReporting]" Schema="[dbo]" Table="[BuildFlavor]" Alias="[BF]" Column="BuildVersionId" />
                                                                  </OuterReferences>
                                                                  <RelOp NodeId="45" PhysicalOp="Nested Loops" LogicalOp="Inner Join" EstimateRows="1" EstimateIO="0" EstimateCPU="4.18e-006" AvgRowSize="15" EstimatedTotalSubtreeCost="0.0383224" Parallel="0" EstimateRebinds="0" EstimateRewinds="0" EstimatedExecutionMode="Row">
                                                                    <OutputList>
                                                                      <ColumnReference Database="[OurLabReporting]" Schema="[dbo]" Table="[Mix]" Column="Id" />
                                                                      <ColumnReference Database="[OurLabReporting]" Schema="[dbo]" Table="[BuildFlavor]" Alias="[BF]" Column="BuildVersionId" />
                                                                    </OutputList>
                                                                    <NestedLoops Optimized="0">
                                                                      <OuterReferences>
                                                                        <ColumnReference Database="[OurLabReporting]" Schema="[dbo]" Table="[Mix]" Column="BuildFlavorId" />
                                                                      </OuterReferences>
                                                                      <RelOp NodeId="47" PhysicalOp="Table Spool" LogicalOp="Eager Spool" EstimateRows="1" EstimateIO="0" EstimateCPU="5.01216e-005" AvgRowSize="15" EstimatedTotalSubtreeCost="0.0350351" Parallel="0" EstimateRebinds="0" EstimateRewinds="0" EstimatedExecutionMode="Row">
                                                                        <OutputList>
                                                                          <ColumnReference Database="[OurLabReporting]" Schema="[dbo]" Table="[Mix]" Column="Id" />
                                                                          <ColumnReference Database="[OurLabReporting]" Schema="[dbo]" Table="[Mix]" Column="BuildFlavorId" />
                                                                        </OutputList>
                                                                        <Spool PrimaryNodeId="2" />
                                                                      </RelOp>
                                                                      <RelOp NodeId="53" PhysicalOp="Index Seek" LogicalOp="Index Seek" EstimateRows="1" EstimateIO="0.003125" EstimateCPU="0.0001581" AvgRowSize="11" EstimatedTotalSubtreeCost="0.0032831" TableCardinality="805176" Parallel="0" EstimateRebinds="0" EstimateRewinds="0" EstimatedExecutionMode="Row">
                                                                        <OutputList>
                                                                          <ColumnReference Database="[OurLabReporting]" Schema="[dbo]" Table="[BuildFlavor]" Alias="[BF]" Column="BuildVersionId" />
                                                                        </OutputList>
                                                                        <IndexScan Ordered="1" ScanDirection="FORWARD" ForcedIndex="0" ForceSeek="0" ForceScan="0" NoExpandHint="0" Storage="RowStore">
                                                                          <DefinedValues>
                                                                            <DefinedValue>
                                                                              <ColumnReference Database="[OurLabReporting]" Schema="[dbo]" Table="[BuildFlavor]" Alias="[BF]" Column="BuildVersionId" />
                                                                            </DefinedValue>
                                                                          </DefinedValues>
                                                                          <Object Database="[OurLabReporting]" Schema="[dbo]" Table="[BuildFlavor]" Index="[BuildFlavor_IDX_Id]" Alias="[BF]" IndexKind="NonClustered" />
                                                                          <SeekPredicates>
                                                                            <SeekPredicateNew>
                                                                              <SeekKeys>
                                                                                <Prefix ScanType="EQ">
                                                                                  <RangeColumns>
                                                                                    <ColumnReference Database="[OurLabReporting]" Schema="[dbo]" Table="[BuildFlavor]" Alias="[BF]" Column="Id" />
                                                                                  </RangeColumns>
                                                                                  <RangeExpressions>
                                                                                    <ScalarOperator ScalarString="[OurLabReporting].[dbo].[Mix].[BuildFlavorId]">
                                                                                      <Identifier>
                                                                                        <ColumnReference Database="[OurLabReporting]" Schema="[dbo]" Table="[Mix]" Column="BuildFlavorId" />
                                                                                      </Identifier>
                                                                                    </ScalarOperator>
                                                                                  </RangeExpressions>
                                                                                </Prefix>
                                                                              </SeekKeys>
                                                                            </SeekPredicateNew>
                                                                          </SeekPredicates>
                                                                        </IndexScan>
                                                                      </RelOp>
                                                                    </NestedLoops>
                                                                  </RelOp>
                                                                  <RelOp NodeId="54" PhysicalOp="Clustered Index Seek" LogicalOp="Clustered Index Seek" EstimateRows="1" EstimateIO="0.003125" EstimateCPU="0.0001581" AvgRowSize="36" EstimatedTotalSubtreeCost="0.0032831" TableCardinality="78971" Parallel="0" EstimateRebinds="0" EstimateRewinds="0" EstimatedExecutionMode="Row">
                                                                    <OutputList>
                                                                      <ColumnReference Database="[OurLabReporting]" Schema="[dbo]" Table="[BuildVersion]" Alias="[BV]" Column="Branch" />
                                                                    </OutputList>
                                                                    <IndexScan Ordered="1" ScanDirection="FORWARD" ForcedIndex="0" ForceSeek="0" ForceScan="0" NoExpandHint="0" Storage="RowStore">
                                                                      <DefinedValues>
                                                                        <DefinedValue>
                                                                          <ColumnReference Database="[OurLabReporting]" Schema="[dbo]" Table="[BuildVersion]" Alias="[BV]" Column="Branch" />
                                                                        </DefinedValue>
                                                                      </DefinedValues>
                                                                      <Object Database="[OurLabReporting]" Schema="[dbo]" Table="[BuildVersion]" Index="[BuildVersion_PK]" Alias="[BV]" IndexKind="Clustered" />
                                                                      <SeekPredicates>
                                                                        <SeekPredicateNew>
                                                                          <SeekKeys>
                                                                            <Prefix ScanType="EQ">
                                                                              <RangeColumns>
                                                                                <ColumnReference Database="[OurLabReporting]" Schema="[dbo]" Table="[BuildVersion]" Alias="[BV]" Column="Id" />
                                                                              </RangeColumns>
                                                                              <RangeExpressions>
                                                                                <ScalarOperator ScalarString="[OurLabReporting].[dbo].[BuildFlavor].[BuildVersionId] as [BF].[BuildVersionId]">
                                                                                  <Identifier>
                                                                                    <ColumnReference Database="[OurLabReporting]" Schema="[dbo]" Table="[BuildFlavor]" Alias="[BF]" Column="BuildVersionId" />
                                                                                  </Identifier>
                                                                                </ScalarOperator>
                                                                              </RangeExpressions>
                                                                            </Prefix>
                                                                          </SeekKeys>
                                                                        </SeekPredicateNew>
                                                                      </SeekPredicates>
                                                                    </IndexScan>
                                                                  </RelOp>
                                                                </NestedLoops>
                                                              </RelOp>
                                                              <RelOp NodeId="55" PhysicalOp="Index Seek" LogicalOp="Index Seek" EstimateRows="2814.41" EstimateIO="0.0164583" EstimateCPU="0.00325285" AvgRowSize="11" EstimatedTotalSubtreeCost="0.0197112" TableCardinality="3.38966e+007" Parallel="0" EstimateRebinds="0" EstimateRewinds="0" EstimatedExecutionMode="Row">
                                                                <OutputList>
                                                                  <ColumnReference Database="[OurLabReporting]" Schema="[dbo]" Table="[Failure]" Alias="[f]" Column="Id" />
                                                                </OutputList>
                                                                <IndexScan Ordered="1" ScanDirection="FORWARD" ForcedIndex="0" ForceSeek="0" ForceScan="0" NoExpandHint="0" Storage="RowStore">
                                                                  <DefinedValues>
                                                                    <DefinedValue>
                                                                      <ColumnReference Database="[OurLabReporting]" Schema="[dbo]" Table="[Failure]" Alias="[f]" Column="Id" />
                                                                    </DefinedValue>
                                                                  </DefinedValues>
                                                                  <Object Database="[OurLabReporting]" Schema="[dbo]" Table="[Failure]" Index="[Failure_IDX_Mix]" Alias="[f]" IndexKind="NonClustered" />
                                                                  <SeekPredicates>
                                                                    <SeekPredicateNew>
                                                                      <SeekKeys>
                                                                        <Prefix ScanType="EQ">
                                                                          <RangeColumns>
                                                                            <ColumnReference Database="[OurLabReporting]" Schema="[dbo]" Table="[Failure]" Alias="[f]" Column="MixId" />
                                                                          </RangeColumns>
                                                                          <RangeExpressions>
                                                                            <ScalarOperator ScalarString="[OurLabReporting].[dbo].[Mix].[Id]">
                                                                              <Identifier>
                                                                                <ColumnReference Database="[OurLabReporting]" Schema="[dbo]" Table="[Mix]" Column="Id" />
                                                                              </Identifier>
                                                                            </ScalarOperator>
                                                                          </RangeExpressions>
                                                                        </Prefix>
                                                                      </SeekKeys>
                                                                    </SeekPredicateNew>
                                                                  </SeekPredicates>
                                                                </IndexScan>
                                                              </RelOp>
                                                            </NestedLoops>
                                                          </RelOp>
                                                          <RelOp NodeId="56" PhysicalOp="Index Seek" LogicalOp="Index Seek" EstimateRows="1.00313" EstimateIO="0.003125" EstimateCPU="0.000158103" AvgRowSize="11" EstimatedTotalSubtreeCost="8.59276" TableCardinality="5.01329e+006" Parallel="0" EstimateRebinds="2808.72" EstimateRewinds="4.69173" EstimatedExecutionMode="Row">
                                                            <OutputList>
                                                              <ColumnReference Database="[OurLabReporting]" Schema="[dbo]" Table="[FailureBugMapping]" Alias="[fbm]" Column="BugId" />
                                                            </OutputList>
                                                            <IndexScan Ordered="1" ScanDirection="FORWARD" ForcedIndex="0" ForceSeek="0" ForceScan="0" NoExpandHint="0" Storage="RowStore">
                                                              <DefinedValues>
                                                                <DefinedValue>
                                                                  <ColumnReference Database="[OurLabReporting]" Schema="[dbo]" Table="[FailureBugMapping]" Alias="[fbm]" Column="BugId" />
                                                                </DefinedValue>
                                                              </DefinedValues>
                                                              <Object Database="[OurLabReporting]" Schema="[dbo]" Table="[FailureBugMapping]" Index="[FailureBugMapping_IDX_Failure]" Alias="[fbm]" IndexKind="NonClustered" />
                                                              <SeekPredicates>
                                                                <SeekPredicateNew>
                                                                  <SeekKeys>
                                                                    <Prefix ScanType="EQ">
                                                                      <RangeColumns>
                                                                        <ColumnReference Database="[OurLabReporting]" Schema="[dbo]" Table="[FailureBugMapping]" Alias="[fbm]" Column="FailureId" />
                                                                      </RangeColumns>
                                                                      <RangeExpressions>
                                                                        <ScalarOperator ScalarString="[OurLabReporting].[dbo].[Failure].[Id] as [f].[Id]">
                                                                          <Identifier>
                                                                            <ColumnReference Database="[OurLabReporting]" Schema="[dbo]" Table="[Failure]" Alias="[f]" Column="Id" />
                                                                          </Identifier>
                                                                        </ScalarOperator>
                                                                      </RangeExpressions>
                                                                    </Prefix>
                                                                  </SeekKeys>
                                                                </SeekPredicateNew>
                                                              </SeekPredicates>
                                                            </IndexScan>
                                                          </RelOp>
                                                        </NestedLoops>
                                                      </RelOp>
                                                      <RelOp NodeId="57" PhysicalOp="Index Scan" LogicalOp="Index Scan" EstimateRows="37279" EstimateIO="0.181644" EstimateCPU="0.0411639" AvgRowSize="38" EstimatedTotalSubtreeCost="0.222807" TableCardinality="37279" Parallel="0" EstimateRebinds="0" EstimateRewinds="0" EstimatedExecutionMode="Row">
                                                        <OutputList>
                                                          <ColumnReference Database="[OurLabReporting]" Schema="[dbo]" Table="[Bug]" Alias="[b]" Column="Number" />
                                                          <ColumnReference Database="[OurLabReporting]" Schema="[dbo]" Table="[Bug]" Alias="[b]" Column="DatabaseName" />
                                                          <ColumnReference Database="[OurLabReporting]" Schema="[dbo]" Table="[Bug]" Alias="[b]" Column="Id" />
                                                        </OutputList>
                                                        <IndexScan Ordered="0" ForcedIndex="0" ForceSeek="0" ForceScan="0" NoExpandHint="0" Storage="RowStore">
                                                          <DefinedValues>
                                                            <DefinedValue>
                                                              <ColumnReference Database="[OurLabReporting]" Schema="[dbo]" Table="[Bug]" Alias="[b]" Column="Number" />
                                                            </DefinedValue>
                                                            <DefinedValue>
                                                              <ColumnReference Database="[OurLabReporting]" Schema="[dbo]" Table="[Bug]" Alias="[b]" Column="DatabaseName" />
                                                            </DefinedValue>
                                                            <DefinedValue>
                                                              <ColumnReference Database="[OurLabReporting]" Schema="[dbo]" Table="[Bug]" Alias="[b]" Column="Id" />
                                                            </DefinedValue>
                                                          </DefinedValues>
                                                          <Object Database="[OurLabReporting]" Schema="[dbo]" Table="[Bug]" Index="[Bug_IX_BugDb_INC_BugNo]" Alias="[b]" IndexKind="NonClustered" />
                                                        </IndexScan>
                                                      </RelOp>
                                                    </Hash>
                                                  </RelOp>
                                                </Sort>
                                              </RelOp>
                                            </StreamAggregate>
                                          </RelOp>
                                          <RelOp NodeId="62" PhysicalOp="Clustered Index Scan" LogicalOp="Clustered Index Scan" EstimateRows="218711" EstimateIO="1.55275" EstimateCPU="0.240739" AvgRowSize="67" EstimatedTotalSubtreeCost="1.79349" TableCardinality="218711" Parallel="0" EstimateRebinds="0" EstimateRewinds="0" EstimatedExecutionMode="Row">
                                            <OutputList>
                                              <ColumnReference Database="[OurLabReporting]" Schema="[dbo]" Table="[BugBranchFailureCount]" Column="Number" />
                                              <ColumnReference Database="[OurLabReporting]" Schema="[dbo]" Table="[BugBranchFailureCount]" Column="DatabaseName" />
                                              <ColumnReference Database="[OurLabReporting]" Schema="[dbo]" Table="[BugBranchFailureCount]" Column="Branch" />
                                              <ColumnReference Database="[OurLabReporting]" Schema="[dbo]" Table="[BugBranchFailureCount]" Column="FailCount" />
                                            </OutputList>
                                            <IndexScan Ordered="1" ScanDirection="FORWARD" ForcedIndex="0" ForceSeek="0" ForceScan="0" NoExpandHint="1" Storage="RowStore">
                                              <DefinedValues>
                                                <DefinedValue>
                                                  <ColumnReference Database="[OurLabReporting]" Schema="[dbo]" Table="[BugBranchFailureCount]" Column="Number" />
                                                </DefinedValue>
                                                <DefinedValue>
                                                  <ColumnReference Database="[OurLabReporting]" Schema="[dbo]" Table="[BugBranchFailureCount]" Column="DatabaseName" />
                                                </DefinedValue>
                                                <DefinedValue>
                                                  <ColumnReference Database="[OurLabReporting]" Schema="[dbo]" Table="[BugBranchFailureCount]" Column="Branch" />
                                                </DefinedValue>
                                                <DefinedValue>
                                                  <ColumnReference Database="[OurLabReporting]" Schema="[dbo]" Table="[BugBranchFailureCount]" Column="FailCount" />
                                                </DefinedValue>
                                              </DefinedValues>
                                              <Object Database="[OurLabReporting]" Schema="[dbo]" Table="[BugBranchFailureCount]" Index="[IDX_BugBranchFailureCount]" IndexKind="ViewClustered" />
                                            </IndexScan>
                                          </RelOp>
                                        </Merge>
                                      </RelOp>
                                    </ComputeScalar>
                                  </RelOp>
                                </Sort>
                              </RelOp>
                            </Collapse>
                          </RelOp>
                        </Update>
                      </RelOp>
                    </Sequence>
                  </RelOp>
                  <ParameterList>
                    <ColumnReference Column="@Label" ParameterCompiledValue="NULL" />
                    <ColumnReference Column="@runLogDirectory" ParameterCompiledValue="N'\\osgt3tsvc01\rld\150129\schedule_a97659d1-e973-40de-9f6a-e334cb42e882\mix_9'" />
                    <ColumnReference Column="@effectivePackageName" ParameterCompiledValue="N'[Th] RI-TP FBL_GRFX CORE-SiGMa-GRFX All X86 FRE EN-US Enterprise Mix (114364) - 10'" />
                    <ColumnReference Column="@packageName" ParameterCompiledValue="N'[Th] RI-TP FBL_GRFX CORE-SiGMa-GRFX All X86 FRE EN-US Enterprise Mix (114364) - 10'" />
                    <ColumnReference Column="@effectiveContextName" ParameterCompiledValue="NULL" />
                    <ColumnReference Column="@contextName" ParameterCompiledValue="NULL" />
                    <ColumnReference Column="@implementationDetails" ParameterCompiledValue="NULL" />
                    <ColumnReference Column="@buildId" ParameterCompiledValue="(807398)" />
                    <ColumnReference Column="@endDate" ParameterCompiledValue="'2015-01-29 18:39:26.377'" />
                    <ColumnReference Column="@startDate" ParameterCompiledValue="'2015-01-29 07:14:34.103'" />
                    <ColumnReference Column="@mixId" ParameterCompiledValue="{guid'67EAC5B8-5A4C-4EED-9480-6499894B0D15'}" />
                  </ParameterList>
                </QueryPlan>
              </StmtSimple>
              <StmtSimple StatementText=" SET @MixIntId = SCOPE_IDENTITY()&#xD;&#xA;       " StatementId="17" StatementCompId="21" StatementType="ASSIGN" RetrievedFromCache="true" />
            </Statements>
          </Else>
        </StmtCond>
        <StmtSimple StatementText=" END&#xD;&#xA;    COMMIT TRAN&#xD;&#xA;&#xD;&#xA;   " StatementId="18" StatementCompId="23" StatementType="COMMIT TRANSACTION" RetrievedFromCache="true" />
        <StmtSimple StatementText=" SELECT @TestPassId = TestPassId&#xD;&#xA;    FROM dbo.TestpassPackageMapping WITH (NOLOCK)&#xD;&#xA;    WHERE MixId = @MixIntId&#xD;&#xA;    &#xD;&#xA;&#x9;-- If the end date is null, there is no use trying to update the TestPass with it.&#xD;&#xA;   " StatementId="19" StatementCompId="24" StatementType="SELECT" RetrievedFromCache="true" StatementSubTreeCost="0.00328336" StatementEstRows="1.24085" StatementOptmLevel="TRIVIAL" QueryHash="0xEF6BE9371AC18A01" QueryPlanHash="0xFF32AAFEEF4D7ADD">
          <StatementSetOptions QUOTED_IDENTIFIER="true" ARITHABORT="true" CONCAT_NULL_YIELDS_NULL="true" ANSI_NULLS="true" ANSI_PADDING="true" ANSI_WARNINGS="true" NUMERIC_ROUNDABORT="false" />
          <QueryPlan NonParallelPlanReason="MaxDOPSetToOne" CachedPlanSize="16" CompileTime="0" CompileCPU="0" CompileMemory="304">
            <MemoryGrantInfo SerialRequiredMemory="0" SerialDesiredMemory="0" />
            <OptimizerHardwareDependentProperties EstimatedAvailableMemoryGrant="193313" EstimatedPagesCached="773254" EstimatedAvailableDegreeOfParallelism="1" />
            <RelOp NodeId="0" PhysicalOp="Clustered Index Seek" LogicalOp="Clustered Index Seek" EstimateRows="1.24085" EstimateIO="0.003125" EstimateCPU="0.000158365" AvgRowSize="11" EstimatedTotalSubtreeCost="0.00328336" TableCardinality="1.48174e+006" Parallel="0" EstimateRebinds="0" EstimateRewinds="0" EstimatedExecutionMode="Row">
              <OutputList>
                <ColumnReference Database="[OurLabReporting]" Schema="[dbo]" Table="[TestpassPackageMapping]" Column="TestpassId" />
              </OutputList>
              <IndexScan Ordered="1" ScanDirection="FORWARD" ForcedIndex="0" ForceSeek="0" ForceScan="0" NoExpandHint="0" Storage="RowStore">
                <DefinedValues>
                  <DefinedValue>
                    <ColumnReference Database="[OurLabReporting]" Schema="[dbo]" Table="[TestpassPackageMapping]" Column="TestpassId" />
                  </DefinedValue>
                </DefinedValues>
                <Object Database="[OurLabReporting]" Schema="[dbo]" Table="[TestpassPackageMapping]" Index="[PK_TestpassPackageMapping]" IndexKind="Clustered" />
                <SeekPredicates>
                  <SeekPredicateNew>
                    <SeekKeys>
                      <Prefix ScanType="EQ">
                        <RangeColumns>
                          <ColumnReference Database="[OurLabReporting]" Schema="[dbo]" Table="[TestpassPackageMapping]" Column="MixId" />
                        </RangeColumns>
                        <RangeExpressions>
                          <ScalarOperator ScalarString="[@MixIntId]">
                            <Identifier>
                              <ColumnReference Column="@MixIntId" />
                            </Identifier>
                          </ScalarOperator>
                        </RangeExpressions>
                      </Prefix>
                    </SeekKeys>
                  </SeekPredicateNew>
                </SeekPredicates>
              </IndexScan>
            </RelOp>
          </QueryPlan>
        </StmtSimple>
        <StmtCond StatementText=" IF @endDate IS NOT NULL&#xD;&#xA;       " StatementId="20" StatementCompId="25" StatementType="COND" RetrievedFromCache="true">
          <Condition />
          <Then>
            <Statements>
              <StmtCond StatementText=" BEGIN&#xD;&#xA;            IF @TestPassId IS NOT NULL&#xD;&#xA;               " StatementId="21" StatementCompId="26" StatementType="COND" RetrievedFromCache="true">
                <Condition />
                <Then>
                  <Statements>
                    <StmtSimple StatementText=" BEGIN&#xD;&#xA;                    EXEC dbo.Web_UpdateEndDateForTestpass @TestPassId&#xD;&#xA;               " StatementId="22" StatementCompId="27" StatementType="EXECUTE PROC" RetrievedFromCache="true" />
                  </Statements>
                </Then>
                <Else>
                  <Statements>
                    <StmtSimple StatementText=" END&#xD;&#xA;            ELSE&#xD;&#xA;&#x9;&#x9;&#x9;    -- This will cause us to retry later.&#xD;&#xA;                BEGIN&#xD;&#xA;                    SET @ErrorMsg = 'Mix is complete and cannot find TestPass Id for MixIntId = ' + CAST(@MixIntId as varchar(255))&#xD;&#xA;                   " StatementId="23" StatementCompId="30" StatementType="ASSIGN" RetrievedFromCache="true" />
                    <StmtSimple StatementText=" RAISERROR(@ErrorMsg, 11 ,1)&#xD;&#xA;               " StatementId="24" StatementCompId="31" StatementType="RAISERROR" RetrievedFromCache="true" />
                  </Statements>
                </Else>
              </StmtCond>
            </Statements>
          </Then>
        </StmtCond>
        <StmtSimple StatementText=" END&#xD;&#xA;        END&#xD;&#xA;&#xD;&#xA;    ProcExit:&#xD;&#xA;&#xD;&#xA;    DECLARE @objectName varchar(128) = (SELECT OBJECT_NAME(@@PROCID))&#xD;&#xA;   " StatementId="25" StatementCompId="35" StatementType="SELECT" RetrievedFromCache="true" StatementSubTreeCost="1.257e-006" StatementEstRows="1" StatementOptmLevel="FULL" QueryHash="0x830C952D7490168E" QueryPlanHash="0x3B1EAEC0618BFE3F" StatementOptmEarlyAbortReason="GoodEnoughPlanFound">
          <StatementSetOptions QUOTED_IDENTIFIER="true" ARITHABORT="true" CONCAT_NULL_YIELDS_NULL="true" ANSI_NULLS="true" ANSI_PADDING="true" ANSI_WARNINGS="true" NUMERIC_ROUNDABORT="false" />
          <QueryPlan NonParallelPlanReason="MaxDOPSetToOne" CachedPlanSize="8" CompileTime="0" CompileCPU="0" CompileMemory="320">
            <MemoryGrantInfo SerialRequiredMemory="0" SerialDesiredMemory="0" />
            <OptimizerHardwareDependentProperties EstimatedAvailableMemoryGrant="193313" EstimatedPagesCached="773254" EstimatedAvailableDegreeOfParallelism="1" />
            <RelOp NodeId="0" PhysicalOp="Compute Scalar" LogicalOp="Compute Scalar" EstimateRows="1" EstimateIO="0" EstimateCPU="1e-007" AvgRowSize="75" EstimatedTotalSubtreeCost="1.257e-006" Parallel="0" EstimateRebinds="0" EstimateRewinds="0" EstimatedExecutionMode="Row">
              <OutputList>
                <ColumnReference Column="Expr1001" />
              </OutputList>
              <ComputeScalar>
                <DefinedValues>
                  <DefinedValue>
                    <ColumnReference Column="Expr1001" />
                    <ScalarOperator ScalarString="CONVERT_IMPLICIT(varchar(128),[Expr1000],0)">
                      <Convert DataType="varchar" Length="128" Style="0" Implicit="1">
                        <ScalarOperator>
                          <Identifier>
                            <ColumnReference Column="Expr1000" />
                          </Identifier>
                        </ScalarOperator>
                      </Convert>
                    </ScalarOperator>
                  </DefinedValue>
                </DefinedValues>
                <RelOp NodeId="1" PhysicalOp="Constant Scan" LogicalOp="Constant Scan" EstimateRows="1" EstimateIO="0" EstimateCPU="1.157e-006" AvgRowSize="139" EstimatedTotalSubtreeCost="1.157e-006" Parallel="0" EstimateRebinds="0" EstimateRewinds="0" EstimatedExecutionMode="Row">
                  <OutputList>
                    <ColumnReference Column="Expr1000" />
                  </OutputList>
                  <ConstantScan>
                    <Values>
                      <Row>
                        <ScalarOperator ScalarString="object_name(@@procid)">
                          <Intrinsic FunctionName="object_name">
                            <ScalarOperator>
                              <Intrinsic FunctionName="@@procid" />
                            </ScalarOperator>
                            <ScalarOperator>
                              <Const ConstValue="" />
                            </ScalarOperator>
                          </Intrinsic>
                        </ScalarOperator>
                      </Row>
                    </Values>
                  </ConstantScan>
                </RelOp>
              </ComputeScalar>
            </RelOp>
          </QueryPlan>
        </StmtSimple>
        <StmtSimple StatementText=" EXEC [dbo].[spEndStopwatch] @objectName, @stopwatchBeginTime&#xD;" StatementId="26" StatementCompId="36" StatementType="EXECUTE PROC" RetrievedFromCache="true" />
      </Statements>
    </Batch>
  </BatchSequence>
</ShowPlanXML>