<?xml version="1.0" encoding="utf-8"?>
<ShowPlanXML xmlns="http://schemas.microsoft.com/sqlserver/2004/07/showplan" Version="1.2" Build="11.0.3412.0">
  <BatchSequence>
    <Batch>
      <Statements>
        <StmtSimple StatementText="CREATE FUNCTION [dbo].[Function_GetTestpassList]&#xD;&#xA;(@ElementId BIGINT, @ElementType NVARCHAR (50))&#xD;&#xA;RETURNS NVARCHAR (MAX)&#xD;&#xA;AS&#xD;&#xA;BEGIN&#xD;&#xA;&#x9;DECLARE @TestpassList NVARCHAR(MAX)&#xD;&#xA;&#x9;SET @TestpassList = NULL&#xD;&#xA;&#xD;&#xA;" StatementId="1" StatementCompId="117" StatementType="ASSIGN" RetrievedFromCache="true" />
        <StmtCond StatementText="&#x9;IF (@ElementType = 'Testpass')&#xD;&#xA;" StatementId="2" StatementCompId="118" StatementType="COND" RetrievedFromCache="true">
          <Condition />
          <Then>
            <Statements>
              <StmtSimple StatementText="&#x9;BEGIN&#xD;&#xA;&#x9;&#x9;SELECT @TestpassList = tpd.Name + '.' + tp.UniqueKey + '($)' + CAST(tp.Id AS NVARCHAR)&#xD;&#xA;&#x9;&#x9;FROM dbo.TestpassDefinition(NOLOCK) as tpd &#xD;&#xA;&#x9;&#x9;&#x9;INNER JOIN dbo.Testpass(NOLOCK) as tp ON tp.TestpassDefinitionId = tpd.Id&#xD;&#xA;&#x9;&#x9;WHERE tp.Id = @ElementId &#xD;&#xA;" StatementId="3" StatementCompId="119" StatementType="SELECT" RetrievedFromCache="true" StatementSubTreeCost="0.00657068" StatementEstRows="1" StatementOptmLevel="FULL" QueryHash="0x90916BD8A581EE11" QueryPlanHash="0x5C78267F4CA01681" StatementOptmEarlyAbortReason="GoodEnoughPlanFound">
                <StatementSetOptions QUOTED_IDENTIFIER="true" ARITHABORT="true" CONCAT_NULL_YIELDS_NULL="true" ANSI_NULLS="true" ANSI_PADDING="true" ANSI_WARNINGS="true" NUMERIC_ROUNDABORT="false" />
                <QueryPlan NonParallelPlanReason="MaxDOPSetToOne" CachedPlanSize="24" CompileTime="5" CompileCPU="5" CompileMemory="720">
                  <Warnings>
                    <PlanAffectingConvert ConvertIssue="Cardinality Estimate" Expression="CONVERT(nvarchar(30),[tp].[Id],0)" />
                  </Warnings>
                  <MemoryGrantInfo SerialRequiredMemory="0" SerialDesiredMemory="0" />
                  <OptimizerHardwareDependentProperties EstimatedAvailableMemoryGrant="193313" EstimatedPagesCached="773254" EstimatedAvailableDegreeOfParallelism="1" />
                  <RelOp NodeId="0" PhysicalOp="Compute Scalar" LogicalOp="Compute Scalar" EstimateRows="1" EstimateIO="0" EstimateCPU="1e-007" AvgRowSize="4035" EstimatedTotalSubtreeCost="0.00657068" Parallel="0" EstimateRebinds="0" EstimateRewinds="0" EstimatedExecutionMode="Row">
                    <OutputList>
                      <ColumnReference Column="Expr1004" />
                    </OutputList>
                    <ComputeScalar>
                      <DefinedValues>
                        <DefinedValue>
                          <ColumnReference Column="Expr1004" />
                          <ScalarOperator ScalarString="CONVERT_IMPLICIT(nvarchar(max),[Expr1005]+[OurLabReporting].[dbo].[Testpass].[UniqueKey] as [tp].[UniqueKey]+N'($)'+[Expr1006],0)">
                            <Convert DataType="nvarchar(max)" Length="2147483647" Style="0" Implicit="1">
                              <ScalarOperator>
                                <Arithmetic Operation="ADD">
                                  <ScalarOperator>
                                    <Arithmetic Operation="ADD">
                                      <ScalarOperator>
                                        <Arithmetic Operation="ADD">
                                          <ScalarOperator>
                                            <Identifier>
                                              <ColumnReference Column="Expr1005" />
                                            </Identifier>
                                          </ScalarOperator>
                                          <ScalarOperator>
                                            <Identifier>
                                              <ColumnReference Database="[OurLabReporting]" Schema="[dbo]" Table="[Testpass]" Alias="[tp]" Column="UniqueKey" />
                                            </Identifier>
                                          </ScalarOperator>
                                        </Arithmetic>
                                      </ScalarOperator>
                                      <ScalarOperator>
                                        <Const ConstValue="N'($)'" />
                                      </ScalarOperator>
                                    </Arithmetic>
                                  </ScalarOperator>
                                  <ScalarOperator>
                                    <Identifier>
                                      <ColumnReference Column="Expr1006" />
                                    </Identifier>
                                  </ScalarOperator>
                                </Arithmetic>
                              </ScalarOperator>
                            </Convert>
                          </ScalarOperator>
                        </DefinedValue>
                      </DefinedValues>
                      <RelOp NodeId="1" PhysicalOp="Compute Scalar" LogicalOp="Compute Scalar" EstimateRows="1" EstimateIO="0" EstimateCPU="1e-007" AvgRowSize="280" EstimatedTotalSubtreeCost="0.00657058" Parallel="0" EstimateRebinds="0" EstimateRewinds="0" EstimatedExecutionMode="Row">
                        <OutputList>
                          <ColumnReference Database="[OurLabReporting]" Schema="[dbo]" Table="[Testpass]" Alias="[tp]" Column="UniqueKey" />
                          <ColumnReference Column="Expr1005" />
                          <ColumnReference Column="Expr1006" />
                        </OutputList>
                        <ComputeScalar>
                          <DefinedValues>
                            <DefinedValue>
                              <ColumnReference Column="Expr1005" />
                              <ScalarOperator ScalarString="[OurLabReporting].[dbo].[TestpassDefinition].[Name] as [tpd].[Name]+N'.'">
                                <Arithmetic Operation="ADD">
                                  <ScalarOperator>
                                    <Identifier>
                                      <ColumnReference Database="[OurLabReporting]" Schema="[dbo]" Table="[TestpassDefinition]" Alias="[tpd]" Column="Name" />
                                    </Identifier>
                                  </ScalarOperator>
                                  <ScalarOperator>
                                    <Const ConstValue="N'.'" />
                                  </ScalarOperator>
                                </Arithmetic>
                              </ScalarOperator>
                            </DefinedValue>
                          </DefinedValues>
                          <RelOp NodeId="2" PhysicalOp="Nested Loops" LogicalOp="Inner Join" EstimateRows="1" EstimateIO="0" EstimateCPU="4.18e-006" AvgRowSize="279" EstimatedTotalSubtreeCost="0.00657048" Parallel="0" EstimateRebinds="0" EstimateRewinds="0" EstimatedExecutionMode="Row">
                            <OutputList>
                              <ColumnReference Database="[OurLabReporting]" Schema="[dbo]" Table="[TestpassDefinition]" Alias="[tpd]" Column="Name" />
                              <ColumnReference Database="[OurLabReporting]" Schema="[dbo]" Table="[Testpass]" Alias="[tp]" Column="UniqueKey" />
                              <ColumnReference Column="Expr1006" />
                            </OutputList>
                            <NestedLoops Optimized="0">
                              <OuterReferences>
                                <ColumnReference Database="[OurLabReporting]" Schema="[dbo]" Table="[Testpass]" Alias="[tp]" Column="TestpassDefinitionId" />
                              </OuterReferences>
                              <RelOp NodeId="3" PhysicalOp="Compute Scalar" LogicalOp="Compute Scalar" EstimateRows="1" EstimateIO="0" EstimateCPU="1e-007" AvgRowSize="131" EstimatedTotalSubtreeCost="0.0032832" Parallel="0" EstimateRebinds="0" EstimateRewinds="0" EstimatedExecutionMode="Row">
                                <OutputList>
                                  <ColumnReference Database="[OurLabReporting]" Schema="[dbo]" Table="[Testpass]" Alias="[tp]" Column="TestpassDefinitionId" />
                                  <ColumnReference Database="[OurLabReporting]" Schema="[dbo]" Table="[Testpass]" Alias="[tp]" Column="UniqueKey" />
                                  <ColumnReference Column="Expr1006" />
                                </OutputList>
                                <ComputeScalar>
                                  <DefinedValues>
                                    <DefinedValue>
                                      <ColumnReference Column="Expr1006" />
                                      <ScalarOperator ScalarString="CONVERT(nvarchar(30),[OurLabReporting].[dbo].[Testpass].[Id] as [tp].[Id],0)">
                                        <Convert DataType="nvarchar" Length="60" Style="0" Implicit="0">
                                          <ScalarOperator>
                                            <Identifier>
                                              <ColumnReference Database="[OurLabReporting]" Schema="[dbo]" Table="[Testpass]" Alias="[tp]" Column="Id" />
                                            </Identifier>
                                          </ScalarOperator>
                                        </Convert>
                                      </ScalarOperator>
                                    </DefinedValue>
                                  </DefinedValues>
                                  <RelOp NodeId="4" PhysicalOp="Clustered Index Seek" LogicalOp="Clustered Index Seek" EstimateRows="1" EstimateIO="0.003125" EstimateCPU="0.0001581" AvgRowSize="129" EstimatedTotalSubtreeCost="0.0032831" TableCardinality="1.41186e+006" Parallel="0" EstimateRebinds="0" EstimateRewinds="0" EstimatedExecutionMode="Row">
                                    <OutputList>
                                      <ColumnReference Database="[OurLabReporting]" Schema="[dbo]" Table="[Testpass]" Alias="[tp]" Column="Id" />
                                      <ColumnReference Database="[OurLabReporting]" Schema="[dbo]" Table="[Testpass]" Alias="[tp]" Column="TestpassDefinitionId" />
                                      <ColumnReference Database="[OurLabReporting]" Schema="[dbo]" Table="[Testpass]" Alias="[tp]" Column="UniqueKey" />
                                    </OutputList>
                                    <IndexScan Ordered="1" ScanDirection="FORWARD" ForcedIndex="0" ForceSeek="0" ForceScan="0" NoExpandHint="0" Storage="RowStore">
                                      <DefinedValues>
                                        <DefinedValue>
                                          <ColumnReference Database="[OurLabReporting]" Schema="[dbo]" Table="[Testpass]" Alias="[tp]" Column="Id" />
                                        </DefinedValue>
                                        <DefinedValue>
                                          <ColumnReference Database="[OurLabReporting]" Schema="[dbo]" Table="[Testpass]" Alias="[tp]" Column="TestpassDefinitionId" />
                                        </DefinedValue>
                                        <DefinedValue>
                                          <ColumnReference Database="[OurLabReporting]" Schema="[dbo]" Table="[Testpass]" Alias="[tp]" Column="UniqueKey" />
                                        </DefinedValue>
                                      </DefinedValues>
                                      <Object Database="[OurLabReporting]" Schema="[dbo]" Table="[Testpass]" Index="[Testpass_PK]" Alias="[tp]" IndexKind="Clustered" />
                                      <SeekPredicates>
                                        <SeekPredicateNew>
                                          <SeekKeys>
                                            <Prefix ScanType="EQ">
                                              <RangeColumns>
                                                <ColumnReference Database="[OurLabReporting]" Schema="[dbo]" Table="[Testpass]" Alias="[tp]" Column="Id" />
                                              </RangeColumns>
                                              <RangeExpressions>
                                                <ScalarOperator ScalarString="[@ElementId]">
                                                  <Identifier>
                                                    <ColumnReference Column="@ElementId" />
                                                  </Identifier>
                                                </ScalarOperator>
                                              </RangeExpressions>
                                            </Prefix>
                                          </SeekKeys>
                                        </SeekPredicateNew>
                                      </SeekPredicates>
                                    </IndexScan>
                                  </RelOp>
                                </ComputeScalar>
                              </RelOp>
                              <RelOp NodeId="8" PhysicalOp="Clustered Index Seek" LogicalOp="Clustered Index Seek" EstimateRows="1" EstimateIO="0.003125" EstimateCPU="0.0001581" AvgRowSize="161" EstimatedTotalSubtreeCost="0.0032831" TableCardinality="1875" Parallel="0" EstimateRebinds="0" EstimateRewinds="0" EstimatedExecutionMode="Row">
                                <OutputList>
                                  <ColumnReference Database="[OurLabReporting]" Schema="[dbo]" Table="[TestpassDefinition]" Alias="[tpd]" Column="Name" />
                                </OutputList>
                                <IndexScan Ordered="1" ScanDirection="FORWARD" ForcedIndex="0" ForceSeek="0" ForceScan="0" NoExpandHint="0" Storage="RowStore">
                                  <DefinedValues>
                                    <DefinedValue>
                                      <ColumnReference Database="[OurLabReporting]" Schema="[dbo]" Table="[TestpassDefinition]" Alias="[tpd]" Column="Name" />
                                    </DefinedValue>
                                  </DefinedValues>
                                  <Object Database="[OurLabReporting]" Schema="[dbo]" Table="[TestpassDefinition]" Index="[PK_TestpassDefinition]" Alias="[tpd]" IndexKind="Clustered" />
                                  <SeekPredicates>
                                    <SeekPredicateNew>
                                      <SeekKeys>
                                        <Prefix ScanType="EQ">
                                          <RangeColumns>
                                            <ColumnReference Database="[OurLabReporting]" Schema="[dbo]" Table="[TestpassDefinition]" Alias="[tpd]" Column="Id" />
                                          </RangeColumns>
                                          <RangeExpressions>
                                            <ScalarOperator ScalarString="[OurLabReporting].[dbo].[Testpass].[TestpassDefinitionId] as [tp].[TestpassDefinitionId]">
                                              <Identifier>
                                                <ColumnReference Database="[OurLabReporting]" Schema="[dbo]" Table="[Testpass]" Alias="[tp]" Column="TestpassDefinitionId" />
                                              </Identifier>
                                            </ScalarOperator>
                                          </RangeExpressions>
                                        </Prefix>
                                      </SeekKeys>
                                    </SeekPredicateNew>
                                  </SeekPredicates>
                                </IndexScan>
                              </RelOp>
                            </NestedLoops>
                          </RelOp>
                        </ComputeScalar>
                      </RelOp>
                    </ComputeScalar>
                  </RelOp>
                  <ParameterList>
                    <ColumnReference Column="@ElementId" ParameterCompiledValue="(12456405)" />
                  </ParameterList>
                </QueryPlan>
              </StmtSimple>
            </Statements>
          </Then>
          <Else>
            <Statements>
              <StmtCond StatementText="&#x9;END&#xD;&#xA;&#x9;ELSE IF (@ElementType = 'Schedule')&#xD;&#xA;" StatementId="4" StatementCompId="122" StatementType="COND" RetrievedFromCache="true">
                <Condition />
                <Then>
                  <Statements>
                    <StmtSimple StatementText="&#x9;BEGIN&#xD;&#xA;&#x9;&#x9;SELECT @TestpassList = COALESCE(@TestpassList + '($$)', '') &#xD;&#xA;&#x9;&#x9;&#x9;&#x9;&#x9;&#x9;+ tpd.Name + '.' + tp.UniqueKey &#xD;&#xA;&#x9;&#x9;&#x9;&#x9;&#x9;&#x9;+ '($)' + CAST(tp.Id AS NVARCHAR)&#xD;&#xA;&#x9;&#x9;FROM dbo.TestpassDefinition(NOLOCK) as tpd &#xD;&#xA;&#x9;&#x9;&#x9;INNER JOIN dbo.Testpass(NOLOCK) as tp ON tp.TestpassDefinitionId = tpd.Id&#xD;&#xA;&#x9;&#x9;&#x9;INNER JOIN dbo.ScheduleTestpassMapping (NOLOCK) stMap ON stMap.TestpassId = tp.Id&#xD;&#xA;&#x9;&#x9;WHERE stMap.ScheduleId = @ElementId &#x9;&#x9;&#x9;&#xD;&#xA;" StatementId="5" StatementCompId="123" StatementType="SELECT" RetrievedFromCache="true" StatementSubTreeCost="0.00985786" StatementEstRows="1" StatementOptmLevel="FULL" QueryHash="0xA6F4660470DA0A61" QueryPlanHash="0x32CFFE0E3BF9F20C" StatementOptmEarlyAbortReason="GoodEnoughPlanFound">
                      <StatementSetOptions QUOTED_IDENTIFIER="true" ARITHABORT="true" CONCAT_NULL_YIELDS_NULL="true" ANSI_NULLS="true" ANSI_PADDING="true" ANSI_WARNINGS="true" NUMERIC_ROUNDABORT="false" />
                      <QueryPlan NonParallelPlanReason="MaxDOPSetToOne" CachedPlanSize="32" CompileTime="6" CompileCPU="6" CompileMemory="824">
                        <Warnings>
                          <PlanAffectingConvert ConvertIssue="Cardinality Estimate" Expression="CONVERT(nvarchar(30),[tp].[Id],0)" />
                        </Warnings>
                        <MemoryGrantInfo SerialRequiredMemory="0" SerialDesiredMemory="0" />
                        <OptimizerHardwareDependentProperties EstimatedAvailableMemoryGrant="193313" EstimatedPagesCached="773254" EstimatedAvailableDegreeOfParallelism="1" />
                        <RelOp NodeId="0" PhysicalOp="Compute Scalar" LogicalOp="Compute Scalar" EstimateRows="1" EstimateIO="0" EstimateCPU="1e-007" AvgRowSize="4035" EstimatedTotalSubtreeCost="0.00985786" Parallel="0" EstimateRebinds="0" EstimateRewinds="0" EstimatedExecutionMode="Row">
                          <OutputList>
                            <ColumnReference Column="Expr1006" />
                          </OutputList>
                          <ComputeScalar>
                            <DefinedValues>
                              <DefinedValue>
                                <ColumnReference Column="Expr1006" />
                                <ScalarOperator ScalarString="CASE WHEN ([@TestpassList]+N'($$)') IS NOT NULL THEN [@TestpassList]+N'($$)' ELSE CONVERT_IMPLICIT(nvarchar(max),'',0) END+[OurLabReporting].[dbo].[TestpassDefinition].[Name] as [tpd].[Name]+N'.'+[OurLabReporting].[dbo].[Testpass].[UniqueKey] as [tp].[UniqueKey]+N'($)'+[Expr1007]">
                                  <Arithmetic Operation="ADD">
                                    <ScalarOperator>
                                      <Arithmetic Operation="ADD">
                                        <ScalarOperator>
                                          <Arithmetic Operation="ADD">
                                            <ScalarOperator>
                                              <Arithmetic Operation="ADD">
                                                <ScalarOperator>
                                                  <Arithmetic Operation="ADD">
                                                    <ScalarOperator>
                                                      <IF>
                                                        <Condition>
                                                          <ScalarOperator>
                                                            <Compare CompareOp="IS NOT">
                                                              <ScalarOperator>
                                                                <Arithmetic Operation="ADD">
                                                                  <ScalarOperator>
                                                                    <Identifier>
                                                                      <ColumnReference Column="@TestpassList" />
                                                                    </Identifier>
                                                                  </ScalarOperator>
                                                                  <ScalarOperator>
                                                                    <Const ConstValue="N'($$)'" />
                                                                  </ScalarOperator>
                                                                </Arithmetic>
                                                              </ScalarOperator>
                                                              <ScalarOperator>
                                                                <Const ConstValue="NULL" />
                                                              </ScalarOperator>
                                                            </Compare>
                                                          </ScalarOperator>
                                                        </Condition>
                                                        <Then>
                                                          <ScalarOperator>
                                                            <Arithmetic Operation="ADD">
                                                              <ScalarOperator>
                                                                <Identifier>
                                                                  <ColumnReference Column="@TestpassList" />
                                                                </Identifier>
                                                              </ScalarOperator>
                                                              <ScalarOperator>
                                                                <Const ConstValue="N'($$)'" />
                                                              </ScalarOperator>
                                                            </Arithmetic>
                                                          </ScalarOperator>
                                                        </Then>
                                                        <Else>
                                                          <ScalarOperator>
                                                            <Convert DataType="nvarchar(max)" Length="2147483647" Style="0" Implicit="1">
                                                              <ScalarOperator>
                                                                <Const ConstValue="''" />
                                                              </ScalarOperator>
                                                            </Convert>
                                                          </ScalarOperator>
                                                        </Else>
                                                      </IF>
                                                    </ScalarOperator>
                                                    <ScalarOperator>
                                                      <Identifier>
                                                        <ColumnReference Database="[OurLabReporting]" Schema="[dbo]" Table="[TestpassDefinition]" Alias="[tpd]" Column="Name" />
                                                      </Identifier>
                                                    </ScalarOperator>
                                                  </Arithmetic>
                                                </ScalarOperator>
                                                <ScalarOperator>
                                                  <Const ConstValue="N'.'" />
                                                </ScalarOperator>
                                              </Arithmetic>
                                            </ScalarOperator>
                                            <ScalarOperator>
                                              <Identifier>
                                                <ColumnReference Database="[OurLabReporting]" Schema="[dbo]" Table="[Testpass]" Alias="[tp]" Column="UniqueKey" />
                                              </Identifier>
                                            </ScalarOperator>
                                          </Arithmetic>
                                        </ScalarOperator>
                                        <ScalarOperator>
                                          <Const ConstValue="N'($)'" />
                                        </ScalarOperator>
                                      </Arithmetic>
                                    </ScalarOperator>
                                    <ScalarOperator>
                                      <Identifier>
                                        <ColumnReference Column="Expr1007" />
                                      </Identifier>
                                    </ScalarOperator>
                                  </Arithmetic>
                                </ScalarOperator>
                              </DefinedValue>
                            </DefinedValues>
                            <RelOp NodeId="1" PhysicalOp="Nested Loops" LogicalOp="Inner Join" EstimateRows="1" EstimateIO="0" EstimateCPU="4.18e-006" AvgRowSize="279" EstimatedTotalSubtreeCost="0.00985776" Parallel="0" EstimateRebinds="0" EstimateRewinds="0" EstimatedExecutionMode="Row">
                              <OutputList>
                                <ColumnReference Database="[OurLabReporting]" Schema="[dbo]" Table="[TestpassDefinition]" Alias="[tpd]" Column="Name" />
                                <ColumnReference Database="[OurLabReporting]" Schema="[dbo]" Table="[Testpass]" Alias="[tp]" Column="UniqueKey" />
                                <ColumnReference Column="Expr1007" />
                              </OutputList>
                              <NestedLoops Optimized="0">
                                <OuterReferences>
                                  <ColumnReference Database="[OurLabReporting]" Schema="[dbo]" Table="[Testpass]" Alias="[tp]" Column="TestpassDefinitionId" />
                                </OuterReferences>
                                <RelOp NodeId="2" PhysicalOp="Compute Scalar" LogicalOp="Compute Scalar" EstimateRows="1" EstimateIO="0" EstimateCPU="1e-007" AvgRowSize="131" EstimatedTotalSubtreeCost="0.00657048" Parallel="0" EstimateRebinds="0" EstimateRewinds="0" EstimatedExecutionMode="Row">
                                  <OutputList>
                                    <ColumnReference Database="[OurLabReporting]" Schema="[dbo]" Table="[Testpass]" Alias="[tp]" Column="TestpassDefinitionId" />
                                    <ColumnReference Database="[OurLabReporting]" Schema="[dbo]" Table="[Testpass]" Alias="[tp]" Column="UniqueKey" />
                                    <ColumnReference Column="Expr1007" />
                                  </OutputList>
                                  <ComputeScalar>
                                    <DefinedValues>
                                      <DefinedValue>
                                        <ColumnReference Column="Expr1007" />
                                        <ScalarOperator ScalarString="CONVERT(nvarchar(30),[OurLabReporting].[dbo].[Testpass].[Id] as [tp].[Id],0)">
                                          <Convert DataType="nvarchar" Length="60" Style="0" Implicit="0">
                                            <ScalarOperator>
                                              <Identifier>
                                                <ColumnReference Database="[OurLabReporting]" Schema="[dbo]" Table="[Testpass]" Alias="[tp]" Column="Id" />
                                              </Identifier>
                                            </ScalarOperator>
                                          </Convert>
                                        </ScalarOperator>
                                      </DefinedValue>
                                    </DefinedValues>
                                    <RelOp NodeId="3" PhysicalOp="Nested Loops" LogicalOp="Inner Join" EstimateRows="1" EstimateIO="0" EstimateCPU="4.18e-006" AvgRowSize="129" EstimatedTotalSubtreeCost="0.00657038" Parallel="0" EstimateRebinds="0" EstimateRewinds="0" EstimatedExecutionMode="Row">
                                      <OutputList>
                                        <ColumnReference Database="[OurLabReporting]" Schema="[dbo]" Table="[Testpass]" Alias="[tp]" Column="Id" />
                                        <ColumnReference Database="[OurLabReporting]" Schema="[dbo]" Table="[Testpass]" Alias="[tp]" Column="TestpassDefinitionId" />
                                        <ColumnReference Database="[OurLabReporting]" Schema="[dbo]" Table="[Testpass]" Alias="[tp]" Column="UniqueKey" />
                                      </OutputList>
                                      <NestedLoops Optimized="0">
                                        <OuterReferences>
                                          <ColumnReference Database="[OurLabReporting]" Schema="[dbo]" Table="[ScheduleTestpassMapping]" Alias="[stMap]" Column="TestpassId" />
                                        </OuterReferences>
                                        <RelOp NodeId="4" PhysicalOp="Clustered Index Seek" LogicalOp="Clustered Index Seek" EstimateRows="1" EstimateIO="0.003125" EstimateCPU="0.0001581" AvgRowSize="11" EstimatedTotalSubtreeCost="0.0032831" TableCardinality="1.4403e+006" Parallel="0" EstimateRebinds="0" EstimateRewinds="0" EstimatedExecutionMode="Row">
                                          <OutputList>
                                            <ColumnReference Database="[OurLabReporting]" Schema="[dbo]" Table="[ScheduleTestpassMapping]" Alias="[stMap]" Column="TestpassId" />
                                          </OutputList>
                                          <IndexScan Ordered="1" ScanDirection="FORWARD" ForcedIndex="0" ForceSeek="0" ForceScan="0" NoExpandHint="0" Storage="RowStore">
                                            <DefinedValues>
                                              <DefinedValue>
                                                <ColumnReference Database="[OurLabReporting]" Schema="[dbo]" Table="[ScheduleTestpassMapping]" Alias="[stMap]" Column="TestpassId" />
                                              </DefinedValue>
                                            </DefinedValues>
                                            <Object Database="[OurLabReporting]" Schema="[dbo]" Table="[ScheduleTestpassMapping]" Index="[ScheduleTestpassMapping_PK]" Alias="[stMap]" IndexKind="Clustered" />
                                            <SeekPredicates>
                                              <SeekPredicateNew>
                                                <SeekKeys>
                                                  <Prefix ScanType="EQ">
                                                    <RangeColumns>
                                                      <ColumnReference Database="[OurLabReporting]" Schema="[dbo]" Table="[ScheduleTestpassMapping]" Alias="[stMap]" Column="ScheduleId" />
                                                    </RangeColumns>
                                                    <RangeExpressions>
                                                      <ScalarOperator ScalarString="[@ElementId]">
                                                        <Identifier>
                                                          <ColumnReference Column="@ElementId" />
                                                        </Identifier>
                                                      </ScalarOperator>
                                                    </RangeExpressions>
                                                  </Prefix>
                                                </SeekKeys>
                                              </SeekPredicateNew>
                                            </SeekPredicates>
                                          </IndexScan>
                                        </RelOp>
                                        <RelOp NodeId="5" PhysicalOp="Clustered Index Seek" LogicalOp="Clustered Index Seek" EstimateRows="1" EstimateIO="0.003125" EstimateCPU="0.0001581" AvgRowSize="129" EstimatedTotalSubtreeCost="0.0032831" TableCardinality="1.41186e+006" Parallel="0" EstimateRebinds="0" EstimateRewinds="0" EstimatedExecutionMode="Row">
                                          <OutputList>
                                            <ColumnReference Database="[OurLabReporting]" Schema="[dbo]" Table="[Testpass]" Alias="[tp]" Column="Id" />
                                            <ColumnReference Database="[OurLabReporting]" Schema="[dbo]" Table="[Testpass]" Alias="[tp]" Column="TestpassDefinitionId" />
                                            <ColumnReference Database="[OurLabReporting]" Schema="[dbo]" Table="[Testpass]" Alias="[tp]" Column="UniqueKey" />
                                          </OutputList>
                                          <IndexScan Ordered="1" ScanDirection="FORWARD" ForcedIndex="0" ForceSeek="0" ForceScan="0" NoExpandHint="0" Storage="RowStore">
                                            <DefinedValues>
                                              <DefinedValue>
                                                <ColumnReference Database="[OurLabReporting]" Schema="[dbo]" Table="[Testpass]" Alias="[tp]" Column="Id" />
                                              </DefinedValue>
                                              <DefinedValue>
                                                <ColumnReference Database="[OurLabReporting]" Schema="[dbo]" Table="[Testpass]" Alias="[tp]" Column="TestpassDefinitionId" />
                                              </DefinedValue>
                                              <DefinedValue>
                                                <ColumnReference Database="[OurLabReporting]" Schema="[dbo]" Table="[Testpass]" Alias="[tp]" Column="UniqueKey" />
                                              </DefinedValue>
                                            </DefinedValues>
                                            <Object Database="[OurLabReporting]" Schema="[dbo]" Table="[Testpass]" Index="[Testpass_PK]" Alias="[tp]" IndexKind="Clustered" />
                                            <SeekPredicates>
                                              <SeekPredicateNew>
                                                <SeekKeys>
                                                  <Prefix ScanType="EQ">
                                                    <RangeColumns>
                                                      <ColumnReference Database="[OurLabReporting]" Schema="[dbo]" Table="[Testpass]" Alias="[tp]" Column="Id" />
                                                    </RangeColumns>
                                                    <RangeExpressions>
                                                      <ScalarOperator ScalarString="[OurLabReporting].[dbo].[ScheduleTestpassMapping].[TestpassId] as [stMap].[TestpassId]">
                                                        <Identifier>
                                                          <ColumnReference Database="[OurLabReporting]" Schema="[dbo]" Table="[ScheduleTestpassMapping]" Alias="[stMap]" Column="TestpassId" />
                                                        </Identifier>
                                                      </ScalarOperator>
                                                    </RangeExpressions>
                                                  </Prefix>
                                                </SeekKeys>
                                              </SeekPredicateNew>
                                            </SeekPredicates>
                                          </IndexScan>
                                        </RelOp>
                                      </NestedLoops>
                                    </RelOp>
                                  </ComputeScalar>
                                </RelOp>
                                <RelOp NodeId="9" PhysicalOp="Clustered Index Seek" LogicalOp="Clustered Index Seek" EstimateRows="1" EstimateIO="0.003125" EstimateCPU="0.0001581" AvgRowSize="161" EstimatedTotalSubtreeCost="0.0032831" TableCardinality="1875" Parallel="0" EstimateRebinds="0" EstimateRewinds="0" EstimatedExecutionMode="Row">
                                  <OutputList>
                                    <ColumnReference Database="[OurLabReporting]" Schema="[dbo]" Table="[TestpassDefinition]" Alias="[tpd]" Column="Name" />
                                  </OutputList>
                                  <IndexScan Ordered="1" ScanDirection="FORWARD" ForcedIndex="0" ForceSeek="0" ForceScan="0" NoExpandHint="0" Storage="RowStore">
                                    <DefinedValues>
                                      <DefinedValue>
                                        <ColumnReference Database="[OurLabReporting]" Schema="[dbo]" Table="[TestpassDefinition]" Alias="[tpd]" Column="Name" />
                                      </DefinedValue>
                                    </DefinedValues>
                                    <Object Database="[OurLabReporting]" Schema="[dbo]" Table="[TestpassDefinition]" Index="[PK_TestpassDefinition]" Alias="[tpd]" IndexKind="Clustered" />
                                    <SeekPredicates>
                                      <SeekPredicateNew>
                                        <SeekKeys>
                                          <Prefix ScanType="EQ">
                                            <RangeColumns>
                                              <ColumnReference Database="[OurLabReporting]" Schema="[dbo]" Table="[TestpassDefinition]" Alias="[tpd]" Column="Id" />
                                            </RangeColumns>
                                            <RangeExpressions>
                                              <ScalarOperator ScalarString="[OurLabReporting].[dbo].[Testpass].[TestpassDefinitionId] as [tp].[TestpassDefinitionId]">
                                                <Identifier>
                                                  <ColumnReference Database="[OurLabReporting]" Schema="[dbo]" Table="[Testpass]" Alias="[tp]" Column="TestpassDefinitionId" />
                                                </Identifier>
                                              </ScalarOperator>
                                            </RangeExpressions>
                                          </Prefix>
                                        </SeekKeys>
                                      </SeekPredicateNew>
                                    </SeekPredicates>
                                  </IndexScan>
                                </RelOp>
                              </NestedLoops>
                            </RelOp>
                          </ComputeScalar>
                        </RelOp>
                        <ParameterList>
                          <ColumnReference Column="@ElementId" ParameterCompiledValue="(12456405)" />
                        </ParameterList>
                      </QueryPlan>
                    </StmtSimple>
                  </Statements>
                </Then>
                <Else>
                  <Statements>
                    <StmtCond StatementText="&#x9;END&#xD;&#xA;&#x9;ELSE IF (@ElementType = 'Mix')&#xD;&#xA;" StatementId="6" StatementCompId="126" StatementType="COND" RetrievedFromCache="true">
                      <Condition />
                      <Then>
                        <Statements>
                          <StmtSimple StatementText="&#x9;BEGIN&#xD;&#xA;&#x9;&#x9;SELECT @TestpassList = COALESCE(@TestpassList + '($$)', '') &#xD;&#xA;&#x9;&#x9;&#x9;&#x9;&#x9;&#x9;+ tpd.Name + '.' + tp.UniqueKey &#xD;&#xA;&#x9;&#x9;&#x9;&#x9;&#x9;&#x9;+ '($)' + CAST(tp.Id AS NVARCHAR)&#xD;&#xA;&#x9;&#x9;FROM dbo.TestpassDefinition(NOLOCK) as tpd &#xD;&#xA;&#x9;&#x9;&#x9;INNER JOIN dbo.Testpass(NOLOCK) as tp ON tp.TestpassDefinitionId = tpd.Id&#xD;&#xA;&#x9;&#x9;&#x9;INNER JOIN dbo.TestpassPackageMapping (NOLOCK) tpMap ON tpMap.TestpassId = tp.Id&#xD;&#xA;&#x9;&#x9;WHERE tpMap.MixId = @ElementId &#x9;&#x9;&#x9;&#x9;&#xD;&#xA;" StatementId="7" StatementCompId="127" StatementType="SELECT" RetrievedFromCache="true" StatementSubTreeCost="0.00985786" StatementEstRows="1" StatementOptmLevel="FULL" QueryHash="0x83C075FB802F27DF" QueryPlanHash="0x13C812F8E4558DD7" StatementOptmEarlyAbortReason="GoodEnoughPlanFound">
                            <StatementSetOptions QUOTED_IDENTIFIER="true" ARITHABORT="true" CONCAT_NULL_YIELDS_NULL="true" ANSI_NULLS="true" ANSI_PADDING="true" ANSI_WARNINGS="true" NUMERIC_ROUNDABORT="false" />
                            <QueryPlan NonParallelPlanReason="MaxDOPSetToOne" CachedPlanSize="32" CompileTime="6" CompileCPU="6" CompileMemory="832">
                              <Warnings>
                                <PlanAffectingConvert ConvertIssue="Cardinality Estimate" Expression="CONVERT(nvarchar(30),[tp].[Id],0)" />
                              </Warnings>
                              <MemoryGrantInfo SerialRequiredMemory="0" SerialDesiredMemory="0" />
                              <OptimizerHardwareDependentProperties EstimatedAvailableMemoryGrant="193313" EstimatedPagesCached="773254" EstimatedAvailableDegreeOfParallelism="1" />
                              <RelOp NodeId="0" PhysicalOp="Compute Scalar" LogicalOp="Compute Scalar" EstimateRows="1" EstimateIO="0" EstimateCPU="1e-007" AvgRowSize="4035" EstimatedTotalSubtreeCost="0.00985786" Parallel="0" EstimateRebinds="0" EstimateRewinds="0" EstimatedExecutionMode="Row">
                                <OutputList>
                                  <ColumnReference Column="Expr1006" />
                                </OutputList>
                                <ComputeScalar>
                                  <DefinedValues>
                                    <DefinedValue>
                                      <ColumnReference Column="Expr1006" />
                                      <ScalarOperator ScalarString="CASE WHEN ([@TestpassList]+N'($$)') IS NOT NULL THEN [@TestpassList]+N'($$)' ELSE CONVERT_IMPLICIT(nvarchar(max),'',0) END+[OurLabReporting].[dbo].[TestpassDefinition].[Name] as [tpd].[Name]+N'.'+[OurLabReporting].[dbo].[Testpass].[UniqueKey] as [tp].[UniqueKey]+N'($)'+[Expr1007]">
                                        <Arithmetic Operation="ADD">
                                          <ScalarOperator>
                                            <Arithmetic Operation="ADD">
                                              <ScalarOperator>
                                                <Arithmetic Operation="ADD">
                                                  <ScalarOperator>
                                                    <Arithmetic Operation="ADD">
                                                      <ScalarOperator>
                                                        <Arithmetic Operation="ADD">
                                                          <ScalarOperator>
                                                            <IF>
                                                              <Condition>
                                                                <ScalarOperator>
                                                                  <Compare CompareOp="IS NOT">
                                                                    <ScalarOperator>
                                                                      <Arithmetic Operation="ADD">
                                                                        <ScalarOperator>
                                                                          <Identifier>
                                                                            <ColumnReference Column="@TestpassList" />
                                                                          </Identifier>
                                                                        </ScalarOperator>
                                                                        <ScalarOperator>
                                                                          <Const ConstValue="N'($$)'" />
                                                                        </ScalarOperator>
                                                                      </Arithmetic>
                                                                    </ScalarOperator>
                                                                    <ScalarOperator>
                                                                      <Const ConstValue="NULL" />
                                                                    </ScalarOperator>
                                                                  </Compare>
                                                                </ScalarOperator>
                                                              </Condition>
                                                              <Then>
                                                                <ScalarOperator>
                                                                  <Arithmetic Operation="ADD">
                                                                    <ScalarOperator>
                                                                      <Identifier>
                                                                        <ColumnReference Column="@TestpassList" />
                                                                      </Identifier>
                                                                    </ScalarOperator>
                                                                    <ScalarOperator>
                                                                      <Const ConstValue="N'($$)'" />
                                                                    </ScalarOperator>
                                                                  </Arithmetic>
                                                                </ScalarOperator>
                                                              </Then>
                                                              <Else>
                                                                <ScalarOperator>
                                                                  <Convert DataType="nvarchar(max)" Length="2147483647" Style="0" Implicit="1">
                                                                    <ScalarOperator>
                                                                      <Const ConstValue="''" />
                                                                    </ScalarOperator>
                                                                  </Convert>
                                                                </ScalarOperator>
                                                              </Else>
                                                            </IF>
                                                          </ScalarOperator>
                                                          <ScalarOperator>
                                                            <Identifier>
                                                              <ColumnReference Database="[OurLabReporting]" Schema="[dbo]" Table="[TestpassDefinition]" Alias="[tpd]" Column="Name" />
                                                            </Identifier>
                                                          </ScalarOperator>
                                                        </Arithmetic>
                                                      </ScalarOperator>
                                                      <ScalarOperator>
                                                        <Const ConstValue="N'.'" />
                                                      </ScalarOperator>
                                                    </Arithmetic>
                                                  </ScalarOperator>
                                                  <ScalarOperator>
                                                    <Identifier>
                                                      <ColumnReference Database="[OurLabReporting]" Schema="[dbo]" Table="[Testpass]" Alias="[tp]" Column="UniqueKey" />
                                                    </Identifier>
                                                  </ScalarOperator>
                                                </Arithmetic>
                                              </ScalarOperator>
                                              <ScalarOperator>
                                                <Const ConstValue="N'($)'" />
                                              </ScalarOperator>
                                            </Arithmetic>
                                          </ScalarOperator>
                                          <ScalarOperator>
                                            <Identifier>
                                              <ColumnReference Column="Expr1007" />
                                            </Identifier>
                                          </ScalarOperator>
                                        </Arithmetic>
                                      </ScalarOperator>
                                    </DefinedValue>
                                  </DefinedValues>
                                  <RelOp NodeId="1" PhysicalOp="Nested Loops" LogicalOp="Inner Join" EstimateRows="1" EstimateIO="0" EstimateCPU="4.18e-006" AvgRowSize="279" EstimatedTotalSubtreeCost="0.00985776" Parallel="0" EstimateRebinds="0" EstimateRewinds="0" EstimatedExecutionMode="Row">
                                    <OutputList>
                                      <ColumnReference Database="[OurLabReporting]" Schema="[dbo]" Table="[TestpassDefinition]" Alias="[tpd]" Column="Name" />
                                      <ColumnReference Database="[OurLabReporting]" Schema="[dbo]" Table="[Testpass]" Alias="[tp]" Column="UniqueKey" />
                                      <ColumnReference Column="Expr1007" />
                                    </OutputList>
                                    <NestedLoops Optimized="0">
                                      <OuterReferences>
                                        <ColumnReference Database="[OurLabReporting]" Schema="[dbo]" Table="[Testpass]" Alias="[tp]" Column="TestpassDefinitionId" />
                                      </OuterReferences>
                                      <RelOp NodeId="2" PhysicalOp="Compute Scalar" LogicalOp="Compute Scalar" EstimateRows="1" EstimateIO="0" EstimateCPU="1e-007" AvgRowSize="131" EstimatedTotalSubtreeCost="0.00657048" Parallel="0" EstimateRebinds="0" EstimateRewinds="0" EstimatedExecutionMode="Row">
                                        <OutputList>
                                          <ColumnReference Database="[OurLabReporting]" Schema="[dbo]" Table="[Testpass]" Alias="[tp]" Column="TestpassDefinitionId" />
                                          <ColumnReference Database="[OurLabReporting]" Schema="[dbo]" Table="[Testpass]" Alias="[tp]" Column="UniqueKey" />
                                          <ColumnReference Column="Expr1007" />
                                        </OutputList>
                                        <ComputeScalar>
                                          <DefinedValues>
                                            <DefinedValue>
                                              <ColumnReference Column="Expr1007" />
                                              <ScalarOperator ScalarString="CONVERT(nvarchar(30),[OurLabReporting].[dbo].[Testpass].[Id] as [tp].[Id],0)">
                                                <Convert DataType="nvarchar" Length="60" Style="0" Implicit="0">
                                                  <ScalarOperator>
                                                    <Identifier>
                                                      <ColumnReference Database="[OurLabReporting]" Schema="[dbo]" Table="[Testpass]" Alias="[tp]" Column="Id" />
                                                    </Identifier>
                                                  </ScalarOperator>
                                                </Convert>
                                              </ScalarOperator>
                                            </DefinedValue>
                                          </DefinedValues>
                                          <RelOp NodeId="3" PhysicalOp="Nested Loops" LogicalOp="Inner Join" EstimateRows="1" EstimateIO="0" EstimateCPU="4.18e-006" AvgRowSize="129" EstimatedTotalSubtreeCost="0.00657038" Parallel="0" EstimateRebinds="0" EstimateRewinds="0" EstimatedExecutionMode="Row">
                                            <OutputList>
                                              <ColumnReference Database="[OurLabReporting]" Schema="[dbo]" Table="[Testpass]" Alias="[tp]" Column="Id" />
                                              <ColumnReference Database="[OurLabReporting]" Schema="[dbo]" Table="[Testpass]" Alias="[tp]" Column="TestpassDefinitionId" />
                                              <ColumnReference Database="[OurLabReporting]" Schema="[dbo]" Table="[Testpass]" Alias="[tp]" Column="UniqueKey" />
                                            </OutputList>
                                            <NestedLoops Optimized="0">
                                              <OuterReferences>
                                                <ColumnReference Database="[OurLabReporting]" Schema="[dbo]" Table="[TestpassPackageMapping]" Alias="[tpMap]" Column="TestpassId" />
                                              </OuterReferences>
                                              <RelOp NodeId="4" PhysicalOp="Clustered Index Seek" LogicalOp="Clustered Index Seek" EstimateRows="1" EstimateIO="0.003125" EstimateCPU="0.0001581" AvgRowSize="11" EstimatedTotalSubtreeCost="0.0032831" TableCardinality="1.48174e+006" Parallel="0" EstimateRebinds="0" EstimateRewinds="0" EstimatedExecutionMode="Row">
                                                <OutputList>
                                                  <ColumnReference Database="[OurLabReporting]" Schema="[dbo]" Table="[TestpassPackageMapping]" Alias="[tpMap]" Column="TestpassId" />
                                                </OutputList>
                                                <IndexScan Ordered="1" ScanDirection="FORWARD" ForcedIndex="0" ForceSeek="0" ForceScan="0" NoExpandHint="0" Storage="RowStore">
                                                  <DefinedValues>
                                                    <DefinedValue>
                                                      <ColumnReference Database="[OurLabReporting]" Schema="[dbo]" Table="[TestpassPackageMapping]" Alias="[tpMap]" Column="TestpassId" />
                                                    </DefinedValue>
                                                  </DefinedValues>
                                                  <Object Database="[OurLabReporting]" Schema="[dbo]" Table="[TestpassPackageMapping]" Index="[PK_TestpassPackageMapping]" Alias="[tpMap]" IndexKind="Clustered" />
                                                  <SeekPredicates>
                                                    <SeekPredicateNew>
                                                      <SeekKeys>
                                                        <Prefix ScanType="EQ">
                                                          <RangeColumns>
                                                            <ColumnReference Database="[OurLabReporting]" Schema="[dbo]" Table="[TestpassPackageMapping]" Alias="[tpMap]" Column="MixId" />
                                                          </RangeColumns>
                                                          <RangeExpressions>
                                                            <ScalarOperator ScalarString="[@ElementId]">
                                                              <Identifier>
                                                                <ColumnReference Column="@ElementId" />
                                                              </Identifier>
                                                            </ScalarOperator>
                                                          </RangeExpressions>
                                                        </Prefix>
                                                      </SeekKeys>
                                                    </SeekPredicateNew>
                                                  </SeekPredicates>
                                                </IndexScan>
                                              </RelOp>
                                              <RelOp NodeId="5" PhysicalOp="Clustered Index Seek" LogicalOp="Clustered Index Seek" EstimateRows="1" EstimateIO="0.003125" EstimateCPU="0.0001581" AvgRowSize="129" EstimatedTotalSubtreeCost="0.0032831" TableCardinality="1.41186e+006" Parallel="0" EstimateRebinds="0" EstimateRewinds="0" EstimatedExecutionMode="Row">
                                                <OutputList>
                                                  <ColumnReference Database="[OurLabReporting]" Schema="[dbo]" Table="[Testpass]" Alias="[tp]" Column="Id" />
                                                  <ColumnReference Database="[OurLabReporting]" Schema="[dbo]" Table="[Testpass]" Alias="[tp]" Column="TestpassDefinitionId" />
                                                  <ColumnReference Database="[OurLabReporting]" Schema="[dbo]" Table="[Testpass]" Alias="[tp]" Column="UniqueKey" />
                                                </OutputList>
                                                <IndexScan Ordered="1" ScanDirection="FORWARD" ForcedIndex="0" ForceSeek="0" ForceScan="0" NoExpandHint="0" Storage="RowStore">
                                                  <DefinedValues>
                                                    <DefinedValue>
                                                      <ColumnReference Database="[OurLabReporting]" Schema="[dbo]" Table="[Testpass]" Alias="[tp]" Column="Id" />
                                                    </DefinedValue>
                                                    <DefinedValue>
                                                      <ColumnReference Database="[OurLabReporting]" Schema="[dbo]" Table="[Testpass]" Alias="[tp]" Column="TestpassDefinitionId" />
                                                    </DefinedValue>
                                                    <DefinedValue>
                                                      <ColumnReference Database="[OurLabReporting]" Schema="[dbo]" Table="[Testpass]" Alias="[tp]" Column="UniqueKey" />
                                                    </DefinedValue>
                                                  </DefinedValues>
                                                  <Object Database="[OurLabReporting]" Schema="[dbo]" Table="[Testpass]" Index="[Testpass_PK]" Alias="[tp]" IndexKind="Clustered" />
                                                  <SeekPredicates>
                                                    <SeekPredicateNew>
                                                      <SeekKeys>
                                                        <Prefix ScanType="EQ">
                                                          <RangeColumns>
                                                            <ColumnReference Database="[OurLabReporting]" Schema="[dbo]" Table="[Testpass]" Alias="[tp]" Column="Id" />
                                                          </RangeColumns>
                                                          <RangeExpressions>
                                                            <ScalarOperator ScalarString="[OurLabReporting].[dbo].[TestpassPackageMapping].[TestpassId] as [tpMap].[TestpassId]">
                                                              <Identifier>
                                                                <ColumnReference Database="[OurLabReporting]" Schema="[dbo]" Table="[TestpassPackageMapping]" Alias="[tpMap]" Column="TestpassId" />
                                                              </Identifier>
                                                            </ScalarOperator>
                                                          </RangeExpressions>
                                                        </Prefix>
                                                      </SeekKeys>
                                                    </SeekPredicateNew>
                                                  </SeekPredicates>
                                                </IndexScan>
                                              </RelOp>
                                            </NestedLoops>
                                          </RelOp>
                                        </ComputeScalar>
                                      </RelOp>
                                      <RelOp NodeId="9" PhysicalOp="Clustered Index Seek" LogicalOp="Clustered Index Seek" EstimateRows="1" EstimateIO="0.003125" EstimateCPU="0.0001581" AvgRowSize="161" EstimatedTotalSubtreeCost="0.0032831" TableCardinality="1875" Parallel="0" EstimateRebinds="0" EstimateRewinds="0" EstimatedExecutionMode="Row">
                                        <OutputList>
                                          <ColumnReference Database="[OurLabReporting]" Schema="[dbo]" Table="[TestpassDefinition]" Alias="[tpd]" Column="Name" />
                                        </OutputList>
                                        <IndexScan Ordered="1" ScanDirection="FORWARD" ForcedIndex="0" ForceSeek="0" ForceScan="0" NoExpandHint="0" Storage="RowStore">
                                          <DefinedValues>
                                            <DefinedValue>
                                              <ColumnReference Database="[OurLabReporting]" Schema="[dbo]" Table="[TestpassDefinition]" Alias="[tpd]" Column="Name" />
                                            </DefinedValue>
                                          </DefinedValues>
                                          <Object Database="[OurLabReporting]" Schema="[dbo]" Table="[TestpassDefinition]" Index="[PK_TestpassDefinition]" Alias="[tpd]" IndexKind="Clustered" />
                                          <SeekPredicates>
                                            <SeekPredicateNew>
                                              <SeekKeys>
                                                <Prefix ScanType="EQ">
                                                  <RangeColumns>
                                                    <ColumnReference Database="[OurLabReporting]" Schema="[dbo]" Table="[TestpassDefinition]" Alias="[tpd]" Column="Id" />
                                                  </RangeColumns>
                                                  <RangeExpressions>
                                                    <ScalarOperator ScalarString="[OurLabReporting].[dbo].[Testpass].[TestpassDefinitionId] as [tp].[TestpassDefinitionId]">
                                                      <Identifier>
                                                        <ColumnReference Database="[OurLabReporting]" Schema="[dbo]" Table="[Testpass]" Alias="[tp]" Column="TestpassDefinitionId" />
                                                      </Identifier>
                                                    </ScalarOperator>
                                                  </RangeExpressions>
                                                </Prefix>
                                              </SeekKeys>
                                            </SeekPredicateNew>
                                          </SeekPredicates>
                                        </IndexScan>
                                      </RelOp>
                                    </NestedLoops>
                                  </RelOp>
                                </ComputeScalar>
                              </RelOp>
                              <ParameterList>
                                <ColumnReference Column="@ElementId" ParameterCompiledValue="(12456405)" />
                              </ParameterList>
                            </QueryPlan>
                          </StmtSimple>
                        </Statements>
                      </Then>
                      <Else>
                        <Statements>
                          <StmtCond StatementText="&#x9;END&#xD;&#xA;&#x9;ELSE IF (@ElementType = 'ResolvedTED')&#xD;&#xA;" StatementId="8" StatementCompId="130" StatementType="COND" RetrievedFromCache="true">
                            <Condition />
                            <Then>
                              <Statements>
                                <StmtSimple StatementText="&#x9;BEGIN&#xD;&#xA;&#x9;&#x9;SELECT @TestpassList = COALESCE(@TestpassList + '($$)', '') &#xD;&#xA;&#x9;&#x9;&#x9;&#x9;&#x9;&#x9;+ tpd.Name + '.' + tp.UniqueKey &#xD;&#xA;&#x9;&#x9;&#x9;&#x9;&#x9;&#x9;+ '($)' + CAST(tp.Id AS NVARCHAR)&#xD;&#xA;&#x9;&#x9;FROM dbo.TestpassDefinition(NOLOCK) as tpd &#xD;&#xA;&#x9;&#x9;&#x9;INNER JOIN dbo.Testpass(NOLOCK) as tp ON tp.TestpassDefinitionId = tpd.Id&#xD;&#xA;&#x9;&#x9;&#x9;INNER JOIN dbo.TestpassPackageMapping (NOLOCK) tpMap ON tpMap.TestpassId = tp.Id&#xD;&#xA;&#x9;&#x9;&#x9;INNER JOIN dbo.ResolvedTED(NOLOCK) rTED ON rTED.MixId = tpMap.MixId&#xD;&#xA;&#x9;&#x9;WHERE rTED.Id = @ElementId &#x9;&#x9;&#x9;&#x9;&#xD;&#xA;&#x9;&#xD;&#xA;" StatementId="9" StatementCompId="131" StatementType="SELECT" RetrievedFromCache="true" StatementSubTreeCost="0.0137123" StatementEstRows="1.24085" StatementOptmLevel="FULL" QueryHash="0xF320A5B1FFFDE8EA" QueryPlanHash="0x86A522DF2DFF4E48" StatementOptmEarlyAbortReason="GoodEnoughPlanFound">
                                  <StatementSetOptions QUOTED_IDENTIFIER="true" ARITHABORT="true" CONCAT_NULL_YIELDS_NULL="true" ANSI_NULLS="true" ANSI_PADDING="true" ANSI_WARNINGS="true" NUMERIC_ROUNDABORT="false" />
                                  <QueryPlan NonParallelPlanReason="MaxDOPSetToOne" CachedPlanSize="40" CompileTime="11" CompileCPU="11" CompileMemory="1016">
                                    <Warnings>
                                      <PlanAffectingConvert ConvertIssue="Cardinality Estimate" Expression="CONVERT(nvarchar(30),[tp].[Id],0)" />
                                    </Warnings>
                                    <MemoryGrantInfo SerialRequiredMemory="0" SerialDesiredMemory="0" />
                                    <OptimizerHardwareDependentProperties EstimatedAvailableMemoryGrant="193313" EstimatedPagesCached="773254" EstimatedAvailableDegreeOfParallelism="1" />
                                    <RelOp NodeId="0" PhysicalOp="Compute Scalar" LogicalOp="Compute Scalar" EstimateRows="1.24085" EstimateIO="0" EstimateCPU="1.24085e-007" AvgRowSize="4035" EstimatedTotalSubtreeCost="0.0137123" Parallel="0" EstimateRebinds="0" EstimateRewinds="0" EstimatedExecutionMode="Row">
                                      <OutputList>
                                        <ColumnReference Column="Expr1008" />
                                      </OutputList>
                                      <ComputeScalar>
                                        <DefinedValues>
                                          <DefinedValue>
                                            <ColumnReference Column="Expr1008" />
                                            <ScalarOperator ScalarString="CASE WHEN ([@TestpassList]+N'($$)') IS NOT NULL THEN [@TestpassList]+N'($$)' ELSE CONVERT_IMPLICIT(nvarchar(max),'',0) END+[OurLabReporting].[dbo].[TestpassDefinition].[Name] as [tpd].[Name]+N'.'+[OurLabReporting].[dbo].[Testpass].[UniqueKey] as [tp].[UniqueKey]+N'($)'+[Expr1009]">
                                              <Arithmetic Operation="ADD">
                                                <ScalarOperator>
                                                  <Arithmetic Operation="ADD">
                                                    <ScalarOperator>
                                                      <Arithmetic Operation="ADD">
                                                        <ScalarOperator>
                                                          <Arithmetic Operation="ADD">
                                                            <ScalarOperator>
                                                              <Arithmetic Operation="ADD">
                                                                <ScalarOperator>
                                                                  <IF>
                                                                    <Condition>
                                                                      <ScalarOperator>
                                                                        <Compare CompareOp="IS NOT">
                                                                          <ScalarOperator>
                                                                            <Arithmetic Operation="ADD">
                                                                              <ScalarOperator>
                                                                                <Identifier>
                                                                                  <ColumnReference Column="@TestpassList" />
                                                                                </Identifier>
                                                                              </ScalarOperator>
                                                                              <ScalarOperator>
                                                                                <Const ConstValue="N'($$)'" />
                                                                              </ScalarOperator>
                                                                            </Arithmetic>
                                                                          </ScalarOperator>
                                                                          <ScalarOperator>
                                                                            <Const ConstValue="NULL" />
                                                                          </ScalarOperator>
                                                                        </Compare>
                                                                      </ScalarOperator>
                                                                    </Condition>
                                                                    <Then>
                                                                      <ScalarOperator>
                                                                        <Arithmetic Operation="ADD">
                                                                          <ScalarOperator>
                                                                            <Identifier>
                                                                              <ColumnReference Column="@TestpassList" />
                                                                            </Identifier>
                                                                          </ScalarOperator>
                                                                          <ScalarOperator>
                                                                            <Const ConstValue="N'($$)'" />
                                                                          </ScalarOperator>
                                                                        </Arithmetic>
                                                                      </ScalarOperator>
                                                                    </Then>
                                                                    <Else>
                                                                      <ScalarOperator>
                                                                        <Convert DataType="nvarchar(max)" Length="2147483647" Style="0" Implicit="1">
                                                                          <ScalarOperator>
                                                                            <Const ConstValue="''" />
                                                                          </ScalarOperator>
                                                                        </Convert>
                                                                      </ScalarOperator>
                                                                    </Else>
                                                                  </IF>
                                                                </ScalarOperator>
                                                                <ScalarOperator>
                                                                  <Identifier>
                                                                    <ColumnReference Database="[OurLabReporting]" Schema="[dbo]" Table="[TestpassDefinition]" Alias="[tpd]" Column="Name" />
                                                                  </Identifier>
                                                                </ScalarOperator>
                                                              </Arithmetic>
                                                            </ScalarOperator>
                                                            <ScalarOperator>
                                                              <Const ConstValue="N'.'" />
                                                            </ScalarOperator>
                                                          </Arithmetic>
                                                        </ScalarOperator>
                                                        <ScalarOperator>
                                                          <Identifier>
                                                            <ColumnReference Database="[OurLabReporting]" Schema="[dbo]" Table="[Testpass]" Alias="[tp]" Column="UniqueKey" />
                                                          </Identifier>
                                                        </ScalarOperator>
                                                      </Arithmetic>
                                                    </ScalarOperator>
                                                    <ScalarOperator>
                                                      <Const ConstValue="N'($)'" />
                                                    </ScalarOperator>
                                                  </Arithmetic>
                                                </ScalarOperator>
                                                <ScalarOperator>
                                                  <Identifier>
                                                    <ColumnReference Column="Expr1009" />
                                                  </Identifier>
                                                </ScalarOperator>
                                              </Arithmetic>
                                            </ScalarOperator>
                                          </DefinedValue>
                                        </DefinedValues>
                                        <RelOp NodeId="1" PhysicalOp="Nested Loops" LogicalOp="Inner Join" EstimateRows="1.24085" EstimateIO="0" EstimateCPU="5.18675e-006" AvgRowSize="279" EstimatedTotalSubtreeCost="0.0137121" Parallel="0" EstimateRebinds="0" EstimateRewinds="0" EstimatedExecutionMode="Row">
                                          <OutputList>
                                            <ColumnReference Database="[OurLabReporting]" Schema="[dbo]" Table="[TestpassDefinition]" Alias="[tpd]" Column="Name" />
                                            <ColumnReference Database="[OurLabReporting]" Schema="[dbo]" Table="[Testpass]" Alias="[tp]" Column="UniqueKey" />
                                            <ColumnReference Column="Expr1009" />
                                          </OutputList>
                                          <NestedLoops Optimized="0">
                                            <OuterReferences>
                                              <ColumnReference Database="[OurLabReporting]" Schema="[dbo]" Table="[Testpass]" Alias="[tp]" Column="TestpassDefinitionId" />
                                            </OuterReferences>
                                            <RelOp NodeId="2" PhysicalOp="Compute Scalar" LogicalOp="Compute Scalar" EstimateRows="1.24085" EstimateIO="0" EstimateCPU="1.24085e-007" AvgRowSize="131" EstimatedTotalSubtreeCost="0.0101437" Parallel="0" EstimateRebinds="0" EstimateRewinds="0" EstimatedExecutionMode="Row">
                                              <OutputList>
                                                <ColumnReference Database="[OurLabReporting]" Schema="[dbo]" Table="[Testpass]" Alias="[tp]" Column="TestpassDefinitionId" />
                                                <ColumnReference Database="[OurLabReporting]" Schema="[dbo]" Table="[Testpass]" Alias="[tp]" Column="UniqueKey" />
                                                <ColumnReference Column="Expr1009" />
                                              </OutputList>
                                              <ComputeScalar>
                                                <DefinedValues>
                                                  <DefinedValue>
                                                    <ColumnReference Column="Expr1009" />
                                                    <ScalarOperator ScalarString="CONVERT(nvarchar(30),[OurLabReporting].[dbo].[Testpass].[Id] as [tp].[Id],0)">
                                                      <Convert DataType="nvarchar" Length="60" Style="0" Implicit="0">
                                                        <ScalarOperator>
                                                          <Identifier>
                                                            <ColumnReference Database="[OurLabReporting]" Schema="[dbo]" Table="[Testpass]" Alias="[tp]" Column="Id" />
                                                          </Identifier>
                                                        </ScalarOperator>
                                                      </Convert>
                                                    </ScalarOperator>
                                                  </DefinedValue>
                                                </DefinedValues>
                                                <RelOp NodeId="3" PhysicalOp="Nested Loops" LogicalOp="Inner Join" EstimateRows="1.24085" EstimateIO="0" EstimateCPU="5.18675e-006" AvgRowSize="129" EstimatedTotalSubtreeCost="0.0101435" Parallel="0" EstimateRebinds="0" EstimateRewinds="0" EstimatedExecutionMode="Row">
                                                  <OutputList>
                                                    <ColumnReference Database="[OurLabReporting]" Schema="[dbo]" Table="[Testpass]" Alias="[tp]" Column="Id" />
                                                    <ColumnReference Database="[OurLabReporting]" Schema="[dbo]" Table="[Testpass]" Alias="[tp]" Column="TestpassDefinitionId" />
                                                    <ColumnReference Database="[OurLabReporting]" Schema="[dbo]" Table="[Testpass]" Alias="[tp]" Column="UniqueKey" />
                                                  </OutputList>
                                                  <NestedLoops Optimized="0">
                                                    <OuterReferences>
                                                      <ColumnReference Database="[OurLabReporting]" Schema="[dbo]" Table="[TestpassPackageMapping]" Alias="[tpMap]" Column="TestpassId" />
                                                    </OuterReferences>
                                                    <RelOp NodeId="4" PhysicalOp="Nested Loops" LogicalOp="Inner Join" EstimateRows="1.24085" EstimateIO="0" EstimateCPU="5.18675e-006" AvgRowSize="11" EstimatedTotalSubtreeCost="0.00657165" Parallel="0" EstimateRebinds="0" EstimateRewinds="0" EstimatedExecutionMode="Row">
                                                      <OutputList>
                                                        <ColumnReference Database="[OurLabReporting]" Schema="[dbo]" Table="[TestpassPackageMapping]" Alias="[tpMap]" Column="TestpassId" />
                                                      </OutputList>
                                                      <NestedLoops Optimized="0">
                                                        <OuterReferences>
                                                          <ColumnReference Database="[OurLabReporting]" Schema="[dbo]" Table="[ResolvedTED]" Alias="[rTED]" Column="MixId" />
                                                        </OuterReferences>
                                                        <RelOp NodeId="5" PhysicalOp="Clustered Index Seek" LogicalOp="Clustered Index Seek" EstimateRows="1" EstimateIO="0.003125" EstimateCPU="0.0001581" AvgRowSize="11" EstimatedTotalSubtreeCost="0.0032831" TableCardinality="1.37084e+006" Parallel="0" EstimateRebinds="0" EstimateRewinds="0" EstimatedExecutionMode="Row">
                                                          <OutputList>
                                                            <ColumnReference Database="[OurLabReporting]" Schema="[dbo]" Table="[ResolvedTED]" Alias="[rTED]" Column="MixId" />
                                                          </OutputList>
                                                          <IndexScan Ordered="1" ScanDirection="FORWARD" ForcedIndex="0" ForceSeek="0" ForceScan="0" NoExpandHint="0" Storage="RowStore">
                                                            <DefinedValues>
                                                              <DefinedValue>
                                                                <ColumnReference Database="[OurLabReporting]" Schema="[dbo]" Table="[ResolvedTED]" Alias="[rTED]" Column="MixId" />
                                                              </DefinedValue>
                                                            </DefinedValues>
                                                            <Object Database="[OurLabReporting]" Schema="[dbo]" Table="[ResolvedTED]" Index="[ResolvedTED_PK]" Alias="[rTED]" IndexKind="Clustered" />
                                                            <SeekPredicates>
                                                              <SeekPredicateNew>
                                                                <SeekKeys>
                                                                  <Prefix ScanType="EQ">
                                                                    <RangeColumns>
                                                                      <ColumnReference Database="[OurLabReporting]" Schema="[dbo]" Table="[ResolvedTED]" Alias="[rTED]" Column="Id" />
                                                                    </RangeColumns>
                                                                    <RangeExpressions>
                                                                      <ScalarOperator ScalarString="[@ElementId]">
                                                                        <Identifier>
                                                                          <ColumnReference Column="@ElementId" />
                                                                        </Identifier>
                                                                      </ScalarOperator>
                                                                    </RangeExpressions>
                                                                  </Prefix>
                                                                </SeekKeys>
                                                              </SeekPredicateNew>
                                                            </SeekPredicates>
                                                          </IndexScan>
                                                        </RelOp>
                                                        <RelOp NodeId="6" PhysicalOp="Clustered Index Seek" LogicalOp="Clustered Index Seek" EstimateRows="1.24085" EstimateIO="0.003125" EstimateCPU="0.000158365" AvgRowSize="11" EstimatedTotalSubtreeCost="0.00328336" TableCardinality="1.48174e+006" Parallel="0" EstimateRebinds="0" EstimateRewinds="0" EstimatedExecutionMode="Row">
                                                          <OutputList>
                                                            <ColumnReference Database="[OurLabReporting]" Schema="[dbo]" Table="[TestpassPackageMapping]" Alias="[tpMap]" Column="TestpassId" />
                                                          </OutputList>
                                                          <IndexScan Ordered="1" ScanDirection="FORWARD" ForcedIndex="0" ForceSeek="0" ForceScan="0" NoExpandHint="0" Storage="RowStore">
                                                            <DefinedValues>
                                                              <DefinedValue>
                                                                <ColumnReference Database="[OurLabReporting]" Schema="[dbo]" Table="[TestpassPackageMapping]" Alias="[tpMap]" Column="TestpassId" />
                                                              </DefinedValue>
                                                            </DefinedValues>
                                                            <Object Database="[OurLabReporting]" Schema="[dbo]" Table="[TestpassPackageMapping]" Index="[PK_TestpassPackageMapping]" Alias="[tpMap]" IndexKind="Clustered" />
                                                            <SeekPredicates>
                                                              <SeekPredicateNew>
                                                                <SeekKeys>
                                                                  <Prefix ScanType="EQ">
                                                                    <RangeColumns>
                                                                      <ColumnReference Database="[OurLabReporting]" Schema="[dbo]" Table="[TestpassPackageMapping]" Alias="[tpMap]" Column="MixId" />
                                                                    </RangeColumns>
                                                                    <RangeExpressions>
                                                                      <ScalarOperator ScalarString="[OurLabReporting].[dbo].[ResolvedTED].[MixId] as [rTED].[MixId]">
                                                                        <Identifier>
                                                                          <ColumnReference Database="[OurLabReporting]" Schema="[dbo]" Table="[ResolvedTED]" Alias="[rTED]" Column="MixId" />
                                                                        </Identifier>
                                                                      </ScalarOperator>
                                                                    </RangeExpressions>
                                                                  </Prefix>
                                                                </SeekKeys>
                                                              </SeekPredicateNew>
                                                            </SeekPredicates>
                                                          </IndexScan>
                                                        </RelOp>
                                                      </NestedLoops>
                                                    </RelOp>
                                                    <RelOp NodeId="7" PhysicalOp="Clustered Index Seek" LogicalOp="Clustered Index Seek" EstimateRows="1" EstimateIO="0.003125" EstimateCPU="0.0001581" AvgRowSize="129" EstimatedTotalSubtreeCost="0.0035667" TableCardinality="1.41186e+006" Parallel="0" EstimateRebinds="0.24085" EstimateRewinds="0" EstimatedExecutionMode="Row">
                                                      <OutputList>
                                                        <ColumnReference Database="[OurLabReporting]" Schema="[dbo]" Table="[Testpass]" Alias="[tp]" Column="Id" />
                                                        <ColumnReference Database="[OurLabReporting]" Schema="[dbo]" Table="[Testpass]" Alias="[tp]" Column="TestpassDefinitionId" />
                                                        <ColumnReference Database="[OurLabReporting]" Schema="[dbo]" Table="[Testpass]" Alias="[tp]" Column="UniqueKey" />
                                                      </OutputList>
                                                      <IndexScan Ordered="1" ScanDirection="FORWARD" ForcedIndex="0" ForceSeek="0" ForceScan="0" NoExpandHint="0" Storage="RowStore">
                                                        <DefinedValues>
                                                          <DefinedValue>
                                                            <ColumnReference Database="[OurLabReporting]" Schema="[dbo]" Table="[Testpass]" Alias="[tp]" Column="Id" />
                                                          </DefinedValue>
                                                          <DefinedValue>
                                                            <ColumnReference Database="[OurLabReporting]" Schema="[dbo]" Table="[Testpass]" Alias="[tp]" Column="TestpassDefinitionId" />
                                                          </DefinedValue>
                                                          <DefinedValue>
                                                            <ColumnReference Database="[OurLabReporting]" Schema="[dbo]" Table="[Testpass]" Alias="[tp]" Column="UniqueKey" />
                                                          </DefinedValue>
                                                        </DefinedValues>
                                                        <Object Database="[OurLabReporting]" Schema="[dbo]" Table="[Testpass]" Index="[Testpass_PK]" Alias="[tp]" IndexKind="Clustered" />
                                                        <SeekPredicates>
                                                          <SeekPredicateNew>
                                                            <SeekKeys>
                                                              <Prefix ScanType="EQ">
                                                                <RangeColumns>
                                                                  <ColumnReference Database="[OurLabReporting]" Schema="[dbo]" Table="[Testpass]" Alias="[tp]" Column="Id" />
                                                                </RangeColumns>
                                                                <RangeExpressions>
                                                                  <ScalarOperator ScalarString="[OurLabReporting].[dbo].[TestpassPackageMapping].[TestpassId] as [tpMap].[TestpassId]">
                                                                    <Identifier>
                                                                      <ColumnReference Database="[OurLabReporting]" Schema="[dbo]" Table="[TestpassPackageMapping]" Alias="[tpMap]" Column="TestpassId" />
                                                                    </Identifier>
                                                                  </ScalarOperator>
                                                                </RangeExpressions>
                                                              </Prefix>
                                                            </SeekKeys>
                                                          </SeekPredicateNew>
                                                        </SeekPredicates>
                                                      </IndexScan>
                                                    </RelOp>
                                                  </NestedLoops>
                                                </RelOp>
                                              </ComputeScalar>
                                            </RelOp>
                                            <RelOp NodeId="11" PhysicalOp="Clustered Index Seek" LogicalOp="Clustered Index Seek" EstimateRows="1" EstimateIO="0.003125" EstimateCPU="0.0001581" AvgRowSize="161" EstimatedTotalSubtreeCost="0.00356327" TableCardinality="1875" Parallel="0" EstimateRebinds="0.24085" EstimateRewinds="0" EstimatedExecutionMode="Row">
                                              <OutputList>
                                                <ColumnReference Database="[OurLabReporting]" Schema="[dbo]" Table="[TestpassDefinition]" Alias="[tpd]" Column="Name" />
                                              </OutputList>
                                              <IndexScan Ordered="1" ScanDirection="FORWARD" ForcedIndex="0" ForceSeek="0" ForceScan="0" NoExpandHint="0" Storage="RowStore">
                                                <DefinedValues>
                                                  <DefinedValue>
                                                    <ColumnReference Database="[OurLabReporting]" Schema="[dbo]" Table="[TestpassDefinition]" Alias="[tpd]" Column="Name" />
                                                  </DefinedValue>
                                                </DefinedValues>
                                                <Object Database="[OurLabReporting]" Schema="[dbo]" Table="[TestpassDefinition]" Index="[PK_TestpassDefinition]" Alias="[tpd]" IndexKind="Clustered" />
                                                <SeekPredicates>
                                                  <SeekPredicateNew>
                                                    <SeekKeys>
                                                      <Prefix ScanType="EQ">
                                                        <RangeColumns>
                                                          <ColumnReference Database="[OurLabReporting]" Schema="[dbo]" Table="[TestpassDefinition]" Alias="[tpd]" Column="Id" />
                                                        </RangeColumns>
                                                        <RangeExpressions>
                                                          <ScalarOperator ScalarString="[OurLabReporting].[dbo].[Testpass].[TestpassDefinitionId] as [tp].[TestpassDefinitionId]">
                                                            <Identifier>
                                                              <ColumnReference Database="[OurLabReporting]" Schema="[dbo]" Table="[Testpass]" Alias="[tp]" Column="TestpassDefinitionId" />
                                                            </Identifier>
                                                          </ScalarOperator>
                                                        </RangeExpressions>
                                                      </Prefix>
                                                    </SeekKeys>
                                                  </SeekPredicateNew>
                                                </SeekPredicates>
                                              </IndexScan>
                                            </RelOp>
                                          </NestedLoops>
                                        </RelOp>
                                      </ComputeScalar>
                                    </RelOp>
                                    <ParameterList>
                                      <ColumnReference Column="@ElementId" ParameterCompiledValue="(12456405)" />
                                    </ParameterList>
                                  </QueryPlan>
                                </StmtSimple>
                              </Statements>
                            </Then>
                            <Else>
                              <Statements>
                                <StmtCond StatementText="&#x9;END&#xD;&#xA;&#x9;ELSE IF (@ElementType = 'MachineSet')&#xD;&#xA;" StatementId="10" StatementCompId="134" StatementType="COND" RetrievedFromCache="true">
                                  <Condition />
                                  <Then>
                                    <Statements>
                                      <StmtSimple StatementText="&#x9;BEGIN&#xD;&#xA;&#x9;&#x9;SELECT @TestpassList = COALESCE(@TestpassList + '($$)', '') &#xD;&#xA;&#x9;&#x9;&#x9;&#x9;&#x9;&#x9;+ tpd.Name + '.' + tp.UniqueKey &#xD;&#xA;&#x9;&#x9;&#x9;&#x9;&#x9;&#x9;+ '($)' + CAST(tp.Id AS NVARCHAR)&#xD;&#xA;&#x9;&#x9;FROM dbo.TestpassDefinition(NOLOCK) as tpd &#xD;&#xA;&#x9;&#x9;&#x9;INNER JOIN dbo.Testpass(NOLOCK) as tp ON tp.TestpassDefinitionId = tpd.Id&#xD;&#xA;&#x9;&#x9;&#x9;INNER JOIN dbo.TestpassPackageMapping (NOLOCK) tpMap ON tpMap.TestpassId = tp.Id&#xD;&#xA;&#x9;&#x9;&#x9;INNER JOIN dbo.MachineSet(NOLOCK) ms ON ms.MixId = tpMap.MixId&#xD;&#xA;&#x9;&#x9;WHERE ms.Id = @ElementId &#x9;&#x9;&#x9;&#x9;&#xD;&#xA;&#x9;&#xD;&#xA;" StatementId="11" StatementCompId="135" StatementType="SELECT" RetrievedFromCache="true" StatementSubTreeCost="0.0137123" StatementEstRows="1.24085" StatementOptmLevel="FULL" QueryHash="0xC1F6FD26C03C964" QueryPlanHash="0x35158D73BE2F2B96" StatementOptmEarlyAbortReason="GoodEnoughPlanFound">
                                        <StatementSetOptions QUOTED_IDENTIFIER="true" ARITHABORT="true" CONCAT_NULL_YIELDS_NULL="true" ANSI_NULLS="true" ANSI_PADDING="true" ANSI_WARNINGS="true" NUMERIC_ROUNDABORT="false" />
                                        <QueryPlan NonParallelPlanReason="MaxDOPSetToOne" CachedPlanSize="40" CompileTime="13" CompileCPU="11" CompileMemory="1024">
                                          <Warnings>
                                            <PlanAffectingConvert ConvertIssue="Cardinality Estimate" Expression="CONVERT(nvarchar(30),[tp].[Id],0)" />
                                          </Warnings>
                                          <MemoryGrantInfo SerialRequiredMemory="0" SerialDesiredMemory="0" />
                                          <OptimizerHardwareDependentProperties EstimatedAvailableMemoryGrant="193313" EstimatedPagesCached="773254" EstimatedAvailableDegreeOfParallelism="1" />
                                          <RelOp NodeId="0" PhysicalOp="Compute Scalar" LogicalOp="Compute Scalar" EstimateRows="1.24085" EstimateIO="0" EstimateCPU="1.24085e-007" AvgRowSize="4035" EstimatedTotalSubtreeCost="0.0137123" Parallel="0" EstimateRebinds="0" EstimateRewinds="0" EstimatedExecutionMode="Row">
                                            <OutputList>
                                              <ColumnReference Column="Expr1008" />
                                            </OutputList>
                                            <ComputeScalar>
                                              <DefinedValues>
                                                <DefinedValue>
                                                  <ColumnReference Column="Expr1008" />
                                                  <ScalarOperator ScalarString="CASE WHEN ([@TestpassList]+N'($$)') IS NOT NULL THEN [@TestpassList]+N'($$)' ELSE CONVERT_IMPLICIT(nvarchar(max),'',0) END+[OurLabReporting].[dbo].[TestpassDefinition].[Name] as [tpd].[Name]+N'.'+[OurLabReporting].[dbo].[Testpass].[UniqueKey] as [tp].[UniqueKey]+N'($)'+[Expr1009]">
                                                    <Arithmetic Operation="ADD">
                                                      <ScalarOperator>
                                                        <Arithmetic Operation="ADD">
                                                          <ScalarOperator>
                                                            <Arithmetic Operation="ADD">
                                                              <ScalarOperator>
                                                                <Arithmetic Operation="ADD">
                                                                  <ScalarOperator>
                                                                    <Arithmetic Operation="ADD">
                                                                      <ScalarOperator>
                                                                        <IF>
                                                                          <Condition>
                                                                            <ScalarOperator>
                                                                              <Compare CompareOp="IS NOT">
                                                                                <ScalarOperator>
                                                                                  <Arithmetic Operation="ADD">
                                                                                    <ScalarOperator>
                                                                                      <Identifier>
                                                                                        <ColumnReference Column="@TestpassList" />
                                                                                      </Identifier>
                                                                                    </ScalarOperator>
                                                                                    <ScalarOperator>
                                                                                      <Const ConstValue="N'($$)'" />
                                                                                    </ScalarOperator>
                                                                                  </Arithmetic>
                                                                                </ScalarOperator>
                                                                                <ScalarOperator>
                                                                                  <Const ConstValue="NULL" />
                                                                                </ScalarOperator>
                                                                              </Compare>
                                                                            </ScalarOperator>
                                                                          </Condition>
                                                                          <Then>
                                                                            <ScalarOperator>
                                                                              <Arithmetic Operation="ADD">
                                                                                <ScalarOperator>
                                                                                  <Identifier>
                                                                                    <ColumnReference Column="@TestpassList" />
                                                                                  </Identifier>
                                                                                </ScalarOperator>
                                                                                <ScalarOperator>
                                                                                  <Const ConstValue="N'($$)'" />
                                                                                </ScalarOperator>
                                                                              </Arithmetic>
                                                                            </ScalarOperator>
                                                                          </Then>
                                                                          <Else>
                                                                            <ScalarOperator>
                                                                              <Convert DataType="nvarchar(max)" Length="2147483647" Style="0" Implicit="1">
                                                                                <ScalarOperator>
                                                                                  <Const ConstValue="''" />
                                                                                </ScalarOperator>
                                                                              </Convert>
                                                                            </ScalarOperator>
                                                                          </Else>
                                                                        </IF>
                                                                      </ScalarOperator>
                                                                      <ScalarOperator>
                                                                        <Identifier>
                                                                          <ColumnReference Database="[OurLabReporting]" Schema="[dbo]" Table="[TestpassDefinition]" Alias="[tpd]" Column="Name" />
                                                                        </Identifier>
                                                                      </ScalarOperator>
                                                                    </Arithmetic>
                                                                  </ScalarOperator>
                                                                  <ScalarOperator>
                                                                    <Const ConstValue="N'.'" />
                                                                  </ScalarOperator>
                                                                </Arithmetic>
                                                              </ScalarOperator>
                                                              <ScalarOperator>
                                                                <Identifier>
                                                                  <ColumnReference Database="[OurLabReporting]" Schema="[dbo]" Table="[Testpass]" Alias="[tp]" Column="UniqueKey" />
                                                                </Identifier>
                                                              </ScalarOperator>
                                                            </Arithmetic>
                                                          </ScalarOperator>
                                                          <ScalarOperator>
                                                            <Const ConstValue="N'($)'" />
                                                          </ScalarOperator>
                                                        </Arithmetic>
                                                      </ScalarOperator>
                                                      <ScalarOperator>
                                                        <Identifier>
                                                          <ColumnReference Column="Expr1009" />
                                                        </Identifier>
                                                      </ScalarOperator>
                                                    </Arithmetic>
                                                  </ScalarOperator>
                                                </DefinedValue>
                                              </DefinedValues>
                                              <RelOp NodeId="1" PhysicalOp="Nested Loops" LogicalOp="Inner Join" EstimateRows="1.24085" EstimateIO="0" EstimateCPU="5.18675e-006" AvgRowSize="279" EstimatedTotalSubtreeCost="0.0137121" Parallel="0" EstimateRebinds="0" EstimateRewinds="0" EstimatedExecutionMode="Row">
                                                <OutputList>
                                                  <ColumnReference Database="[OurLabReporting]" Schema="[dbo]" Table="[TestpassDefinition]" Alias="[tpd]" Column="Name" />
                                                  <ColumnReference Database="[OurLabReporting]" Schema="[dbo]" Table="[Testpass]" Alias="[tp]" Column="UniqueKey" />
                                                  <ColumnReference Column="Expr1009" />
                                                </OutputList>
                                                <NestedLoops Optimized="0">
                                                  <OuterReferences>
                                                    <ColumnReference Database="[OurLabReporting]" Schema="[dbo]" Table="[Testpass]" Alias="[tp]" Column="TestpassDefinitionId" />
                                                  </OuterReferences>
                                                  <RelOp NodeId="2" PhysicalOp="Compute Scalar" LogicalOp="Compute Scalar" EstimateRows="1.24085" EstimateIO="0" EstimateCPU="1.24085e-007" AvgRowSize="131" EstimatedTotalSubtreeCost="0.0101437" Parallel="0" EstimateRebinds="0" EstimateRewinds="0" EstimatedExecutionMode="Row">
                                                    <OutputList>
                                                      <ColumnReference Database="[OurLabReporting]" Schema="[dbo]" Table="[Testpass]" Alias="[tp]" Column="TestpassDefinitionId" />
                                                      <ColumnReference Database="[OurLabReporting]" Schema="[dbo]" Table="[Testpass]" Alias="[tp]" Column="UniqueKey" />
                                                      <ColumnReference Column="Expr1009" />
                                                    </OutputList>
                                                    <ComputeScalar>
                                                      <DefinedValues>
                                                        <DefinedValue>
                                                          <ColumnReference Column="Expr1009" />
                                                          <ScalarOperator ScalarString="CONVERT(nvarchar(30),[OurLabReporting].[dbo].[Testpass].[Id] as [tp].[Id],0)">
                                                            <Convert DataType="nvarchar" Length="60" Style="0" Implicit="0">
                                                              <ScalarOperator>
                                                                <Identifier>
                                                                  <ColumnReference Database="[OurLabReporting]" Schema="[dbo]" Table="[Testpass]" Alias="[tp]" Column="Id" />
                                                                </Identifier>
                                                              </ScalarOperator>
                                                            </Convert>
                                                          </ScalarOperator>
                                                        </DefinedValue>
                                                      </DefinedValues>
                                                      <RelOp NodeId="3" PhysicalOp="Nested Loops" LogicalOp="Inner Join" EstimateRows="1.24085" EstimateIO="0" EstimateCPU="5.18675e-006" AvgRowSize="129" EstimatedTotalSubtreeCost="0.0101435" Parallel="0" EstimateRebinds="0" EstimateRewinds="0" EstimatedExecutionMode="Row">
                                                        <OutputList>
                                                          <ColumnReference Database="[OurLabReporting]" Schema="[dbo]" Table="[Testpass]" Alias="[tp]" Column="Id" />
                                                          <ColumnReference Database="[OurLabReporting]" Schema="[dbo]" Table="[Testpass]" Alias="[tp]" Column="TestpassDefinitionId" />
                                                          <ColumnReference Database="[OurLabReporting]" Schema="[dbo]" Table="[Testpass]" Alias="[tp]" Column="UniqueKey" />
                                                        </OutputList>
                                                        <NestedLoops Optimized="0">
                                                          <OuterReferences>
                                                            <ColumnReference Database="[OurLabReporting]" Schema="[dbo]" Table="[TestpassPackageMapping]" Alias="[tpMap]" Column="TestpassId" />
                                                          </OuterReferences>
                                                          <RelOp NodeId="4" PhysicalOp="Nested Loops" LogicalOp="Inner Join" EstimateRows="1.24085" EstimateIO="0" EstimateCPU="5.18675e-006" AvgRowSize="11" EstimatedTotalSubtreeCost="0.00657165" Parallel="0" EstimateRebinds="0" EstimateRewinds="0" EstimatedExecutionMode="Row">
                                                            <OutputList>
                                                              <ColumnReference Database="[OurLabReporting]" Schema="[dbo]" Table="[TestpassPackageMapping]" Alias="[tpMap]" Column="TestpassId" />
                                                            </OutputList>
                                                            <NestedLoops Optimized="0">
                                                              <OuterReferences>
                                                                <ColumnReference Database="[OurLabReporting]" Schema="[dbo]" Table="[MachineSet]" Alias="[ms]" Column="MixId" />
                                                              </OuterReferences>
                                                              <RelOp NodeId="5" PhysicalOp="Clustered Index Seek" LogicalOp="Clustered Index Seek" EstimateRows="1" EstimateIO="0.003125" EstimateCPU="0.0001581" AvgRowSize="11" EstimatedTotalSubtreeCost="0.0032831" TableCardinality="1.23247e+007" Parallel="0" EstimateRebinds="0" EstimateRewinds="0" EstimatedExecutionMode="Row">
                                                                <OutputList>
                                                                  <ColumnReference Database="[OurLabReporting]" Schema="[dbo]" Table="[MachineSet]" Alias="[ms]" Column="MixId" />
                                                                </OutputList>
                                                                <IndexScan Ordered="1" ScanDirection="FORWARD" ForcedIndex="0" ForceSeek="0" ForceScan="0" NoExpandHint="0" Storage="RowStore">
                                                                  <DefinedValues>
                                                                    <DefinedValue>
                                                                      <ColumnReference Database="[OurLabReporting]" Schema="[dbo]" Table="[MachineSet]" Alias="[ms]" Column="MixId" />
                                                                    </DefinedValue>
                                                                  </DefinedValues>
                                                                  <Object Database="[OurLabReporting]" Schema="[dbo]" Table="[MachineSet]" Index="[MachineSet_PK]" Alias="[ms]" IndexKind="Clustered" />
                                                                  <SeekPredicates>
                                                                    <SeekPredicateNew>
                                                                      <SeekKeys>
                                                                        <Prefix ScanType="EQ">
                                                                          <RangeColumns>
                                                                            <ColumnReference Database="[OurLabReporting]" Schema="[dbo]" Table="[MachineSet]" Alias="[ms]" Column="Id" />
                                                                          </RangeColumns>
                                                                          <RangeExpressions>
                                                                            <ScalarOperator ScalarString="[@ElementId]">
                                                                              <Identifier>
                                                                                <ColumnReference Column="@ElementId" />
                                                                              </Identifier>
                                                                            </ScalarOperator>
                                                                          </RangeExpressions>
                                                                        </Prefix>
                                                                      </SeekKeys>
                                                                    </SeekPredicateNew>
                                                                  </SeekPredicates>
                                                                </IndexScan>
                                                              </RelOp>
                                                              <RelOp NodeId="6" PhysicalOp="Clustered Index Seek" LogicalOp="Clustered Index Seek" EstimateRows="1.24085" EstimateIO="0.003125" EstimateCPU="0.000158365" AvgRowSize="11" EstimatedTotalSubtreeCost="0.00328336" TableCardinality="1.48174e+006" Parallel="0" EstimateRebinds="0" EstimateRewinds="0" EstimatedExecutionMode="Row">
                                                                <OutputList>
                                                                  <ColumnReference Database="[OurLabReporting]" Schema="[dbo]" Table="[TestpassPackageMapping]" Alias="[tpMap]" Column="TestpassId" />
                                                                </OutputList>
                                                                <IndexScan Ordered="1" ScanDirection="FORWARD" ForcedIndex="0" ForceSeek="0" ForceScan="0" NoExpandHint="0" Storage="RowStore">
                                                                  <DefinedValues>
                                                                    <DefinedValue>
                                                                      <ColumnReference Database="[OurLabReporting]" Schema="[dbo]" Table="[TestpassPackageMapping]" Alias="[tpMap]" Column="TestpassId" />
                                                                    </DefinedValue>
                                                                  </DefinedValues>
                                                                  <Object Database="[OurLabReporting]" Schema="[dbo]" Table="[TestpassPackageMapping]" Index="[PK_TestpassPackageMapping]" Alias="[tpMap]" IndexKind="Clustered" />
                                                                  <SeekPredicates>
                                                                    <SeekPredicateNew>
                                                                      <SeekKeys>
                                                                        <Prefix ScanType="EQ">
                                                                          <RangeColumns>
                                                                            <ColumnReference Database="[OurLabReporting]" Schema="[dbo]" Table="[TestpassPackageMapping]" Alias="[tpMap]" Column="MixId" />
                                                                          </RangeColumns>
                                                                          <RangeExpressions>
                                                                            <ScalarOperator ScalarString="[OurLabReporting].[dbo].[MachineSet].[MixId] as [ms].[MixId]">
                                                                              <Identifier>
                                                                                <ColumnReference Database="[OurLabReporting]" Schema="[dbo]" Table="[MachineSet]" Alias="[ms]" Column="MixId" />
                                                                              </Identifier>
                                                                            </ScalarOperator>
                                                                          </RangeExpressions>
                                                                        </Prefix>
                                                                      </SeekKeys>
                                                                    </SeekPredicateNew>
                                                                  </SeekPredicates>
                                                                </IndexScan>
                                                              </RelOp>
                                                            </NestedLoops>
                                                          </RelOp>
                                                          <RelOp NodeId="7" PhysicalOp="Clustered Index Seek" LogicalOp="Clustered Index Seek" EstimateRows="1" EstimateIO="0.003125" EstimateCPU="0.0001581" AvgRowSize="129" EstimatedTotalSubtreeCost="0.0035667" TableCardinality="1.41186e+006" Parallel="0" EstimateRebinds="0.24085" EstimateRewinds="0" EstimatedExecutionMode="Row">
                                                            <OutputList>
                                                              <ColumnReference Database="[OurLabReporting]" Schema="[dbo]" Table="[Testpass]" Alias="[tp]" Column="Id" />
                                                              <ColumnReference Database="[OurLabReporting]" Schema="[dbo]" Table="[Testpass]" Alias="[tp]" Column="TestpassDefinitionId" />
                                                              <ColumnReference Database="[OurLabReporting]" Schema="[dbo]" Table="[Testpass]" Alias="[tp]" Column="UniqueKey" />
                                                            </OutputList>
                                                            <IndexScan Ordered="1" ScanDirection="FORWARD" ForcedIndex="0" ForceSeek="0" ForceScan="0" NoExpandHint="0" Storage="RowStore">
                                                              <DefinedValues>
                                                                <DefinedValue>
                                                                  <ColumnReference Database="[OurLabReporting]" Schema="[dbo]" Table="[Testpass]" Alias="[tp]" Column="Id" />
                                                                </DefinedValue>
                                                                <DefinedValue>
                                                                  <ColumnReference Database="[OurLabReporting]" Schema="[dbo]" Table="[Testpass]" Alias="[tp]" Column="TestpassDefinitionId" />
                                                                </DefinedValue>
                                                                <DefinedValue>
                                                                  <ColumnReference Database="[OurLabReporting]" Schema="[dbo]" Table="[Testpass]" Alias="[tp]" Column="UniqueKey" />
                                                                </DefinedValue>
                                                              </DefinedValues>
                                                              <Object Database="[OurLabReporting]" Schema="[dbo]" Table="[Testpass]" Index="[Testpass_PK]" Alias="[tp]" IndexKind="Clustered" />
                                                              <SeekPredicates>
                                                                <SeekPredicateNew>
                                                                  <SeekKeys>
                                                                    <Prefix ScanType="EQ">
                                                                      <RangeColumns>
                                                                        <ColumnReference Database="[OurLabReporting]" Schema="[dbo]" Table="[Testpass]" Alias="[tp]" Column="Id" />
                                                                      </RangeColumns>
                                                                      <RangeExpressions>
                                                                        <ScalarOperator ScalarString="[OurLabReporting].[dbo].[TestpassPackageMapping].[TestpassId] as [tpMap].[TestpassId]">
                                                                          <Identifier>
                                                                            <ColumnReference Database="[OurLabReporting]" Schema="[dbo]" Table="[TestpassPackageMapping]" Alias="[tpMap]" Column="TestpassId" />
                                                                          </Identifier>
                                                                        </ScalarOperator>
                                                                      </RangeExpressions>
                                                                    </Prefix>
                                                                  </SeekKeys>
                                                                </SeekPredicateNew>
                                                              </SeekPredicates>
                                                            </IndexScan>
                                                          </RelOp>
                                                        </NestedLoops>
                                                      </RelOp>
                                                    </ComputeScalar>
                                                  </RelOp>
                                                  <RelOp NodeId="11" PhysicalOp="Clustered Index Seek" LogicalOp="Clustered Index Seek" EstimateRows="1" EstimateIO="0.003125" EstimateCPU="0.0001581" AvgRowSize="161" EstimatedTotalSubtreeCost="0.00356327" TableCardinality="1875" Parallel="0" EstimateRebinds="0.24085" EstimateRewinds="0" EstimatedExecutionMode="Row">
                                                    <OutputList>
                                                      <ColumnReference Database="[OurLabReporting]" Schema="[dbo]" Table="[TestpassDefinition]" Alias="[tpd]" Column="Name" />
                                                    </OutputList>
                                                    <IndexScan Ordered="1" ScanDirection="FORWARD" ForcedIndex="0" ForceSeek="0" ForceScan="0" NoExpandHint="0" Storage="RowStore">
                                                      <DefinedValues>
                                                        <DefinedValue>
                                                          <ColumnReference Database="[OurLabReporting]" Schema="[dbo]" Table="[TestpassDefinition]" Alias="[tpd]" Column="Name" />
                                                        </DefinedValue>
                                                      </DefinedValues>
                                                      <Object Database="[OurLabReporting]" Schema="[dbo]" Table="[TestpassDefinition]" Index="[PK_TestpassDefinition]" Alias="[tpd]" IndexKind="Clustered" />
                                                      <SeekPredicates>
                                                        <SeekPredicateNew>
                                                          <SeekKeys>
                                                            <Prefix ScanType="EQ">
                                                              <RangeColumns>
                                                                <ColumnReference Database="[OurLabReporting]" Schema="[dbo]" Table="[TestpassDefinition]" Alias="[tpd]" Column="Id" />
                                                              </RangeColumns>
                                                              <RangeExpressions>
                                                                <ScalarOperator ScalarString="[OurLabReporting].[dbo].[Testpass].[TestpassDefinitionId] as [tp].[TestpassDefinitionId]">
                                                                  <Identifier>
                                                                    <ColumnReference Database="[OurLabReporting]" Schema="[dbo]" Table="[Testpass]" Alias="[tp]" Column="TestpassDefinitionId" />
                                                                  </Identifier>
                                                                </ScalarOperator>
                                                              </RangeExpressions>
                                                            </Prefix>
                                                          </SeekKeys>
                                                        </SeekPredicateNew>
                                                      </SeekPredicates>
                                                    </IndexScan>
                                                  </RelOp>
                                                </NestedLoops>
                                              </RelOp>
                                            </ComputeScalar>
                                          </RelOp>
                                          <ParameterList>
                                            <ColumnReference Column="@ElementId" ParameterCompiledValue="(12456405)" />
                                          </ParameterList>
                                        </QueryPlan>
                                      </StmtSimple>
                                    </Statements>
                                  </Then>
                                  <Else>
                                    <Statements>
                                      <StmtCond StatementText="&#x9;END&#xD;&#xA;&#x9;ELSE IF (@ElementType = 'Role')&#xD;&#xA;" StatementId="12" StatementCompId="138" StatementType="COND" RetrievedFromCache="true">
                                        <Condition />
                                        <Then>
                                          <Statements>
                                            <StmtSimple StatementText="&#x9;BEGIN&#xD;&#xA;&#x9;&#x9;SELECT @TestpassList = COALESCE(@TestpassList + '($$)', '') &#xD;&#xA;&#x9;&#x9;&#x9;&#x9;&#x9;&#x9;+ tpd.Name + '.' + tp.UniqueKey &#xD;&#xA;&#x9;&#x9;&#x9;&#x9;&#x9;&#x9;+ '($)' + CAST(tp.Id AS NVARCHAR)&#xD;&#xA;&#x9;&#x9;FROM dbo.TestpassDefinition(NOLOCK) as tpd &#xD;&#xA;&#x9;&#x9;&#x9;INNER JOIN dbo.Testpass(NOLOCK) as tp ON tp.TestpassDefinitionId = tpd.Id&#xD;&#xA;&#x9;&#x9;&#x9;INNER JOIN dbo.TestpassPackageMapping (NOLOCK) tpMap ON tpMap.TestpassId = tp.Id&#xD;&#xA;&#x9;&#x9;&#x9;INNER JOIN dbo.MachineSet(NOLOCK) ms ON ms.MixId = tpMap.MixId&#xD;&#xA;&#x9;&#x9;&#x9;INNER JOIN dbo.Role(NOLOCK) role ON role.MachineSetId = ms.Id&#xD;&#xA;&#x9;&#x9;WHERE role.Id = @ElementId &#x9;&#x9;&#x9;&#x9;&#xD;&#xA;&#x9;&#xD;&#xA;" StatementId="13" StatementCompId="139" StatementType="SELECT" RetrievedFromCache="true" StatementSubTreeCost="0.0169995" StatementEstRows="1.24085" StatementOptmLevel="FULL" QueryHash="0x11653F77AE81A7E6" QueryPlanHash="0x21480E106585C26F" StatementOptmEarlyAbortReason="GoodEnoughPlanFound">
                                              <StatementSetOptions QUOTED_IDENTIFIER="true" ARITHABORT="true" CONCAT_NULL_YIELDS_NULL="true" ANSI_NULLS="true" ANSI_PADDING="true" ANSI_WARNINGS="true" NUMERIC_ROUNDABORT="false" />
                                              <QueryPlan NonParallelPlanReason="MaxDOPSetToOne" CachedPlanSize="40" CompileTime="15" CompileCPU="15" CompileMemory="1152">
                                                <Warnings>
                                                  <PlanAffectingConvert ConvertIssue="Cardinality Estimate" Expression="CONVERT(nvarchar(30),[tp].[Id],0)" />
                                                </Warnings>
                                                <MemoryGrantInfo SerialRequiredMemory="0" SerialDesiredMemory="0" />
                                                <OptimizerHardwareDependentProperties EstimatedAvailableMemoryGrant="193313" EstimatedPagesCached="773254" EstimatedAvailableDegreeOfParallelism="1" />
                                                <RelOp NodeId="0" PhysicalOp="Compute Scalar" LogicalOp="Compute Scalar" EstimateRows="1.24085" EstimateIO="0" EstimateCPU="1.24085e-007" AvgRowSize="4035" EstimatedTotalSubtreeCost="0.0169995" Parallel="0" EstimateRebinds="0" EstimateRewinds="0" EstimatedExecutionMode="Row">
                                                  <OutputList>
                                                    <ColumnReference Column="Expr1010" />
                                                  </OutputList>
                                                  <ComputeScalar>
                                                    <DefinedValues>
                                                      <DefinedValue>
                                                        <ColumnReference Column="Expr1010" />
                                                        <ScalarOperator ScalarString="CASE WHEN ([@TestpassList]+N'($$)') IS NOT NULL THEN [@TestpassList]+N'($$)' ELSE CONVERT_IMPLICIT(nvarchar(max),'',0) END+[OurLabReporting].[dbo].[TestpassDefinition].[Name] as [tpd].[Name]+N'.'+[OurLabReporting].[dbo].[Testpass].[UniqueKey] as [tp].[UniqueKey]+N'($)'+[Expr1011]">
                                                          <Arithmetic Operation="ADD">
                                                            <ScalarOperator>
                                                              <Arithmetic Operation="ADD">
                                                                <ScalarOperator>
                                                                  <Arithmetic Operation="ADD">
                                                                    <ScalarOperator>
                                                                      <Arithmetic Operation="ADD">
                                                                        <ScalarOperator>
                                                                          <Arithmetic Operation="ADD">
                                                                            <ScalarOperator>
                                                                              <IF>
                                                                                <Condition>
                                                                                  <ScalarOperator>
                                                                                    <Compare CompareOp="IS NOT">
                                                                                      <ScalarOperator>
                                                                                        <Arithmetic Operation="ADD">
                                                                                          <ScalarOperator>
                                                                                            <Identifier>
                                                                                              <ColumnReference Column="@TestpassList" />
                                                                                            </Identifier>
                                                                                          </ScalarOperator>
                                                                                          <ScalarOperator>
                                                                                            <Const ConstValue="N'($$)'" />
                                                                                          </ScalarOperator>
                                                                                        </Arithmetic>
                                                                                      </ScalarOperator>
                                                                                      <ScalarOperator>
                                                                                        <Const ConstValue="NULL" />
                                                                                      </ScalarOperator>
                                                                                    </Compare>
                                                                                  </ScalarOperator>
                                                                                </Condition>
                                                                                <Then>
                                                                                  <ScalarOperator>
                                                                                    <Arithmetic Operation="ADD">
                                                                                      <ScalarOperator>
                                                                                        <Identifier>
                                                                                          <ColumnReference Column="@TestpassList" />
                                                                                        </Identifier>
                                                                                      </ScalarOperator>
                                                                                      <ScalarOperator>
                                                                                        <Const ConstValue="N'($$)'" />
                                                                                      </ScalarOperator>
                                                                                    </Arithmetic>
                                                                                  </ScalarOperator>
                                                                                </Then>
                                                                                <Else>
                                                                                  <ScalarOperator>
                                                                                    <Convert DataType="nvarchar(max)" Length="2147483647" Style="0" Implicit="1">
                                                                                      <ScalarOperator>
                                                                                        <Const ConstValue="''" />
                                                                                      </ScalarOperator>
                                                                                    </Convert>
                                                                                  </ScalarOperator>
                                                                                </Else>
                                                                              </IF>
                                                                            </ScalarOperator>
                                                                            <ScalarOperator>
                                                                              <Identifier>
                                                                                <ColumnReference Database="[OurLabReporting]" Schema="[dbo]" Table="[TestpassDefinition]" Alias="[tpd]" Column="Name" />
                                                                              </Identifier>
                                                                            </ScalarOperator>
                                                                          </Arithmetic>
                                                                        </ScalarOperator>
                                                                        <ScalarOperator>
                                                                          <Const ConstValue="N'.'" />
                                                                        </ScalarOperator>
                                                                      </Arithmetic>
                                                                    </ScalarOperator>
                                                                    <ScalarOperator>
                                                                      <Identifier>
                                                                        <ColumnReference Database="[OurLabReporting]" Schema="[dbo]" Table="[Testpass]" Alias="[tp]" Column="UniqueKey" />
                                                                      </Identifier>
                                                                    </ScalarOperator>
                                                                  </Arithmetic>
                                                                </ScalarOperator>
                                                                <ScalarOperator>
                                                                  <Const ConstValue="N'($)'" />
                                                                </ScalarOperator>
                                                              </Arithmetic>
                                                            </ScalarOperator>
                                                            <ScalarOperator>
                                                              <Identifier>
                                                                <ColumnReference Column="Expr1011" />
                                                              </Identifier>
                                                            </ScalarOperator>
                                                          </Arithmetic>
                                                        </ScalarOperator>
                                                      </DefinedValue>
                                                    </DefinedValues>
                                                    <RelOp NodeId="1" PhysicalOp="Nested Loops" LogicalOp="Inner Join" EstimateRows="1.24085" EstimateIO="0" EstimateCPU="5.18675e-006" AvgRowSize="279" EstimatedTotalSubtreeCost="0.0169994" Parallel="0" EstimateRebinds="0" EstimateRewinds="0" EstimatedExecutionMode="Row">
                                                      <OutputList>
                                                        <ColumnReference Database="[OurLabReporting]" Schema="[dbo]" Table="[TestpassDefinition]" Alias="[tpd]" Column="Name" />
                                                        <ColumnReference Database="[OurLabReporting]" Schema="[dbo]" Table="[Testpass]" Alias="[tp]" Column="UniqueKey" />
                                                        <ColumnReference Column="Expr1011" />
                                                      </OutputList>
                                                      <NestedLoops Optimized="0">
                                                        <OuterReferences>
                                                          <ColumnReference Database="[OurLabReporting]" Schema="[dbo]" Table="[Testpass]" Alias="[tp]" Column="TestpassDefinitionId" />
                                                        </OuterReferences>
                                                        <RelOp NodeId="2" PhysicalOp="Compute Scalar" LogicalOp="Compute Scalar" EstimateRows="1.24085" EstimateIO="0" EstimateCPU="1.24085e-007" AvgRowSize="131" EstimatedTotalSubtreeCost="0.0134309" Parallel="0" EstimateRebinds="0" EstimateRewinds="0" EstimatedExecutionMode="Row">
                                                          <OutputList>
                                                            <ColumnReference Database="[OurLabReporting]" Schema="[dbo]" Table="[Testpass]" Alias="[tp]" Column="TestpassDefinitionId" />
                                                            <ColumnReference Database="[OurLabReporting]" Schema="[dbo]" Table="[Testpass]" Alias="[tp]" Column="UniqueKey" />
                                                            <ColumnReference Column="Expr1011" />
                                                          </OutputList>
                                                          <ComputeScalar>
                                                            <DefinedValues>
                                                              <DefinedValue>
                                                                <ColumnReference Column="Expr1011" />
                                                                <ScalarOperator ScalarString="CONVERT(nvarchar(30),[OurLabReporting].[dbo].[Testpass].[Id] as [tp].[Id],0)">
                                                                  <Convert DataType="nvarchar" Length="60" Style="0" Implicit="0">
                                                                    <ScalarOperator>
                                                                      <Identifier>
                                                                        <ColumnReference Database="[OurLabReporting]" Schema="[dbo]" Table="[Testpass]" Alias="[tp]" Column="Id" />
                                                                      </Identifier>
                                                                    </ScalarOperator>
                                                                  </Convert>
                                                                </ScalarOperator>
                                                              </DefinedValue>
                                                            </DefinedValues>
                                                            <RelOp NodeId="3" PhysicalOp="Nested Loops" LogicalOp="Inner Join" EstimateRows="1.24085" EstimateIO="0" EstimateCPU="5.18675e-006" AvgRowSize="129" EstimatedTotalSubtreeCost="0.0134308" Parallel="0" EstimateRebinds="0" EstimateRewinds="0" EstimatedExecutionMode="Row">
                                                              <OutputList>
                                                                <ColumnReference Database="[OurLabReporting]" Schema="[dbo]" Table="[Testpass]" Alias="[tp]" Column="Id" />
                                                                <ColumnReference Database="[OurLabReporting]" Schema="[dbo]" Table="[Testpass]" Alias="[tp]" Column="TestpassDefinitionId" />
                                                                <ColumnReference Database="[OurLabReporting]" Schema="[dbo]" Table="[Testpass]" Alias="[tp]" Column="UniqueKey" />
                                                              </OutputList>
                                                              <NestedLoops Optimized="0">
                                                                <OuterReferences>
                                                                  <ColumnReference Database="[OurLabReporting]" Schema="[dbo]" Table="[TestpassPackageMapping]" Alias="[tpMap]" Column="TestpassId" />
                                                                </OuterReferences>
                                                                <RelOp NodeId="4" PhysicalOp="Nested Loops" LogicalOp="Inner Join" EstimateRows="1.24085" EstimateIO="0" EstimateCPU="5.18675e-006" AvgRowSize="11" EstimatedTotalSubtreeCost="0.00985893" Parallel="0" EstimateRebinds="0" EstimateRewinds="0" EstimatedExecutionMode="Row">
                                                                  <OutputList>
                                                                    <ColumnReference Database="[OurLabReporting]" Schema="[dbo]" Table="[TestpassPackageMapping]" Alias="[tpMap]" Column="TestpassId" />
                                                                  </OutputList>
                                                                  <NestedLoops Optimized="0">
                                                                    <OuterReferences>
                                                                      <ColumnReference Database="[OurLabReporting]" Schema="[dbo]" Table="[MachineSet]" Alias="[ms]" Column="MixId" />
                                                                    </OuterReferences>
                                                                    <RelOp NodeId="5" PhysicalOp="Nested Loops" LogicalOp="Inner Join" EstimateRows="1" EstimateIO="0" EstimateCPU="4.18e-006" AvgRowSize="11" EstimatedTotalSubtreeCost="0.00657038" Parallel="0" EstimateRebinds="0" EstimateRewinds="0" EstimatedExecutionMode="Row">
                                                                      <OutputList>
                                                                        <ColumnReference Database="[OurLabReporting]" Schema="[dbo]" Table="[MachineSet]" Alias="[ms]" Column="MixId" />
                                                                      </OutputList>
                                                                      <NestedLoops Optimized="0">
                                                                        <OuterReferences>
                                                                          <ColumnReference Database="[OurLabReporting]" Schema="[dbo]" Table="[Role]" Alias="[role]" Column="MachineSetId" />
                                                                        </OuterReferences>
                                                                        <RelOp NodeId="6" PhysicalOp="Clustered Index Seek" LogicalOp="Clustered Index Seek" EstimateRows="1" EstimateIO="0.003125" EstimateCPU="0.0001581" AvgRowSize="11" EstimatedTotalSubtreeCost="0.0032831" TableCardinality="1.2143e+007" Parallel="0" EstimateRebinds="0" EstimateRewinds="0" EstimatedExecutionMode="Row">
                                                                          <OutputList>
                                                                            <ColumnReference Database="[OurLabReporting]" Schema="[dbo]" Table="[Role]" Alias="[role]" Column="MachineSetId" />
                                                                          </OutputList>
                                                                          <IndexScan Ordered="1" ScanDirection="FORWARD" ForcedIndex="0" ForceSeek="0" ForceScan="0" NoExpandHint="0" Storage="RowStore">
                                                                            <DefinedValues>
                                                                              <DefinedValue>
                                                                                <ColumnReference Database="[OurLabReporting]" Schema="[dbo]" Table="[Role]" Alias="[role]" Column="MachineSetId" />
                                                                              </DefinedValue>
                                                                            </DefinedValues>
                                                                            <Object Database="[OurLabReporting]" Schema="[dbo]" Table="[Role]" Index="[Role_PK]" Alias="[role]" IndexKind="Clustered" />
                                                                            <SeekPredicates>
                                                                              <SeekPredicateNew>
                                                                                <SeekKeys>
                                                                                  <Prefix ScanType="EQ">
                                                                                    <RangeColumns>
                                                                                      <ColumnReference Database="[OurLabReporting]" Schema="[dbo]" Table="[Role]" Alias="[role]" Column="Id" />
                                                                                    </RangeColumns>
                                                                                    <RangeExpressions>
                                                                                      <ScalarOperator ScalarString="[@ElementId]">
                                                                                        <Identifier>
                                                                                          <ColumnReference Column="@ElementId" />
                                                                                        </Identifier>
                                                                                      </ScalarOperator>
                                                                                    </RangeExpressions>
                                                                                  </Prefix>
                                                                                </SeekKeys>
                                                                              </SeekPredicateNew>
                                                                            </SeekPredicates>
                                                                          </IndexScan>
                                                                        </RelOp>
                                                                        <RelOp NodeId="7" PhysicalOp="Clustered Index Seek" LogicalOp="Clustered Index Seek" EstimateRows="1" EstimateIO="0.003125" EstimateCPU="0.0001581" AvgRowSize="11" EstimatedTotalSubtreeCost="0.0032831" TableCardinality="1.23247e+007" Parallel="0" EstimateRebinds="0" EstimateRewinds="0" EstimatedExecutionMode="Row">
                                                                          <OutputList>
                                                                            <ColumnReference Database="[OurLabReporting]" Schema="[dbo]" Table="[MachineSet]" Alias="[ms]" Column="MixId" />
                                                                          </OutputList>
                                                                          <IndexScan Ordered="1" ScanDirection="FORWARD" ForcedIndex="0" ForceSeek="0" ForceScan="0" NoExpandHint="0" Storage="RowStore">
                                                                            <DefinedValues>
                                                                              <DefinedValue>
                                                                                <ColumnReference Database="[OurLabReporting]" Schema="[dbo]" Table="[MachineSet]" Alias="[ms]" Column="MixId" />
                                                                              </DefinedValue>
                                                                            </DefinedValues>
                                                                            <Object Database="[OurLabReporting]" Schema="[dbo]" Table="[MachineSet]" Index="[MachineSet_PK]" Alias="[ms]" IndexKind="Clustered" />
                                                                            <SeekPredicates>
                                                                              <SeekPredicateNew>
                                                                                <SeekKeys>
                                                                                  <Prefix ScanType="EQ">
                                                                                    <RangeColumns>
                                                                                      <ColumnReference Database="[OurLabReporting]" Schema="[dbo]" Table="[MachineSet]" Alias="[ms]" Column="Id" />
                                                                                    </RangeColumns>
                                                                                    <RangeExpressions>
                                                                                      <ScalarOperator ScalarString="[OurLabReporting].[dbo].[Role].[MachineSetId] as [role].[MachineSetId]">
                                                                                        <Identifier>
                                                                                          <ColumnReference Database="[OurLabReporting]" Schema="[dbo]" Table="[Role]" Alias="[role]" Column="MachineSetId" />
                                                                                        </Identifier>
                                                                                      </ScalarOperator>
                                                                                    </RangeExpressions>
                                                                                  </Prefix>
                                                                                </SeekKeys>
                                                                              </SeekPredicateNew>
                                                                            </SeekPredicates>
                                                                          </IndexScan>
                                                                        </RelOp>
                                                                      </NestedLoops>
                                                                    </RelOp>
                                                                    <RelOp NodeId="8" PhysicalOp="Clustered Index Seek" LogicalOp="Clustered Index Seek" EstimateRows="1.24085" EstimateIO="0.003125" EstimateCPU="0.000158365" AvgRowSize="11" EstimatedTotalSubtreeCost="0.00328336" TableCardinality="1.48174e+006" Parallel="0" EstimateRebinds="0" EstimateRewinds="0" EstimatedExecutionMode="Row">
                                                                      <OutputList>
                                                                        <ColumnReference Database="[OurLabReporting]" Schema="[dbo]" Table="[TestpassPackageMapping]" Alias="[tpMap]" Column="TestpassId" />
                                                                      </OutputList>
                                                                      <IndexScan Ordered="1" ScanDirection="FORWARD" ForcedIndex="0" ForceSeek="0" ForceScan="0" NoExpandHint="0" Storage="RowStore">
                                                                        <DefinedValues>
                                                                          <DefinedValue>
                                                                            <ColumnReference Database="[OurLabReporting]" Schema="[dbo]" Table="[TestpassPackageMapping]" Alias="[tpMap]" Column="TestpassId" />
                                                                          </DefinedValue>
                                                                        </DefinedValues>
                                                                        <Object Database="[OurLabReporting]" Schema="[dbo]" Table="[TestpassPackageMapping]" Index="[PK_TestpassPackageMapping]" Alias="[tpMap]" IndexKind="Clustered" />
                                                                        <SeekPredicates>
                                                                          <SeekPredicateNew>
                                                                            <SeekKeys>
                                                                              <Prefix ScanType="EQ">
                                                                                <RangeColumns>
                                                                                  <ColumnReference Database="[OurLabReporting]" Schema="[dbo]" Table="[TestpassPackageMapping]" Alias="[tpMap]" Column="MixId" />
                                                                                </RangeColumns>
                                                                                <RangeExpressions>
                                                                                  <ScalarOperator ScalarString="[OurLabReporting].[dbo].[MachineSet].[MixId] as [ms].[MixId]">
                                                                                    <Identifier>
                                                                                      <ColumnReference Database="[OurLabReporting]" Schema="[dbo]" Table="[MachineSet]" Alias="[ms]" Column="MixId" />
                                                                                    </Identifier>
                                                                                  </ScalarOperator>
                                                                                </RangeExpressions>
                                                                              </Prefix>
                                                                            </SeekKeys>
                                                                          </SeekPredicateNew>
                                                                        </SeekPredicates>
                                                                      </IndexScan>
                                                                    </RelOp>
                                                                  </NestedLoops>
                                                                </RelOp>
                                                                <RelOp NodeId="9" PhysicalOp="Clustered Index Seek" LogicalOp="Clustered Index Seek" EstimateRows="1" EstimateIO="0.003125" EstimateCPU="0.0001581" AvgRowSize="129" EstimatedTotalSubtreeCost="0.0035667" TableCardinality="1.41186e+006" Parallel="0" EstimateRebinds="0.24085" EstimateRewinds="0" EstimatedExecutionMode="Row">
                                                                  <OutputList>
                                                                    <ColumnReference Database="[OurLabReporting]" Schema="[dbo]" Table="[Testpass]" Alias="[tp]" Column="Id" />
                                                                    <ColumnReference Database="[OurLabReporting]" Schema="[dbo]" Table="[Testpass]" Alias="[tp]" Column="TestpassDefinitionId" />
                                                                    <ColumnReference Database="[OurLabReporting]" Schema="[dbo]" Table="[Testpass]" Alias="[tp]" Column="UniqueKey" />
                                                                  </OutputList>
                                                                  <IndexScan Ordered="1" ScanDirection="FORWARD" ForcedIndex="0" ForceSeek="0" ForceScan="0" NoExpandHint="0" Storage="RowStore">
                                                                    <DefinedValues>
                                                                      <DefinedValue>
                                                                        <ColumnReference Database="[OurLabReporting]" Schema="[dbo]" Table="[Testpass]" Alias="[tp]" Column="Id" />
                                                                      </DefinedValue>
                                                                      <DefinedValue>
                                                                        <ColumnReference Database="[OurLabReporting]" Schema="[dbo]" Table="[Testpass]" Alias="[tp]" Column="TestpassDefinitionId" />
                                                                      </DefinedValue>
                                                                      <DefinedValue>
                                                                        <ColumnReference Database="[OurLabReporting]" Schema="[dbo]" Table="[Testpass]" Alias="[tp]" Column="UniqueKey" />
                                                                      </DefinedValue>
                                                                    </DefinedValues>
                                                                    <Object Database="[OurLabReporting]" Schema="[dbo]" Table="[Testpass]" Index="[Testpass_PK]" Alias="[tp]" IndexKind="Clustered" />
                                                                    <SeekPredicates>
                                                                      <SeekPredicateNew>
                                                                        <SeekKeys>
                                                                          <Prefix ScanType="EQ">
                                                                            <RangeColumns>
                                                                              <ColumnReference Database="[OurLabReporting]" Schema="[dbo]" Table="[Testpass]" Alias="[tp]" Column="Id" />
                                                                            </RangeColumns>
                                                                            <RangeExpressions>
                                                                              <ScalarOperator ScalarString="[OurLabReporting].[dbo].[TestpassPackageMapping].[TestpassId] as [tpMap].[TestpassId]">
                                                                                <Identifier>
                                                                                  <ColumnReference Database="[OurLabReporting]" Schema="[dbo]" Table="[TestpassPackageMapping]" Alias="[tpMap]" Column="TestpassId" />
                                                                                </Identifier>
                                                                              </ScalarOperator>
                                                                            </RangeExpressions>
                                                                          </Prefix>
                                                                        </SeekKeys>
                                                                      </SeekPredicateNew>
                                                                    </SeekPredicates>
                                                                  </IndexScan>
                                                                </RelOp>
                                                              </NestedLoops>
                                                            </RelOp>
                                                          </ComputeScalar>
                                                        </RelOp>
                                                        <RelOp NodeId="13" PhysicalOp="Clustered Index Seek" LogicalOp="Clustered Index Seek" EstimateRows="1" EstimateIO="0.003125" EstimateCPU="0.0001581" AvgRowSize="161" EstimatedTotalSubtreeCost="0.00356327" TableCardinality="1875" Parallel="0" EstimateRebinds="0.24085" EstimateRewinds="0" EstimatedExecutionMode="Row">
                                                          <OutputList>
                                                            <ColumnReference Database="[OurLabReporting]" Schema="[dbo]" Table="[TestpassDefinition]" Alias="[tpd]" Column="Name" />
                                                          </OutputList>
                                                          <IndexScan Ordered="1" ScanDirection="FORWARD" ForcedIndex="0" ForceSeek="0" ForceScan="0" NoExpandHint="0" Storage="RowStore">
                                                            <DefinedValues>
                                                              <DefinedValue>
                                                                <ColumnReference Database="[OurLabReporting]" Schema="[dbo]" Table="[TestpassDefinition]" Alias="[tpd]" Column="Name" />
                                                              </DefinedValue>
                                                            </DefinedValues>
                                                            <Object Database="[OurLabReporting]" Schema="[dbo]" Table="[TestpassDefinition]" Index="[PK_TestpassDefinition]" Alias="[tpd]" IndexKind="Clustered" />
                                                            <SeekPredicates>
                                                              <SeekPredicateNew>
                                                                <SeekKeys>
                                                                  <Prefix ScanType="EQ">
                                                                    <RangeColumns>
                                                                      <ColumnReference Database="[OurLabReporting]" Schema="[dbo]" Table="[TestpassDefinition]" Alias="[tpd]" Column="Id" />
                                                                    </RangeColumns>
                                                                    <RangeExpressions>
                                                                      <ScalarOperator ScalarString="[OurLabReporting].[dbo].[Testpass].[TestpassDefinitionId] as [tp].[TestpassDefinitionId]">
                                                                        <Identifier>
                                                                          <ColumnReference Database="[OurLabReporting]" Schema="[dbo]" Table="[Testpass]" Alias="[tp]" Column="TestpassDefinitionId" />
                                                                        </Identifier>
                                                                      </ScalarOperator>
                                                                    </RangeExpressions>
                                                                  </Prefix>
                                                                </SeekKeys>
                                                              </SeekPredicateNew>
                                                            </SeekPredicates>
                                                          </IndexScan>
                                                        </RelOp>
                                                      </NestedLoops>
                                                    </RelOp>
                                                  </ComputeScalar>
                                                </RelOp>
                                                <ParameterList>
                                                  <ColumnReference Column="@ElementId" ParameterCompiledValue="(12456405)" />
                                                </ParameterList>
                                              </QueryPlan>
                                            </StmtSimple>
                                          </Statements>
                                        </Then>
                                        <Else>
                                          <Statements>
                                            <StmtCond StatementText="&#x9;END&#xD;&#xA;&#x9;ELSE IF (@ElementType = 'TEU')&#xD;&#xA;" StatementId="14" StatementCompId="142" StatementType="COND" RetrievedFromCache="true">
                                              <Condition />
                                              <Then>
                                                <Statements>
                                                  <StmtSimple StatementText="&#x9;BEGIN&#xD;&#xA;&#x9;&#x9;SELECT @TestpassList = COALESCE(@TestpassList + '($$)', '') &#xD;&#xA;&#x9;&#x9;&#x9;&#x9;&#x9;&#x9;+ tpd.Name + '.' + tp.UniqueKey &#xD;&#xA;&#x9;&#x9;&#x9;&#x9;&#x9;&#x9;+ '($)' + CAST(tp.Id AS NVARCHAR)&#xD;&#xA;&#x9;&#x9;FROM dbo.TestpassDefinition(NOLOCK) as tpd &#xD;&#xA;&#x9;&#x9;&#x9;INNER JOIN dbo.Testpass(NOLOCK) as tp ON tp.TestpassDefinitionId = tpd.Id&#xD;&#xA;&#x9;&#x9;&#x9;INNER JOIN dbo.TestpassPackageMapping (NOLOCK) tpMap ON tpMap.TestpassId = tp.Id&#xD;&#xA;&#x9;&#x9;&#x9;INNER JOIN dbo.TEU(NOLOCK) teu ON teu.MixId = tpMap.MixId&#xD;&#xA;&#x9;&#x9;WHERE teu.Id = @ElementId &#x9;&#x9;&#xD;&#xA;" StatementId="15" StatementCompId="143" StatementType="SELECT" RetrievedFromCache="true" StatementSubTreeCost="0.0137123" StatementEstRows="1.24085" StatementOptmLevel="FULL" QueryHash="0x137DF939AD1DE455" QueryPlanHash="0x64FA2DA39D2EBCAA" StatementOptmEarlyAbortReason="GoodEnoughPlanFound">
                                                    <StatementSetOptions QUOTED_IDENTIFIER="true" ARITHABORT="true" CONCAT_NULL_YIELDS_NULL="true" ANSI_NULLS="true" ANSI_PADDING="true" ANSI_WARNINGS="true" NUMERIC_ROUNDABORT="false" />
                                                    <QueryPlan NonParallelPlanReason="MaxDOPSetToOne" CachedPlanSize="40" CompileTime="13" CompileCPU="13" CompileMemory="1096">
                                                      <Warnings>
                                                        <PlanAffectingConvert ConvertIssue="Cardinality Estimate" Expression="CONVERT(nvarchar(30),[tp].[Id],0)" />
                                                      </Warnings>
                                                      <MemoryGrantInfo SerialRequiredMemory="0" SerialDesiredMemory="0" />
                                                      <OptimizerHardwareDependentProperties EstimatedAvailableMemoryGrant="193313" EstimatedPagesCached="773254" EstimatedAvailableDegreeOfParallelism="1" />
                                                      <RelOp NodeId="0" PhysicalOp="Compute Scalar" LogicalOp="Compute Scalar" EstimateRows="1.24085" EstimateIO="0" EstimateCPU="1.24085e-007" AvgRowSize="4035" EstimatedTotalSubtreeCost="0.0137123" Parallel="0" EstimateRebinds="0" EstimateRewinds="0" EstimatedExecutionMode="Row">
                                                        <OutputList>
                                                          <ColumnReference Column="Expr1008" />
                                                        </OutputList>
                                                        <ComputeScalar>
                                                          <DefinedValues>
                                                            <DefinedValue>
                                                              <ColumnReference Column="Expr1008" />
                                                              <ScalarOperator ScalarString="CASE WHEN ([@TestpassList]+N'($$)') IS NOT NULL THEN [@TestpassList]+N'($$)' ELSE CONVERT_IMPLICIT(nvarchar(max),'',0) END+[OurLabReporting].[dbo].[TestpassDefinition].[Name] as [tpd].[Name]+N'.'+[OurLabReporting].[dbo].[Testpass].[UniqueKey] as [tp].[UniqueKey]+N'($)'+[Expr1009]">
                                                                <Arithmetic Operation="ADD">
                                                                  <ScalarOperator>
                                                                    <Arithmetic Operation="ADD">
                                                                      <ScalarOperator>
                                                                        <Arithmetic Operation="ADD">
                                                                          <ScalarOperator>
                                                                            <Arithmetic Operation="ADD">
                                                                              <ScalarOperator>
                                                                                <Arithmetic Operation="ADD">
                                                                                  <ScalarOperator>
                                                                                    <IF>
                                                                                      <Condition>
                                                                                        <ScalarOperator>
                                                                                          <Compare CompareOp="IS NOT">
                                                                                            <ScalarOperator>
                                                                                              <Arithmetic Operation="ADD">
                                                                                                <ScalarOperator>
                                                                                                  <Identifier>
                                                                                                    <ColumnReference Column="@TestpassList" />
                                                                                                  </Identifier>
                                                                                                </ScalarOperator>
                                                                                                <ScalarOperator>
                                                                                                  <Const ConstValue="N'($$)'" />
                                                                                                </ScalarOperator>
                                                                                              </Arithmetic>
                                                                                            </ScalarOperator>
                                                                                            <ScalarOperator>
                                                                                              <Const ConstValue="NULL" />
                                                                                            </ScalarOperator>
                                                                                          </Compare>
                                                                                        </ScalarOperator>
                                                                                      </Condition>
                                                                                      <Then>
                                                                                        <ScalarOperator>
                                                                                          <Arithmetic Operation="ADD">
                                                                                            <ScalarOperator>
                                                                                              <Identifier>
                                                                                                <ColumnReference Column="@TestpassList" />
                                                                                              </Identifier>
                                                                                            </ScalarOperator>
                                                                                            <ScalarOperator>
                                                                                              <Const ConstValue="N'($$)'" />
                                                                                            </ScalarOperator>
                                                                                          </Arithmetic>
                                                                                        </ScalarOperator>
                                                                                      </Then>
                                                                                      <Else>
                                                                                        <ScalarOperator>
                                                                                          <Convert DataType="nvarchar(max)" Length="2147483647" Style="0" Implicit="1">
                                                                                            <ScalarOperator>
                                                                                              <Const ConstValue="''" />
                                                                                            </ScalarOperator>
                                                                                          </Convert>
                                                                                        </ScalarOperator>
                                                                                      </Else>
                                                                                    </IF>
                                                                                  </ScalarOperator>
                                                                                  <ScalarOperator>
                                                                                    <Identifier>
                                                                                      <ColumnReference Database="[OurLabReporting]" Schema="[dbo]" Table="[TestpassDefinition]" Alias="[tpd]" Column="Name" />
                                                                                    </Identifier>
                                                                                  </ScalarOperator>
                                                                                </Arithmetic>
                                                                              </ScalarOperator>
                                                                              <ScalarOperator>
                                                                                <Const ConstValue="N'.'" />
                                                                              </ScalarOperator>
                                                                            </Arithmetic>
                                                                          </ScalarOperator>
                                                                          <ScalarOperator>
                                                                            <Identifier>
                                                                              <ColumnReference Database="[OurLabReporting]" Schema="[dbo]" Table="[Testpass]" Alias="[tp]" Column="UniqueKey" />
                                                                            </Identifier>
                                                                          </ScalarOperator>
                                                                        </Arithmetic>
                                                                      </ScalarOperator>
                                                                      <ScalarOperator>
                                                                        <Const ConstValue="N'($)'" />
                                                                      </ScalarOperator>
                                                                    </Arithmetic>
                                                                  </ScalarOperator>
                                                                  <ScalarOperator>
                                                                    <Identifier>
                                                                      <ColumnReference Column="Expr1009" />
                                                                    </Identifier>
                                                                  </ScalarOperator>
                                                                </Arithmetic>
                                                              </ScalarOperator>
                                                            </DefinedValue>
                                                          </DefinedValues>
                                                          <RelOp NodeId="1" PhysicalOp="Nested Loops" LogicalOp="Inner Join" EstimateRows="1.24085" EstimateIO="0" EstimateCPU="5.18675e-006" AvgRowSize="279" EstimatedTotalSubtreeCost="0.0137121" Parallel="0" EstimateRebinds="0" EstimateRewinds="0" EstimatedExecutionMode="Row">
                                                            <OutputList>
                                                              <ColumnReference Database="[OurLabReporting]" Schema="[dbo]" Table="[TestpassDefinition]" Alias="[tpd]" Column="Name" />
                                                              <ColumnReference Database="[OurLabReporting]" Schema="[dbo]" Table="[Testpass]" Alias="[tp]" Column="UniqueKey" />
                                                              <ColumnReference Column="Expr1009" />
                                                            </OutputList>
                                                            <NestedLoops Optimized="0">
                                                              <OuterReferences>
                                                                <ColumnReference Database="[OurLabReporting]" Schema="[dbo]" Table="[Testpass]" Alias="[tp]" Column="TestpassDefinitionId" />
                                                              </OuterReferences>
                                                              <RelOp NodeId="2" PhysicalOp="Compute Scalar" LogicalOp="Compute Scalar" EstimateRows="1.24085" EstimateIO="0" EstimateCPU="1.24085e-007" AvgRowSize="131" EstimatedTotalSubtreeCost="0.0101437" Parallel="0" EstimateRebinds="0" EstimateRewinds="0" EstimatedExecutionMode="Row">
                                                                <OutputList>
                                                                  <ColumnReference Database="[OurLabReporting]" Schema="[dbo]" Table="[Testpass]" Alias="[tp]" Column="TestpassDefinitionId" />
                                                                  <ColumnReference Database="[OurLabReporting]" Schema="[dbo]" Table="[Testpass]" Alias="[tp]" Column="UniqueKey" />
                                                                  <ColumnReference Column="Expr1009" />
                                                                </OutputList>
                                                                <ComputeScalar>
                                                                  <DefinedValues>
                                                                    <DefinedValue>
                                                                      <ColumnReference Column="Expr1009" />
                                                                      <ScalarOperator ScalarString="CONVERT(nvarchar(30),[OurLabReporting].[dbo].[Testpass].[Id] as [tp].[Id],0)">
                                                                        <Convert DataType="nvarchar" Length="60" Style="0" Implicit="0">
                                                                          <ScalarOperator>
                                                                            <Identifier>
                                                                              <ColumnReference Database="[OurLabReporting]" Schema="[dbo]" Table="[Testpass]" Alias="[tp]" Column="Id" />
                                                                            </Identifier>
                                                                          </ScalarOperator>
                                                                        </Convert>
                                                                      </ScalarOperator>
                                                                    </DefinedValue>
                                                                  </DefinedValues>
                                                                  <RelOp NodeId="3" PhysicalOp="Nested Loops" LogicalOp="Inner Join" EstimateRows="1.24085" EstimateIO="0" EstimateCPU="5.18675e-006" AvgRowSize="129" EstimatedTotalSubtreeCost="0.0101435" Parallel="0" EstimateRebinds="0" EstimateRewinds="0" EstimatedExecutionMode="Row">
                                                                    <OutputList>
                                                                      <ColumnReference Database="[OurLabReporting]" Schema="[dbo]" Table="[Testpass]" Alias="[tp]" Column="Id" />
                                                                      <ColumnReference Database="[OurLabReporting]" Schema="[dbo]" Table="[Testpass]" Alias="[tp]" Column="TestpassDefinitionId" />
                                                                      <ColumnReference Database="[OurLabReporting]" Schema="[dbo]" Table="[Testpass]" Alias="[tp]" Column="UniqueKey" />
                                                                    </OutputList>
                                                                    <NestedLoops Optimized="0">
                                                                      <OuterReferences>
                                                                        <ColumnReference Database="[OurLabReporting]" Schema="[dbo]" Table="[TestpassPackageMapping]" Alias="[tpMap]" Column="TestpassId" />
                                                                      </OuterReferences>
                                                                      <RelOp NodeId="4" PhysicalOp="Nested Loops" LogicalOp="Inner Join" EstimateRows="1.24085" EstimateIO="0" EstimateCPU="5.18675e-006" AvgRowSize="11" EstimatedTotalSubtreeCost="0.00657165" Parallel="0" EstimateRebinds="0" EstimateRewinds="0" EstimatedExecutionMode="Row">
                                                                        <OutputList>
                                                                          <ColumnReference Database="[OurLabReporting]" Schema="[dbo]" Table="[TestpassPackageMapping]" Alias="[tpMap]" Column="TestpassId" />
                                                                        </OutputList>
                                                                        <NestedLoops Optimized="0">
                                                                          <OuterReferences>
                                                                            <ColumnReference Database="[OurLabReporting]" Schema="[dbo]" Table="[TEU]" Alias="[teu]" Column="MixId" />
                                                                          </OuterReferences>
                                                                          <RelOp NodeId="5" PhysicalOp="Clustered Index Seek" LogicalOp="Clustered Index Seek" EstimateRows="1" EstimateIO="0.003125" EstimateCPU="0.0001581" AvgRowSize="11" EstimatedTotalSubtreeCost="0.0032831" TableCardinality="4.12024e+007" Parallel="0" EstimateRebinds="0" EstimateRewinds="0" EstimatedExecutionMode="Row">
                                                                            <OutputList>
                                                                              <ColumnReference Database="[OurLabReporting]" Schema="[dbo]" Table="[TEU]" Alias="[teu]" Column="MixId" />
                                                                            </OutputList>
                                                                            <IndexScan Ordered="1" ScanDirection="FORWARD" ForcedIndex="0" ForceSeek="0" ForceScan="0" NoExpandHint="0" Storage="RowStore">
                                                                              <DefinedValues>
                                                                                <DefinedValue>
                                                                                  <ColumnReference Database="[OurLabReporting]" Schema="[dbo]" Table="[TEU]" Alias="[teu]" Column="MixId" />
                                                                                </DefinedValue>
                                                                              </DefinedValues>
                                                                              <Object Database="[OurLabReporting]" Schema="[dbo]" Table="[TEU]" Index="[Teu_PK]" Alias="[teu]" IndexKind="Clustered" />
                                                                              <SeekPredicates>
                                                                                <SeekPredicateNew>
                                                                                  <SeekKeys>
                                                                                    <Prefix ScanType="EQ">
                                                                                      <RangeColumns>
                                                                                        <ColumnReference Database="[OurLabReporting]" Schema="[dbo]" Table="[TEU]" Alias="[teu]" Column="Id" />
                                                                                      </RangeColumns>
                                                                                      <RangeExpressions>
                                                                                        <ScalarOperator ScalarString="[@ElementId]">
                                                                                          <Identifier>
                                                                                            <ColumnReference Column="@ElementId" />
                                                                                          </Identifier>
                                                                                        </ScalarOperator>
                                                                                      </RangeExpressions>
                                                                                    </Prefix>
                                                                                  </SeekKeys>
                                                                                </SeekPredicateNew>
                                                                              </SeekPredicates>
                                                                            </IndexScan>
                                                                          </RelOp>
                                                                          <RelOp NodeId="6" PhysicalOp="Clustered Index Seek" LogicalOp="Clustered Index Seek" EstimateRows="1.24085" EstimateIO="0.003125" EstimateCPU="0.000158365" AvgRowSize="11" EstimatedTotalSubtreeCost="0.00328336" TableCardinality="1.48174e+006" Parallel="0" EstimateRebinds="0" EstimateRewinds="0" EstimatedExecutionMode="Row">
                                                                            <OutputList>
                                                                              <ColumnReference Database="[OurLabReporting]" Schema="[dbo]" Table="[TestpassPackageMapping]" Alias="[tpMap]" Column="TestpassId" />
                                                                            </OutputList>
                                                                            <IndexScan Ordered="1" ScanDirection="FORWARD" ForcedIndex="0" ForceSeek="0" ForceScan="0" NoExpandHint="0" Storage="RowStore">
                                                                              <DefinedValues>
                                                                                <DefinedValue>
                                                                                  <ColumnReference Database="[OurLabReporting]" Schema="[dbo]" Table="[TestpassPackageMapping]" Alias="[tpMap]" Column="TestpassId" />
                                                                                </DefinedValue>
                                                                              </DefinedValues>
                                                                              <Object Database="[OurLabReporting]" Schema="[dbo]" Table="[TestpassPackageMapping]" Index="[PK_TestpassPackageMapping]" Alias="[tpMap]" IndexKind="Clustered" />
                                                                              <SeekPredicates>
                                                                                <SeekPredicateNew>
                                                                                  <SeekKeys>
                                                                                    <Prefix ScanType="EQ">
                                                                                      <RangeColumns>
                                                                                        <ColumnReference Database="[OurLabReporting]" Schema="[dbo]" Table="[TestpassPackageMapping]" Alias="[tpMap]" Column="MixId" />
                                                                                      </RangeColumns>
                                                                                      <RangeExpressions>
                                                                                        <ScalarOperator ScalarString="[OurLabReporting].[dbo].[TEU].[MixId] as [teu].[MixId]">
                                                                                          <Identifier>
                                                                                            <ColumnReference Database="[OurLabReporting]" Schema="[dbo]" Table="[TEU]" Alias="[teu]" Column="MixId" />
                                                                                          </Identifier>
                                                                                        </ScalarOperator>
                                                                                      </RangeExpressions>
                                                                                    </Prefix>
                                                                                  </SeekKeys>
                                                                                </SeekPredicateNew>
                                                                              </SeekPredicates>
                                                                            </IndexScan>
                                                                          </RelOp>
                                                                        </NestedLoops>
                                                                      </RelOp>
                                                                      <RelOp NodeId="7" PhysicalOp="Clustered Index Seek" LogicalOp="Clustered Index Seek" EstimateRows="1" EstimateIO="0.003125" EstimateCPU="0.0001581" AvgRowSize="129" EstimatedTotalSubtreeCost="0.0035667" TableCardinality="1.41186e+006" Parallel="0" EstimateRebinds="0.24085" EstimateRewinds="0" EstimatedExecutionMode="Row">
                                                                        <OutputList>
                                                                          <ColumnReference Database="[OurLabReporting]" Schema="[dbo]" Table="[Testpass]" Alias="[tp]" Column="Id" />
                                                                          <ColumnReference Database="[OurLabReporting]" Schema="[dbo]" Table="[Testpass]" Alias="[tp]" Column="TestpassDefinitionId" />
                                                                          <ColumnReference Database="[OurLabReporting]" Schema="[dbo]" Table="[Testpass]" Alias="[tp]" Column="UniqueKey" />
                                                                        </OutputList>
                                                                        <IndexScan Ordered="1" ScanDirection="FORWARD" ForcedIndex="0" ForceSeek="0" ForceScan="0" NoExpandHint="0" Storage="RowStore">
                                                                          <DefinedValues>
                                                                            <DefinedValue>
                                                                              <ColumnReference Database="[OurLabReporting]" Schema="[dbo]" Table="[Testpass]" Alias="[tp]" Column="Id" />
                                                                            </DefinedValue>
                                                                            <DefinedValue>
                                                                              <ColumnReference Database="[OurLabReporting]" Schema="[dbo]" Table="[Testpass]" Alias="[tp]" Column="TestpassDefinitionId" />
                                                                            </DefinedValue>
                                                                            <DefinedValue>
                                                                              <ColumnReference Database="[OurLabReporting]" Schema="[dbo]" Table="[Testpass]" Alias="[tp]" Column="UniqueKey" />
                                                                            </DefinedValue>
                                                                          </DefinedValues>
                                                                          <Object Database="[OurLabReporting]" Schema="[dbo]" Table="[Testpass]" Index="[Testpass_PK]" Alias="[tp]" IndexKind="Clustered" />
                                                                          <SeekPredicates>
                                                                            <SeekPredicateNew>
                                                                              <SeekKeys>
                                                                                <Prefix ScanType="EQ">
                                                                                  <RangeColumns>
                                                                                    <ColumnReference Database="[OurLabReporting]" Schema="[dbo]" Table="[Testpass]" Alias="[tp]" Column="Id" />
                                                                                  </RangeColumns>
                                                                                  <RangeExpressions>
                                                                                    <ScalarOperator ScalarString="[OurLabReporting].[dbo].[TestpassPackageMapping].[TestpassId] as [tpMap].[TestpassId]">
                                                                                      <Identifier>
                                                                                        <ColumnReference Database="[OurLabReporting]" Schema="[dbo]" Table="[TestpassPackageMapping]" Alias="[tpMap]" Column="TestpassId" />
                                                                                      </Identifier>
                                                                                    </ScalarOperator>
                                                                                  </RangeExpressions>
                                                                                </Prefix>
                                                                              </SeekKeys>
                                                                            </SeekPredicateNew>
                                                                          </SeekPredicates>
                                                                        </IndexScan>
                                                                      </RelOp>
                                                                    </NestedLoops>
                                                                  </RelOp>
                                                                </ComputeScalar>
                                                              </RelOp>
                                                              <RelOp NodeId="11" PhysicalOp="Clustered Index Seek" LogicalOp="Clustered Index Seek" EstimateRows="1" EstimateIO="0.003125" EstimateCPU="0.0001581" AvgRowSize="161" EstimatedTotalSubtreeCost="0.00356327" TableCardinality="1875" Parallel="0" EstimateRebinds="0.24085" EstimateRewinds="0" EstimatedExecutionMode="Row">
                                                                <OutputList>
                                                                  <ColumnReference Database="[OurLabReporting]" Schema="[dbo]" Table="[TestpassDefinition]" Alias="[tpd]" Column="Name" />
                                                                </OutputList>
                                                                <IndexScan Ordered="1" ScanDirection="FORWARD" ForcedIndex="0" ForceSeek="0" ForceScan="0" NoExpandHint="0" Storage="RowStore">
                                                                  <DefinedValues>
                                                                    <DefinedValue>
                                                                      <ColumnReference Database="[OurLabReporting]" Schema="[dbo]" Table="[TestpassDefinition]" Alias="[tpd]" Column="Name" />
                                                                    </DefinedValue>
                                                                  </DefinedValues>
                                                                  <Object Database="[OurLabReporting]" Schema="[dbo]" Table="[TestpassDefinition]" Index="[PK_TestpassDefinition]" Alias="[tpd]" IndexKind="Clustered" />
                                                                  <SeekPredicates>
                                                                    <SeekPredicateNew>
                                                                      <SeekKeys>
                                                                        <Prefix ScanType="EQ">
                                                                          <RangeColumns>
                                                                            <ColumnReference Database="[OurLabReporting]" Schema="[dbo]" Table="[TestpassDefinition]" Alias="[tpd]" Column="Id" />
                                                                          </RangeColumns>
                                                                          <RangeExpressions>
                                                                            <ScalarOperator ScalarString="[OurLabReporting].[dbo].[Testpass].[TestpassDefinitionId] as [tp].[TestpassDefinitionId]">
                                                                              <Identifier>
                                                                                <ColumnReference Database="[OurLabReporting]" Schema="[dbo]" Table="[Testpass]" Alias="[tp]" Column="TestpassDefinitionId" />
                                                                              </Identifier>
                                                                            </ScalarOperator>
                                                                          </RangeExpressions>
                                                                        </Prefix>
                                                                      </SeekKeys>
                                                                    </SeekPredicateNew>
                                                                  </SeekPredicates>
                                                                </IndexScan>
                                                              </RelOp>
                                                            </NestedLoops>
                                                          </RelOp>
                                                        </ComputeScalar>
                                                      </RelOp>
                                                      <ParameterList>
                                                        <ColumnReference Column="@ElementId" ParameterCompiledValue="(12456405)" />
                                                      </ParameterList>
                                                    </QueryPlan>
                                                  </StmtSimple>
                                                </Statements>
                                              </Then>
                                              <Else>
                                                <Statements>
                                                  <StmtCond StatementText="&#x9;END&#xD;&#xA;&#x9;ELSE IF (@ElementType = 'Testcase')&#xD;&#xA;" StatementId="16" StatementCompId="146" StatementType="COND" RetrievedFromCache="true">
                                                    <Condition />
                                                    <Then>
                                                      <Statements>
                                                        <StmtSimple StatementText="&#x9;BEGIN&#xD;&#xA;&#x9;&#x9;SELECT @TestpassList = COALESCE(@TestpassList + '($$)', '') &#xD;&#xA;&#x9;&#x9;&#x9;&#x9;&#x9;&#x9;+ tpd.Name + '.' + tp.UniqueKey &#xD;&#xA;&#x9;&#x9;&#x9;&#x9;&#x9;&#x9;+ '($)' + CAST(tp.Id AS NVARCHAR)&#xD;&#xA;&#x9;&#x9;FROM dbo.TestpassDefinition(NOLOCK) as tpd &#xD;&#xA;&#x9;&#x9;&#x9;INNER JOIN dbo.Testpass(NOLOCK) as tp ON tp.TestpassDefinitionId = tpd.Id&#xD;&#xA;&#x9;&#x9;&#x9;INNER JOIN dbo.ScheduleTestpassMapping (NOLOCK) stMap ON stMap.TestpassId = tp.Id&#xD;&#xA;&#x9;&#x9;&#x9;INNER JOIN dbo.TestcaseResult(NOLOCK) tc ON tc.ScheduleId = stMap.ScheduleId&#xD;&#xA;&#x9;&#x9;WHERE tc.Id = @ElementId &#x9;&#x9;&#x9;&#x9;&#xD;&#xA;" StatementId="17" StatementCompId="147" StatementType="SELECT" RetrievedFromCache="true" StatementSubTreeCost="2.64203" StatementEstRows="1.00003" StatementOptmLevel="FULL" QueryHash="0x6310D21F67EA9AB" QueryPlanHash="0x3E8922010943C8A8">
                                                          <StatementSetOptions QUOTED_IDENTIFIER="true" ARITHABORT="true" CONCAT_NULL_YIELDS_NULL="true" ANSI_NULLS="true" ANSI_PADDING="true" ANSI_WARNINGS="true" NUMERIC_ROUNDABORT="false" />
                                                          <QueryPlan NonParallelPlanReason="MaxDOPSetToOne" CachedPlanSize="80" CompileTime="48" CompileCPU="48" CompileMemory="2432">
                                                            <Warnings>
                                                              <PlanAffectingConvert ConvertIssue="Cardinality Estimate" Expression="CONVERT(nvarchar(30),[tp].[Id],0)" />
                                                            </Warnings>
                                                            <MemoryGrantInfo SerialRequiredMemory="0" SerialDesiredMemory="0" />
                                                            <OptimizerHardwareDependentProperties EstimatedAvailableMemoryGrant="193313" EstimatedPagesCached="773254" EstimatedAvailableDegreeOfParallelism="1" />
                                                            <RelOp NodeId="0" PhysicalOp="Compute Scalar" LogicalOp="Compute Scalar" EstimateRows="1.00003" EstimateIO="0" EstimateCPU="1.00003e-007" AvgRowSize="4035" EstimatedTotalSubtreeCost="2.64203" Parallel="0" EstimateRebinds="0" EstimateRewinds="0" EstimatedExecutionMode="Row">
                                                              <OutputList>
                                                                <ColumnReference Column="Expr1010" />
                                                              </OutputList>
                                                              <ComputeScalar>
                                                                <DefinedValues>
                                                                  <DefinedValue>
                                                                    <ColumnReference Column="Expr1010" />
                                                                    <ScalarOperator ScalarString="CASE WHEN ([@TestpassList]+N'($$)') IS NOT NULL THEN [@TestpassList]+N'($$)' ELSE CONVERT_IMPLICIT(nvarchar(max),'',0) END+[OurLabReporting].[dbo].[TestpassDefinition].[Name] as [tpd].[Name]+N'.'+[OurLabReporting].[dbo].[Testpass].[UniqueKey] as [tp].[UniqueKey]+N'($)'+[Expr1011]">
                                                                      <Arithmetic Operation="ADD">
                                                                        <ScalarOperator>
                                                                          <Arithmetic Operation="ADD">
                                                                            <ScalarOperator>
                                                                              <Arithmetic Operation="ADD">
                                                                                <ScalarOperator>
                                                                                  <Arithmetic Operation="ADD">
                                                                                    <ScalarOperator>
                                                                                      <Arithmetic Operation="ADD">
                                                                                        <ScalarOperator>
                                                                                          <IF>
                                                                                            <Condition>
                                                                                              <ScalarOperator>
                                                                                                <Compare CompareOp="IS NOT">
                                                                                                  <ScalarOperator>
                                                                                                    <Arithmetic Operation="ADD">
                                                                                                      <ScalarOperator>
                                                                                                        <Identifier>
                                                                                                          <ColumnReference Column="@TestpassList" />
                                                                                                        </Identifier>
                                                                                                      </ScalarOperator>
                                                                                                      <ScalarOperator>
                                                                                                        <Const ConstValue="N'($$)'" />
                                                                                                      </ScalarOperator>
                                                                                                    </Arithmetic>
                                                                                                  </ScalarOperator>
                                                                                                  <ScalarOperator>
                                                                                                    <Const ConstValue="NULL" />
                                                                                                  </ScalarOperator>
                                                                                                </Compare>
                                                                                              </ScalarOperator>
                                                                                            </Condition>
                                                                                            <Then>
                                                                                              <ScalarOperator>
                                                                                                <Arithmetic Operation="ADD">
                                                                                                  <ScalarOperator>
                                                                                                    <Identifier>
                                                                                                      <ColumnReference Column="@TestpassList" />
                                                                                                    </Identifier>
                                                                                                  </ScalarOperator>
                                                                                                  <ScalarOperator>
                                                                                                    <Const ConstValue="N'($$)'" />
                                                                                                  </ScalarOperator>
                                                                                                </Arithmetic>
                                                                                              </ScalarOperator>
                                                                                            </Then>
                                                                                            <Else>
                                                                                              <ScalarOperator>
                                                                                                <Convert DataType="nvarchar(max)" Length="2147483647" Style="0" Implicit="1">
                                                                                                  <ScalarOperator>
                                                                                                    <Const ConstValue="''" />
                                                                                                  </ScalarOperator>
                                                                                                </Convert>
                                                                                              </ScalarOperator>
                                                                                            </Else>
                                                                                          </IF>
                                                                                        </ScalarOperator>
                                                                                        <ScalarOperator>
                                                                                          <Identifier>
                                                                                            <ColumnReference Database="[OurLabReporting]" Schema="[dbo]" Table="[TestpassDefinition]" Alias="[tpd]" Column="Name" />
                                                                                          </Identifier>
                                                                                        </ScalarOperator>
                                                                                      </Arithmetic>
                                                                                    </ScalarOperator>
                                                                                    <ScalarOperator>
                                                                                      <Const ConstValue="N'.'" />
                                                                                    </ScalarOperator>
                                                                                  </Arithmetic>
                                                                                </ScalarOperator>
                                                                                <ScalarOperator>
                                                                                  <Identifier>
                                                                                    <ColumnReference Database="[OurLabReporting]" Schema="[dbo]" Table="[Testpass]" Alias="[tp]" Column="UniqueKey" />
                                                                                  </Identifier>
                                                                                </ScalarOperator>
                                                                              </Arithmetic>
                                                                            </ScalarOperator>
                                                                            <ScalarOperator>
                                                                              <Const ConstValue="N'($)'" />
                                                                            </ScalarOperator>
                                                                          </Arithmetic>
                                                                        </ScalarOperator>
                                                                        <ScalarOperator>
                                                                          <Identifier>
                                                                            <ColumnReference Column="Expr1011" />
                                                                          </Identifier>
                                                                        </ScalarOperator>
                                                                      </Arithmetic>
                                                                    </ScalarOperator>
                                                                  </DefinedValue>
                                                                </DefinedValues>
                                                                <RelOp NodeId="1" PhysicalOp="Nested Loops" LogicalOp="Inner Join" EstimateRows="1.00003" EstimateIO="0" EstimateCPU="4.18013e-006" AvgRowSize="279" EstimatedTotalSubtreeCost="2.64203" Parallel="0" EstimateRebinds="0" EstimateRewinds="0" EstimatedExecutionMode="Row">
                                                                  <OutputList>
                                                                    <ColumnReference Database="[OurLabReporting]" Schema="[dbo]" Table="[TestpassDefinition]" Alias="[tpd]" Column="Name" />
                                                                    <ColumnReference Database="[OurLabReporting]" Schema="[dbo]" Table="[Testpass]" Alias="[tp]" Column="UniqueKey" />
                                                                    <ColumnReference Column="Expr1011" />
                                                                  </OutputList>
                                                                  <NestedLoops Optimized="0">
                                                                    <OuterReferences>
                                                                      <ColumnReference Database="[OurLabReporting]" Schema="[dbo]" Table="[Testpass]" Alias="[tp]" Column="TestpassDefinitionId" />
                                                                    </OuterReferences>
                                                                    <RelOp NodeId="2" PhysicalOp="Compute Scalar" LogicalOp="Compute Scalar" EstimateRows="1.00003" EstimateIO="0" EstimateCPU="1.00003e-007" AvgRowSize="131" EstimatedTotalSubtreeCost="2.63874" Parallel="0" EstimateRebinds="0" EstimateRewinds="0" EstimatedExecutionMode="Row">
                                                                      <OutputList>
                                                                        <ColumnReference Database="[OurLabReporting]" Schema="[dbo]" Table="[Testpass]" Alias="[tp]" Column="TestpassDefinitionId" />
                                                                        <ColumnReference Database="[OurLabReporting]" Schema="[dbo]" Table="[Testpass]" Alias="[tp]" Column="UniqueKey" />
                                                                        <ColumnReference Column="Expr1011" />
                                                                      </OutputList>
                                                                      <ComputeScalar>
                                                                        <DefinedValues>
                                                                          <DefinedValue>
                                                                            <ColumnReference Column="Expr1011" />
                                                                            <ScalarOperator ScalarString="CONVERT(nvarchar(30),[OurLabReporting].[dbo].[Testpass].[Id] as [tp].[Id],0)">
                                                                              <Convert DataType="nvarchar" Length="60" Style="0" Implicit="0">
                                                                                <ScalarOperator>
                                                                                  <Identifier>
                                                                                    <ColumnReference Database="[OurLabReporting]" Schema="[dbo]" Table="[Testpass]" Alias="[tp]" Column="Id" />
                                                                                  </Identifier>
                                                                                </ScalarOperator>
                                                                              </Convert>
                                                                            </ScalarOperator>
                                                                          </DefinedValue>
                                                                        </DefinedValues>
                                                                        <RelOp NodeId="3" PhysicalOp="Nested Loops" LogicalOp="Inner Join" EstimateRows="1.00003" EstimateIO="0" EstimateCPU="4.18013e-006" AvgRowSize="129" EstimatedTotalSubtreeCost="2.63874" Parallel="0" EstimateRebinds="0" EstimateRewinds="0" EstimatedExecutionMode="Row">
                                                                          <OutputList>
                                                                            <ColumnReference Database="[OurLabReporting]" Schema="[dbo]" Table="[Testpass]" Alias="[tp]" Column="Id" />
                                                                            <ColumnReference Database="[OurLabReporting]" Schema="[dbo]" Table="[Testpass]" Alias="[tp]" Column="TestpassDefinitionId" />
                                                                            <ColumnReference Database="[OurLabReporting]" Schema="[dbo]" Table="[Testpass]" Alias="[tp]" Column="UniqueKey" />
                                                                          </OutputList>
                                                                          <NestedLoops Optimized="0">
                                                                            <OuterReferences>
                                                                              <ColumnReference Database="[OurLabReporting]" Schema="[dbo]" Table="[ScheduleTestpassMapping]" Alias="[stMap]" Column="TestpassId" />
                                                                            </OuterReferences>
                                                                            <RelOp NodeId="4" PhysicalOp="Nested Loops" LogicalOp="Inner Join" EstimateRows="1.00003" EstimateIO="0" EstimateCPU="4.18013e-006" AvgRowSize="11" EstimatedTotalSubtreeCost="2.63545" Parallel="0" EstimateRebinds="0" EstimateRewinds="0" EstimatedExecutionMode="Row">
                                                                              <OutputList>
                                                                                <ColumnReference Database="[OurLabReporting]" Schema="[dbo]" Table="[ScheduleTestpassMapping]" Alias="[stMap]" Column="TestpassId" />
                                                                              </OutputList>
                                                                              <NestedLoops Optimized="0">
                                                                                <OuterReferences>
                                                                                  <ColumnReference Database="[OurLabReporting]" Schema="[dbo]" Table="[TestCaseResult_part]" Column="ScheduleId" />
                                                                                </OuterReferences>
                                                                                <RelOp NodeId="5" PhysicalOp="Clustered Index Seek" LogicalOp="Clustered Index Seek" EstimateRows="1.00003" EstimateIO="2.50625" EstimateCPU="0.125915" AvgRowSize="11" EstimatedTotalSubtreeCost="2.63217" TableCardinality="3.58108e+008" Parallel="0" Partitioned="1" EstimateRebinds="0" EstimateRewinds="0" EstimatedExecutionMode="Row">
                                                                                  <OutputList>
                                                                                    <ColumnReference Database="[OurLabReporting]" Schema="[dbo]" Table="[TestCaseResult_part]" Column="ScheduleId" />
                                                                                  </OutputList>
                                                                                  <IndexScan Ordered="1" ScanDirection="FORWARD" ForcedIndex="0" ForceSeek="0" ForceScan="0" NoExpandHint="0" Storage="RowStore">
                                                                                    <DefinedValues>
                                                                                      <DefinedValue>
                                                                                        <ColumnReference Database="[OurLabReporting]" Schema="[dbo]" Table="[TestCaseResult_part]" Column="ScheduleId" />
                                                                                      </DefinedValue>
                                                                                    </DefinedValues>
                                                                                    <Object Database="[OurLabReporting]" Schema="[dbo]" Table="[TestCaseResult_part]" Index="[TestCaseResult_Part_New_PK]" IndexKind="Clustered" />
                                                                                    <SeekPredicates>
                                                                                      <SeekPredicateNew>
                                                                                        <SeekKeys>
                                                                                          <StartRange ScanType="GE">
                                                                                            <RangeColumns>
                                                                                              <ColumnReference Column="PtnId1006" />
                                                                                            </RangeColumns>
                                                                                            <RangeExpressions>
                                                                                              <ScalarOperator ScalarString="(1)">
                                                                                                <Const ConstValue="(1)" />
                                                                                              </ScalarOperator>
                                                                                            </RangeExpressions>
                                                                                          </StartRange>
                                                                                          <EndRange ScanType="LE">
                                                                                            <RangeColumns>
                                                                                              <ColumnReference Column="PtnId1006" />
                                                                                            </RangeColumns>
                                                                                            <RangeExpressions>
                                                                                              <ScalarOperator ScalarString="(802)">
                                                                                                <Const ConstValue="(802)" />
                                                                                              </ScalarOperator>
                                                                                            </RangeExpressions>
                                                                                          </EndRange>
                                                                                        </SeekKeys>
                                                                                        <SeekKeys>
                                                                                          <Prefix ScanType="EQ">
                                                                                            <RangeColumns>
                                                                                              <ColumnReference Database="[OurLabReporting]" Schema="[dbo]" Table="[TestCaseResult_part]" Column="Id" />
                                                                                            </RangeColumns>
                                                                                            <RangeExpressions>
                                                                                              <ScalarOperator ScalarString="[@ElementId]">
                                                                                                <Identifier>
                                                                                                  <ColumnReference Column="@ElementId" />
                                                                                                </Identifier>
                                                                                              </ScalarOperator>
                                                                                            </RangeExpressions>
                                                                                          </Prefix>
                                                                                        </SeekKeys>
                                                                                      </SeekPredicateNew>
                                                                                    </SeekPredicates>
                                                                                  </IndexScan>
                                                                                </RelOp>
                                                                                <RelOp NodeId="6" PhysicalOp="Index Seek" LogicalOp="Index Seek" EstimateRows="1" EstimateIO="0.003125" EstimateCPU="0.0001581" AvgRowSize="11" EstimatedTotalSubtreeCost="0.0032831" TableCardinality="1.4403e+006" Parallel="0" EstimateRebinds="0" EstimateRewinds="3.11136e-005" EstimatedExecutionMode="Row">
                                                                                  <OutputList>
                                                                                    <ColumnReference Database="[OurLabReporting]" Schema="[dbo]" Table="[ScheduleTestpassMapping]" Alias="[stMap]" Column="TestpassId" />
                                                                                  </OutputList>
                                                                                  <IndexScan Ordered="1" ScanDirection="FORWARD" ForcedIndex="0" ForceSeek="0" ForceScan="0" NoExpandHint="0" Storage="RowStore">
                                                                                    <DefinedValues>
                                                                                      <DefinedValue>
                                                                                        <ColumnReference Database="[OurLabReporting]" Schema="[dbo]" Table="[ScheduleTestpassMapping]" Alias="[stMap]" Column="TestpassId" />
                                                                                      </DefinedValue>
                                                                                    </DefinedValues>
                                                                                    <Object Database="[OurLabReporting]" Schema="[dbo]" Table="[ScheduleTestpassMapping]" Index="[UX_Schedule]" Alias="[stMap]" IndexKind="NonClustered" />
                                                                                    <SeekPredicates>
                                                                                      <SeekPredicateNew>
                                                                                        <SeekKeys>
                                                                                          <Prefix ScanType="EQ">
                                                                                            <RangeColumns>
                                                                                              <ColumnReference Database="[OurLabReporting]" Schema="[dbo]" Table="[ScheduleTestpassMapping]" Alias="[stMap]" Column="ScheduleId" />
                                                                                            </RangeColumns>
                                                                                            <RangeExpressions>
                                                                                              <ScalarOperator ScalarString="[OurLabReporting].[dbo].[TestCaseResult_part].[ScheduleId]">
                                                                                                <Identifier>
                                                                                                  <ColumnReference Database="[OurLabReporting]" Schema="[dbo]" Table="[TestCaseResult_part]" Column="ScheduleId" />
                                                                                                </Identifier>
                                                                                              </ScalarOperator>
                                                                                            </RangeExpressions>
                                                                                          </Prefix>
                                                                                        </SeekKeys>
                                                                                      </SeekPredicateNew>
                                                                                    </SeekPredicates>
                                                                                  </IndexScan>
                                                                                </RelOp>
                                                                              </NestedLoops>
                                                                            </RelOp>
                                                                            <RelOp NodeId="7" PhysicalOp="Clustered Index Seek" LogicalOp="Clustered Index Seek" EstimateRows="1" EstimateIO="0.003125" EstimateCPU="0.0001581" AvgRowSize="129" EstimatedTotalSubtreeCost="0.0032831" TableCardinality="1.41186e+006" Parallel="0" EstimateRebinds="0" EstimateRewinds="3.11136e-005" EstimatedExecutionMode="Row">
                                                                              <OutputList>
                                                                                <ColumnReference Database="[OurLabReporting]" Schema="[dbo]" Table="[Testpass]" Alias="[tp]" Column="Id" />
                                                                                <ColumnReference Database="[OurLabReporting]" Schema="[dbo]" Table="[Testpass]" Alias="[tp]" Column="TestpassDefinitionId" />
                                                                                <ColumnReference Database="[OurLabReporting]" Schema="[dbo]" Table="[Testpass]" Alias="[tp]" Column="UniqueKey" />
                                                                              </OutputList>
                                                                              <IndexScan Ordered="1" ScanDirection="FORWARD" ForcedIndex="0" ForceSeek="0" ForceScan="0" NoExpandHint="0" Storage="RowStore">
                                                                                <DefinedValues>
                                                                                  <DefinedValue>
                                                                                    <ColumnReference Database="[OurLabReporting]" Schema="[dbo]" Table="[Testpass]" Alias="[tp]" Column="Id" />
                                                                                  </DefinedValue>
                                                                                  <DefinedValue>
                                                                                    <ColumnReference Database="[OurLabReporting]" Schema="[dbo]" Table="[Testpass]" Alias="[tp]" Column="TestpassDefinitionId" />
                                                                                  </DefinedValue>
                                                                                  <DefinedValue>
                                                                                    <ColumnReference Database="[OurLabReporting]" Schema="[dbo]" Table="[Testpass]" Alias="[tp]" Column="UniqueKey" />
                                                                                  </DefinedValue>
                                                                                </DefinedValues>
                                                                                <Object Database="[OurLabReporting]" Schema="[dbo]" Table="[Testpass]" Index="[Testpass_PK]" Alias="[tp]" IndexKind="Clustered" />
                                                                                <SeekPredicates>
                                                                                  <SeekPredicateNew>
                                                                                    <SeekKeys>
                                                                                      <Prefix ScanType="EQ">
                                                                                        <RangeColumns>
                                                                                          <ColumnReference Database="[OurLabReporting]" Schema="[dbo]" Table="[Testpass]" Alias="[tp]" Column="Id" />
                                                                                        </RangeColumns>
                                                                                        <RangeExpressions>
                                                                                          <ScalarOperator ScalarString="[OurLabReporting].[dbo].[ScheduleTestpassMapping].[TestpassId] as [stMap].[TestpassId]">
                                                                                            <Identifier>
                                                                                              <ColumnReference Database="[OurLabReporting]" Schema="[dbo]" Table="[ScheduleTestpassMapping]" Alias="[stMap]" Column="TestpassId" />
                                                                                            </Identifier>
                                                                                          </ScalarOperator>
                                                                                        </RangeExpressions>
                                                                                      </Prefix>
                                                                                    </SeekKeys>
                                                                                  </SeekPredicateNew>
                                                                                </SeekPredicates>
                                                                              </IndexScan>
                                                                            </RelOp>
                                                                          </NestedLoops>
                                                                        </RelOp>
                                                                      </ComputeScalar>
                                                                    </RelOp>
                                                                    <RelOp NodeId="11" PhysicalOp="Clustered Index Seek" LogicalOp="Clustered Index Seek" EstimateRows="1" EstimateIO="0.003125" EstimateCPU="0.0001581" AvgRowSize="161" EstimatedTotalSubtreeCost="0.0032831" TableCardinality="1875" Parallel="0" EstimateRebinds="0" EstimateRewinds="3.11136e-005" EstimatedExecutionMode="Row">
                                                                      <OutputList>
                                                                        <ColumnReference Database="[OurLabReporting]" Schema="[dbo]" Table="[TestpassDefinition]" Alias="[tpd]" Column="Name" />
                                                                      </OutputList>
                                                                      <IndexScan Ordered="1" ScanDirection="FORWARD" ForcedIndex="0" ForceSeek="0" ForceScan="0" NoExpandHint="0" Storage="RowStore">
                                                                        <DefinedValues>
                                                                          <DefinedValue>
                                                                            <ColumnReference Database="[OurLabReporting]" Schema="[dbo]" Table="[TestpassDefinition]" Alias="[tpd]" Column="Name" />
                                                                          </DefinedValue>
                                                                        </DefinedValues>
                                                                        <Object Database="[OurLabReporting]" Schema="[dbo]" Table="[TestpassDefinition]" Index="[PK_TestpassDefinition]" Alias="[tpd]" IndexKind="Clustered" />
                                                                        <SeekPredicates>
                                                                          <SeekPredicateNew>
                                                                            <SeekKeys>
                                                                              <Prefix ScanType="EQ">
                                                                                <RangeColumns>
                                                                                  <ColumnReference Database="[OurLabReporting]" Schema="[dbo]" Table="[TestpassDefinition]" Alias="[tpd]" Column="Id" />
                                                                                </RangeColumns>
                                                                                <RangeExpressions>
                                                                                  <ScalarOperator ScalarString="[OurLabReporting].[dbo].[Testpass].[TestpassDefinitionId] as [tp].[TestpassDefinitionId]">
                                                                                    <Identifier>
                                                                                      <ColumnReference Database="[OurLabReporting]" Schema="[dbo]" Table="[Testpass]" Alias="[tp]" Column="TestpassDefinitionId" />
                                                                                    </Identifier>
                                                                                  </ScalarOperator>
                                                                                </RangeExpressions>
                                                                              </Prefix>
                                                                            </SeekKeys>
                                                                          </SeekPredicateNew>
                                                                        </SeekPredicates>
                                                                      </IndexScan>
                                                                    </RelOp>
                                                                  </NestedLoops>
                                                                </RelOp>
                                                              </ComputeScalar>
                                                            </RelOp>
                                                            <ParameterList>
                                                              <ColumnReference Column="@ElementId" ParameterCompiledValue="(12456405)" />
                                                            </ParameterList>
                                                          </QueryPlan>
                                                        </StmtSimple>
                                                      </Statements>
                                                    </Then>
                                                    <Else>
                                                      <Statements>
                                                        <StmtCond StatementText="&#x9;END&#xD;&#xA;&#x9;ELSE IF (@ElementType = 'Failure')&#xD;&#xA;" StatementId="18" StatementCompId="150" StatementType="COND" RetrievedFromCache="true">
                                                          <Condition />
                                                          <Then>
                                                            <Statements>
                                                              <StmtSimple StatementText="&#x9;BEGIN&#xD;&#xA;&#x9;&#x9;SELECT @TestpassList = COALESCE(@TestpassList + '($$)', '') &#xD;&#xA;&#x9;&#x9;&#x9;&#x9;&#x9;&#x9;+ tpd.Name + '.' + tp.UniqueKey &#xD;&#xA;&#x9;&#x9;&#x9;&#x9;&#x9;&#x9;+ '($)' + CAST(tp.Id AS NVARCHAR)&#xD;&#xA;&#x9;&#x9;FROM dbo.TestpassDefinition(NOLOCK) as tpd &#xD;&#xA;&#x9;&#x9;&#x9;INNER JOIN dbo.Testpass(NOLOCK) as tp ON tp.TestpassDefinitionId = tpd.Id&#xD;&#xA;&#x9;&#x9;&#x9;INNER JOIN dbo.ScheduleTestpassMapping (NOLOCK) stMap ON stMap.TestpassId = tp.Id&#xD;&#xA;&#x9;&#x9;&#x9;INNER JOIN dbo.Failure(NOLOCK) f ON f.ScheduleId = stMap.ScheduleId&#xD;&#xA;&#x9;&#x9;WHERE f.Id = @ElementId &#x9;&#xD;&#xA;" StatementId="19" StatementCompId="151" StatementType="SELECT" RetrievedFromCache="true" StatementSubTreeCost="0.0131451" StatementEstRows="1" StatementOptmLevel="FULL" QueryHash="0x4F9AE676C76E2F5E" QueryPlanHash="0x399053431BE454B9" StatementOptmEarlyAbortReason="GoodEnoughPlanFound">
                                                                <StatementSetOptions QUOTED_IDENTIFIER="true" ARITHABORT="true" CONCAT_NULL_YIELDS_NULL="true" ANSI_NULLS="true" ANSI_PADDING="true" ANSI_WARNINGS="true" NUMERIC_ROUNDABORT="false" />
                                                                <QueryPlan NonParallelPlanReason="MaxDOPSetToOne" CachedPlanSize="40" CompileTime="12" CompileCPU="12" CompileMemory="1056">
                                                                  <Warnings>
                                                                    <PlanAffectingConvert ConvertIssue="Cardinality Estimate" Expression="CONVERT(nvarchar(30),[tp].[Id],0)" />
                                                                  </Warnings>
                                                                  <MemoryGrantInfo SerialRequiredMemory="0" SerialDesiredMemory="0" />
                                                                  <OptimizerHardwareDependentProperties EstimatedAvailableMemoryGrant="193313" EstimatedPagesCached="773254" EstimatedAvailableDegreeOfParallelism="1" />
                                                                  <RelOp NodeId="0" PhysicalOp="Compute Scalar" LogicalOp="Compute Scalar" EstimateRows="1" EstimateIO="0" EstimateCPU="1e-007" AvgRowSize="4035" EstimatedTotalSubtreeCost="0.0131451" Parallel="0" EstimateRebinds="0" EstimateRewinds="0" EstimatedExecutionMode="Row">
                                                                    <OutputList>
                                                                      <ColumnReference Column="Expr1008" />
                                                                    </OutputList>
                                                                    <ComputeScalar>
                                                                      <DefinedValues>
                                                                        <DefinedValue>
                                                                          <ColumnReference Column="Expr1008" />
                                                                          <ScalarOperator ScalarString="CASE WHEN ([@TestpassList]+N'($$)') IS NOT NULL THEN [@TestpassList]+N'($$)' ELSE CONVERT_IMPLICIT(nvarchar(max),'',0) END+[OurLabReporting].[dbo].[TestpassDefinition].[Name] as [tpd].[Name]+N'.'+[OurLabReporting].[dbo].[Testpass].[UniqueKey] as [tp].[UniqueKey]+N'($)'+[Expr1009]">
                                                                            <Arithmetic Operation="ADD">
                                                                              <ScalarOperator>
                                                                                <Arithmetic Operation="ADD">
                                                                                  <ScalarOperator>
                                                                                    <Arithmetic Operation="ADD">
                                                                                      <ScalarOperator>
                                                                                        <Arithmetic Operation="ADD">
                                                                                          <ScalarOperator>
                                                                                            <Arithmetic Operation="ADD">
                                                                                              <ScalarOperator>
                                                                                                <IF>
                                                                                                  <Condition>
                                                                                                    <ScalarOperator>
                                                                                                      <Compare CompareOp="IS NOT">
                                                                                                        <ScalarOperator>
                                                                                                          <Arithmetic Operation="ADD">
                                                                                                            <ScalarOperator>
                                                                                                              <Identifier>
                                                                                                                <ColumnReference Column="@TestpassList" />
                                                                                                              </Identifier>
                                                                                                            </ScalarOperator>
                                                                                                            <ScalarOperator>
                                                                                                              <Const ConstValue="N'($$)'" />
                                                                                                            </ScalarOperator>
                                                                                                          </Arithmetic>
                                                                                                        </ScalarOperator>
                                                                                                        <ScalarOperator>
                                                                                                          <Const ConstValue="NULL" />
                                                                                                        </ScalarOperator>
                                                                                                      </Compare>
                                                                                                    </ScalarOperator>
                                                                                                  </Condition>
                                                                                                  <Then>
                                                                                                    <ScalarOperator>
                                                                                                      <Arithmetic Operation="ADD">
                                                                                                        <ScalarOperator>
                                                                                                          <Identifier>
                                                                                                            <ColumnReference Column="@TestpassList" />
                                                                                                          </Identifier>
                                                                                                        </ScalarOperator>
                                                                                                        <ScalarOperator>
                                                                                                          <Const ConstValue="N'($$)'" />
                                                                                                        </ScalarOperator>
                                                                                                      </Arithmetic>
                                                                                                    </ScalarOperator>
                                                                                                  </Then>
                                                                                                  <Else>
                                                                                                    <ScalarOperator>
                                                                                                      <Convert DataType="nvarchar(max)" Length="2147483647" Style="0" Implicit="1">
                                                                                                        <ScalarOperator>
                                                                                                          <Const ConstValue="''" />
                                                                                                        </ScalarOperator>
                                                                                                      </Convert>
                                                                                                    </ScalarOperator>
                                                                                                  </Else>
                                                                                                </IF>
                                                                                              </ScalarOperator>
                                                                                              <ScalarOperator>
                                                                                                <Identifier>
                                                                                                  <ColumnReference Database="[OurLabReporting]" Schema="[dbo]" Table="[TestpassDefinition]" Alias="[tpd]" Column="Name" />
                                                                                                </Identifier>
                                                                                              </ScalarOperator>
                                                                                            </Arithmetic>
                                                                                          </ScalarOperator>
                                                                                          <ScalarOperator>
                                                                                            <Const ConstValue="N'.'" />
                                                                                          </ScalarOperator>
                                                                                        </Arithmetic>
                                                                                      </ScalarOperator>
                                                                                      <ScalarOperator>
                                                                                        <Identifier>
                                                                                          <ColumnReference Database="[OurLabReporting]" Schema="[dbo]" Table="[Testpass]" Alias="[tp]" Column="UniqueKey" />
                                                                                        </Identifier>
                                                                                      </ScalarOperator>
                                                                                    </Arithmetic>
                                                                                  </ScalarOperator>
                                                                                  <ScalarOperator>
                                                                                    <Const ConstValue="N'($)'" />
                                                                                  </ScalarOperator>
                                                                                </Arithmetic>
                                                                              </ScalarOperator>
                                                                              <ScalarOperator>
                                                                                <Identifier>
                                                                                  <ColumnReference Column="Expr1009" />
                                                                                </Identifier>
                                                                              </ScalarOperator>
                                                                            </Arithmetic>
                                                                          </ScalarOperator>
                                                                        </DefinedValue>
                                                                      </DefinedValues>
                                                                      <RelOp NodeId="1" PhysicalOp="Nested Loops" LogicalOp="Inner Join" EstimateRows="1" EstimateIO="0" EstimateCPU="4.18e-006" AvgRowSize="279" EstimatedTotalSubtreeCost="0.013145" Parallel="0" EstimateRebinds="0" EstimateRewinds="0" EstimatedExecutionMode="Row">
                                                                        <OutputList>
                                                                          <ColumnReference Database="[OurLabReporting]" Schema="[dbo]" Table="[TestpassDefinition]" Alias="[tpd]" Column="Name" />
                                                                          <ColumnReference Database="[OurLabReporting]" Schema="[dbo]" Table="[Testpass]" Alias="[tp]" Column="UniqueKey" />
                                                                          <ColumnReference Column="Expr1009" />
                                                                        </OutputList>
                                                                        <NestedLoops Optimized="0">
                                                                          <OuterReferences>
                                                                            <ColumnReference Database="[OurLabReporting]" Schema="[dbo]" Table="[Testpass]" Alias="[tp]" Column="TestpassDefinitionId" />
                                                                          </OuterReferences>
                                                                          <RelOp NodeId="2" PhysicalOp="Compute Scalar" LogicalOp="Compute Scalar" EstimateRows="1" EstimateIO="0" EstimateCPU="1e-007" AvgRowSize="131" EstimatedTotalSubtreeCost="0.00985776" Parallel="0" EstimateRebinds="0" EstimateRewinds="0" EstimatedExecutionMode="Row">
                                                                            <OutputList>
                                                                              <ColumnReference Database="[OurLabReporting]" Schema="[dbo]" Table="[Testpass]" Alias="[tp]" Column="TestpassDefinitionId" />
                                                                              <ColumnReference Database="[OurLabReporting]" Schema="[dbo]" Table="[Testpass]" Alias="[tp]" Column="UniqueKey" />
                                                                              <ColumnReference Column="Expr1009" />
                                                                            </OutputList>
                                                                            <ComputeScalar>
                                                                              <DefinedValues>
                                                                                <DefinedValue>
                                                                                  <ColumnReference Column="Expr1009" />
                                                                                  <ScalarOperator ScalarString="CONVERT(nvarchar(30),[OurLabReporting].[dbo].[Testpass].[Id] as [tp].[Id],0)">
                                                                                    <Convert DataType="nvarchar" Length="60" Style="0" Implicit="0">
                                                                                      <ScalarOperator>
                                                                                        <Identifier>
                                                                                          <ColumnReference Database="[OurLabReporting]" Schema="[dbo]" Table="[Testpass]" Alias="[tp]" Column="Id" />
                                                                                        </Identifier>
                                                                                      </ScalarOperator>
                                                                                    </Convert>
                                                                                  </ScalarOperator>
                                                                                </DefinedValue>
                                                                              </DefinedValues>
                                                                              <RelOp NodeId="3" PhysicalOp="Nested Loops" LogicalOp="Inner Join" EstimateRows="1" EstimateIO="0" EstimateCPU="4.18e-006" AvgRowSize="129" EstimatedTotalSubtreeCost="0.00985766" Parallel="0" EstimateRebinds="0" EstimateRewinds="0" EstimatedExecutionMode="Row">
                                                                                <OutputList>
                                                                                  <ColumnReference Database="[OurLabReporting]" Schema="[dbo]" Table="[Testpass]" Alias="[tp]" Column="Id" />
                                                                                  <ColumnReference Database="[OurLabReporting]" Schema="[dbo]" Table="[Testpass]" Alias="[tp]" Column="TestpassDefinitionId" />
                                                                                  <ColumnReference Database="[OurLabReporting]" Schema="[dbo]" Table="[Testpass]" Alias="[tp]" Column="UniqueKey" />
                                                                                </OutputList>
                                                                                <NestedLoops Optimized="0">
                                                                                  <OuterReferences>
                                                                                    <ColumnReference Database="[OurLabReporting]" Schema="[dbo]" Table="[ScheduleTestpassMapping]" Alias="[stMap]" Column="TestpassId" />
                                                                                  </OuterReferences>
                                                                                  <RelOp NodeId="4" PhysicalOp="Nested Loops" LogicalOp="Inner Join" EstimateRows="1" EstimateIO="0" EstimateCPU="4.18e-006" AvgRowSize="11" EstimatedTotalSubtreeCost="0.00657038" Parallel="0" EstimateRebinds="0" EstimateRewinds="0" EstimatedExecutionMode="Row">
                                                                                    <OutputList>
                                                                                      <ColumnReference Database="[OurLabReporting]" Schema="[dbo]" Table="[ScheduleTestpassMapping]" Alias="[stMap]" Column="TestpassId" />
                                                                                    </OutputList>
                                                                                    <NestedLoops Optimized="0">
                                                                                      <OuterReferences>
                                                                                        <ColumnReference Database="[OurLabReporting]" Schema="[dbo]" Table="[Failure]" Alias="[f]" Column="ScheduleId" />
                                                                                      </OuterReferences>
                                                                                      <RelOp NodeId="5" PhysicalOp="Clustered Index Seek" LogicalOp="Clustered Index Seek" EstimateRows="1" EstimateIO="0.003125" EstimateCPU="0.0001581" AvgRowSize="11" EstimatedTotalSubtreeCost="0.0032831" TableCardinality="3.38966e+007" Parallel="0" EstimateRebinds="0" EstimateRewinds="0" EstimatedExecutionMode="Row">
                                                                                        <OutputList>
                                                                                          <ColumnReference Database="[OurLabReporting]" Schema="[dbo]" Table="[Failure]" Alias="[f]" Column="ScheduleId" />
                                                                                        </OutputList>
                                                                                        <IndexScan Ordered="1" ScanDirection="FORWARD" ForcedIndex="0" ForceSeek="0" ForceScan="0" NoExpandHint="0" Storage="RowStore">
                                                                                          <DefinedValues>
                                                                                            <DefinedValue>
                                                                                              <ColumnReference Database="[OurLabReporting]" Schema="[dbo]" Table="[Failure]" Alias="[f]" Column="ScheduleId" />
                                                                                            </DefinedValue>
                                                                                          </DefinedValues>
                                                                                          <Object Database="[OurLabReporting]" Schema="[dbo]" Table="[Failure]" Index="[Failure_PK]" Alias="[f]" IndexKind="Clustered" />
                                                                                          <SeekPredicates>
                                                                                            <SeekPredicateNew>
                                                                                              <SeekKeys>
                                                                                                <Prefix ScanType="EQ">
                                                                                                  <RangeColumns>
                                                                                                    <ColumnReference Database="[OurLabReporting]" Schema="[dbo]" Table="[Failure]" Alias="[f]" Column="Id" />
                                                                                                  </RangeColumns>
                                                                                                  <RangeExpressions>
                                                                                                    <ScalarOperator ScalarString="[@ElementId]">
                                                                                                      <Identifier>
                                                                                                        <ColumnReference Column="@ElementId" />
                                                                                                      </Identifier>
                                                                                                    </ScalarOperator>
                                                                                                  </RangeExpressions>
                                                                                                </Prefix>
                                                                                              </SeekKeys>
                                                                                            </SeekPredicateNew>
                                                                                          </SeekPredicates>
                                                                                        </IndexScan>
                                                                                      </RelOp>
                                                                                      <RelOp NodeId="6" PhysicalOp="Index Seek" LogicalOp="Index Seek" EstimateRows="1" EstimateIO="0.003125" EstimateCPU="0.0001581" AvgRowSize="11" EstimatedTotalSubtreeCost="0.0032831" TableCardinality="1.4403e+006" Parallel="0" EstimateRebinds="0" EstimateRewinds="0" EstimatedExecutionMode="Row">
                                                                                        <OutputList>
                                                                                          <ColumnReference Database="[OurLabReporting]" Schema="[dbo]" Table="[ScheduleTestpassMapping]" Alias="[stMap]" Column="TestpassId" />
                                                                                        </OutputList>
                                                                                        <IndexScan Ordered="1" ScanDirection="FORWARD" ForcedIndex="0" ForceSeek="0" ForceScan="0" NoExpandHint="0" Storage="RowStore">
                                                                                          <DefinedValues>
                                                                                            <DefinedValue>
                                                                                              <ColumnReference Database="[OurLabReporting]" Schema="[dbo]" Table="[ScheduleTestpassMapping]" Alias="[stMap]" Column="TestpassId" />
                                                                                            </DefinedValue>
                                                                                          </DefinedValues>
                                                                                          <Object Database="[OurLabReporting]" Schema="[dbo]" Table="[ScheduleTestpassMapping]" Index="[UX_Schedule]" Alias="[stMap]" IndexKind="NonClustered" />
                                                                                          <SeekPredicates>
                                                                                            <SeekPredicateNew>
                                                                                              <SeekKeys>
                                                                                                <Prefix ScanType="EQ">
                                                                                                  <RangeColumns>
                                                                                                    <ColumnReference Database="[OurLabReporting]" Schema="[dbo]" Table="[ScheduleTestpassMapping]" Alias="[stMap]" Column="ScheduleId" />
                                                                                                  </RangeColumns>
                                                                                                  <RangeExpressions>
                                                                                                    <ScalarOperator ScalarString="[OurLabReporting].[dbo].[Failure].[ScheduleId] as [f].[ScheduleId]">
                                                                                                      <Identifier>
                                                                                                        <ColumnReference Database="[OurLabReporting]" Schema="[dbo]" Table="[Failure]" Alias="[f]" Column="ScheduleId" />
                                                                                                      </Identifier>
                                                                                                    </ScalarOperator>
                                                                                                  </RangeExpressions>
                                                                                                </Prefix>
                                                                                              </SeekKeys>
                                                                                            </SeekPredicateNew>
                                                                                          </SeekPredicates>
                                                                                        </IndexScan>
                                                                                      </RelOp>
                                                                                    </NestedLoops>
                                                                                  </RelOp>
                                                                                  <RelOp NodeId="7" PhysicalOp="Clustered Index Seek" LogicalOp="Clustered Index Seek" EstimateRows="1" EstimateIO="0.003125" EstimateCPU="0.0001581" AvgRowSize="129" EstimatedTotalSubtreeCost="0.0032831" TableCardinality="1.41186e+006" Parallel="0" EstimateRebinds="0" EstimateRewinds="0" EstimatedExecutionMode="Row">
                                                                                    <OutputList>
                                                                                      <ColumnReference Database="[OurLabReporting]" Schema="[dbo]" Table="[Testpass]" Alias="[tp]" Column="Id" />
                                                                                      <ColumnReference Database="[OurLabReporting]" Schema="[dbo]" Table="[Testpass]" Alias="[tp]" Column="TestpassDefinitionId" />
                                                                                      <ColumnReference Database="[OurLabReporting]" Schema="[dbo]" Table="[Testpass]" Alias="[tp]" Column="UniqueKey" />
                                                                                    </OutputList>
                                                                                    <IndexScan Ordered="1" ScanDirection="FORWARD" ForcedIndex="0" ForceSeek="0" ForceScan="0" NoExpandHint="0" Storage="RowStore">
                                                                                      <DefinedValues>
                                                                                        <DefinedValue>
                                                                                          <ColumnReference Database="[OurLabReporting]" Schema="[dbo]" Table="[Testpass]" Alias="[tp]" Column="Id" />
                                                                                        </DefinedValue>
                                                                                        <DefinedValue>
                                                                                          <ColumnReference Database="[OurLabReporting]" Schema="[dbo]" Table="[Testpass]" Alias="[tp]" Column="TestpassDefinitionId" />
                                                                                        </DefinedValue>
                                                                                        <DefinedValue>
                                                                                          <ColumnReference Database="[OurLabReporting]" Schema="[dbo]" Table="[Testpass]" Alias="[tp]" Column="UniqueKey" />
                                                                                        </DefinedValue>
                                                                                      </DefinedValues>
                                                                                      <Object Database="[OurLabReporting]" Schema="[dbo]" Table="[Testpass]" Index="[Testpass_PK]" Alias="[tp]" IndexKind="Clustered" />
                                                                                      <SeekPredicates>
                                                                                        <SeekPredicateNew>
                                                                                          <SeekKeys>
                                                                                            <Prefix ScanType="EQ">
                                                                                              <RangeColumns>
                                                                                                <ColumnReference Database="[OurLabReporting]" Schema="[dbo]" Table="[Testpass]" Alias="[tp]" Column="Id" />
                                                                                              </RangeColumns>
                                                                                              <RangeExpressions>
                                                                                                <ScalarOperator ScalarString="[OurLabReporting].[dbo].[ScheduleTestpassMapping].[TestpassId] as [stMap].[TestpassId]">
                                                                                                  <Identifier>
                                                                                                    <ColumnReference Database="[OurLabReporting]" Schema="[dbo]" Table="[ScheduleTestpassMapping]" Alias="[stMap]" Column="TestpassId" />
                                                                                                  </Identifier>
                                                                                                </ScalarOperator>
                                                                                              </RangeExpressions>
                                                                                            </Prefix>
                                                                                          </SeekKeys>
                                                                                        </SeekPredicateNew>
                                                                                      </SeekPredicates>
                                                                                    </IndexScan>
                                                                                  </RelOp>
                                                                                </NestedLoops>
                                                                              </RelOp>
                                                                            </ComputeScalar>
                                                                          </RelOp>
                                                                          <RelOp NodeId="11" PhysicalOp="Clustered Index Seek" LogicalOp="Clustered Index Seek" EstimateRows="1" EstimateIO="0.003125" EstimateCPU="0.0001581" AvgRowSize="161" EstimatedTotalSubtreeCost="0.0032831" TableCardinality="1875" Parallel="0" EstimateRebinds="0" EstimateRewinds="0" EstimatedExecutionMode="Row">
                                                                            <OutputList>
                                                                              <ColumnReference Database="[OurLabReporting]" Schema="[dbo]" Table="[TestpassDefinition]" Alias="[tpd]" Column="Name" />
                                                                            </OutputList>
                                                                            <IndexScan Ordered="1" ScanDirection="FORWARD" ForcedIndex="0" ForceSeek="0" ForceScan="0" NoExpandHint="0" Storage="RowStore">
                                                                              <DefinedValues>
                                                                                <DefinedValue>
                                                                                  <ColumnReference Database="[OurLabReporting]" Schema="[dbo]" Table="[TestpassDefinition]" Alias="[tpd]" Column="Name" />
                                                                                </DefinedValue>
                                                                              </DefinedValues>
                                                                              <Object Database="[OurLabReporting]" Schema="[dbo]" Table="[TestpassDefinition]" Index="[PK_TestpassDefinition]" Alias="[tpd]" IndexKind="Clustered" />
                                                                              <SeekPredicates>
                                                                                <SeekPredicateNew>
                                                                                  <SeekKeys>
                                                                                    <Prefix ScanType="EQ">
                                                                                      <RangeColumns>
                                                                                        <ColumnReference Database="[OurLabReporting]" Schema="[dbo]" Table="[TestpassDefinition]" Alias="[tpd]" Column="Id" />
                                                                                      </RangeColumns>
                                                                                      <RangeExpressions>
                                                                                        <ScalarOperator ScalarString="[OurLabReporting].[dbo].[Testpass].[TestpassDefinitionId] as [tp].[TestpassDefinitionId]">
                                                                                          <Identifier>
                                                                                            <ColumnReference Database="[OurLabReporting]" Schema="[dbo]" Table="[Testpass]" Alias="[tp]" Column="TestpassDefinitionId" />
                                                                                          </Identifier>
                                                                                        </ScalarOperator>
                                                                                      </RangeExpressions>
                                                                                    </Prefix>
                                                                                  </SeekKeys>
                                                                                </SeekPredicateNew>
                                                                              </SeekPredicates>
                                                                            </IndexScan>
                                                                          </RelOp>
                                                                        </NestedLoops>
                                                                      </RelOp>
                                                                    </ComputeScalar>
                                                                  </RelOp>
                                                                  <ParameterList>
                                                                    <ColumnReference Column="@ElementId" ParameterCompiledValue="(12456405)" />
                                                                  </ParameterList>
                                                                </QueryPlan>
                                                              </StmtSimple>
                                                            </Statements>
                                                          </Then>
                                                        </StmtCond>
                                                      </Statements>
                                                    </Else>
                                                  </StmtCond>
                                                </Statements>
                                              </Else>
                                            </StmtCond>
                                          </Statements>
                                        </Else>
                                      </StmtCond>
                                    </Statements>
                                  </Else>
                                </StmtCond>
                              </Statements>
                            </Else>
                          </StmtCond>
                        </Statements>
                      </Else>
                    </StmtCond>
                  </Statements>
                </Else>
              </StmtCond>
            </Statements>
          </Else>
        </StmtCond>
        <StmtSimple StatementText="&#x9;END&#x9;&#xD;&#xA;&#xD;&#xA;&#x9;RETURN @TestpassList&#xD;" StatementId="20" StatementCompId="161" StatementType="RETURN" RetrievedFromCache="true" />
      </Statements>
    </Batch>
  </BatchSequence>
</ShowPlanXML>