<?xml version="1.0" encoding="utf-8"?>
<ShowPlanXML xmlns="http://schemas.microsoft.com/sqlserver/2004/07/showplan" Version="1.2" Build="11.0.3412.0">
  <BatchSequence>
    <Batch>
      <Statements>
        <StmtSimple StatementText="CREATE PROCEDURE [dbo].[Web_GetMixListForSchedule]&#xD;&#xA;@ScheduleId INT, @UserName NVARCHAR (50)&#xD;&#xA;AS&#xD;&#xA;BEGIN&#xD;&#xA;&#x9;SET NOCOUNT ON;&#xD;&#xA;&#xD;&#xA;" StatementId="1" StatementCompId="2" StatementType="SET ON/OFF" RetrievedFromCache="true" />
        <StmtSimple StatementText="&#x9;declare @StatusId int&#xD;&#xA;    declare @sqlStatement nvarchar(MAX)&#xD;&#xA;    declare @parameterDefinition nvarchar(1024)&#xD;&#xA;&#xD;&#xA;&#x9;-- get failures that are not resolved&#xD;&#xA;&#x9;SET @StatusId = dbo.Function_GetStatusId('Failure', 'Resolved')&#xD;&#xA;&#xD;&#xA;   " StatementId="2" StatementCompId="3" StatementType="ASSIGN WITH QUERY" RetrievedFromCache="true" />
        <StmtSimple StatementText=" DECLARE @BugListForMix TABLE(MixId int, BugCount int); &#xD;&#xA;&#xD;&#xA;    INSERT INTO @BugListForMix (MixId, BugCount)&#xD;&#xA;    SELECT  dbo.ResolvedTED.MixId, count(DISTINCT dbo.FailureBugMapping.BugId)&#xD;&#xA;    FROM    dbo.FailureBugMapping WITH (NOLOCK) &#xD;&#xA;&#x9;&#x9;    INNER JOIN dbo.View_PrimaryFailure AS F WITH (NOLOCK) ON dbo.FailureBugMapping.FailureId = F.Id &#xD;&#xA;&#x9;&#x9;    RIGHT OUTER JOIN dbo.ResolvedTED WITH (NOLOCK) ON F.ResolvedTEDId = dbo.ResolvedTED.Id&#xD;&#xA;&#x9;&#x9;    INNER JOIN dbo.Mix WITH (NOLOCK) on dbo.Mix.Id = dbo.ResolvedTED.MixId&#xD;&#xA;    Where dbo.FailureBugMapping.BugId IS NOT NULL&#x9;&#x9;&#xD;&#xA;&#x9;      and dbo.Mix.ScheduleId = @ScheduleId &#xD;&#xA;    GROUP BY dbo.ResolvedTED.MixId;&#xD;&#xA;    &#xD;&#xA;   " StatementId="3" StatementCompId="5" StatementType="INSERT" RetrievedFromCache="true" StatementSubTreeCost="15.828" StatementEstRows="187.629" StatementOptmLevel="FULL" QueryHash="0x9713FA96D98F719B" QueryPlanHash="0x242584F4014AD503">
          <StatementSetOptions QUOTED_IDENTIFIER="true" ARITHABORT="true" CONCAT_NULL_YIELDS_NULL="true" ANSI_NULLS="true" ANSI_PADDING="true" ANSI_WARNINGS="true" NUMERIC_ROUNDABORT="false" />
          <QueryPlan NonParallelPlanReason="MaxDOPSetToOne" CachedPlanSize="64" CompileTime="147" CompileCPU="147" CompileMemory="3264">
            <MemoryGrantInfo SerialRequiredMemory="1024" SerialDesiredMemory="1408" />
            <OptimizerHardwareDependentProperties EstimatedAvailableMemoryGrant="193313" EstimatedPagesCached="773254" EstimatedAvailableDegreeOfParallelism="1" />
            <RelOp NodeId="0" PhysicalOp="Table Insert" LogicalOp="Insert" EstimateRows="187.629" EstimateIO="0.01" EstimateCPU="0.000187629" AvgRowSize="9" EstimatedTotalSubtreeCost="15.828" Parallel="0" EstimateRebinds="0" EstimateRewinds="0" EstimatedExecutionMode="Row">
              <OutputList />
              <Update DMLRequestSort="0">
                <Object Table="[@BugListForMix]" />
                <SetPredicate>
                  <ScalarOperator ScalarString="[MixId] = [OurLabReporting].[dbo].[ResolvedTED].[MixId],[BugCount] = [Expr1018]">
                    <ScalarExpressionList>
                      <ScalarOperator>
                        <MultipleAssign>
                          <Assign>
                            <ColumnReference Column="MixId" />
                            <ScalarOperator>
                              <Identifier>
                                <ColumnReference Database="[OurLabReporting]" Schema="[dbo]" Table="[ResolvedTED]" Column="MixId" />
                              </Identifier>
                            </ScalarOperator>
                          </Assign>
                          <Assign>
                            <ColumnReference Column="BugCount" />
                            <ScalarOperator>
                              <Identifier>
                                <ColumnReference Column="Expr1018" />
                              </Identifier>
                            </ScalarOperator>
                          </Assign>
                        </MultipleAssign>
                      </ScalarOperator>
                    </ScalarExpressionList>
                  </ScalarOperator>
                </SetPredicate>
                <RelOp NodeId="2" PhysicalOp="Nested Loops" LogicalOp="Inner Join" EstimateRows="1" EstimateIO="0" EstimateCPU="4.18e-006" AvgRowSize="15" EstimatedTotalSubtreeCost="15.8178" Parallel="0" EstimateRebinds="0" EstimateRewinds="0" EstimatedExecutionMode="Row">
                  <OutputList>
                    <ColumnReference Database="[OurLabReporting]" Schema="[dbo]" Table="[ResolvedTED]" Column="MixId" />
                    <ColumnReference Column="Expr1018" />
                  </OutputList>
                  <NestedLoops Optimized="0">
                    <OuterReferences>
                      <ColumnReference Database="[OurLabReporting]" Schema="[dbo]" Table="[Mix]" Column="Id" />
                    </OuterReferences>
                    <RelOp NodeId="3" PhysicalOp="Index Seek" LogicalOp="Index Seek" EstimateRows="1" EstimateIO="0.003125" EstimateCPU="0.0001581" AvgRowSize="11" EstimatedTotalSubtreeCost="0.0032831" TableCardinality="1.48177e+006" Parallel="0" EstimateRebinds="0" EstimateRewinds="0" EstimatedExecutionMode="Row">
                      <OutputList>
                        <ColumnReference Database="[OurLabReporting]" Schema="[dbo]" Table="[Mix]" Column="Id" />
                      </OutputList>
                      <IndexScan Ordered="1" ScanDirection="FORWARD" ForcedIndex="0" ForceSeek="0" ForceScan="0" NoExpandHint="0" Storage="RowStore">
                        <DefinedValues>
                          <DefinedValue>
                            <ColumnReference Database="[OurLabReporting]" Schema="[dbo]" Table="[Mix]" Column="Id" />
                          </DefinedValue>
                        </DefinedValues>
                        <Object Database="[OurLabReporting]" Schema="[dbo]" Table="[Mix]" Index="[Mix_IDX_Schedule]" IndexKind="NonClustered" />
                        <SeekPredicates>
                          <SeekPredicateNew>
                            <SeekKeys>
                              <Prefix ScanType="EQ">
                                <RangeColumns>
                                  <ColumnReference Database="[OurLabReporting]" Schema="[dbo]" Table="[Mix]" Column="ScheduleId" />
                                </RangeColumns>
                                <RangeExpressions>
                                  <ScalarOperator ScalarString="[@ScheduleId]">
                                    <Identifier>
                                      <ColumnReference Column="@ScheduleId" />
                                    </Identifier>
                                  </ScalarOperator>
                                </RangeExpressions>
                              </Prefix>
                            </SeekKeys>
                          </SeekPredicateNew>
                        </SeekPredicates>
                      </IndexScan>
                    </RelOp>
                    <RelOp NodeId="4" PhysicalOp="Compute Scalar" LogicalOp="Compute Scalar" EstimateRows="1" EstimateIO="0" EstimateCPU="0.000169647" AvgRowSize="15" EstimatedTotalSubtreeCost="15.8145" Parallel="0" EstimateRebinds="0" EstimateRewinds="0" EstimatedExecutionMode="Row">
                      <OutputList>
                        <ColumnReference Database="[OurLabReporting]" Schema="[dbo]" Table="[ResolvedTED]" Column="MixId" />
                        <ColumnReference Column="Expr1018" />
                      </OutputList>
                      <ComputeScalar>
                        <DefinedValues>
                          <DefinedValue>
                            <ColumnReference Column="Expr1018" />
                            <ScalarOperator ScalarString="CONVERT_IMPLICIT(int,[Expr1024],0)">
                              <Convert DataType="int" Style="0" Implicit="1">
                                <ScalarOperator>
                                  <Identifier>
                                    <ColumnReference Column="Expr1024" />
                                  </Identifier>
                                </ScalarOperator>
                              </Convert>
                            </ScalarOperator>
                          </DefinedValue>
                        </DefinedValues>
                        <RelOp NodeId="5" PhysicalOp="Stream Aggregate" LogicalOp="Aggregate" EstimateRows="1" EstimateIO="0" EstimateCPU="0.000169647" AvgRowSize="15" EstimatedTotalSubtreeCost="15.8145" Parallel="0" EstimateRebinds="0" EstimateRewinds="0" EstimatedExecutionMode="Row">
                          <OutputList>
                            <ColumnReference Database="[OurLabReporting]" Schema="[dbo]" Table="[ResolvedTED]" Column="MixId" />
                            <ColumnReference Column="Expr1024" />
                          </OutputList>
                          <StreamAggregate>
                            <DefinedValues>
                              <DefinedValue>
                                <ColumnReference Column="Expr1024" />
                                <ScalarOperator ScalarString="Count(*)">
                                  <Aggregate AggType="countstar" Distinct="0" />
                                </ScalarOperator>
                              </DefinedValue>
                              <DefinedValue>
                                <ColumnReference Database="[OurLabReporting]" Schema="[dbo]" Table="[ResolvedTED]" Column="MixId" />
                                <ScalarOperator ScalarString="ANY([OurLabReporting].[dbo].[ResolvedTED].[MixId])">
                                  <Aggregate Distinct="0" AggType="ANY">
                                    <ScalarOperator>
                                      <Identifier>
                                        <ColumnReference Database="[OurLabReporting]" Schema="[dbo]" Table="[ResolvedTED]" Column="MixId" />
                                      </Identifier>
                                    </ScalarOperator>
                                  </Aggregate>
                                </ScalarOperator>
                              </DefinedValue>
                            </DefinedValues>
                            <RelOp NodeId="6" PhysicalOp="Sort" LogicalOp="Distinct Sort" EstimateRows="281.911" EstimateIO="0.0112613" EstimateCPU="0.00528287" AvgRowSize="15" EstimatedTotalSubtreeCost="15.8143" Parallel="0" EstimateRebinds="0" EstimateRewinds="0" EstimatedExecutionMode="Row">
                              <OutputList>
                                <ColumnReference Database="[OurLabReporting]" Schema="[dbo]" Table="[FailureBugMapping]" Column="BugId" />
                                <ColumnReference Database="[OurLabReporting]" Schema="[dbo]" Table="[ResolvedTED]" Column="MixId" />
                              </OutputList>
                              <MemoryFractions Input="0.125" Output="1" />
                              <Sort Distinct="1">
                                <OrderBy>
                                  <OrderByColumn Ascending="1">
                                    <ColumnReference Database="[OurLabReporting]" Schema="[dbo]" Table="[FailureBugMapping]" Column="BugId" />
                                  </OrderByColumn>
                                </OrderBy>
                                <RelOp NodeId="7" PhysicalOp="Nested Loops" LogicalOp="Inner Join" EstimateRows="386.564" EstimateIO="0" EstimateCPU="0.0109592" AvgRowSize="15" EstimatedTotalSubtreeCost="15.7978" Parallel="0" EstimateRebinds="0" EstimateRewinds="0" EstimatedExecutionMode="Row">
                                  <OutputList>
                                    <ColumnReference Database="[OurLabReporting]" Schema="[dbo]" Table="[FailureBugMapping]" Column="BugId" />
                                    <ColumnReference Database="[OurLabReporting]" Schema="[dbo]" Table="[ResolvedTED]" Column="MixId" />
                                  </OutputList>
                                  <NestedLoops Optimized="0" WithUnorderedPrefetch="1">
                                    <OuterReferences>
                                      <ColumnReference Database="[OurLabReporting]" Schema="[dbo]" Table="[Failure]" Alias="[F]" Column="Id" />
                                      <ColumnReference Column="Expr1023" />
                                    </OuterReferences>
                                    <RelOp NodeId="9" PhysicalOp="Nested Loops" LogicalOp="Inner Join" EstimateRows="2613.7" EstimateIO="0" EstimateCPU="0.0109253" AvgRowSize="15" EstimatedTotalSubtreeCost="8.12805" Parallel="0" EstimateRebinds="0" EstimateRewinds="0" EstimatedExecutionMode="Row">
                                      <OutputList>
                                        <ColumnReference Database="[OurLabReporting]" Schema="[dbo]" Table="[Failure]" Alias="[F]" Column="Id" />
                                        <ColumnReference Database="[OurLabReporting]" Schema="[dbo]" Table="[ResolvedTED]" Column="MixId" />
                                      </OutputList>
                                      <NestedLoops Optimized="1" WithUnorderedPrefetch="1">
                                        <OuterReferences>
                                          <ColumnReference Database="[OurLabReporting]" Schema="[dbo]" Table="[Failure]" Alias="[F]" Column="TEUId" />
                                          <ColumnReference Column="Expr1022" />
                                        </OuterReferences>
                                        <RelOp NodeId="12" PhysicalOp="Nested Loops" LogicalOp="Inner Join" EstimateRows="2613.7" EstimateIO="0" EstimateCPU="0.0188147" AvgRowSize="23" EstimatedTotalSubtreeCost="0.0513381" Parallel="0" EstimateRebinds="0" EstimateRewinds="0" EstimatedExecutionMode="Row">
                                          <OutputList>
                                            <ColumnReference Database="[OurLabReporting]" Schema="[dbo]" Table="[Failure]" Alias="[F]" Column="Id" />
                                            <ColumnReference Database="[OurLabReporting]" Schema="[dbo]" Table="[Failure]" Alias="[F]" Column="TEUId" />
                                            <ColumnReference Database="[OurLabReporting]" Schema="[dbo]" Table="[ResolvedTED]" Column="MixId" />
                                          </OutputList>
                                          <NestedLoops Optimized="0">
                                            <OuterReferences>
                                              <ColumnReference Database="[OurLabReporting]" Schema="[dbo]" Table="[ResolvedTED]" Column="Id" />
                                            </OuterReferences>
                                            <RelOp NodeId="13" PhysicalOp="Index Seek" LogicalOp="Index Seek" EstimateRows="1.72587" EstimateIO="0.003125" EstimateCPU="0.000158898" AvgRowSize="15" EstimatedTotalSubtreeCost="0.0032839" TableCardinality="1.37085e+006" Parallel="0" EstimateRebinds="0" EstimateRewinds="0" EstimatedExecutionMode="Row">
                                              <OutputList>
                                                <ColumnReference Database="[OurLabReporting]" Schema="[dbo]" Table="[ResolvedTED]" Column="Id" />
                                                <ColumnReference Database="[OurLabReporting]" Schema="[dbo]" Table="[ResolvedTED]" Column="MixId" />
                                              </OutputList>
                                              <IndexScan Ordered="1" ScanDirection="FORWARD" ForcedIndex="0" ForceSeek="0" ForceScan="0" NoExpandHint="0" Storage="RowStore">
                                                <DefinedValues>
                                                  <DefinedValue>
                                                    <ColumnReference Database="[OurLabReporting]" Schema="[dbo]" Table="[ResolvedTED]" Column="Id" />
                                                  </DefinedValue>
                                                  <DefinedValue>
                                                    <ColumnReference Database="[OurLabReporting]" Schema="[dbo]" Table="[ResolvedTED]" Column="MixId" />
                                                  </DefinedValue>
                                                </DefinedValues>
                                                <Object Database="[OurLabReporting]" Schema="[dbo]" Table="[ResolvedTED]" Index="[ResolvedTED_IDX_MixId]" IndexKind="NonClustered" />
                                                <SeekPredicates>
                                                  <SeekPredicateNew>
                                                    <SeekKeys>
                                                      <Prefix ScanType="EQ">
                                                        <RangeColumns>
                                                          <ColumnReference Database="[OurLabReporting]" Schema="[dbo]" Table="[ResolvedTED]" Column="MixId" />
                                                        </RangeColumns>
                                                        <RangeExpressions>
                                                          <ScalarOperator ScalarString="[OurLabReporting].[dbo].[Mix].[Id]">
                                                            <Identifier>
                                                              <ColumnReference Database="[OurLabReporting]" Schema="[dbo]" Table="[Mix]" Column="Id" />
                                                            </Identifier>
                                                          </ScalarOperator>
                                                        </RangeExpressions>
                                                      </Prefix>
                                                    </SeekKeys>
                                                  </SeekPredicateNew>
                                                </SeekPredicates>
                                              </IndexScan>
                                            </RelOp>
                                            <RelOp NodeId="14" PhysicalOp="Index Seek" LogicalOp="Index Seek" EstimateRows="2608.03" EstimateIO="0.0179398" EstimateCPU="0.00302583" AvgRowSize="19" EstimatedTotalSubtreeCost="0.0292395" TableCardinality="3.38967e+007" Parallel="0" EstimateRebinds="0.725873" EstimateRewinds="0" EstimatedExecutionMode="Row">
                                              <OutputList>
                                                <ColumnReference Database="[OurLabReporting]" Schema="[dbo]" Table="[Failure]" Alias="[F]" Column="Id" />
                                                <ColumnReference Database="[OurLabReporting]" Schema="[dbo]" Table="[Failure]" Alias="[F]" Column="TEUId" />
                                              </OutputList>
                                              <IndexScan Ordered="1" ScanDirection="FORWARD" ForcedIndex="0" ForceSeek="0" ForceScan="0" NoExpandHint="0" Storage="RowStore">
                                                <DefinedValues>
                                                  <DefinedValue>
                                                    <ColumnReference Database="[OurLabReporting]" Schema="[dbo]" Table="[Failure]" Alias="[F]" Column="Id" />
                                                  </DefinedValue>
                                                  <DefinedValue>
                                                    <ColumnReference Database="[OurLabReporting]" Schema="[dbo]" Table="[Failure]" Alias="[F]" Column="TEUId" />
                                                  </DefinedValue>
                                                </DefinedValues>
                                                <Object Database="[OurLabReporting]" Schema="[dbo]" Table="[Failure]" Index="[Failure_IDX_ResolvedTED]" Alias="[F]" IndexKind="NonClustered" />
                                                <SeekPredicates>
                                                  <SeekPredicateNew>
                                                    <SeekKeys>
                                                      <Prefix ScanType="EQ">
                                                        <RangeColumns>
                                                          <ColumnReference Database="[OurLabReporting]" Schema="[dbo]" Table="[Failure]" Alias="[F]" Column="ResolvedTEDId" />
                                                        </RangeColumns>
                                                        <RangeExpressions>
                                                          <ScalarOperator ScalarString="[OurLabReporting].[dbo].[ResolvedTED].[Id]">
                                                            <Identifier>
                                                              <ColumnReference Database="[OurLabReporting]" Schema="[dbo]" Table="[ResolvedTED]" Column="Id" />
                                                            </Identifier>
                                                          </ScalarOperator>
                                                        </RangeExpressions>
                                                      </Prefix>
                                                    </SeekKeys>
                                                  </SeekPredicateNew>
                                                </SeekPredicates>
                                              </IndexScan>
                                            </RelOp>
                                          </NestedLoops>
                                        </RelOp>
                                        <RelOp NodeId="15" PhysicalOp="Index Seek" LogicalOp="Index Seek" EstimateRows="1" EstimateIO="0.003125" EstimateCPU="0.0001581" AvgRowSize="9" EstimatedTotalSubtreeCost="8.06453" TableCardinality="4.12025e+007" Parallel="0" EstimateRebinds="2612.61" EstimateRewinds="0.0909482" EstimatedExecutionMode="Row">
                                          <OutputList />
                                          <IndexScan Ordered="1" ScanDirection="FORWARD" ForcedIndex="0" ForceSeek="0" ForceScan="0" NoExpandHint="0" Storage="RowStore">
                                            <DefinedValues />
                                            <Object Database="[OurLabReporting]" Schema="[dbo]" Table="[TEU]" Index="[Teu_IDX_Id]" IndexKind="NonClustered" />
                                            <SeekPredicates>
                                              <SeekPredicateNew>
                                                <SeekKeys>
                                                  <Prefix ScanType="EQ">
                                                    <RangeColumns>
                                                      <ColumnReference Database="[OurLabReporting]" Schema="[dbo]" Table="[TEU]" Column="Id" />
                                                    </RangeColumns>
                                                    <RangeExpressions>
                                                      <ScalarOperator ScalarString="[OurLabReporting].[dbo].[Failure].[TEUId] as [F].[TEUId]">
                                                        <Identifier>
                                                          <ColumnReference Database="[OurLabReporting]" Schema="[dbo]" Table="[Failure]" Alias="[F]" Column="TEUId" />
                                                        </Identifier>
                                                      </ScalarOperator>
                                                    </RangeExpressions>
                                                  </Prefix>
                                                </SeekKeys>
                                              </SeekPredicateNew>
                                            </SeekPredicates>
                                            <Predicate>
                                              <ScalarOperator ScalarString="[OurLabReporting].[dbo].[TEU].[IsRerunPrimary]=(1)">
                                                <Compare CompareOp="EQ">
                                                  <ScalarOperator>
                                                    <Identifier>
                                                      <ColumnReference Database="[OurLabReporting]" Schema="[dbo]" Table="[TEU]" Column="IsRerunPrimary" />
                                                    </Identifier>
                                                  </ScalarOperator>
                                                  <ScalarOperator>
                                                    <Const ConstValue="(1)" />
                                                  </ScalarOperator>
                                                </Compare>
                                              </ScalarOperator>
                                            </Predicate>
                                          </IndexScan>
                                        </RelOp>
                                      </NestedLoops>
                                    </RelOp>
                                    <RelOp NodeId="16" PhysicalOp="Index Seek" LogicalOp="Index Seek" EstimateRows="1.00311" EstimateIO="0.003125" EstimateCPU="0.000158103" AvgRowSize="11" EstimatedTotalSubtreeCost="7.65879" TableCardinality="5.01329e+006" Parallel="0" EstimateRebinds="2612.7" EstimateRewinds="0.00170372" EstimatedExecutionMode="Row">
                                      <OutputList>
                                        <ColumnReference Database="[OurLabReporting]" Schema="[dbo]" Table="[FailureBugMapping]" Column="BugId" />
                                      </OutputList>
                                      <IndexScan Ordered="1" ScanDirection="FORWARD" ForcedIndex="0" ForceSeek="0" ForceScan="0" NoExpandHint="0" Storage="RowStore">
                                        <DefinedValues>
                                          <DefinedValue>
                                            <ColumnReference Database="[OurLabReporting]" Schema="[dbo]" Table="[FailureBugMapping]" Column="BugId" />
                                          </DefinedValue>
                                        </DefinedValues>
                                        <Object Database="[OurLabReporting]" Schema="[dbo]" Table="[FailureBugMapping]" Index="[FailureBugMapping_IDX_Failure]" IndexKind="NonClustered" />
                                        <SeekPredicates>
                                          <SeekPredicateNew>
                                            <SeekKeys>
                                              <Prefix ScanType="EQ">
                                                <RangeColumns>
                                                  <ColumnReference Database="[OurLabReporting]" Schema="[dbo]" Table="[FailureBugMapping]" Column="FailureId" />
                                                </RangeColumns>
                                                <RangeExpressions>
                                                  <ScalarOperator ScalarString="[OurLabReporting].[dbo].[Failure].[Id] as [F].[Id]">
                                                    <Identifier>
                                                      <ColumnReference Database="[OurLabReporting]" Schema="[dbo]" Table="[Failure]" Alias="[F]" Column="Id" />
                                                    </Identifier>
                                                  </ScalarOperator>
                                                </RangeExpressions>
                                              </Prefix>
                                            </SeekKeys>
                                          </SeekPredicateNew>
                                        </SeekPredicates>
                                      </IndexScan>
                                    </RelOp>
                                  </NestedLoops>
                                </RelOp>
                              </Sort>
                            </RelOp>
                          </StreamAggregate>
                        </RelOp>
                      </ComputeScalar>
                    </RelOp>
                  </NestedLoops>
                </RelOp>
              </Update>
            </RelOp>
            <ParameterList>
              <ColumnReference Column="@ScheduleId" ParameterCompiledValue="(1450753)" />
            </ParameterList>
          </QueryPlan>
        </StmtSimple>
        <StmtSimple StatementText=" SELECT a.*,&#xD;&#xA;    ISNULL(TotalFailures,0) as TotalFailureCount,&#xD;&#xA;    ISNULL(Failures,0) as UnResolvedFailureCount,&#xD;&#xA;    ISNULL(BugsByMix.BugCount,0) as BugCount,&#xD;&#xA;    ISNULL(MyFailures,0) as MyUnResolvedFailureCount&#xD;&#xA;    FROM &#xD;&#xA;    (&#xD;&#xA;&#x9;    SELECT mix.Id as MixId, mix.PackageName, mix.ContextName, mix.EffectiveContextName, mix.StartDate, mix.EndDate, mix.ScheduleId, &#xD;&#xA;&#x9;&#x9;      bf.Sku, bv.FullBuildNumber, st.[Status], bf.Architecture + bf.Type AS Flavor, &#xD;&#xA;&#x9;&#x9;      bf.Language + '-' + bf.Culture AS LanguageCulture, TEUCount.TotalTEUs, &#xD;&#xA;&#x9;          TEUCount.TEUsFailed AS FailedTEUs, TEUCount.TEUsNotScheduled AS NotScheduledTEUs, &#xD;&#xA;&#x9;          TEUCount.TEUsCompleted AS CompletedTEUs, TEUCount.PassTotal, &#xD;&#xA;&#x9;          TEUCount.FailTotal, TEUCount.WarnTotal, TEUCount.SkipTotal as SkippedTotal, &#xD;&#xA;&#x9;          TEUCount.BlockTotal as BlockedTotal, &#xD;&#xA;&#x9;          TEUCount.Total, &#xD;&#xA;&#x9;          TEUCount.WarnTotal + TEUCount.SkipTotal + TEUCount.BlockTotal AS WarnSkippedBlockedCount,&#xD;&#xA;&#x9;&#x9;       mix.EffectivePackageName,&#xD;&#xA;&#x9;&#x9;       mix.Comments, mix.RunLogDirectory&#xD;&#xA;               ,I.BSP&#xD;&#xA;               ,I.[Platform]&#xD;&#xA;               ,I.Firmware&#xD;&#xA;&#x9;    FROM  dbo.Mix AS mix WITH (NOLOCK) LEFT OUTER JOIN&#xD;&#xA;&#x9;&#x9;      dbo.BuildFlavor AS bf WITH (NOLOCK) ON mix.BuildFlavorId = bf.Id LEFT OUTER JOIN&#xD;&#xA;&#x9;&#x9;      dbo.BuildVersion AS bv WITH (NOLOCK) ON bv.Id = bf.BuildVersionId INNER JOIN&#xD;&#xA;&#x9;&#x9;      dbo.[Status] AS st WITH (NOLOCK) ON mix.StatusId = st.Id INNER JOIN&#xD;&#xA;&#x9;&#x9;      dbo.Schedule AS sch WITH (NOLOCK) ON mix.ScheduleId = sch.Id LEFT OUTER JOIN&#xD;&#xA;&#x9;          dbo.View_TEUAndTCCountsByMix AS TEUCount WITH (NOLOCK) ON Mix.Id = TEUCount.MixId &#xD;&#xA;              LEFT JOIN dbo.View_ImageInfo AS I WITH (NOLOCK) ON Mix.ImageId = I.ImageId&#xD;&#xA;    ) a      &#xD;&#xA;    left join (select mix.Id as mixid, count(DISTINCT F.Id) as TotalFailures&#xD;&#xA;&#x9;&#x9;&#x9;&#x9;      from dbo.View_PrimaryFailure AS F WITH (NOLOCK) &#xD;&#xA;&#x9;&#x9;&#x9;&#x9;      inner join dbo.ResolvedTED WITH (NOLOCK) on ResolvedTED.Id = F.ResolvedTEDId &#xD;&#xA;                      inner join dbo.Mix WITH (NOLOCK) on Mix.Id = resolvedted.mixid &#xD;&#xA;&#x9;&#x9;&#x9;&#x9;      group by Mix.Id&#xD;&#xA;&#x9;&#x9;&#x9;&#x9;      ) TotalFailuresByMix on TotalFailuresByMix.MixId=a.MixId&#xD;&#xA;    left join (select mix.Id as mixid, count(DISTINCT F.Id) as Failures&#xD;&#xA;&#x9;&#x9;&#x9;&#x9;      from dbo.View_PrimaryFailure AS F WITH (NOLOCK) &#xD;&#xA;&#x9;&#x9;&#x9;&#x9;      inner join dbo.ResolvedTED WITH (NOLOCK) on ResolvedTED.Id = F.ResolvedTEDId &#xD;&#xA;                      inner join dbo.Mix WITH (NOLOCK) on Mix.Id = resolvedted.mixid &#xD;&#xA;&#x9;&#x9;&#x9;&#x9;      where F.StatusId != @StatusId &#xD;&#xA;&#x9;&#x9;&#x9;&#x9;      group by Mix.Id&#xD;&#xA;&#x9;&#x9;&#x9;&#x9;      ) FailuresByMix on FailuresByMix.MixId=a.MixId&#xD;&#xA;    left join (select mix.Id as mixid, count(DISTINCT F.Id) as MyFailures&#xD;&#xA;&#x9;&#x9;&#x9;&#x9;      from dbo.View_PrimaryFailure AS F WITH (NOLOCK) &#xD;&#xA;&#x9;&#x9;&#x9;&#x9;      inner join dbo.ResolvedTED WITH (NOLOCK) on ResolvedTED.Id = F.ResolvedTEDId &#xD;&#xA;            inner join dbo.Mix WITH (NOLOCK) on Mix.Id = resolvedted.mixid&#xD;&#xA;&#x9;&#x9;&#x9;&#x9;      where F.StatusId != @StatusId  &#xD;&#xA;&#x9;&#x9;&#x9;&#x9;      and assignedTo= @UserName  &#xD;&#xA;&#x9;&#x9;&#x9;&#x9;      group by Mix.Id &#xD;&#xA;&#x9;&#x9;&#x9;&#x9;      ) FailuresByMix2 on FailuresByMix2.MixId=a.MixId&#xD;&#xA;    left join @BugListForMix As BugsByMix on BugsByMix.MixId=a.MixId  &#xD;&#xA;    Where a.ScheduleId = @ScheduleId &#x9;&#x9;&#x9;&#x9;&#x9;&#x9;&#x9; &#xD;&#xA;    ORDER BY a.EffectivePackageName ASC, a.EffectiveContextName, a.StartDate ASC &#xD;" StatementId="4" StatementCompId="6" StatementType="SELECT" RetrievedFromCache="true" StatementSubTreeCost="28.0044" StatementEstRows="1" StatementOptmLevel="FULL" QueryHash="0x57DB9E2C2046CE2A" QueryPlanHash="0xCC34CDC8BF4B223B">
          <StatementSetOptions QUOTED_IDENTIFIER="true" ARITHABORT="true" CONCAT_NULL_YIELDS_NULL="true" ANSI_NULLS="true" ANSI_PADDING="true" ANSI_WARNINGS="true" NUMERIC_ROUNDABORT="false" />
          <QueryPlan NonParallelPlanReason="MaxDOPSetToOne" CachedPlanSize="248" CompileTime="532" CompileCPU="516" CompileMemory="11336">
            <MemoryGrantInfo SerialRequiredMemory="3072" SerialDesiredMemory="4288" />
            <OptimizerHardwareDependentProperties EstimatedAvailableMemoryGrant="193313" EstimatedPagesCached="773254" EstimatedAvailableDegreeOfParallelism="1" />
            <RelOp NodeId="0" PhysicalOp="Compute Scalar" LogicalOp="Compute Scalar" EstimateRows="1" EstimateIO="0" EstimateCPU="1e-007" AvgRowSize="2768" EstimatedTotalSubtreeCost="28.0044" Parallel="0" EstimateRebinds="0" EstimateRewinds="0" EstimatedExecutionMode="Row">
              <OutputList>
                <ColumnReference Database="[OurLabReporting]" Schema="[dbo]" Table="[Mix]" Alias="[mix]" Column="Id" />
                <ColumnReference Database="[OurLabReporting]" Schema="[dbo]" Table="[Mix]" Alias="[mix]" Column="ScheduleId" />
                <ColumnReference Database="[OurLabReporting]" Schema="[dbo]" Table="[Mix]" Alias="[mix]" Column="StartDate" />
                <ColumnReference Database="[OurLabReporting]" Schema="[dbo]" Table="[Mix]" Alias="[mix]" Column="EndDate" />
                <ColumnReference Database="[OurLabReporting]" Schema="[dbo]" Table="[Mix]" Alias="[mix]" Column="EffectiveContextName" />
                <ColumnReference Database="[OurLabReporting]" Schema="[dbo]" Table="[Mix]" Alias="[mix]" Column="EffectivePackageName" />
                <ColumnReference Database="[OurLabReporting]" Schema="[dbo]" Table="[Mix]" Alias="[mix]" Column="PackageName" />
                <ColumnReference Database="[OurLabReporting]" Schema="[dbo]" Table="[Mix]" Alias="[mix]" Column="ContextName" />
                <ColumnReference Database="[OurLabReporting]" Schema="[dbo]" Table="[Mix]" Alias="[mix]" Column="RunLogDirectory" />
                <ColumnReference Database="[OurLabReporting]" Schema="[dbo]" Table="[Mix]" Alias="[mix]" Column="Comments" />
                <ColumnReference Database="[OurLabReporting]" Schema="[dbo]" Table="[BuildFlavor]" Alias="[bf]" Column="Sku" />
                <ColumnReference Database="[OurLabReporting]" Schema="[dbo]" Table="[BuildVersion]" Alias="[bv]" Column="FullBuildNumber" />
                <ColumnReference Database="[OurLabReporting]" Schema="[dbo]" Table="[Status]" Alias="[st]" Column="Status" />
                <ColumnReference Column="Expr1014" />
                <ColumnReference Column="Expr1016" />
                <ColumnReference Column="Expr1017" />
                <ColumnReference Column="Expr1020" />
                <ColumnReference Column="Expr1021" />
                <ColumnReference Column="Expr1022" />
                <ColumnReference Column="Expr1023" />
                <ColumnReference Column="Expr1024" />
                <ColumnReference Column="Expr1025" />
                <ColumnReference Column="Expr1026" />
                <ColumnReference Database="[OurLabReporting]" Schema="[dbo]" Table="[PlatformBspFirmware]" Alias="[F]" Column="Name" />
                <ColumnReference Database="[OurLabReporting]" Schema="[dbo]" Table="[PlatformBsp]" Alias="[BSP]" Column="Name" />
                <ColumnReference Database="[OurLabReporting]" Schema="[dbo]" Table="[Platform]" Alias="[P]" Column="Name" />
                <ColumnReference Column="Expr1037" />
                <ColumnReference Column="Expr1038" />
                <ColumnReference Column="Expr1039" />
                <ColumnReference Column="Expr1085" />
                <ColumnReference Column="Expr1086" />
                <ColumnReference Column="Expr1087" />
                <ColumnReference Column="Expr1088" />
              </OutputList>
              <ComputeScalar>
                <DefinedValues>
                  <DefinedValue>
                    <ColumnReference Column="Expr1039" />
                    <ScalarOperator ScalarString="[Expr1023]+[Expr1024]+[Expr1025]">
                      <Arithmetic Operation="ADD">
                        <ScalarOperator>
                          <Arithmetic Operation="ADD">
                            <ScalarOperator>
                              <Identifier>
                                <ColumnReference Column="Expr1023" />
                              </Identifier>
                            </ScalarOperator>
                            <ScalarOperator>
                              <Identifier>
                                <ColumnReference Column="Expr1024" />
                              </Identifier>
                            </ScalarOperator>
                          </Arithmetic>
                        </ScalarOperator>
                        <ScalarOperator>
                          <Identifier>
                            <ColumnReference Column="Expr1025" />
                          </Identifier>
                        </ScalarOperator>
                      </Arithmetic>
                    </ScalarOperator>
                  </DefinedValue>
                  <DefinedValue>
                    <ColumnReference Column="Expr1085" />
                    <ScalarOperator ScalarString="isnull([Expr1053],(0))">
                      <Intrinsic FunctionName="isnull">
                        <ScalarOperator>
                          <Identifier>
                            <ColumnReference Column="Expr1053" />
                          </Identifier>
                        </ScalarOperator>
                        <ScalarOperator>
                          <Const ConstValue="(0)" />
                        </ScalarOperator>
                      </Intrinsic>
                    </ScalarOperator>
                  </DefinedValue>
                  <DefinedValue>
                    <ColumnReference Column="Expr1086" />
                    <ScalarOperator ScalarString="isnull([Expr1067],(0))">
                      <Intrinsic FunctionName="isnull">
                        <ScalarOperator>
                          <Identifier>
                            <ColumnReference Column="Expr1067" />
                          </Identifier>
                        </ScalarOperator>
                        <ScalarOperator>
                          <Const ConstValue="(0)" />
                        </ScalarOperator>
                      </Intrinsic>
                    </ScalarOperator>
                  </DefinedValue>
                  <DefinedValue>
                    <ColumnReference Column="Expr1087" />
                    <ScalarOperator ScalarString="isnull(@BugListForMix.[BugCount] as [BugsByMix].[BugCount],(0))">
                      <Intrinsic FunctionName="isnull">
                        <ScalarOperator>
                          <Identifier>
                            <ColumnReference Table="@BugListForMix" Alias="[BugsByMix]" Column="BugCount" />
                          </Identifier>
                        </ScalarOperator>
                        <ScalarOperator>
                          <Const ConstValue="(0)" />
                        </ScalarOperator>
                      </Intrinsic>
                    </ScalarOperator>
                  </DefinedValue>
                  <DefinedValue>
                    <ColumnReference Column="Expr1088" />
                    <ScalarOperator ScalarString="isnull([Expr1081],(0))">
                      <Intrinsic FunctionName="isnull">
                        <ScalarOperator>
                          <Identifier>
                            <ColumnReference Column="Expr1081" />
                          </Identifier>
                        </ScalarOperator>
                        <ScalarOperator>
                          <Const ConstValue="(0)" />
                        </ScalarOperator>
                      </Intrinsic>
                    </ScalarOperator>
                  </DefinedValue>
                </DefinedValues>
                <RelOp NodeId="1" PhysicalOp="Nested Loops" LogicalOp="Left Outer Join" EstimateRows="1" EstimateIO="0" EstimateCPU="4.18e-006" AvgRowSize="2763" EstimatedTotalSubtreeCost="28.0044" Parallel="0" EstimateRebinds="0" EstimateRewinds="0" EstimatedExecutionMode="Row">
                  <OutputList>
                    <ColumnReference Database="[OurLabReporting]" Schema="[dbo]" Table="[Mix]" Alias="[mix]" Column="Id" />
                    <ColumnReference Database="[OurLabReporting]" Schema="[dbo]" Table="[Mix]" Alias="[mix]" Column="ScheduleId" />
                    <ColumnReference Database="[OurLabReporting]" Schema="[dbo]" Table="[Mix]" Alias="[mix]" Column="StartDate" />
                    <ColumnReference Database="[OurLabReporting]" Schema="[dbo]" Table="[Mix]" Alias="[mix]" Column="EndDate" />
                    <ColumnReference Database="[OurLabReporting]" Schema="[dbo]" Table="[Mix]" Alias="[mix]" Column="EffectiveContextName" />
                    <ColumnReference Database="[OurLabReporting]" Schema="[dbo]" Table="[Mix]" Alias="[mix]" Column="EffectivePackageName" />
                    <ColumnReference Database="[OurLabReporting]" Schema="[dbo]" Table="[Mix]" Alias="[mix]" Column="PackageName" />
                    <ColumnReference Database="[OurLabReporting]" Schema="[dbo]" Table="[Mix]" Alias="[mix]" Column="ContextName" />
                    <ColumnReference Database="[OurLabReporting]" Schema="[dbo]" Table="[Mix]" Alias="[mix]" Column="RunLogDirectory" />
                    <ColumnReference Database="[OurLabReporting]" Schema="[dbo]" Table="[Mix]" Alias="[mix]" Column="Comments" />
                    <ColumnReference Database="[OurLabReporting]" Schema="[dbo]" Table="[BuildFlavor]" Alias="[bf]" Column="Sku" />
                    <ColumnReference Database="[OurLabReporting]" Schema="[dbo]" Table="[BuildVersion]" Alias="[bv]" Column="FullBuildNumber" />
                    <ColumnReference Database="[OurLabReporting]" Schema="[dbo]" Table="[Status]" Alias="[st]" Column="Status" />
                    <ColumnReference Column="Expr1014" />
                    <ColumnReference Column="Expr1016" />
                    <ColumnReference Column="Expr1017" />
                    <ColumnReference Column="Expr1020" />
                    <ColumnReference Column="Expr1021" />
                    <ColumnReference Column="Expr1022" />
                    <ColumnReference Column="Expr1023" />
                    <ColumnReference Column="Expr1024" />
                    <ColumnReference Column="Expr1025" />
                    <ColumnReference Column="Expr1026" />
                    <ColumnReference Database="[OurLabReporting]" Schema="[dbo]" Table="[PlatformBspFirmware]" Alias="[F]" Column="Name" />
                    <ColumnReference Database="[OurLabReporting]" Schema="[dbo]" Table="[PlatformBsp]" Alias="[BSP]" Column="Name" />
                    <ColumnReference Database="[OurLabReporting]" Schema="[dbo]" Table="[Platform]" Alias="[P]" Column="Name" />
                    <ColumnReference Column="Expr1037" />
                    <ColumnReference Column="Expr1038" />
                    <ColumnReference Column="Expr1053" />
                    <ColumnReference Column="Expr1067" />
                    <ColumnReference Column="Expr1081" />
                    <ColumnReference Table="@BugListForMix" Alias="[BugsByMix]" Column="BugCount" />
                  </OutputList>
                  <NestedLoops Optimized="0">
                    <Predicate>
                      <ScalarOperator ScalarString="@BugListForMix.[MixId] as [BugsByMix].[MixId]=[OurLabReporting].[dbo].[Mix].[Id] as [mix].[Id]">
                        <Compare CompareOp="EQ">
                          <ScalarOperator>
                            <Identifier>
                              <ColumnReference Table="@BugListForMix" Alias="[BugsByMix]" Column="MixId" />
                            </Identifier>
                          </ScalarOperator>
                          <ScalarOperator>
                            <Identifier>
                              <ColumnReference Database="[OurLabReporting]" Schema="[dbo]" Table="[Mix]" Alias="[mix]" Column="Id" />
                            </Identifier>
                          </ScalarOperator>
                        </Compare>
                      </ScalarOperator>
                    </Predicate>
                    <RelOp NodeId="2" PhysicalOp="Nested Loops" LogicalOp="Left Outer Join" EstimateRows="1" EstimateIO="0" EstimateCPU="4.18e-006" AvgRowSize="2759" EstimatedTotalSubtreeCost="28.0011" Parallel="0" EstimateRebinds="0" EstimateRewinds="0" EstimatedExecutionMode="Row">
                      <OutputList>
                        <ColumnReference Database="[OurLabReporting]" Schema="[dbo]" Table="[Mix]" Alias="[mix]" Column="Id" />
                        <ColumnReference Database="[OurLabReporting]" Schema="[dbo]" Table="[Mix]" Alias="[mix]" Column="ScheduleId" />
                        <ColumnReference Database="[OurLabReporting]" Schema="[dbo]" Table="[Mix]" Alias="[mix]" Column="StartDate" />
                        <ColumnReference Database="[OurLabReporting]" Schema="[dbo]" Table="[Mix]" Alias="[mix]" Column="EndDate" />
                        <ColumnReference Database="[OurLabReporting]" Schema="[dbo]" Table="[Mix]" Alias="[mix]" Column="EffectiveContextName" />
                        <ColumnReference Database="[OurLabReporting]" Schema="[dbo]" Table="[Mix]" Alias="[mix]" Column="EffectivePackageName" />
                        <ColumnReference Database="[OurLabReporting]" Schema="[dbo]" Table="[Mix]" Alias="[mix]" Column="PackageName" />
                        <ColumnReference Database="[OurLabReporting]" Schema="[dbo]" Table="[Mix]" Alias="[mix]" Column="ContextName" />
                        <ColumnReference Database="[OurLabReporting]" Schema="[dbo]" Table="[Mix]" Alias="[mix]" Column="RunLogDirectory" />
                        <ColumnReference Database="[OurLabReporting]" Schema="[dbo]" Table="[Mix]" Alias="[mix]" Column="Comments" />
                        <ColumnReference Database="[OurLabReporting]" Schema="[dbo]" Table="[BuildFlavor]" Alias="[bf]" Column="Sku" />
                        <ColumnReference Database="[OurLabReporting]" Schema="[dbo]" Table="[BuildVersion]" Alias="[bv]" Column="FullBuildNumber" />
                        <ColumnReference Database="[OurLabReporting]" Schema="[dbo]" Table="[Status]" Alias="[st]" Column="Status" />
                        <ColumnReference Column="Expr1014" />
                        <ColumnReference Column="Expr1016" />
                        <ColumnReference Column="Expr1017" />
                        <ColumnReference Column="Expr1020" />
                        <ColumnReference Column="Expr1021" />
                        <ColumnReference Column="Expr1022" />
                        <ColumnReference Column="Expr1023" />
                        <ColumnReference Column="Expr1024" />
                        <ColumnReference Column="Expr1025" />
                        <ColumnReference Column="Expr1026" />
                        <ColumnReference Database="[OurLabReporting]" Schema="[dbo]" Table="[PlatformBspFirmware]" Alias="[F]" Column="Name" />
                        <ColumnReference Database="[OurLabReporting]" Schema="[dbo]" Table="[PlatformBsp]" Alias="[BSP]" Column="Name" />
                        <ColumnReference Database="[OurLabReporting]" Schema="[dbo]" Table="[Platform]" Alias="[P]" Column="Name" />
                        <ColumnReference Column="Expr1037" />
                        <ColumnReference Column="Expr1038" />
                        <ColumnReference Column="Expr1053" />
                        <ColumnReference Column="Expr1067" />
                        <ColumnReference Column="Expr1081" />
                      </OutputList>
                      <NestedLoops Optimized="0">
                        <OuterReferences>
                          <ColumnReference Database="[OurLabReporting]" Schema="[dbo]" Table="[Mix]" Alias="[mix]" Column="Id" />
                        </OuterReferences>
                        <RelOp NodeId="3" PhysicalOp="Nested Loops" LogicalOp="Left Outer Join" EstimateRows="1" EstimateIO="0" EstimateCPU="4.18e-006" AvgRowSize="2755" EstimatedTotalSubtreeCost="27.9856" Parallel="0" EstimateRebinds="0" EstimateRewinds="0" EstimatedExecutionMode="Row">
                          <OutputList>
                            <ColumnReference Database="[OurLabReporting]" Schema="[dbo]" Table="[Mix]" Alias="[mix]" Column="Id" />
                            <ColumnReference Database="[OurLabReporting]" Schema="[dbo]" Table="[Mix]" Alias="[mix]" Column="ScheduleId" />
                            <ColumnReference Database="[OurLabReporting]" Schema="[dbo]" Table="[Mix]" Alias="[mix]" Column="StartDate" />
                            <ColumnReference Database="[OurLabReporting]" Schema="[dbo]" Table="[Mix]" Alias="[mix]" Column="EndDate" />
                            <ColumnReference Database="[OurLabReporting]" Schema="[dbo]" Table="[Mix]" Alias="[mix]" Column="EffectiveContextName" />
                            <ColumnReference Database="[OurLabReporting]" Schema="[dbo]" Table="[Mix]" Alias="[mix]" Column="EffectivePackageName" />
                            <ColumnReference Database="[OurLabReporting]" Schema="[dbo]" Table="[Mix]" Alias="[mix]" Column="PackageName" />
                            <ColumnReference Database="[OurLabReporting]" Schema="[dbo]" Table="[Mix]" Alias="[mix]" Column="ContextName" />
                            <ColumnReference Database="[OurLabReporting]" Schema="[dbo]" Table="[Mix]" Alias="[mix]" Column="RunLogDirectory" />
                            <ColumnReference Database="[OurLabReporting]" Schema="[dbo]" Table="[Mix]" Alias="[mix]" Column="Comments" />
                            <ColumnReference Database="[OurLabReporting]" Schema="[dbo]" Table="[BuildFlavor]" Alias="[bf]" Column="Sku" />
                            <ColumnReference Database="[OurLabReporting]" Schema="[dbo]" Table="[BuildVersion]" Alias="[bv]" Column="FullBuildNumber" />
                            <ColumnReference Database="[OurLabReporting]" Schema="[dbo]" Table="[Status]" Alias="[st]" Column="Status" />
                            <ColumnReference Column="Expr1014" />
                            <ColumnReference Column="Expr1016" />
                            <ColumnReference Column="Expr1017" />
                            <ColumnReference Column="Expr1020" />
                            <ColumnReference Column="Expr1021" />
                            <ColumnReference Column="Expr1022" />
                            <ColumnReference Column="Expr1023" />
                            <ColumnReference Column="Expr1024" />
                            <ColumnReference Column="Expr1025" />
                            <ColumnReference Column="Expr1026" />
                            <ColumnReference Database="[OurLabReporting]" Schema="[dbo]" Table="[PlatformBspFirmware]" Alias="[F]" Column="Name" />
                            <ColumnReference Database="[OurLabReporting]" Schema="[dbo]" Table="[PlatformBsp]" Alias="[BSP]" Column="Name" />
                            <ColumnReference Database="[OurLabReporting]" Schema="[dbo]" Table="[Platform]" Alias="[P]" Column="Name" />
                            <ColumnReference Column="Expr1037" />
                            <ColumnReference Column="Expr1038" />
                            <ColumnReference Column="Expr1053" />
                            <ColumnReference Column="Expr1067" />
                          </OutputList>
                          <NestedLoops Optimized="0">
                            <OuterReferences>
                              <ColumnReference Database="[OurLabReporting]" Schema="[dbo]" Table="[Mix]" Alias="[mix]" Column="Id" />
                            </OuterReferences>
                            <RelOp NodeId="4" PhysicalOp="Nested Loops" LogicalOp="Left Outer Join" EstimateRows="1" EstimateIO="0" EstimateCPU="4.18e-006" AvgRowSize="2751" EstimatedTotalSubtreeCost="14.0178" Parallel="0" EstimateRebinds="0" EstimateRewinds="0" EstimatedExecutionMode="Row">
                              <OutputList>
                                <ColumnReference Database="[OurLabReporting]" Schema="[dbo]" Table="[Mix]" Alias="[mix]" Column="Id" />
                                <ColumnReference Database="[OurLabReporting]" Schema="[dbo]" Table="[Mix]" Alias="[mix]" Column="ScheduleId" />
                                <ColumnReference Database="[OurLabReporting]" Schema="[dbo]" Table="[Mix]" Alias="[mix]" Column="StartDate" />
                                <ColumnReference Database="[OurLabReporting]" Schema="[dbo]" Table="[Mix]" Alias="[mix]" Column="EndDate" />
                                <ColumnReference Database="[OurLabReporting]" Schema="[dbo]" Table="[Mix]" Alias="[mix]" Column="EffectiveContextName" />
                                <ColumnReference Database="[OurLabReporting]" Schema="[dbo]" Table="[Mix]" Alias="[mix]" Column="EffectivePackageName" />
                                <ColumnReference Database="[OurLabReporting]" Schema="[dbo]" Table="[Mix]" Alias="[mix]" Column="PackageName" />
                                <ColumnReference Database="[OurLabReporting]" Schema="[dbo]" Table="[Mix]" Alias="[mix]" Column="ContextName" />
                                <ColumnReference Database="[OurLabReporting]" Schema="[dbo]" Table="[Mix]" Alias="[mix]" Column="RunLogDirectory" />
                                <ColumnReference Database="[OurLabReporting]" Schema="[dbo]" Table="[Mix]" Alias="[mix]" Column="Comments" />
                                <ColumnReference Database="[OurLabReporting]" Schema="[dbo]" Table="[BuildFlavor]" Alias="[bf]" Column="Sku" />
                                <ColumnReference Database="[OurLabReporting]" Schema="[dbo]" Table="[BuildVersion]" Alias="[bv]" Column="FullBuildNumber" />
                                <ColumnReference Database="[OurLabReporting]" Schema="[dbo]" Table="[Status]" Alias="[st]" Column="Status" />
                                <ColumnReference Column="Expr1014" />
                                <ColumnReference Column="Expr1016" />
                                <ColumnReference Column="Expr1017" />
                                <ColumnReference Column="Expr1020" />
                                <ColumnReference Column="Expr1021" />
                                <ColumnReference Column="Expr1022" />
                                <ColumnReference Column="Expr1023" />
                                <ColumnReference Column="Expr1024" />
                                <ColumnReference Column="Expr1025" />
                                <ColumnReference Column="Expr1026" />
                                <ColumnReference Database="[OurLabReporting]" Schema="[dbo]" Table="[PlatformBspFirmware]" Alias="[F]" Column="Name" />
                                <ColumnReference Database="[OurLabReporting]" Schema="[dbo]" Table="[PlatformBsp]" Alias="[BSP]" Column="Name" />
                                <ColumnReference Database="[OurLabReporting]" Schema="[dbo]" Table="[Platform]" Alias="[P]" Column="Name" />
                                <ColumnReference Column="Expr1037" />
                                <ColumnReference Column="Expr1038" />
                                <ColumnReference Column="Expr1053" />
                              </OutputList>
                              <NestedLoops Optimized="0">
                                <OuterReferences>
                                  <ColumnReference Database="[OurLabReporting]" Schema="[dbo]" Table="[Mix]" Alias="[mix]" Column="Id" />
                                </OuterReferences>
                                <RelOp NodeId="5" PhysicalOp="Nested Loops" LogicalOp="Left Outer Join" EstimateRows="1" EstimateIO="0" EstimateCPU="4.18e-006" AvgRowSize="2747" EstimatedTotalSubtreeCost="0.0519855" Parallel="0" EstimateRebinds="0" EstimateRewinds="0" EstimatedExecutionMode="Row">
                                  <OutputList>
                                    <ColumnReference Database="[OurLabReporting]" Schema="[dbo]" Table="[Mix]" Alias="[mix]" Column="Id" />
                                    <ColumnReference Database="[OurLabReporting]" Schema="[dbo]" Table="[Mix]" Alias="[mix]" Column="ScheduleId" />
                                    <ColumnReference Database="[OurLabReporting]" Schema="[dbo]" Table="[Mix]" Alias="[mix]" Column="StartDate" />
                                    <ColumnReference Database="[OurLabReporting]" Schema="[dbo]" Table="[Mix]" Alias="[mix]" Column="EndDate" />
                                    <ColumnReference Database="[OurLabReporting]" Schema="[dbo]" Table="[Mix]" Alias="[mix]" Column="EffectiveContextName" />
                                    <ColumnReference Database="[OurLabReporting]" Schema="[dbo]" Table="[Mix]" Alias="[mix]" Column="EffectivePackageName" />
                                    <ColumnReference Database="[OurLabReporting]" Schema="[dbo]" Table="[Mix]" Alias="[mix]" Column="PackageName" />
                                    <ColumnReference Database="[OurLabReporting]" Schema="[dbo]" Table="[Mix]" Alias="[mix]" Column="ContextName" />
                                    <ColumnReference Database="[OurLabReporting]" Schema="[dbo]" Table="[Mix]" Alias="[mix]" Column="RunLogDirectory" />
                                    <ColumnReference Database="[OurLabReporting]" Schema="[dbo]" Table="[Mix]" Alias="[mix]" Column="Comments" />
                                    <ColumnReference Database="[OurLabReporting]" Schema="[dbo]" Table="[BuildFlavor]" Alias="[bf]" Column="Sku" />
                                    <ColumnReference Database="[OurLabReporting]" Schema="[dbo]" Table="[BuildVersion]" Alias="[bv]" Column="FullBuildNumber" />
                                    <ColumnReference Database="[OurLabReporting]" Schema="[dbo]" Table="[Status]" Alias="[st]" Column="Status" />
                                    <ColumnReference Column="Expr1014" />
                                    <ColumnReference Column="Expr1016" />
                                    <ColumnReference Column="Expr1017" />
                                    <ColumnReference Column="Expr1020" />
                                    <ColumnReference Column="Expr1021" />
                                    <ColumnReference Column="Expr1022" />
                                    <ColumnReference Column="Expr1023" />
                                    <ColumnReference Column="Expr1024" />
                                    <ColumnReference Column="Expr1025" />
                                    <ColumnReference Column="Expr1026" />
                                    <ColumnReference Database="[OurLabReporting]" Schema="[dbo]" Table="[PlatformBspFirmware]" Alias="[F]" Column="Name" />
                                    <ColumnReference Database="[OurLabReporting]" Schema="[dbo]" Table="[PlatformBsp]" Alias="[BSP]" Column="Name" />
                                    <ColumnReference Database="[OurLabReporting]" Schema="[dbo]" Table="[Platform]" Alias="[P]" Column="Name" />
                                    <ColumnReference Column="Expr1037" />
                                    <ColumnReference Column="Expr1038" />
                                  </OutputList>
                                  <NestedLoops Optimized="0">
                                    <OuterReferences>
                                      <ColumnReference Database="[OurLabReporting]" Schema="[dbo]" Table="[Mix]" Alias="[mix]" Column="ImageId" />
                                    </OuterReferences>
                                    <RelOp NodeId="6" PhysicalOp="Nested Loops" LogicalOp="Left Outer Join" EstimateRows="1" EstimateIO="0" EstimateCPU="4.18e-006" AvgRowSize="2594" EstimatedTotalSubtreeCost="0.0388364" Parallel="0" EstimateRebinds="0" EstimateRewinds="0" EstimatedExecutionMode="Row">
                                      <OutputList>
                                        <ColumnReference Database="[OurLabReporting]" Schema="[dbo]" Table="[Mix]" Alias="[mix]" Column="Id" />
                                        <ColumnReference Database="[OurLabReporting]" Schema="[dbo]" Table="[Mix]" Alias="[mix]" Column="ScheduleId" />
                                        <ColumnReference Database="[OurLabReporting]" Schema="[dbo]" Table="[Mix]" Alias="[mix]" Column="StartDate" />
                                        <ColumnReference Database="[OurLabReporting]" Schema="[dbo]" Table="[Mix]" Alias="[mix]" Column="EndDate" />
                                        <ColumnReference Database="[OurLabReporting]" Schema="[dbo]" Table="[Mix]" Alias="[mix]" Column="EffectiveContextName" />
                                        <ColumnReference Database="[OurLabReporting]" Schema="[dbo]" Table="[Mix]" Alias="[mix]" Column="EffectivePackageName" />
                                        <ColumnReference Database="[OurLabReporting]" Schema="[dbo]" Table="[Mix]" Alias="[mix]" Column="PackageName" />
                                        <ColumnReference Database="[OurLabReporting]" Schema="[dbo]" Table="[Mix]" Alias="[mix]" Column="ContextName" />
                                        <ColumnReference Database="[OurLabReporting]" Schema="[dbo]" Table="[Mix]" Alias="[mix]" Column="RunLogDirectory" />
                                        <ColumnReference Database="[OurLabReporting]" Schema="[dbo]" Table="[Mix]" Alias="[mix]" Column="Comments" />
                                        <ColumnReference Database="[OurLabReporting]" Schema="[dbo]" Table="[Mix]" Alias="[mix]" Column="ImageId" />
                                        <ColumnReference Database="[OurLabReporting]" Schema="[dbo]" Table="[BuildFlavor]" Alias="[bf]" Column="Sku" />
                                        <ColumnReference Database="[OurLabReporting]" Schema="[dbo]" Table="[BuildVersion]" Alias="[bv]" Column="FullBuildNumber" />
                                        <ColumnReference Database="[OurLabReporting]" Schema="[dbo]" Table="[Status]" Alias="[st]" Column="Status" />
                                        <ColumnReference Column="Expr1014" />
                                        <ColumnReference Column="Expr1016" />
                                        <ColumnReference Column="Expr1017" />
                                        <ColumnReference Column="Expr1020" />
                                        <ColumnReference Column="Expr1021" />
                                        <ColumnReference Column="Expr1022" />
                                        <ColumnReference Column="Expr1023" />
                                        <ColumnReference Column="Expr1024" />
                                        <ColumnReference Column="Expr1025" />
                                        <ColumnReference Column="Expr1026" />
                                        <ColumnReference Column="Expr1037" />
                                        <ColumnReference Column="Expr1038" />
                                      </OutputList>
                                      <NestedLoops Optimized="0">
                                        <OuterReferences>
                                          <ColumnReference Database="[OurLabReporting]" Schema="[dbo]" Table="[Mix]" Alias="[mix]" Column="Id" />
                                        </OuterReferences>
                                        <RelOp NodeId="7" PhysicalOp="Nested Loops" LogicalOp="Left Outer Join" EstimateRows="1" EstimateIO="0" EstimateCPU="4.18e-006" AvgRowSize="2552" EstimatedTotalSubtreeCost="0.0310828" Parallel="0" EstimateRebinds="0" EstimateRewinds="0" EstimatedExecutionMode="Row">
                                          <OutputList>
                                            <ColumnReference Database="[OurLabReporting]" Schema="[dbo]" Table="[Mix]" Alias="[mix]" Column="Id" />
                                            <ColumnReference Database="[OurLabReporting]" Schema="[dbo]" Table="[Mix]" Alias="[mix]" Column="ScheduleId" />
                                            <ColumnReference Database="[OurLabReporting]" Schema="[dbo]" Table="[Mix]" Alias="[mix]" Column="StartDate" />
                                            <ColumnReference Database="[OurLabReporting]" Schema="[dbo]" Table="[Mix]" Alias="[mix]" Column="EndDate" />
                                            <ColumnReference Database="[OurLabReporting]" Schema="[dbo]" Table="[Mix]" Alias="[mix]" Column="EffectiveContextName" />
                                            <ColumnReference Database="[OurLabReporting]" Schema="[dbo]" Table="[Mix]" Alias="[mix]" Column="EffectivePackageName" />
                                            <ColumnReference Database="[OurLabReporting]" Schema="[dbo]" Table="[Mix]" Alias="[mix]" Column="PackageName" />
                                            <ColumnReference Database="[OurLabReporting]" Schema="[dbo]" Table="[Mix]" Alias="[mix]" Column="ContextName" />
                                            <ColumnReference Database="[OurLabReporting]" Schema="[dbo]" Table="[Mix]" Alias="[mix]" Column="RunLogDirectory" />
                                            <ColumnReference Database="[OurLabReporting]" Schema="[dbo]" Table="[Mix]" Alias="[mix]" Column="Comments" />
                                            <ColumnReference Database="[OurLabReporting]" Schema="[dbo]" Table="[Mix]" Alias="[mix]" Column="ImageId" />
                                            <ColumnReference Database="[OurLabReporting]" Schema="[dbo]" Table="[BuildFlavor]" Alias="[bf]" Column="Sku" />
                                            <ColumnReference Database="[OurLabReporting]" Schema="[dbo]" Table="[BuildVersion]" Alias="[bv]" Column="FullBuildNumber" />
                                            <ColumnReference Database="[OurLabReporting]" Schema="[dbo]" Table="[Status]" Alias="[st]" Column="Status" />
                                            <ColumnReference Column="Expr1037" />
                                            <ColumnReference Column="Expr1038" />
                                          </OutputList>
                                          <NestedLoops Optimized="0">
                                            <OuterReferences>
                                              <ColumnReference Database="[OurLabReporting]" Schema="[dbo]" Table="[BuildFlavor]" Alias="[bf]" Column="BuildVersionId" />
                                            </OuterReferences>
                                            <RelOp NodeId="8" PhysicalOp="Compute Scalar" LogicalOp="Compute Scalar" EstimateRows="1" EstimateIO="0" EstimateCPU="1e-007" AvgRowSize="2298" EstimatedTotalSubtreeCost="0.0277955" Parallel="0" EstimateRebinds="0" EstimateRewinds="0" EstimatedExecutionMode="Row">
                                              <OutputList>
                                                <ColumnReference Database="[OurLabReporting]" Schema="[dbo]" Table="[Mix]" Alias="[mix]" Column="Id" />
                                                <ColumnReference Database="[OurLabReporting]" Schema="[dbo]" Table="[Mix]" Alias="[mix]" Column="ScheduleId" />
                                                <ColumnReference Database="[OurLabReporting]" Schema="[dbo]" Table="[Mix]" Alias="[mix]" Column="StartDate" />
                                                <ColumnReference Database="[OurLabReporting]" Schema="[dbo]" Table="[Mix]" Alias="[mix]" Column="EndDate" />
                                                <ColumnReference Database="[OurLabReporting]" Schema="[dbo]" Table="[Mix]" Alias="[mix]" Column="EffectiveContextName" />
                                                <ColumnReference Database="[OurLabReporting]" Schema="[dbo]" Table="[Mix]" Alias="[mix]" Column="EffectivePackageName" />
                                                <ColumnReference Database="[OurLabReporting]" Schema="[dbo]" Table="[Mix]" Alias="[mix]" Column="PackageName" />
                                                <ColumnReference Database="[OurLabReporting]" Schema="[dbo]" Table="[Mix]" Alias="[mix]" Column="ContextName" />
                                                <ColumnReference Database="[OurLabReporting]" Schema="[dbo]" Table="[Mix]" Alias="[mix]" Column="RunLogDirectory" />
                                                <ColumnReference Database="[OurLabReporting]" Schema="[dbo]" Table="[Mix]" Alias="[mix]" Column="Comments" />
                                                <ColumnReference Database="[OurLabReporting]" Schema="[dbo]" Table="[Mix]" Alias="[mix]" Column="ImageId" />
                                                <ColumnReference Database="[OurLabReporting]" Schema="[dbo]" Table="[BuildFlavor]" Alias="[bf]" Column="BuildVersionId" />
                                                <ColumnReference Database="[OurLabReporting]" Schema="[dbo]" Table="[BuildFlavor]" Alias="[bf]" Column="Sku" />
                                                <ColumnReference Database="[OurLabReporting]" Schema="[dbo]" Table="[Status]" Alias="[st]" Column="Status" />
                                                <ColumnReference Column="Expr1037" />
                                                <ColumnReference Column="Expr1038" />
                                              </OutputList>
                                              <ComputeScalar>
                                                <DefinedValues>
                                                  <DefinedValue>
                                                    <ColumnReference Column="Expr1037" />
                                                    <ScalarOperator ScalarString="[OurLabReporting].[dbo].[BuildFlavor].[Architecture] as [bf].[Architecture]+[OurLabReporting].[dbo].[BuildFlavor].[Type] as [bf].[Type]">
                                                      <Arithmetic Operation="ADD">
                                                        <ScalarOperator>
                                                          <Identifier>
                                                            <ColumnReference Database="[OurLabReporting]" Schema="[dbo]" Table="[BuildFlavor]" Alias="[bf]" Column="Architecture" />
                                                          </Identifier>
                                                        </ScalarOperator>
                                                        <ScalarOperator>
                                                          <Identifier>
                                                            <ColumnReference Database="[OurLabReporting]" Schema="[dbo]" Table="[BuildFlavor]" Alias="[bf]" Column="Type" />
                                                          </Identifier>
                                                        </ScalarOperator>
                                                      </Arithmetic>
                                                    </ScalarOperator>
                                                  </DefinedValue>
                                                  <DefinedValue>
                                                    <ColumnReference Column="Expr1038" />
                                                    <ScalarOperator ScalarString="[OurLabReporting].[dbo].[BuildFlavor].[Language] as [bf].[Language]+N'-'+[OurLabReporting].[dbo].[BuildFlavor].[Culture] as [bf].[Culture]">
                                                      <Arithmetic Operation="ADD">
                                                        <ScalarOperator>
                                                          <Arithmetic Operation="ADD">
                                                            <ScalarOperator>
                                                              <Identifier>
                                                                <ColumnReference Database="[OurLabReporting]" Schema="[dbo]" Table="[BuildFlavor]" Alias="[bf]" Column="Language" />
                                                              </Identifier>
                                                            </ScalarOperator>
                                                            <ScalarOperator>
                                                              <Const ConstValue="N'-'" />
                                                            </ScalarOperator>
                                                          </Arithmetic>
                                                        </ScalarOperator>
                                                        <ScalarOperator>
                                                          <Identifier>
                                                            <ColumnReference Database="[OurLabReporting]" Schema="[dbo]" Table="[BuildFlavor]" Alias="[bf]" Column="Culture" />
                                                          </Identifier>
                                                        </ScalarOperator>
                                                      </Arithmetic>
                                                    </ScalarOperator>
                                                  </DefinedValue>
                                                </DefinedValues>
                                                <RelOp NodeId="9" PhysicalOp="Nested Loops" LogicalOp="Left Outer Join" EstimateRows="1" EstimateIO="0" EstimateCPU="4.18e-006" AvgRowSize="2302" EstimatedTotalSubtreeCost="0.0277954" Parallel="0" EstimateRebinds="0" EstimateRewinds="0" EstimatedExecutionMode="Row">
                                                  <OutputList>
                                                    <ColumnReference Database="[OurLabReporting]" Schema="[dbo]" Table="[Mix]" Alias="[mix]" Column="Id" />
                                                    <ColumnReference Database="[OurLabReporting]" Schema="[dbo]" Table="[Mix]" Alias="[mix]" Column="ScheduleId" />
                                                    <ColumnReference Database="[OurLabReporting]" Schema="[dbo]" Table="[Mix]" Alias="[mix]" Column="StartDate" />
                                                    <ColumnReference Database="[OurLabReporting]" Schema="[dbo]" Table="[Mix]" Alias="[mix]" Column="EndDate" />
                                                    <ColumnReference Database="[OurLabReporting]" Schema="[dbo]" Table="[Mix]" Alias="[mix]" Column="EffectiveContextName" />
                                                    <ColumnReference Database="[OurLabReporting]" Schema="[dbo]" Table="[Mix]" Alias="[mix]" Column="EffectivePackageName" />
                                                    <ColumnReference Database="[OurLabReporting]" Schema="[dbo]" Table="[Mix]" Alias="[mix]" Column="PackageName" />
                                                    <ColumnReference Database="[OurLabReporting]" Schema="[dbo]" Table="[Mix]" Alias="[mix]" Column="ContextName" />
                                                    <ColumnReference Database="[OurLabReporting]" Schema="[dbo]" Table="[Mix]" Alias="[mix]" Column="RunLogDirectory" />
                                                    <ColumnReference Database="[OurLabReporting]" Schema="[dbo]" Table="[Mix]" Alias="[mix]" Column="Comments" />
                                                    <ColumnReference Database="[OurLabReporting]" Schema="[dbo]" Table="[Mix]" Alias="[mix]" Column="ImageId" />
                                                    <ColumnReference Database="[OurLabReporting]" Schema="[dbo]" Table="[BuildFlavor]" Alias="[bf]" Column="BuildVersionId" />
                                                    <ColumnReference Database="[OurLabReporting]" Schema="[dbo]" Table="[BuildFlavor]" Alias="[bf]" Column="Sku" />
                                                    <ColumnReference Database="[OurLabReporting]" Schema="[dbo]" Table="[BuildFlavor]" Alias="[bf]" Column="Architecture" />
                                                    <ColumnReference Database="[OurLabReporting]" Schema="[dbo]" Table="[BuildFlavor]" Alias="[bf]" Column="Type" />
                                                    <ColumnReference Database="[OurLabReporting]" Schema="[dbo]" Table="[BuildFlavor]" Alias="[bf]" Column="Culture" />
                                                    <ColumnReference Database="[OurLabReporting]" Schema="[dbo]" Table="[BuildFlavor]" Alias="[bf]" Column="Language" />
                                                    <ColumnReference Database="[OurLabReporting]" Schema="[dbo]" Table="[Status]" Alias="[st]" Column="Status" />
                                                  </OutputList>
                                                  <NestedLoops Optimized="0">
                                                    <OuterReferences>
                                                      <ColumnReference Database="[OurLabReporting]" Schema="[dbo]" Table="[Mix]" Alias="[mix]" Column="BuildFlavorId" />
                                                    </OuterReferences>
                                                    <RelOp NodeId="10" PhysicalOp="Nested Loops" LogicalOp="Inner Join" EstimateRows="1" EstimateIO="0" EstimateCPU="4.18e-006" AvgRowSize="2016" EstimatedTotalSubtreeCost="0.0245081" Parallel="0" EstimateRebinds="0" EstimateRewinds="0" EstimatedExecutionMode="Row">
                                                      <OutputList>
                                                        <ColumnReference Database="[OurLabReporting]" Schema="[dbo]" Table="[Mix]" Alias="[mix]" Column="Id" />
                                                        <ColumnReference Database="[OurLabReporting]" Schema="[dbo]" Table="[Mix]" Alias="[mix]" Column="ScheduleId" />
                                                        <ColumnReference Database="[OurLabReporting]" Schema="[dbo]" Table="[Mix]" Alias="[mix]" Column="StartDate" />
                                                        <ColumnReference Database="[OurLabReporting]" Schema="[dbo]" Table="[Mix]" Alias="[mix]" Column="EndDate" />
                                                        <ColumnReference Database="[OurLabReporting]" Schema="[dbo]" Table="[Mix]" Alias="[mix]" Column="EffectiveContextName" />
                                                        <ColumnReference Database="[OurLabReporting]" Schema="[dbo]" Table="[Mix]" Alias="[mix]" Column="EffectivePackageName" />
                                                        <ColumnReference Database="[OurLabReporting]" Schema="[dbo]" Table="[Mix]" Alias="[mix]" Column="PackageName" />
                                                        <ColumnReference Database="[OurLabReporting]" Schema="[dbo]" Table="[Mix]" Alias="[mix]" Column="ContextName" />
                                                        <ColumnReference Database="[OurLabReporting]" Schema="[dbo]" Table="[Mix]" Alias="[mix]" Column="RunLogDirectory" />
                                                        <ColumnReference Database="[OurLabReporting]" Schema="[dbo]" Table="[Mix]" Alias="[mix]" Column="Comments" />
                                                        <ColumnReference Database="[OurLabReporting]" Schema="[dbo]" Table="[Mix]" Alias="[mix]" Column="BuildFlavorId" />
                                                        <ColumnReference Database="[OurLabReporting]" Schema="[dbo]" Table="[Mix]" Alias="[mix]" Column="ImageId" />
                                                        <ColumnReference Database="[OurLabReporting]" Schema="[dbo]" Table="[Status]" Alias="[st]" Column="Status" />
                                                      </OutputList>
                                                      <NestedLoops Optimized="0">
                                                        <RelOp NodeId="11" PhysicalOp="Clustered Index Seek" LogicalOp="Clustered Index Seek" EstimateRows="1" EstimateIO="0.003125" EstimateCPU="0.0001581" AvgRowSize="9" EstimatedTotalSubtreeCost="0.0032831" TableCardinality="1.44032e+006" Parallel="0" EstimateRebinds="0" EstimateRewinds="0" EstimatedExecutionMode="Row">
                                                          <OutputList />
                                                          <IndexScan Ordered="1" ScanDirection="FORWARD" ForcedIndex="0" ForceSeek="0" ForceScan="0" NoExpandHint="0" Storage="RowStore">
                                                            <DefinedValues />
                                                            <Object Database="[OurLabReporting]" Schema="[dbo]" Table="[Schedule]" Index="[Schedule_PK]" Alias="[sch]" IndexKind="Clustered" />
                                                            <SeekPredicates>
                                                              <SeekPredicateNew>
                                                                <SeekKeys>
                                                                  <Prefix ScanType="EQ">
                                                                    <RangeColumns>
                                                                      <ColumnReference Database="[OurLabReporting]" Schema="[dbo]" Table="[Schedule]" Alias="[sch]" Column="Id" />
                                                                    </RangeColumns>
                                                                    <RangeExpressions>
                                                                      <ScalarOperator ScalarString="[@ScheduleId]">
                                                                        <Identifier>
                                                                          <ColumnReference Column="@ScheduleId" />
                                                                        </Identifier>
                                                                      </ScalarOperator>
                                                                    </RangeExpressions>
                                                                  </Prefix>
                                                                </SeekKeys>
                                                              </SeekPredicateNew>
                                                            </SeekPredicates>
                                                          </IndexScan>
                                                        </RelOp>
                                                        <RelOp NodeId="12" PhysicalOp="Nested Loops" LogicalOp="Inner Join" EstimateRows="1" EstimateIO="0" EstimateCPU="4.18e-006" AvgRowSize="2016" EstimatedTotalSubtreeCost="0.0212208" Parallel="0" EstimateRebinds="0" EstimateRewinds="0" EstimatedExecutionMode="Row">
                                                          <OutputList>
                                                            <ColumnReference Database="[OurLabReporting]" Schema="[dbo]" Table="[Mix]" Alias="[mix]" Column="Id" />
                                                            <ColumnReference Database="[OurLabReporting]" Schema="[dbo]" Table="[Mix]" Alias="[mix]" Column="ScheduleId" />
                                                            <ColumnReference Database="[OurLabReporting]" Schema="[dbo]" Table="[Mix]" Alias="[mix]" Column="StartDate" />
                                                            <ColumnReference Database="[OurLabReporting]" Schema="[dbo]" Table="[Mix]" Alias="[mix]" Column="EndDate" />
                                                            <ColumnReference Database="[OurLabReporting]" Schema="[dbo]" Table="[Mix]" Alias="[mix]" Column="EffectiveContextName" />
                                                            <ColumnReference Database="[OurLabReporting]" Schema="[dbo]" Table="[Mix]" Alias="[mix]" Column="EffectivePackageName" />
                                                            <ColumnReference Database="[OurLabReporting]" Schema="[dbo]" Table="[Mix]" Alias="[mix]" Column="PackageName" />
                                                            <ColumnReference Database="[OurLabReporting]" Schema="[dbo]" Table="[Mix]" Alias="[mix]" Column="ContextName" />
                                                            <ColumnReference Database="[OurLabReporting]" Schema="[dbo]" Table="[Mix]" Alias="[mix]" Column="RunLogDirectory" />
                                                            <ColumnReference Database="[OurLabReporting]" Schema="[dbo]" Table="[Mix]" Alias="[mix]" Column="Comments" />
                                                            <ColumnReference Database="[OurLabReporting]" Schema="[dbo]" Table="[Mix]" Alias="[mix]" Column="BuildFlavorId" />
                                                            <ColumnReference Database="[OurLabReporting]" Schema="[dbo]" Table="[Mix]" Alias="[mix]" Column="ImageId" />
                                                            <ColumnReference Database="[OurLabReporting]" Schema="[dbo]" Table="[Status]" Alias="[st]" Column="Status" />
                                                          </OutputList>
                                                          <NestedLoops Optimized="0">
                                                            <OuterReferences>
                                                              <ColumnReference Database="[OurLabReporting]" Schema="[dbo]" Table="[Mix]" Alias="[mix]" Column="StatusId" />
                                                            </OuterReferences>
                                                            <RelOp NodeId="13" PhysicalOp="Sort" LogicalOp="Sort" EstimateRows="1" EstimateIO="0.0112613" EstimateCPU="0.000101918" AvgRowSize="1918" EstimatedTotalSubtreeCost="0.0179336" Parallel="0" EstimateRebinds="0" EstimateRewinds="0" EstimatedExecutionMode="Row">
                                                              <OutputList>
                                                                <ColumnReference Database="[OurLabReporting]" Schema="[dbo]" Table="[Mix]" Alias="[mix]" Column="Id" />
                                                                <ColumnReference Database="[OurLabReporting]" Schema="[dbo]" Table="[Mix]" Alias="[mix]" Column="ScheduleId" />
                                                                <ColumnReference Database="[OurLabReporting]" Schema="[dbo]" Table="[Mix]" Alias="[mix]" Column="StartDate" />
                                                                <ColumnReference Database="[OurLabReporting]" Schema="[dbo]" Table="[Mix]" Alias="[mix]" Column="EndDate" />
                                                                <ColumnReference Database="[OurLabReporting]" Schema="[dbo]" Table="[Mix]" Alias="[mix]" Column="EffectiveContextName" />
                                                                <ColumnReference Database="[OurLabReporting]" Schema="[dbo]" Table="[Mix]" Alias="[mix]" Column="EffectivePackageName" />
                                                                <ColumnReference Database="[OurLabReporting]" Schema="[dbo]" Table="[Mix]" Alias="[mix]" Column="PackageName" />
                                                                <ColumnReference Database="[OurLabReporting]" Schema="[dbo]" Table="[Mix]" Alias="[mix]" Column="ContextName" />
                                                                <ColumnReference Database="[OurLabReporting]" Schema="[dbo]" Table="[Mix]" Alias="[mix]" Column="RunLogDirectory" />
                                                                <ColumnReference Database="[OurLabReporting]" Schema="[dbo]" Table="[Mix]" Alias="[mix]" Column="Comments" />
                                                                <ColumnReference Database="[OurLabReporting]" Schema="[dbo]" Table="[Mix]" Alias="[mix]" Column="BuildFlavorId" />
                                                                <ColumnReference Database="[OurLabReporting]" Schema="[dbo]" Table="[Mix]" Alias="[mix]" Column="ImageId" />
                                                                <ColumnReference Database="[OurLabReporting]" Schema="[dbo]" Table="[Mix]" Alias="[mix]" Column="StatusId" />
                                                              </OutputList>
                                                              <MemoryFractions Input="0.0263158" Output="0.0263158" />
                                                              <Sort Distinct="0">
                                                                <OrderBy>
                                                                  <OrderByColumn Ascending="1">
                                                                    <ColumnReference Database="[OurLabReporting]" Schema="[dbo]" Table="[Mix]" Alias="[mix]" Column="EffectivePackageName" />
                                                                  </OrderByColumn>
                                                                  <OrderByColumn Ascending="1">
                                                                    <ColumnReference Database="[OurLabReporting]" Schema="[dbo]" Table="[Mix]" Alias="[mix]" Column="EffectiveContextName" />
                                                                  </OrderByColumn>
                                                                  <OrderByColumn Ascending="1">
                                                                    <ColumnReference Database="[OurLabReporting]" Schema="[dbo]" Table="[Mix]" Alias="[mix]" Column="StartDate" />
                                                                  </OrderByColumn>
                                                                </OrderBy>
                                                                <RelOp NodeId="14" PhysicalOp="Nested Loops" LogicalOp="Inner Join" EstimateRows="1" EstimateIO="0" EstimateCPU="4.18e-006" AvgRowSize="1918" EstimatedTotalSubtreeCost="0.00657038" Parallel="0" EstimateRebinds="0" EstimateRewinds="0" EstimatedExecutionMode="Row">
                                                                  <OutputList>
                                                                    <ColumnReference Database="[OurLabReporting]" Schema="[dbo]" Table="[Mix]" Alias="[mix]" Column="Id" />
                                                                    <ColumnReference Database="[OurLabReporting]" Schema="[dbo]" Table="[Mix]" Alias="[mix]" Column="ScheduleId" />
                                                                    <ColumnReference Database="[OurLabReporting]" Schema="[dbo]" Table="[Mix]" Alias="[mix]" Column="StartDate" />
                                                                    <ColumnReference Database="[OurLabReporting]" Schema="[dbo]" Table="[Mix]" Alias="[mix]" Column="EndDate" />
                                                                    <ColumnReference Database="[OurLabReporting]" Schema="[dbo]" Table="[Mix]" Alias="[mix]" Column="EffectiveContextName" />
                                                                    <ColumnReference Database="[OurLabReporting]" Schema="[dbo]" Table="[Mix]" Alias="[mix]" Column="EffectivePackageName" />
                                                                    <ColumnReference Database="[OurLabReporting]" Schema="[dbo]" Table="[Mix]" Alias="[mix]" Column="PackageName" />
                                                                    <ColumnReference Database="[OurLabReporting]" Schema="[dbo]" Table="[Mix]" Alias="[mix]" Column="ContextName" />
                                                                    <ColumnReference Database="[OurLabReporting]" Schema="[dbo]" Table="[Mix]" Alias="[mix]" Column="RunLogDirectory" />
                                                                    <ColumnReference Database="[OurLabReporting]" Schema="[dbo]" Table="[Mix]" Alias="[mix]" Column="Comments" />
                                                                    <ColumnReference Database="[OurLabReporting]" Schema="[dbo]" Table="[Mix]" Alias="[mix]" Column="BuildFlavorId" />
                                                                    <ColumnReference Database="[OurLabReporting]" Schema="[dbo]" Table="[Mix]" Alias="[mix]" Column="ImageId" />
                                                                    <ColumnReference Database="[OurLabReporting]" Schema="[dbo]" Table="[Mix]" Alias="[mix]" Column="StatusId" />
                                                                  </OutputList>
                                                                  <NestedLoops Optimized="0">
                                                                    <OuterReferences>
                                                                      <ColumnReference Database="[OurLabReporting]" Schema="[dbo]" Table="[Mix]" Alias="[mix]" Column="Id" />
                                                                    </OuterReferences>
                                                                    <RelOp NodeId="15" PhysicalOp="Index Seek" LogicalOp="Index Seek" EstimateRows="1" EstimateIO="0.003125" EstimateCPU="0.0001581" AvgRowSize="23" EstimatedTotalSubtreeCost="0.0032831" TableCardinality="1.48177e+006" Parallel="0" EstimateRebinds="0" EstimateRewinds="0" EstimatedExecutionMode="Row">
                                                                      <OutputList>
                                                                        <ColumnReference Database="[OurLabReporting]" Schema="[dbo]" Table="[Mix]" Alias="[mix]" Column="Id" />
                                                                        <ColumnReference Database="[OurLabReporting]" Schema="[dbo]" Table="[Mix]" Alias="[mix]" Column="ScheduleId" />
                                                                        <ColumnReference Database="[OurLabReporting]" Schema="[dbo]" Table="[Mix]" Alias="[mix]" Column="BuildFlavorId" />
                                                                        <ColumnReference Database="[OurLabReporting]" Schema="[dbo]" Table="[Mix]" Alias="[mix]" Column="StatusId" />
                                                                      </OutputList>
                                                                      <IndexScan Ordered="1" ScanDirection="FORWARD" ForcedIndex="0" ForceSeek="0" ForceScan="0" NoExpandHint="0" Storage="RowStore">
                                                                        <DefinedValues>
                                                                          <DefinedValue>
                                                                            <ColumnReference Database="[OurLabReporting]" Schema="[dbo]" Table="[Mix]" Alias="[mix]" Column="Id" />
                                                                          </DefinedValue>
                                                                          <DefinedValue>
                                                                            <ColumnReference Database="[OurLabReporting]" Schema="[dbo]" Table="[Mix]" Alias="[mix]" Column="ScheduleId" />
                                                                          </DefinedValue>
                                                                          <DefinedValue>
                                                                            <ColumnReference Database="[OurLabReporting]" Schema="[dbo]" Table="[Mix]" Alias="[mix]" Column="BuildFlavorId" />
                                                                          </DefinedValue>
                                                                          <DefinedValue>
                                                                            <ColumnReference Database="[OurLabReporting]" Schema="[dbo]" Table="[Mix]" Alias="[mix]" Column="StatusId" />
                                                                          </DefinedValue>
                                                                        </DefinedValues>
                                                                        <Object Database="[OurLabReporting]" Schema="[dbo]" Table="[Mix]" Index="[Mix_IDX_Schedule]" Alias="[mix]" IndexKind="NonClustered" />
                                                                        <SeekPredicates>
                                                                          <SeekPredicateNew>
                                                                            <SeekKeys>
                                                                              <Prefix ScanType="EQ">
                                                                                <RangeColumns>
                                                                                  <ColumnReference Database="[OurLabReporting]" Schema="[dbo]" Table="[Mix]" Alias="[mix]" Column="ScheduleId" />
                                                                                </RangeColumns>
                                                                                <RangeExpressions>
                                                                                  <ScalarOperator ScalarString="[@ScheduleId]">
                                                                                    <Identifier>
                                                                                      <ColumnReference Column="@ScheduleId" />
                                                                                    </Identifier>
                                                                                  </ScalarOperator>
                                                                                </RangeExpressions>
                                                                              </Prefix>
                                                                            </SeekKeys>
                                                                          </SeekPredicateNew>
                                                                        </SeekPredicates>
                                                                      </IndexScan>
                                                                    </RelOp>
                                                                    <RelOp NodeId="17" PhysicalOp="Clustered Index Seek" LogicalOp="Clustered Index Seek" EstimateRows="1" EstimateIO="0.003125" EstimateCPU="0.0001581" AvgRowSize="1902" EstimatedTotalSubtreeCost="0.0032831" TableCardinality="1.48177e+006" Parallel="0" EstimateRebinds="0" EstimateRewinds="0" EstimatedExecutionMode="Row">
                                                                      <OutputList>
                                                                        <ColumnReference Database="[OurLabReporting]" Schema="[dbo]" Table="[Mix]" Alias="[mix]" Column="StartDate" />
                                                                        <ColumnReference Database="[OurLabReporting]" Schema="[dbo]" Table="[Mix]" Alias="[mix]" Column="EndDate" />
                                                                        <ColumnReference Database="[OurLabReporting]" Schema="[dbo]" Table="[Mix]" Alias="[mix]" Column="EffectiveContextName" />
                                                                        <ColumnReference Database="[OurLabReporting]" Schema="[dbo]" Table="[Mix]" Alias="[mix]" Column="EffectivePackageName" />
                                                                        <ColumnReference Database="[OurLabReporting]" Schema="[dbo]" Table="[Mix]" Alias="[mix]" Column="PackageName" />
                                                                        <ColumnReference Database="[OurLabReporting]" Schema="[dbo]" Table="[Mix]" Alias="[mix]" Column="ContextName" />
                                                                        <ColumnReference Database="[OurLabReporting]" Schema="[dbo]" Table="[Mix]" Alias="[mix]" Column="RunLogDirectory" />
                                                                        <ColumnReference Database="[OurLabReporting]" Schema="[dbo]" Table="[Mix]" Alias="[mix]" Column="Comments" />
                                                                        <ColumnReference Database="[OurLabReporting]" Schema="[dbo]" Table="[Mix]" Alias="[mix]" Column="ImageId" />
                                                                      </OutputList>
                                                                      <IndexScan Lookup="1" Ordered="1" ScanDirection="FORWARD" ForcedIndex="0" ForceSeek="0" ForceScan="0" NoExpandHint="0" Storage="RowStore">
                                                                        <DefinedValues>
                                                                          <DefinedValue>
                                                                            <ColumnReference Database="[OurLabReporting]" Schema="[dbo]" Table="[Mix]" Alias="[mix]" Column="StartDate" />
                                                                          </DefinedValue>
                                                                          <DefinedValue>
                                                                            <ColumnReference Database="[OurLabReporting]" Schema="[dbo]" Table="[Mix]" Alias="[mix]" Column="EndDate" />
                                                                          </DefinedValue>
                                                                          <DefinedValue>
                                                                            <ColumnReference Database="[OurLabReporting]" Schema="[dbo]" Table="[Mix]" Alias="[mix]" Column="EffectiveContextName" />
                                                                          </DefinedValue>
                                                                          <DefinedValue>
                                                                            <ColumnReference Database="[OurLabReporting]" Schema="[dbo]" Table="[Mix]" Alias="[mix]" Column="EffectivePackageName" />
                                                                          </DefinedValue>
                                                                          <DefinedValue>
                                                                            <ColumnReference Database="[OurLabReporting]" Schema="[dbo]" Table="[Mix]" Alias="[mix]" Column="PackageName" />
                                                                          </DefinedValue>
                                                                          <DefinedValue>
                                                                            <ColumnReference Database="[OurLabReporting]" Schema="[dbo]" Table="[Mix]" Alias="[mix]" Column="ContextName" />
                                                                          </DefinedValue>
                                                                          <DefinedValue>
                                                                            <ColumnReference Database="[OurLabReporting]" Schema="[dbo]" Table="[Mix]" Alias="[mix]" Column="RunLogDirectory" />
                                                                          </DefinedValue>
                                                                          <DefinedValue>
                                                                            <ColumnReference Database="[OurLabReporting]" Schema="[dbo]" Table="[Mix]" Alias="[mix]" Column="Comments" />
                                                                          </DefinedValue>
                                                                          <DefinedValue>
                                                                            <ColumnReference Database="[OurLabReporting]" Schema="[dbo]" Table="[Mix]" Alias="[mix]" Column="ImageId" />
                                                                          </DefinedValue>
                                                                        </DefinedValues>
                                                                        <Object Database="[OurLabReporting]" Schema="[dbo]" Table="[Mix]" Index="[Mix_PK]" Alias="[mix]" TableReferenceId="-1" IndexKind="Clustered" />
                                                                        <SeekPredicates>
                                                                          <SeekPredicateNew>
                                                                            <SeekKeys>
                                                                              <Prefix ScanType="EQ">
                                                                                <RangeColumns>
                                                                                  <ColumnReference Database="[OurLabReporting]" Schema="[dbo]" Table="[Mix]" Alias="[mix]" Column="Id" />
                                                                                </RangeColumns>
                                                                                <RangeExpressions>
                                                                                  <ScalarOperator ScalarString="[OurLabReporting].[dbo].[Mix].[Id] as [mix].[Id]">
                                                                                    <Identifier>
                                                                                      <ColumnReference Database="[OurLabReporting]" Schema="[dbo]" Table="[Mix]" Alias="[mix]" Column="Id" />
                                                                                    </Identifier>
                                                                                  </ScalarOperator>
                                                                                </RangeExpressions>
                                                                              </Prefix>
                                                                            </SeekKeys>
                                                                          </SeekPredicateNew>
                                                                        </SeekPredicates>
                                                                      </IndexScan>
                                                                    </RelOp>
                                                                  </NestedLoops>
                                                                </RelOp>
                                                              </Sort>
                                                            </RelOp>
                                                            <RelOp NodeId="37" PhysicalOp="Clustered Index Seek" LogicalOp="Clustered Index Seek" EstimateRows="1" EstimateIO="0.003125" EstimateCPU="0.0001581" AvgRowSize="111" EstimatedTotalSubtreeCost="0.0032831" TableCardinality="96" Parallel="0" EstimateRebinds="0" EstimateRewinds="0" EstimatedExecutionMode="Row">
                                                              <OutputList>
                                                                <ColumnReference Database="[OurLabReporting]" Schema="[dbo]" Table="[Status]" Alias="[st]" Column="Status" />
                                                              </OutputList>
                                                              <IndexScan Ordered="1" ScanDirection="FORWARD" ForcedIndex="0" ForceSeek="0" ForceScan="0" NoExpandHint="0" Storage="RowStore">
                                                                <DefinedValues>
                                                                  <DefinedValue>
                                                                    <ColumnReference Database="[OurLabReporting]" Schema="[dbo]" Table="[Status]" Alias="[st]" Column="Status" />
                                                                  </DefinedValue>
                                                                </DefinedValues>
                                                                <Object Database="[OurLabReporting]" Schema="[dbo]" Table="[Status]" Index="[Status_PK]" Alias="[st]" IndexKind="Clustered" />
                                                                <SeekPredicates>
                                                                  <SeekPredicateNew>
                                                                    <SeekKeys>
                                                                      <Prefix ScanType="EQ">
                                                                        <RangeColumns>
                                                                          <ColumnReference Database="[OurLabReporting]" Schema="[dbo]" Table="[Status]" Alias="[st]" Column="Id" />
                                                                        </RangeColumns>
                                                                        <RangeExpressions>
                                                                          <ScalarOperator ScalarString="[OurLabReporting].[dbo].[Mix].[StatusId] as [mix].[StatusId]">
                                                                            <Identifier>
                                                                              <ColumnReference Database="[OurLabReporting]" Schema="[dbo]" Table="[Mix]" Alias="[mix]" Column="StatusId" />
                                                                            </Identifier>
                                                                          </ScalarOperator>
                                                                        </RangeExpressions>
                                                                      </Prefix>
                                                                    </SeekKeys>
                                                                  </SeekPredicateNew>
                                                                </SeekPredicates>
                                                              </IndexScan>
                                                            </RelOp>
                                                          </NestedLoops>
                                                        </RelOp>
                                                      </NestedLoops>
                                                    </RelOp>
                                                    <RelOp NodeId="38" PhysicalOp="Clustered Index Seek" LogicalOp="Clustered Index Seek" EstimateRows="1" EstimateIO="0.003125" EstimateCPU="0.0001581" AvgRowSize="298" EstimatedTotalSubtreeCost="0.0032831" TableCardinality="805179" Parallel="0" EstimateRebinds="0" EstimateRewinds="0" EstimatedExecutionMode="Row">
                                                      <OutputList>
                                                        <ColumnReference Database="[OurLabReporting]" Schema="[dbo]" Table="[BuildFlavor]" Alias="[bf]" Column="BuildVersionId" />
                                                        <ColumnReference Database="[OurLabReporting]" Schema="[dbo]" Table="[BuildFlavor]" Alias="[bf]" Column="Sku" />
                                                        <ColumnReference Database="[OurLabReporting]" Schema="[dbo]" Table="[BuildFlavor]" Alias="[bf]" Column="Architecture" />
                                                        <ColumnReference Database="[OurLabReporting]" Schema="[dbo]" Table="[BuildFlavor]" Alias="[bf]" Column="Type" />
                                                        <ColumnReference Database="[OurLabReporting]" Schema="[dbo]" Table="[BuildFlavor]" Alias="[bf]" Column="Culture" />
                                                        <ColumnReference Database="[OurLabReporting]" Schema="[dbo]" Table="[BuildFlavor]" Alias="[bf]" Column="Language" />
                                                      </OutputList>
                                                      <IndexScan Ordered="1" ScanDirection="FORWARD" ForcedIndex="0" ForceSeek="0" ForceScan="0" NoExpandHint="0" Storage="RowStore">
                                                        <DefinedValues>
                                                          <DefinedValue>
                                                            <ColumnReference Database="[OurLabReporting]" Schema="[dbo]" Table="[BuildFlavor]" Alias="[bf]" Column="BuildVersionId" />
                                                          </DefinedValue>
                                                          <DefinedValue>
                                                            <ColumnReference Database="[OurLabReporting]" Schema="[dbo]" Table="[BuildFlavor]" Alias="[bf]" Column="Sku" />
                                                          </DefinedValue>
                                                          <DefinedValue>
                                                            <ColumnReference Database="[OurLabReporting]" Schema="[dbo]" Table="[BuildFlavor]" Alias="[bf]" Column="Architecture" />
                                                          </DefinedValue>
                                                          <DefinedValue>
                                                            <ColumnReference Database="[OurLabReporting]" Schema="[dbo]" Table="[BuildFlavor]" Alias="[bf]" Column="Type" />
                                                          </DefinedValue>
                                                          <DefinedValue>
                                                            <ColumnReference Database="[OurLabReporting]" Schema="[dbo]" Table="[BuildFlavor]" Alias="[bf]" Column="Culture" />
                                                          </DefinedValue>
                                                          <DefinedValue>
                                                            <ColumnReference Database="[OurLabReporting]" Schema="[dbo]" Table="[BuildFlavor]" Alias="[bf]" Column="Language" />
                                                          </DefinedValue>
                                                        </DefinedValues>
                                                        <Object Database="[OurLabReporting]" Schema="[dbo]" Table="[BuildFlavor]" Index="[BuildFlavor_PK]" Alias="[bf]" IndexKind="Clustered" />
                                                        <SeekPredicates>
                                                          <SeekPredicateNew>
                                                            <SeekKeys>
                                                              <Prefix ScanType="EQ">
                                                                <RangeColumns>
                                                                  <ColumnReference Database="[OurLabReporting]" Schema="[dbo]" Table="[BuildFlavor]" Alias="[bf]" Column="Id" />
                                                                </RangeColumns>
                                                                <RangeExpressions>
                                                                  <ScalarOperator ScalarString="[OurLabReporting].[dbo].[Mix].[BuildFlavorId] as [mix].[BuildFlavorId]">
                                                                    <Identifier>
                                                                      <ColumnReference Database="[OurLabReporting]" Schema="[dbo]" Table="[Mix]" Alias="[mix]" Column="BuildFlavorId" />
                                                                    </Identifier>
                                                                  </ScalarOperator>
                                                                </RangeExpressions>
                                                              </Prefix>
                                                            </SeekKeys>
                                                          </SeekPredicateNew>
                                                        </SeekPredicates>
                                                      </IndexScan>
                                                    </RelOp>
                                                  </NestedLoops>
                                                </RelOp>
                                              </ComputeScalar>
                                            </RelOp>
                                            <RelOp NodeId="44" PhysicalOp="Clustered Index Seek" LogicalOp="Clustered Index Seek" EstimateRows="1" EstimateIO="0.003125" EstimateCPU="0.0001581" AvgRowSize="267" EstimatedTotalSubtreeCost="0.0032831" TableCardinality="78971" Parallel="0" EstimateRebinds="0" EstimateRewinds="0" EstimatedExecutionMode="Row">
                                              <OutputList>
                                                <ColumnReference Database="[OurLabReporting]" Schema="[dbo]" Table="[BuildVersion]" Alias="[bv]" Column="FullBuildNumber" />
                                              </OutputList>
                                              <IndexScan Ordered="1" ScanDirection="FORWARD" ForcedIndex="0" ForceSeek="0" ForceScan="0" NoExpandHint="0" Storage="RowStore">
                                                <DefinedValues>
                                                  <DefinedValue>
                                                    <ColumnReference Database="[OurLabReporting]" Schema="[dbo]" Table="[BuildVersion]" Alias="[bv]" Column="FullBuildNumber" />
                                                  </DefinedValue>
                                                </DefinedValues>
                                                <Object Database="[OurLabReporting]" Schema="[dbo]" Table="[BuildVersion]" Index="[BuildVersion_PK]" Alias="[bv]" TableReferenceId="1" IndexKind="Clustered" />
                                                <SeekPredicates>
                                                  <SeekPredicateNew>
                                                    <SeekKeys>
                                                      <Prefix ScanType="EQ">
                                                        <RangeColumns>
                                                          <ColumnReference Database="[OurLabReporting]" Schema="[dbo]" Table="[BuildVersion]" Alias="[bv]" Column="Id" />
                                                        </RangeColumns>
                                                        <RangeExpressions>
                                                          <ScalarOperator ScalarString="[OurLabReporting].[dbo].[BuildFlavor].[BuildVersionId] as [bf].[BuildVersionId]">
                                                            <Identifier>
                                                              <ColumnReference Database="[OurLabReporting]" Schema="[dbo]" Table="[BuildFlavor]" Alias="[bf]" Column="BuildVersionId" />
                                                            </Identifier>
                                                          </ScalarOperator>
                                                        </RangeExpressions>
                                                      </Prefix>
                                                    </SeekKeys>
                                                  </SeekPredicateNew>
                                                </SeekPredicates>
                                              </IndexScan>
                                            </RelOp>
                                          </NestedLoops>
                                        </RelOp>
                                        <RelOp NodeId="45" PhysicalOp="Stream Aggregate" LogicalOp="Aggregate" EstimateRows="1" EstimateIO="0" EstimateCPU="1.53552e-006" AvgRowSize="48" EstimatedTotalSubtreeCost="0.00774947" Parallel="0" EstimateRebinds="0" EstimateRewinds="0" EstimatedExecutionMode="Row">
                                          <OutputList>
                                            <ColumnReference Column="Expr1014" />
                                            <ColumnReference Column="Expr1016" />
                                            <ColumnReference Column="Expr1017" />
                                            <ColumnReference Column="Expr1020" />
                                            <ColumnReference Column="Expr1021" />
                                            <ColumnReference Column="Expr1022" />
                                            <ColumnReference Column="Expr1023" />
                                            <ColumnReference Column="Expr1024" />
                                            <ColumnReference Column="Expr1025" />
                                            <ColumnReference Column="Expr1026" />
                                          </OutputList>
                                          <StreamAggregate>
                                            <DefinedValues>
                                              <DefinedValue>
                                                <ColumnReference Column="Expr1014" />
                                                <ScalarOperator ScalarString="SUM([OurLabReporting].[dbo].[TEUCountsByResolvedTED].[TEUsCompleted] as [cache].[TEUsCompleted])">
                                                  <Aggregate Distinct="0" AggType="SUM">
                                                    <ScalarOperator>
                                                      <Identifier>
                                                        <ColumnReference Database="[OurLabReporting]" Schema="[dbo]" Table="[TEUCountsByResolvedTED]" Alias="[cache]" Column="TEUsCompleted" />
                                                      </Identifier>
                                                    </ScalarOperator>
                                                  </Aggregate>
                                                </ScalarOperator>
                                              </DefinedValue>
                                              <DefinedValue>
                                                <ColumnReference Column="Expr1016" />
                                                <ScalarOperator ScalarString="SUM([OurLabReporting].[dbo].[TEUCountsByResolvedTED].[TEUsNotScheduled] as [cache].[TEUsNotScheduled])">
                                                  <Aggregate Distinct="0" AggType="SUM">
                                                    <ScalarOperator>
                                                      <Identifier>
                                                        <ColumnReference Database="[OurLabReporting]" Schema="[dbo]" Table="[TEUCountsByResolvedTED]" Alias="[cache]" Column="TEUsNotScheduled" />
                                                      </Identifier>
                                                    </ScalarOperator>
                                                  </Aggregate>
                                                </ScalarOperator>
                                              </DefinedValue>
                                              <DefinedValue>
                                                <ColumnReference Column="Expr1017" />
                                                <ScalarOperator ScalarString="SUM([OurLabReporting].[dbo].[TEUCountsByResolvedTED].[TEUsFailed] as [cache].[TEUsFailed])">
                                                  <Aggregate Distinct="0" AggType="SUM">
                                                    <ScalarOperator>
                                                      <Identifier>
                                                        <ColumnReference Database="[OurLabReporting]" Schema="[dbo]" Table="[TEUCountsByResolvedTED]" Alias="[cache]" Column="TEUsFailed" />
                                                      </Identifier>
                                                    </ScalarOperator>
                                                  </Aggregate>
                                                </ScalarOperator>
                                              </DefinedValue>
                                              <DefinedValue>
                                                <ColumnReference Column="Expr1020" />
                                                <ScalarOperator ScalarString="SUM([OurLabReporting].[dbo].[TEUCountsByResolvedTED].[TotalTEUs] as [cache].[TotalTEUs])">
                                                  <Aggregate Distinct="0" AggType="SUM">
                                                    <ScalarOperator>
                                                      <Identifier>
                                                        <ColumnReference Database="[OurLabReporting]" Schema="[dbo]" Table="[TEUCountsByResolvedTED]" Alias="[cache]" Column="TotalTEUs" />
                                                      </Identifier>
                                                    </ScalarOperator>
                                                  </Aggregate>
                                                </ScalarOperator>
                                              </DefinedValue>
                                              <DefinedValue>
                                                <ColumnReference Column="Expr1021" />
                                                <ScalarOperator ScalarString="SUM([OurLabReporting].[dbo].[TEUCountsByResolvedTED].[PassTotal] as [cache].[PassTotal])">
                                                  <Aggregate Distinct="0" AggType="SUM">
                                                    <ScalarOperator>
                                                      <Identifier>
                                                        <ColumnReference Database="[OurLabReporting]" Schema="[dbo]" Table="[TEUCountsByResolvedTED]" Alias="[cache]" Column="PassTotal" />
                                                      </Identifier>
                                                    </ScalarOperator>
                                                  </Aggregate>
                                                </ScalarOperator>
                                              </DefinedValue>
                                              <DefinedValue>
                                                <ColumnReference Column="Expr1022" />
                                                <ScalarOperator ScalarString="SUM([OurLabReporting].[dbo].[TEUCountsByResolvedTED].[FailTotal] as [cache].[FailTotal])">
                                                  <Aggregate Distinct="0" AggType="SUM">
                                                    <ScalarOperator>
                                                      <Identifier>
                                                        <ColumnReference Database="[OurLabReporting]" Schema="[dbo]" Table="[TEUCountsByResolvedTED]" Alias="[cache]" Column="FailTotal" />
                                                      </Identifier>
                                                    </ScalarOperator>
                                                  </Aggregate>
                                                </ScalarOperator>
                                              </DefinedValue>
                                              <DefinedValue>
                                                <ColumnReference Column="Expr1023" />
                                                <ScalarOperator ScalarString="SUM([OurLabReporting].[dbo].[TEUCountsByResolvedTED].[WarnTotal] as [cache].[WarnTotal])">
                                                  <Aggregate Distinct="0" AggType="SUM">
                                                    <ScalarOperator>
                                                      <Identifier>
                                                        <ColumnReference Database="[OurLabReporting]" Schema="[dbo]" Table="[TEUCountsByResolvedTED]" Alias="[cache]" Column="WarnTotal" />
                                                      </Identifier>
                                                    </ScalarOperator>
                                                  </Aggregate>
                                                </ScalarOperator>
                                              </DefinedValue>
                                              <DefinedValue>
                                                <ColumnReference Column="Expr1024" />
                                                <ScalarOperator ScalarString="SUM([OurLabReporting].[dbo].[TEUCountsByResolvedTED].[SkipTotal] as [cache].[SkipTotal])">
                                                  <Aggregate Distinct="0" AggType="SUM">
                                                    <ScalarOperator>
                                                      <Identifier>
                                                        <ColumnReference Database="[OurLabReporting]" Schema="[dbo]" Table="[TEUCountsByResolvedTED]" Alias="[cache]" Column="SkipTotal" />
                                                      </Identifier>
                                                    </ScalarOperator>
                                                  </Aggregate>
                                                </ScalarOperator>
                                              </DefinedValue>
                                              <DefinedValue>
                                                <ColumnReference Column="Expr1025" />
                                                <ScalarOperator ScalarString="SUM([OurLabReporting].[dbo].[TEUCountsByResolvedTED].[BlockTotal] as [cache].[BlockTotal])">
                                                  <Aggregate Distinct="0" AggType="SUM">
                                                    <ScalarOperator>
                                                      <Identifier>
                                                        <ColumnReference Database="[OurLabReporting]" Schema="[dbo]" Table="[TEUCountsByResolvedTED]" Alias="[cache]" Column="BlockTotal" />
                                                      </Identifier>
                                                    </ScalarOperator>
                                                  </Aggregate>
                                                </ScalarOperator>
                                              </DefinedValue>
                                              <DefinedValue>
                                                <ColumnReference Column="Expr1026" />
                                                <ScalarOperator ScalarString="SUM([Expr1089])">
                                                  <Aggregate Distinct="0" AggType="SUM">
                                                    <ScalarOperator>
                                                      <Identifier>
                                                        <ColumnReference Column="Expr1089" />
                                                      </Identifier>
                                                    </ScalarOperator>
                                                  </Aggregate>
                                                </ScalarOperator>
                                              </DefinedValue>
                                            </DefinedValues>
                                            <RelOp NodeId="46" PhysicalOp="Compute Scalar" LogicalOp="Compute Scalar" EstimateRows="1.72587" EstimateIO="0" EstimateCPU="1.72587e-007" AvgRowSize="48" EstimatedTotalSubtreeCost="0.00774793" Parallel="0" EstimateRebinds="0" EstimateRewinds="0" EstimatedExecutionMode="Row">
                                              <OutputList>
                                                <ColumnReference Database="[OurLabReporting]" Schema="[dbo]" Table="[TEUCountsByResolvedTED]" Alias="[cache]" Column="TEUsCompleted" />
                                                <ColumnReference Database="[OurLabReporting]" Schema="[dbo]" Table="[TEUCountsByResolvedTED]" Alias="[cache]" Column="TEUsNotScheduled" />
                                                <ColumnReference Database="[OurLabReporting]" Schema="[dbo]" Table="[TEUCountsByResolvedTED]" Alias="[cache]" Column="TEUsFailed" />
                                                <ColumnReference Database="[OurLabReporting]" Schema="[dbo]" Table="[TEUCountsByResolvedTED]" Alias="[cache]" Column="TotalTEUs" />
                                                <ColumnReference Database="[OurLabReporting]" Schema="[dbo]" Table="[TEUCountsByResolvedTED]" Alias="[cache]" Column="PassTotal" />
                                                <ColumnReference Database="[OurLabReporting]" Schema="[dbo]" Table="[TEUCountsByResolvedTED]" Alias="[cache]" Column="FailTotal" />
                                                <ColumnReference Database="[OurLabReporting]" Schema="[dbo]" Table="[TEUCountsByResolvedTED]" Alias="[cache]" Column="WarnTotal" />
                                                <ColumnReference Database="[OurLabReporting]" Schema="[dbo]" Table="[TEUCountsByResolvedTED]" Alias="[cache]" Column="SkipTotal" />
                                                <ColumnReference Database="[OurLabReporting]" Schema="[dbo]" Table="[TEUCountsByResolvedTED]" Alias="[cache]" Column="BlockTotal" />
                                                <ColumnReference Column="Expr1089" />
                                              </OutputList>
                                              <ComputeScalar>
                                                <DefinedValues>
                                                  <DefinedValue>
                                                    <ColumnReference Column="Expr1089" />
                                                    <ScalarOperator ScalarString="[OurLabReporting].[dbo].[TEUCountsByResolvedTED].[Total] as [cache].[Total]">
                                                      <Identifier>
                                                        <ColumnReference Database="[OurLabReporting]" Schema="[dbo]" Table="[TEUCountsByResolvedTED]" Alias="[cache]" Column="Total" ComputedColumn="1" />
                                                      </Identifier>
                                                    </ScalarOperator>
                                                  </DefinedValue>
                                                </DefinedValues>
                                                <RelOp NodeId="47" PhysicalOp="Nested Loops" LogicalOp="Inner Join" EstimateRows="1.72587" EstimateIO="0" EstimateCPU="7.21415e-006" AvgRowSize="48" EstimatedTotalSubtreeCost="0.00774776" Parallel="0" EstimateRebinds="0" EstimateRewinds="0" EstimatedExecutionMode="Row">
                                                  <OutputList>
                                                    <ColumnReference Database="[OurLabReporting]" Schema="[dbo]" Table="[TEUCountsByResolvedTED]" Alias="[cache]" Column="TEUsCompleted" />
                                                    <ColumnReference Database="[OurLabReporting]" Schema="[dbo]" Table="[TEUCountsByResolvedTED]" Alias="[cache]" Column="TEUsNotScheduled" />
                                                    <ColumnReference Database="[OurLabReporting]" Schema="[dbo]" Table="[TEUCountsByResolvedTED]" Alias="[cache]" Column="TEUsFailed" />
                                                    <ColumnReference Database="[OurLabReporting]" Schema="[dbo]" Table="[TEUCountsByResolvedTED]" Alias="[cache]" Column="TotalTEUs" />
                                                    <ColumnReference Database="[OurLabReporting]" Schema="[dbo]" Table="[TEUCountsByResolvedTED]" Alias="[cache]" Column="PassTotal" />
                                                    <ColumnReference Database="[OurLabReporting]" Schema="[dbo]" Table="[TEUCountsByResolvedTED]" Alias="[cache]" Column="FailTotal" />
                                                    <ColumnReference Database="[OurLabReporting]" Schema="[dbo]" Table="[TEUCountsByResolvedTED]" Alias="[cache]" Column="WarnTotal" />
                                                    <ColumnReference Database="[OurLabReporting]" Schema="[dbo]" Table="[TEUCountsByResolvedTED]" Alias="[cache]" Column="SkipTotal" />
                                                    <ColumnReference Database="[OurLabReporting]" Schema="[dbo]" Table="[TEUCountsByResolvedTED]" Alias="[cache]" Column="BlockTotal" />
                                                    <ColumnReference Database="[OurLabReporting]" Schema="[dbo]" Table="[TEUCountsByResolvedTED]" Alias="[cache]" Column="Total" ComputedColumn="1" />
                                                  </OutputList>
                                                  <NestedLoops Optimized="0">
                                                    <OuterReferences>
                                                      <ColumnReference Database="[OurLabReporting]" Schema="[dbo]" Table="[ResolvedTED]" Alias="[rted]" Column="Id" />
                                                    </OuterReferences>
                                                    <RelOp NodeId="48" PhysicalOp="Index Seek" LogicalOp="Index Seek" EstimateRows="1.72587" EstimateIO="0.003125" EstimateCPU="0.000158898" AvgRowSize="11" EstimatedTotalSubtreeCost="0.0032839" TableCardinality="1.37085e+006" Parallel="0" EstimateRebinds="0" EstimateRewinds="0" EstimatedExecutionMode="Row">
                                                      <OutputList>
                                                        <ColumnReference Database="[OurLabReporting]" Schema="[dbo]" Table="[ResolvedTED]" Alias="[rted]" Column="Id" />
                                                      </OutputList>
                                                      <IndexScan Ordered="1" ScanDirection="FORWARD" ForcedIndex="0" ForceSeek="0" ForceScan="0" NoExpandHint="0" Storage="RowStore">
                                                        <DefinedValues>
                                                          <DefinedValue>
                                                            <ColumnReference Database="[OurLabReporting]" Schema="[dbo]" Table="[ResolvedTED]" Alias="[rted]" Column="Id" />
                                                          </DefinedValue>
                                                        </DefinedValues>
                                                        <Object Database="[OurLabReporting]" Schema="[dbo]" Table="[ResolvedTED]" Index="[ResolvedTED_IDX_MixId]" Alias="[rted]" IndexKind="NonClustered" />
                                                        <SeekPredicates>
                                                          <SeekPredicateNew>
                                                            <SeekKeys>
                                                              <Prefix ScanType="EQ">
                                                                <RangeColumns>
                                                                  <ColumnReference Database="[OurLabReporting]" Schema="[dbo]" Table="[ResolvedTED]" Alias="[rted]" Column="MixId" />
                                                                </RangeColumns>
                                                                <RangeExpressions>
                                                                  <ScalarOperator ScalarString="[OurLabReporting].[dbo].[Mix].[Id] as [mix].[Id]">
                                                                    <Identifier>
                                                                      <ColumnReference Database="[OurLabReporting]" Schema="[dbo]" Table="[Mix]" Alias="[mix]" Column="Id" />
                                                                    </Identifier>
                                                                  </ScalarOperator>
                                                                </RangeExpressions>
                                                              </Prefix>
                                                            </SeekKeys>
                                                          </SeekPredicateNew>
                                                        </SeekPredicates>
                                                      </IndexScan>
                                                    </RelOp>
                                                    <RelOp NodeId="49" PhysicalOp="Compute Scalar" LogicalOp="Compute Scalar" EstimateRows="1" EstimateIO="0" EstimateCPU="1e-007" AvgRowSize="48" EstimatedTotalSubtreeCost="0.00445665" Parallel="0" EstimateRebinds="0.725873" EstimateRewinds="0" EstimatedExecutionMode="Row">
                                                      <OutputList>
                                                        <ColumnReference Database="[OurLabReporting]" Schema="[dbo]" Table="[TEUCountsByResolvedTED]" Alias="[cache]" Column="TEUsCompleted" />
                                                        <ColumnReference Database="[OurLabReporting]" Schema="[dbo]" Table="[TEUCountsByResolvedTED]" Alias="[cache]" Column="TEUsNotScheduled" />
                                                        <ColumnReference Database="[OurLabReporting]" Schema="[dbo]" Table="[TEUCountsByResolvedTED]" Alias="[cache]" Column="TEUsFailed" />
                                                        <ColumnReference Database="[OurLabReporting]" Schema="[dbo]" Table="[TEUCountsByResolvedTED]" Alias="[cache]" Column="TotalTEUs" />
                                                        <ColumnReference Database="[OurLabReporting]" Schema="[dbo]" Table="[TEUCountsByResolvedTED]" Alias="[cache]" Column="PassTotal" />
                                                        <ColumnReference Database="[OurLabReporting]" Schema="[dbo]" Table="[TEUCountsByResolvedTED]" Alias="[cache]" Column="FailTotal" />
                                                        <ColumnReference Database="[OurLabReporting]" Schema="[dbo]" Table="[TEUCountsByResolvedTED]" Alias="[cache]" Column="WarnTotal" />
                                                        <ColumnReference Database="[OurLabReporting]" Schema="[dbo]" Table="[TEUCountsByResolvedTED]" Alias="[cache]" Column="SkipTotal" />
                                                        <ColumnReference Database="[OurLabReporting]" Schema="[dbo]" Table="[TEUCountsByResolvedTED]" Alias="[cache]" Column="BlockTotal" />
                                                        <ColumnReference Database="[OurLabReporting]" Schema="[dbo]" Table="[TEUCountsByResolvedTED]" Alias="[cache]" Column="Total" ComputedColumn="1" />
                                                      </OutputList>
                                                      <ComputeScalar>
                                                        <DefinedValues>
                                                          <DefinedValue>
                                                            <ColumnReference Database="[OurLabReporting]" Schema="[dbo]" Table="[TEUCountsByResolvedTED]" Alias="[cache]" Column="Total" ComputedColumn="1" />
                                                            <ScalarOperator ScalarString="[OurLabReporting].[dbo].[TEUCountsByResolvedTED].[PassTotal] as [cache].[PassTotal]+[OurLabReporting].[dbo].[TEUCountsByResolvedTED].[FailTotal] as [cache].[FailTotal]+[OurLabReporting].[dbo].[TEUCountsByResolvedTED].[WarnTotal] as [cache].[WarnTotal]+[OurLabReporting].[dbo].[TEUCountsByResolvedTED].[SkipTotal] as [cache].[SkipTotal]+[OurLabReporting].[dbo].[TEUCountsByResolvedTED].[BlockTotal] as [cache].[BlockTotal]">
                                                              <Arithmetic Operation="ADD">
                                                                <ScalarOperator>
                                                                  <Arithmetic Operation="ADD">
                                                                    <ScalarOperator>
                                                                      <Arithmetic Operation="ADD">
                                                                        <ScalarOperator>
                                                                          <Arithmetic Operation="ADD">
                                                                            <ScalarOperator>
                                                                              <Identifier>
                                                                                <ColumnReference Database="[OurLabReporting]" Schema="[dbo]" Table="[TEUCountsByResolvedTED]" Alias="[cache]" Column="PassTotal" />
                                                                              </Identifier>
                                                                            </ScalarOperator>
                                                                            <ScalarOperator>
                                                                              <Identifier>
                                                                                <ColumnReference Database="[OurLabReporting]" Schema="[dbo]" Table="[TEUCountsByResolvedTED]" Alias="[cache]" Column="FailTotal" />
                                                                              </Identifier>
                                                                            </ScalarOperator>
                                                                          </Arithmetic>
                                                                        </ScalarOperator>
                                                                        <ScalarOperator>
                                                                          <Identifier>
                                                                            <ColumnReference Database="[OurLabReporting]" Schema="[dbo]" Table="[TEUCountsByResolvedTED]" Alias="[cache]" Column="WarnTotal" />
                                                                          </Identifier>
                                                                        </ScalarOperator>
                                                                      </Arithmetic>
                                                                    </ScalarOperator>
                                                                    <ScalarOperator>
                                                                      <Identifier>
                                                                        <ColumnReference Database="[OurLabReporting]" Schema="[dbo]" Table="[TEUCountsByResolvedTED]" Alias="[cache]" Column="SkipTotal" />
                                                                      </Identifier>
                                                                    </ScalarOperator>
                                                                  </Arithmetic>
                                                                </ScalarOperator>
                                                                <ScalarOperator>
                                                                  <Identifier>
                                                                    <ColumnReference Database="[OurLabReporting]" Schema="[dbo]" Table="[TEUCountsByResolvedTED]" Alias="[cache]" Column="BlockTotal" />
                                                                  </Identifier>
                                                                </ScalarOperator>
                                                              </Arithmetic>
                                                            </ScalarOperator>
                                                          </DefinedValue>
                                                        </DefinedValues>
                                                        <RelOp NodeId="50" PhysicalOp="Clustered Index Seek" LogicalOp="Clustered Index Seek" EstimateRows="1" EstimateIO="0.003125" EstimateCPU="0.0001581" AvgRowSize="44" EstimatedTotalSubtreeCost="0.00445647" TableCardinality="1.37085e+006" Parallel="0" EstimateRebinds="0.725873" EstimateRewinds="0" EstimatedExecutionMode="Row">
                                                          <OutputList>
                                                            <ColumnReference Database="[OurLabReporting]" Schema="[dbo]" Table="[TEUCountsByResolvedTED]" Alias="[cache]" Column="TEUsCompleted" />
                                                            <ColumnReference Database="[OurLabReporting]" Schema="[dbo]" Table="[TEUCountsByResolvedTED]" Alias="[cache]" Column="TEUsNotScheduled" />
                                                            <ColumnReference Database="[OurLabReporting]" Schema="[dbo]" Table="[TEUCountsByResolvedTED]" Alias="[cache]" Column="TEUsFailed" />
                                                            <ColumnReference Database="[OurLabReporting]" Schema="[dbo]" Table="[TEUCountsByResolvedTED]" Alias="[cache]" Column="TotalTEUs" />
                                                            <ColumnReference Database="[OurLabReporting]" Schema="[dbo]" Table="[TEUCountsByResolvedTED]" Alias="[cache]" Column="PassTotal" />
                                                            <ColumnReference Database="[OurLabReporting]" Schema="[dbo]" Table="[TEUCountsByResolvedTED]" Alias="[cache]" Column="FailTotal" />
                                                            <ColumnReference Database="[OurLabReporting]" Schema="[dbo]" Table="[TEUCountsByResolvedTED]" Alias="[cache]" Column="WarnTotal" />
                                                            <ColumnReference Database="[OurLabReporting]" Schema="[dbo]" Table="[TEUCountsByResolvedTED]" Alias="[cache]" Column="SkipTotal" />
                                                            <ColumnReference Database="[OurLabReporting]" Schema="[dbo]" Table="[TEUCountsByResolvedTED]" Alias="[cache]" Column="BlockTotal" />
                                                          </OutputList>
                                                          <IndexScan Ordered="1" ScanDirection="FORWARD" ForcedIndex="0" ForceSeek="0" ForceScan="0" NoExpandHint="0" Storage="RowStore">
                                                            <DefinedValues>
                                                              <DefinedValue>
                                                                <ColumnReference Database="[OurLabReporting]" Schema="[dbo]" Table="[TEUCountsByResolvedTED]" Alias="[cache]" Column="TEUsCompleted" />
                                                              </DefinedValue>
                                                              <DefinedValue>
                                                                <ColumnReference Database="[OurLabReporting]" Schema="[dbo]" Table="[TEUCountsByResolvedTED]" Alias="[cache]" Column="TEUsNotScheduled" />
                                                              </DefinedValue>
                                                              <DefinedValue>
                                                                <ColumnReference Database="[OurLabReporting]" Schema="[dbo]" Table="[TEUCountsByResolvedTED]" Alias="[cache]" Column="TEUsFailed" />
                                                              </DefinedValue>
                                                              <DefinedValue>
                                                                <ColumnReference Database="[OurLabReporting]" Schema="[dbo]" Table="[TEUCountsByResolvedTED]" Alias="[cache]" Column="TotalTEUs" />
                                                              </DefinedValue>
                                                              <DefinedValue>
                                                                <ColumnReference Database="[OurLabReporting]" Schema="[dbo]" Table="[TEUCountsByResolvedTED]" Alias="[cache]" Column="PassTotal" />
                                                              </DefinedValue>
                                                              <DefinedValue>
                                                                <ColumnReference Database="[OurLabReporting]" Schema="[dbo]" Table="[TEUCountsByResolvedTED]" Alias="[cache]" Column="FailTotal" />
                                                              </DefinedValue>
                                                              <DefinedValue>
                                                                <ColumnReference Database="[OurLabReporting]" Schema="[dbo]" Table="[TEUCountsByResolvedTED]" Alias="[cache]" Column="WarnTotal" />
                                                              </DefinedValue>
                                                              <DefinedValue>
                                                                <ColumnReference Database="[OurLabReporting]" Schema="[dbo]" Table="[TEUCountsByResolvedTED]" Alias="[cache]" Column="SkipTotal" />
                                                              </DefinedValue>
                                                              <DefinedValue>
                                                                <ColumnReference Database="[OurLabReporting]" Schema="[dbo]" Table="[TEUCountsByResolvedTED]" Alias="[cache]" Column="BlockTotal" />
                                                              </DefinedValue>
                                                            </DefinedValues>
                                                            <Object Database="[OurLabReporting]" Schema="[dbo]" Table="[TEUCountsByResolvedTED]" Index="[TEUCountsByResolvedTED_PK]" Alias="[cache]" IndexKind="Clustered" />
                                                            <SeekPredicates>
                                                              <SeekPredicateNew>
                                                                <SeekKeys>
                                                                  <Prefix ScanType="EQ">
                                                                    <RangeColumns>
                                                                      <ColumnReference Database="[OurLabReporting]" Schema="[dbo]" Table="[TEUCountsByResolvedTED]" Alias="[cache]" Column="ResolvedTEDId" />
                                                                    </RangeColumns>
                                                                    <RangeExpressions>
                                                                      <ScalarOperator ScalarString="[OurLabReporting].[dbo].[ResolvedTED].[Id] as [rted].[Id]">
                                                                        <Identifier>
                                                                          <ColumnReference Database="[OurLabReporting]" Schema="[dbo]" Table="[ResolvedTED]" Alias="[rted]" Column="Id" />
                                                                        </Identifier>
                                                                      </ScalarOperator>
                                                                    </RangeExpressions>
                                                                  </Prefix>
                                                                </SeekKeys>
                                                              </SeekPredicateNew>
                                                            </SeekPredicates>
                                                          </IndexScan>
                                                        </RelOp>
                                                      </ComputeScalar>
                                                    </RelOp>
                                                  </NestedLoops>
                                                </RelOp>
                                              </ComputeScalar>
                                            </RelOp>
                                          </StreamAggregate>
                                        </RelOp>
                                      </NestedLoops>
                                    </RelOp>
                                    <RelOp NodeId="78" PhysicalOp="Nested Loops" LogicalOp="Inner Join" EstimateRows="1" EstimateIO="0" EstimateCPU="4.18e-006" AvgRowSize="166" EstimatedTotalSubtreeCost="0.0131449" Parallel="0" EstimateRebinds="0" EstimateRewinds="0" EstimatedExecutionMode="Row">
                                      <OutputList>
                                        <ColumnReference Database="[OurLabReporting]" Schema="[dbo]" Table="[PlatformBspFirmware]" Alias="[F]" Column="Name" />
                                        <ColumnReference Database="[OurLabReporting]" Schema="[dbo]" Table="[PlatformBsp]" Alias="[BSP]" Column="Name" />
                                        <ColumnReference Database="[OurLabReporting]" Schema="[dbo]" Table="[Platform]" Alias="[P]" Column="Name" />
                                      </OutputList>
                                      <NestedLoops Optimized="0">
                                        <OuterReferences>
                                          <ColumnReference Database="[OurLabReporting]" Schema="[dbo]" Table="[PlatformBsp]" Alias="[BSP]" Column="PlatformId" />
                                        </OuterReferences>
                                        <RelOp NodeId="79" PhysicalOp="Nested Loops" LogicalOp="Inner Join" EstimateRows="1" EstimateIO="0" EstimateCPU="4.18e-006" AvgRowSize="68" EstimatedTotalSubtreeCost="0.00985766" Parallel="0" EstimateRebinds="0" EstimateRewinds="0" EstimatedExecutionMode="Row">
                                          <OutputList>
                                            <ColumnReference Database="[OurLabReporting]" Schema="[dbo]" Table="[PlatformBspFirmware]" Alias="[F]" Column="Name" />
                                            <ColumnReference Database="[OurLabReporting]" Schema="[dbo]" Table="[PlatformBsp]" Alias="[BSP]" Column="PlatformId" />
                                            <ColumnReference Database="[OurLabReporting]" Schema="[dbo]" Table="[PlatformBsp]" Alias="[BSP]" Column="Name" />
                                          </OutputList>
                                          <NestedLoops Optimized="0">
                                            <OuterReferences>
                                              <ColumnReference Database="[OurLabReporting]" Schema="[dbo]" Table="[PlatformBspFirmware]" Alias="[F]" Column="PlatformBspId" />
                                            </OuterReferences>
                                            <RelOp NodeId="80" PhysicalOp="Nested Loops" LogicalOp="Inner Join" EstimateRows="1" EstimateIO="0" EstimateCPU="4.18e-006" AvgRowSize="52" EstimatedTotalSubtreeCost="0.00657038" Parallel="0" EstimateRebinds="0" EstimateRewinds="0" EstimatedExecutionMode="Row">
                                              <OutputList>
                                                <ColumnReference Database="[OurLabReporting]" Schema="[dbo]" Table="[PlatformBspFirmware]" Alias="[F]" Column="PlatformBspId" />
                                                <ColumnReference Database="[OurLabReporting]" Schema="[dbo]" Table="[PlatformBspFirmware]" Alias="[F]" Column="Name" />
                                              </OutputList>
                                              <NestedLoops Optimized="0">
                                                <OuterReferences>
                                                  <ColumnReference Database="[OurLabReporting]" Schema="[dbo]" Table="[Image]" Alias="[I]" Column="PlatformBspFirmwareId" />
                                                </OuterReferences>
                                                <RelOp NodeId="81" PhysicalOp="Clustered Index Seek" LogicalOp="Clustered Index Seek" EstimateRows="1" EstimateIO="0.003125" EstimateCPU="0.0001581" AvgRowSize="11" EstimatedTotalSubtreeCost="0.0032831" TableCardinality="104141" Parallel="0" EstimateRebinds="0" EstimateRewinds="0" EstimatedExecutionMode="Row">
                                                  <OutputList>
                                                    <ColumnReference Database="[OurLabReporting]" Schema="[dbo]" Table="[Image]" Alias="[I]" Column="PlatformBspFirmwareId" />
                                                  </OutputList>
                                                  <IndexScan Ordered="1" ScanDirection="FORWARD" ForcedIndex="0" ForceSeek="0" ForceScan="0" NoExpandHint="0" Storage="RowStore">
                                                    <DefinedValues>
                                                      <DefinedValue>
                                                        <ColumnReference Database="[OurLabReporting]" Schema="[dbo]" Table="[Image]" Alias="[I]" Column="PlatformBspFirmwareId" />
                                                      </DefinedValue>
                                                    </DefinedValues>
                                                    <Object Database="[OurLabReporting]" Schema="[dbo]" Table="[Image]" Index="[Image_PK]" Alias="[I]" IndexKind="Clustered" />
                                                    <SeekPredicates>
                                                      <SeekPredicateNew>
                                                        <SeekKeys>
                                                          <Prefix ScanType="EQ">
                                                            <RangeColumns>
                                                              <ColumnReference Database="[OurLabReporting]" Schema="[dbo]" Table="[Image]" Alias="[I]" Column="Id" />
                                                            </RangeColumns>
                                                            <RangeExpressions>
                                                              <ScalarOperator ScalarString="[OurLabReporting].[dbo].[Mix].[ImageId] as [mix].[ImageId]">
                                                                <Identifier>
                                                                  <ColumnReference Database="[OurLabReporting]" Schema="[dbo]" Table="[Mix]" Alias="[mix]" Column="ImageId" />
                                                                </Identifier>
                                                              </ScalarOperator>
                                                            </RangeExpressions>
                                                          </Prefix>
                                                        </SeekKeys>
                                                      </SeekPredicateNew>
                                                    </SeekPredicates>
                                                  </IndexScan>
                                                </RelOp>
                                                <RelOp NodeId="82" PhysicalOp="Clustered Index Seek" LogicalOp="Clustered Index Seek" EstimateRows="1" EstimateIO="0.003125" EstimateCPU="0.0001581" AvgRowSize="52" EstimatedTotalSubtreeCost="0.0032831" TableCardinality="3944" Parallel="0" EstimateRebinds="0" EstimateRewinds="0" EstimatedExecutionMode="Row">
                                                  <OutputList>
                                                    <ColumnReference Database="[OurLabReporting]" Schema="[dbo]" Table="[PlatformBspFirmware]" Alias="[F]" Column="PlatformBspId" />
                                                    <ColumnReference Database="[OurLabReporting]" Schema="[dbo]" Table="[PlatformBspFirmware]" Alias="[F]" Column="Name" />
                                                  </OutputList>
                                                  <IndexScan Ordered="1" ScanDirection="FORWARD" ForcedIndex="0" ForceSeek="0" ForceScan="0" NoExpandHint="0" Storage="RowStore">
                                                    <DefinedValues>
                                                      <DefinedValue>
                                                        <ColumnReference Database="[OurLabReporting]" Schema="[dbo]" Table="[PlatformBspFirmware]" Alias="[F]" Column="PlatformBspId" />
                                                      </DefinedValue>
                                                      <DefinedValue>
                                                        <ColumnReference Database="[OurLabReporting]" Schema="[dbo]" Table="[PlatformBspFirmware]" Alias="[F]" Column="Name" />
                                                      </DefinedValue>
                                                    </DefinedValues>
                                                    <Object Database="[OurLabReporting]" Schema="[dbo]" Table="[PlatformBspFirmware]" Index="[PlatformBspFirmware_PK]" Alias="[F]" IndexKind="Clustered" />
                                                    <SeekPredicates>
                                                      <SeekPredicateNew>
                                                        <SeekKeys>
                                                          <Prefix ScanType="EQ">
                                                            <RangeColumns>
                                                              <ColumnReference Database="[OurLabReporting]" Schema="[dbo]" Table="[PlatformBspFirmware]" Alias="[F]" Column="Id" />
                                                            </RangeColumns>
                                                            <RangeExpressions>
                                                              <ScalarOperator ScalarString="[OurLabReporting].[dbo].[Image].[PlatformBspFirmwareId] as [I].[PlatformBspFirmwareId]">
                                                                <Identifier>
                                                                  <ColumnReference Database="[OurLabReporting]" Schema="[dbo]" Table="[Image]" Alias="[I]" Column="PlatformBspFirmwareId" />
                                                                </Identifier>
                                                              </ScalarOperator>
                                                            </RangeExpressions>
                                                          </Prefix>
                                                        </SeekKeys>
                                                      </SeekPredicateNew>
                                                    </SeekPredicates>
                                                  </IndexScan>
                                                </RelOp>
                                              </NestedLoops>
                                            </RelOp>
                                            <RelOp NodeId="83" PhysicalOp="Clustered Index Seek" LogicalOp="Clustered Index Seek" EstimateRows="1" EstimateIO="0.003125" EstimateCPU="0.0001581" AvgRowSize="29" EstimatedTotalSubtreeCost="0.0032831" TableCardinality="7" Parallel="0" EstimateRebinds="0" EstimateRewinds="0" EstimatedExecutionMode="Row">
                                              <OutputList>
                                                <ColumnReference Database="[OurLabReporting]" Schema="[dbo]" Table="[PlatformBsp]" Alias="[BSP]" Column="PlatformId" />
                                                <ColumnReference Database="[OurLabReporting]" Schema="[dbo]" Table="[PlatformBsp]" Alias="[BSP]" Column="Name" />
                                              </OutputList>
                                              <IndexScan Ordered="1" ScanDirection="FORWARD" ForcedIndex="0" ForceSeek="0" ForceScan="0" NoExpandHint="0" Storage="RowStore">
                                                <DefinedValues>
                                                  <DefinedValue>
                                                    <ColumnReference Database="[OurLabReporting]" Schema="[dbo]" Table="[PlatformBsp]" Alias="[BSP]" Column="PlatformId" />
                                                  </DefinedValue>
                                                  <DefinedValue>
                                                    <ColumnReference Database="[OurLabReporting]" Schema="[dbo]" Table="[PlatformBsp]" Alias="[BSP]" Column="Name" />
                                                  </DefinedValue>
                                                </DefinedValues>
                                                <Object Database="[OurLabReporting]" Schema="[dbo]" Table="[PlatformBsp]" Index="[PlatformBsp_PK]" Alias="[BSP]" IndexKind="Clustered" />
                                                <SeekPredicates>
                                                  <SeekPredicateNew>
                                                    <SeekKeys>
                                                      <Prefix ScanType="EQ">
                                                        <RangeColumns>
                                                          <ColumnReference Database="[OurLabReporting]" Schema="[dbo]" Table="[PlatformBsp]" Alias="[BSP]" Column="Id" />
                                                        </RangeColumns>
                                                        <RangeExpressions>
                                                          <ScalarOperator ScalarString="[OurLabReporting].[dbo].[PlatformBspFirmware].[PlatformBspId] as [F].[PlatformBspId]">
                                                            <Identifier>
                                                              <ColumnReference Database="[OurLabReporting]" Schema="[dbo]" Table="[PlatformBspFirmware]" Alias="[F]" Column="PlatformBspId" />
                                                            </Identifier>
                                                          </ScalarOperator>
                                                        </RangeExpressions>
                                                      </Prefix>
                                                    </SeekKeys>
                                                  </SeekPredicateNew>
                                                </SeekPredicates>
                                              </IndexScan>
                                            </RelOp>
                                          </NestedLoops>
                                        </RelOp>
                                        <RelOp NodeId="84" PhysicalOp="Clustered Index Seek" LogicalOp="Clustered Index Seek" EstimateRows="1" EstimateIO="0.003125" EstimateCPU="0.0001581" AvgRowSize="111" EstimatedTotalSubtreeCost="0.0032831" TableCardinality="5" Parallel="0" EstimateRebinds="0" EstimateRewinds="0" EstimatedExecutionMode="Row">
                                          <OutputList>
                                            <ColumnReference Database="[OurLabReporting]" Schema="[dbo]" Table="[Platform]" Alias="[P]" Column="Name" />
                                          </OutputList>
                                          <IndexScan Ordered="1" ScanDirection="FORWARD" ForcedIndex="0" ForceSeek="0" ForceScan="0" NoExpandHint="0" Storage="RowStore">
                                            <DefinedValues>
                                              <DefinedValue>
                                                <ColumnReference Database="[OurLabReporting]" Schema="[dbo]" Table="[Platform]" Alias="[P]" Column="Name" />
                                              </DefinedValue>
                                            </DefinedValues>
                                            <Object Database="[OurLabReporting]" Schema="[dbo]" Table="[Platform]" Index="[Platform_PK]" Alias="[P]" IndexKind="Clustered" />
                                            <SeekPredicates>
                                              <SeekPredicateNew>
                                                <SeekKeys>
                                                  <Prefix ScanType="EQ">
                                                    <RangeColumns>
                                                      <ColumnReference Database="[OurLabReporting]" Schema="[dbo]" Table="[Platform]" Alias="[P]" Column="Id" />
                                                    </RangeColumns>
                                                    <RangeExpressions>
                                                      <ScalarOperator ScalarString="[OurLabReporting].[dbo].[PlatformBsp].[PlatformId] as [BSP].[PlatformId]">
                                                        <Identifier>
                                                          <ColumnReference Database="[OurLabReporting]" Schema="[dbo]" Table="[PlatformBsp]" Alias="[BSP]" Column="PlatformId" />
                                                        </Identifier>
                                                      </ScalarOperator>
                                                    </RangeExpressions>
                                                  </Prefix>
                                                </SeekKeys>
                                              </SeekPredicateNew>
                                            </SeekPredicates>
                                          </IndexScan>
                                        </RelOp>
                                      </NestedLoops>
                                    </RelOp>
                                  </NestedLoops>
                                </RelOp>
                                <RelOp NodeId="85" PhysicalOp="Compute Scalar" LogicalOp="Compute Scalar" EstimateRows="1" EstimateIO="0" EstimateCPU="1e-007" AvgRowSize="11" EstimatedTotalSubtreeCost="13.9658" Parallel="0" EstimateRebinds="0" EstimateRewinds="0" EstimatedExecutionMode="Row">
                                  <OutputList>
                                    <ColumnReference Column="Expr1053" />
                                  </OutputList>
                                  <ComputeScalar>
                                    <DefinedValues>
                                      <DefinedValue>
                                        <ColumnReference Column="Expr1053" />
                                        <ScalarOperator ScalarString="[Expr1051]">
                                          <Identifier>
                                            <ColumnReference Column="Expr1051" />
                                          </Identifier>
                                        </ScalarOperator>
                                      </DefinedValue>
                                    </DefinedValues>
                                    <RelOp NodeId="86" PhysicalOp="Compute Scalar" LogicalOp="Compute Scalar" EstimateRows="1" EstimateIO="0" EstimateCPU="0.00236265" AvgRowSize="11" EstimatedTotalSubtreeCost="13.9658" Parallel="0" EstimateRebinds="0" EstimateRewinds="0" EstimatedExecutionMode="Row">
                                      <OutputList>
                                        <ColumnReference Column="Expr1051" />
                                      </OutputList>
                                      <ComputeScalar>
                                        <DefinedValues>
                                          <DefinedValue>
                                            <ColumnReference Column="Expr1051" />
                                            <ScalarOperator ScalarString="CONVERT_IMPLICIT(int,[Expr1114],0)">
                                              <Convert DataType="int" Style="0" Implicit="1">
                                                <ScalarOperator>
                                                  <Identifier>
                                                    <ColumnReference Column="Expr1114" />
                                                  </Identifier>
                                                </ScalarOperator>
                                              </Convert>
                                            </ScalarOperator>
                                          </DefinedValue>
                                        </DefinedValues>
                                        <RelOp NodeId="87" PhysicalOp="Stream Aggregate" LogicalOp="Aggregate" EstimateRows="1" EstimateIO="0" EstimateCPU="0.00236265" AvgRowSize="11" EstimatedTotalSubtreeCost="13.9658" Parallel="0" EstimateRebinds="0" EstimateRewinds="0" EstimatedExecutionMode="Row">
                                          <OutputList>
                                            <ColumnReference Column="Expr1114" />
                                          </OutputList>
                                          <StreamAggregate>
                                            <DefinedValues>
                                              <DefinedValue>
                                                <ColumnReference Column="Expr1114" />
                                                <ScalarOperator ScalarString="Count(*)">
                                                  <Aggregate AggType="countstar" Distinct="0" />
                                                </ScalarOperator>
                                              </DefinedValue>
                                            </DefinedValues>
                                            <RelOp NodeId="88" PhysicalOp="Nested Loops" LogicalOp="Inner Join" EstimateRows="3936.91" EstimateIO="0" EstimateCPU="0.0188147" AvgRowSize="11" EstimatedTotalSubtreeCost="13.9634" Parallel="0" EstimateRebinds="0" EstimateRewinds="0" EstimatedExecutionMode="Row">
                                              <OutputList>
                                                <ColumnReference Database="[OurLabReporting]" Schema="[dbo]" Table="[Failure]" Alias="[F]" Column="Id" />
                                              </OutputList>
                                              <NestedLoops Optimized="1" WithUnorderedPrefetch="1">
                                                <OuterReferences>
                                                  <ColumnReference Database="[OurLabReporting]" Schema="[dbo]" Table="[Failure]" Alias="[F]" Column="TEUId" />
                                                  <ColumnReference Column="Expr1113" />
                                                </OuterReferences>
                                                <RelOp NodeId="91" PhysicalOp="Nested Loops" LogicalOp="Inner Join" EstimateRows="4501.12" EstimateIO="0" EstimateCPU="0.0188147" AvgRowSize="19" EstimatedTotalSubtreeCost="0.0546284" Parallel="0" EstimateRebinds="0" EstimateRewinds="0" EstimatedExecutionMode="Row">
                                                  <OutputList>
                                                    <ColumnReference Database="[OurLabReporting]" Schema="[dbo]" Table="[Failure]" Alias="[F]" Column="Id" />
                                                    <ColumnReference Database="[OurLabReporting]" Schema="[dbo]" Table="[Failure]" Alias="[F]" Column="TEUId" />
                                                  </OutputList>
                                                  <NestedLoops Optimized="1">
                                                    <OuterReferences>
                                                      <ColumnReference Database="[OurLabReporting]" Schema="[dbo]" Table="[ResolvedTED]" Column="Id" />
                                                    </OuterReferences>
                                                    <RelOp NodeId="93" PhysicalOp="Nested Loops" LogicalOp="Inner Join" EstimateRows="1.72587" EstimateIO="0" EstimateCPU="7.21415e-006" AvgRowSize="11" EstimatedTotalSubtreeCost="0.00657421" Parallel="0" EstimateRebinds="0" EstimateRewinds="0" EstimatedExecutionMode="Row">
                                                      <OutputList>
                                                        <ColumnReference Database="[OurLabReporting]" Schema="[dbo]" Table="[ResolvedTED]" Column="Id" />
                                                      </OutputList>
                                                      <NestedLoops Optimized="0">
                                                        <RelOp NodeId="94" PhysicalOp="Clustered Index Seek" LogicalOp="Clustered Index Seek" EstimateRows="1" EstimateIO="0.003125" EstimateCPU="0.0001581" AvgRowSize="9" EstimatedTotalSubtreeCost="0.0032831" TableCardinality="1.48177e+006" Parallel="0" EstimateRebinds="0" EstimateRewinds="0" EstimatedExecutionMode="Row">
                                                          <OutputList />
                                                          <IndexScan Ordered="1" ScanDirection="FORWARD" ForcedIndex="0" ForceSeek="0" ForceScan="0" NoExpandHint="0" Storage="RowStore">
                                                            <DefinedValues />
                                                            <Object Database="[OurLabReporting]" Schema="[dbo]" Table="[Mix]" Index="[Mix_PK]" TableReferenceId="1" IndexKind="Clustered" />
                                                            <SeekPredicates>
                                                              <SeekPredicateNew>
                                                                <SeekKeys>
                                                                  <Prefix ScanType="EQ">
                                                                    <RangeColumns>
                                                                      <ColumnReference Database="[OurLabReporting]" Schema="[dbo]" Table="[Mix]" Column="Id" />
                                                                    </RangeColumns>
                                                                    <RangeExpressions>
                                                                      <ScalarOperator ScalarString="[OurLabReporting].[dbo].[Mix].[Id] as [mix].[Id]">
                                                                        <Identifier>
                                                                          <ColumnReference Database="[OurLabReporting]" Schema="[dbo]" Table="[Mix]" Alias="[mix]" Column="Id" />
                                                                        </Identifier>
                                                                      </ScalarOperator>
                                                                    </RangeExpressions>
                                                                  </Prefix>
                                                                </SeekKeys>
                                                              </SeekPredicateNew>
                                                            </SeekPredicates>
                                                          </IndexScan>
                                                        </RelOp>
                                                        <RelOp NodeId="95" PhysicalOp="Index Seek" LogicalOp="Index Seek" EstimateRows="1.72587" EstimateIO="0.003125" EstimateCPU="0.000158898" AvgRowSize="11" EstimatedTotalSubtreeCost="0.0032839" TableCardinality="1.37085e+006" Parallel="0" EstimateRebinds="0" EstimateRewinds="0" EstimatedExecutionMode="Row">
                                                          <OutputList>
                                                            <ColumnReference Database="[OurLabReporting]" Schema="[dbo]" Table="[ResolvedTED]" Column="Id" />
                                                          </OutputList>
                                                          <IndexScan Ordered="1" ScanDirection="FORWARD" ForcedIndex="0" ForceSeek="0" ForceScan="0" NoExpandHint="0" Storage="RowStore">
                                                            <DefinedValues>
                                                              <DefinedValue>
                                                                <ColumnReference Database="[OurLabReporting]" Schema="[dbo]" Table="[ResolvedTED]" Column="Id" />
                                                              </DefinedValue>
                                                            </DefinedValues>
                                                            <Object Database="[OurLabReporting]" Schema="[dbo]" Table="[ResolvedTED]" Index="[ResolvedTED_IDX_MixId]" TableReferenceId="1" IndexKind="NonClustered" />
                                                            <SeekPredicates>
                                                              <SeekPredicateNew>
                                                                <SeekKeys>
                                                                  <Prefix ScanType="EQ">
                                                                    <RangeColumns>
                                                                      <ColumnReference Database="[OurLabReporting]" Schema="[dbo]" Table="[ResolvedTED]" Column="MixId" />
                                                                    </RangeColumns>
                                                                    <RangeExpressions>
                                                                      <ScalarOperator ScalarString="[OurLabReporting].[dbo].[Mix].[Id] as [mix].[Id]">
                                                                        <Identifier>
                                                                          <ColumnReference Database="[OurLabReporting]" Schema="[dbo]" Table="[Mix]" Alias="[mix]" Column="Id" />
                                                                        </Identifier>
                                                                      </ScalarOperator>
                                                                    </RangeExpressions>
                                                                  </Prefix>
                                                                </SeekKeys>
                                                              </SeekPredicateNew>
                                                            </SeekPredicates>
                                                          </IndexScan>
                                                        </RelOp>
                                                      </NestedLoops>
                                                    </RelOp>
                                                    <RelOp NodeId="96" PhysicalOp="Index Seek" LogicalOp="Index Seek" EstimateRows="2608.03" EstimateIO="0.0179398" EstimateCPU="0.00302583" AvgRowSize="19" EstimatedTotalSubtreeCost="0.0292395" TableCardinality="3.38967e+007" Parallel="0" EstimateRebinds="0.725873" EstimateRewinds="0" EstimatedExecutionMode="Row">
                                                      <OutputList>
                                                        <ColumnReference Database="[OurLabReporting]" Schema="[dbo]" Table="[Failure]" Alias="[F]" Column="Id" />
                                                        <ColumnReference Database="[OurLabReporting]" Schema="[dbo]" Table="[Failure]" Alias="[F]" Column="TEUId" />
                                                      </OutputList>
                                                      <IndexScan Ordered="1" ScanDirection="FORWARD" ForcedIndex="0" ForceSeek="0" ForceScan="0" NoExpandHint="0" Storage="RowStore">
                                                        <DefinedValues>
                                                          <DefinedValue>
                                                            <ColumnReference Database="[OurLabReporting]" Schema="[dbo]" Table="[Failure]" Alias="[F]" Column="Id" />
                                                          </DefinedValue>
                                                          <DefinedValue>
                                                            <ColumnReference Database="[OurLabReporting]" Schema="[dbo]" Table="[Failure]" Alias="[F]" Column="TEUId" />
                                                          </DefinedValue>
                                                        </DefinedValues>
                                                        <Object Database="[OurLabReporting]" Schema="[dbo]" Table="[Failure]" Index="[Failure_IDX_ResolvedTED]" Alias="[F]" TableReferenceId="1" IndexKind="NonClustered" />
                                                        <SeekPredicates>
                                                          <SeekPredicateNew>
                                                            <SeekKeys>
                                                              <Prefix ScanType="EQ">
                                                                <RangeColumns>
                                                                  <ColumnReference Database="[OurLabReporting]" Schema="[dbo]" Table="[Failure]" Alias="[F]" Column="ResolvedTEDId" />
                                                                </RangeColumns>
                                                                <RangeExpressions>
                                                                  <ScalarOperator ScalarString="[OurLabReporting].[dbo].[ResolvedTED].[Id]">
                                                                    <Identifier>
                                                                      <ColumnReference Database="[OurLabReporting]" Schema="[dbo]" Table="[ResolvedTED]" Column="Id" />
                                                                    </Identifier>
                                                                  </ScalarOperator>
                                                                </RangeExpressions>
                                                              </Prefix>
                                                            </SeekKeys>
                                                          </SeekPredicateNew>
                                                        </SeekPredicates>
                                                      </IndexScan>
                                                    </RelOp>
                                                  </NestedLoops>
                                                </RelOp>
                                                <RelOp NodeId="97" PhysicalOp="Index Seek" LogicalOp="Index Seek" EstimateRows="1" EstimateIO="0.003125" EstimateCPU="0.0001581" AvgRowSize="9" EstimatedTotalSubtreeCost="13.8878" TableCardinality="4.12025e+007" Parallel="0" EstimateRebinds="4499.91" EstimateRewinds="0.208304" EstimatedExecutionMode="Row">
                                                  <OutputList />
                                                  <IndexScan Ordered="1" ScanDirection="FORWARD" ForcedIndex="0" ForceSeek="0" ForceScan="0" NoExpandHint="0" Storage="RowStore">
                                                    <DefinedValues />
                                                    <Object Database="[OurLabReporting]" Schema="[dbo]" Table="[TEU]" Index="[Teu_IDX_Id]" TableReferenceId="1" IndexKind="NonClustered" />
                                                    <SeekPredicates>
                                                      <SeekPredicateNew>
                                                        <SeekKeys>
                                                          <Prefix ScanType="EQ">
                                                            <RangeColumns>
                                                              <ColumnReference Database="[OurLabReporting]" Schema="[dbo]" Table="[TEU]" Column="Id" />
                                                            </RangeColumns>
                                                            <RangeExpressions>
                                                              <ScalarOperator ScalarString="[OurLabReporting].[dbo].[Failure].[TEUId] as [F].[TEUId]">
                                                                <Identifier>
                                                                  <ColumnReference Database="[OurLabReporting]" Schema="[dbo]" Table="[Failure]" Alias="[F]" Column="TEUId" />
                                                                </Identifier>
                                                              </ScalarOperator>
                                                            </RangeExpressions>
                                                          </Prefix>
                                                        </SeekKeys>
                                                      </SeekPredicateNew>
                                                    </SeekPredicates>
                                                    <Predicate>
                                                      <ScalarOperator ScalarString="[OurLabReporting].[dbo].[TEU].[IsRerunPrimary]=(1)">
                                                        <Compare CompareOp="EQ">
                                                          <ScalarOperator>
                                                            <Identifier>
                                                              <ColumnReference Database="[OurLabReporting]" Schema="[dbo]" Table="[TEU]" Column="IsRerunPrimary" />
                                                            </Identifier>
                                                          </ScalarOperator>
                                                          <ScalarOperator>
                                                            <Const ConstValue="(1)" />
                                                          </ScalarOperator>
                                                        </Compare>
                                                      </ScalarOperator>
                                                    </Predicate>
                                                  </IndexScan>
                                                </RelOp>
                                              </NestedLoops>
                                            </RelOp>
                                          </StreamAggregate>
                                        </RelOp>
                                      </ComputeScalar>
                                    </RelOp>
                                  </ComputeScalar>
                                </RelOp>
                              </NestedLoops>
                            </RelOp>
                            <RelOp NodeId="105" PhysicalOp="Compute Scalar" LogicalOp="Compute Scalar" EstimateRows="1" EstimateIO="0" EstimateCPU="1e-007" AvgRowSize="11" EstimatedTotalSubtreeCost="13.9678" Parallel="0" EstimateRebinds="0" EstimateRewinds="0" EstimatedExecutionMode="Row">
                              <OutputList>
                                <ColumnReference Column="Expr1067" />
                              </OutputList>
                              <ComputeScalar>
                                <DefinedValues>
                                  <DefinedValue>
                                    <ColumnReference Column="Expr1067" />
                                    <ScalarOperator ScalarString="[Expr1065]">
                                      <Identifier>
                                        <ColumnReference Column="Expr1065" />
                                      </Identifier>
                                    </ScalarOperator>
                                  </DefinedValue>
                                </DefinedValues>
                                <RelOp NodeId="106" PhysicalOp="Compute Scalar" LogicalOp="Compute Scalar" EstimateRows="1" EstimateIO="0" EstimateCPU="0.00236265" AvgRowSize="11" EstimatedTotalSubtreeCost="13.9678" Parallel="0" EstimateRebinds="0" EstimateRewinds="0" EstimatedExecutionMode="Row">
                                  <OutputList>
                                    <ColumnReference Column="Expr1065" />
                                  </OutputList>
                                  <ComputeScalar>
                                    <DefinedValues>
                                      <DefinedValue>
                                        <ColumnReference Column="Expr1065" />
                                        <ScalarOperator ScalarString="CONVERT_IMPLICIT(int,[Expr1116],0)">
                                          <Convert DataType="int" Style="0" Implicit="1">
                                            <ScalarOperator>
                                              <Identifier>
                                                <ColumnReference Column="Expr1116" />
                                              </Identifier>
                                            </ScalarOperator>
                                          </Convert>
                                        </ScalarOperator>
                                      </DefinedValue>
                                    </DefinedValues>
                                    <RelOp NodeId="107" PhysicalOp="Stream Aggregate" LogicalOp="Aggregate" EstimateRows="1" EstimateIO="0" EstimateCPU="0.00236265" AvgRowSize="11" EstimatedTotalSubtreeCost="13.9678" Parallel="0" EstimateRebinds="0" EstimateRewinds="0" EstimatedExecutionMode="Row">
                                      <OutputList>
                                        <ColumnReference Column="Expr1116" />
                                      </OutputList>
                                      <StreamAggregate>
                                        <DefinedValues>
                                          <DefinedValue>
                                            <ColumnReference Column="Expr1116" />
                                            <ScalarOperator ScalarString="Count(*)">
                                              <Aggregate AggType="countstar" Distinct="0" />
                                            </ScalarOperator>
                                          </DefinedValue>
                                        </DefinedValues>
                                        <RelOp NodeId="108" PhysicalOp="Nested Loops" LogicalOp="Inner Join" EstimateRows="3936.91" EstimateIO="0" EstimateCPU="0.0188147" AvgRowSize="11" EstimatedTotalSubtreeCost="13.9654" Parallel="0" EstimateRebinds="0" EstimateRewinds="0" EstimatedExecutionMode="Row">
                                          <OutputList>
                                            <ColumnReference Database="[OurLabReporting]" Schema="[dbo]" Table="[Failure]" Alias="[F]" Column="Id" />
                                          </OutputList>
                                          <NestedLoops Optimized="1" WithUnorderedPrefetch="1">
                                            <OuterReferences>
                                              <ColumnReference Database="[OurLabReporting]" Schema="[dbo]" Table="[Failure]" Alias="[F]" Column="TEUId" />
                                              <ColumnReference Column="Expr1115" />
                                            </OuterReferences>
                                            <RelOp NodeId="111" PhysicalOp="Nested Loops" LogicalOp="Inner Join" EstimateRows="4501.12" EstimateIO="0" EstimateCPU="0.0188147" AvgRowSize="19" EstimatedTotalSubtreeCost="0.0567889" Parallel="0" EstimateRebinds="0" EstimateRewinds="0" EstimatedExecutionMode="Row">
                                              <OutputList>
                                                <ColumnReference Database="[OurLabReporting]" Schema="[dbo]" Table="[Failure]" Alias="[F]" Column="Id" />
                                                <ColumnReference Database="[OurLabReporting]" Schema="[dbo]" Table="[Failure]" Alias="[F]" Column="TEUId" />
                                              </OutputList>
                                              <NestedLoops Optimized="1">
                                                <OuterReferences>
                                                  <ColumnReference Database="[OurLabReporting]" Schema="[dbo]" Table="[ResolvedTED]" Column="Id" />
                                                </OuterReferences>
                                                <RelOp NodeId="113" PhysicalOp="Nested Loops" LogicalOp="Inner Join" EstimateRows="1.72587" EstimateIO="0" EstimateCPU="7.21415e-006" AvgRowSize="11" EstimatedTotalSubtreeCost="0.00657421" Parallel="0" EstimateRebinds="0" EstimateRewinds="0" EstimatedExecutionMode="Row">
                                                  <OutputList>
                                                    <ColumnReference Database="[OurLabReporting]" Schema="[dbo]" Table="[ResolvedTED]" Column="Id" />
                                                  </OutputList>
                                                  <NestedLoops Optimized="0">
                                                    <RelOp NodeId="114" PhysicalOp="Clustered Index Seek" LogicalOp="Clustered Index Seek" EstimateRows="1" EstimateIO="0.003125" EstimateCPU="0.0001581" AvgRowSize="9" EstimatedTotalSubtreeCost="0.0032831" TableCardinality="1.48177e+006" Parallel="0" EstimateRebinds="0" EstimateRewinds="0" EstimatedExecutionMode="Row">
                                                      <OutputList />
                                                      <IndexScan Ordered="1" ScanDirection="FORWARD" ForcedIndex="0" ForceSeek="0" ForceScan="0" NoExpandHint="0" Storage="RowStore">
                                                        <DefinedValues />
                                                        <Object Database="[OurLabReporting]" Schema="[dbo]" Table="[Mix]" Index="[Mix_PK]" TableReferenceId="2" IndexKind="Clustered" />
                                                        <SeekPredicates>
                                                          <SeekPredicateNew>
                                                            <SeekKeys>
                                                              <Prefix ScanType="EQ">
                                                                <RangeColumns>
                                                                  <ColumnReference Database="[OurLabReporting]" Schema="[dbo]" Table="[Mix]" Column="Id" />
                                                                </RangeColumns>
                                                                <RangeExpressions>
                                                                  <ScalarOperator ScalarString="[OurLabReporting].[dbo].[Mix].[Id] as [mix].[Id]">
                                                                    <Identifier>
                                                                      <ColumnReference Database="[OurLabReporting]" Schema="[dbo]" Table="[Mix]" Alias="[mix]" Column="Id" />
                                                                    </Identifier>
                                                                  </ScalarOperator>
                                                                </RangeExpressions>
                                                              </Prefix>
                                                            </SeekKeys>
                                                          </SeekPredicateNew>
                                                        </SeekPredicates>
                                                      </IndexScan>
                                                    </RelOp>
                                                    <RelOp NodeId="115" PhysicalOp="Index Seek" LogicalOp="Index Seek" EstimateRows="1.72587" EstimateIO="0.003125" EstimateCPU="0.000158898" AvgRowSize="11" EstimatedTotalSubtreeCost="0.0032839" TableCardinality="1.37085e+006" Parallel="0" EstimateRebinds="0" EstimateRewinds="0" EstimatedExecutionMode="Row">
                                                      <OutputList>
                                                        <ColumnReference Database="[OurLabReporting]" Schema="[dbo]" Table="[ResolvedTED]" Column="Id" />
                                                      </OutputList>
                                                      <IndexScan Ordered="1" ScanDirection="FORWARD" ForcedIndex="0" ForceSeek="0" ForceScan="0" NoExpandHint="0" Storage="RowStore">
                                                        <DefinedValues>
                                                          <DefinedValue>
                                                            <ColumnReference Database="[OurLabReporting]" Schema="[dbo]" Table="[ResolvedTED]" Column="Id" />
                                                          </DefinedValue>
                                                        </DefinedValues>
                                                        <Object Database="[OurLabReporting]" Schema="[dbo]" Table="[ResolvedTED]" Index="[ResolvedTED_IDX_MixId]" TableReferenceId="2" IndexKind="NonClustered" />
                                                        <SeekPredicates>
                                                          <SeekPredicateNew>
                                                            <SeekKeys>
                                                              <Prefix ScanType="EQ">
                                                                <RangeColumns>
                                                                  <ColumnReference Database="[OurLabReporting]" Schema="[dbo]" Table="[ResolvedTED]" Column="MixId" />
                                                                </RangeColumns>
                                                                <RangeExpressions>
                                                                  <ScalarOperator ScalarString="[OurLabReporting].[dbo].[Mix].[Id] as [mix].[Id]">
                                                                    <Identifier>
                                                                      <ColumnReference Database="[OurLabReporting]" Schema="[dbo]" Table="[Mix]" Alias="[mix]" Column="Id" />
                                                                    </Identifier>
                                                                  </ScalarOperator>
                                                                </RangeExpressions>
                                                              </Prefix>
                                                            </SeekKeys>
                                                          </SeekPredicateNew>
                                                        </SeekPredicates>
                                                      </IndexScan>
                                                    </RelOp>
                                                  </NestedLoops>
                                                </RelOp>
                                                <RelOp NodeId="116" PhysicalOp="Index Seek" LogicalOp="Index Seek" EstimateRows="2608.03" EstimateIO="0.0179398" EstimateCPU="0.00302583" AvgRowSize="23" EstimatedTotalSubtreeCost="0.0292395" TableCardinality="3.38967e+007" Parallel="0" EstimateRebinds="0.725873" EstimateRewinds="0" EstimatedExecutionMode="Row">
                                                  <OutputList>
                                                    <ColumnReference Database="[OurLabReporting]" Schema="[dbo]" Table="[Failure]" Alias="[F]" Column="Id" />
                                                    <ColumnReference Database="[OurLabReporting]" Schema="[dbo]" Table="[Failure]" Alias="[F]" Column="TEUId" />
                                                  </OutputList>
                                                  <IndexScan Ordered="1" ScanDirection="FORWARD" ForcedIndex="0" ForceSeek="0" ForceScan="0" NoExpandHint="0" Storage="RowStore">
                                                    <DefinedValues>
                                                      <DefinedValue>
                                                        <ColumnReference Database="[OurLabReporting]" Schema="[dbo]" Table="[Failure]" Alias="[F]" Column="Id" />
                                                      </DefinedValue>
                                                      <DefinedValue>
                                                        <ColumnReference Database="[OurLabReporting]" Schema="[dbo]" Table="[Failure]" Alias="[F]" Column="TEUId" />
                                                      </DefinedValue>
                                                    </DefinedValues>
                                                    <Object Database="[OurLabReporting]" Schema="[dbo]" Table="[Failure]" Index="[Failure_IDX_ResolvedTED]" Alias="[F]" TableReferenceId="2" IndexKind="NonClustered" />
                                                    <SeekPredicates>
                                                      <SeekPredicateNew>
                                                        <SeekKeys>
                                                          <Prefix ScanType="EQ">
                                                            <RangeColumns>
                                                              <ColumnReference Database="[OurLabReporting]" Schema="[dbo]" Table="[Failure]" Alias="[F]" Column="ResolvedTEDId" />
                                                            </RangeColumns>
                                                            <RangeExpressions>
                                                              <ScalarOperator ScalarString="[OurLabReporting].[dbo].[ResolvedTED].[Id]">
                                                                <Identifier>
                                                                  <ColumnReference Database="[OurLabReporting]" Schema="[dbo]" Table="[ResolvedTED]" Column="Id" />
                                                                </Identifier>
                                                              </ScalarOperator>
                                                            </RangeExpressions>
                                                          </Prefix>
                                                        </SeekKeys>
                                                      </SeekPredicateNew>
                                                    </SeekPredicates>
                                                    <Predicate>
                                                      <ScalarOperator ScalarString="[OurLabReporting].[dbo].[Failure].[StatusId] as [F].[StatusId]&lt;&gt;[@StatusId]">
                                                        <Compare CompareOp="NE">
                                                          <ScalarOperator>
                                                            <Identifier>
                                                              <ColumnReference Database="[OurLabReporting]" Schema="[dbo]" Table="[Failure]" Alias="[F]" Column="StatusId" />
                                                            </Identifier>
                                                          </ScalarOperator>
                                                          <ScalarOperator>
                                                            <Identifier>
                                                              <ColumnReference Column="@StatusId" />
                                                            </Identifier>
                                                          </ScalarOperator>
                                                        </Compare>
                                                      </ScalarOperator>
                                                    </Predicate>
                                                  </IndexScan>
                                                </RelOp>
                                              </NestedLoops>
                                            </RelOp>
                                            <RelOp NodeId="117" PhysicalOp="Index Seek" LogicalOp="Index Seek" EstimateRows="1" EstimateIO="0.003125" EstimateCPU="0.0001581" AvgRowSize="9" EstimatedTotalSubtreeCost="13.8876" TableCardinality="4.12025e+007" Parallel="0" EstimateRebinds="4499.91" EstimateRewinds="0.208321" EstimatedExecutionMode="Row">
                                              <OutputList />
                                              <IndexScan Ordered="1" ScanDirection="FORWARD" ForcedIndex="0" ForceSeek="0" ForceScan="0" NoExpandHint="0" Storage="RowStore">
                                                <DefinedValues />
                                                <Object Database="[OurLabReporting]" Schema="[dbo]" Table="[TEU]" Index="[Teu_IDX_Id]" TableReferenceId="2" IndexKind="NonClustered" />
                                                <SeekPredicates>
                                                  <SeekPredicateNew>
                                                    <SeekKeys>
                                                      <Prefix ScanType="EQ">
                                                        <RangeColumns>
                                                          <ColumnReference Database="[OurLabReporting]" Schema="[dbo]" Table="[TEU]" Column="Id" />
                                                        </RangeColumns>
                                                        <RangeExpressions>
                                                          <ScalarOperator ScalarString="[OurLabReporting].[dbo].[Failure].[TEUId] as [F].[TEUId]">
                                                            <Identifier>
                                                              <ColumnReference Database="[OurLabReporting]" Schema="[dbo]" Table="[Failure]" Alias="[F]" Column="TEUId" />
                                                            </Identifier>
                                                          </ScalarOperator>
                                                        </RangeExpressions>
                                                      </Prefix>
                                                    </SeekKeys>
                                                  </SeekPredicateNew>
                                                </SeekPredicates>
                                                <Predicate>
                                                  <ScalarOperator ScalarString="[OurLabReporting].[dbo].[TEU].[IsRerunPrimary]=(1)">
                                                    <Compare CompareOp="EQ">
                                                      <ScalarOperator>
                                                        <Identifier>
                                                          <ColumnReference Database="[OurLabReporting]" Schema="[dbo]" Table="[TEU]" Column="IsRerunPrimary" />
                                                        </Identifier>
                                                      </ScalarOperator>
                                                      <ScalarOperator>
                                                        <Const ConstValue="(1)" />
                                                      </ScalarOperator>
                                                    </Compare>
                                                  </ScalarOperator>
                                                </Predicate>
                                              </IndexScan>
                                            </RelOp>
                                          </NestedLoops>
                                        </RelOp>
                                      </StreamAggregate>
                                    </RelOp>
                                  </ComputeScalar>
                                </RelOp>
                              </ComputeScalar>
                            </RelOp>
                          </NestedLoops>
                        </RelOp>
                        <RelOp NodeId="125" PhysicalOp="Compute Scalar" LogicalOp="Compute Scalar" EstimateRows="1" EstimateIO="0" EstimateCPU="1e-007" AvgRowSize="11" EstimatedTotalSubtreeCost="0.0155789" Parallel="0" EstimateRebinds="0" EstimateRewinds="0" EstimatedExecutionMode="Row">
                          <OutputList>
                            <ColumnReference Column="Expr1081" />
                          </OutputList>
                          <ComputeScalar>
                            <DefinedValues>
                              <DefinedValue>
                                <ColumnReference Column="Expr1081" />
                                <ScalarOperator ScalarString="[Expr1079]">
                                  <Identifier>
                                    <ColumnReference Column="Expr1079" />
                                  </Identifier>
                                </ScalarOperator>
                              </DefinedValue>
                            </DefinedValues>
                            <RelOp NodeId="126" PhysicalOp="Compute Scalar" LogicalOp="Compute Scalar" EstimateRows="1" EstimateIO="0" EstimateCPU="1.1e-006" AvgRowSize="11" EstimatedTotalSubtreeCost="0.0155788" Parallel="0" EstimateRebinds="0" EstimateRewinds="0" EstimatedExecutionMode="Row">
                              <OutputList>
                                <ColumnReference Column="Expr1079" />
                              </OutputList>
                              <ComputeScalar>
                                <DefinedValues>
                                  <DefinedValue>
                                    <ColumnReference Column="Expr1079" />
                                    <ScalarOperator ScalarString="CONVERT_IMPLICIT(int,[Expr1117],0)">
                                      <Convert DataType="int" Style="0" Implicit="1">
                                        <ScalarOperator>
                                          <Identifier>
                                            <ColumnReference Column="Expr1117" />
                                          </Identifier>
                                        </ScalarOperator>
                                      </Convert>
                                    </ScalarOperator>
                                  </DefinedValue>
                                </DefinedValues>
                                <RelOp NodeId="127" PhysicalOp="Stream Aggregate" LogicalOp="Aggregate" EstimateRows="1" EstimateIO="0" EstimateCPU="1.1e-006" AvgRowSize="11" EstimatedTotalSubtreeCost="0.0155788" Parallel="0" EstimateRebinds="0" EstimateRewinds="0" EstimatedExecutionMode="Row">
                                  <OutputList>
                                    <ColumnReference Column="Expr1117" />
                                  </OutputList>
                                  <StreamAggregate>
                                    <DefinedValues>
                                      <DefinedValue>
                                        <ColumnReference Column="Expr1117" />
                                        <ScalarOperator ScalarString="Count(*)">
                                          <Aggregate AggType="countstar" Distinct="0" />
                                        </ScalarOperator>
                                      </DefinedValue>
                                    </DefinedValues>
                                    <RelOp NodeId="128" PhysicalOp="Nested Loops" LogicalOp="Inner Join" EstimateRows="1" EstimateIO="0" EstimateCPU="7.19849e-006" AvgRowSize="11" EstimatedTotalSubtreeCost="0.0155777" Parallel="0" EstimateRebinds="0" EstimateRewinds="0" EstimatedExecutionMode="Row">
                                      <OutputList>
                                        <ColumnReference Database="[OurLabReporting]" Schema="[dbo]" Table="[Failure]" Alias="[F]" Column="Id" />
                                      </OutputList>
                                      <NestedLoops Optimized="1">
                                        <OuterReferences>
                                          <ColumnReference Database="[OurLabReporting]" Schema="[dbo]" Table="[Failure]" Alias="[F]" Column="TEUId" />
                                        </OuterReferences>
                                        <RelOp NodeId="130" PhysicalOp="Nested Loops" LogicalOp="Inner Join" EstimateRows="1.72213" EstimateIO="0" EstimateCPU="7.19849e-006" AvgRowSize="19" EstimatedTotalSubtreeCost="0.0111205" Parallel="0" EstimateRebinds="0" EstimateRewinds="0" EstimatedExecutionMode="Row">
                                          <OutputList>
                                            <ColumnReference Database="[OurLabReporting]" Schema="[dbo]" Table="[Failure]" Alias="[F]" Column="Id" />
                                            <ColumnReference Database="[OurLabReporting]" Schema="[dbo]" Table="[Failure]" Alias="[F]" Column="TEUId" />
                                          </OutputList>
                                          <NestedLoops Optimized="0">
                                            <RelOp NodeId="131" PhysicalOp="Clustered Index Seek" LogicalOp="Clustered Index Seek" EstimateRows="1" EstimateIO="0.003125" EstimateCPU="0.0001581" AvgRowSize="9" EstimatedTotalSubtreeCost="0.0032831" TableCardinality="1.48177e+006" Parallel="0" EstimateRebinds="0" EstimateRewinds="0" EstimatedExecutionMode="Row">
                                              <OutputList />
                                              <IndexScan Ordered="1" ScanDirection="FORWARD" ForcedIndex="0" ForceSeek="0" ForceScan="0" NoExpandHint="0" Storage="RowStore">
                                                <DefinedValues />
                                                <Object Database="[OurLabReporting]" Schema="[dbo]" Table="[Mix]" Index="[Mix_PK]" TableReferenceId="3" IndexKind="Clustered" />
                                                <SeekPredicates>
                                                  <SeekPredicateNew>
                                                    <SeekKeys>
                                                      <Prefix ScanType="EQ">
                                                        <RangeColumns>
                                                          <ColumnReference Database="[OurLabReporting]" Schema="[dbo]" Table="[Mix]" Column="Id" />
                                                        </RangeColumns>
                                                        <RangeExpressions>
                                                          <ScalarOperator ScalarString="[OurLabReporting].[dbo].[Mix].[Id] as [mix].[Id]">
                                                            <Identifier>
                                                              <ColumnReference Database="[OurLabReporting]" Schema="[dbo]" Table="[Mix]" Alias="[mix]" Column="Id" />
                                                            </Identifier>
                                                          </ScalarOperator>
                                                        </RangeExpressions>
                                                      </Prefix>
                                                    </SeekKeys>
                                                  </SeekPredicateNew>
                                                </SeekPredicates>
                                              </IndexScan>
                                            </RelOp>
                                            <RelOp NodeId="132" PhysicalOp="Nested Loops" LogicalOp="Inner Join" EstimateRows="1.72213" EstimateIO="0" EstimateCPU="7.21415e-006" AvgRowSize="19" EstimatedTotalSubtreeCost="0.00783023" Parallel="0" EstimateRebinds="0" EstimateRewinds="0" EstimatedExecutionMode="Row">
                                              <OutputList>
                                                <ColumnReference Database="[OurLabReporting]" Schema="[dbo]" Table="[Failure]" Alias="[F]" Column="Id" />
                                                <ColumnReference Database="[OurLabReporting]" Schema="[dbo]" Table="[Failure]" Alias="[F]" Column="TEUId" />
                                              </OutputList>
                                              <NestedLoops Optimized="0">
                                                <OuterReferences>
                                                  <ColumnReference Database="[OurLabReporting]" Schema="[dbo]" Table="[ResolvedTED]" Column="Id" />
                                                </OuterReferences>
                                                <RelOp NodeId="133" PhysicalOp="Index Seek" LogicalOp="Index Seek" EstimateRows="1.72587" EstimateIO="0.003125" EstimateCPU="0.000158898" AvgRowSize="11" EstimatedTotalSubtreeCost="0.0032839" TableCardinality="1.37085e+006" Parallel="0" EstimateRebinds="0" EstimateRewinds="0" EstimatedExecutionMode="Row">
                                                  <OutputList>
                                                    <ColumnReference Database="[OurLabReporting]" Schema="[dbo]" Table="[ResolvedTED]" Column="Id" />
                                                  </OutputList>
                                                  <IndexScan Ordered="1" ScanDirection="FORWARD" ForcedIndex="0" ForceSeek="0" ForceScan="0" NoExpandHint="0" Storage="RowStore">
                                                    <DefinedValues>
                                                      <DefinedValue>
                                                        <ColumnReference Database="[OurLabReporting]" Schema="[dbo]" Table="[ResolvedTED]" Column="Id" />
                                                      </DefinedValue>
                                                    </DefinedValues>
                                                    <Object Database="[OurLabReporting]" Schema="[dbo]" Table="[ResolvedTED]" Index="[ResolvedTED_IDX_MixId]" TableReferenceId="3" IndexKind="NonClustered" />
                                                    <SeekPredicates>
                                                      <SeekPredicateNew>
                                                        <SeekKeys>
                                                          <Prefix ScanType="EQ">
                                                            <RangeColumns>
                                                              <ColumnReference Database="[OurLabReporting]" Schema="[dbo]" Table="[ResolvedTED]" Column="MixId" />
                                                            </RangeColumns>
                                                            <RangeExpressions>
                                                              <ScalarOperator ScalarString="[OurLabReporting].[dbo].[Mix].[Id] as [mix].[Id]">
                                                                <Identifier>
                                                                  <ColumnReference Database="[OurLabReporting]" Schema="[dbo]" Table="[Mix]" Alias="[mix]" Column="Id" />
                                                                </Identifier>
                                                              </ScalarOperator>
                                                            </RangeExpressions>
                                                          </Prefix>
                                                        </SeekKeys>
                                                      </SeekPredicateNew>
                                                    </SeekPredicates>
                                                  </IndexScan>
                                                </RelOp>
                                                <RelOp NodeId="134" PhysicalOp="Index Seek" LogicalOp="Index Seek" EstimateRows="1" EstimateIO="0.003125" EstimateCPU="0.000184199" AvgRowSize="41" EstimatedTotalSubtreeCost="0.00450156" TableCardinality="3.38967e+007" Parallel="0" EstimateRebinds="0.725873" EstimateRewinds="0" EstimatedExecutionMode="Row">
                                                  <OutputList>
                                                    <ColumnReference Database="[OurLabReporting]" Schema="[dbo]" Table="[Failure]" Alias="[F]" Column="Id" />
                                                    <ColumnReference Database="[OurLabReporting]" Schema="[dbo]" Table="[Failure]" Alias="[F]" Column="TEUId" />
                                                  </OutputList>
                                                  <IndexScan Ordered="1" ScanDirection="FORWARD" ForcedIndex="0" ForceSeek="0" ForceScan="0" NoExpandHint="0" Storage="RowStore">
                                                    <DefinedValues>
                                                      <DefinedValue>
                                                        <ColumnReference Database="[OurLabReporting]" Schema="[dbo]" Table="[Failure]" Alias="[F]" Column="Id" />
                                                      </DefinedValue>
                                                      <DefinedValue>
                                                        <ColumnReference Database="[OurLabReporting]" Schema="[dbo]" Table="[Failure]" Alias="[F]" Column="TEUId" />
                                                      </DefinedValue>
                                                    </DefinedValues>
                                                    <Object Database="[OurLabReporting]" Schema="[dbo]" Table="[Failure]" Index="[Failure_IDX_ResolvedTED]" Alias="[F]" TableReferenceId="3" IndexKind="NonClustered" />
                                                    <SeekPredicates>
                                                      <SeekPredicateNew>
                                                        <SeekKeys>
                                                          <Prefix ScanType="EQ">
                                                            <RangeColumns>
                                                              <ColumnReference Database="[OurLabReporting]" Schema="[dbo]" Table="[Failure]" Alias="[F]" Column="ResolvedTEDId" />
                                                            </RangeColumns>
                                                            <RangeExpressions>
                                                              <ScalarOperator ScalarString="[OurLabReporting].[dbo].[ResolvedTED].[Id]">
                                                                <Identifier>
                                                                  <ColumnReference Database="[OurLabReporting]" Schema="[dbo]" Table="[ResolvedTED]" Column="Id" />
                                                                </Identifier>
                                                              </ScalarOperator>
                                                            </RangeExpressions>
                                                          </Prefix>
                                                        </SeekKeys>
                                                      </SeekPredicateNew>
                                                    </SeekPredicates>
                                                    <Predicate>
                                                      <ScalarOperator ScalarString="[OurLabReporting].[dbo].[Failure].[StatusId] as [F].[StatusId]&lt;&gt;[@StatusId] AND [OurLabReporting].[dbo].[Failure].[AssignedTo] as [F].[AssignedTo]=[@UserName]">
                                                        <Logical Operation="AND">
                                                          <ScalarOperator>
                                                            <Compare CompareOp="NE">
                                                              <ScalarOperator>
                                                                <Identifier>
                                                                  <ColumnReference Database="[OurLabReporting]" Schema="[dbo]" Table="[Failure]" Alias="[F]" Column="StatusId" />
                                                                </Identifier>
                                                              </ScalarOperator>
                                                              <ScalarOperator>
                                                                <Identifier>
                                                                  <ColumnReference Column="@StatusId" />
                                                                </Identifier>
                                                              </ScalarOperator>
                                                            </Compare>
                                                          </ScalarOperator>
                                                          <ScalarOperator>
                                                            <Compare CompareOp="EQ">
                                                              <ScalarOperator>
                                                                <Identifier>
                                                                  <ColumnReference Database="[OurLabReporting]" Schema="[dbo]" Table="[Failure]" Alias="[F]" Column="AssignedTo" />
                                                                </Identifier>
                                                              </ScalarOperator>
                                                              <ScalarOperator>
                                                                <Identifier>
                                                                  <ColumnReference Column="@UserName" />
                                                                </Identifier>
                                                              </ScalarOperator>
                                                            </Compare>
                                                          </ScalarOperator>
                                                        </Logical>
                                                      </ScalarOperator>
                                                    </Predicate>
                                                  </IndexScan>
                                                </RelOp>
                                              </NestedLoops>
                                            </RelOp>
                                          </NestedLoops>
                                        </RelOp>
                                        <RelOp NodeId="135" PhysicalOp="Index Seek" LogicalOp="Index Seek" EstimateRows="1" EstimateIO="0.003125" EstimateCPU="0.0001581" AvgRowSize="9" EstimatedTotalSubtreeCost="0.00444916" TableCardinality="4.12025e+007" Parallel="0" EstimateRebinds="0.722126" EstimateRewinds="0" EstimatedExecutionMode="Row">
                                          <OutputList />
                                          <IndexScan Ordered="1" ScanDirection="FORWARD" ForcedIndex="0" ForceSeek="0" ForceScan="0" NoExpandHint="0" Storage="RowStore">
                                            <DefinedValues />
                                            <Object Database="[OurLabReporting]" Schema="[dbo]" Table="[TEU]" Index="[Teu_IDX_Id]" TableReferenceId="3" IndexKind="NonClustered" />
                                            <SeekPredicates>
                                              <SeekPredicateNew>
                                                <SeekKeys>
                                                  <Prefix ScanType="EQ">
                                                    <RangeColumns>
                                                      <ColumnReference Database="[OurLabReporting]" Schema="[dbo]" Table="[TEU]" Column="Id" />
                                                    </RangeColumns>
                                                    <RangeExpressions>
                                                      <ScalarOperator ScalarString="[OurLabReporting].[dbo].[Failure].[TEUId] as [F].[TEUId]">
                                                        <Identifier>
                                                          <ColumnReference Database="[OurLabReporting]" Schema="[dbo]" Table="[Failure]" Alias="[F]" Column="TEUId" />
                                                        </Identifier>
                                                      </ScalarOperator>
                                                    </RangeExpressions>
                                                  </Prefix>
                                                </SeekKeys>
                                              </SeekPredicateNew>
                                            </SeekPredicates>
                                            <Predicate>
                                              <ScalarOperator ScalarString="[OurLabReporting].[dbo].[TEU].[IsRerunPrimary]=(1)">
                                                <Compare CompareOp="EQ">
                                                  <ScalarOperator>
                                                    <Identifier>
                                                      <ColumnReference Database="[OurLabReporting]" Schema="[dbo]" Table="[TEU]" Column="IsRerunPrimary" />
                                                    </Identifier>
                                                  </ScalarOperator>
                                                  <ScalarOperator>
                                                    <Const ConstValue="(1)" />
                                                  </ScalarOperator>
                                                </Compare>
                                              </ScalarOperator>
                                            </Predicate>
                                          </IndexScan>
                                        </RelOp>
                                      </NestedLoops>
                                    </RelOp>
                                  </StreamAggregate>
                                </RelOp>
                              </ComputeScalar>
                            </RelOp>
                          </ComputeScalar>
                        </RelOp>
                      </NestedLoops>
                    </RelOp>
                    <RelOp NodeId="143" PhysicalOp="Table Scan" LogicalOp="Table Scan" EstimateRows="1" EstimateIO="0.003125" EstimateCPU="0.0001581" AvgRowSize="15" EstimatedTotalSubtreeCost="0.0032831" TableCardinality="0" Parallel="0" EstimateRebinds="0" EstimateRewinds="0" EstimatedExecutionMode="Row">
                      <OutputList>
                        <ColumnReference Table="@BugListForMix" Alias="[BugsByMix]" Column="MixId" />
                        <ColumnReference Table="@BugListForMix" Alias="[BugsByMix]" Column="BugCount" />
                      </OutputList>
                      <TableScan Ordered="0" ForcedIndex="0" ForceScan="0" NoExpandHint="0">
                        <DefinedValues>
                          <DefinedValue>
                            <ColumnReference Table="@BugListForMix" Alias="[BugsByMix]" Column="MixId" />
                          </DefinedValue>
                          <DefinedValue>
                            <ColumnReference Table="@BugListForMix" Alias="[BugsByMix]" Column="BugCount" />
                          </DefinedValue>
                        </DefinedValues>
                        <Object Table="[@BugListForMix]" Alias="[BugsByMix]" />
                      </TableScan>
                    </RelOp>
                  </NestedLoops>
                </RelOp>
              </ComputeScalar>
            </RelOp>
            <ParameterList>
              <ColumnReference Column="@ScheduleId" ParameterCompiledValue="(1450753)" />
              <ColumnReference Column="@UserName" ParameterCompiledValue="N'v-xiaan'" />
            </ParameterList>
          </QueryPlan>
        </StmtSimple>
      </Statements>
    </Batch>
  </BatchSequence>
</ShowPlanXML>