<?xml version="1.0" encoding="utf-16"?>
<ShowPlanXML xmlns:xsi="http://www.w3.org/2001/XMLSchema-instance" xmlns:xsd="http://www.w3.org/2001/XMLSchema" Version="1.2" Build="11.0.2100.60" xmlns="http://schemas.microsoft.com/sqlserver/2004/07/showplan">
  <BatchSequence>
    <Batch>
      <Statements>
        <StmtSimple StatementCompId="1" StatementId="1" StatementText="SET NOCOUNT ON;&#xD;&#xA;&#xD;&#xA;&#xD;" StatementType="SET ON/OFF" RetrievedFromCache="true" />
      </Statements>
      <Statements>
        <StmtSimple StatementCompId="5" StatementEstRows="3" StatementId="2" StatementOptmLevel="TRIVIAL" StatementSubTreeCost="0.0132537" StatementText="&#xA;declare @PurchasingVendor TABLE&#xD;&#xA;(&#xD;&#xA;VendorID int, Name nvarchar(MAX), PreferredVendorStatus int default(1)&#xD;&#xA;);&#xD;&#xA;&#xD;&#xA;declare @PurchasingProductVendor table(&#xD;&#xA;productID int,&#xD;&#xA;vendorid int);&#xD;&#xA;declare @ProductionProduct table(&#xD;&#xA;productid int,&#xD;&#xA;name nvarchar(MAX)&#xD;&#xA;);&#xD;&#xA;&#xD;&#xA;&#xD;&#xA;insert into @PurchasingVendor (VendorID, Name, PreferredVendorStatus) VALUES (1,'1',1),(2,'2',1),(3,'3',1);&#xD;" StatementType="INSERT" QueryHash="0x3CAC023528581C6A" QueryPlanHash="0xC69AAD5297A29A9A" RetrievedFromCache="true">
          <StatementSetOptions ANSI_NULLS="true" ANSI_PADDING="true" ANSI_WARNINGS="true" ARITHABORT="true" CONCAT_NULL_YIELDS_NULL="true" NUMERIC_ROUNDABORT="false" QUOTED_IDENTIFIER="true" />
          <QueryPlan NonParallelPlanReason="CouldNotGenerateValidParallelPlan" CachedPlanSize="16" CompileTime="9" CompileCPU="9" CompileMemory="272">
            <Warnings>
              <PlanAffectingConvert ConvertIssue="Cardinality Estimate" Expression="CONVERT_IMPLICIT(nvarchar(max),[Union1014],0)" />
            </Warnings>
            <MemoryGrantInfo SerialRequiredMemory="0" SerialDesiredMemory="0" />
            <OptimizerHardwareDependentProperties EstimatedAvailableMemoryGrant="52428" EstimatedPagesCached="13107" EstimatedAvailableDegreeOfParallelism="2" />
            <RelOp AvgRowSize="9" EstimateCPU="3E-06" EstimateIO="0.0132472" EstimateRebinds="0" EstimateRewinds="0" EstimatedExecutionMode="Row" EstimateRows="3" LogicalOp="Insert" NodeId="0" Parallel="false" PhysicalOp="Table Insert" EstimatedTotalSubtreeCost="0.0132537">
              <OutputList />
              <Update DMLRequestSort="false">
                <Object Table="[@PurchasingVendor]" />
                <SetPredicate>
                  <ScalarOperator ScalarString="[VendorID] = [Union1013],[Name] = [Expr1016],[PreferredVendorStatus] = [Union1015]">
                    <ScalarExpressionList>
                      <ScalarOperator>
                        <MultipleAssign>
                          <Assign>
                            <ColumnReference Column="VendorID" />
                            <ScalarOperator>
                              <Identifier>
                                <ColumnReference Column="Union1013" />
                              </Identifier>
                            </ScalarOperator>
                          </Assign>
                          <Assign>
                            <ColumnReference Column="Name" />
                            <ScalarOperator>
                              <Identifier>
                                <ColumnReference Column="Expr1016" />
                              </Identifier>
                            </ScalarOperator>
                          </Assign>
                          <Assign>
                            <ColumnReference Column="PreferredVendorStatus" />
                            <ScalarOperator>
                              <Identifier>
                                <ColumnReference Column="Union1015" />
                              </Identifier>
                            </ScalarOperator>
                          </Assign>
                        </MultipleAssign>
                      </ScalarOperator>
                    </ScalarExpressionList>
                  </ScalarOperator>
                </SetPredicate>
                <RelOp AvgRowSize="4043" EstimateCPU="3E-07" EstimateIO="0" EstimateRebinds="0" EstimateRewinds="0" EstimatedExecutionMode="Row" EstimateRows="3" LogicalOp="Compute Scalar" NodeId="1" Parallel="false" PhysicalOp="Compute Scalar" EstimatedTotalSubtreeCost="3.457E-06">
                  <OutputList>
                    <ColumnReference Column="Union1013" />
                    <ColumnReference Column="Union1015" />
                    <ColumnReference Column="Expr1016" />
                  </OutputList>
                  <ComputeScalar>
                    <DefinedValues>
                      <DefinedValue>
                        <ColumnReference Column="Expr1016" />
                        <ScalarOperator ScalarString="CONVERT_IMPLICIT(nvarchar(max),[Union1014],0)">
                          <Convert DataType="nvarchar(max)" Length="2147483647" Style="0" Implicit="true">
                            <ScalarOperator>
                              <Identifier>
                                <ColumnReference Column="Union1014" />
                              </Identifier>
                            </ScalarOperator>
                          </Convert>
                        </ScalarOperator>
                      </DefinedValue>
                    </DefinedValues>
                    <RelOp AvgRowSize="19" EstimateCPU="3.157E-06" EstimateIO="0" EstimateRebinds="0" EstimateRewinds="0" EstimatedExecutionMode="Row" EstimateRows="3" LogicalOp="Constant Scan" NodeId="2" Parallel="false" PhysicalOp="Constant Scan" EstimatedTotalSubtreeCost="3.157E-06">
                      <OutputList>
                        <ColumnReference Column="Union1013" />
                        <ColumnReference Column="Union1014" />
                        <ColumnReference Column="Union1015" />
                      </OutputList>
                      <ConstantScan>
                        <Values>
                          <Row>
                            <ScalarOperator ScalarString="(1)">
                              <Const ConstValue="(1)" />
                            </ScalarOperator>
                            <ScalarOperator ScalarString="'1'">
                              <Const ConstValue="'1'" />
                            </ScalarOperator>
                            <ScalarOperator ScalarString="(1)">
                              <Const ConstValue="(1)" />
                            </ScalarOperator>
                          </Row>
                          <Row>
                            <ScalarOperator ScalarString="(2)">
                              <Const ConstValue="(2)" />
                            </ScalarOperator>
                            <ScalarOperator ScalarString="'2'">
                              <Const ConstValue="'2'" />
                            </ScalarOperator>
                            <ScalarOperator ScalarString="(1)">
                              <Const ConstValue="(1)" />
                            </ScalarOperator>
                          </Row>
                          <Row>
                            <ScalarOperator ScalarString="(3)">
                              <Const ConstValue="(3)" />
                            </ScalarOperator>
                            <ScalarOperator ScalarString="'3'">
                              <Const ConstValue="'3'" />
                            </ScalarOperator>
                            <ScalarOperator ScalarString="(1)">
                              <Const ConstValue="(1)" />
                            </ScalarOperator>
                          </Row>
                        </Values>
                      </ConstantScan>
                    </RelOp>
                  </ComputeScalar>
                </RelOp>
              </Update>
            </RelOp>
          </QueryPlan>
        </StmtSimple>
      </Statements>
      <Statements>
        <StmtSimple StatementCompId="6" StatementEstRows="3" StatementId="3" StatementOptmLevel="TRIVIAL" StatementSubTreeCost="0.0132438" StatementText="&#xA;insert into @ProductionProduct (ProductID, Name) VALUES (1,'1'),(2,'2'),(3,'3');&#xD;" StatementType="INSERT" QueryHash="0xDB497096E28ABBE7" QueryPlanHash="0x67003951BED10316" RetrievedFromCache="true">
          <StatementSetOptions ANSI_NULLS="true" ANSI_PADDING="true" ANSI_WARNINGS="true" ARITHABORT="true" CONCAT_NULL_YIELDS_NULL="true" NUMERIC_ROUNDABORT="false" QUOTED_IDENTIFIER="true" />
          <QueryPlan NonParallelPlanReason="CouldNotGenerateValidParallelPlan" CachedPlanSize="16" CompileTime="1" CompileCPU="1" CompileMemory="248">
            <Warnings>
              <PlanAffectingConvert ConvertIssue="Cardinality Estimate" Expression="CONVERT_IMPLICIT(nvarchar(max),[Union1011],0)" />
            </Warnings>
            <MemoryGrantInfo SerialRequiredMemory="0" SerialDesiredMemory="0" />
            <OptimizerHardwareDependentProperties EstimatedAvailableMemoryGrant="52428" EstimatedPagesCached="13107" EstimatedAvailableDegreeOfParallelism="2" />
            <RelOp AvgRowSize="9" EstimateCPU="3E-06" EstimateIO="0.0132373" EstimateRebinds="0" EstimateRewinds="0" EstimatedExecutionMode="Row" EstimateRows="3" LogicalOp="Insert" NodeId="0" Parallel="false" PhysicalOp="Table Insert" EstimatedTotalSubtreeCost="0.0132438">
              <OutputList />
              <Update DMLRequestSort="false">
                <Object Table="[@ProductionProduct]" />
                <SetPredicate>
                  <ScalarOperator ScalarString="[productid] = [Union1010],[name] = [Expr1012]">
                    <ScalarExpressionList>
                      <ScalarOperator>
                        <MultipleAssign>
                          <Assign>
                            <ColumnReference Column="productid" />
                            <ScalarOperator>
                              <Identifier>
                                <ColumnReference Column="Union1010" />
                              </Identifier>
                            </ScalarOperator>
                          </Assign>
                          <Assign>
                            <ColumnReference Column="name" />
                            <ScalarOperator>
                              <Identifier>
                                <ColumnReference Column="Expr1012" />
                              </Identifier>
                            </ScalarOperator>
                          </Assign>
                        </MultipleAssign>
                      </ScalarOperator>
                    </ScalarExpressionList>
                  </ScalarOperator>
                </SetPredicate>
                <RelOp AvgRowSize="4039" EstimateCPU="3E-07" EstimateIO="0" EstimateRebinds="0" EstimateRewinds="0" EstimatedExecutionMode="Row" EstimateRows="3" LogicalOp="Compute Scalar" NodeId="1" Parallel="false" PhysicalOp="Compute Scalar" EstimatedTotalSubtreeCost="3.457E-06">
                  <OutputList>
                    <ColumnReference Column="Union1010" />
                    <ColumnReference Column="Expr1012" />
                  </OutputList>
                  <ComputeScalar>
                    <DefinedValues>
                      <DefinedValue>
                        <ColumnReference Column="Expr1012" />
                        <ScalarOperator ScalarString="CONVERT_IMPLICIT(nvarchar(max),[Union1011],0)">
                          <Convert DataType="nvarchar(max)" Length="2147483647" Style="0" Implicit="true">
                            <ScalarOperator>
                              <Identifier>
                                <ColumnReference Column="Union1011" />
                              </Identifier>
                            </ScalarOperator>
                          </Convert>
                        </ScalarOperator>
                      </DefinedValue>
                    </DefinedValues>
                    <RelOp AvgRowSize="15" EstimateCPU="3.157E-06" EstimateIO="0" EstimateRebinds="0" EstimateRewinds="0" EstimatedExecutionMode="Row" EstimateRows="3" LogicalOp="Constant Scan" NodeId="2" Parallel="false" PhysicalOp="Constant Scan" EstimatedTotalSubtreeCost="3.157E-06">
                      <OutputList>
                        <ColumnReference Column="Union1010" />
                        <ColumnReference Column="Union1011" />
                      </OutputList>
                      <ConstantScan>
                        <Values>
                          <Row>
                            <ScalarOperator ScalarString="(1)">
                              <Const ConstValue="(1)" />
                            </ScalarOperator>
                            <ScalarOperator ScalarString="'1'">
                              <Const ConstValue="'1'" />
                            </ScalarOperator>
                          </Row>
                          <Row>
                            <ScalarOperator ScalarString="(2)">
                              <Const ConstValue="(2)" />
                            </ScalarOperator>
                            <ScalarOperator ScalarString="'2'">
                              <Const ConstValue="'2'" />
                            </ScalarOperator>
                          </Row>
                          <Row>
                            <ScalarOperator ScalarString="(3)">
                              <Const ConstValue="(3)" />
                            </ScalarOperator>
                            <ScalarOperator ScalarString="'3'">
                              <Const ConstValue="'3'" />
                            </ScalarOperator>
                          </Row>
                        </Values>
                      </ConstantScan>
                    </RelOp>
                  </ComputeScalar>
                </RelOp>
              </Update>
            </RelOp>
          </QueryPlan>
        </StmtSimple>
      </Statements>
      <Statements>
        <StmtSimple StatementCompId="7" StatementEstRows="3" StatementId="4" StatementOptmLevel="TRIVIAL" StatementSubTreeCost="0.0100062" StatementText="&#xA;insert into @PurchasingProductVendor (productID, vendorid) VALUES (1,1),(2,2),(3,3);&#xD;&#xA; &#xD;&#xA;&#xD;&#xA;&#xD;" StatementType="INSERT" QueryHash="0x9A373777A6A4C6D9" QueryPlanHash="0x516C809B8F5718AB" RetrievedFromCache="true">
          <StatementSetOptions ANSI_NULLS="true" ANSI_PADDING="true" ANSI_WARNINGS="true" ARITHABORT="true" CONCAT_NULL_YIELDS_NULL="true" NUMERIC_ROUNDABORT="false" QUOTED_IDENTIFIER="true" />
          <QueryPlan NonParallelPlanReason="CouldNotGenerateValidParallelPlan" CachedPlanSize="16" CompileTime="0" CompileCPU="0" CompileMemory="240">
            <MemoryGrantInfo SerialRequiredMemory="0" SerialDesiredMemory="0" />
            <OptimizerHardwareDependentProperties EstimatedAvailableMemoryGrant="52428" EstimatedPagesCached="13107" EstimatedAvailableDegreeOfParallelism="2" />
            <RelOp AvgRowSize="9" EstimateCPU="3E-06" EstimateIO="0.01" EstimateRebinds="0" EstimateRewinds="0" EstimatedExecutionMode="Row" EstimateRows="3" LogicalOp="Insert" NodeId="0" Parallel="false" PhysicalOp="Table Insert" EstimatedTotalSubtreeCost="0.0100062">
              <OutputList />
              <Update DMLRequestSort="false">
                <Object Table="[@PurchasingProductVendor]" />
                <SetPredicate>
                  <ScalarOperator ScalarString="[productID] = [Union1010],[vendorid] = [Union1011]">
                    <ScalarExpressionList>
                      <ScalarOperator>
                        <MultipleAssign>
                          <Assign>
                            <ColumnReference Column="productID" />
                            <ScalarOperator>
                              <Identifier>
                                <ColumnReference Column="Union1010" />
                              </Identifier>
                            </ScalarOperator>
                          </Assign>
                          <Assign>
                            <ColumnReference Column="vendorid" />
                            <ScalarOperator>
                              <Identifier>
                                <ColumnReference Column="Union1011" />
                              </Identifier>
                            </ScalarOperator>
                          </Assign>
                        </MultipleAssign>
                      </ScalarOperator>
                    </ScalarExpressionList>
                  </ScalarOperator>
                </SetPredicate>
                <RelOp AvgRowSize="15" EstimateCPU="3.157E-06" EstimateIO="0" EstimateRebinds="0" EstimateRewinds="0" EstimatedExecutionMode="Row" EstimateRows="3" LogicalOp="Constant Scan" NodeId="1" Parallel="false" PhysicalOp="Constant Scan" EstimatedTotalSubtreeCost="3.157E-06">
                  <OutputList>
                    <ColumnReference Column="Union1010" />
                    <ColumnReference Column="Union1011" />
                  </OutputList>
                  <ConstantScan>
                    <Values>
                      <Row>
                        <ScalarOperator ScalarString="(1)">
                          <Const ConstValue="(1)" />
                        </ScalarOperator>
                        <ScalarOperator ScalarString="(1)">
                          <Const ConstValue="(1)" />
                        </ScalarOperator>
                      </Row>
                      <Row>
                        <ScalarOperator ScalarString="(2)">
                          <Const ConstValue="(2)" />
                        </ScalarOperator>
                        <ScalarOperator ScalarString="(2)">
                          <Const ConstValue="(2)" />
                        </ScalarOperator>
                      </Row>
                      <Row>
                        <ScalarOperator ScalarString="(3)">
                          <Const ConstValue="(3)" />
                        </ScalarOperator>
                        <ScalarOperator ScalarString="(3)">
                          <Const ConstValue="(3)" />
                        </ScalarOperator>
                      </Row>
                    </Values>
                  </ConstantScan>
                </RelOp>
              </Update>
            </RelOp>
          </QueryPlan>
        </StmtSimple>
      </Statements>
      <Statements>
        <StmtSimple StatementCompId="8" StatementId="5" StatementText="&#xA;DECLARE @vendor_id int, @vendor_name nvarchar(50),&#xD;&#xA;    @message varchar(80), @product nvarchar(50);&#xD;&#xA;&#xD;&#xA;PRINT '-------- Vendor Products Report --------';&#xD;&#xA;&#xD;" StatementType="PRINT" RetrievedFromCache="true" />
      </Statements>
      <Statements>
        <StmtCursor StatementCompId="9" StatementId="6" StatementText="&#xA;DECLARE vendor_cursor CURSOR FOR &#xD;&#xA;SELECT VendorID, Name&#xD;&#xA;FROM @PurchasingVendor&#xD;&#xA;WHERE PreferredVendorStatus = 1&#xD;&#xA;ORDER BY VendorID;&#xD;&#xA;&#xD;" StatementType="DECLARE CURSOR" RetrievedFromCache="true">
          <CursorPlan CursorName="vendor_cursor" CursorActualType="SnapShot" CursorRequestedType="Dynamic" CursorConcurrency="Read Only" ForwardOnly="true">
            <Operation OperationType="PopulateQuery">
              <QueryPlan CachedPlanSize="40" CompileTime="1" CompileCPU="1" CompileMemory="288">
                <MemoryGrantInfo SerialRequiredMemory="512" SerialDesiredMemory="544" />
                <OptimizerHardwareDependentProperties EstimatedAvailableMemoryGrant="52428" EstimatedPagesCached="13107" EstimatedAvailableDegreeOfParallelism="2" />
                <RelOp AvgRowSize="4043" EstimateCPU="1E-06" EstimateIO="0.01" EstimateRebinds="0" EstimateRewinds="0" EstimatedExecutionMode="Row" EstimateRows="1" LogicalOp="Insert" NodeId="0" Parallel="false" PhysicalOp="Clustered Index Insert" EstimatedTotalSubtreeCost="0.0246497">
                  <OutputList>
                    <ColumnReference Column="VendorID" />
                    <ColumnReference Column="Name" />
                    <ColumnReference Column="Expr1006" />
                  </OutputList>
                  <Update DMLRequestSort="false">
                    <Object Database="[tempdb]" Index="[CWT_PrimaryKey]" />
                    <SetPredicate>
                      <ScalarOperator ScalarString="[CWT].[COLUMN0] = [VendorID],[CWT].[COLUMN1] = [Name],[CWT].[ROWID] = [Expr1006]">
                        <ScalarExpressionList>
                          <ScalarOperator>
                            <MultipleAssign>
                              <Assign>
                                <ColumnReference Table="[CWT]" Column="COLUMN0" />
                                <ScalarOperator>
                                  <Identifier>
                                    <ColumnReference Column="VendorID" />
                                  </Identifier>
                                </ScalarOperator>
                              </Assign>
                              <Assign>
                                <ColumnReference Table="[CWT]" Column="COLUMN1" />
                                <ScalarOperator>
                                  <Identifier>
                                    <ColumnReference Column="Name" />
                                  </Identifier>
                                </ScalarOperator>
                              </Assign>
                              <Assign>
                                <ColumnReference Table="[CWT]" Column="ROWID" />
                                <ScalarOperator>
                                  <Identifier>
                                    <ColumnReference Column="Expr1006" />
                                  </Identifier>
                                </ScalarOperator>
                              </Assign>
                            </MultipleAssign>
                          </ScalarOperator>
                        </ScalarExpressionList>
                      </ScalarOperator>
                    </SetPredicate>
                    <RelOp AvgRowSize="4043" EstimateCPU="8E-08" EstimateIO="0" EstimateRebinds="0" EstimateRewinds="0" EstimatedExecutionMode="Row" EstimateRows="1" LogicalOp="Compute Scalar" NodeId="1" Parallel="false" PhysicalOp="Sequence Project" EstimatedTotalSubtreeCost="0.0146487">
                      <OutputList>
                        <ColumnReference Column="VendorID" />
                        <ColumnReference Column="Name" />
                        <ColumnReference Column="Expr1006" />
                      </OutputList>
                      <SequenceProject>
                        <DefinedValues>
                          <DefinedValue>
                            <ColumnReference Column="Expr1006" />
                            <ScalarOperator ScalarString="i4_row_number">
                              <Sequence FunctionName="i4_row_number" />
                            </ScalarOperator>
                          </DefinedValue>
                        </DefinedValues>
                        <RelOp AvgRowSize="4043" EstimateCPU="2E-08" EstimateIO="0" EstimateRebinds="0" EstimateRewinds="0" EstimatedExecutionMode="Row" EstimateRows="1" LogicalOp="Segment" NodeId="2" Parallel="false" PhysicalOp="Segment" EstimatedTotalSubtreeCost="0.0146486">
                          <OutputList>
                            <ColumnReference Column="VendorID" />
                            <ColumnReference Column="Name" />
                            <ColumnReference Column="Segment1007" />
                          </OutputList>
                          <Segment>
                            <GroupBy />
                            <SegmentColumn>
                              <ColumnReference Column="Segment1007" />
                            </SegmentColumn>
                            <RelOp AvgRowSize="4039" EstimateCPU="0.000104039" EstimateIO="0.0112613" EstimateRebinds="0" EstimateRewinds="0" EstimatedExecutionMode="Row" EstimateRows="1" LogicalOp="Sort" NodeId="3" Parallel="false" PhysicalOp="Sort" EstimatedTotalSubtreeCost="0.0146486">
                              <OutputList>
                                <ColumnReference Column="VendorID" />
                                <ColumnReference Column="Name" />
                              </OutputList>
                              <MemoryFractions Input="1" Output="1" />
                              <Sort Distinct="false">
                                <OrderBy>
                                  <OrderByColumn Ascending="true">
                                    <ColumnReference Column="VendorID" />
                                  </OrderByColumn>
                                </OrderBy>
                                <RelOp AvgRowSize="4043" EstimateCPU="7.96E-05" EstimateIO="0.0032035" EstimateRebinds="0" EstimateRewinds="0" EstimatedExecutionMode="Row" EstimateRows="1" LogicalOp="Table Scan" NodeId="4" Parallel="false" PhysicalOp="Table Scan" EstimatedTotalSubtreeCost="0.0032831" TableCardinality="0">
                                  <OutputList>
                                    <ColumnReference Column="VendorID" />
                                    <ColumnReference Column="Name" />
                                  </OutputList>
                                  <TableScan Ordered="false" ForcedIndex="false" ForceScan="false" NoExpandHint="false">
                                    <DefinedValues>
                                      <DefinedValue>
                                        <ColumnReference Column="VendorID" />
                                      </DefinedValue>
                                      <DefinedValue>
                                        <ColumnReference Column="Name" />
                                      </DefinedValue>
                                    </DefinedValues>
                                    <Object Table="[@PurchasingVendor]" />
                                    <Predicate>
                                      <ScalarOperator ScalarString="[PreferredVendorStatus]=(1)">
                                        <Compare CompareOp="EQ">
                                          <ScalarOperator>
                                            <Identifier>
                                              <ColumnReference Column="PreferredVendorStatus" />
                                            </Identifier>
                                          </ScalarOperator>
                                          <ScalarOperator>
                                            <Const ConstValue="(1)" />
                                          </ScalarOperator>
                                        </Compare>
                                      </ScalarOperator>
                                    </Predicate>
                                  </TableScan>
                                </RelOp>
                              </Sort>
                            </RelOp>
                          </Segment>
                        </RelOp>
                      </SequenceProject>
                    </RelOp>
                  </Update>
                </RelOp>
              </QueryPlan>
            </Operation>
            <Operation OperationType="FetchQuery">
              <QueryPlan NonParallelPlanReason="CouldNotGenerateValidParallelPlan" CachedPlanSize="40" CompileTime="0" CompileCPU="0" CompileMemory="256">
                <MemoryGrantInfo SerialRequiredMemory="0" SerialDesiredMemory="0" />
                <OptimizerHardwareDependentProperties EstimatedAvailableMemoryGrant="52428" EstimatedPagesCached="13107" EstimatedAvailableDegreeOfParallelism="2" />
                <RelOp AvgRowSize="4043" EstimateCPU="0.0001581" EstimateIO="0.003125" EstimateRebinds="0" EstimateRewinds="0" EstimatedExecutionMode="Row" EstimateRows="1" LogicalOp="Clustered Index Seek" NodeId="0" Parallel="false" PhysicalOp="Clustered Index Seek" EstimatedTotalSubtreeCost="0.0032831" TableCardinality="0">
                  <OutputList>
                    <ColumnReference Table="[CWT]" Column="COLUMN0" />
                    <ColumnReference Table="[CWT]" Column="COLUMN1" />
                    <ColumnReference Table="[CWT]" Column="ROWID" />
                  </OutputList>
                  <IndexScan Ordered="true" ScanDirection="FORWARD" ForcedIndex="false" ForceSeek="false" ForceScan="false" NoExpandHint="false" Storage="RowStore">
                    <DefinedValues>
                      <DefinedValue>
                        <ColumnReference Table="[CWT]" Column="COLUMN0" />
                      </DefinedValue>
                      <DefinedValue>
                        <ColumnReference Table="[CWT]" Column="COLUMN1" />
                      </DefinedValue>
                      <DefinedValue>
                        <ColumnReference Table="[CWT]" Column="ROWID" />
                      </DefinedValue>
                    </DefinedValues>
                    <Object Database="[tempdb]" Index="[CWT_PrimaryKey]" />
                    <SeekPredicates>
                      <SeekPredicateNew>
                        <SeekKeys>
                          <Prefix ScanType="EQ">
                            <RangeColumns>
                              <ColumnReference Table="[CWT]" Column="ROWID" />
                            </RangeColumns>
                            <RangeExpressions>
                              <ScalarOperator ScalarString="FETCH_RANGE((0))">
                                <Intrinsic FunctionName="FETCH_RANGE">
                                  <ScalarOperator>
                                    <Const ConstValue="(0)" />
                                  </ScalarOperator>
                                </Intrinsic>
                              </ScalarOperator>
                            </RangeExpressions>
                          </Prefix>
                        </SeekKeys>
                      </SeekPredicateNew>
                    </SeekPredicates>
                  </IndexScan>
                </RelOp>
              </QueryPlan>
            </Operation>
          </CursorPlan>
        </StmtCursor>
      </Statements>
      <Statements>
        <StmtCursor StatementCompId="10" StatementId="7" StatementText="&#xA;OPEN vendor_cursor&#xD;&#xA;&#xD;" StatementType="OPEN CURSOR" RetrievedFromCache="true">
          <CursorPlan CursorName="vendor_cursor" />
        </StmtCursor>
      </Statements>
      <Statements>
        <StmtCursor StatementCompId="11" StatementId="8" StatementText="&#xA;FETCH NEXT FROM vendor_cursor &#xD;&#xA;INTO @vendor_id, @vendor_name&#xD;&#xA;&#xD;" StatementType="FETCH CURSOR" RetrievedFromCache="true">
          <CursorPlan CursorName="vendor_cursor" />
        </StmtCursor>
      </Statements>
      <Statements>
        <StmtCond StatementCompId="12" StatementId="9" StatementText="&#xA;WHILE @@FETCH_STATUS = 0&#xD;" StatementType="COND" RetrievedFromCache="true">
          <Condition />
          <Then>
            <Statements>
              <StmtSimple StatementCompId="13" StatementId="10" StatementText="&#xA;BEGIN&#xD;&#xA;    PRINT ' '&#xD;&#xA;   " StatementType="PRINT" RetrievedFromCache="true" />
              <StmtSimple StatementCompId="14" StatementId="11" StatementText=" SELECT @message = '----- Products From Vendor: ' + &#xD;&#xA;        @vendor_name&#xD;&#xA;&#xD;&#xA;   " StatementType="ASSIGN" RetrievedFromCache="true" />
              <StmtSimple StatementCompId="15" StatementId="12" StatementText=" PRINT @message&#xD;&#xA;&#xD;&#xA;    -- Declare an inner cursor based   &#xD;&#xA;    -- on vendor_id from the outer cursor.&#xD;&#xA;&#xD;&#xA;   " StatementType="PRINT" RetrievedFromCache="true" />
              <StmtCursor StatementCompId="16" StatementId="13" StatementText=" DECLARE product_cursor CURSOR FOR &#xD;&#xA;    SELECT v.Name&#xD;&#xA;    FROM @PurchasingProductVendor pv, @ProductionProduct v&#xD;&#xA;    WHERE pv.ProductID = v.ProductID AND&#xD;&#xA;    pv.VendorID = @vendor_id  -- Variable value from the outer cursor&#xD;&#xA;&#xD;&#xA;   " StatementType="DECLARE CURSOR" RetrievedFromCache="true">
                <CursorPlan CursorName="product_cursor" CursorActualType="Dynamic" CursorRequestedType="Dynamic" CursorConcurrency="Optimistic" ForwardOnly="true">
                  <Operation OperationType="FetchQuery">
                    <QueryPlan NonParallelPlanReason="CouldNotGenerateValidParallelPlan" CachedPlanSize="32" CompileTime="0" CompileCPU="0" CompileMemory="376">
                      <MemoryGrantInfo SerialRequiredMemory="0" SerialDesiredMemory="0" />
                      <OptimizerHardwareDependentProperties EstimatedAvailableMemoryGrant="52428" EstimatedPagesCached="13107" EstimatedAvailableDegreeOfParallelism="2" />
                      <RelOp AvgRowSize="4039" EstimateCPU="1E-06" EstimateIO="0.01" EstimateRebinds="0" EstimateRewinds="0" EstimatedExecutionMode="Row" EstimateRows="1" LogicalOp="Insert" NodeId="0" Parallel="false" PhysicalOp="Clustered Index Insert" EstimatedTotalSubtreeCost="0.0165723">
                        <OutputList>
                          <ColumnReference Table="@ProductionProduct" Alias="[v]" Column="name" />
                          <ColumnReference Column="Expr1008" />
                        </OutputList>
                        <Update DMLRequestSort="false">
                          <Object Database="[tempdb]" Index="[CWT_PrimaryKey]" />
                          <SetPredicate>
                            <ScalarOperator ScalarString="[CWT].[BMK0] = [Bmk1002],[CWT].[CHECKSUM1] = [Chk1003],[CWT].[BMK2] = [Bmk1005],[CWT].[CHECKSUM3] = [Chk1006],[CWT].[ROWID] = [Expr1008]">
                              <ScalarExpressionList>
                                <ScalarOperator>
                                  <MultipleAssign>
                                    <Assign>
                                      <ColumnReference Table="[CWT]" Column="BMK0" />
                                      <ScalarOperator>
                                        <Identifier>
                                          <ColumnReference Column="Bmk1002" />
                                        </Identifier>
                                      </ScalarOperator>
                                    </Assign>
                                    <Assign>
                                      <ColumnReference Table="[CWT]" Column="CHECKSUM1" />
                                      <ScalarOperator>
                                        <Identifier>
                                          <ColumnReference Column="Chk1003" />
                                        </Identifier>
                                      </ScalarOperator>
                                    </Assign>
                                    <Assign>
                                      <ColumnReference Table="[CWT]" Column="BMK2" />
                                      <ScalarOperator>
                                        <Identifier>
                                          <ColumnReference Column="Bmk1005" />
                                        </Identifier>
                                      </ScalarOperator>
                                    </Assign>
                                    <Assign>
                                      <ColumnReference Table="[CWT]" Column="CHECKSUM3" />
                                      <ScalarOperator>
                                        <Identifier>
                                          <ColumnReference Column="Chk1006" />
                                        </Identifier>
                                      </ScalarOperator>
                                    </Assign>
                                    <Assign>
                                      <ColumnReference Table="[CWT]" Column="ROWID" />
                                      <ScalarOperator>
                                        <Identifier>
                                          <ColumnReference Column="Expr1008" />
                                        </Identifier>
                                      </ScalarOperator>
                                    </Assign>
                                  </MultipleAssign>
                                </ScalarOperator>
                              </ScalarExpressionList>
                            </ScalarOperator>
                          </SetPredicate>
                          <RelOp AvgRowSize="4063" EstimateCPU="1E-07" EstimateIO="0" EstimateRebinds="0" EstimateRewinds="0" EstimatedExecutionMode="Row" EstimateRows="1" LogicalOp="Compute Scalar" NodeId="1" Parallel="false" PhysicalOp="Compute Scalar" EstimatedTotalSubtreeCost="0.00657126">
                            <OutputList>
                              <ColumnReference Column="Bmk1002" />
                              <ColumnReference Column="Chk1003" />
                              <ColumnReference Column="Bmk1005" />
                              <ColumnReference Column="Chk1006" />
                              <ColumnReference Table="@ProductionProduct" Alias="[v]" Column="name" />
                              <ColumnReference Column="Expr1008" />
                            </OutputList>
                            <ComputeScalar>
                              <DefinedValues>
                                <DefinedValue>
                                  <ColumnReference Column="Expr1008" />
                                  <ScalarOperator ScalarString="CWT_ROWID()">
                                    <Intrinsic FunctionName="CWT_ROWID" />
                                  </ScalarOperator>
                                </DefinedValue>
                              </DefinedValues>
                              <RelOp AvgRowSize="4059" EstimateCPU="4.18E-06" EstimateIO="0" EstimateRebinds="0" EstimateRewinds="0" EstimatedExecutionMode="Row" EstimateRows="1" LogicalOp="Inner Join" NodeId="2" Parallel="false" PhysicalOp="Nested Loops" EstimatedTotalSubtreeCost="0.00657116">
                                <OutputList>
                                  <ColumnReference Column="Bmk1002" />
                                  <ColumnReference Column="Chk1003" />
                                  <ColumnReference Column="Bmk1005" />
                                  <ColumnReference Column="Chk1006" />
                                  <ColumnReference Table="@ProductionProduct" Alias="[v]" Column="name" />
                                </OutputList>
                                <NestedLoops Optimized="false">
                                  <Predicate>
                                    <ScalarOperator ScalarString="@PurchasingProductVendor.[productID] as [pv].[productID]=@ProductionProduct.[productid] as [v].[productid]">
                                      <Compare CompareOp="EQ">
                                        <ScalarOperator>
                                          <Identifier>
                                            <ColumnReference Table="@PurchasingProductVendor" Alias="[pv]" Column="productID" />
                                          </Identifier>
                                        </ScalarOperator>
                                        <ScalarOperator>
                                          <Identifier>
                                            <ColumnReference Table="@ProductionProduct" Alias="[v]" Column="productid" />
                                          </Identifier>
                                        </ScalarOperator>
                                      </Compare>
                                    </ScalarOperator>
                                  </Predicate>
                                  <RelOp AvgRowSize="27" EstimateCPU="0.0001581" EstimateIO="0.003125" EstimateRebinds="0" EstimateRewinds="0" EstimatedExecutionMode="Row" EstimateRows="1" LogicalOp="Table Scan" NodeId="3" Parallel="false" PhysicalOp="Table Scan" EstimatedTotalSubtreeCost="0.0032831" TableCardinality="0">
                                    <OutputList>
                                      <ColumnReference Column="Bmk1002" />
                                      <ColumnReference Column="Chk1003" />
                                      <ColumnReference Table="@PurchasingProductVendor" Alias="[pv]" Column="productID" />
                                    </OutputList>
                                    <TableScan Ordered="true" ForcedIndex="false" ForceScan="false" NoExpandHint="false">
                                      <DefinedValues>
                                        <DefinedValue>
                                          <ColumnReference Column="Bmk1002" />
                                        </DefinedValue>
                                        <DefinedValue>
                                          <ColumnReference Column="Chk1003" />
                                        </DefinedValue>
                                        <DefinedValue>
                                          <ColumnReference Table="@PurchasingProductVendor" Alias="[pv]" Column="productID" />
                                        </DefinedValue>
                                      </DefinedValues>
                                      <Object Table="[@PurchasingProductVendor]" Alias="[pv]" />
                                      <Predicate>
                                        <ScalarOperator ScalarString="@PurchasingProductVendor.[vendorid] as [pv].[vendorid]=[@vendor_id]">
                                          <Compare CompareOp="EQ">
                                            <ScalarOperator>
                                              <Identifier>
                                                <ColumnReference Table="@PurchasingProductVendor" Alias="[pv]" Column="vendorid" />
                                              </Identifier>
                                            </ScalarOperator>
                                            <ScalarOperator>
                                              <Identifier>
                                                <ColumnReference Column="@vendor_id" />
                                              </Identifier>
                                            </ScalarOperator>
                                          </Compare>
                                        </ScalarOperator>
                                      </Predicate>
                                    </TableScan>
                                  </RelOp>
                                  <RelOp AvgRowSize="4051" EstimateCPU="0.0001581" EstimateIO="0.003125" EstimateRebinds="0" EstimateRewinds="0" EstimatedExecutionMode="Row" EstimateRows="1" LogicalOp="Table Scan" NodeId="4" Parallel="false" PhysicalOp="Table Scan" EstimatedTotalSubtreeCost="0.0032831" TableCardinality="0">
                                    <OutputList>
                                      <ColumnReference Column="Bmk1005" />
                                      <ColumnReference Column="Chk1006" />
                                      <ColumnReference Table="@ProductionProduct" Alias="[v]" Column="productid" />
                                      <ColumnReference Table="@ProductionProduct" Alias="[v]" Column="name" />
                                    </OutputList>
                                    <TableScan Ordered="true" ForcedIndex="false" ForceScan="false" NoExpandHint="false">
                                      <DefinedValues>
                                        <DefinedValue>
                                          <ColumnReference Column="Bmk1005" />
                                        </DefinedValue>
                                        <DefinedValue>
                                          <ColumnReference Column="Chk1006" />
                                        </DefinedValue>
                                        <DefinedValue>
                                          <ColumnReference Table="@ProductionProduct" Alias="[v]" Column="productid" />
                                        </DefinedValue>
                                        <DefinedValue>
                                          <ColumnReference Table="@ProductionProduct" Alias="[v]" Column="name" />
                                        </DefinedValue>
                                      </DefinedValues>
                                      <Object Table="[@ProductionProduct]" Alias="[v]" />
                                    </TableScan>
                                  </RelOp>
                                </NestedLoops>
                              </RelOp>
                            </ComputeScalar>
                          </RelOp>
                        </Update>
                      </RelOp>
                    </QueryPlan>
                  </Operation>
                </CursorPlan>
              </StmtCursor>
              <StmtCursor StatementCompId="17" StatementId="14" StatementText=" OPEN product_cursor&#xD;&#xA;   " StatementType="OPEN CURSOR" RetrievedFromCache="true">
                <CursorPlan CursorName="product_cursor" />
              </StmtCursor>
              <StmtCursor StatementCompId="18" StatementId="15" StatementText=" FETCH NEXT FROM product_cursor INTO @product&#xD;&#xA;&#xD;&#xA;   " StatementType="FETCH CURSOR" RetrievedFromCache="true">
                <CursorPlan CursorName="product_cursor" />
              </StmtCursor>
              <StmtCond StatementCompId="19" StatementId="16" StatementText=" IF @@FETCH_STATUS &lt;&gt; 0 &#xD;&#xA;       " StatementType="COND" RetrievedFromCache="true">
                <Condition />
                <Then>
                  <Statements>
                    <StmtSimple StatementCompId="20" StatementId="17" StatementText=" PRINT '         &lt;&lt;None&gt;&gt;'     &#xD;&#xA;&#xD;&#xA;   " StatementType="PRINT" RetrievedFromCache="true" />
                  </Statements>
                </Then>
              </StmtCond>
              <StmtCond StatementCompId="22" StatementId="18" StatementText=" WHILE @@FETCH_STATUS = 0&#xD;&#xA;   " StatementType="COND" RetrievedFromCache="true">
                <Condition />
                <Then>
                  <Statements>
                    <StmtSimple StatementCompId="23" StatementId="19" StatementText=" BEGIN&#xD;&#xA;&#xD;&#xA;        SELECT @message = '         ' + @product&#xD;&#xA;       " StatementType="ASSIGN" RetrievedFromCache="true" />
                    <StmtSimple StatementCompId="24" StatementId="20" StatementText=" PRINT @message&#xD;&#xA;       " StatementType="PRINT" RetrievedFromCache="true" />
                    <StmtCursor StatementCompId="25" StatementId="21" StatementText=" FETCH NEXT FROM product_cursor INTO @product&#xD;&#xA;       " StatementType="FETCH CURSOR" RetrievedFromCache="true">
                      <CursorPlan CursorName="product_cursor" />
                    </StmtCursor>
                  </Statements>
                </Then>
              </StmtCond>
              <StmtCursor StatementCompId="28" StatementId="22" StatementText=" END&#xD;&#xA;&#xD;&#xA;    CLOSE product_cursor&#xD;&#xA;   " StatementType="CLOSE CURSOR" RetrievedFromCache="true">
                <CursorPlan CursorName="product_cursor" />
              </StmtCursor>
              <StmtCursor StatementCompId="29" StatementId="23" StatementText=" DEALLOCATE product_cursor&#xD;&#xA;        -- Get the next vendor.&#xD;&#xA;   " StatementType="DEALLOCATE CURSOR" RetrievedFromCache="true">
                <CursorPlan CursorName="product_cursor" />
              </StmtCursor>
              <StmtCursor StatementCompId="30" StatementId="24" StatementText=" FETCH NEXT FROM vendor_cursor &#xD;&#xA;    INTO @vendor_id, @vendor_name&#xD;" StatementType="FETCH CURSOR" RetrievedFromCache="true">
                <CursorPlan CursorName="vendor_cursor" />
              </StmtCursor>
            </Statements>
          </Then>
        </StmtCond>
      </Statements>
      <Statements>
        <StmtCursor StatementCompId="33" StatementId="25" StatementText="&#xA;END &#xD;&#xA;CLOSE vendor_cursor;&#xD;" StatementType="CLOSE CURSOR" RetrievedFromCache="true">
          <CursorPlan CursorName="vendor_cursor" />
        </StmtCursor>
      </Statements>
      <Statements>
        <StmtCursor StatementCompId="34" StatementId="26" StatementText="&#xA;DEALLOCATE vendor_cursor;&#xD;&#xA;" StatementType="DEALLOCATE CURSOR" RetrievedFromCache="true">
          <CursorPlan CursorName="vendor_cursor" />
        </StmtCursor>
      </Statements>
    </Batch>
  </BatchSequence>
</ShowPlanXML>