<?xml version="1.0" encoding="utf-16"?>
<ShowPlanXML xmlns:xsi="http://www.w3.org/2001/XMLSchema-instance" xmlns:xsd="http://www.w3.org/2001/XMLSchema" Version="1.2" Build="11.0.2100.60" xmlns="http://schemas.microsoft.com/sqlserver/2004/07/showplan">
  <BatchSequence>
    <Batch>
      <Statements>
        <StmtSimple StatementCompId="1" StatementEstRows="2" StatementId="1" StatementOptmLevel="TRIVIAL" StatementSubTreeCost="0.0100044" StatementText="INSERT INTO @p1 (PrimaryKey0Value) VALUES &#xD;&#xA;('blah'),&#xD;&#xA;('blah2')&#xD;&#xA;&#xD;" StatementType="INSERT" QueryHash="0x475D5BE770CEADFD" QueryPlanHash="0x44ADB3FD0FDAE194" RetrievedFromCache="true">
          <StatementSetOptions ANSI_NULLS="true" ANSI_PADDING="true" ANSI_WARNINGS="true" ARITHABORT="true" CONCAT_NULL_YIELDS_NULL="true" NUMERIC_ROUNDABORT="false" QUOTED_IDENTIFIER="true" />
          <QueryPlan DegreeOfParallelism="0" NonParallelPlanReason="CouldNotGenerateValidParallelPlan" CachedPlanSize="16" CompileTime="5" CompileCPU="5" CompileMemory="144">
            <Warnings>
              <PlanAffectingConvert ConvertIssue="Cardinality Estimate" Expression="CONVERT_IMPLICIT(nvarchar(450),[Union1006],0)" />
            </Warnings>
            <MemoryGrantInfo SerialRequiredMemory="0" SerialDesiredMemory="0" />
            <OptimizerHardwareDependentProperties EstimatedAvailableMemoryGrant="838860" EstimatedPagesCached="52428" EstimatedAvailableDegreeOfParallelism="1" />
            <RelOp AvgRowSize="9" EstimateCPU="2E-06" EstimateIO="0.01" EstimateRebinds="0" EstimateRewinds="0" EstimatedExecutionMode="Row" EstimateRows="2" LogicalOp="Insert" NodeId="0" Parallel="false" PhysicalOp="Table Insert" EstimatedTotalSubtreeCost="0.0100044">
              <OutputList />
              <RunTimeInformation>
                <RunTimeCountersPerThread Thread="0" ActualRows="20" ActualEndOfScans="1" ActualExecutions="1" />
              </RunTimeInformation>
              <Update DMLRequestSort="false">
                <Object Table="[@p1]" />
                <SetPredicate>
                  <ScalarOperator ScalarString="[PrimaryKey0Value] = [Expr1007],[PrimaryKey9Value] = NULL,[BaseTableName] = NULL,[PrimaryKey1Value] = NULL,[PrimaryKey2Value] = NULL,[PrimaryKey3Value] = NULL,[PrimaryKey4Value] = NULL,[PrimaryKey5Value] = NULL,[PrimaryKey6Value] = NULL,[PrimaryKey7Value] = NULL,[PrimaryKey8Value] = NULL">
                    <ScalarExpressionList>
                      <ScalarOperator>
                        <MultipleAssign>
                          <Assign>
                            <ColumnReference Column="PrimaryKey0Value" />
                            <ScalarOperator>
                              <Identifier>
                                <ColumnReference Column="Expr1007" />
                              </Identifier>
                            </ScalarOperator>
                          </Assign>
                          <Assign>
                            <ColumnReference Column="PrimaryKey9Value" />
                            <ScalarOperator>
                              <Const ConstValue="NULL" />
                            </ScalarOperator>
                          </Assign>
                          <Assign>
                            <ColumnReference Column="BaseTableName" />
                            <ScalarOperator>
                              <Const ConstValue="NULL" />
                            </ScalarOperator>
                          </Assign>
                          <Assign>
                            <ColumnReference Column="PrimaryKey1Value" />
                            <ScalarOperator>
                              <Const ConstValue="NULL" />
                            </ScalarOperator>
                          </Assign>
                          <Assign>
                            <ColumnReference Column="PrimaryKey2Value" />
                            <ScalarOperator>
                              <Const ConstValue="NULL" />
                            </ScalarOperator>
                          </Assign>
                          <Assign>
                            <ColumnReference Column="PrimaryKey3Value" />
                            <ScalarOperator>
                              <Const ConstValue="NULL" />
                            </ScalarOperator>
                          </Assign>
                          <Assign>
                            <ColumnReference Column="PrimaryKey4Value" />
                            <ScalarOperator>
                              <Const ConstValue="NULL" />
                            </ScalarOperator>
                          </Assign>
                          <Assign>
                            <ColumnReference Column="PrimaryKey5Value" />
                            <ScalarOperator>
                              <Const ConstValue="NULL" />
                            </ScalarOperator>
                          </Assign>
                          <Assign>
                            <ColumnReference Column="PrimaryKey6Value" />
                            <ScalarOperator>
                              <Const ConstValue="NULL" />
                            </ScalarOperator>
                          </Assign>
                          <Assign>
                            <ColumnReference Column="PrimaryKey7Value" />
                            <ScalarOperator>
                              <Const ConstValue="NULL" />
                            </ScalarOperator>
                          </Assign>
                          <Assign>
                            <ColumnReference Column="PrimaryKey8Value" />
                            <ScalarOperator>
                              <Const ConstValue="NULL" />
                            </ScalarOperator>
                          </Assign>
                        </MultipleAssign>
                      </ScalarOperator>
                    </ScalarExpressionList>
                  </ScalarOperator>
                </SetPredicate>
                <RelOp AvgRowSize="461" EstimateCPU="2E-07" EstimateIO="0" EstimateRebinds="0" EstimateRewinds="0" EstimatedExecutionMode="Row" EstimateRows="2" LogicalOp="Compute Scalar" NodeId="1" Parallel="false" PhysicalOp="Compute Scalar" EstimatedTotalSubtreeCost="2.357E-06">
                  <OutputList>
                    <ColumnReference Column="Expr1007" />
                  </OutputList>
                  <ComputeScalar>
                    <DefinedValues>
                      <DefinedValue>
                        <ColumnReference Column="Expr1007" />
                        <ScalarOperator ScalarString="CONVERT_IMPLICIT(nvarchar(450),[Union1006],0)">
                          <Convert DataType="nvarchar" Length="900" Style="0" Implicit="true">
                            <ScalarOperator>
                              <Identifier>
                                <ColumnReference Column="Union1006" />
                              </Identifier>
                            </ScalarOperator>
                          </Convert>
                        </ScalarOperator>
                      </DefinedValue>
                    </DefinedValues>
                    <RelOp AvgRowSize="13" EstimateCPU="2.157E-06" EstimateIO="0" EstimateRebinds="0" EstimateRewinds="0" EstimatedExecutionMode="Row" EstimateRows="2" LogicalOp="Constant Scan" NodeId="2" Parallel="false" PhysicalOp="Constant Scan" EstimatedTotalSubtreeCost="2.157E-06">
                      <OutputList>
                        <ColumnReference Column="Union1006" />
                      </OutputList>
                      <RunTimeInformation>
                        <RunTimeCountersPerThread Thread="0" ActualRows="2" ActualEndOfScans="1" ActualExecutions="1" />
                      </RunTimeInformation>
                      <ConstantScan>
                        <Values>
                          <Row>
                            <ScalarOperator ScalarString="'blah'">
                              <Const ConstValue="'blah'" />
                            </ScalarOperator>
                          </Row>
                          <Row>
                            <ScalarOperator ScalarString="'blah2'">
                              <Const ConstValue="'blah2'" />
                            </ScalarOperator>
                          </Row>
                        </Values>
                      </ConstantScan>
                    </RelOp>
                  </ComputeScalar>
                </RelOp>
              </Update>
            </RelOp>
          </QueryPlan>
        </StmtSimple>
      </Statements>
    </Batch>
    <Batch>
      <Statements>
        <StmtSimple StatementCompId="2" StatementEstRows="1" StatementId="2" StatementOptmLevel="FULL" StatementOptmEarlyAbortReason="GoodEnoughPlanFound" StatementSubTreeCost="0.119625" StatementText="SELECT * FROM [MaterializedEntity].[F_CommonResultMaterialized_ee9145b9-42a4-48b3-85ae-3c0407664829](@p1)&#xD;&#xA;&#xD;&#xA;&#xD;&#xA;" StatementType="SELECT" QueryHash="0xB17ABD3178901D58" QueryPlanHash="0xF40E5EA9236E5CF2" RetrievedFromCache="true">
          <StatementSetOptions ANSI_NULLS="true" ANSI_PADDING="true" ANSI_WARNINGS="true" ARITHABORT="true" CONCAT_NULL_YIELDS_NULL="true" NUMERIC_ROUNDABORT="false" QUOTED_IDENTIFIER="true" />
          <QueryPlan DegreeOfParallelism="0" NonParallelPlanReason="EstimatedDOPIsOne" MemoryGrant="1216" CachedPlanSize="232" CompileTime="795" CompileCPU="743" CompileMemory="4824">
            <MemoryGrantInfo SerialRequiredMemory="1152" SerialDesiredMemory="1216" RequiredMemory="1152" DesiredMemory="1216" RequestedMemory="1216" GrantWaitTime="0" GrantedMemory="1216" MaxUsedMemory="32" />
            <OptimizerHardwareDependentProperties EstimatedAvailableMemoryGrant="838860" EstimatedPagesCached="52428" EstimatedAvailableDegreeOfParallelism="1" />
            <RelOp AvgRowSize="49905" EstimateCPU="1E-07" EstimateIO="0" EstimateRebinds="0" EstimateRewinds="0" EstimatedExecutionMode="Row" EstimateRows="1" LogicalOp="Compute Scalar" NodeId="0" Parallel="false" PhysicalOp="Compute Scalar" EstimatedTotalSubtreeCost="0.119625">
              <OutputList>
                <ColumnReference Database="[AmalgaSourceData]" Schema="[CLAB_ORU]" Table="[OBX_Derived]" Column="LastUpdatedTime" />
                <ColumnReference Database="[AmalgaSourceData]" Schema="[CLAB_ORU]" Table="[OBX_Derived]" Column="Result_OBX_ContextKey" />
                <ColumnReference Database="[AmalgaSourceData]" Schema="[CLAB_ORU]" Table="[OBX_Derived]" Column="Order_OBR_ContextKey" />
                <ColumnReference Database="[AmalgaSourceData]" Schema="[CLAB_ORU]" Table="[OBX]" Column="SequenceNumber" />
                <ColumnReference Database="[AmalgaSourceData]" Schema="[CLAB_ORU]" Table="[OBX]" Column="OBX_2" />
                <ColumnReference Database="[AmalgaSourceData]" Schema="[CLAB_ORU]" Table="[OBX]" Column="OBX_4" />
                <ColumnReference Database="[AmalgaSourceData]" Schema="[CLAB_ORU]" Table="[OBX]" Column="OBX_5" />
                <ColumnReference Database="[AmalgaSourceData]" Schema="[CLAB_ORU]" Table="[OBX]" Column="OBX_6_1" />
                <ColumnReference Database="[AmalgaSourceData]" Schema="[CLAB_ORU]" Table="[OBX]" Column="OBX_6_2" />
                <ColumnReference Database="[AmalgaSourceData]" Schema="[CLAB_ORU]" Table="[OBX]" Column="OBX_7" />
                <ColumnReference Database="[AmalgaSourceData]" Schema="[CLAB_ORU]" Table="[OBX]" Column="OBX_8" />
                <ColumnReference Database="[AmalgaSourceData]" Schema="[CLAB_ORU]" Table="[OBX]" Column="OBX_11" />
                <ColumnReference Database="[AmalgaSourceData]" Schema="[CLAB_ORU]" Table="[OBX]" Column="OBX_15" />
                <ColumnReference Column="Expr1057" />
                <ColumnReference Database="[azAEID]" Schema="[dbo]" Table="[AEID201]" Column="OID" />
                <ColumnReference Database="[azAEID]" Schema="[dbo]" Table="[AEID201]" Column="EIDexternal" />
                <ColumnReference Database="[azAEID]" Schema="[dbo]" Table="[AEID201]" Column="CurrentEID" />
                <ColumnReference Column="Expr1086" />
                <ColumnReference Column="Expr1087" />
                <ColumnReference Column="Expr1088" />
                <ColumnReference Column="Expr1089" />
                <ColumnReference Column="Expr1091" />
                <ColumnReference Column="Expr1092" />
                <ColumnReference Column="Expr1093" />
                <ColumnReference Column="Expr1094" />
                <ColumnReference Column="Expr1095" />
                <ColumnReference Column="Expr1096" />
                <ColumnReference Column="Expr1097" />
                <ColumnReference Column="Expr1098" />
                <ColumnReference Column="Expr1099" />
                <ColumnReference Column="Expr1100" />
                <ColumnReference Column="Expr1101" />
                <ColumnReference Column="Expr1102" />
                <ColumnReference Column="Expr1103" />
                <ColumnReference Column="Expr1104" />
                <ColumnReference Column="Expr1105" />
                <ColumnReference Column="Expr1106" />
                <ColumnReference Column="Expr1107" />
                <ColumnReference Column="Expr1108" />
                <ColumnReference Column="Expr1109" />
                <ColumnReference Column="Expr1110" />
                <ColumnReference Column="Expr1111" />
                <ColumnReference Column="Expr1112" />
                <ColumnReference Column="Expr1113" />
                <ColumnReference Column="Expr1114" />
                <ColumnReference Column="Expr1115" />
                <ColumnReference Column="Expr1116" />
                <ColumnReference Column="Expr1117" />
                <ColumnReference Column="Expr1118" />
                <ColumnReference Column="Expr1119" />
                <ColumnReference Column="Expr1120" />
                <ColumnReference Column="Expr1121" />
                <ColumnReference Column="Expr1122" />
                <ColumnReference Column="Expr1123" />
                <ColumnReference Column="Expr1124" />
                <ColumnReference Column="Expr1125" />
                <ColumnReference Column="Expr1126" />
                <ColumnReference Column="Expr1127" />
                <ColumnReference Column="Expr1128" />
                <ColumnReference Column="Expr1129" />
              </OutputList>
              <ComputeScalar>
                <DefinedValues>
                  <DefinedValue>
                    <ColumnReference Column="Expr1057" />
                    <ScalarOperator ScalarString="N'CLAB.ORU'">
                      <Const ConstValue="N'CLAB.ORU'" />
                    </ScalarOperator>
                  </DefinedValue>
                  <DefinedValue>
                    <ColumnReference Column="Expr1092" />
                    <ScalarOperator ScalarString="NULL">
                      <Const ConstValue="NULL" />
                    </ScalarOperator>
                  </DefinedValue>
                  <DefinedValue>
                    <ColumnReference Column="Expr1093" />
                    <ScalarOperator ScalarString="NULL">
                      <Const ConstValue="NULL" />
                    </ScalarOperator>
                  </DefinedValue>
                  <DefinedValue>
                    <ColumnReference Column="Expr1094" />
                    <ScalarOperator ScalarString="NULL">
                      <Const ConstValue="NULL" />
                    </ScalarOperator>
                  </DefinedValue>
                  <DefinedValue>
                    <ColumnReference Column="Expr1095" />
                    <ScalarOperator ScalarString="NULL">
                      <Const ConstValue="NULL" />
                    </ScalarOperator>
                  </DefinedValue>
                  <DefinedValue>
                    <ColumnReference Column="Expr1096" />
                    <ScalarOperator ScalarString="NULL">
                      <Const ConstValue="NULL" />
                    </ScalarOperator>
                  </DefinedValue>
                  <DefinedValue>
                    <ColumnReference Column="Expr1097" />
                    <ScalarOperator ScalarString="NULL">
                      <Const ConstValue="NULL" />
                    </ScalarOperator>
                  </DefinedValue>
                  <DefinedValue>
                    <ColumnReference Column="Expr1098" />
                    <ScalarOperator ScalarString="NULL">
                      <Const ConstValue="NULL" />
                    </ScalarOperator>
                  </DefinedValue>
                  <DefinedValue>
                    <ColumnReference Column="Expr1099" />
                    <ScalarOperator ScalarString="NULL">
                      <Const ConstValue="NULL" />
                    </ScalarOperator>
                  </DefinedValue>
                  <DefinedValue>
                    <ColumnReference Column="Expr1100" />
                    <ScalarOperator ScalarString="NULL">
                      <Const ConstValue="NULL" />
                    </ScalarOperator>
                  </DefinedValue>
                  <DefinedValue>
                    <ColumnReference Column="Expr1101" />
                    <ScalarOperator ScalarString="NULL">
                      <Const ConstValue="NULL" />
                    </ScalarOperator>
                  </DefinedValue>
                  <DefinedValue>
                    <ColumnReference Column="Expr1102" />
                    <ScalarOperator ScalarString="NULL">
                      <Const ConstValue="NULL" />
                    </ScalarOperator>
                  </DefinedValue>
                  <DefinedValue>
                    <ColumnReference Column="Expr1103" />
                    <ScalarOperator ScalarString="NULL">
                      <Const ConstValue="NULL" />
                    </ScalarOperator>
                  </DefinedValue>
                  <DefinedValue>
                    <ColumnReference Column="Expr1104" />
                    <ScalarOperator ScalarString="NULL">
                      <Const ConstValue="NULL" />
                    </ScalarOperator>
                  </DefinedValue>
                  <DefinedValue>
                    <ColumnReference Column="Expr1105" />
                    <ScalarOperator ScalarString="NULL">
                      <Const ConstValue="NULL" />
                    </ScalarOperator>
                  </DefinedValue>
                  <DefinedValue>
                    <ColumnReference Column="Expr1106" />
                    <ScalarOperator ScalarString="NULL">
                      <Const ConstValue="NULL" />
                    </ScalarOperator>
                  </DefinedValue>
                  <DefinedValue>
                    <ColumnReference Column="Expr1107" />
                    <ScalarOperator ScalarString="NULL">
                      <Const ConstValue="NULL" />
                    </ScalarOperator>
                  </DefinedValue>
                  <DefinedValue>
                    <ColumnReference Column="Expr1108" />
                    <ScalarOperator ScalarString="NULL">
                      <Const ConstValue="NULL" />
                    </ScalarOperator>
                  </DefinedValue>
                  <DefinedValue>
                    <ColumnReference Column="Expr1109" />
                    <ScalarOperator ScalarString="NULL">
                      <Const ConstValue="NULL" />
                    </ScalarOperator>
                  </DefinedValue>
                  <DefinedValue>
                    <ColumnReference Column="Expr1110" />
                    <ScalarOperator ScalarString="NULL">
                      <Const ConstValue="NULL" />
                    </ScalarOperator>
                  </DefinedValue>
                  <DefinedValue>
                    <ColumnReference Column="Expr1111" />
                    <ScalarOperator ScalarString="NULL">
                      <Const ConstValue="NULL" />
                    </ScalarOperator>
                  </DefinedValue>
                  <DefinedValue>
                    <ColumnReference Column="Expr1112" />
                    <ScalarOperator ScalarString="NULL">
                      <Const ConstValue="NULL" />
                    </ScalarOperator>
                  </DefinedValue>
                  <DefinedValue>
                    <ColumnReference Column="Expr1113" />
                    <ScalarOperator ScalarString="NULL">
                      <Const ConstValue="NULL" />
                    </ScalarOperator>
                  </DefinedValue>
                  <DefinedValue>
                    <ColumnReference Column="Expr1114" />
                    <ScalarOperator ScalarString="NULL">
                      <Const ConstValue="NULL" />
                    </ScalarOperator>
                  </DefinedValue>
                  <DefinedValue>
                    <ColumnReference Column="Expr1115" />
                    <ScalarOperator ScalarString="NULL">
                      <Const ConstValue="NULL" />
                    </ScalarOperator>
                  </DefinedValue>
                  <DefinedValue>
                    <ColumnReference Column="Expr1116" />
                    <ScalarOperator ScalarString="NULL">
                      <Const ConstValue="NULL" />
                    </ScalarOperator>
                  </DefinedValue>
                  <DefinedValue>
                    <ColumnReference Column="Expr1117" />
                    <ScalarOperator ScalarString="NULL">
                      <Const ConstValue="NULL" />
                    </ScalarOperator>
                  </DefinedValue>
                  <DefinedValue>
                    <ColumnReference Column="Expr1118" />
                    <ScalarOperator ScalarString="NULL">
                      <Const ConstValue="NULL" />
                    </ScalarOperator>
                  </DefinedValue>
                  <DefinedValue>
                    <ColumnReference Column="Expr1119" />
                    <ScalarOperator ScalarString="NULL">
                      <Const ConstValue="NULL" />
                    </ScalarOperator>
                  </DefinedValue>
                  <DefinedValue>
                    <ColumnReference Column="Expr1120" />
                    <ScalarOperator ScalarString="NULL">
                      <Const ConstValue="NULL" />
                    </ScalarOperator>
                  </DefinedValue>
                  <DefinedValue>
                    <ColumnReference Column="Expr1121" />
                    <ScalarOperator ScalarString="NULL">
                      <Const ConstValue="NULL" />
                    </ScalarOperator>
                  </DefinedValue>
                  <DefinedValue>
                    <ColumnReference Column="Expr1122" />
                    <ScalarOperator ScalarString="NULL">
                      <Const ConstValue="NULL" />
                    </ScalarOperator>
                  </DefinedValue>
                  <DefinedValue>
                    <ColumnReference Column="Expr1123" />
                    <ScalarOperator ScalarString="NULL">
                      <Const ConstValue="NULL" />
                    </ScalarOperator>
                  </DefinedValue>
                  <DefinedValue>
                    <ColumnReference Column="Expr1124" />
                    <ScalarOperator ScalarString="NULL">
                      <Const ConstValue="NULL" />
                    </ScalarOperator>
                  </DefinedValue>
                  <DefinedValue>
                    <ColumnReference Column="Expr1125" />
                    <ScalarOperator ScalarString="NULL">
                      <Const ConstValue="NULL" />
                    </ScalarOperator>
                  </DefinedValue>
                  <DefinedValue>
                    <ColumnReference Column="Expr1126" />
                    <ScalarOperator ScalarString="NULL">
                      <Const ConstValue="NULL" />
                    </ScalarOperator>
                  </DefinedValue>
                  <DefinedValue>
                    <ColumnReference Column="Expr1127" />
                    <ScalarOperator ScalarString="NULL">
                      <Const ConstValue="NULL" />
                    </ScalarOperator>
                  </DefinedValue>
                  <DefinedValue>
                    <ColumnReference Column="Expr1128" />
                    <ScalarOperator ScalarString="NULL">
                      <Const ConstValue="NULL" />
                    </ScalarOperator>
                  </DefinedValue>
                  <DefinedValue>
                    <ColumnReference Column="Expr1129" />
                    <ScalarOperator ScalarString="NULL">
                      <Const ConstValue="NULL" />
                    </ScalarOperator>
                  </DefinedValue>
                </DefinedValues>
                <RelOp AvgRowSize="48817" EstimateCPU="4.18E-06" EstimateIO="0" EstimateRebinds="0" EstimateRewinds="0" EstimatedExecutionMode="Row" EstimateRows="1" LogicalOp="Left Outer Join" NodeId="1" Parallel="false" PhysicalOp="Nested Loops" EstimatedTotalSubtreeCost="0.119625">
                  <OutputList>
                    <ColumnReference Database="[AmalgaSourceData]" Schema="[CLAB_ORU]" Table="[OBX_Derived]" Column="LastUpdatedTime" />
                    <ColumnReference Database="[AmalgaSourceData]" Schema="[CLAB_ORU]" Table="[OBX_Derived]" Column="Result_OBX_ContextKey" />
                    <ColumnReference Database="[AmalgaSourceData]" Schema="[CLAB_ORU]" Table="[OBX_Derived]" Column="Order_OBR_ContextKey" />
                    <ColumnReference Database="[AmalgaSourceData]" Schema="[CLAB_ORU]" Table="[OBX]" Column="SequenceNumber" />
                    <ColumnReference Database="[AmalgaSourceData]" Schema="[CLAB_ORU]" Table="[OBX]" Column="OBX_2" />
                    <ColumnReference Database="[AmalgaSourceData]" Schema="[CLAB_ORU]" Table="[OBX]" Column="OBX_4" />
                    <ColumnReference Database="[AmalgaSourceData]" Schema="[CLAB_ORU]" Table="[OBX]" Column="OBX_5" />
                    <ColumnReference Database="[AmalgaSourceData]" Schema="[CLAB_ORU]" Table="[OBX]" Column="OBX_6_1" />
                    <ColumnReference Database="[AmalgaSourceData]" Schema="[CLAB_ORU]" Table="[OBX]" Column="OBX_6_2" />
                    <ColumnReference Database="[AmalgaSourceData]" Schema="[CLAB_ORU]" Table="[OBX]" Column="OBX_7" />
                    <ColumnReference Database="[AmalgaSourceData]" Schema="[CLAB_ORU]" Table="[OBX]" Column="OBX_8" />
                    <ColumnReference Database="[AmalgaSourceData]" Schema="[CLAB_ORU]" Table="[OBX]" Column="OBX_11" />
                    <ColumnReference Database="[AmalgaSourceData]" Schema="[CLAB_ORU]" Table="[OBX]" Column="OBX_15" />
                    <ColumnReference Database="[azAEID]" Schema="[dbo]" Table="[AEID201]" Column="OID" />
                    <ColumnReference Database="[azAEID]" Schema="[dbo]" Table="[AEID201]" Column="EIDexternal" />
                    <ColumnReference Database="[azAEID]" Schema="[dbo]" Table="[AEID201]" Column="CurrentEID" />
                    <ColumnReference Column="Expr1086" />
                    <ColumnReference Column="Expr1087" />
                    <ColumnReference Column="Expr1088" />
                    <ColumnReference Column="Expr1089" />
                    <ColumnReference Column="Expr1091" />
                  </OutputList>
                  <RunTimeInformation>
                    <RunTimeCountersPerThread Thread="0" ActualRows="0" ActualEndOfScans="1" ActualExecutions="1" />
                  </RunTimeInformation>
                  <NestedLoops Optimized="false">
                    <OuterReferences>
                      <ColumnReference Database="[AmalgaSourceData]" Schema="[CLAB_ORU]" Table="[OBX_Derived]" Column="Order_OBR_ContextKey" />
                    </OuterReferences>
                    <RelOp AvgRowSize="36528" EstimateCPU="4.18E-06" EstimateIO="0" EstimateRebinds="0" EstimateRewinds="0" EstimatedExecutionMode="Row" EstimateRows="1" LogicalOp="Left Outer Join" NodeId="2" Parallel="false" PhysicalOp="Nested Loops" EstimatedTotalSubtreeCost="0.0933447">
                      <OutputList>
                        <ColumnReference Database="[AmalgaSourceData]" Schema="[CLAB_ORU]" Table="[OBX_Derived]" Column="LastUpdatedTime" />
                        <ColumnReference Database="[AmalgaSourceData]" Schema="[CLAB_ORU]" Table="[OBX_Derived]" Column="Result_OBX_ContextKey" />
                        <ColumnReference Database="[AmalgaSourceData]" Schema="[CLAB_ORU]" Table="[OBX_Derived]" Column="Order_OBR_ContextKey" />
                        <ColumnReference Database="[AmalgaSourceData]" Schema="[CLAB_ORU]" Table="[OBX]" Column="SequenceNumber" />
                        <ColumnReference Database="[AmalgaSourceData]" Schema="[CLAB_ORU]" Table="[OBX]" Column="OBX_2" />
                        <ColumnReference Database="[AmalgaSourceData]" Schema="[CLAB_ORU]" Table="[OBX]" Column="OBX_4" />
                        <ColumnReference Database="[AmalgaSourceData]" Schema="[CLAB_ORU]" Table="[OBX]" Column="OBX_5" />
                        <ColumnReference Database="[AmalgaSourceData]" Schema="[CLAB_ORU]" Table="[OBX]" Column="OBX_6_1" />
                        <ColumnReference Database="[AmalgaSourceData]" Schema="[CLAB_ORU]" Table="[OBX]" Column="OBX_6_2" />
                        <ColumnReference Database="[AmalgaSourceData]" Schema="[CLAB_ORU]" Table="[OBX]" Column="OBX_7" />
                        <ColumnReference Database="[AmalgaSourceData]" Schema="[CLAB_ORU]" Table="[OBX]" Column="OBX_8" />
                        <ColumnReference Database="[AmalgaSourceData]" Schema="[CLAB_ORU]" Table="[OBX]" Column="OBX_11" />
                        <ColumnReference Database="[AmalgaSourceData]" Schema="[CLAB_ORU]" Table="[OBX]" Column="OBX_15" />
                        <ColumnReference Database="[azAEID]" Schema="[dbo]" Table="[AEID201]" Column="OID" />
                        <ColumnReference Database="[azAEID]" Schema="[dbo]" Table="[AEID201]" Column="EIDexternal" />
                        <ColumnReference Database="[azAEID]" Schema="[dbo]" Table="[AEID201]" Column="CurrentEID" />
                      </OutputList>
                      <RunTimeInformation>
                        <RunTimeCountersPerThread Thread="0" ActualRows="0" ActualEndOfScans="1" ActualExecutions="1" />
                      </RunTimeInformation>
                      <NestedLoops Optimized="false">
                        <OuterReferences>
                          <ColumnReference Database="[AmalgaSourceData]" Schema="[CLAB_ORU]" Table="[OBX_Derived]" Column="Encounter_PV1_ContextKey" />
                        </OuterReferences>
                        <RelOp AvgRowSize="36269" EstimateCPU="4.18E-06" EstimateIO="0" EstimateRebinds="0" EstimateRewinds="0" EstimatedExecutionMode="Row" EstimateRows="1" LogicalOp="Inner Join" NodeId="3" Parallel="false" PhysicalOp="Nested Loops" EstimatedTotalSubtreeCost="0.0900574">
                          <OutputList>
                            <ColumnReference Database="[AmalgaSourceData]" Schema="[CLAB_ORU]" Table="[OBX_Derived]" Column="LastUpdatedTime" />
                            <ColumnReference Database="[AmalgaSourceData]" Schema="[CLAB_ORU]" Table="[OBX_Derived]" Column="Result_OBX_ContextKey" />
                            <ColumnReference Database="[AmalgaSourceData]" Schema="[CLAB_ORU]" Table="[OBX_Derived]" Column="Order_OBR_ContextKey" />
                            <ColumnReference Database="[AmalgaSourceData]" Schema="[CLAB_ORU]" Table="[OBX_Derived]" Column="Encounter_PV1_ContextKey" />
                            <ColumnReference Database="[AmalgaSourceData]" Schema="[CLAB_ORU]" Table="[OBX]" Column="SequenceNumber" />
                            <ColumnReference Database="[AmalgaSourceData]" Schema="[CLAB_ORU]" Table="[OBX]" Column="OBX_2" />
                            <ColumnReference Database="[AmalgaSourceData]" Schema="[CLAB_ORU]" Table="[OBX]" Column="OBX_4" />
                            <ColumnReference Database="[AmalgaSourceData]" Schema="[CLAB_ORU]" Table="[OBX]" Column="OBX_5" />
                            <ColumnReference Database="[AmalgaSourceData]" Schema="[CLAB_ORU]" Table="[OBX]" Column="OBX_6_1" />
                            <ColumnReference Database="[AmalgaSourceData]" Schema="[CLAB_ORU]" Table="[OBX]" Column="OBX_6_2" />
                            <ColumnReference Database="[AmalgaSourceData]" Schema="[CLAB_ORU]" Table="[OBX]" Column="OBX_7" />
                            <ColumnReference Database="[AmalgaSourceData]" Schema="[CLAB_ORU]" Table="[OBX]" Column="OBX_8" />
                            <ColumnReference Database="[AmalgaSourceData]" Schema="[CLAB_ORU]" Table="[OBX]" Column="OBX_11" />
                            <ColumnReference Database="[AmalgaSourceData]" Schema="[CLAB_ORU]" Table="[OBX]" Column="OBX_15" />
                          </OutputList>
                          <RunTimeInformation>
                            <RunTimeCountersPerThread Thread="0" ActualRows="0" ActualEndOfScans="1" ActualExecutions="1" />
                          </RunTimeInformation>
                          <NestedLoops Optimized="false">
                            <OuterReferences>
                              <ColumnReference Column="Expr1042" />
                              <ColumnReference Column="Expr1043" />
                            </OuterReferences>
                            <RelOp AvgRowSize="37" EstimateCPU="4.18E-06" EstimateIO="0" EstimateRebinds="0" EstimateRewinds="0" EstimatedExecutionMode="Row" EstimateRows="1" LogicalOp="Left Semi Join" NodeId="4" Parallel="false" PhysicalOp="Nested Loops" EstimatedTotalSubtreeCost="0.0867701">
                              <OutputList>
                                <ColumnReference Database="[AmalgaSourceData]" Schema="[CLAB_ORU]" Table="[OBX_Derived]" Column="LastUpdatedTime" />
                                <ColumnReference Database="[AmalgaSourceData]" Schema="[CLAB_ORU]" Table="[OBX_Derived]" Column="Result_OBX_ContextKey" />
                                <ColumnReference Database="[AmalgaSourceData]" Schema="[CLAB_ORU]" Table="[OBX_Derived]" Column="Order_OBR_ContextKey" />
                                <ColumnReference Database="[AmalgaSourceData]" Schema="[CLAB_ORU]" Table="[OBX_Derived]" Column="Encounter_PV1_ContextKey" />
                                <ColumnReference Column="Expr1042" />
                                <ColumnReference Column="Expr1043" />
                              </OutputList>
                              <RunTimeInformation>
                                <RunTimeCountersPerThread Thread="0" ActualRows="0" ActualEndOfScans="1" ActualExecutions="1" />
                              </RunTimeInformation>
                              <NestedLoops Optimized="false">
                                <Predicate>
                                  <ScalarOperator ScalarString="[AmalgaSourceData].[CLAB_ORU].[OBX_Derived].[Result_OBX_ContextKey]=[PrimaryKey0Value]">
                                    <Compare CompareOp="EQ">
                                      <ScalarOperator>
                                        <Identifier>
                                          <ColumnReference Database="[AmalgaSourceData]" Schema="[CLAB_ORU]" Table="[OBX_Derived]" Column="Result_OBX_ContextKey" />
                                        </Identifier>
                                      </ScalarOperator>
                                      <ScalarOperator>
                                        <Identifier>
                                          <ColumnReference Column="PrimaryKey0Value" />
                                        </Identifier>
                                      </ScalarOperator>
                                    </Compare>
                                  </ScalarOperator>
                                </Predicate>
                                <RelOp AvgRowSize="37" EstimateCPU="4.18E-06" EstimateIO="0" EstimateRebinds="0" EstimateRewinds="0" EstimatedExecutionMode="Row" EstimateRows="1" LogicalOp="Inner Join" NodeId="5" Parallel="false" PhysicalOp="Nested Loops" EstimatedTotalSubtreeCost="0.0834825">
                                  <OutputList>
                                    <ColumnReference Database="[AmalgaSourceData]" Schema="[CLAB_ORU]" Table="[OBX_Derived]" Column="LastUpdatedTime" />
                                    <ColumnReference Database="[AmalgaSourceData]" Schema="[CLAB_ORU]" Table="[OBX_Derived]" Column="Result_OBX_ContextKey" />
                                    <ColumnReference Database="[AmalgaSourceData]" Schema="[CLAB_ORU]" Table="[OBX_Derived]" Column="Order_OBR_ContextKey" />
                                    <ColumnReference Database="[AmalgaSourceData]" Schema="[CLAB_ORU]" Table="[OBX_Derived]" Column="Encounter_PV1_ContextKey" />
                                    <ColumnReference Column="Expr1042" />
                                    <ColumnReference Column="Expr1043" />
                                  </OutputList>
                                  <RunTimeInformation>
                                    <RunTimeCountersPerThread Thread="0" ActualRows="0" ActualEndOfScans="1" ActualExecutions="1" />
                                  </RunTimeInformation>
                                  <NestedLoops Optimized="false">
                                    <OuterReferences>
                                      <ColumnReference Database="[AmalgaSourceData]" Schema="[CLAB_ORU]" Table="[OBX_Derived]" Column="Order_OBR_ContextKey" />
                                      <ColumnReference Column="Expr1042" />
                                      <ColumnReference Column="Expr1043" />
                                      <ColumnReference Column="PrimaryKey0Value" />
                                    </OuterReferences>
                                    <RelOp AvgRowSize="475" EstimateCPU="0.0180455" EstimateIO="0" EstimateRebinds="0" EstimateRewinds="0" EstimatedExecutionMode="Row" EstimateRows="1" LogicalOp="Inner Join" NodeId="6" Parallel="false" PhysicalOp="Hash Match" EstimatedTotalSubtreeCost="0.0801944">
                                      <OutputList>
                                        <ColumnReference Database="[AmalgaSourceData]" Schema="[CLAB_ORU]" Table="[OBX_Derived]" Column="Order_OBR_ContextKey" />
                                        <ColumnReference Column="Expr1042" />
                                        <ColumnReference Column="Expr1043" />
                                        <ColumnReference Column="PrimaryKey0Value" />
                                      </OutputList>
                                      <MemoryFractions Input="0.5" Output="1" />
                                      <RunTimeInformation>
                                        <RunTimeCountersPerThread Thread="0" ActualRows="0" ActualEndOfScans="1" ActualExecutions="1" />
                                      </RunTimeInformation>
                                      <Hash>
                                        <DefinedValues />
                                        <HashKeysBuild>
                                          <ColumnReference Database="[AmalgaSourceData]" Schema="[CLAB_ORU]" Table="[OBX_Derived]" Column="Result_OBX_ContextKey" />
                                        </HashKeysBuild>
                                        <HashKeysProbe>
                                          <ColumnReference Column="PrimaryKey0Value" />
                                        </HashKeysProbe>
                                        <ProbeResidual>
                                          <ScalarOperator ScalarString="[AmalgaSourceData].[CLAB_ORU].[OBX_Derived].[Result_OBX_ContextKey]=[PrimaryKey0Value]">
                                            <Compare CompareOp="EQ">
                                              <ScalarOperator>
                                                <Identifier>
                                                  <ColumnReference Database="[AmalgaSourceData]" Schema="[CLAB_ORU]" Table="[OBX_Derived]" Column="Result_OBX_ContextKey" />
                                                </Identifier>
                                              </ScalarOperator>
                                              <ScalarOperator>
                                                <Identifier>
                                                  <ColumnReference Column="PrimaryKey0Value" />
                                                </Identifier>
                                              </ScalarOperator>
                                            </Compare>
                                          </ScalarOperator>
                                        </ProbeResidual>
                                        <RelOp AvgRowSize="26" EstimateCPU="1.1E-06" EstimateIO="0" EstimateRebinds="0" EstimateRewinds="0" EstimatedExecutionMode="Row" EstimateRows="1" LogicalOp="Aggregate" NodeId="7" Parallel="false" PhysicalOp="Stream Aggregate" EstimatedTotalSubtreeCost="0.0588628">
                                          <OutputList>
                                            <ColumnReference Database="[AmalgaSourceData]" Schema="[CLAB_ORU]" Table="[OBX_Derived]" Column="Result_OBX_ContextKey" />
                                            <ColumnReference Database="[AmalgaSourceData]" Schema="[CLAB_ORU]" Table="[OBX_Derived]" Column="Order_OBR_ContextKey" />
                                            <ColumnReference Column="Expr1042" />
                                            <ColumnReference Column="Expr1043" />
                                          </OutputList>
                                          <RunTimeInformation>
                                            <RunTimeCountersPerThread Thread="0" ActualRows="0" ActualEndOfScans="1" ActualExecutions="1" />
                                          </RunTimeInformation>
                                          <StreamAggregate>
                                            <DefinedValues>
                                              <DefinedValue>
                                                <ColumnReference Column="Expr1042" />
                                                <ScalarOperator ScalarString="MAX([AmalgaSourceData].[CLAB_ORU].[OBX_Derived].[RowId])">
                                                  <Aggregate AggType="MAX" Distinct="false">
                                                    <ScalarOperator>
                                                      <Identifier>
                                                        <ColumnReference Database="[AmalgaSourceData]" Schema="[CLAB_ORU]" Table="[OBX_Derived]" Column="RowId" />
                                                      </Identifier>
                                                    </ScalarOperator>
                                                  </Aggregate>
                                                </ScalarOperator>
                                              </DefinedValue>
                                              <DefinedValue>
                                                <ColumnReference Column="Expr1043" />
                                                <ScalarOperator ScalarString="MAX([AmalgaSourceData].[CLAB_ORU].[OBX_Derived].[PartitionValue])">
                                                  <Aggregate AggType="MAX" Distinct="false">
                                                    <ScalarOperator>
                                                      <Identifier>
                                                        <ColumnReference Database="[AmalgaSourceData]" Schema="[CLAB_ORU]" Table="[OBX_Derived]" Column="PartitionValue" />
                                                      </Identifier>
                                                    </ScalarOperator>
                                                  </Aggregate>
                                                </ScalarOperator>
                                              </DefinedValue>
                                            </DefinedValues>
                                            <GroupBy>
                                              <ColumnReference Database="[AmalgaSourceData]" Schema="[CLAB_ORU]" Table="[OBX_Derived]" Column="Result_OBX_ContextKey" />
                                              <ColumnReference Database="[AmalgaSourceData]" Schema="[CLAB_ORU]" Table="[OBX_Derived]" Column="Order_OBR_ContextKey" />
                                            </GroupBy>
                                            <RelOp AvgRowSize="26" EstimateCPU="8.8E-07" EstimateIO="0" EstimateRebinds="0" EstimateRewinds="0" EstimatedExecutionMode="Row" EstimateRows="1" LogicalOp="Filter" NodeId="8" Parallel="false" PhysicalOp="Filter" EstimatedTotalSubtreeCost="0.0588617">
                                              <OutputList>
                                                <ColumnReference Database="[AmalgaSourceData]" Schema="[CLAB_ORU]" Table="[OBX_Derived]" Column="RowId" />
                                                <ColumnReference Database="[AmalgaSourceData]" Schema="[CLAB_ORU]" Table="[OBX_Derived]" Column="PartitionValue" />
                                                <ColumnReference Database="[AmalgaSourceData]" Schema="[CLAB_ORU]" Table="[OBX_Derived]" Column="Result_OBX_ContextKey" />
                                                <ColumnReference Database="[AmalgaSourceData]" Schema="[CLAB_ORU]" Table="[OBX_Derived]" Column="Order_OBR_ContextKey" />
                                              </OutputList>
                                              <RunTimeInformation>
                                                <RunTimeCountersPerThread Thread="0" ActualRows="0" ActualEndOfScans="1" ActualExecutions="1" />
                                              </RunTimeInformation>
                                              <Filter StartupExpression="false">
                                                <RelOp AvgRowSize="30" EstimateCPU="4.18E-06" EstimateIO="0" EstimateRebinds="0" EstimateRewinds="0" EstimatedExecutionMode="Row" EstimateRows="1" LogicalOp="Left Outer Join" NodeId="9" Parallel="false" PhysicalOp="Nested Loops" EstimatedTotalSubtreeCost="0.0588608">
                                                  <OutputList>
                                                    <ColumnReference Database="[AmalgaSourceData]" Schema="[CLAB_ORU]" Table="[OBX_Derived]" Column="RowId" />
                                                    <ColumnReference Database="[AmalgaSourceData]" Schema="[CLAB_ORU]" Table="[OBX_Derived]" Column="PartitionValue" />
                                                    <ColumnReference Database="[AmalgaSourceData]" Schema="[CLAB_ORU]" Table="[OBX_Derived]" Column="Result_OBX_ContextKey" />
                                                    <ColumnReference Database="[AmalgaSourceData]" Schema="[CLAB_ORU]" Table="[OBX_Derived]" Column="Order_OBR_ContextKey" />
                                                    <ColumnReference Database="[AmalgaSourceData]" Schema="[DataDefect]" Table="[ActiveEntries]" Column="Severity" />
                                                  </OutputList>
                                                  <RunTimeInformation>
                                                    <RunTimeCountersPerThread Thread="0" ActualRows="0" ActualEndOfScans="1" ActualExecutions="1" />
                                                  </RunTimeInformation>
                                                  <NestedLoops Optimized="false">
                                                    <OuterReferences>
                                                      <ColumnReference Database="[AmalgaSourceData]" Schema="[CLAB_ORU]" Table="[OBX_Derived]" Column="SequenceNumber" />
                                                    </OuterReferences>
                                                    <RelOp AvgRowSize="34" EstimateCPU="4.18E-06" EstimateIO="0" EstimateRebinds="0" EstimateRewinds="0" EstimatedExecutionMode="Row" EstimateRows="1" LogicalOp="Inner Join" NodeId="10" Parallel="false" PhysicalOp="Nested Loops" EstimatedTotalSubtreeCost="0.0555734">
                                                      <OutputList>
                                                        <ColumnReference Database="[AmalgaSourceData]" Schema="[CLAB_ORU]" Table="[OBX_Derived]" Column="RowId" />
                                                        <ColumnReference Database="[AmalgaSourceData]" Schema="[CLAB_ORU]" Table="[OBX_Derived]" Column="SequenceNumber" />
                                                        <ColumnReference Database="[AmalgaSourceData]" Schema="[CLAB_ORU]" Table="[OBX_Derived]" Column="PartitionValue" />
                                                        <ColumnReference Database="[AmalgaSourceData]" Schema="[CLAB_ORU]" Table="[OBX_Derived]" Column="Result_OBX_ContextKey" />
                                                        <ColumnReference Database="[AmalgaSourceData]" Schema="[CLAB_ORU]" Table="[OBX_Derived]" Column="Order_OBR_ContextKey" />
                                                      </OutputList>
                                                      <RunTimeInformation>
                                                        <RunTimeCountersPerThread Thread="0" ActualRows="0" ActualEndOfScans="1" ActualExecutions="1" />
                                                      </RunTimeInformation>
                                                      <NestedLoops Optimized="false">
                                                        <Predicate>
                                                          <ScalarOperator ScalarString="[PrimaryKey0Value]=[AmalgaSourceData].[CLAB_ORU].[OBX_Derived].[Result_OBX_ContextKey]">
                                                            <Compare CompareOp="EQ">
                                                              <ScalarOperator>
                                                                <Identifier>
                                                                  <ColumnReference Column="PrimaryKey0Value" />
                                                                </Identifier>
                                                              </ScalarOperator>
                                                              <ScalarOperator>
                                                                <Identifier>
                                                                  <ColumnReference Database="[AmalgaSourceData]" Schema="[CLAB_ORU]" Table="[OBX_Derived]" Column="Result_OBX_ContextKey" />
                                                                </Identifier>
                                                              </ScalarOperator>
                                                            </Compare>
                                                          </ScalarOperator>
                                                        </Predicate>
                                                        <RelOp AvgRowSize="34" EstimateCPU="0.000100034" EstimateIO="0.0112613" EstimateRebinds="0" EstimateRewinds="0" EstimatedExecutionMode="Row" EstimateRows="1" LogicalOp="Sort" NodeId="11" Parallel="false" PhysicalOp="Sort" EstimatedTotalSubtreeCost="0.0522858">
                                                          <OutputList>
                                                            <ColumnReference Database="[AmalgaSourceData]" Schema="[CLAB_ORU]" Table="[OBX_Derived]" Column="RowId" />
                                                            <ColumnReference Database="[AmalgaSourceData]" Schema="[CLAB_ORU]" Table="[OBX_Derived]" Column="SequenceNumber" />
                                                            <ColumnReference Database="[AmalgaSourceData]" Schema="[CLAB_ORU]" Table="[OBX_Derived]" Column="PartitionValue" />
                                                            <ColumnReference Database="[AmalgaSourceData]" Schema="[CLAB_ORU]" Table="[OBX_Derived]" Column="Result_OBX_ContextKey" />
                                                            <ColumnReference Database="[AmalgaSourceData]" Schema="[CLAB_ORU]" Table="[OBX_Derived]" Column="Order_OBR_ContextKey" />
                                                          </OutputList>
                                                          <MemoryFractions Input="0.5" Output="0.5" />
                                                          <RunTimeInformation>
                                                            <RunTimeCountersPerThread Thread="0" ActualRebinds="1" ActualRewinds="0" ActualRows="0" ActualEndOfScans="1" ActualExecutions="1" />
                                                          </RunTimeInformation>
                                                          <Sort Distinct="false">
                                                            <OrderBy>
                                                              <OrderByColumn Ascending="true">
                                                                <ColumnReference Database="[AmalgaSourceData]" Schema="[CLAB_ORU]" Table="[OBX_Derived]" Column="Result_OBX_ContextKey" />
                                                              </OrderByColumn>
                                                              <OrderByColumn Ascending="true">
                                                                <ColumnReference Database="[AmalgaSourceData]" Schema="[CLAB_ORU]" Table="[OBX_Derived]" Column="Order_OBR_ContextKey" />
                                                              </OrderByColumn>
                                                            </OrderBy>
                                                            <RelOp AvgRowSize="34" EstimateCPU="4.18E-06" EstimateIO="0" EstimateRebinds="0" EstimateRewinds="0" EstimatedExecutionMode="Row" EstimateRows="1" LogicalOp="Inner Join" NodeId="12" Parallel="false" PhysicalOp="Nested Loops" EstimatedTotalSubtreeCost="0.0409245">
                                                              <OutputList>
                                                                <ColumnReference Database="[AmalgaSourceData]" Schema="[CLAB_ORU]" Table="[OBX_Derived]" Column="RowId" />
                                                                <ColumnReference Database="[AmalgaSourceData]" Schema="[CLAB_ORU]" Table="[OBX_Derived]" Column="SequenceNumber" />
                                                                <ColumnReference Database="[AmalgaSourceData]" Schema="[CLAB_ORU]" Table="[OBX_Derived]" Column="PartitionValue" />
                                                                <ColumnReference Database="[AmalgaSourceData]" Schema="[CLAB_ORU]" Table="[OBX_Derived]" Column="Result_OBX_ContextKey" />
                                                                <ColumnReference Database="[AmalgaSourceData]" Schema="[CLAB_ORU]" Table="[OBX_Derived]" Column="Order_OBR_ContextKey" />
                                                              </OutputList>
                                                              <RunTimeInformation>
                                                                <RunTimeCountersPerThread Thread="0" ActualRows="0" ActualEndOfScans="1" ActualExecutions="1" />
                                                              </RunTimeInformation>
                                                              <NestedLoops Optimized="false">
                                                                <OuterReferences>
                                                                  <ColumnReference Database="[AmalgaSourceData]" Schema="[CLAB_ORU]" Table="[OBR_Derived]" Column="Order_OBR_ContextKey" />
                                                                  <ColumnReference Database="[AmalgaSourceData]" Schema="[CLAB_ORU]" Table="[OBR]" Column="RowId" />
                                                                  <ColumnReference Database="[AmalgaSourceData]" Schema="[CLAB_ORU]" Table="[OBR]" Column="PartitionValue" />
                                                                </OuterReferences>
                                                                <RelOp AvgRowSize="48" EstimateCPU="4.18E-06" EstimateIO="0" EstimateRebinds="0" EstimateRewinds="0" EstimatedExecutionMode="Row" EstimateRows="1" LogicalOp="Inner Join" NodeId="13" Parallel="false" PhysicalOp="Nested Loops" EstimatedTotalSubtreeCost="0.0376368">
                                                                  <OutputList>
                                                                    <ColumnReference Database="[AmalgaSourceData]" Schema="[CLAB_ORU]" Table="[OBX_Derived]" Column="RowId" />
                                                                    <ColumnReference Database="[AmalgaSourceData]" Schema="[CLAB_ORU]" Table="[OBX_Derived]" Column="SequenceNumber" />
                                                                    <ColumnReference Database="[AmalgaSourceData]" Schema="[CLAB_ORU]" Table="[OBX_Derived]" Column="PartitionValue" />
                                                                    <ColumnReference Database="[AmalgaSourceData]" Schema="[CLAB_ORU]" Table="[OBX_Derived]" Column="Result_OBX_ContextKey" />
                                                                    <ColumnReference Database="[AmalgaSourceData]" Schema="[CLAB_ORU]" Table="[OBX_Derived]" Column="Order_OBR_ContextKey" />
                                                                    <ColumnReference Database="[AmalgaSourceData]" Schema="[CLAB_ORU]" Table="[OBR_Derived]" Column="Order_OBR_ContextKey" />
                                                                    <ColumnReference Database="[AmalgaSourceData]" Schema="[CLAB_ORU]" Table="[OBR]" Column="RowId" />
                                                                    <ColumnReference Database="[AmalgaSourceData]" Schema="[CLAB_ORU]" Table="[OBR]" Column="PartitionValue" />
                                                                  </OutputList>
                                                                  <RunTimeInformation>
                                                                    <RunTimeCountersPerThread Thread="0" ActualRows="0" ActualEndOfScans="1" ActualExecutions="1" />
                                                                  </RunTimeInformation>
                                                                  <NestedLoops Optimized="false">
                                                                    <OuterReferences>
                                                                      <ColumnReference Database="[AmalgaSourceData]" Schema="[CLAB_ORU]" Table="[OBX_Derived]" Column="SequenceNumber" />
                                                                      <ColumnReference Column="Expr1021" />
                                                                      <ColumnReference Column="Expr1022" />
                                                                    </OuterReferences>
                                                                    <RelOp AvgRowSize="48" EstimateCPU="4.18E-06" EstimateIO="0" EstimateRebinds="0" EstimateRewinds="0" EstimatedExecutionMode="Row" EstimateRows="1" LogicalOp="Inner Join" NodeId="14" Parallel="false" PhysicalOp="Nested Loops" EstimatedTotalSubtreeCost="0.0343495">
                                                                      <OutputList>
                                                                        <ColumnReference Database="[AmalgaSourceData]" Schema="[CLAB_ORU]" Table="[OBX_Derived]" Column="RowId" />
                                                                        <ColumnReference Database="[AmalgaSourceData]" Schema="[CLAB_ORU]" Table="[OBX_Derived]" Column="SequenceNumber" />
                                                                        <ColumnReference Database="[AmalgaSourceData]" Schema="[CLAB_ORU]" Table="[OBX_Derived]" Column="PartitionValue" />
                                                                        <ColumnReference Database="[AmalgaSourceData]" Schema="[CLAB_ORU]" Table="[OBX_Derived]" Column="Result_OBX_ContextKey" />
                                                                        <ColumnReference Database="[AmalgaSourceData]" Schema="[CLAB_ORU]" Table="[OBX_Derived]" Column="Order_OBR_ContextKey" />
                                                                        <ColumnReference Database="[AmalgaSourceData]" Schema="[CLAB_ORU]" Table="[OBR_Derived]" Column="Order_OBR_ContextKey" />
                                                                        <ColumnReference Column="Expr1021" />
                                                                        <ColumnReference Column="Expr1022" />
                                                                      </OutputList>
                                                                      <RunTimeInformation>
                                                                        <RunTimeCountersPerThread Thread="0" ActualRows="0" ActualEndOfScans="1" ActualExecutions="1" />
                                                                      </RunTimeInformation>
                                                                      <NestedLoops Optimized="false">
                                                                        <OuterReferences>
                                                                          <ColumnReference Database="[AmalgaSourceData]" Schema="[CLAB_ORU]" Table="[OBR_Derived]" Column="Order_OBR_ContextKey" />
                                                                          <ColumnReference Column="Expr1022" />
                                                                        </OuterReferences>
                                                                        <RelOp AvgRowSize="23" EstimateCPU="1.1E-06" EstimateIO="0" EstimateRebinds="0" EstimateRewinds="0" EstimatedExecutionMode="Row" EstimateRows="1" LogicalOp="Aggregate" NodeId="15" Parallel="false" PhysicalOp="Stream Aggregate" EstimatedTotalSubtreeCost="0.0310617">
                                                                          <OutputList>
                                                                            <ColumnReference Database="[AmalgaSourceData]" Schema="[CLAB_ORU]" Table="[OBR_Derived]" Column="Order_OBR_ContextKey" />
                                                                            <ColumnReference Column="Expr1021" />
                                                                            <ColumnReference Column="Expr1022" />
                                                                          </OutputList>
                                                                          <RunTimeInformation>
                                                                            <RunTimeCountersPerThread Thread="0" ActualRows="0" ActualEndOfScans="1" ActualExecutions="1" />
                                                                          </RunTimeInformation>
                                                                          <StreamAggregate>
                                                                            <DefinedValues>
                                                                              <DefinedValue>
                                                                                <ColumnReference Column="Expr1021" />
                                                                                <ScalarOperator ScalarString="MAX([AmalgaSourceData].[CLAB_ORU].[OBR_Derived].[RowId])">
                                                                                  <Aggregate AggType="MAX" Distinct="false">
                                                                                    <ScalarOperator>
                                                                                      <Identifier>
                                                                                        <ColumnReference Database="[AmalgaSourceData]" Schema="[CLAB_ORU]" Table="[OBR_Derived]" Column="RowId" />
                                                                                      </Identifier>
                                                                                    </ScalarOperator>
                                                                                  </Aggregate>
                                                                                </ScalarOperator>
                                                                              </DefinedValue>
                                                                              <DefinedValue>
                                                                                <ColumnReference Column="Expr1022" />
                                                                                <ScalarOperator ScalarString="MAX([AmalgaSourceData].[CLAB_ORU].[OBR_Derived].[PartitionValue])">
                                                                                  <Aggregate AggType="MAX" Distinct="false">
                                                                                    <ScalarOperator>
                                                                                      <Identifier>
                                                                                        <ColumnReference Database="[AmalgaSourceData]" Schema="[CLAB_ORU]" Table="[OBR_Derived]" Column="PartitionValue" />
                                                                                      </Identifier>
                                                                                    </ScalarOperator>
                                                                                  </Aggregate>
                                                                                </ScalarOperator>
                                                                              </DefinedValue>
                                                                            </DefinedValues>
                                                                            <GroupBy>
                                                                              <ColumnReference Database="[AmalgaSourceData]" Schema="[CLAB_ORU]" Table="[OBR_Derived]" Column="Order_OBR_ContextKey" />
                                                                            </GroupBy>
                                                                            <RelOp AvgRowSize="23" EstimateCPU="0.000100023" EstimateIO="0.0112613" EstimateRebinds="0" EstimateRewinds="0" EstimatedExecutionMode="Row" EstimateRows="1" LogicalOp="Sort" NodeId="16" Parallel="false" PhysicalOp="Sort" EstimatedTotalSubtreeCost="0.0310606">
                                                                              <OutputList>
                                                                                <ColumnReference Database="[AmalgaSourceData]" Schema="[CLAB_ORU]" Table="[OBR_Derived]" Column="RowId" />
                                                                                <ColumnReference Database="[AmalgaSourceData]" Schema="[CLAB_ORU]" Table="[OBR_Derived]" Column="PartitionValue" />
                                                                                <ColumnReference Database="[AmalgaSourceData]" Schema="[CLAB_ORU]" Table="[OBR_Derived]" Column="Order_OBR_ContextKey" />
                                                                              </OutputList>
                                                                              <MemoryFractions Input="1" Output="0.5" />
                                                                              <RunTimeInformation>
                                                                                <RunTimeCountersPerThread Thread="0" ActualRebinds="1" ActualRewinds="0" ActualRows="0" ActualEndOfScans="1" ActualExecutions="1" />
                                                                              </RunTimeInformation>
                                                                              <Sort Distinct="false">
                                                                                <OrderBy>
                                                                                  <OrderByColumn Ascending="true">
                                                                                    <ColumnReference Database="[AmalgaSourceData]" Schema="[CLAB_ORU]" Table="[OBR_Derived]" Column="Order_OBR_ContextKey" />
                                                                                  </OrderByColumn>
                                                                                </OrderBy>
                                                                                <RelOp AvgRowSize="23" EstimateCPU="8.8E-07" EstimateIO="0" EstimateRebinds="0" EstimateRewinds="0" EstimatedExecutionMode="Row" EstimateRows="1" LogicalOp="Filter" NodeId="17" Parallel="false" PhysicalOp="Filter" EstimatedTotalSubtreeCost="0.0196994">
                                                                                  <OutputList>
                                                                                    <ColumnReference Database="[AmalgaSourceData]" Schema="[CLAB_ORU]" Table="[OBR_Derived]" Column="RowId" />
                                                                                    <ColumnReference Database="[AmalgaSourceData]" Schema="[CLAB_ORU]" Table="[OBR_Derived]" Column="PartitionValue" />
                                                                                    <ColumnReference Database="[AmalgaSourceData]" Schema="[CLAB_ORU]" Table="[OBR_Derived]" Column="Order_OBR_ContextKey" />
                                                                                  </OutputList>
                                                                                  <RunTimeInformation>
                                                                                    <RunTimeCountersPerThread Thread="0" ActualRows="0" ActualEndOfScans="1" ActualExecutions="1" />
                                                                                  </RunTimeInformation>
                                                                                  <Filter StartupExpression="false">
                                                                                    <RelOp AvgRowSize="27" EstimateCPU="4.18E-06" EstimateIO="0" EstimateRebinds="0" EstimateRewinds="0" EstimatedExecutionMode="Row" EstimateRows="1" LogicalOp="Left Outer Join" NodeId="18" Parallel="false" PhysicalOp="Nested Loops" EstimatedTotalSubtreeCost="0.0196985">
                                                                                      <OutputList>
                                                                                        <ColumnReference Database="[AmalgaSourceData]" Schema="[CLAB_ORU]" Table="[OBR_Derived]" Column="RowId" />
                                                                                        <ColumnReference Database="[AmalgaSourceData]" Schema="[CLAB_ORU]" Table="[OBR_Derived]" Column="PartitionValue" />
                                                                                        <ColumnReference Database="[AmalgaSourceData]" Schema="[CLAB_ORU]" Table="[OBR_Derived]" Column="Order_OBR_ContextKey" />
                                                                                        <ColumnReference Database="[AmalgaSourceData]" Schema="[DataDefect]" Table="[ActiveEntries]" Column="Severity" />
                                                                                      </OutputList>
                                                                                      <RunTimeInformation>
                                                                                        <RunTimeCountersPerThread Thread="0" ActualRows="0" ActualEndOfScans="1" ActualExecutions="1" />
                                                                                      </RunTimeInformation>
                                                                                      <NestedLoops Optimized="false">
                                                                                        <OuterReferences>
                                                                                          <ColumnReference Database="[AmalgaSourceData]" Schema="[CLAB_ORU]" Table="[OBR_Derived]" Column="SequenceNumber" />
                                                                                        </OuterReferences>
                                                                                        <RelOp AvgRowSize="31" EstimateCPU="0.0007861" EstimateIO="0.015625" EstimateRebinds="0" EstimateRewinds="0" EstimatedExecutionMode="Row" EstimateRows="1" LogicalOp="Index Seek" NodeId="19" Parallel="false" Partitioned="true" PhysicalOp="Index Seek" EstimatedTotalSubtreeCost="0.0164111" TableCardinality="0">
                                                                                          <OutputList>
                                                                                            <ColumnReference Database="[AmalgaSourceData]" Schema="[CLAB_ORU]" Table="[OBR_Derived]" Column="RowId" />
                                                                                            <ColumnReference Database="[AmalgaSourceData]" Schema="[CLAB_ORU]" Table="[OBR_Derived]" Column="SequenceNumber" />
                                                                                            <ColumnReference Database="[AmalgaSourceData]" Schema="[CLAB_ORU]" Table="[OBR_Derived]" Column="PartitionValue" />
                                                                                            <ColumnReference Database="[AmalgaSourceData]" Schema="[CLAB_ORU]" Table="[OBR_Derived]" Column="Order_OBR_ContextKey" />
                                                                                          </OutputList>
                                                                                          <RunTimeInformation>
                                                                                            <RunTimeCountersPerThread Thread="0" ActualRows="0" ActualEndOfScans="1" ActualExecutions="1" />
                                                                                          </RunTimeInformation>
                                                                                          <RunTimePartitionSummary>
                                                                                            <PartitionsAccessed PartitionCount="5">
                                                                                              <PartitionRange Start="1" End="5" />
                                                                                            </PartitionsAccessed>
                                                                                          </RunTimePartitionSummary>
                                                                                          <IndexScan Ordered="true" ScanDirection="FORWARD" ForcedIndex="false" ForceSeek="false" ForceScan="false" NoExpandHint="false" Storage="RowStore">
                                                                                            <DefinedValues>
                                                                                              <DefinedValue>
                                                                                                <ColumnReference Database="[AmalgaSourceData]" Schema="[CLAB_ORU]" Table="[OBR_Derived]" Column="RowId" />
                                                                                              </DefinedValue>
                                                                                              <DefinedValue>
                                                                                                <ColumnReference Database="[AmalgaSourceData]" Schema="[CLAB_ORU]" Table="[OBR_Derived]" Column="SequenceNumber" />
                                                                                              </DefinedValue>
                                                                                              <DefinedValue>
                                                                                                <ColumnReference Database="[AmalgaSourceData]" Schema="[CLAB_ORU]" Table="[OBR_Derived]" Column="PartitionValue" />
                                                                                              </DefinedValue>
                                                                                              <DefinedValue>
                                                                                                <ColumnReference Database="[AmalgaSourceData]" Schema="[CLAB_ORU]" Table="[OBR_Derived]" Column="Order_OBR_ContextKey" />
                                                                                              </DefinedValue>
                                                                                            </DefinedValues>
                                                                                            <Object Database="[AmalgaSourceData]" Schema="[CLAB_ORU]" Table="[OBR_Derived]" Index="[IX_Order_OBR_ContextKey]" TableReferenceId="2" IndexKind="NonClustered" />
                                                                                            <SeekPredicates>
                                                                                              <SeekPredicateNew>
                                                                                                <SeekKeys>
                                                                                                  <StartRange ScanType="GE">
                                                                                                    <RangeColumns>
                                                                                                      <ColumnReference Column="PtnId1012" />
                                                                                                    </RangeColumns>
                                                                                                    <RangeExpressions>
                                                                                                      <ScalarOperator ScalarString="(1)">
                                                                                                        <Const ConstValue="(1)" />
                                                                                                      </ScalarOperator>
                                                                                                    </RangeExpressions>
                                                                                                  </StartRange>
                                                                                                  <EndRange ScanType="LE">
                                                                                                    <RangeColumns>
                                                                                                      <ColumnReference Column="PtnId1012" />
                                                                                                    </RangeColumns>
                                                                                                    <RangeExpressions>
                                                                                                      <ScalarOperator ScalarString="(5)">
                                                                                                        <Const ConstValue="(5)" />
                                                                                                      </ScalarOperator>
                                                                                                    </RangeExpressions>
                                                                                                  </EndRange>
                                                                                                </SeekKeys>
                                                                                                <SeekKeys>
                                                                                                  <IsNotNull>
                                                                                                    <ColumnReference Database="[AmalgaSourceData]" Schema="[CLAB_ORU]" Table="[OBR_Derived]" Column="Order_OBR_ContextKey" />
                                                                                                  </IsNotNull>
                                                                                                </SeekKeys>
                                                                                              </SeekPredicateNew>
                                                                                            </SeekPredicates>
                                                                                          </IndexScan>
                                                                                        </RelOp>
                                                                                        <RelOp AvgRowSize="11" EstimateCPU="1E-07" EstimateIO="0" EstimateRebinds="0" EstimateRewinds="0" EstimatedExecutionMode="Row" EstimateRows="1" LogicalOp="Top" NodeId="21" Parallel="false" PhysicalOp="Top" EstimatedTotalSubtreeCost="0.0032832">
                                                                                          <OutputList>
                                                                                            <ColumnReference Database="[AmalgaSourceData]" Schema="[DataDefect]" Table="[ActiveEntries]" Column="Severity" />
                                                                                          </OutputList>
                                                                                          <RunTimeInformation>
                                                                                            <RunTimeCountersPerThread Thread="0" ActualRows="0" ActualEndOfScans="0" ActualExecutions="0" />
                                                                                          </RunTimeInformation>
                                                                                          <Top RowCount="false" IsPercent="false" WithTies="false">
                                                                                            <TopExpression>
                                                                                              <ScalarOperator ScalarString="(1)">
                                                                                                <Const ConstValue="(1)" />
                                                                                              </ScalarOperator>
                                                                                            </TopExpression>
                                                                                            <RelOp AvgRowSize="11" EstimateCPU="0.0001581" EstimateIO="0.003125" EstimateRebinds="0" EstimateRewinds="0" EstimatedExecutionMode="Row" EstimateRows="1" LogicalOp="Index Seek" NodeId="22" Parallel="false" PhysicalOp="Index Seek" EstimatedTotalSubtreeCost="0.0032831" TableCardinality="0">
                                                                                              <OutputList>
                                                                                                <ColumnReference Database="[AmalgaSourceData]" Schema="[DataDefect]" Table="[ActiveEntries]" Column="Severity" />
                                                                                              </OutputList>
                                                                                              <RunTimeInformation>
                                                                                                <RunTimeCountersPerThread Thread="0" ActualRows="0" ActualEndOfScans="0" ActualExecutions="0" />
                                                                                              </RunTimeInformation>
                                                                                              <IndexScan Ordered="true" ScanDirection="FORWARD" ForcedIndex="false" ForceSeek="false" ForceScan="false" NoExpandHint="false" Storage="RowStore">
                                                                                                <DefinedValues>
                                                                                                  <DefinedValue>
                                                                                                    <ColumnReference Database="[AmalgaSourceData]" Schema="[DataDefect]" Table="[ActiveEntries]" Column="Severity" />
                                                                                                  </DefinedValue>
                                                                                                </DefinedValues>
                                                                                                <Object Database="[AmalgaSourceData]" Schema="[DataDefect]" Table="[ActiveEntries]" Index="[IX_FeedSequenceNumber]" TableReferenceId="1" IndexKind="NonClustered" />
                                                                                                <SeekPredicates>
                                                                                                  <SeekPredicateNew>
                                                                                                    <SeekKeys>
                                                                                                      <Prefix ScanType="EQ">
                                                                                                        <RangeColumns>
                                                                                                          <ColumnReference Database="[AmalgaSourceData]" Schema="[DataDefect]" Table="[ActiveEntries]" Column="Feed" />
                                                                                                          <ColumnReference Database="[AmalgaSourceData]" Schema="[DataDefect]" Table="[ActiveEntries]" Column="SequenceNumber" />
                                                                                                        </RangeColumns>
                                                                                                        <RangeExpressions>
                                                                                                          <ScalarOperator ScalarString="N'CLAB.ORU'">
                                                                                                            <Const ConstValue="N'CLAB.ORU'" />
                                                                                                          </ScalarOperator>
                                                                                                          <ScalarOperator ScalarString="[AmalgaSourceData].[CLAB_ORU].[OBR_Derived].[SequenceNumber]">
                                                                                                            <Identifier>
                                                                                                              <ColumnReference Database="[AmalgaSourceData]" Schema="[CLAB_ORU]" Table="[OBR_Derived]" Column="SequenceNumber" />
                                                                                                            </Identifier>
                                                                                                          </ScalarOperator>
                                                                                                        </RangeExpressions>
                                                                                                      </Prefix>
                                                                                                    </SeekKeys>
                                                                                                  </SeekPredicateNew>
                                                                                                </SeekPredicates>
                                                                                              </IndexScan>
                                                                                            </RelOp>
                                                                                          </Top>
                                                                                        </RelOp>
                                                                                      </NestedLoops>
                                                                                    </RelOp>
                                                                                    <Predicate>
                                                                                      <ScalarOperator ScalarString="[AmalgaSourceData].[DataDefect].[ActiveEntries].[Severity] IS NULL OR [AmalgaSourceData].[DataDefect].[ActiveEntries].[Severity]&lt;(200)">
                                                                                        <Logical Operation="OR">
                                                                                          <ScalarOperator>
                                                                                            <Compare CompareOp="IS">
                                                                                              <ScalarOperator>
                                                                                                <Identifier>
                                                                                                  <ColumnReference Database="[AmalgaSourceData]" Schema="[DataDefect]" Table="[ActiveEntries]" Column="Severity" />
                                                                                                </Identifier>
                                                                                              </ScalarOperator>
                                                                                              <ScalarOperator>
                                                                                                <Const ConstValue="NULL" />
                                                                                              </ScalarOperator>
                                                                                            </Compare>
                                                                                          </ScalarOperator>
                                                                                          <ScalarOperator>
                                                                                            <Compare CompareOp="LT">
                                                                                              <ScalarOperator>
                                                                                                <Identifier>
                                                                                                  <ColumnReference Database="[AmalgaSourceData]" Schema="[DataDefect]" Table="[ActiveEntries]" Column="Severity" />
                                                                                                </Identifier>
                                                                                              </ScalarOperator>
                                                                                              <ScalarOperator>
                                                                                                <Const ConstValue="(200)" />
                                                                                              </ScalarOperator>
                                                                                            </Compare>
                                                                                          </ScalarOperator>
                                                                                        </Logical>
                                                                                      </ScalarOperator>
                                                                                    </Predicate>
                                                                                  </Filter>
                                                                                </RelOp>
                                                                              </Sort>
                                                                            </RelOp>
                                                                          </StreamAggregate>
                                                                        </RelOp>
                                                                        <RelOp AvgRowSize="34" EstimateCPU="0.0001581" EstimateIO="0.003125" EstimateRebinds="0" EstimateRewinds="0" EstimatedExecutionMode="Row" EstimateRows="1" LogicalOp="Index Seek" NodeId="33" Parallel="false" Partitioned="true" PhysicalOp="Index Seek" EstimatedTotalSubtreeCost="0.0032831" TableCardinality="0">
                                                                          <OutputList>
                                                                            <ColumnReference Database="[AmalgaSourceData]" Schema="[CLAB_ORU]" Table="[OBX_Derived]" Column="RowId" />
                                                                            <ColumnReference Database="[AmalgaSourceData]" Schema="[CLAB_ORU]" Table="[OBX_Derived]" Column="SequenceNumber" />
                                                                            <ColumnReference Database="[AmalgaSourceData]" Schema="[CLAB_ORU]" Table="[OBX_Derived]" Column="PartitionValue" />
                                                                            <ColumnReference Database="[AmalgaSourceData]" Schema="[CLAB_ORU]" Table="[OBX_Derived]" Column="Result_OBX_ContextKey" />
                                                                            <ColumnReference Database="[AmalgaSourceData]" Schema="[CLAB_ORU]" Table="[OBX_Derived]" Column="Order_OBR_ContextKey" />
                                                                          </OutputList>
                                                                          <RunTimeInformation>
                                                                            <RunTimeCountersPerThread Thread="0" ActualRows="0" ActualEndOfScans="0" ActualExecutions="0" />
                                                                          </RunTimeInformation>
                                                                          <RunTimePartitionSummary>
                                                                            <PartitionsAccessed PartitionCount="0" />
                                                                          </RunTimePartitionSummary>
                                                                          <IndexScan Ordered="true" ScanDirection="FORWARD" ForcedIndex="false" ForceSeek="false" ForceScan="false" NoExpandHint="false" Storage="RowStore">
                                                                            <DefinedValues>
                                                                              <DefinedValue>
                                                                                <ColumnReference Database="[AmalgaSourceData]" Schema="[CLAB_ORU]" Table="[OBX_Derived]" Column="RowId" />
                                                                              </DefinedValue>
                                                                              <DefinedValue>
                                                                                <ColumnReference Database="[AmalgaSourceData]" Schema="[CLAB_ORU]" Table="[OBX_Derived]" Column="SequenceNumber" />
                                                                              </DefinedValue>
                                                                              <DefinedValue>
                                                                                <ColumnReference Database="[AmalgaSourceData]" Schema="[CLAB_ORU]" Table="[OBX_Derived]" Column="PartitionValue" />
                                                                              </DefinedValue>
                                                                              <DefinedValue>
                                                                                <ColumnReference Database="[AmalgaSourceData]" Schema="[CLAB_ORU]" Table="[OBX_Derived]" Column="Result_OBX_ContextKey" />
                                                                              </DefinedValue>
                                                                              <DefinedValue>
                                                                                <ColumnReference Database="[AmalgaSourceData]" Schema="[CLAB_ORU]" Table="[OBX_Derived]" Column="Order_OBR_ContextKey" />
                                                                              </DefinedValue>
                                                                            </DefinedValues>
                                                                            <Object Database="[AmalgaSourceData]" Schema="[CLAB_ORU]" Table="[OBX_Derived]" Index="[IX_Order_OBR_ContextKey]" TableReferenceId="2" IndexKind="NonClustered" />
                                                                            <SeekPredicates>
                                                                              <SeekPredicateNew>
                                                                                <SeekKeys>
                                                                                  <Prefix ScanType="EQ">
                                                                                    <RangeColumns>
                                                                                      <ColumnReference Column="PtnId1004" />
                                                                                      <ColumnReference Database="[AmalgaSourceData]" Schema="[CLAB_ORU]" Table="[OBX_Derived]" Column="Order_OBR_ContextKey" />
                                                                                    </RangeColumns>
                                                                                    <RangeExpressions>
                                                                                      <ScalarOperator ScalarString="RangePartitionNew([Expr1022],(1),'2013-01-01','2013-04-01','2013-07-01','2013-10-01')">
                                                                                        <Intrinsic FunctionName="RangePartitionNew">
                                                                                          <ScalarOperator>
                                                                                            <Identifier>
                                                                                              <ColumnReference Column="Expr1022" />
                                                                                            </Identifier>
                                                                                          </ScalarOperator>
                                                                                          <ScalarOperator>
                                                                                            <Const ConstValue="(1)" />
                                                                                          </ScalarOperator>
                                                                                          <ScalarOperator>
                                                                                            <Const ConstValue="'2013-01-01'" />
                                                                                          </ScalarOperator>
                                                                                          <ScalarOperator>
                                                                                            <Const ConstValue="'2013-04-01'" />
                                                                                          </ScalarOperator>
                                                                                          <ScalarOperator>
                                                                                            <Const ConstValue="'2013-07-01'" />
                                                                                          </ScalarOperator>
                                                                                          <ScalarOperator>
                                                                                            <Const ConstValue="'2013-10-01'" />
                                                                                          </ScalarOperator>
                                                                                        </Intrinsic>
                                                                                      </ScalarOperator>
                                                                                      <ScalarOperator ScalarString="[AmalgaSourceData].[CLAB_ORU].[OBR_Derived].[Order_OBR_ContextKey]">
                                                                                        <Identifier>
                                                                                          <ColumnReference Database="[AmalgaSourceData]" Schema="[CLAB_ORU]" Table="[OBR_Derived]" Column="Order_OBR_ContextKey" />
                                                                                        </Identifier>
                                                                                      </ScalarOperator>
                                                                                    </RangeExpressions>
                                                                                  </Prefix>
                                                                                  <IsNotNull>
                                                                                    <ColumnReference Database="[AmalgaSourceData]" Schema="[CLAB_ORU]" Table="[OBX_Derived]" Column="Result_OBX_ContextKey" />
                                                                                  </IsNotNull>
                                                                                </SeekKeys>
                                                                              </SeekPredicateNew>
                                                                            </SeekPredicates>
                                                                            <Predicate>
                                                                              <ScalarOperator ScalarString="[Expr1022]=[AmalgaSourceData].[CLAB_ORU].[OBX_Derived].[PartitionValue]">
                                                                                <Compare CompareOp="EQ">
                                                                                  <ScalarOperator>
                                                                                    <Identifier>
                                                                                      <ColumnReference Column="Expr1022" />
                                                                                    </Identifier>
                                                                                  </ScalarOperator>
                                                                                  <ScalarOperator>
                                                                                    <Identifier>
                                                                                      <ColumnReference Database="[AmalgaSourceData]" Schema="[CLAB_ORU]" Table="[OBX_Derived]" Column="PartitionValue" />
                                                                                    </Identifier>
                                                                                  </ScalarOperator>
                                                                                </Compare>
                                                                              </ScalarOperator>
                                                                            </Predicate>
                                                                          </IndexScan>
                                                                        </RelOp>
                                                                      </NestedLoops>
                                                                    </RelOp>
                                                                    <RelOp AvgRowSize="18" EstimateCPU="0.0001581" EstimateIO="0.003125" EstimateRebinds="0" EstimateRewinds="0" EstimatedExecutionMode="Row" EstimateRows="1" LogicalOp="Index Seek" NodeId="34" Parallel="false" Partitioned="true" PhysicalOp="Index Seek" EstimatedTotalSubtreeCost="0.0032831" TableCardinality="101046">
                                                                      <OutputList>
                                                                        <ColumnReference Database="[AmalgaSourceData]" Schema="[CLAB_ORU]" Table="[OBR]" Column="RowId" />
                                                                        <ColumnReference Database="[AmalgaSourceData]" Schema="[CLAB_ORU]" Table="[OBR]" Column="PartitionValue" />
                                                                      </OutputList>
                                                                      <RunTimeInformation>
                                                                        <RunTimeCountersPerThread Thread="0" ActualRows="0" ActualEndOfScans="0" ActualExecutions="0" />
                                                                      </RunTimeInformation>
                                                                      <RunTimePartitionSummary>
                                                                        <PartitionsAccessed PartitionCount="0" />
                                                                      </RunTimePartitionSummary>
                                                                      <IndexScan Ordered="true" ScanDirection="FORWARD" ForcedIndex="false" ForceSeek="false" ForceScan="false" NoExpandHint="false" Storage="RowStore">
                                                                        <DefinedValues>
                                                                          <DefinedValue>
                                                                            <ColumnReference Database="[AmalgaSourceData]" Schema="[CLAB_ORU]" Table="[OBR]" Column="RowId" />
                                                                          </DefinedValue>
                                                                          <DefinedValue>
                                                                            <ColumnReference Database="[AmalgaSourceData]" Schema="[CLAB_ORU]" Table="[OBR]" Column="PartitionValue" />
                                                                          </DefinedValue>
                                                                        </DefinedValues>
                                                                        <Object Database="[AmalgaSourceData]" Schema="[CLAB_ORU]" Table="[OBR]" Index="[IX_SequenceNumber]" TableReferenceId="1" IndexKind="NonClustered" />
                                                                        <SeekPredicates>
                                                                          <SeekPredicateNew>
                                                                            <SeekKeys>
                                                                              <Prefix ScanType="EQ">
                                                                                <RangeColumns>
                                                                                  <ColumnReference Column="PtnId1023" />
                                                                                  <ColumnReference Database="[AmalgaSourceData]" Schema="[CLAB_ORU]" Table="[OBR]" Column="SequenceNumber" />
                                                                                  <ColumnReference Database="[AmalgaSourceData]" Schema="[CLAB_ORU]" Table="[OBR]" Column="PartitionValue" />
                                                                                  <ColumnReference Database="[AmalgaSourceData]" Schema="[CLAB_ORU]" Table="[OBR]" Column="RowId" />
                                                                                </RangeColumns>
                                                                                <RangeExpressions>
                                                                                  <ScalarOperator ScalarString="RangePartitionNew([Expr1022],(1),'2013-01-01','2013-04-01','2013-07-01','2013-10-01')">
                                                                                    <Intrinsic FunctionName="RangePartitionNew">
                                                                                      <ScalarOperator>
                                                                                        <Identifier>
                                                                                          <ColumnReference Column="Expr1022" />
                                                                                        </Identifier>
                                                                                      </ScalarOperator>
                                                                                      <ScalarOperator>
                                                                                        <Const ConstValue="(1)" />
                                                                                      </ScalarOperator>
                                                                                      <ScalarOperator>
                                                                                        <Const ConstValue="'2013-01-01'" />
                                                                                      </ScalarOperator>
                                                                                      <ScalarOperator>
                                                                                        <Const ConstValue="'2013-04-01'" />
                                                                                      </ScalarOperator>
                                                                                      <ScalarOperator>
                                                                                        <Const ConstValue="'2013-07-01'" />
                                                                                      </ScalarOperator>
                                                                                      <ScalarOperator>
                                                                                        <Const ConstValue="'2013-10-01'" />
                                                                                      </ScalarOperator>
                                                                                    </Intrinsic>
                                                                                  </ScalarOperator>
                                                                                  <ScalarOperator ScalarString="[AmalgaSourceData].[CLAB_ORU].[OBX_Derived].[SequenceNumber]">
                                                                                    <Identifier>
                                                                                      <ColumnReference Database="[AmalgaSourceData]" Schema="[CLAB_ORU]" Table="[OBX_Derived]" Column="SequenceNumber" />
                                                                                    </Identifier>
                                                                                  </ScalarOperator>
                                                                                  <ScalarOperator ScalarString="[Expr1022]">
                                                                                    <Identifier>
                                                                                      <ColumnReference Column="Expr1022" />
                                                                                    </Identifier>
                                                                                  </ScalarOperator>
                                                                                  <ScalarOperator ScalarString="[Expr1021]">
                                                                                    <Identifier>
                                                                                      <ColumnReference Column="Expr1021" />
                                                                                    </Identifier>
                                                                                  </ScalarOperator>
                                                                                </RangeExpressions>
                                                                              </Prefix>
                                                                            </SeekKeys>
                                                                          </SeekPredicateNew>
                                                                        </SeekPredicates>
                                                                      </IndexScan>
                                                                    </RelOp>
                                                                  </NestedLoops>
                                                                </RelOp>
                                                                <RelOp AvgRowSize="12" EstimateCPU="0.0001581" EstimateIO="0.003125" EstimateRebinds="0" EstimateRewinds="0" EstimatedExecutionMode="Row" EstimateRows="1" LogicalOp="Clustered Index Seek" NodeId="35" Parallel="false" Partitioned="true" PhysicalOp="Clustered Index Seek" EstimatedTotalSubtreeCost="0.0032831" TableCardinality="0">
                                                                  <OutputList />
                                                                  <RunTimeInformation>
                                                                    <RunTimeCountersPerThread Thread="0" ActualRows="0" ActualEndOfScans="0" ActualExecutions="0" />
                                                                  </RunTimeInformation>
                                                                  <RunTimePartitionSummary>
                                                                    <PartitionsAccessed PartitionCount="0" />
                                                                  </RunTimePartitionSummary>
                                                                  <IndexScan Ordered="true" ScanDirection="FORWARD" ForcedIndex="false" ForceSeek="false" ForceScan="false" NoExpandHint="false" Storage="RowStore">
                                                                    <DefinedValues />
                                                                    <Object Database="[AmalgaSourceData]" Schema="[CLAB_ORU]" Table="[OBR_Derived]" Index="[PK_OBR_Derived]" TableReferenceId="1" IndexKind="Clustered" />
                                                                    <SeekPredicates>
                                                                      <SeekPredicateNew>
                                                                        <SeekKeys>
                                                                          <Prefix ScanType="EQ">
                                                                            <RangeColumns>
                                                                              <ColumnReference Column="PtnId1008" />
                                                                              <ColumnReference Database="[AmalgaSourceData]" Schema="[CLAB_ORU]" Table="[OBR_Derived]" Column="RowId" />
                                                                              <ColumnReference Database="[AmalgaSourceData]" Schema="[CLAB_ORU]" Table="[OBR_Derived]" Column="PartitionValue" />
                                                                            </RangeColumns>
                                                                            <RangeExpressions>
                                                                              <ScalarOperator ScalarString="RangePartitionNew([AmalgaSourceData].[CLAB_ORU].[OBR].[PartitionValue],(1),'2013-01-01','2013-04-01','2013-07-01','2013-10-01')">
                                                                                <Intrinsic FunctionName="RangePartitionNew">
                                                                                  <ScalarOperator>
                                                                                    <Identifier>
                                                                                      <ColumnReference Database="[AmalgaSourceData]" Schema="[CLAB_ORU]" Table="[OBR]" Column="PartitionValue" />
                                                                                    </Identifier>
                                                                                  </ScalarOperator>
                                                                                  <ScalarOperator>
                                                                                    <Const ConstValue="(1)" />
                                                                                  </ScalarOperator>
                                                                                  <ScalarOperator>
                                                                                    <Const ConstValue="'2013-01-01'" />
                                                                                  </ScalarOperator>
                                                                                  <ScalarOperator>
                                                                                    <Const ConstValue="'2013-04-01'" />
                                                                                  </ScalarOperator>
                                                                                  <ScalarOperator>
                                                                                    <Const ConstValue="'2013-07-01'" />
                                                                                  </ScalarOperator>
                                                                                  <ScalarOperator>
                                                                                    <Const ConstValue="'2013-10-01'" />
                                                                                  </ScalarOperator>
                                                                                </Intrinsic>
                                                                              </ScalarOperator>
                                                                              <ScalarOperator ScalarString="[AmalgaSourceData].[CLAB_ORU].[OBR].[RowId]">
                                                                                <Identifier>
                                                                                  <ColumnReference Database="[AmalgaSourceData]" Schema="[CLAB_ORU]" Table="[OBR]" Column="RowId" />
                                                                                </Identifier>
                                                                              </ScalarOperator>
                                                                              <ScalarOperator ScalarString="[AmalgaSourceData].[CLAB_ORU].[OBR].[PartitionValue]">
                                                                                <Identifier>
                                                                                  <ColumnReference Database="[AmalgaSourceData]" Schema="[CLAB_ORU]" Table="[OBR]" Column="PartitionValue" />
                                                                                </Identifier>
                                                                              </ScalarOperator>
                                                                            </RangeExpressions>
                                                                          </Prefix>
                                                                        </SeekKeys>
                                                                      </SeekPredicateNew>
                                                                    </SeekPredicates>
                                                                    <Predicate>
                                                                      <ScalarOperator ScalarString="[AmalgaSourceData].[CLAB_ORU].[OBR_Derived].[Order_OBR_ContextKey]=[AmalgaSourceData].[CLAB_ORU].[OBR_Derived].[Order_OBR_ContextKey]">
                                                                        <Compare CompareOp="EQ">
                                                                          <ScalarOperator>
                                                                            <Identifier>
                                                                              <ColumnReference Database="[AmalgaSourceData]" Schema="[CLAB_ORU]" Table="[OBR_Derived]" Column="Order_OBR_ContextKey" />
                                                                            </Identifier>
                                                                          </ScalarOperator>
                                                                          <ScalarOperator>
                                                                            <Identifier>
                                                                              <ColumnReference Database="[AmalgaSourceData]" Schema="[CLAB_ORU]" Table="[OBR_Derived]" Column="Order_OBR_ContextKey" />
                                                                            </Identifier>
                                                                          </ScalarOperator>
                                                                        </Compare>
                                                                      </ScalarOperator>
                                                                    </Predicate>
                                                                  </IndexScan>
                                                                </RelOp>
                                                              </NestedLoops>
                                                            </RelOp>
                                                          </Sort>
                                                        </RelOp>
                                                        <RelOp AvgRowSize="461" EstimateCPU="0.0001581" EstimateIO="0.003125" EstimateRebinds="0" EstimateRewinds="0" EstimatedExecutionMode="Row" EstimateRows="1" LogicalOp="Table Scan" NodeId="36" Parallel="false" PhysicalOp="Table Scan" EstimatedTotalSubtreeCost="0.0032831" TableCardinality="0">
                                                          <OutputList>
                                                            <ColumnReference Column="PrimaryKey0Value" />
                                                          </OutputList>
                                                          <RunTimeInformation>
                                                            <RunTimeCountersPerThread Thread="0" ActualRows="0" ActualEndOfScans="0" ActualExecutions="0" />
                                                          </RunTimeInformation>
                                                          <TableScan Ordered="false" ForcedIndex="false" ForceScan="false" NoExpandHint="false">
                                                            <DefinedValues>
                                                              <DefinedValue>
                                                                <ColumnReference Column="PrimaryKey0Value" />
                                                              </DefinedValue>
                                                            </DefinedValues>
                                                            <Object Table="[@p1]" TableReferenceId="2" />
                                                          </TableScan>
                                                        </RelOp>
                                                      </NestedLoops>
                                                    </RelOp>
                                                    <RelOp AvgRowSize="11" EstimateCPU="1E-07" EstimateIO="0" EstimateRebinds="0" EstimateRewinds="0" EstimatedExecutionMode="Row" EstimateRows="1" LogicalOp="Top" NodeId="39" Parallel="false" PhysicalOp="Top" EstimatedTotalSubtreeCost="0.0032832">
                                                      <OutputList>
                                                        <ColumnReference Database="[AmalgaSourceData]" Schema="[DataDefect]" Table="[ActiveEntries]" Column="Severity" />
                                                      </OutputList>
                                                      <RunTimeInformation>
                                                        <RunTimeCountersPerThread Thread="0" ActualRows="0" ActualEndOfScans="0" ActualExecutions="0" />
                                                      </RunTimeInformation>
                                                      <Top RowCount="false" IsPercent="false" WithTies="false">
                                                        <TopExpression>
                                                          <ScalarOperator ScalarString="(1)">
                                                            <Const ConstValue="(1)" />
                                                          </ScalarOperator>
                                                        </TopExpression>
                                                        <RelOp AvgRowSize="11" EstimateCPU="0.0001581" EstimateIO="0.003125" EstimateRebinds="0" EstimateRewinds="0" EstimatedExecutionMode="Row" EstimateRows="1" LogicalOp="Index Seek" NodeId="40" Parallel="false" PhysicalOp="Index Seek" EstimatedTotalSubtreeCost="0.0032831" TableCardinality="0">
                                                          <OutputList>
                                                            <ColumnReference Database="[AmalgaSourceData]" Schema="[DataDefect]" Table="[ActiveEntries]" Column="Severity" />
                                                          </OutputList>
                                                          <RunTimeInformation>
                                                            <RunTimeCountersPerThread Thread="0" ActualRows="0" ActualEndOfScans="0" ActualExecutions="0" />
                                                          </RunTimeInformation>
                                                          <IndexScan Ordered="true" ScanDirection="FORWARD" ForcedIndex="false" ForceSeek="false" ForceScan="false" NoExpandHint="false" Storage="RowStore">
                                                            <DefinedValues>
                                                              <DefinedValue>
                                                                <ColumnReference Database="[AmalgaSourceData]" Schema="[DataDefect]" Table="[ActiveEntries]" Column="Severity" />
                                                              </DefinedValue>
                                                            </DefinedValues>
                                                            <Object Database="[AmalgaSourceData]" Schema="[DataDefect]" Table="[ActiveEntries]" Index="[IX_FeedSequenceNumber]" TableReferenceId="3" IndexKind="NonClustered" />
                                                            <SeekPredicates>
                                                              <SeekPredicateNew>
                                                                <SeekKeys>
                                                                  <Prefix ScanType="EQ">
                                                                    <RangeColumns>
                                                                      <ColumnReference Database="[AmalgaSourceData]" Schema="[DataDefect]" Table="[ActiveEntries]" Column="Feed" />
                                                                      <ColumnReference Database="[AmalgaSourceData]" Schema="[DataDefect]" Table="[ActiveEntries]" Column="SequenceNumber" />
                                                                    </RangeColumns>
                                                                    <RangeExpressions>
                                                                      <ScalarOperator ScalarString="N'CLAB.ORU'">
                                                                        <Const ConstValue="N'CLAB.ORU'" />
                                                                      </ScalarOperator>
                                                                      <ScalarOperator ScalarString="[AmalgaSourceData].[CLAB_ORU].[OBX_Derived].[SequenceNumber]">
                                                                        <Identifier>
                                                                          <ColumnReference Database="[AmalgaSourceData]" Schema="[CLAB_ORU]" Table="[OBX_Derived]" Column="SequenceNumber" />
                                                                        </Identifier>
                                                                      </ScalarOperator>
                                                                    </RangeExpressions>
                                                                  </Prefix>
                                                                </SeekKeys>
                                                              </SeekPredicateNew>
                                                            </SeekPredicates>
                                                          </IndexScan>
                                                        </RelOp>
                                                      </Top>
                                                    </RelOp>
                                                  </NestedLoops>
                                                </RelOp>
                                                <Predicate>
                                                  <ScalarOperator ScalarString="[AmalgaSourceData].[DataDefect].[ActiveEntries].[Severity] IS NULL OR [AmalgaSourceData].[DataDefect].[ActiveEntries].[Severity]&lt;(200)">
                                                    <Logical Operation="OR">
                                                      <ScalarOperator>
                                                        <Compare CompareOp="IS">
                                                          <ScalarOperator>
                                                            <Identifier>
                                                              <ColumnReference Database="[AmalgaSourceData]" Schema="[DataDefect]" Table="[ActiveEntries]" Column="Severity" />
                                                            </Identifier>
                                                          </ScalarOperator>
                                                          <ScalarOperator>
                                                            <Const ConstValue="NULL" />
                                                          </ScalarOperator>
                                                        </Compare>
                                                      </ScalarOperator>
                                                      <ScalarOperator>
                                                        <Compare CompareOp="LT">
                                                          <ScalarOperator>
                                                            <Identifier>
                                                              <ColumnReference Database="[AmalgaSourceData]" Schema="[DataDefect]" Table="[ActiveEntries]" Column="Severity" />
                                                            </Identifier>
                                                          </ScalarOperator>
                                                          <ScalarOperator>
                                                            <Const ConstValue="(200)" />
                                                          </ScalarOperator>
                                                        </Compare>
                                                      </ScalarOperator>
                                                    </Logical>
                                                  </ScalarOperator>
                                                </Predicate>
                                              </Filter>
                                            </RelOp>
                                          </StreamAggregate>
                                        </RelOp>
                                        <RelOp AvgRowSize="461" EstimateCPU="0.0001581" EstimateIO="0.003125" EstimateRebinds="0" EstimateRewinds="0" EstimatedExecutionMode="Row" EstimateRows="1" LogicalOp="Table Scan" NodeId="51" Parallel="false" PhysicalOp="Table Scan" EstimatedTotalSubtreeCost="0.0032831" TableCardinality="0">
                                          <OutputList>
                                            <ColumnReference Column="PrimaryKey0Value" />
                                          </OutputList>
                                          <RunTimeInformation>
                                            <RunTimeCountersPerThread Thread="0" ActualRows="0" ActualEndOfScans="0" ActualExecutions="0" />
                                          </RunTimeInformation>
                                          <TableScan Ordered="false" ForcedIndex="false" ForceScan="false" NoExpandHint="false">
                                            <DefinedValues>
                                              <DefinedValue>
                                                <ColumnReference Column="PrimaryKey0Value" />
                                              </DefinedValue>
                                            </DefinedValues>
                                            <Object Table="[@p1]" TableReferenceId="3" />
                                          </TableScan>
                                        </RelOp>
                                      </Hash>
                                    </RelOp>
                                    <RelOp AvgRowSize="26" EstimateCPU="0.0001581" EstimateIO="0.003125" EstimateRebinds="0" EstimateRewinds="0" EstimatedExecutionMode="Row" EstimateRows="1" LogicalOp="Clustered Index Seek" NodeId="53" Parallel="false" Partitioned="true" PhysicalOp="Clustered Index Seek" EstimatedTotalSubtreeCost="0.0032831" TableCardinality="0">
                                      <OutputList>
                                        <ColumnReference Database="[AmalgaSourceData]" Schema="[CLAB_ORU]" Table="[OBX_Derived]" Column="LastUpdatedTime" />
                                        <ColumnReference Database="[AmalgaSourceData]" Schema="[CLAB_ORU]" Table="[OBX_Derived]" Column="Result_OBX_ContextKey" />
                                        <ColumnReference Database="[AmalgaSourceData]" Schema="[CLAB_ORU]" Table="[OBX_Derived]" Column="Order_OBR_ContextKey" />
                                        <ColumnReference Database="[AmalgaSourceData]" Schema="[CLAB_ORU]" Table="[OBX_Derived]" Column="Encounter_PV1_ContextKey" />
                                      </OutputList>
                                      <RunTimeInformation>
                                        <RunTimeCountersPerThread Thread="0" ActualRows="0" ActualEndOfScans="0" ActualExecutions="0" />
                                      </RunTimeInformation>
                                      <RunTimePartitionSummary>
                                        <PartitionsAccessed PartitionCount="0" />
                                      </RunTimePartitionSummary>
                                      <IndexScan Ordered="true" ScanDirection="FORWARD" ForcedIndex="false" ForceSeek="false" ForceScan="false" NoExpandHint="false" Storage="RowStore">
                                        <DefinedValues>
                                          <DefinedValue>
                                            <ColumnReference Database="[AmalgaSourceData]" Schema="[CLAB_ORU]" Table="[OBX_Derived]" Column="LastUpdatedTime" />
                                          </DefinedValue>
                                          <DefinedValue>
                                            <ColumnReference Database="[AmalgaSourceData]" Schema="[CLAB_ORU]" Table="[OBX_Derived]" Column="Result_OBX_ContextKey" />
                                          </DefinedValue>
                                          <DefinedValue>
                                            <ColumnReference Database="[AmalgaSourceData]" Schema="[CLAB_ORU]" Table="[OBX_Derived]" Column="Order_OBR_ContextKey" />
                                          </DefinedValue>
                                          <DefinedValue>
                                            <ColumnReference Database="[AmalgaSourceData]" Schema="[CLAB_ORU]" Table="[OBX_Derived]" Column="Encounter_PV1_ContextKey" />
                                          </DefinedValue>
                                        </DefinedValues>
                                        <Object Database="[AmalgaSourceData]" Schema="[CLAB_ORU]" Table="[OBX_Derived]" Index="[PK_OBX_Derived]" TableReferenceId="1" IndexKind="Clustered" />
                                        <SeekPredicates>
                                          <SeekPredicateNew>
                                            <SeekKeys>
                                              <Prefix ScanType="EQ">
                                                <RangeColumns>
                                                  <ColumnReference Column="PtnId1000" />
                                                  <ColumnReference Database="[AmalgaSourceData]" Schema="[CLAB_ORU]" Table="[OBX_Derived]" Column="RowId" />
                                                  <ColumnReference Database="[AmalgaSourceData]" Schema="[CLAB_ORU]" Table="[OBX_Derived]" Column="PartitionValue" />
                                                </RangeColumns>
                                                <RangeExpressions>
                                                  <ScalarOperator ScalarString="RangePartitionNew([Expr1043],(1),'2013-01-01','2013-04-01','2013-07-01','2013-10-01')">
                                                    <Intrinsic FunctionName="RangePartitionNew">
                                                      <ScalarOperator>
                                                        <Identifier>
                                                          <ColumnReference Column="Expr1043" />
                                                        </Identifier>
                                                      </ScalarOperator>
                                                      <ScalarOperator>
                                                        <Const ConstValue="(1)" />
                                                      </ScalarOperator>
                                                      <ScalarOperator>
                                                        <Const ConstValue="'2013-01-01'" />
                                                      </ScalarOperator>
                                                      <ScalarOperator>
                                                        <Const ConstValue="'2013-04-01'" />
                                                      </ScalarOperator>
                                                      <ScalarOperator>
                                                        <Const ConstValue="'2013-07-01'" />
                                                      </ScalarOperator>
                                                      <ScalarOperator>
                                                        <Const ConstValue="'2013-10-01'" />
                                                      </ScalarOperator>
                                                    </Intrinsic>
                                                  </ScalarOperator>
                                                  <ScalarOperator ScalarString="[Expr1042]">
                                                    <Identifier>
                                                      <ColumnReference Column="Expr1042" />
                                                    </Identifier>
                                                  </ScalarOperator>
                                                  <ScalarOperator ScalarString="[Expr1043]">
                                                    <Identifier>
                                                      <ColumnReference Column="Expr1043" />
                                                    </Identifier>
                                                  </ScalarOperator>
                                                </RangeExpressions>
                                              </Prefix>
                                            </SeekKeys>
                                          </SeekPredicateNew>
                                        </SeekPredicates>
                                        <Predicate>
                                          <ScalarOperator ScalarString="[PrimaryKey0Value]=[AmalgaSourceData].[CLAB_ORU].[OBX_Derived].[Result_OBX_ContextKey] AND [AmalgaSourceData].[CLAB_ORU].[OBX_Derived].[Order_OBR_ContextKey]=[AmalgaSourceData].[CLAB_ORU].[OBX_Derived].[Order_OBR_ContextKey]">
                                            <Logical Operation="AND">
                                              <ScalarOperator>
                                                <Compare CompareOp="EQ">
                                                  <ScalarOperator>
                                                    <Identifier>
                                                      <ColumnReference Column="PrimaryKey0Value" />
                                                    </Identifier>
                                                  </ScalarOperator>
                                                  <ScalarOperator>
                                                    <Identifier>
                                                      <ColumnReference Database="[AmalgaSourceData]" Schema="[CLAB_ORU]" Table="[OBX_Derived]" Column="Result_OBX_ContextKey" />
                                                    </Identifier>
                                                  </ScalarOperator>
                                                </Compare>
                                              </ScalarOperator>
                                              <ScalarOperator>
                                                <Compare CompareOp="EQ">
                                                  <ScalarOperator>
                                                    <Identifier>
                                                      <ColumnReference Database="[AmalgaSourceData]" Schema="[CLAB_ORU]" Table="[OBX_Derived]" Column="Order_OBR_ContextKey" />
                                                    </Identifier>
                                                  </ScalarOperator>
                                                  <ScalarOperator>
                                                    <Identifier>
                                                      <ColumnReference Database="[AmalgaSourceData]" Schema="[CLAB_ORU]" Table="[OBX_Derived]" Column="Order_OBR_ContextKey" />
                                                    </Identifier>
                                                  </ScalarOperator>
                                                </Compare>
                                              </ScalarOperator>
                                            </Logical>
                                          </ScalarOperator>
                                        </Predicate>
                                      </IndexScan>
                                    </RelOp>
                                  </NestedLoops>
                                </RelOp>
                                <RelOp AvgRowSize="461" EstimateCPU="0.0001581" EstimateIO="0.003125" EstimateRebinds="0" EstimateRewinds="0" EstimatedExecutionMode="Row" EstimateRows="1" LogicalOp="Table Scan" NodeId="54" Parallel="false" PhysicalOp="Table Scan" EstimatedTotalSubtreeCost="0.0032831" TableCardinality="0">
                                  <OutputList>
                                    <ColumnReference Column="PrimaryKey0Value" />
                                  </OutputList>
                                  <RunTimeInformation>
                                    <RunTimeCountersPerThread Thread="0" ActualRows="0" ActualEndOfScans="0" ActualExecutions="0" />
                                  </RunTimeInformation>
                                  <TableScan Ordered="false" ForcedIndex="false" ForceScan="false" NoExpandHint="false">
                                    <DefinedValues>
                                      <DefinedValue>
                                        <ColumnReference Column="PrimaryKey0Value" />
                                      </DefinedValue>
                                    </DefinedValues>
                                    <Object Table="[@p1]" TableReferenceId="1" />
                                  </TableScan>
                                </RelOp>
                              </NestedLoops>
                            </RelOp>
                            <RelOp AvgRowSize="36252" EstimateCPU="0.0001581" EstimateIO="0.003125" EstimateRebinds="0" EstimateRewinds="0" EstimatedExecutionMode="Row" EstimateRows="1" LogicalOp="Clustered Index Seek" NodeId="56" Parallel="false" Partitioned="true" PhysicalOp="Clustered Index Seek" EstimatedTotalSubtreeCost="0.0032831" TableCardinality="461050">
                              <OutputList>
                                <ColumnReference Database="[AmalgaSourceData]" Schema="[CLAB_ORU]" Table="[OBX]" Column="SequenceNumber" />
                                <ColumnReference Database="[AmalgaSourceData]" Schema="[CLAB_ORU]" Table="[OBX]" Column="OBX_2" />
                                <ColumnReference Database="[AmalgaSourceData]" Schema="[CLAB_ORU]" Table="[OBX]" Column="OBX_4" />
                                <ColumnReference Database="[AmalgaSourceData]" Schema="[CLAB_ORU]" Table="[OBX]" Column="OBX_5" />
                                <ColumnReference Database="[AmalgaSourceData]" Schema="[CLAB_ORU]" Table="[OBX]" Column="OBX_6_1" />
                                <ColumnReference Database="[AmalgaSourceData]" Schema="[CLAB_ORU]" Table="[OBX]" Column="OBX_6_2" />
                                <ColumnReference Database="[AmalgaSourceData]" Schema="[CLAB_ORU]" Table="[OBX]" Column="OBX_7" />
                                <ColumnReference Database="[AmalgaSourceData]" Schema="[CLAB_ORU]" Table="[OBX]" Column="OBX_8" />
                                <ColumnReference Database="[AmalgaSourceData]" Schema="[CLAB_ORU]" Table="[OBX]" Column="OBX_11" />
                                <ColumnReference Database="[AmalgaSourceData]" Schema="[CLAB_ORU]" Table="[OBX]" Column="OBX_15" />
                              </OutputList>
                              <RunTimeInformation>
                                <RunTimeCountersPerThread Thread="0" ActualRows="0" ActualEndOfScans="0" ActualExecutions="0" />
                              </RunTimeInformation>
                              <RunTimePartitionSummary>
                                <PartitionsAccessed PartitionCount="0" />
                              </RunTimePartitionSummary>
                              <IndexScan Ordered="true" ScanDirection="FORWARD" ForcedIndex="false" ForceSeek="false" ForceScan="false" NoExpandHint="false" Storage="RowStore">
                                <DefinedValues>
                                  <DefinedValue>
                                    <ColumnReference Database="[AmalgaSourceData]" Schema="[CLAB_ORU]" Table="[OBX]" Column="SequenceNumber" />
                                  </DefinedValue>
                                  <DefinedValue>
                                    <ColumnReference Database="[AmalgaSourceData]" Schema="[CLAB_ORU]" Table="[OBX]" Column="OBX_2" />
                                  </DefinedValue>
                                  <DefinedValue>
                                    <ColumnReference Database="[AmalgaSourceData]" Schema="[CLAB_ORU]" Table="[OBX]" Column="OBX_4" />
                                  </DefinedValue>
                                  <DefinedValue>
                                    <ColumnReference Database="[AmalgaSourceData]" Schema="[CLAB_ORU]" Table="[OBX]" Column="OBX_5" />
                                  </DefinedValue>
                                  <DefinedValue>
                                    <ColumnReference Database="[AmalgaSourceData]" Schema="[CLAB_ORU]" Table="[OBX]" Column="OBX_6_1" />
                                  </DefinedValue>
                                  <DefinedValue>
                                    <ColumnReference Database="[AmalgaSourceData]" Schema="[CLAB_ORU]" Table="[OBX]" Column="OBX_6_2" />
                                  </DefinedValue>
                                  <DefinedValue>
                                    <ColumnReference Database="[AmalgaSourceData]" Schema="[CLAB_ORU]" Table="[OBX]" Column="OBX_7" />
                                  </DefinedValue>
                                  <DefinedValue>
                                    <ColumnReference Database="[AmalgaSourceData]" Schema="[CLAB_ORU]" Table="[OBX]" Column="OBX_8" />
                                  </DefinedValue>
                                  <DefinedValue>
                                    <ColumnReference Database="[AmalgaSourceData]" Schema="[CLAB_ORU]" Table="[OBX]" Column="OBX_11" />
                                  </DefinedValue>
                                  <DefinedValue>
                                    <ColumnReference Database="[AmalgaSourceData]" Schema="[CLAB_ORU]" Table="[OBX]" Column="OBX_15" />
                                  </DefinedValue>
                                </DefinedValues>
                                <Object Database="[AmalgaSourceData]" Schema="[CLAB_ORU]" Table="[OBX]" Index="[PK_OBX]" IndexKind="Clustered" />
                                <SeekPredicates>
                                  <SeekPredicateNew>
                                    <SeekKeys>
                                      <Prefix ScanType="EQ">
                                        <RangeColumns>
                                          <ColumnReference Column="PtnId1044" />
                                          <ColumnReference Database="[AmalgaSourceData]" Schema="[CLAB_ORU]" Table="[OBX]" Column="RowId" />
                                          <ColumnReference Database="[AmalgaSourceData]" Schema="[CLAB_ORU]" Table="[OBX]" Column="PartitionValue" />
                                        </RangeColumns>
                                        <RangeExpressions>
                                          <ScalarOperator ScalarString="RangePartitionNew([Expr1043],(1),'2013-01-01','2013-04-01','2013-07-01','2013-10-01')">
                                            <Intrinsic FunctionName="RangePartitionNew">
                                              <ScalarOperator>
                                                <Identifier>
                                                  <ColumnReference Column="Expr1043" />
                                                </Identifier>
                                              </ScalarOperator>
                                              <ScalarOperator>
                                                <Const ConstValue="(1)" />
                                              </ScalarOperator>
                                              <ScalarOperator>
                                                <Const ConstValue="'2013-01-01'" />
                                              </ScalarOperator>
                                              <ScalarOperator>
                                                <Const ConstValue="'2013-04-01'" />
                                              </ScalarOperator>
                                              <ScalarOperator>
                                                <Const ConstValue="'2013-07-01'" />
                                              </ScalarOperator>
                                              <ScalarOperator>
                                                <Const ConstValue="'2013-10-01'" />
                                              </ScalarOperator>
                                            </Intrinsic>
                                          </ScalarOperator>
                                          <ScalarOperator ScalarString="[Expr1042]">
                                            <Identifier>
                                              <ColumnReference Column="Expr1042" />
                                            </Identifier>
                                          </ScalarOperator>
                                          <ScalarOperator ScalarString="[Expr1043]">
                                            <Identifier>
                                              <ColumnReference Column="Expr1043" />
                                            </Identifier>
                                          </ScalarOperator>
                                        </RangeExpressions>
                                      </Prefix>
                                    </SeekKeys>
                                  </SeekPredicateNew>
                                </SeekPredicates>
                              </IndexScan>
                            </RelOp>
                          </NestedLoops>
                        </RelOp>
                        <RelOp AvgRowSize="271" EstimateCPU="0.0001581" EstimateIO="0.003125" EstimateRebinds="0" EstimateRewinds="0" EstimatedExecutionMode="Row" EstimateRows="1" LogicalOp="Clustered Index Seek" NodeId="57" Parallel="false" PhysicalOp="Clustered Index Seek" EstimatedTotalSubtreeCost="0.0032831" TableCardinality="830">
                          <OutputList>
                            <ColumnReference Database="[azAEID]" Schema="[dbo]" Table="[AEID201]" Column="OID" />
                            <ColumnReference Database="[azAEID]" Schema="[dbo]" Table="[AEID201]" Column="EIDexternal" />
                            <ColumnReference Database="[azAEID]" Schema="[dbo]" Table="[AEID201]" Column="CurrentEID" />
                          </OutputList>
                          <RunTimeInformation>
                            <RunTimeCountersPerThread Thread="0" ActualRows="0" ActualEndOfScans="0" ActualExecutions="0" />
                          </RunTimeInformation>
                          <IndexScan Ordered="true" ScanDirection="FORWARD" ForcedIndex="false" ForceSeek="false" ForceScan="false" NoExpandHint="false" Storage="RowStore">
                            <DefinedValues>
                              <DefinedValue>
                                <ColumnReference Database="[azAEID]" Schema="[dbo]" Table="[AEID201]" Column="OID" />
                              </DefinedValue>
                              <DefinedValue>
                                <ColumnReference Database="[azAEID]" Schema="[dbo]" Table="[AEID201]" Column="EIDexternal" />
                              </DefinedValue>
                              <DefinedValue>
                                <ColumnReference Database="[azAEID]" Schema="[dbo]" Table="[AEID201]" Column="CurrentEID" />
                              </DefinedValue>
                            </DefinedValues>
                            <Object Database="[azAEID]" Schema="[dbo]" Table="[AEID201]" Index="[PK_AEID201]" IndexKind="Clustered" />
                            <SeekPredicates>
                              <SeekPredicateNew>
                                <SeekKeys>
                                  <Prefix ScanType="EQ">
                                    <RangeColumns>
                                      <ColumnReference Database="[azAEID]" Schema="[dbo]" Table="[AEID201]" Column="EIDexternal" />
                                      <ColumnReference Database="[azAEID]" Schema="[dbo]" Table="[AEID201]" Column="concept" />
                                    </RangeColumns>
                                    <RangeExpressions>
                                      <ScalarOperator ScalarString="[AmalgaSourceData].[CLAB_ORU].[OBX_Derived].[Encounter_PV1_ContextKey]">
                                        <Identifier>
                                          <ColumnReference Database="[AmalgaSourceData]" Schema="[CLAB_ORU]" Table="[OBX_Derived]" Column="Encounter_PV1_ContextKey" />
                                        </Identifier>
                                      </ScalarOperator>
                                      <ScalarOperator ScalarString="N'Encounter'">
                                        <Const ConstValue="N'Encounter'" />
                                      </ScalarOperator>
                                    </RangeExpressions>
                                  </Prefix>
                                </SeekKeys>
                              </SeekPredicateNew>
                            </SeekPredicates>
                          </IndexScan>
                        </RelOp>
                      </NestedLoops>
                    </RelOp>
                    <RelOp AvgRowSize="12297" EstimateCPU="1E-07" EstimateIO="0" EstimateRebinds="0" EstimateRewinds="0" EstimatedExecutionMode="Row" EstimateRows="1" LogicalOp="Compute Scalar" NodeId="58" Parallel="false" PhysicalOp="Compute Scalar" EstimatedTotalSubtreeCost="0.0262762">
                      <OutputList>
                        <ColumnReference Column="Expr1086" />
                        <ColumnReference Column="Expr1087" />
                        <ColumnReference Column="Expr1088" />
                        <ColumnReference Column="Expr1089" />
                        <ColumnReference Column="Expr1091" />
                      </OutputList>
                      <ComputeScalar>
                        <DefinedValues>
                          <DefinedValue>
                            <ColumnReference Column="Expr1086" />
                            <ScalarOperator ScalarString="[AmalgaSourceData].[CLAB_ORU].[OBR].[OBR_16]">
                              <Identifier>
                                <ColumnReference Database="[AmalgaSourceData]" Schema="[CLAB_ORU]" Table="[OBR]" Column="OBR_16" />
                              </Identifier>
                            </ScalarOperator>
                          </DefinedValue>
                          <DefinedValue>
                            <ColumnReference Column="Expr1087" />
                            <ScalarOperator ScalarString="[AmalgaSourceData].[CLAB_ORU].[OBR].[OBR_13]">
                              <Identifier>
                                <ColumnReference Database="[AmalgaSourceData]" Schema="[CLAB_ORU]" Table="[OBR]" Column="OBR_13" />
                              </Identifier>
                            </ScalarOperator>
                          </DefinedValue>
                          <DefinedValue>
                            <ColumnReference Column="Expr1088" />
                            <ScalarOperator ScalarString="[AmalgaSourceData].[CLAB_ORU].[OBR].[OBR_26_1]">
                              <Identifier>
                                <ColumnReference Database="[AmalgaSourceData]" Schema="[CLAB_ORU]" Table="[OBR]" Column="OBR_26_1" />
                              </Identifier>
                            </ScalarOperator>
                          </DefinedValue>
                          <DefinedValue>
                            <ColumnReference Column="Expr1091" />
                            <ScalarOperator ScalarString="[AmalgaSourceData].[CLAB_ORU].[OBR].[SequenceNumber]">
                              <Identifier>
                                <ColumnReference Database="[AmalgaSourceData]" Schema="[CLAB_ORU]" Table="[OBR]" Column="SequenceNumber" />
                              </Identifier>
                            </ScalarOperator>
                          </DefinedValue>
                        </DefinedValues>
                        <RelOp AvgRowSize="12297" EstimateCPU="4.18E-06" EstimateIO="0" EstimateRebinds="0" EstimateRewinds="0" EstimatedExecutionMode="Row" EstimateRows="1" LogicalOp="Inner Join" NodeId="59" Parallel="false" PhysicalOp="Nested Loops" EstimatedTotalSubtreeCost="0.0262761">
                          <OutputList>
                            <ColumnReference Database="[AmalgaSourceData]" Schema="[CLAB_ORU]" Table="[OBR]" Column="SequenceNumber" />
                            <ColumnReference Database="[AmalgaSourceData]" Schema="[CLAB_ORU]" Table="[OBR]" Column="OBR_13" />
                            <ColumnReference Database="[AmalgaSourceData]" Schema="[CLAB_ORU]" Table="[OBR]" Column="OBR_16" />
                            <ColumnReference Database="[AmalgaSourceData]" Schema="[CLAB_ORU]" Table="[OBR]" Column="OBR_26_1" />
                            <ColumnReference Column="Expr1089" />
                          </OutputList>
                          <RunTimeInformation>
                            <RunTimeCountersPerThread Thread="0" ActualRows="0" ActualEndOfScans="0" ActualExecutions="0" />
                          </RunTimeInformation>
                          <NestedLoops Optimized="false">
                            <OuterReferences>
                              <ColumnReference Column="Expr1074" />
                              <ColumnReference Column="Expr1075" />
                            </OuterReferences>
                            <RelOp AvgRowSize="222" EstimateCPU="1E-07" EstimateIO="0" EstimateRebinds="0" EstimateRewinds="0" EstimatedExecutionMode="Row" EstimateRows="1" LogicalOp="Compute Scalar" NodeId="60" Parallel="false" PhysicalOp="Compute Scalar" EstimatedTotalSubtreeCost="0.0229888">
                              <OutputList>
                                <ColumnReference Column="Expr1074" />
                                <ColumnReference Column="Expr1075" />
                                <ColumnReference Column="Expr1089" />
                              </OutputList>
                              <ComputeScalar>
                                <DefinedValues>
                                  <DefinedValue>
                                    <ColumnReference Column="Expr1089" />
                                    <ScalarOperator ScalarString="[AmalgaSourceData].[CLAB_ORU].[OBR_Derived].[Order_OBR_ContextKey]">
                                      <Identifier>
                                        <ColumnReference Database="[AmalgaSourceData]" Schema="[CLAB_ORU]" Table="[OBR_Derived]" Column="Order_OBR_ContextKey" />
                                      </Identifier>
                                    </ScalarOperator>
                                  </DefinedValue>
                                </DefinedValues>
                                <RelOp AvgRowSize="23" EstimateCPU="4.18E-06" EstimateIO="0" EstimateRebinds="0" EstimateRewinds="0" EstimatedExecutionMode="Row" EstimateRows="1" LogicalOp="Inner Join" NodeId="61" Parallel="false" PhysicalOp="Nested Loops" EstimatedTotalSubtreeCost="0.0229887">
                                  <OutputList>
                                    <ColumnReference Database="[AmalgaSourceData]" Schema="[CLAB_ORU]" Table="[OBR_Derived]" Column="Order_OBR_ContextKey" />
                                    <ColumnReference Column="Expr1074" />
                                    <ColumnReference Column="Expr1075" />
                                  </OutputList>
                                  <RunTimeInformation>
                                    <RunTimeCountersPerThread Thread="0" ActualRows="0" ActualEndOfScans="0" ActualExecutions="0" />
                                  </RunTimeInformation>
                                  <NestedLoops Optimized="false">
                                    <OuterReferences>
                                      <ColumnReference Column="Expr1074" />
                                      <ColumnReference Column="Expr1075" />
                                    </OuterReferences>
                                    <RelOp AvgRowSize="18" EstimateCPU="1.1E-06" EstimateIO="0" EstimateRebinds="0" EstimateRewinds="0" EstimatedExecutionMode="Row" EstimateRows="1" LogicalOp="Aggregate" NodeId="62" Parallel="false" PhysicalOp="Stream Aggregate" EstimatedTotalSubtreeCost="0.0197009">
                                      <OutputList>
                                        <ColumnReference Column="Expr1074" />
                                        <ColumnReference Column="Expr1075" />
                                      </OutputList>
                                      <RunTimeInformation>
                                        <RunTimeCountersPerThread Thread="0" ActualRows="0" ActualEndOfScans="0" ActualExecutions="0" />
                                      </RunTimeInformation>
                                      <StreamAggregate>
                                        <DefinedValues>
                                          <DefinedValue>
                                            <ColumnReference Column="Expr1074" />
                                            <ScalarOperator ScalarString="MAX([AmalgaSourceData].[CLAB_ORU].[OBR_Derived].[RowId])">
                                              <Aggregate AggType="MAX" Distinct="false">
                                                <ScalarOperator>
                                                  <Identifier>
                                                    <ColumnReference Database="[AmalgaSourceData]" Schema="[CLAB_ORU]" Table="[OBR_Derived]" Column="RowId" />
                                                  </Identifier>
                                                </ScalarOperator>
                                              </Aggregate>
                                            </ScalarOperator>
                                          </DefinedValue>
                                          <DefinedValue>
                                            <ColumnReference Column="Expr1075" />
                                            <ScalarOperator ScalarString="MAX([AmalgaSourceData].[CLAB_ORU].[OBR_Derived].[PartitionValue])">
                                              <Aggregate AggType="MAX" Distinct="false">
                                                <ScalarOperator>
                                                  <Identifier>
                                                    <ColumnReference Database="[AmalgaSourceData]" Schema="[CLAB_ORU]" Table="[OBR_Derived]" Column="PartitionValue" />
                                                  </Identifier>
                                                </ScalarOperator>
                                              </Aggregate>
                                            </ScalarOperator>
                                          </DefinedValue>
                                        </DefinedValues>
                                        <RelOp AvgRowSize="18" EstimateCPU="8.8E-07" EstimateIO="0" EstimateRebinds="0" EstimateRewinds="0" EstimatedExecutionMode="Row" EstimateRows="1" LogicalOp="Filter" NodeId="63" Parallel="false" PhysicalOp="Filter" EstimatedTotalSubtreeCost="0.0196998">
                                          <OutputList>
                                            <ColumnReference Database="[AmalgaSourceData]" Schema="[CLAB_ORU]" Table="[OBR_Derived]" Column="RowId" />
                                            <ColumnReference Database="[AmalgaSourceData]" Schema="[CLAB_ORU]" Table="[OBR_Derived]" Column="PartitionValue" />
                                          </OutputList>
                                          <RunTimeInformation>
                                            <RunTimeCountersPerThread Thread="0" ActualRows="0" ActualEndOfScans="0" ActualExecutions="0" />
                                          </RunTimeInformation>
                                          <Filter StartupExpression="false">
                                            <RelOp AvgRowSize="22" EstimateCPU="4.18E-06" EstimateIO="0" EstimateRebinds="0" EstimateRewinds="0" EstimatedExecutionMode="Row" EstimateRows="1" LogicalOp="Left Outer Join" NodeId="64" Parallel="false" PhysicalOp="Nested Loops" EstimatedTotalSubtreeCost="0.019699">
                                              <OutputList>
                                                <ColumnReference Database="[AmalgaSourceData]" Schema="[CLAB_ORU]" Table="[OBR_Derived]" Column="RowId" />
                                                <ColumnReference Database="[AmalgaSourceData]" Schema="[CLAB_ORU]" Table="[OBR_Derived]" Column="PartitionValue" />
                                                <ColumnReference Database="[AmalgaSourceData]" Schema="[DataDefect]" Table="[ActiveEntries]" Column="Severity" />
                                              </OutputList>
                                              <RunTimeInformation>
                                                <RunTimeCountersPerThread Thread="0" ActualRows="0" ActualEndOfScans="0" ActualExecutions="0" />
                                              </RunTimeInformation>
                                              <NestedLoops Optimized="false">
                                                <OuterReferences>
                                                  <ColumnReference Database="[AmalgaSourceData]" Schema="[CLAB_ORU]" Table="[OBR_Derived]" Column="SequenceNumber" />
                                                </OuterReferences>
                                                <RelOp AvgRowSize="31" EstimateCPU="0.0007861" EstimateIO="0.015625" EstimateRebinds="0" EstimateRewinds="0" EstimatedExecutionMode="Row" EstimateRows="1" LogicalOp="Index Seek" NodeId="65" Parallel="false" Partitioned="true" PhysicalOp="Index Seek" EstimatedTotalSubtreeCost="0.0164111" TableCardinality="0">
                                                  <OutputList>
                                                    <ColumnReference Database="[AmalgaSourceData]" Schema="[CLAB_ORU]" Table="[OBR_Derived]" Column="RowId" />
                                                    <ColumnReference Database="[AmalgaSourceData]" Schema="[CLAB_ORU]" Table="[OBR_Derived]" Column="SequenceNumber" />
                                                    <ColumnReference Database="[AmalgaSourceData]" Schema="[CLAB_ORU]" Table="[OBR_Derived]" Column="PartitionValue" />
                                                  </OutputList>
                                                  <RunTimeInformation>
                                                    <RunTimeCountersPerThread Thread="0" ActualRows="0" ActualEndOfScans="0" ActualExecutions="0" />
                                                  </RunTimeInformation>
                                                  <RunTimePartitionSummary>
                                                    <PartitionsAccessed PartitionCount="0" />
                                                  </RunTimePartitionSummary>
                                                  <IndexScan Ordered="true" ScanDirection="FORWARD" ForcedIndex="false" ForceSeek="false" ForceScan="false" NoExpandHint="false" Storage="RowStore">
                                                    <DefinedValues>
                                                      <DefinedValue>
                                                        <ColumnReference Database="[AmalgaSourceData]" Schema="[CLAB_ORU]" Table="[OBR_Derived]" Column="RowId" />
                                                      </DefinedValue>
                                                      <DefinedValue>
                                                        <ColumnReference Database="[AmalgaSourceData]" Schema="[CLAB_ORU]" Table="[OBR_Derived]" Column="SequenceNumber" />
                                                      </DefinedValue>
                                                      <DefinedValue>
                                                        <ColumnReference Database="[AmalgaSourceData]" Schema="[CLAB_ORU]" Table="[OBR_Derived]" Column="PartitionValue" />
                                                      </DefinedValue>
                                                    </DefinedValues>
                                                    <Object Database="[AmalgaSourceData]" Schema="[CLAB_ORU]" Table="[OBR_Derived]" Index="[IX_Order_OBR_ContextKey]" TableReferenceId="4" IndexKind="NonClustered" />
                                                    <SeekPredicates>
                                                      <SeekPredicateNew>
                                                        <SeekKeys>
                                                          <StartRange ScanType="GE">
                                                            <RangeColumns>
                                                              <ColumnReference Column="PtnId1065" />
                                                            </RangeColumns>
                                                            <RangeExpressions>
                                                              <ScalarOperator ScalarString="(1)">
                                                                <Const ConstValue="(1)" />
                                                              </ScalarOperator>
                                                            </RangeExpressions>
                                                          </StartRange>
                                                          <EndRange ScanType="LE">
                                                            <RangeColumns>
                                                              <ColumnReference Column="PtnId1065" />
                                                            </RangeColumns>
                                                            <RangeExpressions>
                                                              <ScalarOperator ScalarString="(5)">
                                                                <Const ConstValue="(5)" />
                                                              </ScalarOperator>
                                                            </RangeExpressions>
                                                          </EndRange>
                                                        </SeekKeys>
                                                        <SeekKeys>
                                                          <Prefix ScanType="EQ">
                                                            <RangeColumns>
                                                              <ColumnReference Database="[AmalgaSourceData]" Schema="[CLAB_ORU]" Table="[OBR_Derived]" Column="Order_OBR_ContextKey" />
                                                            </RangeColumns>
                                                            <RangeExpressions>
                                                              <ScalarOperator ScalarString="[AmalgaSourceData].[CLAB_ORU].[OBX_Derived].[Order_OBR_ContextKey]">
                                                                <Identifier>
                                                                  <ColumnReference Database="[AmalgaSourceData]" Schema="[CLAB_ORU]" Table="[OBX_Derived]" Column="Order_OBR_ContextKey" />
                                                                </Identifier>
                                                              </ScalarOperator>
                                                            </RangeExpressions>
                                                          </Prefix>
                                                        </SeekKeys>
                                                      </SeekPredicateNew>
                                                    </SeekPredicates>
                                                    <Predicate>
                                                      <ScalarOperator ScalarString="[AmalgaSourceData].[CLAB_ORU].[OBR_Derived].[Order_OBR_ContextKey] IS NOT NULL">
                                                        <Compare CompareOp="IS NOT">
                                                          <ScalarOperator>
                                                            <Identifier>
                                                              <ColumnReference Database="[AmalgaSourceData]" Schema="[CLAB_ORU]" Table="[OBR_Derived]" Column="Order_OBR_ContextKey" />
                                                            </Identifier>
                                                          </ScalarOperator>
                                                          <ScalarOperator>
                                                            <Const ConstValue="NULL" />
                                                          </ScalarOperator>
                                                        </Compare>
                                                      </ScalarOperator>
                                                    </Predicate>
                                                  </IndexScan>
                                                </RelOp>
                                                <RelOp AvgRowSize="11" EstimateCPU="1E-07" EstimateIO="0" EstimateRebinds="0" EstimateRewinds="0" EstimatedExecutionMode="Row" EstimateRows="1" LogicalOp="Top" NodeId="67" Parallel="false" PhysicalOp="Top" EstimatedTotalSubtreeCost="0.0032832">
                                                  <OutputList>
                                                    <ColumnReference Database="[AmalgaSourceData]" Schema="[DataDefect]" Table="[ActiveEntries]" Column="Severity" />
                                                  </OutputList>
                                                  <RunTimeInformation>
                                                    <RunTimeCountersPerThread Thread="0" ActualRows="0" ActualEndOfScans="0" ActualExecutions="0" />
                                                  </RunTimeInformation>
                                                  <Top RowCount="false" IsPercent="false" WithTies="false">
                                                    <TopExpression>
                                                      <ScalarOperator ScalarString="(1)">
                                                        <Const ConstValue="(1)" />
                                                      </ScalarOperator>
                                                    </TopExpression>
                                                    <RelOp AvgRowSize="11" EstimateCPU="0.0001581" EstimateIO="0.003125" EstimateRebinds="0" EstimateRewinds="0" EstimatedExecutionMode="Row" EstimateRows="1" LogicalOp="Index Seek" NodeId="68" Parallel="false" PhysicalOp="Index Seek" EstimatedTotalSubtreeCost="0.0032831" TableCardinality="0">
                                                      <OutputList>
                                                        <ColumnReference Database="[AmalgaSourceData]" Schema="[DataDefect]" Table="[ActiveEntries]" Column="Severity" />
                                                      </OutputList>
                                                      <RunTimeInformation>
                                                        <RunTimeCountersPerThread Thread="0" ActualRows="0" ActualEndOfScans="0" ActualExecutions="0" />
                                                      </RunTimeInformation>
                                                      <IndexScan Ordered="true" ScanDirection="FORWARD" ForcedIndex="false" ForceSeek="false" ForceScan="false" NoExpandHint="false" Storage="RowStore">
                                                        <DefinedValues>
                                                          <DefinedValue>
                                                            <ColumnReference Database="[AmalgaSourceData]" Schema="[DataDefect]" Table="[ActiveEntries]" Column="Severity" />
                                                          </DefinedValue>
                                                        </DefinedValues>
                                                        <Object Database="[AmalgaSourceData]" Schema="[DataDefect]" Table="[ActiveEntries]" Index="[IX_FeedSequenceNumber]" TableReferenceId="5" IndexKind="NonClustered" />
                                                        <SeekPredicates>
                                                          <SeekPredicateNew>
                                                            <SeekKeys>
                                                              <Prefix ScanType="EQ">
                                                                <RangeColumns>
                                                                  <ColumnReference Database="[AmalgaSourceData]" Schema="[DataDefect]" Table="[ActiveEntries]" Column="Feed" />
                                                                  <ColumnReference Database="[AmalgaSourceData]" Schema="[DataDefect]" Table="[ActiveEntries]" Column="SequenceNumber" />
                                                                </RangeColumns>
                                                                <RangeExpressions>
                                                                  <ScalarOperator ScalarString="N'CLAB.ORU'">
                                                                    <Const ConstValue="N'CLAB.ORU'" />
                                                                  </ScalarOperator>
                                                                  <ScalarOperator ScalarString="[AmalgaSourceData].[CLAB_ORU].[OBR_Derived].[SequenceNumber]">
                                                                    <Identifier>
                                                                      <ColumnReference Database="[AmalgaSourceData]" Schema="[CLAB_ORU]" Table="[OBR_Derived]" Column="SequenceNumber" />
                                                                    </Identifier>
                                                                  </ScalarOperator>
                                                                </RangeExpressions>
                                                              </Prefix>
                                                            </SeekKeys>
                                                          </SeekPredicateNew>
                                                        </SeekPredicates>
                                                      </IndexScan>
                                                    </RelOp>
                                                  </Top>
                                                </RelOp>
                                              </NestedLoops>
                                            </RelOp>
                                            <Predicate>
                                              <ScalarOperator ScalarString="[AmalgaSourceData].[DataDefect].[ActiveEntries].[Severity] IS NULL OR [AmalgaSourceData].[DataDefect].[ActiveEntries].[Severity]&lt;(200)">
                                                <Logical Operation="OR">
                                                  <ScalarOperator>
                                                    <Compare CompareOp="IS">
                                                      <ScalarOperator>
                                                        <Identifier>
                                                          <ColumnReference Database="[AmalgaSourceData]" Schema="[DataDefect]" Table="[ActiveEntries]" Column="Severity" />
                                                        </Identifier>
                                                      </ScalarOperator>
                                                      <ScalarOperator>
                                                        <Const ConstValue="NULL" />
                                                      </ScalarOperator>
                                                    </Compare>
                                                  </ScalarOperator>
                                                  <ScalarOperator>
                                                    <Compare CompareOp="LT">
                                                      <ScalarOperator>
                                                        <Identifier>
                                                          <ColumnReference Database="[AmalgaSourceData]" Schema="[DataDefect]" Table="[ActiveEntries]" Column="Severity" />
                                                        </Identifier>
                                                      </ScalarOperator>
                                                      <ScalarOperator>
                                                        <Const ConstValue="(200)" />
                                                      </ScalarOperator>
                                                    </Compare>
                                                  </ScalarOperator>
                                                </Logical>
                                              </ScalarOperator>
                                            </Predicate>
                                          </Filter>
                                        </RelOp>
                                      </StreamAggregate>
                                    </RelOp>
                                    <RelOp AvgRowSize="12" EstimateCPU="0.0001581" EstimateIO="0.003125" EstimateRebinds="0" EstimateRewinds="0" EstimatedExecutionMode="Row" EstimateRows="1" LogicalOp="Clustered Index Seek" NodeId="79" Parallel="false" Partitioned="true" PhysicalOp="Clustered Index Seek" EstimatedTotalSubtreeCost="0.0032831" TableCardinality="0">
                                      <OutputList>
                                        <ColumnReference Database="[AmalgaSourceData]" Schema="[CLAB_ORU]" Table="[OBR_Derived]" Column="Order_OBR_ContextKey" />
                                      </OutputList>
                                      <RunTimeInformation>
                                        <RunTimeCountersPerThread Thread="0" ActualRows="0" ActualEndOfScans="0" ActualExecutions="0" />
                                      </RunTimeInformation>
                                      <RunTimePartitionSummary>
                                        <PartitionsAccessed PartitionCount="0" />
                                      </RunTimePartitionSummary>
                                      <IndexScan Ordered="true" ScanDirection="FORWARD" ForcedIndex="false" ForceSeek="false" ForceScan="false" NoExpandHint="false" Storage="RowStore">
                                        <DefinedValues>
                                          <DefinedValue>
                                            <ColumnReference Database="[AmalgaSourceData]" Schema="[CLAB_ORU]" Table="[OBR_Derived]" Column="Order_OBR_ContextKey" />
                                          </DefinedValue>
                                        </DefinedValues>
                                        <Object Database="[AmalgaSourceData]" Schema="[CLAB_ORU]" Table="[OBR_Derived]" Index="[PK_OBR_Derived]" TableReferenceId="3" IndexKind="Clustered" />
                                        <SeekPredicates>
                                          <SeekPredicateNew>
                                            <SeekKeys>
                                              <Prefix ScanType="EQ">
                                                <RangeColumns>
                                                  <ColumnReference Column="PtnId1061" />
                                                  <ColumnReference Database="[AmalgaSourceData]" Schema="[CLAB_ORU]" Table="[OBR_Derived]" Column="RowId" />
                                                  <ColumnReference Database="[AmalgaSourceData]" Schema="[CLAB_ORU]" Table="[OBR_Derived]" Column="PartitionValue" />
                                                </RangeColumns>
                                                <RangeExpressions>
                                                  <ScalarOperator ScalarString="RangePartitionNew([Expr1075],(1),'2013-01-01','2013-04-01','2013-07-01','2013-10-01')">
                                                    <Intrinsic FunctionName="RangePartitionNew">
                                                      <ScalarOperator>
                                                        <Identifier>
                                                          <ColumnReference Column="Expr1075" />
                                                        </Identifier>
                                                      </ScalarOperator>
                                                      <ScalarOperator>
                                                        <Const ConstValue="(1)" />
                                                      </ScalarOperator>
                                                      <ScalarOperator>
                                                        <Const ConstValue="'2013-01-01'" />
                                                      </ScalarOperator>
                                                      <ScalarOperator>
                                                        <Const ConstValue="'2013-04-01'" />
                                                      </ScalarOperator>
                                                      <ScalarOperator>
                                                        <Const ConstValue="'2013-07-01'" />
                                                      </ScalarOperator>
                                                      <ScalarOperator>
                                                        <Const ConstValue="'2013-10-01'" />
                                                      </ScalarOperator>
                                                    </Intrinsic>
                                                  </ScalarOperator>
                                                  <ScalarOperator ScalarString="[Expr1074]">
                                                    <Identifier>
                                                      <ColumnReference Column="Expr1074" />
                                                    </Identifier>
                                                  </ScalarOperator>
                                                  <ScalarOperator ScalarString="[Expr1075]">
                                                    <Identifier>
                                                      <ColumnReference Column="Expr1075" />
                                                    </Identifier>
                                                  </ScalarOperator>
                                                </RangeExpressions>
                                              </Prefix>
                                            </SeekKeys>
                                          </SeekPredicateNew>
                                        </SeekPredicates>
                                        <Predicate>
                                          <ScalarOperator ScalarString="[AmalgaSourceData].[CLAB_ORU].[OBX_Derived].[Order_OBR_ContextKey]=[AmalgaSourceData].[CLAB_ORU].[OBR_Derived].[Order_OBR_ContextKey]">
                                            <Compare CompareOp="EQ">
                                              <ScalarOperator>
                                                <Identifier>
                                                  <ColumnReference Database="[AmalgaSourceData]" Schema="[CLAB_ORU]" Table="[OBX_Derived]" Column="Order_OBR_ContextKey" />
                                                </Identifier>
                                              </ScalarOperator>
                                              <ScalarOperator>
                                                <Identifier>
                                                  <ColumnReference Database="[AmalgaSourceData]" Schema="[CLAB_ORU]" Table="[OBR_Derived]" Column="Order_OBR_ContextKey" />
                                                </Identifier>
                                              </ScalarOperator>
                                            </Compare>
                                          </ScalarOperator>
                                        </Predicate>
                                      </IndexScan>
                                    </RelOp>
                                  </NestedLoops>
                                </RelOp>
                              </ComputeScalar>
                            </RelOp>
                            <RelOp AvgRowSize="12095" EstimateCPU="0.0001581" EstimateIO="0.003125" EstimateRebinds="0" EstimateRewinds="0" EstimatedExecutionMode="Row" EstimateRows="1" LogicalOp="Clustered Index Seek" NodeId="83" Parallel="false" Partitioned="true" PhysicalOp="Clustered Index Seek" EstimatedTotalSubtreeCost="0.0032831" TableCardinality="101046">
                              <OutputList>
                                <ColumnReference Database="[AmalgaSourceData]" Schema="[CLAB_ORU]" Table="[OBR]" Column="SequenceNumber" />
                                <ColumnReference Database="[AmalgaSourceData]" Schema="[CLAB_ORU]" Table="[OBR]" Column="OBR_13" />
                                <ColumnReference Database="[AmalgaSourceData]" Schema="[CLAB_ORU]" Table="[OBR]" Column="OBR_16" />
                                <ColumnReference Database="[AmalgaSourceData]" Schema="[CLAB_ORU]" Table="[OBR]" Column="OBR_26_1" />
                              </OutputList>
                              <RunTimeInformation>
                                <RunTimeCountersPerThread Thread="0" ActualRows="0" ActualEndOfScans="0" ActualExecutions="0" />
                              </RunTimeInformation>
                              <RunTimePartitionSummary>
                                <PartitionsAccessed PartitionCount="0" />
                              </RunTimePartitionSummary>
                              <IndexScan Ordered="true" ScanDirection="FORWARD" ForcedIndex="false" ForceSeek="false" ForceScan="false" NoExpandHint="false" Storage="RowStore">
                                <DefinedValues>
                                  <DefinedValue>
                                    <ColumnReference Database="[AmalgaSourceData]" Schema="[CLAB_ORU]" Table="[OBR]" Column="SequenceNumber" />
                                  </DefinedValue>
                                  <DefinedValue>
                                    <ColumnReference Database="[AmalgaSourceData]" Schema="[CLAB_ORU]" Table="[OBR]" Column="OBR_13" />
                                  </DefinedValue>
                                  <DefinedValue>
                                    <ColumnReference Database="[AmalgaSourceData]" Schema="[CLAB_ORU]" Table="[OBR]" Column="OBR_16" />
                                  </DefinedValue>
                                  <DefinedValue>
                                    <ColumnReference Database="[AmalgaSourceData]" Schema="[CLAB_ORU]" Table="[OBR]" Column="OBR_26_1" />
                                  </DefinedValue>
                                </DefinedValues>
                                <Object Database="[AmalgaSourceData]" Schema="[CLAB_ORU]" Table="[OBR]" Index="[PK_OBR]" TableReferenceId="2" IndexKind="Clustered" />
                                <SeekPredicates>
                                  <SeekPredicateNew>
                                    <SeekKeys>
                                      <Prefix ScanType="EQ">
                                        <RangeColumns>
                                          <ColumnReference Column="PtnId1076" />
                                          <ColumnReference Database="[AmalgaSourceData]" Schema="[CLAB_ORU]" Table="[OBR]" Column="RowId" />
                                          <ColumnReference Database="[AmalgaSourceData]" Schema="[CLAB_ORU]" Table="[OBR]" Column="PartitionValue" />
                                        </RangeColumns>
                                        <RangeExpressions>
                                          <ScalarOperator ScalarString="RangePartitionNew([Expr1075],(1),'2013-01-01','2013-04-01','2013-07-01','2013-10-01')">
                                            <Intrinsic FunctionName="RangePartitionNew">
                                              <ScalarOperator>
                                                <Identifier>
                                                  <ColumnReference Column="Expr1075" />
                                                </Identifier>
                                              </ScalarOperator>
                                              <ScalarOperator>
                                                <Const ConstValue="(1)" />
                                              </ScalarOperator>
                                              <ScalarOperator>
                                                <Const ConstValue="'2013-01-01'" />
                                              </ScalarOperator>
                                              <ScalarOperator>
                                                <Const ConstValue="'2013-04-01'" />
                                              </ScalarOperator>
                                              <ScalarOperator>
                                                <Const ConstValue="'2013-07-01'" />
                                              </ScalarOperator>
                                              <ScalarOperator>
                                                <Const ConstValue="'2013-10-01'" />
                                              </ScalarOperator>
                                            </Intrinsic>
                                          </ScalarOperator>
                                          <ScalarOperator ScalarString="[Expr1074]">
                                            <Identifier>
                                              <ColumnReference Column="Expr1074" />
                                            </Identifier>
                                          </ScalarOperator>
                                          <ScalarOperator ScalarString="[Expr1075]">
                                            <Identifier>
                                              <ColumnReference Column="Expr1075" />
                                            </Identifier>
                                          </ScalarOperator>
                                        </RangeExpressions>
                                      </Prefix>
                                    </SeekKeys>
                                  </SeekPredicateNew>
                                </SeekPredicates>
                              </IndexScan>
                            </RelOp>
                          </NestedLoops>
                        </RelOp>
                      </ComputeScalar>
                    </RelOp>
                  </NestedLoops>
                </RelOp>
              </ComputeScalar>
            </RelOp>
          </QueryPlan>
        </StmtSimple>
      </Statements>
    </Batch>
  </BatchSequence>
</ShowPlanXML>